*** Warning ***

This software is licensed for educational purposes only.

--------------------------------------------------------------------------------
Solver started at: 11:02 AM Thursday, 21. November 2019

  Module:  Eigenmodes (Win 64)
  Version: 2016.7 Release from 2016-11-11 (change 480100)

--------------------------------------------------------------------------------
Units settings: 

  Dimensions: mm
  Frequency:  GHz
  Time:       ns

--------------------------------------------------------------------------------
Mesh statistics:

   Hexahedral mesh type: FPBA [accuracy enhancement is enabled]

   Parallelization type: domain decomposition
      Number of parallel working threads: 1
      Number of calculation domains used: 1

   PBA fill limit: 99.00% (inverse)


--------------------------------------------------------------------------------
Boundary conditions: 

  YZsymmetry: none
  XZsymmetry: none
  XYsymmetry: none

  Xmin: electric
  Xmax: electric

  Ymin: electric
  Ymax: electric

  Zmin: electric
  Zmax: electric

--------------------------------------------------------------------------------
Eigenmode solver settings:

  Mesh: Hexahedral
  Method: AKS
  Max. number of iterations: 2
  Max. estimation iterations: 5
  Desired accuracy: 1.000000e-012
  Number of modes: 10
  Consider losses: no (perturbation method)

--------------------------------------------------------------------------------
Estimation frequency: 9.36851 GHz

--------------------------------------------------------------------------------
Results after 1. iteration:

  Mode	Frequency
    1	6.1269e+001 GHz
    2	6.5711e+001 GHz
    3	6.7021e+001 GHz
    4	6.8278e+001 GHz
    5	7.1779e+001 GHz
    6	7.7294e+001 GHz
    7	8.5710e+001 GHz
    8	8.9934e+001 GHz
    9	9.2008e+001 GHz
   10	9.3717e+001 GHz

--------------------------------------------------------------------------------
AKS Restart (1 of max. 5)
Estimation frequency: 85.5518 GHz

--------------------------------------------------------------------------------
Results after 1. iteration:

  Mode	Frequency
    1	1.6237e+001 GHz
    2	1.7618e+001 GHz
    3	2.0422e+001 GHz
    4	2.3949e+001 GHz
    5	2.6825e+001 GHz
    6	3.1064e+001 GHz
    7	3.5029e+001 GHz
    8	4.0828e+001 GHz
    9	4.5610e+001 GHz
   10	5.2449e+001 GHz

--------------------------------------------------------------------------------
AKS Restart (2 of max. 5)
Estimation frequency: 47.8792 GHz

--------------------------------------------------------------------------------
Results after 1. iteration:

  Mode	Frequency
    1	1.6227e+001 GHz
    2	1.7523e+001 GHz
    3	1.9411e+001 GHz
    4	2.0524e+001 GHz
    5	2.1846e+001 GHz
    6	2.3426e+001 GHz
    7	2.4820e+001 GHz
    8	2.6207e+001 GHz
    9	2.9461e+001 GHz
   10	3.2167e+001 GHz

--------------------------------------------------------------------------------
AKS Restart (3 of max. 5)
Estimation frequency: 29.364 GHz

--------------------------------------------------------------------------------
Results after 1. iteration:

  Mode	Frequency
    1	1.6226e+001 GHz
    2	1.6227e+001 GHz
    3	1.7524e+001 GHz
    4	1.7524e+001 GHz
    5	1.9411e+001 GHz
    6	2.0521e+001 GHz
    7	2.0874e+001 GHz
    8	2.1644e+001 GHz
    9	2.2403e+001 GHz
   10	2.3270e+001 GHz

--------------------------------------------------------------------------------
AKS Restart (4 of max. 5)
Estimation frequency: 21.2422 GHz

--------------------------------------------------------------------------------
Results after 1. iteration:

  Mode	Frequency
    1	1.6226e+001 GHz
    2	1.6227e+001 GHz
    3	1.7523e+001 GHz
    4	1.7524e+001 GHz
    5	1.9411e+001 GHz
    6	1.9411e+001 GHz
    7	2.0508e+001 GHz
    8	2.0867e+001 GHz
    9	2.1597e+001 GHz
   10	2.1917e+001 GHz

--------------------------------------------------------------------------------
Results after 2. iteration:

  Mode	Frequency
    1	5.3684e-005 GHz
    2	4.7083e-001 GHz
    3	1.6226e+001 GHz
    4	1.6227e+001 GHz
    5	1.7523e+001 GHz
    6	1.7524e+001 GHz
    7	1.9411e+001 GHz
    8	1.9411e+001 GHz
    9	2.0508e+001 GHz
   10	2.0867e+001 GHz
   11	2.1597e+001 GHz
   12	2.1598e+001 GHz
   13	2.1891e+001 GHz

--------------------------------------------------------------------------------
*** Warning ***

The lowest Eigenmode frequency is greater than the upper frequency range limit.
Please check the frequency range.

--------------------------------------------------------------------------------
Solver Results:

--------------------------------------------------------------------------------
Mode    Frequency             |                     Accuracy                    
                              |     |(Ax-x)/x|       max(e)         div(e)      
--------------------------------------------------------------------------------
  1     16.2256045516         |      9.62e-009      2.13e-006      2.26e-008 
  2     16.2266760097         |      1.79e-008      2.03e-006      2.38e-008 
  3     17.5233171129         |      3.01e-008      1.82e-006      2.26e-008 
  4     17.5237957923         |      5.01e-009      1.93e-006      2.30e-008 
  5     19.4105267237         |      9.43e-008      2.00e-006      2.30e-008 
  6     19.4108668573         |      2.11e-008      1.82e-006      2.40e-008 
  7     20.5081146277         |      1.22e-007      1.59e-006      1.36e-008 
  8     20.8673446849         |      1.21e-007      1.39e-006      1.53e-008 
  9     21.5967787167         |      1.93e-004      2.74e-003      2.48e-006 
 10  *  21.5982985754         |      4.18e-003      5.97e-002      5.39e-005 
--------------------------------------------------------------------------------

* = This mode has a bad accuracy.

Optimum guess for the highest eigenfrequency would be: 21.5983.

--------------------------------------------------------------------------------

--------------------------------------------------------------------------------
Solver Statistics:

  ----------------------------------------------------------------------------
                      Peak memory used (kB)         Free physical memory (kB) 
                                                    At begin     Minimum      
  ----------------------------------------------------------------------------
  Matrices calc.      24124                         8383180      8367216      
  Solver run total    18892                         8422232      8366348      

  Computer name       PHOENIX15
  ----------------------------------------------------------------------------

  Mesh generation time     :	4 s
  Solver time              :	1 s

  Total time               :	5 s

--------------------------------------------------------------------------------
