Port monitor named: Port1_e1[2.2].prt

nx        = 25
ny        = 25
nz        = 3

nu        = 23
nv        = 23
iu        = 2
iv        = 2

idir      = 2
dcut      = 2.555000e-002
icut      = 3
type      = 0
frequency = 2.200000e+009

fcutoff   = 0.000000e+000
alpha     = 0.000000e+000
beta      = 6.386478e+001
accuracy  = 1.582719e-012

type          = QTEM
wave imp.     = 2.634470e+002
wave imp.sig. = 4.235929e-003
line imp.     = 5.425578e+001

ref. port     = 0

-0.000000e+000  -0.000000e+000  -0.000000e+000  -0.000000e+000  -0.000000e+000  -0.000000e+000  -0.000000e+000  -0.000000e+000  -0.000000e+000  -0.000000e+000  -0.000000e+000  -0.000000e+000  -0.000000e+000  -0.000000e+000  -0.000000e+000  -0.000000e+000  -0.000000e+000  -0.000000e+000  -0.000000e+000  -0.000000e+000  -0.000000e+000  -0.000000e+000  -0.000000e+000  
-9.726719e+002  -9.727225e+002  -9.803862e+002  -9.652247e+002  -3.512531e+002  -3.552894e+001  3.427369e+002  5.853572e+001  -5.898213e+001  -8.657367e+001  -5.313404e+001  5.316359e+001  8.661956e+001  5.905152e+001  -5.841923e+001  -3.425263e+002  3.535831e+001  3.511440e+002  9.651667e+002  9.803594e+002  9.727075e+002  9.726607e+002  -0.000000e+000  
-1.945419e+003  -1.937957e+003  -1.492722e+003  -8.229127e+002  -7.993465e+002  -7.123826e+002  -6.065544e+002  -5.496625e+002  -4.776689e+002  -3.726851e+002  -1.679790e+002  1.680163e+002  3.727264e+002  4.777133e+002  5.497075e+002  6.065880e+002  7.123664e+002  7.993158e+002  8.228830e+002  1.492696e+003  1.937935e+003  1.945400e+003  -0.000000e+000  
-2.925879e+003  -2.450358e+003  -1.581323e+003  -1.581502e+003  -1.532444e+003  -1.464687e+003  -1.360095e+003  -1.218262e+003  -1.028312e+003  -7.847404e+002  -3.458762e+002  3.459160e+002  7.847756e+002  1.028341e+003  1.218283e+003  1.360105e+003  1.464683e+003  1.532432e+003  1.581483e+003  1.581305e+003  2.450337e+003  2.925856e+003  -0.000000e+000  
-3.891236e+003  -2.308234e+003  -2.339996e+003  -2.405665e+003  -2.405735e+003  -2.364317e+003  -2.262582e+003  -2.079322e+003  -1.793429e+003  -1.392807e+003  -6.304101e+002  6.304584e+002  1.392847e+003  1.793453e+003  2.079330e+003  2.262580e+003  2.364308e+003  2.405721e+003  2.405649e+003  2.339980e+003  2.308219e+003  3.891213e+003  -0.000000e+000  
-4.066941e+003  -2.532416e+003  -2.706608e+003  -2.842329e+003  -2.904568e+003  -2.904600e+003  -2.836105e+003  -2.663793e+003  -2.348077e+003  -1.858297e+003  -8.643021e+002  8.643586e+002  1.858357e+003  2.348096e+003  2.663788e+003  2.836091e+003  2.904583e+003  2.904550e+003  2.842313e+003  2.706593e+003  2.532401e+003  4.066919e+003  -0.000000e+000  
-4.084790e+003  -2.871030e+003  -3.082832e+003  -3.292171e+003  -3.444853e+003  -3.513404e+003  -3.513439e+003  -3.391663e+003  -3.076781e+003  -2.496667e+003  -1.199025e+003  1.199089e+003  2.496788e+003  3.076781e+003  3.391629e+003  3.513406e+003  3.513377e+003  3.444831e+003  3.292154e+003  3.082817e+003  2.871016e+003  4.084770e+003  -0.000000e+000  
-3.913744e+003  -3.345710e+003  -3.459665e+003  -3.743445e+003  -4.018366e+003  -4.190714e+003  -4.312576e+003  -4.312630e+003  -4.070708e+003  -3.420013e+003  -1.700727e+003  1.700779e+003  3.420353e+003  4.070602e+003  4.312534e+003  4.312518e+003  4.190679e+003  4.018342e+003  3.743429e+003  3.459650e+003  3.345696e+003  3.913726e+003  -0.000000e+000  
-3.884696e+003  -3.649885e+003  -3.794032e+003  -4.174015e+003  -4.602803e+003  -4.918500e+003  -5.233510e+003  -5.475564e+003  -5.473399e+003  -5.392563e+003  -0.000000e+000  -0.000000e+000  5.377964e+003  5.472732e+003  5.475375e+003  5.233442e+003  4.918468e+003  4.602783e+003  4.174001e+003  3.794019e+003  3.649872e+003  3.884681e+003  -0.000000e+000  
-3.914342e+003  -3.859312e+003  -4.069431e+003  -4.556642e+003  -5.157389e+003  -5.646962e+003  -6.227386e+003  -6.882704e+003  -7.179093e+003  -0.000000e+000  -0.000000e+000  -0.000000e+000  -0.000000e+000  7.179368e+003  6.882780e+003  6.227394e+003  5.646957e+003  5.157381e+003  4.556633e+003  4.069420e+003  3.859300e+003  3.914328e+003  -0.000000e+000  
-3.957735e+003  -4.002443e+003  -4.275546e+003  -4.860812e+003  -5.622888e+003  -6.284560e+003  -7.146351e+003  -8.281855e+003  -0.000000e+000  -0.000000e+000  -0.000000e+000  -0.000000e+000  -0.000000e+000  -0.000000e+000  8.281920e+003  7.146382e+003  6.284572e+003  5.622891e+003  4.860806e+003  4.275537e+003  4.002432e+003  3.957723e+003  -0.000000e+000  
-4.010963e+003  -4.117378e+003  -4.453625e+003  -5.145987e+003  -6.092985e+003  -6.959350e+003  -8.163094e+003  -9.875189e+003  -0.000000e+000  -0.000000e+000  -0.000000e+000  -0.000000e+000  -0.000000e+000  -0.000000e+000  9.875234e+003  8.163125e+003  6.959368e+003  6.092993e+003  5.145986e+003  4.453618e+003  4.117369e+003  4.010952e+003  -0.000000e+000  
-3.957735e+003  -4.002443e+003  -4.275547e+003  -4.860812e+003  -5.622888e+003  -6.284560e+003  -7.146351e+003  -8.281854e+003  -0.000000e+000  -0.000000e+000  -0.000000e+000  -0.000000e+000  -0.000000e+000  -0.000000e+000  8.281913e+003  7.146378e+003  6.284570e+003  5.622889e+003  4.860806e+003  4.275538e+003  4.002433e+003  3.957725e+003  -0.000000e+000  
-3.914342e+003  -3.859313e+003  -4.069431e+003  -4.556642e+003  -5.157389e+003  -5.646962e+003  -6.227385e+003  -6.882703e+003  -7.179091e+003  -0.000000e+000  -0.000000e+000  -0.000000e+000  -0.000000e+000  7.179358e+003  6.882772e+003  6.227389e+003  5.646955e+003  5.157380e+003  4.556633e+003  4.069422e+003  3.859303e+003  3.914331e+003  -0.000000e+000  
-3.884696e+003  -3.649886e+003  -3.794032e+003  -4.174016e+003  -4.602803e+003  -4.918500e+003  -5.233509e+003  -5.475563e+003  -5.473397e+003  -5.392561e+003  -0.000000e+000  -0.000000e+000  5.377954e+003  5.472722e+003  5.475368e+003  5.233437e+003  4.918466e+003  4.602782e+003  4.174003e+003  3.794022e+003  3.649876e+003  3.884686e+003  -0.000000e+000  
-3.913744e+003  -3.345711e+003  -3.459665e+003  -3.743446e+003  -4.018367e+003  -4.190714e+003  -4.312576e+003  -4.312630e+003  -4.070708e+003  -3.420012e+003  -1.700726e+003  1.700776e+003  3.420346e+003  4.070595e+003  4.312528e+003  4.312514e+003  4.190677e+003  4.018342e+003  3.743431e+003  3.459654e+003  3.345701e+003  3.913733e+003  -0.000000e+000  
-4.084791e+003  -2.871031e+003  -3.082833e+003  -3.292172e+003  -3.444853e+003  -3.513404e+003  -3.513440e+003  -3.391664e+003  -3.076781e+003  -2.496668e+003  -1.199027e+003  1.199085e+003  2.496781e+003  3.076774e+003  3.391624e+003  3.513402e+003  3.513375e+003  3.444831e+003  3.292157e+003  3.082822e+003  2.871022e+003  4.084779e+003  -0.000000e+000  
-4.066942e+003  -2.532416e+003  -2.706609e+003  -2.842330e+003  -2.904569e+003  -2.904601e+003  -2.836107e+003  -2.663795e+003  -2.348078e+003  -1.858300e+003  -8.643056e+002  8.643524e+002  1.858349e+003  2.348089e+003  2.663782e+003  2.836087e+003  2.904582e+003  2.904552e+003  2.842318e+003  2.706599e+003  2.532408e+003  4.066930e+003  -0.000000e+000  
-3.891237e+003  -2.308235e+003  -2.339997e+003  -2.405666e+003  -2.405736e+003  -2.364319e+003  -2.262584e+003  -2.079324e+003  -1.793432e+003  -1.392810e+003  -6.304153e+002  6.304504e+002  1.392838e+003  1.793444e+003  2.079323e+003  2.262575e+003  2.364307e+003  2.405725e+003  2.405656e+003  2.339988e+003  2.308227e+003  3.891225e+003  -0.000000e+000  
-2.925879e+003  -2.450358e+003  -1.581324e+003  -1.581503e+003  -1.532446e+003  -1.464689e+003  -1.360097e+003  -1.218266e+003  -1.028316e+003  -7.847460e+002  -3.458842e+002  3.459035e+002  7.847601e+002  1.028325e+003  1.218269e+003  1.360097e+003  1.464686e+003  1.532441e+003  1.581498e+003  1.581318e+003  2.450350e+003  2.925870e+003  -0.000000e+000  
-1.945419e+003  -1.937958e+003  -1.492722e+003  -8.229137e+002  -7.993479e+002  -7.123845e+002  -6.065568e+002  -5.496658e+002  -4.776734e+002  -3.726912e+002  -1.679885e+002  1.679989e+002  3.726992e+002  4.776793e+002  5.496695e+002  6.065585e+002  7.123845e+002  7.993467e+002  8.229115e+002  1.492718e+003  1.937952e+003  1.945413e+003  -0.000000e+000  
-9.726722e+002  -9.727229e+002  -9.803868e+002  -9.652256e+002  -3.512541e+002  -3.552999e+001  3.427358e+002  5.853375e+001  -5.898514e+001  -8.657810e+001  -5.314160e+001  5.314624e+001  8.658194e+001  5.898837e+001  -5.853097e+001  -3.427330e+002  3.553131e+001  3.512541e+002  9.652231e+002  9.803838e+002  9.727198e+002  9.726692e+002  -0.000000e+000  
-0.000000e+000  -0.000000e+000  -0.000000e+000  -0.000000e+000  -0.000000e+000  -0.000000e+000  -0.000000e+000  -0.000000e+000  -0.000000e+000  -0.000000e+000  -0.000000e+000  -0.000000e+000  -0.000000e+000  -0.000000e+000  -0.000000e+000  -0.000000e+000  -0.000000e+000  -0.000000e+000  -0.000000e+000  -0.000000e+000  -0.000000e+000  -0.000000e+000  -0.000000e+000  

-0.000000e+000  -9.726719e+002  -1.945422e+003  -2.925891e+003  -3.891280e+003  -4.067027e+003  -4.084949e+003  -3.913789e+003  -3.884670e+003  -3.914266e+003  -3.957623e+003  -4.010810e+003  -3.957594e+003  -3.914214e+003  -3.884583e+003  -3.913644e+003  -4.084699e+003  -4.066861e+003  -3.891169e+003  -2.925838e+003  -1.945396e+003  -9.726607e+002  -0.000000e+000  
-0.000000e+000  -9.727192e+002  -1.937954e+003  -2.450347e+003  -2.308192e+003  -2.532323e+003  -2.870844e+003  -3.345587e+003  -3.649772e+003  -3.859184e+003  -4.002289e+003  -4.117173e+003  -4.002281e+003  -3.859179e+003  -3.649779e+003  -3.345630e+003  -2.870975e+003  -2.532377e+003  -2.308207e+003  -2.450334e+003  -1.937940e+003  -9.727119e+002  -0.000000e+000  
-0.000000e+000  -9.803765e+002  -1.492719e+003  -1.581320e+003  -2.339973e+003  -2.706565e+003  -3.082766e+003  -3.459586e+003  -3.793932e+003  -4.069293e+003  -4.275350e+003  -4.453272e+003  -4.275348e+003  -4.069294e+003  -3.793941e+003  -3.459606e+003  -3.082798e+003  -2.706590e+003  -2.339989e+003  -1.581326e+003  -1.492716e+003  -9.803729e+002  -0.000000e+000  
-0.000000e+000  -9.651938e+002  -8.229142e+002  -1.581524e+003  -2.405687e+003  -2.842346e+003  -3.292181e+003  -3.743447e+003  -4.173999e+003  -4.556577e+003  -4.860626e+003  -5.145173e+003  -4.860617e+003  -4.556566e+003  -4.173991e+003  -3.743445e+003  -3.292185e+003  -2.842354e+003  -2.405695e+003  -1.581530e+003  -8.229182e+002  -9.651925e+002  -0.000000e+000  
-0.000000e+000  -3.511692e+002  -7.993624e+002  -1.532500e+003  -2.405802e+003  -2.904634e+003  -3.444924e+003  -4.018457e+003  -4.602939e+003  -5.157597e+003  -5.623097e+003  -6.090889e+003  -5.623080e+003  -5.157562e+003  -4.602908e+003  -4.018439e+003  -3.444917e+003  -2.904636e+003  -2.405807e+003  -1.532506e+003  -7.993669e+002  -3.511719e+002  -0.000000e+000  
-0.000000e+000  -3.538116e+001  -7.124230e+002  -1.464773e+003  -2.364418e+003  -2.904696e+003  -3.513500e+003  -4.190837e+003  -4.918713e+003  -5.647424e+003  -6.285800e+003  -6.955252e+003  -6.285785e+003  -5.647348e+003  -4.918657e+003  -4.190810e+003  -3.513491e+003  -2.904698e+003  -2.364423e+003  -1.464780e+003  -7.124281e+002  -3.538535e+001  -0.000000e+000  
-0.000000e+000  3.425096e+002  -6.066548e+002  -1.360219e+003  -2.262723e+003  -2.836227e+003  -3.513533e+003  -4.312670e+003  -5.233640e+003  -6.227571e+003  -7.150920e+003  -8.154328e+003  -7.150944e+003  -6.227375e+003  -5.233550e+003  -4.312643e+003  -3.513531e+003  -2.836233e+003  -2.262732e+003  -1.360226e+003  -6.066604e+002  3.425040e+002  -0.000000e+000  
-0.000000e+000  5.839282e+001  -5.497852e+002  -1.218427e+003  -2.079522e+003  -2.663948e+003  -3.391728e+003  -4.312659e+003  -5.475593e+003  -6.878285e+003  -8.297120e+003  -9.855083e+003  -8.297335e+003  -6.877643e+003  -5.475512e+003  -4.312670e+003  -3.391749e+003  -2.663965e+003  -2.079536e+003  -1.218435e+003  -5.497908e+002  5.838875e+001  -0.000000e+000  
-0.000000e+000  -5.908139e+001  -4.777984e+002  -1.028518e+003  -1.793732e+003  -2.348307e+003  -3.076763e+003  -4.070635e+003  -5.477774e+003  -7.145973e+003  -0.000000e+000  -0.000000e+000  -0.000000e+000  -7.159620e+003  -5.478171e+003  -4.070768e+003  -3.076819e+003  -2.348337e+003  -1.793749e+003  -1.028527e+003  -4.778036e+002  -5.908453e+001  -0.000000e+000  
-0.000000e+000  -8.664656e+001  -3.728098e+002  -7.849827e+002  -1.393291e+003  -1.858781e+003  -2.496373e+003  -3.415335e+003  -5.277781e+003  -0.000000e+000  -0.000000e+000  -0.000000e+000  -0.000000e+000  -0.000000e+000  -5.277983e+003  -3.415401e+003  -2.496417e+003  -1.858808e+003  -1.393307e+003  -7.849908e+002  -3.728144e+002  -8.664903e+001  -0.000000e+000  
-0.000000e+000  -5.317525e+001  -1.680719e+002  -3.461265e+002  -6.312888e+002  -8.663329e+002  -1.203725e+003  -1.712094e+003  -0.000000e+000  -0.000000e+000  -0.000000e+000  -0.000000e+000  -0.000000e+000  -0.000000e+000  -0.000000e+000  -1.712109e+003  -1.203740e+003  -8.663447e+002  -6.312977e+002  -3.461317e+002  -1.680750e+002  -5.317683e+001  -0.000000e+000  
-0.000000e+000  5.317507e+001  1.680716e+002  3.461260e+002  6.312882e+002  8.663324e+002  1.203725e+003  1.712094e+003  -0.000000e+000  -0.000000e+000  -0.000000e+000  -0.000000e+000  -0.000000e+000  -0.000000e+000  -0.000000e+000  1.712107e+003  1.203736e+003  8.663399e+002  6.312923e+002  3.461265e+002  1.680710e+002  5.317462e+001  -0.000000e+000  
-0.000000e+000  8.664637e+001  3.728094e+002  7.849822e+002  1.393290e+003  1.858781e+003  2.496372e+003  3.415335e+003  5.277780e+003  -0.000000e+000  -0.000000e+000  -0.000000e+000  -0.000000e+000  -0.000000e+000  5.277976e+003  3.415396e+003  2.496410e+003  1.858801e+003  1.393301e+003  7.849849e+002  3.728099e+002  8.664652e+001  -0.000000e+000  
-0.000000e+000  5.908119e+001  4.777980e+002  1.028517e+003  1.793731e+003  2.348306e+003  3.076762e+003  4.070634e+003  5.477772e+003  7.145970e+003  -0.000000e+000  -0.000000e+000  -0.000000e+000  7.159607e+003  5.478162e+003  4.070759e+003  3.076811e+003  2.348329e+003  1.793741e+003  1.028520e+003  4.777987e+002  5.908170e+001  -0.000000e+000  
-0.000000e+000  -5.839304e+001  5.497848e+002  1.218426e+003  2.079522e+003  2.663947e+003  3.391726e+003  4.312657e+003  5.475590e+003  6.878281e+003  8.297114e+003  9.855069e+003  8.297319e+003  6.877629e+003  5.475500e+003  4.312660e+003  3.391738e+003  2.663955e+003  2.079527e+003  1.218428e+003  5.497853e+002  -5.839210e+001  -0.000000e+000  
-0.000000e+000  -3.425099e+002  6.066544e+002  1.360219e+003  2.262722e+003  2.836226e+003  3.513532e+003  4.312668e+003  5.233637e+003  6.227567e+003  7.150914e+003  8.154317e+003  7.150930e+003  6.227361e+003  5.233537e+003  4.312630e+003  3.513519e+003  2.836221e+003  2.262721e+003  1.360218e+003  6.066544e+002  -3.425081e+002  -0.000000e+000  
-0.000000e+000  3.538095e+001  7.124227e+002  1.464773e+003  2.364417e+003  2.904695e+003  3.513498e+003  4.190835e+003  4.918710e+003  5.647419e+003  6.285794e+003  6.955243e+003  6.285772e+003  5.647335e+003  4.918643e+003  4.190796e+003  3.513477e+003  2.904684e+003  2.364410e+003  1.464770e+003  7.124218e+002  3.538147e+001  -0.000000e+000  
-0.000000e+000  3.511691e+002  7.993621e+002  1.532500e+003  2.405801e+003  2.904633e+003  3.444922e+003  4.018455e+003  4.602937e+003  5.157594e+003  5.623092e+003  6.090881e+003  5.623069e+003  5.157548e+003  4.602893e+003  4.018422e+003  3.444900e+003  2.904619e+003  2.405792e+003  1.532496e+003  7.993604e+002  3.511685e+002  -0.000000e+000  
-0.000000e+000  9.651938e+002  8.229140e+002  1.581524e+003  2.405687e+003  2.842346e+003  3.292180e+003  3.743445e+003  4.173997e+003  4.556575e+003  4.860622e+003  5.145167e+003  4.860607e+003  4.556552e+003  4.173973e+003  3.743424e+003  3.292162e+003  2.842332e+003  2.405677e+003  1.581518e+003  8.229116e+002  9.651910e+002  -0.000000e+000  
-0.000000e+000  9.803767e+002  1.492719e+003  1.581320e+003  2.339973e+003  2.706565e+003  3.082766e+003  3.459586e+003  3.793933e+003  4.069293e+003  4.275350e+003  4.453270e+003  4.275341e+003  4.069281e+003  3.793919e+003  3.459573e+003  3.082754e+003  2.706554e+003  2.339964e+003  1.581315e+003  1.492714e+003  9.803736e+002  -0.000000e+000  
-0.000000e+000  9.727195e+002  1.937955e+003  2.450348e+003  2.308192e+003  2.532324e+003  2.870845e+003  3.345589e+003  3.649775e+003  3.859188e+003  4.002293e+003  4.117179e+003  4.002288e+003  3.859180e+003  3.649766e+003  3.345580e+003  2.870836e+003  2.532316e+003  2.308185e+003  2.450340e+003  1.937949e+003  9.727164e+002  -0.000000e+000  
-0.000000e+000  9.726722e+002  1.945423e+003  2.925893e+003  3.891282e+003  4.067029e+003  4.084953e+003  3.913793e+003  3.884675e+003  3.914273e+003  3.957632e+003  4.010826e+003  3.957627e+003  3.914266e+003  3.884667e+003  3.913784e+003  4.084942e+003  4.067018e+003  3.891270e+003  2.925883e+003  1.945417e+003  9.726691e+002  -0.000000e+000  
-0.000000e+000  -0.000000e+000  -0.000000e+000  -0.000000e+000  -0.000000e+000  -0.000000e+000  -0.000000e+000  -0.000000e+000  -0.000000e+000  -0.000000e+000  -0.000000e+000  -0.000000e+000  -0.000000e+000  -0.000000e+000  -0.000000e+000  -0.000000e+000  -0.000000e+000  -0.000000e+000  -0.000000e+000  -0.000000e+000  -0.000000e+000  -0.000000e+000  -0.000000e+000  

0.000000e+000  0.000000e+000  0.000000e+000  0.000000e+000  0.000000e+000  0.000000e+000  0.000000e+000  0.000000e+000  0.000000e+000  0.000000e+000  0.000000e+000  0.000000e+000  0.000000e+000  0.000000e+000  0.000000e+000  0.000000e+000  0.000000e+000  0.000000e+000  0.000000e+000  0.000000e+000  0.000000e+000  0.000000e+000  0.000000e+000  
0.000000e+000  0.000000e+000  0.000000e+000  0.000000e+000  0.000000e+000  0.000000e+000  0.000000e+000  0.000000e+000  0.000000e+000  0.000000e+000  0.000000e+000  0.000000e+000  0.000000e+000  0.000000e+000  0.000000e+000  0.000000e+000  0.000000e+000  0.000000e+000  0.000000e+000  0.000000e+000  0.000000e+000  0.000000e+000  0.000000e+000  
0.000000e+000  0.000000e+000  0.000000e+000  0.000000e+000  0.000000e+000  0.000000e+000  0.000000e+000  0.000000e+000  0.000000e+000  0.000000e+000  0.000000e+000  0.000000e+000  0.000000e+000  0.000000e+000  0.000000e+000  0.000000e+000  0.000000e+000  0.000000e+000  0.000000e+000  0.000000e+000  0.000000e+000  0.000000e+000  0.000000e+000  
0.000000e+000  0.000000e+000  0.000000e+000  0.000000e+000  0.000000e+000  0.000000e+000  0.000000e+000  0.000000e+000  0.000000e+000  0.000000e+000  0.000000e+000  0.000000e+000  0.000000e+000  0.000000e+000  0.000000e+000  0.000000e+000  0.000000e+000  0.000000e+000  0.000000e+000  0.000000e+000  0.000000e+000  0.000000e+000  0.000000e+000  
0.000000e+000  0.000000e+000  0.000000e+000  0.000000e+000  0.000000e+000  0.000000e+000  0.000000e+000  0.000000e+000  0.000000e+000  0.000000e+000  0.000000e+000  0.000000e+000  0.000000e+000  0.000000e+000  0.000000e+000  0.000000e+000  0.000000e+000  0.000000e+000  0.000000e+000  0.000000e+000  0.000000e+000  0.000000e+000  0.000000e+000  
0.000000e+000  0.000000e+000  0.000000e+000  0.000000e+000  0.000000e+000  0.000000e+000  0.000000e+000  0.000000e+000  0.000000e+000  0.000000e+000  0.000000e+000  0.000000e+000  0.000000e+000  0.000000e+000  0.000000e+000  0.000000e+000  0.000000e+000  0.000000e+000  0.000000e+000  0.000000e+000  0.000000e+000  0.000000e+000  0.000000e+000  
0.000000e+000  0.000000e+000  0.000000e+000  0.000000e+000  0.000000e+000  0.000000e+000  0.000000e+000  0.000000e+000  0.000000e+000  0.000000e+000  0.000000e+000  0.000000e+000  0.000000e+000  0.000000e+000  0.000000e+000  0.000000e+000  0.000000e+000  0.000000e+000  0.000000e+000  0.000000e+000  0.000000e+000  0.000000e+000  0.000000e+000  
0.000000e+000  0.000000e+000  0.000000e+000  0.000000e+000  0.000000e+000  0.000000e+000  0.000000e+000  0.000000e+000  0.000000e+000  0.000000e+000  0.000000e+000  0.000000e+000  0.000000e+000  0.000000e+000  0.000000e+000  0.000000e+000  0.000000e+000  0.000000e+000  0.000000e+000  0.000000e+000  0.000000e+000  0.000000e+000  0.000000e+000  
0.000000e+000  0.000000e+000  0.000000e+000  0.000000e+000  0.000000e+000  0.000000e+000  0.000000e+000  0.000000e+000  0.000000e+000  0.000000e+000  0.000000e+000  0.000000e+000  0.000000e+000  0.000000e+000  0.000000e+000  0.000000e+000  0.000000e+000  0.000000e+000  0.000000e+000  0.000000e+000  0.000000e+000  0.000000e+000  0.000000e+000  
0.000000e+000  0.000000e+000  0.000000e+000  0.000000e+000  0.000000e+000  0.000000e+000  0.000000e+000  0.000000e+000  0.000000e+000  0.000000e+000  0.000000e+000  0.000000e+000  0.000000e+000  0.000000e+000  0.000000e+000  0.000000e+000  0.000000e+000  0.000000e+000  0.000000e+000  0.000000e+000  0.000000e+000  0.000000e+000  0.000000e+000  
0.000000e+000  0.000000e+000  0.000000e+000  0.000000e+000  0.000000e+000  0.000000e+000  0.000000e+000  0.000000e+000  0.000000e+000  0.000000e+000  0.000000e+000  0.000000e+000  0.000000e+000  0.000000e+000  0.000000e+000  0.000000e+000  0.000000e+000  0.000000e+000  0.000000e+000  0.000000e+000  0.000000e+000  0.000000e+000  0.000000e+000  
0.000000e+000  0.000000e+000  0.000000e+000  0.000000e+000  0.000000e+000  0.000000e+000  0.000000e+000  0.000000e+000  0.000000e+000  0.000000e+000  0.000000e+000  0.000000e+000  0.000000e+000  0.000000e+000  0.000000e+000  0.000000e+000  0.000000e+000  0.000000e+000  0.000000e+000  0.000000e+000  0.000000e+000  0.000000e+000  0.000000e+000  
0.000000e+000  0.000000e+000  0.000000e+000  0.000000e+000  0.000000e+000  0.000000e+000  0.000000e+000  0.000000e+000  0.000000e+000  0.000000e+000  0.000000e+000  0.000000e+000  0.000000e+000  0.000000e+000  0.000000e+000  0.000000e+000  0.000000e+000  0.000000e+000  0.000000e+000  0.000000e+000  0.000000e+000  0.000000e+000  0.000000e+000  
0.000000e+000  0.000000e+000  0.000000e+000  0.000000e+000  0.000000e+000  0.000000e+000  0.000000e+000  0.000000e+000  0.000000e+000  0.000000e+000  0.000000e+000  0.000000e+000  0.000000e+000  0.000000e+000  0.000000e+000  0.000000e+000  0.000000e+000  0.000000e+000  0.000000e+000  0.000000e+000  0.000000e+000  0.000000e+000  0.000000e+000  
0.000000e+000  0.000000e+000  0.000000e+000  0.000000e+000  0.000000e+000  0.000000e+000  0.000000e+000  0.000000e+000  0.000000e+000  0.000000e+000  0.000000e+000  0.000000e+000  0.000000e+000  0.000000e+000  0.000000e+000  0.000000e+000  0.000000e+000  0.000000e+000  0.000000e+000  0.000000e+000  0.000000e+000  0.000000e+000  0.000000e+000  
0.000000e+000  0.000000e+000  0.000000e+000  0.000000e+000  0.000000e+000  0.000000e+000  0.000000e+000  0.000000e+000  0.000000e+000  0.000000e+000  0.000000e+000  0.000000e+000  0.000000e+000  0.000000e+000  0.000000e+000  0.000000e+000  0.000000e+000  0.000000e+000  0.000000e+000  0.000000e+000  0.000000e+000  0.000000e+000  0.000000e+000  
0.000000e+000  0.000000e+000  0.000000e+000  0.000000e+000  0.000000e+000  0.000000e+000  0.000000e+000  0.000000e+000  0.000000e+000  0.000000e+000  0.000000e+000  0.000000e+000  0.000000e+000  0.000000e+000  0.000000e+000  0.000000e+000  0.000000e+000  0.000000e+000  0.000000e+000  0.000000e+000  0.000000e+000  0.000000e+000  0.000000e+000  
0.000000e+000  0.000000e+000  0.000000e+000  0.000000e+000  0.000000e+000  0.000000e+000  0.000000e+000  0.000000e+000  0.000000e+000  0.000000e+000  0.000000e+000  0.000000e+000  0.000000e+000  0.000000e+000  0.000000e+000  0.000000e+000  0.000000e+000  0.000000e+000  0.000000e+000  0.000000e+000  0.000000e+000  0.000000e+000  0.000000e+000  
0.000000e+000  0.000000e+000  0.000000e+000  0.000000e+000  0.000000e+000  0.000000e+000  0.000000e+000  0.000000e+000  0.000000e+000  0.000000e+000  0.000000e+000  0.000000e+000  0.000000e+000  0.000000e+000  0.000000e+000  0.000000e+000  0.000000e+000  0.000000e+000  0.000000e+000  0.000000e+000  0.000000e+000  0.000000e+000  0.000000e+000  
0.000000e+000  0.000000e+000  0.000000e+000  0.000000e+000  0.000000e+000  0.000000e+000  0.000000e+000  0.000000e+000  0.000000e+000  0.000000e+000  0.000000e+000  0.000000e+000  0.000000e+000  0.000000e+000  0.000000e+000  0.000000e+000  0.000000e+000  0.000000e+000  0.000000e+000  0.000000e+000  0.000000e+000  0.000000e+000  0.000000e+000  
0.000000e+000  0.000000e+000  0.000000e+000  0.000000e+000  0.000000e+000  0.000000e+000  0.000000e+000  0.000000e+000  0.000000e+000  0.000000e+000  0.000000e+000  0.000000e+000  0.000000e+000  0.000000e+000  0.000000e+000  0.000000e+000  0.000000e+000  0.000000e+000  0.000000e+000  0.000000e+000  0.000000e+000  0.000000e+000  0.000000e+000  
0.000000e+000  0.000000e+000  0.000000e+000  0.000000e+000  0.000000e+000  0.000000e+000  0.000000e+000  0.000000e+000  0.000000e+000  0.000000e+000  0.000000e+000  0.000000e+000  0.000000e+000  0.000000e+000  0.000000e+000  0.000000e+000  0.000000e+000  0.000000e+000  0.000000e+000  0.000000e+000  0.000000e+000  0.000000e+000  0.000000e+000  
0.000000e+000  0.000000e+000  0.000000e+000  0.000000e+000  0.000000e+000  0.000000e+000  0.000000e+000  0.000000e+000  0.000000e+000  0.000000e+000  0.000000e+000  0.000000e+000  0.000000e+000  0.000000e+000  0.000000e+000  0.000000e+000  0.000000e+000  0.000000e+000  0.000000e+000  0.000000e+000  0.000000e+000  0.000000e+000  0.000000e+000  

0.000000e+000  0.000000e+000  0.000000e+000  0.000000e+000  0.000000e+000  0.000000e+000  0.000000e+000  0.000000e+000  0.000000e+000  0.000000e+000  0.000000e+000  0.000000e+000  0.000000e+000  0.000000e+000  0.000000e+000  0.000000e+000  0.000000e+000  0.000000e+000  0.000000e+000  0.000000e+000  0.000000e+000  0.000000e+000  0.000000e+000  
0.000000e+000  0.000000e+000  0.000000e+000  0.000000e+000  0.000000e+000  0.000000e+000  0.000000e+000  0.000000e+000  0.000000e+000  0.000000e+000  0.000000e+000  0.000000e+000  0.000000e+000  0.000000e+000  0.000000e+000  0.000000e+000  0.000000e+000  0.000000e+000  0.000000e+000  0.000000e+000  0.000000e+000  0.000000e+000  0.000000e+000  
0.000000e+000  0.000000e+000  0.000000e+000  0.000000e+000  0.000000e+000  0.000000e+000  0.000000e+000  0.000000e+000  0.000000e+000  0.000000e+000  0.000000e+000  0.000000e+000  0.000000e+000  0.000000e+000  0.000000e+000  0.000000e+000  0.000000e+000  0.000000e+000  0.000000e+000  0.000000e+000  0.000000e+000  0.000000e+000  0.000000e+000  
0.000000e+000  0.000000e+000  0.000000e+000  0.000000e+000  0.000000e+000  0.000000e+000  0.000000e+000  0.000000e+000  0.000000e+000  0.000000e+000  0.000000e+000  0.000000e+000  0.000000e+000  0.000000e+000  0.000000e+000  0.000000e+000  0.000000e+000  0.000000e+000  0.000000e+000  0.000000e+000  0.000000e+000  0.000000e+000  0.000000e+000  
0.000000e+000  0.000000e+000  0.000000e+000  0.000000e+000  0.000000e+000  0.000000e+000  0.000000e+000  0.000000e+000  0.000000e+000  0.000000e+000  0.000000e+000  0.000000e+000  0.000000e+000  0.000000e+000  0.000000e+000  0.000000e+000  0.000000e+000  0.000000e+000  0.000000e+000  0.000000e+000  0.000000e+000  0.000000e+000  0.000000e+000  
0.000000e+000  0.000000e+000  0.000000e+000  0.000000e+000  0.000000e+000  0.000000e+000  0.000000e+000  0.000000e+000  0.000000e+000  0.000000e+000  0.000000e+000  0.000000e+000  0.000000e+000  0.000000e+000  0.000000e+000  0.000000e+000  0.000000e+000  0.000000e+000  0.000000e+000  0.000000e+000  0.000000e+000  0.000000e+000  0.000000e+000  
0.000000e+000  0.000000e+000  0.000000e+000  0.000000e+000  0.000000e+000  0.000000e+000  0.000000e+000  0.000000e+000  0.000000e+000  0.000000e+000  0.000000e+000  0.000000e+000  0.000000e+000  0.000000e+000  0.000000e+000  0.000000e+000  0.000000e+000  0.000000e+000  0.000000e+000  0.000000e+000  0.000000e+000  0.000000e+000  0.000000e+000  
0.000000e+000  0.000000e+000  0.000000e+000  0.000000e+000  0.000000e+000  0.000000e+000  0.000000e+000  0.000000e+000  0.000000e+000  0.000000e+000  0.000000e+000  0.000000e+000  0.000000e+000  0.000000e+000  0.000000e+000  0.000000e+000  0.000000e+000  0.000000e+000  0.000000e+000  0.000000e+000  0.000000e+000  0.000000e+000  0.000000e+000  
0.000000e+000  0.000000e+000  0.000000e+000  0.000000e+000  0.000000e+000  0.000000e+000  0.000000e+000  0.000000e+000  0.000000e+000  0.000000e+000  0.000000e+000  0.000000e+000  0.000000e+000  0.000000e+000  0.000000e+000  0.000000e+000  0.000000e+000  0.000000e+000  0.000000e+000  0.000000e+000  0.000000e+000  0.000000e+000  0.000000e+000  
0.000000e+000  0.000000e+000  0.000000e+000  0.000000e+000  0.000000e+000  0.000000e+000  0.000000e+000  0.000000e+000  0.000000e+000  0.000000e+000  0.000000e+000  0.000000e+000  0.000000e+000  0.000000e+000  0.000000e+000  0.000000e+000  0.000000e+000  0.000000e+000  0.000000e+000  0.000000e+000  0.000000e+000  0.000000e+000  0.000000e+000  
0.000000e+000  0.000000e+000  0.000000e+000  0.000000e+000  0.000000e+000  0.000000e+000  0.000000e+000  0.000000e+000  0.000000e+000  0.000000e+000  0.000000e+000  0.000000e+000  0.000000e+000  0.000000e+000  0.000000e+000  0.000000e+000  0.000000e+000  0.000000e+000  0.000000e+000  0.000000e+000  0.000000e+000  0.000000e+000  0.000000e+000  
0.000000e+000  0.000000e+000  0.000000e+000  0.000000e+000  0.000000e+000  0.000000e+000  0.000000e+000  0.000000e+000  0.000000e+000  0.000000e+000  0.000000e+000  0.000000e+000  0.000000e+000  0.000000e+000  0.000000e+000  0.000000e+000  0.000000e+000  0.000000e+000  0.000000e+000  0.000000e+000  0.000000e+000  0.000000e+000  0.000000e+000  
0.000000e+000  0.000000e+000  0.000000e+000  0.000000e+000  0.000000e+000  0.000000e+000  0.000000e+000  0.000000e+000  0.000000e+000  0.000000e+000  0.000000e+000  0.000000e+000  0.000000e+000  0.000000e+000  0.000000e+000  0.000000e+000  0.000000e+000  0.000000e+000  0.000000e+000  0.000000e+000  0.000000e+000  0.000000e+000  0.000000e+000  
0.000000e+000  0.000000e+000  0.000000e+000  0.000000e+000  0.000000e+000  0.000000e+000  0.000000e+000  0.000000e+000  0.000000e+000  0.000000e+000  0.000000e+000  0.000000e+000  0.000000e+000  0.000000e+000  0.000000e+000  0.000000e+000  0.000000e+000  0.000000e+000  0.000000e+000  0.000000e+000  0.000000e+000  0.000000e+000  0.000000e+000  
0.000000e+000  0.000000e+000  0.000000e+000  0.000000e+000  0.000000e+000  0.000000e+000  0.000000e+000  0.000000e+000  0.000000e+000  0.000000e+000  0.000000e+000  0.000000e+000  0.000000e+000  0.000000e+000  0.000000e+000  0.000000e+000  0.000000e+000  0.000000e+000  0.000000e+000  0.000000e+000  0.000000e+000  0.000000e+000  0.000000e+000  
0.000000e+000  0.000000e+000  0.000000e+000  0.000000e+000  0.000000e+000  0.000000e+000  0.000000e+000  0.000000e+000  0.000000e+000  0.000000e+000  0.000000e+000  0.000000e+000  0.000000e+000  0.000000e+000  0.000000e+000  0.000000e+000  0.000000e+000  0.000000e+000  0.000000e+000  0.000000e+000  0.000000e+000  0.000000e+000  0.000000e+000  
0.000000e+000  0.000000e+000  0.000000e+000  0.000000e+000  0.000000e+000  0.000000e+000  0.000000e+000  0.000000e+000  0.000000e+000  0.000000e+000  0.000000e+000  0.000000e+000  0.000000e+000  0.000000e+000  0.000000e+000  0.000000e+000  0.000000e+000  0.000000e+000  0.000000e+000  0.000000e+000  0.000000e+000  0.000000e+000  0.000000e+000  
0.000000e+000  0.000000e+000  0.000000e+000  0.000000e+000  0.000000e+000  0.000000e+000  0.000000e+000  0.000000e+000  0.000000e+000  0.000000e+000  0.000000e+000  0.000000e+000  0.000000e+000  0.000000e+000  0.000000e+000  0.000000e+000  0.000000e+000  0.000000e+000  0.000000e+000  0.000000e+000  0.000000e+000  0.000000e+000  0.000000e+000  
0.000000e+000  0.000000e+000  0.000000e+000  0.000000e+000  0.000000e+000  0.000000e+000  0.000000e+000  0.000000e+000  0.000000e+000  0.000000e+000  0.000000e+000  0.000000e+000  0.000000e+000  0.000000e+000  0.000000e+000  0.000000e+000  0.000000e+000  0.000000e+000  0.000000e+000  0.000000e+000  0.000000e+000  0.000000e+000  0.000000e+000  
0.000000e+000  0.000000e+000  0.000000e+000  0.000000e+000  0.000000e+000  0.000000e+000  0.000000e+000  0.000000e+000  0.000000e+000  0.000000e+000  0.000000e+000  0.000000e+000  0.000000e+000  0.000000e+000  0.000000e+000  0.000000e+000  0.000000e+000  0.000000e+000  0.000000e+000  0.000000e+000  0.000000e+000  0.000000e+000  0.000000e+000  
0.000000e+000  0.000000e+000  0.000000e+000  0.000000e+000  0.000000e+000  0.000000e+000  0.000000e+000  0.000000e+000  0.000000e+000  0.000000e+000  0.000000e+000  0.000000e+000  0.000000e+000  0.000000e+000  0.000000e+000  0.000000e+000  0.000000e+000  0.000000e+000  0.000000e+000  0.000000e+000  0.000000e+000  0.000000e+000  0.000000e+000  
0.000000e+000  0.000000e+000  0.000000e+000  0.000000e+000  0.000000e+000  0.000000e+000  0.000000e+000  0.000000e+000  0.000000e+000  0.000000e+000  0.000000e+000  0.000000e+000  0.000000e+000  0.000000e+000  0.000000e+000  0.000000e+000  0.000000e+000  0.000000e+000  0.000000e+000  0.000000e+000  0.000000e+000  0.000000e+000  0.000000e+000  
0.000000e+000  0.000000e+000  0.000000e+000  0.000000e+000  0.000000e+000  0.000000e+000  0.000000e+000  0.000000e+000  0.000000e+000  0.000000e+000  0.000000e+000  0.000000e+000  0.000000e+000  0.000000e+000  0.000000e+000  0.000000e+000  0.000000e+000  0.000000e+000  0.000000e+000  0.000000e+000  0.000000e+000  0.000000e+000  0.000000e+000  

0.000000e+000  0.000000e+000  0.000000e+000  0.000000e+000  0.000000e+000  0.000000e+000  0.000000e+000  0.000000e+000  0.000000e+000  0.000000e+000  0.000000e+000  0.000000e+000  0.000000e+000  0.000000e+000  0.000000e+000  0.000000e+000  0.000000e+000  0.000000e+000  0.000000e+000  0.000000e+000  0.000000e+000  0.000000e+000  0.000000e+000  
0.000000e+000  0.000000e+000  0.000000e+000  0.000000e+000  0.000000e+000  0.000000e+000  0.000000e+000  0.000000e+000  0.000000e+000  0.000000e+000  0.000000e+000  0.000000e+000  0.000000e+000  0.000000e+000  0.000000e+000  0.000000e+000  0.000000e+000  0.000000e+000  0.000000e+000  0.000000e+000  0.000000e+000  0.000000e+000  0.000000e+000  
0.000000e+000  0.000000e+000  0.000000e+000  0.000000e+000  0.000000e+000  0.000000e+000  0.000000e+000  0.000000e+000  0.000000e+000  0.000000e+000  0.000000e+000  0.000000e+000  0.000000e+000  0.000000e+000  0.000000e+000  0.000000e+000  0.000000e+000  0.000000e+000  0.000000e+000  0.000000e+000  0.000000e+000  0.000000e+000  0.000000e+000  
0.000000e+000  0.000000e+000  0.000000e+000  0.000000e+000  0.000000e+000  0.000000e+000  0.000000e+000  0.000000e+000  0.000000e+000  0.000000e+000  0.000000e+000  0.000000e+000  0.000000e+000  0.000000e+000  0.000000e+000  0.000000e+000  0.000000e+000  0.000000e+000  0.000000e+000  0.000000e+000  0.000000e+000  0.000000e+000  0.000000e+000  
0.000000e+000  0.000000e+000  0.000000e+000  0.000000e+000  0.000000e+000  0.000000e+000  0.000000e+000  0.000000e+000  0.000000e+000  0.000000e+000  0.000000e+000  0.000000e+000  0.000000e+000  0.000000e+000  0.000000e+000  0.000000e+000  0.000000e+000  0.000000e+000  0.000000e+000  0.000000e+000  0.000000e+000  0.000000e+000  0.000000e+000  
0.000000e+000  0.000000e+000  0.000000e+000  0.000000e+000  0.000000e+000  0.000000e+000  0.000000e+000  0.000000e+000  0.000000e+000  0.000000e+000  0.000000e+000  0.000000e+000  0.000000e+000  0.000000e+000  0.000000e+000  0.000000e+000  0.000000e+000  0.000000e+000  0.000000e+000  0.000000e+000  0.000000e+000  0.000000e+000  0.000000e+000  
0.000000e+000  0.000000e+000  0.000000e+000  0.000000e+000  0.000000e+000  0.000000e+000  0.000000e+000  0.000000e+000  0.000000e+000  0.000000e+000  0.000000e+000  0.000000e+000  0.000000e+000  0.000000e+000  0.000000e+000  0.000000e+000  0.000000e+000  0.000000e+000  0.000000e+000  0.000000e+000  0.000000e+000  0.000000e+000  0.000000e+000  
0.000000e+000  0.000000e+000  0.000000e+000  0.000000e+000  0.000000e+000  0.000000e+000  0.000000e+000  0.000000e+000  0.000000e+000  0.000000e+000  0.000000e+000  0.000000e+000  0.000000e+000  0.000000e+000  0.000000e+000  0.000000e+000  0.000000e+000  0.000000e+000  0.000000e+000  0.000000e+000  0.000000e+000  0.000000e+000  0.000000e+000  
0.000000e+000  0.000000e+000  0.000000e+000  0.000000e+000  0.000000e+000  0.000000e+000  0.000000e+000  0.000000e+000  0.000000e+000  0.000000e+000  0.000000e+000  0.000000e+000  0.000000e+000  0.000000e+000  0.000000e+000  0.000000e+000  0.000000e+000  0.000000e+000  0.000000e+000  0.000000e+000  0.000000e+000  0.000000e+000  0.000000e+000  
0.000000e+000  0.000000e+000  0.000000e+000  0.000000e+000  0.000000e+000  0.000000e+000  0.000000e+000  0.000000e+000  0.000000e+000  0.000000e+000  0.000000e+000  0.000000e+000  0.000000e+000  0.000000e+000  0.000000e+000  0.000000e+000  0.000000e+000  0.000000e+000  0.000000e+000  0.000000e+000  0.000000e+000  0.000000e+000  0.000000e+000  
0.000000e+000  0.000000e+000  0.000000e+000  0.000000e+000  0.000000e+000  0.000000e+000  0.000000e+000  0.000000e+000  0.000000e+000  0.000000e+000  0.000000e+000  0.000000e+000  0.000000e+000  0.000000e+000  0.000000e+000  0.000000e+000  0.000000e+000  0.000000e+000  0.000000e+000  0.000000e+000  0.000000e+000  0.000000e+000  0.000000e+000  
0.000000e+000  0.000000e+000  0.000000e+000  0.000000e+000  0.000000e+000  0.000000e+000  0.000000e+000  0.000000e+000  0.000000e+000  0.000000e+000  0.000000e+000  0.000000e+000  0.000000e+000  0.000000e+000  0.000000e+000  0.000000e+000  0.000000e+000  0.000000e+000  0.000000e+000  0.000000e+000  0.000000e+000  0.000000e+000  0.000000e+000  
0.000000e+000  0.000000e+000  0.000000e+000  0.000000e+000  0.000000e+000  0.000000e+000  0.000000e+000  0.000000e+000  0.000000e+000  0.000000e+000  0.000000e+000  0.000000e+000  0.000000e+000  0.000000e+000  0.000000e+000  0.000000e+000  0.000000e+000  0.000000e+000  0.000000e+000  0.000000e+000  0.000000e+000  0.000000e+000  0.000000e+000  
0.000000e+000  0.000000e+000  0.000000e+000  0.000000e+000  0.000000e+000  0.000000e+000  0.000000e+000  0.000000e+000  0.000000e+000  0.000000e+000  0.000000e+000  0.000000e+000  0.000000e+000  0.000000e+000  0.000000e+000  0.000000e+000  0.000000e+000  0.000000e+000  0.000000e+000  0.000000e+000  0.000000e+000  0.000000e+000  0.000000e+000  
0.000000e+000  0.000000e+000  0.000000e+000  0.000000e+000  0.000000e+000  0.000000e+000  0.000000e+000  0.000000e+000  0.000000e+000  0.000000e+000  0.000000e+000  0.000000e+000  0.000000e+000  0.000000e+000  0.000000e+000  0.000000e+000  0.000000e+000  0.000000e+000  0.000000e+000  0.000000e+000  0.000000e+000  0.000000e+000  0.000000e+000  
0.000000e+000  0.000000e+000  0.000000e+000  0.000000e+000  0.000000e+000  0.000000e+000  0.000000e+000  0.000000e+000  0.000000e+000  0.000000e+000  0.000000e+000  0.000000e+000  0.000000e+000  0.000000e+000  0.000000e+000  0.000000e+000  0.000000e+000  0.000000e+000  0.000000e+000  0.000000e+000  0.000000e+000  0.000000e+000  0.000000e+000  
0.000000e+000  0.000000e+000  0.000000e+000  0.000000e+000  0.000000e+000  0.000000e+000  0.000000e+000  0.000000e+000  0.000000e+000  0.000000e+000  0.000000e+000  0.000000e+000  0.000000e+000  0.000000e+000  0.000000e+000  0.000000e+000  0.000000e+000  0.000000e+000  0.000000e+000  0.000000e+000  0.000000e+000  0.000000e+000  0.000000e+000  
0.000000e+000  0.000000e+000  0.000000e+000  0.000000e+000  0.000000e+000  0.000000e+000  0.000000e+000  0.000000e+000  0.000000e+000  0.000000e+000  0.000000e+000  0.000000e+000  0.000000e+000  0.000000e+000  0.000000e+000  0.000000e+000  0.000000e+000  0.000000e+000  0.000000e+000  0.000000e+000  0.000000e+000  0.000000e+000  0.000000e+000  
0.000000e+000  0.000000e+000  0.000000e+000  0.000000e+000  0.000000e+000  0.000000e+000  0.000000e+000  0.000000e+000  0.000000e+000  0.000000e+000  0.000000e+000  0.000000e+000  0.000000e+000  0.000000e+000  0.000000e+000  0.000000e+000  0.000000e+000  0.000000e+000  0.000000e+000  0.000000e+000  0.000000e+000  0.000000e+000  0.000000e+000  
0.000000e+000  0.000000e+000  0.000000e+000  0.000000e+000  0.000000e+000  0.000000e+000  0.000000e+000  0.000000e+000  0.000000e+000  0.000000e+000  0.000000e+000  0.000000e+000  0.000000e+000  0.000000e+000  0.000000e+000  0.000000e+000  0.000000e+000  0.000000e+000  0.000000e+000  0.000000e+000  0.000000e+000  0.000000e+000  0.000000e+000  
0.000000e+000  0.000000e+000  0.000000e+000  0.000000e+000  0.000000e+000  0.000000e+000  0.000000e+000  0.000000e+000  0.000000e+000  0.000000e+000  0.000000e+000  0.000000e+000  0.000000e+000  0.000000e+000  0.000000e+000  0.000000e+000  0.000000e+000  0.000000e+000  0.000000e+000  0.000000e+000  0.000000e+000  0.000000e+000  0.000000e+000  
0.000000e+000  0.000000e+000  0.000000e+000  0.000000e+000  0.000000e+000  0.000000e+000  0.000000e+000  0.000000e+000  0.000000e+000  0.000000e+000  0.000000e+000  0.000000e+000  0.000000e+000  0.000000e+000  0.000000e+000  0.000000e+000  0.000000e+000  0.000000e+000  0.000000e+000  0.000000e+000  0.000000e+000  0.000000e+000  0.000000e+000  
0.000000e+000  0.000000e+000  0.000000e+000  0.000000e+000  0.000000e+000  0.000000e+000  0.000000e+000  0.000000e+000  0.000000e+000  0.000000e+000  0.000000e+000  0.000000e+000  0.000000e+000  0.000000e+000  0.000000e+000  0.000000e+000  0.000000e+000  0.000000e+000  0.000000e+000  0.000000e+000  0.000000e+000  0.000000e+000  0.000000e+000  

-0.000000e+000  -0.000000e+000  -0.000000e+000  -0.000000e+000  -0.000000e+000  -0.000000e+000  -0.000000e+000  -0.000000e+000  -0.000000e+000  -0.000000e+000  -0.000000e+000  -0.000000e+000  -0.000000e+000  -0.000000e+000  -0.000000e+000  -0.000000e+000  -0.000000e+000  -0.000000e+000  -0.000000e+000  -0.000000e+000  -0.000000e+000  -0.000000e+000  -0.000000e+000  
-0.000000e+000  5.962228e+000  1.192489e+001  1.809595e+001  2.435012e+001  2.274165e+001  1.882899e+001  1.219613e+001  8.389818e+000  6.148506e+000  4.832840e+000  3.991417e+000  4.832423e+000  6.147739e+000  8.388500e+000  1.219387e+001  1.882500e+001  2.273906e+001  2.434842e+001  1.809517e+001  1.192452e+001  5.962077e+000  -0.000000e+000  
-0.000000e+000  1.192479e+001  2.364292e+001  2.804628e+001  2.187506e+001  1.911513e+001  1.616560e+001  1.308598e+001  1.051954e+001  8.594373e+000  7.279084e+000  6.300368e+000  7.278631e+000  8.593640e+000  1.051849e+001  1.308457e+001  1.616392e+001  1.911357e+001  2.187373e+001  2.804538e+001  2.364238e+001  1.192455e+001  -0.000000e+000  
-0.000000e+000  1.809558e+001  2.804603e+001  2.328873e+001  1.853129e+001  1.624684e+001  1.402243e+001  1.192295e+001  1.008411e+001  8.600632e+000  7.522775e+000  6.652279e+000  7.522430e+000  8.600107e+000  1.008341e+001  1.192210e+001  1.402148e+001  1.624589e+001  1.853039e+001  2.328802e+001  2.804551e+001  1.809531e+001  -0.000000e+000  
-0.000000e+000  2.434899e+001  2.187438e+001  1.853108e+001  1.493595e+001  1.313826e+001  1.137941e+001  9.717223e+000  8.227147e+000  6.984316e+000  6.052774e+000  5.263477e+000  6.052552e+000  6.983985e+000  8.226714e+000  9.716704e+000  1.137883e+001  1.313765e+001  1.493535e+001  1.853057e+001  2.187399e+001  2.434873e+001  -0.000000e+000  
-0.000000e+000  2.273965e+001  1.911424e+001  1.624663e+001  1.313834e+001  1.152566e+001  9.912849e+000  8.356166e+000  6.927768e+000  5.709198e+000  4.780857e+000  3.977168e+000  4.780695e+000  5.708955e+000  6.927443e+000  8.355772e+000  9.912404e+000  1.152519e+001  1.313787e+001  1.624620e+001  1.911390e+001  2.273942e+001  -0.000000e+000  
-0.000000e+000  1.882556e+001  1.616459e+001  1.402230e+001  1.137973e+001  9.913167e+000  8.390140e+000  6.866804e+000  5.418542e+000  4.143840e+000  3.157931e+000  2.289044e+000  3.157830e+000  4.143682e+000  5.418317e+000  6.866516e+000  8.389804e+000  9.912801e+000  1.137935e+001  1.402196e+001  1.616431e+001  1.882537e+001  -0.000000e+000  
-0.000000e+000  1.219431e+001  1.308524e+001  1.192302e+001  9.717942e+000  8.357114e+000  6.867720e+000  5.302351e+000  3.735745e+000  2.289678e+000  1.167354e+000  1.664965e-001  1.167319e+000  2.289615e+000  3.735612e+000  5.302154e+000  6.867474e+000  8.356836e+000  9.717648e+000  1.192274e+001  1.308501e+001  1.219416e+001  -0.000000e+000  
-0.000000e+000  8.388865e+000  1.051914e+001  1.008442e+001  8.228322e+000  6.929606e+000  5.421258e+000  3.739123e+000  1.932398e+000  1.117664e-001  -0.000000e+000  -0.000000e+000  -0.000000e+000  1.118433e-001  1.932353e+000  3.739002e+000  5.421086e+000  6.929400e+000  8.228096e+000  1.008420e+001  1.051896e+001  8.388755e+000  -0.000000e+000  
-0.000000e+000  6.148052e+000  8.594264e+000  8.601148e+000  6.985791e+000  5.711715e+000  4.148571e+000  2.300475e+000  1.429541e-001  -0.000000e+000  -0.000000e+000  -0.000000e+000  -0.000000e+000  -0.000000e+000  1.429482e-001  2.300407e+000  4.148454e+000  5.711564e+000  6.985620e+000  8.600971e+000  8.594118e+000  6.147966e+000  -0.000000e+000  
-0.000000e+000  4.832684e+000  7.279199e+000  7.523412e+000  6.054175e+000  4.782878e+000  3.160825e+000  1.171248e+000  -0.000000e+000  -0.000000e+000  -0.000000e+000  -0.000000e+000  -0.000000e+000  -0.000000e+000  -0.000000e+000  1.171218e+000  3.160749e+000  4.782769e+000  6.054046e+000  7.523273e+000  7.279083e+000  4.832616e+000  -0.000000e+000  
-0.000000e+000  3.991538e+000  6.300744e+000  6.652975e+000  5.264257e+000  3.977436e+000  2.287883e+000  1.618512e-001  -0.000000e+000  -0.000000e+000  -0.000000e+000  -0.000000e+000  -0.000000e+000  -0.000000e+000  -0.000000e+000  1.618492e-001  2.287849e+000  3.977378e+000  5.264182e+000  6.652887e+000  6.300669e+000  3.991494e+000  -0.000000e+000  
-0.000000e+000  4.832686e+000  7.279205e+000  7.523420e+000  6.054184e+000  4.782886e+000  3.160832e+000  1.171251e+000  -0.000000e+000  -0.000000e+000  -0.000000e+000  -0.000000e+000  -0.000000e+000  -0.000000e+000  -0.000000e+000  1.171244e+000  3.160808e+000  4.782848e+000  6.054134e+000  7.523359e+000  7.279149e+000  4.832653e+000  -0.000000e+000  
-0.000000e+000  6.148056e+000  8.594272e+000  8.601160e+000  6.985806e+000  5.711730e+000  4.148585e+000  2.300485e+000  1.429553e-001  -0.000000e+000  -0.000000e+000  -0.000000e+000  -0.000000e+000  -0.000000e+000  1.429547e-001  2.300478e+000  4.148564e+000  5.711697e+000  6.985762e+000  8.601106e+000  8.594221e+000  6.148023e+000  -0.000000e+000  
-0.000000e+000  8.388871e+000  1.051915e+001  1.008444e+001  8.228343e+000  6.929629e+000  5.421281e+000  3.739144e+000  1.932413e+000  1.117685e-001  -0.000000e+000  -0.000000e+000  -0.000000e+000  1.118519e-001  1.932436e+000  3.739142e+000  5.421263e+000  6.929599e+000  8.228303e+000  1.008439e+001  1.051910e+001  8.388835e+000  -0.000000e+000  
-0.000000e+000  1.219431e+001  1.308525e+001  1.192304e+001  9.717970e+000  8.357146e+000  6.867754e+000  5.302387e+000  3.735780e+000  2.289709e+000  1.167378e+000  1.665034e-001  1.167383e+000  2.289736e+000  3.735791e+000  5.302382e+000  6.867736e+000  8.357115e+000  9.717931e+000  1.192299e+001  1.308520e+001  1.219427e+001  -0.000000e+000  
-0.000000e+000  1.882557e+001  1.616461e+001  1.402233e+001  1.137977e+001  9.913208e+000  8.390187e+000  6.866857e+000  5.418602e+000  4.143906e+000  3.158004e+000  2.289142e+000  3.158006e+000  4.143912e+000  5.418601e+000  6.866846e+000  8.390165e+000  9.913176e+000  1.137973e+001  1.402228e+001  1.616455e+001  1.882551e+001  -0.000000e+000  
-0.000000e+000  2.273966e+001  1.911426e+001  1.624666e+001  1.313838e+001  1.152571e+001  9.912909e+000  8.356237e+000  6.927851e+000  5.709297e+000  4.780975e+000  3.977344e+000  4.780974e+000  5.709294e+000  6.927842e+000  8.356219e+000  9.912882e+000  1.152568e+001  1.313834e+001  1.624660e+001  1.911419e+001  2.273959e+001  -0.000000e+000  
-0.000000e+000  2.434901e+001  2.187440e+001  1.853111e+001  1.493599e+001  1.313832e+001  1.137948e+001  9.717309e+000  8.227251e+000  6.984444e+000  6.052932e+000  5.263721e+000  6.052927e+000  6.984435e+000  8.227236e+000  9.717287e+000  1.137945e+001  1.313828e+001  1.493595e+001  1.853105e+001  2.187433e+001  2.434893e+001  -0.000000e+000  
-0.000000e+000  1.809559e+001  2.804606e+001  2.328876e+001  1.853134e+001  1.624691e+001  1.402251e+001  1.192305e+001  1.008424e+001  8.600798e+000  7.522988e+000  6.652622e+000  7.522978e+000  8.600783e+000  1.008422e+001  1.192302e+001  1.402248e+001  1.624686e+001  1.853129e+001  2.328869e+001  2.804596e+001  1.809553e+001  -0.000000e+000  
-0.000000e+000  1.192480e+001  2.364294e+001  2.804631e+001  2.187511e+001  1.911519e+001  1.616568e+001  1.308608e+001  1.051967e+001  8.594536e+000  7.279297e+000  6.300738e+000  7.279287e+000  8.594519e+000  1.051965e+001  1.308604e+001  1.616564e+001  1.911514e+001  2.187504e+001  2.804623e+001  2.364286e+001  1.192477e+001  -0.000000e+000  
-0.000000e+000  5.962234e+000  1.192490e+001  1.809597e+001  2.435016e+001  2.274169e+001  1.882904e+001  1.219620e+001  8.389898e+000  6.148611e+000  4.832981e+000  3.991682e+000  4.832973e+000  6.148598e+000  8.389878e+000  1.219616e+001  1.882899e+001  2.274163e+001  2.435008e+001  1.809592e+001  1.192486e+001  5.962215e+000  -0.000000e+000  
-0.000000e+000  -0.000000e+000  -0.000000e+000  -0.000000e+000  -0.000000e+000  -0.000000e+000  -0.000000e+000  -0.000000e+000  -0.000000e+000  -0.000000e+000  -0.000000e+000  -0.000000e+000  -0.000000e+000  -0.000000e+000  -0.000000e+000  -0.000000e+000  -0.000000e+000  -0.000000e+000  -0.000000e+000  -0.000000e+000  -0.000000e+000  -0.000000e+000  -0.000000e+000  

