Port monitor named: Port1_e1[2.2].prt

nx        = 71
ny        = 31
nz        = 23

nu        = 5
nv        = 5
iu        = 12
iv        = 14

idir      = 2
dcut      = 2.555000e-002
icut      = 23
type      = 0
frequency = 2.200000e+009

fcutoff   = 0.000000e+000
alpha     = 0.000000e+000
beta      = 6.459066e+001
accuracy  = 3.929804e-015

type          = TEM
wave imp.     = 2.655755e+002
wave imp.sig. = 9.525254e-006
line imp.     = 5.425578e+001

ref. port     = 0

-0.000000e+000  -0.000000e+000  -0.000000e+000  -0.000000e+000  -0.000000e+000  
-2.242353e+003  -2.044622e+003  2.044480e+003  2.242494e+003  -0.000000e+000  
-4.287196e+003  -8.376501e+003  8.376501e+003  4.287196e+003  -0.000000e+000  
-2.242494e+003  -2.044480e+003  2.044622e+003  2.242353e+003  -0.000000e+000  
-0.000000e+000  -0.000000e+000  -0.000000e+000  -0.000000e+000  -0.000000e+000  

-0.000000e+000  -2.242353e+003  -4.287196e+003  -2.242495e+003  -0.000000e+000  
-0.000000e+000  -2.044622e+003  -8.376501e+003  -2.044480e+003  -0.000000e+000  
-0.000000e+000  2.044480e+003  8.376501e+003  2.044622e+003  -0.000000e+000  
-0.000000e+000  2.242495e+003  4.287196e+003  2.242353e+003  -0.000000e+000  
-0.000000e+000  -0.000000e+000  -0.000000e+000  -0.000000e+000  -0.000000e+000  

0.000000e+000  0.000000e+000  0.000000e+000  0.000000e+000  0.000000e+000  
0.000000e+000  0.000000e+000  0.000000e+000  0.000000e+000  0.000000e+000  
0.000000e+000  0.000000e+000  0.000000e+000  0.000000e+000  0.000000e+000  
0.000000e+000  0.000000e+000  0.000000e+000  0.000000e+000  0.000000e+000  
0.000000e+000  0.000000e+000  0.000000e+000  0.000000e+000  0.000000e+000  

0.000000e+000  0.000000e+000  0.000000e+000  0.000000e+000  0.000000e+000  
0.000000e+000  0.000000e+000  0.000000e+000  0.000000e+000  0.000000e+000  
0.000000e+000  0.000000e+000  0.000000e+000  0.000000e+000  0.000000e+000  
0.000000e+000  0.000000e+000  0.000000e+000  0.000000e+000  0.000000e+000  
0.000000e+000  0.000000e+000  0.000000e+000  0.000000e+000  0.000000e+000  

0.000000e+000  0.000000e+000  0.000000e+000  0.000000e+000  0.000000e+000  
0.000000e+000  0.000000e+000  0.000000e+000  0.000000e+000  0.000000e+000  
0.000000e+000  0.000000e+000  0.000000e+000  0.000000e+000  0.000000e+000  
0.000000e+000  0.000000e+000  0.000000e+000  0.000000e+000  0.000000e+000  
0.000000e+000  0.000000e+000  0.000000e+000  0.000000e+000  0.000000e+000  

-0.000000e+000  -0.000000e+000  -0.000000e+000  -0.000000e+000  -0.000000e+000  
-0.000000e+000  8.111230e+000  3.065736e+000  8.120680e+000  -0.000000e+000  
-0.000000e+000  3.065725e+000  -0.000000e+000  3.065725e+000  -0.000000e+000  
-0.000000e+000  8.120680e+000  3.065736e+000  8.111230e+000  -0.000000e+000  
-0.000000e+000  -0.000000e+000  -0.000000e+000  -0.000000e+000  -0.000000e+000  

