Port monitor named: Port1_h1[2.2].prt

nx        = 71
ny        = 31
nz        = 23

nu        = 5
nv        = 5
iu        = 12
iv        = 14

idir      = 2
dcut      = 2.555000e-002
icut      = 23
type      = 1
frequency = 2.200000e+009

fcutoff   = 0.000000e+000
alpha     = 0.000000e+000
beta      = 6.459066e+001
accuracy  = 3.929804e-015

type          = TEM
wave imp.     = 2.655755e+002
wave imp.sig. = 9.525254e-006
line imp.     = 5.425578e+001

ref. port     = 0

-0.000000e+000  7.884083e+000  1.577000e+001  7.884083e+000  -0.000000e+000  
-0.000000e+000  7.885090e+000  3.154094e+001  7.885090e+000  -0.000000e+000  
-0.000000e+000  -7.885090e+000  -3.154094e+001  -7.885090e+000  -0.000000e+000  
-0.000000e+000  -7.884083e+000  -1.577000e+001  -7.884083e+000  -0.000000e+000  
-0.000000e+000  -0.000000e+000  -0.000000e+000  -0.000000e+000  -0.000000e+000  

-0.000000e+000  -0.000000e+000  -0.000000e+000  -0.000000e+000  -0.000000e+000  
-7.884082e+000  -7.885089e+000  7.885088e+000  7.884079e+000  -0.000000e+000  
-1.576999e+001  -3.154094e+001  3.154094e+001  1.576999e+001  -0.000000e+000  
-7.884079e+000  -7.885088e+000  7.885089e+000  7.884082e+000  -0.000000e+000  
-0.000000e+000  -0.000000e+000  -0.000000e+000  -0.000000e+000  -0.000000e+000  

0.000000e+000  0.000000e+000  0.000000e+000  0.000000e+000  0.000000e+000  
0.000000e+000  0.000000e+000  0.000000e+000  0.000000e+000  0.000000e+000  
0.000000e+000  0.000000e+000  0.000000e+000  0.000000e+000  0.000000e+000  
0.000000e+000  0.000000e+000  0.000000e+000  0.000000e+000  0.000000e+000  
0.000000e+000  0.000000e+000  0.000000e+000  0.000000e+000  0.000000e+000  

0.000000e+000  0.000000e+000  0.000000e+000  0.000000e+000  0.000000e+000  
0.000000e+000  0.000000e+000  0.000000e+000  0.000000e+000  0.000000e+000  
0.000000e+000  0.000000e+000  0.000000e+000  0.000000e+000  0.000000e+000  
0.000000e+000  0.000000e+000  0.000000e+000  0.000000e+000  0.000000e+000  
0.000000e+000  0.000000e+000  0.000000e+000  0.000000e+000  0.000000e+000  

0.000000e+000  0.000000e+000  0.000000e+000  0.000000e+000  0.000000e+000  
0.000000e+000  0.000000e+000  0.000000e+000  0.000000e+000  0.000000e+000  
0.000000e+000  0.000000e+000  0.000000e+000  0.000000e+000  0.000000e+000  
0.000000e+000  0.000000e+000  0.000000e+000  0.000000e+000  0.000000e+000  
0.000000e+000  0.000000e+000  0.000000e+000  0.000000e+000  0.000000e+000  

9.198712e-006  1.238538e-002  -1.240258e-002  -5.884814e-005  -0.000000e+000  
-1.236698e-002  9.221833e-006  9.156734e-006  1.242094e-002  -0.000000e+000  
1.242094e-002  9.156734e-006  9.221833e-006  -1.236698e-002  -0.000000e+000  
-5.884814e-005  -1.240258e-002  1.238538e-002  9.198711e-006  -0.000000e+000  
-0.000000e+000  -0.000000e+000  -0.000000e+000  -0.000000e+000  -0.000000e+000  

