Port monitor named: Port2_h1[2.5].prt

nx        = 165
ny        = 56
nz        = 70

nu        = 11
nv        = 11
iu        = 26
iv        = 138

idir      = 1
dcut      = 2.525000e-002
icut      = 46
type      = 1
frequency = 2.500000e+009

fcutoff   = 0.000000e+000
alpha     = 0.000000e+000
beta      = 7.283539e+001
accuracy  = 1.397806e-012

type          = QTEM
wave imp.     = 2.630858e+002
wave imp.sig. = 1.195945e-001
line imp.     = 5.440232e+001

ref. port     = 0

0.000000e+000  4.081925e+000  8.165532e+000  1.190163e+001  1.361852e+001  1.427107e+001  1.361852e+001  1.190163e+001  8.165532e+000  4.081925e+000  0.000000e+000  
0.000000e+000  4.082730e+000  8.518193e+000  1.330520e+001  1.599191e+001  1.718144e+001  1.599191e+001  1.330520e+001  8.518193e+000  4.082730e+000  0.000000e+000  
0.000000e+000  3.733248e+000  8.519421e+000  1.563618e+001  2.170400e+001  2.539738e+001  2.170400e+001  1.563618e+001  8.519421e+000  3.733248e+000  0.000000e+000  
0.000000e+000  2.562755e+000  6.574636e+000  1.563647e+001  3.089278e+001  0.000000e+000  3.089278e+001  1.563647e+001  6.574636e+000  2.562755e+000  0.000000e+000  
0.000000e+000  9.741304e-001  2.750425e+000  8.266252e+000  0.000000e+000  0.000000e+000  0.000000e+000  8.266252e+000  2.750425e+000  9.741303e-001  0.000000e+000  
0.000000e+000  -9.741667e-001  -2.750479e+000  -8.266284e+000  0.000000e+000  0.000000e+000  0.000000e+000  -8.266284e+000  -2.750479e+000  -9.741667e-001  0.000000e+000  
0.000000e+000  -2.562800e+000  -6.574709e+000  -1.563657e+001  -3.089300e+001  0.000000e+000  -3.089300e+001  -1.563657e+001  -6.574709e+000  -2.562800e+000  0.000000e+000  
0.000000e+000  -3.733312e+000  -8.519517e+000  -1.563631e+001  -2.170417e+001  -2.539759e+001  -2.170417e+001  -1.563631e+001  -8.519517e+000  -3.733312e+000  0.000000e+000  
0.000000e+000  -4.082825e+000  -8.518316e+000  -1.330534e+001  -1.599207e+001  -1.718160e+001  -1.599207e+001  -1.330534e+001  -8.518316e+000  -4.082825e+000  0.000000e+000  
0.000000e+000  -4.082010e+000  -8.165683e+000  -1.190178e+001  -1.361867e+001  -1.427123e+001  -1.361867e+001  -1.190178e+001  -8.165683e+000  -4.082010e+000  0.000000e+000  
0.000000e+000  0.000000e+000  0.000000e+000  0.000000e+000  0.000000e+000  0.000000e+000  0.000000e+000  0.000000e+000  0.000000e+000  0.000000e+000  0.000000e+000  

0.000000e+000  0.000000e+000  0.000000e+000  0.000000e+000  0.000000e+000  0.000000e+000  0.000000e+000  0.000000e+000  0.000000e+000  0.000000e+000  0.000000e+000  
-4.081934e+000  -4.082753e+000  -3.733265e+000  -2.562769e+000  -9.741452e-001  9.741452e-001  2.562769e+000  3.733265e+000  4.082753e+000  4.081934e+000  0.000000e+000  
-8.165537e+000  -8.518219e+000  -8.519446e+000  -6.574654e+000  -2.750443e+000  2.750443e+000  6.574654e+000  8.519446e+000  8.518219e+000  8.165537e+000  0.000000e+000  
-1.190168e+001  -1.330526e+001  -1.563622e+001  -1.563647e+001  -8.266235e+000  8.266235e+000  1.563647e+001  1.563622e+001  1.330526e+001  1.190168e+001  0.000000e+000  
-1.361860e+001  -1.599199e+001  -2.170408e+001  -3.089284e+001  0.000000e+000  0.000000e+000  3.089284e+001  2.170408e+001  1.599199e+001  1.361860e+001  0.000000e+000  
-1.427119e+001  -1.718155e+001  -2.539751e+001  0.000000e+000  0.000000e+000  0.000000e+000  0.000000e+000  2.539751e+001  1.718155e+001  1.427119e+001  0.000000e+000  
-1.361866e+001  -1.599204e+001  -2.170413e+001  -3.089297e+001  0.000000e+000  0.000000e+000  3.089297e+001  2.170413e+001  1.599204e+001  1.361866e+001  0.000000e+000  
-1.190181e+001  -1.330534e+001  -1.563630e+001  -1.563657e+001  -8.266294e+000  8.266294e+000  1.563657e+001  1.563630e+001  1.330534e+001  1.190181e+001  0.000000e+000  
-8.165796e+000  -8.518347e+000  -8.519518e+000  -6.574702e+000  -2.750463e+000  2.750463e+000  6.574702e+000  8.519518e+000  8.518347e+000  8.165796e+000  0.000000e+000  
-4.082046e+000  -4.082821e+000  -3.733306e+000  -2.562792e+000  -9.741535e-001  9.741535e-001  2.562792e+000  3.733306e+000  4.082821e+000  4.082046e+000  0.000000e+000  
0.000000e+000  0.000000e+000  0.000000e+000  0.000000e+000  0.000000e+000  0.000000e+000  0.000000e+000  0.000000e+000  0.000000e+000  0.000000e+000  0.000000e+000  

0.000000e+000  0.000000e+000  0.000000e+000  0.000000e+000  0.000000e+000  0.000000e+000  0.000000e+000  0.000000e+000  0.000000e+000  0.000000e+000  0.000000e+000  
0.000000e+000  0.000000e+000  0.000000e+000  0.000000e+000  0.000000e+000  0.000000e+000  0.000000e+000  0.000000e+000  0.000000e+000  0.000000e+000  0.000000e+000  
0.000000e+000  0.000000e+000  0.000000e+000  0.000000e+000  0.000000e+000  0.000000e+000  0.000000e+000  0.000000e+000  0.000000e+000  0.000000e+000  0.000000e+000  
0.000000e+000  0.000000e+000  0.000000e+000  0.000000e+000  0.000000e+000  0.000000e+000  0.000000e+000  0.000000e+000  0.000000e+000  0.000000e+000  0.000000e+000  
0.000000e+000  0.000000e+000  0.000000e+000  0.000000e+000  0.000000e+000  0.000000e+000  0.000000e+000  0.000000e+000  0.000000e+000  0.000000e+000  0.000000e+000  
0.000000e+000  0.000000e+000  0.000000e+000  0.000000e+000  0.000000e+000  0.000000e+000  0.000000e+000  0.000000e+000  0.000000e+000  0.000000e+000  0.000000e+000  
0.000000e+000  0.000000e+000  0.000000e+000  0.000000e+000  0.000000e+000  0.000000e+000  0.000000e+000  0.000000e+000  0.000000e+000  0.000000e+000  0.000000e+000  
0.000000e+000  0.000000e+000  0.000000e+000  0.000000e+000  0.000000e+000  0.000000e+000  0.000000e+000  0.000000e+000  0.000000e+000  0.000000e+000  0.000000e+000  
0.000000e+000  0.000000e+000  0.000000e+000  0.000000e+000  0.000000e+000  0.000000e+000  0.000000e+000  0.000000e+000  0.000000e+000  0.000000e+000  0.000000e+000  
0.000000e+000  0.000000e+000  0.000000e+000  0.000000e+000  0.000000e+000  0.000000e+000  0.000000e+000  0.000000e+000  0.000000e+000  0.000000e+000  0.000000e+000  
0.000000e+000  0.000000e+000  0.000000e+000  0.000000e+000  0.000000e+000  0.000000e+000  0.000000e+000  0.000000e+000  0.000000e+000  0.000000e+000  0.000000e+000  

0.000000e+000  0.000000e+000  0.000000e+000  0.000000e+000  0.000000e+000  0.000000e+000  0.000000e+000  0.000000e+000  0.000000e+000  0.000000e+000  0.000000e+000  
0.000000e+000  0.000000e+000  0.000000e+000  0.000000e+000  0.000000e+000  0.000000e+000  0.000000e+000  0.000000e+000  0.000000e+000  0.000000e+000  0.000000e+000  
0.000000e+000  0.000000e+000  0.000000e+000  0.000000e+000  0.000000e+000  0.000000e+000  0.000000e+000  0.000000e+000  0.000000e+000  0.000000e+000  0.000000e+000  
0.000000e+000  0.000000e+000  0.000000e+000  0.000000e+000  0.000000e+000  0.000000e+000  0.000000e+000  0.000000e+000  0.000000e+000  0.000000e+000  0.000000e+000  
0.000000e+000  0.000000e+000  0.000000e+000  0.000000e+000  0.000000e+000  0.000000e+000  0.000000e+000  0.000000e+000  0.000000e+000  0.000000e+000  0.000000e+000  
0.000000e+000  0.000000e+000  0.000000e+000  0.000000e+000  0.000000e+000  0.000000e+000  0.000000e+000  0.000000e+000  0.000000e+000  0.000000e+000  0.000000e+000  
0.000000e+000  0.000000e+000  0.000000e+000  0.000000e+000  0.000000e+000  0.000000e+000  0.000000e+000  0.000000e+000  0.000000e+000  0.000000e+000  0.000000e+000  
0.000000e+000  0.000000e+000  0.000000e+000  0.000000e+000  0.000000e+000  0.000000e+000  0.000000e+000  0.000000e+000  0.000000e+000  0.000000e+000  0.000000e+000  
0.000000e+000  0.000000e+000  0.000000e+000  0.000000e+000  0.000000e+000  0.000000e+000  0.000000e+000  0.000000e+000  0.000000e+000  0.000000e+000  0.000000e+000  
0.000000e+000  0.000000e+000  0.000000e+000  0.000000e+000  0.000000e+000  0.000000e+000  0.000000e+000  0.000000e+000  0.000000e+000  0.000000e+000  0.000000e+000  
0.000000e+000  0.000000e+000  0.000000e+000  0.000000e+000  0.000000e+000  0.000000e+000  0.000000e+000  0.000000e+000  0.000000e+000  0.000000e+000  0.000000e+000  

0.000000e+000  0.000000e+000  0.000000e+000  0.000000e+000  0.000000e+000  0.000000e+000  0.000000e+000  0.000000e+000  0.000000e+000  0.000000e+000  0.000000e+000  
0.000000e+000  0.000000e+000  0.000000e+000  0.000000e+000  0.000000e+000  0.000000e+000  0.000000e+000  0.000000e+000  0.000000e+000  0.000000e+000  0.000000e+000  
0.000000e+000  0.000000e+000  0.000000e+000  0.000000e+000  0.000000e+000  0.000000e+000  0.000000e+000  0.000000e+000  0.000000e+000  0.000000e+000  0.000000e+000  
0.000000e+000  0.000000e+000  0.000000e+000  0.000000e+000  0.000000e+000  0.000000e+000  0.000000e+000  0.000000e+000  0.000000e+000  0.000000e+000  0.000000e+000  
0.000000e+000  0.000000e+000  0.000000e+000  0.000000e+000  0.000000e+000  0.000000e+000  0.000000e+000  0.000000e+000  0.000000e+000  0.000000e+000  0.000000e+000  
0.000000e+000  0.000000e+000  0.000000e+000  0.000000e+000  0.000000e+000  0.000000e+000  0.000000e+000  0.000000e+000  0.000000e+000  0.000000e+000  0.000000e+000  
0.000000e+000  0.000000e+000  0.000000e+000  0.000000e+000  0.000000e+000  0.000000e+000  0.000000e+000  0.000000e+000  0.000000e+000  0.000000e+000  0.000000e+000  
0.000000e+000  0.000000e+000  0.000000e+000  0.000000e+000  0.000000e+000  0.000000e+000  0.000000e+000  0.000000e+000  0.000000e+000  0.000000e+000  0.000000e+000  
0.000000e+000  0.000000e+000  0.000000e+000  0.000000e+000  0.000000e+000  0.000000e+000  0.000000e+000  0.000000e+000  0.000000e+000  0.000000e+000  0.000000e+000  
0.000000e+000  0.000000e+000  0.000000e+000  0.000000e+000  0.000000e+000  0.000000e+000  0.000000e+000  0.000000e+000  0.000000e+000  0.000000e+000  0.000000e+000  
0.000000e+000  0.000000e+000  0.000000e+000  0.000000e+000  0.000000e+000  0.000000e+000  0.000000e+000  0.000000e+000  0.000000e+000  0.000000e+000  0.000000e+000  

-2.697944e-004  2.474572e-002  8.211582e-002  3.760487e-002  1.163181e-002  -1.163181e-002  -3.760487e-002  -8.211582e-002  -2.474572e-002  2.697942e-004  0.000000e+000  
-2.528546e-002  -9.869145e-005  2.394480e-002  1.590347e-002  5.588406e-003  -5.588407e-003  -1.590347e-002  -2.394480e-002  9.869119e-005  2.528546e-002  0.000000e+000  
-8.395142e-002  -2.505664e-002  -5.508630e-004  2.821936e-003  1.466827e-003  -1.466828e-003  -2.821936e-003  5.508628e-004  2.505664e-002  8.395142e-002  0.000000e+000  
-3.928120e-002  -1.718290e-002  -3.915206e-003  -5.384828e-004  9.651914e-004  -9.651927e-004  5.384827e-004  3.915205e-003  1.718290e-002  3.928120e-002  0.000000e+000  
-1.335832e-002  -6.907769e-003  -2.478585e-003  -1.993262e-003  0.000000e+000  0.000000e+000  1.993261e-003  2.478585e-003  6.907769e-003  1.335832e-002  0.000000e+000  
9.672595e-003  4.273769e-003  6.832756e-004  3.931132e-004  0.000000e+000  0.000000e+000  -3.931127e-004  -6.832759e-004  -4.273769e-003  -9.672596e-003  0.000000e+000  
3.512398e-002  1.464446e-002  2.391139e-003  -4.766333e-004  -1.354249e-003  1.354248e-003  4.766331e-004  -2.391140e-003  -1.464446e-002  -3.512398e-002  0.000000e+000  
7.830159e-002  2.297523e-002  -4.087884e-004  -3.341775e-003  -1.647033e-003  1.647033e-003  3.341775e-003  4.087882e-004  -2.297523e-002  -7.830159e-002  0.000000e+000  
2.679159e-002  1.011487e-003  -2.363340e-002  -1.580068e-002  -5.564769e-003  5.564769e-003  1.580068e-002  2.363340e-002  -1.011487e-003  -2.679159e-002  0.000000e+000  
1.048988e-003  -2.469301e-002  -8.088487e-002  -3.707616e-002  -1.147542e-002  1.147542e-002  3.707616e-002  8.088487e-002  2.469301e-002  -1.048989e-003  0.000000e+000  
0.000000e+000  0.000000e+000  0.000000e+000  0.000000e+000  0.000000e+000  0.000000e+000  0.000000e+000  0.000000e+000  0.000000e+000  0.000000e+000  0.000000e+000  

