Port monitor named: Port1_h1[10.5].prt

nx        = 45
ny        = 42
nz        = 63

nu        = 21
nv        = 23
iu        = 7
iv        = 12

idir      = 1
dcut      = 1.416000e-002
icut      = 42
type      = 1
frequency = 1.050000e+010

fcutoff   = 0.000000e+000
alpha     = 0.000000e+000
beta      = 3.102251e+002
accuracy  = 4.980639e-011

type          = TEM
wave imp.     = 2.672404e+002
wave imp.sig. = 7.747702e-006
line imp.     = 5.010455e+001

ref. port     = 0

0.000000e+000  0.000000e+000  0.000000e+000  0.000000e+000  0.000000e+000  0.000000e+000  9.928892e+000  1.049577e+001  1.108680e+001  1.141334e+001  1.152558e+001  1.141334e+001  1.108680e+001  1.049577e+001  9.928891e+000  0.000000e+000  0.000000e+000  0.000000e+000  0.000000e+000  0.000000e+000  0.000000e+000  
0.000000e+000  0.000000e+000  0.000000e+000  0.000000e+000  8.763007e+000  9.662254e+000  1.055227e+001  1.146285e+001  1.229216e+001  1.283182e+001  1.302096e+001  1.283182e+001  1.229216e+001  1.146285e+001  1.055226e+001  9.662251e+000  8.763004e+000  0.000000e+000  0.000000e+000  0.000000e+000  0.000000e+000  
0.000000e+000  0.000000e+000  0.000000e+000  7.958903e+000  9.031022e+000  1.020680e+001  1.142344e+001  1.263099e+001  1.380805e+001  1.462610e+001  1.492192e+001  1.462610e+001  1.380804e+001  1.263099e+001  1.142343e+001  1.020680e+001  9.031018e+000  7.958899e+000  0.000000e+000  0.000000e+000  0.000000e+000  
0.000000e+000  0.000000e+000  6.550794e+000  7.958639e+000  9.212451e+000  1.063889e+001  1.220077e+001  1.381727e+001  1.548117e+001  1.669831e+001  1.715354e+001  1.669831e+001  1.548117e+001  1.381727e+001  1.220076e+001  1.063888e+001  9.212445e+000  7.958633e+000  6.550789e+000  0.000000e+000  0.000000e+000  
0.000000e+000  0.000000e+000  6.487966e+000  7.826138e+000  9.238093e+000  1.090933e+001  1.283085e+001  1.492367e+001  1.720362e+001  1.896094e+001  1.964599e+001  1.896094e+001  1.720362e+001  1.492367e+001  1.283084e+001  1.090932e+001  9.238085e+000  7.826130e+000  6.487960e+000  0.000000e+000  0.000000e+000  
0.000000e+000  5.142322e+000  6.142288e+000  7.520771e+000  9.066827e+000  1.098969e+001  1.333083e+001  1.605371e+001  1.925011e+001  2.188839e+001  2.298789e+001  2.188839e+001  1.925011e+001  1.605371e+001  1.333082e+001  1.098968e+001  9.066816e+000  7.520761e+000  6.142280e+000  5.142316e+000  0.000000e+000  
0.000000e+000  4.519887e+000  5.619959e+000  7.028715e+000  8.656285e+000  1.077671e+001  1.351937e+001  1.696103e+001  2.139739e+001  2.537203e+001  2.721090e+001  2.537203e+001  2.139739e+001  1.696103e+001  1.351936e+001  1.077670e+001  8.656272e+000  7.028702e+000  5.619949e+000  4.519880e+000  0.000000e+000  
0.000000e+000  4.033362e+000  5.044462e+000  6.414701e+000  8.056067e+000  1.028939e+001  1.335087e+001  1.750646e+001  2.348038e+001  2.929472e+001  3.239276e+001  2.929472e+001  2.348038e+001  1.750646e+001  1.335086e+001  1.028938e+001  8.056049e+000  6.414684e+000  5.044449e+000  4.033354e+000  0.000000e+000  
0.000000e+000  3.258547e+000  4.126560e+000  5.358333e+000  6.907522e+000  9.140243e+000  1.244998e+001  1.747977e+001  2.626685e+001  3.506573e+001  0.000000e+000  3.506573e+001  2.626686e+001  1.747977e+001  1.244996e+001  9.140221e+000  6.907498e+000  5.358311e+000  4.126544e+000  3.258537e+000  0.000000e+000  
0.000000e+000  2.089645e+000  2.658230e+000  3.517507e+000  4.657523e+000  6.407522e+000  9.234959e+000  1.404814e+001  0.000000e+000  0.000000e+000  0.000000e+000  0.000000e+000  0.000000e+000  1.404815e+001  9.234935e+000  6.407484e+000  4.657485e+000  3.517475e+000  2.658208e+000  2.089633e+000  0.000000e+000  
0.000000e+000  7.149417e-001  9.187640e-001  1.231244e+000  1.660353e+000  2.355041e+000  3.587591e+000  6.934854e+000  0.000000e+000  0.000000e+000  0.000000e+000  0.000000e+000  0.000000e+000  6.934866e+000  3.587534e+000  2.354972e+000  1.660293e+000  1.231199e+000  9.187366e-001  7.149288e-001  0.000000e+000  
0.000000e+000  -7.212007e-001  -9.220504e-001  -1.233600e+000  -1.662124e+000  -2.356268e+000  -3.588283e+000  -6.935005e+000  0.000000e+000  0.000000e+000  0.000000e+000  0.000000e+000  0.000000e+000  -6.935121e+000  -3.588437e+000  -2.356397e+000  -1.662214e+000  -1.233658e+000  -9.220804e-001  -7.212114e-001  0.000000e+000  
0.000000e+000  -2.082070e+000  -2.659611e+000  -3.519607e+000  -4.659241e+000  -6.408739e+000  -9.235682e+000  -1.404844e+001  0.000000e+000  0.000000e+000  0.000000e+000  0.000000e+000  0.000000e+000  -1.404897e+001  -9.236031e+000  -6.408941e+000  -4.659354e+000  -3.519667e+000  -2.659636e+000  -2.082073e+000  0.000000e+000  
0.000000e+000  -3.283191e+000  -4.133718e+000  -5.361328e+000  -6.909333e+000  -9.141441e+000  -1.245065e+001  -1.747951e+001  -2.627837e+001  -3.506417e+001  0.000000e+000  -3.506776e+001  -2.626840e+001  -1.748092e+001  -1.245115e+001  -9.141647e+000  -6.909426e+000  -5.361367e+000  -4.133726e+000  -3.283179e+000  0.000000e+000  
0.000000e+000  -4.039848e+000  -5.046213e+000  -6.416149e+000  -8.057387e+000  -1.029049e+001  -1.335190e+001  -1.750796e+001  -2.348547e+001  -2.929594e+001  -3.239433e+001  -2.929640e+001  -2.348176e+001  -1.750755e+001  -1.335189e+001  -1.029052e+001  -8.057402e+000  -6.416147e+000  -5.046197e+000  -4.039821e+000  0.000000e+000  
0.000000e+000  -4.510451e+000  -5.615929e+000  -7.028912e+000  -8.657272e+000  -1.077766e+001  -1.352041e+001  -1.696262e+001  -2.140045e+001  -2.537376e+001  -2.721253e+001  -2.537357e+001  -2.139864e+001  -1.696199e+001  -1.352020e+001  -1.077758e+001  -8.657229e+000  -7.028877e+000  -5.615892e+000  -4.510411e+000  0.000000e+000  
0.000000e+000  -4.924068e+000  -6.132217e+000  -7.521018e+000  -9.067884e+000  -1.099040e+001  -1.333164e+001  -1.605501e+001  -1.925210e+001  -2.189017e+001  -2.298958e+001  -2.188986e+001  -1.925120e+001  -1.605446e+001  -1.333135e+001  -1.099025e+001  -9.067790e+000  -7.520949e+000  -6.132158e+000  -4.924019e+000  0.000000e+000  
0.000000e+000  0.000000e+000  -6.492707e+000  -7.832241e+000  -9.240106e+000  -1.090944e+001  -1.283110e+001  -1.492453e+001  -1.720500e+001  -1.896269e+001  -1.964779e+001  -1.896245e+001  -1.720450e+001  -1.492413e+001  -1.283082e+001  -1.090926e+001  -9.239982e+000  -7.832147e+000  -6.492630e+000  0.000000e+000  0.000000e+000  
0.000000e+000  0.000000e+000  -6.744958e+000  -7.974335e+000  -9.213756e+000  -1.063687e+001  -1.220009e+001  -1.381780e+001  -1.548202e+001  -1.670023e+001  -1.715569e+001  -1.670006e+001  -1.548172e+001  -1.381751e+001  -1.219986e+001  -1.063669e+001  -9.213620e+000  -7.974225e+000  -6.744871e+000  0.000000e+000  0.000000e+000  
0.000000e+000  0.000000e+000  0.000000e+000  -7.971541e+000  -9.021783e+000  -1.019818e+001  -1.142182e+001  -1.263190e+001  -1.380776e+001  -1.462880e+001  -1.492493e+001  -1.462870e+001  -1.380757e+001  -1.263170e+001  -1.142163e+001  -1.019802e+001  -9.021648e+000  -7.971426e+000  0.000000e+000  0.000000e+000  0.000000e+000  
0.000000e+000  0.000000e+000  0.000000e+000  0.000000e+000  -8.822954e+000  -9.637781e+000  -1.055545e+001  -1.146870e+001  -1.228608e+001  -1.283830e+001  -1.302572e+001  -1.283823e+001  -1.228596e+001  -1.146856e+001  -1.055531e+001  -9.637642e+000  -8.822824e+000  0.000000e+000  0.000000e+000  0.000000e+000  0.000000e+000  
0.000000e+000  0.000000e+000  0.000000e+000  0.000000e+000  0.000000e+000  0.000000e+000  -9.927549e+000  -1.052331e+001  -1.104869e+001  -1.143890e+001  -1.152847e+001  -1.143885e+001  -1.104861e+001  -1.052320e+001  -9.927425e+000  0.000000e+000  0.000000e+000  0.000000e+000  0.000000e+000  0.000000e+000  0.000000e+000  
0.000000e+000  0.000000e+000  0.000000e+000  0.000000e+000  0.000000e+000  0.000000e+000  0.000000e+000  0.000000e+000  0.000000e+000  0.000000e+000  0.000000e+000  0.000000e+000  0.000000e+000  0.000000e+000  0.000000e+000  0.000000e+000  0.000000e+000  0.000000e+000  0.000000e+000  0.000000e+000  0.000000e+000  

0.000000e+000  0.000000e+000  0.000000e+000  0.000000e+000  0.000000e+000  0.000000e+000  0.000000e+000  0.000000e+000  0.000000e+000  0.000000e+000  0.000000e+000  0.000000e+000  0.000000e+000  0.000000e+000  0.000000e+000  0.000000e+000  0.000000e+000  0.000000e+000  0.000000e+000  0.000000e+000  0.000000e+000  
0.000000e+000  0.000000e+000  0.000000e+000  0.000000e+000  0.000000e+000  -4.689066e+000  -4.145094e+000  -3.256153e+000  -2.092046e+000  -7.221061e-001  7.221066e-001  2.092046e+000  3.256153e+000  4.145094e+000  4.689065e+000  0.000000e+000  0.000000e+000  0.000000e+000  0.000000e+000  0.000000e+000  0.000000e+000  
0.000000e+000  0.000000e+000  0.000000e+000  -6.657858e+000  -6.423982e+000  -5.948799e+000  -5.188596e+000  -4.114844e+000  -2.650830e+000  -9.179521e-001  9.179532e-001  2.650831e+000  4.114844e+000  5.188596e+000  5.948799e+000  6.423981e+000  6.657856e+000  0.000000e+000  0.000000e+000  0.000000e+000  0.000000e+000  
0.000000e+000  0.000000e+000  -7.950967e+000  -7.951248e+000  -7.771387e+000  -7.343029e+000  -6.572413e+000  -5.333608e+000  -3.497870e+000  -1.224256e+000  1.224258e+000  3.497872e+000  5.333609e+000  6.572414e+000  7.343029e+000  7.771385e+000  7.951245e+000  7.950963e+000  0.000000e+000  0.000000e+000  0.000000e+000  
0.000000e+000  -8.798135e+000  -8.880752e+000  -9.043895e+000  -9.014471e+000  -8.704144e+000  -7.981128e+000  -6.643765e+000  -4.456249e+000  -1.582704e+000  1.582707e+000  4.456251e+000  6.643768e+000  7.981131e+000  8.704144e+000  9.014470e+000  9.043891e+000  8.880747e+000  8.798127e+000  0.000000e+000  0.000000e+000  
0.000000e+000  -9.443806e+000  -9.898373e+000  -1.027436e+001  -1.047088e+001  -1.037867e+001  -9.804940e+000  -8.439003e+000  -5.839966e+000  -2.122109e+000  2.122112e+000  5.839970e+000  8.439007e+000  9.804944e+000  1.037867e+001  1.047088e+001  1.027435e+001  9.898367e+000  9.443797e+000  0.000000e+000  0.000000e+000  
-9.269362e+000  -1.018134e+001  -1.094665e+001  -1.162168e+001  -1.214658e+001  -1.241888e+001  -1.217782e+001  -1.095585e+001  -7.917353e+000  -2.987862e+000  2.987865e+000  7.917357e+000  1.095586e+001  1.217783e+001  1.241889e+001  1.214658e+001  1.162168e+001  1.094664e+001  1.018133e+001  9.269350e+000  0.000000e+000  
-1.004165e+001  -1.084641e+001  -1.179833e+001  -1.274928e+001  -1.361563e+001  -1.431903e+001  -1.456224e+001  -1.373295e+001  -1.040541e+001  -4.138967e+000  4.138969e+000  1.040541e+001  1.373295e+001  1.456225e+001  1.431903e+001  1.361563e+001  1.274928e+001  1.179832e+001  1.084639e+001  1.004164e+001  0.000000e+000  
-1.047087e+001  -1.145768e+001  -1.262672e+001  -1.388644e+001  -1.516290e+001  -1.644005e+001  -1.744128e+001  -1.747252e+001  -1.404509e+001  -6.946614e+000  6.946616e+000  1.404510e+001  1.747254e+001  1.744129e+001  1.644006e+001  1.516291e+001  1.388643e+001  1.262671e+001  1.145766e+001  1.047085e+001  0.000000e+000  
-1.108567e+001  -1.229599e+001  -1.381635e+001  -1.560100e+001  -1.763398e+001  -2.010311e+001  -2.300802e+001  -2.627414e+001  0.000000e+000  0.000000e+000  0.000000e+000  0.000000e+000  2.627416e+001  2.300805e+001  2.010313e+001  1.763398e+001  1.560100e+001  1.381633e+001  1.229597e+001  1.108564e+001  0.000000e+000  
-1.142170e+001  -1.284512e+001  -1.464622e+001  -1.686272e+001  -1.957079e+001  -2.323239e+001  -2.833503e+001  -3.510525e+001  0.000000e+000  0.000000e+000  0.000000e+000  0.000000e+000  3.510531e+001  2.833509e+001  2.323242e+001  1.957080e+001  1.686271e+001  1.464619e+001  1.284508e+001  1.142167e+001  0.000000e+000  
-1.155493e+001  -1.304196e+001  -1.494800e+001  -1.733764e+001  -2.033964e+001  -2.459651e+001  -3.108023e+001  0.000000e+000  0.000000e+000  0.000000e+000  0.000000e+000  0.000000e+000  0.000000e+000  3.108036e+001  2.459656e+001  2.033964e+001  1.733761e+001  1.494796e+001  1.304192e+001  1.155489e+001  0.000000e+000  
-1.143890e+001  -1.284799e+001  -1.464711e+001  -1.686337e+001  -1.957140e+001  -2.323298e+001  -2.833565e+001  -3.510601e+001  0.000000e+000  0.000000e+000  0.000000e+000  0.000000e+000  3.510661e+001  2.833584e+001  2.323300e+001  1.957135e+001  1.686330e+001  1.464704e+001  1.284792e+001  1.143884e+001  0.000000e+000  
-1.104653e+001  -1.229021e+001  -1.381655e+001  -1.560208e+001  -1.763513e+001  -2.010425e+001  -2.300911e+001  -2.627470e+001  0.000000e+000  0.000000e+000  0.000000e+000  0.000000e+000  2.627553e+001  2.300910e+001  2.010411e+001  1.763499e+001  1.560195e+001  1.381644e+001  1.229012e+001  1.104646e+001  0.000000e+000  
-1.050510e+001  -1.146879e+001  -1.263095e+001  -1.388882e+001  -1.516474e+001  -1.644177e+001  -1.744340e+001  -1.747670e+001  -1.404136e+001  -6.946305e+000  6.947017e+000  1.404593e+001  1.747356e+001  1.744238e+001  1.644131e+001  1.516447e+001  1.388863e+001  1.263081e+001  1.146868e+001  1.050502e+001  0.000000e+000  
-1.008196e+001  -1.086038e+001  -1.180274e+001  -1.275175e+001  -1.361762e+001  -1.432080e+001  -1.456403e+001  -1.373488e+001  -1.040409e+001  -4.138472e+000  4.139383e+000  1.040605e+001  1.373380e+001  1.456329e+001  1.432036e+001  1.361734e+001  1.275155e+001  1.180259e+001  1.086027e+001  1.008187e+001  0.000000e+000  
-9.586019e+000  -1.019205e+001  -1.094850e+001  -1.162360e+001  -1.214859e+001  -1.242059e+001  -1.217923e+001  -1.095686e+001  -7.916864e+000  -2.987432e+000  2.988222e+000  7.917808e+000  1.095653e+001  1.217879e+001  1.242024e+001  1.214834e+001  1.162341e+001  1.094836e+001  1.019193e+001  9.585923e+000  0.000000e+000  
0.000000e+000  -9.418334e+000  -9.892379e+000  -1.027557e+001  -1.047320e+001  -1.038030e+001  -9.805927e+000  -8.439466e+000  -5.839648e+000  -2.121756e+000  2.122306e+000  5.840117e+000  8.439416e+000  9.805706e+000  1.038006e+001  1.047299e+001  1.027540e+001  9.892241e+000  9.418220e+000  0.000000e+000  0.000000e+000  
0.000000e+000  -8.542012e+000  -8.873723e+000  -9.048675e+000  -9.018438e+000  -8.705656e+000  -7.981582e+000  -6.643821e+000  -4.455638e+000  -1.582305e+000  1.582666e+000  4.455906e+000  6.643845e+000  7.981473e+000  8.705502e+000  9.018281e+000  9.048531e+000  8.873597e+000  8.541900e+000  0.000000e+000  0.000000e+000  
0.000000e+000  0.000000e+000  -7.971541e+000  -7.968569e+000  -7.778256e+000  -7.343365e+000  -6.571816e+000  -5.333409e+000  -3.496421e+000  -1.223672e+000  1.223900e+000  3.496583e+000  5.333443e+000  6.571758e+000  7.343260e+000  7.778135e+000  7.968448e+000  7.971426e+000  0.000000e+000  0.000000e+000  0.000000e+000  
0.000000e+000  0.000000e+000  0.000000e+000  -6.603639e+000  -6.430136e+000  -5.941115e+000  -5.185102e+000  -4.115887e+000  -2.646283e+000  -9.170505e-001  9.171675e-001  2.646363e+000  4.115903e+000  5.185064e+000  5.941041e+000  6.430044e+000  6.603542e+000  0.000000e+000  0.000000e+000  0.000000e+000  0.000000e+000  
0.000000e+000  0.000000e+000  0.000000e+000  0.000000e+000  0.000000e+000  -4.686474e+000  -4.138550e+000  -3.269543e+000  -2.074499e+000  -7.229866e-001  7.230326e-001  2.074524e+000  3.269534e+000  4.138510e+000  4.686416e+000  0.000000e+000  0.000000e+000  0.000000e+000  0.000000e+000  0.000000e+000  0.000000e+000  
0.000000e+000  0.000000e+000  0.000000e+000  0.000000e+000  0.000000e+000  0.000000e+000  0.000000e+000  0.000000e+000  0.000000e+000  0.000000e+000  0.000000e+000  0.000000e+000  0.000000e+000  0.000000e+000  0.000000e+000  0.000000e+000  0.000000e+000  0.000000e+000  0.000000e+000  0.000000e+000  0.000000e+000  

0.000000e+000  0.000000e+000  0.000000e+000  0.000000e+000  0.000000e+000  0.000000e+000  0.000000e+000  0.000000e+000  0.000000e+000  0.000000e+000  0.000000e+000  0.000000e+000  0.000000e+000  0.000000e+000  0.000000e+000  0.000000e+000  0.000000e+000  0.000000e+000  0.000000e+000  0.000000e+000  0.000000e+000  
0.000000e+000  0.000000e+000  0.000000e+000  0.000000e+000  0.000000e+000  0.000000e+000  0.000000e+000  0.000000e+000  0.000000e+000  0.000000e+000  0.000000e+000  0.000000e+000  0.000000e+000  0.000000e+000  0.000000e+000  0.000000e+000  0.000000e+000  0.000000e+000  0.000000e+000  0.000000e+000  0.000000e+000  
0.000000e+000  0.000000e+000  0.000000e+000  0.000000e+000  0.000000e+000  0.000000e+000  0.000000e+000  0.000000e+000  0.000000e+000  0.000000e+000  0.000000e+000  0.000000e+000  0.000000e+000  0.000000e+000  0.000000e+000  0.000000e+000  0.000000e+000  0.000000e+000  0.000000e+000  0.000000e+000  0.000000e+000  
0.000000e+000  0.000000e+000  0.000000e+000  0.000000e+000  0.000000e+000  0.000000e+000  0.000000e+000  0.000000e+000  0.000000e+000  0.000000e+000  0.000000e+000  0.000000e+000  0.000000e+000  0.000000e+000  0.000000e+000  0.000000e+000  0.000000e+000  0.000000e+000  0.000000e+000  0.000000e+000  0.000000e+000  
0.000000e+000  0.000000e+000  0.000000e+000  0.000000e+000  0.000000e+000  0.000000e+000  0.000000e+000  0.000000e+000  0.000000e+000  0.000000e+000  0.000000e+000  0.000000e+000  0.000000e+000  0.000000e+000  0.000000e+000  0.000000e+000  0.000000e+000  0.000000e+000  0.000000e+000  0.000000e+000  0.000000e+000  
0.000000e+000  0.000000e+000  0.000000e+000  0.000000e+000  0.000000e+000  0.000000e+000  0.000000e+000  0.000000e+000  0.000000e+000  0.000000e+000  0.000000e+000  0.000000e+000  0.000000e+000  0.000000e+000  0.000000e+000  0.000000e+000  0.000000e+000  0.000000e+000  0.000000e+000  0.000000e+000  0.000000e+000  
0.000000e+000  0.000000e+000  0.000000e+000  0.000000e+000  0.000000e+000  0.000000e+000  0.000000e+000  0.000000e+000  0.000000e+000  0.000000e+000  0.000000e+000  0.000000e+000  0.000000e+000  0.000000e+000  0.000000e+000  0.000000e+000  0.000000e+000  0.000000e+000  0.000000e+000  0.000000e+000  0.000000e+000  
0.000000e+000  0.000000e+000  0.000000e+000  0.000000e+000  0.000000e+000  0.000000e+000  0.000000e+000  0.000000e+000  0.000000e+000  0.000000e+000  0.000000e+000  0.000000e+000  0.000000e+000  0.000000e+000  0.000000e+000  0.000000e+000  0.000000e+000  0.000000e+000  0.000000e+000  0.000000e+000  0.000000e+000  
0.000000e+000  0.000000e+000  0.000000e+000  0.000000e+000  0.000000e+000  0.000000e+000  0.000000e+000  0.000000e+000  0.000000e+000  0.000000e+000  0.000000e+000  0.000000e+000  0.000000e+000  0.000000e+000  0.000000e+000  0.000000e+000  0.000000e+000  0.000000e+000  0.000000e+000  0.000000e+000  0.000000e+000  
0.000000e+000  0.000000e+000  0.000000e+000  0.000000e+000  0.000000e+000  0.000000e+000  0.000000e+000  0.000000e+000  0.000000e+000  0.000000e+000  0.000000e+000  0.000000e+000  0.000000e+000  0.000000e+000  0.000000e+000  0.000000e+000  0.000000e+000  0.000000e+000  0.000000e+000  0.000000e+000  0.000000e+000  
0.000000e+000  0.000000e+000  0.000000e+000  0.000000e+000  0.000000e+000  0.000000e+000  0.000000e+000  0.000000e+000  0.000000e+000  0.000000e+000  0.000000e+000  0.000000e+000  0.000000e+000  0.000000e+000  0.000000e+000  0.000000e+000  0.000000e+000  0.000000e+000  0.000000e+000  0.000000e+000  0.000000e+000  
0.000000e+000  0.000000e+000  0.000000e+000  0.000000e+000  0.000000e+000  0.000000e+000  0.000000e+000  0.000000e+000  0.000000e+000  0.000000e+000  0.000000e+000  0.000000e+000  0.000000e+000  0.000000e+000  0.000000e+000  0.000000e+000  0.000000e+000  0.000000e+000  0.000000e+000  0.000000e+000  0.000000e+000  
0.000000e+000  0.000000e+000  0.000000e+000  0.000000e+000  0.000000e+000  0.000000e+000  0.000000e+000  0.000000e+000  0.000000e+000  0.000000e+000  0.000000e+000  0.000000e+000  0.000000e+000  0.000000e+000  0.000000e+000  0.000000e+000  0.000000e+000  0.000000e+000  0.000000e+000  0.000000e+000  0.000000e+000  
0.000000e+000  0.000000e+000  0.000000e+000  0.000000e+000  0.000000e+000  0.000000e+000  0.000000e+000  0.000000e+000  0.000000e+000  0.000000e+000  0.000000e+000  0.000000e+000  0.000000e+000  0.000000e+000  0.000000e+000  0.000000e+000  0.000000e+000  0.000000e+000  0.000000e+000  0.000000e+000  0.000000e+000  
0.000000e+000  0.000000e+000  0.000000e+000  0.000000e+000  0.000000e+000  0.000000e+000  0.000000e+000  0.000000e+000  0.000000e+000  0.000000e+000  0.000000e+000  0.000000e+000  0.000000e+000  0.000000e+000  0.000000e+000  0.000000e+000  0.000000e+000  0.000000e+000  0.000000e+000  0.000000e+000  0.000000e+000  
0.000000e+000  0.000000e+000  0.000000e+000  0.000000e+000  0.000000e+000  0.000000e+000  0.000000e+000  0.000000e+000  0.000000e+000  0.000000e+000  0.000000e+000  0.000000e+000  0.000000e+000  0.000000e+000  0.000000e+000  0.000000e+000  0.000000e+000  0.000000e+000  0.000000e+000  0.000000e+000  0.000000e+000  
0.000000e+000  0.000000e+000  0.000000e+000  0.000000e+000  0.000000e+000  0.000000e+000  0.000000e+000  0.000000e+000  0.000000e+000  0.000000e+000  0.000000e+000  0.000000e+000  0.000000e+000  0.000000e+000  0.000000e+000  0.000000e+000  0.000000e+000  0.000000e+000  0.000000e+000  0.000000e+000  0.000000e+000  
0.000000e+000  0.000000e+000  0.000000e+000  0.000000e+000  0.000000e+000  0.000000e+000  0.000000e+000  0.000000e+000  0.000000e+000  0.000000e+000  0.000000e+000  0.000000e+000  0.000000e+000  0.000000e+000  0.000000e+000  0.000000e+000  0.000000e+000  0.000000e+000  0.000000e+000  0.000000e+000  0.000000e+000  
0.000000e+000  0.000000e+000  0.000000e+000  0.000000e+000  0.000000e+000  0.000000e+000  0.000000e+000  0.000000e+000  0.000000e+000  0.000000e+000  0.000000e+000  0.000000e+000  0.000000e+000  0.000000e+000  0.000000e+000  0.000000e+000  0.000000e+000  0.000000e+000  0.000000e+000  0.000000e+000  0.000000e+000  
0.000000e+000  0.000000e+000  0.000000e+000  0.000000e+000  0.000000e+000  0.000000e+000  0.000000e+000  0.000000e+000  0.000000e+000  0.000000e+000  0.000000e+000  0.000000e+000  0.000000e+000  0.000000e+000  0.000000e+000  0.000000e+000  0.000000e+000  0.000000e+000  0.000000e+000  0.000000e+000  0.000000e+000  
0.000000e+000  0.000000e+000  0.000000e+000  0.000000e+000  0.000000e+000  0.000000e+000  0.000000e+000  0.000000e+000  0.000000e+000  0.000000e+000  0.000000e+000  0.000000e+000  0.000000e+000  0.000000e+000  0.000000e+000  0.000000e+000  0.000000e+000  0.000000e+000  0.000000e+000  0.000000e+000  0.000000e+000  
0.000000e+000  0.000000e+000  0.000000e+000  0.000000e+000  0.000000e+000  0.000000e+000  0.000000e+000  0.000000e+000  0.000000e+000  0.000000e+000  0.000000e+000  0.000000e+000  0.000000e+000  0.000000e+000  0.000000e+000  0.000000e+000  0.000000e+000  0.000000e+000  0.000000e+000  0.000000e+000  0.000000e+000  
0.000000e+000  0.000000e+000  0.000000e+000  0.000000e+000  0.000000e+000  0.000000e+000  0.000000e+000  0.000000e+000  0.000000e+000  0.000000e+000  0.000000e+000  0.000000e+000  0.000000e+000  0.000000e+000  0.000000e+000  0.000000e+000  0.000000e+000  0.000000e+000  0.000000e+000  0.000000e+000  0.000000e+000  

0.000000e+000  0.000000e+000  0.000000e+000  0.000000e+000  0.000000e+000  0.000000e+000  0.000000e+000  0.000000e+000  0.000000e+000  0.000000e+000  0.000000e+000  0.000000e+000  0.000000e+000  0.000000e+000  0.000000e+000  0.000000e+000  0.000000e+000  0.000000e+000  0.000000e+000  0.000000e+000  0.000000e+000  
0.000000e+000  0.000000e+000  0.000000e+000  0.000000e+000  0.000000e+000  0.000000e+000  0.000000e+000  0.000000e+000  0.000000e+000  0.000000e+000  0.000000e+000  0.000000e+000  0.000000e+000  0.000000e+000  0.000000e+000  0.000000e+000  0.000000e+000  0.000000e+000  0.000000e+000  0.000000e+000  0.000000e+000  
0.000000e+000  0.000000e+000  0.000000e+000  0.000000e+000  0.000000e+000  0.000000e+000  0.000000e+000  0.000000e+000  0.000000e+000  0.000000e+000  0.000000e+000  0.000000e+000  0.000000e+000  0.000000e+000  0.000000e+000  0.000000e+000  0.000000e+000  0.000000e+000  0.000000e+000  0.000000e+000  0.000000e+000  
0.000000e+000  0.000000e+000  0.000000e+000  0.000000e+000  0.000000e+000  0.000000e+000  0.000000e+000  0.000000e+000  0.000000e+000  0.000000e+000  0.000000e+000  0.000000e+000  0.000000e+000  0.000000e+000  0.000000e+000  0.000000e+000  0.000000e+000  0.000000e+000  0.000000e+000  0.000000e+000  0.000000e+000  
0.000000e+000  0.000000e+000  0.000000e+000  0.000000e+000  0.000000e+000  0.000000e+000  0.000000e+000  0.000000e+000  0.000000e+000  0.000000e+000  0.000000e+000  0.000000e+000  0.000000e+000  0.000000e+000  0.000000e+000  0.000000e+000  0.000000e+000  0.000000e+000  0.000000e+000  0.000000e+000  0.000000e+000  
0.000000e+000  0.000000e+000  0.000000e+000  0.000000e+000  0.000000e+000  0.000000e+000  0.000000e+000  0.000000e+000  0.000000e+000  0.000000e+000  0.000000e+000  0.000000e+000  0.000000e+000  0.000000e+000  0.000000e+000  0.000000e+000  0.000000e+000  0.000000e+000  0.000000e+000  0.000000e+000  0.000000e+000  
0.000000e+000  0.000000e+000  0.000000e+000  0.000000e+000  0.000000e+000  0.000000e+000  0.000000e+000  0.000000e+000  0.000000e+000  0.000000e+000  0.000000e+000  0.000000e+000  0.000000e+000  0.000000e+000  0.000000e+000  0.000000e+000  0.000000e+000  0.000000e+000  0.000000e+000  0.000000e+000  0.000000e+000  
0.000000e+000  0.000000e+000  0.000000e+000  0.000000e+000  0.000000e+000  0.000000e+000  0.000000e+000  0.000000e+000  0.000000e+000  0.000000e+000  0.000000e+000  0.000000e+000  0.000000e+000  0.000000e+000  0.000000e+000  0.000000e+000  0.000000e+000  0.000000e+000  0.000000e+000  0.000000e+000  0.000000e+000  
0.000000e+000  0.000000e+000  0.000000e+000  0.000000e+000  0.000000e+000  0.000000e+000  0.000000e+000  0.000000e+000  0.000000e+000  0.000000e+000  0.000000e+000  0.000000e+000  0.000000e+000  0.000000e+000  0.000000e+000  0.000000e+000  0.000000e+000  0.000000e+000  0.000000e+000  0.000000e+000  0.000000e+000  
0.000000e+000  0.000000e+000  0.000000e+000  0.000000e+000  0.000000e+000  0.000000e+000  0.000000e+000  0.000000e+000  0.000000e+000  0.000000e+000  0.000000e+000  0.000000e+000  0.000000e+000  0.000000e+000  0.000000e+000  0.000000e+000  0.000000e+000  0.000000e+000  0.000000e+000  0.000000e+000  0.000000e+000  
0.000000e+000  0.000000e+000  0.000000e+000  0.000000e+000  0.000000e+000  0.000000e+000  0.000000e+000  0.000000e+000  0.000000e+000  0.000000e+000  0.000000e+000  0.000000e+000  0.000000e+000  0.000000e+000  0.000000e+000  0.000000e+000  0.000000e+000  0.000000e+000  0.000000e+000  0.000000e+000  0.000000e+000  
0.000000e+000  0.000000e+000  0.000000e+000  0.000000e+000  0.000000e+000  0.000000e+000  0.000000e+000  0.000000e+000  0.000000e+000  0.000000e+000  0.000000e+000  0.000000e+000  0.000000e+000  0.000000e+000  0.000000e+000  0.000000e+000  0.000000e+000  0.000000e+000  0.000000e+000  0.000000e+000  0.000000e+000  
0.000000e+000  0.000000e+000  0.000000e+000  0.000000e+000  0.000000e+000  0.000000e+000  0.000000e+000  0.000000e+000  0.000000e+000  0.000000e+000  0.000000e+000  0.000000e+000  0.000000e+000  0.000000e+000  0.000000e+000  0.000000e+000  0.000000e+000  0.000000e+000  0.000000e+000  0.000000e+000  0.000000e+000  
0.000000e+000  0.000000e+000  0.000000e+000  0.000000e+000  0.000000e+000  0.000000e+000  0.000000e+000  0.000000e+000  0.000000e+000  0.000000e+000  0.000000e+000  0.000000e+000  0.000000e+000  0.000000e+000  0.000000e+000  0.000000e+000  0.000000e+000  0.000000e+000  0.000000e+000  0.000000e+000  0.000000e+000  
0.000000e+000  0.000000e+000  0.000000e+000  0.000000e+000  0.000000e+000  0.000000e+000  0.000000e+000  0.000000e+000  0.000000e+000  0.000000e+000  0.000000e+000  0.000000e+000  0.000000e+000  0.000000e+000  0.000000e+000  0.000000e+000  0.000000e+000  0.000000e+000  0.000000e+000  0.000000e+000  0.000000e+000  
0.000000e+000  0.000000e+000  0.000000e+000  0.000000e+000  0.000000e+000  0.000000e+000  0.000000e+000  0.000000e+000  0.000000e+000  0.000000e+000  0.000000e+000  0.000000e+000  0.000000e+000  0.000000e+000  0.000000e+000  0.000000e+000  0.000000e+000  0.000000e+000  0.000000e+000  0.000000e+000  0.000000e+000  
0.000000e+000  0.000000e+000  0.000000e+000  0.000000e+000  0.000000e+000  0.000000e+000  0.000000e+000  0.000000e+000  0.000000e+000  0.000000e+000  0.000000e+000  0.000000e+000  0.000000e+000  0.000000e+000  0.000000e+000  0.000000e+000  0.000000e+000  0.000000e+000  0.000000e+000  0.000000e+000  0.000000e+000  
0.000000e+000  0.000000e+000  0.000000e+000  0.000000e+000  0.000000e+000  0.000000e+000  0.000000e+000  0.000000e+000  0.000000e+000  0.000000e+000  0.000000e+000  0.000000e+000  0.000000e+000  0.000000e+000  0.000000e+000  0.000000e+000  0.000000e+000  0.000000e+000  0.000000e+000  0.000000e+000  0.000000e+000  
0.000000e+000  0.000000e+000  0.000000e+000  0.000000e+000  0.000000e+000  0.000000e+000  0.000000e+000  0.000000e+000  0.000000e+000  0.000000e+000  0.000000e+000  0.000000e+000  0.000000e+000  0.000000e+000  0.000000e+000  0.000000e+000  0.000000e+000  0.000000e+000  0.000000e+000  0.000000e+000  0.000000e+000  
0.000000e+000  0.000000e+000  0.000000e+000  0.000000e+000  0.000000e+000  0.000000e+000  0.000000e+000  0.000000e+000  0.000000e+000  0.000000e+000  0.000000e+000  0.000000e+000  0.000000e+000  0.000000e+000  0.000000e+000  0.000000e+000  0.000000e+000  0.000000e+000  0.000000e+000  0.000000e+000  0.000000e+000  
0.000000e+000  0.000000e+000  0.000000e+000  0.000000e+000  0.000000e+000  0.000000e+000  0.000000e+000  0.000000e+000  0.000000e+000  0.000000e+000  0.000000e+000  0.000000e+000  0.000000e+000  0.000000e+000  0.000000e+000  0.000000e+000  0.000000e+000  0.000000e+000  0.000000e+000  0.000000e+000  0.000000e+000  
0.000000e+000  0.000000e+000  0.000000e+000  0.000000e+000  0.000000e+000  0.000000e+000  0.000000e+000  0.000000e+000  0.000000e+000  0.000000e+000  0.000000e+000  0.000000e+000  0.000000e+000  0.000000e+000  0.000000e+000  0.000000e+000  0.000000e+000  0.000000e+000  0.000000e+000  0.000000e+000  0.000000e+000  
0.000000e+000  0.000000e+000  0.000000e+000  0.000000e+000  0.000000e+000  0.000000e+000  0.000000e+000  0.000000e+000  0.000000e+000  0.000000e+000  0.000000e+000  0.000000e+000  0.000000e+000  0.000000e+000  0.000000e+000  0.000000e+000  0.000000e+000  0.000000e+000  0.000000e+000  0.000000e+000  0.000000e+000  

0.000000e+000  0.000000e+000  0.000000e+000  0.000000e+000  0.000000e+000  0.000000e+000  0.000000e+000  0.000000e+000  0.000000e+000  0.000000e+000  0.000000e+000  0.000000e+000  0.000000e+000  0.000000e+000  0.000000e+000  0.000000e+000  0.000000e+000  0.000000e+000  0.000000e+000  0.000000e+000  0.000000e+000  
0.000000e+000  0.000000e+000  0.000000e+000  0.000000e+000  0.000000e+000  0.000000e+000  0.000000e+000  0.000000e+000  0.000000e+000  0.000000e+000  0.000000e+000  0.000000e+000  0.000000e+000  0.000000e+000  0.000000e+000  0.000000e+000  0.000000e+000  0.000000e+000  0.000000e+000  0.000000e+000  0.000000e+000  
0.000000e+000  0.000000e+000  0.000000e+000  0.000000e+000  0.000000e+000  0.000000e+000  0.000000e+000  0.000000e+000  0.000000e+000  0.000000e+000  0.000000e+000  0.000000e+000  0.000000e+000  0.000000e+000  0.000000e+000  0.000000e+000  0.000000e+000  0.000000e+000  0.000000e+000  0.000000e+000  0.000000e+000  
0.000000e+000  0.000000e+000  0.000000e+000  0.000000e+000  0.000000e+000  0.000000e+000  0.000000e+000  0.000000e+000  0.000000e+000  0.000000e+000  0.000000e+000  0.000000e+000  0.000000e+000  0.000000e+000  0.000000e+000  0.000000e+000  0.000000e+000  0.000000e+000  0.000000e+000  0.000000e+000  0.000000e+000  
0.000000e+000  0.000000e+000  0.000000e+000  0.000000e+000  0.000000e+000  0.000000e+000  0.000000e+000  0.000000e+000  0.000000e+000  0.000000e+000  0.000000e+000  0.000000e+000  0.000000e+000  0.000000e+000  0.000000e+000  0.000000e+000  0.000000e+000  0.000000e+000  0.000000e+000  0.000000e+000  0.000000e+000  
0.000000e+000  0.000000e+000  0.000000e+000  0.000000e+000  0.000000e+000  0.000000e+000  0.000000e+000  0.000000e+000  0.000000e+000  0.000000e+000  0.000000e+000  0.000000e+000  0.000000e+000  0.000000e+000  0.000000e+000  0.000000e+000  0.000000e+000  0.000000e+000  0.000000e+000  0.000000e+000  0.000000e+000  
0.000000e+000  0.000000e+000  0.000000e+000  0.000000e+000  0.000000e+000  0.000000e+000  0.000000e+000  0.000000e+000  0.000000e+000  0.000000e+000  0.000000e+000  0.000000e+000  0.000000e+000  0.000000e+000  0.000000e+000  0.000000e+000  0.000000e+000  0.000000e+000  0.000000e+000  0.000000e+000  0.000000e+000  
0.000000e+000  0.000000e+000  0.000000e+000  0.000000e+000  0.000000e+000  0.000000e+000  0.000000e+000  0.000000e+000  0.000000e+000  0.000000e+000  0.000000e+000  0.000000e+000  0.000000e+000  0.000000e+000  0.000000e+000  0.000000e+000  0.000000e+000  0.000000e+000  0.000000e+000  0.000000e+000  0.000000e+000  
0.000000e+000  0.000000e+000  0.000000e+000  0.000000e+000  0.000000e+000  0.000000e+000  0.000000e+000  0.000000e+000  0.000000e+000  0.000000e+000  0.000000e+000  0.000000e+000  0.000000e+000  0.000000e+000  0.000000e+000  0.000000e+000  0.000000e+000  0.000000e+000  0.000000e+000  0.000000e+000  0.000000e+000  
0.000000e+000  0.000000e+000  0.000000e+000  0.000000e+000  0.000000e+000  0.000000e+000  0.000000e+000  0.000000e+000  0.000000e+000  0.000000e+000  0.000000e+000  0.000000e+000  0.000000e+000  0.000000e+000  0.000000e+000  0.000000e+000  0.000000e+000  0.000000e+000  0.000000e+000  0.000000e+000  0.000000e+000  
0.000000e+000  0.000000e+000  0.000000e+000  0.000000e+000  0.000000e+000  0.000000e+000  0.000000e+000  0.000000e+000  0.000000e+000  0.000000e+000  0.000000e+000  0.000000e+000  0.000000e+000  0.000000e+000  0.000000e+000  0.000000e+000  0.000000e+000  0.000000e+000  0.000000e+000  0.000000e+000  0.000000e+000  
0.000000e+000  0.000000e+000  0.000000e+000  0.000000e+000  0.000000e+000  0.000000e+000  0.000000e+000  0.000000e+000  0.000000e+000  0.000000e+000  0.000000e+000  0.000000e+000  0.000000e+000  0.000000e+000  0.000000e+000  0.000000e+000  0.000000e+000  0.000000e+000  0.000000e+000  0.000000e+000  0.000000e+000  
0.000000e+000  0.000000e+000  0.000000e+000  0.000000e+000  0.000000e+000  0.000000e+000  0.000000e+000  0.000000e+000  0.000000e+000  0.000000e+000  0.000000e+000  0.000000e+000  0.000000e+000  0.000000e+000  0.000000e+000  0.000000e+000  0.000000e+000  0.000000e+000  0.000000e+000  0.000000e+000  0.000000e+000  
0.000000e+000  0.000000e+000  0.000000e+000  0.000000e+000  0.000000e+000  0.000000e+000  0.000000e+000  0.000000e+000  0.000000e+000  0.000000e+000  0.000000e+000  0.000000e+000  0.000000e+000  0.000000e+000  0.000000e+000  0.000000e+000  0.000000e+000  0.000000e+000  0.000000e+000  0.000000e+000  0.000000e+000  
0.000000e+000  0.000000e+000  0.000000e+000  0.000000e+000  0.000000e+000  0.000000e+000  0.000000e+000  0.000000e+000  0.000000e+000  0.000000e+000  0.000000e+000  0.000000e+000  0.000000e+000  0.000000e+000  0.000000e+000  0.000000e+000  0.000000e+000  0.000000e+000  0.000000e+000  0.000000e+000  0.000000e+000  
0.000000e+000  0.000000e+000  0.000000e+000  0.000000e+000  0.000000e+000  0.000000e+000  0.000000e+000  0.000000e+000  0.000000e+000  0.000000e+000  0.000000e+000  0.000000e+000  0.000000e+000  0.000000e+000  0.000000e+000  0.000000e+000  0.000000e+000  0.000000e+000  0.000000e+000  0.000000e+000  0.000000e+000  
0.000000e+000  0.000000e+000  0.000000e+000  0.000000e+000  0.000000e+000  0.000000e+000  0.000000e+000  0.000000e+000  0.000000e+000  0.000000e+000  0.000000e+000  0.000000e+000  0.000000e+000  0.000000e+000  0.000000e+000  0.000000e+000  0.000000e+000  0.000000e+000  0.000000e+000  0.000000e+000  0.000000e+000  
0.000000e+000  0.000000e+000  0.000000e+000  0.000000e+000  0.000000e+000  0.000000e+000  0.000000e+000  0.000000e+000  0.000000e+000  0.000000e+000  0.000000e+000  0.000000e+000  0.000000e+000  0.000000e+000  0.000000e+000  0.000000e+000  0.000000e+000  0.000000e+000  0.000000e+000  0.000000e+000  0.000000e+000  
0.000000e+000  0.000000e+000  0.000000e+000  0.000000e+000  0.000000e+000  0.000000e+000  0.000000e+000  0.000000e+000  0.000000e+000  0.000000e+000  0.000000e+000  0.000000e+000  0.000000e+000  0.000000e+000  0.000000e+000  0.000000e+000  0.000000e+000  0.000000e+000  0.000000e+000  0.000000e+000  0.000000e+000  
0.000000e+000  0.000000e+000  0.000000e+000  0.000000e+000  0.000000e+000  0.000000e+000  0.000000e+000  0.000000e+000  0.000000e+000  0.000000e+000  0.000000e+000  0.000000e+000  0.000000e+000  0.000000e+000  0.000000e+000  0.000000e+000  0.000000e+000  0.000000e+000  0.000000e+000  0.000000e+000  0.000000e+000  
0.000000e+000  0.000000e+000  0.000000e+000  0.000000e+000  0.000000e+000  0.000000e+000  0.000000e+000  0.000000e+000  0.000000e+000  0.000000e+000  0.000000e+000  0.000000e+000  0.000000e+000  0.000000e+000  0.000000e+000  0.000000e+000  0.000000e+000  0.000000e+000  0.000000e+000  0.000000e+000  0.000000e+000  
0.000000e+000  0.000000e+000  0.000000e+000  0.000000e+000  0.000000e+000  0.000000e+000  0.000000e+000  0.000000e+000  0.000000e+000  0.000000e+000  0.000000e+000  0.000000e+000  0.000000e+000  0.000000e+000  0.000000e+000  0.000000e+000  0.000000e+000  0.000000e+000  0.000000e+000  0.000000e+000  0.000000e+000  
0.000000e+000  0.000000e+000  0.000000e+000  0.000000e+000  0.000000e+000  0.000000e+000  0.000000e+000  0.000000e+000  0.000000e+000  0.000000e+000  0.000000e+000  0.000000e+000  0.000000e+000  0.000000e+000  0.000000e+000  0.000000e+000  0.000000e+000  0.000000e+000  0.000000e+000  0.000000e+000  0.000000e+000  

0.000000e+000  0.000000e+000  0.000000e+000  0.000000e+000  0.000000e+000  -5.547747e-008  -8.157245e-008  -9.607448e-008  -5.107398e-008  -3.677106e-008  3.825579e-008  5.252412e-008  9.722598e-008  8.241502e-008  5.841938e-008  0.000000e+000  0.000000e+000  0.000000e+000  0.000000e+000  0.000000e+000  0.000000e+000  
0.000000e+000  0.000000e+000  0.000000e+000  -3.548256e-008  -6.037855e-008  -8.290018e-008  -1.086533e-007  -1.047794e-007  -5.980432e-008  -2.280654e-008  2.447188e-008  6.147071e-008  1.061540e-007  1.099976e-007  8.368415e-008  6.094522e-008  3.833805e-008  0.000000e+000  0.000000e+000  0.000000e+000  0.000000e+000  
0.000000e+000  0.000000e+000  2.346186e-008  -3.267506e-008  -6.706441e-008  -9.617818e-008  -1.243484e-007  -1.064548e-007  -5.905678e-008  -1.915149e-008  2.101417e-008  6.070218e-008  1.081005e-007  1.257975e-007  9.733195e-008  6.789003e-008  3.324920e-008  -2.253264e-008  0.000000e+000  0.000000e+000  0.000000e+000  
0.000000e+000  3.495528e-008  5.474567e-008  5.903840e-009  -2.986621e-008  -6.294723e-008  -9.654990e-008  -8.753872e-008  -5.079536e-008  -1.614931e-008  1.825698e-008  5.258257e-008  8.896903e-008  9.808425e-008  6.385647e-008  3.048444e-008  -5.341395e-009  -5.364626e-008  -2.587861e-008  0.000000e+000  0.000000e+000  
0.000000e+000  1.086357e-007  1.027156e-007  5.838712e-008  2.454779e-008  -1.030157e-008  -5.175361e-008  -5.828653e-008  -3.422424e-008  -1.017675e-008  1.244283e-008  3.624904e-008  6.029429e-008  5.289795e-008  1.130288e-008  -2.426442e-008  -5.850635e-008  -1.035059e-007  -1.112024e-007  0.000000e+000  0.000000e+000  
9.992463e-008  1.180882e-007  1.392254e-007  1.086721e-007  8.205275e-008  4.925612e-008  4.291307e-009  -3.544667e-008  -2.036162e-008  -4.844421e-009  7.546628e-009  2.278178e-008  3.763030e-008  -2.633359e-009  -4.863807e-008  -8.178923e-008  -1.093191e-007  -1.404028e-007  -1.204446e-007  -9.287434e-008  0.000000e+000  
1.067728e-007  1.196574e-007  1.327825e-007  1.257739e-007  1.076317e-007  8.188635e-008  5.424490e-008  -1.397809e-008  2.692271e-009  5.245544e-009  -2.358458e-009  5.972902e-010  1.696550e-008  -5.214188e-008  -8.101193e-008  -1.080608e-007  -1.271825e-007  -1.349997e-007  -1.222044e-007  -1.079544e-007  0.000000e+000  
5.926556e-008  7.306128e-008  8.246218e-008  8.353533e-008  6.675967e-008  4.185486e-008  1.516575e-008  -6.755372e-008  -2.075890e-008  -7.337087e-010  3.550031e-009  2.424089e-008  7.153774e-008  -1.327965e-008  -4.125419e-008  -6.739982e-008  -8.513622e-008  -8.444552e-008  -7.552643e-008  -6.270532e-008  0.000000e+000  
5.753662e-008  9.116864e-008  1.059141e-007  6.467234e-008  4.246955e-008  1.801572e-008  -1.713852e-008  -3.664700e-008  6.705858e-008  4.740895e-008  -3.912714e-008  -6.256194e-008  4.258900e-008  1.947883e-008  -1.815232e-008  -4.405820e-008  -6.709370e-008  -1.088679e-007  -9.420279e-008  -6.073773e-008  0.000000e+000  
6.552414e-009  3.868097e-008  5.212321e-008  3.271524e-008  1.886202e-008  2.512031e-009  -1.973216e-008  -1.119508e-008  0.000000e+000  0.000000e+000  0.000000e+000  0.000000e+000  2.683237e-008  2.077867e-008  -4.916500e-009  -2.207804e-008  -3.633264e-008  -5.567816e-008  -4.235835e-008  -1.029343e-008  0.000000e+000  
1.632246e-008  2.762825e-009  4.290867e-009  -1.563490e-009  -6.414667e-009  -1.231414e-008  -2.145215e-008  -3.808305e-008  0.000000e+000  0.000000e+000  0.000000e+000  0.000000e+000  -1.840738e-009  9.502041e-009  5.030637e-009  5.440443e-010  -3.425552e-009  -9.086162e-009  -7.321481e-009  -2.099688e-008  0.000000e+000  
-6.449895e-008  -4.799265e-008  -4.501156e-008  -3.687419e-008  -3.155498e-008  -2.623997e-008  -1.830626e-008  -4.113856e-009  0.000000e+000  0.000000e+000  0.000000e+000  0.000000e+000  2.350241e-008  1.202776e-008  1.770076e-008  2.399405e-008  3.021847e-008  3.929538e-008  4.271898e-008  5.941222e-008  0.000000e+000  
-7.881186e-008  -8.527730e-008  -9.105035e-008  -6.952010e-008  -5.541346e-008  -4.031321e-008  -2.121667e-008  -3.528455e-008  0.000000e+000  0.000000e+000  0.000000e+000  0.000000e+000  -6.948454e-009  -3.870465e-011  2.682178e-008  4.563751e-008  6.196964e-008  8.485235e-008  8.010228e-008  7.400532e-008  0.000000e+000  
-7.623810e-008  -1.220497e-007  -1.383922e-007  -9.711731e-008  -7.525828e-008  -5.228545e-008  -2.179948e-008  -1.905858e-008  9.359178e-009  -1.739347e-008  5.775422e-008  7.983076e-008  -2.396560e-008  7.482899e-011  3.874898e-008  6.582531e-008  8.976728e-008  1.325596e-007  1.169589e-007  7.139473e-008  0.000000e+000  
-7.886114e-008  -9.971276e-008  -1.107961e-007  -1.119312e-007  -9.504183e-008  -6.960977e-008  -4.219834e-008  4.672081e-008  4.899241e-008  2.287093e-008  1.317200e-008  -7.763532e-009  -5.410555e-008  3.169003e-008  6.063987e-008  8.753730e-008  1.059355e-007  1.054251e-007  9.468615e-008  7.511587e-008  0.000000e+000  
-1.141885e-007  -1.451288e-007  -1.590815e-007  -1.518184e-007  -1.327899e-007  -1.054744e-007  -7.407708e-008  2.643806e-009  1.072606e-008  1.103275e-008  1.738225e-008  1.532413e-008  -2.594672e-010  7.000472e-008  9.968675e-008  1.272218e-007  1.467285e-007  1.543021e-007  1.408089e-007  1.131177e-007  0.000000e+000  
-1.195070e-007  -1.483064e-007  -1.634052e-007  -1.316309e-007  -1.036096e-007  -6.842086e-008  -1.906437e-008  2.830626e-008  2.641219e-008  1.607544e-008  5.510777e-009  -8.684223e-009  -2.204668e-008  1.917302e-008  6.611955e-008  1.001148e-007  1.278539e-007  1.592692e-007  1.427533e-007  5.974216e-008  0.000000e+000  
0.000000e+000  -1.175341e-007  -1.225637e-007  -7.844447e-008  -4.341363e-008  -5.281968e-009  4.019405e-008  5.311504e-008  3.687455e-008  1.817024e-008  -1.781820e-009  -2.337962e-008  -4.585745e-008  -3.728677e-008  5.190800e-009  4.184895e-008  7.587388e-008  1.190751e-007  1.130488e-007  0.000000e+000  0.000000e+000  
0.000000e+000  -6.536601e-008  -7.549456e-008  -2.423555e-008  1.282260e-008  4.971708e-008  8.741091e-008  8.286379e-008  5.234316e-008  2.189749e-008  -9.014971e-009  -4.122818e-008  -7.544464e-008  -8.343562e-008  -4.819384e-008  -1.288653e-008  2.306252e-008  7.309558e-008  7.601949e-008  0.000000e+000  0.000000e+000  
0.000000e+000  0.000000e+000  -6.487687e-008  1.697649e-008  4.949436e-008  8.649467e-008  1.170198e-007  1.013215e-007  6.033629e-008  2.377180e-008  -1.345536e-008  -5.105728e-008  -9.430613e-008  -1.123145e-007  -8.362075e-008  -4.815458e-008  -1.673166e-008  6.304120e-008  0.000000e+000  0.000000e+000  0.000000e+000  
0.000000e+000  0.000000e+000  0.000000e+000  3.983645e-008  2.886757e-008  8.410450e-008  1.033664e-007  9.418677e-008  6.376738e-008  2.636924e-008  -1.752338e-008  -5.560435e-008  -8.724759e-008  -9.832843e-008  -8.049426e-008  -2.657472e-008  -3.434683e-008  0.000000e+000  0.000000e+000  0.000000e+000  0.000000e+000  
0.000000e+000  0.000000e+000  0.000000e+000  0.000000e+000  0.000000e+000  7.537964e-008  7.645104e-008  5.855961e-008  7.354785e-008  3.555406e-008  -2.710563e-008  -6.540155e-008  -5.134931e-008  -7.082145e-008  -7.029385e-008  0.000000e+000  0.000000e+000  0.000000e+000  0.000000e+000  0.000000e+000  0.000000e+000  
0.000000e+000  0.000000e+000  0.000000e+000  0.000000e+000  0.000000e+000  0.000000e+000  0.000000e+000  0.000000e+000  0.000000e+000  0.000000e+000  0.000000e+000  0.000000e+000  0.000000e+000  0.000000e+000  0.000000e+000  0.000000e+000  0.000000e+000  0.000000e+000  0.000000e+000  0.000000e+000  0.000000e+000  

