Port monitor named: Port1_e1[10.5].prt

nx        = 45
ny        = 42
nz        = 63

nu        = 21
nv        = 23
iu        = 7
iv        = 12

idir      = 1
dcut      = 1.416000e-002
icut      = 42
type      = 0
frequency = 1.050000e+010

fcutoff   = 0.000000e+000
alpha     = 0.000000e+000
beta      = 3.102251e+002
accuracy  = 4.980639e-011

type          = TEM
wave imp.     = 2.672404e+002
wave imp.sig. = 7.747702e-006
line imp.     = 5.010455e+001

ref. port     = 0

0.000000e+000  0.000000e+000  0.000000e+000  0.000000e+000  0.000000e+000  0.000000e+000  0.000000e+000  0.000000e+000  0.000000e+000  0.000000e+000  0.000000e+000  0.000000e+000  0.000000e+000  0.000000e+000  0.000000e+000  0.000000e+000  0.000000e+000  0.000000e+000  0.000000e+000  0.000000e+000  0.000000e+000  
0.000000e+000  0.000000e+000  0.000000e+000  0.000000e+000  0.000000e+000  -1.253108e+003  -1.107737e+003  -8.701756e+002  -5.590791e+002  -1.929760e+002  1.929761e+002  5.590792e+002  8.701756e+002  1.107737e+003  1.253108e+003  0.000000e+000  0.000000e+000  0.000000e+000  0.000000e+000  0.000000e+000  0.000000e+000  
0.000000e+000  0.000000e+000  0.000000e+000  -1.779249e+003  -1.716748e+003  -1.589760e+003  -1.386603e+003  -1.099652e+003  -7.084089e+002  -2.453139e+002  2.453142e+002  7.084092e+002  1.099653e+003  1.386603e+003  1.589760e+003  1.716747e+003  1.779248e+003  0.000000e+000  0.000000e+000  0.000000e+000  0.000000e+000  
0.000000e+000  0.000000e+000  -2.124820e+003  -2.124895e+003  -2.076829e+003  -1.962354e+003  -1.756414e+003  -1.425356e+003  -9.347722e+002  -3.271707e+002  3.271712e+002  9.347727e+002  1.425356e+003  1.756415e+003  1.962354e+003  2.076828e+003  2.124894e+003  2.124819e+003  0.000000e+000  0.000000e+000  0.000000e+000  
0.000000e+000  -2.351217e+003  -2.373296e+003  -2.416894e+003  -2.409031e+003  -2.326099e+003  -2.132880e+003  -1.775483e+003  -1.190890e+003  -4.229625e+002  4.229631e+002  1.190890e+003  1.775483e+003  2.132881e+003  2.326099e+003  2.409031e+003  2.416893e+003  2.373294e+003  2.351215e+003  0.000000e+000  0.000000e+000  
0.000000e+000  -2.523766e+003  -2.645245e+003  -2.745723e+003  -2.798243e+003  -2.773600e+003  -2.620276e+003  -2.255243e+003  -1.560675e+003  -5.671134e+002  5.671141e+002  1.560676e+003  2.255244e+003  2.620277e+003  2.773601e+003  2.798243e+003  2.745722e+003  2.645243e+003  2.523764e+003  0.000000e+000  0.000000e+000  
-2.477148e+003  -2.720866e+003  -2.925386e+003  -3.105783e+003  -3.246057e+003  -3.318827e+003  -3.254407e+003  -2.927846e+003  -2.115837e+003  -7.984774e+002  7.984781e+002  2.115838e+003  2.927848e+003  3.254408e+003  3.318828e+003  3.246057e+003  3.105782e+003  2.925384e+003  2.720863e+003  2.477145e+003  0.000000e+000  
-2.683535e+003  -2.898597e+003  -3.152990e+003  -3.407123e+003  -3.638647e+003  -3.826622e+003  -3.891619e+003  -3.669998e+003  -2.780746e+003  -1.106099e+003  1.106100e+003  2.780747e+003  3.670000e+003  3.891622e+003  3.826624e+003  3.638648e+003  3.407122e+003  3.152988e+003  2.898594e+003  2.683531e+003  0.000000e+000  
-2.798239e+003  -3.061954e+003  -3.374371e+003  -3.711017e+003  -4.052141e+003  -4.393445e+003  -4.661014e+003  -4.669364e+003  -3.753417e+003  -1.856416e+003  1.856417e+003  3.753418e+003  4.669367e+003  4.661018e+003  4.393448e+003  4.052142e+003  3.711015e+003  3.374368e+003  3.061950e+003  2.798234e+003  0.000000e+000  
-2.962539e+003  -3.285985e+003  -3.692286e+003  -4.169219e+003  -4.712511e+003  -5.372363e+003  -6.148672e+003  -7.021513e+003  0.000000e+000  0.000000e+000  0.000000e+000  0.000000e+000  7.021519e+003  6.148680e+003  5.372369e+003  4.712513e+003  4.169217e+003  3.692281e+003  3.285979e+003  2.962532e+003  0.000000e+000  
-3.052340e+003  -3.432734e+003  -3.914061e+003  -4.506401e+003  -5.230107e+003  -6.208633e+003  -7.572265e+003  -9.381542e+003  0.000000e+000  0.000000e+000  0.000000e+000  0.000000e+000  9.381558e+003  7.572282e+003  6.208642e+003  5.230109e+003  4.506397e+003  3.914054e+003  3.432725e+003  3.052332e+003  0.000000e+000  
-3.087945e+003  -3.485339e+003  -3.994710e+003  -4.633318e+003  -5.435575e+003  -6.573183e+003  -8.305893e+003  0.000000e+000  0.000000e+000  0.000000e+000  0.000000e+000  0.000000e+000  0.000000e+000  8.305930e+003  6.573196e+003  5.435574e+003  4.633310e+003  3.994699e+003  3.485327e+003  3.087933e+003  0.000000e+000  
-3.056936e+003  -3.433501e+003  -3.914301e+003  -4.506574e+003  -5.230268e+003  -6.208791e+003  -7.572431e+003  -9.381745e+003  0.000000e+000  0.000000e+000  0.000000e+000  0.000000e+000  9.381904e+003  7.572483e+003  6.208796e+003  5.230256e+003  4.506556e+003  3.914282e+003  3.433484e+003  3.056921e+003  0.000000e+000  
-2.952079e+003  -3.284441e+003  -3.692340e+003  -4.169505e+003  -4.712820e+003  -5.372668e+003  -6.148964e+003  -7.021663e+003  0.000000e+000  0.000000e+000  0.000000e+000  0.000000e+000  7.021884e+003  6.148962e+003  5.372630e+003  4.712782e+003  4.169472e+003  3.692312e+003  3.284417e+003  2.952060e+003  0.000000e+000  
-2.807388e+003  -3.064923e+003  -3.375500e+003  -3.711653e+003  -4.052631e+003  -4.393906e+003  -4.661581e+003  -4.670481e+003  -3.752419e+003  -1.856334e+003  1.856524e+003  3.753639e+003  4.669641e+003  4.661309e+003  4.393782e+003  4.052559e+003  3.711604e+003  3.375463e+003  3.064895e+003  2.807365e+003  0.000000e+000  
-2.694307e+003  -2.902331e+003  -3.154168e+003  -3.407783e+003  -3.639179e+003  -3.827096e+003  -3.892098e+003  -3.670514e+003  -2.780394e+003  -1.105967e+003  1.106210e+003  2.780917e+003  3.670226e+003  3.891901e+003  3.826978e+003  3.639103e+003  3.407730e+003  3.154129e+003  2.902302e+003  2.694283e+003  0.000000e+000  
-2.561772e+003  -2.723726e+003  -2.925882e+003  -3.106297e+003  -3.246595e+003  -3.319284e+003  -3.254784e+003  -2.928117e+003  -2.115706e+003  -7.983626e+002  7.985736e+002  2.115958e+003  2.928027e+003  3.254664e+003  3.319190e+003  3.246527e+003  3.106246e+003  2.925843e+003  2.723696e+003  2.561746e+003  0.000000e+000  
0.000000e+000  -2.516960e+003  -2.643643e+003  -2.746048e+003  -2.798862e+003  -2.774035e+003  -2.620540e+003  -2.255366e+003  -1.560590e+003  -5.670189e+002  5.671659e+002  1.560715e+003  2.255353e+003  2.620481e+003  2.773972e+003  2.798807e+003  2.746003e+003  2.643606e+003  2.516929e+003  0.000000e+000  0.000000e+000  
0.000000e+000  -2.282771e+003  -2.371417e+003  -2.418172e+003  -2.410091e+003  -2.326503e+003  -2.133001e+003  -1.775497e+003  -1.190726e+003  -4.228559e+002  4.229523e+002  1.190798e+003  1.775504e+003  2.132972e+003  2.326462e+003  2.410049e+003  2.418133e+003  2.371384e+003  2.282741e+003  0.000000e+000  0.000000e+000  
0.000000e+000  0.000000e+000  -2.130318e+003  -2.129524e+003  -2.078664e+003  -1.962444e+003  -1.756255e+003  -1.425303e+003  -9.343849e+002  -3.270145e+002  3.270755e+002  9.344282e+002  1.425311e+003  1.756239e+003  1.962416e+003  2.078632e+003  2.129492e+003  2.130287e+003  0.000000e+000  0.000000e+000  0.000000e+000  
0.000000e+000  0.000000e+000  0.000000e+000  -1.764759e+003  -1.718392e+003  -1.587706e+003  -1.385669e+003  -1.099931e+003  -7.071938e+002  -2.450730e+002  2.451042e+002  7.072150e+002  1.099935e+003  1.385659e+003  1.587686e+003  1.718368e+003  1.764733e+003  0.000000e+000  0.000000e+000  0.000000e+000  0.000000e+000  
0.000000e+000  0.000000e+000  0.000000e+000  0.000000e+000  0.000000e+000  -1.252415e+003  -1.105988e+003  -8.737538e+002  -5.543901e+002  -1.932113e+002  1.932235e+002  5.543968e+002  8.737514e+002  1.105977e+003  1.252400e+003  0.000000e+000  0.000000e+000  0.000000e+000  0.000000e+000  0.000000e+000  0.000000e+000  
0.000000e+000  0.000000e+000  0.000000e+000  0.000000e+000  0.000000e+000  0.000000e+000  0.000000e+000  0.000000e+000  0.000000e+000  0.000000e+000  0.000000e+000  0.000000e+000  0.000000e+000  0.000000e+000  0.000000e+000  0.000000e+000  0.000000e+000  0.000000e+000  0.000000e+000  0.000000e+000  0.000000e+000  

0.000000e+000  0.000000e+000  0.000000e+000  0.000000e+000  0.000000e+000  0.000000e+000  -2.653401e+003  -2.804894e+003  -2.962841e+003  -3.050105e+003  -3.080100e+003  -3.050105e+003  -2.962841e+003  -2.804894e+003  -2.653401e+003  0.000000e+000  0.000000e+000  0.000000e+000  0.000000e+000  0.000000e+000  0.000000e+000  
0.000000e+000  0.000000e+000  0.000000e+000  0.000000e+000  -2.341830e+003  -2.582145e+003  -2.819992e+003  -3.063337e+003  -3.284961e+003  -3.429181e+003  -3.479727e+003  -3.429180e+003  -3.284961e+003  -3.063336e+003  -2.819991e+003  -2.582144e+003  -2.341829e+003  0.000000e+000  0.000000e+000  0.000000e+000  0.000000e+000  
0.000000e+000  0.000000e+000  0.000000e+000  -2.126940e+003  -2.413454e+003  -2.727669e+003  -3.052804e+003  -3.375510e+003  -3.690067e+003  -3.908684e+003  -3.987740e+003  -3.908684e+003  -3.690067e+003  -3.375509e+003  -3.052803e+003  -2.727668e+003  -2.413453e+003  -2.126939e+003  0.000000e+000  0.000000e+000  0.000000e+000  
0.000000e+000  0.000000e+000  -1.750637e+003  -2.126870e+003  -2.461939e+003  -2.843141e+003  -3.260538e+003  -3.692532e+003  -4.137194e+003  -4.462463e+003  -4.584119e+003  -4.462463e+003  -4.137193e+003  -3.692532e+003  -3.260537e+003  -2.843140e+003  -2.461937e+003  -2.126868e+003  -1.750635e+003  0.000000e+000  0.000000e+000  
0.000000e+000  0.000000e+000  -1.733847e+003  -2.091460e+003  -2.468791e+003  -2.915413e+003  -3.428921e+003  -3.988208e+003  -4.597503e+003  -5.067130e+003  -5.250202e+003  -5.067130e+003  -4.597503e+003  -3.988207e+003  -3.428919e+003  -2.915411e+003  -2.468789e+003  -2.091458e+003  -1.733845e+003  0.000000e+000  0.000000e+000  
0.000000e+000  -1.374236e+003  -1.641468e+003  -2.009854e+003  -2.423022e+003  -2.936888e+003  -3.562536e+003  -4.290200e+003  -5.144407e+003  -5.849462e+003  -6.143294e+003  -5.849462e+003  -5.144407e+003  -4.290199e+003  -3.562534e+003  -2.936886e+003  -2.423020e+003  -2.009851e+003  -1.641465e+003  -1.374235e+003  0.000000e+000  
0.000000e+000  -1.207896e+003  -1.501880e+003  -1.878357e+003  -2.313309e+003  -2.879972e+003  -3.612922e+003  -4.532672e+003  -5.718248e+003  -6.780430e+003  -7.271851e+003  -6.780431e+003  -5.718248e+003  -4.532671e+003  -3.612920e+003  -2.879969e+003  -2.313306e+003  -1.878353e+003  -1.501877e+003  -1.207895e+003  0.000000e+000  
0.000000e+000  -1.077877e+003  -1.348084e+003  -1.714267e+003  -2.152906e+003  -2.749742e+003  -3.567891e+003  -4.678433e+003  -6.274906e+003  -7.828733e+003  -8.656653e+003  -7.828733e+003  -6.274906e+003  -4.678433e+003  -3.567889e+003  -2.749737e+003  -2.152902e+003  -1.714263e+003  -1.348081e+003  -1.077875e+003  0.000000e+000  
0.000000e+000  -8.708152e+002  -1.102784e+003  -1.431963e+003  -1.845969e+003  -2.442642e+003  -3.327137e+003  -4.671300e+003  -7.019564e+003  -9.370980e+003  0.000000e+000  -9.370981e+003  -7.019566e+003  -4.671300e+003  -3.327133e+003  -2.442636e+003  -1.845962e+003  -1.431957e+003  -1.102779e+003  -8.708126e+002  0.000000e+000  
0.000000e+000  -5.584375e+002  -7.103865e+002  -9.400199e+002  -1.244678e+003  -1.712349e+003  -2.467954e+003  -3.754231e+003  0.000000e+000  0.000000e+000  0.000000e+000  0.000000e+000  0.000000e+000  -3.754233e+003  -2.467948e+003  -1.712338e+003  -1.244668e+003  -9.400113e+002  -7.103806e+002  -5.584343e+002  0.000000e+000  
0.000000e+000  -1.910614e+002  -2.455309e+002  -3.290381e+002  -4.437135e+002  -6.293621e+002  -9.587492e+002  -1.853273e+003  0.000000e+000  0.000000e+000  0.000000e+000  0.000000e+000  0.000000e+000  -1.853276e+003  -9.587340e+002  -6.293435e+002  -4.436973e+002  -3.290260e+002  -2.455235e+002  -1.910579e+002  0.000000e+000  
0.000000e+000  1.927340e+002  2.464091e+002  3.296679e+002  4.441866e+002  6.296901e+002  9.589341e+002  1.853314e+003  0.000000e+000  0.000000e+000  0.000000e+000  0.000000e+000  0.000000e+000  1.853345e+003  9.589754e+002  6.297244e+002  4.442108e+002  3.296833e+002  2.464172e+002  1.927369e+002  0.000000e+000  
0.000000e+000  5.564133e+002  7.107555e+002  9.405810e+002  1.245137e+003  1.712674e+003  2.468147e+003  3.754311e+003  0.000000e+000  0.000000e+000  0.000000e+000  0.000000e+000  0.000000e+000  3.754453e+003  2.468241e+003  1.712728e+003  1.245168e+003  9.405973e+002  7.107622e+002  5.564141e+002  0.000000e+000  
0.000000e+000  8.774011e+002  1.104696e+003  1.432763e+003  1.846453e+003  2.442962e+003  3.327316e+003  4.671231e+003  7.022643e+003  9.370562e+003  0.000000e+000  9.371522e+003  7.019977e+003  4.671608e+003  3.327449e+003  2.443017e+003  1.846478e+003  1.432774e+003  1.104698e+003  8.773979e+002  0.000000e+000  
0.000000e+000  1.079611e+003  1.348552e+003  1.714654e+003  2.153259e+003  2.750035e+003  3.568166e+003  4.678834e+003  6.276265e+003  7.829059e+003  8.657075e+003  7.829182e+003  6.275274e+003  4.678726e+003  3.568165e+003  2.750044e+003  2.153263e+003  1.714654e+003  1.348548e+003  1.079603e+003  0.000000e+000  
0.000000e+000  1.205375e+003  1.500803e+003  1.878409e+003  2.313573e+003  2.880226e+003  3.613200e+003  4.533097e+003  5.719065e+003  6.780894e+003  7.272287e+003  6.780842e+003  5.718581e+003  4.532929e+003  3.613144e+003  2.880205e+003  2.313561e+003  1.878400e+003  1.500793e+003  1.205364e+003  0.000000e+000  
0.000000e+000  1.315910e+003  1.638776e+003  2.009920e+003  2.423305e+003  2.937079e+003  3.562752e+003  4.290546e+003  5.144940e+003  5.849937e+003  6.143744e+003  5.849856e+003  5.144697e+003  4.290401e+003  3.562676e+003  2.937038e+003  2.423280e+003  2.009901e+003  1.638760e+003  1.315897e+003  0.000000e+000  
0.000000e+000  0.000000e+000  1.735114e+003  2.093091e+003  2.469330e+003  2.915444e+003  3.428987e+003  3.988438e+003  4.597871e+003  5.067598e+003  5.250685e+003  5.067534e+003  4.597739e+003  3.988330e+003  3.428914e+003  2.915396e+003  2.469296e+003  2.093066e+003  1.735093e+003  0.000000e+000  0.000000e+000  
0.000000e+000  0.000000e+000  1.802525e+003  2.131064e+003  2.462288e+003  2.842600e+003  3.260358e+003  3.692674e+003  4.137422e+003  4.462975e+003  4.584694e+003  4.462930e+003  4.137341e+003  3.692596e+003  3.260295e+003  2.842553e+003  2.462251e+003  2.131035e+003  1.802502e+003  0.000000e+000  0.000000e+000  
0.000000e+000  0.000000e+000  0.000000e+000  2.130318e+003  2.410985e+003  2.725367e+003  3.052372e+003  3.375754e+003  3.689991e+003  3.909407e+003  3.988545e+003  3.909379e+003  3.689941e+003  3.375699e+003  3.052322e+003  2.725324e+003  2.410949e+003  2.130287e+003  0.000000e+000  0.000000e+000  0.000000e+000  
0.000000e+000  0.000000e+000  0.000000e+000  0.000000e+000  2.357850e+003  2.575604e+003  2.820844e+003  3.064900e+003  3.283337e+003  3.430912e+003  3.480999e+003  3.430894e+003  3.283305e+003  3.064861e+003  2.820805e+003  2.575567e+003  2.357815e+003  0.000000e+000  0.000000e+000  0.000000e+000  0.000000e+000  
0.000000e+000  0.000000e+000  0.000000e+000  0.000000e+000  0.000000e+000  0.000000e+000  2.653042e+003  2.812253e+003  2.952658e+003  3.056936e+003  3.080872e+003  3.056923e+003  2.952635e+003  2.812223e+003  2.653009e+003  0.000000e+000  0.000000e+000  0.000000e+000  0.000000e+000  0.000000e+000  0.000000e+000  
0.000000e+000  0.000000e+000  0.000000e+000  0.000000e+000  0.000000e+000  0.000000e+000  0.000000e+000  0.000000e+000  0.000000e+000  0.000000e+000  0.000000e+000  0.000000e+000  0.000000e+000  0.000000e+000  0.000000e+000  0.000000e+000  0.000000e+000  0.000000e+000  0.000000e+000  0.000000e+000  0.000000e+000  

0.000000e+000  0.000000e+000  0.000000e+000  0.000000e+000  0.000000e+000  0.000000e+000  0.000000e+000  0.000000e+000  0.000000e+000  0.000000e+000  0.000000e+000  0.000000e+000  0.000000e+000  0.000000e+000  0.000000e+000  0.000000e+000  0.000000e+000  0.000000e+000  0.000000e+000  0.000000e+000  0.000000e+000  
0.000000e+000  0.000000e+000  0.000000e+000  0.000000e+000  0.000000e+000  0.000000e+000  0.000000e+000  0.000000e+000  0.000000e+000  0.000000e+000  0.000000e+000  0.000000e+000  0.000000e+000  0.000000e+000  0.000000e+000  0.000000e+000  0.000000e+000  0.000000e+000  0.000000e+000  0.000000e+000  0.000000e+000  
0.000000e+000  0.000000e+000  0.000000e+000  0.000000e+000  0.000000e+000  0.000000e+000  0.000000e+000  0.000000e+000  0.000000e+000  0.000000e+000  0.000000e+000  0.000000e+000  0.000000e+000  0.000000e+000  0.000000e+000  0.000000e+000  0.000000e+000  0.000000e+000  0.000000e+000  0.000000e+000  0.000000e+000  
0.000000e+000  0.000000e+000  0.000000e+000  0.000000e+000  0.000000e+000  0.000000e+000  0.000000e+000  0.000000e+000  0.000000e+000  0.000000e+000  0.000000e+000  0.000000e+000  0.000000e+000  0.000000e+000  0.000000e+000  0.000000e+000  0.000000e+000  0.000000e+000  0.000000e+000  0.000000e+000  0.000000e+000  
0.000000e+000  0.000000e+000  0.000000e+000  0.000000e+000  0.000000e+000  0.000000e+000  0.000000e+000  0.000000e+000  0.000000e+000  0.000000e+000  0.000000e+000  0.000000e+000  0.000000e+000  0.000000e+000  0.000000e+000  0.000000e+000  0.000000e+000  0.000000e+000  0.000000e+000  0.000000e+000  0.000000e+000  
0.000000e+000  0.000000e+000  0.000000e+000  0.000000e+000  0.000000e+000  0.000000e+000  0.000000e+000  0.000000e+000  0.000000e+000  0.000000e+000  0.000000e+000  0.000000e+000  0.000000e+000  0.000000e+000  0.000000e+000  0.000000e+000  0.000000e+000  0.000000e+000  0.000000e+000  0.000000e+000  0.000000e+000  
0.000000e+000  0.000000e+000  0.000000e+000  0.000000e+000  0.000000e+000  0.000000e+000  0.000000e+000  0.000000e+000  0.000000e+000  0.000000e+000  0.000000e+000  0.000000e+000  0.000000e+000  0.000000e+000  0.000000e+000  0.000000e+000  0.000000e+000  0.000000e+000  0.000000e+000  0.000000e+000  0.000000e+000  
0.000000e+000  0.000000e+000  0.000000e+000  0.000000e+000  0.000000e+000  0.000000e+000  0.000000e+000  0.000000e+000  0.000000e+000  0.000000e+000  0.000000e+000  0.000000e+000  0.000000e+000  0.000000e+000  0.000000e+000  0.000000e+000  0.000000e+000  0.000000e+000  0.000000e+000  0.000000e+000  0.000000e+000  
0.000000e+000  0.000000e+000  0.000000e+000  0.000000e+000  0.000000e+000  0.000000e+000  0.000000e+000  0.000000e+000  0.000000e+000  0.000000e+000  0.000000e+000  0.000000e+000  0.000000e+000  0.000000e+000  0.000000e+000  0.000000e+000  0.000000e+000  0.000000e+000  0.000000e+000  0.000000e+000  0.000000e+000  
0.000000e+000  0.000000e+000  0.000000e+000  0.000000e+000  0.000000e+000  0.000000e+000  0.000000e+000  0.000000e+000  0.000000e+000  0.000000e+000  0.000000e+000  0.000000e+000  0.000000e+000  0.000000e+000  0.000000e+000  0.000000e+000  0.000000e+000  0.000000e+000  0.000000e+000  0.000000e+000  0.000000e+000  
0.000000e+000  0.000000e+000  0.000000e+000  0.000000e+000  0.000000e+000  0.000000e+000  0.000000e+000  0.000000e+000  0.000000e+000  0.000000e+000  0.000000e+000  0.000000e+000  0.000000e+000  0.000000e+000  0.000000e+000  0.000000e+000  0.000000e+000  0.000000e+000  0.000000e+000  0.000000e+000  0.000000e+000  
0.000000e+000  0.000000e+000  0.000000e+000  0.000000e+000  0.000000e+000  0.000000e+000  0.000000e+000  0.000000e+000  0.000000e+000  0.000000e+000  0.000000e+000  0.000000e+000  0.000000e+000  0.000000e+000  0.000000e+000  0.000000e+000  0.000000e+000  0.000000e+000  0.000000e+000  0.000000e+000  0.000000e+000  
0.000000e+000  0.000000e+000  0.000000e+000  0.000000e+000  0.000000e+000  0.000000e+000  0.000000e+000  0.000000e+000  0.000000e+000  0.000000e+000  0.000000e+000  0.000000e+000  0.000000e+000  0.000000e+000  0.000000e+000  0.000000e+000  0.000000e+000  0.000000e+000  0.000000e+000  0.000000e+000  0.000000e+000  
0.000000e+000  0.000000e+000  0.000000e+000  0.000000e+000  0.000000e+000  0.000000e+000  0.000000e+000  0.000000e+000  0.000000e+000  0.000000e+000  0.000000e+000  0.000000e+000  0.000000e+000  0.000000e+000  0.000000e+000  0.000000e+000  0.000000e+000  0.000000e+000  0.000000e+000  0.000000e+000  0.000000e+000  
0.000000e+000  0.000000e+000  0.000000e+000  0.000000e+000  0.000000e+000  0.000000e+000  0.000000e+000  0.000000e+000  0.000000e+000  0.000000e+000  0.000000e+000  0.000000e+000  0.000000e+000  0.000000e+000  0.000000e+000  0.000000e+000  0.000000e+000  0.000000e+000  0.000000e+000  0.000000e+000  0.000000e+000  
0.000000e+000  0.000000e+000  0.000000e+000  0.000000e+000  0.000000e+000  0.000000e+000  0.000000e+000  0.000000e+000  0.000000e+000  0.000000e+000  0.000000e+000  0.000000e+000  0.000000e+000  0.000000e+000  0.000000e+000  0.000000e+000  0.000000e+000  0.000000e+000  0.000000e+000  0.000000e+000  0.000000e+000  
0.000000e+000  0.000000e+000  0.000000e+000  0.000000e+000  0.000000e+000  0.000000e+000  0.000000e+000  0.000000e+000  0.000000e+000  0.000000e+000  0.000000e+000  0.000000e+000  0.000000e+000  0.000000e+000  0.000000e+000  0.000000e+000  0.000000e+000  0.000000e+000  0.000000e+000  0.000000e+000  0.000000e+000  
0.000000e+000  0.000000e+000  0.000000e+000  0.000000e+000  0.000000e+000  0.000000e+000  0.000000e+000  0.000000e+000  0.000000e+000  0.000000e+000  0.000000e+000  0.000000e+000  0.000000e+000  0.000000e+000  0.000000e+000  0.000000e+000  0.000000e+000  0.000000e+000  0.000000e+000  0.000000e+000  0.000000e+000  
0.000000e+000  0.000000e+000  0.000000e+000  0.000000e+000  0.000000e+000  0.000000e+000  0.000000e+000  0.000000e+000  0.000000e+000  0.000000e+000  0.000000e+000  0.000000e+000  0.000000e+000  0.000000e+000  0.000000e+000  0.000000e+000  0.000000e+000  0.000000e+000  0.000000e+000  0.000000e+000  0.000000e+000  
0.000000e+000  0.000000e+000  0.000000e+000  0.000000e+000  0.000000e+000  0.000000e+000  0.000000e+000  0.000000e+000  0.000000e+000  0.000000e+000  0.000000e+000  0.000000e+000  0.000000e+000  0.000000e+000  0.000000e+000  0.000000e+000  0.000000e+000  0.000000e+000  0.000000e+000  0.000000e+000  0.000000e+000  
0.000000e+000  0.000000e+000  0.000000e+000  0.000000e+000  0.000000e+000  0.000000e+000  0.000000e+000  0.000000e+000  0.000000e+000  0.000000e+000  0.000000e+000  0.000000e+000  0.000000e+000  0.000000e+000  0.000000e+000  0.000000e+000  0.000000e+000  0.000000e+000  0.000000e+000  0.000000e+000  0.000000e+000  
0.000000e+000  0.000000e+000  0.000000e+000  0.000000e+000  0.000000e+000  0.000000e+000  0.000000e+000  0.000000e+000  0.000000e+000  0.000000e+000  0.000000e+000  0.000000e+000  0.000000e+000  0.000000e+000  0.000000e+000  0.000000e+000  0.000000e+000  0.000000e+000  0.000000e+000  0.000000e+000  0.000000e+000  
0.000000e+000  0.000000e+000  0.000000e+000  0.000000e+000  0.000000e+000  0.000000e+000  0.000000e+000  0.000000e+000  0.000000e+000  0.000000e+000  0.000000e+000  0.000000e+000  0.000000e+000  0.000000e+000  0.000000e+000  0.000000e+000  0.000000e+000  0.000000e+000  0.000000e+000  0.000000e+000  0.000000e+000  

0.000000e+000  0.000000e+000  0.000000e+000  0.000000e+000  0.000000e+000  0.000000e+000  0.000000e+000  0.000000e+000  0.000000e+000  0.000000e+000  0.000000e+000  0.000000e+000  0.000000e+000  0.000000e+000  0.000000e+000  0.000000e+000  0.000000e+000  0.000000e+000  0.000000e+000  0.000000e+000  0.000000e+000  
0.000000e+000  0.000000e+000  0.000000e+000  0.000000e+000  0.000000e+000  0.000000e+000  0.000000e+000  0.000000e+000  0.000000e+000  0.000000e+000  0.000000e+000  0.000000e+000  0.000000e+000  0.000000e+000  0.000000e+000  0.000000e+000  0.000000e+000  0.000000e+000  0.000000e+000  0.000000e+000  0.000000e+000  
0.000000e+000  0.000000e+000  0.000000e+000  0.000000e+000  0.000000e+000  0.000000e+000  0.000000e+000  0.000000e+000  0.000000e+000  0.000000e+000  0.000000e+000  0.000000e+000  0.000000e+000  0.000000e+000  0.000000e+000  0.000000e+000  0.000000e+000  0.000000e+000  0.000000e+000  0.000000e+000  0.000000e+000  
0.000000e+000  0.000000e+000  0.000000e+000  0.000000e+000  0.000000e+000  0.000000e+000  0.000000e+000  0.000000e+000  0.000000e+000  0.000000e+000  0.000000e+000  0.000000e+000  0.000000e+000  0.000000e+000  0.000000e+000  0.000000e+000  0.000000e+000  0.000000e+000  0.000000e+000  0.000000e+000  0.000000e+000  
0.000000e+000  0.000000e+000  0.000000e+000  0.000000e+000  0.000000e+000  0.000000e+000  0.000000e+000  0.000000e+000  0.000000e+000  0.000000e+000  0.000000e+000  0.000000e+000  0.000000e+000  0.000000e+000  0.000000e+000  0.000000e+000  0.000000e+000  0.000000e+000  0.000000e+000  0.000000e+000  0.000000e+000  
0.000000e+000  0.000000e+000  0.000000e+000  0.000000e+000  0.000000e+000  0.000000e+000  0.000000e+000  0.000000e+000  0.000000e+000  0.000000e+000  0.000000e+000  0.000000e+000  0.000000e+000  0.000000e+000  0.000000e+000  0.000000e+000  0.000000e+000  0.000000e+000  0.000000e+000  0.000000e+000  0.000000e+000  
0.000000e+000  0.000000e+000  0.000000e+000  0.000000e+000  0.000000e+000  0.000000e+000  0.000000e+000  0.000000e+000  0.000000e+000  0.000000e+000  0.000000e+000  0.000000e+000  0.000000e+000  0.000000e+000  0.000000e+000  0.000000e+000  0.000000e+000  0.000000e+000  0.000000e+000  0.000000e+000  0.000000e+000  
0.000000e+000  0.000000e+000  0.000000e+000  0.000000e+000  0.000000e+000  0.000000e+000  0.000000e+000  0.000000e+000  0.000000e+000  0.000000e+000  0.000000e+000  0.000000e+000  0.000000e+000  0.000000e+000  0.000000e+000  0.000000e+000  0.000000e+000  0.000000e+000  0.000000e+000  0.000000e+000  0.000000e+000  
0.000000e+000  0.000000e+000  0.000000e+000  0.000000e+000  0.000000e+000  0.000000e+000  0.000000e+000  0.000000e+000  0.000000e+000  0.000000e+000  0.000000e+000  0.000000e+000  0.000000e+000  0.000000e+000  0.000000e+000  0.000000e+000  0.000000e+000  0.000000e+000  0.000000e+000  0.000000e+000  0.000000e+000  
0.000000e+000  0.000000e+000  0.000000e+000  0.000000e+000  0.000000e+000  0.000000e+000  0.000000e+000  0.000000e+000  0.000000e+000  0.000000e+000  0.000000e+000  0.000000e+000  0.000000e+000  0.000000e+000  0.000000e+000  0.000000e+000  0.000000e+000  0.000000e+000  0.000000e+000  0.000000e+000  0.000000e+000  
0.000000e+000  0.000000e+000  0.000000e+000  0.000000e+000  0.000000e+000  0.000000e+000  0.000000e+000  0.000000e+000  0.000000e+000  0.000000e+000  0.000000e+000  0.000000e+000  0.000000e+000  0.000000e+000  0.000000e+000  0.000000e+000  0.000000e+000  0.000000e+000  0.000000e+000  0.000000e+000  0.000000e+000  
0.000000e+000  0.000000e+000  0.000000e+000  0.000000e+000  0.000000e+000  0.000000e+000  0.000000e+000  0.000000e+000  0.000000e+000  0.000000e+000  0.000000e+000  0.000000e+000  0.000000e+000  0.000000e+000  0.000000e+000  0.000000e+000  0.000000e+000  0.000000e+000  0.000000e+000  0.000000e+000  0.000000e+000  
0.000000e+000  0.000000e+000  0.000000e+000  0.000000e+000  0.000000e+000  0.000000e+000  0.000000e+000  0.000000e+000  0.000000e+000  0.000000e+000  0.000000e+000  0.000000e+000  0.000000e+000  0.000000e+000  0.000000e+000  0.000000e+000  0.000000e+000  0.000000e+000  0.000000e+000  0.000000e+000  0.000000e+000  
0.000000e+000  0.000000e+000  0.000000e+000  0.000000e+000  0.000000e+000  0.000000e+000  0.000000e+000  0.000000e+000  0.000000e+000  0.000000e+000  0.000000e+000  0.000000e+000  0.000000e+000  0.000000e+000  0.000000e+000  0.000000e+000  0.000000e+000  0.000000e+000  0.000000e+000  0.000000e+000  0.000000e+000  
0.000000e+000  0.000000e+000  0.000000e+000  0.000000e+000  0.000000e+000  0.000000e+000  0.000000e+000  0.000000e+000  0.000000e+000  0.000000e+000  0.000000e+000  0.000000e+000  0.000000e+000  0.000000e+000  0.000000e+000  0.000000e+000  0.000000e+000  0.000000e+000  0.000000e+000  0.000000e+000  0.000000e+000  
0.000000e+000  0.000000e+000  0.000000e+000  0.000000e+000  0.000000e+000  0.000000e+000  0.000000e+000  0.000000e+000  0.000000e+000  0.000000e+000  0.000000e+000  0.000000e+000  0.000000e+000  0.000000e+000  0.000000e+000  0.000000e+000  0.000000e+000  0.000000e+000  0.000000e+000  0.000000e+000  0.000000e+000  
0.000000e+000  0.000000e+000  0.000000e+000  0.000000e+000  0.000000e+000  0.000000e+000  0.000000e+000  0.000000e+000  0.000000e+000  0.000000e+000  0.000000e+000  0.000000e+000  0.000000e+000  0.000000e+000  0.000000e+000  0.000000e+000  0.000000e+000  0.000000e+000  0.000000e+000  0.000000e+000  0.000000e+000  
0.000000e+000  0.000000e+000  0.000000e+000  0.000000e+000  0.000000e+000  0.000000e+000  0.000000e+000  0.000000e+000  0.000000e+000  0.000000e+000  0.000000e+000  0.000000e+000  0.000000e+000  0.000000e+000  0.000000e+000  0.000000e+000  0.000000e+000  0.000000e+000  0.000000e+000  0.000000e+000  0.000000e+000  
0.000000e+000  0.000000e+000  0.000000e+000  0.000000e+000  0.000000e+000  0.000000e+000  0.000000e+000  0.000000e+000  0.000000e+000  0.000000e+000  0.000000e+000  0.000000e+000  0.000000e+000  0.000000e+000  0.000000e+000  0.000000e+000  0.000000e+000  0.000000e+000  0.000000e+000  0.000000e+000  0.000000e+000  
0.000000e+000  0.000000e+000  0.000000e+000  0.000000e+000  0.000000e+000  0.000000e+000  0.000000e+000  0.000000e+000  0.000000e+000  0.000000e+000  0.000000e+000  0.000000e+000  0.000000e+000  0.000000e+000  0.000000e+000  0.000000e+000  0.000000e+000  0.000000e+000  0.000000e+000  0.000000e+000  0.000000e+000  
0.000000e+000  0.000000e+000  0.000000e+000  0.000000e+000  0.000000e+000  0.000000e+000  0.000000e+000  0.000000e+000  0.000000e+000  0.000000e+000  0.000000e+000  0.000000e+000  0.000000e+000  0.000000e+000  0.000000e+000  0.000000e+000  0.000000e+000  0.000000e+000  0.000000e+000  0.000000e+000  0.000000e+000  
0.000000e+000  0.000000e+000  0.000000e+000  0.000000e+000  0.000000e+000  0.000000e+000  0.000000e+000  0.000000e+000  0.000000e+000  0.000000e+000  0.000000e+000  0.000000e+000  0.000000e+000  0.000000e+000  0.000000e+000  0.000000e+000  0.000000e+000  0.000000e+000  0.000000e+000  0.000000e+000  0.000000e+000  
0.000000e+000  0.000000e+000  0.000000e+000  0.000000e+000  0.000000e+000  0.000000e+000  0.000000e+000  0.000000e+000  0.000000e+000  0.000000e+000  0.000000e+000  0.000000e+000  0.000000e+000  0.000000e+000  0.000000e+000  0.000000e+000  0.000000e+000  0.000000e+000  0.000000e+000  0.000000e+000  0.000000e+000  

0.000000e+000  0.000000e+000  0.000000e+000  0.000000e+000  0.000000e+000  0.000000e+000  0.000000e+000  0.000000e+000  0.000000e+000  0.000000e+000  0.000000e+000  0.000000e+000  0.000000e+000  0.000000e+000  0.000000e+000  0.000000e+000  0.000000e+000  0.000000e+000  0.000000e+000  0.000000e+000  0.000000e+000  
0.000000e+000  0.000000e+000  0.000000e+000  0.000000e+000  0.000000e+000  0.000000e+000  0.000000e+000  0.000000e+000  0.000000e+000  0.000000e+000  0.000000e+000  0.000000e+000  0.000000e+000  0.000000e+000  0.000000e+000  0.000000e+000  0.000000e+000  0.000000e+000  0.000000e+000  0.000000e+000  0.000000e+000  
0.000000e+000  0.000000e+000  0.000000e+000  0.000000e+000  0.000000e+000  0.000000e+000  0.000000e+000  0.000000e+000  0.000000e+000  0.000000e+000  0.000000e+000  0.000000e+000  0.000000e+000  0.000000e+000  0.000000e+000  0.000000e+000  0.000000e+000  0.000000e+000  0.000000e+000  0.000000e+000  0.000000e+000  
0.000000e+000  0.000000e+000  0.000000e+000  0.000000e+000  0.000000e+000  0.000000e+000  0.000000e+000  0.000000e+000  0.000000e+000  0.000000e+000  0.000000e+000  0.000000e+000  0.000000e+000  0.000000e+000  0.000000e+000  0.000000e+000  0.000000e+000  0.000000e+000  0.000000e+000  0.000000e+000  0.000000e+000  
0.000000e+000  0.000000e+000  0.000000e+000  0.000000e+000  0.000000e+000  0.000000e+000  0.000000e+000  0.000000e+000  0.000000e+000  0.000000e+000  0.000000e+000  0.000000e+000  0.000000e+000  0.000000e+000  0.000000e+000  0.000000e+000  0.000000e+000  0.000000e+000  0.000000e+000  0.000000e+000  0.000000e+000  
0.000000e+000  0.000000e+000  0.000000e+000  0.000000e+000  0.000000e+000  0.000000e+000  0.000000e+000  0.000000e+000  0.000000e+000  0.000000e+000  0.000000e+000  0.000000e+000  0.000000e+000  0.000000e+000  0.000000e+000  0.000000e+000  0.000000e+000  0.000000e+000  0.000000e+000  0.000000e+000  0.000000e+000  
0.000000e+000  0.000000e+000  0.000000e+000  0.000000e+000  0.000000e+000  0.000000e+000  0.000000e+000  0.000000e+000  0.000000e+000  0.000000e+000  0.000000e+000  0.000000e+000  0.000000e+000  0.000000e+000  0.000000e+000  0.000000e+000  0.000000e+000  0.000000e+000  0.000000e+000  0.000000e+000  0.000000e+000  
0.000000e+000  0.000000e+000  0.000000e+000  0.000000e+000  0.000000e+000  0.000000e+000  0.000000e+000  0.000000e+000  0.000000e+000  0.000000e+000  0.000000e+000  0.000000e+000  0.000000e+000  0.000000e+000  0.000000e+000  0.000000e+000  0.000000e+000  0.000000e+000  0.000000e+000  0.000000e+000  0.000000e+000  
0.000000e+000  0.000000e+000  0.000000e+000  0.000000e+000  0.000000e+000  0.000000e+000  0.000000e+000  0.000000e+000  0.000000e+000  0.000000e+000  0.000000e+000  0.000000e+000  0.000000e+000  0.000000e+000  0.000000e+000  0.000000e+000  0.000000e+000  0.000000e+000  0.000000e+000  0.000000e+000  0.000000e+000  
0.000000e+000  0.000000e+000  0.000000e+000  0.000000e+000  0.000000e+000  0.000000e+000  0.000000e+000  0.000000e+000  0.000000e+000  0.000000e+000  0.000000e+000  0.000000e+000  0.000000e+000  0.000000e+000  0.000000e+000  0.000000e+000  0.000000e+000  0.000000e+000  0.000000e+000  0.000000e+000  0.000000e+000  
0.000000e+000  0.000000e+000  0.000000e+000  0.000000e+000  0.000000e+000  0.000000e+000  0.000000e+000  0.000000e+000  0.000000e+000  0.000000e+000  0.000000e+000  0.000000e+000  0.000000e+000  0.000000e+000  0.000000e+000  0.000000e+000  0.000000e+000  0.000000e+000  0.000000e+000  0.000000e+000  0.000000e+000  
0.000000e+000  0.000000e+000  0.000000e+000  0.000000e+000  0.000000e+000  0.000000e+000  0.000000e+000  0.000000e+000  0.000000e+000  0.000000e+000  0.000000e+000  0.000000e+000  0.000000e+000  0.000000e+000  0.000000e+000  0.000000e+000  0.000000e+000  0.000000e+000  0.000000e+000  0.000000e+000  0.000000e+000  
0.000000e+000  0.000000e+000  0.000000e+000  0.000000e+000  0.000000e+000  0.000000e+000  0.000000e+000  0.000000e+000  0.000000e+000  0.000000e+000  0.000000e+000  0.000000e+000  0.000000e+000  0.000000e+000  0.000000e+000  0.000000e+000  0.000000e+000  0.000000e+000  0.000000e+000  0.000000e+000  0.000000e+000  
0.000000e+000  0.000000e+000  0.000000e+000  0.000000e+000  0.000000e+000  0.000000e+000  0.000000e+000  0.000000e+000  0.000000e+000  0.000000e+000  0.000000e+000  0.000000e+000  0.000000e+000  0.000000e+000  0.000000e+000  0.000000e+000  0.000000e+000  0.000000e+000  0.000000e+000  0.000000e+000  0.000000e+000  
0.000000e+000  0.000000e+000  0.000000e+000  0.000000e+000  0.000000e+000  0.000000e+000  0.000000e+000  0.000000e+000  0.000000e+000  0.000000e+000  0.000000e+000  0.000000e+000  0.000000e+000  0.000000e+000  0.000000e+000  0.000000e+000  0.000000e+000  0.000000e+000  0.000000e+000  0.000000e+000  0.000000e+000  
0.000000e+000  0.000000e+000  0.000000e+000  0.000000e+000  0.000000e+000  0.000000e+000  0.000000e+000  0.000000e+000  0.000000e+000  0.000000e+000  0.000000e+000  0.000000e+000  0.000000e+000  0.000000e+000  0.000000e+000  0.000000e+000  0.000000e+000  0.000000e+000  0.000000e+000  0.000000e+000  0.000000e+000  
0.000000e+000  0.000000e+000  0.000000e+000  0.000000e+000  0.000000e+000  0.000000e+000  0.000000e+000  0.000000e+000  0.000000e+000  0.000000e+000  0.000000e+000  0.000000e+000  0.000000e+000  0.000000e+000  0.000000e+000  0.000000e+000  0.000000e+000  0.000000e+000  0.000000e+000  0.000000e+000  0.000000e+000  
0.000000e+000  0.000000e+000  0.000000e+000  0.000000e+000  0.000000e+000  0.000000e+000  0.000000e+000  0.000000e+000  0.000000e+000  0.000000e+000  0.000000e+000  0.000000e+000  0.000000e+000  0.000000e+000  0.000000e+000  0.000000e+000  0.000000e+000  0.000000e+000  0.000000e+000  0.000000e+000  0.000000e+000  
0.000000e+000  0.000000e+000  0.000000e+000  0.000000e+000  0.000000e+000  0.000000e+000  0.000000e+000  0.000000e+000  0.000000e+000  0.000000e+000  0.000000e+000  0.000000e+000  0.000000e+000  0.000000e+000  0.000000e+000  0.000000e+000  0.000000e+000  0.000000e+000  0.000000e+000  0.000000e+000  0.000000e+000  
0.000000e+000  0.000000e+000  0.000000e+000  0.000000e+000  0.000000e+000  0.000000e+000  0.000000e+000  0.000000e+000  0.000000e+000  0.000000e+000  0.000000e+000  0.000000e+000  0.000000e+000  0.000000e+000  0.000000e+000  0.000000e+000  0.000000e+000  0.000000e+000  0.000000e+000  0.000000e+000  0.000000e+000  
0.000000e+000  0.000000e+000  0.000000e+000  0.000000e+000  0.000000e+000  0.000000e+000  0.000000e+000  0.000000e+000  0.000000e+000  0.000000e+000  0.000000e+000  0.000000e+000  0.000000e+000  0.000000e+000  0.000000e+000  0.000000e+000  0.000000e+000  0.000000e+000  0.000000e+000  0.000000e+000  0.000000e+000  
0.000000e+000  0.000000e+000  0.000000e+000  0.000000e+000  0.000000e+000  0.000000e+000  0.000000e+000  0.000000e+000  0.000000e+000  0.000000e+000  0.000000e+000  0.000000e+000  0.000000e+000  0.000000e+000  0.000000e+000  0.000000e+000  0.000000e+000  0.000000e+000  0.000000e+000  0.000000e+000  0.000000e+000  
0.000000e+000  0.000000e+000  0.000000e+000  0.000000e+000  0.000000e+000  0.000000e+000  0.000000e+000  0.000000e+000  0.000000e+000  0.000000e+000  0.000000e+000  0.000000e+000  0.000000e+000  0.000000e+000  0.000000e+000  0.000000e+000  0.000000e+000  0.000000e+000  0.000000e+000  0.000000e+000  0.000000e+000  

0.000000e+000  0.000000e+000  0.000000e+000  0.000000e+000  0.000000e+000  0.000000e+000  0.000000e+000  0.000000e+000  0.000000e+000  0.000000e+000  0.000000e+000  0.000000e+000  0.000000e+000  0.000000e+000  0.000000e+000  0.000000e+000  0.000000e+000  0.000000e+000  0.000000e+000  0.000000e+000  0.000000e+000  
0.000000e+000  0.000000e+000  0.000000e+000  0.000000e+000  0.000000e+000  0.000000e+000  -1.919015e-006  -6.757978e-006  -5.823969e-006  -6.007213e-006  -1.717220e-006  -6.011225e-006  -5.775694e-006  -6.674096e-006  -2.001263e-006  0.000000e+000  0.000000e+000  0.000000e+000  0.000000e+000  0.000000e+000  0.000000e+000  
0.000000e+000  0.000000e+000  0.000000e+000  0.000000e+000  4.671272e-007  1.083746e-006  1.770161e-007  -1.553370e-006  2.093089e-006  4.905741e-006  6.788486e-006  4.947944e-006  2.178532e-006  -1.407891e-006  3.325958e-007  1.248446e-006  2.926282e-007  0.000000e+000  0.000000e+000  0.000000e+000  0.000000e+000  
0.000000e+000  0.000000e+000  0.000000e+000  7.327846e-006  5.871165e-006  4.409875e-006  2.518810e-006  3.358076e-007  1.174396e-005  1.806926e-005  2.030610e-005  1.811311e-005  1.189458e-005  4.519713e-007  2.711779e-006  4.510094e-006  5.998615e-006  7.307374e-006  0.000000e+000  0.000000e+000  0.000000e+000  
0.000000e+000  0.000000e+000  3.359588e-007  3.972345e-006  -1.240510e-006  -5.768936e-006  -1.016034e-005  -1.510165e-005  -4.744882e-006  1.176937e-006  3.290359e-006  1.261751e-006  -4.637103e-006  -1.488825e-005  -9.984820e-006  -5.540580e-006  -1.162054e-006  3.865694e-006  4.542269e-008  0.000000e+000  0.000000e+000  
0.000000e+000  0.000000e+000  2.136983e-006  -1.054905e-007  -8.910383e-006  -1.600821e-005  -2.206483e-005  -2.810607e-005  -1.975045e-005  -1.466973e-005  -1.270650e-005  -1.461169e-005  -1.953694e-005  -2.774670e-005  -2.169825e-005  -1.570533e-005  -8.663778e-006  -1.786670e-007  1.924482e-006  0.000000e+000  0.000000e+000  
0.000000e+000  -2.999794e-007  -1.711662e-006  -6.760643e-006  -1.788899e-005  -2.693116e-005  -3.409306e-005  -3.480389e-005  -3.394997e-005  -3.037046e-005  -2.849655e-005  -3.026676e-005  -3.360302e-005  -3.434034e-005  -3.348019e-005  -2.636474e-005  -1.762886e-005  -6.477360e-006  -1.794225e-006  -6.803311e-007  0.000000e+000  
0.000000e+000  -1.131093e-006  -1.993413e-006  -2.662401e-006  -1.025670e-005  -1.656648e-005  -2.202939e-005  -2.698576e-005  -2.649521e-005  -1.892879e-005  -1.444285e-005  -1.885887e-005  -2.625304e-005  -2.621965e-005  -2.123598e-005  -1.593551e-005  -9.647010e-006  -2.519488e-006  -1.812503e-006  -1.000983e-006  0.000000e+000  
0.000000e+000  -1.771765e-006  -1.705701e-006  -3.430198e-007  -2.983392e-006  -6.920456e-006  -1.041871e-005  -1.624781e-005  -2.347937e-005  -8.517237e-006  0.000000e+000  -8.371211e-006  -2.313117e-005  -1.528607e-005  -9.332435e-006  -6.006861e-006  -2.345325e-006  7.917507e-008  -1.483572e-006  -1.729950e-006  0.000000e+000  
0.000000e+000  -7.231880e-006  -1.394750e-006  6.480620e-006  6.978080e-008  -4.220286e-006  -6.267122e-006  -4.925289e-006  0.000000e+000  0.000000e+000  0.000000e+000  0.000000e+000  0.000000e+000  -2.928603e-006  -4.478426e-006  -2.870738e-006  9.278717e-007  7.056005e-006  -1.105235e-006  -7.103464e-006  0.000000e+000  
0.000000e+000  -1.342060e-005  -2.147770e-006  8.840409e-006  1.892211e-006  -2.573942e-006  -4.287386e-006  -2.547324e-006  0.000000e+000  0.000000e+000  0.000000e+000  0.000000e+000  0.000000e+000  3.627654e-006  -1.540400e-006  -1.058871e-006  2.825074e-006  9.386378e-006  -1.811770e-006  -1.329586e-005  0.000000e+000  
0.000000e+000  -9.177533e-006  -1.638465e-006  9.450905e-006  2.433551e-006  -1.976835e-006  -3.345319e-006  0.000000e+000  0.000000e+000  0.000000e+000  0.000000e+000  0.000000e+000  0.000000e+000  0.000000e+000  -1.931985e-006  -8.717410e-007  3.136531e-006  9.897724e-006  -1.380442e-006  -9.106808e-006  0.000000e+000  
0.000000e+000  -1.415628e-005  -3.295869e-006  8.188280e-006  1.738509e-006  -2.394057e-006  -3.887024e-006  -2.164917e-006  0.000000e+000  0.000000e+000  0.000000e+000  0.000000e+000  0.000000e+000  3.508057e-006  -1.782060e-006  -1.514689e-006  2.096836e-006  8.379946e-006  -3.216606e-006  -1.416124e-005  0.000000e+000  
0.000000e+000  -1.457275e-005  -4.501981e-006  5.214886e-006  -1.780949e-007  -3.577221e-006  -4.810131e-006  -3.050856e-006  0.000000e+000  0.000000e+000  0.000000e+000  0.000000e+000  0.000000e+000  -3.193449e-006  -5.025443e-006  -3.821832e-006  -3.646115e-007  5.077028e-006  -4.578939e-006  -1.465575e-005  0.000000e+000  
0.000000e+000  -5.956106e-006  -4.391283e-006  -1.665071e-006  -3.206713e-006  -5.805418e-006  -7.514800e-006  -9.794892e-006  -5.481060e-006  -6.313003e-006  0.000000e+000  -8.516943e-006  -2.337915e-005  -1.587542e-005  -1.025600e-005  -7.146335e-006  -4.013853e-006  -2.143182e-006  -4.724357e-006  -6.224670e-006  0.000000e+000  
0.000000e+000  -4.180269e-006  -4.234718e-006  -4.105834e-006  -1.039192e-005  -1.566031e-005  -1.927181e-005  -2.135718e-005  -1.699902e-005  -1.566186e-005  -1.366826e-005  -1.883036e-005  -2.664722e-005  -2.693147e-005  -2.233151e-005  -1.738920e-005  -1.146357e-005  -4.741784e-006  -4.739137e-006  -4.333054e-006  0.000000e+000  
0.000000e+000  2.245514e-007  -4.075845e-006  -8.086784e-006  -1.841579e-005  -2.615226e-005  -3.189829e-005  -3.102730e-005  -2.832204e-005  -2.768900e-005  -2.764828e-005  -3.029931e-005  -3.417148e-005  -3.527493e-005  -3.465163e-005  -2.796265e-005  -1.941581e-005  -8.810474e-006  -4.506392e-006  -1.672226e-006  0.000000e+000  
0.000000e+000  0.000000e+000  -1.224746e-006  -1.889545e-006  -9.655069e-006  -1.588323e-005  -2.093235e-005  -2.585246e-005  -1.699861e-005  -1.298504e-005  -1.226681e-005  -1.487468e-005  -2.025888e-005  -2.887414e-005  -2.318204e-005  -1.737043e-005  -1.069168e-005  -2.427278e-006  -1.447626e-006  0.000000e+000  0.000000e+000  
0.000000e+000  0.000000e+000  -2.108543e-007  2.340168e-006  -2.352549e-006  -6.364424e-006  -9.956740e-006  -1.424738e-005  -3.772421e-006  1.725409e-006  3.188284e-006  5.856079e-007  -5.788966e-006  -1.623114e-005  -1.161872e-005  -7.559749e-006  -3.067675e-006  2.013767e-006  -5.744647e-007  0.000000e+000  0.000000e+000  
0.000000e+000  0.000000e+000  0.000000e+000  5.192362e-006  4.496691e-006  2.840430e-006  1.912313e-006  1.742783e-007  1.145415e-005  1.763207e-005  1.950273e-005  1.692481e-005  1.026993e-005  -1.144770e-006  7.707801e-007  2.058568e-006  4.042693e-006  5.029501e-006  0.000000e+000  0.000000e+000  0.000000e+000  
0.000000e+000  0.000000e+000  0.000000e+000  0.000000e+000  -4.438847e-007  -2.764026e-006  -1.096462e-006  -2.238224e-006  -1.670457e-008  3.510640e-006  5.120841e-006  3.198394e-006  -5.888197e-007  -2.881554e-006  -1.654014e-006  -3.129491e-006  -3.663686e-007  0.000000e+000  0.000000e+000  0.000000e+000  0.000000e+000  
0.000000e+000  0.000000e+000  0.000000e+000  0.000000e+000  0.000000e+000  0.000000e+000  -1.159913e-006  -5.932206e-006  -1.190842e-005  -7.374143e-006  -4.320403e-006  -7.487071e-006  -1.208079e-005  -6.137744e-006  -1.180630e-006  0.000000e+000  0.000000e+000  0.000000e+000  0.000000e+000  0.000000e+000  0.000000e+000  
0.000000e+000  0.000000e+000  0.000000e+000  0.000000e+000  0.000000e+000  0.000000e+000  0.000000e+000  0.000000e+000  0.000000e+000  0.000000e+000  0.000000e+000  0.000000e+000  0.000000e+000  0.000000e+000  0.000000e+000  0.000000e+000  0.000000e+000  0.000000e+000  0.000000e+000  0.000000e+000  0.000000e+000  

