Port monitor named: Port1_h1[2.5].prt

nx        = 95
ny        = 49
nz        = 63

nu        = 5
nv        = 5
iu        = 24
iv        = 12

idir      = 1
dcut      = 2.525000e-002
icut      = 44
type      = 1
frequency = 2.500000e+009

fcutoff   = 0.000000e+000
alpha     = 0.000000e+000
beta      = 7.334356e+001
accuracy  = 3.590055e-015

type          = TEM
wave imp.     = 2.653611e+002
wave imp.sig. = 6.766789e-011
line imp.     = 5.425747e+001

ref. port     = 0

0.000000e+000  7.880739e+000  1.576411e+001  7.880739e+000  0.000000e+000  
0.000000e+000  7.882188e+000  3.152959e+001  7.882188e+000  0.000000e+000  
0.000000e+000  -7.882188e+000  -3.152959e+001  -7.882188e+000  0.000000e+000  
0.000000e+000  -7.880739e+000  -1.576411e+001  -7.880739e+000  0.000000e+000  
0.000000e+000  0.000000e+000  0.000000e+000  0.000000e+000  0.000000e+000  

0.000000e+000  0.000000e+000  0.000000e+000  0.000000e+000  0.000000e+000  
-7.880739e+000  -7.882188e+000  7.882188e+000  7.880739e+000  0.000000e+000  
-1.576411e+001  -3.152959e+001  3.152959e+001  1.576411e+001  0.000000e+000  
-7.880739e+000  -7.882188e+000  7.882188e+000  7.880739e+000  0.000000e+000  
0.000000e+000  0.000000e+000  0.000000e+000  0.000000e+000  0.000000e+000  

0.000000e+000  0.000000e+000  0.000000e+000  0.000000e+000  0.000000e+000  
0.000000e+000  0.000000e+000  0.000000e+000  0.000000e+000  0.000000e+000  
0.000000e+000  0.000000e+000  0.000000e+000  0.000000e+000  0.000000e+000  
0.000000e+000  0.000000e+000  0.000000e+000  0.000000e+000  0.000000e+000  
0.000000e+000  0.000000e+000  0.000000e+000  0.000000e+000  0.000000e+000  

0.000000e+000  0.000000e+000  0.000000e+000  0.000000e+000  0.000000e+000  
0.000000e+000  0.000000e+000  0.000000e+000  0.000000e+000  0.000000e+000  
0.000000e+000  0.000000e+000  0.000000e+000  0.000000e+000  0.000000e+000  
0.000000e+000  0.000000e+000  0.000000e+000  0.000000e+000  0.000000e+000  
0.000000e+000  0.000000e+000  0.000000e+000  0.000000e+000  0.000000e+000  

0.000000e+000  0.000000e+000  0.000000e+000  0.000000e+000  0.000000e+000  
0.000000e+000  0.000000e+000  0.000000e+000  0.000000e+000  0.000000e+000  
0.000000e+000  0.000000e+000  0.000000e+000  0.000000e+000  0.000000e+000  
0.000000e+000  0.000000e+000  0.000000e+000  0.000000e+000  0.000000e+000  
0.000000e+000  0.000000e+000  0.000000e+000  0.000000e+000  0.000000e+000  

0.000000e+000  1.572462e-002  -1.572462e-002  0.000000e+000  0.000000e+000  
-1.572462e-002  0.000000e+000  0.000000e+000  1.572462e-002  0.000000e+000  
1.572462e-002  0.000000e+000  0.000000e+000  -1.572462e-002  0.000000e+000  
0.000000e+000  -1.572462e-002  1.572462e-002  0.000000e+000  0.000000e+000  
0.000000e+000  0.000000e+000  0.000000e+000  0.000000e+000  0.000000e+000  

