Port monitor named: Port1_e1[2.5].prt

nx        = 95
ny        = 49
nz        = 63

nu        = 5
nv        = 5
iu        = 24
iv        = 12

idir      = 1
dcut      = 2.525000e-002
icut      = 44
type      = 0
frequency = 2.500000e+009

fcutoff   = 0.000000e+000
alpha     = 0.000000e+000
beta      = 7.334356e+001
accuracy  = 3.590055e-015

type          = TEM
wave imp.     = 2.653611e+002
wave imp.sig. = 6.766789e-011
line imp.     = 5.425747e+001

ref. port     = 0

0.000000e+000  0.000000e+000  0.000000e+000  0.000000e+000  0.000000e+000  
-2.257145e+003  -2.036324e+003  2.036324e+003  2.257145e+003  0.000000e+000  
-4.293788e+003  -8.366726e+003  8.366726e+003  4.293788e+003  0.000000e+000  
-2.257145e+003  -2.036324e+003  2.036324e+003  2.257145e+003  0.000000e+000  
0.000000e+000  0.000000e+000  0.000000e+000  0.000000e+000  0.000000e+000  

0.000000e+000  -2.257145e+003  -4.293788e+003  -2.257145e+003  0.000000e+000  
0.000000e+000  -2.036324e+003  -8.366726e+003  -2.036324e+003  0.000000e+000  
0.000000e+000  2.036324e+003  8.366726e+003  2.036324e+003  0.000000e+000  
0.000000e+000  2.257145e+003  4.293788e+003  2.257145e+003  0.000000e+000  
0.000000e+000  0.000000e+000  0.000000e+000  0.000000e+000  0.000000e+000  

0.000000e+000  0.000000e+000  0.000000e+000  0.000000e+000  0.000000e+000  
0.000000e+000  0.000000e+000  0.000000e+000  0.000000e+000  0.000000e+000  
0.000000e+000  0.000000e+000  0.000000e+000  0.000000e+000  0.000000e+000  
0.000000e+000  0.000000e+000  0.000000e+000  0.000000e+000  0.000000e+000  
0.000000e+000  0.000000e+000  0.000000e+000  0.000000e+000  0.000000e+000  

0.000000e+000  0.000000e+000  0.000000e+000  0.000000e+000  0.000000e+000  
0.000000e+000  0.000000e+000  0.000000e+000  0.000000e+000  0.000000e+000  
0.000000e+000  0.000000e+000  0.000000e+000  0.000000e+000  0.000000e+000  
0.000000e+000  0.000000e+000  0.000000e+000  0.000000e+000  0.000000e+000  
0.000000e+000  0.000000e+000  0.000000e+000  0.000000e+000  0.000000e+000  

0.000000e+000  0.000000e+000  0.000000e+000  0.000000e+000  0.000000e+000  
0.000000e+000  0.000000e+000  0.000000e+000  0.000000e+000  0.000000e+000  
0.000000e+000  0.000000e+000  0.000000e+000  0.000000e+000  0.000000e+000  
0.000000e+000  0.000000e+000  0.000000e+000  0.000000e+000  0.000000e+000  
0.000000e+000  0.000000e+000  0.000000e+000  0.000000e+000  0.000000e+000  

0.000000e+000  0.000000e+000  0.000000e+000  0.000000e+000  0.000000e+000  
0.000000e+000  1.027463e+001  3.858384e+000  1.027463e+001  0.000000e+000  
0.000000e+000  3.858384e+000  0.000000e+000  3.858384e+000  0.000000e+000  
0.000000e+000  1.027463e+001  3.858384e+000  1.027463e+001  0.000000e+000  
0.000000e+000  0.000000e+000  0.000000e+000  0.000000e+000  0.000000e+000  

