Port monitor named: Port2_e1[2.5].prt

nx        = 91
ny        = 44
nz        = 35

nu        = 5
nv        = 5
iu        = 16
iv        = 76

idir      = 1
dcut      = 2.525000e-002
icut      = 39
type      = 0
frequency = 2.500000e+009

fcutoff   = 0.000000e+000
alpha     = 0.000000e+000
beta      = 7.337543e+001
accuracy  = 4.786066e-015

type          = TEM
wave imp.     = 2.654856e+002
wave imp.sig. = 5.466051e-011
line imp.     = 5.425737e+001

ref. port     = 0

-0.000000e+000  -0.000000e+000  -0.000000e+000  -0.000000e+000  -0.000000e+000  
-2.248561e+003  -2.041103e+003  2.041103e+003  2.248561e+003  -0.000000e+000  
-4.289964e+003  -8.372445e+003  8.372445e+003  4.289964e+003  -0.000000e+000  
-2.248561e+003  -2.041103e+003  2.041103e+003  2.248561e+003  -0.000000e+000  
-0.000000e+000  -0.000000e+000  -0.000000e+000  -0.000000e+000  -0.000000e+000  

-0.000000e+000  -2.248561e+003  -4.289964e+003  -2.248561e+003  -0.000000e+000  
-0.000000e+000  -2.041103e+003  -8.372445e+003  -2.041103e+003  -0.000000e+000  
-0.000000e+000  2.041103e+003  8.372445e+003  2.041103e+003  -0.000000e+000  
-0.000000e+000  2.248561e+003  4.289964e+003  2.248561e+003  -0.000000e+000  
-0.000000e+000  -0.000000e+000  -0.000000e+000  -0.000000e+000  -0.000000e+000  

0.000000e+000  0.000000e+000  0.000000e+000  0.000000e+000  0.000000e+000  
0.000000e+000  0.000000e+000  0.000000e+000  0.000000e+000  0.000000e+000  
0.000000e+000  0.000000e+000  0.000000e+000  0.000000e+000  0.000000e+000  
0.000000e+000  0.000000e+000  0.000000e+000  0.000000e+000  0.000000e+000  
0.000000e+000  0.000000e+000  0.000000e+000  0.000000e+000  0.000000e+000  

0.000000e+000  0.000000e+000  0.000000e+000  0.000000e+000  0.000000e+000  
0.000000e+000  0.000000e+000  0.000000e+000  0.000000e+000  0.000000e+000  
0.000000e+000  0.000000e+000  0.000000e+000  0.000000e+000  0.000000e+000  
0.000000e+000  0.000000e+000  0.000000e+000  0.000000e+000  0.000000e+000  
0.000000e+000  0.000000e+000  0.000000e+000  0.000000e+000  0.000000e+000  

0.000000e+000  0.000000e+000  0.000000e+000  0.000000e+000  0.000000e+000  
0.000000e+000  0.000000e+000  0.000000e+000  0.000000e+000  0.000000e+000  
0.000000e+000  0.000000e+000  0.000000e+000  0.000000e+000  0.000000e+000  
0.000000e+000  0.000000e+000  0.000000e+000  0.000000e+000  0.000000e+000  
0.000000e+000  0.000000e+000  0.000000e+000  0.000000e+000  0.000000e+000  

-0.000000e+000  -0.000000e+000  -0.000000e+000  -0.000000e+000  -0.000000e+000  
-0.000000e+000  9.664316e+000  3.641054e+000  9.664316e+000  -0.000000e+000  
-0.000000e+000  3.641054e+000  -0.000000e+000  3.641054e+000  -0.000000e+000  
-0.000000e+000  9.664316e+000  3.641054e+000  9.664316e+000  -0.000000e+000  
-0.000000e+000  -0.000000e+000  -0.000000e+000  -0.000000e+000  -0.000000e+000  

