Port monitor named: Port2_h1.prt

nx        = 25
ny        = 4
nz        = 25

nu        = 23
nv        = 23
iu        = 2
iv        = 2

idir      = 1
dcut      = 2.505000e-002
icut      = 3
type      = 1
frequency = 2.500000e+009

fcutoff   = 0.000000e+000
alpha     = 0.000000e+000
beta      = 7.257369e+001
accuracy  = 4.363167e-012

type          = QTEM
wave imp.     = 2.634472e+002
wave imp.sig. = 4.274205e-003
line imp.     = 5.425813e+001

ref. port     = 0

0.000000e+000  -2.241217e+000  -4.482687e+000  -6.706010e+000  -8.855449e+000  -9.861720e+000  -1.080357e+001  -1.165920e+001  -1.240433e+001  -1.301498e+001  -1.346900e+001  -1.385301e+001  -1.346900e+001  -1.301498e+001  -1.240433e+001  -1.165920e+001  -1.080357e+001  -9.861720e+000  -8.855449e+000  -6.706010e+000  -4.482687e+000  -2.241217e+000  0.000000e+000  
0.000000e+000  -2.241337e+000  -4.501582e+000  -6.781019e+000  -9.039792e+000  -1.012169e+001  -1.115084e+001  -1.210108e+001  -1.294206e+001  -1.364136e+001  -1.416755e+001  -1.462085e+001  -1.416755e+001  -1.364136e+001  -1.294206e+001  -1.210108e+001  -1.115084e+001  -1.012169e+001  -9.039792e+000  -6.781019e+000  -4.501582e+000  -2.241337e+000  0.000000e+000  
0.000000e+000  -2.222922e+000  -4.502080e+000  -6.878370e+000  -9.351306e+000  -1.059277e+001  -1.181370e+001  -1.297983e+001  -1.404634e+001  -1.496002e+001  -1.566467e+001  -1.629512e+001  -1.566467e+001  -1.496002e+001  -1.404634e+001  -1.297983e+001  -1.181370e+001  -1.059277e+001  -9.351306e+000  -6.878370e+000  -4.502080e+000  -2.222922e+000  0.000000e+000  
0.000000e+000  -2.148646e+000  -4.406667e+000  -6.879305e+000  -9.649372e+000  -1.114590e+001  -1.269560e+001  -1.425687e+001  -1.576179e+001  -1.711461e+001  -1.820008e+001  -1.923008e+001  -1.820008e+001  -1.711461e+001  -1.576179e+001  -1.425687e+001  -1.269560e+001  -1.114590e+001  -9.649372e+000  -6.879305e+000  -4.406667e+000  -2.148646e+000  0.000000e+000  
0.000000e+000  -2.011375e+000  -4.174339e+000  -6.656869e+000  -9.649843e+000  -1.140112e+001  -1.332221e+001  -1.538355e+001  -1.750453e+001  -1.953245e+001  -2.124239e+001  -2.297613e+001  -2.124239e+001  -1.953245e+001  -1.750453e+001  -1.538355e+001  -1.332221e+001  -1.140112e+001  -9.649843e+000  -6.656869e+000  -4.174339e+000  -2.011375e+000  0.000000e+000  
0.000000e+000  -1.882160e+000  -3.939550e+000  -6.380947e+000  -9.480268e+000  -1.140140e+001  -1.359967e+001  -1.607496e+001  -1.875938e+001  -2.146226e+001  -2.383258e+001  -2.634029e+001  -2.383258e+001  -2.146226e+001  -1.875938e+001  -1.607496e+001  -1.359967e+001  -1.140140e+001  -9.480268e+000  -6.380947e+000  -3.939550e+000  -1.882160e+000  0.000000e+000  
0.000000e+000  -1.709241e+000  -3.608746e+000  -5.940524e+000  -9.063014e+000  -1.112453e+001  -1.360005e+001  -1.655721e+001  -1.999572e+001  -2.372455e+001  -2.716700e+001  -3.095822e+001  -2.716700e+001  -2.372455e+001  -1.999572e+001  -1.655721e+001  -1.360005e+001  -1.112453e+001  -9.063014e+000  -5.940524e+000  -3.608746e+000  -1.709241e+000  0.000000e+000  
0.000000e+000  -1.488784e+000  -3.169864e+000  -5.302405e+000  -8.312217e+000  -1.043361e+001  -1.311877e+001  -1.655805e+001  -2.094166e+001  -2.627315e+001  -3.153256e+001  -3.747167e+001  -3.153256e+001  -2.627315e+001  -2.094166e+001  -1.655805e+001  -1.311877e+001  -1.043361e+001  -8.312217e+000  -5.302405e+000  -3.169864e+000  -1.488784e+000  0.000000e+000  
0.000000e+000  -1.220248e+000  -2.618106e+000  -4.444952e+000  -7.150405e+000  -9.178878e+000  -1.188332e+001  -1.561453e+001  -2.093965e+001  -2.721068e+001  0.000000e+000  0.000000e+000  0.000000e+000  -2.721068e+001  -2.093965e+001  -1.561453e+001  -1.188332e+001  -9.178878e+000  -7.150405e+000  -4.444952e+000  -2.618106e+000  -1.220248e+000  0.000000e+000  
0.000000e+000  -9.073063e-001  -1.959092e+000  -3.367834e+000  -5.538073e+000  -7.248152e+000  -9.621066e+000  -1.307704e+001  -2.030163e+001  0.000000e+000  0.000000e+000  0.000000e+000  0.000000e+000  0.000000e+000  -2.030163e+001  -1.307704e+001  -9.621066e+000  -7.248152e+000  -5.538073e+000  -3.367834e+000  -1.959092e+000  -9.073063e-001  0.000000e+000  
0.000000e+000  -3.837095e-001  -8.367041e-001  -1.466579e+000  -2.494587e+000  -3.357778e+000  -4.603055e+000  -6.477175e+000  0.000000e+000  0.000000e+000  0.000000e+000  0.000000e+000  0.000000e+000  0.000000e+000  0.000000e+000  -6.477175e+000  -4.603055e+000  -3.357778e+000  -2.494587e+000  -1.466579e+000  -8.367041e-001  -3.837095e-001  0.000000e+000  
0.000000e+000  3.837094e-001  8.367039e-001  1.466579e+000  2.494587e+000  3.357777e+000  4.603055e+000  6.477175e+000  0.000000e+000  0.000000e+000  0.000000e+000  0.000000e+000  0.000000e+000  0.000000e+000  0.000000e+000  6.477175e+000  4.603055e+000  3.357778e+000  2.494587e+000  1.466579e+000  8.367039e-001  3.837094e-001  0.000000e+000  
0.000000e+000  9.073062e-001  1.959092e+000  3.367834e+000  5.538072e+000  7.248152e+000  9.621066e+000  1.307704e+001  2.030163e+001  0.000000e+000  0.000000e+000  0.000000e+000  0.000000e+000  0.000000e+000  2.030163e+001  1.307704e+001  9.621066e+000  7.248152e+000  5.538072e+000  3.367834e+000  1.959092e+000  9.073062e-001  0.000000e+000  
0.000000e+000  1.220248e+000  2.618105e+000  4.444952e+000  7.150405e+000  9.178877e+000  1.188332e+001  1.561453e+001  2.093965e+001  2.721068e+001  0.000000e+000  0.000000e+000  0.000000e+000  2.721068e+001  2.093965e+001  1.561453e+001  1.188332e+001  9.178877e+000  7.150405e+000  4.444952e+000  2.618105e+000  1.220248e+000  0.000000e+000  
0.000000e+000  1.488784e+000  3.169863e+000  5.302405e+000  8.312216e+000  1.043361e+001  1.311877e+001  1.655805e+001  2.094166e+001  2.627315e+001  3.153256e+001  3.747167e+001  3.153256e+001  2.627315e+001  2.094166e+001  1.655805e+001  1.311877e+001  1.043361e+001  8.312216e+000  5.302405e+000  3.169863e+000  1.488784e+000  0.000000e+000  
0.000000e+000  1.709240e+000  3.608746e+000  5.940524e+000  9.063013e+000  1.112453e+001  1.360005e+001  1.655721e+001  1.999572e+001  2.372455e+001  2.716700e+001  3.095822e+001  2.716700e+001  2.372455e+001  1.999572e+001  1.655721e+001  1.360005e+001  1.112453e+001  9.063013e+000  5.940524e+000  3.608746e+000  1.709240e+000  0.000000e+000  
0.000000e+000  1.882159e+000  3.939550e+000  6.380947e+000  9.480268e+000  1.140140e+001  1.359967e+001  1.607496e+001  1.875938e+001  2.146225e+001  2.383258e+001  2.634029e+001  2.383258e+001  2.146225e+001  1.875938e+001  1.607496e+001  1.359967e+001  1.140140e+001  9.480268e+000  6.380947e+000  3.939550e+000  1.882159e+000  0.000000e+000  
0.000000e+000  2.011375e+000  4.174339e+000  6.656869e+000  9.649842e+000  1.140112e+001  1.332221e+001  1.538354e+001  1.750453e+001  1.953245e+001  2.124239e+001  2.297612e+001  2.124239e+001  1.953245e+001  1.750453e+001  1.538354e+001  1.332221e+001  1.140112e+001  9.649842e+000  6.656869e+000  4.174339e+000  2.011375e+000  0.000000e+000  
0.000000e+000  2.148646e+000  4.406667e+000  6.879304e+000  9.649371e+000  1.114590e+001  1.269560e+001  1.425687e+001  1.576179e+001  1.711461e+001  1.820008e+001  1.923008e+001  1.820008e+001  1.711461e+001  1.576179e+001  1.425687e+001  1.269560e+001  1.114590e+001  9.649371e+000  6.879304e+000  4.406667e+000  2.148646e+000  0.000000e+000  
0.000000e+000  2.222921e+000  4.502080e+000  6.878370e+000  9.351306e+000  1.059277e+001  1.181370e+001  1.297982e+001  1.404634e+001  1.496002e+001  1.566467e+001  1.629512e+001  1.566467e+001  1.496002e+001  1.404634e+001  1.297982e+001  1.181370e+001  1.059277e+001  9.351306e+000  6.878370e+000  4.502080e+000  2.222921e+000  0.000000e+000  
0.000000e+000  2.241336e+000  4.501581e+000  6.781019e+000  9.039791e+000  1.012168e+001  1.115084e+001  1.210107e+001  1.294206e+001  1.364136e+001  1.416755e+001  1.462085e+001  1.416755e+001  1.364136e+001  1.294206e+001  1.210107e+001  1.115084e+001  1.012168e+001  9.039791e+000  6.781019e+000  4.501581e+000  2.241336e+000  0.000000e+000  
0.000000e+000  2.241216e+000  4.482687e+000  6.706010e+000  8.855449e+000  9.861719e+000  1.080357e+001  1.165920e+001  1.240433e+001  1.301498e+001  1.346900e+001  1.385301e+001  1.346900e+001  1.301498e+001  1.240433e+001  1.165920e+001  1.080357e+001  9.861719e+000  8.855449e+000  6.706010e+000  4.482687e+000  2.241216e+000  0.000000e+000  
0.000000e+000  0.000000e+000  0.000000e+000  0.000000e+000  0.000000e+000  0.000000e+000  0.000000e+000  0.000000e+000  0.000000e+000  0.000000e+000  0.000000e+000  0.000000e+000  0.000000e+000  0.000000e+000  0.000000e+000  0.000000e+000  0.000000e+000  0.000000e+000  0.000000e+000  0.000000e+000  0.000000e+000  0.000000e+000  0.000000e+000  

0.000000e+000  0.000000e+000  0.000000e+000  0.000000e+000  0.000000e+000  0.000000e+000  0.000000e+000  0.000000e+000  0.000000e+000  0.000000e+000  0.000000e+000  0.000000e+000  0.000000e+000  0.000000e+000  0.000000e+000  0.000000e+000  0.000000e+000  0.000000e+000  0.000000e+000  0.000000e+000  0.000000e+000  0.000000e+000  0.000000e+000  
2.241216e+000  2.241339e+000  2.222928e+000  2.148661e+000  2.011400e+000  1.882193e+000  1.709285e+000  1.488840e+000  1.220314e+000  9.073741e-001  3.837594e-001  -3.837594e-001  -9.073741e-001  -1.220314e+000  -1.488840e+000  -1.709285e+000  -1.882193e+000  -2.011400e+000  -2.148661e+000  -2.222928e+000  -2.241339e+000  -2.241216e+000  0.000000e+000  
4.482684e+000  4.501584e+000  4.502091e+000  4.406691e+000  4.174380e+000  3.939608e+000  3.608831e+000  3.169985e+000  2.618267e+000  1.959283e+000  8.368798e-001  -8.368798e-001  -1.959283e+000  -2.618267e+000  -3.169985e+000  -3.608831e+000  -3.939608e+000  -4.174380e+000  -4.406691e+000  -4.502091e+000  -4.501584e+000  -4.482684e+000  0.000000e+000  
6.706000e+000  6.781017e+000  6.878381e+000  6.879328e+000  6.656902e+000  6.380995e+000  5.940611e+000  5.302572e+000  4.445255e+000  3.368309e+000  1.467211e+000  -1.467211e+000  -3.368309e+000  -4.445255e+000  -5.302572e+000  -5.940611e+000  -6.380995e+000  -6.656902e+000  -6.879328e+000  -6.878381e+000  -6.781017e+000  -6.706000e+000  0.000000e+000  
8.855424e+000  9.039780e+000  9.351317e+000  9.649395e+000  9.649829e+000  9.480215e+000  9.062934e+000  8.312206e+000  7.150708e+000  5.539097e+000  2.497152e+000  -2.497152e+000  -5.539097e+000  -7.150709e+000  -8.312206e+000  -9.062934e+000  -9.480215e+000  -9.649829e+000  -9.649395e+000  -9.351317e+000  -9.039780e+000  -8.855424e+000  0.000000e+000  
9.861683e+000  1.012167e+001  1.059279e+001  1.114594e+001  1.140110e+001  1.140128e+001  1.112422e+001  1.043314e+001  9.178571e+000  7.248994e+000  3.364001e+000  -3.364001e+000  -7.248994e+000  -9.178571e+000  -1.043314e+001  -1.112422e+001  -1.140128e+001  -1.140110e+001  -1.114594e+001  -1.059279e+001  -1.012167e+001  -9.861683e+000  0.000000e+000  
1.080351e+001  1.115081e+001  1.181372e+001  1.269570e+001  1.332227e+001  1.359954e+001  1.359950e+001  1.311753e+001  1.188141e+001  9.619286e+000  4.617843e+000  -4.617843e+000  -9.619286e+000  -1.188141e+001  -1.311753e+001  -1.359950e+001  -1.359954e+001  -1.332227e+001  -1.269570e+001  -1.181372e+001  -1.115081e+001  -1.080351e+001  0.000000e+000  
1.165912e+001  1.210102e+001  1.297984e+001  1.425705e+001  1.538383e+001  1.607509e+001  1.655665e+001  1.655602e+001  1.561023e+001  1.306172e+001  6.513445e+000  -6.513445e+000  -1.306172e+001  -1.561023e+001  -1.655602e+001  -1.655665e+001  -1.607509e+001  -1.538383e+001  -1.425705e+001  -1.297984e+001  -1.210102e+001  -1.165912e+001  0.000000e+000  
1.240422e+001  1.294197e+001  1.404634e+001  1.576206e+001  1.750527e+001  1.876028e+001  1.999595e+001  2.093963e+001  2.094172e+001  2.000420e+001  0.000000e+000  0.000000e+000  -2.000420e+001  -2.094172e+001  -2.093963e+001  -1.999595e+001  -1.876028e+001  -1.750527e+001  -1.576206e+001  -1.404634e+001  -1.294197e+001  -1.240422e+001  0.000000e+000  
1.301484e+001  1.364122e+001  1.495995e+001  1.711488e+001  1.953380e+001  2.146475e+001  2.372717e+001  2.626476e+001  2.690278e+001  0.000000e+000  0.000000e+000  0.000000e+000  0.000000e+000  -2.690278e+001  -2.626476e+001  -2.372717e+001  -2.146475e+001  -1.953380e+001  -1.711488e+001  -1.495995e+001  -1.364122e+001  -1.301484e+001  0.000000e+000  
1.346883e+001  1.416735e+001  1.566446e+001  1.820007e+001  2.124392e+001  2.383770e+001  2.718317e+001  3.158312e+001  0.000000e+000  0.000000e+000  0.000000e+000  0.000000e+000  0.000000e+000  0.000000e+000  -3.158312e+001  -2.718317e+001  -2.383770e+001  -2.124392e+001  -1.820007e+001  -1.566446e+001  -1.416735e+001  -1.346883e+001  0.000000e+000  
1.385279e+001  1.462053e+001  1.629445e+001  1.922814e+001  2.297034e+001  2.632828e+001  3.093143e+001  3.740861e+001  0.000000e+000  0.000000e+000  0.000000e+000  0.000000e+000  0.000000e+000  0.000000e+000  -3.740861e+001  -3.093143e+001  -2.632828e+001  -2.297034e+001  -1.922814e+001  -1.629445e+001  -1.462053e+001  -1.385279e+001  0.000000e+000  
1.346883e+001  1.416735e+001  1.566446e+001  1.820007e+001  2.124392e+001  2.383770e+001  2.718317e+001  3.158312e+001  0.000000e+000  0.000000e+000  0.000000e+000  0.000000e+000  0.000000e+000  0.000000e+000  -3.158312e+001  -2.718317e+001  -2.383770e+001  -2.124392e+001  -1.820007e+001  -1.566446e+001  -1.416735e+001  -1.346883e+001  0.000000e+000  
1.301484e+001  1.364122e+001  1.495995e+001  1.711488e+001  1.953380e+001  2.146475e+001  2.372717e+001  2.626476e+001  2.690278e+001  0.000000e+000  0.000000e+000  0.000000e+000  0.000000e+000  -2.690278e+001  -2.626476e+001  -2.372717e+001  -2.146475e+001  -1.953380e+001  -1.711488e+001  -1.495995e+001  -1.364122e+001  -1.301484e+001  0.000000e+000  
1.240422e+001  1.294197e+001  1.404634e+001  1.576206e+001  1.750527e+001  1.876028e+001  1.999595e+001  2.093963e+001  2.094172e+001  2.000420e+001  0.000000e+000  0.000000e+000  -2.000420e+001  -2.094172e+001  -2.093963e+001  -1.999595e+001  -1.876028e+001  -1.750527e+001  -1.576206e+001  -1.404634e+001  -1.294197e+001  -1.240422e+001  0.000000e+000  
1.165912e+001  1.210102e+001  1.297984e+001  1.425705e+001  1.538383e+001  1.607509e+001  1.655665e+001  1.655602e+001  1.561023e+001  1.306172e+001  6.513444e+000  -6.513444e+000  -1.306172e+001  -1.561023e+001  -1.655602e+001  -1.655665e+001  -1.607509e+001  -1.538383e+001  -1.425705e+001  -1.297984e+001  -1.210102e+001  -1.165912e+001  0.000000e+000  
1.080351e+001  1.115081e+001  1.181372e+001  1.269570e+001  1.332227e+001  1.359954e+001  1.359950e+001  1.311753e+001  1.188141e+001  9.619286e+000  4.617843e+000  -4.617843e+000  -9.619286e+000  -1.188141e+001  -1.311753e+001  -1.359950e+001  -1.359954e+001  -1.332227e+001  -1.269570e+001  -1.181372e+001  -1.115081e+001  -1.080351e+001  0.000000e+000  
9.861683e+000  1.012167e+001  1.059279e+001  1.114594e+001  1.140110e+001  1.140128e+001  1.112422e+001  1.043314e+001  9.178571e+000  7.248994e+000  3.364001e+000  -3.364001e+000  -7.248994e+000  -9.178571e+000  -1.043314e+001  -1.112422e+001  -1.140128e+001  -1.140110e+001  -1.114594e+001  -1.059279e+001  -1.012167e+001  -9.861682e+000  0.000000e+000  
8.855424e+000  9.039780e+000  9.351317e+000  9.649395e+000  9.649829e+000  9.480214e+000  9.062933e+000  8.312206e+000  7.150708e+000  5.539097e+000  2.497152e+000  -2.497152e+000  -5.539097e+000  -7.150708e+000  -8.312206e+000  -9.062933e+000  -9.480214e+000  -9.649829e+000  -9.649395e+000  -9.351317e+000  -9.039780e+000  -8.855424e+000  0.000000e+000  
6.706000e+000  6.781017e+000  6.878381e+000  6.879328e+000  6.656901e+000  6.380995e+000  5.940611e+000  5.302572e+000  4.445255e+000  3.368309e+000  1.467211e+000  -1.467211e+000  -3.368309e+000  -4.445255e+000  -5.302572e+000  -5.940611e+000  -6.380995e+000  -6.656901e+000  -6.879328e+000  -6.878381e+000  -6.781017e+000  -6.706000e+000  0.000000e+000  
4.482684e+000  4.501584e+000  4.502091e+000  4.406691e+000  4.174380e+000  3.939608e+000  3.608831e+000  3.169985e+000  2.618267e+000  1.959283e+000  8.368798e-001  -8.368798e-001  -1.959283e+000  -2.618267e+000  -3.169985e+000  -3.608831e+000  -3.939608e+000  -4.174380e+000  -4.406691e+000  -4.502091e+000  -4.501584e+000  -4.482684e+000  0.000000e+000  
2.241216e+000  2.241339e+000  2.222928e+000  2.148661e+000  2.011399e+000  1.882193e+000  1.709285e+000  1.488840e+000  1.220314e+000  9.073740e-001  3.837594e-001  -3.837594e-001  -9.073741e-001  -1.220314e+000  -1.488840e+000  -1.709285e+000  -1.882193e+000  -2.011399e+000  -2.148661e+000  -2.222928e+000  -2.241339e+000  -2.241216e+000  0.000000e+000  
0.000000e+000  0.000000e+000  0.000000e+000  0.000000e+000  0.000000e+000  0.000000e+000  0.000000e+000  0.000000e+000  0.000000e+000  0.000000e+000  0.000000e+000  0.000000e+000  0.000000e+000  0.000000e+000  0.000000e+000  0.000000e+000  0.000000e+000  0.000000e+000  0.000000e+000  0.000000e+000  0.000000e+000  0.000000e+000  0.000000e+000  

0.000000e+000  0.000000e+000  0.000000e+000  0.000000e+000  0.000000e+000  0.000000e+000  0.000000e+000  0.000000e+000  0.000000e+000  0.000000e+000  0.000000e+000  0.000000e+000  0.000000e+000  0.000000e+000  0.000000e+000  0.000000e+000  0.000000e+000  0.000000e+000  0.000000e+000  0.000000e+000  0.000000e+000  0.000000e+000  0.000000e+000  
0.000000e+000  0.000000e+000  0.000000e+000  0.000000e+000  0.000000e+000  0.000000e+000  0.000000e+000  0.000000e+000  0.000000e+000  0.000000e+000  0.000000e+000  0.000000e+000  0.000000e+000  0.000000e+000  0.000000e+000  0.000000e+000  0.000000e+000  0.000000e+000  0.000000e+000  0.000000e+000  0.000000e+000  0.000000e+000  0.000000e+000  
0.000000e+000  0.000000e+000  0.000000e+000  0.000000e+000  0.000000e+000  0.000000e+000  0.000000e+000  0.000000e+000  0.000000e+000  0.000000e+000  0.000000e+000  0.000000e+000  0.000000e+000  0.000000e+000  0.000000e+000  0.000000e+000  0.000000e+000  0.000000e+000  0.000000e+000  0.000000e+000  0.000000e+000  0.000000e+000  0.000000e+000  
0.000000e+000  0.000000e+000  0.000000e+000  0.000000e+000  0.000000e+000  0.000000e+000  0.000000e+000  0.000000e+000  0.000000e+000  0.000000e+000  0.000000e+000  0.000000e+000  0.000000e+000  0.000000e+000  0.000000e+000  0.000000e+000  0.000000e+000  0.000000e+000  0.000000e+000  0.000000e+000  0.000000e+000  0.000000e+000  0.000000e+000  
0.000000e+000  0.000000e+000  0.000000e+000  0.000000e+000  0.000000e+000  0.000000e+000  0.000000e+000  0.000000e+000  0.000000e+000  0.000000e+000  0.000000e+000  0.000000e+000  0.000000e+000  0.000000e+000  0.000000e+000  0.000000e+000  0.000000e+000  0.000000e+000  0.000000e+000  0.000000e+000  0.000000e+000  0.000000e+000  0.000000e+000  
0.000000e+000  0.000000e+000  0.000000e+000  0.000000e+000  0.000000e+000  0.000000e+000  0.000000e+000  0.000000e+000  0.000000e+000  0.000000e+000  0.000000e+000  0.000000e+000  0.000000e+000  0.000000e+000  0.000000e+000  0.000000e+000  0.000000e+000  0.000000e+000  0.000000e+000  0.000000e+000  0.000000e+000  0.000000e+000  0.000000e+000  
0.000000e+000  0.000000e+000  0.000000e+000  0.000000e+000  0.000000e+000  0.000000e+000  0.000000e+000  0.000000e+000  0.000000e+000  0.000000e+000  0.000000e+000  0.000000e+000  0.000000e+000  0.000000e+000  0.000000e+000  0.000000e+000  0.000000e+000  0.000000e+000  0.000000e+000  0.000000e+000  0.000000e+000  0.000000e+000  0.000000e+000  
0.000000e+000  0.000000e+000  0.000000e+000  0.000000e+000  0.000000e+000  0.000000e+000  0.000000e+000  0.000000e+000  0.000000e+000  0.000000e+000  0.000000e+000  0.000000e+000  0.000000e+000  0.000000e+000  0.000000e+000  0.000000e+000  0.000000e+000  0.000000e+000  0.000000e+000  0.000000e+000  0.000000e+000  0.000000e+000  0.000000e+000  
0.000000e+000  0.000000e+000  0.000000e+000  0.000000e+000  0.000000e+000  0.000000e+000  0.000000e+000  0.000000e+000  0.000000e+000  0.000000e+000  0.000000e+000  0.000000e+000  0.000000e+000  0.000000e+000  0.000000e+000  0.000000e+000  0.000000e+000  0.000000e+000  0.000000e+000  0.000000e+000  0.000000e+000  0.000000e+000  0.000000e+000  
0.000000e+000  0.000000e+000  0.000000e+000  0.000000e+000  0.000000e+000  0.000000e+000  0.000000e+000  0.000000e+000  0.000000e+000  0.000000e+000  0.000000e+000  0.000000e+000  0.000000e+000  0.000000e+000  0.000000e+000  0.000000e+000  0.000000e+000  0.000000e+000  0.000000e+000  0.000000e+000  0.000000e+000  0.000000e+000  0.000000e+000  
0.000000e+000  0.000000e+000  0.000000e+000  0.000000e+000  0.000000e+000  0.000000e+000  0.000000e+000  0.000000e+000  0.000000e+000  0.000000e+000  0.000000e+000  0.000000e+000  0.000000e+000  0.000000e+000  0.000000e+000  0.000000e+000  0.000000e+000  0.000000e+000  0.000000e+000  0.000000e+000  0.000000e+000  0.000000e+000  0.000000e+000  
0.000000e+000  0.000000e+000  0.000000e+000  0.000000e+000  0.000000e+000  0.000000e+000  0.000000e+000  0.000000e+000  0.000000e+000  0.000000e+000  0.000000e+000  0.000000e+000  0.000000e+000  0.000000e+000  0.000000e+000  0.000000e+000  0.000000e+000  0.000000e+000  0.000000e+000  0.000000e+000  0.000000e+000  0.000000e+000  0.000000e+000  
0.000000e+000  0.000000e+000  0.000000e+000  0.000000e+000  0.000000e+000  0.000000e+000  0.000000e+000  0.000000e+000  0.000000e+000  0.000000e+000  0.000000e+000  0.000000e+000  0.000000e+000  0.000000e+000  0.000000e+000  0.000000e+000  0.000000e+000  0.000000e+000  0.000000e+000  0.000000e+000  0.000000e+000  0.000000e+000  0.000000e+000  
0.000000e+000  0.000000e+000  0.000000e+000  0.000000e+000  0.000000e+000  0.000000e+000  0.000000e+000  0.000000e+000  0.000000e+000  0.000000e+000  0.000000e+000  0.000000e+000  0.000000e+000  0.000000e+000  0.000000e+000  0.000000e+000  0.000000e+000  0.000000e+000  0.000000e+000  0.000000e+000  0.000000e+000  0.000000e+000  0.000000e+000  
0.000000e+000  0.000000e+000  0.000000e+000  0.000000e+000  0.000000e+000  0.000000e+000  0.000000e+000  0.000000e+000  0.000000e+000  0.000000e+000  0.000000e+000  0.000000e+000  0.000000e+000  0.000000e+000  0.000000e+000  0.000000e+000  0.000000e+000  0.000000e+000  0.000000e+000  0.000000e+000  0.000000e+000  0.000000e+000  0.000000e+000  
0.000000e+000  0.000000e+000  0.000000e+000  0.000000e+000  0.000000e+000  0.000000e+000  0.000000e+000  0.000000e+000  0.000000e+000  0.000000e+000  0.000000e+000  0.000000e+000  0.000000e+000  0.000000e+000  0.000000e+000  0.000000e+000  0.000000e+000  0.000000e+000  0.000000e+000  0.000000e+000  0.000000e+000  0.000000e+000  0.000000e+000  
0.000000e+000  0.000000e+000  0.000000e+000  0.000000e+000  0.000000e+000  0.000000e+000  0.000000e+000  0.000000e+000  0.000000e+000  0.000000e+000  0.000000e+000  0.000000e+000  0.000000e+000  0.000000e+000  0.000000e+000  0.000000e+000  0.000000e+000  0.000000e+000  0.000000e+000  0.000000e+000  0.000000e+000  0.000000e+000  0.000000e+000  
0.000000e+000  0.000000e+000  0.000000e+000  0.000000e+000  0.000000e+000  0.000000e+000  0.000000e+000  0.000000e+000  0.000000e+000  0.000000e+000  0.000000e+000  0.000000e+000  0.000000e+000  0.000000e+000  0.000000e+000  0.000000e+000  0.000000e+000  0.000000e+000  0.000000e+000  0.000000e+000  0.000000e+000  0.000000e+000  0.000000e+000  
0.000000e+000  0.000000e+000  0.000000e+000  0.000000e+000  0.000000e+000  0.000000e+000  0.000000e+000  0.000000e+000  0.000000e+000  0.000000e+000  0.000000e+000  0.000000e+000  0.000000e+000  0.000000e+000  0.000000e+000  0.000000e+000  0.000000e+000  0.000000e+000  0.000000e+000  0.000000e+000  0.000000e+000  0.000000e+000  0.000000e+000  
0.000000e+000  0.000000e+000  0.000000e+000  0.000000e+000  0.000000e+000  0.000000e+000  0.000000e+000  0.000000e+000  0.000000e+000  0.000000e+000  0.000000e+000  0.000000e+000  0.000000e+000  0.000000e+000  0.000000e+000  0.000000e+000  0.000000e+000  0.000000e+000  0.000000e+000  0.000000e+000  0.000000e+000  0.000000e+000  0.000000e+000  
0.000000e+000  0.000000e+000  0.000000e+000  0.000000e+000  0.000000e+000  0.000000e+000  0.000000e+000  0.000000e+000  0.000000e+000  0.000000e+000  0.000000e+000  0.000000e+000  0.000000e+000  0.000000e+000  0.000000e+000  0.000000e+000  0.000000e+000  0.000000e+000  0.000000e+000  0.000000e+000  0.000000e+000  0.000000e+000  0.000000e+000  
0.000000e+000  0.000000e+000  0.000000e+000  0.000000e+000  0.000000e+000  0.000000e+000  0.000000e+000  0.000000e+000  0.000000e+000  0.000000e+000  0.000000e+000  0.000000e+000  0.000000e+000  0.000000e+000  0.000000e+000  0.000000e+000  0.000000e+000  0.000000e+000  0.000000e+000  0.000000e+000  0.000000e+000  0.000000e+000  0.000000e+000  
0.000000e+000  0.000000e+000  0.000000e+000  0.000000e+000  0.000000e+000  0.000000e+000  0.000000e+000  0.000000e+000  0.000000e+000  0.000000e+000  0.000000e+000  0.000000e+000  0.000000e+000  0.000000e+000  0.000000e+000  0.000000e+000  0.000000e+000  0.000000e+000  0.000000e+000  0.000000e+000  0.000000e+000  0.000000e+000  0.000000e+000  

0.000000e+000  0.000000e+000  0.000000e+000  0.000000e+000  0.000000e+000  0.000000e+000  0.000000e+000  0.000000e+000  0.000000e+000  0.000000e+000  0.000000e+000  0.000000e+000  0.000000e+000  0.000000e+000  0.000000e+000  0.000000e+000  0.000000e+000  0.000000e+000  0.000000e+000  0.000000e+000  0.000000e+000  0.000000e+000  0.000000e+000  
0.000000e+000  0.000000e+000  0.000000e+000  0.000000e+000  0.000000e+000  0.000000e+000  0.000000e+000  0.000000e+000  0.000000e+000  0.000000e+000  0.000000e+000  0.000000e+000  0.000000e+000  0.000000e+000  0.000000e+000  0.000000e+000  0.000000e+000  0.000000e+000  0.000000e+000  0.000000e+000  0.000000e+000  0.000000e+000  0.000000e+000  
0.000000e+000  0.000000e+000  0.000000e+000  0.000000e+000  0.000000e+000  0.000000e+000  0.000000e+000  0.000000e+000  0.000000e+000  0.000000e+000  0.000000e+000  0.000000e+000  0.000000e+000  0.000000e+000  0.000000e+000  0.000000e+000  0.000000e+000  0.000000e+000  0.000000e+000  0.000000e+000  0.000000e+000  0.000000e+000  0.000000e+000  
0.000000e+000  0.000000e+000  0.000000e+000  0.000000e+000  0.000000e+000  0.000000e+000  0.000000e+000  0.000000e+000  0.000000e+000  0.000000e+000  0.000000e+000  0.000000e+000  0.000000e+000  0.000000e+000  0.000000e+000  0.000000e+000  0.000000e+000  0.000000e+000  0.000000e+000  0.000000e+000  0.000000e+000  0.000000e+000  0.000000e+000  
0.000000e+000  0.000000e+000  0.000000e+000  0.000000e+000  0.000000e+000  0.000000e+000  0.000000e+000  0.000000e+000  0.000000e+000  0.000000e+000  0.000000e+000  0.000000e+000  0.000000e+000  0.000000e+000  0.000000e+000  0.000000e+000  0.000000e+000  0.000000e+000  0.000000e+000  0.000000e+000  0.000000e+000  0.000000e+000  0.000000e+000  
0.000000e+000  0.000000e+000  0.000000e+000  0.000000e+000  0.000000e+000  0.000000e+000  0.000000e+000  0.000000e+000  0.000000e+000  0.000000e+000  0.000000e+000  0.000000e+000  0.000000e+000  0.000000e+000  0.000000e+000  0.000000e+000  0.000000e+000  0.000000e+000  0.000000e+000  0.000000e+000  0.000000e+000  0.000000e+000  0.000000e+000  
0.000000e+000  0.000000e+000  0.000000e+000  0.000000e+000  0.000000e+000  0.000000e+000  0.000000e+000  0.000000e+000  0.000000e+000  0.000000e+000  0.000000e+000  0.000000e+000  0.000000e+000  0.000000e+000  0.000000e+000  0.000000e+000  0.000000e+000  0.000000e+000  0.000000e+000  0.000000e+000  0.000000e+000  0.000000e+000  0.000000e+000  
0.000000e+000  0.000000e+000  0.000000e+000  0.000000e+000  0.000000e+000  0.000000e+000  0.000000e+000  0.000000e+000  0.000000e+000  0.000000e+000  0.000000e+000  0.000000e+000  0.000000e+000  0.000000e+000  0.000000e+000  0.000000e+000  0.000000e+000  0.000000e+000  0.000000e+000  0.000000e+000  0.000000e+000  0.000000e+000  0.000000e+000  
0.000000e+000  0.000000e+000  0.000000e+000  0.000000e+000  0.000000e+000  0.000000e+000  0.000000e+000  0.000000e+000  0.000000e+000  0.000000e+000  0.000000e+000  0.000000e+000  0.000000e+000  0.000000e+000  0.000000e+000  0.000000e+000  0.000000e+000  0.000000e+000  0.000000e+000  0.000000e+000  0.000000e+000  0.000000e+000  0.000000e+000  
0.000000e+000  0.000000e+000  0.000000e+000  0.000000e+000  0.000000e+000  0.000000e+000  0.000000e+000  0.000000e+000  0.000000e+000  0.000000e+000  0.000000e+000  0.000000e+000  0.000000e+000  0.000000e+000  0.000000e+000  0.000000e+000  0.000000e+000  0.000000e+000  0.000000e+000  0.000000e+000  0.000000e+000  0.000000e+000  0.000000e+000  
0.000000e+000  0.000000e+000  0.000000e+000  0.000000e+000  0.000000e+000  0.000000e+000  0.000000e+000  0.000000e+000  0.000000e+000  0.000000e+000  0.000000e+000  0.000000e+000  0.000000e+000  0.000000e+000  0.000000e+000  0.000000e+000  0.000000e+000  0.000000e+000  0.000000e+000  0.000000e+000  0.000000e+000  0.000000e+000  0.000000e+000  
0.000000e+000  0.000000e+000  0.000000e+000  0.000000e+000  0.000000e+000  0.000000e+000  0.000000e+000  0.000000e+000  0.000000e+000  0.000000e+000  0.000000e+000  0.000000e+000  0.000000e+000  0.000000e+000  0.000000e+000  0.000000e+000  0.000000e+000  0.000000e+000  0.000000e+000  0.000000e+000  0.000000e+000  0.000000e+000  0.000000e+000  
0.000000e+000  0.000000e+000  0.000000e+000  0.000000e+000  0.000000e+000  0.000000e+000  0.000000e+000  0.000000e+000  0.000000e+000  0.000000e+000  0.000000e+000  0.000000e+000  0.000000e+000  0.000000e+000  0.000000e+000  0.000000e+000  0.000000e+000  0.000000e+000  0.000000e+000  0.000000e+000  0.000000e+000  0.000000e+000  0.000000e+000  
0.000000e+000  0.000000e+000  0.000000e+000  0.000000e+000  0.000000e+000  0.000000e+000  0.000000e+000  0.000000e+000  0.000000e+000  0.000000e+000  0.000000e+000  0.000000e+000  0.000000e+000  0.000000e+000  0.000000e+000  0.000000e+000  0.000000e+000  0.000000e+000  0.000000e+000  0.000000e+000  0.000000e+000  0.000000e+000  0.000000e+000  
0.000000e+000  0.000000e+000  0.000000e+000  0.000000e+000  0.000000e+000  0.000000e+000  0.000000e+000  0.000000e+000  0.000000e+000  0.000000e+000  0.000000e+000  0.000000e+000  0.000000e+000  0.000000e+000  0.000000e+000  0.000000e+000  0.000000e+000  0.000000e+000  0.000000e+000  0.000000e+000  0.000000e+000  0.000000e+000  0.000000e+000  
0.000000e+000  0.000000e+000  0.000000e+000  0.000000e+000  0.000000e+000  0.000000e+000  0.000000e+000  0.000000e+000  0.000000e+000  0.000000e+000  0.000000e+000  0.000000e+000  0.000000e+000  0.000000e+000  0.000000e+000  0.000000e+000  0.000000e+000  0.000000e+000  0.000000e+000  0.000000e+000  0.000000e+000  0.000000e+000  0.000000e+000  
0.000000e+000  0.000000e+000  0.000000e+000  0.000000e+000  0.000000e+000  0.000000e+000  0.000000e+000  0.000000e+000  0.000000e+000  0.000000e+000  0.000000e+000  0.000000e+000  0.000000e+000  0.000000e+000  0.000000e+000  0.000000e+000  0.000000e+000  0.000000e+000  0.000000e+000  0.000000e+000  0.000000e+000  0.000000e+000  0.000000e+000  
0.000000e+000  0.000000e+000  0.000000e+000  0.000000e+000  0.000000e+000  0.000000e+000  0.000000e+000  0.000000e+000  0.000000e+000  0.000000e+000  0.000000e+000  0.000000e+000  0.000000e+000  0.000000e+000  0.000000e+000  0.000000e+000  0.000000e+000  0.000000e+000  0.000000e+000  0.000000e+000  0.000000e+000  0.000000e+000  0.000000e+000  
0.000000e+000  0.000000e+000  0.000000e+000  0.000000e+000  0.000000e+000  0.000000e+000  0.000000e+000  0.000000e+000  0.000000e+000  0.000000e+000  0.000000e+000  0.000000e+000  0.000000e+000  0.000000e+000  0.000000e+000  0.000000e+000  0.000000e+000  0.000000e+000  0.000000e+000  0.000000e+000  0.000000e+000  0.000000e+000  0.000000e+000  
0.000000e+000  0.000000e+000  0.000000e+000  0.000000e+000  0.000000e+000  0.000000e+000  0.000000e+000  0.000000e+000  0.000000e+000  0.000000e+000  0.000000e+000  0.000000e+000  0.000000e+000  0.000000e+000  0.000000e+000  0.000000e+000  0.000000e+000  0.000000e+000  0.000000e+000  0.000000e+000  0.000000e+000  0.000000e+000  0.000000e+000  
0.000000e+000  0.000000e+000  0.000000e+000  0.000000e+000  0.000000e+000  0.000000e+000  0.000000e+000  0.000000e+000  0.000000e+000  0.000000e+000  0.000000e+000  0.000000e+000  0.000000e+000  0.000000e+000  0.000000e+000  0.000000e+000  0.000000e+000  0.000000e+000  0.000000e+000  0.000000e+000  0.000000e+000  0.000000e+000  0.000000e+000  
0.000000e+000  0.000000e+000  0.000000e+000  0.000000e+000  0.000000e+000  0.000000e+000  0.000000e+000  0.000000e+000  0.000000e+000  0.000000e+000  0.000000e+000  0.000000e+000  0.000000e+000  0.000000e+000  0.000000e+000  0.000000e+000  0.000000e+000  0.000000e+000  0.000000e+000  0.000000e+000  0.000000e+000  0.000000e+000  0.000000e+000  
0.000000e+000  0.000000e+000  0.000000e+000  0.000000e+000  0.000000e+000  0.000000e+000  0.000000e+000  0.000000e+000  0.000000e+000  0.000000e+000  0.000000e+000  0.000000e+000  0.000000e+000  0.000000e+000  0.000000e+000  0.000000e+000  0.000000e+000  0.000000e+000  0.000000e+000  0.000000e+000  0.000000e+000  0.000000e+000  0.000000e+000  

0.000000e+000  0.000000e+000  0.000000e+000  0.000000e+000  0.000000e+000  0.000000e+000  0.000000e+000  0.000000e+000  0.000000e+000  0.000000e+000  0.000000e+000  0.000000e+000  0.000000e+000  0.000000e+000  0.000000e+000  0.000000e+000  0.000000e+000  0.000000e+000  0.000000e+000  0.000000e+000  0.000000e+000  0.000000e+000  0.000000e+000  
0.000000e+000  0.000000e+000  0.000000e+000  0.000000e+000  0.000000e+000  0.000000e+000  0.000000e+000  0.000000e+000  0.000000e+000  0.000000e+000  0.000000e+000  0.000000e+000  0.000000e+000  0.000000e+000  0.000000e+000  0.000000e+000  0.000000e+000  0.000000e+000  0.000000e+000  0.000000e+000  0.000000e+000  0.000000e+000  0.000000e+000  
0.000000e+000  0.000000e+000  0.000000e+000  0.000000e+000  0.000000e+000  0.000000e+000  0.000000e+000  0.000000e+000  0.000000e+000  0.000000e+000  0.000000e+000  0.000000e+000  0.000000e+000  0.000000e+000  0.000000e+000  0.000000e+000  0.000000e+000  0.000000e+000  0.000000e+000  0.000000e+000  0.000000e+000  0.000000e+000  0.000000e+000  
0.000000e+000  0.000000e+000  0.000000e+000  0.000000e+000  0.000000e+000  0.000000e+000  0.000000e+000  0.000000e+000  0.000000e+000  0.000000e+000  0.000000e+000  0.000000e+000  0.000000e+000  0.000000e+000  0.000000e+000  0.000000e+000  0.000000e+000  0.000000e+000  0.000000e+000  0.000000e+000  0.000000e+000  0.000000e+000  0.000000e+000  
0.000000e+000  0.000000e+000  0.000000e+000  0.000000e+000  0.000000e+000  0.000000e+000  0.000000e+000  0.000000e+000  0.000000e+000  0.000000e+000  0.000000e+000  0.000000e+000  0.000000e+000  0.000000e+000  0.000000e+000  0.000000e+000  0.000000e+000  0.000000e+000  0.000000e+000  0.000000e+000  0.000000e+000  0.000000e+000  0.000000e+000  
0.000000e+000  0.000000e+000  0.000000e+000  0.000000e+000  0.000000e+000  0.000000e+000  0.000000e+000  0.000000e+000  0.000000e+000  0.000000e+000  0.000000e+000  0.000000e+000  0.000000e+000  0.000000e+000  0.000000e+000  0.000000e+000  0.000000e+000  0.000000e+000  0.000000e+000  0.000000e+000  0.000000e+000  0.000000e+000  0.000000e+000  
0.000000e+000  0.000000e+000  0.000000e+000  0.000000e+000  0.000000e+000  0.000000e+000  0.000000e+000  0.000000e+000  0.000000e+000  0.000000e+000  0.000000e+000  0.000000e+000  0.000000e+000  0.000000e+000  0.000000e+000  0.000000e+000  0.000000e+000  0.000000e+000  0.000000e+000  0.000000e+000  0.000000e+000  0.000000e+000  0.000000e+000  
0.000000e+000  0.000000e+000  0.000000e+000  0.000000e+000  0.000000e+000  0.000000e+000  0.000000e+000  0.000000e+000  0.000000e+000  0.000000e+000  0.000000e+000  0.000000e+000  0.000000e+000  0.000000e+000  0.000000e+000  0.000000e+000  0.000000e+000  0.000000e+000  0.000000e+000  0.000000e+000  0.000000e+000  0.000000e+000  0.000000e+000  
0.000000e+000  0.000000e+000  0.000000e+000  0.000000e+000  0.000000e+000  0.000000e+000  0.000000e+000  0.000000e+000  0.000000e+000  0.000000e+000  0.000000e+000  0.000000e+000  0.000000e+000  0.000000e+000  0.000000e+000  0.000000e+000  0.000000e+000  0.000000e+000  0.000000e+000  0.000000e+000  0.000000e+000  0.000000e+000  0.000000e+000  
0.000000e+000  0.000000e+000  0.000000e+000  0.000000e+000  0.000000e+000  0.000000e+000  0.000000e+000  0.000000e+000  0.000000e+000  0.000000e+000  0.000000e+000  0.000000e+000  0.000000e+000  0.000000e+000  0.000000e+000  0.000000e+000  0.000000e+000  0.000000e+000  0.000000e+000  0.000000e+000  0.000000e+000  0.000000e+000  0.000000e+000  
0.000000e+000  0.000000e+000  0.000000e+000  0.000000e+000  0.000000e+000  0.000000e+000  0.000000e+000  0.000000e+000  0.000000e+000  0.000000e+000  0.000000e+000  0.000000e+000  0.000000e+000  0.000000e+000  0.000000e+000  0.000000e+000  0.000000e+000  0.000000e+000  0.000000e+000  0.000000e+000  0.000000e+000  0.000000e+000  0.000000e+000  
0.000000e+000  0.000000e+000  0.000000e+000  0.000000e+000  0.000000e+000  0.000000e+000  0.000000e+000  0.000000e+000  0.000000e+000  0.000000e+000  0.000000e+000  0.000000e+000  0.000000e+000  0.000000e+000  0.000000e+000  0.000000e+000  0.000000e+000  0.000000e+000  0.000000e+000  0.000000e+000  0.000000e+000  0.000000e+000  0.000000e+000  
0.000000e+000  0.000000e+000  0.000000e+000  0.000000e+000  0.000000e+000  0.000000e+000  0.000000e+000  0.000000e+000  0.000000e+000  0.000000e+000  0.000000e+000  0.000000e+000  0.000000e+000  0.000000e+000  0.000000e+000  0.000000e+000  0.000000e+000  0.000000e+000  0.000000e+000  0.000000e+000  0.000000e+000  0.000000e+000  0.000000e+000  
0.000000e+000  0.000000e+000  0.000000e+000  0.000000e+000  0.000000e+000  0.000000e+000  0.000000e+000  0.000000e+000  0.000000e+000  0.000000e+000  0.000000e+000  0.000000e+000  0.000000e+000  0.000000e+000  0.000000e+000  0.000000e+000  0.000000e+000  0.000000e+000  0.000000e+000  0.000000e+000  0.000000e+000  0.000000e+000  0.000000e+000  
0.000000e+000  0.000000e+000  0.000000e+000  0.000000e+000  0.000000e+000  0.000000e+000  0.000000e+000  0.000000e+000  0.000000e+000  0.000000e+000  0.000000e+000  0.000000e+000  0.000000e+000  0.000000e+000  0.000000e+000  0.000000e+000  0.000000e+000  0.000000e+000  0.000000e+000  0.000000e+000  0.000000e+000  0.000000e+000  0.000000e+000  
0.000000e+000  0.000000e+000  0.000000e+000  0.000000e+000  0.000000e+000  0.000000e+000  0.000000e+000  0.000000e+000  0.000000e+000  0.000000e+000  0.000000e+000  0.000000e+000  0.000000e+000  0.000000e+000  0.000000e+000  0.000000e+000  0.000000e+000  0.000000e+000  0.000000e+000  0.000000e+000  0.000000e+000  0.000000e+000  0.000000e+000  
0.000000e+000  0.000000e+000  0.000000e+000  0.000000e+000  0.000000e+000  0.000000e+000  0.000000e+000  0.000000e+000  0.000000e+000  0.000000e+000  0.000000e+000  0.000000e+000  0.000000e+000  0.000000e+000  0.000000e+000  0.000000e+000  0.000000e+000  0.000000e+000  0.000000e+000  0.000000e+000  0.000000e+000  0.000000e+000  0.000000e+000  
0.000000e+000  0.000000e+000  0.000000e+000  0.000000e+000  0.000000e+000  0.000000e+000  0.000000e+000  0.000000e+000  0.000000e+000  0.000000e+000  0.000000e+000  0.000000e+000  0.000000e+000  0.000000e+000  0.000000e+000  0.000000e+000  0.000000e+000  0.000000e+000  0.000000e+000  0.000000e+000  0.000000e+000  0.000000e+000  0.000000e+000  
0.000000e+000  0.000000e+000  0.000000e+000  0.000000e+000  0.000000e+000  0.000000e+000  0.000000e+000  0.000000e+000  0.000000e+000  0.000000e+000  0.000000e+000  0.000000e+000  0.000000e+000  0.000000e+000  0.000000e+000  0.000000e+000  0.000000e+000  0.000000e+000  0.000000e+000  0.000000e+000  0.000000e+000  0.000000e+000  0.000000e+000  
0.000000e+000  0.000000e+000  0.000000e+000  0.000000e+000  0.000000e+000  0.000000e+000  0.000000e+000  0.000000e+000  0.000000e+000  0.000000e+000  0.000000e+000  0.000000e+000  0.000000e+000  0.000000e+000  0.000000e+000  0.000000e+000  0.000000e+000  0.000000e+000  0.000000e+000  0.000000e+000  0.000000e+000  0.000000e+000  0.000000e+000  
0.000000e+000  0.000000e+000  0.000000e+000  0.000000e+000  0.000000e+000  0.000000e+000  0.000000e+000  0.000000e+000  0.000000e+000  0.000000e+000  0.000000e+000  0.000000e+000  0.000000e+000  0.000000e+000  0.000000e+000  0.000000e+000  0.000000e+000  0.000000e+000  0.000000e+000  0.000000e+000  0.000000e+000  0.000000e+000  0.000000e+000  
0.000000e+000  0.000000e+000  0.000000e+000  0.000000e+000  0.000000e+000  0.000000e+000  0.000000e+000  0.000000e+000  0.000000e+000  0.000000e+000  0.000000e+000  0.000000e+000  0.000000e+000  0.000000e+000  0.000000e+000  0.000000e+000  0.000000e+000  0.000000e+000  0.000000e+000  0.000000e+000  0.000000e+000  0.000000e+000  0.000000e+000  
0.000000e+000  0.000000e+000  0.000000e+000  0.000000e+000  0.000000e+000  0.000000e+000  0.000000e+000  0.000000e+000  0.000000e+000  0.000000e+000  0.000000e+000  0.000000e+000  0.000000e+000  0.000000e+000  0.000000e+000  0.000000e+000  0.000000e+000  0.000000e+000  0.000000e+000  0.000000e+000  0.000000e+000  0.000000e+000  0.000000e+000  

-9.411613e-006  -7.054558e-003  -2.114616e-002  -4.166825e-002  -6.125217e-002  -8.055619e-002  -1.059704e-001  -7.568274e-002  -5.337965e-002  -3.572066e-002  -1.327339e-002  1.327339e-002  3.572066e-002  5.337965e-002  7.568274e-002  1.059704e-001  8.055619e-002  6.125217e-002  4.166825e-002  2.114616e-002  7.054558e-003  9.410930e-006  0.000000e+000  
7.035733e-003  -9.281955e-006  -1.471919e-002  -3.974675e-002  -4.323965e-002  -4.769627e-002  -4.972172e-002  -4.374369e-002  -3.480254e-002  -2.494370e-002  -9.890273e-003  9.890272e-003  2.494370e-002  3.480254e-002  4.374369e-002  4.972172e-002  4.769627e-002  4.323965e-002  3.974675e-002  1.471919e-002  9.281273e-006  -7.035734e-003  0.000000e+000  
2.112707e-002  1.470088e-002  -8.678681e-006  -1.599027e-002  -2.214605e-002  -2.480519e-002  -2.548634e-002  -2.365660e-002  -1.989577e-002  -1.487361e-002  -6.216315e-003  6.216314e-003  1.487361e-002  1.989577e-002  2.365659e-002  2.548634e-002  2.480519e-002  2.214605e-002  1.599027e-002  8.677956e-006  -1.470088e-002  -2.112707e-002  0.000000e+000  
4.164811e-002  3.972876e-002  1.597425e-002  -7.478473e-006  -6.830993e-003  -9.825765e-003  -1.129423e-002  -1.129354e-002  -1.003406e-002  -7.800863e-003  -3.431821e-003  3.431820e-003  7.800862e-003  1.003406e-002  1.129353e-002  1.129423e-002  9.825764e-003  6.830992e-003  7.477803e-006  -1.597425e-002  -3.972876e-002  -4.164811e-002  0.000000e+000  
6.122975e-002  4.322335e-002  2.213173e-002  6.816830e-003  -7.309795e-006  -3.170023e-003  -5.057480e-003  -5.797484e-003  -5.558823e-003  -4.534774e-003  -2.122080e-003  2.122079e-003  4.534773e-003  5.558822e-003  5.797483e-003  5.057480e-003  3.170023e-003  7.309143e-006  -6.816831e-003  -2.213173e-002  -4.322335e-002  -6.122975e-002  0.000000e+000  
8.053123e-002  4.768252e-002  2.479245e-002  9.812324e-003  3.155099e-003  -8.116872e-006  -2.047095e-003  -3.112104e-003  -3.360709e-003  -2.941804e-003  -1.505713e-003  1.505712e-003  2.941804e-003  3.360709e-003  3.112104e-003  2.047095e-003  8.116266e-006  -3.155100e-003  -9.812324e-003  -2.479245e-002  -4.768252e-002  -8.053123e-002  0.000000e+000  
1.059763e-001  4.971335e-002  2.547562e-002  1.128182e-002  5.042573e-003  2.029552e-003  -1.067421e-005  -1.243118e-003  -1.830096e-003  -1.887338e-003  -1.163490e-003  1.163489e-003  1.887337e-003  1.830095e-003  1.243118e-003  1.067354e-005  -2.029553e-003  -5.042574e-003  -1.128183e-002  -2.547562e-002  -4.971335e-002  -1.059763e-001  0.000000e+000  
7.568450e-002  4.373771e-002  2.364772e-002  1.128259e-002  5.783560e-003  3.094420e-003  1.217965e-003  -1.959545e-005  -8.292112e-004  -1.372698e-003  -1.161712e-003  1.161711e-003  1.372697e-003  8.292106e-004  1.959474e-005  -1.217966e-003  -3.094420e-003  -5.783560e-003  -1.128259e-002  -2.364772e-002  -4.373771e-002  -7.568450e-002  0.000000e+000  
5.337913e-002  3.479774e-002  1.988853e-002  1.002504e-002  5.547655e-003  3.346593e-003  1.807707e-003  7.759825e-004  -9.445415e-005  -2.282826e-003  0.000000e+000  0.000000e+000  2.282820e-003  9.445336e-005  -7.759832e-004  -1.807708e-003  -3.346593e-003  -5.547656e-003  -1.002504e-002  -1.988853e-002  -3.479774e-002  -5.337913e-002  0.000000e+000  
3.571894e-002  2.493961e-002  1.486785e-002  7.794050e-003  4.527879e-003  2.936578e-003  1.890282e-003  1.410270e-003  3.619515e-003  0.000000e+000  0.000000e+000  0.000000e+000  0.000000e+000  -3.619508e-003  -1.410271e-003  -1.890283e-003  -2.936579e-003  -4.527880e-003  -7.794050e-003  -1.486785e-002  -2.493961e-002  -3.571894e-002  0.000000e+000  
1.327076e-002  9.886992e-003  6.212535e-003  3.427959e-003  2.119011e-003  1.504068e-003  1.164746e-003  1.167006e-003  0.000000e+000  0.000000e+000  0.000000e+000  0.000000e+000  0.000000e+000  0.000000e+000  -1.167007e-003  -1.164747e-003  -1.504069e-003  -2.119012e-003  -3.427960e-003  -6.212536e-003  -9.886993e-003  -1.327076e-002  0.000000e+000  
-1.327657e-002  -9.892633e-003  -6.217867e-003  -3.432889e-003  -2.123625e-003  -1.508493e-003  -1.169028e-003  -1.171224e-003  0.000000e+000  0.000000e+000  0.000000e+000  0.000000e+000  0.000000e+000  0.000000e+000  1.171223e-003  1.169027e-003  1.508493e-003  2.123625e-003  3.432888e-003  6.217867e-003  9.892632e-003  1.327657e-002  0.000000e+000  
-3.572488e-002  -2.494536e-002  -1.487325e-002  -7.798993e-003  -4.532430e-003  -2.940868e-003  -1.894324e-003  -1.414092e-003  -3.623011e-003  0.000000e+000  0.000000e+000  0.000000e+000  0.000000e+000  3.623013e-003  1.414092e-003  1.894323e-003  2.940867e-003  4.532429e-003  7.798992e-003  1.487325e-002  2.494536e-002  3.572488e-002  0.000000e+000  
-5.338520e-002  -3.480359e-002  -1.989401e-002  -1.003001e-002  -5.552163e-003  -3.350779e-003  -1.811561e-003  -7.794888e-004  9.134125e-005  2.280276e-003  0.000000e+000  0.000000e+000  -2.280282e-003  -9.134174e-005  7.794881e-004  1.811560e-003  3.350779e-003  5.552163e-003  1.003001e-002  1.989401e-002  3.480359e-002  5.338520e-002  0.000000e+000  
-7.569075e-002  -4.374371e-002  -2.365331e-002  -1.128761e-002  -5.788040e-003  -3.098514e-003  -1.221647e-003  1.635980e-005  8.264783e-004  1.370577e-003  1.160760e-003  -1.160761e-003  -1.370578e-003  -8.264791e-004  -1.636031e-005  1.221646e-003  3.098513e-003  5.788039e-003  1.128761e-002  2.365331e-002  4.374371e-002  7.569075e-002  0.000000e+000  
-1.059828e-001  -4.971954e-002  -2.548136e-002  -1.128693e-002  -5.047055e-003  -2.033580e-003  7.132922e-006  1.240095e-003  1.827633e-003  1.885497e-003  1.162698e-003  -1.162698e-003  -1.885497e-003  -1.827633e-003  -1.240096e-003  -7.133494e-006  2.033579e-003  5.047054e-003  1.128693e-002  2.548136e-002  4.971954e-002  1.059828e-001  0.000000e+000  
-8.053790e-002  -4.768893e-002  -2.479839e-002  -9.817561e-003  -3.159620e-003  4.122327e-006  2.043662e-003  3.109253e-003  3.358454e-003  2.940165e-003  1.505035e-003  -1.505036e-003  -2.940166e-003  -3.358455e-003  -3.109253e-003  -2.043663e-003  -4.122932e-006  3.159620e-003  9.817560e-003  2.479839e-002  4.768893e-002  8.053790e-002  0.000000e+000  
-6.123662e-002  -4.323002e-002  -2.213792e-002  -6.822263e-003  2.699291e-006  3.166027e-003  5.054135e-003  5.794790e-003  5.556756e-003  4.533311e-003  2.121498e-003  -2.121498e-003  -4.533311e-003  -5.556757e-003  -5.794790e-003  -5.054136e-003  -3.166027e-003  -2.699961e-006  6.822263e-003  2.213792e-002  4.323002e-002  6.123662e-002  0.000000e+000  
-4.165533e-002  -3.973593e-002  -1.598094e-002  1.624725e-006  6.826150e-003  9.821711e-003  1.129101e-002  1.129111e-002  1.003231e-002  7.799690e-003  3.431388e-003  -3.431388e-003  -7.799690e-003  -1.003231e-002  -1.129111e-002  -1.129102e-002  -9.821711e-003  -6.826151e-003  -1.625362e-006  1.598093e-002  3.973593e-002  4.165533e-002  0.000000e+000  
-2.113480e-002  -1.470865e-002  9.981261e-007  1.598334e-002  2.214044e-002  2.480084e-002  2.548353e-002  2.365495e-002  1.989487e-002  1.487314e-002  6.216201e-003  -6.216202e-003  -1.487314e-002  -1.989487e-002  -2.365495e-002  -2.548354e-002  -2.480084e-002  -2.214044e-002  -1.598334e-002  -9.988165e-007  1.470865e-002  2.113480e-002  0.000000e+000  
-7.043954e-003  8.899212e-007  1.471046e-002  3.973773e-002  4.323174e-002  4.769050e-002  4.972083e-002  4.374452e-002  3.480374e-002  2.494473e-002  9.890724e-003  -9.890724e-003  -2.494473e-002  -3.480374e-002  -4.374452e-002  -4.972083e-002  -4.769051e-002  -4.323174e-002  -3.973773e-002  -1.471046e-002  -8.905553e-007  7.043953e-003  0.000000e+000  
8.773803e-007  7.045709e-003  2.113653e-002  4.165696e-002  6.123809e-002  8.053926e-002  1.059841e-001  7.569137e-002  5.338512e-002  3.572405e-002  1.327453e-002  -1.327453e-002  -3.572405e-002  -5.338512e-002  -7.569137e-002  -1.059841e-001  -8.053926e-002  -6.123809e-002  -4.165696e-002  -2.113654e-002  -7.045710e-003  -8.780462e-007  0.000000e+000  
0.000000e+000  0.000000e+000  0.000000e+000  0.000000e+000  0.000000e+000  0.000000e+000  0.000000e+000  0.000000e+000  0.000000e+000  0.000000e+000  0.000000e+000  0.000000e+000  0.000000e+000  0.000000e+000  0.000000e+000  0.000000e+000  0.000000e+000  0.000000e+000  0.000000e+000  0.000000e+000  0.000000e+000  0.000000e+000  0.000000e+000  

