Port monitor named: Port1_h1[2.5].prt

nx        = 54
ny        = 30
nz        = 33

nu        = 5
nv        = 5
iu        = 15
iv        = 13

idir      = 1
dcut      = 2.505000e-002
icut      = 25
type      = 1
frequency = 2.500000e+009

fcutoff   = 0.000000e+000
alpha     = 0.000000e+000
beta      = 7.339815e+001
accuracy  = 4.656845e-015

type          = TEM
wave imp.     = 2.655768e+002
wave imp.sig. = 7.786346e-006
line imp.     = 5.425739e+001

ref. port     = 0

0.000000e+000  7.883799e+000  1.576997e+001  7.883804e+000  0.000000e+000  
0.000000e+000  7.885102e+000  3.154117e+001  7.885104e+000  0.000000e+000  
0.000000e+000  -7.885104e+000  -3.154117e+001  -7.885103e+000  0.000000e+000  
0.000000e+000  -7.883803e+000  -1.576997e+001  -7.883799e+000  0.000000e+000  
0.000000e+000  0.000000e+000  0.000000e+000  0.000000e+000  0.000000e+000  

0.000000e+000  0.000000e+000  0.000000e+000  0.000000e+000  0.000000e+000  
-7.883804e+000  -7.885104e+000  7.885104e+000  7.883804e+000  0.000000e+000  
-1.576997e+001  -3.154117e+001  3.154117e+001  1.576997e+001  0.000000e+000  
-7.883804e+000  -7.885104e+000  7.885104e+000  7.883804e+000  0.000000e+000  
0.000000e+000  0.000000e+000  0.000000e+000  0.000000e+000  0.000000e+000  

0.000000e+000  0.000000e+000  0.000000e+000  0.000000e+000  0.000000e+000  
0.000000e+000  0.000000e+000  0.000000e+000  0.000000e+000  0.000000e+000  
0.000000e+000  0.000000e+000  0.000000e+000  0.000000e+000  0.000000e+000  
0.000000e+000  0.000000e+000  0.000000e+000  0.000000e+000  0.000000e+000  
0.000000e+000  0.000000e+000  0.000000e+000  0.000000e+000  0.000000e+000  

0.000000e+000  0.000000e+000  0.000000e+000  0.000000e+000  0.000000e+000  
0.000000e+000  0.000000e+000  0.000000e+000  0.000000e+000  0.000000e+000  
0.000000e+000  0.000000e+000  0.000000e+000  0.000000e+000  0.000000e+000  
0.000000e+000  0.000000e+000  0.000000e+000  0.000000e+000  0.000000e+000  
0.000000e+000  0.000000e+000  0.000000e+000  0.000000e+000  0.000000e+000  

0.000000e+000  0.000000e+000  0.000000e+000  0.000000e+000  0.000000e+000  
0.000000e+000  0.000000e+000  0.000000e+000  0.000000e+000  0.000000e+000  
0.000000e+000  0.000000e+000  0.000000e+000  0.000000e+000  0.000000e+000  
0.000000e+000  0.000000e+000  0.000000e+000  0.000000e+000  0.000000e+000  
0.000000e+000  0.000000e+000  0.000000e+000  0.000000e+000  0.000000e+000  

-6.688145e-005  1.411418e-002  -1.405291e-002  1.042562e-005  0.000000e+000  
-1.409335e-002  1.038932e-005  1.042674e-005  1.407377e-002  0.000000e+000  
1.407379e-002  1.049392e-005  1.045651e-005  -1.409332e-002  0.000000e+000  
1.046592e-005  -1.405286e-002  1.411423e-002  -6.684115e-005  0.000000e+000  
0.000000e+000  0.000000e+000  0.000000e+000  0.000000e+000  0.000000e+000  

