Port monitor named: Port1_e1.prt

nx        = 25
ny        = 25
nz        = 3

nu        = 23
nv        = 23
iu        = 2
iv        = 2

idir      = 2
dcut      = 2.505000e-002
icut      = 3
type      = 0
frequency = 2.500000e+009

fcutoff   = 0.000000e+000
alpha     = 0.000000e+000
beta      = 7.257371e+001
accuracy  = 4.241353e-012

type          = QTEM
wave imp.     = 2.634474e+002
wave imp.sig. = 4.171098e-003
line imp.     = 5.425755e+001

ref. port     = 0

-0.000000e+000  -0.000000e+000  -0.000000e+000  -0.000000e+000  -0.000000e+000  -0.000000e+000  -0.000000e+000  -0.000000e+000  -0.000000e+000  -0.000000e+000  -0.000000e+000  -0.000000e+000  -0.000000e+000  -0.000000e+000  -0.000000e+000  -0.000000e+000  -0.000000e+000  -0.000000e+000  -0.000000e+000  -0.000000e+000  -0.000000e+000  -0.000000e+000  -0.000000e+000  
-9.725334e+002  -9.725982e+002  -9.802869e+002  -9.651588e+002  -3.512498e+002  -3.555356e+001  3.426908e+002  5.850719e+001  -5.900161e+001  -8.658838e+001  -5.314528e+001  5.314988e+001  8.659218e+001  5.900480e+001  -5.850445e+001  -3.426880e+002  3.555484e+001  3.512498e+002  9.651563e+002  9.802840e+002  9.725952e+002  9.725303e+002  -0.000000e+000  
-1.945164e+003  -1.937735e+003  -1.492596e+003  -8.228914e+002  -7.993457e+002  -7.123950e+002  -6.065756e+002  -5.496854e+002  -4.776906e+002  -3.727044e+002  -1.679942e+002  1.680045e+002  3.727123e+002  4.776964e+002  5.496890e+002  6.065772e+002  7.123949e+002  7.993445e+002  8.228892e+002  1.492591e+003  1.937729e+003  1.945158e+003  -0.000000e+000  
-2.925548e+003  -2.450125e+003  -1.581243e+003  -1.581478e+003  -1.532446e+003  -1.464702e+003  -1.360118e+003  -1.218289e+003  -1.028339e+003  -7.847647e+002  -3.458930e+002  3.459122e+002  7.847787e+002  1.028348e+003  1.218293e+003  1.360117e+003  1.464699e+003  1.532441e+003  1.581473e+003  1.581238e+003  2.450118e+003  2.925539e+003  -0.000000e+000  
-3.890887e+003  -2.308092e+003  -2.339932e+003  -2.405656e+003  -2.405753e+003  -2.364349e+003  -2.262622e+003  -2.079365e+003  -1.793471e+003  -1.392842e+003  -6.304304e+002  6.304654e+002  1.392869e+003  1.793483e+003  2.079364e+003  2.262613e+003  2.364337e+003  2.405741e+003  2.405646e+003  2.339923e+003  2.308085e+003  3.890875e+003  -0.000000e+000  
-4.066625e+003  -2.532299e+003  -2.706558e+003  -2.842332e+003  -2.904598e+003  -2.904644e+003  -2.836159e+003  -2.663850e+003  -2.348131e+003  -1.858343e+003  -8.643263e+002  8.643730e+002  1.858392e+003  2.348141e+003  2.663837e+003  2.836139e+003  2.904625e+003  2.904581e+003  2.842319e+003  2.706549e+003  2.532291e+003  4.066613e+003  -0.000000e+000  
-4.084531e+003  -2.870935e+003  -3.082797e+003  -3.292187e+003  -3.444898e+003  -3.513464e+003  -3.513509e+003  -3.391737e+003  -3.076852e+003  -2.496727e+003  -1.199055e+003  1.199113e+003  2.496840e+003  3.076844e+003  3.391697e+003  3.513471e+003  3.513434e+003  3.444876e+003  3.292173e+003  3.082787e+003  2.870926e+003  4.084520e+003  -0.000000e+000  
-3.913568e+003  -3.345630e+003  -3.459645e+003  -3.743477e+003  -4.018428e+003  -4.190792e+003  -4.312666e+003  -4.312727e+003  -4.070802e+003  -3.420092e+003  -1.700766e+003  1.700816e+003  3.420426e+003  4.070689e+003  4.312624e+003  4.312603e+003  4.190754e+003  4.018403e+003  3.743462e+003  3.459634e+003  3.345621e+003  3.913557e+003  -0.000000e+000  
-3.884577e+003  -3.649826e+003  -3.794028e+003  -4.174062e+003  -4.602882e+003  -4.918598e+003  -5.233624e+003  -5.475689e+003  -5.473525e+003  -5.392687e+003  -0.000000e+000  -0.000000e+000  5.378079e+003  5.472850e+003  5.475493e+003  5.233551e+003  4.918563e+003  4.602860e+003  4.174048e+003  3.794018e+003  3.649817e+003  3.884567e+003  -0.000000e+000  
-3.914261e+003  -3.859274e+003  -4.069441e+003  -4.556702e+003  -5.157484e+003  -5.647080e+003  -6.227525e+003  -6.882863e+003  -7.179258e+003  -0.000000e+000  -0.000000e+000  -0.000000e+000  -0.000000e+000  7.179524e+003  6.882931e+003  6.227528e+003  5.647072e+003  5.157475e+003  4.556692e+003  4.069432e+003  3.859264e+003  3.914252e+003  -0.000000e+000  
-3.957680e+003  -4.002420e+003  -4.275568e+003  -4.860882e+003  -5.622997e+003  -6.284695e+003  -7.146513e+003  -8.282046e+003  -0.000000e+000  -0.000000e+000  -0.000000e+000  -0.000000e+000  -0.000000e+000  -0.000000e+000  8.282104e+003  7.146539e+003  6.284703e+003  5.622997e+003  4.860877e+003  4.275560e+003  4.002411e+003  3.957671e+003  -0.000000e+000  
-4.010926e+003  -4.117369e+003  -4.453657e+003  -5.146068e+003  -6.093107e+003  -6.959503e+003  -8.163280e+003  -9.875415e+003  -0.000000e+000  -0.000000e+000  -0.000000e+000  -0.000000e+000  -0.000000e+000  -0.000000e+000  9.875456e+003  8.163308e+003  6.959518e+003  6.093114e+003  5.146066e+003  4.453651e+003  4.117360e+003  4.010918e+003  -0.000000e+000  
-3.957680e+003  -4.002420e+003  -4.275568e+003  -4.860882e+003  -5.622997e+003  -6.284695e+003  -7.146513e+003  -8.282046e+003  -0.000000e+000  -0.000000e+000  -0.000000e+000  -0.000000e+000  -0.000000e+000  -0.000000e+000  8.282104e+003  7.146539e+003  6.284703e+003  5.622997e+003  4.860877e+003  4.275560e+003  4.002411e+003  3.957671e+003  -0.000000e+000  
-3.914261e+003  -3.859274e+003  -4.069441e+003  -4.556702e+003  -5.157484e+003  -5.647080e+003  -6.227525e+003  -6.882863e+003  -7.179258e+003  -0.000000e+000  -0.000000e+000  -0.000000e+000  -0.000000e+000  7.179524e+003  6.882931e+003  6.227528e+003  5.647072e+003  5.157475e+003  4.556692e+003  4.069432e+003  3.859264e+003  3.914252e+003  -0.000000e+000  
-3.884577e+003  -3.649826e+003  -3.794028e+003  -4.174062e+003  -4.602882e+003  -4.918598e+003  -5.233624e+003  -5.475689e+003  -5.473525e+003  -5.392687e+003  -0.000000e+000  -0.000000e+000  5.378079e+003  5.472850e+003  5.475493e+003  5.233551e+003  4.918563e+003  4.602860e+003  4.174048e+003  3.794018e+003  3.649817e+003  3.884567e+003  -0.000000e+000  
-3.913568e+003  -3.345630e+003  -3.459645e+003  -3.743477e+003  -4.018428e+003  -4.190792e+003  -4.312666e+003  -4.312727e+003  -4.070802e+003  -3.420092e+003  -1.700766e+003  1.700816e+003  3.420426e+003  4.070689e+003  4.312624e+003  4.312603e+003  4.190754e+003  4.018403e+003  3.743462e+003  3.459634e+003  3.345621e+003  3.913557e+003  -0.000000e+000  
-4.084531e+003  -2.870935e+003  -3.082797e+003  -3.292187e+003  -3.444898e+003  -3.513464e+003  -3.513509e+003  -3.391737e+003  -3.076852e+003  -2.496727e+003  -1.199055e+003  1.199113e+003  2.496840e+003  3.076844e+003  3.391697e+003  3.513471e+003  3.513434e+003  3.444876e+003  3.292173e+003  3.082787e+003  2.870926e+003  4.084520e+003  -0.000000e+000  
-4.066625e+003  -2.532299e+003  -2.706558e+003  -2.842332e+003  -2.904598e+003  -2.904644e+003  -2.836159e+003  -2.663850e+003  -2.348131e+003  -1.858343e+003  -8.643263e+002  8.643730e+002  1.858392e+003  2.348141e+003  2.663837e+003  2.836139e+003  2.904625e+003  2.904581e+003  2.842319e+003  2.706549e+003  2.532291e+003  4.066613e+003  -0.000000e+000  
-3.890887e+003  -2.308092e+003  -2.339932e+003  -2.405656e+003  -2.405753e+003  -2.364349e+003  -2.262622e+003  -2.079365e+003  -1.793471e+003  -1.392842e+003  -6.304304e+002  6.304654e+002  1.392869e+003  1.793483e+003  2.079364e+003  2.262613e+003  2.364337e+003  2.405741e+003  2.405646e+003  2.339923e+003  2.308085e+003  3.890875e+003  -0.000000e+000  
-2.925548e+003  -2.450125e+003  -1.581243e+003  -1.581478e+003  -1.532446e+003  -1.464702e+003  -1.360118e+003  -1.218289e+003  -1.028339e+003  -7.847647e+002  -3.458930e+002  3.459122e+002  7.847787e+002  1.028348e+003  1.218293e+003  1.360117e+003  1.464699e+003  1.532441e+003  1.581473e+003  1.581238e+003  2.450118e+003  2.925539e+003  -0.000000e+000  
-1.945164e+003  -1.937735e+003  -1.492596e+003  -8.228914e+002  -7.993457e+002  -7.123950e+002  -6.065756e+002  -5.496854e+002  -4.776906e+002  -3.727044e+002  -1.679942e+002  1.680045e+002  3.727123e+002  4.776964e+002  5.496890e+002  6.065772e+002  7.123949e+002  7.993445e+002  8.228892e+002  1.492591e+003  1.937729e+003  1.945158e+003  -0.000000e+000  
-9.725334e+002  -9.725982e+002  -9.802869e+002  -9.651588e+002  -3.512498e+002  -3.555356e+001  3.426908e+002  5.850719e+001  -5.900161e+001  -8.658838e+001  -5.314528e+001  5.314988e+001  8.659218e+001  5.900480e+001  -5.850445e+001  -3.426880e+002  3.555484e+001  3.512498e+002  9.651563e+002  9.802840e+002  9.725952e+002  9.725303e+002  -0.000000e+000  
-0.000000e+000  -0.000000e+000  -0.000000e+000  -0.000000e+000  -0.000000e+000  -0.000000e+000  -0.000000e+000  -0.000000e+000  -0.000000e+000  -0.000000e+000  -0.000000e+000  -0.000000e+000  -0.000000e+000  -0.000000e+000  -0.000000e+000  -0.000000e+000  -0.000000e+000  -0.000000e+000  -0.000000e+000  -0.000000e+000  -0.000000e+000  -0.000000e+000  -0.000000e+000  

-0.000000e+000  -9.725333e+002  -1.945167e+003  -2.925561e+003  -3.890932e+003  -4.066712e+003  -4.084693e+003  -3.913617e+003  -3.884555e+003  -3.914192e+003  -3.957577e+003  -4.010789e+003  -3.957572e+003  -3.914185e+003  -3.884547e+003  -3.913607e+003  -4.084682e+003  -4.066701e+003  -3.890920e+003  -2.925552e+003  -1.945161e+003  -9.725303e+002  -0.000000e+000  
-0.000000e+000  -9.725949e+002  -1.937732e+003  -2.450115e+003  -2.308050e+003  -2.532207e+003  -2.870749e+003  -3.345508e+003  -3.649716e+003  -3.859149e+003  -4.002270e+003  -4.117169e+003  -4.002264e+003  -3.859141e+003  -3.649707e+003  -3.345499e+003  -2.870740e+003  -2.532199e+003  -2.308042e+003  -2.450107e+003  -1.937725e+003  -9.725918e+002  -0.000000e+000  
-0.000000e+000  -9.802768e+002  -1.492593e+003  -1.581240e+003  -2.339908e+003  -2.706514e+003  -3.082731e+003  -3.459566e+003  -3.793928e+003  -4.069303e+003  -4.275371e+003  -4.453301e+003  -4.275362e+003  -4.069291e+003  -3.793915e+003  -3.459553e+003  -3.082718e+003  -2.706504e+003  -2.339899e+003  -1.581234e+003  -1.492588e+003  -9.802738e+002  -0.000000e+000  
-0.000000e+000  -9.651270e+002  -8.228917e+002  -1.581499e+003  -2.405677e+003  -2.842347e+003  -3.292196e+003  -3.743476e+003  -4.174043e+003  -4.556634e+003  -4.860693e+003  -5.145248e+003  -4.860677e+003  -4.556612e+003  -4.174019e+003  -3.743455e+003  -3.292178e+003  -2.842334e+003  -2.405667e+003  -1.581494e+003  -8.228895e+002  -9.651244e+002  -0.000000e+000  
-0.000000e+000  -3.511648e+002  -7.993599e+002  -1.532500e+003  -2.405818e+003  -2.904663e+003  -3.444967e+003  -4.018516e+003  -4.603015e+003  -5.157689e+003  -5.623201e+003  -6.091003e+003  -5.623177e+003  -5.157643e+003  -4.602971e+003  -4.018483e+003  -3.444945e+003  -2.904649e+003  -2.405809e+003  -1.532497e+003  -7.993585e+002  -3.511644e+002  -0.000000e+000  
-0.000000e+000  -3.540454e+001  -7.124332e+002  -1.464786e+003  -2.364447e+003  -2.904738e+003  -3.513558e+003  -4.190913e+003  -4.918808e+003  -5.647538e+003  -6.285929e+003  -6.955395e+003  -6.285908e+003  -5.647453e+003  -4.918741e+003  -4.190874e+003  -3.513536e+003  -2.904727e+003  -2.364441e+003  -1.464784e+003  -7.124326e+002  -3.540523e+001  -0.000000e+000  
-0.000000e+000  3.424648e+002  -6.066733e+002  -1.360239e+003  -2.262760e+003  -2.836278e+003  -3.513601e+003  -4.312758e+003  -5.233751e+003  -6.227706e+003  -7.151077e+003  -8.154504e+003  -7.151092e+003  -6.227501e+003  -5.233651e+003  -4.312721e+003  -3.513588e+003  -2.836274e+003  -2.262759e+003  -1.360239e+003  -6.066737e+002  3.424629e+002  -0.000000e+000  
-0.000000e+000  5.836647e+001  -5.498044e+002  -1.218450e+003  -2.079563e+003  -2.664002e+003  -3.391800e+003  -4.312754e+003  -5.475716e+003  -6.878441e+003  -8.297307e+003  -9.855296e+003  -8.297511e+003  -6.877788e+003  -5.475626e+003  -4.312756e+003  -3.391812e+003  -2.664011e+003  -2.079568e+003  -1.218452e+003  -5.498055e+002  5.836524e+001  -0.000000e+000  
-0.000000e+000  -5.909768e+001  -4.778152e+002  -1.028540e+003  -1.793770e+003  -2.348359e+003  -3.076832e+003  -4.070728e+003  -5.477900e+003  -7.146136e+003  -0.000000e+000  -0.000000e+000  -0.000000e+000  -7.159773e+003  -5.478289e+003  -4.070854e+003  -3.076881e+003  -2.348381e+003  -1.793781e+003  -1.028544e+003  -4.778167e+002  -5.909860e+001  -0.000000e+000  
-0.000000e+000  -8.665669e+001  -3.728227e+002  -7.850010e+002  -1.393322e+003  -1.858823e+003  -2.496431e+003  -3.415415e+003  -5.277903e+003  -0.000000e+000  -0.000000e+000  -0.000000e+000  -0.000000e+000  -0.000000e+000  -5.278099e+003  -3.415475e+003  -2.496469e+003  -1.858845e+003  -1.393334e+003  -7.850049e+002  -3.728241e+002  -8.665738e+001  -0.000000e+000  
-0.000000e+000  -5.317881e+001  -1.680774e+002  -3.461350e+002  -6.313036e+002  -8.663532e+002  -1.203753e+003  -1.712134e+003  -0.000000e+000  -0.000000e+000  -0.000000e+000  -0.000000e+000  -0.000000e+000  -0.000000e+000  -0.000000e+000  -1.712147e+003  -1.203765e+003  -8.663620e+002  -6.313092e+002  -3.461372e+002  -1.680782e+002  -5.317914e+001  -0.000000e+000  
-0.000000e+000  5.317881e+001  1.680774e+002  3.461350e+002  6.313036e+002  8.663532e+002  1.203753e+003  1.712134e+003  -0.000000e+000  -0.000000e+000  -0.000000e+000  -0.000000e+000  -0.000000e+000  -0.000000e+000  -0.000000e+000  1.712147e+003  1.203765e+003  8.663620e+002  6.313092e+002  3.461372e+002  1.680782e+002  5.317914e+001  -0.000000e+000  
-0.000000e+000  8.665669e+001  3.728227e+002  7.850010e+002  1.393322e+003  1.858823e+003  2.496431e+003  3.415415e+003  5.277903e+003  -0.000000e+000  -0.000000e+000  -0.000000e+000  -0.000000e+000  -0.000000e+000  5.278099e+003  3.415475e+003  2.496469e+003  1.858845e+003  1.393334e+003  7.850049e+002  3.728241e+002  8.665738e+001  -0.000000e+000  
-0.000000e+000  5.909768e+001  4.778152e+002  1.028540e+003  1.793770e+003  2.348359e+003  3.076832e+003  4.070728e+003  5.477900e+003  7.146136e+003  -0.000000e+000  -0.000000e+000  -0.000000e+000  7.159773e+003  5.478289e+003  4.070854e+003  3.076881e+003  2.348381e+003  1.793781e+003  1.028544e+003  4.778167e+002  5.909860e+001  -0.000000e+000  
-0.000000e+000  -5.836647e+001  5.498044e+002  1.218450e+003  2.079563e+003  2.664002e+003  3.391800e+003  4.312754e+003  5.475716e+003  6.878441e+003  8.297307e+003  9.855296e+003  8.297511e+003  6.877788e+003  5.475626e+003  4.312756e+003  3.391812e+003  2.664011e+003  2.079568e+003  1.218452e+003  5.498055e+002  -5.836524e+001  -0.000000e+000  
-0.000000e+000  -3.424648e+002  6.066733e+002  1.360239e+003  2.262760e+003  2.836278e+003  3.513601e+003  4.312758e+003  5.233751e+003  6.227706e+003  7.151077e+003  8.154504e+003  7.151092e+003  6.227501e+003  5.233651e+003  4.312721e+003  3.513588e+003  2.836274e+003  2.262759e+003  1.360239e+003  6.066737e+002  -3.424629e+002  -0.000000e+000  
-0.000000e+000  3.540454e+001  7.124332e+002  1.464786e+003  2.364447e+003  2.904738e+003  3.513558e+003  4.190913e+003  4.918808e+003  5.647538e+003  6.285929e+003  6.955395e+003  6.285908e+003  5.647453e+003  4.918741e+003  4.190874e+003  3.513536e+003  2.904727e+003  2.364441e+003  1.464784e+003  7.124326e+002  3.540523e+001  -0.000000e+000  
-0.000000e+000  3.511648e+002  7.993599e+002  1.532500e+003  2.405818e+003  2.904663e+003  3.444967e+003  4.018516e+003  4.603015e+003  5.157689e+003  5.623201e+003  6.091003e+003  5.623177e+003  5.157643e+003  4.602971e+003  4.018483e+003  3.444945e+003  2.904649e+003  2.405809e+003  1.532497e+003  7.993585e+002  3.511644e+002  -0.000000e+000  
-0.000000e+000  9.651270e+002  8.228917e+002  1.581499e+003  2.405677e+003  2.842347e+003  3.292196e+003  3.743476e+003  4.174043e+003  4.556634e+003  4.860693e+003  5.145248e+003  4.860677e+003  4.556612e+003  4.174019e+003  3.743455e+003  3.292178e+003  2.842334e+003  2.405667e+003  1.581494e+003  8.228895e+002  9.651244e+002  -0.000000e+000  
-0.000000e+000  9.802768e+002  1.492593e+003  1.581240e+003  2.339908e+003  2.706514e+003  3.082731e+003  3.459566e+003  3.793928e+003  4.069303e+003  4.275371e+003  4.453301e+003  4.275362e+003  4.069291e+003  3.793915e+003  3.459553e+003  3.082718e+003  2.706504e+003  2.339899e+003  1.581234e+003  1.492588e+003  9.802738e+002  -0.000000e+000  
-0.000000e+000  9.725949e+002  1.937732e+003  2.450115e+003  2.308050e+003  2.532207e+003  2.870749e+003  3.345508e+003  3.649716e+003  3.859149e+003  4.002270e+003  4.117169e+003  4.002264e+003  3.859141e+003  3.649707e+003  3.345499e+003  2.870740e+003  2.532199e+003  2.308042e+003  2.450107e+003  1.937725e+003  9.725918e+002  -0.000000e+000  
-0.000000e+000  9.725333e+002  1.945167e+003  2.925561e+003  3.890932e+003  4.066712e+003  4.084693e+003  3.913617e+003  3.884555e+003  3.914192e+003  3.957577e+003  4.010789e+003  3.957572e+003  3.914185e+003  3.884547e+003  3.913607e+003  4.084682e+003  4.066701e+003  3.890920e+003  2.925552e+003  1.945161e+003  9.725303e+002  -0.000000e+000  
-0.000000e+000  -0.000000e+000  -0.000000e+000  -0.000000e+000  -0.000000e+000  -0.000000e+000  -0.000000e+000  -0.000000e+000  -0.000000e+000  -0.000000e+000  -0.000000e+000  -0.000000e+000  -0.000000e+000  -0.000000e+000  -0.000000e+000  -0.000000e+000  -0.000000e+000  -0.000000e+000  -0.000000e+000  -0.000000e+000  -0.000000e+000  -0.000000e+000  -0.000000e+000  

0.000000e+000  0.000000e+000  0.000000e+000  0.000000e+000  0.000000e+000  0.000000e+000  0.000000e+000  0.000000e+000  0.000000e+000  0.000000e+000  0.000000e+000  0.000000e+000  0.000000e+000  0.000000e+000  0.000000e+000  0.000000e+000  0.000000e+000  0.000000e+000  0.000000e+000  0.000000e+000  0.000000e+000  0.000000e+000  0.000000e+000  
0.000000e+000  0.000000e+000  0.000000e+000  0.000000e+000  0.000000e+000  0.000000e+000  0.000000e+000  0.000000e+000  0.000000e+000  0.000000e+000  0.000000e+000  0.000000e+000  0.000000e+000  0.000000e+000  0.000000e+000  0.000000e+000  0.000000e+000  0.000000e+000  0.000000e+000  0.000000e+000  0.000000e+000  0.000000e+000  0.000000e+000  
0.000000e+000  0.000000e+000  0.000000e+000  0.000000e+000  0.000000e+000  0.000000e+000  0.000000e+000  0.000000e+000  0.000000e+000  0.000000e+000  0.000000e+000  0.000000e+000  0.000000e+000  0.000000e+000  0.000000e+000  0.000000e+000  0.000000e+000  0.000000e+000  0.000000e+000  0.000000e+000  0.000000e+000  0.000000e+000  0.000000e+000  
0.000000e+000  0.000000e+000  0.000000e+000  0.000000e+000  0.000000e+000  0.000000e+000  0.000000e+000  0.000000e+000  0.000000e+000  0.000000e+000  0.000000e+000  0.000000e+000  0.000000e+000  0.000000e+000  0.000000e+000  0.000000e+000  0.000000e+000  0.000000e+000  0.000000e+000  0.000000e+000  0.000000e+000  0.000000e+000  0.000000e+000  
0.000000e+000  0.000000e+000  0.000000e+000  0.000000e+000  0.000000e+000  0.000000e+000  0.000000e+000  0.000000e+000  0.000000e+000  0.000000e+000  0.000000e+000  0.000000e+000  0.000000e+000  0.000000e+000  0.000000e+000  0.000000e+000  0.000000e+000  0.000000e+000  0.000000e+000  0.000000e+000  0.000000e+000  0.000000e+000  0.000000e+000  
0.000000e+000  0.000000e+000  0.000000e+000  0.000000e+000  0.000000e+000  0.000000e+000  0.000000e+000  0.000000e+000  0.000000e+000  0.000000e+000  0.000000e+000  0.000000e+000  0.000000e+000  0.000000e+000  0.000000e+000  0.000000e+000  0.000000e+000  0.000000e+000  0.000000e+000  0.000000e+000  0.000000e+000  0.000000e+000  0.000000e+000  
0.000000e+000  0.000000e+000  0.000000e+000  0.000000e+000  0.000000e+000  0.000000e+000  0.000000e+000  0.000000e+000  0.000000e+000  0.000000e+000  0.000000e+000  0.000000e+000  0.000000e+000  0.000000e+000  0.000000e+000  0.000000e+000  0.000000e+000  0.000000e+000  0.000000e+000  0.000000e+000  0.000000e+000  0.000000e+000  0.000000e+000  
0.000000e+000  0.000000e+000  0.000000e+000  0.000000e+000  0.000000e+000  0.000000e+000  0.000000e+000  0.000000e+000  0.000000e+000  0.000000e+000  0.000000e+000  0.000000e+000  0.000000e+000  0.000000e+000  0.000000e+000  0.000000e+000  0.000000e+000  0.000000e+000  0.000000e+000  0.000000e+000  0.000000e+000  0.000000e+000  0.000000e+000  
0.000000e+000  0.000000e+000  0.000000e+000  0.000000e+000  0.000000e+000  0.000000e+000  0.000000e+000  0.000000e+000  0.000000e+000  0.000000e+000  0.000000e+000  0.000000e+000  0.000000e+000  0.000000e+000  0.000000e+000  0.000000e+000  0.000000e+000  0.000000e+000  0.000000e+000  0.000000e+000  0.000000e+000  0.000000e+000  0.000000e+000  
0.000000e+000  0.000000e+000  0.000000e+000  0.000000e+000  0.000000e+000  0.000000e+000  0.000000e+000  0.000000e+000  0.000000e+000  0.000000e+000  0.000000e+000  0.000000e+000  0.000000e+000  0.000000e+000  0.000000e+000  0.000000e+000  0.000000e+000  0.000000e+000  0.000000e+000  0.000000e+000  0.000000e+000  0.000000e+000  0.000000e+000  
0.000000e+000  0.000000e+000  0.000000e+000  0.000000e+000  0.000000e+000  0.000000e+000  0.000000e+000  0.000000e+000  0.000000e+000  0.000000e+000  0.000000e+000  0.000000e+000  0.000000e+000  0.000000e+000  0.000000e+000  0.000000e+000  0.000000e+000  0.000000e+000  0.000000e+000  0.000000e+000  0.000000e+000  0.000000e+000  0.000000e+000  
0.000000e+000  0.000000e+000  0.000000e+000  0.000000e+000  0.000000e+000  0.000000e+000  0.000000e+000  0.000000e+000  0.000000e+000  0.000000e+000  0.000000e+000  0.000000e+000  0.000000e+000  0.000000e+000  0.000000e+000  0.000000e+000  0.000000e+000  0.000000e+000  0.000000e+000  0.000000e+000  0.000000e+000  0.000000e+000  0.000000e+000  
0.000000e+000  0.000000e+000  0.000000e+000  0.000000e+000  0.000000e+000  0.000000e+000  0.000000e+000  0.000000e+000  0.000000e+000  0.000000e+000  0.000000e+000  0.000000e+000  0.000000e+000  0.000000e+000  0.000000e+000  0.000000e+000  0.000000e+000  0.000000e+000  0.000000e+000  0.000000e+000  0.000000e+000  0.000000e+000  0.000000e+000  
0.000000e+000  0.000000e+000  0.000000e+000  0.000000e+000  0.000000e+000  0.000000e+000  0.000000e+000  0.000000e+000  0.000000e+000  0.000000e+000  0.000000e+000  0.000000e+000  0.000000e+000  0.000000e+000  0.000000e+000  0.000000e+000  0.000000e+000  0.000000e+000  0.000000e+000  0.000000e+000  0.000000e+000  0.000000e+000  0.000000e+000  
0.000000e+000  0.000000e+000  0.000000e+000  0.000000e+000  0.000000e+000  0.000000e+000  0.000000e+000  0.000000e+000  0.000000e+000  0.000000e+000  0.000000e+000  0.000000e+000  0.000000e+000  0.000000e+000  0.000000e+000  0.000000e+000  0.000000e+000  0.000000e+000  0.000000e+000  0.000000e+000  0.000000e+000  0.000000e+000  0.000000e+000  
0.000000e+000  0.000000e+000  0.000000e+000  0.000000e+000  0.000000e+000  0.000000e+000  0.000000e+000  0.000000e+000  0.000000e+000  0.000000e+000  0.000000e+000  0.000000e+000  0.000000e+000  0.000000e+000  0.000000e+000  0.000000e+000  0.000000e+000  0.000000e+000  0.000000e+000  0.000000e+000  0.000000e+000  0.000000e+000  0.000000e+000  
0.000000e+000  0.000000e+000  0.000000e+000  0.000000e+000  0.000000e+000  0.000000e+000  0.000000e+000  0.000000e+000  0.000000e+000  0.000000e+000  0.000000e+000  0.000000e+000  0.000000e+000  0.000000e+000  0.000000e+000  0.000000e+000  0.000000e+000  0.000000e+000  0.000000e+000  0.000000e+000  0.000000e+000  0.000000e+000  0.000000e+000  
0.000000e+000  0.000000e+000  0.000000e+000  0.000000e+000  0.000000e+000  0.000000e+000  0.000000e+000  0.000000e+000  0.000000e+000  0.000000e+000  0.000000e+000  0.000000e+000  0.000000e+000  0.000000e+000  0.000000e+000  0.000000e+000  0.000000e+000  0.000000e+000  0.000000e+000  0.000000e+000  0.000000e+000  0.000000e+000  0.000000e+000  
0.000000e+000  0.000000e+000  0.000000e+000  0.000000e+000  0.000000e+000  0.000000e+000  0.000000e+000  0.000000e+000  0.000000e+000  0.000000e+000  0.000000e+000  0.000000e+000  0.000000e+000  0.000000e+000  0.000000e+000  0.000000e+000  0.000000e+000  0.000000e+000  0.000000e+000  0.000000e+000  0.000000e+000  0.000000e+000  0.000000e+000  
0.000000e+000  0.000000e+000  0.000000e+000  0.000000e+000  0.000000e+000  0.000000e+000  0.000000e+000  0.000000e+000  0.000000e+000  0.000000e+000  0.000000e+000  0.000000e+000  0.000000e+000  0.000000e+000  0.000000e+000  0.000000e+000  0.000000e+000  0.000000e+000  0.000000e+000  0.000000e+000  0.000000e+000  0.000000e+000  0.000000e+000  
0.000000e+000  0.000000e+000  0.000000e+000  0.000000e+000  0.000000e+000  0.000000e+000  0.000000e+000  0.000000e+000  0.000000e+000  0.000000e+000  0.000000e+000  0.000000e+000  0.000000e+000  0.000000e+000  0.000000e+000  0.000000e+000  0.000000e+000  0.000000e+000  0.000000e+000  0.000000e+000  0.000000e+000  0.000000e+000  0.000000e+000  
0.000000e+000  0.000000e+000  0.000000e+000  0.000000e+000  0.000000e+000  0.000000e+000  0.000000e+000  0.000000e+000  0.000000e+000  0.000000e+000  0.000000e+000  0.000000e+000  0.000000e+000  0.000000e+000  0.000000e+000  0.000000e+000  0.000000e+000  0.000000e+000  0.000000e+000  0.000000e+000  0.000000e+000  0.000000e+000  0.000000e+000  
0.000000e+000  0.000000e+000  0.000000e+000  0.000000e+000  0.000000e+000  0.000000e+000  0.000000e+000  0.000000e+000  0.000000e+000  0.000000e+000  0.000000e+000  0.000000e+000  0.000000e+000  0.000000e+000  0.000000e+000  0.000000e+000  0.000000e+000  0.000000e+000  0.000000e+000  0.000000e+000  0.000000e+000  0.000000e+000  0.000000e+000  

0.000000e+000  0.000000e+000  0.000000e+000  0.000000e+000  0.000000e+000  0.000000e+000  0.000000e+000  0.000000e+000  0.000000e+000  0.000000e+000  0.000000e+000  0.000000e+000  0.000000e+000  0.000000e+000  0.000000e+000  0.000000e+000  0.000000e+000  0.000000e+000  0.000000e+000  0.000000e+000  0.000000e+000  0.000000e+000  0.000000e+000  
0.000000e+000  0.000000e+000  0.000000e+000  0.000000e+000  0.000000e+000  0.000000e+000  0.000000e+000  0.000000e+000  0.000000e+000  0.000000e+000  0.000000e+000  0.000000e+000  0.000000e+000  0.000000e+000  0.000000e+000  0.000000e+000  0.000000e+000  0.000000e+000  0.000000e+000  0.000000e+000  0.000000e+000  0.000000e+000  0.000000e+000  
0.000000e+000  0.000000e+000  0.000000e+000  0.000000e+000  0.000000e+000  0.000000e+000  0.000000e+000  0.000000e+000  0.000000e+000  0.000000e+000  0.000000e+000  0.000000e+000  0.000000e+000  0.000000e+000  0.000000e+000  0.000000e+000  0.000000e+000  0.000000e+000  0.000000e+000  0.000000e+000  0.000000e+000  0.000000e+000  0.000000e+000  
0.000000e+000  0.000000e+000  0.000000e+000  0.000000e+000  0.000000e+000  0.000000e+000  0.000000e+000  0.000000e+000  0.000000e+000  0.000000e+000  0.000000e+000  0.000000e+000  0.000000e+000  0.000000e+000  0.000000e+000  0.000000e+000  0.000000e+000  0.000000e+000  0.000000e+000  0.000000e+000  0.000000e+000  0.000000e+000  0.000000e+000  
0.000000e+000  0.000000e+000  0.000000e+000  0.000000e+000  0.000000e+000  0.000000e+000  0.000000e+000  0.000000e+000  0.000000e+000  0.000000e+000  0.000000e+000  0.000000e+000  0.000000e+000  0.000000e+000  0.000000e+000  0.000000e+000  0.000000e+000  0.000000e+000  0.000000e+000  0.000000e+000  0.000000e+000  0.000000e+000  0.000000e+000  
0.000000e+000  0.000000e+000  0.000000e+000  0.000000e+000  0.000000e+000  0.000000e+000  0.000000e+000  0.000000e+000  0.000000e+000  0.000000e+000  0.000000e+000  0.000000e+000  0.000000e+000  0.000000e+000  0.000000e+000  0.000000e+000  0.000000e+000  0.000000e+000  0.000000e+000  0.000000e+000  0.000000e+000  0.000000e+000  0.000000e+000  
0.000000e+000  0.000000e+000  0.000000e+000  0.000000e+000  0.000000e+000  0.000000e+000  0.000000e+000  0.000000e+000  0.000000e+000  0.000000e+000  0.000000e+000  0.000000e+000  0.000000e+000  0.000000e+000  0.000000e+000  0.000000e+000  0.000000e+000  0.000000e+000  0.000000e+000  0.000000e+000  0.000000e+000  0.000000e+000  0.000000e+000  
0.000000e+000  0.000000e+000  0.000000e+000  0.000000e+000  0.000000e+000  0.000000e+000  0.000000e+000  0.000000e+000  0.000000e+000  0.000000e+000  0.000000e+000  0.000000e+000  0.000000e+000  0.000000e+000  0.000000e+000  0.000000e+000  0.000000e+000  0.000000e+000  0.000000e+000  0.000000e+000  0.000000e+000  0.000000e+000  0.000000e+000  
0.000000e+000  0.000000e+000  0.000000e+000  0.000000e+000  0.000000e+000  0.000000e+000  0.000000e+000  0.000000e+000  0.000000e+000  0.000000e+000  0.000000e+000  0.000000e+000  0.000000e+000  0.000000e+000  0.000000e+000  0.000000e+000  0.000000e+000  0.000000e+000  0.000000e+000  0.000000e+000  0.000000e+000  0.000000e+000  0.000000e+000  
0.000000e+000  0.000000e+000  0.000000e+000  0.000000e+000  0.000000e+000  0.000000e+000  0.000000e+000  0.000000e+000  0.000000e+000  0.000000e+000  0.000000e+000  0.000000e+000  0.000000e+000  0.000000e+000  0.000000e+000  0.000000e+000  0.000000e+000  0.000000e+000  0.000000e+000  0.000000e+000  0.000000e+000  0.000000e+000  0.000000e+000  
0.000000e+000  0.000000e+000  0.000000e+000  0.000000e+000  0.000000e+000  0.000000e+000  0.000000e+000  0.000000e+000  0.000000e+000  0.000000e+000  0.000000e+000  0.000000e+000  0.000000e+000  0.000000e+000  0.000000e+000  0.000000e+000  0.000000e+000  0.000000e+000  0.000000e+000  0.000000e+000  0.000000e+000  0.000000e+000  0.000000e+000  
0.000000e+000  0.000000e+000  0.000000e+000  0.000000e+000  0.000000e+000  0.000000e+000  0.000000e+000  0.000000e+000  0.000000e+000  0.000000e+000  0.000000e+000  0.000000e+000  0.000000e+000  0.000000e+000  0.000000e+000  0.000000e+000  0.000000e+000  0.000000e+000  0.000000e+000  0.000000e+000  0.000000e+000  0.000000e+000  0.000000e+000  
0.000000e+000  0.000000e+000  0.000000e+000  0.000000e+000  0.000000e+000  0.000000e+000  0.000000e+000  0.000000e+000  0.000000e+000  0.000000e+000  0.000000e+000  0.000000e+000  0.000000e+000  0.000000e+000  0.000000e+000  0.000000e+000  0.000000e+000  0.000000e+000  0.000000e+000  0.000000e+000  0.000000e+000  0.000000e+000  0.000000e+000  
0.000000e+000  0.000000e+000  0.000000e+000  0.000000e+000  0.000000e+000  0.000000e+000  0.000000e+000  0.000000e+000  0.000000e+000  0.000000e+000  0.000000e+000  0.000000e+000  0.000000e+000  0.000000e+000  0.000000e+000  0.000000e+000  0.000000e+000  0.000000e+000  0.000000e+000  0.000000e+000  0.000000e+000  0.000000e+000  0.000000e+000  
0.000000e+000  0.000000e+000  0.000000e+000  0.000000e+000  0.000000e+000  0.000000e+000  0.000000e+000  0.000000e+000  0.000000e+000  0.000000e+000  0.000000e+000  0.000000e+000  0.000000e+000  0.000000e+000  0.000000e+000  0.000000e+000  0.000000e+000  0.000000e+000  0.000000e+000  0.000000e+000  0.000000e+000  0.000000e+000  0.000000e+000  
0.000000e+000  0.000000e+000  0.000000e+000  0.000000e+000  0.000000e+000  0.000000e+000  0.000000e+000  0.000000e+000  0.000000e+000  0.000000e+000  0.000000e+000  0.000000e+000  0.000000e+000  0.000000e+000  0.000000e+000  0.000000e+000  0.000000e+000  0.000000e+000  0.000000e+000  0.000000e+000  0.000000e+000  0.000000e+000  0.000000e+000  
0.000000e+000  0.000000e+000  0.000000e+000  0.000000e+000  0.000000e+000  0.000000e+000  0.000000e+000  0.000000e+000  0.000000e+000  0.000000e+000  0.000000e+000  0.000000e+000  0.000000e+000  0.000000e+000  0.000000e+000  0.000000e+000  0.000000e+000  0.000000e+000  0.000000e+000  0.000000e+000  0.000000e+000  0.000000e+000  0.000000e+000  
0.000000e+000  0.000000e+000  0.000000e+000  0.000000e+000  0.000000e+000  0.000000e+000  0.000000e+000  0.000000e+000  0.000000e+000  0.000000e+000  0.000000e+000  0.000000e+000  0.000000e+000  0.000000e+000  0.000000e+000  0.000000e+000  0.000000e+000  0.000000e+000  0.000000e+000  0.000000e+000  0.000000e+000  0.000000e+000  0.000000e+000  
0.000000e+000  0.000000e+000  0.000000e+000  0.000000e+000  0.000000e+000  0.000000e+000  0.000000e+000  0.000000e+000  0.000000e+000  0.000000e+000  0.000000e+000  0.000000e+000  0.000000e+000  0.000000e+000  0.000000e+000  0.000000e+000  0.000000e+000  0.000000e+000  0.000000e+000  0.000000e+000  0.000000e+000  0.000000e+000  0.000000e+000  
0.000000e+000  0.000000e+000  0.000000e+000  0.000000e+000  0.000000e+000  0.000000e+000  0.000000e+000  0.000000e+000  0.000000e+000  0.000000e+000  0.000000e+000  0.000000e+000  0.000000e+000  0.000000e+000  0.000000e+000  0.000000e+000  0.000000e+000  0.000000e+000  0.000000e+000  0.000000e+000  0.000000e+000  0.000000e+000  0.000000e+000  
0.000000e+000  0.000000e+000  0.000000e+000  0.000000e+000  0.000000e+000  0.000000e+000  0.000000e+000  0.000000e+000  0.000000e+000  0.000000e+000  0.000000e+000  0.000000e+000  0.000000e+000  0.000000e+000  0.000000e+000  0.000000e+000  0.000000e+000  0.000000e+000  0.000000e+000  0.000000e+000  0.000000e+000  0.000000e+000  0.000000e+000  
0.000000e+000  0.000000e+000  0.000000e+000  0.000000e+000  0.000000e+000  0.000000e+000  0.000000e+000  0.000000e+000  0.000000e+000  0.000000e+000  0.000000e+000  0.000000e+000  0.000000e+000  0.000000e+000  0.000000e+000  0.000000e+000  0.000000e+000  0.000000e+000  0.000000e+000  0.000000e+000  0.000000e+000  0.000000e+000  0.000000e+000  
0.000000e+000  0.000000e+000  0.000000e+000  0.000000e+000  0.000000e+000  0.000000e+000  0.000000e+000  0.000000e+000  0.000000e+000  0.000000e+000  0.000000e+000  0.000000e+000  0.000000e+000  0.000000e+000  0.000000e+000  0.000000e+000  0.000000e+000  0.000000e+000  0.000000e+000  0.000000e+000  0.000000e+000  0.000000e+000  0.000000e+000  

0.000000e+000  0.000000e+000  0.000000e+000  0.000000e+000  0.000000e+000  0.000000e+000  0.000000e+000  0.000000e+000  0.000000e+000  0.000000e+000  0.000000e+000  0.000000e+000  0.000000e+000  0.000000e+000  0.000000e+000  0.000000e+000  0.000000e+000  0.000000e+000  0.000000e+000  0.000000e+000  0.000000e+000  0.000000e+000  0.000000e+000  
0.000000e+000  0.000000e+000  0.000000e+000  0.000000e+000  0.000000e+000  0.000000e+000  0.000000e+000  0.000000e+000  0.000000e+000  0.000000e+000  0.000000e+000  0.000000e+000  0.000000e+000  0.000000e+000  0.000000e+000  0.000000e+000  0.000000e+000  0.000000e+000  0.000000e+000  0.000000e+000  0.000000e+000  0.000000e+000  0.000000e+000  
0.000000e+000  0.000000e+000  0.000000e+000  0.000000e+000  0.000000e+000  0.000000e+000  0.000000e+000  0.000000e+000  0.000000e+000  0.000000e+000  0.000000e+000  0.000000e+000  0.000000e+000  0.000000e+000  0.000000e+000  0.000000e+000  0.000000e+000  0.000000e+000  0.000000e+000  0.000000e+000  0.000000e+000  0.000000e+000  0.000000e+000  
0.000000e+000  0.000000e+000  0.000000e+000  0.000000e+000  0.000000e+000  0.000000e+000  0.000000e+000  0.000000e+000  0.000000e+000  0.000000e+000  0.000000e+000  0.000000e+000  0.000000e+000  0.000000e+000  0.000000e+000  0.000000e+000  0.000000e+000  0.000000e+000  0.000000e+000  0.000000e+000  0.000000e+000  0.000000e+000  0.000000e+000  
0.000000e+000  0.000000e+000  0.000000e+000  0.000000e+000  0.000000e+000  0.000000e+000  0.000000e+000  0.000000e+000  0.000000e+000  0.000000e+000  0.000000e+000  0.000000e+000  0.000000e+000  0.000000e+000  0.000000e+000  0.000000e+000  0.000000e+000  0.000000e+000  0.000000e+000  0.000000e+000  0.000000e+000  0.000000e+000  0.000000e+000  
0.000000e+000  0.000000e+000  0.000000e+000  0.000000e+000  0.000000e+000  0.000000e+000  0.000000e+000  0.000000e+000  0.000000e+000  0.000000e+000  0.000000e+000  0.000000e+000  0.000000e+000  0.000000e+000  0.000000e+000  0.000000e+000  0.000000e+000  0.000000e+000  0.000000e+000  0.000000e+000  0.000000e+000  0.000000e+000  0.000000e+000  
0.000000e+000  0.000000e+000  0.000000e+000  0.000000e+000  0.000000e+000  0.000000e+000  0.000000e+000  0.000000e+000  0.000000e+000  0.000000e+000  0.000000e+000  0.000000e+000  0.000000e+000  0.000000e+000  0.000000e+000  0.000000e+000  0.000000e+000  0.000000e+000  0.000000e+000  0.000000e+000  0.000000e+000  0.000000e+000  0.000000e+000  
0.000000e+000  0.000000e+000  0.000000e+000  0.000000e+000  0.000000e+000  0.000000e+000  0.000000e+000  0.000000e+000  0.000000e+000  0.000000e+000  0.000000e+000  0.000000e+000  0.000000e+000  0.000000e+000  0.000000e+000  0.000000e+000  0.000000e+000  0.000000e+000  0.000000e+000  0.000000e+000  0.000000e+000  0.000000e+000  0.000000e+000  
0.000000e+000  0.000000e+000  0.000000e+000  0.000000e+000  0.000000e+000  0.000000e+000  0.000000e+000  0.000000e+000  0.000000e+000  0.000000e+000  0.000000e+000  0.000000e+000  0.000000e+000  0.000000e+000  0.000000e+000  0.000000e+000  0.000000e+000  0.000000e+000  0.000000e+000  0.000000e+000  0.000000e+000  0.000000e+000  0.000000e+000  
0.000000e+000  0.000000e+000  0.000000e+000  0.000000e+000  0.000000e+000  0.000000e+000  0.000000e+000  0.000000e+000  0.000000e+000  0.000000e+000  0.000000e+000  0.000000e+000  0.000000e+000  0.000000e+000  0.000000e+000  0.000000e+000  0.000000e+000  0.000000e+000  0.000000e+000  0.000000e+000  0.000000e+000  0.000000e+000  0.000000e+000  
0.000000e+000  0.000000e+000  0.000000e+000  0.000000e+000  0.000000e+000  0.000000e+000  0.000000e+000  0.000000e+000  0.000000e+000  0.000000e+000  0.000000e+000  0.000000e+000  0.000000e+000  0.000000e+000  0.000000e+000  0.000000e+000  0.000000e+000  0.000000e+000  0.000000e+000  0.000000e+000  0.000000e+000  0.000000e+000  0.000000e+000  
0.000000e+000  0.000000e+000  0.000000e+000  0.000000e+000  0.000000e+000  0.000000e+000  0.000000e+000  0.000000e+000  0.000000e+000  0.000000e+000  0.000000e+000  0.000000e+000  0.000000e+000  0.000000e+000  0.000000e+000  0.000000e+000  0.000000e+000  0.000000e+000  0.000000e+000  0.000000e+000  0.000000e+000  0.000000e+000  0.000000e+000  
0.000000e+000  0.000000e+000  0.000000e+000  0.000000e+000  0.000000e+000  0.000000e+000  0.000000e+000  0.000000e+000  0.000000e+000  0.000000e+000  0.000000e+000  0.000000e+000  0.000000e+000  0.000000e+000  0.000000e+000  0.000000e+000  0.000000e+000  0.000000e+000  0.000000e+000  0.000000e+000  0.000000e+000  0.000000e+000  0.000000e+000  
0.000000e+000  0.000000e+000  0.000000e+000  0.000000e+000  0.000000e+000  0.000000e+000  0.000000e+000  0.000000e+000  0.000000e+000  0.000000e+000  0.000000e+000  0.000000e+000  0.000000e+000  0.000000e+000  0.000000e+000  0.000000e+000  0.000000e+000  0.000000e+000  0.000000e+000  0.000000e+000  0.000000e+000  0.000000e+000  0.000000e+000  
0.000000e+000  0.000000e+000  0.000000e+000  0.000000e+000  0.000000e+000  0.000000e+000  0.000000e+000  0.000000e+000  0.000000e+000  0.000000e+000  0.000000e+000  0.000000e+000  0.000000e+000  0.000000e+000  0.000000e+000  0.000000e+000  0.000000e+000  0.000000e+000  0.000000e+000  0.000000e+000  0.000000e+000  0.000000e+000  0.000000e+000  
0.000000e+000  0.000000e+000  0.000000e+000  0.000000e+000  0.000000e+000  0.000000e+000  0.000000e+000  0.000000e+000  0.000000e+000  0.000000e+000  0.000000e+000  0.000000e+000  0.000000e+000  0.000000e+000  0.000000e+000  0.000000e+000  0.000000e+000  0.000000e+000  0.000000e+000  0.000000e+000  0.000000e+000  0.000000e+000  0.000000e+000  
0.000000e+000  0.000000e+000  0.000000e+000  0.000000e+000  0.000000e+000  0.000000e+000  0.000000e+000  0.000000e+000  0.000000e+000  0.000000e+000  0.000000e+000  0.000000e+000  0.000000e+000  0.000000e+000  0.000000e+000  0.000000e+000  0.000000e+000  0.000000e+000  0.000000e+000  0.000000e+000  0.000000e+000  0.000000e+000  0.000000e+000  
0.000000e+000  0.000000e+000  0.000000e+000  0.000000e+000  0.000000e+000  0.000000e+000  0.000000e+000  0.000000e+000  0.000000e+000  0.000000e+000  0.000000e+000  0.000000e+000  0.000000e+000  0.000000e+000  0.000000e+000  0.000000e+000  0.000000e+000  0.000000e+000  0.000000e+000  0.000000e+000  0.000000e+000  0.000000e+000  0.000000e+000  
0.000000e+000  0.000000e+000  0.000000e+000  0.000000e+000  0.000000e+000  0.000000e+000  0.000000e+000  0.000000e+000  0.000000e+000  0.000000e+000  0.000000e+000  0.000000e+000  0.000000e+000  0.000000e+000  0.000000e+000  0.000000e+000  0.000000e+000  0.000000e+000  0.000000e+000  0.000000e+000  0.000000e+000  0.000000e+000  0.000000e+000  
0.000000e+000  0.000000e+000  0.000000e+000  0.000000e+000  0.000000e+000  0.000000e+000  0.000000e+000  0.000000e+000  0.000000e+000  0.000000e+000  0.000000e+000  0.000000e+000  0.000000e+000  0.000000e+000  0.000000e+000  0.000000e+000  0.000000e+000  0.000000e+000  0.000000e+000  0.000000e+000  0.000000e+000  0.000000e+000  0.000000e+000  
0.000000e+000  0.000000e+000  0.000000e+000  0.000000e+000  0.000000e+000  0.000000e+000  0.000000e+000  0.000000e+000  0.000000e+000  0.000000e+000  0.000000e+000  0.000000e+000  0.000000e+000  0.000000e+000  0.000000e+000  0.000000e+000  0.000000e+000  0.000000e+000  0.000000e+000  0.000000e+000  0.000000e+000  0.000000e+000  0.000000e+000  
0.000000e+000  0.000000e+000  0.000000e+000  0.000000e+000  0.000000e+000  0.000000e+000  0.000000e+000  0.000000e+000  0.000000e+000  0.000000e+000  0.000000e+000  0.000000e+000  0.000000e+000  0.000000e+000  0.000000e+000  0.000000e+000  0.000000e+000  0.000000e+000  0.000000e+000  0.000000e+000  0.000000e+000  0.000000e+000  0.000000e+000  
0.000000e+000  0.000000e+000  0.000000e+000  0.000000e+000  0.000000e+000  0.000000e+000  0.000000e+000  0.000000e+000  0.000000e+000  0.000000e+000  0.000000e+000  0.000000e+000  0.000000e+000  0.000000e+000  0.000000e+000  0.000000e+000  0.000000e+000  0.000000e+000  0.000000e+000  0.000000e+000  0.000000e+000  0.000000e+000  0.000000e+000  

-0.000000e+000  -0.000000e+000  -0.000000e+000  -0.000000e+000  -0.000000e+000  -0.000000e+000  -0.000000e+000  -0.000000e+000  -0.000000e+000  -0.000000e+000  -0.000000e+000  -0.000000e+000  -0.000000e+000  -0.000000e+000  -0.000000e+000  -0.000000e+000  -0.000000e+000  -0.000000e+000  -0.000000e+000  -0.000000e+000  -0.000000e+000  -0.000000e+000  -0.000000e+000  
-0.000000e+000  6.774387e+000  1.354939e+001  2.056143e+001  2.766821e+001  2.584074e+001  2.139503e+001  1.385827e+001  9.533265e+000  6.986544e+000  5.491625e+000  4.535679e+000  5.491617e+000  6.986530e+000  9.533243e+000  1.385824e+001  2.139497e+001  2.584067e+001  2.766813e+001  2.056137e+001  1.354935e+001  6.774367e+000  -0.000000e+000  
-0.000000e+000  1.354929e+001  2.686402e+001  3.186775e+001  2.485590e+001  2.171999e+001  1.836862e+001  1.486938e+001  1.195326e+001  9.765792e+000  8.271326e+000  7.159417e+000  8.271316e+000  9.765776e+000  1.195324e+001  1.486935e+001  1.836857e+001  2.171994e+001  2.485583e+001  3.186766e+001  2.686394e+001  1.354924e+001  -0.000000e+000  
-0.000000e+000  2.056099e+001  3.186746e+001  2.646209e+001  2.105654e+001  1.846087e+001  1.593340e+001  1.354787e+001  1.145849e+001  9.772908e+000  8.548227e+000  7.559258e+000  8.548219e+000  9.772894e+000  1.145847e+001  1.354784e+001  1.593336e+001  1.846082e+001  2.105649e+001  2.646202e+001  3.186736e+001  2.056093e+001  -0.000000e+000  
-0.000000e+000  2.766691e+001  2.485510e+001  2.105628e+001  1.697133e+001  1.492870e+001  1.293021e+001  1.104155e+001  9.348444e+000  7.936281e+000  6.877832e+000  5.981074e+000  6.877829e+000  7.936275e+000  9.348433e+000  1.104153e+001  1.293018e+001  1.492867e+001  1.697128e+001  2.105623e+001  2.485503e+001  2.766683e+001  -0.000000e+000  
-0.000000e+000  2.583844e+001  2.171893e+001  1.846058e+001  1.492878e+001  1.309636e+001  1.126379e+001  9.494998e+000  7.871967e+000  6.487359e+000  5.432532e+000  4.519387e+000  5.432532e+000  6.487359e+000  7.871962e+000  9.494986e+000  1.126377e+001  1.309634e+001  1.492875e+001  1.846053e+001  2.171887e+001  2.583836e+001  -0.000000e+000  
-0.000000e+000  2.139108e+001  1.836740e+001  1.593319e+001  1.293054e+001  1.126413e+001  9.533572e+000  7.802655e+000  6.157041e+000  4.708635e+000  3.588380e+000  2.601112e+000  3.588384e+000  4.708646e+000  6.157045e+000  7.802651e+000  9.533559e+000  1.126411e+001  1.293051e+001  1.593315e+001  1.836735e+001  2.139102e+001  -0.000000e+000  
-0.000000e+000  1.385613e+001  1.486845e+001  1.354786e+001  1.104230e+001  9.496032e+000  7.803675e+000  6.024986e+000  4.244886e+000  2.601748e+000  1.326469e+000  1.891950e-001  1.326475e+000  2.601780e+000  4.244904e+000  6.024989e+000  7.803667e+000  9.496015e+000  1.104228e+001  1.354782e+001  1.486841e+001  1.385610e+001  -0.000000e+000  
-0.000000e+000  9.532099e+000  1.195267e+001  1.145872e+001  9.349687e+000  7.873989e+000  6.160087e+000  4.248709e+000  2.195757e+000  1.269927e-001  -0.000000e+000  -0.000000e+000  -0.000000e+000  1.270878e-001  2.195787e+000  4.248716e+000  6.160082e+000  7.873976e+000  9.349667e+000  1.145869e+001  1.195264e+001  9.532073e+000  -0.000000e+000  
-0.000000e+000  6.985915e+000  9.765495e+000  9.773323e+000  7.937832e+000  6.490125e+000  4.713954e+000  2.613994e+000  1.624331e-001  -0.000000e+000  -0.000000e+000  -0.000000e+000  -0.000000e+000  -0.000000e+000  1.624331e-001  2.613994e+000  4.713948e+000  6.490114e+000  7.937815e+000  9.773299e+000  9.765470e+000  6.985896e+000  -0.000000e+000  
-0.000000e+000  5.491293e+000  8.271224e+000  8.548723e+000  6.879259e+000  5.434706e+000  3.591595e+000  1.330871e+000  -0.000000e+000  -0.000000e+000  -0.000000e+000  -0.000000e+000  -0.000000e+000  -0.000000e+000  -0.000000e+000  1.330869e+000  3.591589e+000  5.434696e+000  6.879245e+000  8.548702e+000  8.271203e+000  5.491278e+000  -0.000000e+000  
-0.000000e+000  4.535518e+000  7.159430e+000  7.559665e+000  5.981690e+000  4.519497e+000  2.599684e+000  1.839090e-001  -0.000000e+000  -0.000000e+000  -0.000000e+000  -0.000000e+000  -0.000000e+000  -0.000000e+000  -0.000000e+000  1.839091e-001  2.599680e+000  4.519488e+000  5.981677e+000  7.559647e+000  7.159412e+000  4.535506e+000  -0.000000e+000  
-0.000000e+000  5.491293e+000  8.271224e+000  8.548723e+000  6.879259e+000  5.434706e+000  3.591595e+000  1.330871e+000  -0.000000e+000  -0.000000e+000  -0.000000e+000  -0.000000e+000  -0.000000e+000  -0.000000e+000  -0.000000e+000  1.330869e+000  3.591589e+000  5.434696e+000  6.879245e+000  8.548702e+000  8.271203e+000  5.491278e+000  -0.000000e+000  
-0.000000e+000  6.985915e+000  9.765495e+000  9.773323e+000  7.937832e+000  6.490125e+000  4.713954e+000  2.613994e+000  1.624335e-001  -0.000000e+000  -0.000000e+000  -0.000000e+000  -0.000000e+000  -0.000000e+000  1.624332e-001  2.613994e+000  4.713948e+000  6.490114e+000  7.937815e+000  9.773299e+000  9.765470e+000  6.985896e+000  -0.000000e+000  
-0.000000e+000  9.532099e+000  1.195267e+001  1.145872e+001  9.349687e+000  7.873989e+000  6.160087e+000  4.248709e+000  2.195757e+000  1.269928e-001  -0.000000e+000  -0.000000e+000  -0.000000e+000  1.270878e-001  2.195787e+000  4.248716e+000  6.160082e+000  7.873976e+000  9.349667e+000  1.145869e+001  1.195264e+001  9.532073e+000  -0.000000e+000  
-0.000000e+000  1.385613e+001  1.486845e+001  1.354786e+001  1.104230e+001  9.496032e+000  7.803675e+000  6.024986e+000  4.244886e+000  2.601748e+000  1.326469e+000  1.891948e-001  1.326475e+000  2.601780e+000  4.244904e+000  6.024989e+000  7.803667e+000  9.496015e+000  1.104228e+001  1.354782e+001  1.486841e+001  1.385610e+001  -0.000000e+000  
-0.000000e+000  2.139108e+001  1.836740e+001  1.593319e+001  1.293054e+001  1.126413e+001  9.533572e+000  7.802655e+000  6.157041e+000  4.708635e+000  3.588380e+000  2.601112e+000  3.588384e+000  4.708646e+000  6.157045e+000  7.802651e+000  9.533559e+000  1.126411e+001  1.293051e+001  1.593315e+001  1.836735e+001  2.139102e+001  -0.000000e+000  
-0.000000e+000  2.583844e+001  2.171893e+001  1.846058e+001  1.492878e+001  1.309636e+001  1.126379e+001  9.494998e+000  7.871967e+000  6.487359e+000  5.432532e+000  4.519387e+000  5.432532e+000  6.487359e+000  7.871962e+000  9.494986e+000  1.126377e+001  1.309634e+001  1.492875e+001  1.846053e+001  2.171887e+001  2.583836e+001  -0.000000e+000  
-0.000000e+000  2.766691e+001  2.485510e+001  2.105628e+001  1.697133e+001  1.492870e+001  1.293021e+001  1.104155e+001  9.348444e+000  7.936281e+000  6.877832e+000  5.981074e+000  6.877829e+000  7.936275e+000  9.348433e+000  1.104153e+001  1.293018e+001  1.492867e+001  1.697128e+001  2.105623e+001  2.485503e+001  2.766683e+001  -0.000000e+000  
-0.000000e+000  2.056099e+001  3.186746e+001  2.646209e+001  2.105654e+001  1.846087e+001  1.593340e+001  1.354787e+001  1.145849e+001  9.772908e+000  8.548227e+000  7.559258e+000  8.548219e+000  9.772894e+000  1.145847e+001  1.354784e+001  1.593336e+001  1.846082e+001  2.105649e+001  2.646202e+001  3.186736e+001  2.056093e+001  -0.000000e+000  
-0.000000e+000  1.354929e+001  2.686402e+001  3.186775e+001  2.485590e+001  2.171999e+001  1.836862e+001  1.486938e+001  1.195326e+001  9.765792e+000  8.271326e+000  7.159417e+000  8.271316e+000  9.765776e+000  1.195324e+001  1.486935e+001  1.836857e+001  2.171994e+001  2.485583e+001  3.186766e+001  2.686394e+001  1.354924e+001  -0.000000e+000  
-0.000000e+000  6.774387e+000  1.354939e+001  2.056143e+001  2.766821e+001  2.584074e+001  2.139503e+001  1.385827e+001  9.533265e+000  6.986544e+000  5.491625e+000  4.535679e+000  5.491617e+000  6.986530e+000  9.533243e+000  1.385824e+001  2.139497e+001  2.584067e+001  2.766813e+001  2.056137e+001  1.354935e+001  6.774367e+000  -0.000000e+000  
-0.000000e+000  -0.000000e+000  -0.000000e+000  -0.000000e+000  -0.000000e+000  -0.000000e+000  -0.000000e+000  -0.000000e+000  -0.000000e+000  -0.000000e+000  -0.000000e+000  -0.000000e+000  -0.000000e+000  -0.000000e+000  -0.000000e+000  -0.000000e+000  -0.000000e+000  -0.000000e+000  -0.000000e+000  -0.000000e+000  -0.000000e+000  -0.000000e+000  -0.000000e+000  

