Port monitor named: Port1_h1[2.5].prt

nx        = 58
ny        = 33
nz        = 24

nu        = 5
nv        = 5
iu        = 11
iv        = 15

idir      = 2
dcut      = 2.505000e-002
icut      = 24
type      = 1
frequency = 2.500000e+009

fcutoff   = 0.000000e+000
alpha     = 0.000000e+000
beta      = 7.339774e+001
accuracy  = 4.101804e-015

type          = TEM
wave imp.     = 2.655783e+002
wave imp.sig. = 9.545657e-006
line imp.     = 5.425755e+001

ref. port     = 0

0.000000e+000  7.883782e+000  1.576993e+001  7.883782e+000  0.000000e+000  
0.000000e+000  7.885082e+000  3.154108e+001  7.885082e+000  0.000000e+000  
0.000000e+000  -7.885082e+000  -3.154108e+001  -7.885082e+000  0.000000e+000  
0.000000e+000  -7.883782e+000  -1.576993e+001  -7.883782e+000  0.000000e+000  
0.000000e+000  0.000000e+000  0.000000e+000  0.000000e+000  0.000000e+000  

0.000000e+000  0.000000e+000  0.000000e+000  0.000000e+000  0.000000e+000  
-7.883781e+000  -7.885082e+000  7.885080e+000  7.883777e+000  0.000000e+000  
-1.576992e+001  -3.154108e+001  3.154108e+001  1.576992e+001  0.000000e+000  
-7.883777e+000  -7.885080e+000  7.885082e+000  7.883781e+000  0.000000e+000  
0.000000e+000  0.000000e+000  0.000000e+000  0.000000e+000  0.000000e+000  

0.000000e+000  0.000000e+000  0.000000e+000  0.000000e+000  0.000000e+000  
0.000000e+000  0.000000e+000  0.000000e+000  0.000000e+000  0.000000e+000  
0.000000e+000  0.000000e+000  0.000000e+000  0.000000e+000  0.000000e+000  
0.000000e+000  0.000000e+000  0.000000e+000  0.000000e+000  0.000000e+000  
0.000000e+000  0.000000e+000  0.000000e+000  0.000000e+000  0.000000e+000  

0.000000e+000  0.000000e+000  0.000000e+000  0.000000e+000  0.000000e+000  
0.000000e+000  0.000000e+000  0.000000e+000  0.000000e+000  0.000000e+000  
0.000000e+000  0.000000e+000  0.000000e+000  0.000000e+000  0.000000e+000  
0.000000e+000  0.000000e+000  0.000000e+000  0.000000e+000  0.000000e+000  
0.000000e+000  0.000000e+000  0.000000e+000  0.000000e+000  0.000000e+000  

0.000000e+000  0.000000e+000  0.000000e+000  0.000000e+000  0.000000e+000  
0.000000e+000  0.000000e+000  0.000000e+000  0.000000e+000  0.000000e+000  
0.000000e+000  0.000000e+000  0.000000e+000  0.000000e+000  0.000000e+000  
0.000000e+000  0.000000e+000  0.000000e+000  0.000000e+000  0.000000e+000  
0.000000e+000  0.000000e+000  0.000000e+000  0.000000e+000  0.000000e+000  

1.045201e-005  1.407367e-002  -1.409322e-002  -6.686665e-005  0.000000e+000  
-1.405276e-002  1.047881e-005  1.040467e-005  1.411408e-002  0.000000e+000  
1.411408e-002  1.040467e-005  1.047880e-005  -1.405276e-002  0.000000e+000  
-6.686665e-005  -1.409322e-002  1.407367e-002  1.045201e-005  0.000000e+000  
0.000000e+000  0.000000e+000  0.000000e+000  0.000000e+000  0.000000e+000  

