Port monitor named: Port1_e1[2.5].prt

nx        = 25
ny        = 25
nz        = 3

nu        = 23
nv        = 23
iu        = 2
iv        = 2

idir      = 2
dcut      = 2.505000e-002
icut      = 3
type      = 0
frequency = 2.500000e+009

fcutoff   = 0.000000e+000
alpha     = 0.000000e+000
beta      = 7.257378e+001
accuracy  = 4.497460e-012

type          = QTEM
wave imp.     = 2.634476e+002
wave imp.sig. = 4.425724e-003
line imp.     = 5.425750e+001

ref. port     = 0

-0.000000e+000  -0.000000e+000  -0.000000e+000  -0.000000e+000  -0.000000e+000  -0.000000e+000  -0.000000e+000  -0.000000e+000  -0.000000e+000  -0.000000e+000  -0.000000e+000  -0.000000e+000  -0.000000e+000  -0.000000e+000  -0.000000e+000  -0.000000e+000  -0.000000e+000  -0.000000e+000  -0.000000e+000  -0.000000e+000  -0.000000e+000  -0.000000e+000  -0.000000e+000  
-9.725209e+002  -9.725818e+002  -9.802584e+002  -9.650985e+002  -3.511386e+002  -3.538086e+001  3.424821e+002  5.839459e+001  -5.906496e+001  -8.662537e+001  -5.315966e+001  5.315505e+001  8.662157e+001  5.906176e+001  -5.839733e+001  -3.424849e+002  3.537958e+001  3.511387e+002  9.651010e+002  9.802613e+002  9.725848e+002  9.725239e+002  -0.000000e+000  
-1.945143e+003  -1.937710e+003  -1.492568e+003  -8.228594e+002  -7.993118e+002  -7.123747e+002  -6.066041e+002  -5.497235e+002  -4.777257e+002  -3.727332e+002  -1.680124e+002  1.680021e+002  3.727253e+002  4.777199e+002  5.497199e+002  6.066025e+002  7.123748e+002  7.993131e+002  8.228616e+002  1.492573e+003  1.937716e+003  1.945149e+003  -0.000000e+000  
-2.925523e+003  -2.450101e+003  -1.581223e+003  -1.581457e+003  -1.532430e+003  -1.464694e+003  -1.360123e+003  -1.218303e+003  -1.028359e+003  -7.847884e+002  -3.459166e+002  3.458974e+002  7.847744e+002  1.028351e+003  1.218300e+003  1.360123e+003  1.464697e+003  1.532435e+003  1.581462e+003  1.581228e+003  2.450109e+003  2.925532e+003  -0.000000e+000  
-3.890859e+003  -2.308074e+003  -2.339913e+003  -2.405637e+003  -2.405736e+003  -2.364335e+003  -2.262615e+003  -2.079368e+003  -1.793488e+003  -1.392874e+003  -6.304680e+002  6.304330e+002  1.392847e+003  1.793476e+003  2.079370e+003  2.262624e+003  2.364347e+003  2.405747e+003  2.405647e+003  2.339921e+003  2.308081e+003  3.890871e+003  -0.000000e+000  
-4.066598e+003  -2.532282e+003  -2.706540e+003  -2.842312e+003  -2.904577e+003  -2.904624e+003  -2.836140e+003  -2.663841e+003  -2.348145e+003  -1.858396e+003  -8.643753e+002  8.643286e+002  1.858347e+003  2.348135e+003  2.663854e+003  2.836160e+003  2.904643e+003  2.904594e+003  2.842325e+003  2.706549e+003  2.532290e+003  4.066610e+003  -0.000000e+000  
-4.084507e+003  -2.870918e+003  -3.082779e+003  -3.292168e+003  -3.444873e+003  -3.513434e+003  -3.513473e+003  -3.391700e+003  -3.076849e+003  -2.496844e+003  -1.199116e+003  1.199058e+003  2.496731e+003  3.076856e+003  3.391741e+003  3.513511e+003  3.513463e+003  3.444895e+003  3.292182e+003  3.082790e+003  2.870926e+003  4.084519e+003  -0.000000e+000  
-3.913547e+003  -3.345613e+003  -3.459628e+003  -3.743458e+003  -4.018401e+003  -4.190755e+003  -4.312606e+003  -4.312629e+003  -4.070695e+003  -3.420433e+003  -1.700819e+003  1.700770e+003  3.420099e+003  4.070808e+003  4.312732e+003  4.312669e+003  4.190793e+003  4.018426e+003  3.743473e+003  3.459639e+003  3.345622e+003  3.913557e+003  -0.000000e+000  
-3.884558e+003  -3.649810e+003  -3.794012e+003  -4.174045e+003  -4.602860e+003  -4.918565e+003  -5.233555e+003  -5.475499e+003  -5.472859e+003  -5.378089e+003  -0.000000e+000  -0.000000e+000  5.392697e+003  5.473534e+003  5.475695e+003  5.233627e+003  4.918600e+003  4.602881e+003  4.174058e+003  3.794022e+003  3.649819e+003  3.884568e+003  -0.000000e+000  
-3.914243e+003  -3.859258e+003  -4.069427e+003  -4.556690e+003  -5.157475e+003  -5.647074e+003  -6.227533e+003  -6.882938e+003  -7.179534e+003  -0.000000e+000  -0.000000e+000  -0.000000e+000  -0.000000e+000  7.179268e+003  6.882870e+003  6.227529e+003  5.647082e+003  5.157485e+003  4.556699e+003  4.069436e+003  3.859267e+003  3.914253e+003  -0.000000e+000  
-3.957663e+003  -4.002405e+003  -4.275555e+003  -4.860875e+003  -5.622998e+003  -6.284706e+003  -7.146544e+003  -8.282111e+003  -0.000000e+000  -0.000000e+000  -0.000000e+000  -0.000000e+000  -0.000000e+000  -0.000000e+000  8.282053e+003  7.146518e+003  6.284697e+003  5.622998e+003  4.860880e+003  4.275563e+003  4.002413e+003  3.957673e+003  -0.000000e+000  
-4.010910e+003  -4.117354e+003  -4.453646e+003  -5.146064e+003  -6.093114e+003  -6.959520e+003  -8.163312e+003  -9.875461e+003  -0.000000e+000  -0.000000e+000  -0.000000e+000  -0.000000e+000  -0.000000e+000  -0.000000e+000  9.875421e+003  8.163284e+003  6.959505e+003  6.093108e+003  5.146067e+003  4.453653e+003  4.117363e+003  4.010919e+003  -0.000000e+000  
-3.957663e+003  -4.002405e+003  -4.275555e+003  -4.860875e+003  -5.622998e+003  -6.284706e+003  -7.146544e+003  -8.282111e+003  -0.000000e+000  -0.000000e+000  -0.000000e+000  -0.000000e+000  -0.000000e+000  -0.000000e+000  8.282053e+003  7.146518e+003  6.284697e+003  5.622998e+003  4.860880e+003  4.275563e+003  4.002413e+003  3.957673e+003  -0.000000e+000  
-3.914243e+003  -3.859258e+003  -4.069427e+003  -4.556690e+003  -5.157475e+003  -5.647074e+003  -6.227533e+003  -6.882938e+003  -7.179534e+003  -0.000000e+000  -0.000000e+000  -0.000000e+000  -0.000000e+000  7.179268e+003  6.882870e+003  6.227529e+003  5.647082e+003  5.157485e+003  4.556699e+003  4.069436e+003  3.859267e+003  3.914253e+003  -0.000000e+000  
-3.884558e+003  -3.649810e+003  -3.794012e+003  -4.174045e+003  -4.602860e+003  -4.918565e+003  -5.233555e+003  -5.475499e+003  -5.472859e+003  -5.378089e+003  -0.000000e+000  -0.000000e+000  5.392697e+003  5.473534e+003  5.475695e+003  5.233627e+003  4.918600e+003  4.602881e+003  4.174058e+003  3.794022e+003  3.649819e+003  3.884568e+003  -0.000000e+000  
-3.913547e+003  -3.345613e+003  -3.459628e+003  -3.743458e+003  -4.018401e+003  -4.190755e+003  -4.312606e+003  -4.312629e+003  -4.070695e+003  -3.420433e+003  -1.700819e+003  1.700770e+003  3.420099e+003  4.070808e+003  4.312732e+003  4.312669e+003  4.190793e+003  4.018426e+003  3.743473e+003  3.459639e+003  3.345622e+003  3.913557e+003  -0.000000e+000  
-4.084507e+003  -2.870918e+003  -3.082779e+003  -3.292168e+003  -3.444873e+003  -3.513434e+003  -3.513473e+003  -3.391700e+003  -3.076849e+003  -2.496844e+003  -1.199116e+003  1.199058e+003  2.496731e+003  3.076856e+003  3.391741e+003  3.513511e+003  3.513463e+003  3.444895e+003  3.292182e+003  3.082790e+003  2.870926e+003  4.084519e+003  -0.000000e+000  
-4.066598e+003  -2.532282e+003  -2.706540e+003  -2.842312e+003  -2.904577e+003  -2.904624e+003  -2.836140e+003  -2.663841e+003  -2.348145e+003  -1.858396e+003  -8.643753e+002  8.643286e+002  1.858347e+003  2.348135e+003  2.663854e+003  2.836160e+003  2.904643e+003  2.904594e+003  2.842325e+003  2.706549e+003  2.532290e+003  4.066610e+003  -0.000000e+000  
-3.890859e+003  -2.308074e+003  -2.339913e+003  -2.405637e+003  -2.405736e+003  -2.364335e+003  -2.262615e+003  -2.079368e+003  -1.793488e+003  -1.392874e+003  -6.304680e+002  6.304330e+002  1.392847e+003  1.793476e+003  2.079370e+003  2.262624e+003  2.364347e+003  2.405747e+003  2.405647e+003  2.339921e+003  2.308081e+003  3.890871e+003  -0.000000e+000  
-2.925523e+003  -2.450101e+003  -1.581223e+003  -1.581457e+003  -1.532430e+003  -1.464694e+003  -1.360123e+003  -1.218303e+003  -1.028359e+003  -7.847884e+002  -3.459166e+002  3.458974e+002  7.847744e+002  1.028351e+003  1.218300e+003  1.360123e+003  1.464697e+003  1.532435e+003  1.581462e+003  1.581228e+003  2.450109e+003  2.925532e+003  -0.000000e+000  
-1.945143e+003  -1.937710e+003  -1.492568e+003  -8.228594e+002  -7.993119e+002  -7.123747e+002  -6.066041e+002  -5.497235e+002  -4.777257e+002  -3.727332e+002  -1.680124e+002  1.680021e+002  3.727253e+002  4.777199e+002  5.497199e+002  6.066025e+002  7.123748e+002  7.993131e+002  8.228616e+002  1.492573e+003  1.937716e+003  1.945149e+003  -0.000000e+000  
-9.725209e+002  -9.725818e+002  -9.802584e+002  -9.650985e+002  -3.511386e+002  -3.538086e+001  3.424821e+002  5.839459e+001  -5.906496e+001  -8.662537e+001  -5.315966e+001  5.315505e+001  8.662157e+001  5.906176e+001  -5.839733e+001  -3.424849e+002  3.537958e+001  3.511387e+002  9.651010e+002  9.802613e+002  9.725848e+002  9.725239e+002  -0.000000e+000  
-0.000000e+000  -0.000000e+000  -0.000000e+000  -0.000000e+000  -0.000000e+000  -0.000000e+000  -0.000000e+000  -0.000000e+000  -0.000000e+000  -0.000000e+000  -0.000000e+000  -0.000000e+000  -0.000000e+000  -0.000000e+000  -0.000000e+000  -0.000000e+000  -0.000000e+000  -0.000000e+000  -0.000000e+000  -0.000000e+000  -0.000000e+000  -0.000000e+000  -0.000000e+000  

-0.000000e+000  -9.725209e+002  -1.945138e+003  -2.925504e+003  -3.890814e+003  -4.066539e+003  -4.084434e+003  -3.913462e+003  -3.884456e+003  -3.914124e+003  -3.957528e+003  -4.010755e+003  -3.957532e+003  -3.914131e+003  -3.884465e+003  -3.913471e+003  -4.084445e+003  -4.066550e+003  -3.890826e+003  -2.925513e+003  -1.945144e+003  -9.725239e+002  -0.000000e+000  
-0.000000e+000  -9.725864e+002  -1.937715e+003  -2.450099e+003  -2.308062e+003  -2.532258e+003  -2.870876e+003  -3.345545e+003  -3.649715e+003  -3.859134e+003  -4.002251e+003  -4.117154e+003  -4.002257e+003  -3.859142e+003  -3.649724e+003  -3.345555e+003  -2.870885e+003  -2.532266e+003  -2.308069e+003  -2.450107e+003  -1.937721e+003  -9.725894e+002  -0.000000e+000  
-0.000000e+000  -9.802722e+002  -1.492589e+003  -1.581244e+003  -2.339922e+003  -2.706538e+003  -3.082760e+003  -3.459584e+003  -3.793934e+003  -4.069301e+003  -4.275367e+003  -4.453302e+003  -4.275375e+003  -4.069313e+003  -3.793947e+003  -3.459597e+003  -3.082772e+003  -2.706548e+003  -2.339931e+003  -1.581249e+003  -1.492593e+003  -9.802752e+002  -0.000000e+000  
-0.000000e+000  -9.651249e+002  -8.228955e+002  -1.581504e+003  -2.405684e+003  -2.842354e+003  -3.292200e+003  -3.743475e+003  -4.174036e+003  -4.556626e+003  -4.860689e+003  -5.145257e+003  -4.860704e+003  -4.556648e+003  -4.174060e+003  -3.743496e+003  -3.292217e+003  -2.842368e+003  -2.405694e+003  -1.581509e+003  -8.228977e+002  -9.651275e+002  -0.000000e+000  
-0.000000e+000  -3.511673e+002  -7.993643e+002  -1.532506e+003  -2.405823e+003  -2.904664e+003  -3.444961e+003  -4.018499e+003  -4.602987e+003  -5.157658e+003  -5.623191e+003  -6.091017e+003  -5.623215e+003  -5.157703e+003  -4.603031e+003  -4.018532e+003  -3.444983e+003  -2.904678e+003  -2.405831e+003  -1.532510e+003  -7.993657e+002  -3.511678e+002  -0.000000e+000  
-0.000000e+000  -3.540890e+001  -7.124381e+002  -1.464792e+003  -2.364452e+003  -2.904740e+003  -3.513550e+003  -4.190888e+003  -4.918755e+003  -5.647467e+003  -6.285923e+003  -6.955411e+003  -6.285944e+003  -5.647552e+003  -4.918822e+003  -4.190927e+003  -3.513571e+003  -2.904751e+003  -2.364458e+003  -1.464794e+003  -7.124387e+002  -3.540821e+001  -0.000000e+000  
-0.000000e+000  3.424587e+002  -6.066787e+002  -1.360246e+003  -2.262769e+003  -2.836284e+003  -3.513600e+003  -4.312733e+003  -5.233664e+003  -6.227516e+003  -7.151109e+003  -8.154522e+003  -7.151093e+003  -6.227721e+003  -5.233764e+003  -4.312770e+003  -3.513612e+003  -2.836288e+003  -2.262770e+003  -1.360246e+003  -6.066783e+002  3.424606e+002  -0.000000e+000  
-0.000000e+000  5.836232e+001  -5.498097e+002  -1.218458e+003  -2.079576e+003  -2.664019e+003  -3.391821e+003  -4.312767e+003  -5.475637e+003  -6.877803e+003  -8.297530e+003  -9.855318e+003  -8.297325e+003  -6.878455e+003  -5.475727e+003  -4.312764e+003  -3.391809e+003  -2.664010e+003  -2.079570e+003  -1.218456e+003  -5.498086e+002  5.836354e+001  -0.000000e+000  
-0.000000e+000  -5.910064e+001  -4.778200e+002  -1.028548e+003  -1.793787e+003  -2.348388e+003  -3.076889e+003  -4.070862e+003  -5.478299e+003  -7.159786e+003  -0.000000e+000  -0.000000e+000  -0.000000e+000  -7.146150e+003  -5.477909e+003  -4.070736e+003  -3.076839e+003  -2.348365e+003  -1.793776e+003  -1.028545e+003  -4.778185e+002  -5.909973e+001  -0.000000e+000  
-0.000000e+000  -8.665875e+001  -3.728264e+002  -7.850081e+002  -1.393338e+003  -1.858849e+003  -2.496474e+003  -3.415480e+003  -5.278106e+003  -0.000000e+000  -0.000000e+000  -0.000000e+000  -0.000000e+000  -0.000000e+000  -5.277910e+003  -3.415420e+003  -2.496436e+003  -1.858828e+003  -1.393326e+003  -7.850043e+002  -3.728250e+002  -8.665806e+001  -0.000000e+000  
-0.000000e+000  -5.317965e+001  -1.680791e+002  -3.461385e+002  -6.313108e+002  -8.663637e+002  -1.203767e+003  -1.712148e+003  -0.000000e+000  -0.000000e+000  -0.000000e+000  -0.000000e+000  -0.000000e+000  -0.000000e+000  -0.000000e+000  -1.712135e+003  -1.203755e+003  -8.663549e+002  -6.313052e+002  -3.461363e+002  -1.680783e+002  -5.317932e+001  -0.000000e+000  
-0.000000e+000  5.317965e+001  1.680791e+002  3.461385e+002  6.313108e+002  8.663637e+002  1.203767e+003  1.712148e+003  -0.000000e+000  -0.000000e+000  -0.000000e+000  -0.000000e+000  -0.000000e+000  -0.000000e+000  -0.000000e+000  1.712135e+003  1.203755e+003  8.663549e+002  6.313052e+002  3.461363e+002  1.680783e+002  5.317932e+001  -0.000000e+000  
-0.000000e+000  8.665875e+001  3.728264e+002  7.850081e+002  1.393338e+003  1.858849e+003  2.496474e+003  3.415480e+003  5.278106e+003  -0.000000e+000  -0.000000e+000  -0.000000e+000  -0.000000e+000  -0.000000e+000  5.277910e+003  3.415420e+003  2.496436e+003  1.858828e+003  1.393326e+003  7.850043e+002  3.728250e+002  8.665806e+001  -0.000000e+000  
-0.000000e+000  5.910064e+001  4.778200e+002  1.028548e+003  1.793787e+003  2.348388e+003  3.076889e+003  4.070862e+003  5.478299e+003  7.159786e+003  -0.000000e+000  -0.000000e+000  -0.000000e+000  7.146150e+003  5.477909e+003  4.070736e+003  3.076839e+003  2.348365e+003  1.793776e+003  1.028545e+003  4.778185e+002  5.909973e+001  -0.000000e+000  
-0.000000e+000  -5.836232e+001  5.498097e+002  1.218458e+003  2.079576e+003  2.664019e+003  3.391821e+003  4.312767e+003  5.475637e+003  6.877803e+003  8.297530e+003  9.855318e+003  8.297325e+003  6.878455e+003  5.475727e+003  4.312764e+003  3.391809e+003  2.664010e+003  2.079570e+003  1.218456e+003  5.498086e+002  -5.836354e+001  -0.000000e+000  
-0.000000e+000  -3.424587e+002  6.066787e+002  1.360246e+003  2.262769e+003  2.836284e+003  3.513600e+003  4.312733e+003  5.233664e+003  6.227516e+003  7.151109e+003  8.154522e+003  7.151093e+003  6.227721e+003  5.233764e+003  4.312770e+003  3.513612e+003  2.836288e+003  2.262770e+003  1.360246e+003  6.066783e+002  -3.424606e+002  -0.000000e+000  
-0.000000e+000  3.540890e+001  7.124381e+002  1.464792e+003  2.364452e+003  2.904740e+003  3.513550e+003  4.190888e+003  4.918755e+003  5.647467e+003  6.285923e+003  6.955411e+003  6.285944e+003  5.647552e+003  4.918822e+003  4.190927e+003  3.513571e+003  2.904751e+003  2.364458e+003  1.464794e+003  7.124387e+002  3.540821e+001  -0.000000e+000  
-0.000000e+000  3.511673e+002  7.993643e+002  1.532506e+003  2.405823e+003  2.904664e+003  3.444961e+003  4.018499e+003  4.602987e+003  5.157658e+003  5.623191e+003  6.091017e+003  5.623215e+003  5.157703e+003  4.603031e+003  4.018532e+003  3.444983e+003  2.904678e+003  2.405831e+003  1.532510e+003  7.993657e+002  3.511678e+002  -0.000000e+000  
-0.000000e+000  9.651249e+002  8.228955e+002  1.581504e+003  2.405684e+003  2.842354e+003  3.292200e+003  3.743475e+003  4.174036e+003  4.556626e+003  4.860689e+003  5.145257e+003  4.860704e+003  4.556648e+003  4.174060e+003  3.743496e+003  3.292217e+003  2.842368e+003  2.405694e+003  1.581509e+003  8.228977e+002  9.651275e+002  -0.000000e+000  
-0.000000e+000  9.802722e+002  1.492589e+003  1.581244e+003  2.339922e+003  2.706538e+003  3.082760e+003  3.459584e+003  3.793934e+003  4.069301e+003  4.275367e+003  4.453302e+003  4.275375e+003  4.069313e+003  3.793947e+003  3.459597e+003  3.082772e+003  2.706548e+003  2.339931e+003  1.581249e+003  1.492593e+003  9.802751e+002  -0.000000e+000  
-0.000000e+000  9.725864e+002  1.937715e+003  2.450099e+003  2.308062e+003  2.532258e+003  2.870876e+003  3.345545e+003  3.649715e+003  3.859134e+003  4.002251e+003  4.117154e+003  4.002257e+003  3.859142e+003  3.649724e+003  3.345555e+003  2.870885e+003  2.532266e+003  2.308069e+003  2.450107e+003  1.937721e+003  9.725894e+002  -0.000000e+000  
-0.000000e+000  9.725209e+002  1.945138e+003  2.925504e+003  3.890814e+003  4.066539e+003  4.084434e+003  3.913462e+003  3.884456e+003  3.914124e+003  3.957528e+003  4.010755e+003  3.957532e+003  3.914131e+003  3.884465e+003  3.913471e+003  4.084445e+003  4.066550e+003  3.890826e+003  2.925513e+003  1.945144e+003  9.725239e+002  -0.000000e+000  
-0.000000e+000  -0.000000e+000  -0.000000e+000  -0.000000e+000  -0.000000e+000  -0.000000e+000  -0.000000e+000  -0.000000e+000  -0.000000e+000  -0.000000e+000  -0.000000e+000  -0.000000e+000  -0.000000e+000  -0.000000e+000  -0.000000e+000  -0.000000e+000  -0.000000e+000  -0.000000e+000  -0.000000e+000  -0.000000e+000  -0.000000e+000  -0.000000e+000  -0.000000e+000  

0.000000e+000  0.000000e+000  0.000000e+000  0.000000e+000  0.000000e+000  0.000000e+000  0.000000e+000  0.000000e+000  0.000000e+000  0.000000e+000  0.000000e+000  0.000000e+000  0.000000e+000  0.000000e+000  0.000000e+000  0.000000e+000  0.000000e+000  0.000000e+000  0.000000e+000  0.000000e+000  0.000000e+000  0.000000e+000  0.000000e+000  
0.000000e+000  0.000000e+000  0.000000e+000  0.000000e+000  0.000000e+000  0.000000e+000  0.000000e+000  0.000000e+000  0.000000e+000  0.000000e+000  0.000000e+000  0.000000e+000  0.000000e+000  0.000000e+000  0.000000e+000  0.000000e+000  0.000000e+000  0.000000e+000  0.000000e+000  0.000000e+000  0.000000e+000  0.000000e+000  0.000000e+000  
0.000000e+000  0.000000e+000  0.000000e+000  0.000000e+000  0.000000e+000  0.000000e+000  0.000000e+000  0.000000e+000  0.000000e+000  0.000000e+000  0.000000e+000  0.000000e+000  0.000000e+000  0.000000e+000  0.000000e+000  0.000000e+000  0.000000e+000  0.000000e+000  0.000000e+000  0.000000e+000  0.000000e+000  0.000000e+000  0.000000e+000  
0.000000e+000  0.000000e+000  0.000000e+000  0.000000e+000  0.000000e+000  0.000000e+000  0.000000e+000  0.000000e+000  0.000000e+000  0.000000e+000  0.000000e+000  0.000000e+000  0.000000e+000  0.000000e+000  0.000000e+000  0.000000e+000  0.000000e+000  0.000000e+000  0.000000e+000  0.000000e+000  0.000000e+000  0.000000e+000  0.000000e+000  
0.000000e+000  0.000000e+000  0.000000e+000  0.000000e+000  0.000000e+000  0.000000e+000  0.000000e+000  0.000000e+000  0.000000e+000  0.000000e+000  0.000000e+000  0.000000e+000  0.000000e+000  0.000000e+000  0.000000e+000  0.000000e+000  0.000000e+000  0.000000e+000  0.000000e+000  0.000000e+000  0.000000e+000  0.000000e+000  0.000000e+000  
0.000000e+000  0.000000e+000  0.000000e+000  0.000000e+000  0.000000e+000  0.000000e+000  0.000000e+000  0.000000e+000  0.000000e+000  0.000000e+000  0.000000e+000  0.000000e+000  0.000000e+000  0.000000e+000  0.000000e+000  0.000000e+000  0.000000e+000  0.000000e+000  0.000000e+000  0.000000e+000  0.000000e+000  0.000000e+000  0.000000e+000  
0.000000e+000  0.000000e+000  0.000000e+000  0.000000e+000  0.000000e+000  0.000000e+000  0.000000e+000  0.000000e+000  0.000000e+000  0.000000e+000  0.000000e+000  0.000000e+000  0.000000e+000  0.000000e+000  0.000000e+000  0.000000e+000  0.000000e+000  0.000000e+000  0.000000e+000  0.000000e+000  0.000000e+000  0.000000e+000  0.000000e+000  
0.000000e+000  0.000000e+000  0.000000e+000  0.000000e+000  0.000000e+000  0.000000e+000  0.000000e+000  0.000000e+000  0.000000e+000  0.000000e+000  0.000000e+000  0.000000e+000  0.000000e+000  0.000000e+000  0.000000e+000  0.000000e+000  0.000000e+000  0.000000e+000  0.000000e+000  0.000000e+000  0.000000e+000  0.000000e+000  0.000000e+000  
0.000000e+000  0.000000e+000  0.000000e+000  0.000000e+000  0.000000e+000  0.000000e+000  0.000000e+000  0.000000e+000  0.000000e+000  0.000000e+000  0.000000e+000  0.000000e+000  0.000000e+000  0.000000e+000  0.000000e+000  0.000000e+000  0.000000e+000  0.000000e+000  0.000000e+000  0.000000e+000  0.000000e+000  0.000000e+000  0.000000e+000  
0.000000e+000  0.000000e+000  0.000000e+000  0.000000e+000  0.000000e+000  0.000000e+000  0.000000e+000  0.000000e+000  0.000000e+000  0.000000e+000  0.000000e+000  0.000000e+000  0.000000e+000  0.000000e+000  0.000000e+000  0.000000e+000  0.000000e+000  0.000000e+000  0.000000e+000  0.000000e+000  0.000000e+000  0.000000e+000  0.000000e+000  
0.000000e+000  0.000000e+000  0.000000e+000  0.000000e+000  0.000000e+000  0.000000e+000  0.000000e+000  0.000000e+000  0.000000e+000  0.000000e+000  0.000000e+000  0.000000e+000  0.000000e+000  0.000000e+000  0.000000e+000  0.000000e+000  0.000000e+000  0.000000e+000  0.000000e+000  0.000000e+000  0.000000e+000  0.000000e+000  0.000000e+000  
0.000000e+000  0.000000e+000  0.000000e+000  0.000000e+000  0.000000e+000  0.000000e+000  0.000000e+000  0.000000e+000  0.000000e+000  0.000000e+000  0.000000e+000  0.000000e+000  0.000000e+000  0.000000e+000  0.000000e+000  0.000000e+000  0.000000e+000  0.000000e+000  0.000000e+000  0.000000e+000  0.000000e+000  0.000000e+000  0.000000e+000  
0.000000e+000  0.000000e+000  0.000000e+000  0.000000e+000  0.000000e+000  0.000000e+000  0.000000e+000  0.000000e+000  0.000000e+000  0.000000e+000  0.000000e+000  0.000000e+000  0.000000e+000  0.000000e+000  0.000000e+000  0.000000e+000  0.000000e+000  0.000000e+000  0.000000e+000  0.000000e+000  0.000000e+000  0.000000e+000  0.000000e+000  
0.000000e+000  0.000000e+000  0.000000e+000  0.000000e+000  0.000000e+000  0.000000e+000  0.000000e+000  0.000000e+000  0.000000e+000  0.000000e+000  0.000000e+000  0.000000e+000  0.000000e+000  0.000000e+000  0.000000e+000  0.000000e+000  0.000000e+000  0.000000e+000  0.000000e+000  0.000000e+000  0.000000e+000  0.000000e+000  0.000000e+000  
0.000000e+000  0.000000e+000  0.000000e+000  0.000000e+000  0.000000e+000  0.000000e+000  0.000000e+000  0.000000e+000  0.000000e+000  0.000000e+000  0.000000e+000  0.000000e+000  0.000000e+000  0.000000e+000  0.000000e+000  0.000000e+000  0.000000e+000  0.000000e+000  0.000000e+000  0.000000e+000  0.000000e+000  0.000000e+000  0.000000e+000  
0.000000e+000  0.000000e+000  0.000000e+000  0.000000e+000  0.000000e+000  0.000000e+000  0.000000e+000  0.000000e+000  0.000000e+000  0.000000e+000  0.000000e+000  0.000000e+000  0.000000e+000  0.000000e+000  0.000000e+000  0.000000e+000  0.000000e+000  0.000000e+000  0.000000e+000  0.000000e+000  0.000000e+000  0.000000e+000  0.000000e+000  
0.000000e+000  0.000000e+000  0.000000e+000  0.000000e+000  0.000000e+000  0.000000e+000  0.000000e+000  0.000000e+000  0.000000e+000  0.000000e+000  0.000000e+000  0.000000e+000  0.000000e+000  0.000000e+000  0.000000e+000  0.000000e+000  0.000000e+000  0.000000e+000  0.000000e+000  0.000000e+000  0.000000e+000  0.000000e+000  0.000000e+000  
0.000000e+000  0.000000e+000  0.000000e+000  0.000000e+000  0.000000e+000  0.000000e+000  0.000000e+000  0.000000e+000  0.000000e+000  0.000000e+000  0.000000e+000  0.000000e+000  0.000000e+000  0.000000e+000  0.000000e+000  0.000000e+000  0.000000e+000  0.000000e+000  0.000000e+000  0.000000e+000  0.000000e+000  0.000000e+000  0.000000e+000  
0.000000e+000  0.000000e+000  0.000000e+000  0.000000e+000  0.000000e+000  0.000000e+000  0.000000e+000  0.000000e+000  0.000000e+000  0.000000e+000  0.000000e+000  0.000000e+000  0.000000e+000  0.000000e+000  0.000000e+000  0.000000e+000  0.000000e+000  0.000000e+000  0.000000e+000  0.000000e+000  0.000000e+000  0.000000e+000  0.000000e+000  
0.000000e+000  0.000000e+000  0.000000e+000  0.000000e+000  0.000000e+000  0.000000e+000  0.000000e+000  0.000000e+000  0.000000e+000  0.000000e+000  0.000000e+000  0.000000e+000  0.000000e+000  0.000000e+000  0.000000e+000  0.000000e+000  0.000000e+000  0.000000e+000  0.000000e+000  0.000000e+000  0.000000e+000  0.000000e+000  0.000000e+000  
0.000000e+000  0.000000e+000  0.000000e+000  0.000000e+000  0.000000e+000  0.000000e+000  0.000000e+000  0.000000e+000  0.000000e+000  0.000000e+000  0.000000e+000  0.000000e+000  0.000000e+000  0.000000e+000  0.000000e+000  0.000000e+000  0.000000e+000  0.000000e+000  0.000000e+000  0.000000e+000  0.000000e+000  0.000000e+000  0.000000e+000  
0.000000e+000  0.000000e+000  0.000000e+000  0.000000e+000  0.000000e+000  0.000000e+000  0.000000e+000  0.000000e+000  0.000000e+000  0.000000e+000  0.000000e+000  0.000000e+000  0.000000e+000  0.000000e+000  0.000000e+000  0.000000e+000  0.000000e+000  0.000000e+000  0.000000e+000  0.000000e+000  0.000000e+000  0.000000e+000  0.000000e+000  
0.000000e+000  0.000000e+000  0.000000e+000  0.000000e+000  0.000000e+000  0.000000e+000  0.000000e+000  0.000000e+000  0.000000e+000  0.000000e+000  0.000000e+000  0.000000e+000  0.000000e+000  0.000000e+000  0.000000e+000  0.000000e+000  0.000000e+000  0.000000e+000  0.000000e+000  0.000000e+000  0.000000e+000  0.000000e+000  0.000000e+000  

0.000000e+000  0.000000e+000  0.000000e+000  0.000000e+000  0.000000e+000  0.000000e+000  0.000000e+000  0.000000e+000  0.000000e+000  0.000000e+000  0.000000e+000  0.000000e+000  0.000000e+000  0.000000e+000  0.000000e+000  0.000000e+000  0.000000e+000  0.000000e+000  0.000000e+000  0.000000e+000  0.000000e+000  0.000000e+000  0.000000e+000  
0.000000e+000  0.000000e+000  0.000000e+000  0.000000e+000  0.000000e+000  0.000000e+000  0.000000e+000  0.000000e+000  0.000000e+000  0.000000e+000  0.000000e+000  0.000000e+000  0.000000e+000  0.000000e+000  0.000000e+000  0.000000e+000  0.000000e+000  0.000000e+000  0.000000e+000  0.000000e+000  0.000000e+000  0.000000e+000  0.000000e+000  
0.000000e+000  0.000000e+000  0.000000e+000  0.000000e+000  0.000000e+000  0.000000e+000  0.000000e+000  0.000000e+000  0.000000e+000  0.000000e+000  0.000000e+000  0.000000e+000  0.000000e+000  0.000000e+000  0.000000e+000  0.000000e+000  0.000000e+000  0.000000e+000  0.000000e+000  0.000000e+000  0.000000e+000  0.000000e+000  0.000000e+000  
0.000000e+000  0.000000e+000  0.000000e+000  0.000000e+000  0.000000e+000  0.000000e+000  0.000000e+000  0.000000e+000  0.000000e+000  0.000000e+000  0.000000e+000  0.000000e+000  0.000000e+000  0.000000e+000  0.000000e+000  0.000000e+000  0.000000e+000  0.000000e+000  0.000000e+000  0.000000e+000  0.000000e+000  0.000000e+000  0.000000e+000  
0.000000e+000  0.000000e+000  0.000000e+000  0.000000e+000  0.000000e+000  0.000000e+000  0.000000e+000  0.000000e+000  0.000000e+000  0.000000e+000  0.000000e+000  0.000000e+000  0.000000e+000  0.000000e+000  0.000000e+000  0.000000e+000  0.000000e+000  0.000000e+000  0.000000e+000  0.000000e+000  0.000000e+000  0.000000e+000  0.000000e+000  
0.000000e+000  0.000000e+000  0.000000e+000  0.000000e+000  0.000000e+000  0.000000e+000  0.000000e+000  0.000000e+000  0.000000e+000  0.000000e+000  0.000000e+000  0.000000e+000  0.000000e+000  0.000000e+000  0.000000e+000  0.000000e+000  0.000000e+000  0.000000e+000  0.000000e+000  0.000000e+000  0.000000e+000  0.000000e+000  0.000000e+000  
0.000000e+000  0.000000e+000  0.000000e+000  0.000000e+000  0.000000e+000  0.000000e+000  0.000000e+000  0.000000e+000  0.000000e+000  0.000000e+000  0.000000e+000  0.000000e+000  0.000000e+000  0.000000e+000  0.000000e+000  0.000000e+000  0.000000e+000  0.000000e+000  0.000000e+000  0.000000e+000  0.000000e+000  0.000000e+000  0.000000e+000  
0.000000e+000  0.000000e+000  0.000000e+000  0.000000e+000  0.000000e+000  0.000000e+000  0.000000e+000  0.000000e+000  0.000000e+000  0.000000e+000  0.000000e+000  0.000000e+000  0.000000e+000  0.000000e+000  0.000000e+000  0.000000e+000  0.000000e+000  0.000000e+000  0.000000e+000  0.000000e+000  0.000000e+000  0.000000e+000  0.000000e+000  
0.000000e+000  0.000000e+000  0.000000e+000  0.000000e+000  0.000000e+000  0.000000e+000  0.000000e+000  0.000000e+000  0.000000e+000  0.000000e+000  0.000000e+000  0.000000e+000  0.000000e+000  0.000000e+000  0.000000e+000  0.000000e+000  0.000000e+000  0.000000e+000  0.000000e+000  0.000000e+000  0.000000e+000  0.000000e+000  0.000000e+000  
0.000000e+000  0.000000e+000  0.000000e+000  0.000000e+000  0.000000e+000  0.000000e+000  0.000000e+000  0.000000e+000  0.000000e+000  0.000000e+000  0.000000e+000  0.000000e+000  0.000000e+000  0.000000e+000  0.000000e+000  0.000000e+000  0.000000e+000  0.000000e+000  0.000000e+000  0.000000e+000  0.000000e+000  0.000000e+000  0.000000e+000  
0.000000e+000  0.000000e+000  0.000000e+000  0.000000e+000  0.000000e+000  0.000000e+000  0.000000e+000  0.000000e+000  0.000000e+000  0.000000e+000  0.000000e+000  0.000000e+000  0.000000e+000  0.000000e+000  0.000000e+000  0.000000e+000  0.000000e+000  0.000000e+000  0.000000e+000  0.000000e+000  0.000000e+000  0.000000e+000  0.000000e+000  
0.000000e+000  0.000000e+000  0.000000e+000  0.000000e+000  0.000000e+000  0.000000e+000  0.000000e+000  0.000000e+000  0.000000e+000  0.000000e+000  0.000000e+000  0.000000e+000  0.000000e+000  0.000000e+000  0.000000e+000  0.000000e+000  0.000000e+000  0.000000e+000  0.000000e+000  0.000000e+000  0.000000e+000  0.000000e+000  0.000000e+000  
0.000000e+000  0.000000e+000  0.000000e+000  0.000000e+000  0.000000e+000  0.000000e+000  0.000000e+000  0.000000e+000  0.000000e+000  0.000000e+000  0.000000e+000  0.000000e+000  0.000000e+000  0.000000e+000  0.000000e+000  0.000000e+000  0.000000e+000  0.000000e+000  0.000000e+000  0.000000e+000  0.000000e+000  0.000000e+000  0.000000e+000  
0.000000e+000  0.000000e+000  0.000000e+000  0.000000e+000  0.000000e+000  0.000000e+000  0.000000e+000  0.000000e+000  0.000000e+000  0.000000e+000  0.000000e+000  0.000000e+000  0.000000e+000  0.000000e+000  0.000000e+000  0.000000e+000  0.000000e+000  0.000000e+000  0.000000e+000  0.000000e+000  0.000000e+000  0.000000e+000  0.000000e+000  
0.000000e+000  0.000000e+000  0.000000e+000  0.000000e+000  0.000000e+000  0.000000e+000  0.000000e+000  0.000000e+000  0.000000e+000  0.000000e+000  0.000000e+000  0.000000e+000  0.000000e+000  0.000000e+000  0.000000e+000  0.000000e+000  0.000000e+000  0.000000e+000  0.000000e+000  0.000000e+000  0.000000e+000  0.000000e+000  0.000000e+000  
0.000000e+000  0.000000e+000  0.000000e+000  0.000000e+000  0.000000e+000  0.000000e+000  0.000000e+000  0.000000e+000  0.000000e+000  0.000000e+000  0.000000e+000  0.000000e+000  0.000000e+000  0.000000e+000  0.000000e+000  0.000000e+000  0.000000e+000  0.000000e+000  0.000000e+000  0.000000e+000  0.000000e+000  0.000000e+000  0.000000e+000  
0.000000e+000  0.000000e+000  0.000000e+000  0.000000e+000  0.000000e+000  0.000000e+000  0.000000e+000  0.000000e+000  0.000000e+000  0.000000e+000  0.000000e+000  0.000000e+000  0.000000e+000  0.000000e+000  0.000000e+000  0.000000e+000  0.000000e+000  0.000000e+000  0.000000e+000  0.000000e+000  0.000000e+000  0.000000e+000  0.000000e+000  
0.000000e+000  0.000000e+000  0.000000e+000  0.000000e+000  0.000000e+000  0.000000e+000  0.000000e+000  0.000000e+000  0.000000e+000  0.000000e+000  0.000000e+000  0.000000e+000  0.000000e+000  0.000000e+000  0.000000e+000  0.000000e+000  0.000000e+000  0.000000e+000  0.000000e+000  0.000000e+000  0.000000e+000  0.000000e+000  0.000000e+000  
0.000000e+000  0.000000e+000  0.000000e+000  0.000000e+000  0.000000e+000  0.000000e+000  0.000000e+000  0.000000e+000  0.000000e+000  0.000000e+000  0.000000e+000  0.000000e+000  0.000000e+000  0.000000e+000  0.000000e+000  0.000000e+000  0.000000e+000  0.000000e+000  0.000000e+000  0.000000e+000  0.000000e+000  0.000000e+000  0.000000e+000  
0.000000e+000  0.000000e+000  0.000000e+000  0.000000e+000  0.000000e+000  0.000000e+000  0.000000e+000  0.000000e+000  0.000000e+000  0.000000e+000  0.000000e+000  0.000000e+000  0.000000e+000  0.000000e+000  0.000000e+000  0.000000e+000  0.000000e+000  0.000000e+000  0.000000e+000  0.000000e+000  0.000000e+000  0.000000e+000  0.000000e+000  
0.000000e+000  0.000000e+000  0.000000e+000  0.000000e+000  0.000000e+000  0.000000e+000  0.000000e+000  0.000000e+000  0.000000e+000  0.000000e+000  0.000000e+000  0.000000e+000  0.000000e+000  0.000000e+000  0.000000e+000  0.000000e+000  0.000000e+000  0.000000e+000  0.000000e+000  0.000000e+000  0.000000e+000  0.000000e+000  0.000000e+000  
0.000000e+000  0.000000e+000  0.000000e+000  0.000000e+000  0.000000e+000  0.000000e+000  0.000000e+000  0.000000e+000  0.000000e+000  0.000000e+000  0.000000e+000  0.000000e+000  0.000000e+000  0.000000e+000  0.000000e+000  0.000000e+000  0.000000e+000  0.000000e+000  0.000000e+000  0.000000e+000  0.000000e+000  0.000000e+000  0.000000e+000  
0.000000e+000  0.000000e+000  0.000000e+000  0.000000e+000  0.000000e+000  0.000000e+000  0.000000e+000  0.000000e+000  0.000000e+000  0.000000e+000  0.000000e+000  0.000000e+000  0.000000e+000  0.000000e+000  0.000000e+000  0.000000e+000  0.000000e+000  0.000000e+000  0.000000e+000  0.000000e+000  0.000000e+000  0.000000e+000  0.000000e+000  

0.000000e+000  0.000000e+000  0.000000e+000  0.000000e+000  0.000000e+000  0.000000e+000  0.000000e+000  0.000000e+000  0.000000e+000  0.000000e+000  0.000000e+000  0.000000e+000  0.000000e+000  0.000000e+000  0.000000e+000  0.000000e+000  0.000000e+000  0.000000e+000  0.000000e+000  0.000000e+000  0.000000e+000  0.000000e+000  0.000000e+000  
0.000000e+000  0.000000e+000  0.000000e+000  0.000000e+000  0.000000e+000  0.000000e+000  0.000000e+000  0.000000e+000  0.000000e+000  0.000000e+000  0.000000e+000  0.000000e+000  0.000000e+000  0.000000e+000  0.000000e+000  0.000000e+000  0.000000e+000  0.000000e+000  0.000000e+000  0.000000e+000  0.000000e+000  0.000000e+000  0.000000e+000  
0.000000e+000  0.000000e+000  0.000000e+000  0.000000e+000  0.000000e+000  0.000000e+000  0.000000e+000  0.000000e+000  0.000000e+000  0.000000e+000  0.000000e+000  0.000000e+000  0.000000e+000  0.000000e+000  0.000000e+000  0.000000e+000  0.000000e+000  0.000000e+000  0.000000e+000  0.000000e+000  0.000000e+000  0.000000e+000  0.000000e+000  
0.000000e+000  0.000000e+000  0.000000e+000  0.000000e+000  0.000000e+000  0.000000e+000  0.000000e+000  0.000000e+000  0.000000e+000  0.000000e+000  0.000000e+000  0.000000e+000  0.000000e+000  0.000000e+000  0.000000e+000  0.000000e+000  0.000000e+000  0.000000e+000  0.000000e+000  0.000000e+000  0.000000e+000  0.000000e+000  0.000000e+000  
0.000000e+000  0.000000e+000  0.000000e+000  0.000000e+000  0.000000e+000  0.000000e+000  0.000000e+000  0.000000e+000  0.000000e+000  0.000000e+000  0.000000e+000  0.000000e+000  0.000000e+000  0.000000e+000  0.000000e+000  0.000000e+000  0.000000e+000  0.000000e+000  0.000000e+000  0.000000e+000  0.000000e+000  0.000000e+000  0.000000e+000  
0.000000e+000  0.000000e+000  0.000000e+000  0.000000e+000  0.000000e+000  0.000000e+000  0.000000e+000  0.000000e+000  0.000000e+000  0.000000e+000  0.000000e+000  0.000000e+000  0.000000e+000  0.000000e+000  0.000000e+000  0.000000e+000  0.000000e+000  0.000000e+000  0.000000e+000  0.000000e+000  0.000000e+000  0.000000e+000  0.000000e+000  
0.000000e+000  0.000000e+000  0.000000e+000  0.000000e+000  0.000000e+000  0.000000e+000  0.000000e+000  0.000000e+000  0.000000e+000  0.000000e+000  0.000000e+000  0.000000e+000  0.000000e+000  0.000000e+000  0.000000e+000  0.000000e+000  0.000000e+000  0.000000e+000  0.000000e+000  0.000000e+000  0.000000e+000  0.000000e+000  0.000000e+000  
0.000000e+000  0.000000e+000  0.000000e+000  0.000000e+000  0.000000e+000  0.000000e+000  0.000000e+000  0.000000e+000  0.000000e+000  0.000000e+000  0.000000e+000  0.000000e+000  0.000000e+000  0.000000e+000  0.000000e+000  0.000000e+000  0.000000e+000  0.000000e+000  0.000000e+000  0.000000e+000  0.000000e+000  0.000000e+000  0.000000e+000  
0.000000e+000  0.000000e+000  0.000000e+000  0.000000e+000  0.000000e+000  0.000000e+000  0.000000e+000  0.000000e+000  0.000000e+000  0.000000e+000  0.000000e+000  0.000000e+000  0.000000e+000  0.000000e+000  0.000000e+000  0.000000e+000  0.000000e+000  0.000000e+000  0.000000e+000  0.000000e+000  0.000000e+000  0.000000e+000  0.000000e+000  
0.000000e+000  0.000000e+000  0.000000e+000  0.000000e+000  0.000000e+000  0.000000e+000  0.000000e+000  0.000000e+000  0.000000e+000  0.000000e+000  0.000000e+000  0.000000e+000  0.000000e+000  0.000000e+000  0.000000e+000  0.000000e+000  0.000000e+000  0.000000e+000  0.000000e+000  0.000000e+000  0.000000e+000  0.000000e+000  0.000000e+000  
0.000000e+000  0.000000e+000  0.000000e+000  0.000000e+000  0.000000e+000  0.000000e+000  0.000000e+000  0.000000e+000  0.000000e+000  0.000000e+000  0.000000e+000  0.000000e+000  0.000000e+000  0.000000e+000  0.000000e+000  0.000000e+000  0.000000e+000  0.000000e+000  0.000000e+000  0.000000e+000  0.000000e+000  0.000000e+000  0.000000e+000  
0.000000e+000  0.000000e+000  0.000000e+000  0.000000e+000  0.000000e+000  0.000000e+000  0.000000e+000  0.000000e+000  0.000000e+000  0.000000e+000  0.000000e+000  0.000000e+000  0.000000e+000  0.000000e+000  0.000000e+000  0.000000e+000  0.000000e+000  0.000000e+000  0.000000e+000  0.000000e+000  0.000000e+000  0.000000e+000  0.000000e+000  
0.000000e+000  0.000000e+000  0.000000e+000  0.000000e+000  0.000000e+000  0.000000e+000  0.000000e+000  0.000000e+000  0.000000e+000  0.000000e+000  0.000000e+000  0.000000e+000  0.000000e+000  0.000000e+000  0.000000e+000  0.000000e+000  0.000000e+000  0.000000e+000  0.000000e+000  0.000000e+000  0.000000e+000  0.000000e+000  0.000000e+000  
0.000000e+000  0.000000e+000  0.000000e+000  0.000000e+000  0.000000e+000  0.000000e+000  0.000000e+000  0.000000e+000  0.000000e+000  0.000000e+000  0.000000e+000  0.000000e+000  0.000000e+000  0.000000e+000  0.000000e+000  0.000000e+000  0.000000e+000  0.000000e+000  0.000000e+000  0.000000e+000  0.000000e+000  0.000000e+000  0.000000e+000  
0.000000e+000  0.000000e+000  0.000000e+000  0.000000e+000  0.000000e+000  0.000000e+000  0.000000e+000  0.000000e+000  0.000000e+000  0.000000e+000  0.000000e+000  0.000000e+000  0.000000e+000  0.000000e+000  0.000000e+000  0.000000e+000  0.000000e+000  0.000000e+000  0.000000e+000  0.000000e+000  0.000000e+000  0.000000e+000  0.000000e+000  
0.000000e+000  0.000000e+000  0.000000e+000  0.000000e+000  0.000000e+000  0.000000e+000  0.000000e+000  0.000000e+000  0.000000e+000  0.000000e+000  0.000000e+000  0.000000e+000  0.000000e+000  0.000000e+000  0.000000e+000  0.000000e+000  0.000000e+000  0.000000e+000  0.000000e+000  0.000000e+000  0.000000e+000  0.000000e+000  0.000000e+000  
0.000000e+000  0.000000e+000  0.000000e+000  0.000000e+000  0.000000e+000  0.000000e+000  0.000000e+000  0.000000e+000  0.000000e+000  0.000000e+000  0.000000e+000  0.000000e+000  0.000000e+000  0.000000e+000  0.000000e+000  0.000000e+000  0.000000e+000  0.000000e+000  0.000000e+000  0.000000e+000  0.000000e+000  0.000000e+000  0.000000e+000  
0.000000e+000  0.000000e+000  0.000000e+000  0.000000e+000  0.000000e+000  0.000000e+000  0.000000e+000  0.000000e+000  0.000000e+000  0.000000e+000  0.000000e+000  0.000000e+000  0.000000e+000  0.000000e+000  0.000000e+000  0.000000e+000  0.000000e+000  0.000000e+000  0.000000e+000  0.000000e+000  0.000000e+000  0.000000e+000  0.000000e+000  
0.000000e+000  0.000000e+000  0.000000e+000  0.000000e+000  0.000000e+000  0.000000e+000  0.000000e+000  0.000000e+000  0.000000e+000  0.000000e+000  0.000000e+000  0.000000e+000  0.000000e+000  0.000000e+000  0.000000e+000  0.000000e+000  0.000000e+000  0.000000e+000  0.000000e+000  0.000000e+000  0.000000e+000  0.000000e+000  0.000000e+000  
0.000000e+000  0.000000e+000  0.000000e+000  0.000000e+000  0.000000e+000  0.000000e+000  0.000000e+000  0.000000e+000  0.000000e+000  0.000000e+000  0.000000e+000  0.000000e+000  0.000000e+000  0.000000e+000  0.000000e+000  0.000000e+000  0.000000e+000  0.000000e+000  0.000000e+000  0.000000e+000  0.000000e+000  0.000000e+000  0.000000e+000  
0.000000e+000  0.000000e+000  0.000000e+000  0.000000e+000  0.000000e+000  0.000000e+000  0.000000e+000  0.000000e+000  0.000000e+000  0.000000e+000  0.000000e+000  0.000000e+000  0.000000e+000  0.000000e+000  0.000000e+000  0.000000e+000  0.000000e+000  0.000000e+000  0.000000e+000  0.000000e+000  0.000000e+000  0.000000e+000  0.000000e+000  
0.000000e+000  0.000000e+000  0.000000e+000  0.000000e+000  0.000000e+000  0.000000e+000  0.000000e+000  0.000000e+000  0.000000e+000  0.000000e+000  0.000000e+000  0.000000e+000  0.000000e+000  0.000000e+000  0.000000e+000  0.000000e+000  0.000000e+000  0.000000e+000  0.000000e+000  0.000000e+000  0.000000e+000  0.000000e+000  0.000000e+000  
0.000000e+000  0.000000e+000  0.000000e+000  0.000000e+000  0.000000e+000  0.000000e+000  0.000000e+000  0.000000e+000  0.000000e+000  0.000000e+000  0.000000e+000  0.000000e+000  0.000000e+000  0.000000e+000  0.000000e+000  0.000000e+000  0.000000e+000  0.000000e+000  0.000000e+000  0.000000e+000  0.000000e+000  0.000000e+000  0.000000e+000  

-0.000000e+000  -0.000000e+000  -0.000000e+000  -0.000000e+000  -0.000000e+000  -0.000000e+000  -0.000000e+000  -0.000000e+000  -0.000000e+000  -0.000000e+000  -0.000000e+000  -0.000000e+000  -0.000000e+000  -0.000000e+000  -0.000000e+000  -0.000000e+000  -0.000000e+000  -0.000000e+000  -0.000000e+000  -0.000000e+000  -0.000000e+000  -0.000000e+000  -0.000000e+000  
-0.000000e+000  6.774204e+000  1.354895e+001  2.056050e+001  2.766620e+001  2.583770e+001  2.139038e+001  1.385556e+001  9.531586e+000  6.985434e+000  5.490831e+000  4.535075e+000  5.490839e+000  6.985448e+000  9.531608e+000  1.385559e+001  2.139043e+001  2.583777e+001  2.766628e+001  2.056056e+001  1.354899e+001  6.774224e+000  -0.000000e+000  
-0.000000e+000  1.354899e+001  2.686336e+001  3.186666e+001  2.485428e+001  2.171808e+001  1.836653e+001  1.486756e+001  1.195177e+001  9.764588e+000  8.270325e+000  7.158574e+000  8.270335e+000  9.764605e+000  1.195180e+001  1.486760e+001  1.836658e+001  2.171814e+001  2.485435e+001  3.186675e+001  2.686344e+001  1.354903e+001  -0.000000e+000  
-0.000000e+000  2.056066e+001  3.186682e+001  2.646120e+001  2.105539e+001  1.845963e+001  1.593212e+001  1.354666e+001  1.145740e+001  9.771930e+000  8.547348e+000  7.558472e+000  8.547357e+000  9.771945e+000  1.145742e+001  1.354669e+001  1.593216e+001  1.845967e+001  2.105545e+001  2.646128e+001  3.186691e+001  2.056072e+001  -0.000000e+000  
-0.000000e+000  2.766658e+001  2.485460e+001  2.105562e+001  1.697053e+001  1.492788e+001  1.292938e+001  1.104076e+001  9.347709e+000  7.935610e+000  6.877216e+000  5.980515e+000  6.877220e+000  7.935616e+000  9.347721e+000  1.104077e+001  1.292941e+001  1.492791e+001  1.697057e+001  2.105568e+001  2.485467e+001  2.766666e+001  -0.000000e+000  
-0.000000e+000  2.583814e+001  2.171849e+001  1.846002e+001  1.492813e+001  1.309570e+001  1.126314e+001  9.494381e+000  7.871402e+000  6.486852e+000  5.432075e+000  4.518981e+000  5.432074e+000  6.486852e+000  7.871407e+000  9.494393e+000  1.126316e+001  1.309573e+001  1.492817e+001  1.846007e+001  2.171855e+001  2.583822e+001  -0.000000e+000  
-0.000000e+000  2.139083e+001  1.836703e+001  1.593272e+001  1.293001e+001  1.126361e+001  9.533069e+000  7.802197e+000  6.156642e+000  4.708302e+000  3.588096e+000  2.600886e+000  3.588092e+000  4.708291e+000  6.156637e+000  7.802201e+000  9.533083e+000  1.126363e+001  1.293004e+001  1.593276e+001  1.836708e+001  2.139089e+001  -0.000000e+000  
-0.000000e+000  1.385594e+001  1.486813e+001  1.354746e+001  1.104188e+001  9.495622e+000  7.803301e+000  6.024669e+000  4.244648e+000  2.601602e+000  1.326373e+000  1.891789e-001  1.326367e+000  2.601569e+000  4.244631e+000  6.024666e+000  7.803309e+000  9.495639e+000  1.104190e+001  1.354750e+001  1.486817e+001  1.385598e+001  -0.000000e+000  
-0.000000e+000  9.531943e+000  1.195241e+001  1.145839e+001  9.349348e+000  7.873674e+000  6.159818e+000  4.248512e+000  2.195666e+000  1.270752e-001  -0.000000e+000  -0.000000e+000  -0.000000e+000  1.269799e-001  2.195637e+000  4.248505e+000  6.159823e+000  7.873687e+000  9.349367e+000  1.145842e+001  1.195244e+001  9.531969e+000  -0.000000e+000  
-0.000000e+000  6.985784e+000  9.765269e+000  9.773044e+000  7.937559e+000  6.489884e+000  4.713765e+000  2.613882e+000  1.624232e-001  -0.000000e+000  -0.000000e+000  -0.000000e+000  -0.000000e+000  -0.000000e+000  1.624235e-001  2.613882e+000  4.713771e+000  6.489895e+000  7.937575e+000  9.773068e+000  9.765294e+000  6.985803e+000  -0.000000e+000  
-0.000000e+000  5.491179e+000  8.271025e+000  8.548481e+000  6.879033e+000  5.434517e+000  3.591463e+000  1.330819e+000  -0.000000e+000  -0.000000e+000  -0.000000e+000  -0.000000e+000  -0.000000e+000  -0.000000e+000  -0.000000e+000  1.330821e+000  3.591469e+000  5.434527e+000  6.879047e+000  8.548501e+000  8.271046e+000  5.491193e+000  -0.000000e+000  
-0.000000e+000  4.535416e+000  7.159252e+000  7.559452e+000  5.981501e+000  4.519348e+000  2.599596e+000  1.839026e-001  -0.000000e+000  -0.000000e+000  -0.000000e+000  -0.000000e+000  -0.000000e+000  -0.000000e+000  -0.000000e+000  1.839033e-001  2.599601e+000  4.519357e+000  5.981514e+000  7.559470e+000  7.159270e+000  4.535428e+000  -0.000000e+000  
-0.000000e+000  5.491179e+000  8.271025e+000  8.548481e+000  6.879033e+000  5.434517e+000  3.591463e+000  1.330819e+000  -0.000000e+000  -0.000000e+000  -0.000000e+000  -0.000000e+000  -0.000000e+000  -0.000000e+000  -0.000000e+000  1.330821e+000  3.591469e+000  5.434527e+000  6.879047e+000  8.548501e+000  8.271046e+000  5.491193e+000  -0.000000e+000  
-0.000000e+000  6.985784e+000  9.765269e+000  9.773044e+000  7.937559e+000  6.489884e+000  4.713765e+000  2.613882e+000  1.624236e-001  -0.000000e+000  -0.000000e+000  -0.000000e+000  -0.000000e+000  -0.000000e+000  1.624236e-001  2.613882e+000  4.713771e+000  6.489895e+000  7.937575e+000  9.773068e+000  9.765294e+000  6.985803e+000  -0.000000e+000  
-0.000000e+000  9.531943e+000  1.195241e+001  1.145839e+001  9.349348e+000  7.873674e+000  6.159818e+000  4.248512e+000  2.195666e+000  1.270754e-001  -0.000000e+000  -0.000000e+000  -0.000000e+000  1.269799e-001  2.195637e+000  4.248505e+000  6.159823e+000  7.873687e+000  9.349367e+000  1.145842e+001  1.195244e+001  9.531969e+000  -0.000000e+000  
-0.000000e+000  1.385594e+001  1.486813e+001  1.354746e+001  1.104188e+001  9.495622e+000  7.803301e+000  6.024669e+000  4.244648e+000  2.601602e+000  1.326373e+000  1.891787e-001  1.326367e+000  2.601569e+000  4.244631e+000  6.024666e+000  7.803309e+000  9.495639e+000  1.104190e+001  1.354750e+001  1.486817e+001  1.385598e+001  -0.000000e+000  
-0.000000e+000  2.139083e+001  1.836703e+001  1.593272e+001  1.293001e+001  1.126361e+001  9.533069e+000  7.802197e+000  6.156642e+000  4.708302e+000  3.588096e+000  2.600886e+000  3.588092e+000  4.708291e+000  6.156637e+000  7.802201e+000  9.533083e+000  1.126363e+001  1.293004e+001  1.593276e+001  1.836708e+001  2.139089e+001  -0.000000e+000  
-0.000000e+000  2.583814e+001  2.171849e+001  1.846002e+001  1.492813e+001  1.309570e+001  1.126314e+001  9.494381e+000  7.871402e+000  6.486852e+000  5.432075e+000  4.518981e+000  5.432074e+000  6.486852e+000  7.871407e+000  9.494393e+000  1.126316e+001  1.309573e+001  1.492817e+001  1.846007e+001  2.171855e+001  2.583822e+001  -0.000000e+000  
-0.000000e+000  2.766658e+001  2.485460e+001  2.105562e+001  1.697053e+001  1.492788e+001  1.292938e+001  1.104076e+001  9.347709e+000  7.935610e+000  6.877216e+000  5.980515e+000  6.877220e+000  7.935616e+000  9.347721e+000  1.104077e+001  1.292941e+001  1.492791e+001  1.697057e+001  2.105568e+001  2.485467e+001  2.766666e+001  -0.000000e+000  
-0.000000e+000  2.056066e+001  3.186682e+001  2.646120e+001  2.105539e+001  1.845963e+001  1.593212e+001  1.354666e+001  1.145740e+001  9.771930e+000  8.547348e+000  7.558472e+000  8.547357e+000  9.771945e+000  1.145742e+001  1.354669e+001  1.593216e+001  1.845967e+001  2.105545e+001  2.646128e+001  3.186691e+001  2.056072e+001  -0.000000e+000  
-0.000000e+000  1.354899e+001  2.686336e+001  3.186666e+001  2.485428e+001  2.171808e+001  1.836653e+001  1.486756e+001  1.195177e+001  9.764588e+000  8.270325e+000  7.158574e+000  8.270335e+000  9.764605e+000  1.195180e+001  1.486760e+001  1.836658e+001  2.171814e+001  2.485435e+001  3.186675e+001  2.686344e+001  1.354903e+001  -0.000000e+000  
-0.000000e+000  6.774204e+000  1.354895e+001  2.056050e+001  2.766620e+001  2.583770e+001  2.139038e+001  1.385556e+001  9.531587e+000  6.985434e+000  5.490831e+000  4.535075e+000  5.490839e+000  6.985448e+000  9.531608e+000  1.385559e+001  2.139043e+001  2.583777e+001  2.766628e+001  2.056056e+001  1.354899e+001  6.774224e+000  -0.000000e+000  
-0.000000e+000  -0.000000e+000  -0.000000e+000  -0.000000e+000  -0.000000e+000  -0.000000e+000  -0.000000e+000  -0.000000e+000  -0.000000e+000  -0.000000e+000  -0.000000e+000  -0.000000e+000  -0.000000e+000  -0.000000e+000  -0.000000e+000  -0.000000e+000  -0.000000e+000  -0.000000e+000  -0.000000e+000  -0.000000e+000  -0.000000e+000  -0.000000e+000  -0.000000e+000  

