Port monitor named: Port1_h1[2.5].prt

nx        = 25
ny        = 25
nz        = 3

nu        = 23
nv        = 23
iu        = 2
iv        = 2

idir      = 2
dcut      = 2.505000e-002
icut      = 3
type      = 1
frequency = 2.500000e+009

fcutoff   = 0.000000e+000
alpha     = 0.000000e+000
beta      = 7.257378e+001
accuracy  = 4.497460e-012

type          = QTEM
wave imp.     = 2.634476e+002
wave imp.sig. = 4.425724e-003
line imp.     = 5.425750e+001

ref. port     = 0

-0.000000e+000  2.241222e+000  4.482693e+000  6.706006e+000  8.855419e+000  9.861670e+000  1.080349e+001  1.165909e+001  1.240419e+001  1.301480e+001  1.346879e+001  1.385275e+001  1.346880e+001  1.301482e+001  1.240421e+001  1.165912e+001  1.080352e+001  9.861698e+000  8.855446e+000  6.706027e+000  4.482707e+000  2.241230e+000  -0.000000e+000  
-0.000000e+000  2.241348e+000  4.501599e+000  6.781030e+000  9.039780e+000  1.012166e+001  1.115078e+001  1.210099e+001  1.294193e+001  1.364117e+001  1.416730e+001  1.462048e+001  1.416732e+001  1.364120e+001  1.294196e+001  1.210102e+001  1.115082e+001  1.012169e+001  9.039810e+000  6.781052e+000  4.501613e+000  2.241355e+000  -0.000000e+000  
-0.000000e+000  2.222945e+000  4.502120e+000  6.878412e+000  9.351332e+000  1.059279e+001  1.181370e+001  1.297980e+001  1.404627e+001  1.495987e+001  1.566438e+001  1.629438e+001  1.566441e+001  1.495991e+001  1.404632e+001  1.297985e+001  1.181374e+001  1.059283e+001  9.351367e+000  6.878435e+000  4.502135e+000  2.222952e+000  -0.000000e+000  
-0.000000e+000  2.148690e+000  4.406745e+000  6.879394e+000  9.649445e+000  1.114597e+001  1.269568e+001  1.425698e+001  1.576195e+001  1.711475e+001  1.819994e+001  1.922803e+001  1.820000e+001  1.711483e+001  1.576204e+001  1.425707e+001  1.269575e+001  1.114602e+001  9.649484e+000  6.879417e+000  4.406757e+000  2.148696e+000  -0.000000e+000  
-0.000000e+000  2.011440e+000  4.174461e+000  6.657016e+000  9.649942e+000  1.140118e+001  1.332228e+001  1.538374e+001  1.750508e+001  1.953355e+001  2.124372e+001  2.297020e+001  2.124381e+001  1.953372e+001  1.750525e+001  1.538387e+001  1.332236e+001  1.140123e+001  9.649977e+000  6.657033e+000  4.174471e+000  2.011444e+000  -0.000000e+000  
-0.000000e+000  1.882241e+000  3.939710e+000  6.381150e+000  9.480394e+000  1.140142e+001  1.359960e+001  1.607500e+001  1.875999e+001  2.146432e+001  2.383747e+001  2.632813e+001  2.383755e+001  2.146464e+001  1.876024e+001  1.607514e+001  1.359968e+001  1.140147e+001  9.480418e+000  6.381162e+000  3.939716e+000  1.882244e+000  -0.000000e+000  
-0.000000e+000  1.709340e+000  3.608952e+000  5.940814e+000  9.063211e+000  1.112448e+001  1.359967e+001  1.655660e+001  1.999550e+001  2.372623e+001  2.718301e+001  3.093128e+001  2.718295e+001  2.372699e+001  1.999587e+001  1.655674e+001  1.359971e+001  1.112450e+001  9.063217e+000  5.940817e+000  3.608955e+000  1.709342e+000  -0.000000e+000  
-0.000000e+000  1.488899e+000  3.170121e+000  5.302826e+000  8.312618e+000  1.043360e+001  1.311794e+001  1.655618e+001  2.093911e+001  2.626200e+001  3.158357e+001  3.740848e+001  3.158281e+001  2.626442e+001  2.093944e+001  1.655617e+001  1.311789e+001  1.043356e+001  8.312599e+000  5.302821e+000  3.170121e+000  1.488899e+000  -0.000000e+000  
-0.000000e+000  1.220372e+000  2.618410e+000  4.445549e+000  7.151278e+000  9.179310e+000  1.188227e+001  1.561103e+001  2.094269e+001  2.695290e+001  -0.000000e+000  -0.000000e+000  -0.000000e+000  2.690229e+001  2.094125e+001  1.561057e+001  1.188208e+001  9.179227e+000  7.151238e+000  4.445538e+000  2.618407e+000  1.220371e+000  -0.000000e+000  
-0.000000e+000  9.074246e-001  1.959415e+000  3.368612e+000  5.539804e+000  7.250073e+000  9.620752e+000  1.306293e+001  2.000404e+001  -0.000000e+000  -0.000000e+000  -0.000000e+000  -0.000000e+000  -0.000000e+000  2.000332e+001  1.306271e+001  9.620612e+000  7.249995e+000  5.539762e+000  3.368599e+000  1.959411e+000  9.074237e-001  -0.000000e+000  
-0.000000e+000  3.837872e-001  8.369610e-001  1.467441e+000  2.497892e+000  3.365568e+000  4.621184e+000  6.520855e+000  -0.000000e+000  -0.000000e+000  -0.000000e+000  -0.000000e+000  -0.000000e+000  -0.000000e+000  -0.000000e+000  6.520808e+000  4.621140e+000  3.365536e+000  2.497871e+000  1.467434e+000  8.369586e-001  3.837866e-001  -0.000000e+000  
-0.000000e+000  -3.837872e-001  -8.369610e-001  -1.467441e+000  -2.497892e+000  -3.365568e+000  -4.621184e+000  -6.520855e+000  -0.000000e+000  -0.000000e+000  -0.000000e+000  -0.000000e+000  -0.000000e+000  -0.000000e+000  -0.000000e+000  -6.520808e+000  -4.621140e+000  -3.365536e+000  -2.497871e+000  -1.467434e+000  -8.369586e-001  -3.837866e-001  -0.000000e+000  
-0.000000e+000  -9.074246e-001  -1.959415e+000  -3.368612e+000  -5.539804e+000  -7.250073e+000  -9.620752e+000  -1.306293e+001  -2.000404e+001  -0.000000e+000  -0.000000e+000  -0.000000e+000  -0.000000e+000  -0.000000e+000  -2.000332e+001  -1.306271e+001  -9.620612e+000  -7.249995e+000  -5.539762e+000  -3.368599e+000  -1.959411e+000  -9.074237e-001  -0.000000e+000  
-0.000000e+000  -1.220372e+000  -2.618410e+000  -4.445549e+000  -7.151278e+000  -9.179310e+000  -1.188227e+001  -1.561103e+001  -2.094269e+001  -2.695290e+001  -0.000000e+000  -0.000000e+000  -0.000000e+000  -2.690229e+001  -2.094125e+001  -1.561057e+001  -1.188208e+001  -9.179227e+000  -7.151238e+000  -4.445538e+000  -2.618407e+000  -1.220371e+000  -0.000000e+000  
-0.000000e+000  -1.488899e+000  -3.170121e+000  -5.302826e+000  -8.312618e+000  -1.043360e+001  -1.311794e+001  -1.655618e+001  -2.093911e+001  -2.626200e+001  -3.158357e+001  -3.740848e+001  -3.158281e+001  -2.626442e+001  -2.093944e+001  -1.655617e+001  -1.311789e+001  -1.043356e+001  -8.312599e+000  -5.302821e+000  -3.170121e+000  -1.488899e+000  -0.000000e+000  
-0.000000e+000  -1.709340e+000  -3.608952e+000  -5.940814e+000  -9.063211e+000  -1.112448e+001  -1.359967e+001  -1.655660e+001  -1.999550e+001  -2.372623e+001  -2.718301e+001  -3.093128e+001  -2.718295e+001  -2.372699e+001  -1.999587e+001  -1.655674e+001  -1.359971e+001  -1.112450e+001  -9.063217e+000  -5.940817e+000  -3.608955e+000  -1.709342e+000  -0.000000e+000  
-0.000000e+000  -1.882241e+000  -3.939710e+000  -6.381150e+000  -9.480394e+000  -1.140142e+001  -1.359960e+001  -1.607500e+001  -1.875999e+001  -2.146432e+001  -2.383747e+001  -2.632813e+001  -2.383755e+001  -2.146464e+001  -1.876024e+001  -1.607514e+001  -1.359968e+001  -1.140147e+001  -9.480418e+000  -6.381162e+000  -3.939716e+000  -1.882244e+000  -0.000000e+000  
-0.000000e+000  -2.011440e+000  -4.174461e+000  -6.657016e+000  -9.649942e+000  -1.140118e+001  -1.332228e+001  -1.538374e+001  -1.750508e+001  -1.953355e+001  -2.124372e+001  -2.297020e+001  -2.124381e+001  -1.953372e+001  -1.750525e+001  -1.538387e+001  -1.332236e+001  -1.140123e+001  -9.649977e+000  -6.657033e+000  -4.174471e+000  -2.011444e+000  -0.000000e+000  
-0.000000e+000  -2.148690e+000  -4.406745e+000  -6.879394e+000  -9.649445e+000  -1.114597e+001  -1.269568e+001  -1.425698e+001  -1.576195e+001  -1.711475e+001  -1.819994e+001  -1.922803e+001  -1.820000e+001  -1.711483e+001  -1.576204e+001  -1.425707e+001  -1.269575e+001  -1.114602e+001  -9.649484e+000  -6.879417e+000  -4.406757e+000  -2.148696e+000  -0.000000e+000  
-0.000000e+000  -2.222945e+000  -4.502120e+000  -6.878412e+000  -9.351332e+000  -1.059279e+001  -1.181370e+001  -1.297980e+001  -1.404627e+001  -1.495987e+001  -1.566438e+001  -1.629438e+001  -1.566441e+001  -1.495991e+001  -1.404632e+001  -1.297985e+001  -1.181374e+001  -1.059283e+001  -9.351367e+000  -6.878435e+000  -4.502135e+000  -2.222952e+000  -0.000000e+000  
-0.000000e+000  -2.241348e+000  -4.501599e+000  -6.781030e+000  -9.039780e+000  -1.012166e+001  -1.115078e+001  -1.210099e+001  -1.294193e+001  -1.364117e+001  -1.416730e+001  -1.462048e+001  -1.416732e+001  -1.364120e+001  -1.294196e+001  -1.210102e+001  -1.115082e+001  -1.012169e+001  -9.039810e+000  -6.781052e+000  -4.501613e+000  -2.241355e+000  -0.000000e+000  
-0.000000e+000  -2.241222e+000  -4.482693e+000  -6.706006e+000  -8.855419e+000  -9.861670e+000  -1.080349e+001  -1.165909e+001  -1.240419e+001  -1.301480e+001  -1.346879e+001  -1.385275e+001  -1.346880e+001  -1.301482e+001  -1.240421e+001  -1.165912e+001  -1.080352e+001  -9.861698e+000  -8.855446e+000  -6.706027e+000  -4.482707e+000  -2.241230e+000  -0.000000e+000  
-0.000000e+000  -0.000000e+000  -0.000000e+000  -0.000000e+000  -0.000000e+000  -0.000000e+000  -0.000000e+000  -0.000000e+000  -0.000000e+000  -0.000000e+000  -0.000000e+000  -0.000000e+000  -0.000000e+000  -0.000000e+000  -0.000000e+000  -0.000000e+000  -0.000000e+000  -0.000000e+000  -0.000000e+000  -0.000000e+000  -0.000000e+000  -0.000000e+000  -0.000000e+000  

-0.000000e+000  -0.000000e+000  -0.000000e+000  -0.000000e+000  -0.000000e+000  -0.000000e+000  -0.000000e+000  -0.000000e+000  -0.000000e+000  -0.000000e+000  -0.000000e+000  -0.000000e+000  -0.000000e+000  -0.000000e+000  -0.000000e+000  -0.000000e+000  -0.000000e+000  -0.000000e+000  -0.000000e+000  -0.000000e+000  -0.000000e+000  -0.000000e+000  -0.000000e+000  
-2.241223e+000  -2.241339e+000  -2.222918e+000  -2.148635e+000  -2.011360e+000  -1.882143e+000  -1.709225e+000  -1.488770e+000  -1.220238e+000  -9.073012e-001  -3.837125e-001  3.836970e-001  9.072895e-001  1.220230e+000  1.488765e+000  1.709223e+000  1.882145e+000  2.011363e+000  2.148641e+000  2.222925e+000  2.241346e+000  2.241230e+000  -0.000000e+000  
-4.482702e+000  -4.501590e+000  -4.502074e+000  -4.406643e+000  -4.174305e+000  -3.939511e+000  -3.608708e+000  -3.169830e+000  -2.618081e+000  -1.959080e+000  -8.367113e-001  8.366755e-001  1.959053e+000  2.618063e+000  3.169820e+000  3.608706e+000  3.939516e+000  4.174314e+000  4.406656e+000  4.502089e+000  4.501604e+000  4.482716e+000  -0.000000e+000  
-6.706042e+000  -6.781040e+000  -6.878366e+000  -6.879265e+000  -6.656802e+000  -6.380868e+000  -5.940443e+000  -5.302333e+000  -4.444902e+000  -3.367811e+000  -1.466595e+000  1.466527e+000  3.367762e+000  4.444872e+000  5.302324e+000  5.940449e+000  6.380884e+000  6.656824e+000  6.879289e+000  6.878390e+000  6.781062e+000  6.706063e+000  -0.000000e+000  
-8.855510e+000  -9.039837e+000  -9.351314e+000  -9.649315e+000  -9.649722e+000  -9.480112e+000  -9.062840e+000  -8.312059e+000  -7.150303e+000  -5.538048e+000  -2.494629e+000  2.494501e+000  5.537949e+000  7.150261e+000  8.312067e+000  9.062875e+000  9.480157e+000  9.649769e+000  9.649356e+000  9.351348e+000  9.039866e+000  8.855537e+000  -0.000000e+000  
-9.861801e+000  -1.012175e+001  -1.059280e+001  -1.114584e+001  -1.140096e+001  -1.140118e+001  -1.112426e+001  -1.043334e+001  -9.178718e+000  -7.248175e+000  -3.357849e+000  3.357677e+000  7.247993e+000  9.178682e+000  1.043339e+001  1.112433e+001  1.140126e+001  1.140102e+001  1.114589e+001  1.059284e+001  1.012178e+001  9.861830e+000  -0.000000e+000  
-1.080367e+001  -1.115093e+001  -1.181375e+001  -1.269555e+001  -1.332202e+001  -1.359936e+001  -1.359963e+001  -1.311831e+001  -1.188302e+001  -9.621288e+000  -4.603165e+000  4.602953e+000  9.620871e+000  1.188305e+001  1.311846e+001  1.359978e+001  1.359947e+001  1.332210e+001  1.269561e+001  1.181379e+001  1.115096e+001  1.080370e+001  -0.000000e+000  
-1.165933e+001  -1.210120e+001  -1.297992e+001  -1.425686e+001  -1.538334e+001  -1.607456e+001  -1.655657e+001  -1.655720e+001  -1.561373e+001  -1.307805e+001  -6.477288e+000  6.477104e+000  1.307682e+001  1.561416e+001  1.655758e+001  1.655680e+001  1.607470e+001  1.538343e+001  1.425692e+001  1.297996e+001  1.210123e+001  1.165936e+001  -0.000000e+000  
-1.240449e+001  -1.294222e+001  -1.404649e+001  -1.576186e+001  -1.750437e+001  -1.875893e+001  -1.999482e+001  -2.094012e+001  -2.093662e+001  -2.024573e+001  -0.000000e+000  -0.000000e+000  2.030126e+001  2.093913e+001  2.094085e+001  1.999509e+001  1.875906e+001  1.750445e+001  1.576191e+001  1.404653e+001  1.294225e+001  1.240452e+001  -0.000000e+000  
-1.301517e+001  -1.364156e+001  -1.496025e+001  -1.711482e+001  -1.953245e+001  -2.146192e+001  -2.372360e+001  -2.627179e+001  -2.721045e+001  -0.000000e+000  -0.000000e+000  -0.000000e+000  -0.000000e+000  2.720948e+001  2.627154e+001  2.372359e+001  2.146195e+001  1.953249e+001  1.711485e+001  1.496028e+001  1.364160e+001  1.301520e+001  -0.000000e+000  
-1.346922e+001  -1.416779e+001  -1.566499e+001  -1.820049e+001  -2.124277e+001  -2.383263e+001  -2.716580e+001  -3.152723e+001  -0.000000e+000  -0.000000e+000  -0.000000e+000  -0.000000e+000  -0.000000e+000  -0.000000e+000  3.152702e+001  2.716571e+001  2.383260e+001  2.124277e+001  1.820051e+001  1.566501e+001  1.416782e+001  1.346925e+001  -0.000000e+000  
-1.385325e+001  -1.462115e+001  -1.629558e+001  -1.923100e+001  -2.297816e+001  -2.634389e+001  -3.096516e+001  -3.748602e+001  -0.000000e+000  -0.000000e+000  -0.000000e+000  -0.000000e+000  -0.000000e+000  -0.000000e+000  3.748588e+001  3.096506e+001  2.634383e+001  2.297814e+001  1.923101e+001  1.629560e+001  1.462118e+001  1.385328e+001  -0.000000e+000  
-1.346922e+001  -1.416779e+001  -1.566499e+001  -1.820049e+001  -2.124277e+001  -2.383263e+001  -2.716580e+001  -3.152723e+001  -0.000000e+000  -0.000000e+000  -0.000000e+000  -0.000000e+000  -0.000000e+000  -0.000000e+000  3.152702e+001  2.716571e+001  2.383260e+001  2.124277e+001  1.820051e+001  1.566501e+001  1.416782e+001  1.346925e+001  -0.000000e+000  
-1.301517e+001  -1.364156e+001  -1.496025e+001  -1.711482e+001  -1.953245e+001  -2.146192e+001  -2.372360e+001  -2.627179e+001  -2.721046e+001  -0.000000e+000  -0.000000e+000  -0.000000e+000  -0.000000e+000  2.720948e+001  2.627154e+001  2.372359e+001  2.146195e+001  1.953249e+001  1.711485e+001  1.496028e+001  1.364160e+001  1.301520e+001  -0.000000e+000  
-1.240449e+001  -1.294222e+001  -1.404649e+001  -1.576186e+001  -1.750437e+001  -1.875893e+001  -1.999482e+001  -2.094012e+001  -2.093662e+001  -2.024573e+001  -0.000000e+000  -0.000000e+000  2.030126e+001  2.093913e+001  2.094085e+001  1.999509e+001  1.875906e+001  1.750445e+001  1.576191e+001  1.404653e+001  1.294225e+001  1.240452e+001  -0.000000e+000  
-1.165933e+001  -1.210120e+001  -1.297992e+001  -1.425686e+001  -1.538334e+001  -1.607456e+001  -1.655657e+001  -1.655720e+001  -1.561373e+001  -1.307805e+001  -6.477288e+000  6.477104e+000  1.307682e+001  1.561416e+001  1.655758e+001  1.655680e+001  1.607470e+001  1.538343e+001  1.425692e+001  1.297996e+001  1.210123e+001  1.165936e+001  -0.000000e+000  
-1.080367e+001  -1.115093e+001  -1.181375e+001  -1.269555e+001  -1.332202e+001  -1.359936e+001  -1.359963e+001  -1.311831e+001  -1.188302e+001  -9.621288e+000  -4.603165e+000  4.602953e+000  9.620871e+000  1.188305e+001  1.311846e+001  1.359978e+001  1.359947e+001  1.332210e+001  1.269561e+001  1.181379e+001  1.115096e+001  1.080370e+001  -0.000000e+000  
-9.861801e+000  -1.012175e+001  -1.059280e+001  -1.114584e+001  -1.140096e+001  -1.140118e+001  -1.112426e+001  -1.043334e+001  -9.178718e+000  -7.248175e+000  -3.357849e+000  3.357677e+000  7.247993e+000  9.178682e+000  1.043339e+001  1.112433e+001  1.140126e+001  1.140102e+001  1.114589e+001  1.059284e+001  1.012178e+001  9.861830e+000  -0.000000e+000  
-8.855510e+000  -9.039837e+000  -9.351314e+000  -9.649315e+000  -9.649722e+000  -9.480112e+000  -9.062840e+000  -8.312059e+000  -7.150303e+000  -5.538048e+000  -2.494629e+000  2.494501e+000  5.537949e+000  7.150261e+000  8.312067e+000  9.062875e+000  9.480157e+000  9.649769e+000  9.649356e+000  9.351348e+000  9.039866e+000  8.855537e+000  -0.000000e+000  
-6.706042e+000  -6.781040e+000  -6.878366e+000  -6.879265e+000  -6.656802e+000  -6.380868e+000  -5.940443e+000  -5.302333e+000  -4.444902e+000  -3.367811e+000  -1.466595e+000  1.466527e+000  3.367762e+000  4.444872e+000  5.302324e+000  5.940449e+000  6.380884e+000  6.656824e+000  6.879289e+000  6.878390e+000  6.781062e+000  6.706063e+000  -0.000000e+000  
-4.482702e+000  -4.501590e+000  -4.502074e+000  -4.406643e+000  -4.174305e+000  -3.939511e+000  -3.608708e+000  -3.169830e+000  -2.618081e+000  -1.959080e+000  -8.367113e-001  8.366755e-001  1.959053e+000  2.618063e+000  3.169820e+000  3.608706e+000  3.939516e+000  4.174314e+000  4.406657e+000  4.502089e+000  4.501604e+000  4.482716e+000  -0.000000e+000  
-2.241223e+000  -2.241339e+000  -2.222918e+000  -2.148635e+000  -2.011360e+000  -1.882143e+000  -1.709225e+000  -1.488770e+000  -1.220238e+000  -9.073012e-001  -3.837125e-001  3.836970e-001  9.072895e-001  1.220230e+000  1.488765e+000  1.709223e+000  1.882145e+000  2.011363e+000  2.148641e+000  2.222925e+000  2.241346e+000  2.241230e+000  -0.000000e+000  
-0.000000e+000  -0.000000e+000  -0.000000e+000  -0.000000e+000  -0.000000e+000  -0.000000e+000  -0.000000e+000  -0.000000e+000  -0.000000e+000  -0.000000e+000  -0.000000e+000  -0.000000e+000  -0.000000e+000  -0.000000e+000  -0.000000e+000  -0.000000e+000  -0.000000e+000  -0.000000e+000  -0.000000e+000  -0.000000e+000  -0.000000e+000  -0.000000e+000  -0.000000e+000  

0.000000e+000  0.000000e+000  0.000000e+000  0.000000e+000  0.000000e+000  0.000000e+000  0.000000e+000  0.000000e+000  0.000000e+000  0.000000e+000  0.000000e+000  0.000000e+000  0.000000e+000  0.000000e+000  0.000000e+000  0.000000e+000  0.000000e+000  0.000000e+000  0.000000e+000  0.000000e+000  0.000000e+000  0.000000e+000  0.000000e+000  
0.000000e+000  0.000000e+000  0.000000e+000  0.000000e+000  0.000000e+000  0.000000e+000  0.000000e+000  0.000000e+000  0.000000e+000  0.000000e+000  0.000000e+000  0.000000e+000  0.000000e+000  0.000000e+000  0.000000e+000  0.000000e+000  0.000000e+000  0.000000e+000  0.000000e+000  0.000000e+000  0.000000e+000  0.000000e+000  0.000000e+000  
0.000000e+000  0.000000e+000  0.000000e+000  0.000000e+000  0.000000e+000  0.000000e+000  0.000000e+000  0.000000e+000  0.000000e+000  0.000000e+000  0.000000e+000  0.000000e+000  0.000000e+000  0.000000e+000  0.000000e+000  0.000000e+000  0.000000e+000  0.000000e+000  0.000000e+000  0.000000e+000  0.000000e+000  0.000000e+000  0.000000e+000  
0.000000e+000  0.000000e+000  0.000000e+000  0.000000e+000  0.000000e+000  0.000000e+000  0.000000e+000  0.000000e+000  0.000000e+000  0.000000e+000  0.000000e+000  0.000000e+000  0.000000e+000  0.000000e+000  0.000000e+000  0.000000e+000  0.000000e+000  0.000000e+000  0.000000e+000  0.000000e+000  0.000000e+000  0.000000e+000  0.000000e+000  
0.000000e+000  0.000000e+000  0.000000e+000  0.000000e+000  0.000000e+000  0.000000e+000  0.000000e+000  0.000000e+000  0.000000e+000  0.000000e+000  0.000000e+000  0.000000e+000  0.000000e+000  0.000000e+000  0.000000e+000  0.000000e+000  0.000000e+000  0.000000e+000  0.000000e+000  0.000000e+000  0.000000e+000  0.000000e+000  0.000000e+000  
0.000000e+000  0.000000e+000  0.000000e+000  0.000000e+000  0.000000e+000  0.000000e+000  0.000000e+000  0.000000e+000  0.000000e+000  0.000000e+000  0.000000e+000  0.000000e+000  0.000000e+000  0.000000e+000  0.000000e+000  0.000000e+000  0.000000e+000  0.000000e+000  0.000000e+000  0.000000e+000  0.000000e+000  0.000000e+000  0.000000e+000  
0.000000e+000  0.000000e+000  0.000000e+000  0.000000e+000  0.000000e+000  0.000000e+000  0.000000e+000  0.000000e+000  0.000000e+000  0.000000e+000  0.000000e+000  0.000000e+000  0.000000e+000  0.000000e+000  0.000000e+000  0.000000e+000  0.000000e+000  0.000000e+000  0.000000e+000  0.000000e+000  0.000000e+000  0.000000e+000  0.000000e+000  
0.000000e+000  0.000000e+000  0.000000e+000  0.000000e+000  0.000000e+000  0.000000e+000  0.000000e+000  0.000000e+000  0.000000e+000  0.000000e+000  0.000000e+000  0.000000e+000  0.000000e+000  0.000000e+000  0.000000e+000  0.000000e+000  0.000000e+000  0.000000e+000  0.000000e+000  0.000000e+000  0.000000e+000  0.000000e+000  0.000000e+000  
0.000000e+000  0.000000e+000  0.000000e+000  0.000000e+000  0.000000e+000  0.000000e+000  0.000000e+000  0.000000e+000  0.000000e+000  0.000000e+000  0.000000e+000  0.000000e+000  0.000000e+000  0.000000e+000  0.000000e+000  0.000000e+000  0.000000e+000  0.000000e+000  0.000000e+000  0.000000e+000  0.000000e+000  0.000000e+000  0.000000e+000  
0.000000e+000  0.000000e+000  0.000000e+000  0.000000e+000  0.000000e+000  0.000000e+000  0.000000e+000  0.000000e+000  0.000000e+000  0.000000e+000  0.000000e+000  0.000000e+000  0.000000e+000  0.000000e+000  0.000000e+000  0.000000e+000  0.000000e+000  0.000000e+000  0.000000e+000  0.000000e+000  0.000000e+000  0.000000e+000  0.000000e+000  
0.000000e+000  0.000000e+000  0.000000e+000  0.000000e+000  0.000000e+000  0.000000e+000  0.000000e+000  0.000000e+000  0.000000e+000  0.000000e+000  0.000000e+000  0.000000e+000  0.000000e+000  0.000000e+000  0.000000e+000  0.000000e+000  0.000000e+000  0.000000e+000  0.000000e+000  0.000000e+000  0.000000e+000  0.000000e+000  0.000000e+000  
0.000000e+000  0.000000e+000  0.000000e+000  0.000000e+000  0.000000e+000  0.000000e+000  0.000000e+000  0.000000e+000  0.000000e+000  0.000000e+000  0.000000e+000  0.000000e+000  0.000000e+000  0.000000e+000  0.000000e+000  0.000000e+000  0.000000e+000  0.000000e+000  0.000000e+000  0.000000e+000  0.000000e+000  0.000000e+000  0.000000e+000  
0.000000e+000  0.000000e+000  0.000000e+000  0.000000e+000  0.000000e+000  0.000000e+000  0.000000e+000  0.000000e+000  0.000000e+000  0.000000e+000  0.000000e+000  0.000000e+000  0.000000e+000  0.000000e+000  0.000000e+000  0.000000e+000  0.000000e+000  0.000000e+000  0.000000e+000  0.000000e+000  0.000000e+000  0.000000e+000  0.000000e+000  
0.000000e+000  0.000000e+000  0.000000e+000  0.000000e+000  0.000000e+000  0.000000e+000  0.000000e+000  0.000000e+000  0.000000e+000  0.000000e+000  0.000000e+000  0.000000e+000  0.000000e+000  0.000000e+000  0.000000e+000  0.000000e+000  0.000000e+000  0.000000e+000  0.000000e+000  0.000000e+000  0.000000e+000  0.000000e+000  0.000000e+000  
0.000000e+000  0.000000e+000  0.000000e+000  0.000000e+000  0.000000e+000  0.000000e+000  0.000000e+000  0.000000e+000  0.000000e+000  0.000000e+000  0.000000e+000  0.000000e+000  0.000000e+000  0.000000e+000  0.000000e+000  0.000000e+000  0.000000e+000  0.000000e+000  0.000000e+000  0.000000e+000  0.000000e+000  0.000000e+000  0.000000e+000  
0.000000e+000  0.000000e+000  0.000000e+000  0.000000e+000  0.000000e+000  0.000000e+000  0.000000e+000  0.000000e+000  0.000000e+000  0.000000e+000  0.000000e+000  0.000000e+000  0.000000e+000  0.000000e+000  0.000000e+000  0.000000e+000  0.000000e+000  0.000000e+000  0.000000e+000  0.000000e+000  0.000000e+000  0.000000e+000  0.000000e+000  
0.000000e+000  0.000000e+000  0.000000e+000  0.000000e+000  0.000000e+000  0.000000e+000  0.000000e+000  0.000000e+000  0.000000e+000  0.000000e+000  0.000000e+000  0.000000e+000  0.000000e+000  0.000000e+000  0.000000e+000  0.000000e+000  0.000000e+000  0.000000e+000  0.000000e+000  0.000000e+000  0.000000e+000  0.000000e+000  0.000000e+000  
0.000000e+000  0.000000e+000  0.000000e+000  0.000000e+000  0.000000e+000  0.000000e+000  0.000000e+000  0.000000e+000  0.000000e+000  0.000000e+000  0.000000e+000  0.000000e+000  0.000000e+000  0.000000e+000  0.000000e+000  0.000000e+000  0.000000e+000  0.000000e+000  0.000000e+000  0.000000e+000  0.000000e+000  0.000000e+000  0.000000e+000  
0.000000e+000  0.000000e+000  0.000000e+000  0.000000e+000  0.000000e+000  0.000000e+000  0.000000e+000  0.000000e+000  0.000000e+000  0.000000e+000  0.000000e+000  0.000000e+000  0.000000e+000  0.000000e+000  0.000000e+000  0.000000e+000  0.000000e+000  0.000000e+000  0.000000e+000  0.000000e+000  0.000000e+000  0.000000e+000  0.000000e+000  
0.000000e+000  0.000000e+000  0.000000e+000  0.000000e+000  0.000000e+000  0.000000e+000  0.000000e+000  0.000000e+000  0.000000e+000  0.000000e+000  0.000000e+000  0.000000e+000  0.000000e+000  0.000000e+000  0.000000e+000  0.000000e+000  0.000000e+000  0.000000e+000  0.000000e+000  0.000000e+000  0.000000e+000  0.000000e+000  0.000000e+000  
0.000000e+000  0.000000e+000  0.000000e+000  0.000000e+000  0.000000e+000  0.000000e+000  0.000000e+000  0.000000e+000  0.000000e+000  0.000000e+000  0.000000e+000  0.000000e+000  0.000000e+000  0.000000e+000  0.000000e+000  0.000000e+000  0.000000e+000  0.000000e+000  0.000000e+000  0.000000e+000  0.000000e+000  0.000000e+000  0.000000e+000  
0.000000e+000  0.000000e+000  0.000000e+000  0.000000e+000  0.000000e+000  0.000000e+000  0.000000e+000  0.000000e+000  0.000000e+000  0.000000e+000  0.000000e+000  0.000000e+000  0.000000e+000  0.000000e+000  0.000000e+000  0.000000e+000  0.000000e+000  0.000000e+000  0.000000e+000  0.000000e+000  0.000000e+000  0.000000e+000  0.000000e+000  
0.000000e+000  0.000000e+000  0.000000e+000  0.000000e+000  0.000000e+000  0.000000e+000  0.000000e+000  0.000000e+000  0.000000e+000  0.000000e+000  0.000000e+000  0.000000e+000  0.000000e+000  0.000000e+000  0.000000e+000  0.000000e+000  0.000000e+000  0.000000e+000  0.000000e+000  0.000000e+000  0.000000e+000  0.000000e+000  0.000000e+000  

0.000000e+000  0.000000e+000  0.000000e+000  0.000000e+000  0.000000e+000  0.000000e+000  0.000000e+000  0.000000e+000  0.000000e+000  0.000000e+000  0.000000e+000  0.000000e+000  0.000000e+000  0.000000e+000  0.000000e+000  0.000000e+000  0.000000e+000  0.000000e+000  0.000000e+000  0.000000e+000  0.000000e+000  0.000000e+000  0.000000e+000  
0.000000e+000  0.000000e+000  0.000000e+000  0.000000e+000  0.000000e+000  0.000000e+000  0.000000e+000  0.000000e+000  0.000000e+000  0.000000e+000  0.000000e+000  0.000000e+000  0.000000e+000  0.000000e+000  0.000000e+000  0.000000e+000  0.000000e+000  0.000000e+000  0.000000e+000  0.000000e+000  0.000000e+000  0.000000e+000  0.000000e+000  
0.000000e+000  0.000000e+000  0.000000e+000  0.000000e+000  0.000000e+000  0.000000e+000  0.000000e+000  0.000000e+000  0.000000e+000  0.000000e+000  0.000000e+000  0.000000e+000  0.000000e+000  0.000000e+000  0.000000e+000  0.000000e+000  0.000000e+000  0.000000e+000  0.000000e+000  0.000000e+000  0.000000e+000  0.000000e+000  0.000000e+000  
0.000000e+000  0.000000e+000  0.000000e+000  0.000000e+000  0.000000e+000  0.000000e+000  0.000000e+000  0.000000e+000  0.000000e+000  0.000000e+000  0.000000e+000  0.000000e+000  0.000000e+000  0.000000e+000  0.000000e+000  0.000000e+000  0.000000e+000  0.000000e+000  0.000000e+000  0.000000e+000  0.000000e+000  0.000000e+000  0.000000e+000  
0.000000e+000  0.000000e+000  0.000000e+000  0.000000e+000  0.000000e+000  0.000000e+000  0.000000e+000  0.000000e+000  0.000000e+000  0.000000e+000  0.000000e+000  0.000000e+000  0.000000e+000  0.000000e+000  0.000000e+000  0.000000e+000  0.000000e+000  0.000000e+000  0.000000e+000  0.000000e+000  0.000000e+000  0.000000e+000  0.000000e+000  
0.000000e+000  0.000000e+000  0.000000e+000  0.000000e+000  0.000000e+000  0.000000e+000  0.000000e+000  0.000000e+000  0.000000e+000  0.000000e+000  0.000000e+000  0.000000e+000  0.000000e+000  0.000000e+000  0.000000e+000  0.000000e+000  0.000000e+000  0.000000e+000  0.000000e+000  0.000000e+000  0.000000e+000  0.000000e+000  0.000000e+000  
0.000000e+000  0.000000e+000  0.000000e+000  0.000000e+000  0.000000e+000  0.000000e+000  0.000000e+000  0.000000e+000  0.000000e+000  0.000000e+000  0.000000e+000  0.000000e+000  0.000000e+000  0.000000e+000  0.000000e+000  0.000000e+000  0.000000e+000  0.000000e+000  0.000000e+000  0.000000e+000  0.000000e+000  0.000000e+000  0.000000e+000  
0.000000e+000  0.000000e+000  0.000000e+000  0.000000e+000  0.000000e+000  0.000000e+000  0.000000e+000  0.000000e+000  0.000000e+000  0.000000e+000  0.000000e+000  0.000000e+000  0.000000e+000  0.000000e+000  0.000000e+000  0.000000e+000  0.000000e+000  0.000000e+000  0.000000e+000  0.000000e+000  0.000000e+000  0.000000e+000  0.000000e+000  
0.000000e+000  0.000000e+000  0.000000e+000  0.000000e+000  0.000000e+000  0.000000e+000  0.000000e+000  0.000000e+000  0.000000e+000  0.000000e+000  0.000000e+000  0.000000e+000  0.000000e+000  0.000000e+000  0.000000e+000  0.000000e+000  0.000000e+000  0.000000e+000  0.000000e+000  0.000000e+000  0.000000e+000  0.000000e+000  0.000000e+000  
0.000000e+000  0.000000e+000  0.000000e+000  0.000000e+000  0.000000e+000  0.000000e+000  0.000000e+000  0.000000e+000  0.000000e+000  0.000000e+000  0.000000e+000  0.000000e+000  0.000000e+000  0.000000e+000  0.000000e+000  0.000000e+000  0.000000e+000  0.000000e+000  0.000000e+000  0.000000e+000  0.000000e+000  0.000000e+000  0.000000e+000  
0.000000e+000  0.000000e+000  0.000000e+000  0.000000e+000  0.000000e+000  0.000000e+000  0.000000e+000  0.000000e+000  0.000000e+000  0.000000e+000  0.000000e+000  0.000000e+000  0.000000e+000  0.000000e+000  0.000000e+000  0.000000e+000  0.000000e+000  0.000000e+000  0.000000e+000  0.000000e+000  0.000000e+000  0.000000e+000  0.000000e+000  
0.000000e+000  0.000000e+000  0.000000e+000  0.000000e+000  0.000000e+000  0.000000e+000  0.000000e+000  0.000000e+000  0.000000e+000  0.000000e+000  0.000000e+000  0.000000e+000  0.000000e+000  0.000000e+000  0.000000e+000  0.000000e+000  0.000000e+000  0.000000e+000  0.000000e+000  0.000000e+000  0.000000e+000  0.000000e+000  0.000000e+000  
0.000000e+000  0.000000e+000  0.000000e+000  0.000000e+000  0.000000e+000  0.000000e+000  0.000000e+000  0.000000e+000  0.000000e+000  0.000000e+000  0.000000e+000  0.000000e+000  0.000000e+000  0.000000e+000  0.000000e+000  0.000000e+000  0.000000e+000  0.000000e+000  0.000000e+000  0.000000e+000  0.000000e+000  0.000000e+000  0.000000e+000  
0.000000e+000  0.000000e+000  0.000000e+000  0.000000e+000  0.000000e+000  0.000000e+000  0.000000e+000  0.000000e+000  0.000000e+000  0.000000e+000  0.000000e+000  0.000000e+000  0.000000e+000  0.000000e+000  0.000000e+000  0.000000e+000  0.000000e+000  0.000000e+000  0.000000e+000  0.000000e+000  0.000000e+000  0.000000e+000  0.000000e+000  
0.000000e+000  0.000000e+000  0.000000e+000  0.000000e+000  0.000000e+000  0.000000e+000  0.000000e+000  0.000000e+000  0.000000e+000  0.000000e+000  0.000000e+000  0.000000e+000  0.000000e+000  0.000000e+000  0.000000e+000  0.000000e+000  0.000000e+000  0.000000e+000  0.000000e+000  0.000000e+000  0.000000e+000  0.000000e+000  0.000000e+000  
0.000000e+000  0.000000e+000  0.000000e+000  0.000000e+000  0.000000e+000  0.000000e+000  0.000000e+000  0.000000e+000  0.000000e+000  0.000000e+000  0.000000e+000  0.000000e+000  0.000000e+000  0.000000e+000  0.000000e+000  0.000000e+000  0.000000e+000  0.000000e+000  0.000000e+000  0.000000e+000  0.000000e+000  0.000000e+000  0.000000e+000  
0.000000e+000  0.000000e+000  0.000000e+000  0.000000e+000  0.000000e+000  0.000000e+000  0.000000e+000  0.000000e+000  0.000000e+000  0.000000e+000  0.000000e+000  0.000000e+000  0.000000e+000  0.000000e+000  0.000000e+000  0.000000e+000  0.000000e+000  0.000000e+000  0.000000e+000  0.000000e+000  0.000000e+000  0.000000e+000  0.000000e+000  
0.000000e+000  0.000000e+000  0.000000e+000  0.000000e+000  0.000000e+000  0.000000e+000  0.000000e+000  0.000000e+000  0.000000e+000  0.000000e+000  0.000000e+000  0.000000e+000  0.000000e+000  0.000000e+000  0.000000e+000  0.000000e+000  0.000000e+000  0.000000e+000  0.000000e+000  0.000000e+000  0.000000e+000  0.000000e+000  0.000000e+000  
0.000000e+000  0.000000e+000  0.000000e+000  0.000000e+000  0.000000e+000  0.000000e+000  0.000000e+000  0.000000e+000  0.000000e+000  0.000000e+000  0.000000e+000  0.000000e+000  0.000000e+000  0.000000e+000  0.000000e+000  0.000000e+000  0.000000e+000  0.000000e+000  0.000000e+000  0.000000e+000  0.000000e+000  0.000000e+000  0.000000e+000  
0.000000e+000  0.000000e+000  0.000000e+000  0.000000e+000  0.000000e+000  0.000000e+000  0.000000e+000  0.000000e+000  0.000000e+000  0.000000e+000  0.000000e+000  0.000000e+000  0.000000e+000  0.000000e+000  0.000000e+000  0.000000e+000  0.000000e+000  0.000000e+000  0.000000e+000  0.000000e+000  0.000000e+000  0.000000e+000  0.000000e+000  
0.000000e+000  0.000000e+000  0.000000e+000  0.000000e+000  0.000000e+000  0.000000e+000  0.000000e+000  0.000000e+000  0.000000e+000  0.000000e+000  0.000000e+000  0.000000e+000  0.000000e+000  0.000000e+000  0.000000e+000  0.000000e+000  0.000000e+000  0.000000e+000  0.000000e+000  0.000000e+000  0.000000e+000  0.000000e+000  0.000000e+000  
0.000000e+000  0.000000e+000  0.000000e+000  0.000000e+000  0.000000e+000  0.000000e+000  0.000000e+000  0.000000e+000  0.000000e+000  0.000000e+000  0.000000e+000  0.000000e+000  0.000000e+000  0.000000e+000  0.000000e+000  0.000000e+000  0.000000e+000  0.000000e+000  0.000000e+000  0.000000e+000  0.000000e+000  0.000000e+000  0.000000e+000  
0.000000e+000  0.000000e+000  0.000000e+000  0.000000e+000  0.000000e+000  0.000000e+000  0.000000e+000  0.000000e+000  0.000000e+000  0.000000e+000  0.000000e+000  0.000000e+000  0.000000e+000  0.000000e+000  0.000000e+000  0.000000e+000  0.000000e+000  0.000000e+000  0.000000e+000  0.000000e+000  0.000000e+000  0.000000e+000  0.000000e+000  

0.000000e+000  0.000000e+000  0.000000e+000  0.000000e+000  0.000000e+000  0.000000e+000  0.000000e+000  0.000000e+000  0.000000e+000  0.000000e+000  0.000000e+000  0.000000e+000  0.000000e+000  0.000000e+000  0.000000e+000  0.000000e+000  0.000000e+000  0.000000e+000  0.000000e+000  0.000000e+000  0.000000e+000  0.000000e+000  0.000000e+000  
0.000000e+000  0.000000e+000  0.000000e+000  0.000000e+000  0.000000e+000  0.000000e+000  0.000000e+000  0.000000e+000  0.000000e+000  0.000000e+000  0.000000e+000  0.000000e+000  0.000000e+000  0.000000e+000  0.000000e+000  0.000000e+000  0.000000e+000  0.000000e+000  0.000000e+000  0.000000e+000  0.000000e+000  0.000000e+000  0.000000e+000  
0.000000e+000  0.000000e+000  0.000000e+000  0.000000e+000  0.000000e+000  0.000000e+000  0.000000e+000  0.000000e+000  0.000000e+000  0.000000e+000  0.000000e+000  0.000000e+000  0.000000e+000  0.000000e+000  0.000000e+000  0.000000e+000  0.000000e+000  0.000000e+000  0.000000e+000  0.000000e+000  0.000000e+000  0.000000e+000  0.000000e+000  
0.000000e+000  0.000000e+000  0.000000e+000  0.000000e+000  0.000000e+000  0.000000e+000  0.000000e+000  0.000000e+000  0.000000e+000  0.000000e+000  0.000000e+000  0.000000e+000  0.000000e+000  0.000000e+000  0.000000e+000  0.000000e+000  0.000000e+000  0.000000e+000  0.000000e+000  0.000000e+000  0.000000e+000  0.000000e+000  0.000000e+000  
0.000000e+000  0.000000e+000  0.000000e+000  0.000000e+000  0.000000e+000  0.000000e+000  0.000000e+000  0.000000e+000  0.000000e+000  0.000000e+000  0.000000e+000  0.000000e+000  0.000000e+000  0.000000e+000  0.000000e+000  0.000000e+000  0.000000e+000  0.000000e+000  0.000000e+000  0.000000e+000  0.000000e+000  0.000000e+000  0.000000e+000  
0.000000e+000  0.000000e+000  0.000000e+000  0.000000e+000  0.000000e+000  0.000000e+000  0.000000e+000  0.000000e+000  0.000000e+000  0.000000e+000  0.000000e+000  0.000000e+000  0.000000e+000  0.000000e+000  0.000000e+000  0.000000e+000  0.000000e+000  0.000000e+000  0.000000e+000  0.000000e+000  0.000000e+000  0.000000e+000  0.000000e+000  
0.000000e+000  0.000000e+000  0.000000e+000  0.000000e+000  0.000000e+000  0.000000e+000  0.000000e+000  0.000000e+000  0.000000e+000  0.000000e+000  0.000000e+000  0.000000e+000  0.000000e+000  0.000000e+000  0.000000e+000  0.000000e+000  0.000000e+000  0.000000e+000  0.000000e+000  0.000000e+000  0.000000e+000  0.000000e+000  0.000000e+000  
0.000000e+000  0.000000e+000  0.000000e+000  0.000000e+000  0.000000e+000  0.000000e+000  0.000000e+000  0.000000e+000  0.000000e+000  0.000000e+000  0.000000e+000  0.000000e+000  0.000000e+000  0.000000e+000  0.000000e+000  0.000000e+000  0.000000e+000  0.000000e+000  0.000000e+000  0.000000e+000  0.000000e+000  0.000000e+000  0.000000e+000  
0.000000e+000  0.000000e+000  0.000000e+000  0.000000e+000  0.000000e+000  0.000000e+000  0.000000e+000  0.000000e+000  0.000000e+000  0.000000e+000  0.000000e+000  0.000000e+000  0.000000e+000  0.000000e+000  0.000000e+000  0.000000e+000  0.000000e+000  0.000000e+000  0.000000e+000  0.000000e+000  0.000000e+000  0.000000e+000  0.000000e+000  
0.000000e+000  0.000000e+000  0.000000e+000  0.000000e+000  0.000000e+000  0.000000e+000  0.000000e+000  0.000000e+000  0.000000e+000  0.000000e+000  0.000000e+000  0.000000e+000  0.000000e+000  0.000000e+000  0.000000e+000  0.000000e+000  0.000000e+000  0.000000e+000  0.000000e+000  0.000000e+000  0.000000e+000  0.000000e+000  0.000000e+000  
0.000000e+000  0.000000e+000  0.000000e+000  0.000000e+000  0.000000e+000  0.000000e+000  0.000000e+000  0.000000e+000  0.000000e+000  0.000000e+000  0.000000e+000  0.000000e+000  0.000000e+000  0.000000e+000  0.000000e+000  0.000000e+000  0.000000e+000  0.000000e+000  0.000000e+000  0.000000e+000  0.000000e+000  0.000000e+000  0.000000e+000  
0.000000e+000  0.000000e+000  0.000000e+000  0.000000e+000  0.000000e+000  0.000000e+000  0.000000e+000  0.000000e+000  0.000000e+000  0.000000e+000  0.000000e+000  0.000000e+000  0.000000e+000  0.000000e+000  0.000000e+000  0.000000e+000  0.000000e+000  0.000000e+000  0.000000e+000  0.000000e+000  0.000000e+000  0.000000e+000  0.000000e+000  
0.000000e+000  0.000000e+000  0.000000e+000  0.000000e+000  0.000000e+000  0.000000e+000  0.000000e+000  0.000000e+000  0.000000e+000  0.000000e+000  0.000000e+000  0.000000e+000  0.000000e+000  0.000000e+000  0.000000e+000  0.000000e+000  0.000000e+000  0.000000e+000  0.000000e+000  0.000000e+000  0.000000e+000  0.000000e+000  0.000000e+000  
0.000000e+000  0.000000e+000  0.000000e+000  0.000000e+000  0.000000e+000  0.000000e+000  0.000000e+000  0.000000e+000  0.000000e+000  0.000000e+000  0.000000e+000  0.000000e+000  0.000000e+000  0.000000e+000  0.000000e+000  0.000000e+000  0.000000e+000  0.000000e+000  0.000000e+000  0.000000e+000  0.000000e+000  0.000000e+000  0.000000e+000  
0.000000e+000  0.000000e+000  0.000000e+000  0.000000e+000  0.000000e+000  0.000000e+000  0.000000e+000  0.000000e+000  0.000000e+000  0.000000e+000  0.000000e+000  0.000000e+000  0.000000e+000  0.000000e+000  0.000000e+000  0.000000e+000  0.000000e+000  0.000000e+000  0.000000e+000  0.000000e+000  0.000000e+000  0.000000e+000  0.000000e+000  
0.000000e+000  0.000000e+000  0.000000e+000  0.000000e+000  0.000000e+000  0.000000e+000  0.000000e+000  0.000000e+000  0.000000e+000  0.000000e+000  0.000000e+000  0.000000e+000  0.000000e+000  0.000000e+000  0.000000e+000  0.000000e+000  0.000000e+000  0.000000e+000  0.000000e+000  0.000000e+000  0.000000e+000  0.000000e+000  0.000000e+000  
0.000000e+000  0.000000e+000  0.000000e+000  0.000000e+000  0.000000e+000  0.000000e+000  0.000000e+000  0.000000e+000  0.000000e+000  0.000000e+000  0.000000e+000  0.000000e+000  0.000000e+000  0.000000e+000  0.000000e+000  0.000000e+000  0.000000e+000  0.000000e+000  0.000000e+000  0.000000e+000  0.000000e+000  0.000000e+000  0.000000e+000  
0.000000e+000  0.000000e+000  0.000000e+000  0.000000e+000  0.000000e+000  0.000000e+000  0.000000e+000  0.000000e+000  0.000000e+000  0.000000e+000  0.000000e+000  0.000000e+000  0.000000e+000  0.000000e+000  0.000000e+000  0.000000e+000  0.000000e+000  0.000000e+000  0.000000e+000  0.000000e+000  0.000000e+000  0.000000e+000  0.000000e+000  
0.000000e+000  0.000000e+000  0.000000e+000  0.000000e+000  0.000000e+000  0.000000e+000  0.000000e+000  0.000000e+000  0.000000e+000  0.000000e+000  0.000000e+000  0.000000e+000  0.000000e+000  0.000000e+000  0.000000e+000  0.000000e+000  0.000000e+000  0.000000e+000  0.000000e+000  0.000000e+000  0.000000e+000  0.000000e+000  0.000000e+000  
0.000000e+000  0.000000e+000  0.000000e+000  0.000000e+000  0.000000e+000  0.000000e+000  0.000000e+000  0.000000e+000  0.000000e+000  0.000000e+000  0.000000e+000  0.000000e+000  0.000000e+000  0.000000e+000  0.000000e+000  0.000000e+000  0.000000e+000  0.000000e+000  0.000000e+000  0.000000e+000  0.000000e+000  0.000000e+000  0.000000e+000  
0.000000e+000  0.000000e+000  0.000000e+000  0.000000e+000  0.000000e+000  0.000000e+000  0.000000e+000  0.000000e+000  0.000000e+000  0.000000e+000  0.000000e+000  0.000000e+000  0.000000e+000  0.000000e+000  0.000000e+000  0.000000e+000  0.000000e+000  0.000000e+000  0.000000e+000  0.000000e+000  0.000000e+000  0.000000e+000  0.000000e+000  
0.000000e+000  0.000000e+000  0.000000e+000  0.000000e+000  0.000000e+000  0.000000e+000  0.000000e+000  0.000000e+000  0.000000e+000  0.000000e+000  0.000000e+000  0.000000e+000  0.000000e+000  0.000000e+000  0.000000e+000  0.000000e+000  0.000000e+000  0.000000e+000  0.000000e+000  0.000000e+000  0.000000e+000  0.000000e+000  0.000000e+000  
0.000000e+000  0.000000e+000  0.000000e+000  0.000000e+000  0.000000e+000  0.000000e+000  0.000000e+000  0.000000e+000  0.000000e+000  0.000000e+000  0.000000e+000  0.000000e+000  0.000000e+000  0.000000e+000  0.000000e+000  0.000000e+000  0.000000e+000  0.000000e+000  0.000000e+000  0.000000e+000  0.000000e+000  0.000000e+000  0.000000e+000  

-1.962710e-006  7.043637e-003  2.113601e-002  4.165908e-002  6.124383e-002  8.054836e-002  1.059630e-001  7.567668e-002  5.337488e-002  3.571721e-002  1.327194e-002  -1.327215e-002  -3.571745e-002  -5.337515e-002  -7.567700e-002  -1.059634e-001  -8.054869e-002  -6.124410e-002  -4.165929e-002  -2.113614e-002  -7.043721e-003  1.903719e-006  -0.000000e+000  
-7.047563e-003  -1.960342e-006  1.470884e-002  3.973739e-002  4.323117e-002  4.768844e-002  4.971467e-002  4.373767e-002  3.479772e-002  2.494018e-002  9.888799e-003  -9.888969e-003  -2.494037e-002  -3.479792e-002  -4.373789e-002  -4.971491e-002  -4.768867e-002  -4.323139e-002  -3.973759e-002  -1.470895e-002  1.901477e-006  7.047529e-003  -0.000000e+000  
-2.113994e-002  -1.471275e-002  -2.016327e-006  1.598047e-002  2.213698e-002  2.479672e-002  2.547867e-002  2.364996e-002  1.989043e-002  1.486975e-002  6.214774e-003  -6.214881e-003  -1.486987e-002  -1.989056e-002  -2.365010e-002  -2.547881e-002  -2.479687e-002  -2.213712e-002  -1.598059e-002  1.958738e-006  1.471274e-002  2.113996e-002  -0.000000e+000  
-4.166304e-002  -3.974138e-002  -1.598514e-002  -2.810255e-006  6.820883e-003  9.815895e-003  1.128491e-002  1.128528e-002  1.002750e-002  7.796409e-003  3.430327e-003  -3.430356e-003  -7.796453e-003  -1.002756e-002  -1.128535e-002  -1.128499e-002  -9.815975e-003  -6.820957e-003  2.756410e-006  1.598514e-002  3.974146e-002  4.166312e-002  -0.000000e+000  
-6.124785e-002  -4.323530e-002  -2.214191e-002  -6.827220e-003  -3.946041e-006  3.158171e-003  5.045370e-003  5.786141e-003  5.550105e-003  4.530269e-003  2.121360e-003  -2.121315e-003  -4.530246e-003  -5.550114e-003  -5.786179e-003  -5.045423e-003  -3.158229e-003  3.894889e-006  6.827190e-003  2.214194e-002  4.323539e-002  6.124800e-002  -0.000000e+000  
-8.055255e-002  -4.769260e-002  -2.480168e-002  -9.822543e-003  -3.167100e-003  -5.394108e-006  2.032098e-003  3.096843e-003  3.348966e-003  2.938957e-003  1.506401e-003  -1.506299e-003  -2.938871e-003  -3.348945e-003  -3.096871e-003  -2.032147e-003  5.342071e-006  3.167056e-003  9.822523e-003  2.480171e-002  4.769271e-002  8.055275e-002  -0.000000e+000  
-1.059675e-001  -4.971870e-002  -2.548342e-002  -1.129153e-002  -5.054995e-003  -2.044746e-003  -8.431672e-006  1.220159e-003  1.809947e-003  1.892686e-003  1.167083e-003  -1.166918e-003  -1.892482e-003  -1.809915e-003  -1.220202e-003  8.369126e-006  2.044688e-003  5.054952e-003  1.129151e-002  2.548346e-002  4.971882e-002  1.059678e-001  -0.000000e+000  
-7.568038e-002  -4.374127e-002  -2.365424e-002  -1.129134e-002  -5.795444e-003  -3.110157e-003  -1.241238e-003  -1.772797e-005  7.779715e-004  1.412909e-003  1.169380e-003  -1.169166e-003  -1.412390e-003  -7.780238e-004  1.761058e-005  1.241138e-003  3.110084e-003  5.795396e-003  1.129133e-002  2.365428e-002  4.374137e-002  7.568057e-002  -0.000000e+000  
-5.337780e-002  -3.480068e-002  -1.989396e-002  -1.003236e-002  -5.557236e-003  -3.359189e-003  -1.828631e-003  -8.278040e-004  -9.324365e-005  3.621107e-003  -0.000000e+000  -0.000000e+000  -3.621454e-003  9.260097e-005  8.275301e-004  1.828486e-003  3.359103e-003  5.557184e-003  1.003235e-002  1.989398e-002  3.480076e-002  5.337794e-002  -0.000000e+000  
-3.571934e-002  -2.494238e-002  -1.487232e-002  -7.799659e-003  -4.533645e-003  -2.940723e-003  -1.886287e-003  -1.371611e-003  -2.281678e-003  -0.000000e+000  -0.000000e+000  -0.000000e+000  -0.000000e+000  2.281234e-003  1.371420e-003  1.886166e-003  2.940648e-003  4.533600e-003  7.799647e-003  1.487234e-002  2.494244e-002  3.571943e-002  -0.000000e+000  
-1.327286e-002  -9.889748e-003  -6.215806e-003  -3.431345e-003  -2.121643e-003  -1.505315e-003  -1.163159e-003  -1.161524e-003  -0.000000e+000  -0.000000e+000  -0.000000e+000  -0.000000e+000  -0.000000e+000  -0.000000e+000  1.161457e-003  1.163109e-003  1.505281e-003  2.121622e-003  3.431339e-003  6.215814e-003  9.889770e-003  1.327289e-002  -0.000000e+000  
1.327286e-002  9.889748e-003  6.215806e-003  3.431345e-003  2.121643e-003  1.505315e-003  1.163159e-003  1.161524e-003  -0.000000e+000  -0.000000e+000  -0.000000e+000  -0.000000e+000  -0.000000e+000  -0.000000e+000  -1.161458e-003  -1.163110e-003  -1.505281e-003  -2.121622e-003  -3.431339e-003  -6.215814e-003  -9.889770e-003  -1.327289e-002  -0.000000e+000  
3.571934e-002  2.494238e-002  1.487232e-002  7.799659e-003  4.533645e-003  2.940723e-003  1.886287e-003  1.371611e-003  2.281670e-003  -0.000000e+000  -0.000000e+000  -0.000000e+000  -0.000000e+000  -2.281238e-003  -1.371421e-003  -1.886166e-003  -2.940649e-003  -4.533601e-003  -7.799647e-003  -1.487234e-002  -2.494244e-002  -3.571943e-002  -0.000000e+000  
5.337780e-002  3.480068e-002  1.989396e-002  1.003236e-002  5.557236e-003  3.359189e-003  1.828631e-003  8.278040e-004  9.324353e-005  -3.621101e-003  -0.000000e+000  -0.000000e+000  3.621459e-003  -9.260118e-005  -8.275302e-004  -1.828486e-003  -3.359103e-003  -5.557185e-003  -1.003235e-002  -1.989398e-002  -3.480076e-002  -5.337794e-002  -0.000000e+000  
7.568038e-002  4.374127e-002  2.365424e-002  1.129134e-002  5.795444e-003  3.110157e-003  1.241238e-003  1.772764e-005  -7.779717e-004  -1.412909e-003  -1.169381e-003  1.169166e-003  1.412389e-003  7.780238e-004  -1.761065e-005  -1.241138e-003  -3.110084e-003  -5.795396e-003  -1.129133e-002  -2.365428e-002  -4.374137e-002  -7.568057e-002  -0.000000e+000  
1.059675e-001  4.971870e-002  2.548342e-002  1.129153e-002  5.054995e-003  2.044746e-003  8.431542e-006  -1.220159e-003  -1.809947e-003  -1.892686e-003  -1.167083e-003  1.166918e-003  1.892482e-003  1.809915e-003  1.220202e-003  -8.369353e-006  -2.044689e-003  -5.054952e-003  -1.129151e-002  -2.548346e-002  -4.971882e-002  -1.059678e-001  -0.000000e+000  
8.055255e-002  4.769260e-002  2.480168e-002  9.822543e-003  3.167100e-003  5.393862e-006  -2.032099e-003  -3.096843e-003  -3.348966e-003  -2.938957e-003  -1.506401e-003  1.506299e-003  2.938871e-003  3.348945e-003  3.096871e-003  2.032147e-003  -5.342221e-006  -3.167056e-003  -9.822523e-003  -2.480171e-002  -4.769271e-002  -8.055275e-002  -0.000000e+000  
6.124785e-002  4.323530e-002  2.214191e-002  6.827220e-003  3.945835e-006  -3.158171e-003  -5.045370e-003  -5.786141e-003  -5.550105e-003  -4.530269e-003  -2.121361e-003  2.121315e-003  4.530246e-003  5.550114e-003  5.786179e-003  5.045423e-003  3.158228e-003  -3.894972e-006  -6.827190e-003  -2.214194e-002  -4.323540e-002  -6.124800e-002  -0.000000e+000  
4.166304e-002  3.974138e-002  1.598514e-002  2.810079e-006  -6.820883e-003  -9.815895e-003  -1.128491e-002  -1.128528e-002  -1.002750e-002  -7.796409e-003  -3.430327e-003  3.430356e-003  7.796453e-003  1.002756e-002  1.128535e-002  1.128499e-002  9.815975e-003  6.820957e-003  -2.756560e-006  -1.598514e-002  -3.974146e-002  -4.166312e-002  -0.000000e+000  
2.113994e-002  1.471275e-002  2.016119e-006  -1.598048e-002  -2.213698e-002  -2.479672e-002  -2.547867e-002  -2.364996e-002  -1.989043e-002  -1.486975e-002  -6.214774e-003  6.214881e-003  1.486987e-002  1.989056e-002  2.365010e-002  2.547881e-002  2.479687e-002  2.213712e-002  1.598059e-002  -1.958894e-006  -1.471274e-002  -2.113996e-002  -0.000000e+000  
7.047563e-003  1.960153e-006  -1.470884e-002  -3.973739e-002  -4.323117e-002  -4.768844e-002  -4.971467e-002  -4.373767e-002  -3.479772e-002  -2.494018e-002  -9.888799e-003  9.888969e-003  2.494037e-002  3.479792e-002  4.373789e-002  4.971491e-002  4.768867e-002  4.323139e-002  3.973759e-002  1.470895e-002  -1.901651e-006  -7.047529e-003  -0.000000e+000  
1.962550e-006  -7.043637e-003  -2.113601e-002  -4.165908e-002  -6.124383e-002  -8.054836e-002  -1.059630e-001  -7.567668e-002  -5.337488e-002  -3.571721e-002  -1.327194e-002  1.327215e-002  3.571745e-002  5.337515e-002  7.567700e-002  1.059634e-001  8.054869e-002  6.124410e-002  4.165929e-002  2.113614e-002  7.043721e-003  -1.903877e-006  -0.000000e+000  
-0.000000e+000  -0.000000e+000  -0.000000e+000  -0.000000e+000  -0.000000e+000  -0.000000e+000  -0.000000e+000  -0.000000e+000  -0.000000e+000  -0.000000e+000  -0.000000e+000  -0.000000e+000  -0.000000e+000  -0.000000e+000  -0.000000e+000  -0.000000e+000  -0.000000e+000  -0.000000e+000  -0.000000e+000  -0.000000e+000  -0.000000e+000  -0.000000e+000  -0.000000e+000  

