01/Jul/2020 12:14:53  Build version: 2019.7 Release from 2019-07-05 (change 706060)

01/Jul/2020 12:14:53  Starting adaptive port meshing.
                      
                      ------------------------------------------------------------------------------
01/Jul/2020 12:14:53  Mode calculation for port 1:
                      
                      ------------------------------------------------------------------------------

                      ------------------------------------------------------------------------------

                      ------------------------------------------------------------------------------
01/Jul/2020 12:14:55  Using generalized port mode solver.
                      
                      ------------------------------------------------------------------------------
01/Jul/2020 12:14:55  Automatically activated electric shielding for port 1.
                      
                      ------------------------------------------------------------------------------
01/Jul/2020 12:14:55  *** Warning ***
                      
01/Jul/2020 12:14:55  Port number 1 has very few transversal points to calculate the desired number of modes. This may lead to inaccurate mode
                      patterns. More...
                      
                      ------------------------------------------------------------------------------
01/Jul/2020 12:14:55    -------------------------------- F-Calc 2.2 --------------------------------
                        Port   Mode   Type        Z-Wave        Z-Wave-Sigma  Z-Line        F-Cutoff
                        1      1      TEM         266           0.0492        59.4          0.0
                        1      2      TE          25.7          6.61e-009     ---           22.63
                        1      3      TE          25.7          2.30e-009     ---           22.63
                        1      4      TE          17.2          0.0014        ---           34.32
                        1      5      TE          12.6          1.26          ---           46.56
                        1      6      TE          11.7          3.21e-007     ---           50.35
                        1      7      HYBRID      12.2          0.000152      ---           52.45
                        1      8      HYBRID      12.2          0.000152      ---           52.45
                        1      9      TM          6.36e+003     2.48          ---           52.49
                        1      10     HYBRID      5.35e+003     0.000165      ---           57.63
                        ----------------------------------------------------------------------------
                      
01/Jul/2020 12:14:56  Pass 1 successfully completed. 

                      ------------------------------------------------------------------------------

                      ------------------------------------------------------------------------------
01/Jul/2020 12:14:58    -------------------------------- F-Calc 2.2 --------------------------------
                        Port   Mode   Type        Z-Wave        Z-Wave-Sigma  Z-Line        F-Cutoff
                        1      1      QTEM        265           2.56e-005     53.9          ---
                        1      2      TE          25.5          1.92e-007     ---           22.62
                        1      3      TE          25.5          1.91e-007     ---           22.62
                        1      4      TE          16.7          1.70e-005     ---           35.77
                        1      5      HYBRID      10.4          0.429         ---           48.93
                        1      6      HYBRID      13.7          0.000401      ---           55.05
                        1      7      HYBRID      13.7          0.000401      ---           55.05
                        1      8      TE          11.3          9.84e-005     ---           55.43
                        1      9      HYBRID      6.92e+003     0.0512        ---           59.54
                        1      10     HYBRID      5.78e+003     0.00376       ---           63.66
                        ----------------------------------------------------------------------------
                      
01/Jul/2020 12:14:59  Pass 2 successfully completed. Delta (Line Imp.): 100.00%

                      ------------------------------------------------------------------------------

                      ------------------------------------------------------------------------------
01/Jul/2020 12:15:01    -------------------------------- F-Calc 2.2 --------------------------------
                        Port   Mode   Type        Z-Wave        Z-Wave-Sigma  Z-Line        F-Cutoff
                        1      1      QTEM        263           0.000291      54.4          ---
                        1      2      TE          25            1.75e-008     ---           24.71
                        1      3      TE          25            8.31e-005     ---           24.72
                        1      4      TE          17            0.000112      ---           39.07
                        1      5      HYBRID      9.67          0.0443        ---           54.39
                        1      6      HYBRID      17.5          0.00259       ---           60.97
                        1      7      HYBRID      17.5          0.00257       ---           60.97
                        1      8      TE          13.7          0.000285      ---           61.61
                        1      9      HYBRID      7.08e+003     0.0544        ---           65.24
                        1      10     HYBRID      5.99e+003     0.068         ---           69.72
                        ----------------------------------------------------------------------------
                      
01/Jul/2020 12:15:02  Pass 3 successfully completed. Delta (Line Imp.): 31091.84%

                      ------------------------------------------------------------------------------

                      ------------------------------------------------------------------------------
01/Jul/2020 12:15:06    -------------------------------- F-Calc 2.2 --------------------------------
                        Port   Mode   Type        Z-Wave        Z-Wave-Sigma  Z-Line        F-Cutoff
                        1      1      QTEM        263           0.00444       54.5          ---
                        1      2      TE          24.9          1.53e-006     ---           23.7
                        1      3      TE          24.9          1.55e-007     ---           23.7
                        1      4      TE          17.2          0.119         ---           37.5
                        1      5      HYBRID      9.63          0.0348        ---           52.15
                        1      6      HYBRID      17.8          0.179         ---           58.47
                        1      7      HYBRID      17.8          0.179         ---           58.47
                        1      8      TE          13.8          0.147         ---           59.19
                        1      9      HYBRID      7.10e+003     0.157         ---           62.45
                        1      10     HYBRID      6.06e+003     0.0136        ---           66.73
                        ----------------------------------------------------------------------------
                      
01/Jul/2020 12:15:07  Pass 4 successfully completed. Delta (Line Imp.): 1.91%
01/Jul/2020 12:15:08  Mode calculation for port 2:
                      
                      ------------------------------------------------------------------------------

                      ------------------------------------------------------------------------------

                      ------------------------------------------------------------------------------
01/Jul/2020 12:15:10  Using generalized port mode solver.
                      
                      ------------------------------------------------------------------------------
01/Jul/2020 12:15:11    -------------------------------- F-Calc 2.2 --------------------------------
                        Port   Mode   Type        Z-Wave        Z-Wave-Sigma  Z-Line        F-Cutoff
                        2      1      TE          538           1.33e-005     ---           1.571
                        2      2      TE          368           9.21e-006     ---           3.151
                        2      3      TE          253           6.53e-006     ---           3.943
                        2      4      TE          228           8.13e-006     ---           4.244
                        2      5      TM          621           2.92e-005     ---           4.244
                        2      6      TE          202           7.32e-006     ---           4.651
                        2      7      TE          183           7.81e-006     ---           5.048
                        2      8      TM          778           0.000106      ---           5.048
                        2      9      TE          146           8.56e-006     ---           6.099
                        2      10     TM          974           0.000129      ---           6.099
                        ----------------------------------------------------------------------------
                      
01/Jul/2020 12:15:13  Pass 1 successfully completed. 
01/Jul/2020 12:15:13  Adaptive port meshing finished. 
                      
                      ------------------------------------------------------------------------------
01/Jul/2020 12:15:13  *** Warning ***
                      
                      This software is licensed for educational purposes only.
                      
                      ------------------------------------------------------------------------------
01/Jul/2020 12:15:13  
                      Solver started at: 12:15 PM Wednesday, 01. July 2020 (GMT Daylight Time)
                      
                        Module:  Time Domain: S-Parameter (Win 64)
                        Version: 2019.7 Release from 2019-07-05 (change 706060)
                      

                      ------------------------------------------------------------------------------

                      ------------------------------------------------------------------------------
01/Jul/2020 12:15:13  ======================================================================
                       Solver cycle: 1
                      ======================================================================
                      
                      Stimulation at port 1 (mode 1) 
                      
                      
                      
                      ------------------------------------------------------------------------------
01/Jul/2020 12:15:13  Units settings: 
                      
                        Dimensions: mm
                        Frequency:  GHz
                        Time:       ns
                      
                      ------------------------------------------------------------------------------
01/Jul/2020 12:15:31  Mesh statistics:
                      
                         Hexahedral mesh type: PBA [Version: default]
                      
                         Parallelization type: domain decomposition
                            Number of parallel working threads: 2
                            Number of calculation domains used: 2
                      
                         Used point accuracy enhancement value: 75.00%.
                         PBA fill limit: 99.00% (inverse)

01/Jul/2020 12:15:32  Using generalized port mode solver.
                      
                      ------------------------------------------------------------------------------
01/Jul/2020 12:15:32  Automatically activated electric shielding for port 1.
                      
                      ------------------------------------------------------------------------------
01/Jul/2020 12:15:32  Boundary conditions: 
                      
                        YZsymmetry: none
                        XZsymmetry: none
                        XYsymmetry: none
                      
                        Xmin: electric
                        Xmax: electric
                      
                        Ymin: electric
                        Ymax: electric
                      
                        Zmin: electric
                        Zmax: electric
                      
                        PML-Type: ---
                      
                      ------------------------------------------------------------------------------
01/Jul/2020 12:15:32  Frequency settings: 
                      
                        Fmin:         1
                        Fmax:         3.4
                        Nfsteps(lin): 1001
                      
                      ------------------------------------------------------------------------------
01/Jul/2020 12:15:32  *** Warning ***
                      
01/Jul/2020 12:15:32  Port number 1 has very few transversal points to calculate the desired number of modes. This may lead to inaccurate mode
                      patterns. More...
                      
                      ------------------------------------------------------------------------------
01/Jul/2020 12:15:32  Waveguide boundaries:
                      
01/Jul/2020 12:15:32  Port: 1
                      
01/Jul/2020 12:15:32    -------------------------------- F-Calc 2.2 --------------------------------
                        Port   Mode   Type        Z-Wave        Z-Wave-Sigma  Z-Line        F-Cutoff
                        1      1      TEM         266           6.95e-008     54.5          0.0
                        1      2      TE          25.7          3.01e-014     ---           22.72
                        1      3      TE          25.7          9.55e-014     ---           22.72
                        1      4      TE          17.2          0.00034       ---           34.63
                        1      5      TE          12.6          1.26          ---           47.35
                        1      6      TE          11.7          0.00548       ---           51.36
                        1      7      HYBRID      11.8          4.76e-013     ---           53.59
                        1      8      HYBRID      11.8          1.10e-012     ---           53.59
                        1      9      TM          6.37e+003     0.701         ---           53.64
                        1      10     HYBRID      5.36e+003     4.69e-009     ---           59.17
                        ----------------------------------------------------------------------------
                      
01/Jul/2020 12:15:32  Port: 2
                      
01/Jul/2020 12:15:32    -------------------------------- F-Calc 2.2 --------------------------------
                        Port   Mode   Type        Z-Wave        Z-Wave-Sigma  Z-Line        F-Cutoff
                        2      1      TE          538           1.33e-005     ---           1.571
                        2      2      TE          368           9.21e-006     ---           3.15
                        2      3      TE          253           6.53e-006     ---           3.942
                        2      4      TE          228           8.13e-006     ---           4.244
                        2      5      TM          621           2.92e-005     ---           4.244
                        2      6      TE          202           7.32e-006     ---           4.65
                        2      7      TE          183           7.81e-006     ---           5.047
                        2      8      TM          778           0.000106      ---           5.047
                        2      9      TE          146           8.56e-006     ---           6.097
                        2      10     TM          974           0.000129      ---           6.097
                        ----------------------------------------------------------------------------
                      
01/Jul/2020 12:15:33  *** Warning ***
                      
01/Jul/2020 12:15:33  Hybrid modes exist at inhomogeneous port 1. This could lead to an inaccurate energy balance. Please check your 
                      structure. More...
                      
                      ------------------------------------------------------------------------------
01/Jul/2020 12:15:33    Using first order filter.
                      
                      ------------------------------------------------------------------------------
01/Jul/2020 12:15:33    Using first order filter.
                      
                      ------------------------------------------------------------------------------
01/Jul/2020 12:15:33    Using first order filter.
                      
                      ------------------------------------------------------------------------------
01/Jul/2020 12:15:33    Using first order filter.
                      
                      ------------------------------------------------------------------------------
01/Jul/2020 12:15:33    Using first order filter.
                      
                      ------------------------------------------------------------------------------
01/Jul/2020 12:15:33    Using first order filter.
                      
                      ------------------------------------------------------------------------------
01/Jul/2020 12:15:33  Field update statistics:
                      
                        Number of components in total: 	290222
                        Number of lossy metal components:	15437
                      
                      Subcycling state:      Automatically deactivated
                      
                      ------------------------------------------------------------------------------
01/Jul/2020 12:15:59  
                      --------------------------------------------------------------------------------
01/Jul/2020 12:15:59  *** Warning ***
                      
01/Jul/2020 12:15:59  Maximum number of pulse widths simulated, solver stopped.
                      Please note that the steady state energy criterion has not been satisfied. More...
                      
                      ------------------------------------------------------------------------------
01/Jul/2020 12:15:59  Frequency domain results normalized to default signal.
                      
                      
                      ------------------------------------------------------------------------------
01/Jul/2020 12:15:59  
                        ----------------------------------------------------------------------------
                                            Peak memory used (kB)         Free physical memory (kB) 
                                                                          At begin     Minimum      
                        ----------------------------------------------------------------------------
                        CAD preparation     21968                         4534296      4534296      
                        Matrices calc.      278320                        4507812      4293945      
                        Solver run total    91460                         4566756      4373772      
                        ----------------------------------------------------------------------------
                      
                      --------------------------------------------------------------------------------
                      Solver Statistics:
                      
                        Hardware:
                           Computer name:                 	elecpc375 
                      
                           Number of CPU threads:               2
                           Hardware info:                  	Hardware Accelerator Device not activated
                      
                        Number of mesh cells:             	46200
                        Excitation duration:              	2.96212396e+000 ns 
                        Calculation time for excitation:  	1 	s
                        Number of calculated pulse widths:	19.9993 
                        Steady state accuracy limit:      	-60	dB 
                        Simulated number of time steps:   	27302 
                        Maximum number of time steps:     	27302 
                        Time step width:
                           without subcycles:             	2.16982438e-003 ns
                           used:                          	2.16982438e-003 ns
                      
                        CAD preparation time:             	1      	s
                        Matrix calculation time:          	16 	s
                        Solver setup time:                	2 	s
                        Solver loop time:                 	24 	s
                        Solver post processing time:      	0 	s
                                                          	------------
                        Total solver time:                	43 	s
                      
                      ------------------------------------------------------------------------------
01/Jul/2020 12:15:59  
                        Adaptive port meshing time:          	21     	s
                        Total solver time (all cycles):      	43     	s
                        solver initialization and clean-up:  	2      	s
                                                             	------------
                        Total simulation time:               	66     	s  ( = 0 h, 1 m, 6 s )
                      
                      ------------------------------------------------------------------------------
01/Jul/2020 12:15:59  Solver finished at: 12:15 PM Wednesday, 01. July 2020
                      
                      
                      
                      ------------------------------------------------------------------------------
01/Jul/2020 12:16:00  Creating parametric 1D results for Run ID 1
                      
                      ------------------------------------------------------------------------------
