Port monitor named: Port1_e5[2.2].prt

nx        = 71
ny        = 23
nz        = 31

nu        = 5
nv        = 5
iu        = 14
iv        = 11

idir      = 1
dcut      = 2.500000e-002
icut      = 23
type      = 0
frequency = 2.200000e+009

fcutoff   = 4.734831e+010
alpha     = 1.373228e+003
beta      = 0.000000e+000
accuracy  = 4.101498e-015

type          = TE
wave imp.     = 1.264952e+001
wave imp.sig. = 1.255825e+000
line imp.     = 0.000000e+000

ref. port     = 0

-0.000000e+000  -0.000000e+000  -0.000000e+000  -0.000000e+000  -0.000000e+000  
-9.474526e+002  -7.812452e+002  -7.813847e+002  -9.471407e+002  -0.000000e+000  
-8.613324e-002  2.257846e-001  -2.257846e-001  8.613324e-002  -0.000000e+000  
9.471407e+002  7.813847e+002  7.812452e+002  9.474526e+002  -0.000000e+000  
-0.000000e+000  -0.000000e+000  -0.000000e+000  -0.000000e+000  -0.000000e+000  

-0.000000e+000  -9.474515e+002  -8.664679e-002  9.471396e+002  -0.000000e+000  
-0.000000e+000  -7.812446e+002  2.253010e-001  7.813841e+002  -0.000000e+000  
-0.000000e+000  -7.813841e+002  -2.253010e-001  7.812446e+002  -0.000000e+000  
-0.000000e+000  -9.471396e+002  8.664679e-002  9.474515e+002  -0.000000e+000  
-0.000000e+000  -0.000000e+000  -0.000000e+000  -0.000000e+000  -0.000000e+000  

-0.000000e+000  -0.000000e+000  -0.000000e+000  -0.000000e+000  -0.000000e+000  
-0.000000e+000  1.175926e+002  1.220919e-001  -1.171512e+002  -0.000000e+000  
-0.000000e+000  1.220920e-001  -0.000000e+000  1.220920e-001  -0.000000e+000  
-0.000000e+000  -1.171512e+002  1.220919e-001  1.175926e+002  -0.000000e+000  
-0.000000e+000  -0.000000e+000  -0.000000e+000  -0.000000e+000  -0.000000e+000  

0.000000e+000  0.000000e+000  0.000000e+000  0.000000e+000  0.000000e+000  
0.000000e+000  0.000000e+000  0.000000e+000  0.000000e+000  0.000000e+000  
0.000000e+000  0.000000e+000  0.000000e+000  0.000000e+000  0.000000e+000  
0.000000e+000  0.000000e+000  0.000000e+000  0.000000e+000  0.000000e+000  
0.000000e+000  0.000000e+000  0.000000e+000  0.000000e+000  0.000000e+000  

0.000000e+000  0.000000e+000  0.000000e+000  0.000000e+000  0.000000e+000  
0.000000e+000  0.000000e+000  0.000000e+000  0.000000e+000  0.000000e+000  
0.000000e+000  0.000000e+000  0.000000e+000  0.000000e+000  0.000000e+000  
0.000000e+000  0.000000e+000  0.000000e+000  0.000000e+000  0.000000e+000  
0.000000e+000  0.000000e+000  0.000000e+000  0.000000e+000  0.000000e+000  

0.000000e+000  0.000000e+000  0.000000e+000  0.000000e+000  0.000000e+000  
0.000000e+000  0.000000e+000  0.000000e+000  0.000000e+000  0.000000e+000  
0.000000e+000  0.000000e+000  0.000000e+000  0.000000e+000  0.000000e+000  
0.000000e+000  0.000000e+000  0.000000e+000  0.000000e+000  0.000000e+000  
0.000000e+000  0.000000e+000  0.000000e+000  0.000000e+000  0.000000e+000  

