Port monitor named: Port1_e6[2.2].prt

nx        = 71
ny        = 23
nz        = 31

nu        = 5
nv        = 5
iu        = 14
iv        = 11

idir      = 1
dcut      = 2.500000e-002
icut      = 23
type      = 0
frequency = 2.200000e+009

fcutoff   = 5.135911e+010
alpha     = 1.485198e+003
beta      = 0.000000e+000
accuracy  = 3.534349e-015

type          = TE
wave imp.     = 1.169575e+001
wave imp.sig. = 5.478557e-003
line imp.     = 0.000000e+000

ref. port     = 0

0.000000e+000  0.000000e+000  0.000000e+000  0.000000e+000  0.000000e+000  
9.797838e+002  6.486546e+002  6.483261e+002  9.806268e+002  0.000000e+000  
-2.571582e-001  6.730459e-001  -6.730459e-001  2.571582e-001  0.000000e+000  
-9.806268e+002  -6.483261e+002  -6.486546e+002  -9.797838e+002  0.000000e+000  
0.000000e+000  0.000000e+000  0.000000e+000  0.000000e+000  0.000000e+000  

0.000000e+000  -9.807858e+002  -2.576645e-001  9.799431e+002  0.000000e+000  
0.000000e+000  -6.481687e+002  6.723460e-001  6.484973e+002  0.000000e+000  
0.000000e+000  -6.484973e+002  -6.723460e-001  6.481687e+002  0.000000e+000  
0.000000e+000  -9.799431e+002  2.576645e-001  9.807858e+002  0.000000e+000  
0.000000e+000  0.000000e+000  0.000000e+000  0.000000e+000  0.000000e+000  

0.000000e+000  0.000000e+000  0.000000e+000  0.000000e+000  0.000000e+000  
0.000000e+000  7.660497e-001  3.937102e-001  5.239977e-001  0.000000e+000  
0.000000e+000  3.937114e-001  0.000000e+000  3.937114e-001  0.000000e+000  
0.000000e+000  5.239977e-001  3.937102e-001  7.660497e-001  0.000000e+000  
0.000000e+000  0.000000e+000  0.000000e+000  0.000000e+000  0.000000e+000  

0.000000e+000  0.000000e+000  0.000000e+000  0.000000e+000  0.000000e+000  
0.000000e+000  0.000000e+000  0.000000e+000  0.000000e+000  0.000000e+000  
0.000000e+000  0.000000e+000  0.000000e+000  0.000000e+000  0.000000e+000  
0.000000e+000  0.000000e+000  0.000000e+000  0.000000e+000  0.000000e+000  
0.000000e+000  0.000000e+000  0.000000e+000  0.000000e+000  0.000000e+000  

0.000000e+000  0.000000e+000  0.000000e+000  0.000000e+000  0.000000e+000  
0.000000e+000  0.000000e+000  0.000000e+000  0.000000e+000  0.000000e+000  
0.000000e+000  0.000000e+000  0.000000e+000  0.000000e+000  0.000000e+000  
0.000000e+000  0.000000e+000  0.000000e+000  0.000000e+000  0.000000e+000  
0.000000e+000  0.000000e+000  0.000000e+000  0.000000e+000  0.000000e+000  

0.000000e+000  0.000000e+000  0.000000e+000  0.000000e+000  0.000000e+000  
0.000000e+000  0.000000e+000  0.000000e+000  0.000000e+000  0.000000e+000  
0.000000e+000  0.000000e+000  0.000000e+000  0.000000e+000  0.000000e+000  
0.000000e+000  0.000000e+000  0.000000e+000  0.000000e+000  0.000000e+000  
0.000000e+000  0.000000e+000  0.000000e+000  0.000000e+000  0.000000e+000  

