Port monitor named: Port2_e6.prt

nx        = 3
ny        = 18
nz        = 29

nu        = 16
nv        = 27
iu        = 2
iv        = 2

idir      = 0
dcut      = 5.114300e-001
icut      = 3
type      = 0
frequency = 2.200000e+009

fcutoff   = 4.650788e+009
alpha     = 8.584796e+001
beta      = 0.000000e+000
accuracy  = 2.000136e-009

type          = TE
wave imp.     = 2.023403e+002
wave imp.sig. = 7.317719e-006
line imp.     = 0.000000e+000

ref. port     = 0

0.000000e+000  0.000000e+000  0.000000e+000  0.000000e+000  0.000000e+000  0.000000e+000  0.000000e+000  0.000000e+000  0.000000e+000  0.000000e+000  0.000000e+000  0.000000e+000  0.000000e+000  0.000000e+000  0.000000e+000  0.000000e+000  
5.446167e+001  5.446167e+001  5.446167e+001  5.446167e+001  5.446167e+001  5.446167e+001  5.446167e+001  5.446167e+001  5.446167e+001  5.446167e+001  5.446167e+001  5.446167e+001  5.446167e+001  5.446167e+001  5.446167e+001  0.000000e+000  
1.073805e+002  1.073805e+002  1.073805e+002  1.073805e+002  1.073805e+002  1.073805e+002  1.073805e+002  1.073805e+002  1.073805e+002  1.073805e+002  1.073805e+002  1.073805e+002  1.073805e+002  1.073805e+002  1.073805e+002  0.000000e+000  
1.572572e+002  1.572572e+002  1.572572e+002  1.572572e+002  1.572572e+002  1.572572e+002  1.572572e+002  1.572572e+002  1.572572e+002  1.572572e+002  1.572572e+002  1.572572e+002  1.572572e+002  1.572572e+002  1.572572e+002  0.000000e+000  
3.043396e+002  3.043396e+002  3.043396e+002  3.043396e+002  3.043396e+002  3.043396e+002  3.043396e+002  3.043396e+002  3.043396e+002  3.043396e+002  3.043396e+002  3.043396e+002  3.043396e+002  3.043396e+002  3.043396e+002  0.000000e+000  
3.244137e+002  3.244137e+002  3.244137e+002  3.244137e+002  3.244137e+002  3.244137e+002  3.244137e+002  3.244137e+002  3.244137e+002  3.244137e+002  3.244137e+002  3.244137e+002  3.244137e+002  3.244137e+002  3.244137e+002  0.000000e+000  
1.749553e+002  1.749553e+002  1.749553e+002  1.749553e+002  1.749553e+002  1.749553e+002  1.749553e+002  1.749553e+002  1.749553e+002  1.749553e+002  1.749553e+002  1.749553e+002  1.749553e+002  1.749553e+002  1.749553e+002  0.000000e+000  
-6.593145e+001  -6.593145e+001  -6.593145e+001  -6.593145e+001  -6.593145e+001  -6.593145e+001  -6.593145e+001  -6.593144e+001  -6.593144e+001  -6.593144e+001  -6.593144e+001  -6.593143e+001  -6.593143e+001  -6.593143e+001  -6.593143e+001  0.000000e+000  
-2.476753e+002  -2.476753e+002  -2.476753e+002  -2.476753e+002  -2.476752e+002  -2.476752e+002  -2.476752e+002  -2.476752e+002  -2.476752e+002  -2.476752e+002  -2.476752e+002  -2.476752e+002  -2.476752e+002  -2.476752e+002  -2.476752e+002  0.000000e+000  
-2.796238e+002  -2.796238e+002  -2.796238e+002  -2.796238e+002  -2.796238e+002  -2.796238e+002  -2.796238e+002  -2.796238e+002  -2.796238e+002  -2.796238e+002  -2.796238e+002  -2.796238e+002  -2.796238e+002  -2.796238e+002  -2.796238e+002  0.000000e+000  
-3.036508e+002  -3.036508e+002  -3.036508e+002  -3.036508e+002  -3.036508e+002  -3.036508e+002  -3.036508e+002  -3.036508e+002  -3.036508e+002  -3.036508e+002  -3.036508e+002  -3.036508e+002  -3.036508e+002  -3.036508e+002  -3.036508e+002  0.000000e+000  
-3.190756e+002  -3.190756e+002  -3.190756e+002  -3.190756e+002  -3.190756e+002  -3.190756e+002  -3.190755e+002  -3.190755e+002  -3.190755e+002  -3.190755e+002  -3.190755e+002  -3.190755e+002  -3.190755e+002  -3.190755e+002  -3.190755e+002  0.000000e+000  
-3.239673e+002  -3.239673e+002  -3.239673e+002  -3.239673e+002  -3.239673e+002  -3.239673e+002  -3.239673e+002  -3.239673e+002  -3.239673e+002  -3.239673e+002  -3.239673e+002  -3.239673e+002  -3.239673e+002  -3.239673e+002  -3.239673e+002  0.000000e+000  
-3.256034e+002  -3.256034e+002  -3.256034e+002  -3.256034e+002  -3.256034e+002  -3.256034e+002  -3.256034e+002  -3.256034e+002  -3.256034e+002  -3.256034e+002  -3.256034e+002  -3.256034e+002  -3.256033e+002  -3.256033e+002  -3.256033e+002  0.000000e+000  
-3.239673e+002  -3.239673e+002  -3.239673e+002  -3.239673e+002  -3.239673e+002  -3.239673e+002  -3.239673e+002  -3.239673e+002  -3.239673e+002  -3.239673e+002  -3.239673e+002  -3.239673e+002  -3.239673e+002  -3.239673e+002  -3.239673e+002  0.000000e+000  
-3.190756e+002  -3.190756e+002  -3.190756e+002  -3.190756e+002  -3.190756e+002  -3.190756e+002  -3.190755e+002  -3.190755e+002  -3.190755e+002  -3.190755e+002  -3.190755e+002  -3.190755e+002  -3.190755e+002  -3.190755e+002  -3.190755e+002  0.000000e+000  
-3.036508e+002  -3.036508e+002  -3.036508e+002  -3.036508e+002  -3.036508e+002  -3.036508e+002  -3.036508e+002  -3.036508e+002  -3.036508e+002  -3.036508e+002  -3.036508e+002  -3.036508e+002  -3.036508e+002  -3.036508e+002  -3.036508e+002  0.000000e+000  
-2.796238e+002  -2.796238e+002  -2.796238e+002  -2.796238e+002  -2.796238e+002  -2.796238e+002  -2.796238e+002  -2.796238e+002  -2.796238e+002  -2.796238e+002  -2.796238e+002  -2.796238e+002  -2.796238e+002  -2.796238e+002  -2.796238e+002  0.000000e+000  
-2.476753e+002  -2.476753e+002  -2.476753e+002  -2.476753e+002  -2.476752e+002  -2.476752e+002  -2.476752e+002  -2.476752e+002  -2.476752e+002  -2.476752e+002  -2.476752e+002  -2.476752e+002  -2.476752e+002  -2.476752e+002  -2.476752e+002  0.000000e+000  
-6.593145e+001  -6.593145e+001  -6.593145e+001  -6.593145e+001  -6.593145e+001  -6.593145e+001  -6.593144e+001  -6.593144e+001  -6.593144e+001  -6.593144e+001  -6.593144e+001  -6.593143e+001  -6.593143e+001  -6.593143e+001  -6.593143e+001  0.000000e+000  
1.749553e+002  1.749553e+002  1.749553e+002  1.749553e+002  1.749553e+002  1.749553e+002  1.749553e+002  1.749553e+002  1.749553e+002  1.749553e+002  1.749553e+002  1.749553e+002  1.749553e+002  1.749553e+002  1.749553e+002  0.000000e+000  
3.244137e+002  3.244137e+002  3.244137e+002  3.244137e+002  3.244137e+002  3.244137e+002  3.244137e+002  3.244137e+002  3.244137e+002  3.244137e+002  3.244137e+002  3.244137e+002  3.244137e+002  3.244137e+002  3.244137e+002  0.000000e+000  
3.043396e+002  3.043396e+002  3.043396e+002  3.043396e+002  3.043396e+002  3.043396e+002  3.043396e+002  3.043396e+002  3.043396e+002  3.043396e+002  3.043396e+002  3.043396e+002  3.043396e+002  3.043396e+002  3.043396e+002  0.000000e+000  
1.572572e+002  1.572572e+002  1.572572e+002  1.572572e+002  1.572572e+002  1.572572e+002  1.572572e+002  1.572572e+002  1.572572e+002  1.572572e+002  1.572572e+002  1.572572e+002  1.572572e+002  1.572572e+002  1.572572e+002  0.000000e+000  
1.073805e+002  1.073805e+002  1.073805e+002  1.073805e+002  1.073805e+002  1.073805e+002  1.073805e+002  1.073805e+002  1.073805e+002  1.073805e+002  1.073805e+002  1.073805e+002  1.073805e+002  1.073805e+002  1.073805e+002  0.000000e+000  
5.446167e+001  5.446167e+001  5.446167e+001  5.446167e+001  5.446167e+001  5.446167e+001  5.446167e+001  5.446167e+001  5.446167e+001  5.446167e+001  5.446167e+001  5.446167e+001  5.446167e+001  5.446167e+001  5.446167e+001  0.000000e+000  
0.000000e+000  0.000000e+000  0.000000e+000  0.000000e+000  0.000000e+000  0.000000e+000  0.000000e+000  0.000000e+000  0.000000e+000  0.000000e+000  0.000000e+000  0.000000e+000  0.000000e+000  0.000000e+000  0.000000e+000  0.000000e+000  

0.000000e+000  -9.812455e-007  -1.960271e-006  -2.922074e-006  -3.834959e-006  -4.653755e-006  -5.262290e-006  -5.564737e-006  -5.910109e-006  -6.861537e-006  -2.465205e-006  6.624677e-006  6.558479e-006  3.916857e-006  1.851276e-006  0.000000e+000  
0.000000e+000  -9.613722e-007  -1.919192e-006  -2.883251e-006  -3.860368e-006  -4.788227e-006  -5.512326e-006  -5.363700e-006  -5.118842e-006  -5.316690e-006  -2.669114e-006  7.077752e-006  5.203598e-006  3.229955e-006  1.586574e-006  0.000000e+000  
0.000000e+000  -9.008878e-007  -1.813496e-006  -2.783493e-006  -3.820586e-006  -5.033449e-006  -6.666278e-006  -5.092015e-006  -3.759050e-006  -1.754158e-006  -3.256692e-006  8.153139e-006  2.044798e-006  2.117525e-006  1.211496e-006  0.000000e+000  
0.000000e+000  -6.468047e-007  -1.331360e-006  -2.094511e-006  -2.986775e-006  -4.065501e-006  -5.399544e-006  -3.568482e-006  -1.871727e-006  -3.603331e-008  -1.782746e-006  8.320907e-006  1.921391e-006  1.682327e-006  9.606599e-007  0.000000e+000  
0.000000e+000  7.658257e-007  1.545716e-006  2.358414e-006  3.234450e-006  4.211046e-006  5.349736e-006  2.640358e-006  -5.407749e-008  -3.019890e-006  9.978104e-006  2.166410e-006  1.179657e-005  7.641751e-006  3.761181e-006  0.000000e+000  
0.000000e+000  1.515584e-006  3.009228e-006  4.455343e-006  5.825397e-006  7.084566e-006  8.189361e-006  7.653652e-006  7.027488e-006  6.481745e-006  9.573834e-006  7.165817e-006  6.845747e-006  4.812473e-006  2.477251e-006  0.000000e+000  
0.000000e+000  2.002600e-006  3.994163e-006  5.969969e-006  7.922212e-006  9.846829e-006  1.173376e-005  1.036430e-005  8.902185e-006  7.306568e-006  1.111754e-005  6.508307e-006  7.807462e-006  5.185927e-006  2.587824e-006  0.000000e+000  
0.000000e+000  1.639327e-006  3.285239e-006  4.952350e-006  6.657121e-006  8.441005e-006  1.039108e-005  9.468337e-006  8.639557e-006  7.585194e-006  9.369440e-006  3.903036e-006  4.162563e-006  2.573538e-006  1.246826e-006  0.000000e+000  
0.000000e+000  9.410435e-007  1.864589e-006  2.685438e-006  3.341786e-006  3.571252e-006  2.732487e-006  5.749448e-006  8.380723e-006  1.318360e-005  4.606178e-006  3.830660e-006  -6.004292e-006  -1.980928e-006  -5.834322e-007  0.000000e+000  
0.000000e+000  6.712099e-007  1.297759e-006  1.882357e-006  2.371235e-006  2.772230e-006  3.246810e-006  4.405077e-006  5.815394e-006  7.377720e-006  5.037130e-006  1.219492e-006  -2.135968e-006  -1.167914e-006  -4.858594e-007  0.000000e+000  
0.000000e+000  4.013642e-007  7.874358e-007  1.136328e-006  1.431451e-006  1.797053e-006  3.008723e-006  2.680725e-006  2.919136e-006  1.344137e-006  5.404782e-006  -1.420393e-006  1.948201e-006  -2.186916e-008  -1.718786e-007  0.000000e+000  
0.000000e+000  1.967442e-007  4.075228e-007  5.529365e-007  6.037368e-007  1.390218e-007  -2.747036e-006  7.937767e-007  1.994158e-006  4.826136e-006  1.676977e-006  4.560478e-007  -3.088353e-006  -5.934488e-007  -1.737071e-007  0.000000e+000  
0.000000e+000  6.874559e-008  1.319822e-007  1.749663e-007  1.715978e-007  -2.688826e-008  -6.767016e-007  2.061731e-007  7.174603e-007  1.531895e-006  5.792655e-007  1.426568e-007  -9.652033e-007  -2.633216e-007  -6.919395e-008  0.000000e+000  
0.000000e+000  -5.920493e-008  -1.520782e-007  -1.700700e-007  -1.715588e-007  2.551907e-008  6.877221e-007  -2.048093e-007  -7.075395e-007  -1.532270e-006  -5.655564e-007  -1.257192e-007  9.752254e-007  2.714085e-007  5.238442e-008  0.000000e+000  
0.000000e+000  -2.363765e-007  -3.864414e-007  -5.756085e-007  -5.743245e-007  -1.253390e-007  2.743844e-006  -7.885164e-007  -2.000877e-006  -4.821709e-006  -1.651074e-006  -4.240536e-007  3.113551e-006  5.844888e-007  1.671232e-007  0.000000e+000  
0.000000e+000  -4.026685e-007  -7.985636e-007  -1.128473e-006  -1.432363e-006  -1.792747e-006  -3.005837e-006  -2.675738e-006  -2.900099e-006  -1.340116e-006  -5.390553e-006  1.432203e-006  -1.935270e-006  2.621671e-008  1.663433e-007  0.000000e+000  
0.000000e+000  -6.631561e-007  -1.301574e-006  -1.876604e-006  -2.357448e-006  -2.768966e-006  -3.240763e-006  -4.403501e-006  -5.809575e-006  -7.367152e-006  -5.024117e-006  -1.200532e-006  2.148559e-006  1.174346e-006  4.847513e-007  0.000000e+000  
0.000000e+000  -9.476287e-007  -1.847386e-006  -2.680503e-006  -3.327418e-006  -3.566272e-006  -2.733210e-006  -5.747329e-006  -8.370683e-006  -1.317266e-005  -4.591270e-006  -3.807759e-006  6.014864e-006  1.989136e-006  5.814154e-007  0.000000e+000  
0.000000e+000  -1.640983e-006  -3.287209e-006  -4.949525e-006  -6.648783e-006  -8.430510e-006  -1.038240e-005  -9.463191e-006  -8.632026e-006  -7.571086e-006  -9.350500e-006  -3.883104e-006  -4.154059e-006  -2.568273e-006  -1.244563e-006  0.000000e+000  
0.000000e+000  -1.999150e-006  -3.989996e-006  -5.967341e-006  -7.922142e-006  -9.846667e-006  -1.173239e-005  -1.036133e-005  -8.898524e-006  -7.302981e-006  -1.110378e-005  -6.496360e-006  -7.805522e-006  -5.182898e-006  -2.585718e-006  0.000000e+000  
0.000000e+000  -1.516025e-006  -3.010704e-006  -4.457141e-006  -5.826897e-006  -7.086323e-006  -8.194019e-006  -7.660399e-006  -7.035267e-006  -6.490386e-006  -9.581469e-006  -7.166250e-006  -6.845745e-006  -4.811547e-006  -2.475379e-006  0.000000e+000  
0.000000e+000  -7.655405e-007  -1.547340e-006  -2.363070e-006  -3.242230e-006  -4.220795e-006  -5.360487e-006  -2.650590e-006  4.357370e-008  3.007927e-006  -9.990269e-006  -2.179340e-006  -1.180265e-005  -7.645395e-006  -3.763052e-006  0.000000e+000  
0.000000e+000  6.453527e-007  1.324542e-006  2.084240e-006  2.970710e-006  4.047392e-006  5.382028e-006  3.551220e-006  1.854070e-006  1.585774e-008  1.757993e-006  -8.344791e-006  -1.939836e-006  -1.696337e-006  -9.681148e-007  0.000000e+000  
0.000000e+000  8.954276e-007  1.817520e-006  2.770008e-006  3.811844e-006  5.021163e-006  6.643500e-006  5.072638e-006  3.730724e-006  1.725163e-006  3.234132e-006  -8.172839e-006  -2.070718e-006  -2.128391e-006  -1.213218e-006  0.000000e+000  
0.000000e+000  9.608523e-007  1.912824e-006  2.887569e-006  3.844779e-006  4.776137e-006  5.498824e-006  5.336758e-006  5.094241e-006  5.287337e-006  2.642197e-006  -7.105535e-006  -5.221321e-006  -3.243486e-006  -1.588249e-006  0.000000e+000  
0.000000e+000  9.774067e-007  1.956963e-006  2.913744e-006  3.833327e-006  4.640806e-006  5.243179e-006  5.536542e-006  5.876758e-006  6.831273e-006  2.431974e-006  -6.657746e-006  -6.573203e-006  -3.932156e-006  -1.859673e-006  0.000000e+000  
0.000000e+000  0.000000e+000  0.000000e+000  0.000000e+000  0.000000e+000  0.000000e+000  0.000000e+000  0.000000e+000  0.000000e+000  0.000000e+000  0.000000e+000  0.000000e+000  0.000000e+000  0.000000e+000  0.000000e+000  0.000000e+000  

0.000000e+000  0.000000e+000  0.000000e+000  0.000000e+000  0.000000e+000  0.000000e+000  0.000000e+000  0.000000e+000  0.000000e+000  0.000000e+000  0.000000e+000  0.000000e+000  0.000000e+000  0.000000e+000  0.000000e+000  0.000000e+000  
0.000000e+000  3.874848e-007  7.600054e-007  1.311801e-006  1.518072e-006  1.945711e-006  2.332742e-006  1.937370e-006  1.733494e-006  1.452152e-006  1.477945e-006  1.347638e-006  1.146815e-006  8.535409e-007  4.660687e-007  0.000000e+000  
0.000000e+000  7.898644e-007  1.629243e-006  2.285539e-006  3.189190e-006  3.852065e-006  4.451814e-006  3.959037e-006  3.140429e-006  2.669374e-006  3.027703e-006  2.507981e-006  2.428793e-006  1.758395e-006  9.028042e-007  0.000000e+000  
0.000000e+000  1.132280e-006  2.302797e-006  3.526684e-006  4.628305e-006  5.726194e-006  6.775429e-006  5.718609e-006  4.614505e-006  3.381822e-006  4.710578e-006  3.224677e-006  4.159779e-006  2.696863e-006  1.330048e-006  0.000000e+000  
0.000000e+000  2.201877e-006  4.469700e-006  6.880600e-006  9.372210e-006  1.197823e-005  1.474250e-005  1.203635e-005  9.420033e-006  6.628393e-006  9.563916e-006  6.311725e-006  8.210784e-006  5.238225e-006  2.550373e-006  0.000000e+000  
0.000000e+000  1.840300e-006  3.588712e-006  5.254903e-006  6.855311e-006  8.394859e-006  9.583115e-006  1.126853e-005  1.271635e-005  1.420347e-005  7.734906e-006  1.080707e-005  9.507942e-007  8.120301e-007  4.430770e-007  0.000000e+000  
0.000000e+000  1.287338e-006  2.507709e-006  3.706549e-006  4.887889e-006  6.007811e-006  7.061316e-006  8.628118e-006  1.013019e-005  1.149510e-005  7.562335e-006  8.958681e-006  1.033504e-006  6.955882e-007  3.277511e-007  0.000000e+000  
0.000000e+000  3.878604e-007  6.962842e-007  9.988135e-007  1.310988e-006  1.641699e-006  1.991168e-006  3.614087e-006  5.158290e-006  6.629459e-006  6.160381e-006  5.522067e-006  7.920938e-007  4.872527e-007  1.881401e-007  0.000000e+000  
0.000000e+000  -4.828317e-007  -9.235789e-007  -1.467558e-006  -2.029469e-006  -2.637159e-006  -3.354570e-006  -1.015662e-006  1.272442e-006  3.672949e-006  4.323554e-006  3.278986e-006  -6.902610e-007  -2.101772e-007  -6.046261e-008  0.000000e+000  
0.000000e+000  -5.632708e-007  -1.228347e-006  -1.919243e-006  -2.531342e-006  -3.375977e-006  -4.215604e-006  -2.071859e-006  -1.311028e-007  1.586931e-006  4.833429e-006  2.034254e-006  6.672153e-007  4.661973e-007  2.040637e-007  0.000000e+000  
0.000000e+000  -7.236099e-007  -1.374593e-006  -2.103067e-006  -2.984558e-006  -3.840468e-006  -4.762487e-006  -2.857550e-006  -1.127358e-006  1.687749e-007  5.083857e-006  1.268767e-006  1.503261e-006  9.574620e-007  4.578527e-007  0.000000e+000  
0.000000e+000  -8.106064e-007  -1.452535e-006  -2.399644e-006  -2.893840e-006  -3.961943e-006  -4.776460e-006  -3.220997e-006  -1.943296e-006  -6.650516e-007  5.206167e-006  8.676405e-007  2.019738e-006  1.239766e-006  6.080365e-007  0.000000e+000  
0.000000e+000  -4.291120e-007  -1.578392e-006  -2.251469e-006  -3.472908e-006  -3.942663e-006  -4.517394e-006  -3.442484e-006  -2.045826e-006  -1.529774e-006  5.385972e-006  3.599936e-007  2.495110e-006  1.422080e-006  7.812616e-007  0.000000e+000  
0.000000e+000  -7.305925e-007  -1.698468e-006  -2.267004e-006  -3.200493e-006  -4.011200e-006  -5.055883e-006  -3.279625e-006  -2.234893e-006  -1.242074e-006  5.447923e-006  2.865629e-007  2.574832e-006  1.653090e-006  4.931573e-007  0.000000e+000  
0.000000e+000  -1.164317e-006  -1.112139e-006  -2.605888e-006  -3.108657e-006  -3.837239e-006  -4.661806e-006  -3.407516e-006  -2.179243e-006  -1.498656e-006  5.530430e-006  5.316928e-007  2.686287e-006  1.208827e-006  8.736440e-007  0.000000e+000  
0.000000e+000  -4.717716e-007  -1.765697e-006  -2.120869e-006  -3.184492e-006  -4.018500e-006  -4.799709e-006  -3.271735e-006  -1.727765e-006  -6.364962e-007  5.101971e-006  6.989816e-007  1.929476e-006  1.378544e-006  5.888215e-007  0.000000e+000  
0.000000e+000  -6.587142e-007  -1.307815e-006  -2.191724e-006  -2.858823e-006  -3.863768e-006  -4.810296e-006  -2.854549e-006  -1.271460e-006  2.313583e-007  5.073885e-006  1.323044e-006  1.514961e-006  9.740140e-007  4.267852e-007  0.000000e+000  
0.000000e+000  -6.898792e-007  -1.196613e-006  -1.694128e-006  -2.670933e-006  -3.310167e-006  -4.319431e-006  -2.144990e-006  -1.863042e-008  1.565926e-006  4.838079e-006  2.065078e-006  6.635704e-007  3.845941e-007  2.355668e-007  0.000000e+000  
0.000000e+000  -4.897089e-007  -9.523305e-007  -1.476736e-006  -1.984923e-006  -2.678673e-006  -3.379923e-006  -1.011276e-006  1.270748e-006  3.676678e-006  4.314150e-006  3.267227e-006  -7.233795e-007  -2.270060e-007  -6.110374e-008  0.000000e+000  
0.000000e+000  3.718506e-007  6.853945e-007  9.918009e-007  1.278167e-006  1.661305e-006  2.008597e-006  3.605516e-006  5.129126e-006  6.614066e-006  6.094647e-006  5.496498e-006  7.296785e-007  4.854550e-007  2.553137e-007  0.000000e+000  
0.000000e+000  1.249055e-006  2.453244e-006  3.722071e-006  4.842530e-006  6.016866e-006  7.054753e-006  8.693845e-006  1.015755e-005  1.144193e-005  7.464694e-006  8.885164e-006  9.857287e-007  6.986270e-007  4.140878e-007  0.000000e+000  
0.000000e+000  1.795973e-006  3.574271e-006  5.311027e-006  6.943150e-006  8.361923e-006  9.575041e-006  1.127971e-005  1.276015e-005  1.423257e-005  7.679514e-006  1.070874e-005  9.089116e-007  7.571091e-007  4.129642e-007  0.000000e+000  
0.000000e+000  2.291076e-006  4.543534e-006  6.886636e-006  9.316783e-006  1.199576e-005  1.480221e-005  1.202471e-005  9.383777e-006  6.640731e-006  9.486242e-006  6.263198e-006  8.129312e-006  5.233967e-006  2.577801e-006  0.000000e+000  
0.000000e+000  1.166529e-006  2.342708e-006  3.450405e-006  4.646202e-006  5.687515e-006  6.858712e-006  5.739060e-006  4.602201e-006  3.326570e-006  4.692777e-006  3.219810e-006  4.139747e-006  2.686140e-006  1.336548e-006  0.000000e+000  
0.000000e+000  8.073988e-007  1.549749e-006  2.400094e-006  3.099441e-006  3.868828e-006  4.559987e-006  3.913778e-006  3.243279e-006  2.644176e-006  2.985954e-006  2.439668e-006  2.481122e-006  1.720433e-006  8.590299e-007  0.000000e+000  
0.000000e+000  3.466603e-007  8.176176e-007  1.177747e-006  1.602927e-006  1.954147e-006  2.264696e-006  2.001197e-006  1.660539e-006  1.450288e-006  1.431617e-006  1.304732e-006  1.152073e-006  8.109265e-007  4.158860e-007  0.000000e+000  
0.000000e+000  0.000000e+000  0.000000e+000  0.000000e+000  0.000000e+000  0.000000e+000  0.000000e+000  0.000000e+000  0.000000e+000  0.000000e+000  0.000000e+000  0.000000e+000  0.000000e+000  0.000000e+000  0.000000e+000  0.000000e+000  

0.000000e+000  0.000000e+000  0.000000e+000  0.000000e+000  0.000000e+000  0.000000e+000  0.000000e+000  0.000000e+000  0.000000e+000  0.000000e+000  0.000000e+000  0.000000e+000  0.000000e+000  0.000000e+000  0.000000e+000  0.000000e+000  
0.000000e+000  0.000000e+000  0.000000e+000  0.000000e+000  0.000000e+000  0.000000e+000  0.000000e+000  0.000000e+000  0.000000e+000  0.000000e+000  0.000000e+000  0.000000e+000  0.000000e+000  0.000000e+000  0.000000e+000  0.000000e+000  
0.000000e+000  0.000000e+000  0.000000e+000  0.000000e+000  0.000000e+000  0.000000e+000  0.000000e+000  0.000000e+000  0.000000e+000  0.000000e+000  0.000000e+000  0.000000e+000  0.000000e+000  0.000000e+000  0.000000e+000  0.000000e+000  
0.000000e+000  0.000000e+000  0.000000e+000  0.000000e+000  0.000000e+000  0.000000e+000  0.000000e+000  0.000000e+000  0.000000e+000  0.000000e+000  0.000000e+000  0.000000e+000  0.000000e+000  0.000000e+000  0.000000e+000  0.000000e+000  
0.000000e+000  0.000000e+000  0.000000e+000  0.000000e+000  0.000000e+000  0.000000e+000  0.000000e+000  0.000000e+000  0.000000e+000  0.000000e+000  0.000000e+000  0.000000e+000  0.000000e+000  0.000000e+000  0.000000e+000  0.000000e+000  
0.000000e+000  0.000000e+000  0.000000e+000  0.000000e+000  0.000000e+000  0.000000e+000  0.000000e+000  0.000000e+000  0.000000e+000  0.000000e+000  0.000000e+000  0.000000e+000  0.000000e+000  0.000000e+000  0.000000e+000  0.000000e+000  
0.000000e+000  0.000000e+000  0.000000e+000  0.000000e+000  0.000000e+000  0.000000e+000  0.000000e+000  0.000000e+000  0.000000e+000  0.000000e+000  0.000000e+000  0.000000e+000  0.000000e+000  0.000000e+000  0.000000e+000  0.000000e+000  
0.000000e+000  0.000000e+000  0.000000e+000  0.000000e+000  0.000000e+000  0.000000e+000  0.000000e+000  0.000000e+000  0.000000e+000  0.000000e+000  0.000000e+000  0.000000e+000  0.000000e+000  0.000000e+000  0.000000e+000  0.000000e+000  
0.000000e+000  0.000000e+000  0.000000e+000  0.000000e+000  0.000000e+000  0.000000e+000  0.000000e+000  0.000000e+000  0.000000e+000  0.000000e+000  0.000000e+000  0.000000e+000  0.000000e+000  0.000000e+000  0.000000e+000  0.000000e+000  
0.000000e+000  0.000000e+000  0.000000e+000  0.000000e+000  0.000000e+000  0.000000e+000  0.000000e+000  0.000000e+000  0.000000e+000  0.000000e+000  0.000000e+000  0.000000e+000  0.000000e+000  0.000000e+000  0.000000e+000  0.000000e+000  
0.000000e+000  0.000000e+000  0.000000e+000  0.000000e+000  0.000000e+000  0.000000e+000  0.000000e+000  0.000000e+000  0.000000e+000  0.000000e+000  0.000000e+000  0.000000e+000  0.000000e+000  0.000000e+000  0.000000e+000  0.000000e+000  
0.000000e+000  0.000000e+000  0.000000e+000  0.000000e+000  0.000000e+000  0.000000e+000  0.000000e+000  0.000000e+000  0.000000e+000  0.000000e+000  0.000000e+000  0.000000e+000  0.000000e+000  0.000000e+000  0.000000e+000  0.000000e+000  
0.000000e+000  0.000000e+000  0.000000e+000  0.000000e+000  0.000000e+000  0.000000e+000  0.000000e+000  0.000000e+000  0.000000e+000  0.000000e+000  0.000000e+000  0.000000e+000  0.000000e+000  0.000000e+000  0.000000e+000  0.000000e+000  
0.000000e+000  0.000000e+000  0.000000e+000  0.000000e+000  0.000000e+000  0.000000e+000  0.000000e+000  0.000000e+000  0.000000e+000  0.000000e+000  0.000000e+000  0.000000e+000  0.000000e+000  0.000000e+000  0.000000e+000  0.000000e+000  
0.000000e+000  0.000000e+000  0.000000e+000  0.000000e+000  0.000000e+000  0.000000e+000  0.000000e+000  0.000000e+000  0.000000e+000  0.000000e+000  0.000000e+000  0.000000e+000  0.000000e+000  0.000000e+000  0.000000e+000  0.000000e+000  
0.000000e+000  0.000000e+000  0.000000e+000  0.000000e+000  0.000000e+000  0.000000e+000  0.000000e+000  0.000000e+000  0.000000e+000  0.000000e+000  0.000000e+000  0.000000e+000  0.000000e+000  0.000000e+000  0.000000e+000  0.000000e+000  
0.000000e+000  0.000000e+000  0.000000e+000  0.000000e+000  0.000000e+000  0.000000e+000  0.000000e+000  0.000000e+000  0.000000e+000  0.000000e+000  0.000000e+000  0.000000e+000  0.000000e+000  0.000000e+000  0.000000e+000  0.000000e+000  
0.000000e+000  0.000000e+000  0.000000e+000  0.000000e+000  0.000000e+000  0.000000e+000  0.000000e+000  0.000000e+000  0.000000e+000  0.000000e+000  0.000000e+000  0.000000e+000  0.000000e+000  0.000000e+000  0.000000e+000  0.000000e+000  
0.000000e+000  0.000000e+000  0.000000e+000  0.000000e+000  0.000000e+000  0.000000e+000  0.000000e+000  0.000000e+000  0.000000e+000  0.000000e+000  0.000000e+000  0.000000e+000  0.000000e+000  0.000000e+000  0.000000e+000  0.000000e+000  
0.000000e+000  0.000000e+000  0.000000e+000  0.000000e+000  0.000000e+000  0.000000e+000  0.000000e+000  0.000000e+000  0.000000e+000  0.000000e+000  0.000000e+000  0.000000e+000  0.000000e+000  0.000000e+000  0.000000e+000  0.000000e+000  
0.000000e+000  0.000000e+000  0.000000e+000  0.000000e+000  0.000000e+000  0.000000e+000  0.000000e+000  0.000000e+000  0.000000e+000  0.000000e+000  0.000000e+000  0.000000e+000  0.000000e+000  0.000000e+000  0.000000e+000  0.000000e+000  
0.000000e+000  0.000000e+000  0.000000e+000  0.000000e+000  0.000000e+000  0.000000e+000  0.000000e+000  0.000000e+000  0.000000e+000  0.000000e+000  0.000000e+000  0.000000e+000  0.000000e+000  0.000000e+000  0.000000e+000  0.000000e+000  
0.000000e+000  0.000000e+000  0.000000e+000  0.000000e+000  0.000000e+000  0.000000e+000  0.000000e+000  0.000000e+000  0.000000e+000  0.000000e+000  0.000000e+000  0.000000e+000  0.000000e+000  0.000000e+000  0.000000e+000  0.000000e+000  
0.000000e+000  0.000000e+000  0.000000e+000  0.000000e+000  0.000000e+000  0.000000e+000  0.000000e+000  0.000000e+000  0.000000e+000  0.000000e+000  0.000000e+000  0.000000e+000  0.000000e+000  0.000000e+000  0.000000e+000  0.000000e+000  
0.000000e+000  0.000000e+000  0.000000e+000  0.000000e+000  0.000000e+000  0.000000e+000  0.000000e+000  0.000000e+000  0.000000e+000  0.000000e+000  0.000000e+000  0.000000e+000  0.000000e+000  0.000000e+000  0.000000e+000  0.000000e+000  
0.000000e+000  0.000000e+000  0.000000e+000  0.000000e+000  0.000000e+000  0.000000e+000  0.000000e+000  0.000000e+000  0.000000e+000  0.000000e+000  0.000000e+000  0.000000e+000  0.000000e+000  0.000000e+000  0.000000e+000  0.000000e+000  
0.000000e+000  0.000000e+000  0.000000e+000  0.000000e+000  0.000000e+000  0.000000e+000  0.000000e+000  0.000000e+000  0.000000e+000  0.000000e+000  0.000000e+000  0.000000e+000  0.000000e+000  0.000000e+000  0.000000e+000  0.000000e+000  

0.000000e+000  0.000000e+000  0.000000e+000  0.000000e+000  0.000000e+000  0.000000e+000  0.000000e+000  0.000000e+000  0.000000e+000  0.000000e+000  0.000000e+000  0.000000e+000  0.000000e+000  0.000000e+000  0.000000e+000  0.000000e+000  
0.000000e+000  0.000000e+000  0.000000e+000  0.000000e+000  0.000000e+000  0.000000e+000  0.000000e+000  0.000000e+000  0.000000e+000  0.000000e+000  0.000000e+000  0.000000e+000  0.000000e+000  0.000000e+000  0.000000e+000  0.000000e+000  
0.000000e+000  0.000000e+000  0.000000e+000  0.000000e+000  0.000000e+000  0.000000e+000  0.000000e+000  0.000000e+000  0.000000e+000  0.000000e+000  0.000000e+000  0.000000e+000  0.000000e+000  0.000000e+000  0.000000e+000  0.000000e+000  
0.000000e+000  0.000000e+000  0.000000e+000  0.000000e+000  0.000000e+000  0.000000e+000  0.000000e+000  0.000000e+000  0.000000e+000  0.000000e+000  0.000000e+000  0.000000e+000  0.000000e+000  0.000000e+000  0.000000e+000  0.000000e+000  
0.000000e+000  0.000000e+000  0.000000e+000  0.000000e+000  0.000000e+000  0.000000e+000  0.000000e+000  0.000000e+000  0.000000e+000  0.000000e+000  0.000000e+000  0.000000e+000  0.000000e+000  0.000000e+000  0.000000e+000  0.000000e+000  
0.000000e+000  0.000000e+000  0.000000e+000  0.000000e+000  0.000000e+000  0.000000e+000  0.000000e+000  0.000000e+000  0.000000e+000  0.000000e+000  0.000000e+000  0.000000e+000  0.000000e+000  0.000000e+000  0.000000e+000  0.000000e+000  
0.000000e+000  0.000000e+000  0.000000e+000  0.000000e+000  0.000000e+000  0.000000e+000  0.000000e+000  0.000000e+000  0.000000e+000  0.000000e+000  0.000000e+000  0.000000e+000  0.000000e+000  0.000000e+000  0.000000e+000  0.000000e+000  
0.000000e+000  0.000000e+000  0.000000e+000  0.000000e+000  0.000000e+000  0.000000e+000  0.000000e+000  0.000000e+000  0.000000e+000  0.000000e+000  0.000000e+000  0.000000e+000  0.000000e+000  0.000000e+000  0.000000e+000  0.000000e+000  
0.000000e+000  0.000000e+000  0.000000e+000  0.000000e+000  0.000000e+000  0.000000e+000  0.000000e+000  0.000000e+000  0.000000e+000  0.000000e+000  0.000000e+000  0.000000e+000  0.000000e+000  0.000000e+000  0.000000e+000  0.000000e+000  
0.000000e+000  0.000000e+000  0.000000e+000  0.000000e+000  0.000000e+000  0.000000e+000  0.000000e+000  0.000000e+000  0.000000e+000  0.000000e+000  0.000000e+000  0.000000e+000  0.000000e+000  0.000000e+000  0.000000e+000  0.000000e+000  
0.000000e+000  0.000000e+000  0.000000e+000  0.000000e+000  0.000000e+000  0.000000e+000  0.000000e+000  0.000000e+000  0.000000e+000  0.000000e+000  0.000000e+000  0.000000e+000  0.000000e+000  0.000000e+000  0.000000e+000  0.000000e+000  
0.000000e+000  0.000000e+000  0.000000e+000  0.000000e+000  0.000000e+000  0.000000e+000  0.000000e+000  0.000000e+000  0.000000e+000  0.000000e+000  0.000000e+000  0.000000e+000  0.000000e+000  0.000000e+000  0.000000e+000  0.000000e+000  
0.000000e+000  0.000000e+000  0.000000e+000  0.000000e+000  0.000000e+000  0.000000e+000  0.000000e+000  0.000000e+000  0.000000e+000  0.000000e+000  0.000000e+000  0.000000e+000  0.000000e+000  0.000000e+000  0.000000e+000  0.000000e+000  
0.000000e+000  0.000000e+000  0.000000e+000  0.000000e+000  0.000000e+000  0.000000e+000  0.000000e+000  0.000000e+000  0.000000e+000  0.000000e+000  0.000000e+000  0.000000e+000  0.000000e+000  0.000000e+000  0.000000e+000  0.000000e+000  
0.000000e+000  0.000000e+000  0.000000e+000  0.000000e+000  0.000000e+000  0.000000e+000  0.000000e+000  0.000000e+000  0.000000e+000  0.000000e+000  0.000000e+000  0.000000e+000  0.000000e+000  0.000000e+000  0.000000e+000  0.000000e+000  
0.000000e+000  0.000000e+000  0.000000e+000  0.000000e+000  0.000000e+000  0.000000e+000  0.000000e+000  0.000000e+000  0.000000e+000  0.000000e+000  0.000000e+000  0.000000e+000  0.000000e+000  0.000000e+000  0.000000e+000  0.000000e+000  
0.000000e+000  0.000000e+000  0.000000e+000  0.000000e+000  0.000000e+000  0.000000e+000  0.000000e+000  0.000000e+000  0.000000e+000  0.000000e+000  0.000000e+000  0.000000e+000  0.000000e+000  0.000000e+000  0.000000e+000  0.000000e+000  
0.000000e+000  0.000000e+000  0.000000e+000  0.000000e+000  0.000000e+000  0.000000e+000  0.000000e+000  0.000000e+000  0.000000e+000  0.000000e+000  0.000000e+000  0.000000e+000  0.000000e+000  0.000000e+000  0.000000e+000  0.000000e+000  
0.000000e+000  0.000000e+000  0.000000e+000  0.000000e+000  0.000000e+000  0.000000e+000  0.000000e+000  0.000000e+000  0.000000e+000  0.000000e+000  0.000000e+000  0.000000e+000  0.000000e+000  0.000000e+000  0.000000e+000  0.000000e+000  
0.000000e+000  0.000000e+000  0.000000e+000  0.000000e+000  0.000000e+000  0.000000e+000  0.000000e+000  0.000000e+000  0.000000e+000  0.000000e+000  0.000000e+000  0.000000e+000  0.000000e+000  0.000000e+000  0.000000e+000  0.000000e+000  
0.000000e+000  0.000000e+000  0.000000e+000  0.000000e+000  0.000000e+000  0.000000e+000  0.000000e+000  0.000000e+000  0.000000e+000  0.000000e+000  0.000000e+000  0.000000e+000  0.000000e+000  0.000000e+000  0.000000e+000  0.000000e+000  
0.000000e+000  0.000000e+000  0.000000e+000  0.000000e+000  0.000000e+000  0.000000e+000  0.000000e+000  0.000000e+000  0.000000e+000  0.000000e+000  0.000000e+000  0.000000e+000  0.000000e+000  0.000000e+000  0.000000e+000  0.000000e+000  
0.000000e+000  0.000000e+000  0.000000e+000  0.000000e+000  0.000000e+000  0.000000e+000  0.000000e+000  0.000000e+000  0.000000e+000  0.000000e+000  0.000000e+000  0.000000e+000  0.000000e+000  0.000000e+000  0.000000e+000  0.000000e+000  
0.000000e+000  0.000000e+000  0.000000e+000  0.000000e+000  0.000000e+000  0.000000e+000  0.000000e+000  0.000000e+000  0.000000e+000  0.000000e+000  0.000000e+000  0.000000e+000  0.000000e+000  0.000000e+000  0.000000e+000  0.000000e+000  
0.000000e+000  0.000000e+000  0.000000e+000  0.000000e+000  0.000000e+000  0.000000e+000  0.000000e+000  0.000000e+000  0.000000e+000  0.000000e+000  0.000000e+000  0.000000e+000  0.000000e+000  0.000000e+000  0.000000e+000  0.000000e+000  
0.000000e+000  0.000000e+000  0.000000e+000  0.000000e+000  0.000000e+000  0.000000e+000  0.000000e+000  0.000000e+000  0.000000e+000  0.000000e+000  0.000000e+000  0.000000e+000  0.000000e+000  0.000000e+000  0.000000e+000  0.000000e+000  
0.000000e+000  0.000000e+000  0.000000e+000  0.000000e+000  0.000000e+000  0.000000e+000  0.000000e+000  0.000000e+000  0.000000e+000  0.000000e+000  0.000000e+000  0.000000e+000  0.000000e+000  0.000000e+000  0.000000e+000  0.000000e+000  

0.000000e+000  0.000000e+000  0.000000e+000  0.000000e+000  0.000000e+000  0.000000e+000  0.000000e+000  0.000000e+000  0.000000e+000  0.000000e+000  0.000000e+000  0.000000e+000  0.000000e+000  0.000000e+000  0.000000e+000  0.000000e+000  
0.000000e+000  0.000000e+000  0.000000e+000  0.000000e+000  0.000000e+000  0.000000e+000  0.000000e+000  0.000000e+000  0.000000e+000  0.000000e+000  0.000000e+000  0.000000e+000  0.000000e+000  0.000000e+000  0.000000e+000  0.000000e+000  
0.000000e+000  0.000000e+000  0.000000e+000  0.000000e+000  0.000000e+000  0.000000e+000  0.000000e+000  0.000000e+000  0.000000e+000  0.000000e+000  0.000000e+000  0.000000e+000  0.000000e+000  0.000000e+000  0.000000e+000  0.000000e+000  
0.000000e+000  0.000000e+000  0.000000e+000  0.000000e+000  0.000000e+000  0.000000e+000  0.000000e+000  0.000000e+000  0.000000e+000  0.000000e+000  0.000000e+000  0.000000e+000  0.000000e+000  0.000000e+000  0.000000e+000  0.000000e+000  
0.000000e+000  0.000000e+000  0.000000e+000  0.000000e+000  0.000000e+000  0.000000e+000  0.000000e+000  0.000000e+000  0.000000e+000  0.000000e+000  0.000000e+000  0.000000e+000  0.000000e+000  0.000000e+000  0.000000e+000  0.000000e+000  
0.000000e+000  0.000000e+000  0.000000e+000  0.000000e+000  0.000000e+000  0.000000e+000  0.000000e+000  0.000000e+000  0.000000e+000  0.000000e+000  0.000000e+000  0.000000e+000  0.000000e+000  0.000000e+000  0.000000e+000  0.000000e+000  
0.000000e+000  0.000000e+000  0.000000e+000  0.000000e+000  0.000000e+000  0.000000e+000  0.000000e+000  0.000000e+000  0.000000e+000  0.000000e+000  0.000000e+000  0.000000e+000  0.000000e+000  0.000000e+000  0.000000e+000  0.000000e+000  
0.000000e+000  0.000000e+000  0.000000e+000  0.000000e+000  0.000000e+000  0.000000e+000  0.000000e+000  0.000000e+000  0.000000e+000  0.000000e+000  0.000000e+000  0.000000e+000  0.000000e+000  0.000000e+000  0.000000e+000  0.000000e+000  
0.000000e+000  0.000000e+000  0.000000e+000  0.000000e+000  0.000000e+000  0.000000e+000  0.000000e+000  0.000000e+000  0.000000e+000  0.000000e+000  0.000000e+000  0.000000e+000  0.000000e+000  0.000000e+000  0.000000e+000  0.000000e+000  
0.000000e+000  0.000000e+000  0.000000e+000  0.000000e+000  0.000000e+000  0.000000e+000  0.000000e+000  0.000000e+000  0.000000e+000  0.000000e+000  0.000000e+000  0.000000e+000  0.000000e+000  0.000000e+000  0.000000e+000  0.000000e+000  
0.000000e+000  0.000000e+000  0.000000e+000  0.000000e+000  0.000000e+000  0.000000e+000  0.000000e+000  0.000000e+000  0.000000e+000  0.000000e+000  0.000000e+000  0.000000e+000  0.000000e+000  0.000000e+000  0.000000e+000  0.000000e+000  
0.000000e+000  0.000000e+000  0.000000e+000  0.000000e+000  0.000000e+000  0.000000e+000  0.000000e+000  0.000000e+000  0.000000e+000  0.000000e+000  0.000000e+000  0.000000e+000  0.000000e+000  0.000000e+000  0.000000e+000  0.000000e+000  
0.000000e+000  0.000000e+000  0.000000e+000  0.000000e+000  0.000000e+000  0.000000e+000  0.000000e+000  0.000000e+000  0.000000e+000  0.000000e+000  0.000000e+000  0.000000e+000  0.000000e+000  0.000000e+000  0.000000e+000  0.000000e+000  
0.000000e+000  0.000000e+000  0.000000e+000  0.000000e+000  0.000000e+000  0.000000e+000  0.000000e+000  0.000000e+000  0.000000e+000  0.000000e+000  0.000000e+000  0.000000e+000  0.000000e+000  0.000000e+000  0.000000e+000  0.000000e+000  
0.000000e+000  0.000000e+000  0.000000e+000  0.000000e+000  0.000000e+000  0.000000e+000  0.000000e+000  0.000000e+000  0.000000e+000  0.000000e+000  0.000000e+000  0.000000e+000  0.000000e+000  0.000000e+000  0.000000e+000  0.000000e+000  
0.000000e+000  0.000000e+000  0.000000e+000  0.000000e+000  0.000000e+000  0.000000e+000  0.000000e+000  0.000000e+000  0.000000e+000  0.000000e+000  0.000000e+000  0.000000e+000  0.000000e+000  0.000000e+000  0.000000e+000  0.000000e+000  
0.000000e+000  0.000000e+000  0.000000e+000  0.000000e+000  0.000000e+000  0.000000e+000  0.000000e+000  0.000000e+000  0.000000e+000  0.000000e+000  0.000000e+000  0.000000e+000  0.000000e+000  0.000000e+000  0.000000e+000  0.000000e+000  
0.000000e+000  0.000000e+000  0.000000e+000  0.000000e+000  0.000000e+000  0.000000e+000  0.000000e+000  0.000000e+000  0.000000e+000  0.000000e+000  0.000000e+000  0.000000e+000  0.000000e+000  0.000000e+000  0.000000e+000  0.000000e+000  
0.000000e+000  0.000000e+000  0.000000e+000  0.000000e+000  0.000000e+000  0.000000e+000  0.000000e+000  0.000000e+000  0.000000e+000  0.000000e+000  0.000000e+000  0.000000e+000  0.000000e+000  0.000000e+000  0.000000e+000  0.000000e+000  
0.000000e+000  0.000000e+000  0.000000e+000  0.000000e+000  0.000000e+000  0.000000e+000  0.000000e+000  0.000000e+000  0.000000e+000  0.000000e+000  0.000000e+000  0.000000e+000  0.000000e+000  0.000000e+000  0.000000e+000  0.000000e+000  
0.000000e+000  0.000000e+000  0.000000e+000  0.000000e+000  0.000000e+000  0.000000e+000  0.000000e+000  0.000000e+000  0.000000e+000  0.000000e+000  0.000000e+000  0.000000e+000  0.000000e+000  0.000000e+000  0.000000e+000  0.000000e+000  
0.000000e+000  0.000000e+000  0.000000e+000  0.000000e+000  0.000000e+000  0.000000e+000  0.000000e+000  0.000000e+000  0.000000e+000  0.000000e+000  0.000000e+000  0.000000e+000  0.000000e+000  0.000000e+000  0.000000e+000  0.000000e+000  
0.000000e+000  0.000000e+000  0.000000e+000  0.000000e+000  0.000000e+000  0.000000e+000  0.000000e+000  0.000000e+000  0.000000e+000  0.000000e+000  0.000000e+000  0.000000e+000  0.000000e+000  0.000000e+000  0.000000e+000  0.000000e+000  
0.000000e+000  0.000000e+000  0.000000e+000  0.000000e+000  0.000000e+000  0.000000e+000  0.000000e+000  0.000000e+000  0.000000e+000  0.000000e+000  0.000000e+000  0.000000e+000  0.000000e+000  0.000000e+000  0.000000e+000  0.000000e+000  
0.000000e+000  0.000000e+000  0.000000e+000  0.000000e+000  0.000000e+000  0.000000e+000  0.000000e+000  0.000000e+000  0.000000e+000  0.000000e+000  0.000000e+000  0.000000e+000  0.000000e+000  0.000000e+000  0.000000e+000  0.000000e+000  
0.000000e+000  0.000000e+000  0.000000e+000  0.000000e+000  0.000000e+000  0.000000e+000  0.000000e+000  0.000000e+000  0.000000e+000  0.000000e+000  0.000000e+000  0.000000e+000  0.000000e+000  0.000000e+000  0.000000e+000  0.000000e+000  
0.000000e+000  0.000000e+000  0.000000e+000  0.000000e+000  0.000000e+000  0.000000e+000  0.000000e+000  0.000000e+000  0.000000e+000  0.000000e+000  0.000000e+000  0.000000e+000  0.000000e+000  0.000000e+000  0.000000e+000  0.000000e+000  

