Port monitor named: Port2_h9[2.2].prt

nx        = 71
ny        = 23
nz        = 31

nu        = 16
nv        = 27
iu        = 3
iv        = 3

idir      = 0
dcut      = 5.114300e-001
icut      = 71
type      = 1
frequency = 2.200000e+009

fcutoff   = 6.097254e+009
alpha     = 1.191419e+002
beta      = 0.000000e+000
accuracy  = 4.058538e-009

type          = TE
wave imp.     = 1.457968e+002
wave imp.sig. = 8.555571e-006
line imp.     = 0.000000e+000

ref. port     = 0

0.000000e+000  0.000000e+000  0.000000e+000  0.000000e+000  0.000000e+000  0.000000e+000  0.000000e+000  0.000000e+000  0.000000e+000  0.000000e+000  0.000000e+000  0.000000e+000  0.000000e+000  0.000000e+000  0.000000e+000  0.000000e+000  
0.000000e+000  0.000000e+000  0.000000e+000  0.000000e+000  0.000000e+000  0.000000e+000  0.000000e+000  0.000000e+000  0.000000e+000  0.000000e+000  0.000000e+000  0.000000e+000  0.000000e+000  0.000000e+000  0.000000e+000  0.000000e+000  
0.000000e+000  0.000000e+000  0.000000e+000  0.000000e+000  0.000000e+000  0.000000e+000  0.000000e+000  0.000000e+000  0.000000e+000  0.000000e+000  0.000000e+000  0.000000e+000  0.000000e+000  0.000000e+000  0.000000e+000  0.000000e+000  
0.000000e+000  0.000000e+000  0.000000e+000  0.000000e+000  0.000000e+000  0.000000e+000  0.000000e+000  0.000000e+000  0.000000e+000  0.000000e+000  0.000000e+000  0.000000e+000  0.000000e+000  0.000000e+000  0.000000e+000  0.000000e+000  
0.000000e+000  0.000000e+000  0.000000e+000  0.000000e+000  0.000000e+000  0.000000e+000  0.000000e+000  0.000000e+000  0.000000e+000  0.000000e+000  0.000000e+000  0.000000e+000  0.000000e+000  0.000000e+000  0.000000e+000  0.000000e+000  
0.000000e+000  0.000000e+000  0.000000e+000  0.000000e+000  0.000000e+000  0.000000e+000  0.000000e+000  0.000000e+000  0.000000e+000  0.000000e+000  0.000000e+000  0.000000e+000  0.000000e+000  0.000000e+000  0.000000e+000  0.000000e+000  
0.000000e+000  0.000000e+000  0.000000e+000  0.000000e+000  0.000000e+000  0.000000e+000  0.000000e+000  0.000000e+000  0.000000e+000  0.000000e+000  0.000000e+000  0.000000e+000  0.000000e+000  0.000000e+000  0.000000e+000  0.000000e+000  
0.000000e+000  0.000000e+000  0.000000e+000  0.000000e+000  0.000000e+000  0.000000e+000  0.000000e+000  0.000000e+000  0.000000e+000  0.000000e+000  0.000000e+000  0.000000e+000  0.000000e+000  0.000000e+000  0.000000e+000  0.000000e+000  
0.000000e+000  0.000000e+000  0.000000e+000  0.000000e+000  0.000000e+000  0.000000e+000  0.000000e+000  0.000000e+000  0.000000e+000  0.000000e+000  0.000000e+000  0.000000e+000  0.000000e+000  0.000000e+000  0.000000e+000  0.000000e+000  
0.000000e+000  0.000000e+000  0.000000e+000  0.000000e+000  0.000000e+000  0.000000e+000  0.000000e+000  0.000000e+000  0.000000e+000  0.000000e+000  0.000000e+000  0.000000e+000  0.000000e+000  0.000000e+000  0.000000e+000  0.000000e+000  
0.000000e+000  0.000000e+000  0.000000e+000  0.000000e+000  0.000000e+000  0.000000e+000  0.000000e+000  0.000000e+000  0.000000e+000  0.000000e+000  0.000000e+000  0.000000e+000  0.000000e+000  0.000000e+000  0.000000e+000  0.000000e+000  
0.000000e+000  0.000000e+000  0.000000e+000  0.000000e+000  0.000000e+000  0.000000e+000  0.000000e+000  0.000000e+000  0.000000e+000  0.000000e+000  0.000000e+000  0.000000e+000  0.000000e+000  0.000000e+000  0.000000e+000  0.000000e+000  
0.000000e+000  0.000000e+000  0.000000e+000  0.000000e+000  0.000000e+000  0.000000e+000  0.000000e+000  0.000000e+000  0.000000e+000  0.000000e+000  0.000000e+000  0.000000e+000  0.000000e+000  0.000000e+000  0.000000e+000  0.000000e+000  
0.000000e+000  0.000000e+000  0.000000e+000  0.000000e+000  0.000000e+000  0.000000e+000  0.000000e+000  0.000000e+000  0.000000e+000  0.000000e+000  0.000000e+000  0.000000e+000  0.000000e+000  0.000000e+000  0.000000e+000  0.000000e+000  
0.000000e+000  0.000000e+000  0.000000e+000  0.000000e+000  0.000000e+000  0.000000e+000  0.000000e+000  0.000000e+000  0.000000e+000  0.000000e+000  0.000000e+000  0.000000e+000  0.000000e+000  0.000000e+000  0.000000e+000  0.000000e+000  
0.000000e+000  0.000000e+000  0.000000e+000  0.000000e+000  0.000000e+000  0.000000e+000  0.000000e+000  0.000000e+000  0.000000e+000  0.000000e+000  0.000000e+000  0.000000e+000  0.000000e+000  0.000000e+000  0.000000e+000  0.000000e+000  
0.000000e+000  0.000000e+000  0.000000e+000  0.000000e+000  0.000000e+000  0.000000e+000  0.000000e+000  0.000000e+000  0.000000e+000  0.000000e+000  0.000000e+000  0.000000e+000  0.000000e+000  0.000000e+000  0.000000e+000  0.000000e+000  
0.000000e+000  0.000000e+000  0.000000e+000  0.000000e+000  0.000000e+000  0.000000e+000  0.000000e+000  0.000000e+000  0.000000e+000  0.000000e+000  0.000000e+000  0.000000e+000  0.000000e+000  0.000000e+000  0.000000e+000  0.000000e+000  
0.000000e+000  0.000000e+000  0.000000e+000  0.000000e+000  0.000000e+000  0.000000e+000  0.000000e+000  0.000000e+000  0.000000e+000  0.000000e+000  0.000000e+000  0.000000e+000  0.000000e+000  0.000000e+000  0.000000e+000  0.000000e+000  
0.000000e+000  0.000000e+000  0.000000e+000  0.000000e+000  0.000000e+000  0.000000e+000  0.000000e+000  0.000000e+000  0.000000e+000  0.000000e+000  0.000000e+000  0.000000e+000  0.000000e+000  0.000000e+000  0.000000e+000  0.000000e+000  
0.000000e+000  0.000000e+000  0.000000e+000  0.000000e+000  0.000000e+000  0.000000e+000  0.000000e+000  0.000000e+000  0.000000e+000  0.000000e+000  0.000000e+000  0.000000e+000  0.000000e+000  0.000000e+000  0.000000e+000  0.000000e+000  
0.000000e+000  0.000000e+000  0.000000e+000  0.000000e+000  0.000000e+000  0.000000e+000  0.000000e+000  0.000000e+000  0.000000e+000  0.000000e+000  0.000000e+000  0.000000e+000  0.000000e+000  0.000000e+000  0.000000e+000  0.000000e+000  
0.000000e+000  0.000000e+000  0.000000e+000  0.000000e+000  0.000000e+000  0.000000e+000  0.000000e+000  0.000000e+000  0.000000e+000  0.000000e+000  0.000000e+000  0.000000e+000  0.000000e+000  0.000000e+000  0.000000e+000  0.000000e+000  
0.000000e+000  0.000000e+000  0.000000e+000  0.000000e+000  0.000000e+000  0.000000e+000  0.000000e+000  0.000000e+000  0.000000e+000  0.000000e+000  0.000000e+000  0.000000e+000  0.000000e+000  0.000000e+000  0.000000e+000  0.000000e+000  
0.000000e+000  0.000000e+000  0.000000e+000  0.000000e+000  0.000000e+000  0.000000e+000  0.000000e+000  0.000000e+000  0.000000e+000  0.000000e+000  0.000000e+000  0.000000e+000  0.000000e+000  0.000000e+000  0.000000e+000  0.000000e+000  
0.000000e+000  0.000000e+000  0.000000e+000  0.000000e+000  0.000000e+000  0.000000e+000  0.000000e+000  0.000000e+000  0.000000e+000  0.000000e+000  0.000000e+000  0.000000e+000  0.000000e+000  0.000000e+000  0.000000e+000  0.000000e+000  
0.000000e+000  0.000000e+000  0.000000e+000  0.000000e+000  0.000000e+000  0.000000e+000  0.000000e+000  0.000000e+000  0.000000e+000  0.000000e+000  0.000000e+000  0.000000e+000  0.000000e+000  0.000000e+000  0.000000e+000  0.000000e+000  

0.000000e+000  0.000000e+000  0.000000e+000  0.000000e+000  0.000000e+000  0.000000e+000  0.000000e+000  0.000000e+000  0.000000e+000  0.000000e+000  0.000000e+000  0.000000e+000  0.000000e+000  0.000000e+000  0.000000e+000  0.000000e+000  
0.000000e+000  0.000000e+000  0.000000e+000  0.000000e+000  0.000000e+000  0.000000e+000  0.000000e+000  0.000000e+000  0.000000e+000  0.000000e+000  0.000000e+000  0.000000e+000  0.000000e+000  0.000000e+000  0.000000e+000  0.000000e+000  
0.000000e+000  0.000000e+000  0.000000e+000  0.000000e+000  0.000000e+000  0.000000e+000  0.000000e+000  0.000000e+000  0.000000e+000  0.000000e+000  0.000000e+000  0.000000e+000  0.000000e+000  0.000000e+000  0.000000e+000  0.000000e+000  
0.000000e+000  0.000000e+000  0.000000e+000  0.000000e+000  0.000000e+000  0.000000e+000  0.000000e+000  0.000000e+000  0.000000e+000  0.000000e+000  0.000000e+000  0.000000e+000  0.000000e+000  0.000000e+000  0.000000e+000  0.000000e+000  
0.000000e+000  0.000000e+000  0.000000e+000  0.000000e+000  0.000000e+000  0.000000e+000  0.000000e+000  0.000000e+000  0.000000e+000  0.000000e+000  0.000000e+000  0.000000e+000  0.000000e+000  0.000000e+000  0.000000e+000  0.000000e+000  
0.000000e+000  0.000000e+000  0.000000e+000  0.000000e+000  0.000000e+000  0.000000e+000  0.000000e+000  0.000000e+000  0.000000e+000  0.000000e+000  0.000000e+000  0.000000e+000  0.000000e+000  0.000000e+000  0.000000e+000  0.000000e+000  
0.000000e+000  0.000000e+000  0.000000e+000  0.000000e+000  0.000000e+000  0.000000e+000  0.000000e+000  0.000000e+000  0.000000e+000  0.000000e+000  0.000000e+000  0.000000e+000  0.000000e+000  0.000000e+000  0.000000e+000  0.000000e+000  
0.000000e+000  0.000000e+000  0.000000e+000  0.000000e+000  0.000000e+000  0.000000e+000  0.000000e+000  0.000000e+000  0.000000e+000  0.000000e+000  0.000000e+000  0.000000e+000  0.000000e+000  0.000000e+000  0.000000e+000  0.000000e+000  
0.000000e+000  0.000000e+000  0.000000e+000  0.000000e+000  0.000000e+000  0.000000e+000  0.000000e+000  0.000000e+000  0.000000e+000  0.000000e+000  0.000000e+000  0.000000e+000  0.000000e+000  0.000000e+000  0.000000e+000  0.000000e+000  
0.000000e+000  0.000000e+000  0.000000e+000  0.000000e+000  0.000000e+000  0.000000e+000  0.000000e+000  0.000000e+000  0.000000e+000  0.000000e+000  0.000000e+000  0.000000e+000  0.000000e+000  0.000000e+000  0.000000e+000  0.000000e+000  
0.000000e+000  0.000000e+000  0.000000e+000  0.000000e+000  0.000000e+000  0.000000e+000  0.000000e+000  0.000000e+000  0.000000e+000  0.000000e+000  0.000000e+000  0.000000e+000  0.000000e+000  0.000000e+000  0.000000e+000  0.000000e+000  
0.000000e+000  0.000000e+000  0.000000e+000  0.000000e+000  0.000000e+000  0.000000e+000  0.000000e+000  0.000000e+000  0.000000e+000  0.000000e+000  0.000000e+000  0.000000e+000  0.000000e+000  0.000000e+000  0.000000e+000  0.000000e+000  
0.000000e+000  0.000000e+000  0.000000e+000  0.000000e+000  0.000000e+000  0.000000e+000  0.000000e+000  0.000000e+000  0.000000e+000  0.000000e+000  0.000000e+000  0.000000e+000  0.000000e+000  0.000000e+000  0.000000e+000  0.000000e+000  
0.000000e+000  0.000000e+000  0.000000e+000  0.000000e+000  0.000000e+000  0.000000e+000  0.000000e+000  0.000000e+000  0.000000e+000  0.000000e+000  0.000000e+000  0.000000e+000  0.000000e+000  0.000000e+000  0.000000e+000  0.000000e+000  
0.000000e+000  0.000000e+000  0.000000e+000  0.000000e+000  0.000000e+000  0.000000e+000  0.000000e+000  0.000000e+000  0.000000e+000  0.000000e+000  0.000000e+000  0.000000e+000  0.000000e+000  0.000000e+000  0.000000e+000  0.000000e+000  
0.000000e+000  0.000000e+000  0.000000e+000  0.000000e+000  0.000000e+000  0.000000e+000  0.000000e+000  0.000000e+000  0.000000e+000  0.000000e+000  0.000000e+000  0.000000e+000  0.000000e+000  0.000000e+000  0.000000e+000  0.000000e+000  
0.000000e+000  0.000000e+000  0.000000e+000  0.000000e+000  0.000000e+000  0.000000e+000  0.000000e+000  0.000000e+000  0.000000e+000  0.000000e+000  0.000000e+000  0.000000e+000  0.000000e+000  0.000000e+000  0.000000e+000  0.000000e+000  
0.000000e+000  0.000000e+000  0.000000e+000  0.000000e+000  0.000000e+000  0.000000e+000  0.000000e+000  0.000000e+000  0.000000e+000  0.000000e+000  0.000000e+000  0.000000e+000  0.000000e+000  0.000000e+000  0.000000e+000  0.000000e+000  
0.000000e+000  0.000000e+000  0.000000e+000  0.000000e+000  0.000000e+000  0.000000e+000  0.000000e+000  0.000000e+000  0.000000e+000  0.000000e+000  0.000000e+000  0.000000e+000  0.000000e+000  0.000000e+000  0.000000e+000  0.000000e+000  
0.000000e+000  0.000000e+000  0.000000e+000  0.000000e+000  0.000000e+000  0.000000e+000  0.000000e+000  0.000000e+000  0.000000e+000  0.000000e+000  0.000000e+000  0.000000e+000  0.000000e+000  0.000000e+000  0.000000e+000  0.000000e+000  
0.000000e+000  0.000000e+000  0.000000e+000  0.000000e+000  0.000000e+000  0.000000e+000  0.000000e+000  0.000000e+000  0.000000e+000  0.000000e+000  0.000000e+000  0.000000e+000  0.000000e+000  0.000000e+000  0.000000e+000  0.000000e+000  
0.000000e+000  0.000000e+000  0.000000e+000  0.000000e+000  0.000000e+000  0.000000e+000  0.000000e+000  0.000000e+000  0.000000e+000  0.000000e+000  0.000000e+000  0.000000e+000  0.000000e+000  0.000000e+000  0.000000e+000  0.000000e+000  
0.000000e+000  0.000000e+000  0.000000e+000  0.000000e+000  0.000000e+000  0.000000e+000  0.000000e+000  0.000000e+000  0.000000e+000  0.000000e+000  0.000000e+000  0.000000e+000  0.000000e+000  0.000000e+000  0.000000e+000  0.000000e+000  
0.000000e+000  0.000000e+000  0.000000e+000  0.000000e+000  0.000000e+000  0.000000e+000  0.000000e+000  0.000000e+000  0.000000e+000  0.000000e+000  0.000000e+000  0.000000e+000  0.000000e+000  0.000000e+000  0.000000e+000  0.000000e+000  
0.000000e+000  0.000000e+000  0.000000e+000  0.000000e+000  0.000000e+000  0.000000e+000  0.000000e+000  0.000000e+000  0.000000e+000  0.000000e+000  0.000000e+000  0.000000e+000  0.000000e+000  0.000000e+000  0.000000e+000  0.000000e+000  
0.000000e+000  0.000000e+000  0.000000e+000  0.000000e+000  0.000000e+000  0.000000e+000  0.000000e+000  0.000000e+000  0.000000e+000  0.000000e+000  0.000000e+000  0.000000e+000  0.000000e+000  0.000000e+000  0.000000e+000  0.000000e+000  
0.000000e+000  0.000000e+000  0.000000e+000  0.000000e+000  0.000000e+000  0.000000e+000  0.000000e+000  0.000000e+000  0.000000e+000  0.000000e+000  0.000000e+000  0.000000e+000  0.000000e+000  0.000000e+000  0.000000e+000  0.000000e+000  

0.000000e+000  0.000000e+000  0.000000e+000  0.000000e+000  0.000000e+000  0.000000e+000  0.000000e+000  0.000000e+000  0.000000e+000  0.000000e+000  0.000000e+000  0.000000e+000  0.000000e+000  0.000000e+000  0.000000e+000  0.000000e+000  
0.000000e+000  0.000000e+000  0.000000e+000  0.000000e+000  0.000000e+000  0.000000e+000  0.000000e+000  0.000000e+000  0.000000e+000  0.000000e+000  0.000000e+000  0.000000e+000  0.000000e+000  0.000000e+000  0.000000e+000  0.000000e+000  
0.000000e+000  0.000000e+000  0.000000e+000  0.000000e+000  0.000000e+000  0.000000e+000  0.000000e+000  0.000000e+000  0.000000e+000  0.000000e+000  0.000000e+000  0.000000e+000  0.000000e+000  0.000000e+000  0.000000e+000  0.000000e+000  
0.000000e+000  0.000000e+000  0.000000e+000  0.000000e+000  0.000000e+000  0.000000e+000  0.000000e+000  0.000000e+000  0.000000e+000  0.000000e+000  0.000000e+000  0.000000e+000  0.000000e+000  0.000000e+000  0.000000e+000  0.000000e+000  
0.000000e+000  0.000000e+000  0.000000e+000  0.000000e+000  0.000000e+000  0.000000e+000  0.000000e+000  0.000000e+000  0.000000e+000  0.000000e+000  0.000000e+000  0.000000e+000  0.000000e+000  0.000000e+000  0.000000e+000  0.000000e+000  
0.000000e+000  0.000000e+000  0.000000e+000  0.000000e+000  0.000000e+000  0.000000e+000  0.000000e+000  0.000000e+000  0.000000e+000  0.000000e+000  0.000000e+000  0.000000e+000  0.000000e+000  0.000000e+000  0.000000e+000  0.000000e+000  
0.000000e+000  0.000000e+000  0.000000e+000  0.000000e+000  0.000000e+000  0.000000e+000  0.000000e+000  0.000000e+000  0.000000e+000  0.000000e+000  0.000000e+000  0.000000e+000  0.000000e+000  0.000000e+000  0.000000e+000  0.000000e+000  
0.000000e+000  0.000000e+000  0.000000e+000  0.000000e+000  0.000000e+000  0.000000e+000  0.000000e+000  0.000000e+000  0.000000e+000  0.000000e+000  0.000000e+000  0.000000e+000  0.000000e+000  0.000000e+000  0.000000e+000  0.000000e+000  
0.000000e+000  0.000000e+000  0.000000e+000  0.000000e+000  0.000000e+000  0.000000e+000  0.000000e+000  0.000000e+000  0.000000e+000  0.000000e+000  0.000000e+000  0.000000e+000  0.000000e+000  0.000000e+000  0.000000e+000  0.000000e+000  
0.000000e+000  0.000000e+000  0.000000e+000  0.000000e+000  0.000000e+000  0.000000e+000  0.000000e+000  0.000000e+000  0.000000e+000  0.000000e+000  0.000000e+000  0.000000e+000  0.000000e+000  0.000000e+000  0.000000e+000  0.000000e+000  
0.000000e+000  0.000000e+000  0.000000e+000  0.000000e+000  0.000000e+000  0.000000e+000  0.000000e+000  0.000000e+000  0.000000e+000  0.000000e+000  0.000000e+000  0.000000e+000  0.000000e+000  0.000000e+000  0.000000e+000  0.000000e+000  
0.000000e+000  0.000000e+000  0.000000e+000  0.000000e+000  0.000000e+000  0.000000e+000  0.000000e+000  0.000000e+000  0.000000e+000  0.000000e+000  0.000000e+000  0.000000e+000  0.000000e+000  0.000000e+000  0.000000e+000  0.000000e+000  
0.000000e+000  0.000000e+000  0.000000e+000  0.000000e+000  0.000000e+000  0.000000e+000  0.000000e+000  0.000000e+000  0.000000e+000  0.000000e+000  0.000000e+000  0.000000e+000  0.000000e+000  0.000000e+000  0.000000e+000  0.000000e+000  
0.000000e+000  0.000000e+000  0.000000e+000  0.000000e+000  0.000000e+000  0.000000e+000  0.000000e+000  0.000000e+000  0.000000e+000  0.000000e+000  0.000000e+000  0.000000e+000  0.000000e+000  0.000000e+000  0.000000e+000  0.000000e+000  
0.000000e+000  0.000000e+000  0.000000e+000  0.000000e+000  0.000000e+000  0.000000e+000  0.000000e+000  0.000000e+000  0.000000e+000  0.000000e+000  0.000000e+000  0.000000e+000  0.000000e+000  0.000000e+000  0.000000e+000  0.000000e+000  
0.000000e+000  0.000000e+000  0.000000e+000  0.000000e+000  0.000000e+000  0.000000e+000  0.000000e+000  0.000000e+000  0.000000e+000  0.000000e+000  0.000000e+000  0.000000e+000  0.000000e+000  0.000000e+000  0.000000e+000  0.000000e+000  
0.000000e+000  0.000000e+000  0.000000e+000  0.000000e+000  0.000000e+000  0.000000e+000  0.000000e+000  0.000000e+000  0.000000e+000  0.000000e+000  0.000000e+000  0.000000e+000  0.000000e+000  0.000000e+000  0.000000e+000  0.000000e+000  
0.000000e+000  0.000000e+000  0.000000e+000  0.000000e+000  0.000000e+000  0.000000e+000  0.000000e+000  0.000000e+000  0.000000e+000  0.000000e+000  0.000000e+000  0.000000e+000  0.000000e+000  0.000000e+000  0.000000e+000  0.000000e+000  
0.000000e+000  0.000000e+000  0.000000e+000  0.000000e+000  0.000000e+000  0.000000e+000  0.000000e+000  0.000000e+000  0.000000e+000  0.000000e+000  0.000000e+000  0.000000e+000  0.000000e+000  0.000000e+000  0.000000e+000  0.000000e+000  
0.000000e+000  0.000000e+000  0.000000e+000  0.000000e+000  0.000000e+000  0.000000e+000  0.000000e+000  0.000000e+000  0.000000e+000  0.000000e+000  0.000000e+000  0.000000e+000  0.000000e+000  0.000000e+000  0.000000e+000  0.000000e+000  
0.000000e+000  0.000000e+000  0.000000e+000  0.000000e+000  0.000000e+000  0.000000e+000  0.000000e+000  0.000000e+000  0.000000e+000  0.000000e+000  0.000000e+000  0.000000e+000  0.000000e+000  0.000000e+000  0.000000e+000  0.000000e+000  
0.000000e+000  0.000000e+000  0.000000e+000  0.000000e+000  0.000000e+000  0.000000e+000  0.000000e+000  0.000000e+000  0.000000e+000  0.000000e+000  0.000000e+000  0.000000e+000  0.000000e+000  0.000000e+000  0.000000e+000  0.000000e+000  
0.000000e+000  0.000000e+000  0.000000e+000  0.000000e+000  0.000000e+000  0.000000e+000  0.000000e+000  0.000000e+000  0.000000e+000  0.000000e+000  0.000000e+000  0.000000e+000  0.000000e+000  0.000000e+000  0.000000e+000  0.000000e+000  
0.000000e+000  0.000000e+000  0.000000e+000  0.000000e+000  0.000000e+000  0.000000e+000  0.000000e+000  0.000000e+000  0.000000e+000  0.000000e+000  0.000000e+000  0.000000e+000  0.000000e+000  0.000000e+000  0.000000e+000  0.000000e+000  
0.000000e+000  0.000000e+000  0.000000e+000  0.000000e+000  0.000000e+000  0.000000e+000  0.000000e+000  0.000000e+000  0.000000e+000  0.000000e+000  0.000000e+000  0.000000e+000  0.000000e+000  0.000000e+000  0.000000e+000  0.000000e+000  
0.000000e+000  0.000000e+000  0.000000e+000  0.000000e+000  0.000000e+000  0.000000e+000  0.000000e+000  0.000000e+000  0.000000e+000  0.000000e+000  0.000000e+000  0.000000e+000  0.000000e+000  0.000000e+000  0.000000e+000  0.000000e+000  
0.000000e+000  0.000000e+000  0.000000e+000  0.000000e+000  0.000000e+000  0.000000e+000  0.000000e+000  0.000000e+000  0.000000e+000  0.000000e+000  0.000000e+000  0.000000e+000  0.000000e+000  0.000000e+000  0.000000e+000  0.000000e+000  

-0.000000e+000  -2.205266e-001  -4.374953e-001  -6.474055e-001  -8.468707e-001  -1.032673e+000  -1.201814e+000  -1.367116e+000  -1.505150e+000  -1.613160e+000  -1.739058e+000  -1.366815e+000  -6.992836e-001  -4.740852e-001  -2.394305e-001  -0.000000e+000  
-0.000000e+000  -2.142792e-001  -4.251012e-001  -6.290649e-001  -8.228793e-001  -1.003418e+000  -1.167767e+000  -1.328387e+000  -1.462509e+000  -1.567460e+000  -1.689792e+000  -1.328094e+000  -6.794732e-001  -4.606546e-001  -2.326476e-001  -0.000000e+000  
-0.000000e+000  -2.019614e-001  -4.006643e-001  -5.929031e-001  -7.755761e-001  -9.457362e-001  -1.100638e+000  -1.252024e+000  -1.378437e+000  -1.477355e+000  -1.592654e+000  -1.251749e+000  -6.404137e-001  -4.341739e-001  -2.192738e-001  -0.000000e+000  
-0.000000e+000  -1.591990e-001  -3.158295e-001  -4.673646e-001  -6.113593e-001  -7.454904e-001  -8.675940e-001  -9.869265e-001  -1.086573e+000  -1.164547e+000  -1.255433e+000  -9.867092e-001  -5.048155e-001  -3.422439e-001  -1.728458e-001  -0.000000e+000  
-0.000000e+000  -1.892556e-002  -3.754579e-002  -5.556026e-002  -7.267834e-002  -8.862385e-002  -1.031395e-001  -1.173257e-001  -1.291717e-001  -1.384412e-001  -1.492457e-001  -1.172999e-001  -6.001239e-002  -4.068591e-002  -2.054788e-002  -0.000000e+000  
-0.000000e+000  1.409071e-001  2.795409e-001  4.136646e-001  5.411144e-001  6.598340e-001  7.679079e-001  8.735292e-001  9.617265e-001  1.030741e+000  1.111184e+000  8.733367e-001  4.468124e-001  3.029202e-001  1.529859e-001  -0.000000e+000  
-0.000000e+000  2.271044e-001  4.505448e-001  6.667162e-001  8.721310e-001  1.063475e+000  1.237661e+000  1.407894e+000  1.550045e+000  1.661277e+000  1.790930e+000  1.407584e+000  7.201415e-001  4.882260e-001  2.465721e-001  -0.000000e+000  
-0.000000e+000  1.967159e-001  3.902580e-001  5.775038e-001  7.554323e-001  9.211729e-001  1.072051e+000  1.219506e+000  1.342635e+000  1.438984e+000  1.551289e+000  1.219237e+000  6.237804e-001  4.228972e-001  2.135787e-001  -0.000000e+000  
-0.000000e+000  1.293665e-001  2.566458e-001  3.797845e-001  4.967959e-001  6.057921e-001  7.050145e-001  8.019851e-001  8.829589e-001  9.463207e-001  1.020176e+000  8.018085e-001  4.102174e-001  2.781104e-001  1.404560e-001  -0.000000e+000  
-0.000000e+000  9.729028e-002  1.930109e-001  2.856176e-001  3.736161e-001  4.555869e-001  5.302073e-001  6.031342e-001  6.640306e-001  7.116820e-001  7.672248e-001  6.030013e-001  3.085047e-001  2.091534e-001  1.056302e-001  -0.000000e+000  
-0.000000e+000  6.245787e-002  1.239081e-001  1.833592e-001  2.398520e-001  2.924751e-001  3.403795e-001  3.871967e-001  4.262907e-001  4.568817e-001  4.925387e-001  3.871115e-001  1.980521e-001  1.342711e-001  6.781186e-002  -0.000000e+000  
-0.000000e+000  3.325705e-002  6.597751e-002  9.763355e-002  1.277143e-001  1.557347e-001  1.812423e-001  2.061712e-001  2.269876e-001  2.432764e-001  2.622628e-001  2.061258e-001  1.054571e-001  7.149551e-002  3.610789e-002  -0.000000e+000  
-0.000000e+000  1.112292e-002  2.206639e-002  3.265387e-002  4.271456e-002  5.208599e-002  6.061718e-002  6.895473e-002  7.591686e-002  8.136471e-002  8.771478e-002  6.893952e-002  3.527049e-002  2.391198e-002  1.207637e-002  -0.000000e+000  
-0.000000e+000  -1.112294e-002  -2.206636e-002  -3.265390e-002  -4.271452e-002  -5.208602e-002  -6.061719e-002  -6.895471e-002  -7.591686e-002  -8.136470e-002  -8.771478e-002  -6.893951e-002  -3.527049e-002  -2.391198e-002  -1.207638e-002  -0.000000e+000  
-0.000000e+000  -3.325701e-002  -6.597755e-002  -9.763350e-002  -1.277143e-001  -1.557346e-001  -1.812423e-001  -2.061712e-001  -2.269876e-001  -2.432764e-001  -2.622628e-001  -2.061258e-001  -1.054571e-001  -7.149551e-002  -3.610788e-002  -0.000000e+000  
-0.000000e+000  -6.245788e-002  -1.239081e-001  -1.833592e-001  -2.398520e-001  -2.924751e-001  -3.403795e-001  -3.871967e-001  -4.262907e-001  -4.568816e-001  -4.925387e-001  -3.871114e-001  -1.980521e-001  -1.342711e-001  -6.781186e-002  -0.000000e+000  
-0.000000e+000  -9.729029e-002  -1.930109e-001  -2.856175e-001  -3.736161e-001  -4.555869e-001  -5.302073e-001  -6.031342e-001  -6.640306e-001  -7.116820e-001  -7.672248e-001  -6.030013e-001  -3.085047e-001  -2.091534e-001  -1.056302e-001  -0.000000e+000  
-0.000000e+000  -1.293665e-001  -2.566458e-001  -3.797845e-001  -4.967959e-001  -6.057921e-001  -7.050145e-001  -8.019851e-001  -8.829589e-001  -9.463207e-001  -1.020176e+000  -8.018085e-001  -4.102174e-001  -2.781104e-001  -1.404560e-001  -0.000000e+000  
-0.000000e+000  -1.967159e-001  -3.902580e-001  -5.775038e-001  -7.554323e-001  -9.211729e-001  -1.072051e+000  -1.219506e+000  -1.342635e+000  -1.438984e+000  -1.551289e+000  -1.219237e+000  -6.237804e-001  -4.228972e-001  -2.135787e-001  -0.000000e+000  
-0.000000e+000  -2.271044e-001  -4.505448e-001  -6.667162e-001  -8.721310e-001  -1.063475e+000  -1.237661e+000  -1.407894e+000  -1.550045e+000  -1.661277e+000  -1.790930e+000  -1.407584e+000  -7.201415e-001  -4.882260e-001  -2.465721e-001  -0.000000e+000  
-0.000000e+000  -1.409071e-001  -2.795409e-001  -4.136646e-001  -5.411144e-001  -6.598340e-001  -7.679079e-001  -8.735292e-001  -9.617265e-001  -1.030741e+000  -1.111184e+000  -8.733367e-001  -4.468124e-001  -3.029202e-001  -1.529859e-001  -0.000000e+000  
-0.000000e+000  1.892556e-002  3.754579e-002  5.556026e-002  7.267834e-002  8.862385e-002  1.031395e-001  1.173257e-001  1.291717e-001  1.384412e-001  1.492457e-001  1.172999e-001  6.001239e-002  4.068591e-002  2.054788e-002  -0.000000e+000  
-0.000000e+000  1.591990e-001  3.158295e-001  4.673646e-001  6.113593e-001  7.454904e-001  8.675940e-001  9.869265e-001  1.086573e+000  1.164547e+000  1.255433e+000  9.867092e-001  5.048155e-001  3.422439e-001  1.728458e-001  -0.000000e+000  
-0.000000e+000  2.019614e-001  4.006643e-001  5.929031e-001  7.755761e-001  9.457362e-001  1.100638e+000  1.252024e+000  1.378437e+000  1.477355e+000  1.592654e+000  1.251749e+000  6.404137e-001  4.341739e-001  2.192738e-001  -0.000000e+000  
-0.000000e+000  2.142792e-001  4.251012e-001  6.290648e-001  8.228793e-001  1.003418e+000  1.167767e+000  1.328387e+000  1.462509e+000  1.567460e+000  1.689792e+000  1.328094e+000  6.794732e-001  4.606546e-001  2.326476e-001  -0.000000e+000  
-0.000000e+000  2.205266e-001  4.374953e-001  6.474055e-001  8.468707e-001  1.032673e+000  1.201814e+000  1.367116e+000  1.505150e+000  1.613160e+000  1.739058e+000  1.366815e+000  6.992836e-001  4.740852e-001  2.394305e-001  -0.000000e+000  
-0.000000e+000  -0.000000e+000  -0.000000e+000  -0.000000e+000  -0.000000e+000  -0.000000e+000  -0.000000e+000  -0.000000e+000  -0.000000e+000  -0.000000e+000  -0.000000e+000  -0.000000e+000  -0.000000e+000  -0.000000e+000  -0.000000e+000  -0.000000e+000  

-0.000000e+000  -0.000000e+000  -0.000000e+000  -0.000000e+000  -0.000000e+000  -0.000000e+000  -0.000000e+000  -0.000000e+000  -0.000000e+000  -0.000000e+000  -0.000000e+000  -0.000000e+000  -0.000000e+000  -0.000000e+000  -0.000000e+000  -0.000000e+000  
-3.446849e-001  -3.391238e-001  -3.280914e-001  -3.117657e-001  -2.904101e-001  -2.643690e-001  -2.323671e-001  -1.940346e-001  -1.518318e-001  -5.150203e-002  1.302352e-001  2.730718e-001  3.165634e-001  3.298562e-001  3.365696e-001  -0.000000e+000  
-6.796050e-001  -6.686404e-001  -6.468882e-001  -6.146993e-001  -5.725929e-001  -5.212486e-001  -4.581513e-001  -3.825722e-001  -2.993622e-001  -1.015450e-001  2.567809e-001  5.384076e-001  6.241587e-001  6.503678e-001  6.636044e-001  -0.000000e+000  
-9.952722e-001  -9.792148e-001  -9.473590e-001  -9.002187e-001  -8.385546e-001  -7.633614e-001  -6.709563e-001  -5.602718e-001  -4.384119e-001  -1.487113e-001  3.760521e-001  7.884905e-001  9.140719e-001  9.524548e-001  9.718396e-001  -0.000000e+000  
-1.926148e+000  -1.895072e+000  -1.833422e+000  -1.742191e+000  -1.622853e+000  -1.477332e+000  -1.298500e+000  -1.084293e+000  -8.484576e-001  -2.878007e-001  7.277728e-001  1.525964e+000  1.769001e+000  1.843284e+000  1.880799e+000  -0.000000e+000  
-2.053196e+000  -2.020070e+000  -1.954353e+000  -1.857106e+000  -1.729896e+000  -1.574776e+000  -1.384149e+000  -1.155812e+000  -9.044214e-001  -3.067839e-001  7.757764e-001  1.626616e+000  1.885684e+000  1.964866e+000  2.004856e+000  -0.000000e+000  
-1.107282e+000  -1.089418e+000  -1.053977e+000  -1.001531e+000  -9.329273e-001  -8.492718e-001  -7.464672e-001  -6.233260e-001  -4.877517e-001  -1.654476e-001  4.183738e-001  8.772290e-001  1.016943e+000  1.059646e+000  1.081212e+000  -0.000000e+000  
4.172764e-001  4.105441e-001  3.971883e-001  3.774244e-001  3.515711e-001  3.200458e-001  2.813041e-001  2.348987e-001  1.838079e-001  6.234846e-002  -1.576631e-001  -3.305814e-001  -3.832324e-001  -3.993247e-001  -4.074520e-001  -0.000000e+000  
1.567523e+000  1.542233e+000  1.492061e+000  1.417816e+000  1.320697e+000  1.202271e+000  1.056735e+000  8.824107e-001  6.904851e-001  2.342157e-001  -5.922703e-001  -1.241848e+000  -1.439635e+000  -1.500087e+000  -1.530617e+000  -0.000000e+000  
1.769724e+000  1.741171e+000  1.684528e+000  1.600706e+000  1.491059e+000  1.357356e+000  1.193048e+000  9.962363e-001  7.795534e-001  2.644281e-001  -6.686696e-001  -1.402039e+000  -1.625339e+000  -1.693589e+000  -1.728057e+000  -0.000000e+000  
1.921789e+000  1.890784e+000  1.829273e+000  1.738249e+000  1.619180e+000  1.473988e+000  1.295562e+000  1.081839e+000  8.465374e-001  2.871494e-001  -7.261258e-001  -1.522511e+000  -1.764998e+000  -1.839112e+000  -1.876543e+000  -0.000000e+000  
2.019411e+000  1.986831e+000  1.922195e+000  1.826547e+000  1.701431e+000  1.548863e+000  1.361373e+000  1.136794e+000  8.895394e-001  3.017359e-001  -7.630112e-001  -1.599850e+000  -1.854655e+000  -1.932534e+000  -1.971866e+000  -0.000000e+000  
2.050371e+000  2.017291e+000  1.951664e+000  1.854550e+000  1.727515e+000  1.572609e+000  1.382244e+000  1.154222e+000  9.031770e-001  3.063618e-001  -7.747089e-001  -1.624378e+000  -1.883089e+000  -1.962162e+000  -2.002097e+000  -0.000000e+000  
2.060725e+000  2.027478e+000  1.961520e+000  1.863916e+000  1.736239e+000  1.580551e+000  1.389225e+000  1.160051e+000  9.077381e-001  3.079090e-001  -7.786212e-001  -1.632581e+000  -1.892599e+000  -1.972071e+000  -2.012208e+000  -0.000000e+000  
2.050371e+000  2.017291e+000  1.951664e+000  1.854550e+000  1.727515e+000  1.572609e+000  1.382244e+000  1.154222e+000  9.031770e-001  3.063618e-001  -7.747089e-001  -1.624378e+000  -1.883089e+000  -1.962162e+000  -2.002097e+000  -0.000000e+000  
2.019411e+000  1.986831e+000  1.922195e+000  1.826547e+000  1.701431e+000  1.548863e+000  1.361373e+000  1.136794e+000  8.895394e-001  3.017359e-001  -7.630112e-001  -1.599850e+000  -1.854655e+000  -1.932534e+000  -1.971866e+000  -0.000000e+000  
1.921789e+000  1.890784e+000  1.829273e+000  1.738249e+000  1.619180e+000  1.473988e+000  1.295562e+000  1.081839e+000  8.465374e-001  2.871494e-001  -7.261258e-001  -1.522511e+000  -1.764998e+000  -1.839112e+000  -1.876543e+000  -0.000000e+000  
1.769724e+000  1.741171e+000  1.684528e+000  1.600706e+000  1.491059e+000  1.357356e+000  1.193048e+000  9.962363e-001  7.795534e-001  2.644281e-001  -6.686696e-001  -1.402039e+000  -1.625339e+000  -1.693589e+000  -1.728057e+000  -0.000000e+000  
1.567523e+000  1.542233e+000  1.492061e+000  1.417816e+000  1.320697e+000  1.202271e+000  1.056735e+000  8.824107e-001  6.904851e-001  2.342157e-001  -5.922703e-001  -1.241848e+000  -1.439635e+000  -1.500087e+000  -1.530617e+000  -0.000000e+000  
4.172764e-001  4.105442e-001  3.971883e-001  3.774244e-001  3.515711e-001  3.200458e-001  2.813041e-001  2.348987e-001  1.838079e-001  6.234846e-002  -1.576631e-001  -3.305814e-001  -3.832324e-001  -3.993247e-001  -4.074520e-001  -0.000000e+000  
-1.107282e+000  -1.089418e+000  -1.053977e+000  -1.001531e+000  -9.329273e-001  -8.492718e-001  -7.464672e-001  -6.233260e-001  -4.877517e-001  -1.654476e-001  4.183738e-001  8.772290e-001  1.016943e+000  1.059646e+000  1.081212e+000  -0.000000e+000  
-2.053196e+000  -2.020070e+000  -1.954353e+000  -1.857106e+000  -1.729896e+000  -1.574776e+000  -1.384149e+000  -1.155812e+000  -9.044214e-001  -3.067839e-001  7.757764e-001  1.626616e+000  1.885684e+000  1.964866e+000  2.004856e+000  -0.000000e+000  
-1.926148e+000  -1.895072e+000  -1.833422e+000  -1.742191e+000  -1.622853e+000  -1.477332e+000  -1.298500e+000  -1.084293e+000  -8.484576e-001  -2.878007e-001  7.277728e-001  1.525964e+000  1.769001e+000  1.843284e+000  1.880799e+000  -0.000000e+000  
-9.952722e-001  -9.792148e-001  -9.473590e-001  -9.002187e-001  -8.385546e-001  -7.633614e-001  -6.709563e-001  -5.602718e-001  -4.384119e-001  -1.487113e-001  3.760521e-001  7.884905e-001  9.140719e-001  9.524548e-001  9.718396e-001  -0.000000e+000  
-6.796050e-001  -6.686404e-001  -6.468882e-001  -6.146993e-001  -5.725929e-001  -5.212486e-001  -4.581513e-001  -3.825722e-001  -2.993622e-001  -1.015450e-001  2.567809e-001  5.384076e-001  6.241587e-001  6.503678e-001  6.636044e-001  -0.000000e+000  
-3.446849e-001  -3.391238e-001  -3.280914e-001  -3.117657e-001  -2.904101e-001  -2.643690e-001  -2.323671e-001  -1.940346e-001  -1.518318e-001  -5.150204e-002  1.302352e-001  2.730718e-001  3.165634e-001  3.298562e-001  3.365696e-001  -0.000000e+000  
-0.000000e+000  -0.000000e+000  -0.000000e+000  -0.000000e+000  -0.000000e+000  -0.000000e+000  -0.000000e+000  -0.000000e+000  -0.000000e+000  -0.000000e+000  -0.000000e+000  -0.000000e+000  -0.000000e+000  -0.000000e+000  -0.000000e+000  -0.000000e+000  

-2.878816e+000  -2.832370e+000  -2.740227e+000  -2.603875e+000  -2.425512e+000  -2.208016e+000  -1.940735e+000  -1.620581e+000  -1.268102e+000  -4.301462e-001  1.087727e+000  2.280702e+000  2.643945e+000  2.754967e+000  2.811037e+000  -0.000000e+000  
-2.797261e+000  -2.752130e+000  -2.662598e+000  -2.530108e+000  -2.356798e+000  -2.145464e+000  -1.885755e+000  -1.574671e+000  -1.232178e+000  -4.179604e-001  1.056913e+000  2.216091e+000  2.569043e+000  2.676920e+000  2.731402e+000  -0.000000e+000  
-2.636460e+000  -2.593924e+000  -2.509539e+000  -2.384665e+000  -2.221318e+000  -2.022132e+000  -1.777352e+000  -1.484151e+000  -1.161346e+000  -3.939340e-001  9.961559e-001  2.088699e+000  2.421362e+000  2.523037e+000  2.574387e+000  -0.000000e+000  
-2.078228e+000  -2.044699e+000  -1.978181e+000  -1.879747e+000  -1.750986e+000  -1.593975e+000  -1.401024e+000  -1.169904e+000  -9.154481e-001  -3.105242e-001  7.852345e-001  1.646448e+000  1.908674e+000  1.988821e+000  2.029299e+000  -0.000000e+000  
-2.470596e-001  -2.430736e-001  -2.351659e-001  -2.234641e-001  -2.081571e-001  -1.894916e-001  -1.665536e-001  -1.390780e-001  -1.088284e-001  -3.691509e-002  9.334859e-002  1.957295e-001  2.269029e-001  2.364309e-001  2.412428e-001  -0.000000e+000  
1.839441e+000  1.809764e+000  1.750889e+000  1.663765e+000  1.549799e+000  1.410828e+000  1.240047e+000  1.035483e+000  8.102635e-001  2.748451e-001  -6.950115e-001  -1.457272e+000  -1.689368e+000  -1.760307e+000  -1.796133e+000  -0.000000e+000  
2.964684e+000  2.916853e+000  2.821962e+000  2.681542e+000  2.497859e+000  2.273876e+000  1.998623e+000  1.668919e+000  1.305927e+000  4.429765e-001  -1.120172e+000  -2.348730e+000  -2.722807e+000  -2.837141e+000  -2.894884e+000  -0.000000e+000  
2.567984e+000  2.526553e+000  2.444359e+000  2.322729e+000  2.163624e+000  1.969612e+000  1.731190e+000  1.445604e+000  1.131183e+000  3.837024e-001  -9.702831e-001  -2.034450e+000  -2.358472e+000  -2.457507e+000  -2.507524e+000  -0.000000e+000  
1.688787e+000  1.661540e+000  1.607487e+000  1.527499e+000  1.422867e+000  1.295278e+000  1.138485e+000  9.506741e-001  7.439011e-001  2.523347e-001  -6.380884e-001  -1.337918e+000  -1.551005e+000  -1.616134e+000  -1.649026e+000  -0.000000e+000  
1.270055e+000  1.249564e+000  1.208913e+000  1.148758e+000  1.070069e+000  9.741161e-001  8.561991e-001  7.149560e-001  5.594520e-001  1.897687e-001  -4.798754e-001  -1.006183e+000  -1.166436e+000  -1.215416e+000  -1.240152e+000  -0.000000e+000  
8.153426e-001  8.021881e-001  7.760913e-001  7.374733e-001  6.869571e-001  6.253577e-001  5.496579e-001  4.589835e-001  3.591539e-001  1.218267e-001  -3.080678e-001  -6.459438e-001  -7.488220e-001  -7.802659e-001  -7.961462e-001  -0.000000e+000  
4.341466e-001  4.271422e-001  4.132464e-001  3.926834e-001  3.657850e-001  3.329851e-001  2.926771e-001  2.443956e-001  1.912392e-001  6.486922e-002  -1.640373e-001  -3.439466e-001  -3.987263e-001  -4.154693e-001  -4.239251e-001  -0.000000e+000  
1.452019e-001  1.428593e-001  1.382118e-001  1.313344e-001  1.223381e-001  1.113681e-001  9.788694e-002  8.173900e-002  6.396065e-002  2.169575e-002  -5.486287e-002  -1.150342e-001  -1.333555e-001  -1.389552e-001  -1.417833e-001  -0.000000e+000  
-1.452019e-001  -1.428593e-001  -1.382118e-001  -1.313344e-001  -1.223381e-001  -1.113681e-001  -9.788694e-002  -8.173900e-002  -6.396065e-002  -2.169575e-002  5.486287e-002  1.150342e-001  1.333555e-001  1.389552e-001  1.417833e-001  -0.000000e+000  
-4.341466e-001  -4.271422e-001  -4.132464e-001  -3.926834e-001  -3.657850e-001  -3.329851e-001  -2.926771e-001  -2.443956e-001  -1.912392e-001  -6.486922e-002  1.640373e-001  3.439466e-001  3.987263e-001  4.154693e-001  4.239251e-001  -0.000000e+000  
-8.153426e-001  -8.021881e-001  -7.760913e-001  -7.374733e-001  -6.869571e-001  -6.253577e-001  -5.496579e-001  -4.589835e-001  -3.591539e-001  -1.218267e-001  3.080678e-001  6.459438e-001  7.488220e-001  7.802659e-001  7.961462e-001  -0.000000e+000  
-1.270055e+000  -1.249564e+000  -1.208913e+000  -1.148758e+000  -1.070069e+000  -9.741161e-001  -8.561991e-001  -7.149560e-001  -5.594520e-001  -1.897687e-001  4.798754e-001  1.006183e+000  1.166436e+000  1.215416e+000  1.240152e+000  -0.000000e+000  
-1.688787e+000  -1.661540e+000  -1.607487e+000  -1.527499e+000  -1.422867e+000  -1.295278e+000  -1.138485e+000  -9.506741e-001  -7.439011e-001  -2.523347e-001  6.380884e-001  1.337918e+000  1.551005e+000  1.616134e+000  1.649026e+000  -0.000000e+000  
-2.567984e+000  -2.526553e+000  -2.444359e+000  -2.322729e+000  -2.163624e+000  -1.969612e+000  -1.731190e+000  -1.445604e+000  -1.131183e+000  -3.837024e-001  9.702831e-001  2.034450e+000  2.358472e+000  2.457507e+000  2.507524e+000  -0.000000e+000  
-2.964684e+000  -2.916853e+000  -2.821962e+000  -2.681542e+000  -2.497859e+000  -2.273876e+000  -1.998623e+000  -1.668919e+000  -1.305927e+000  -4.429765e-001  1.120172e+000  2.348730e+000  2.722807e+000  2.837141e+000  2.894884e+000  -0.000000e+000  
-1.839441e+000  -1.809764e+000  -1.750889e+000  -1.663765e+000  -1.549799e+000  -1.410828e+000  -1.240047e+000  -1.035483e+000  -8.102635e-001  -2.748451e-001  6.950115e-001  1.457272e+000  1.689368e+000  1.760307e+000  1.796133e+000  -0.000000e+000  
2.470596e-001  2.430736e-001  2.351659e-001  2.234641e-001  2.081571e-001  1.894916e-001  1.665536e-001  1.390780e-001  1.088284e-001  3.691509e-002  -9.334859e-002  -1.957295e-001  -2.269029e-001  -2.364309e-001  -2.412428e-001  -0.000000e+000  
2.078228e+000  2.044699e+000  1.978181e+000  1.879747e+000  1.750986e+000  1.593975e+000  1.401024e+000  1.169904e+000  9.154481e-001  3.105242e-001  -7.852345e-001  -1.646448e+000  -1.908674e+000  -1.988821e+000  -2.029299e+000  -0.000000e+000  
2.636460e+000  2.593924e+000  2.509539e+000  2.384665e+000  2.221318e+000  2.022132e+000  1.777352e+000  1.484151e+000  1.161346e+000  3.939340e-001  -9.961559e-001  -2.088699e+000  -2.421362e+000  -2.523037e+000  -2.574387e+000  -0.000000e+000  
2.797261e+000  2.752130e+000  2.662598e+000  2.530108e+000  2.356798e+000  2.145464e+000  1.885755e+000  1.574671e+000  1.232178e+000  4.179604e-001  -1.056913e+000  -2.216091e+000  -2.569043e+000  -2.676920e+000  -2.731402e+000  -0.000000e+000  
2.878816e+000  2.832370e+000  2.740227e+000  2.603875e+000  2.425512e+000  2.208016e+000  1.940735e+000  1.620581e+000  1.268102e+000  4.301462e-001  -1.087727e+000  -2.280702e+000  -2.643945e+000  -2.754967e+000  -2.811037e+000  -0.000000e+000  
-0.000000e+000  -0.000000e+000  -0.000000e+000  -0.000000e+000  -0.000000e+000  -0.000000e+000  -0.000000e+000  -0.000000e+000  -0.000000e+000  -0.000000e+000  -0.000000e+000  -0.000000e+000  -0.000000e+000  -0.000000e+000  -0.000000e+000  -0.000000e+000  

