Port monitor named: Port1_h9[2.2].prt

nx        = 71
ny        = 23
nz        = 31

nu        = 5
nv        = 5
iu        = 14
iv        = 11

idir      = 1
dcut      = 2.500000e-002
icut      = 23
type      = 1
frequency = 2.200000e+009

fcutoff   = 5.363793e+010
alpha     = 1.548319e+003
beta      = 0.000000e+000
accuracy  = 3.313044e-015

type          = TM
wave imp.     = 6.366169e+003
wave imp.sig. = 7.014755e-001
line imp.     = 2.015351e+002

ref. port     = 0

0.000000e+000  0.000000e+000  0.000000e+000  0.000000e+000  0.000000e+000  
0.000000e+000  0.000000e+000  0.000000e+000  0.000000e+000  0.000000e+000  
0.000000e+000  0.000000e+000  0.000000e+000  0.000000e+000  0.000000e+000  
0.000000e+000  0.000000e+000  0.000000e+000  0.000000e+000  0.000000e+000  
0.000000e+000  0.000000e+000  0.000000e+000  0.000000e+000  0.000000e+000  

0.000000e+000  0.000000e+000  0.000000e+000  0.000000e+000  0.000000e+000  
0.000000e+000  0.000000e+000  0.000000e+000  0.000000e+000  0.000000e+000  
0.000000e+000  0.000000e+000  0.000000e+000  0.000000e+000  0.000000e+000  
0.000000e+000  0.000000e+000  0.000000e+000  0.000000e+000  0.000000e+000  
0.000000e+000  0.000000e+000  0.000000e+000  0.000000e+000  0.000000e+000  

0.000000e+000  0.000000e+000  0.000000e+000  0.000000e+000  0.000000e+000  
0.000000e+000  0.000000e+000  0.000000e+000  0.000000e+000  0.000000e+000  
0.000000e+000  0.000000e+000  0.000000e+000  0.000000e+000  0.000000e+000  
0.000000e+000  0.000000e+000  0.000000e+000  0.000000e+000  0.000000e+000  
0.000000e+000  0.000000e+000  0.000000e+000  0.000000e+000  0.000000e+000  

0.000000e+000  3.120319e+000  1.700343e+000  3.124246e+000  0.000000e+000  
0.000000e+000  -9.295809e-001  -5.465074e+000  -9.257366e-001  0.000000e+000  
0.000000e+000  9.257366e-001  5.465074e+000  9.295809e-001  0.000000e+000  
0.000000e+000  -3.124246e+000  -1.700343e+000  -3.120319e+000  0.000000e+000  
0.000000e+000  0.000000e+000  0.000000e+000  0.000000e+000  0.000000e+000  

0.000000e+000  0.000000e+000  0.000000e+000  0.000000e+000  0.000000e+000  
-3.123247e+000  9.271827e-001  -9.282868e-001  3.120695e+000  0.000000e+000  
-1.701264e+000  5.464060e+000  -5.464060e+000  1.701264e+000  0.000000e+000  
-3.120695e+000  9.282868e-001  -9.271827e-001  3.123247e+000  0.000000e+000  
0.000000e+000  0.000000e+000  0.000000e+000  0.000000e+000  0.000000e+000  

1.837780e-003  3.093822e-001  -3.111539e-001  2.229397e-003  -0.000000e+000  
-3.091361e-001  -1.798792e-003  -2.629390e-003  3.099474e-001  -0.000000e+000  
3.099474e-001  -2.629390e-003  -1.798792e-003  -3.091361e-001  -0.000000e+000  
2.229397e-003  -3.111539e-001  3.093822e-001  1.837780e-003  -0.000000e+000  
-0.000000e+000  -0.000000e+000  -0.000000e+000  -0.000000e+000  -0.000000e+000  

