Port monitor named: Port1_h5[2.2].prt

nx        = 71
ny        = 23
nz        = 31

nu        = 5
nv        = 5
iu        = 14
iv        = 11

idir      = 1
dcut      = 2.500000e-002
icut      = 23
type      = 1
frequency = 2.200000e+009

fcutoff   = 4.734831e+010
alpha     = 1.373228e+003
beta      = 0.000000e+000
accuracy  = 4.101498e-015

type          = TE
wave imp.     = 1.264952e+001
wave imp.sig. = 1.255825e+000
line imp.     = 0.000000e+000

ref. port     = 0

0.000000e+000  0.000000e+000  0.000000e+000  0.000000e+000  0.000000e+000  
0.000000e+000  0.000000e+000  0.000000e+000  0.000000e+000  0.000000e+000  
0.000000e+000  0.000000e+000  0.000000e+000  0.000000e+000  0.000000e+000  
0.000000e+000  0.000000e+000  0.000000e+000  0.000000e+000  0.000000e+000  
0.000000e+000  0.000000e+000  0.000000e+000  0.000000e+000  0.000000e+000  

0.000000e+000  0.000000e+000  0.000000e+000  0.000000e+000  0.000000e+000  
0.000000e+000  0.000000e+000  0.000000e+000  0.000000e+000  0.000000e+000  
0.000000e+000  0.000000e+000  0.000000e+000  0.000000e+000  0.000000e+000  
0.000000e+000  0.000000e+000  0.000000e+000  0.000000e+000  0.000000e+000  
0.000000e+000  0.000000e+000  0.000000e+000  0.000000e+000  0.000000e+000  

0.000000e+000  0.000000e+000  0.000000e+000  0.000000e+000  0.000000e+000  
0.000000e+000  0.000000e+000  0.000000e+000  0.000000e+000  0.000000e+000  
0.000000e+000  0.000000e+000  0.000000e+000  0.000000e+000  0.000000e+000  
0.000000e+000  0.000000e+000  0.000000e+000  0.000000e+000  0.000000e+000  
0.000000e+000  0.000000e+000  0.000000e+000  0.000000e+000  0.000000e+000  

-0.000000e+000  6.832047e+001  1.761570e-005  -6.832051e+001  -0.000000e+000  
-0.000000e+000  6.833509e+001  5.902028e-005  -6.833507e+001  -0.000000e+000  
-0.000000e+000  6.833507e+001  -5.902028e-005  -6.833509e+001  -0.000000e+000  
-0.000000e+000  6.832051e+001  -1.761570e-005  -6.832047e+001  -0.000000e+000  
-0.000000e+000  -0.000000e+000  -0.000000e+000  -0.000000e+000  -0.000000e+000  

-0.000000e+000  -0.000000e+000  -0.000000e+000  -0.000000e+000  -0.000000e+000  
-6.832055e+001  -6.833513e+001  -6.833512e+001  -6.832060e+001  -0.000000e+000  
2.298845e-005  -2.087082e-005  2.087082e-005  -2.298845e-005  -0.000000e+000  
6.832060e+001  6.833512e+001  6.833513e+001  6.832055e+001  -0.000000e+000  
-0.000000e+000  -0.000000e+000  -0.000000e+000  -0.000000e+000  -0.000000e+000  

-6.165088e-005  -9.673303e+001  -9.673308e+001  -6.338211e-005  -0.000000e+000  
9.673309e+001  6.165699e-005  3.464946e-005  9.673308e+001  -0.000000e+000  
9.673308e+001  3.464946e-005  6.165699e-005  9.673309e+001  -0.000000e+000  
-6.338211e-005  -9.673308e+001  -9.673303e+001  -6.165088e-005  -0.000000e+000  
-0.000000e+000  -0.000000e+000  -0.000000e+000  -0.000000e+000  -0.000000e+000  

