Port monitor named: Port2_h8[2.2].prt

nx        = 71
ny        = 23
nz        = 31

nu        = 16
nv        = 27
iu        = 3
iv        = 3

idir      = 0
dcut      = 5.114300e-001
icut      = 71
type      = 1
frequency = 2.200000e+009

fcutoff   = 5.046954e+009
alpha     = 9.517551e+001
beta      = 0.000000e+000
accuracy  = 1.509674e-010

type          = TM
wave imp.     = 7.776899e+002
wave imp.sig. = 1.060774e-004
line imp.     = 0.000000e+000

ref. port     = 0

0.000000e+000  0.000000e+000  0.000000e+000  0.000000e+000  0.000000e+000  0.000000e+000  0.000000e+000  0.000000e+000  0.000000e+000  0.000000e+000  0.000000e+000  0.000000e+000  0.000000e+000  0.000000e+000  0.000000e+000  0.000000e+000  
0.000000e+000  0.000000e+000  0.000000e+000  0.000000e+000  0.000000e+000  0.000000e+000  0.000000e+000  0.000000e+000  0.000000e+000  0.000000e+000  0.000000e+000  0.000000e+000  0.000000e+000  0.000000e+000  0.000000e+000  0.000000e+000  
0.000000e+000  0.000000e+000  0.000000e+000  0.000000e+000  0.000000e+000  0.000000e+000  0.000000e+000  0.000000e+000  0.000000e+000  0.000000e+000  0.000000e+000  0.000000e+000  0.000000e+000  0.000000e+000  0.000000e+000  0.000000e+000  
0.000000e+000  0.000000e+000  0.000000e+000  0.000000e+000  0.000000e+000  0.000000e+000  0.000000e+000  0.000000e+000  0.000000e+000  0.000000e+000  0.000000e+000  0.000000e+000  0.000000e+000  0.000000e+000  0.000000e+000  0.000000e+000  
0.000000e+000  0.000000e+000  0.000000e+000  0.000000e+000  0.000000e+000  0.000000e+000  0.000000e+000  0.000000e+000  0.000000e+000  0.000000e+000  0.000000e+000  0.000000e+000  0.000000e+000  0.000000e+000  0.000000e+000  0.000000e+000  
0.000000e+000  0.000000e+000  0.000000e+000  0.000000e+000  0.000000e+000  0.000000e+000  0.000000e+000  0.000000e+000  0.000000e+000  0.000000e+000  0.000000e+000  0.000000e+000  0.000000e+000  0.000000e+000  0.000000e+000  0.000000e+000  
0.000000e+000  0.000000e+000  0.000000e+000  0.000000e+000  0.000000e+000  0.000000e+000  0.000000e+000  0.000000e+000  0.000000e+000  0.000000e+000  0.000000e+000  0.000000e+000  0.000000e+000  0.000000e+000  0.000000e+000  0.000000e+000  
0.000000e+000  0.000000e+000  0.000000e+000  0.000000e+000  0.000000e+000  0.000000e+000  0.000000e+000  0.000000e+000  0.000000e+000  0.000000e+000  0.000000e+000  0.000000e+000  0.000000e+000  0.000000e+000  0.000000e+000  0.000000e+000  
0.000000e+000  0.000000e+000  0.000000e+000  0.000000e+000  0.000000e+000  0.000000e+000  0.000000e+000  0.000000e+000  0.000000e+000  0.000000e+000  0.000000e+000  0.000000e+000  0.000000e+000  0.000000e+000  0.000000e+000  0.000000e+000  
0.000000e+000  0.000000e+000  0.000000e+000  0.000000e+000  0.000000e+000  0.000000e+000  0.000000e+000  0.000000e+000  0.000000e+000  0.000000e+000  0.000000e+000  0.000000e+000  0.000000e+000  0.000000e+000  0.000000e+000  0.000000e+000  
0.000000e+000  0.000000e+000  0.000000e+000  0.000000e+000  0.000000e+000  0.000000e+000  0.000000e+000  0.000000e+000  0.000000e+000  0.000000e+000  0.000000e+000  0.000000e+000  0.000000e+000  0.000000e+000  0.000000e+000  0.000000e+000  
0.000000e+000  0.000000e+000  0.000000e+000  0.000000e+000  0.000000e+000  0.000000e+000  0.000000e+000  0.000000e+000  0.000000e+000  0.000000e+000  0.000000e+000  0.000000e+000  0.000000e+000  0.000000e+000  0.000000e+000  0.000000e+000  
0.000000e+000  0.000000e+000  0.000000e+000  0.000000e+000  0.000000e+000  0.000000e+000  0.000000e+000  0.000000e+000  0.000000e+000  0.000000e+000  0.000000e+000  0.000000e+000  0.000000e+000  0.000000e+000  0.000000e+000  0.000000e+000  
0.000000e+000  0.000000e+000  0.000000e+000  0.000000e+000  0.000000e+000  0.000000e+000  0.000000e+000  0.000000e+000  0.000000e+000  0.000000e+000  0.000000e+000  0.000000e+000  0.000000e+000  0.000000e+000  0.000000e+000  0.000000e+000  
0.000000e+000  0.000000e+000  0.000000e+000  0.000000e+000  0.000000e+000  0.000000e+000  0.000000e+000  0.000000e+000  0.000000e+000  0.000000e+000  0.000000e+000  0.000000e+000  0.000000e+000  0.000000e+000  0.000000e+000  0.000000e+000  
0.000000e+000  0.000000e+000  0.000000e+000  0.000000e+000  0.000000e+000  0.000000e+000  0.000000e+000  0.000000e+000  0.000000e+000  0.000000e+000  0.000000e+000  0.000000e+000  0.000000e+000  0.000000e+000  0.000000e+000  0.000000e+000  
0.000000e+000  0.000000e+000  0.000000e+000  0.000000e+000  0.000000e+000  0.000000e+000  0.000000e+000  0.000000e+000  0.000000e+000  0.000000e+000  0.000000e+000  0.000000e+000  0.000000e+000  0.000000e+000  0.000000e+000  0.000000e+000  
0.000000e+000  0.000000e+000  0.000000e+000  0.000000e+000  0.000000e+000  0.000000e+000  0.000000e+000  0.000000e+000  0.000000e+000  0.000000e+000  0.000000e+000  0.000000e+000  0.000000e+000  0.000000e+000  0.000000e+000  0.000000e+000  
0.000000e+000  0.000000e+000  0.000000e+000  0.000000e+000  0.000000e+000  0.000000e+000  0.000000e+000  0.000000e+000  0.000000e+000  0.000000e+000  0.000000e+000  0.000000e+000  0.000000e+000  0.000000e+000  0.000000e+000  0.000000e+000  
0.000000e+000  0.000000e+000  0.000000e+000  0.000000e+000  0.000000e+000  0.000000e+000  0.000000e+000  0.000000e+000  0.000000e+000  0.000000e+000  0.000000e+000  0.000000e+000  0.000000e+000  0.000000e+000  0.000000e+000  0.000000e+000  
0.000000e+000  0.000000e+000  0.000000e+000  0.000000e+000  0.000000e+000  0.000000e+000  0.000000e+000  0.000000e+000  0.000000e+000  0.000000e+000  0.000000e+000  0.000000e+000  0.000000e+000  0.000000e+000  0.000000e+000  0.000000e+000  
0.000000e+000  0.000000e+000  0.000000e+000  0.000000e+000  0.000000e+000  0.000000e+000  0.000000e+000  0.000000e+000  0.000000e+000  0.000000e+000  0.000000e+000  0.000000e+000  0.000000e+000  0.000000e+000  0.000000e+000  0.000000e+000  
0.000000e+000  0.000000e+000  0.000000e+000  0.000000e+000  0.000000e+000  0.000000e+000  0.000000e+000  0.000000e+000  0.000000e+000  0.000000e+000  0.000000e+000  0.000000e+000  0.000000e+000  0.000000e+000  0.000000e+000  0.000000e+000  
0.000000e+000  0.000000e+000  0.000000e+000  0.000000e+000  0.000000e+000  0.000000e+000  0.000000e+000  0.000000e+000  0.000000e+000  0.000000e+000  0.000000e+000  0.000000e+000  0.000000e+000  0.000000e+000  0.000000e+000  0.000000e+000  
0.000000e+000  0.000000e+000  0.000000e+000  0.000000e+000  0.000000e+000  0.000000e+000  0.000000e+000  0.000000e+000  0.000000e+000  0.000000e+000  0.000000e+000  0.000000e+000  0.000000e+000  0.000000e+000  0.000000e+000  0.000000e+000  
0.000000e+000  0.000000e+000  0.000000e+000  0.000000e+000  0.000000e+000  0.000000e+000  0.000000e+000  0.000000e+000  0.000000e+000  0.000000e+000  0.000000e+000  0.000000e+000  0.000000e+000  0.000000e+000  0.000000e+000  0.000000e+000  
0.000000e+000  0.000000e+000  0.000000e+000  0.000000e+000  0.000000e+000  0.000000e+000  0.000000e+000  0.000000e+000  0.000000e+000  0.000000e+000  0.000000e+000  0.000000e+000  0.000000e+000  0.000000e+000  0.000000e+000  0.000000e+000  

0.000000e+000  0.000000e+000  0.000000e+000  0.000000e+000  0.000000e+000  0.000000e+000  0.000000e+000  0.000000e+000  0.000000e+000  0.000000e+000  0.000000e+000  0.000000e+000  0.000000e+000  0.000000e+000  0.000000e+000  0.000000e+000  
0.000000e+000  0.000000e+000  0.000000e+000  0.000000e+000  0.000000e+000  0.000000e+000  0.000000e+000  0.000000e+000  0.000000e+000  0.000000e+000  0.000000e+000  0.000000e+000  0.000000e+000  0.000000e+000  0.000000e+000  0.000000e+000  
0.000000e+000  0.000000e+000  0.000000e+000  0.000000e+000  0.000000e+000  0.000000e+000  0.000000e+000  0.000000e+000  0.000000e+000  0.000000e+000  0.000000e+000  0.000000e+000  0.000000e+000  0.000000e+000  0.000000e+000  0.000000e+000  
0.000000e+000  0.000000e+000  0.000000e+000  0.000000e+000  0.000000e+000  0.000000e+000  0.000000e+000  0.000000e+000  0.000000e+000  0.000000e+000  0.000000e+000  0.000000e+000  0.000000e+000  0.000000e+000  0.000000e+000  0.000000e+000  
0.000000e+000  0.000000e+000  0.000000e+000  0.000000e+000  0.000000e+000  0.000000e+000  0.000000e+000  0.000000e+000  0.000000e+000  0.000000e+000  0.000000e+000  0.000000e+000  0.000000e+000  0.000000e+000  0.000000e+000  0.000000e+000  
0.000000e+000  0.000000e+000  0.000000e+000  0.000000e+000  0.000000e+000  0.000000e+000  0.000000e+000  0.000000e+000  0.000000e+000  0.000000e+000  0.000000e+000  0.000000e+000  0.000000e+000  0.000000e+000  0.000000e+000  0.000000e+000  
0.000000e+000  0.000000e+000  0.000000e+000  0.000000e+000  0.000000e+000  0.000000e+000  0.000000e+000  0.000000e+000  0.000000e+000  0.000000e+000  0.000000e+000  0.000000e+000  0.000000e+000  0.000000e+000  0.000000e+000  0.000000e+000  
0.000000e+000  0.000000e+000  0.000000e+000  0.000000e+000  0.000000e+000  0.000000e+000  0.000000e+000  0.000000e+000  0.000000e+000  0.000000e+000  0.000000e+000  0.000000e+000  0.000000e+000  0.000000e+000  0.000000e+000  0.000000e+000  
0.000000e+000  0.000000e+000  0.000000e+000  0.000000e+000  0.000000e+000  0.000000e+000  0.000000e+000  0.000000e+000  0.000000e+000  0.000000e+000  0.000000e+000  0.000000e+000  0.000000e+000  0.000000e+000  0.000000e+000  0.000000e+000  
0.000000e+000  0.000000e+000  0.000000e+000  0.000000e+000  0.000000e+000  0.000000e+000  0.000000e+000  0.000000e+000  0.000000e+000  0.000000e+000  0.000000e+000  0.000000e+000  0.000000e+000  0.000000e+000  0.000000e+000  0.000000e+000  
0.000000e+000  0.000000e+000  0.000000e+000  0.000000e+000  0.000000e+000  0.000000e+000  0.000000e+000  0.000000e+000  0.000000e+000  0.000000e+000  0.000000e+000  0.000000e+000  0.000000e+000  0.000000e+000  0.000000e+000  0.000000e+000  
0.000000e+000  0.000000e+000  0.000000e+000  0.000000e+000  0.000000e+000  0.000000e+000  0.000000e+000  0.000000e+000  0.000000e+000  0.000000e+000  0.000000e+000  0.000000e+000  0.000000e+000  0.000000e+000  0.000000e+000  0.000000e+000  
0.000000e+000  0.000000e+000  0.000000e+000  0.000000e+000  0.000000e+000  0.000000e+000  0.000000e+000  0.000000e+000  0.000000e+000  0.000000e+000  0.000000e+000  0.000000e+000  0.000000e+000  0.000000e+000  0.000000e+000  0.000000e+000  
0.000000e+000  0.000000e+000  0.000000e+000  0.000000e+000  0.000000e+000  0.000000e+000  0.000000e+000  0.000000e+000  0.000000e+000  0.000000e+000  0.000000e+000  0.000000e+000  0.000000e+000  0.000000e+000  0.000000e+000  0.000000e+000  
0.000000e+000  0.000000e+000  0.000000e+000  0.000000e+000  0.000000e+000  0.000000e+000  0.000000e+000  0.000000e+000  0.000000e+000  0.000000e+000  0.000000e+000  0.000000e+000  0.000000e+000  0.000000e+000  0.000000e+000  0.000000e+000  
0.000000e+000  0.000000e+000  0.000000e+000  0.000000e+000  0.000000e+000  0.000000e+000  0.000000e+000  0.000000e+000  0.000000e+000  0.000000e+000  0.000000e+000  0.000000e+000  0.000000e+000  0.000000e+000  0.000000e+000  0.000000e+000  
0.000000e+000  0.000000e+000  0.000000e+000  0.000000e+000  0.000000e+000  0.000000e+000  0.000000e+000  0.000000e+000  0.000000e+000  0.000000e+000  0.000000e+000  0.000000e+000  0.000000e+000  0.000000e+000  0.000000e+000  0.000000e+000  
0.000000e+000  0.000000e+000  0.000000e+000  0.000000e+000  0.000000e+000  0.000000e+000  0.000000e+000  0.000000e+000  0.000000e+000  0.000000e+000  0.000000e+000  0.000000e+000  0.000000e+000  0.000000e+000  0.000000e+000  0.000000e+000  
0.000000e+000  0.000000e+000  0.000000e+000  0.000000e+000  0.000000e+000  0.000000e+000  0.000000e+000  0.000000e+000  0.000000e+000  0.000000e+000  0.000000e+000  0.000000e+000  0.000000e+000  0.000000e+000  0.000000e+000  0.000000e+000  
0.000000e+000  0.000000e+000  0.000000e+000  0.000000e+000  0.000000e+000  0.000000e+000  0.000000e+000  0.000000e+000  0.000000e+000  0.000000e+000  0.000000e+000  0.000000e+000  0.000000e+000  0.000000e+000  0.000000e+000  0.000000e+000  
0.000000e+000  0.000000e+000  0.000000e+000  0.000000e+000  0.000000e+000  0.000000e+000  0.000000e+000  0.000000e+000  0.000000e+000  0.000000e+000  0.000000e+000  0.000000e+000  0.000000e+000  0.000000e+000  0.000000e+000  0.000000e+000  
0.000000e+000  0.000000e+000  0.000000e+000  0.000000e+000  0.000000e+000  0.000000e+000  0.000000e+000  0.000000e+000  0.000000e+000  0.000000e+000  0.000000e+000  0.000000e+000  0.000000e+000  0.000000e+000  0.000000e+000  0.000000e+000  
0.000000e+000  0.000000e+000  0.000000e+000  0.000000e+000  0.000000e+000  0.000000e+000  0.000000e+000  0.000000e+000  0.000000e+000  0.000000e+000  0.000000e+000  0.000000e+000  0.000000e+000  0.000000e+000  0.000000e+000  0.000000e+000  
0.000000e+000  0.000000e+000  0.000000e+000  0.000000e+000  0.000000e+000  0.000000e+000  0.000000e+000  0.000000e+000  0.000000e+000  0.000000e+000  0.000000e+000  0.000000e+000  0.000000e+000  0.000000e+000  0.000000e+000  0.000000e+000  
0.000000e+000  0.000000e+000  0.000000e+000  0.000000e+000  0.000000e+000  0.000000e+000  0.000000e+000  0.000000e+000  0.000000e+000  0.000000e+000  0.000000e+000  0.000000e+000  0.000000e+000  0.000000e+000  0.000000e+000  0.000000e+000  
0.000000e+000  0.000000e+000  0.000000e+000  0.000000e+000  0.000000e+000  0.000000e+000  0.000000e+000  0.000000e+000  0.000000e+000  0.000000e+000  0.000000e+000  0.000000e+000  0.000000e+000  0.000000e+000  0.000000e+000  0.000000e+000  
0.000000e+000  0.000000e+000  0.000000e+000  0.000000e+000  0.000000e+000  0.000000e+000  0.000000e+000  0.000000e+000  0.000000e+000  0.000000e+000  0.000000e+000  0.000000e+000  0.000000e+000  0.000000e+000  0.000000e+000  0.000000e+000  

0.000000e+000  0.000000e+000  0.000000e+000  0.000000e+000  0.000000e+000  0.000000e+000  0.000000e+000  0.000000e+000  0.000000e+000  0.000000e+000  0.000000e+000  0.000000e+000  0.000000e+000  0.000000e+000  0.000000e+000  0.000000e+000  
0.000000e+000  0.000000e+000  0.000000e+000  0.000000e+000  0.000000e+000  0.000000e+000  0.000000e+000  0.000000e+000  0.000000e+000  0.000000e+000  0.000000e+000  0.000000e+000  0.000000e+000  0.000000e+000  0.000000e+000  0.000000e+000  
0.000000e+000  0.000000e+000  0.000000e+000  0.000000e+000  0.000000e+000  0.000000e+000  0.000000e+000  0.000000e+000  0.000000e+000  0.000000e+000  0.000000e+000  0.000000e+000  0.000000e+000  0.000000e+000  0.000000e+000  0.000000e+000  
0.000000e+000  0.000000e+000  0.000000e+000  0.000000e+000  0.000000e+000  0.000000e+000  0.000000e+000  0.000000e+000  0.000000e+000  0.000000e+000  0.000000e+000  0.000000e+000  0.000000e+000  0.000000e+000  0.000000e+000  0.000000e+000  
0.000000e+000  0.000000e+000  0.000000e+000  0.000000e+000  0.000000e+000  0.000000e+000  0.000000e+000  0.000000e+000  0.000000e+000  0.000000e+000  0.000000e+000  0.000000e+000  0.000000e+000  0.000000e+000  0.000000e+000  0.000000e+000  
0.000000e+000  0.000000e+000  0.000000e+000  0.000000e+000  0.000000e+000  0.000000e+000  0.000000e+000  0.000000e+000  0.000000e+000  0.000000e+000  0.000000e+000  0.000000e+000  0.000000e+000  0.000000e+000  0.000000e+000  0.000000e+000  
0.000000e+000  0.000000e+000  0.000000e+000  0.000000e+000  0.000000e+000  0.000000e+000  0.000000e+000  0.000000e+000  0.000000e+000  0.000000e+000  0.000000e+000  0.000000e+000  0.000000e+000  0.000000e+000  0.000000e+000  0.000000e+000  
0.000000e+000  0.000000e+000  0.000000e+000  0.000000e+000  0.000000e+000  0.000000e+000  0.000000e+000  0.000000e+000  0.000000e+000  0.000000e+000  0.000000e+000  0.000000e+000  0.000000e+000  0.000000e+000  0.000000e+000  0.000000e+000  
0.000000e+000  0.000000e+000  0.000000e+000  0.000000e+000  0.000000e+000  0.000000e+000  0.000000e+000  0.000000e+000  0.000000e+000  0.000000e+000  0.000000e+000  0.000000e+000  0.000000e+000  0.000000e+000  0.000000e+000  0.000000e+000  
0.000000e+000  0.000000e+000  0.000000e+000  0.000000e+000  0.000000e+000  0.000000e+000  0.000000e+000  0.000000e+000  0.000000e+000  0.000000e+000  0.000000e+000  0.000000e+000  0.000000e+000  0.000000e+000  0.000000e+000  0.000000e+000  
0.000000e+000  0.000000e+000  0.000000e+000  0.000000e+000  0.000000e+000  0.000000e+000  0.000000e+000  0.000000e+000  0.000000e+000  0.000000e+000  0.000000e+000  0.000000e+000  0.000000e+000  0.000000e+000  0.000000e+000  0.000000e+000  
0.000000e+000  0.000000e+000  0.000000e+000  0.000000e+000  0.000000e+000  0.000000e+000  0.000000e+000  0.000000e+000  0.000000e+000  0.000000e+000  0.000000e+000  0.000000e+000  0.000000e+000  0.000000e+000  0.000000e+000  0.000000e+000  
0.000000e+000  0.000000e+000  0.000000e+000  0.000000e+000  0.000000e+000  0.000000e+000  0.000000e+000  0.000000e+000  0.000000e+000  0.000000e+000  0.000000e+000  0.000000e+000  0.000000e+000  0.000000e+000  0.000000e+000  0.000000e+000  
0.000000e+000  0.000000e+000  0.000000e+000  0.000000e+000  0.000000e+000  0.000000e+000  0.000000e+000  0.000000e+000  0.000000e+000  0.000000e+000  0.000000e+000  0.000000e+000  0.000000e+000  0.000000e+000  0.000000e+000  0.000000e+000  
0.000000e+000  0.000000e+000  0.000000e+000  0.000000e+000  0.000000e+000  0.000000e+000  0.000000e+000  0.000000e+000  0.000000e+000  0.000000e+000  0.000000e+000  0.000000e+000  0.000000e+000  0.000000e+000  0.000000e+000  0.000000e+000  
0.000000e+000  0.000000e+000  0.000000e+000  0.000000e+000  0.000000e+000  0.000000e+000  0.000000e+000  0.000000e+000  0.000000e+000  0.000000e+000  0.000000e+000  0.000000e+000  0.000000e+000  0.000000e+000  0.000000e+000  0.000000e+000  
0.000000e+000  0.000000e+000  0.000000e+000  0.000000e+000  0.000000e+000  0.000000e+000  0.000000e+000  0.000000e+000  0.000000e+000  0.000000e+000  0.000000e+000  0.000000e+000  0.000000e+000  0.000000e+000  0.000000e+000  0.000000e+000  
0.000000e+000  0.000000e+000  0.000000e+000  0.000000e+000  0.000000e+000  0.000000e+000  0.000000e+000  0.000000e+000  0.000000e+000  0.000000e+000  0.000000e+000  0.000000e+000  0.000000e+000  0.000000e+000  0.000000e+000  0.000000e+000  
0.000000e+000  0.000000e+000  0.000000e+000  0.000000e+000  0.000000e+000  0.000000e+000  0.000000e+000  0.000000e+000  0.000000e+000  0.000000e+000  0.000000e+000  0.000000e+000  0.000000e+000  0.000000e+000  0.000000e+000  0.000000e+000  
0.000000e+000  0.000000e+000  0.000000e+000  0.000000e+000  0.000000e+000  0.000000e+000  0.000000e+000  0.000000e+000  0.000000e+000  0.000000e+000  0.000000e+000  0.000000e+000  0.000000e+000  0.000000e+000  0.000000e+000  0.000000e+000  
0.000000e+000  0.000000e+000  0.000000e+000  0.000000e+000  0.000000e+000  0.000000e+000  0.000000e+000  0.000000e+000  0.000000e+000  0.000000e+000  0.000000e+000  0.000000e+000  0.000000e+000  0.000000e+000  0.000000e+000  0.000000e+000  
0.000000e+000  0.000000e+000  0.000000e+000  0.000000e+000  0.000000e+000  0.000000e+000  0.000000e+000  0.000000e+000  0.000000e+000  0.000000e+000  0.000000e+000  0.000000e+000  0.000000e+000  0.000000e+000  0.000000e+000  0.000000e+000  
0.000000e+000  0.000000e+000  0.000000e+000  0.000000e+000  0.000000e+000  0.000000e+000  0.000000e+000  0.000000e+000  0.000000e+000  0.000000e+000  0.000000e+000  0.000000e+000  0.000000e+000  0.000000e+000  0.000000e+000  0.000000e+000  
0.000000e+000  0.000000e+000  0.000000e+000  0.000000e+000  0.000000e+000  0.000000e+000  0.000000e+000  0.000000e+000  0.000000e+000  0.000000e+000  0.000000e+000  0.000000e+000  0.000000e+000  0.000000e+000  0.000000e+000  0.000000e+000  
0.000000e+000  0.000000e+000  0.000000e+000  0.000000e+000  0.000000e+000  0.000000e+000  0.000000e+000  0.000000e+000  0.000000e+000  0.000000e+000  0.000000e+000  0.000000e+000  0.000000e+000  0.000000e+000  0.000000e+000  0.000000e+000  
0.000000e+000  0.000000e+000  0.000000e+000  0.000000e+000  0.000000e+000  0.000000e+000  0.000000e+000  0.000000e+000  0.000000e+000  0.000000e+000  0.000000e+000  0.000000e+000  0.000000e+000  0.000000e+000  0.000000e+000  0.000000e+000  
0.000000e+000  0.000000e+000  0.000000e+000  0.000000e+000  0.000000e+000  0.000000e+000  0.000000e+000  0.000000e+000  0.000000e+000  0.000000e+000  0.000000e+000  0.000000e+000  0.000000e+000  0.000000e+000  0.000000e+000  0.000000e+000  

0.000000e+000  9.413452e-002  1.867503e-001  2.763531e-001  3.614973e-001  4.408092e-001  5.130091e-001  5.835706e-001  6.424917e-001  6.885974e-001  7.423387e-001  5.834420e-001  2.984978e-001  2.023691e-001  1.022039e-001  0.000000e+000  
0.000000e+000  9.291026e-002  1.843215e-001  2.727590e-001  3.567959e-001  4.350763e-001  5.063373e-001  5.759810e-001  6.341359e-001  6.796420e-001  7.326843e-001  5.758541e-001  2.946157e-001  1.997372e-001  1.008747e-001  0.000000e+000  
0.000000e+000  9.047768e-002  1.794956e-001  2.656176e-001  3.474542e-001  4.236851e-001  4.930803e-001  5.609006e-001  6.175329e-001  6.618475e-001  7.135011e-001  5.607770e-001  2.869021e-001  1.945077e-001  9.823356e-002  0.000000e+000  
0.000000e+000  8.192183e-002  1.625220e-001  2.405000e-001  3.145979e-001  3.836201e-001  4.464531e-001  5.078601e-001  5.591371e-001  5.992612e-001  6.460302e-001  5.077482e-001  2.597718e-001  1.761145e-001  8.894429e-002  0.000000e+000  
0.000000e+000  5.140504e-002  1.019807e-001  1.509111e-001  1.974067e-001  2.407174e-001  2.801443e-001  3.186766e-001  3.508523e-001  3.760297e-001  4.053768e-001  3.186064e-001  1.630039e-001  1.105099e-001  5.581156e-002  0.000000e+000  
0.000000e+000  6.452442e-003  1.280078e-002  1.894260e-002  2.477880e-002  3.021523e-002  3.516416e-002  4.000079e-002  4.403954e-002  4.719985e-002  5.088353e-002  3.999197e-002  2.046051e-002  1.387137e-002  7.005554e-003  0.000000e+000  
0.000000e+000  -4.004812e-002  -7.945011e-002  -1.175703e-001  -1.537936e-001  -1.875357e-001  -2.182520e-001  -2.482713e-001  -2.733385e-001  -2.929535e-001  -3.158169e-001  -2.482166e-001  -1.269914e-001  -8.609492e-002  -4.348111e-002  0.000000e+000  
0.000000e+000  -7.456194e-002  -1.479209e-001  -2.188934e-001  -2.863343e-001  -3.491555e-001  -4.063436e-001  -4.622337e-001  -5.089040e-001  -5.454233e-001  -5.879906e-001  -4.621319e-001  -2.364337e-001  -1.602923e-001  -8.095350e-002  0.000000e+000  
0.000000e+000  -8.632476e-002  -1.712568e-001  -2.534258e-001  -3.315061e-001  -4.042380e-001  -4.704480e-001  -5.351554e-001  -5.891882e-001  -6.314688e-001  -6.807515e-001  -5.350374e-001  -2.737333e-001  -1.855798e-001  -9.372465e-002  0.000000e+000  
0.000000e+000  -9.016423e-002  -1.788738e-001  -2.646974e-001  -3.462505e-001  -4.222173e-001  -4.913721e-001  -5.589574e-001  -6.153935e-001  -6.595546e-001  -7.110292e-001  -5.588343e-001  -2.859082e-001  -1.938339e-001  -9.789324e-002  0.000000e+000  
0.000000e+000  -9.283107e-002  -1.841644e-001  -2.725265e-001  -3.564918e-001  -4.347055e-001  -5.059057e-001  -5.754901e-001  -6.335954e-001  -6.790627e-001  -7.320598e-001  -5.753633e-001  -2.943646e-001  -1.995670e-001  -1.007887e-001  0.000000e+000  
0.000000e+000  -9.399549e-002  -1.864745e-001  -2.759450e-001  -3.609634e-001  -4.401582e-001  -5.122515e-001  -5.827087e-001  -6.415428e-001  -6.875805e-001  -7.412423e-001  -5.825803e-001  -2.980570e-001  -2.020702e-001  -1.020529e-001  0.000000e+000  
0.000000e+000  -9.443114e-002  -1.873388e-001  -2.772239e-001  -3.626364e-001  -4.421982e-001  -5.146257e-001  -5.854094e-001  -6.445163e-001  -6.907673e-001  -7.446778e-001  -5.852805e-001  -2.994384e-001  -2.030068e-001  -1.025259e-001  0.000000e+000  
0.000000e+000  -9.443115e-002  -1.873388e-001  -2.772239e-001  -3.626364e-001  -4.421982e-001  -5.146257e-001  -5.854094e-001  -6.445163e-001  -6.907673e-001  -7.446778e-001  -5.852805e-001  -2.994384e-001  -2.030068e-001  -1.025259e-001  0.000000e+000  
0.000000e+000  -9.399549e-002  -1.864745e-001  -2.759450e-001  -3.609634e-001  -4.401582e-001  -5.122515e-001  -5.827087e-001  -6.415428e-001  -6.875805e-001  -7.412423e-001  -5.825803e-001  -2.980570e-001  -2.020702e-001  -1.020529e-001  0.000000e+000  
0.000000e+000  -9.283107e-002  -1.841644e-001  -2.725265e-001  -3.564918e-001  -4.347055e-001  -5.059057e-001  -5.754901e-001  -6.335954e-001  -6.790627e-001  -7.320598e-001  -5.753633e-001  -2.943646e-001  -1.995670e-001  -1.007887e-001  0.000000e+000  
0.000000e+000  -9.016423e-002  -1.788738e-001  -2.646974e-001  -3.462505e-001  -4.222173e-001  -4.913721e-001  -5.589574e-001  -6.153935e-001  -6.595546e-001  -7.110292e-001  -5.588343e-001  -2.859081e-001  -1.938339e-001  -9.789324e-002  0.000000e+000  
0.000000e+000  -8.632477e-002  -1.712568e-001  -2.534258e-001  -3.315061e-001  -4.042380e-001  -4.704480e-001  -5.351554e-001  -5.891882e-001  -6.314688e-001  -6.807515e-001  -5.350374e-001  -2.737333e-001  -1.855798e-001  -9.372465e-002  0.000000e+000  
0.000000e+000  -7.456194e-002  -1.479209e-001  -2.188934e-001  -2.863343e-001  -3.491555e-001  -4.063436e-001  -4.622337e-001  -5.089040e-001  -5.454233e-001  -5.879906e-001  -4.621319e-001  -2.364337e-001  -1.602923e-001  -8.095350e-002  0.000000e+000  
0.000000e+000  -4.004812e-002  -7.945011e-002  -1.175703e-001  -1.537936e-001  -1.875357e-001  -2.182520e-001  -2.482713e-001  -2.733385e-001  -2.929535e-001  -3.158169e-001  -2.482166e-001  -1.269914e-001  -8.609492e-002  -4.348111e-002  0.000000e+000  
0.000000e+000  6.452442e-003  1.280078e-002  1.894260e-002  2.477880e-002  3.021523e-002  3.516416e-002  4.000079e-002  4.403954e-002  4.719985e-002  5.088353e-002  3.999197e-002  2.046051e-002  1.387137e-002  7.005555e-003  0.000000e+000  
0.000000e+000  5.140504e-002  1.019807e-001  1.509111e-001  1.974067e-001  2.407174e-001  2.801443e-001  3.186766e-001  3.508523e-001  3.760297e-001  4.053768e-001  3.186064e-001  1.630039e-001  1.105099e-001  5.581156e-002  0.000000e+000  
0.000000e+000  8.192183e-002  1.625220e-001  2.405000e-001  3.145979e-001  3.836201e-001  4.464531e-001  5.078601e-001  5.591371e-001  5.992612e-001  6.460302e-001  5.077482e-001  2.597718e-001  1.761145e-001  8.894429e-002  0.000000e+000  
0.000000e+000  9.047768e-002  1.794956e-001  2.656176e-001  3.474542e-001  4.236851e-001  4.930803e-001  5.609006e-001  6.175329e-001  6.618475e-001  7.135011e-001  5.607770e-001  2.869021e-001  1.945077e-001  9.823356e-002  0.000000e+000  
0.000000e+000  9.291026e-002  1.843215e-001  2.727590e-001  3.567959e-001  4.350763e-001  5.063373e-001  5.759810e-001  6.341359e-001  6.796420e-001  7.326843e-001  5.758541e-001  2.946157e-001  1.997372e-001  1.008747e-001  0.000000e+000  
0.000000e+000  9.413452e-002  1.867503e-001  2.763531e-001  3.614973e-001  4.408092e-001  5.130091e-001  5.835706e-001  6.424917e-001  6.885974e-001  7.423387e-001  5.834420e-001  2.984978e-001  2.023691e-001  1.022039e-001  0.000000e+000  
0.000000e+000  0.000000e+000  0.000000e+000  0.000000e+000  0.000000e+000  0.000000e+000  0.000000e+000  0.000000e+000  0.000000e+000  0.000000e+000  0.000000e+000  0.000000e+000  0.000000e+000  0.000000e+000  0.000000e+000  0.000000e+000  

0.000000e+000  0.000000e+000  0.000000e+000  0.000000e+000  0.000000e+000  0.000000e+000  0.000000e+000  0.000000e+000  0.000000e+000  0.000000e+000  0.000000e+000  0.000000e+000  0.000000e+000  0.000000e+000  0.000000e+000  0.000000e+000  
-1.057528e-001  -1.040466e-001  -1.006618e-001  -9.565288e-002  -8.910075e-002  -8.111109e-002  -7.129257e-002  -5.953177e-002  -4.658352e-002  -1.580135e-002  3.995747e-002  8.378119e-002  9.712485e-002  1.012032e-001  1.032630e-001  0.000000e+000  
-2.101303e-001  -2.067401e-001  -2.000144e-001  -1.900618e-001  -1.770427e-001  -1.611673e-001  -1.416579e-001  -1.182893e-001  -9.256121e-002  -3.139719e-002  7.939528e-002  1.664728e-001  1.929866e-001  2.010903e-001  2.051829e-001  0.000000e+000  
-3.117749e-001  -3.067448e-001  -2.967658e-001  -2.819988e-001  -2.626822e-001  -2.391275e-001  -2.101810e-001  -1.755085e-001  -1.373351e-001  -4.658470e-002  1.178005e-001  2.469993e-001  2.863384e-001  2.983621e-001  3.044345e-001  0.000000e+000  
-6.560716e-001  -6.454868e-001  -6.244878e-001  -5.934135e-001  -5.527652e-001  -5.031988e-001  -4.422864e-001  -3.693245e-001  -2.889959e-001  -9.802874e-002  2.478891e-001  5.197636e-001  6.025453e-001  6.278469e-001  6.406251e-001  0.000000e+000  
-9.041028e-001  -8.895162e-001  -8.605785e-001  -8.177564e-001  -7.617408e-001  -6.934356e-001  -6.094950e-001  -5.089495e-001  -3.982522e-001  -1.350890e-001  3.416047e-001  7.162627e-001  8.303405e-001  8.652074e-001  8.828165e-001  0.000000e+000  
-9.352360e-001  -9.201472e-001  -8.902129e-001  -8.459163e-001  -7.879718e-001  -7.173144e-001  -6.304833e-001  -5.264754e-001  -4.119662e-001  -1.397409e-001  3.533681e-001  7.409276e-001  8.589337e-001  8.950013e-001  9.132167e-001  0.000000e+000  
-7.420024e-001  -7.300312e-001  -7.062818e-001  -6.711374e-001  -6.251652e-001  -5.691066e-001  -5.002161e-001  -4.176978e-001  -3.268479e-001  -1.108683e-001  2.803570e-001  5.878410e-001  6.814653e-001  7.100808e-001  7.245327e-001  0.000000e+000  
-4.286375e-001  -4.217219e-001  -4.080025e-001  -3.877004e-001  -3.611433e-001  -3.287596e-001  -2.889632e-001  -2.412943e-001  -1.888124e-001  -6.404605e-002  1.619557e-001  3.395820e-001  3.936666e-001  4.101971e-001  4.185456e-001  0.000000e+000  
-3.316583e-001  -3.263074e-001  -3.156920e-001  -2.999833e-001  -2.794347e-001  -2.543778e-001  -2.235853e-001  -1.867015e-001  -1.460936e-001  -4.955564e-002  1.253132e-001  2.627517e-001  3.045996e-001  3.173901e-001  3.238497e-001  0.000000e+000  
-2.303658e-001  -2.266491e-001  -2.192758e-001  -2.083647e-001  -1.940919e-001  -1.766877e-001  -1.552996e-001  -1.296806e-001  -1.014748e-001  -3.442074e-002  8.704105e-002  1.825041e-001  2.115711e-001  2.204553e-001  2.249421e-001  0.000000e+000  
-1.260773e-001  -1.240432e-001  -1.200078e-001  -1.140363e-001  -1.062249e-001  -9.669972e-002  -8.499420e-002  -7.097310e-002  -5.553632e-002  -1.883819e-002  4.763685e-002  9.988299e-002  1.157911e-001  1.206533e-001  1.231089e-001  0.000000e+000  
-6.318440e-002  -6.216500e-002  -6.014264e-002  -5.714997e-002  -5.323525e-002  -4.846165e-002  -4.259535e-002  -3.556859e-002  -2.783236e-002  -9.440874e-003  2.387349e-002  5.005696e-002  5.802943e-002  6.046615e-002  6.169678e-002  0.000000e+000  
-9.575425e-010  1.497097e-009  -1.091525e-009  1.328393e-009  -7.809519e-010  4.108578e-010  5.951245e-010  -9.433582e-010  0.000000e+000  0.000000e+000  -1.771392e-010  2.071182e-010  -6.873500e-010  -1.601239e-010  8.122673e-010  0.000000e+000  
6.318440e-002  6.216500e-002  6.014265e-002  5.714997e-002  5.323525e-002  4.846165e-002  4.259535e-002  3.556859e-002  2.783236e-002  9.440874e-003  -2.387349e-002  -5.005696e-002  -5.802942e-002  -6.046615e-002  -6.169678e-002  0.000000e+000  
1.260773e-001  1.240432e-001  1.200078e-001  1.140363e-001  1.062249e-001  9.669972e-002  8.499420e-002  7.097309e-002  5.553632e-002  1.883819e-002  -4.763685e-002  -9.988299e-002  -1.157911e-001  -1.206533e-001  -1.231089e-001  0.000000e+000  
2.303658e-001  2.266491e-001  2.192758e-001  2.083647e-001  1.940919e-001  1.766877e-001  1.552996e-001  1.296806e-001  1.014748e-001  3.442074e-002  -8.704105e-002  -1.825041e-001  -2.115711e-001  -2.204553e-001  -2.249421e-001  0.000000e+000  
3.316583e-001  3.263074e-001  3.156920e-001  2.999833e-001  2.794347e-001  2.543778e-001  2.235853e-001  1.867015e-001  1.460936e-001  4.955564e-002  -1.253132e-001  -2.627517e-001  -3.045996e-001  -3.173901e-001  -3.238497e-001  0.000000e+000  
4.286375e-001  4.217219e-001  4.080025e-001  3.877004e-001  3.611433e-001  3.287596e-001  2.889632e-001  2.412943e-001  1.888124e-001  6.404605e-002  -1.619557e-001  -3.395820e-001  -3.936666e-001  -4.101971e-001  -4.185456e-001  0.000000e+000  
7.420024e-001  7.300312e-001  7.062818e-001  6.711374e-001  6.251652e-001  5.691066e-001  5.002161e-001  4.176978e-001  3.268479e-001  1.108683e-001  -2.803570e-001  -5.878410e-001  -6.814653e-001  -7.100808e-001  -7.245327e-001  0.000000e+000  
9.352360e-001  9.201472e-001  8.902129e-001  8.459163e-001  7.879718e-001  7.173144e-001  6.304833e-001  5.264754e-001  4.119662e-001  1.397409e-001  -3.533681e-001  -7.409276e-001  -8.589337e-001  -8.950013e-001  -9.132167e-001  0.000000e+000  
9.041028e-001  8.895162e-001  8.605785e-001  8.177564e-001  7.617408e-001  6.934356e-001  6.094950e-001  5.089495e-001  3.982522e-001  1.350890e-001  -3.416047e-001  -7.162627e-001  -8.303405e-001  -8.652074e-001  -8.828165e-001  0.000000e+000  
6.560716e-001  6.454868e-001  6.244878e-001  5.934135e-001  5.527652e-001  5.031988e-001  4.422864e-001  3.693245e-001  2.889959e-001  9.802874e-002  -2.478891e-001  -5.197636e-001  -6.025453e-001  -6.278469e-001  -6.406251e-001  0.000000e+000  
3.117749e-001  3.067448e-001  2.967658e-001  2.819988e-001  2.626822e-001  2.391275e-001  2.101810e-001  1.755085e-001  1.373351e-001  4.658470e-002  -1.178005e-001  -2.469993e-001  -2.863384e-001  -2.983621e-001  -3.044345e-001  0.000000e+000  
2.101303e-001  2.067401e-001  2.000144e-001  1.900618e-001  1.770427e-001  1.611673e-001  1.416579e-001  1.182893e-001  9.256121e-002  3.139719e-002  -7.939528e-002  -1.664728e-001  -1.929866e-001  -2.010903e-001  -2.051830e-001  0.000000e+000  
1.057528e-001  1.040466e-001  1.006618e-001  9.565288e-002  8.910075e-002  8.111109e-002  7.129257e-002  5.953177e-002  4.658352e-002  1.580135e-002  -3.995747e-002  -8.378119e-002  -9.712485e-002  -1.012032e-001  -1.032630e-001  0.000000e+000  
0.000000e+000  0.000000e+000  0.000000e+000  0.000000e+000  0.000000e+000  0.000000e+000  0.000000e+000  0.000000e+000  0.000000e+000  0.000000e+000  0.000000e+000  0.000000e+000  0.000000e+000  0.000000e+000  0.000000e+000  0.000000e+000  

-1.434744e-007  -1.407735e-007  -1.353748e-007  -1.273554e-007  -1.169345e-007  -1.041216e-007  -9.054733e-008  -6.833038e-008  -4.451170e-008  -1.014097e-008  6.309917e-008  1.186293e-007  1.303758e-007  1.365828e-007  1.396857e-007  -0.000000e+000  
-1.409771e-007  -1.381757e-007  -1.330530e-007  -1.252026e-007  -1.147826e-007  -1.024404e-007  -8.895128e-008  -6.736961e-008  -4.424380e-008  -1.082908e-008  6.229103e-008  1.182448e-007  1.287547e-007  1.346542e-007  1.375510e-007  -0.000000e+000  
-1.357436e-007  -1.332405e-007  -1.281229e-007  -1.206371e-007  -1.108110e-007  -9.880011e-008  -8.562093e-008  -6.549867e-008  -4.393127e-008  -1.231459e-008  6.067296e-008  1.176943e-007  1.255738e-007  1.306609e-007  1.331784e-007  -0.000000e+000  
-1.261727e-007  -1.239306e-007  -1.194092e-007  -1.127403e-007  -1.039378e-007  -9.311877e-008  -7.860645e-008  -6.371263e-008  -4.864079e-008  -1.756512e-008  5.762157e-008  1.139589e-007  1.220985e-007  1.250827e-007  1.266950e-007  -0.000000e+000  
-7.723644e-008  -7.625072e-008  -7.435856e-008  -7.156100e-008  -6.810017e-008  -6.408383e-008  -5.878833e-008  -4.858429e-008  -3.597515e-008  -4.344083e-009  4.219113e-008  7.301124e-008  9.570605e-008  1.024785e-007  1.058033e-007  -0.000000e+000  
-8.565110e-009  -8.406714e-009  -8.123346e-009  -7.710646e-009  -7.137967e-009  -6.494517e-009  -5.652457e-009  -4.388405e-009  -3.074191e-009  -1.282368e-010  2.894168e-009  4.776344e-009  5.787105e-009  6.086277e-009  6.247637e-009  -0.000000e+000  
6.076469e-008  6.011549e-008  5.881588e-008  5.702561e-008  5.474885e-008  5.222158e-008  4.889107e-008  4.110326e-008  3.089072e-008  4.373110e-009  -3.633594e-008  -6.307385e-008  -8.497234e-008  -9.148267e-008  -9.467570e-008  -0.000000e+000  
1.104918e-007  1.086273e-007  1.048819e-007  9.927688e-008  9.183586e-008  8.265662e-008  7.007996e-008  5.728534e-008  4.429163e-008  1.740038e-008  -5.010138e-008  -1.012732e-007  -1.083746e-007  -1.109865e-007  -1.124076e-007  -0.000000e+000  
1.193300e-007  1.172372e-007  1.132547e-007  1.072712e-007  9.925379e-008  8.922673e-008  7.845865e-008  6.111393e-008  4.213551e-008  1.377435e-008  -5.298020e-008  -1.061459e-007  -1.120457e-007  -1.163607e-007  -1.185122e-007  -0.000000e+000  
1.255125e-007  1.233124e-007  1.192593e-007  1.129490e-007  1.047354e-007  9.454821e-008  8.352326e-008  6.521173e-008  4.472793e-008  1.280642e-008  -5.506009e-008  -1.070770e-007  -1.167816e-007  -1.219064e-007  -1.243076e-007  -0.000000e+000  
1.287271e-007  1.267277e-007  1.225026e-007  1.164218e-007  1.082955e-007  9.823441e-008  8.655800e-008  6.879369e-008  4.934259e-008  1.231296e-008  -5.648781e-008  -1.079466e-007  -1.207506e-007  -1.255988e-007  -1.278178e-007  -0.000000e+000  
1.278582e-007  1.259975e-007  1.218431e-007  1.157919e-007  1.082842e-007  9.961322e-008  8.533039e-008  7.054105e-008  5.672240e-008  1.182843e-008  -5.676735e-008  -1.079222e-007  -1.234860e-007  -1.260840e-007  -1.277837e-007  -0.000000e+000  
1.278524e-007  1.257423e-007  1.217986e-007  1.160756e-007  1.086512e-007  1.003132e-007  8.532261e-008  7.164003e-008  5.897256e-008  1.161339e-008  -5.711128e-008  -1.080244e-007  -1.247717e-007  -1.269000e-007  -1.282668e-007  -0.000000e+000  
1.280988e-007  1.260920e-007  1.218738e-007  1.162545e-007  1.087943e-007  1.004835e-007  8.548299e-008  7.168691e-008  5.918847e-008  1.178108e-008  -5.694082e-008  -1.078370e-007  -1.247127e-007  -1.267763e-007  -1.279749e-007  -0.000000e+000  
1.277792e-007  1.258554e-007  1.217301e-007  1.158123e-007  1.082158e-007  9.960599e-008  8.539507e-008  7.049048e-008  5.664367e-008  1.183144e-008  -5.674754e-008  -1.079455e-007  -1.234097e-007  -1.261001e-007  -1.278158e-007  -0.000000e+000  
1.289227e-007  1.266840e-007  1.226513e-007  1.164761e-007  1.083536e-007  9.827168e-008  8.647379e-008  6.880392e-008  4.935269e-008  1.231393e-008  -5.650072e-008  -1.079705e-007  -1.206655e-007  -1.256039e-007  -1.278661e-007  -0.000000e+000  
1.253975e-007  1.233710e-007  1.191912e-007  1.129404e-007  1.047288e-007  9.453813e-008  8.350621e-008  6.507498e-008  4.475150e-008  1.279742e-008  -5.508989e-008  -1.070854e-007  -1.168492e-007  -1.219422e-007  -1.242756e-007  -0.000000e+000  
1.193164e-007  1.173290e-007  1.131956e-007  1.072900e-007  9.923618e-008  8.924571e-008  7.853711e-008  6.106479e-008  4.203370e-008  1.374631e-008  -5.298034e-008  -1.061708e-007  -1.120094e-007  -1.163655e-007  -1.184972e-007  -0.000000e+000  
1.104536e-007  1.085609e-007  1.048277e-007  9.923636e-008  9.182899e-008  8.263279e-008  7.004244e-008  5.728339e-008  4.425648e-008  1.737979e-008  -5.009614e-008  -1.012800e-007  -1.083888e-007  -1.110046e-007  -1.124175e-007  -0.000000e+000  
6.069040e-008  6.005295e-008  5.876023e-008  5.696040e-008  5.469321e-008  5.215558e-008  4.883834e-008  4.102791e-008  3.083915e-008  4.342143e-009  -3.635050e-008  -6.305606e-008  -8.491475e-008  -9.139390e-008  -9.460637e-008  -0.000000e+000  
-8.586265e-009  -8.449638e-009  -8.129375e-009  -7.730623e-009  -7.187103e-009  -6.544035e-009  -5.680908e-009  -4.445048e-009  -3.120283e-009  -1.534811e-010  2.904212e-009  4.764751e-009  5.777036e-009  6.074481e-009  6.250992e-009  -0.000000e+000  
-7.719391e-008  -7.623514e-008  -7.429976e-008  -7.157332e-008  -6.808656e-008  -6.409094e-008  -5.880183e-008  -4.859419e-008  -3.599422e-008  -4.378178e-009  4.218696e-008  7.302563e-008  9.570307e-008  1.024624e-007  1.058003e-007  -0.000000e+000  
-1.261127e-007  -1.238493e-007  -1.193456e-007  -1.126536e-007  -1.038867e-007  -9.305714e-008  -7.856422e-008  -6.370622e-008  -4.860708e-008  -1.754770e-008  5.763471e-008  1.139310e-007  1.220880e-007  1.250785e-007  1.266965e-007  -0.000000e+000  
-1.356731e-007  -1.331517e-007  -1.280283e-007  -1.206942e-007  -1.106819e-007  -9.870232e-008  -8.559856e-008  -6.538299e-008  -4.392232e-008  -1.227604e-008  6.066451e-008  1.176424e-007  1.255751e-007  1.306505e-007  1.331597e-007  -0.000000e+000  
-1.408321e-007  -1.381977e-007  -1.329239e-007  -1.250048e-007  -1.148016e-007  -1.022317e-007  -8.892094e-008  -6.732552e-008  -4.418997e-008  -1.079171e-008  6.232436e-008  1.182149e-007  1.287613e-007  1.346190e-007  1.375203e-007  -0.000000e+000  
-1.433791e-007  -1.406545e-007  -1.353428e-007  -1.273259e-007  -1.168301e-007  -1.041000e-007  -9.036183e-008  -6.827116e-008  -4.441681e-008  -1.008923e-008  6.311775e-008  1.185842e-007  1.303552e-007  1.365096e-007  1.396487e-007  -0.000000e+000  
-0.000000e+000  -0.000000e+000  -0.000000e+000  -0.000000e+000  -0.000000e+000  -0.000000e+000  -0.000000e+000  -0.000000e+000  -0.000000e+000  -0.000000e+000  -0.000000e+000  -0.000000e+000  -0.000000e+000  -0.000000e+000  -0.000000e+000  -0.000000e+000  

