Port monitor named: Port2_h3.prt

nx        = 3
ny        = 18
nz        = 29

nu        = 16
nv        = 27
iu        = 2
iv        = 2

idir      = 0
dcut      = 5.114300e-001
icut      = 3
type      = 1
frequency = 2.200000e+009

fcutoff   = 3.942598e+009
alpha     = 6.855142e+001
beta      = 0.000000e+000
accuracy  = 8.679105e-010

type          = TE
wave imp.     = 2.533938e+002
wave imp.sig. = 6.528549e-006
line imp.     = 0.000000e+000

ref. port     = 0

0.000000e+000  0.000000e+000  0.000000e+000  0.000000e+000  0.000000e+000  0.000000e+000  0.000000e+000  0.000000e+000  0.000000e+000  0.000000e+000  0.000000e+000  0.000000e+000  0.000000e+000  0.000000e+000  0.000000e+000  0.000000e+000  
0.000000e+000  0.000000e+000  0.000000e+000  0.000000e+000  0.000000e+000  0.000000e+000  0.000000e+000  0.000000e+000  0.000000e+000  0.000000e+000  0.000000e+000  0.000000e+000  0.000000e+000  0.000000e+000  0.000000e+000  0.000000e+000  
0.000000e+000  0.000000e+000  0.000000e+000  0.000000e+000  0.000000e+000  0.000000e+000  0.000000e+000  0.000000e+000  0.000000e+000  0.000000e+000  0.000000e+000  0.000000e+000  0.000000e+000  0.000000e+000  0.000000e+000  0.000000e+000  
0.000000e+000  0.000000e+000  0.000000e+000  0.000000e+000  0.000000e+000  0.000000e+000  0.000000e+000  0.000000e+000  0.000000e+000  0.000000e+000  0.000000e+000  0.000000e+000  0.000000e+000  0.000000e+000  0.000000e+000  0.000000e+000  
0.000000e+000  0.000000e+000  0.000000e+000  0.000000e+000  0.000000e+000  0.000000e+000  0.000000e+000  0.000000e+000  0.000000e+000  0.000000e+000  0.000000e+000  0.000000e+000  0.000000e+000  0.000000e+000  0.000000e+000  0.000000e+000  
0.000000e+000  0.000000e+000  0.000000e+000  0.000000e+000  0.000000e+000  0.000000e+000  0.000000e+000  0.000000e+000  0.000000e+000  0.000000e+000  0.000000e+000  0.000000e+000  0.000000e+000  0.000000e+000  0.000000e+000  0.000000e+000  
0.000000e+000  0.000000e+000  0.000000e+000  0.000000e+000  0.000000e+000  0.000000e+000  0.000000e+000  0.000000e+000  0.000000e+000  0.000000e+000  0.000000e+000  0.000000e+000  0.000000e+000  0.000000e+000  0.000000e+000  0.000000e+000  
0.000000e+000  0.000000e+000  0.000000e+000  0.000000e+000  0.000000e+000  0.000000e+000  0.000000e+000  0.000000e+000  0.000000e+000  0.000000e+000  0.000000e+000  0.000000e+000  0.000000e+000  0.000000e+000  0.000000e+000  0.000000e+000  
0.000000e+000  0.000000e+000  0.000000e+000  0.000000e+000  0.000000e+000  0.000000e+000  0.000000e+000  0.000000e+000  0.000000e+000  0.000000e+000  0.000000e+000  0.000000e+000  0.000000e+000  0.000000e+000  0.000000e+000  0.000000e+000  
0.000000e+000  0.000000e+000  0.000000e+000  0.000000e+000  0.000000e+000  0.000000e+000  0.000000e+000  0.000000e+000  0.000000e+000  0.000000e+000  0.000000e+000  0.000000e+000  0.000000e+000  0.000000e+000  0.000000e+000  0.000000e+000  
0.000000e+000  0.000000e+000  0.000000e+000  0.000000e+000  0.000000e+000  0.000000e+000  0.000000e+000  0.000000e+000  0.000000e+000  0.000000e+000  0.000000e+000  0.000000e+000  0.000000e+000  0.000000e+000  0.000000e+000  0.000000e+000  
0.000000e+000  0.000000e+000  0.000000e+000  0.000000e+000  0.000000e+000  0.000000e+000  0.000000e+000  0.000000e+000  0.000000e+000  0.000000e+000  0.000000e+000  0.000000e+000  0.000000e+000  0.000000e+000  0.000000e+000  0.000000e+000  
0.000000e+000  0.000000e+000  0.000000e+000  0.000000e+000  0.000000e+000  0.000000e+000  0.000000e+000  0.000000e+000  0.000000e+000  0.000000e+000  0.000000e+000  0.000000e+000  0.000000e+000  0.000000e+000  0.000000e+000  0.000000e+000  
0.000000e+000  0.000000e+000  0.000000e+000  0.000000e+000  0.000000e+000  0.000000e+000  0.000000e+000  0.000000e+000  0.000000e+000  0.000000e+000  0.000000e+000  0.000000e+000  0.000000e+000  0.000000e+000  0.000000e+000  0.000000e+000  
0.000000e+000  0.000000e+000  0.000000e+000  0.000000e+000  0.000000e+000  0.000000e+000  0.000000e+000  0.000000e+000  0.000000e+000  0.000000e+000  0.000000e+000  0.000000e+000  0.000000e+000  0.000000e+000  0.000000e+000  0.000000e+000  
0.000000e+000  0.000000e+000  0.000000e+000  0.000000e+000  0.000000e+000  0.000000e+000  0.000000e+000  0.000000e+000  0.000000e+000  0.000000e+000  0.000000e+000  0.000000e+000  0.000000e+000  0.000000e+000  0.000000e+000  0.000000e+000  
0.000000e+000  0.000000e+000  0.000000e+000  0.000000e+000  0.000000e+000  0.000000e+000  0.000000e+000  0.000000e+000  0.000000e+000  0.000000e+000  0.000000e+000  0.000000e+000  0.000000e+000  0.000000e+000  0.000000e+000  0.000000e+000  
0.000000e+000  0.000000e+000  0.000000e+000  0.000000e+000  0.000000e+000  0.000000e+000  0.000000e+000  0.000000e+000  0.000000e+000  0.000000e+000  0.000000e+000  0.000000e+000  0.000000e+000  0.000000e+000  0.000000e+000  0.000000e+000  
0.000000e+000  0.000000e+000  0.000000e+000  0.000000e+000  0.000000e+000  0.000000e+000  0.000000e+000  0.000000e+000  0.000000e+000  0.000000e+000  0.000000e+000  0.000000e+000  0.000000e+000  0.000000e+000  0.000000e+000  0.000000e+000  
0.000000e+000  0.000000e+000  0.000000e+000  0.000000e+000  0.000000e+000  0.000000e+000  0.000000e+000  0.000000e+000  0.000000e+000  0.000000e+000  0.000000e+000  0.000000e+000  0.000000e+000  0.000000e+000  0.000000e+000  0.000000e+000  
0.000000e+000  0.000000e+000  0.000000e+000  0.000000e+000  0.000000e+000  0.000000e+000  0.000000e+000  0.000000e+000  0.000000e+000  0.000000e+000  0.000000e+000  0.000000e+000  0.000000e+000  0.000000e+000  0.000000e+000  0.000000e+000  
0.000000e+000  0.000000e+000  0.000000e+000  0.000000e+000  0.000000e+000  0.000000e+000  0.000000e+000  0.000000e+000  0.000000e+000  0.000000e+000  0.000000e+000  0.000000e+000  0.000000e+000  0.000000e+000  0.000000e+000  0.000000e+000  
0.000000e+000  0.000000e+000  0.000000e+000  0.000000e+000  0.000000e+000  0.000000e+000  0.000000e+000  0.000000e+000  0.000000e+000  0.000000e+000  0.000000e+000  0.000000e+000  0.000000e+000  0.000000e+000  0.000000e+000  0.000000e+000  
0.000000e+000  0.000000e+000  0.000000e+000  0.000000e+000  0.000000e+000  0.000000e+000  0.000000e+000  0.000000e+000  0.000000e+000  0.000000e+000  0.000000e+000  0.000000e+000  0.000000e+000  0.000000e+000  0.000000e+000  0.000000e+000  
0.000000e+000  0.000000e+000  0.000000e+000  0.000000e+000  0.000000e+000  0.000000e+000  0.000000e+000  0.000000e+000  0.000000e+000  0.000000e+000  0.000000e+000  0.000000e+000  0.000000e+000  0.000000e+000  0.000000e+000  0.000000e+000  
0.000000e+000  0.000000e+000  0.000000e+000  0.000000e+000  0.000000e+000  0.000000e+000  0.000000e+000  0.000000e+000  0.000000e+000  0.000000e+000  0.000000e+000  0.000000e+000  0.000000e+000  0.000000e+000  0.000000e+000  0.000000e+000  
0.000000e+000  0.000000e+000  0.000000e+000  0.000000e+000  0.000000e+000  0.000000e+000  0.000000e+000  0.000000e+000  0.000000e+000  0.000000e+000  0.000000e+000  0.000000e+000  0.000000e+000  0.000000e+000  0.000000e+000  0.000000e+000  

0.000000e+000  0.000000e+000  0.000000e+000  0.000000e+000  0.000000e+000  0.000000e+000  0.000000e+000  0.000000e+000  0.000000e+000  0.000000e+000  0.000000e+000  0.000000e+000  0.000000e+000  0.000000e+000  0.000000e+000  0.000000e+000  
0.000000e+000  0.000000e+000  0.000000e+000  0.000000e+000  0.000000e+000  0.000000e+000  0.000000e+000  0.000000e+000  0.000000e+000  0.000000e+000  0.000000e+000  0.000000e+000  0.000000e+000  0.000000e+000  0.000000e+000  0.000000e+000  
0.000000e+000  0.000000e+000  0.000000e+000  0.000000e+000  0.000000e+000  0.000000e+000  0.000000e+000  0.000000e+000  0.000000e+000  0.000000e+000  0.000000e+000  0.000000e+000  0.000000e+000  0.000000e+000  0.000000e+000  0.000000e+000  
0.000000e+000  0.000000e+000  0.000000e+000  0.000000e+000  0.000000e+000  0.000000e+000  0.000000e+000  0.000000e+000  0.000000e+000  0.000000e+000  0.000000e+000  0.000000e+000  0.000000e+000  0.000000e+000  0.000000e+000  0.000000e+000  
0.000000e+000  0.000000e+000  0.000000e+000  0.000000e+000  0.000000e+000  0.000000e+000  0.000000e+000  0.000000e+000  0.000000e+000  0.000000e+000  0.000000e+000  0.000000e+000  0.000000e+000  0.000000e+000  0.000000e+000  0.000000e+000  
0.000000e+000  0.000000e+000  0.000000e+000  0.000000e+000  0.000000e+000  0.000000e+000  0.000000e+000  0.000000e+000  0.000000e+000  0.000000e+000  0.000000e+000  0.000000e+000  0.000000e+000  0.000000e+000  0.000000e+000  0.000000e+000  
0.000000e+000  0.000000e+000  0.000000e+000  0.000000e+000  0.000000e+000  0.000000e+000  0.000000e+000  0.000000e+000  0.000000e+000  0.000000e+000  0.000000e+000  0.000000e+000  0.000000e+000  0.000000e+000  0.000000e+000  0.000000e+000  
0.000000e+000  0.000000e+000  0.000000e+000  0.000000e+000  0.000000e+000  0.000000e+000  0.000000e+000  0.000000e+000  0.000000e+000  0.000000e+000  0.000000e+000  0.000000e+000  0.000000e+000  0.000000e+000  0.000000e+000  0.000000e+000  
0.000000e+000  0.000000e+000  0.000000e+000  0.000000e+000  0.000000e+000  0.000000e+000  0.000000e+000  0.000000e+000  0.000000e+000  0.000000e+000  0.000000e+000  0.000000e+000  0.000000e+000  0.000000e+000  0.000000e+000  0.000000e+000  
0.000000e+000  0.000000e+000  0.000000e+000  0.000000e+000  0.000000e+000  0.000000e+000  0.000000e+000  0.000000e+000  0.000000e+000  0.000000e+000  0.000000e+000  0.000000e+000  0.000000e+000  0.000000e+000  0.000000e+000  0.000000e+000  
0.000000e+000  0.000000e+000  0.000000e+000  0.000000e+000  0.000000e+000  0.000000e+000  0.000000e+000  0.000000e+000  0.000000e+000  0.000000e+000  0.000000e+000  0.000000e+000  0.000000e+000  0.000000e+000  0.000000e+000  0.000000e+000  
0.000000e+000  0.000000e+000  0.000000e+000  0.000000e+000  0.000000e+000  0.000000e+000  0.000000e+000  0.000000e+000  0.000000e+000  0.000000e+000  0.000000e+000  0.000000e+000  0.000000e+000  0.000000e+000  0.000000e+000  0.000000e+000  
0.000000e+000  0.000000e+000  0.000000e+000  0.000000e+000  0.000000e+000  0.000000e+000  0.000000e+000  0.000000e+000  0.000000e+000  0.000000e+000  0.000000e+000  0.000000e+000  0.000000e+000  0.000000e+000  0.000000e+000  0.000000e+000  
0.000000e+000  0.000000e+000  0.000000e+000  0.000000e+000  0.000000e+000  0.000000e+000  0.000000e+000  0.000000e+000  0.000000e+000  0.000000e+000  0.000000e+000  0.000000e+000  0.000000e+000  0.000000e+000  0.000000e+000  0.000000e+000  
0.000000e+000  0.000000e+000  0.000000e+000  0.000000e+000  0.000000e+000  0.000000e+000  0.000000e+000  0.000000e+000  0.000000e+000  0.000000e+000  0.000000e+000  0.000000e+000  0.000000e+000  0.000000e+000  0.000000e+000  0.000000e+000  
0.000000e+000  0.000000e+000  0.000000e+000  0.000000e+000  0.000000e+000  0.000000e+000  0.000000e+000  0.000000e+000  0.000000e+000  0.000000e+000  0.000000e+000  0.000000e+000  0.000000e+000  0.000000e+000  0.000000e+000  0.000000e+000  
0.000000e+000  0.000000e+000  0.000000e+000  0.000000e+000  0.000000e+000  0.000000e+000  0.000000e+000  0.000000e+000  0.000000e+000  0.000000e+000  0.000000e+000  0.000000e+000  0.000000e+000  0.000000e+000  0.000000e+000  0.000000e+000  
0.000000e+000  0.000000e+000  0.000000e+000  0.000000e+000  0.000000e+000  0.000000e+000  0.000000e+000  0.000000e+000  0.000000e+000  0.000000e+000  0.000000e+000  0.000000e+000  0.000000e+000  0.000000e+000  0.000000e+000  0.000000e+000  
0.000000e+000  0.000000e+000  0.000000e+000  0.000000e+000  0.000000e+000  0.000000e+000  0.000000e+000  0.000000e+000  0.000000e+000  0.000000e+000  0.000000e+000  0.000000e+000  0.000000e+000  0.000000e+000  0.000000e+000  0.000000e+000  
0.000000e+000  0.000000e+000  0.000000e+000  0.000000e+000  0.000000e+000  0.000000e+000  0.000000e+000  0.000000e+000  0.000000e+000  0.000000e+000  0.000000e+000  0.000000e+000  0.000000e+000  0.000000e+000  0.000000e+000  0.000000e+000  
0.000000e+000  0.000000e+000  0.000000e+000  0.000000e+000  0.000000e+000  0.000000e+000  0.000000e+000  0.000000e+000  0.000000e+000  0.000000e+000  0.000000e+000  0.000000e+000  0.000000e+000  0.000000e+000  0.000000e+000  0.000000e+000  
0.000000e+000  0.000000e+000  0.000000e+000  0.000000e+000  0.000000e+000  0.000000e+000  0.000000e+000  0.000000e+000  0.000000e+000  0.000000e+000  0.000000e+000  0.000000e+000  0.000000e+000  0.000000e+000  0.000000e+000  0.000000e+000  
0.000000e+000  0.000000e+000  0.000000e+000  0.000000e+000  0.000000e+000  0.000000e+000  0.000000e+000  0.000000e+000  0.000000e+000  0.000000e+000  0.000000e+000  0.000000e+000  0.000000e+000  0.000000e+000  0.000000e+000  0.000000e+000  
0.000000e+000  0.000000e+000  0.000000e+000  0.000000e+000  0.000000e+000  0.000000e+000  0.000000e+000  0.000000e+000  0.000000e+000  0.000000e+000  0.000000e+000  0.000000e+000  0.000000e+000  0.000000e+000  0.000000e+000  0.000000e+000  
0.000000e+000  0.000000e+000  0.000000e+000  0.000000e+000  0.000000e+000  0.000000e+000  0.000000e+000  0.000000e+000  0.000000e+000  0.000000e+000  0.000000e+000  0.000000e+000  0.000000e+000  0.000000e+000  0.000000e+000  0.000000e+000  
0.000000e+000  0.000000e+000  0.000000e+000  0.000000e+000  0.000000e+000  0.000000e+000  0.000000e+000  0.000000e+000  0.000000e+000  0.000000e+000  0.000000e+000  0.000000e+000  0.000000e+000  0.000000e+000  0.000000e+000  0.000000e+000  
0.000000e+000  0.000000e+000  0.000000e+000  0.000000e+000  0.000000e+000  0.000000e+000  0.000000e+000  0.000000e+000  0.000000e+000  0.000000e+000  0.000000e+000  0.000000e+000  0.000000e+000  0.000000e+000  0.000000e+000  0.000000e+000  

0.000000e+000  0.000000e+000  0.000000e+000  0.000000e+000  0.000000e+000  0.000000e+000  0.000000e+000  0.000000e+000  0.000000e+000  0.000000e+000  0.000000e+000  0.000000e+000  0.000000e+000  0.000000e+000  0.000000e+000  0.000000e+000  
0.000000e+000  0.000000e+000  0.000000e+000  0.000000e+000  0.000000e+000  0.000000e+000  0.000000e+000  0.000000e+000  0.000000e+000  0.000000e+000  0.000000e+000  0.000000e+000  0.000000e+000  0.000000e+000  0.000000e+000  0.000000e+000  
0.000000e+000  0.000000e+000  0.000000e+000  0.000000e+000  0.000000e+000  0.000000e+000  0.000000e+000  0.000000e+000  0.000000e+000  0.000000e+000  0.000000e+000  0.000000e+000  0.000000e+000  0.000000e+000  0.000000e+000  0.000000e+000  
0.000000e+000  0.000000e+000  0.000000e+000  0.000000e+000  0.000000e+000  0.000000e+000  0.000000e+000  0.000000e+000  0.000000e+000  0.000000e+000  0.000000e+000  0.000000e+000  0.000000e+000  0.000000e+000  0.000000e+000  0.000000e+000  
0.000000e+000  0.000000e+000  0.000000e+000  0.000000e+000  0.000000e+000  0.000000e+000  0.000000e+000  0.000000e+000  0.000000e+000  0.000000e+000  0.000000e+000  0.000000e+000  0.000000e+000  0.000000e+000  0.000000e+000  0.000000e+000  
0.000000e+000  0.000000e+000  0.000000e+000  0.000000e+000  0.000000e+000  0.000000e+000  0.000000e+000  0.000000e+000  0.000000e+000  0.000000e+000  0.000000e+000  0.000000e+000  0.000000e+000  0.000000e+000  0.000000e+000  0.000000e+000  
0.000000e+000  0.000000e+000  0.000000e+000  0.000000e+000  0.000000e+000  0.000000e+000  0.000000e+000  0.000000e+000  0.000000e+000  0.000000e+000  0.000000e+000  0.000000e+000  0.000000e+000  0.000000e+000  0.000000e+000  0.000000e+000  
0.000000e+000  0.000000e+000  0.000000e+000  0.000000e+000  0.000000e+000  0.000000e+000  0.000000e+000  0.000000e+000  0.000000e+000  0.000000e+000  0.000000e+000  0.000000e+000  0.000000e+000  0.000000e+000  0.000000e+000  0.000000e+000  
0.000000e+000  0.000000e+000  0.000000e+000  0.000000e+000  0.000000e+000  0.000000e+000  0.000000e+000  0.000000e+000  0.000000e+000  0.000000e+000  0.000000e+000  0.000000e+000  0.000000e+000  0.000000e+000  0.000000e+000  0.000000e+000  
0.000000e+000  0.000000e+000  0.000000e+000  0.000000e+000  0.000000e+000  0.000000e+000  0.000000e+000  0.000000e+000  0.000000e+000  0.000000e+000  0.000000e+000  0.000000e+000  0.000000e+000  0.000000e+000  0.000000e+000  0.000000e+000  
0.000000e+000  0.000000e+000  0.000000e+000  0.000000e+000  0.000000e+000  0.000000e+000  0.000000e+000  0.000000e+000  0.000000e+000  0.000000e+000  0.000000e+000  0.000000e+000  0.000000e+000  0.000000e+000  0.000000e+000  0.000000e+000  
0.000000e+000  0.000000e+000  0.000000e+000  0.000000e+000  0.000000e+000  0.000000e+000  0.000000e+000  0.000000e+000  0.000000e+000  0.000000e+000  0.000000e+000  0.000000e+000  0.000000e+000  0.000000e+000  0.000000e+000  0.000000e+000  
0.000000e+000  0.000000e+000  0.000000e+000  0.000000e+000  0.000000e+000  0.000000e+000  0.000000e+000  0.000000e+000  0.000000e+000  0.000000e+000  0.000000e+000  0.000000e+000  0.000000e+000  0.000000e+000  0.000000e+000  0.000000e+000  
0.000000e+000  0.000000e+000  0.000000e+000  0.000000e+000  0.000000e+000  0.000000e+000  0.000000e+000  0.000000e+000  0.000000e+000  0.000000e+000  0.000000e+000  0.000000e+000  0.000000e+000  0.000000e+000  0.000000e+000  0.000000e+000  
0.000000e+000  0.000000e+000  0.000000e+000  0.000000e+000  0.000000e+000  0.000000e+000  0.000000e+000  0.000000e+000  0.000000e+000  0.000000e+000  0.000000e+000  0.000000e+000  0.000000e+000  0.000000e+000  0.000000e+000  0.000000e+000  
0.000000e+000  0.000000e+000  0.000000e+000  0.000000e+000  0.000000e+000  0.000000e+000  0.000000e+000  0.000000e+000  0.000000e+000  0.000000e+000  0.000000e+000  0.000000e+000  0.000000e+000  0.000000e+000  0.000000e+000  0.000000e+000  
0.000000e+000  0.000000e+000  0.000000e+000  0.000000e+000  0.000000e+000  0.000000e+000  0.000000e+000  0.000000e+000  0.000000e+000  0.000000e+000  0.000000e+000  0.000000e+000  0.000000e+000  0.000000e+000  0.000000e+000  0.000000e+000  
0.000000e+000  0.000000e+000  0.000000e+000  0.000000e+000  0.000000e+000  0.000000e+000  0.000000e+000  0.000000e+000  0.000000e+000  0.000000e+000  0.000000e+000  0.000000e+000  0.000000e+000  0.000000e+000  0.000000e+000  0.000000e+000  
0.000000e+000  0.000000e+000  0.000000e+000  0.000000e+000  0.000000e+000  0.000000e+000  0.000000e+000  0.000000e+000  0.000000e+000  0.000000e+000  0.000000e+000  0.000000e+000  0.000000e+000  0.000000e+000  0.000000e+000  0.000000e+000  
0.000000e+000  0.000000e+000  0.000000e+000  0.000000e+000  0.000000e+000  0.000000e+000  0.000000e+000  0.000000e+000  0.000000e+000  0.000000e+000  0.000000e+000  0.000000e+000  0.000000e+000  0.000000e+000  0.000000e+000  0.000000e+000  
0.000000e+000  0.000000e+000  0.000000e+000  0.000000e+000  0.000000e+000  0.000000e+000  0.000000e+000  0.000000e+000  0.000000e+000  0.000000e+000  0.000000e+000  0.000000e+000  0.000000e+000  0.000000e+000  0.000000e+000  0.000000e+000  
0.000000e+000  0.000000e+000  0.000000e+000  0.000000e+000  0.000000e+000  0.000000e+000  0.000000e+000  0.000000e+000  0.000000e+000  0.000000e+000  0.000000e+000  0.000000e+000  0.000000e+000  0.000000e+000  0.000000e+000  0.000000e+000  
0.000000e+000  0.000000e+000  0.000000e+000  0.000000e+000  0.000000e+000  0.000000e+000  0.000000e+000  0.000000e+000  0.000000e+000  0.000000e+000  0.000000e+000  0.000000e+000  0.000000e+000  0.000000e+000  0.000000e+000  0.000000e+000  
0.000000e+000  0.000000e+000  0.000000e+000  0.000000e+000  0.000000e+000  0.000000e+000  0.000000e+000  0.000000e+000  0.000000e+000  0.000000e+000  0.000000e+000  0.000000e+000  0.000000e+000  0.000000e+000  0.000000e+000  0.000000e+000  
0.000000e+000  0.000000e+000  0.000000e+000  0.000000e+000  0.000000e+000  0.000000e+000  0.000000e+000  0.000000e+000  0.000000e+000  0.000000e+000  0.000000e+000  0.000000e+000  0.000000e+000  0.000000e+000  0.000000e+000  0.000000e+000  
0.000000e+000  0.000000e+000  0.000000e+000  0.000000e+000  0.000000e+000  0.000000e+000  0.000000e+000  0.000000e+000  0.000000e+000  0.000000e+000  0.000000e+000  0.000000e+000  0.000000e+000  0.000000e+000  0.000000e+000  0.000000e+000  
0.000000e+000  0.000000e+000  0.000000e+000  0.000000e+000  0.000000e+000  0.000000e+000  0.000000e+000  0.000000e+000  0.000000e+000  0.000000e+000  0.000000e+000  0.000000e+000  0.000000e+000  0.000000e+000  0.000000e+000  0.000000e+000  

0.000000e+000  -1.888174e-001  -3.745885e-001  -5.543161e-001  -7.251005e-001  -8.841864e-001  -1.029007e+000  -1.170541e+000  -1.288726e+000  -1.381206e+000  -1.489002e+000  -1.170283e+000  -5.987346e-001  -4.059172e-001  -2.050032e-001  0.000000e+000  
0.000000e+000  -1.888174e-001  -3.745885e-001  -5.543161e-001  -7.251005e-001  -8.841864e-001  -1.029007e+000  -1.170541e+000  -1.288726e+000  -1.381206e+000  -1.489002e+000  -1.170283e+000  -5.987346e-001  -4.059172e-001  -2.050031e-001  0.000000e+000  
0.000000e+000  -1.888174e-001  -3.745885e-001  -5.543161e-001  -7.251005e-001  -8.841864e-001  -1.029007e+000  -1.170541e+000  -1.288726e+000  -1.381206e+000  -1.489002e+000  -1.170283e+000  -5.987346e-001  -4.059172e-001  -2.050032e-001  0.000000e+000  
0.000000e+000  -1.888174e-001  -3.745885e-001  -5.543161e-001  -7.251005e-001  -8.841864e-001  -1.029007e+000  -1.170541e+000  -1.288726e+000  -1.381206e+000  -1.489002e+000  -1.170283e+000  -5.987346e-001  -4.059172e-001  -2.050031e-001  0.000000e+000  
0.000000e+000  -1.888174e-001  -3.745885e-001  -5.543161e-001  -7.251005e-001  -8.841864e-001  -1.029007e+000  -1.170541e+000  -1.288726e+000  -1.381206e+000  -1.489002e+000  -1.170283e+000  -5.987346e-001  -4.059172e-001  -2.050031e-001  0.000000e+000  
0.000000e+000  -1.888174e-001  -3.745885e-001  -5.543161e-001  -7.251005e-001  -8.841864e-001  -1.029007e+000  -1.170541e+000  -1.288726e+000  -1.381206e+000  -1.489002e+000  -1.170283e+000  -5.987346e-001  -4.059172e-001  -2.050031e-001  0.000000e+000  
0.000000e+000  -1.888174e-001  -3.745885e-001  -5.543161e-001  -7.251005e-001  -8.841864e-001  -1.029007e+000  -1.170541e+000  -1.288726e+000  -1.381206e+000  -1.489002e+000  -1.170283e+000  -5.987346e-001  -4.059172e-001  -2.050031e-001  0.000000e+000  
0.000000e+000  -1.888174e-001  -3.745885e-001  -5.543161e-001  -7.251005e-001  -8.841864e-001  -1.029007e+000  -1.170541e+000  -1.288726e+000  -1.381206e+000  -1.489002e+000  -1.170283e+000  -5.987346e-001  -4.059172e-001  -2.050031e-001  0.000000e+000  
0.000000e+000  -1.888174e-001  -3.745885e-001  -5.543161e-001  -7.251005e-001  -8.841864e-001  -1.029007e+000  -1.170541e+000  -1.288726e+000  -1.381206e+000  -1.489002e+000  -1.170283e+000  -5.987346e-001  -4.059172e-001  -2.050032e-001  0.000000e+000  
0.000000e+000  -1.888174e-001  -3.745885e-001  -5.543161e-001  -7.251005e-001  -8.841864e-001  -1.029007e+000  -1.170541e+000  -1.288726e+000  -1.381206e+000  -1.489002e+000  -1.170283e+000  -5.987346e-001  -4.059172e-001  -2.050032e-001  0.000000e+000  
0.000000e+000  -1.888174e-001  -3.745885e-001  -5.543161e-001  -7.251005e-001  -8.841864e-001  -1.029007e+000  -1.170541e+000  -1.288726e+000  -1.381206e+000  -1.489002e+000  -1.170283e+000  -5.987346e-001  -4.059172e-001  -2.050032e-001  0.000000e+000  
0.000000e+000  -1.888174e-001  -3.745885e-001  -5.543161e-001  -7.251005e-001  -8.841864e-001  -1.029007e+000  -1.170541e+000  -1.288726e+000  -1.381206e+000  -1.489002e+000  -1.170283e+000  -5.987346e-001  -4.059172e-001  -2.050031e-001  0.000000e+000  
0.000000e+000  -1.888174e-001  -3.745885e-001  -5.543161e-001  -7.251005e-001  -8.841864e-001  -1.029007e+000  -1.170541e+000  -1.288726e+000  -1.381206e+000  -1.489002e+000  -1.170283e+000  -5.987346e-001  -4.059172e-001  -2.050031e-001  0.000000e+000  
0.000000e+000  -1.888174e-001  -3.745885e-001  -5.543161e-001  -7.251005e-001  -8.841864e-001  -1.029007e+000  -1.170541e+000  -1.288726e+000  -1.381206e+000  -1.489002e+000  -1.170283e+000  -5.987346e-001  -4.059172e-001  -2.050031e-001  0.000000e+000  
0.000000e+000  -1.888174e-001  -3.745885e-001  -5.543161e-001  -7.251005e-001  -8.841864e-001  -1.029007e+000  -1.170541e+000  -1.288726e+000  -1.381206e+000  -1.489002e+000  -1.170283e+000  -5.987346e-001  -4.059172e-001  -2.050031e-001  0.000000e+000  
0.000000e+000  -1.888174e-001  -3.745885e-001  -5.543161e-001  -7.251005e-001  -8.841864e-001  -1.029007e+000  -1.170541e+000  -1.288726e+000  -1.381206e+000  -1.489002e+000  -1.170283e+000  -5.987346e-001  -4.059172e-001  -2.050031e-001  0.000000e+000  
0.000000e+000  -1.888174e-001  -3.745885e-001  -5.543161e-001  -7.251005e-001  -8.841864e-001  -1.029007e+000  -1.170541e+000  -1.288726e+000  -1.381206e+000  -1.489002e+000  -1.170283e+000  -5.987346e-001  -4.059172e-001  -2.050031e-001  0.000000e+000  
0.000000e+000  -1.888174e-001  -3.745885e-001  -5.543161e-001  -7.251005e-001  -8.841864e-001  -1.029007e+000  -1.170541e+000  -1.288726e+000  -1.381206e+000  -1.489002e+000  -1.170283e+000  -5.987346e-001  -4.059172e-001  -2.050032e-001  0.000000e+000  
0.000000e+000  -1.888174e-001  -3.745885e-001  -5.543161e-001  -7.251005e-001  -8.841864e-001  -1.029007e+000  -1.170541e+000  -1.288726e+000  -1.381206e+000  -1.489002e+000  -1.170283e+000  -5.987346e-001  -4.059172e-001  -2.050031e-001  0.000000e+000  
0.000000e+000  -1.888174e-001  -3.745885e-001  -5.543161e-001  -7.251005e-001  -8.841864e-001  -1.029007e+000  -1.170541e+000  -1.288726e+000  -1.381206e+000  -1.489002e+000  -1.170283e+000  -5.987346e-001  -4.059172e-001  -2.050031e-001  0.000000e+000  
0.000000e+000  -1.888174e-001  -3.745885e-001  -5.543161e-001  -7.251005e-001  -8.841864e-001  -1.029007e+000  -1.170541e+000  -1.288726e+000  -1.381206e+000  -1.489002e+000  -1.170283e+000  -5.987346e-001  -4.059172e-001  -2.050031e-001  0.000000e+000  
0.000000e+000  -1.888174e-001  -3.745885e-001  -5.543161e-001  -7.251005e-001  -8.841864e-001  -1.029007e+000  -1.170541e+000  -1.288726e+000  -1.381206e+000  -1.489002e+000  -1.170283e+000  -5.987346e-001  -4.059172e-001  -2.050031e-001  0.000000e+000  
0.000000e+000  -1.888174e-001  -3.745885e-001  -5.543161e-001  -7.251005e-001  -8.841864e-001  -1.029007e+000  -1.170541e+000  -1.288726e+000  -1.381206e+000  -1.489002e+000  -1.170283e+000  -5.987346e-001  -4.059172e-001  -2.050031e-001  0.000000e+000  
0.000000e+000  -1.888174e-001  -3.745885e-001  -5.543161e-001  -7.251005e-001  -8.841863e-001  -1.029007e+000  -1.170541e+000  -1.288726e+000  -1.381206e+000  -1.489002e+000  -1.170283e+000  -5.987346e-001  -4.059172e-001  -2.050032e-001  0.000000e+000  
0.000000e+000  -1.888174e-001  -3.745885e-001  -5.543161e-001  -7.251005e-001  -8.841864e-001  -1.029007e+000  -1.170541e+000  -1.288726e+000  -1.381206e+000  -1.489002e+000  -1.170283e+000  -5.987346e-001  -4.059172e-001  -2.050032e-001  0.000000e+000  
0.000000e+000  -1.888174e-001  -3.745885e-001  -5.543161e-001  -7.251005e-001  -8.841863e-001  -1.029007e+000  -1.170541e+000  -1.288726e+000  -1.381206e+000  -1.489002e+000  -1.170283e+000  -5.987346e-001  -4.059172e-001  -2.050032e-001  0.000000e+000  
0.000000e+000  0.000000e+000  0.000000e+000  0.000000e+000  0.000000e+000  0.000000e+000  0.000000e+000  0.000000e+000  0.000000e+000  0.000000e+000  0.000000e+000  0.000000e+000  0.000000e+000  0.000000e+000  0.000000e+000  0.000000e+000  

0.000000e+000  0.000000e+000  0.000000e+000  0.000000e+000  0.000000e+000  0.000000e+000  0.000000e+000  0.000000e+000  0.000000e+000  0.000000e+000  0.000000e+000  0.000000e+000  0.000000e+000  0.000000e+000  0.000000e+000  0.000000e+000  
-8.618661e-009  -3.608493e-009  -1.029334e-008  -4.064779e-009  -1.041829e-008  -4.887255e-009  -9.539060e-009  -1.758230e-009  -2.661257e-009  -1.486785e-009  -4.484967e-010  2.033506e-009  4.285823e-009  9.032437e-009  6.051271e-009  0.000000e+000  
-1.298509e-008  -1.527673e-008  -1.414927e-008  -1.336421e-008  -1.520906e-008  -1.638745e-008  -1.465786e-008  -8.498167e-009  -1.653041e-009  -2.355673e-009  -1.132639e-009  3.045184e-009  1.074945e-008  1.264732e-008  1.846713e-008  0.000000e+000  
-2.113619e-008  -2.031717e-008  -1.976872e-008  -2.028562e-008  -2.346472e-008  -2.463751e-008  -2.864042e-008  -1.214048e-008  5.260949e-009  -3.346209e-009  -2.178608e-009  3.018384e-009  1.306319e-008  2.521998e-008  2.974695e-008  0.000000e+000  
-6.844705e-008  -6.868367e-008  -6.815885e-008  -6.766185e-008  -6.569160e-008  -6.975029e-008  -5.846740e-008  -5.147700e-008  -4.088319e-008  -3.917343e-008  1.801989e-008  6.222897e-008  6.675517e-008  7.302355e-008  7.824875e-008  0.000000e+000  
-2.316068e-008  -2.065751e-008  -2.417590e-008  -2.208588e-008  -2.033715e-008  -2.181212e-008  -1.857934e-008  -1.730694e-008  -1.529349e-008  -1.021403e-008  4.568607e-009  1.777574e-008  2.159527e-008  2.241153e-008  2.294400e-008  0.000000e+000  
2.773578e-008  2.909783e-008  2.637161e-008  2.700483e-008  2.643089e-008  2.288223e-008  2.324584e-008  1.983429e-008  1.713672e-008  1.108078e-008  -7.393451e-009  -2.227782e-008  -2.620599e-008  -2.755425e-008  -2.846131e-008  0.000000e+000  
7.500870e-008  7.290961e-008  7.261891e-008  7.085965e-008  7.294472e-008  7.153742e-008  6.355601e-008  5.324466e-008  4.405237e-008  3.975909e-008  -2.035733e-008  -6.645708e-008  -7.400174e-008  -7.894497e-008  -8.109749e-008  0.000000e+000  
2.627597e-008  2.512883e-008  2.428902e-008  2.725372e-008  2.546239e-008  3.221288e-008  2.834563e-008  1.883166e-008  6.227083e-011  2.495456e-009  -3.313900e-010  -7.100320e-009  -1.957672e-008  -2.876254e-008  -3.291573e-008  0.000000e+000  
1.939635e-008  1.884390e-008  1.672986e-008  2.341421e-008  1.573270e-008  2.339955e-008  1.417892e-008  1.458210e-008  1.272921e-008  -6.495133e-010  -6.007798e-010  -6.446546e-009  -1.617666e-008  -1.989450e-008  -2.059519e-008  0.000000e+000  
1.061378e-008  1.033806e-008  1.671904e-008  9.401753e-009  1.394430e-008  7.913578e-009  7.646934e-009  1.212993e-008  2.273192e-008  -4.008850e-009  -1.448431e-009  -4.802664e-009  -1.491592e-008  -1.279494e-008  -7.841135e-009  0.000000e+000  
4.453600e-009  5.683676e-009  -8.358439e-010  1.357180e-008  -1.233638e-009  1.691686e-008  -2.982064e-008  1.171346e-008  5.919295e-008  -1.189439e-008  -2.230776e-009  -2.403481e-009  -2.664439e-008  6.147981e-009  4.122280e-009  0.000000e+000  
7.202394e-009  -1.158119e-008  1.764388e-008  -1.374833e-008  1.526463e-008  -1.099035e-008  3.696682e-009  1.335974e-009  2.579248e-008  -4.470627e-009  -8.800210e-010  -2.774845e-009  2.663943e-009  -1.202439e-008  4.411661e-009  0.000000e+000  
-8.518687e-009  1.636675e-008  -1.587632e-008  1.240723e-008  -4.036634e-009  2.233028e-009  -2.405980e-009  4.855883e-009  -1.828668e-009  -5.761415e-010  -4.512924e-010  2.065912e-009  -9.725180e-009  2.548659e-009  1.237876e-009  0.000000e+000  
-9.226914e-010  -5.670866e-009  6.209380e-009  -9.046651e-009  6.785173e-010  1.089029e-009  2.000463e-010  -2.785973e-009  -2.695313e-008  6.606334e-009  1.932437e-009  -1.285379e-009  8.860148e-009  2.774007e-009  -1.444013e-009  0.000000e+000  
-1.668565e-009  -1.045037e-008  -1.016075e-009  -8.239514e-009  -3.043021e-009  -7.796235e-009  2.872756e-008  -1.545299e-008  -5.392932e-008  1.099778e-008  1.233214e-009  3.600758e-009  1.899497e-008  -1.930307e-010  -4.919492e-009  0.000000e+000  
-1.056578e-008  -1.199206e-008  -1.303335e-008  -1.064307e-008  -1.072150e-008  -1.135317e-008  -4.721028e-009  -1.168631e-008  -2.546536e-008  4.235031e-009  1.415717e-009  5.191624e-009  1.318331e-008  1.112475e-008  8.762232e-009  0.000000e+000  
-2.091736e-008  -1.601996e-008  -1.840591e-008  -2.251057e-008  -1.639509e-008  -1.623219e-008  -1.983141e-008  -1.352625e-008  -1.136968e-008  2.489884e-010  4.446510e-010  6.563680e-009  1.772656e-008  1.647262e-008  2.167321e-008  0.000000e+000  
-2.471112e-008  -2.702342e-008  -2.408231e-008  -2.620986e-008  -2.719265e-008  -2.789663e-008  -2.992765e-008  -1.842402e-008  -1.700773e-010  -2.242180e-009  3.375950e-010  6.486790e-009  1.986493e-008  2.998285e-008  3.134684e-008  0.000000e+000  
-7.253972e-008  -7.301015e-008  -7.348035e-008  -7.329658e-008  -7.041490e-008  -7.349491e-008  -6.195159e-008  -5.297832e-008  -4.231154e-008  -4.015989e-008  2.029414e-008  6.641657e-008  7.378129e-008  7.849529e-008  8.064197e-008  0.000000e+000  
-2.788320e-008  -2.687805e-008  -2.955345e-008  -2.572112e-008  -2.636095e-008  -2.349672e-008  -2.023561e-008  -1.938436e-008  -1.854228e-008  -1.096253e-008  7.040931e-009  2.226227e-008  2.548712e-008  2.783831e-008  2.794797e-008  0.000000e+000  
2.332896e-008  2.272584e-008  2.182636e-008  2.245284e-008  2.071734e-008  2.162849e-008  1.900310e-008  1.804400e-008  1.519831e-008  1.039227e-008  -4.782221e-009  -1.804705e-008  -2.182877e-008  -2.230946e-008  -2.332582e-008  0.000000e+000  
7.029412e-008  6.824654e-008  6.842458e-008  6.403981e-008  6.823767e-008  6.672731e-008  5.953201e-008  5.149730e-008  4.299828e-008  3.904325e-008  -1.790872e-008  -6.195834e-008  -7.109508e-008  -7.379168e-008  -7.520802e-008  0.000000e+000  
1.955338e-008  2.116636e-008  2.064054e-008  2.149379e-008  2.249000e-008  2.355582e-008  2.859178e-008  1.395447e-008  -5.308380e-009  3.050930e-009  2.014571e-009  -2.733133e-009  -1.554500e-008  -2.475915e-008  -2.811394e-008  0.000000e+000  
1.312519e-008  1.430027e-008  1.744244e-008  1.297233e-008  1.074625e-008  2.091065e-008  1.138307e-008  9.736170e-009  1.152886e-009  2.558859e-009  1.317437e-009  -3.019886e-009  -1.170225e-008  -1.331935e-008  -1.774844e-008  0.000000e+000  
7.050307e-009  7.810321e-009  8.692902e-009  3.079904e-009  1.307452e-008  9.777948e-010  9.630170e-009  2.238765e-009  3.089080e-009  1.469570e-009  6.142408e-010  -2.131357e-009  -3.487060e-009  -8.418397e-009  -7.680106e-009  0.000000e+000  
0.000000e+000  0.000000e+000  0.000000e+000  0.000000e+000  0.000000e+000  0.000000e+000  0.000000e+000  0.000000e+000  0.000000e+000  0.000000e+000  0.000000e+000  0.000000e+000  0.000000e+000  0.000000e+000  0.000000e+000  0.000000e+000  

1.791474e+000  1.762571e+000  1.705231e+000  1.620379e+000  1.509385e+000  1.374038e+000  1.207710e+000  1.008480e+000  7.891342e-001  2.676780e-001  -6.768876e-001  -1.419270e+000  -1.645314e+000  -1.714403e+000  -1.749295e+000  -0.000000e+000  
1.791474e+000  1.762571e+000  1.705231e+000  1.620379e+000  1.509385e+000  1.374038e+000  1.207710e+000  1.008480e+000  7.891342e-001  2.676780e-001  -6.768876e-001  -1.419270e+000  -1.645314e+000  -1.714403e+000  -1.749295e+000  -0.000000e+000  
1.791474e+000  1.762571e+000  1.705231e+000  1.620379e+000  1.509385e+000  1.374038e+000  1.207710e+000  1.008480e+000  7.891342e-001  2.676780e-001  -6.768876e-001  -1.419270e+000  -1.645314e+000  -1.714403e+000  -1.749295e+000  -0.000000e+000  
1.791474e+000  1.762571e+000  1.705231e+000  1.620379e+000  1.509385e+000  1.374038e+000  1.207710e+000  1.008480e+000  7.891342e-001  2.676780e-001  -6.768876e-001  -1.419270e+000  -1.645314e+000  -1.714403e+000  -1.749295e+000  -0.000000e+000  
1.791474e+000  1.762571e+000  1.705231e+000  1.620379e+000  1.509385e+000  1.374038e+000  1.207710e+000  1.008480e+000  7.891342e-001  2.676780e-001  -6.768876e-001  -1.419270e+000  -1.645314e+000  -1.714403e+000  -1.749295e+000  -0.000000e+000  
1.791474e+000  1.762571e+000  1.705231e+000  1.620379e+000  1.509384e+000  1.374038e+000  1.207710e+000  1.008480e+000  7.891342e-001  2.676780e-001  -6.768876e-001  -1.419270e+000  -1.645314e+000  -1.714403e+000  -1.749295e+000  -0.000000e+000  
1.791474e+000  1.762571e+000  1.705231e+000  1.620379e+000  1.509385e+000  1.374038e+000  1.207710e+000  1.008480e+000  7.891342e-001  2.676780e-001  -6.768876e-001  -1.419270e+000  -1.645314e+000  -1.714403e+000  -1.749295e+000  -0.000000e+000  
1.791474e+000  1.762571e+000  1.705231e+000  1.620379e+000  1.509385e+000  1.374038e+000  1.207710e+000  1.008480e+000  7.891342e-001  2.676780e-001  -6.768876e-001  -1.419270e+000  -1.645314e+000  -1.714403e+000  -1.749295e+000  -0.000000e+000  
1.791474e+000  1.762571e+000  1.705231e+000  1.620379e+000  1.509385e+000  1.374038e+000  1.207710e+000  1.008480e+000  7.891342e-001  2.676780e-001  -6.768876e-001  -1.419270e+000  -1.645314e+000  -1.714403e+000  -1.749295e+000  -0.000000e+000  
1.791474e+000  1.762571e+000  1.705231e+000  1.620379e+000  1.509385e+000  1.374038e+000  1.207710e+000  1.008480e+000  7.891342e-001  2.676780e-001  -6.768876e-001  -1.419270e+000  -1.645314e+000  -1.714403e+000  -1.749295e+000  -0.000000e+000  
1.791474e+000  1.762571e+000  1.705231e+000  1.620379e+000  1.509385e+000  1.374038e+000  1.207710e+000  1.008480e+000  7.891342e-001  2.676780e-001  -6.768876e-001  -1.419270e+000  -1.645314e+000  -1.714403e+000  -1.749295e+000  -0.000000e+000  
1.791474e+000  1.762571e+000  1.705231e+000  1.620379e+000  1.509385e+000  1.374038e+000  1.207710e+000  1.008480e+000  7.891342e-001  2.676780e-001  -6.768876e-001  -1.419270e+000  -1.645314e+000  -1.714403e+000  -1.749295e+000  -0.000000e+000  
1.791474e+000  1.762571e+000  1.705231e+000  1.620379e+000  1.509385e+000  1.374038e+000  1.207710e+000  1.008480e+000  7.891342e-001  2.676780e-001  -6.768876e-001  -1.419270e+000  -1.645314e+000  -1.714403e+000  -1.749295e+000  -0.000000e+000  
1.791474e+000  1.762571e+000  1.705231e+000  1.620379e+000  1.509385e+000  1.374038e+000  1.207710e+000  1.008480e+000  7.891342e-001  2.676780e-001  -6.768876e-001  -1.419270e+000  -1.645314e+000  -1.714403e+000  -1.749295e+000  -0.000000e+000  
1.791474e+000  1.762571e+000  1.705231e+000  1.620379e+000  1.509385e+000  1.374038e+000  1.207710e+000  1.008480e+000  7.891342e-001  2.676780e-001  -6.768876e-001  -1.419270e+000  -1.645314e+000  -1.714403e+000  -1.749295e+000  -0.000000e+000  
1.791474e+000  1.762571e+000  1.705231e+000  1.620379e+000  1.509385e+000  1.374038e+000  1.207710e+000  1.008480e+000  7.891342e-001  2.676780e-001  -6.768876e-001  -1.419270e+000  -1.645314e+000  -1.714403e+000  -1.749295e+000  -0.000000e+000  
1.791474e+000  1.762571e+000  1.705231e+000  1.620379e+000  1.509385e+000  1.374038e+000  1.207710e+000  1.008480e+000  7.891342e-001  2.676780e-001  -6.768876e-001  -1.419270e+000  -1.645314e+000  -1.714403e+000  -1.749295e+000  -0.000000e+000  
1.791474e+000  1.762571e+000  1.705231e+000  1.620379e+000  1.509385e+000  1.374038e+000  1.207710e+000  1.008480e+000  7.891342e-001  2.676780e-001  -6.768876e-001  -1.419270e+000  -1.645314e+000  -1.714403e+000  -1.749295e+000  -0.000000e+000  
1.791474e+000  1.762571e+000  1.705231e+000  1.620379e+000  1.509385e+000  1.374038e+000  1.207710e+000  1.008480e+000  7.891342e-001  2.676780e-001  -6.768876e-001  -1.419270e+000  -1.645314e+000  -1.714403e+000  -1.749295e+000  -0.000000e+000  
1.791474e+000  1.762571e+000  1.705231e+000  1.620379e+000  1.509385e+000  1.374038e+000  1.207710e+000  1.008480e+000  7.891342e-001  2.676780e-001  -6.768876e-001  -1.419270e+000  -1.645314e+000  -1.714403e+000  -1.749295e+000  -0.000000e+000  
1.791474e+000  1.762571e+000  1.705231e+000  1.620379e+000  1.509384e+000  1.374038e+000  1.207710e+000  1.008480e+000  7.891342e-001  2.676780e-001  -6.768876e-001  -1.419270e+000  -1.645314e+000  -1.714403e+000  -1.749295e+000  -0.000000e+000  
1.791474e+000  1.762571e+000  1.705231e+000  1.620379e+000  1.509385e+000  1.374038e+000  1.207710e+000  1.008480e+000  7.891342e-001  2.676780e-001  -6.768876e-001  -1.419270e+000  -1.645314e+000  -1.714403e+000  -1.749295e+000  -0.000000e+000  
1.791474e+000  1.762571e+000  1.705231e+000  1.620379e+000  1.509385e+000  1.374038e+000  1.207710e+000  1.008480e+000  7.891342e-001  2.676780e-001  -6.768876e-001  -1.419270e+000  -1.645314e+000  -1.714403e+000  -1.749295e+000  -0.000000e+000  
1.791474e+000  1.762571e+000  1.705231e+000  1.620379e+000  1.509385e+000  1.374038e+000  1.207710e+000  1.008480e+000  7.891342e-001  2.676780e-001  -6.768876e-001  -1.419270e+000  -1.645314e+000  -1.714403e+000  -1.749295e+000  -0.000000e+000  
1.791474e+000  1.762571e+000  1.705231e+000  1.620379e+000  1.509385e+000  1.374038e+000  1.207710e+000  1.008480e+000  7.891342e-001  2.676780e-001  -6.768876e-001  -1.419270e+000  -1.645314e+000  -1.714403e+000  -1.749295e+000  -0.000000e+000  
1.791474e+000  1.762571e+000  1.705231e+000  1.620379e+000  1.509385e+000  1.374038e+000  1.207710e+000  1.008480e+000  7.891342e-001  2.676780e-001  -6.768876e-001  -1.419270e+000  -1.645314e+000  -1.714403e+000  -1.749295e+000  -0.000000e+000  
-0.000000e+000  -0.000000e+000  -0.000000e+000  -0.000000e+000  -0.000000e+000  -0.000000e+000  -0.000000e+000  -0.000000e+000  -0.000000e+000  -0.000000e+000  -0.000000e+000  -0.000000e+000  -0.000000e+000  -0.000000e+000  -0.000000e+000  -0.000000e+000  

