Port monitor named: Port2_e8.prt

nx        = 3
ny        = 18
nz        = 29

nu        = 16
nv        = 27
iu        = 2
iv        = 2

idir      = 0
dcut      = 5.114300e-001
icut      = 3
type      = 0
frequency = 2.200000e+009

fcutoff   = 5.047663e+009
alpha     = 9.517611e+001
beta      = 0.000000e+000
accuracy  = 1.509598e-010

type          = TM
wave imp.     = 7.777362e+002
wave imp.sig. = 1.060886e-004
line imp.     = 0.000000e+000

ref. port     = 0

-0.000000e+000  -0.000000e+000  -0.000000e+000  -0.000000e+000  -0.000000e+000  -0.000000e+000  -0.000000e+000  -0.000000e+000  -0.000000e+000  -0.000000e+000  -0.000000e+000  -0.000000e+000  -0.000000e+000  -0.000000e+000  -0.000000e+000  -0.000000e+000  
-8.224536e+001  -8.091844e+001  -7.828600e+001  -7.439051e+001  -6.929483e+001  -6.308117e+001  -5.544517e+001  -4.629864e+001  -3.622862e+001  -1.228891e+001  3.107545e+001  6.515773e+001  7.553527e+001  7.870708e+001  8.030897e+001  -0.000000e+000  
-1.634211e+002  -1.607845e+002  -1.555539e+002  -1.478135e+002  -1.376885e+002  -1.253419e+002  -1.101693e+002  -9.199515e+001  -7.198607e+001  -2.441800e+001  6.174676e+001  1.294681e+002  1.500882e+002  1.563906e+002  1.595735e+002  -0.000000e+000  
-2.424715e+002  -2.385595e+002  -2.307987e+002  -2.193142e+002  -2.042914e+002  -1.859726e+002  -1.634606e+002  -1.364952e+002  -1.068073e+002  -3.622953e+001  9.161503e+001  1.920946e+002  2.226891e+002  2.320401e+002  2.367627e+002  -0.000000e+000  
-5.102356e+002  -5.020036e+002  -4.856724e+002  -4.615055e+002  -4.298928e+002  -3.913443e+002  -3.439720e+002  -2.872285e+002  -2.247559e+002  -7.623825e+001  1.927866e+002  4.042270e+002  4.686074e+002  4.882848e+002  4.982225e+002  -0.000000e+000  
-7.031326e+002  -6.917885e+002  -6.692832e+002  -6.359799e+002  -5.924159e+002  -5.392940e+002  -4.740122e+002  -3.958167e+002  -3.097260e+002  -1.050605e+002  2.656705e+002  5.570470e+002  6.457667e+002  6.728832e+002  6.865780e+002  -0.000000e+000  
-7.273454e+002  -7.156106e+002  -6.923303e+002  -6.578802e+002  -6.128160e+002  -5.578649e+002  -4.903351e+002  -4.094468e+002  -3.203915e+002  -1.086783e+002  2.748190e+002  5.762292e+002  6.680040e+002  6.960543e+002  7.102207e+002  -0.000000e+000  
-5.770651e+002  -5.677549e+002  -5.492847e+002  -5.219524e+002  -4.861992e+002  -4.426017e+002  -3.890246e+002  -3.248491e+002  -2.541939e+002  -8.622376e+001  2.180374e+002  4.571717e+002  5.299846e+002  5.522392e+002  5.634786e+002  -0.000000e+000  
-3.333570e+002  -3.279787e+002  -3.173089e+002  -3.015197e+002  -2.808659e+002  -2.556807e+002  -2.247305e+002  -1.876577e+002  -1.468419e+002  -4.980944e+001  1.259551e+002  2.640974e+002  3.061597e+002  3.190157e+002  3.255084e+002  -0.000000e+000  
-2.579350e+002  -2.537736e+002  -2.455178e+002  -2.333009e+002  -2.173200e+002  -1.978330e+002  -1.738852e+002  -1.452002e+002  -1.136189e+002  -3.854007e+001  9.745776e+001  2.043454e+002  2.368911e+002  2.468384e+002  2.518622e+002  -0.000000e+000  
-1.791585e+002  -1.762680e+002  -1.705337e+002  -1.620480e+002  -1.509478e+002  -1.374124e+002  -1.207785e+002  -1.008543e+002  -7.891833e+001  -2.676946e+001  6.769297e+001  1.419358e+002  1.645417e+002  1.714510e+002  1.749404e+002  -0.000000e+000  
-9.805198e+001  -9.647003e+001  -9.333167e+001  -8.868752e+001  -8.261251e+001  -7.520466e+001  -6.610110e+001  -5.519672e+001  -4.319137e+001  -1.465071e+001  3.704781e+001  7.768031e+001  9.005230e+001  9.383369e+001  9.574343e+001  -0.000000e+000  
-4.913934e+001  -4.834654e+001  -4.677373e+001  -4.444628e+001  -4.140176e+001  -3.768927e+001  -3.312697e+001  -2.766217e+001  -2.164561e+001  -7.342291e+000  1.856673e+001  3.892996e+001  4.513025e+001  4.702532e+001  4.798240e+001  -0.000000e+000  
-0.000000e+000  -0.000000e+000  -0.000000e+000  -0.000000e+000  -0.000000e+000  -0.000000e+000  -0.000000e+000  -0.000000e+000  -0.000000e+000  -0.000000e+000  -0.000000e+000  -0.000000e+000  -0.000000e+000  -0.000000e+000  -0.000000e+000  -0.000000e+000  
4.913934e+001  4.834654e+001  4.677373e+001  4.444628e+001  4.140176e+001  3.768927e+001  3.312697e+001  2.766217e+001  2.164561e+001  7.342291e+000  -1.856673e+001  -3.892996e+001  -4.513025e+001  -4.702532e+001  -4.798240e+001  -0.000000e+000  
9.805198e+001  9.647003e+001  9.333167e+001  8.868752e+001  8.261251e+001  7.520466e+001  6.610110e+001  5.519672e+001  4.319137e+001  1.465071e+001  -3.704781e+001  -7.768031e+001  -9.005230e+001  -9.383369e+001  -9.574343e+001  -0.000000e+000  
1.791585e+002  1.762680e+002  1.705337e+002  1.620480e+002  1.509478e+002  1.374124e+002  1.207785e+002  1.008543e+002  7.891833e+001  2.676946e+001  -6.769297e+001  -1.419358e+002  -1.645417e+002  -1.714510e+002  -1.749404e+002  -0.000000e+000  
2.579350e+002  2.537736e+002  2.455178e+002  2.333009e+002  2.173200e+002  1.978330e+002  1.738852e+002  1.452002e+002  1.136189e+002  3.854007e+001  -9.745776e+001  -2.043454e+002  -2.368911e+002  -2.468384e+002  -2.518622e+002  -0.000000e+000  
3.333570e+002  3.279787e+002  3.173089e+002  3.015197e+002  2.808659e+002  2.556807e+002  2.247305e+002  1.876577e+002  1.468419e+002  4.980944e+001  -1.259551e+002  -2.640974e+002  -3.061597e+002  -3.190157e+002  -3.255084e+002  -0.000000e+000  
5.770651e+002  5.677549e+002  5.492847e+002  5.219524e+002  4.861992e+002  4.426017e+002  3.890246e+002  3.248491e+002  2.541939e+002  8.622376e+001  -2.180374e+002  -4.571717e+002  -5.299846e+002  -5.522392e+002  -5.634786e+002  -0.000000e+000  
7.273454e+002  7.156106e+002  6.923303e+002  6.578802e+002  6.128160e+002  5.578649e+002  4.903351e+002  4.094468e+002  3.203915e+002  1.086783e+002  -2.748190e+002  -5.762292e+002  -6.680040e+002  -6.960543e+002  -7.102207e+002  -0.000000e+000  
7.031326e+002  6.917885e+002  6.692832e+002  6.359799e+002  5.924159e+002  5.392940e+002  4.740122e+002  3.958167e+002  3.097260e+002  1.050605e+002  -2.656705e+002  -5.570470e+002  -6.457667e+002  -6.728832e+002  -6.865780e+002  -0.000000e+000  
5.102356e+002  5.020036e+002  4.856724e+002  4.615055e+002  4.298928e+002  3.913443e+002  3.439720e+002  2.872285e+002  2.247559e+002  7.623825e+001  -1.927866e+002  -4.042270e+002  -4.686074e+002  -4.882848e+002  -4.982225e+002  -0.000000e+000  
2.424715e+002  2.385595e+002  2.307987e+002  2.193142e+002  2.042914e+002  1.859726e+002  1.634606e+002  1.364952e+002  1.068073e+002  3.622953e+001  -9.161503e+001  -1.920946e+002  -2.226891e+002  -2.320401e+002  -2.367627e+002  -0.000000e+000  
1.634211e+002  1.607845e+002  1.555539e+002  1.478135e+002  1.376885e+002  1.253419e+002  1.101693e+002  9.199515e+001  7.198607e+001  2.441800e+001  -6.174676e+001  -1.294681e+002  -1.500882e+002  -1.563906e+002  -1.595735e+002  -0.000000e+000  
8.224536e+001  8.091844e+001  7.828600e+001  7.439051e+001  6.929483e+001  6.308117e+001  5.544517e+001  4.629864e+001  3.622862e+001  1.228891e+001  -3.107545e+001  -6.515773e+001  -7.553527e+001  -7.870708e+001  -8.030897e+001  -0.000000e+000  
-0.000000e+000  -0.000000e+000  -0.000000e+000  -0.000000e+000  -0.000000e+000  -0.000000e+000  -0.000000e+000  -0.000000e+000  -0.000000e+000  -0.000000e+000  -0.000000e+000  -0.000000e+000  -0.000000e+000  -0.000000e+000  -0.000000e+000  -0.000000e+000  

-0.000000e+000  -7.320963e+001  -1.452381e+002  -2.149234e+002  -2.811411e+002  -3.428230e+002  -3.989739e+002  -4.538504e+002  -4.996742e+002  -5.355312e+002  -5.773264e+002  -4.537504e+002  -2.321456e+002  -1.573851e+002  -7.948528e+001  -0.000000e+000  
-0.000000e+000  -7.225751e+001  -1.433492e+002  -2.121282e+002  -2.774848e+002  -3.383645e+002  -3.937851e+002  -4.479479e+002  -4.931757e+002  -5.285664e+002  -5.698181e+002  -4.478492e+002  -2.291265e+002  -1.553383e+002  -7.845154e+001  -0.000000e+000  
-0.000000e+000  -7.036566e+001  -1.395961e+002  -2.065743e+002  -2.702196e+002  -3.295054e+002  -3.834750e+002  -4.362197e+002  -4.802633e+002  -5.147274e+002  -5.548990e+002  -4.361236e+002  -2.231275e+002  -1.512712e+002  -7.639752e+001  -0.000000e+000  
-0.000000e+000  -6.371167e+001  -1.263954e+002  -1.870400e+002  -2.446668e+002  -2.983463e+002  -3.472124e+002  -3.949694e+002  -4.348482e+002  -4.660532e+002  -5.024261e+002  -3.948824e+002  -2.020279e+002  -1.369665e+002  -6.917313e+001  -0.000000e+000  
-0.000000e+000  -3.997836e+001  -7.931173e+001  -1.173655e+002  -1.535257e+002  -1.872090e+002  -2.178719e+002  -2.478389e+002  -2.728624e+002  -2.924432e+002  -3.152668e+002  -2.477843e+002  -1.267702e+002  -8.594495e+001  -4.340536e+001  -0.000000e+000  
-0.000000e+000  -5.018147e+000  -9.955333e+000  -1.473190e+001  -1.927079e+001  -2.349877e+001  -2.734763e+001  -3.110913e+001  -3.425012e+001  -3.670794e+001  -3.957279e+001  -3.110228e+001  -1.591240e+001  -1.078795e+001  -5.448311e+000  -0.000000e+000  
-0.000000e+000  3.114594e+001  6.178938e+001  9.143593e+001  1.196073e+002  1.458489e+002  1.697375e+002  1.930838e+002  2.125789e+002  2.278337e+002  2.456149e+002  1.930413e+002  9.876287e+001  6.695712e+001  3.381581e+001  -0.000000e+000  
-0.000000e+000  5.798778e+001  1.150400e+002  1.702362e+002  2.226859e+002  2.715428e+002  3.160187e+002  3.594852e+002  3.957812e+002  4.241828e+002  4.572879e+002  3.594060e+002  1.838776e+002  1.246614e+002  6.295858e+001  -0.000000e+000  
-0.000000e+000  6.713589e+001  1.331886e+002  1.970925e+002  2.578166e+002  3.143811e+002  3.658735e+002  4.161973e+002  4.582193e+002  4.911015e+002  5.294293e+002  4.161056e+002  2.128860e+002  1.443279e+002  7.289088e+001  -0.000000e+000  
-0.000000e+000  7.012189e+001  1.391125e+002  2.058586e+002  2.692835e+002  3.283639e+002  3.821465e+002  4.347085e+002  4.785995e+002  5.129442e+002  5.529767e+002  4.346127e+002  2.223545e+002  1.507471e+002  7.613285e+001  -0.000000e+000  
-0.000000e+000  7.219593e+001  1.432271e+002  2.119474e+002  2.772483e+002  3.380761e+002  3.934495e+002  4.475661e+002  4.927554e+002  5.281159e+002  5.693324e+002  4.474675e+002  2.289312e+002  1.552059e+002  7.838468e+001  -0.000000e+000  
-0.000000e+000  7.310150e+001  1.450236e+002  2.146059e+002  2.807259e+002  3.423167e+002  3.983846e+002  4.531801e+002  4.989362e+002  5.347403e+002  5.764738e+002  4.530803e+002  2.318028e+002  1.571527e+002  7.936788e+001  -0.000000e+000  
-0.000000e+000  7.344032e+001  1.456958e+002  2.156006e+002  2.820270e+002  3.439032e+002  4.002311e+002  4.552805e+002  5.012487e+002  5.372187e+002  5.791456e+002  4.551802e+002  2.328772e+002  1.578810e+002  7.973574e+001  -0.000000e+000  
-0.000000e+000  7.344032e+001  1.456958e+002  2.156006e+002  2.820270e+002  3.439032e+002  4.002311e+002  4.552805e+002  5.012487e+002  5.372187e+002  5.791456e+002  4.551802e+002  2.328772e+002  1.578810e+002  7.973574e+001  -0.000000e+000  
-0.000000e+000  7.310150e+001  1.450236e+002  2.146059e+002  2.807259e+002  3.423167e+002  3.983846e+002  4.531801e+002  4.989362e+002  5.347403e+002  5.764738e+002  4.530803e+002  2.318028e+002  1.571527e+002  7.936788e+001  -0.000000e+000  
-0.000000e+000  7.219593e+001  1.432271e+002  2.119474e+002  2.772483e+002  3.380761e+002  3.934495e+002  4.475661e+002  4.927554e+002  5.281159e+002  5.693324e+002  4.474675e+002  2.289312e+002  1.552059e+002  7.838468e+001  -0.000000e+000  
-0.000000e+000  7.012189e+001  1.391125e+002  2.058586e+002  2.692835e+002  3.283639e+002  3.821465e+002  4.347085e+002  4.785995e+002  5.129442e+002  5.529767e+002  4.346127e+002  2.223545e+002  1.507471e+002  7.613285e+001  -0.000000e+000  
-0.000000e+000  6.713589e+001  1.331886e+002  1.970925e+002  2.578166e+002  3.143811e+002  3.658735e+002  4.161973e+002  4.582193e+002  4.911015e+002  5.294293e+002  4.161056e+002  2.128860e+002  1.443279e+002  7.289088e+001  -0.000000e+000  
-0.000000e+000  5.798778e+001  1.150400e+002  1.702362e+002  2.226859e+002  2.715428e+002  3.160187e+002  3.594852e+002  3.957812e+002  4.241828e+002  4.572879e+002  3.594060e+002  1.838776e+002  1.246614e+002  6.295858e+001  -0.000000e+000  
-0.000000e+000  3.114594e+001  6.178938e+001  9.143593e+001  1.196073e+002  1.458489e+002  1.697375e+002  1.930838e+002  2.125789e+002  2.278337e+002  2.456149e+002  1.930413e+002  9.876287e+001  6.695712e+001  3.381581e+001  -0.000000e+000  
-0.000000e+000  -5.018147e+000  -9.955333e+000  -1.473190e+001  -1.927079e+001  -2.349877e+001  -2.734763e+001  -3.110913e+001  -3.425012e+001  -3.670794e+001  -3.957279e+001  -3.110228e+001  -1.591240e+001  -1.078795e+001  -5.448311e+000  -0.000000e+000  
-0.000000e+000  -3.997836e+001  -7.931173e+001  -1.173655e+002  -1.535257e+002  -1.872090e+002  -2.178719e+002  -2.478389e+002  -2.728624e+002  -2.924432e+002  -3.152668e+002  -2.477843e+002  -1.267702e+002  -8.594495e+001  -4.340536e+001  -0.000000e+000  
-0.000000e+000  -6.371167e+001  -1.263954e+002  -1.870400e+002  -2.446668e+002  -2.983463e+002  -3.472124e+002  -3.949694e+002  -4.348482e+002  -4.660532e+002  -5.024261e+002  -3.948824e+002  -2.020279e+002  -1.369665e+002  -6.917313e+001  -0.000000e+000  
-0.000000e+000  -7.036566e+001  -1.395961e+002  -2.065743e+002  -2.702196e+002  -3.295054e+002  -3.834750e+002  -4.362197e+002  -4.802633e+002  -5.147274e+002  -5.548990e+002  -4.361236e+002  -2.231275e+002  -1.512712e+002  -7.639752e+001  -0.000000e+000  
-0.000000e+000  -7.225751e+001  -1.433492e+002  -2.121282e+002  -2.774848e+002  -3.383645e+002  -3.937851e+002  -4.479479e+002  -4.931757e+002  -5.285664e+002  -5.698181e+002  -4.478492e+002  -2.291265e+002  -1.553383e+002  -7.845154e+001  -0.000000e+000  
-0.000000e+000  -7.320963e+001  -1.452381e+002  -2.149234e+002  -2.811411e+002  -3.428230e+002  -3.989739e+002  -4.538504e+002  -4.996742e+002  -5.355312e+002  -5.773264e+002  -4.537504e+002  -2.321456e+002  -1.573851e+002  -7.948528e+001  -0.000000e+000  
-0.000000e+000  -0.000000e+000  -0.000000e+000  -0.000000e+000  -0.000000e+000  -0.000000e+000  -0.000000e+000  -0.000000e+000  -0.000000e+000  -0.000000e+000  -0.000000e+000  -0.000000e+000  -0.000000e+000  -0.000000e+000  -0.000000e+000  -0.000000e+000  

-0.000000e+000  -0.000000e+000  -0.000000e+000  -0.000000e+000  -0.000000e+000  -0.000000e+000  -0.000000e+000  -0.000000e+000  -0.000000e+000  -0.000000e+000  -0.000000e+000  -0.000000e+000  -0.000000e+000  -0.000000e+000  -0.000000e+000  -0.000000e+000  
-0.000000e+000  1.485950e+001  2.947927e+001  4.362342e+001  5.706376e+001  6.958346e+001  8.098051e+001  9.211890e+001  1.014198e+002  1.086978e+002  1.171811e+002  9.209860e+001  4.711906e+001  3.194476e+001  1.613328e+001  -0.000000e+000  
-0.000000e+000  2.952575e+001  5.857514e+001  8.667950e+001  1.133854e+002  1.382620e+002  1.609078e+002  1.830398e+002  2.015207e+002  2.159820e+002  2.328382e+002  1.829994e+002  9.362531e+001  6.347407e+001  3.205674e+001  -0.000000e+000  
-0.000000e+000  4.380801e+001  8.690923e+001  1.286083e+002  1.682324e+002  2.051423e+002  2.387425e+002  2.715801e+002  2.990007e+002  3.204572e+002  3.454671e+002  2.715203e+002  1.389139e+002  9.417787e+001  4.756330e+001  -0.000000e+000  
-0.000000e+000  9.218571e+001  1.828841e+002  2.706319e+002  3.540134e+002  4.316834e+002  5.023887e+002  5.714893e+002  6.291907e+002  6.743419e+002  7.269705e+002  5.713634e+002  2.923182e+002  1.981796e+002  1.000880e+002  -0.000000e+000  
-0.000000e+000  1.270370e+002  2.520244e+002  3.729456e+002  4.878499e+002  5.948834e+002  6.923192e+002  7.875436e+002  8.670593e+002  9.292802e+002  1.001805e+003  7.873701e+002  4.028306e+002  2.731024e+002  1.379268e+002  -0.000000e+000  
-0.000000e+000  1.314116e+002  2.607029e+002  3.857882e+002  5.046493e+002  6.153685e+002  7.161595e+002  8.146630e+002  8.969169e+002  9.612804e+002  1.036303e+003  8.144836e+002  4.167023e+002  2.825068e+002  1.426764e+002  -0.000000e+000  
-0.000000e+000  1.042600e+002  2.068379e+002  3.060787e+002  4.003813e+002  4.882243e+002  5.681904e+002  6.463416e+002  7.116006e+002  7.626657e+002  8.221875e+002  6.461993e+002  3.306054e+002  2.241367e+002  1.131973e+002  -0.000000e+000  
-0.000000e+000  6.022856e+001  1.194854e+002  1.768145e+002  2.312909e+002  2.820358e+002  3.282303e+002  3.733765e+002  4.110751e+002  4.405741e+002  4.749585e+002  3.732942e+002  1.909830e+002  1.294786e+002  6.539144e+001  -0.000000e+000  
-0.000000e+000  4.660185e+001  9.245185e+001  1.368102e+002  1.789614e+002  2.182252e+002  2.539683e+002  2.889001e+002  3.180694e+002  3.408943e+002  3.674992e+002  2.888365e+002  1.477731e+002  1.001841e+002  5.059664e+001  -0.000000e+000  
-0.000000e+000  3.236908e+001  6.421592e+001  9.502672e+001  1.243044e+002  1.515766e+002  1.764032e+002  2.006665e+002  2.209271e+002  2.367810e+002  2.552605e+002  2.006223e+002  1.026414e+002  6.958662e+001  3.514381e+001  -0.000000e+000  
-0.000000e+000  1.771533e+001  3.514484e+001  5.200734e+001  6.803077e+001  8.295660e+001  9.654404e+001  1.098231e+002  1.209116e+002  1.295883e+002  1.397019e+002  1.097989e+002  5.617480e+001  3.808418e+001  1.923392e+001  -0.000000e+000  
-0.000000e+000  8.878144e+000  1.761305e+001  2.606379e+001  3.409403e+001  4.157420e+001  4.838363e+001  5.503851e+001  6.059557e+001  6.494396e+001  7.001247e+001  5.502639e+001  2.815234e+001  1.908612e+001  9.639193e+000  -0.000000e+000  
-0.000000e+000  2.557586e-008  -1.440765e-008  1.474579e-008  -2.073085e-008  1.216355e-010  -1.084236e-008  -2.852112e-008  -5.101993e-010  -3.418775e-010  -5.176315e-010  2.017525e-008  -1.016264e-009  1.890394e-008  2.412253e-008  -0.000000e+000  
-0.000000e+000  -8.878144e+000  -1.761305e+001  -2.606379e+001  -3.409403e+001  -4.157420e+001  -4.838363e+001  -5.503851e+001  -6.059557e+001  -6.494396e+001  -7.001247e+001  -5.502639e+001  -2.815234e+001  -1.908612e+001  -9.639193e+000  -0.000000e+000  
-0.000000e+000  -1.771533e+001  -3.514484e+001  -5.200734e+001  -6.803077e+001  -8.295660e+001  -9.654404e+001  -1.098231e+002  -1.209116e+002  -1.295883e+002  -1.397019e+002  -1.097989e+002  -5.617480e+001  -3.808418e+001  -1.923392e+001  -0.000000e+000  
-0.000000e+000  -3.236908e+001  -6.421592e+001  -9.502672e+001  -1.243044e+002  -1.515766e+002  -1.764032e+002  -2.006665e+002  -2.209271e+002  -2.367810e+002  -2.552605e+002  -2.006223e+002  -1.026414e+002  -6.958662e+001  -3.514381e+001  -0.000000e+000  
-0.000000e+000  -4.660185e+001  -9.245185e+001  -1.368102e+002  -1.789614e+002  -2.182252e+002  -2.539683e+002  -2.889001e+002  -3.180694e+002  -3.408943e+002  -3.674992e+002  -2.888365e+002  -1.477731e+002  -1.001841e+002  -5.059664e+001  -0.000000e+000  
-0.000000e+000  -6.022856e+001  -1.194854e+002  -1.768145e+002  -2.312909e+002  -2.820358e+002  -3.282303e+002  -3.733765e+002  -4.110751e+002  -4.405741e+002  -4.749585e+002  -3.732942e+002  -1.909830e+002  -1.294786e+002  -6.539144e+001  -0.000000e+000  
-0.000000e+000  -1.042600e+002  -2.068379e+002  -3.060787e+002  -4.003813e+002  -4.882243e+002  -5.681904e+002  -6.463416e+002  -7.116006e+002  -7.626657e+002  -8.221875e+002  -6.461993e+002  -3.306054e+002  -2.241367e+002  -1.131973e+002  -0.000000e+000  
-0.000000e+000  -1.314116e+002  -2.607029e+002  -3.857882e+002  -5.046493e+002  -6.153685e+002  -7.161595e+002  -8.146630e+002  -8.969169e+002  -9.612804e+002  -1.036303e+003  -8.144836e+002  -4.167023e+002  -2.825068e+002  -1.426764e+002  -0.000000e+000  
-0.000000e+000  -1.270370e+002  -2.520244e+002  -3.729456e+002  -4.878499e+002  -5.948834e+002  -6.923192e+002  -7.875436e+002  -8.670593e+002  -9.292802e+002  -1.001805e+003  -7.873701e+002  -4.028306e+002  -2.731024e+002  -1.379268e+002  -0.000000e+000  
-0.000000e+000  -9.218571e+001  -1.828841e+002  -2.706319e+002  -3.540134e+002  -4.316834e+002  -5.023887e+002  -5.714893e+002  -6.291907e+002  -6.743419e+002  -7.269705e+002  -5.713634e+002  -2.923182e+002  -1.981796e+002  -1.000880e+002  -0.000000e+000  
-0.000000e+000  -4.380801e+001  -8.690923e+001  -1.286083e+002  -1.682324e+002  -2.051423e+002  -2.387425e+002  -2.715801e+002  -2.990007e+002  -3.204572e+002  -3.454671e+002  -2.715203e+002  -1.389139e+002  -9.417787e+001  -4.756330e+001  -0.000000e+000  
-0.000000e+000  -2.952575e+001  -5.857514e+001  -8.667950e+001  -1.133854e+002  -1.382620e+002  -1.609078e+002  -1.830398e+002  -2.015207e+002  -2.159820e+002  -2.328382e+002  -1.829994e+002  -9.362531e+001  -6.347407e+001  -3.205674e+001  -0.000000e+000  
-0.000000e+000  -1.485950e+001  -2.947927e+001  -4.362342e+001  -5.706376e+001  -6.958346e+001  -8.098051e+001  -9.211890e+001  -1.014198e+002  -1.086978e+002  -1.171811e+002  -9.209860e+001  -4.711906e+001  -3.194476e+001  -1.613328e+001  -0.000000e+000  
-0.000000e+000  -0.000000e+000  -0.000000e+000  -0.000000e+000  -0.000000e+000  -0.000000e+000  -0.000000e+000  -0.000000e+000  -0.000000e+000  -0.000000e+000  -0.000000e+000  -0.000000e+000  -0.000000e+000  -0.000000e+000  -0.000000e+000  -0.000000e+000  

0.000000e+000  0.000000e+000  0.000000e+000  0.000000e+000  0.000000e+000  0.000000e+000  0.000000e+000  0.000000e+000  0.000000e+000  0.000000e+000  0.000000e+000  0.000000e+000  0.000000e+000  0.000000e+000  0.000000e+000  0.000000e+000  
0.000000e+000  0.000000e+000  0.000000e+000  0.000000e+000  0.000000e+000  0.000000e+000  0.000000e+000  0.000000e+000  0.000000e+000  0.000000e+000  0.000000e+000  0.000000e+000  0.000000e+000  0.000000e+000  0.000000e+000  0.000000e+000  
0.000000e+000  0.000000e+000  0.000000e+000  0.000000e+000  0.000000e+000  0.000000e+000  0.000000e+000  0.000000e+000  0.000000e+000  0.000000e+000  0.000000e+000  0.000000e+000  0.000000e+000  0.000000e+000  0.000000e+000  0.000000e+000  
0.000000e+000  0.000000e+000  0.000000e+000  0.000000e+000  0.000000e+000  0.000000e+000  0.000000e+000  0.000000e+000  0.000000e+000  0.000000e+000  0.000000e+000  0.000000e+000  0.000000e+000  0.000000e+000  0.000000e+000  0.000000e+000  
0.000000e+000  0.000000e+000  0.000000e+000  0.000000e+000  0.000000e+000  0.000000e+000  0.000000e+000  0.000000e+000  0.000000e+000  0.000000e+000  0.000000e+000  0.000000e+000  0.000000e+000  0.000000e+000  0.000000e+000  0.000000e+000  
0.000000e+000  0.000000e+000  0.000000e+000  0.000000e+000  0.000000e+000  0.000000e+000  0.000000e+000  0.000000e+000  0.000000e+000  0.000000e+000  0.000000e+000  0.000000e+000  0.000000e+000  0.000000e+000  0.000000e+000  0.000000e+000  
0.000000e+000  0.000000e+000  0.000000e+000  0.000000e+000  0.000000e+000  0.000000e+000  0.000000e+000  0.000000e+000  0.000000e+000  0.000000e+000  0.000000e+000  0.000000e+000  0.000000e+000  0.000000e+000  0.000000e+000  0.000000e+000  
0.000000e+000  0.000000e+000  0.000000e+000  0.000000e+000  0.000000e+000  0.000000e+000  0.000000e+000  0.000000e+000  0.000000e+000  0.000000e+000  0.000000e+000  0.000000e+000  0.000000e+000  0.000000e+000  0.000000e+000  0.000000e+000  
0.000000e+000  0.000000e+000  0.000000e+000  0.000000e+000  0.000000e+000  0.000000e+000  0.000000e+000  0.000000e+000  0.000000e+000  0.000000e+000  0.000000e+000  0.000000e+000  0.000000e+000  0.000000e+000  0.000000e+000  0.000000e+000  
0.000000e+000  0.000000e+000  0.000000e+000  0.000000e+000  0.000000e+000  0.000000e+000  0.000000e+000  0.000000e+000  0.000000e+000  0.000000e+000  0.000000e+000  0.000000e+000  0.000000e+000  0.000000e+000  0.000000e+000  0.000000e+000  
0.000000e+000  0.000000e+000  0.000000e+000  0.000000e+000  0.000000e+000  0.000000e+000  0.000000e+000  0.000000e+000  0.000000e+000  0.000000e+000  0.000000e+000  0.000000e+000  0.000000e+000  0.000000e+000  0.000000e+000  0.000000e+000  
0.000000e+000  0.000000e+000  0.000000e+000  0.000000e+000  0.000000e+000  0.000000e+000  0.000000e+000  0.000000e+000  0.000000e+000  0.000000e+000  0.000000e+000  0.000000e+000  0.000000e+000  0.000000e+000  0.000000e+000  0.000000e+000  
0.000000e+000  0.000000e+000  0.000000e+000  0.000000e+000  0.000000e+000  0.000000e+000  0.000000e+000  0.000000e+000  0.000000e+000  0.000000e+000  0.000000e+000  0.000000e+000  0.000000e+000  0.000000e+000  0.000000e+000  0.000000e+000  
0.000000e+000  0.000000e+000  0.000000e+000  0.000000e+000  0.000000e+000  0.000000e+000  0.000000e+000  0.000000e+000  0.000000e+000  0.000000e+000  0.000000e+000  0.000000e+000  0.000000e+000  0.000000e+000  0.000000e+000  0.000000e+000  
0.000000e+000  0.000000e+000  0.000000e+000  0.000000e+000  0.000000e+000  0.000000e+000  0.000000e+000  0.000000e+000  0.000000e+000  0.000000e+000  0.000000e+000  0.000000e+000  0.000000e+000  0.000000e+000  0.000000e+000  0.000000e+000  
0.000000e+000  0.000000e+000  0.000000e+000  0.000000e+000  0.000000e+000  0.000000e+000  0.000000e+000  0.000000e+000  0.000000e+000  0.000000e+000  0.000000e+000  0.000000e+000  0.000000e+000  0.000000e+000  0.000000e+000  0.000000e+000  
0.000000e+000  0.000000e+000  0.000000e+000  0.000000e+000  0.000000e+000  0.000000e+000  0.000000e+000  0.000000e+000  0.000000e+000  0.000000e+000  0.000000e+000  0.000000e+000  0.000000e+000  0.000000e+000  0.000000e+000  0.000000e+000  
0.000000e+000  0.000000e+000  0.000000e+000  0.000000e+000  0.000000e+000  0.000000e+000  0.000000e+000  0.000000e+000  0.000000e+000  0.000000e+000  0.000000e+000  0.000000e+000  0.000000e+000  0.000000e+000  0.000000e+000  0.000000e+000  
0.000000e+000  0.000000e+000  0.000000e+000  0.000000e+000  0.000000e+000  0.000000e+000  0.000000e+000  0.000000e+000  0.000000e+000  0.000000e+000  0.000000e+000  0.000000e+000  0.000000e+000  0.000000e+000  0.000000e+000  0.000000e+000  
0.000000e+000  0.000000e+000  0.000000e+000  0.000000e+000  0.000000e+000  0.000000e+000  0.000000e+000  0.000000e+000  0.000000e+000  0.000000e+000  0.000000e+000  0.000000e+000  0.000000e+000  0.000000e+000  0.000000e+000  0.000000e+000  
0.000000e+000  0.000000e+000  0.000000e+000  0.000000e+000  0.000000e+000  0.000000e+000  0.000000e+000  0.000000e+000  0.000000e+000  0.000000e+000  0.000000e+000  0.000000e+000  0.000000e+000  0.000000e+000  0.000000e+000  0.000000e+000  
0.000000e+000  0.000000e+000  0.000000e+000  0.000000e+000  0.000000e+000  0.000000e+000  0.000000e+000  0.000000e+000  0.000000e+000  0.000000e+000  0.000000e+000  0.000000e+000  0.000000e+000  0.000000e+000  0.000000e+000  0.000000e+000  
0.000000e+000  0.000000e+000  0.000000e+000  0.000000e+000  0.000000e+000  0.000000e+000  0.000000e+000  0.000000e+000  0.000000e+000  0.000000e+000  0.000000e+000  0.000000e+000  0.000000e+000  0.000000e+000  0.000000e+000  0.000000e+000  
0.000000e+000  0.000000e+000  0.000000e+000  0.000000e+000  0.000000e+000  0.000000e+000  0.000000e+000  0.000000e+000  0.000000e+000  0.000000e+000  0.000000e+000  0.000000e+000  0.000000e+000  0.000000e+000  0.000000e+000  0.000000e+000  
0.000000e+000  0.000000e+000  0.000000e+000  0.000000e+000  0.000000e+000  0.000000e+000  0.000000e+000  0.000000e+000  0.000000e+000  0.000000e+000  0.000000e+000  0.000000e+000  0.000000e+000  0.000000e+000  0.000000e+000  0.000000e+000  
0.000000e+000  0.000000e+000  0.000000e+000  0.000000e+000  0.000000e+000  0.000000e+000  0.000000e+000  0.000000e+000  0.000000e+000  0.000000e+000  0.000000e+000  0.000000e+000  0.000000e+000  0.000000e+000  0.000000e+000  0.000000e+000  
0.000000e+000  0.000000e+000  0.000000e+000  0.000000e+000  0.000000e+000  0.000000e+000  0.000000e+000  0.000000e+000  0.000000e+000  0.000000e+000  0.000000e+000  0.000000e+000  0.000000e+000  0.000000e+000  0.000000e+000  0.000000e+000  

0.000000e+000  0.000000e+000  0.000000e+000  0.000000e+000  0.000000e+000  0.000000e+000  0.000000e+000  0.000000e+000  0.000000e+000  0.000000e+000  0.000000e+000  0.000000e+000  0.000000e+000  0.000000e+000  0.000000e+000  0.000000e+000  
0.000000e+000  0.000000e+000  0.000000e+000  0.000000e+000  0.000000e+000  0.000000e+000  0.000000e+000  0.000000e+000  0.000000e+000  0.000000e+000  0.000000e+000  0.000000e+000  0.000000e+000  0.000000e+000  0.000000e+000  0.000000e+000  
0.000000e+000  0.000000e+000  0.000000e+000  0.000000e+000  0.000000e+000  0.000000e+000  0.000000e+000  0.000000e+000  0.000000e+000  0.000000e+000  0.000000e+000  0.000000e+000  0.000000e+000  0.000000e+000  0.000000e+000  0.000000e+000  
0.000000e+000  0.000000e+000  0.000000e+000  0.000000e+000  0.000000e+000  0.000000e+000  0.000000e+000  0.000000e+000  0.000000e+000  0.000000e+000  0.000000e+000  0.000000e+000  0.000000e+000  0.000000e+000  0.000000e+000  0.000000e+000  
0.000000e+000  0.000000e+000  0.000000e+000  0.000000e+000  0.000000e+000  0.000000e+000  0.000000e+000  0.000000e+000  0.000000e+000  0.000000e+000  0.000000e+000  0.000000e+000  0.000000e+000  0.000000e+000  0.000000e+000  0.000000e+000  
0.000000e+000  0.000000e+000  0.000000e+000  0.000000e+000  0.000000e+000  0.000000e+000  0.000000e+000  0.000000e+000  0.000000e+000  0.000000e+000  0.000000e+000  0.000000e+000  0.000000e+000  0.000000e+000  0.000000e+000  0.000000e+000  
0.000000e+000  0.000000e+000  0.000000e+000  0.000000e+000  0.000000e+000  0.000000e+000  0.000000e+000  0.000000e+000  0.000000e+000  0.000000e+000  0.000000e+000  0.000000e+000  0.000000e+000  0.000000e+000  0.000000e+000  0.000000e+000  
0.000000e+000  0.000000e+000  0.000000e+000  0.000000e+000  0.000000e+000  0.000000e+000  0.000000e+000  0.000000e+000  0.000000e+000  0.000000e+000  0.000000e+000  0.000000e+000  0.000000e+000  0.000000e+000  0.000000e+000  0.000000e+000  
0.000000e+000  0.000000e+000  0.000000e+000  0.000000e+000  0.000000e+000  0.000000e+000  0.000000e+000  0.000000e+000  0.000000e+000  0.000000e+000  0.000000e+000  0.000000e+000  0.000000e+000  0.000000e+000  0.000000e+000  0.000000e+000  
0.000000e+000  0.000000e+000  0.000000e+000  0.000000e+000  0.000000e+000  0.000000e+000  0.000000e+000  0.000000e+000  0.000000e+000  0.000000e+000  0.000000e+000  0.000000e+000  0.000000e+000  0.000000e+000  0.000000e+000  0.000000e+000  
0.000000e+000  0.000000e+000  0.000000e+000  0.000000e+000  0.000000e+000  0.000000e+000  0.000000e+000  0.000000e+000  0.000000e+000  0.000000e+000  0.000000e+000  0.000000e+000  0.000000e+000  0.000000e+000  0.000000e+000  0.000000e+000  
0.000000e+000  0.000000e+000  0.000000e+000  0.000000e+000  0.000000e+000  0.000000e+000  0.000000e+000  0.000000e+000  0.000000e+000  0.000000e+000  0.000000e+000  0.000000e+000  0.000000e+000  0.000000e+000  0.000000e+000  0.000000e+000  
0.000000e+000  0.000000e+000  0.000000e+000  0.000000e+000  0.000000e+000  0.000000e+000  0.000000e+000  0.000000e+000  0.000000e+000  0.000000e+000  0.000000e+000  0.000000e+000  0.000000e+000  0.000000e+000  0.000000e+000  0.000000e+000  
0.000000e+000  0.000000e+000  0.000000e+000  0.000000e+000  0.000000e+000  0.000000e+000  0.000000e+000  0.000000e+000  0.000000e+000  0.000000e+000  0.000000e+000  0.000000e+000  0.000000e+000  0.000000e+000  0.000000e+000  0.000000e+000  
0.000000e+000  0.000000e+000  0.000000e+000  0.000000e+000  0.000000e+000  0.000000e+000  0.000000e+000  0.000000e+000  0.000000e+000  0.000000e+000  0.000000e+000  0.000000e+000  0.000000e+000  0.000000e+000  0.000000e+000  0.000000e+000  
0.000000e+000  0.000000e+000  0.000000e+000  0.000000e+000  0.000000e+000  0.000000e+000  0.000000e+000  0.000000e+000  0.000000e+000  0.000000e+000  0.000000e+000  0.000000e+000  0.000000e+000  0.000000e+000  0.000000e+000  0.000000e+000  
0.000000e+000  0.000000e+000  0.000000e+000  0.000000e+000  0.000000e+000  0.000000e+000  0.000000e+000  0.000000e+000  0.000000e+000  0.000000e+000  0.000000e+000  0.000000e+000  0.000000e+000  0.000000e+000  0.000000e+000  0.000000e+000  
0.000000e+000  0.000000e+000  0.000000e+000  0.000000e+000  0.000000e+000  0.000000e+000  0.000000e+000  0.000000e+000  0.000000e+000  0.000000e+000  0.000000e+000  0.000000e+000  0.000000e+000  0.000000e+000  0.000000e+000  0.000000e+000  
0.000000e+000  0.000000e+000  0.000000e+000  0.000000e+000  0.000000e+000  0.000000e+000  0.000000e+000  0.000000e+000  0.000000e+000  0.000000e+000  0.000000e+000  0.000000e+000  0.000000e+000  0.000000e+000  0.000000e+000  0.000000e+000  
0.000000e+000  0.000000e+000  0.000000e+000  0.000000e+000  0.000000e+000  0.000000e+000  0.000000e+000  0.000000e+000  0.000000e+000  0.000000e+000  0.000000e+000  0.000000e+000  0.000000e+000  0.000000e+000  0.000000e+000  0.000000e+000  
0.000000e+000  0.000000e+000  0.000000e+000  0.000000e+000  0.000000e+000  0.000000e+000  0.000000e+000  0.000000e+000  0.000000e+000  0.000000e+000  0.000000e+000  0.000000e+000  0.000000e+000  0.000000e+000  0.000000e+000  0.000000e+000  
0.000000e+000  0.000000e+000  0.000000e+000  0.000000e+000  0.000000e+000  0.000000e+000  0.000000e+000  0.000000e+000  0.000000e+000  0.000000e+000  0.000000e+000  0.000000e+000  0.000000e+000  0.000000e+000  0.000000e+000  0.000000e+000  
0.000000e+000  0.000000e+000  0.000000e+000  0.000000e+000  0.000000e+000  0.000000e+000  0.000000e+000  0.000000e+000  0.000000e+000  0.000000e+000  0.000000e+000  0.000000e+000  0.000000e+000  0.000000e+000  0.000000e+000  0.000000e+000  
0.000000e+000  0.000000e+000  0.000000e+000  0.000000e+000  0.000000e+000  0.000000e+000  0.000000e+000  0.000000e+000  0.000000e+000  0.000000e+000  0.000000e+000  0.000000e+000  0.000000e+000  0.000000e+000  0.000000e+000  0.000000e+000  
0.000000e+000  0.000000e+000  0.000000e+000  0.000000e+000  0.000000e+000  0.000000e+000  0.000000e+000  0.000000e+000  0.000000e+000  0.000000e+000  0.000000e+000  0.000000e+000  0.000000e+000  0.000000e+000  0.000000e+000  0.000000e+000  
0.000000e+000  0.000000e+000  0.000000e+000  0.000000e+000  0.000000e+000  0.000000e+000  0.000000e+000  0.000000e+000  0.000000e+000  0.000000e+000  0.000000e+000  0.000000e+000  0.000000e+000  0.000000e+000  0.000000e+000  0.000000e+000  
0.000000e+000  0.000000e+000  0.000000e+000  0.000000e+000  0.000000e+000  0.000000e+000  0.000000e+000  0.000000e+000  0.000000e+000  0.000000e+000  0.000000e+000  0.000000e+000  0.000000e+000  0.000000e+000  0.000000e+000  0.000000e+000  

0.000000e+000  0.000000e+000  0.000000e+000  0.000000e+000  0.000000e+000  0.000000e+000  0.000000e+000  0.000000e+000  0.000000e+000  0.000000e+000  0.000000e+000  0.000000e+000  0.000000e+000  0.000000e+000  0.000000e+000  0.000000e+000  
0.000000e+000  0.000000e+000  0.000000e+000  0.000000e+000  0.000000e+000  0.000000e+000  0.000000e+000  0.000000e+000  0.000000e+000  0.000000e+000  0.000000e+000  0.000000e+000  0.000000e+000  0.000000e+000  0.000000e+000  0.000000e+000  
0.000000e+000  0.000000e+000  0.000000e+000  0.000000e+000  0.000000e+000  0.000000e+000  0.000000e+000  0.000000e+000  0.000000e+000  0.000000e+000  0.000000e+000  0.000000e+000  0.000000e+000  0.000000e+000  0.000000e+000  0.000000e+000  
0.000000e+000  0.000000e+000  0.000000e+000  0.000000e+000  0.000000e+000  0.000000e+000  0.000000e+000  0.000000e+000  0.000000e+000  0.000000e+000  0.000000e+000  0.000000e+000  0.000000e+000  0.000000e+000  0.000000e+000  0.000000e+000  
0.000000e+000  0.000000e+000  0.000000e+000  0.000000e+000  0.000000e+000  0.000000e+000  0.000000e+000  0.000000e+000  0.000000e+000  0.000000e+000  0.000000e+000  0.000000e+000  0.000000e+000  0.000000e+000  0.000000e+000  0.000000e+000  
0.000000e+000  0.000000e+000  0.000000e+000  0.000000e+000  0.000000e+000  0.000000e+000  0.000000e+000  0.000000e+000  0.000000e+000  0.000000e+000  0.000000e+000  0.000000e+000  0.000000e+000  0.000000e+000  0.000000e+000  0.000000e+000  
0.000000e+000  0.000000e+000  0.000000e+000  0.000000e+000  0.000000e+000  0.000000e+000  0.000000e+000  0.000000e+000  0.000000e+000  0.000000e+000  0.000000e+000  0.000000e+000  0.000000e+000  0.000000e+000  0.000000e+000  0.000000e+000  
0.000000e+000  0.000000e+000  0.000000e+000  0.000000e+000  0.000000e+000  0.000000e+000  0.000000e+000  0.000000e+000  0.000000e+000  0.000000e+000  0.000000e+000  0.000000e+000  0.000000e+000  0.000000e+000  0.000000e+000  0.000000e+000  
0.000000e+000  0.000000e+000  0.000000e+000  0.000000e+000  0.000000e+000  0.000000e+000  0.000000e+000  0.000000e+000  0.000000e+000  0.000000e+000  0.000000e+000  0.000000e+000  0.000000e+000  0.000000e+000  0.000000e+000  0.000000e+000  
0.000000e+000  0.000000e+000  0.000000e+000  0.000000e+000  0.000000e+000  0.000000e+000  0.000000e+000  0.000000e+000  0.000000e+000  0.000000e+000  0.000000e+000  0.000000e+000  0.000000e+000  0.000000e+000  0.000000e+000  0.000000e+000  
0.000000e+000  0.000000e+000  0.000000e+000  0.000000e+000  0.000000e+000  0.000000e+000  0.000000e+000  0.000000e+000  0.000000e+000  0.000000e+000  0.000000e+000  0.000000e+000  0.000000e+000  0.000000e+000  0.000000e+000  0.000000e+000  
0.000000e+000  0.000000e+000  0.000000e+000  0.000000e+000  0.000000e+000  0.000000e+000  0.000000e+000  0.000000e+000  0.000000e+000  0.000000e+000  0.000000e+000  0.000000e+000  0.000000e+000  0.000000e+000  0.000000e+000  0.000000e+000  
0.000000e+000  0.000000e+000  0.000000e+000  0.000000e+000  0.000000e+000  0.000000e+000  0.000000e+000  0.000000e+000  0.000000e+000  0.000000e+000  0.000000e+000  0.000000e+000  0.000000e+000  0.000000e+000  0.000000e+000  0.000000e+000  
0.000000e+000  0.000000e+000  0.000000e+000  0.000000e+000  0.000000e+000  0.000000e+000  0.000000e+000  0.000000e+000  0.000000e+000  0.000000e+000  0.000000e+000  0.000000e+000  0.000000e+000  0.000000e+000  0.000000e+000  0.000000e+000  
0.000000e+000  0.000000e+000  0.000000e+000  0.000000e+000  0.000000e+000  0.000000e+000  0.000000e+000  0.000000e+000  0.000000e+000  0.000000e+000  0.000000e+000  0.000000e+000  0.000000e+000  0.000000e+000  0.000000e+000  0.000000e+000  
0.000000e+000  0.000000e+000  0.000000e+000  0.000000e+000  0.000000e+000  0.000000e+000  0.000000e+000  0.000000e+000  0.000000e+000  0.000000e+000  0.000000e+000  0.000000e+000  0.000000e+000  0.000000e+000  0.000000e+000  0.000000e+000  
0.000000e+000  0.000000e+000  0.000000e+000  0.000000e+000  0.000000e+000  0.000000e+000  0.000000e+000  0.000000e+000  0.000000e+000  0.000000e+000  0.000000e+000  0.000000e+000  0.000000e+000  0.000000e+000  0.000000e+000  0.000000e+000  
0.000000e+000  0.000000e+000  0.000000e+000  0.000000e+000  0.000000e+000  0.000000e+000  0.000000e+000  0.000000e+000  0.000000e+000  0.000000e+000  0.000000e+000  0.000000e+000  0.000000e+000  0.000000e+000  0.000000e+000  0.000000e+000  
0.000000e+000  0.000000e+000  0.000000e+000  0.000000e+000  0.000000e+000  0.000000e+000  0.000000e+000  0.000000e+000  0.000000e+000  0.000000e+000  0.000000e+000  0.000000e+000  0.000000e+000  0.000000e+000  0.000000e+000  0.000000e+000  
0.000000e+000  0.000000e+000  0.000000e+000  0.000000e+000  0.000000e+000  0.000000e+000  0.000000e+000  0.000000e+000  0.000000e+000  0.000000e+000  0.000000e+000  0.000000e+000  0.000000e+000  0.000000e+000  0.000000e+000  0.000000e+000  
0.000000e+000  0.000000e+000  0.000000e+000  0.000000e+000  0.000000e+000  0.000000e+000  0.000000e+000  0.000000e+000  0.000000e+000  0.000000e+000  0.000000e+000  0.000000e+000  0.000000e+000  0.000000e+000  0.000000e+000  0.000000e+000  
0.000000e+000  0.000000e+000  0.000000e+000  0.000000e+000  0.000000e+000  0.000000e+000  0.000000e+000  0.000000e+000  0.000000e+000  0.000000e+000  0.000000e+000  0.000000e+000  0.000000e+000  0.000000e+000  0.000000e+000  0.000000e+000  
0.000000e+000  0.000000e+000  0.000000e+000  0.000000e+000  0.000000e+000  0.000000e+000  0.000000e+000  0.000000e+000  0.000000e+000  0.000000e+000  0.000000e+000  0.000000e+000  0.000000e+000  0.000000e+000  0.000000e+000  0.000000e+000  
0.000000e+000  0.000000e+000  0.000000e+000  0.000000e+000  0.000000e+000  0.000000e+000  0.000000e+000  0.000000e+000  0.000000e+000  0.000000e+000  0.000000e+000  0.000000e+000  0.000000e+000  0.000000e+000  0.000000e+000  0.000000e+000  
0.000000e+000  0.000000e+000  0.000000e+000  0.000000e+000  0.000000e+000  0.000000e+000  0.000000e+000  0.000000e+000  0.000000e+000  0.000000e+000  0.000000e+000  0.000000e+000  0.000000e+000  0.000000e+000  0.000000e+000  0.000000e+000  
0.000000e+000  0.000000e+000  0.000000e+000  0.000000e+000  0.000000e+000  0.000000e+000  0.000000e+000  0.000000e+000  0.000000e+000  0.000000e+000  0.000000e+000  0.000000e+000  0.000000e+000  0.000000e+000  0.000000e+000  0.000000e+000  
0.000000e+000  0.000000e+000  0.000000e+000  0.000000e+000  0.000000e+000  0.000000e+000  0.000000e+000  0.000000e+000  0.000000e+000  0.000000e+000  0.000000e+000  0.000000e+000  0.000000e+000  0.000000e+000  0.000000e+000  0.000000e+000  

