Port monitor named: Port1_e8[2.2].prt

nx        = 71
ny        = 23
nz        = 31

nu        = 5
nv        = 5
iu        = 14
iv        = 11

idir      = 1
dcut      = 2.500000e-002
icut      = 23
type      = 0
frequency = 2.200000e+009

fcutoff   = 5.359021e+010
alpha     = 1.547001e+003
beta      = 0.000000e+000
accuracy  = 4.203578e-015

type          = UNDEF
wave imp.     = 1.184162e+001
wave imp.sig. = 1.099065e-012
line imp.     = 0.000000e+000

ref. port     = 0

0.000000e+000  0.000000e+000  0.000000e+000  0.000000e+000  0.000000e+000  
7.708093e+002  6.076406e+001  -2.628952e+002  -3.782757e+001  0.000000e+000  
3.586748e+002  -5.670124e+002  -5.670124e+002  3.586748e+002  0.000000e+000  
-3.782757e+001  -2.628952e+002  6.076406e+001  7.708093e+002  0.000000e+000  
0.000000e+000  0.000000e+000  0.000000e+000  0.000000e+000  0.000000e+000  

0.000000e+000  -1.490833e+003  -1.051616e+002  1.275690e+003  0.000000e+000  
0.000000e+000  -5.228227e+002  1.664817e+002  5.826663e+002  0.000000e+000  
0.000000e+000  5.826663e+002  1.664817e+002  -5.228227e+002  0.000000e+000  
0.000000e+000  1.275690e+003  -1.051616e+002  -1.490833e+003  0.000000e+000  
0.000000e+000  0.000000e+000  0.000000e+000  0.000000e+000  0.000000e+000  

0.000000e+000  0.000000e+000  0.000000e+000  0.000000e+000  0.000000e+000  
0.000000e+000  1.228460e+002  -3.268423e+001  -2.228482e+002  0.000000e+000  
0.000000e+000  1.129780e+002  0.000000e+000  -1.129780e+002  0.000000e+000  
0.000000e+000  2.228482e+002  3.268423e+001  -1.228460e+002  0.000000e+000  
0.000000e+000  0.000000e+000  0.000000e+000  0.000000e+000  0.000000e+000  

0.000000e+000  0.000000e+000  0.000000e+000  0.000000e+000  0.000000e+000  
0.000000e+000  0.000000e+000  0.000000e+000  0.000000e+000  0.000000e+000  
0.000000e+000  0.000000e+000  0.000000e+000  0.000000e+000  0.000000e+000  
0.000000e+000  0.000000e+000  0.000000e+000  0.000000e+000  0.000000e+000  
0.000000e+000  0.000000e+000  0.000000e+000  0.000000e+000  0.000000e+000  

0.000000e+000  0.000000e+000  0.000000e+000  0.000000e+000  0.000000e+000  
0.000000e+000  0.000000e+000  0.000000e+000  0.000000e+000  0.000000e+000  
0.000000e+000  0.000000e+000  0.000000e+000  0.000000e+000  0.000000e+000  
0.000000e+000  0.000000e+000  0.000000e+000  0.000000e+000  0.000000e+000  
0.000000e+000  0.000000e+000  0.000000e+000  0.000000e+000  0.000000e+000  

0.000000e+000  0.000000e+000  0.000000e+000  0.000000e+000  0.000000e+000  
0.000000e+000  0.000000e+000  0.000000e+000  0.000000e+000  0.000000e+000  
0.000000e+000  0.000000e+000  0.000000e+000  0.000000e+000  0.000000e+000  
0.000000e+000  0.000000e+000  0.000000e+000  0.000000e+000  0.000000e+000  
0.000000e+000  0.000000e+000  0.000000e+000  0.000000e+000  0.000000e+000  

