Port monitor named: Port2_e1[2.2].prt

nx        = 71
ny        = 23
nz        = 31

nu        = 16
nv        = 27
iu        = 3
iv        = 3

idir      = 0
dcut      = 5.114300e-001
icut      = 71
type      = 0
frequency = 2.200000e+009

fcutoff   = 1.571433e+009
alpha     = 0.000000e+000
beta      = 3.226736e+001
accuracy  = 1.400504e-011

type          = TE
wave imp.     = 5.383304e+002
wave imp.sig. = 1.328742e-005
line imp.     = 0.000000e+000

ref. port     = 0

0.000000e+000  0.000000e+000  0.000000e+000  0.000000e+000  0.000000e+000  0.000000e+000  0.000000e+000  0.000000e+000  0.000000e+000  0.000000e+000  0.000000e+000  0.000000e+000  0.000000e+000  0.000000e+000  0.000000e+000  0.000000e+000  
3.079799e+001  3.079799e+001  3.079799e+001  3.079799e+001  3.079799e+001  3.079799e+001  3.079799e+001  3.079799e+001  3.079799e+001  3.079799e+001  3.079799e+001  3.079799e+001  3.079799e+001  3.079799e+001  3.079799e+001  0.000000e+000  
6.149633e+001  6.149633e+001  6.149633e+001  6.149633e+001  6.149633e+001  6.149633e+001  6.149632e+001  6.149632e+001  6.149632e+001  6.149632e+001  6.149632e+001  6.149632e+001  6.149632e+001  6.149632e+001  6.149632e+001  0.000000e+000  
9.199566e+001  9.199566e+001  9.199566e+001  9.199566e+001  9.199566e+001  9.199566e+001  9.199565e+001  9.199565e+001  9.199565e+001  9.199565e+001  9.199565e+001  9.199565e+001  9.199565e+001  9.199565e+001  9.199565e+001  0.000000e+000  
2.034543e+002  2.034543e+002  2.034543e+002  2.034543e+002  2.034543e+002  2.034543e+002  2.034543e+002  2.034543e+002  2.034543e+002  2.034543e+002  2.034543e+002  2.034543e+002  2.034543e+002  2.034543e+002  2.034543e+002  0.000000e+000  
3.200545e+002  3.200545e+002  3.200545e+002  3.200545e+002  3.200545e+002  3.200545e+002  3.200545e+002  3.200545e+002  3.200545e+002  3.200545e+002  3.200545e+002  3.200545e+002  3.200545e+002  3.200545e+002  3.200545e+002  0.000000e+000  
4.175497e+002  4.175497e+002  4.175497e+002  4.175497e+002  4.175497e+002  4.175497e+002  4.175497e+002  4.175497e+002  4.175497e+002  4.175497e+002  4.175497e+002  4.175497e+002  4.175497e+002  4.175497e+002  4.175497e+002  0.000000e+000  
4.901200e+002  4.901200e+002  4.901200e+002  4.901200e+002  4.901200e+002  4.901200e+002  4.901200e+002  4.901200e+002  4.901200e+002  4.901200e+002  4.901200e+002  4.901200e+002  4.901200e+002  4.901200e+002  4.901200e+002  0.000000e+000  
5.294907e+002  5.294907e+002  5.294907e+002  5.294906e+002  5.294906e+002  5.294906e+002  5.294906e+002  5.294906e+002  5.294906e+002  5.294906e+002  5.294906e+002  5.294906e+002  5.294906e+002  5.294906e+002  5.294906e+002  0.000000e+000  
5.359530e+002  5.359530e+002  5.359530e+002  5.359530e+002  5.359530e+002  5.359530e+002  5.359529e+002  5.359529e+002  5.359529e+002  5.359529e+002  5.359529e+002  5.359529e+002  5.359529e+002  5.359529e+002  5.359529e+002  0.000000e+000  
5.406809e+002  5.406809e+002  5.406809e+002  5.406809e+002  5.406809e+002  5.406809e+002  5.406809e+002  5.406809e+002  5.406809e+002  5.406809e+002  5.406809e+002  5.406809e+002  5.406809e+002  5.406809e+002  5.406809e+002  0.000000e+000  
5.436592e+002  5.436592e+002  5.436592e+002  5.436592e+002  5.436592e+002  5.436592e+002  5.436592e+002  5.436592e+002  5.436592e+002  5.436592e+002  5.436592e+002  5.436592e+002  5.436592e+002  5.436592e+002  5.436592e+002  0.000000e+000  
5.445971e+002  5.445971e+002  5.445971e+002  5.445971e+002  5.445971e+002  5.445971e+002  5.445971e+002  5.445971e+002  5.445971e+002  5.445971e+002  5.445971e+002  5.445971e+002  5.445971e+002  5.445971e+002  5.445971e+002  0.000000e+000  
5.449099e+002  5.449099e+002  5.449099e+002  5.449099e+002  5.449099e+002  5.449099e+002  5.449099e+002  5.449099e+002  5.449099e+002  5.449099e+002  5.449099e+002  5.449099e+002  5.449099e+002  5.449099e+002  5.449099e+002  0.000000e+000  
5.445971e+002  5.445971e+002  5.445971e+002  5.445971e+002  5.445971e+002  5.445971e+002  5.445971e+002  5.445971e+002  5.445971e+002  5.445971e+002  5.445971e+002  5.445971e+002  5.445971e+002  5.445971e+002  5.445971e+002  0.000000e+000  
5.436592e+002  5.436592e+002  5.436592e+002  5.436592e+002  5.436592e+002  5.436592e+002  5.436592e+002  5.436592e+002  5.436592e+002  5.436592e+002  5.436592e+002  5.436592e+002  5.436592e+002  5.436592e+002  5.436592e+002  0.000000e+000  
5.406809e+002  5.406809e+002  5.406809e+002  5.406809e+002  5.406809e+002  5.406809e+002  5.406809e+002  5.406809e+002  5.406809e+002  5.406809e+002  5.406809e+002  5.406809e+002  5.406809e+002  5.406809e+002  5.406809e+002  0.000000e+000  
5.359530e+002  5.359530e+002  5.359530e+002  5.359530e+002  5.359530e+002  5.359530e+002  5.359529e+002  5.359529e+002  5.359529e+002  5.359529e+002  5.359529e+002  5.359529e+002  5.359529e+002  5.359529e+002  5.359529e+002  0.000000e+000  
5.294907e+002  5.294907e+002  5.294907e+002  5.294906e+002  5.294906e+002  5.294906e+002  5.294906e+002  5.294906e+002  5.294906e+002  5.294906e+002  5.294906e+002  5.294906e+002  5.294906e+002  5.294906e+002  5.294906e+002  0.000000e+000  
4.901200e+002  4.901200e+002  4.901200e+002  4.901200e+002  4.901200e+002  4.901200e+002  4.901200e+002  4.901200e+002  4.901200e+002  4.901200e+002  4.901200e+002  4.901200e+002  4.901200e+002  4.901200e+002  4.901200e+002  0.000000e+000  
4.175497e+002  4.175497e+002  4.175497e+002  4.175497e+002  4.175497e+002  4.175497e+002  4.175497e+002  4.175497e+002  4.175497e+002  4.175497e+002  4.175497e+002  4.175497e+002  4.175497e+002  4.175497e+002  4.175497e+002  0.000000e+000  
3.200545e+002  3.200545e+002  3.200545e+002  3.200545e+002  3.200545e+002  3.200545e+002  3.200545e+002  3.200545e+002  3.200545e+002  3.200545e+002  3.200545e+002  3.200545e+002  3.200545e+002  3.200545e+002  3.200545e+002  0.000000e+000  
2.034543e+002  2.034543e+002  2.034543e+002  2.034543e+002  2.034543e+002  2.034543e+002  2.034543e+002  2.034543e+002  2.034543e+002  2.034543e+002  2.034543e+002  2.034543e+002  2.034543e+002  2.034543e+002  2.034543e+002  0.000000e+000  
9.199566e+001  9.199566e+001  9.199566e+001  9.199566e+001  9.199566e+001  9.199566e+001  9.199565e+001  9.199565e+001  9.199565e+001  9.199565e+001  9.199565e+001  9.199565e+001  9.199565e+001  9.199565e+001  9.199565e+001  0.000000e+000  
6.149633e+001  6.149633e+001  6.149633e+001  6.149633e+001  6.149633e+001  6.149633e+001  6.149632e+001  6.149632e+001  6.149632e+001  6.149632e+001  6.149632e+001  6.149632e+001  6.149632e+001  6.149632e+001  6.149632e+001  0.000000e+000  
3.079799e+001  3.079799e+001  3.079799e+001  3.079799e+001  3.079799e+001  3.079799e+001  3.079799e+001  3.079799e+001  3.079799e+001  3.079799e+001  3.079799e+001  3.079799e+001  3.079799e+001  3.079799e+001  3.079799e+001  0.000000e+000  
0.000000e+000  0.000000e+000  0.000000e+000  0.000000e+000  0.000000e+000  0.000000e+000  0.000000e+000  0.000000e+000  0.000000e+000  0.000000e+000  0.000000e+000  0.000000e+000  0.000000e+000  0.000000e+000  0.000000e+000  0.000000e+000  

0.000000e+000  -9.507547e-007  -1.894315e-006  -2.819478e-006  -3.704728e-006  -4.510272e-006  -5.169495e-006  -5.654104e-006  -6.132916e-006  -6.937169e-006  -5.342179e-006  -1.503540e-007  1.360936e-006  5.856027e-007  2.126089e-007  0.000000e+000  
0.000000e+000  -9.566383e-007  -1.911564e-006  -2.860501e-006  -3.793495e-006  -4.680292e-006  -5.422368e-006  -5.641728e-006  -5.781017e-006  -6.153837e-006  -5.555083e-006  8.694541e-008  5.712719e-007  1.730197e-007  4.812925e-008  0.000000e+000  
0.000000e+000  -9.617919e-007  -1.929843e-006  -2.912978e-006  -3.927979e-006  -5.018107e-006  -6.311295e-006  -5.692765e-006  -5.172087e-006  -4.262259e-006  -6.090321e-006  6.734200e-007  -1.312304e-006  -5.191947e-007  -1.947673e-007  0.000000e+000  
0.000000e+000  -9.477039e-007  -1.913551e-006  -2.918973e-006  -3.992262e-006  -5.172768e-006  -6.514666e-006  -5.532925e-006  -4.630286e-006  -3.608305e-006  -5.945600e-006  7.214079e-007  -1.827185e-006  -1.021764e-006  -4.551331e-007  0.000000e+000  
0.000000e+000  -5.334355e-007  -1.042369e-006  -1.499745e-006  -1.873139e-006  -2.121417e-006  -2.190256e-006  -3.779465e-006  -5.317983e-006  -7.059901e-006  -1.496409e-007  -4.240768e-006  3.197652e-006  1.839850e-006  8.364650e-007  0.000000e+000  
0.000000e+000  -6.296015e-007  -1.249296e-006  -1.847418e-006  -2.408596e-006  -2.911132e-006  -3.323471e-006  -2.633986e-006  -1.905268e-006  -1.263465e-006  -2.720425e-006  -1.293254e-006  -2.642096e-006  -1.884997e-006  -9.759090e-007  0.000000e+000  
0.000000e+000  -9.185838e-007  -1.883154e-006  -2.944944e-006  -4.166201e-006  -5.626974e-006  -7.433015e-006  -2.070359e-006  3.257782e-006  9.112115e-006  -8.644885e-006  5.088653e-006  -1.353964e-005  -8.359334e-006  -3.988905e-006  0.000000e+000  
0.000000e+000  -1.360611e-007  -2.533638e-007  -3.335727e-007  -3.613666e-007  -3.341224e-007  -2.947872e-007  -8.197565e-007  -1.363633e-006  -1.796023e-006  1.410129e-006  -3.141125e-006  4.670833e-007  3.184075e-007  1.355827e-007  0.000000e+000  
0.000000e+000  1.198693e-007  3.006297e-007  6.298099e-007  1.278081e-006  2.662828e-006  5.968391e-006  1.126492e-007  -5.060800e-006  -1.421042e-005  3.574647e-006  -4.463487e-006  1.406737e-005  5.737946e-006  2.137572e-006  0.000000e+000  
0.000000e+000  1.504986e-007  3.459226e-007  6.315163e-007  1.035916e-006  1.494217e-006  1.593117e-006  -1.909188e-007  -2.544750e-006  -4.850490e-006  -3.897012e-007  -2.003028e-007  4.930443e-006  3.178057e-006  1.481863e-006  0.000000e+000  
0.000000e+000  1.237636e-007  2.764006e-007  4.809343e-007  7.227888e-007  7.742220e-007  -7.517716e-007  8.804537e-008  -6.961042e-008  3.073006e-006  -4.010682e-006  3.668076e-006  -2.935107e-006  5.505572e-007  6.027379e-007  0.000000e+000  
0.000000e+000  7.327367e-008  1.676277e-007  3.225254e-007  6.625377e-007  1.786504e-006  6.987382e-006  1.122701e-006  -7.824874e-007  -5.402168e-006  -4.005163e-008  -1.350655e-007  5.511396e-006  1.249128e-006  4.328896e-007  0.000000e+000  
0.000000e+000  2.536365e-008  5.992777e-008  1.198378e-007  2.660803e-007  7.146787e-007  1.961028e-006  4.599936e-007  -3.307911e-007  -1.699598e-006  -3.044946e-008  -2.709417e-008  1.742207e-006  5.211323e-007  1.669832e-007  0.000000e+000  
0.000000e+000  -2.552389e-008  -6.001041e-008  -1.202384e-007  -2.662641e-007  -7.149483e-007  -1.961397e-006  -4.603940e-007  3.303573e-007  1.699208e-006  3.022458e-008  2.661273e-008  -1.742527e-006  -5.211916e-007  -1.669169e-007  0.000000e+000  
0.000000e+000  -7.338548e-008  -1.679409e-007  -3.224080e-007  -6.627573e-007  -1.786862e-006  -6.987846e-006  -1.123120e-006  7.821149e-007  5.401876e-006  3.950225e-008  1.347040e-007  -5.511472e-006  -1.249160e-006  -4.330665e-007  0.000000e+000  
0.000000e+000  -1.237395e-007  -2.765261e-007  -4.810869e-007  -7.229569e-007  -7.744646e-007  7.515244e-007  -8.840229e-008  6.929315e-008  -3.073392e-006  4.010201e-006  -3.668335e-006  2.934924e-006  -5.506306e-007  -6.027208e-007  0.000000e+000  
0.000000e+000  -1.505448e-007  -3.459751e-007  -6.317258e-007  -1.036159e-006  -1.494554e-006  -1.593358e-006  1.906278e-007  2.544425e-006  4.850163e-006  3.892386e-007  1.998730e-007  -4.930714e-006  -3.178279e-006  -1.482006e-006  0.000000e+000  
0.000000e+000  -1.198607e-007  -3.007383e-007  -6.300123e-007  -1.278394e-006  -2.663107e-006  -5.968692e-006  -1.129416e-007  5.060453e-006  1.421004e-005  -3.575001e-006  4.462927e-006  -1.406753e-005  -5.738128e-006  -2.137645e-006  0.000000e+000  
0.000000e+000  1.360134e-007  2.532770e-007  3.334772e-007  3.612326e-007  3.339344e-007  2.945577e-007  8.195206e-007  1.363415e-006  1.795765e-006  -1.410408e-006  3.140871e-006  -4.671876e-007  -3.184740e-007  -1.356116e-007  0.000000e+000  
0.000000e+000  9.185600e-007  1.883093e-006  2.944856e-006  4.166088e-006  5.626835e-006  7.432834e-006  2.070165e-006  -3.257985e-006  -9.112344e-006  8.644658e-006  -5.088845e-006  1.353959e-005  8.359281e-006  3.988921e-006  0.000000e+000  
0.000000e+000  6.295596e-007  1.249239e-006  1.847379e-006  2.408551e-006  2.911059e-006  3.323386e-006  2.633912e-006  1.905184e-006  1.263382e-006  2.720385e-006  1.293139e-006  2.642043e-006  1.884977e-006  9.758961e-007  0.000000e+000  
0.000000e+000  5.334442e-007  1.042362e-006  1.499723e-006  1.873147e-006  2.121455e-006  2.190304e-006  3.779494e-006  5.317995e-006  7.059883e-006  1.495781e-007  4.240757e-006  -3.197689e-006  -1.839874e-006  -8.364777e-007  0.000000e+000  
0.000000e+000  9.477279e-007  1.913615e-006  2.919065e-006  3.992343e-006  5.172830e-006  6.514704e-006  5.532945e-006  4.630288e-006  3.608331e-006  5.945771e-006  -7.213216e-007  1.827218e-006  1.021796e-006  4.551570e-007  0.000000e+000  
0.000000e+000  9.617991e-007  1.929900e-006  2.912947e-006  3.928061e-006  5.018170e-006  6.311389e-006  5.692782e-006  5.172073e-006  4.262416e-006  6.090568e-006  -6.731840e-007  1.312299e-006  5.191773e-007  1.947553e-007  0.000000e+000  
0.000000e+000  9.567559e-007  1.911572e-006  2.860631e-006  3.793487e-006  4.680458e-006  5.422476e-006  5.641788e-006  5.781144e-006  6.154087e-006  5.555365e-006  -8.666421e-008  -5.712362e-007  -1.730392e-007  -4.813938e-008  0.000000e+000  
0.000000e+000  9.508160e-007  1.894382e-006  2.819446e-006  3.704747e-006  4.510322e-006  5.169620e-006  5.654243e-006  6.133054e-006  6.937342e-006  5.342375e-006  1.507230e-007  -1.360995e-006  -5.857000e-007  -2.126645e-007  0.000000e+000  
0.000000e+000  0.000000e+000  0.000000e+000  0.000000e+000  0.000000e+000  0.000000e+000  0.000000e+000  0.000000e+000  0.000000e+000  0.000000e+000  0.000000e+000  0.000000e+000  0.000000e+000  0.000000e+000  0.000000e+000  0.000000e+000  

0.000000e+000  0.000000e+000  0.000000e+000  0.000000e+000  0.000000e+000  0.000000e+000  0.000000e+000  0.000000e+000  0.000000e+000  0.000000e+000  0.000000e+000  0.000000e+000  0.000000e+000  0.000000e+000  0.000000e+000  0.000000e+000  
0.000000e+000  0.000000e+000  0.000000e+000  0.000000e+000  0.000000e+000  0.000000e+000  0.000000e+000  0.000000e+000  0.000000e+000  0.000000e+000  0.000000e+000  0.000000e+000  0.000000e+000  0.000000e+000  0.000000e+000  0.000000e+000  
0.000000e+000  0.000000e+000  0.000000e+000  0.000000e+000  0.000000e+000  0.000000e+000  0.000000e+000  0.000000e+000  0.000000e+000  0.000000e+000  0.000000e+000  0.000000e+000  0.000000e+000  0.000000e+000  0.000000e+000  0.000000e+000  
0.000000e+000  0.000000e+000  0.000000e+000  0.000000e+000  0.000000e+000  0.000000e+000  0.000000e+000  0.000000e+000  0.000000e+000  0.000000e+000  0.000000e+000  0.000000e+000  0.000000e+000  0.000000e+000  0.000000e+000  0.000000e+000  
0.000000e+000  0.000000e+000  0.000000e+000  0.000000e+000  0.000000e+000  0.000000e+000  0.000000e+000  0.000000e+000  0.000000e+000  0.000000e+000  0.000000e+000  0.000000e+000  0.000000e+000  0.000000e+000  0.000000e+000  0.000000e+000  
0.000000e+000  0.000000e+000  0.000000e+000  0.000000e+000  0.000000e+000  0.000000e+000  0.000000e+000  0.000000e+000  0.000000e+000  0.000000e+000  0.000000e+000  0.000000e+000  0.000000e+000  0.000000e+000  0.000000e+000  0.000000e+000  
0.000000e+000  0.000000e+000  0.000000e+000  0.000000e+000  0.000000e+000  0.000000e+000  0.000000e+000  0.000000e+000  0.000000e+000  0.000000e+000  0.000000e+000  0.000000e+000  0.000000e+000  0.000000e+000  0.000000e+000  0.000000e+000  
0.000000e+000  0.000000e+000  0.000000e+000  0.000000e+000  0.000000e+000  0.000000e+000  0.000000e+000  0.000000e+000  0.000000e+000  0.000000e+000  0.000000e+000  0.000000e+000  0.000000e+000  0.000000e+000  0.000000e+000  0.000000e+000  
0.000000e+000  0.000000e+000  0.000000e+000  0.000000e+000  0.000000e+000  0.000000e+000  0.000000e+000  0.000000e+000  0.000000e+000  0.000000e+000  0.000000e+000  0.000000e+000  0.000000e+000  0.000000e+000  0.000000e+000  0.000000e+000  
0.000000e+000  0.000000e+000  0.000000e+000  0.000000e+000  0.000000e+000  0.000000e+000  0.000000e+000  0.000000e+000  0.000000e+000  0.000000e+000  0.000000e+000  0.000000e+000  0.000000e+000  0.000000e+000  0.000000e+000  0.000000e+000  
0.000000e+000  0.000000e+000  0.000000e+000  0.000000e+000  0.000000e+000  0.000000e+000  0.000000e+000  0.000000e+000  0.000000e+000  0.000000e+000  0.000000e+000  0.000000e+000  0.000000e+000  0.000000e+000  0.000000e+000  0.000000e+000  
0.000000e+000  0.000000e+000  0.000000e+000  0.000000e+000  0.000000e+000  0.000000e+000  0.000000e+000  0.000000e+000  0.000000e+000  0.000000e+000  0.000000e+000  0.000000e+000  0.000000e+000  0.000000e+000  0.000000e+000  0.000000e+000  
0.000000e+000  0.000000e+000  0.000000e+000  0.000000e+000  0.000000e+000  0.000000e+000  0.000000e+000  0.000000e+000  0.000000e+000  0.000000e+000  0.000000e+000  0.000000e+000  0.000000e+000  0.000000e+000  0.000000e+000  0.000000e+000  
0.000000e+000  0.000000e+000  0.000000e+000  0.000000e+000  0.000000e+000  0.000000e+000  0.000000e+000  0.000000e+000  0.000000e+000  0.000000e+000  0.000000e+000  0.000000e+000  0.000000e+000  0.000000e+000  0.000000e+000  0.000000e+000  
0.000000e+000  0.000000e+000  0.000000e+000  0.000000e+000  0.000000e+000  0.000000e+000  0.000000e+000  0.000000e+000  0.000000e+000  0.000000e+000  0.000000e+000  0.000000e+000  0.000000e+000  0.000000e+000  0.000000e+000  0.000000e+000  
0.000000e+000  0.000000e+000  0.000000e+000  0.000000e+000  0.000000e+000  0.000000e+000  0.000000e+000  0.000000e+000  0.000000e+000  0.000000e+000  0.000000e+000  0.000000e+000  0.000000e+000  0.000000e+000  0.000000e+000  0.000000e+000  
0.000000e+000  0.000000e+000  0.000000e+000  0.000000e+000  0.000000e+000  0.000000e+000  0.000000e+000  0.000000e+000  0.000000e+000  0.000000e+000  0.000000e+000  0.000000e+000  0.000000e+000  0.000000e+000  0.000000e+000  0.000000e+000  
0.000000e+000  0.000000e+000  0.000000e+000  0.000000e+000  0.000000e+000  0.000000e+000  0.000000e+000  0.000000e+000  0.000000e+000  0.000000e+000  0.000000e+000  0.000000e+000  0.000000e+000  0.000000e+000  0.000000e+000  0.000000e+000  
0.000000e+000  0.000000e+000  0.000000e+000  0.000000e+000  0.000000e+000  0.000000e+000  0.000000e+000  0.000000e+000  0.000000e+000  0.000000e+000  0.000000e+000  0.000000e+000  0.000000e+000  0.000000e+000  0.000000e+000  0.000000e+000  
0.000000e+000  0.000000e+000  0.000000e+000  0.000000e+000  0.000000e+000  0.000000e+000  0.000000e+000  0.000000e+000  0.000000e+000  0.000000e+000  0.000000e+000  0.000000e+000  0.000000e+000  0.000000e+000  0.000000e+000  0.000000e+000  
0.000000e+000  0.000000e+000  0.000000e+000  0.000000e+000  0.000000e+000  0.000000e+000  0.000000e+000  0.000000e+000  0.000000e+000  0.000000e+000  0.000000e+000  0.000000e+000  0.000000e+000  0.000000e+000  0.000000e+000  0.000000e+000  
0.000000e+000  0.000000e+000  0.000000e+000  0.000000e+000  0.000000e+000  0.000000e+000  0.000000e+000  0.000000e+000  0.000000e+000  0.000000e+000  0.000000e+000  0.000000e+000  0.000000e+000  0.000000e+000  0.000000e+000  0.000000e+000  
0.000000e+000  0.000000e+000  0.000000e+000  0.000000e+000  0.000000e+000  0.000000e+000  0.000000e+000  0.000000e+000  0.000000e+000  0.000000e+000  0.000000e+000  0.000000e+000  0.000000e+000  0.000000e+000  0.000000e+000  0.000000e+000  
0.000000e+000  0.000000e+000  0.000000e+000  0.000000e+000  0.000000e+000  0.000000e+000  0.000000e+000  0.000000e+000  0.000000e+000  0.000000e+000  0.000000e+000  0.000000e+000  0.000000e+000  0.000000e+000  0.000000e+000  0.000000e+000  
0.000000e+000  0.000000e+000  0.000000e+000  0.000000e+000  0.000000e+000  0.000000e+000  0.000000e+000  0.000000e+000  0.000000e+000  0.000000e+000  0.000000e+000  0.000000e+000  0.000000e+000  0.000000e+000  0.000000e+000  0.000000e+000  
0.000000e+000  0.000000e+000  0.000000e+000  0.000000e+000  0.000000e+000  0.000000e+000  0.000000e+000  0.000000e+000  0.000000e+000  0.000000e+000  0.000000e+000  0.000000e+000  0.000000e+000  0.000000e+000  0.000000e+000  0.000000e+000  
0.000000e+000  0.000000e+000  0.000000e+000  0.000000e+000  0.000000e+000  0.000000e+000  0.000000e+000  0.000000e+000  0.000000e+000  0.000000e+000  0.000000e+000  0.000000e+000  0.000000e+000  0.000000e+000  0.000000e+000  0.000000e+000  

0.000000e+000  0.000000e+000  0.000000e+000  0.000000e+000  0.000000e+000  0.000000e+000  0.000000e+000  0.000000e+000  0.000000e+000  0.000000e+000  0.000000e+000  0.000000e+000  0.000000e+000  0.000000e+000  0.000000e+000  0.000000e+000  
0.000000e+000  0.000000e+000  0.000000e+000  0.000000e+000  0.000000e+000  0.000000e+000  0.000000e+000  0.000000e+000  0.000000e+000  0.000000e+000  0.000000e+000  0.000000e+000  0.000000e+000  0.000000e+000  0.000000e+000  0.000000e+000  
0.000000e+000  0.000000e+000  0.000000e+000  0.000000e+000  0.000000e+000  0.000000e+000  0.000000e+000  0.000000e+000  0.000000e+000  0.000000e+000  0.000000e+000  0.000000e+000  0.000000e+000  0.000000e+000  0.000000e+000  0.000000e+000  
0.000000e+000  0.000000e+000  0.000000e+000  0.000000e+000  0.000000e+000  0.000000e+000  0.000000e+000  0.000000e+000  0.000000e+000  0.000000e+000  0.000000e+000  0.000000e+000  0.000000e+000  0.000000e+000  0.000000e+000  0.000000e+000  
0.000000e+000  0.000000e+000  0.000000e+000  0.000000e+000  0.000000e+000  0.000000e+000  0.000000e+000  0.000000e+000  0.000000e+000  0.000000e+000  0.000000e+000  0.000000e+000  0.000000e+000  0.000000e+000  0.000000e+000  0.000000e+000  
0.000000e+000  0.000000e+000  0.000000e+000  0.000000e+000  0.000000e+000  0.000000e+000  0.000000e+000  0.000000e+000  0.000000e+000  0.000000e+000  0.000000e+000  0.000000e+000  0.000000e+000  0.000000e+000  0.000000e+000  0.000000e+000  
0.000000e+000  0.000000e+000  0.000000e+000  0.000000e+000  0.000000e+000  0.000000e+000  0.000000e+000  0.000000e+000  0.000000e+000  0.000000e+000  0.000000e+000  0.000000e+000  0.000000e+000  0.000000e+000  0.000000e+000  0.000000e+000  
0.000000e+000  0.000000e+000  0.000000e+000  0.000000e+000  0.000000e+000  0.000000e+000  0.000000e+000  0.000000e+000  0.000000e+000  0.000000e+000  0.000000e+000  0.000000e+000  0.000000e+000  0.000000e+000  0.000000e+000  0.000000e+000  
0.000000e+000  0.000000e+000  0.000000e+000  0.000000e+000  0.000000e+000  0.000000e+000  0.000000e+000  0.000000e+000  0.000000e+000  0.000000e+000  0.000000e+000  0.000000e+000  0.000000e+000  0.000000e+000  0.000000e+000  0.000000e+000  
0.000000e+000  0.000000e+000  0.000000e+000  0.000000e+000  0.000000e+000  0.000000e+000  0.000000e+000  0.000000e+000  0.000000e+000  0.000000e+000  0.000000e+000  0.000000e+000  0.000000e+000  0.000000e+000  0.000000e+000  0.000000e+000  
0.000000e+000  0.000000e+000  0.000000e+000  0.000000e+000  0.000000e+000  0.000000e+000  0.000000e+000  0.000000e+000  0.000000e+000  0.000000e+000  0.000000e+000  0.000000e+000  0.000000e+000  0.000000e+000  0.000000e+000  0.000000e+000  
0.000000e+000  0.000000e+000  0.000000e+000  0.000000e+000  0.000000e+000  0.000000e+000  0.000000e+000  0.000000e+000  0.000000e+000  0.000000e+000  0.000000e+000  0.000000e+000  0.000000e+000  0.000000e+000  0.000000e+000  0.000000e+000  
0.000000e+000  0.000000e+000  0.000000e+000  0.000000e+000  0.000000e+000  0.000000e+000  0.000000e+000  0.000000e+000  0.000000e+000  0.000000e+000  0.000000e+000  0.000000e+000  0.000000e+000  0.000000e+000  0.000000e+000  0.000000e+000  
0.000000e+000  0.000000e+000  0.000000e+000  0.000000e+000  0.000000e+000  0.000000e+000  0.000000e+000  0.000000e+000  0.000000e+000  0.000000e+000  0.000000e+000  0.000000e+000  0.000000e+000  0.000000e+000  0.000000e+000  0.000000e+000  
0.000000e+000  0.000000e+000  0.000000e+000  0.000000e+000  0.000000e+000  0.000000e+000  0.000000e+000  0.000000e+000  0.000000e+000  0.000000e+000  0.000000e+000  0.000000e+000  0.000000e+000  0.000000e+000  0.000000e+000  0.000000e+000  
0.000000e+000  0.000000e+000  0.000000e+000  0.000000e+000  0.000000e+000  0.000000e+000  0.000000e+000  0.000000e+000  0.000000e+000  0.000000e+000  0.000000e+000  0.000000e+000  0.000000e+000  0.000000e+000  0.000000e+000  0.000000e+000  
0.000000e+000  0.000000e+000  0.000000e+000  0.000000e+000  0.000000e+000  0.000000e+000  0.000000e+000  0.000000e+000  0.000000e+000  0.000000e+000  0.000000e+000  0.000000e+000  0.000000e+000  0.000000e+000  0.000000e+000  0.000000e+000  
0.000000e+000  0.000000e+000  0.000000e+000  0.000000e+000  0.000000e+000  0.000000e+000  0.000000e+000  0.000000e+000  0.000000e+000  0.000000e+000  0.000000e+000  0.000000e+000  0.000000e+000  0.000000e+000  0.000000e+000  0.000000e+000  
0.000000e+000  0.000000e+000  0.000000e+000  0.000000e+000  0.000000e+000  0.000000e+000  0.000000e+000  0.000000e+000  0.000000e+000  0.000000e+000  0.000000e+000  0.000000e+000  0.000000e+000  0.000000e+000  0.000000e+000  0.000000e+000  
0.000000e+000  0.000000e+000  0.000000e+000  0.000000e+000  0.000000e+000  0.000000e+000  0.000000e+000  0.000000e+000  0.000000e+000  0.000000e+000  0.000000e+000  0.000000e+000  0.000000e+000  0.000000e+000  0.000000e+000  0.000000e+000  
0.000000e+000  0.000000e+000  0.000000e+000  0.000000e+000  0.000000e+000  0.000000e+000  0.000000e+000  0.000000e+000  0.000000e+000  0.000000e+000  0.000000e+000  0.000000e+000  0.000000e+000  0.000000e+000  0.000000e+000  0.000000e+000  
0.000000e+000  0.000000e+000  0.000000e+000  0.000000e+000  0.000000e+000  0.000000e+000  0.000000e+000  0.000000e+000  0.000000e+000  0.000000e+000  0.000000e+000  0.000000e+000  0.000000e+000  0.000000e+000  0.000000e+000  0.000000e+000  
0.000000e+000  0.000000e+000  0.000000e+000  0.000000e+000  0.000000e+000  0.000000e+000  0.000000e+000  0.000000e+000  0.000000e+000  0.000000e+000  0.000000e+000  0.000000e+000  0.000000e+000  0.000000e+000  0.000000e+000  0.000000e+000  
0.000000e+000  0.000000e+000  0.000000e+000  0.000000e+000  0.000000e+000  0.000000e+000  0.000000e+000  0.000000e+000  0.000000e+000  0.000000e+000  0.000000e+000  0.000000e+000  0.000000e+000  0.000000e+000  0.000000e+000  0.000000e+000  
0.000000e+000  0.000000e+000  0.000000e+000  0.000000e+000  0.000000e+000  0.000000e+000  0.000000e+000  0.000000e+000  0.000000e+000  0.000000e+000  0.000000e+000  0.000000e+000  0.000000e+000  0.000000e+000  0.000000e+000  0.000000e+000  
0.000000e+000  0.000000e+000  0.000000e+000  0.000000e+000  0.000000e+000  0.000000e+000  0.000000e+000  0.000000e+000  0.000000e+000  0.000000e+000  0.000000e+000  0.000000e+000  0.000000e+000  0.000000e+000  0.000000e+000  0.000000e+000  
0.000000e+000  0.000000e+000  0.000000e+000  0.000000e+000  0.000000e+000  0.000000e+000  0.000000e+000  0.000000e+000  0.000000e+000  0.000000e+000  0.000000e+000  0.000000e+000  0.000000e+000  0.000000e+000  0.000000e+000  0.000000e+000  

0.000000e+000  0.000000e+000  0.000000e+000  0.000000e+000  0.000000e+000  0.000000e+000  0.000000e+000  0.000000e+000  0.000000e+000  0.000000e+000  0.000000e+000  0.000000e+000  0.000000e+000  0.000000e+000  0.000000e+000  0.000000e+000  
0.000000e+000  0.000000e+000  0.000000e+000  0.000000e+000  0.000000e+000  0.000000e+000  0.000000e+000  0.000000e+000  0.000000e+000  0.000000e+000  0.000000e+000  0.000000e+000  0.000000e+000  0.000000e+000  0.000000e+000  0.000000e+000  
0.000000e+000  0.000000e+000  0.000000e+000  0.000000e+000  0.000000e+000  0.000000e+000  0.000000e+000  0.000000e+000  0.000000e+000  0.000000e+000  0.000000e+000  0.000000e+000  0.000000e+000  0.000000e+000  0.000000e+000  0.000000e+000  
0.000000e+000  0.000000e+000  0.000000e+000  0.000000e+000  0.000000e+000  0.000000e+000  0.000000e+000  0.000000e+000  0.000000e+000  0.000000e+000  0.000000e+000  0.000000e+000  0.000000e+000  0.000000e+000  0.000000e+000  0.000000e+000  
0.000000e+000  0.000000e+000  0.000000e+000  0.000000e+000  0.000000e+000  0.000000e+000  0.000000e+000  0.000000e+000  0.000000e+000  0.000000e+000  0.000000e+000  0.000000e+000  0.000000e+000  0.000000e+000  0.000000e+000  0.000000e+000  
0.000000e+000  0.000000e+000  0.000000e+000  0.000000e+000  0.000000e+000  0.000000e+000  0.000000e+000  0.000000e+000  0.000000e+000  0.000000e+000  0.000000e+000  0.000000e+000  0.000000e+000  0.000000e+000  0.000000e+000  0.000000e+000  
0.000000e+000  0.000000e+000  0.000000e+000  0.000000e+000  0.000000e+000  0.000000e+000  0.000000e+000  0.000000e+000  0.000000e+000  0.000000e+000  0.000000e+000  0.000000e+000  0.000000e+000  0.000000e+000  0.000000e+000  0.000000e+000  
0.000000e+000  0.000000e+000  0.000000e+000  0.000000e+000  0.000000e+000  0.000000e+000  0.000000e+000  0.000000e+000  0.000000e+000  0.000000e+000  0.000000e+000  0.000000e+000  0.000000e+000  0.000000e+000  0.000000e+000  0.000000e+000  
0.000000e+000  0.000000e+000  0.000000e+000  0.000000e+000  0.000000e+000  0.000000e+000  0.000000e+000  0.000000e+000  0.000000e+000  0.000000e+000  0.000000e+000  0.000000e+000  0.000000e+000  0.000000e+000  0.000000e+000  0.000000e+000  
0.000000e+000  0.000000e+000  0.000000e+000  0.000000e+000  0.000000e+000  0.000000e+000  0.000000e+000  0.000000e+000  0.000000e+000  0.000000e+000  0.000000e+000  0.000000e+000  0.000000e+000  0.000000e+000  0.000000e+000  0.000000e+000  
0.000000e+000  0.000000e+000  0.000000e+000  0.000000e+000  0.000000e+000  0.000000e+000  0.000000e+000  0.000000e+000  0.000000e+000  0.000000e+000  0.000000e+000  0.000000e+000  0.000000e+000  0.000000e+000  0.000000e+000  0.000000e+000  
0.000000e+000  0.000000e+000  0.000000e+000  0.000000e+000  0.000000e+000  0.000000e+000  0.000000e+000  0.000000e+000  0.000000e+000  0.000000e+000  0.000000e+000  0.000000e+000  0.000000e+000  0.000000e+000  0.000000e+000  0.000000e+000  
0.000000e+000  0.000000e+000  0.000000e+000  0.000000e+000  0.000000e+000  0.000000e+000  0.000000e+000  0.000000e+000  0.000000e+000  0.000000e+000  0.000000e+000  0.000000e+000  0.000000e+000  0.000000e+000  0.000000e+000  0.000000e+000  
0.000000e+000  0.000000e+000  0.000000e+000  0.000000e+000  0.000000e+000  0.000000e+000  0.000000e+000  0.000000e+000  0.000000e+000  0.000000e+000  0.000000e+000  0.000000e+000  0.000000e+000  0.000000e+000  0.000000e+000  0.000000e+000  
0.000000e+000  0.000000e+000  0.000000e+000  0.000000e+000  0.000000e+000  0.000000e+000  0.000000e+000  0.000000e+000  0.000000e+000  0.000000e+000  0.000000e+000  0.000000e+000  0.000000e+000  0.000000e+000  0.000000e+000  0.000000e+000  
0.000000e+000  0.000000e+000  0.000000e+000  0.000000e+000  0.000000e+000  0.000000e+000  0.000000e+000  0.000000e+000  0.000000e+000  0.000000e+000  0.000000e+000  0.000000e+000  0.000000e+000  0.000000e+000  0.000000e+000  0.000000e+000  
0.000000e+000  0.000000e+000  0.000000e+000  0.000000e+000  0.000000e+000  0.000000e+000  0.000000e+000  0.000000e+000  0.000000e+000  0.000000e+000  0.000000e+000  0.000000e+000  0.000000e+000  0.000000e+000  0.000000e+000  0.000000e+000  
0.000000e+000  0.000000e+000  0.000000e+000  0.000000e+000  0.000000e+000  0.000000e+000  0.000000e+000  0.000000e+000  0.000000e+000  0.000000e+000  0.000000e+000  0.000000e+000  0.000000e+000  0.000000e+000  0.000000e+000  0.000000e+000  
0.000000e+000  0.000000e+000  0.000000e+000  0.000000e+000  0.000000e+000  0.000000e+000  0.000000e+000  0.000000e+000  0.000000e+000  0.000000e+000  0.000000e+000  0.000000e+000  0.000000e+000  0.000000e+000  0.000000e+000  0.000000e+000  
0.000000e+000  0.000000e+000  0.000000e+000  0.000000e+000  0.000000e+000  0.000000e+000  0.000000e+000  0.000000e+000  0.000000e+000  0.000000e+000  0.000000e+000  0.000000e+000  0.000000e+000  0.000000e+000  0.000000e+000  0.000000e+000  
0.000000e+000  0.000000e+000  0.000000e+000  0.000000e+000  0.000000e+000  0.000000e+000  0.000000e+000  0.000000e+000  0.000000e+000  0.000000e+000  0.000000e+000  0.000000e+000  0.000000e+000  0.000000e+000  0.000000e+000  0.000000e+000  
0.000000e+000  0.000000e+000  0.000000e+000  0.000000e+000  0.000000e+000  0.000000e+000  0.000000e+000  0.000000e+000  0.000000e+000  0.000000e+000  0.000000e+000  0.000000e+000  0.000000e+000  0.000000e+000  0.000000e+000  0.000000e+000  
0.000000e+000  0.000000e+000  0.000000e+000  0.000000e+000  0.000000e+000  0.000000e+000  0.000000e+000  0.000000e+000  0.000000e+000  0.000000e+000  0.000000e+000  0.000000e+000  0.000000e+000  0.000000e+000  0.000000e+000  0.000000e+000  
0.000000e+000  0.000000e+000  0.000000e+000  0.000000e+000  0.000000e+000  0.000000e+000  0.000000e+000  0.000000e+000  0.000000e+000  0.000000e+000  0.000000e+000  0.000000e+000  0.000000e+000  0.000000e+000  0.000000e+000  0.000000e+000  
0.000000e+000  0.000000e+000  0.000000e+000  0.000000e+000  0.000000e+000  0.000000e+000  0.000000e+000  0.000000e+000  0.000000e+000  0.000000e+000  0.000000e+000  0.000000e+000  0.000000e+000  0.000000e+000  0.000000e+000  0.000000e+000  
0.000000e+000  0.000000e+000  0.000000e+000  0.000000e+000  0.000000e+000  0.000000e+000  0.000000e+000  0.000000e+000  0.000000e+000  0.000000e+000  0.000000e+000  0.000000e+000  0.000000e+000  0.000000e+000  0.000000e+000  0.000000e+000  
0.000000e+000  0.000000e+000  0.000000e+000  0.000000e+000  0.000000e+000  0.000000e+000  0.000000e+000  0.000000e+000  0.000000e+000  0.000000e+000  0.000000e+000  0.000000e+000  0.000000e+000  0.000000e+000  0.000000e+000  0.000000e+000  

0.000000e+000  0.000000e+000  0.000000e+000  0.000000e+000  0.000000e+000  0.000000e+000  0.000000e+000  0.000000e+000  0.000000e+000  0.000000e+000  0.000000e+000  0.000000e+000  0.000000e+000  0.000000e+000  0.000000e+000  0.000000e+000  
0.000000e+000  6.496592e-008  1.360128e-007  1.995603e-007  2.672742e-007  3.329756e-007  3.943881e-007  3.198246e-007  2.466495e-007  1.896890e-007  1.768626e-007  1.711770e-007  1.793109e-007  1.341676e-007  7.068314e-008  0.000000e+000  
0.000000e+000  1.343759e-007  2.664894e-007  4.039185e-007  5.387305e-007  6.675766e-007  7.942945e-007  6.351208e-007  4.749000e-007  3.383277e-007  3.772197e-007  3.149828e-007  4.000910e-007  2.858974e-007  1.464617e-007  0.000000e+000  
0.000000e+000  1.982150e-007  3.993051e-007  6.027637e-007  8.076617e-007  1.014472e-006  1.213689e-006  9.501614e-007  6.740271e-007  3.781614e-007  6.314423e-007  4.000510e-007  7.210414e-007  4.618919e-007  2.266571e-007  0.000000e+000  
0.000000e+000  4.182141e-007  8.479452e-007  1.297037e-006  1.785400e-006  2.332871e-006  2.962277e-006  2.230386e-006  1.555027e-006  8.485161e-007  1.370166e-006  8.512790e-007  1.501661e-006  9.238093e-007  4.392203e-007  0.000000e+000  
0.000000e+000  4.173306e-007  8.267044e-007  1.214228e-006  1.572013e-006  1.883566e-006  2.130804e-006  2.605706e-006  3.040949e-006  3.486861e-006  8.366846e-007  2.447126e-006  -5.443981e-007  -3.020794e-007  -1.326961e-007  0.000000e+000  
0.000000e+000  6.278155e-007  1.237877e-006  1.814795e-006  2.334574e-006  2.772339e-006  3.090583e-006  3.634272e-006  4.097544e-006  4.597535e-006  1.384485e-006  3.266399e-006  -3.420626e-007  -1.150906e-007  -2.396958e-008  0.000000e+000  
0.000000e+000  1.174119e-006  2.365911e-006  3.595126e-006  4.889870e-006  6.281777e-006  7.812665e-006  5.967133e-006  4.214487e-006  2.397549e-006  3.958803e-006  2.363360e-006  4.246704e-006  2.691771e-006  1.303673e-006  0.000000e+000  
0.000000e+000  1.251016e-006  2.509427e-006  3.775257e-006  5.047843e-006  6.331025e-006  7.616665e-006  6.345222e-006  5.005673e-006  3.490802e-006  3.987117e-006  3.098467e-006  3.783530e-006  2.372517e-006  1.148599e-006  0.000000e+000  
0.000000e+000  1.252722e-006  2.509372e-006  3.764327e-006  5.024686e-006  6.286404e-006  7.552581e-006  6.556611e-006  5.592728e-006  4.763732e-006  3.415825e-006  3.780268e-006  2.578176e-006  1.809169e-006  9.184616e-007  0.000000e+000  
0.000000e+000  1.249667e-006  2.494922e-006  3.741357e-006  4.975094e-006  6.215985e-006  7.486136e-006  6.711110e-006  6.031975e-006  5.491054e-006  3.114320e-006  4.159261e-006  1.879634e-006  1.362681e-006  7.086422e-007  0.000000e+000  
0.000000e+000  1.240860e-006  2.485669e-006  3.701462e-006  4.914872e-006  6.079730e-006  7.172992e-006  6.746847e-006  6.311201e-006  5.941192e-006  2.959572e-006  4.366121e-006  1.438491e-006  1.051840e-006  5.656496e-007  0.000000e+000  
0.000000e+000  1.248269e-006  2.472022e-006  3.714110e-006  4.891776e-006  6.042515e-006  7.110113e-006  6.772291e-006  6.432154e-006  6.297259e-006  2.762360e-006  4.566898e-006  1.090220e-006  9.242104e-007  5.035799e-007  0.000000e+000  
0.000000e+000  1.229422e-006  2.475521e-006  3.681816e-006  4.884081e-006  6.027014e-006  7.106086e-006  6.777138e-006  6.483490e-006  6.405220e-006  2.704733e-006  4.642240e-006  9.816522e-007  8.666331e-007  4.883161e-007  0.000000e+000  
0.000000e+000  1.250734e-006  2.475807e-006  3.700965e-006  4.890045e-006  6.045447e-006  7.114115e-006  6.768955e-006  6.433610e-006  6.294445e-006  2.772248e-006  4.563143e-006  1.084201e-006  9.192642e-007  5.146857e-007  0.000000e+000  
0.000000e+000  1.236146e-006  2.482598e-006  3.708114e-006  4.913096e-006  6.076918e-006  7.164617e-006  6.748638e-006  6.308256e-006  5.943347e-006  2.958232e-006  4.363722e-006  1.440653e-006  1.055523e-006  5.611389e-007  0.000000e+000  
0.000000e+000  1.252001e-006  2.492619e-006  3.743078e-006  4.974941e-006  6.217926e-006  7.486168e-006  6.708214e-006  6.034181e-006  5.489332e-006  3.114373e-006  4.162162e-006  1.881784e-006  1.365378e-006  7.123318e-007  0.000000e+000  
0.000000e+000  1.250851e-006  2.512155e-006  3.760000e-006  5.029509e-006  6.282960e-006  7.554713e-006  6.556856e-006  5.592449e-006  4.763873e-006  3.414104e-006  3.782397e-006  2.576451e-006  1.807910e-006  9.173010e-007  0.000000e+000  
0.000000e+000  1.252764e-006  2.508739e-006  3.773610e-006  5.045208e-006  6.330907e-006  7.617441e-006  6.343805e-006  5.002821e-006  3.490169e-006  3.986792e-006  3.095368e-006  3.784102e-006  2.370690e-006  1.147506e-006  0.000000e+000  
0.000000e+000  1.172894e-006  2.363860e-006  3.594010e-006  4.890571e-006  6.279771e-006  7.812269e-006  5.969360e-006  4.211737e-006  2.397154e-006  3.958897e-006  2.362735e-006  4.247103e-006  2.690686e-006  1.304001e-006  0.000000e+000  
0.000000e+000  6.255860e-007  1.235255e-006  1.813350e-006  2.334707e-006  2.770892e-006  3.090227e-006  3.635961e-006  4.095785e-006  4.596250e-006  1.383497e-006  3.266742e-006  -3.418098e-007  -1.124647e-007  -2.463817e-008  0.000000e+000  
0.000000e+000  4.185135e-007  8.268645e-007  1.216081e-006  1.570611e-006  1.881806e-006  2.129517e-006  2.605507e-006  3.039152e-006  3.486174e-006  8.363904e-007  2.446374e-006  -5.442990e-007  -3.021322e-007  -1.325840e-007  0.000000e+000  
0.000000e+000  4.191341e-007  8.462325e-007  1.297532e-006  1.787029e-006  2.331859e-006  2.960138e-006  2.231780e-006  1.555659e-006  8.487963e-007  1.369352e-006  8.497915e-007  1.499862e-006  9.199147e-007  4.391420e-007  0.000000e+000  
0.000000e+000  1.977195e-007  3.986459e-007  6.012011e-007  8.089770e-007  1.015628e-006  1.214525e-006  9.495549e-007  6.730654e-007  3.786457e-007  6.312537e-007  3.983845e-007  7.204178e-007  4.615872e-007  2.282056e-007  0.000000e+000  
0.000000e+000  1.329720e-007  2.662736e-007  4.022141e-007  5.363468e-007  6.701166e-007  7.927345e-007  6.356817e-007  4.733007e-007  3.366834e-007  3.769768e-007  3.136578e-007  3.997511e-007  2.852974e-007  1.449767e-007  0.000000e+000  
0.000000e+000  6.726202e-008  1.344810e-007  2.004013e-007  2.683624e-007  3.332091e-007  3.943323e-007  3.194852e-007  2.475531e-007  1.907635e-007  1.787412e-007  1.693471e-007  1.813541e-007  1.344061e-007  7.103519e-008  0.000000e+000  
0.000000e+000  0.000000e+000  0.000000e+000  0.000000e+000  0.000000e+000  0.000000e+000  0.000000e+000  0.000000e+000  0.000000e+000  0.000000e+000  0.000000e+000  0.000000e+000  0.000000e+000  0.000000e+000  0.000000e+000  0.000000e+000  

