Port monitor named: Port1_e4[2.2].prt

nx        = 71
ny        = 23
nz        = 31

nu        = 5
nv        = 5
iu        = 14
iv        = 11

idir      = 1
dcut      = 2.500000e-002
icut      = 23
type      = 0
frequency = 2.200000e+009

fcutoff   = 3.462546e+010
alpha     = 1.011467e+003
beta      = 0.000000e+000
accuracy  = 2.765234e-015

type          = TE
wave imp.     = 1.717836e+001
wave imp.sig. = 3.396787e-004
line imp.     = 0.000000e+000

ref. port     = 0

0.000000e+000  0.000000e+000  0.000000e+000  0.000000e+000  0.000000e+000  
-8.591619e+002  -2.001429e+002  2.000669e+002  8.592378e+002  0.000000e+000  
-1.443819e+003  -1.043325e+003  1.043325e+003  1.443819e+003  0.000000e+000  
-8.592378e+002  -2.000669e+002  2.001429e+002  8.591619e+002  0.000000e+000  
0.000000e+000  0.000000e+000  0.000000e+000  0.000000e+000  0.000000e+000  

0.000000e+000  8.593493e+002  1.443868e+003  8.592740e+002  0.000000e+000  
0.000000e+000  2.000044e+002  1.043196e+003  2.000806e+002  0.000000e+000  
0.000000e+000  -2.000806e+002  -1.043196e+003  -2.000044e+002  0.000000e+000  
0.000000e+000  -8.592740e+002  -1.443868e+003  -8.593493e+002  0.000000e+000  
0.000000e+000  0.000000e+000  0.000000e+000  0.000000e+000  0.000000e+000  

0.000000e+000  0.000000e+000  0.000000e+000  0.000000e+000  0.000000e+000  
0.000000e+000  -9.774931e-002  -4.438552e-001  -1.875581e-002  0.000000e+000  
0.000000e+000  3.924000e-001  0.000000e+000  3.924000e-001  0.000000e+000  
0.000000e+000  -1.875581e-002  -4.438552e-001  -9.774931e-002  0.000000e+000  
0.000000e+000  0.000000e+000  0.000000e+000  0.000000e+000  0.000000e+000  

0.000000e+000  0.000000e+000  0.000000e+000  0.000000e+000  0.000000e+000  
0.000000e+000  0.000000e+000  0.000000e+000  0.000000e+000  0.000000e+000  
0.000000e+000  0.000000e+000  0.000000e+000  0.000000e+000  0.000000e+000  
0.000000e+000  0.000000e+000  0.000000e+000  0.000000e+000  0.000000e+000  
0.000000e+000  0.000000e+000  0.000000e+000  0.000000e+000  0.000000e+000  

0.000000e+000  0.000000e+000  0.000000e+000  0.000000e+000  0.000000e+000  
0.000000e+000  0.000000e+000  0.000000e+000  0.000000e+000  0.000000e+000  
0.000000e+000  0.000000e+000  0.000000e+000  0.000000e+000  0.000000e+000  
0.000000e+000  0.000000e+000  0.000000e+000  0.000000e+000  0.000000e+000  
0.000000e+000  0.000000e+000  0.000000e+000  0.000000e+000  0.000000e+000  

0.000000e+000  0.000000e+000  0.000000e+000  0.000000e+000  0.000000e+000  
0.000000e+000  0.000000e+000  0.000000e+000  0.000000e+000  0.000000e+000  
0.000000e+000  0.000000e+000  0.000000e+000  0.000000e+000  0.000000e+000  
0.000000e+000  0.000000e+000  0.000000e+000  0.000000e+000  0.000000e+000  
0.000000e+000  0.000000e+000  0.000000e+000  0.000000e+000  0.000000e+000  

