Port monitor named: Port2_e2[2.2].prt

nx        = 71
ny        = 23
nz        = 31

nu        = 16
nv        = 27
iu        = 3
iv        = 3

idir      = 0
dcut      = 5.114300e-001
icut      = 71
type      = 0
frequency = 2.200000e+009

fcutoff   = 3.150484e+009
alpha     = 4.725834e+001
beta      = 0.000000e+000
accuracy  = 7.883438e-011

type          = TE
wave imp.     = 3.675648e+002
wave imp.sig. = 9.213791e-006
line imp.     = 0.000000e+000

ref. port     = 0

-0.000000e+000  -0.000000e+000  -0.000000e+000  -0.000000e+000  -0.000000e+000  -0.000000e+000  -0.000000e+000  -0.000000e+000  -0.000000e+000  -0.000000e+000  -0.000000e+000  -0.000000e+000  -0.000000e+000  -0.000000e+000  -0.000000e+000  -0.000000e+000  
-5.078777e+001  -5.078777e+001  -5.078777e+001  -5.078777e+001  -5.078777e+001  -5.078777e+001  -5.078777e+001  -5.078777e+001  -5.078777e+001  -5.078777e+001  -5.078777e+001  -5.078777e+001  -5.078777e+001  -5.078777e+001  -5.078777e+001  -0.000000e+000  
-1.009150e+002  -1.009150e+002  -1.009150e+002  -1.009150e+002  -1.009150e+002  -1.009150e+002  -1.009150e+002  -1.009150e+002  -1.009150e+002  -1.009150e+002  -1.009150e+002  -1.009150e+002  -1.009150e+002  -1.009150e+002  -1.009150e+002  -0.000000e+000  
-1.497299e+002  -1.497299e+002  -1.497299e+002  -1.497299e+002  -1.497299e+002  -1.497299e+002  -1.497298e+002  -1.497298e+002  -1.497298e+002  -1.497298e+002  -1.497298e+002  -1.497298e+002  -1.497298e+002  -1.497298e+002  -1.497298e+002  -0.000000e+000  
-3.150783e+002  -3.150783e+002  -3.150783e+002  -3.150783e+002  -3.150783e+002  -3.150783e+002  -3.150783e+002  -3.150783e+002  -3.150783e+002  -3.150783e+002  -3.150783e+002  -3.150783e+002  -3.150783e+002  -3.150783e+002  -3.150783e+002  -0.000000e+000  
-4.341952e+002  -4.341952e+002  -4.341952e+002  -4.341952e+002  -4.341952e+002  -4.341952e+002  -4.341952e+002  -4.341952e+002  -4.341952e+002  -4.341952e+002  -4.341952e+002  -4.341952e+002  -4.341952e+002  -4.341952e+002  -4.341952e+002  -0.000000e+000  
-4.491470e+002  -4.491470e+002  -4.491470e+002  -4.491470e+002  -4.491470e+002  -4.491470e+002  -4.491469e+002  -4.491469e+002  -4.491469e+002  -4.491470e+002  -4.491469e+002  -4.491470e+002  -4.491469e+002  -4.491469e+002  -4.491469e+002  -0.000000e+000  
-3.563466e+002  -3.563466e+002  -3.563466e+002  -3.563466e+002  -3.563466e+002  -3.563466e+002  -3.563465e+002  -3.563465e+002  -3.563465e+002  -3.563465e+002  -3.563466e+002  -3.563465e+002  -3.563465e+002  -3.563465e+002  -3.563465e+002  -0.000000e+000  
-2.058531e+002  -2.058531e+002  -2.058531e+002  -2.058531e+002  -2.058531e+002  -2.058531e+002  -2.058531e+002  -2.058531e+002  -2.058531e+002  -2.058531e+002  -2.058531e+002  -2.058531e+002  -2.058531e+002  -2.058531e+002  -2.058531e+002  -0.000000e+000  
-1.592788e+002  -1.592788e+002  -1.592788e+002  -1.592788e+002  -1.592788e+002  -1.592788e+002  -1.592788e+002  -1.592788e+002  -1.592788e+002  -1.592788e+002  -1.592788e+002  -1.592788e+002  -1.592788e+002  -1.592788e+002  -1.592788e+002  -0.000000e+000  
-1.106331e+002  -1.106331e+002  -1.106331e+002  -1.106331e+002  -1.106331e+002  -1.106331e+002  -1.106331e+002  -1.106331e+002  -1.106331e+002  -1.106331e+002  -1.106331e+002  -1.106331e+002  -1.106331e+002  -1.106331e+002  -1.106331e+002  -0.000000e+000  
-6.054860e+001  -6.054860e+001  -6.054860e+001  -6.054860e+001  -6.054860e+001  -6.054860e+001  -6.054860e+001  -6.054860e+001  -6.054860e+001  -6.054861e+001  -6.054860e+001  -6.054861e+001  -6.054860e+001  -6.054860e+001  -6.054860e+001  -0.000000e+000  
-3.034430e+001  -3.034430e+001  -3.034430e+001  -3.034430e+001  -3.034430e+001  -3.034430e+001  -3.034430e+001  -3.034430e+001  -3.034430e+001  -3.034430e+001  -3.034430e+001  -3.034430e+001  -3.034430e+001  -3.034430e+001  -3.034430e+001  -0.000000e+000  
-0.000000e+000  -0.000000e+000  -0.000000e+000  -0.000000e+000  -0.000000e+000  -0.000000e+000  -0.000000e+000  -0.000000e+000  -0.000000e+000  -0.000000e+000  -0.000000e+000  -0.000000e+000  -0.000000e+000  -0.000000e+000  -0.000000e+000  -0.000000e+000  
3.034430e+001  3.034430e+001  3.034430e+001  3.034430e+001  3.034430e+001  3.034430e+001  3.034430e+001  3.034430e+001  3.034430e+001  3.034430e+001  3.034430e+001  3.034430e+001  3.034430e+001  3.034430e+001  3.034430e+001  -0.000000e+000  
6.054860e+001  6.054860e+001  6.054860e+001  6.054860e+001  6.054860e+001  6.054860e+001  6.054860e+001  6.054860e+001  6.054860e+001  6.054861e+001  6.054860e+001  6.054861e+001  6.054860e+001  6.054860e+001  6.054860e+001  -0.000000e+000  
1.106331e+002  1.106331e+002  1.106331e+002  1.106331e+002  1.106331e+002  1.106331e+002  1.106331e+002  1.106331e+002  1.106331e+002  1.106331e+002  1.106331e+002  1.106331e+002  1.106331e+002  1.106331e+002  1.106331e+002  -0.000000e+000  
1.592788e+002  1.592788e+002  1.592788e+002  1.592788e+002  1.592788e+002  1.592788e+002  1.592788e+002  1.592788e+002  1.592788e+002  1.592788e+002  1.592788e+002  1.592788e+002  1.592788e+002  1.592788e+002  1.592788e+002  -0.000000e+000  
2.058531e+002  2.058531e+002  2.058531e+002  2.058531e+002  2.058531e+002  2.058531e+002  2.058531e+002  2.058531e+002  2.058531e+002  2.058531e+002  2.058531e+002  2.058531e+002  2.058531e+002  2.058531e+002  2.058531e+002  -0.000000e+000  
3.563466e+002  3.563466e+002  3.563466e+002  3.563466e+002  3.563466e+002  3.563466e+002  3.563465e+002  3.563465e+002  3.563465e+002  3.563465e+002  3.563466e+002  3.563465e+002  3.563465e+002  3.563465e+002  3.563465e+002  -0.000000e+000  
4.491470e+002  4.491470e+002  4.491470e+002  4.491470e+002  4.491470e+002  4.491470e+002  4.491469e+002  4.491469e+002  4.491469e+002  4.491470e+002  4.491469e+002  4.491470e+002  4.491469e+002  4.491469e+002  4.491469e+002  -0.000000e+000  
4.341952e+002  4.341952e+002  4.341952e+002  4.341952e+002  4.341952e+002  4.341952e+002  4.341952e+002  4.341952e+002  4.341952e+002  4.341952e+002  4.341952e+002  4.341952e+002  4.341952e+002  4.341952e+002  4.341952e+002  -0.000000e+000  
3.150783e+002  3.150783e+002  3.150783e+002  3.150783e+002  3.150783e+002  3.150783e+002  3.150783e+002  3.150783e+002  3.150783e+002  3.150783e+002  3.150783e+002  3.150783e+002  3.150783e+002  3.150783e+002  3.150783e+002  -0.000000e+000  
1.497299e+002  1.497299e+002  1.497299e+002  1.497299e+002  1.497299e+002  1.497299e+002  1.497298e+002  1.497298e+002  1.497298e+002  1.497298e+002  1.497298e+002  1.497298e+002  1.497298e+002  1.497298e+002  1.497298e+002  -0.000000e+000  
1.009150e+002  1.009150e+002  1.009150e+002  1.009150e+002  1.009150e+002  1.009150e+002  1.009150e+002  1.009150e+002  1.009150e+002  1.009150e+002  1.009150e+002  1.009150e+002  1.009150e+002  1.009150e+002  1.009150e+002  -0.000000e+000  
5.078777e+001  5.078777e+001  5.078777e+001  5.078777e+001  5.078777e+001  5.078777e+001  5.078777e+001  5.078777e+001  5.078777e+001  5.078777e+001  5.078777e+001  5.078777e+001  5.078777e+001  5.078777e+001  5.078777e+001  -0.000000e+000  
-0.000000e+000  -0.000000e+000  -0.000000e+000  -0.000000e+000  -0.000000e+000  -0.000000e+000  -0.000000e+000  -0.000000e+000  -0.000000e+000  -0.000000e+000  -0.000000e+000  -0.000000e+000  -0.000000e+000  -0.000000e+000  -0.000000e+000  -0.000000e+000  

-0.000000e+000  1.715239e-006  3.416571e-006  5.082056e-006  6.675498e-006  8.128227e-006  9.330670e-006  1.024409e-005  1.112236e-005  1.249727e-005  9.631075e-006  4.856800e-007  -2.318235e-006  -1.037586e-006  -3.931470e-007  -0.000000e+000  
-0.000000e+000  1.711205e-006  3.416312e-006  5.107867e-006  6.765128e-006  8.339508e-006  9.667795e-006  1.014728e-005  1.047017e-005  1.113422e-005  9.906564e-006  7.387706e-008  -1.036133e-006  -3.751596e-007  -1.317486e-007  -0.000000e+000  
-0.000000e+000  1.691243e-006  3.390367e-006  5.108948e-006  6.872904e-006  8.751135e-006  1.095729e-005  1.007729e-005  9.334521e-006  7.907974e-006  1.063125e-005  -9.262922e-007  1.994969e-006  7.185771e-007  2.453354e-007  -0.000000e+000  
-0.000000e+000  1.569314e-006  3.165306e-006  4.819263e-006  6.572044e-006  8.479627e-006  1.061745e-005  9.269978e-006  8.008410e-006  6.527358e-006  9.837143e-006  -1.122236e-006  2.507129e-006  1.347212e-006  5.802040e-007  -0.000000e+000  
-0.000000e+000  5.502296e-007  1.066774e-006  1.511981e-006  1.840341e-006  1.992728e-006  1.889781e-006  4.771880e-006  7.564372e-006  1.061547e-005  -8.051659e-007  5.754134e-006  -6.399314e-006  -3.879865e-006  -1.830343e-006  -0.000000e+000  
-0.000000e+000  1.141749e-007  2.263686e-007  3.343725e-007  4.354862e-007  5.261119e-007  6.013758e-007  5.076150e-007  4.054468e-007  3.135053e-007  5.278425e-007  2.852648e-007  4.426551e-007  3.139781e-007  1.621314e-007  -0.000000e+000  
-0.000000e+000  -3.030682e-007  -5.704236e-007  -7.621470e-007  -8.296299e-007  -7.095318e-007  -3.164881e-007  -3.719130e-006  -7.042836e-006  -1.067799e-005  2.289151e-006  -5.723673e-006  7.962880e-006  4.868734e-006  2.309298e-006  -0.000000e+000  
-0.000000e+000  -1.403727e-006  -2.834516e-006  -4.323731e-006  -5.911421e-006  -7.651183e-006  -9.610709e-006  -8.229021e-006  -6.942677e-006  -5.491184e-006  -9.220466e-006  1.593847e-006  -2.496471e-006  -1.383885e-006  -6.086958e-007  -0.000000e+000  
-0.000000e+000  -1.589137e-006  -3.191150e-006  -4.823426e-006  -6.525648e-006  -8.403365e-006  -1.078729e-005  -9.077864e-006  -7.577302e-006  -5.029817e-006  -1.053599e-005  1.570972e-006  -4.192591e-006  -1.858844e-006  -7.525771e-007  -0.000000e+000  
-0.000000e+000  -1.631378e-006  -3.260811e-006  -4.883573e-006  -6.477967e-006  -7.972678e-006  -9.130753e-006  -9.104750e-006  -8.814990e-006  -8.937277e-006  -9.567388e-006  1.752029e-007  -6.224357e-007  -7.821946e-007  -4.423021e-007  -0.000000e+000  
-0.000000e+000  -1.653227e-006  -3.297107e-006  -4.915863e-006  -6.471402e-006  -7.863952e-006  -8.770717e-006  -9.282636e-006  -9.518513e-006  -1.057651e-005  -9.194513e-006  -4.898198e-007  7.984985e-007  -2.051587e-007  -2.303991e-007  -0.000000e+000  
-0.000000e+000  -1.663223e-006  -3.318237e-006  -4.952834e-006  -6.564272e-006  -8.182834e-006  -1.013574e-005  -9.553594e-006  -9.310591e-006  -8.695394e-006  -1.005163e-005  2.404639e-007  -1.185463e-006  -5.383106e-007  -2.678355e-007  -0.000000e+000  
-0.000000e+000  -1.667899e-006  -3.325470e-006  -4.969775e-006  -6.598265e-006  -8.235884e-006  -9.905275e-006  -9.588957e-006  -9.246954e-006  -8.613771e-006  -1.019309e-005  3.339932e-007  -1.306101e-006  -6.505799e-007  -2.922298e-007  -0.000000e+000  
-0.000000e+000  -1.666795e-006  -3.326472e-006  -4.969171e-006  -6.598053e-006  -8.236032e-006  -9.905675e-006  -9.588451e-006  -9.247800e-006  -8.613953e-006  -1.019299e-005  3.341701e-007  -1.306444e-006  -6.503160e-007  -2.922087e-007  -0.000000e+000  
-0.000000e+000  -1.663226e-006  -3.317803e-006  -4.953575e-006  -6.563933e-006  -8.183830e-006  -1.013529e-005  -9.553440e-006  -9.310683e-006  -8.695083e-006  -1.005190e-005  2.397182e-007  -1.185534e-006  -5.387520e-007  -2.675350e-007  -0.000000e+000  
-0.000000e+000  -1.653355e-006  -3.297101e-006  -4.915564e-006  -6.471333e-006  -7.863816e-006  -8.771190e-006  -9.283053e-006  -9.518350e-006  -1.057692e-005  -9.194862e-006  -4.901147e-007  7.985115e-007  -2.049461e-007  -2.304247e-007  -0.000000e+000  
-0.000000e+000  -1.631031e-006  -3.260754e-006  -4.883205e-006  -6.477909e-006  -7.972958e-006  -9.131087e-006  -9.105378e-006  -8.815693e-006  -8.937659e-006  -9.567797e-006  1.748596e-007  -6.228597e-007  -7.820917e-007  -4.421947e-007  -0.000000e+000  
-0.000000e+000  -1.589085e-006  -3.190733e-006  -4.823123e-006  -6.525405e-006  -8.403674e-006  -1.078804e-005  -9.078619e-006  -7.578013e-006  -5.030504e-006  -1.053652e-005  1.570800e-006  -4.193022e-006  -1.859114e-006  -7.523821e-007  -0.000000e+000  
-0.000000e+000  -1.403983e-006  -2.834905e-006  -4.324133e-006  -5.911794e-006  -7.651509e-006  -9.611175e-006  -8.229609e-006  -6.943362e-006  -5.492012e-006  -9.221389e-006  1.593180e-006  -2.496850e-006  -1.384108e-006  -6.087760e-007  -0.000000e+000  
-0.000000e+000  -3.031742e-007  -5.706526e-007  -7.625270e-007  -8.301186e-007  -7.101565e-007  -3.171480e-007  -3.719892e-006  -7.043802e-006  -1.067926e-005  2.287852e-006  -5.724541e-006  7.962395e-006  4.868242e-006  2.308950e-006  -0.000000e+000  
-0.000000e+000  1.139985e-007  2.259890e-007  3.337678e-007  4.346880e-007  5.251257e-007  6.003118e-007  5.063479e-007  4.039384e-007  3.117279e-007  5.259473e-007  2.841703e-007  4.420354e-007  3.136011e-007  1.619707e-007  -0.000000e+000  
-0.000000e+000  5.500827e-007  1.066372e-006  1.511300e-006  1.839383e-006  1.991580e-006  1.888444e-006  4.770336e-006  7.562555e-006  1.061338e-005  -8.076382e-007  5.752573e-006  -6.400082e-006  -3.880297e-006  -1.830490e-006  -0.000000e+000  
-0.000000e+000  1.569109e-006  3.164935e-006  4.818690e-006  6.571213e-006  8.478506e-006  1.061616e-005  9.268553e-006  8.006807e-006  6.525364e-006  9.834655e-006  -1.123739e-006  2.506207e-006  1.346676e-006  5.800347e-007  -0.000000e+000  
-0.000000e+000  1.691039e-006  3.389799e-006  5.108240e-006  6.872067e-006  8.750247e-006  1.095551e-005  1.007540e-005  9.332192e-006  7.905628e-006  1.062925e-005  -9.272613e-007  1.994305e-006  7.182713e-007  2.452587e-007  -0.000000e+000  
-0.000000e+000  1.710427e-006  3.415890e-006  5.106950e-006  6.764321e-006  8.338358e-006  9.666262e-006  1.014509e-005  1.046811e-005  1.113199e-005  9.904638e-006  7.262975e-008  -1.036959e-006  -3.755444e-007  -1.320353e-007  -0.000000e+000  
-0.000000e+000  1.714939e-006  3.415459e-006  5.081247e-006  6.674492e-006  8.127314e-006  9.328954e-006  1.024213e-005  1.112017e-005  1.249515e-005  9.629141e-006  4.841921e-007  -2.319108e-006  -1.038389e-006  -3.935444e-007  -0.000000e+000  
-0.000000e+000  -0.000000e+000  -0.000000e+000  -0.000000e+000  -0.000000e+000  -0.000000e+000  -0.000000e+000  -0.000000e+000  -0.000000e+000  -0.000000e+000  -0.000000e+000  -0.000000e+000  -0.000000e+000  -0.000000e+000  -0.000000e+000  -0.000000e+000  

-0.000000e+000  -0.000000e+000  -0.000000e+000  -0.000000e+000  -0.000000e+000  -0.000000e+000  -0.000000e+000  -0.000000e+000  -0.000000e+000  -0.000000e+000  -0.000000e+000  -0.000000e+000  -0.000000e+000  -0.000000e+000  -0.000000e+000  -0.000000e+000  
-0.000000e+000  -1.540842e-007  -3.214327e-007  -4.683938e-007  -6.349557e-007  -7.793285e-007  -9.289340e-007  -7.371713e-007  -5.604955e-007  -4.223843e-007  -3.887726e-007  -3.802674e-007  -4.289665e-007  -3.177307e-007  -1.717687e-007  -0.000000e+000  
-0.000000e+000  -3.179581e-007  -6.246865e-007  -9.442496e-007  -1.257298e-006  -1.568204e-006  -1.854899e-006  -1.458791e-006  -1.066456e-006  -7.328356e-007  -8.289002e-007  -6.957367e-007  -9.474990e-007  -6.823753e-007  -3.443375e-007  -0.000000e+000  
-0.000000e+000  -4.616308e-007  -9.290866e-007  -1.400494e-006  -1.883216e-006  -2.359039e-006  -2.820034e-006  -2.168170e-006  -1.493011e-006  -7.831955e-007  -1.391470e-006  -8.586258e-007  -1.697567e-006  -1.090923e-006  -5.358256e-007  -0.000000e+000  
-0.000000e+000  -9.340286e-007  -1.887514e-006  -2.894315e-006  -3.980533e-006  -5.196813e-006  -6.577780e-006  -4.850955e-006  -3.244149e-006  -1.587811e-006  -2.866524e-006  -1.674886e-006  -3.423960e-006  -2.109770e-006  -1.003158e-006  -0.000000e+000  
-0.000000e+000  -7.529576e-007  -1.495052e-006  -2.193010e-006  -2.836734e-006  -3.395435e-006  -3.827915e-006  -4.712508e-006  -5.516966e-006  -6.359573e-006  -1.102020e-006  -4.397609e-006  1.294593e-006  7.427827e-007  3.364706e-007  -0.000000e+000  
-0.000000e+000  -7.963789e-007  -1.577369e-006  -2.313792e-006  -2.991188e-006  -3.575555e-006  -4.023586e-006  -4.923366e-006  -5.733484e-006  -6.590078e-006  -1.203527e-006  -4.570046e-006  1.255541e-006  7.044435e-007  3.132327e-007  -0.000000e+000  
-0.000000e+000  -1.084733e-006  -2.190979e-006  -3.349492e-006  -4.594526e-006  -5.973629e-006  -7.542296e-006  -5.576976e-006  -3.737597e-006  -1.840094e-006  -3.355059e-006  -1.951158e-006  -3.995290e-006  -2.487564e-006  -1.194355e-006  -0.000000e+000  
-0.000000e+000  -6.491118e-007  -1.296581e-006  -1.949946e-006  -2.611435e-006  -3.268157e-006  -3.922944e-006  -3.053370e-006  -2.158333e-006  -1.205518e-006  -1.941522e-006  -1.284529e-006  -2.305756e-006  -1.482407e-006  -7.278114e-007  -0.000000e+000  
-0.000000e+000  -5.010544e-007  -1.003834e-006  -1.496214e-006  -2.005478e-006  -2.488046e-006  -2.965218e-006  -2.376296e-006  -1.799516e-006  -1.327234e-006  -1.298484e-006  -1.214843e-006  -1.402435e-006  -1.008397e-006  -5.190860e-007  -0.000000e+000  
-0.000000e+000  -3.436518e-007  -6.870794e-007  -1.039084e-006  -1.376597e-006  -1.709133e-006  -2.022997e-006  -1.668564e-006  -1.328418e-006  -1.071605e-006  -8.301492e-007  -9.306581e-007  -8.286708e-007  -6.244635e-007  -3.226929e-007  -0.000000e+000  
-0.000000e+000  -1.885631e-007  -3.821023e-007  -5.527552e-007  -7.522192e-007  -9.066804e-007  -1.076770e-006  -9.061389e-007  -7.497476e-007  -6.275178e-007  -4.522407e-007  -5.184774e-007  -4.172699e-007  -2.989542e-007  -1.762205e-007  -0.000000e+000  
-0.000000e+000  -1.114221e-007  -1.638104e-007  -3.013620e-007  -3.503412e-007  -4.676718e-007  -5.038227e-007  -4.584097e-007  -3.699462e-007  -3.256378e-007  -2.195545e-007  -2.801067e-007  -1.897064e-007  -1.775879e-007  -6.743154e-008  -0.000000e+000  
-0.000000e+000  2.270730e-008  -2.061021e-008  1.243715e-008  4.368275e-009  -3.043496e-009  -8.241775e-009  1.039479e-008  -1.739330e-008  -3.741661e-009  2.079363e-009  3.639603e-009  -7.049396e-009  5.428343e-009  -0.000000e+000  -0.000000e+000  
-0.000000e+000  8.587214e-008  1.930722e-007  2.681258e-007  3.714143e-007  4.522124e-007  5.130549e-007  4.537547e-007  3.771674e-007  3.374622e-007  2.110519e-007  2.607952e-007  1.946811e-007  1.641911e-007  7.581282e-008  -0.000000e+000  
-0.000000e+000  1.836569e-007  3.881231e-007  5.646262e-007  7.546543e-007  9.181521e-007  1.064567e-006  8.986259e-007  7.540379e-007  6.148670e-007  4.505125e-007  5.245410e-007  4.172892e-007  3.126064e-007  1.727820e-007  -0.000000e+000  
-0.000000e+000  3.455495e-007  6.915727e-007  1.039334e-006  1.376593e-006  1.703013e-006  2.023729e-006  1.660423e-006  1.321440e-006  1.072575e-006  8.279849e-007  9.295702e-007  8.233054e-007  6.224094e-007  3.276014e-007  -0.000000e+000  
-0.000000e+000  5.060989e-007  1.002116e-006  1.499789e-006  2.008142e-006  2.490901e-006  2.949035e-006  2.378393e-006  1.800292e-006  1.323048e-006  1.296098e-006  1.216267e-006  1.401972e-006  1.005465e-006  5.199524e-007  -0.000000e+000  
-0.000000e+000  6.448153e-007  1.297806e-006  1.949407e-006  2.611679e-006  3.273177e-006  3.918572e-006  3.054022e-006  2.157124e-006  1.203141e-006  1.939702e-006  1.280855e-006  2.306848e-006  1.482173e-006  7.237991e-007  -0.000000e+000  
-0.000000e+000  1.080732e-006  2.186790e-006  3.347364e-006  4.595406e-006  5.972399e-006  7.545486e-006  5.577050e-006  3.736282e-006  1.834258e-006  3.353906e-006  1.949398e-006  3.994128e-006  2.485406e-006  1.191743e-006  -0.000000e+000  
-0.000000e+000  7.964337e-007  1.572421e-006  2.316426e-006  2.990219e-006  3.575400e-006  4.024751e-006  4.917592e-006  5.727432e-006  6.585830e-006  1.199407e-006  4.568325e-006  -1.257541e-006  -7.057583e-007  -3.157783e-007  -0.000000e+000  
-0.000000e+000  7.550467e-007  1.491285e-006  2.192286e-006  2.833961e-006  3.393754e-006  3.828844e-006  4.712543e-006  5.514486e-006  6.356942e-006  1.098388e-006  4.395246e-006  -1.294010e-006  -7.445002e-007  -3.398287e-007  -0.000000e+000  
-0.000000e+000  9.284003e-007  1.885249e-006  2.888702e-006  3.987121e-006  5.194936e-006  6.584327e-006  4.854192e-006  3.247354e-006  1.585967e-006  2.865638e-006  1.672634e-006  3.417189e-006  2.118464e-006  1.014628e-006  -0.000000e+000  
-0.000000e+000  4.639923e-007  9.277336e-007  1.401945e-006  1.878714e-006  2.357320e-006  2.821057e-006  2.169929e-006  1.490788e-006  7.804726e-007  1.393397e-006  8.613924e-007  1.696079e-006  1.096579e-006  5.410967e-007  -0.000000e+000  
-0.000000e+000  3.138938e-007  6.298764e-007  9.392638e-007  1.254813e-006  1.574371e-006  1.848304e-006  1.462853e-006  1.065686e-006  7.347401e-007  8.291212e-007  6.928046e-007  9.452805e-007  6.820714e-007  3.449769e-007  -0.000000e+000  
-0.000000e+000  1.574796e-007  3.151100e-007  4.704746e-007  6.366092e-007  7.741595e-007  9.321723e-007  7.379462e-007  5.614974e-007  4.226410e-007  3.884098e-007  3.778340e-007  4.285641e-007  3.154725e-007  1.673502e-007  -0.000000e+000  
-0.000000e+000  -0.000000e+000  -0.000000e+000  -0.000000e+000  -0.000000e+000  -0.000000e+000  -0.000000e+000  -0.000000e+000  -0.000000e+000  -0.000000e+000  -0.000000e+000  -0.000000e+000  -0.000000e+000  -0.000000e+000  -0.000000e+000  -0.000000e+000  

0.000000e+000  0.000000e+000  0.000000e+000  0.000000e+000  0.000000e+000  0.000000e+000  0.000000e+000  0.000000e+000  0.000000e+000  0.000000e+000  0.000000e+000  0.000000e+000  0.000000e+000  0.000000e+000  0.000000e+000  0.000000e+000  
0.000000e+000  0.000000e+000  0.000000e+000  0.000000e+000  0.000000e+000  0.000000e+000  0.000000e+000  0.000000e+000  0.000000e+000  0.000000e+000  0.000000e+000  0.000000e+000  0.000000e+000  0.000000e+000  0.000000e+000  0.000000e+000  
0.000000e+000  0.000000e+000  0.000000e+000  0.000000e+000  0.000000e+000  0.000000e+000  0.000000e+000  0.000000e+000  0.000000e+000  0.000000e+000  0.000000e+000  0.000000e+000  0.000000e+000  0.000000e+000  0.000000e+000  0.000000e+000  
0.000000e+000  0.000000e+000  0.000000e+000  0.000000e+000  0.000000e+000  0.000000e+000  0.000000e+000  0.000000e+000  0.000000e+000  0.000000e+000  0.000000e+000  0.000000e+000  0.000000e+000  0.000000e+000  0.000000e+000  0.000000e+000  
0.000000e+000  0.000000e+000  0.000000e+000  0.000000e+000  0.000000e+000  0.000000e+000  0.000000e+000  0.000000e+000  0.000000e+000  0.000000e+000  0.000000e+000  0.000000e+000  0.000000e+000  0.000000e+000  0.000000e+000  0.000000e+000  
0.000000e+000  0.000000e+000  0.000000e+000  0.000000e+000  0.000000e+000  0.000000e+000  0.000000e+000  0.000000e+000  0.000000e+000  0.000000e+000  0.000000e+000  0.000000e+000  0.000000e+000  0.000000e+000  0.000000e+000  0.000000e+000  
0.000000e+000  0.000000e+000  0.000000e+000  0.000000e+000  0.000000e+000  0.000000e+000  0.000000e+000  0.000000e+000  0.000000e+000  0.000000e+000  0.000000e+000  0.000000e+000  0.000000e+000  0.000000e+000  0.000000e+000  0.000000e+000  
0.000000e+000  0.000000e+000  0.000000e+000  0.000000e+000  0.000000e+000  0.000000e+000  0.000000e+000  0.000000e+000  0.000000e+000  0.000000e+000  0.000000e+000  0.000000e+000  0.000000e+000  0.000000e+000  0.000000e+000  0.000000e+000  
0.000000e+000  0.000000e+000  0.000000e+000  0.000000e+000  0.000000e+000  0.000000e+000  0.000000e+000  0.000000e+000  0.000000e+000  0.000000e+000  0.000000e+000  0.000000e+000  0.000000e+000  0.000000e+000  0.000000e+000  0.000000e+000  
0.000000e+000  0.000000e+000  0.000000e+000  0.000000e+000  0.000000e+000  0.000000e+000  0.000000e+000  0.000000e+000  0.000000e+000  0.000000e+000  0.000000e+000  0.000000e+000  0.000000e+000  0.000000e+000  0.000000e+000  0.000000e+000  
0.000000e+000  0.000000e+000  0.000000e+000  0.000000e+000  0.000000e+000  0.000000e+000  0.000000e+000  0.000000e+000  0.000000e+000  0.000000e+000  0.000000e+000  0.000000e+000  0.000000e+000  0.000000e+000  0.000000e+000  0.000000e+000  
0.000000e+000  0.000000e+000  0.000000e+000  0.000000e+000  0.000000e+000  0.000000e+000  0.000000e+000  0.000000e+000  0.000000e+000  0.000000e+000  0.000000e+000  0.000000e+000  0.000000e+000  0.000000e+000  0.000000e+000  0.000000e+000  
0.000000e+000  0.000000e+000  0.000000e+000  0.000000e+000  0.000000e+000  0.000000e+000  0.000000e+000  0.000000e+000  0.000000e+000  0.000000e+000  0.000000e+000  0.000000e+000  0.000000e+000  0.000000e+000  0.000000e+000  0.000000e+000  
0.000000e+000  0.000000e+000  0.000000e+000  0.000000e+000  0.000000e+000  0.000000e+000  0.000000e+000  0.000000e+000  0.000000e+000  0.000000e+000  0.000000e+000  0.000000e+000  0.000000e+000  0.000000e+000  0.000000e+000  0.000000e+000  
0.000000e+000  0.000000e+000  0.000000e+000  0.000000e+000  0.000000e+000  0.000000e+000  0.000000e+000  0.000000e+000  0.000000e+000  0.000000e+000  0.000000e+000  0.000000e+000  0.000000e+000  0.000000e+000  0.000000e+000  0.000000e+000  
0.000000e+000  0.000000e+000  0.000000e+000  0.000000e+000  0.000000e+000  0.000000e+000  0.000000e+000  0.000000e+000  0.000000e+000  0.000000e+000  0.000000e+000  0.000000e+000  0.000000e+000  0.000000e+000  0.000000e+000  0.000000e+000  
0.000000e+000  0.000000e+000  0.000000e+000  0.000000e+000  0.000000e+000  0.000000e+000  0.000000e+000  0.000000e+000  0.000000e+000  0.000000e+000  0.000000e+000  0.000000e+000  0.000000e+000  0.000000e+000  0.000000e+000  0.000000e+000  
0.000000e+000  0.000000e+000  0.000000e+000  0.000000e+000  0.000000e+000  0.000000e+000  0.000000e+000  0.000000e+000  0.000000e+000  0.000000e+000  0.000000e+000  0.000000e+000  0.000000e+000  0.000000e+000  0.000000e+000  0.000000e+000  
0.000000e+000  0.000000e+000  0.000000e+000  0.000000e+000  0.000000e+000  0.000000e+000  0.000000e+000  0.000000e+000  0.000000e+000  0.000000e+000  0.000000e+000  0.000000e+000  0.000000e+000  0.000000e+000  0.000000e+000  0.000000e+000  
0.000000e+000  0.000000e+000  0.000000e+000  0.000000e+000  0.000000e+000  0.000000e+000  0.000000e+000  0.000000e+000  0.000000e+000  0.000000e+000  0.000000e+000  0.000000e+000  0.000000e+000  0.000000e+000  0.000000e+000  0.000000e+000  
0.000000e+000  0.000000e+000  0.000000e+000  0.000000e+000  0.000000e+000  0.000000e+000  0.000000e+000  0.000000e+000  0.000000e+000  0.000000e+000  0.000000e+000  0.000000e+000  0.000000e+000  0.000000e+000  0.000000e+000  0.000000e+000  
0.000000e+000  0.000000e+000  0.000000e+000  0.000000e+000  0.000000e+000  0.000000e+000  0.000000e+000  0.000000e+000  0.000000e+000  0.000000e+000  0.000000e+000  0.000000e+000  0.000000e+000  0.000000e+000  0.000000e+000  0.000000e+000  
0.000000e+000  0.000000e+000  0.000000e+000  0.000000e+000  0.000000e+000  0.000000e+000  0.000000e+000  0.000000e+000  0.000000e+000  0.000000e+000  0.000000e+000  0.000000e+000  0.000000e+000  0.000000e+000  0.000000e+000  0.000000e+000  
0.000000e+000  0.000000e+000  0.000000e+000  0.000000e+000  0.000000e+000  0.000000e+000  0.000000e+000  0.000000e+000  0.000000e+000  0.000000e+000  0.000000e+000  0.000000e+000  0.000000e+000  0.000000e+000  0.000000e+000  0.000000e+000  
0.000000e+000  0.000000e+000  0.000000e+000  0.000000e+000  0.000000e+000  0.000000e+000  0.000000e+000  0.000000e+000  0.000000e+000  0.000000e+000  0.000000e+000  0.000000e+000  0.000000e+000  0.000000e+000  0.000000e+000  0.000000e+000  
0.000000e+000  0.000000e+000  0.000000e+000  0.000000e+000  0.000000e+000  0.000000e+000  0.000000e+000  0.000000e+000  0.000000e+000  0.000000e+000  0.000000e+000  0.000000e+000  0.000000e+000  0.000000e+000  0.000000e+000  0.000000e+000  
0.000000e+000  0.000000e+000  0.000000e+000  0.000000e+000  0.000000e+000  0.000000e+000  0.000000e+000  0.000000e+000  0.000000e+000  0.000000e+000  0.000000e+000  0.000000e+000  0.000000e+000  0.000000e+000  0.000000e+000  0.000000e+000  

0.000000e+000  0.000000e+000  0.000000e+000  0.000000e+000  0.000000e+000  0.000000e+000  0.000000e+000  0.000000e+000  0.000000e+000  0.000000e+000  0.000000e+000  0.000000e+000  0.000000e+000  0.000000e+000  0.000000e+000  0.000000e+000  
0.000000e+000  0.000000e+000  0.000000e+000  0.000000e+000  0.000000e+000  0.000000e+000  0.000000e+000  0.000000e+000  0.000000e+000  0.000000e+000  0.000000e+000  0.000000e+000  0.000000e+000  0.000000e+000  0.000000e+000  0.000000e+000  
0.000000e+000  0.000000e+000  0.000000e+000  0.000000e+000  0.000000e+000  0.000000e+000  0.000000e+000  0.000000e+000  0.000000e+000  0.000000e+000  0.000000e+000  0.000000e+000  0.000000e+000  0.000000e+000  0.000000e+000  0.000000e+000  
0.000000e+000  0.000000e+000  0.000000e+000  0.000000e+000  0.000000e+000  0.000000e+000  0.000000e+000  0.000000e+000  0.000000e+000  0.000000e+000  0.000000e+000  0.000000e+000  0.000000e+000  0.000000e+000  0.000000e+000  0.000000e+000  
0.000000e+000  0.000000e+000  0.000000e+000  0.000000e+000  0.000000e+000  0.000000e+000  0.000000e+000  0.000000e+000  0.000000e+000  0.000000e+000  0.000000e+000  0.000000e+000  0.000000e+000  0.000000e+000  0.000000e+000  0.000000e+000  
0.000000e+000  0.000000e+000  0.000000e+000  0.000000e+000  0.000000e+000  0.000000e+000  0.000000e+000  0.000000e+000  0.000000e+000  0.000000e+000  0.000000e+000  0.000000e+000  0.000000e+000  0.000000e+000  0.000000e+000  0.000000e+000  
0.000000e+000  0.000000e+000  0.000000e+000  0.000000e+000  0.000000e+000  0.000000e+000  0.000000e+000  0.000000e+000  0.000000e+000  0.000000e+000  0.000000e+000  0.000000e+000  0.000000e+000  0.000000e+000  0.000000e+000  0.000000e+000  
0.000000e+000  0.000000e+000  0.000000e+000  0.000000e+000  0.000000e+000  0.000000e+000  0.000000e+000  0.000000e+000  0.000000e+000  0.000000e+000  0.000000e+000  0.000000e+000  0.000000e+000  0.000000e+000  0.000000e+000  0.000000e+000  
0.000000e+000  0.000000e+000  0.000000e+000  0.000000e+000  0.000000e+000  0.000000e+000  0.000000e+000  0.000000e+000  0.000000e+000  0.000000e+000  0.000000e+000  0.000000e+000  0.000000e+000  0.000000e+000  0.000000e+000  0.000000e+000  
0.000000e+000  0.000000e+000  0.000000e+000  0.000000e+000  0.000000e+000  0.000000e+000  0.000000e+000  0.000000e+000  0.000000e+000  0.000000e+000  0.000000e+000  0.000000e+000  0.000000e+000  0.000000e+000  0.000000e+000  0.000000e+000  
0.000000e+000  0.000000e+000  0.000000e+000  0.000000e+000  0.000000e+000  0.000000e+000  0.000000e+000  0.000000e+000  0.000000e+000  0.000000e+000  0.000000e+000  0.000000e+000  0.000000e+000  0.000000e+000  0.000000e+000  0.000000e+000  
0.000000e+000  0.000000e+000  0.000000e+000  0.000000e+000  0.000000e+000  0.000000e+000  0.000000e+000  0.000000e+000  0.000000e+000  0.000000e+000  0.000000e+000  0.000000e+000  0.000000e+000  0.000000e+000  0.000000e+000  0.000000e+000  
0.000000e+000  0.000000e+000  0.000000e+000  0.000000e+000  0.000000e+000  0.000000e+000  0.000000e+000  0.000000e+000  0.000000e+000  0.000000e+000  0.000000e+000  0.000000e+000  0.000000e+000  0.000000e+000  0.000000e+000  0.000000e+000  
0.000000e+000  0.000000e+000  0.000000e+000  0.000000e+000  0.000000e+000  0.000000e+000  0.000000e+000  0.000000e+000  0.000000e+000  0.000000e+000  0.000000e+000  0.000000e+000  0.000000e+000  0.000000e+000  0.000000e+000  0.000000e+000  
0.000000e+000  0.000000e+000  0.000000e+000  0.000000e+000  0.000000e+000  0.000000e+000  0.000000e+000  0.000000e+000  0.000000e+000  0.000000e+000  0.000000e+000  0.000000e+000  0.000000e+000  0.000000e+000  0.000000e+000  0.000000e+000  
0.000000e+000  0.000000e+000  0.000000e+000  0.000000e+000  0.000000e+000  0.000000e+000  0.000000e+000  0.000000e+000  0.000000e+000  0.000000e+000  0.000000e+000  0.000000e+000  0.000000e+000  0.000000e+000  0.000000e+000  0.000000e+000  
0.000000e+000  0.000000e+000  0.000000e+000  0.000000e+000  0.000000e+000  0.000000e+000  0.000000e+000  0.000000e+000  0.000000e+000  0.000000e+000  0.000000e+000  0.000000e+000  0.000000e+000  0.000000e+000  0.000000e+000  0.000000e+000  
0.000000e+000  0.000000e+000  0.000000e+000  0.000000e+000  0.000000e+000  0.000000e+000  0.000000e+000  0.000000e+000  0.000000e+000  0.000000e+000  0.000000e+000  0.000000e+000  0.000000e+000  0.000000e+000  0.000000e+000  0.000000e+000  
0.000000e+000  0.000000e+000  0.000000e+000  0.000000e+000  0.000000e+000  0.000000e+000  0.000000e+000  0.000000e+000  0.000000e+000  0.000000e+000  0.000000e+000  0.000000e+000  0.000000e+000  0.000000e+000  0.000000e+000  0.000000e+000  
0.000000e+000  0.000000e+000  0.000000e+000  0.000000e+000  0.000000e+000  0.000000e+000  0.000000e+000  0.000000e+000  0.000000e+000  0.000000e+000  0.000000e+000  0.000000e+000  0.000000e+000  0.000000e+000  0.000000e+000  0.000000e+000  
0.000000e+000  0.000000e+000  0.000000e+000  0.000000e+000  0.000000e+000  0.000000e+000  0.000000e+000  0.000000e+000  0.000000e+000  0.000000e+000  0.000000e+000  0.000000e+000  0.000000e+000  0.000000e+000  0.000000e+000  0.000000e+000  
0.000000e+000  0.000000e+000  0.000000e+000  0.000000e+000  0.000000e+000  0.000000e+000  0.000000e+000  0.000000e+000  0.000000e+000  0.000000e+000  0.000000e+000  0.000000e+000  0.000000e+000  0.000000e+000  0.000000e+000  0.000000e+000  
0.000000e+000  0.000000e+000  0.000000e+000  0.000000e+000  0.000000e+000  0.000000e+000  0.000000e+000  0.000000e+000  0.000000e+000  0.000000e+000  0.000000e+000  0.000000e+000  0.000000e+000  0.000000e+000  0.000000e+000  0.000000e+000  
0.000000e+000  0.000000e+000  0.000000e+000  0.000000e+000  0.000000e+000  0.000000e+000  0.000000e+000  0.000000e+000  0.000000e+000  0.000000e+000  0.000000e+000  0.000000e+000  0.000000e+000  0.000000e+000  0.000000e+000  0.000000e+000  
0.000000e+000  0.000000e+000  0.000000e+000  0.000000e+000  0.000000e+000  0.000000e+000  0.000000e+000  0.000000e+000  0.000000e+000  0.000000e+000  0.000000e+000  0.000000e+000  0.000000e+000  0.000000e+000  0.000000e+000  0.000000e+000  
0.000000e+000  0.000000e+000  0.000000e+000  0.000000e+000  0.000000e+000  0.000000e+000  0.000000e+000  0.000000e+000  0.000000e+000  0.000000e+000  0.000000e+000  0.000000e+000  0.000000e+000  0.000000e+000  0.000000e+000  0.000000e+000  
0.000000e+000  0.000000e+000  0.000000e+000  0.000000e+000  0.000000e+000  0.000000e+000  0.000000e+000  0.000000e+000  0.000000e+000  0.000000e+000  0.000000e+000  0.000000e+000  0.000000e+000  0.000000e+000  0.000000e+000  0.000000e+000  

0.000000e+000  0.000000e+000  0.000000e+000  0.000000e+000  0.000000e+000  0.000000e+000  0.000000e+000  0.000000e+000  0.000000e+000  0.000000e+000  0.000000e+000  0.000000e+000  0.000000e+000  0.000000e+000  0.000000e+000  0.000000e+000  
0.000000e+000  0.000000e+000  0.000000e+000  0.000000e+000  0.000000e+000  0.000000e+000  0.000000e+000  0.000000e+000  0.000000e+000  0.000000e+000  0.000000e+000  0.000000e+000  0.000000e+000  0.000000e+000  0.000000e+000  0.000000e+000  
0.000000e+000  0.000000e+000  0.000000e+000  0.000000e+000  0.000000e+000  0.000000e+000  0.000000e+000  0.000000e+000  0.000000e+000  0.000000e+000  0.000000e+000  0.000000e+000  0.000000e+000  0.000000e+000  0.000000e+000  0.000000e+000  
0.000000e+000  0.000000e+000  0.000000e+000  0.000000e+000  0.000000e+000  0.000000e+000  0.000000e+000  0.000000e+000  0.000000e+000  0.000000e+000  0.000000e+000  0.000000e+000  0.000000e+000  0.000000e+000  0.000000e+000  0.000000e+000  
0.000000e+000  0.000000e+000  0.000000e+000  0.000000e+000  0.000000e+000  0.000000e+000  0.000000e+000  0.000000e+000  0.000000e+000  0.000000e+000  0.000000e+000  0.000000e+000  0.000000e+000  0.000000e+000  0.000000e+000  0.000000e+000  
0.000000e+000  0.000000e+000  0.000000e+000  0.000000e+000  0.000000e+000  0.000000e+000  0.000000e+000  0.000000e+000  0.000000e+000  0.000000e+000  0.000000e+000  0.000000e+000  0.000000e+000  0.000000e+000  0.000000e+000  0.000000e+000  
0.000000e+000  0.000000e+000  0.000000e+000  0.000000e+000  0.000000e+000  0.000000e+000  0.000000e+000  0.000000e+000  0.000000e+000  0.000000e+000  0.000000e+000  0.000000e+000  0.000000e+000  0.000000e+000  0.000000e+000  0.000000e+000  
0.000000e+000  0.000000e+000  0.000000e+000  0.000000e+000  0.000000e+000  0.000000e+000  0.000000e+000  0.000000e+000  0.000000e+000  0.000000e+000  0.000000e+000  0.000000e+000  0.000000e+000  0.000000e+000  0.000000e+000  0.000000e+000  
0.000000e+000  0.000000e+000  0.000000e+000  0.000000e+000  0.000000e+000  0.000000e+000  0.000000e+000  0.000000e+000  0.000000e+000  0.000000e+000  0.000000e+000  0.000000e+000  0.000000e+000  0.000000e+000  0.000000e+000  0.000000e+000  
0.000000e+000  0.000000e+000  0.000000e+000  0.000000e+000  0.000000e+000  0.000000e+000  0.000000e+000  0.000000e+000  0.000000e+000  0.000000e+000  0.000000e+000  0.000000e+000  0.000000e+000  0.000000e+000  0.000000e+000  0.000000e+000  
0.000000e+000  0.000000e+000  0.000000e+000  0.000000e+000  0.000000e+000  0.000000e+000  0.000000e+000  0.000000e+000  0.000000e+000  0.000000e+000  0.000000e+000  0.000000e+000  0.000000e+000  0.000000e+000  0.000000e+000  0.000000e+000  
0.000000e+000  0.000000e+000  0.000000e+000  0.000000e+000  0.000000e+000  0.000000e+000  0.000000e+000  0.000000e+000  0.000000e+000  0.000000e+000  0.000000e+000  0.000000e+000  0.000000e+000  0.000000e+000  0.000000e+000  0.000000e+000  
0.000000e+000  0.000000e+000  0.000000e+000  0.000000e+000  0.000000e+000  0.000000e+000  0.000000e+000  0.000000e+000  0.000000e+000  0.000000e+000  0.000000e+000  0.000000e+000  0.000000e+000  0.000000e+000  0.000000e+000  0.000000e+000  
0.000000e+000  0.000000e+000  0.000000e+000  0.000000e+000  0.000000e+000  0.000000e+000  0.000000e+000  0.000000e+000  0.000000e+000  0.000000e+000  0.000000e+000  0.000000e+000  0.000000e+000  0.000000e+000  0.000000e+000  0.000000e+000  
0.000000e+000  0.000000e+000  0.000000e+000  0.000000e+000  0.000000e+000  0.000000e+000  0.000000e+000  0.000000e+000  0.000000e+000  0.000000e+000  0.000000e+000  0.000000e+000  0.000000e+000  0.000000e+000  0.000000e+000  0.000000e+000  
0.000000e+000  0.000000e+000  0.000000e+000  0.000000e+000  0.000000e+000  0.000000e+000  0.000000e+000  0.000000e+000  0.000000e+000  0.000000e+000  0.000000e+000  0.000000e+000  0.000000e+000  0.000000e+000  0.000000e+000  0.000000e+000  
0.000000e+000  0.000000e+000  0.000000e+000  0.000000e+000  0.000000e+000  0.000000e+000  0.000000e+000  0.000000e+000  0.000000e+000  0.000000e+000  0.000000e+000  0.000000e+000  0.000000e+000  0.000000e+000  0.000000e+000  0.000000e+000  
0.000000e+000  0.000000e+000  0.000000e+000  0.000000e+000  0.000000e+000  0.000000e+000  0.000000e+000  0.000000e+000  0.000000e+000  0.000000e+000  0.000000e+000  0.000000e+000  0.000000e+000  0.000000e+000  0.000000e+000  0.000000e+000  
0.000000e+000  0.000000e+000  0.000000e+000  0.000000e+000  0.000000e+000  0.000000e+000  0.000000e+000  0.000000e+000  0.000000e+000  0.000000e+000  0.000000e+000  0.000000e+000  0.000000e+000  0.000000e+000  0.000000e+000  0.000000e+000  
0.000000e+000  0.000000e+000  0.000000e+000  0.000000e+000  0.000000e+000  0.000000e+000  0.000000e+000  0.000000e+000  0.000000e+000  0.000000e+000  0.000000e+000  0.000000e+000  0.000000e+000  0.000000e+000  0.000000e+000  0.000000e+000  
0.000000e+000  0.000000e+000  0.000000e+000  0.000000e+000  0.000000e+000  0.000000e+000  0.000000e+000  0.000000e+000  0.000000e+000  0.000000e+000  0.000000e+000  0.000000e+000  0.000000e+000  0.000000e+000  0.000000e+000  0.000000e+000  
0.000000e+000  0.000000e+000  0.000000e+000  0.000000e+000  0.000000e+000  0.000000e+000  0.000000e+000  0.000000e+000  0.000000e+000  0.000000e+000  0.000000e+000  0.000000e+000  0.000000e+000  0.000000e+000  0.000000e+000  0.000000e+000  
0.000000e+000  0.000000e+000  0.000000e+000  0.000000e+000  0.000000e+000  0.000000e+000  0.000000e+000  0.000000e+000  0.000000e+000  0.000000e+000  0.000000e+000  0.000000e+000  0.000000e+000  0.000000e+000  0.000000e+000  0.000000e+000  
0.000000e+000  0.000000e+000  0.000000e+000  0.000000e+000  0.000000e+000  0.000000e+000  0.000000e+000  0.000000e+000  0.000000e+000  0.000000e+000  0.000000e+000  0.000000e+000  0.000000e+000  0.000000e+000  0.000000e+000  0.000000e+000  
0.000000e+000  0.000000e+000  0.000000e+000  0.000000e+000  0.000000e+000  0.000000e+000  0.000000e+000  0.000000e+000  0.000000e+000  0.000000e+000  0.000000e+000  0.000000e+000  0.000000e+000  0.000000e+000  0.000000e+000  0.000000e+000  
0.000000e+000  0.000000e+000  0.000000e+000  0.000000e+000  0.000000e+000  0.000000e+000  0.000000e+000  0.000000e+000  0.000000e+000  0.000000e+000  0.000000e+000  0.000000e+000  0.000000e+000  0.000000e+000  0.000000e+000  0.000000e+000  
0.000000e+000  0.000000e+000  0.000000e+000  0.000000e+000  0.000000e+000  0.000000e+000  0.000000e+000  0.000000e+000  0.000000e+000  0.000000e+000  0.000000e+000  0.000000e+000  0.000000e+000  0.000000e+000  0.000000e+000  0.000000e+000  

