Port monitor named: Port1_h6[2.2].prt

nx        = 71
ny        = 23
nz        = 31

nu        = 5
nv        = 5
iu        = 14
iv        = 11

idir      = 1
dcut      = 2.500000e-002
icut      = 23
type      = 1
frequency = 2.200000e+009

fcutoff   = 5.135911e+010
alpha     = 1.485198e+003
beta      = 0.000000e+000
accuracy  = 3.534349e-015

type          = TE
wave imp.     = 1.169575e+001
wave imp.sig. = 5.478557e-003
line imp.     = 0.000000e+000

ref. port     = 0

0.000000e+000  0.000000e+000  0.000000e+000  0.000000e+000  0.000000e+000  
0.000000e+000  0.000000e+000  0.000000e+000  0.000000e+000  0.000000e+000  
0.000000e+000  0.000000e+000  0.000000e+000  0.000000e+000  0.000000e+000  
0.000000e+000  0.000000e+000  0.000000e+000  0.000000e+000  0.000000e+000  
0.000000e+000  0.000000e+000  0.000000e+000  0.000000e+000  0.000000e+000  

0.000000e+000  0.000000e+000  0.000000e+000  0.000000e+000  0.000000e+000  
0.000000e+000  0.000000e+000  0.000000e+000  0.000000e+000  0.000000e+000  
0.000000e+000  0.000000e+000  0.000000e+000  0.000000e+000  0.000000e+000  
0.000000e+000  0.000000e+000  0.000000e+000  0.000000e+000  0.000000e+000  
0.000000e+000  0.000000e+000  0.000000e+000  0.000000e+000  0.000000e+000  

0.000000e+000  0.000000e+000  0.000000e+000  0.000000e+000  0.000000e+000  
0.000000e+000  0.000000e+000  0.000000e+000  0.000000e+000  0.000000e+000  
0.000000e+000  0.000000e+000  0.000000e+000  0.000000e+000  0.000000e+000  
0.000000e+000  0.000000e+000  0.000000e+000  0.000000e+000  0.000000e+000  
0.000000e+000  0.000000e+000  0.000000e+000  0.000000e+000  0.000000e+000  

0.000000e+000  8.381547e+001  -1.415503e-006  -8.381561e+001  0.000000e+000  
0.000000e+000  5.544002e+001  1.399428e-004  -5.543999e+001  0.000000e+000  
0.000000e+000  5.543999e+001  -1.399428e-004  -5.544002e+001  0.000000e+000  
0.000000e+000  8.381561e+001  1.415503e-006  -8.381547e+001  0.000000e+000  
0.000000e+000  0.000000e+000  0.000000e+000  0.000000e+000  0.000000e+000  

0.000000e+000  0.000000e+000  0.000000e+000  0.000000e+000  0.000000e+000  
8.381553e+001  5.543989e+001  5.543994e+001  8.381542e+001  0.000000e+000  
4.476627e-005  -8.037350e-005  8.037350e-005  -4.476627e-005  0.000000e+000  
-8.381542e+001  -5.543994e+001  -5.543989e+001  -8.381553e+001  0.000000e+000  
0.000000e+000  0.000000e+000  0.000000e+000  0.000000e+000  0.000000e+000  

1.097135e+002  -1.857164e+001  -1.857171e+001  1.097135e+002  0.000000e+000  
-1.857157e+001  -1.034404e+002  -1.034405e+002  -1.857158e+001  0.000000e+000  
-1.857158e+001  -1.034405e+002  -1.034404e+002  -1.857157e+001  0.000000e+000  
1.097135e+002  -1.857171e+001  -1.857164e+001  1.097135e+002  0.000000e+000  
0.000000e+000  0.000000e+000  0.000000e+000  0.000000e+000  0.000000e+000  

