Port monitor named: Port2_e10[2.2].prt

nx        = 71
ny        = 23
nz        = 31

nu        = 16
nv        = 27
iu        = 3
iv        = 3

idir      = 0
dcut      = 5.114300e-001
icut      = 71
type      = 0
frequency = 2.200000e+009

fcutoff   = 6.097254e+009
alpha     = 1.191419e+002
beta      = 0.000000e+000
accuracy  = 3.641801e-009

type          = TM
wave imp.     = 9.735219e+002
wave imp.sig. = 1.290515e-004
line imp.     = 0.000000e+000

ref. port     = 0

0.000000e+000  0.000000e+000  0.000000e+000  0.000000e+000  0.000000e+000  0.000000e+000  0.000000e+000  0.000000e+000  0.000000e+000  0.000000e+000  0.000000e+000  0.000000e+000  0.000000e+000  0.000000e+000  0.000000e+000  0.000000e+000  
-1.100931e+002  -1.083169e+002  -1.047931e+002  -9.957864e+001  -9.275760e+001  -8.444003e+001  -7.421853e+001  -6.197505e+001  -4.849538e+001  -1.644986e+001  4.159740e+001  8.721971e+001  1.011110e+002  1.053568e+002  1.075010e+002  0.000000e+000  
-2.170673e+002  -2.135652e+002  -2.066175e+002  -1.963363e+002  -1.828874e+002  -1.664879e+002  -1.463345e+002  -1.221944e+002  -9.561692e+001  -3.243369e+001  8.201636e+001  1.719685e+002  1.993576e+002  2.077289e+002  2.119566e+002  0.000000e+000  
-3.178921e+002  -3.127633e+002  -3.025885e+002  -2.875318e+002  -2.678361e+002  -2.438193e+002  -2.143049e+002  -1.789520e+002  -1.400297e+002  -4.749870e+001  1.201118e+002  2.518455e+002  2.919565e+002  3.042161e+002  3.104076e+002  0.000000e+000  
-6.152159e+002  -6.052902e+002  -5.855989e+002  -5.564597e+002  -5.183427e+002  -4.718629e+002  -4.147438e+002  -3.463254e+002  -2.709991e+002  -9.192416e+001  2.324522e+002  4.873962e+002  5.650228e+002  5.887487e+002  6.007312e+002  0.000000e+000  
-6.557953e+002  -6.452148e+002  -6.242247e+002  -5.931635e+002  -5.525323e+002  -5.029868e+002  -4.421000e+002  -3.691689e+002  -2.888741e+002  -9.798743e+001  2.477846e+002  5.195446e+002  6.022914e+002  6.275823e+002  6.403551e+002  0.000000e+000  
-3.536684e+002  -3.479624e+002  -3.366425e+002  -3.198913e+002  -2.979790e+002  -2.712592e+002  -2.384232e+002  -1.990916e+002  -1.557889e+002  -5.284432e+001  1.336295e+002  2.801888e+002  3.248139e+002  3.384532e+002  3.453415e+002  0.000000e+000  
1.332789e+002  1.311286e+002  1.268628e+002  1.205501e+002  1.122926e+002  1.022233e+002  8.984914e+001  7.502715e+001  5.870863e+001  1.991423e+001  -5.035790e+001  -1.055884e+002  -1.224052e+002  -1.275452e+002  -1.301410e+002  0.000000e+000  
5.006701e+002  4.925924e+002  4.765674e+002  4.528535e+002  4.218335e+002  3.840077e+002  3.375234e+002  2.818438e+002  2.205424e+002  7.480900e+001  -1.891724e+002  -3.966489e+002  -4.598223e+002  -4.791308e+002  -4.888822e+002  0.000000e+000  
5.652535e+002  5.561338e+002  5.380417e+002  5.112689e+002  4.762475e+002  4.335424e+002  3.810619e+002  3.181999e+002  2.489910e+002  8.445891e+001  -2.135745e+002  -4.478141e+002  -5.191366e+002  -5.409357e+002  -5.519451e+002  0.000000e+000  
6.138235e+002  6.039202e+002  5.842735e+002  5.552003e+002  5.171696e+002  4.707950e+002  4.138051e+002  3.455416e+002  2.703858e+002  9.171613e+001  -2.319261e+002  -4.862931e+002  -5.637440e+002  -5.874162e+002  -5.993716e+002  0.000000e+000  
6.450042e+002  6.345979e+002  6.139532e+002  5.834031e+002  5.434405e+002  4.947102e+002  4.348254e+002  3.630943e+002  2.841207e+002  9.637508e+001  -2.437074e+002  -5.109956e+002  -5.923808e+002  -6.172555e+002  -6.298182e+002  0.000000e+000  
6.548928e+002  6.443269e+002  6.233657e+002  5.923472e+002  5.517720e+002  5.022946e+002  4.414917e+002  3.686609e+002  2.884766e+002  9.785261e+001  -2.474437e+002  -5.188297e+002  -6.014626e+002  -6.267187e+002  -6.394740e+002  0.000000e+000  
6.582001e+002  6.475809e+002  6.265138e+002  5.953386e+002  5.545585e+002  5.048313e+002  4.437213e+002  3.705227e+002  2.899334e+002  9.834678e+001  -2.486933e+002  -5.214498e+002  -6.045001e+002  -6.298837e+002  -6.427034e+002  0.000000e+000  
6.548928e+002  6.443269e+002  6.233657e+002  5.923472e+002  5.517720e+002  5.022946e+002  4.414917e+002  3.686609e+002  2.884766e+002  9.785261e+001  -2.474437e+002  -5.188297e+002  -6.014626e+002  -6.267187e+002  -6.394740e+002  0.000000e+000  
6.450042e+002  6.345979e+002  6.139532e+002  5.834031e+002  5.434405e+002  4.947102e+002  4.348254e+002  3.630943e+002  2.841207e+002  9.637508e+001  -2.437074e+002  -5.109956e+002  -5.923808e+002  -6.172555e+002  -6.298182e+002  0.000000e+000  
6.138235e+002  6.039202e+002  5.842735e+002  5.552003e+002  5.171696e+002  4.707950e+002  4.138051e+002  3.455416e+002  2.703858e+002  9.171613e+001  -2.319261e+002  -4.862931e+002  -5.637440e+002  -5.874162e+002  -5.993716e+002  0.000000e+000  
5.652535e+002  5.561338e+002  5.380417e+002  5.112689e+002  4.762475e+002  4.335424e+002  3.810619e+002  3.181999e+002  2.489910e+002  8.445891e+001  -2.135745e+002  -4.478141e+002  -5.191366e+002  -5.409357e+002  -5.519451e+002  0.000000e+000  
5.006701e+002  4.925924e+002  4.765674e+002  4.528535e+002  4.218335e+002  3.840077e+002  3.375234e+002  2.818438e+002  2.205424e+002  7.480900e+001  -1.891724e+002  -3.966489e+002  -4.598223e+002  -4.791308e+002  -4.888822e+002  0.000000e+000  
1.332789e+002  1.311286e+002  1.268628e+002  1.205501e+002  1.122926e+002  1.022233e+002  8.984914e+001  7.502715e+001  5.870863e+001  1.991423e+001  -5.035790e+001  -1.055884e+002  -1.224052e+002  -1.275452e+002  -1.301410e+002  0.000000e+000  
-3.536684e+002  -3.479624e+002  -3.366425e+002  -3.198913e+002  -2.979790e+002  -2.712592e+002  -2.384232e+002  -1.990916e+002  -1.557889e+002  -5.284432e+001  1.336295e+002  2.801888e+002  3.248139e+002  3.384532e+002  3.453415e+002  0.000000e+000  
-6.557953e+002  -6.452148e+002  -6.242247e+002  -5.931635e+002  -5.525323e+002  -5.029868e+002  -4.421000e+002  -3.691689e+002  -2.888741e+002  -9.798743e+001  2.477846e+002  5.195446e+002  6.022914e+002  6.275823e+002  6.403551e+002  0.000000e+000  
-6.152159e+002  -6.052902e+002  -5.855989e+002  -5.564597e+002  -5.183427e+002  -4.718629e+002  -4.147438e+002  -3.463254e+002  -2.709991e+002  -9.192416e+001  2.324522e+002  4.873962e+002  5.650228e+002  5.887487e+002  6.007312e+002  0.000000e+000  
-3.178921e+002  -3.127633e+002  -3.025885e+002  -2.875318e+002  -2.678361e+002  -2.438193e+002  -2.143049e+002  -1.789520e+002  -1.400297e+002  -4.749870e+001  1.201118e+002  2.518455e+002  2.919565e+002  3.042161e+002  3.104076e+002  0.000000e+000  
-2.170673e+002  -2.135652e+002  -2.066175e+002  -1.963363e+002  -1.828874e+002  -1.664879e+002  -1.463345e+002  -1.221944e+002  -9.561692e+001  -3.243369e+001  8.201636e+001  1.719685e+002  1.993576e+002  2.077289e+002  2.119566e+002  0.000000e+000  
-1.100931e+002  -1.083169e+002  -1.047931e+002  -9.957864e+001  -9.275760e+001  -8.444003e+001  -7.421853e+001  -6.197505e+001  -4.849538e+001  -1.644986e+001  4.159740e+001  8.721971e+001  1.011110e+002  1.053568e+002  1.075010e+002  0.000000e+000  
0.000000e+000  0.000000e+000  0.000000e+000  0.000000e+000  0.000000e+000  0.000000e+000  0.000000e+000  0.000000e+000  0.000000e+000  0.000000e+000  0.000000e+000  0.000000e+000  0.000000e+000  0.000000e+000  0.000000e+000  0.000000e+000  

0.000000e+000  -9.799793e+001  -1.944148e+002  -2.876950e+002  -3.763336e+002  -4.589006e+002  -5.340638e+002  -6.075211e+002  -6.688605e+002  -7.168585e+002  -7.728053e+002  -6.073873e+002  -3.107486e+002  -2.106747e+002  -1.063985e+002  0.000000e+000  
0.000000e+000  -9.522170e+001  -1.889071e+002  -2.795448e+002  -3.656723e+002  -4.459002e+002  -5.189340e+002  -5.903104e+002  -6.499120e+002  -6.965503e+002  -7.509121e+002  -5.901803e+002  -3.019453e+002  -2.047063e+002  -1.033843e+002  0.000000e+000  
0.000000e+000  -8.974788e+001  -1.780478e+002  -2.634751e+002  -3.446516e+002  -4.202676e+002  -4.891031e+002  -5.563764e+002  -6.125519e+002  -6.565091e+002  -7.077460e+002  -5.562538e+002  -2.845880e+002  -1.929388e+002  -9.744121e+001  0.000000e+000  
0.000000e+000  -7.074508e+001  -1.403488e+002  -2.076881e+002  -2.716767e+002  -3.312821e+002  -3.855427e+002  -4.385718e+002  -4.828530e+002  -5.175029e+002  -5.578911e+002  -4.384752e+002  -2.243306e+002  -1.520868e+002  -7.680946e+001  0.000000e+000  
0.000000e+000  -8.410169e+000  -1.668465e+001  -2.468995e+001  -3.229690e+001  -3.938279e+001  -4.583328e+001  -5.213738e+001  -5.740151e+001  -6.152069e+001  -6.632203e+001  -5.212589e+001  -2.666838e+001  -1.808006e+001  -9.131095e+000  0.000000e+000  
0.000000e+000  6.261650e+001  1.242228e+002  1.838249e+002  2.404612e+002  2.932179e+002  3.412440e+002  3.881801e+002  4.273734e+002  4.580420e+002  4.937897e+002  3.880946e+002  1.985551e+002  1.346121e+002  6.798408e+001  0.000000e+000  
0.000000e+000  1.009210e+002  2.002137e+002  2.962762e+002  3.875587e+002  4.725885e+002  5.499936e+002  6.256420e+002  6.888110e+002  7.382406e+002  7.958562e+002  6.255041e+002  3.200175e+002  2.169586e+002  1.095721e+002  0.000000e+000  
0.000000e+000  8.741687e+001  1.734234e+002  2.566319e+002  3.357000e+002  4.093521e+002  4.763997e+002  5.419257e+002  5.966421e+002  6.394577e+002  6.893638e+002  5.418063e+002  2.771964e+002  1.879276e+002  9.491038e+001  0.000000e+000  
0.000000e+000  5.748807e+001  1.140486e+002  1.687692e+002  2.207668e+002  2.692027e+002  3.132953e+002  3.563873e+002  3.923705e+002  4.205273e+002  4.533471e+002  3.563087e+002  1.822930e+002  1.235871e+002  6.241603e+001  0.000000e+000  
0.000000e+000  4.323399e+001  8.577046e+001  1.269231e+002  1.660280e+002  2.024543e+002  2.356143e+002  2.680216e+002  2.950829e+002  3.162582e+002  3.409404e+002  2.679626e+002  1.370937e+002  9.294386e+001  4.694007e+001  0.000000e+000  
0.000000e+000  2.775512e+001  5.506244e+001  8.148140e+001  1.065858e+002  1.299705e+002  1.512583e+002  1.720630e+002  1.894357e+002  2.030297e+002  2.188751e+002  1.720251e+002  8.801069e+001  5.966759e+001  3.013433e+001  0.000000e+000  
0.000000e+000  1.477880e+001  2.931917e+001  4.338651e+001  5.675386e+001  6.920557e+001  8.054074e+001  9.161863e+001  1.008691e+002  1.081075e+002  1.165447e+002  9.159846e+001  4.686316e+001  3.177128e+001  1.604567e+001  0.000000e+000  
0.000000e+000  4.942825e+000  9.805905e+000  1.451078e+001  1.898154e+001  2.314606e+001  2.693715e+001  3.064219e+001  3.373603e+001  3.615696e+001  3.897881e+001  3.063544e+001  1.567356e+001  1.062602e+001  5.366532e+000  0.000000e+000  
0.000000e+000  -4.942825e+000  -9.805905e+000  -1.451078e+001  -1.898154e+001  -2.314606e+001  -2.693715e+001  -3.064219e+001  -3.373603e+001  -3.615696e+001  -3.897881e+001  -3.063544e+001  -1.567356e+001  -1.062602e+001  -5.366532e+000  0.000000e+000  
0.000000e+000  -1.477880e+001  -2.931917e+001  -4.338651e+001  -5.675386e+001  -6.920557e+001  -8.054074e+001  -9.161863e+001  -1.008691e+002  -1.081075e+002  -1.165447e+002  -9.159846e+001  -4.686316e+001  -3.177128e+001  -1.604567e+001  0.000000e+000  
0.000000e+000  -2.775512e+001  -5.506244e+001  -8.148140e+001  -1.065858e+002  -1.299705e+002  -1.512583e+002  -1.720630e+002  -1.894357e+002  -2.030297e+002  -2.188751e+002  -1.720251e+002  -8.801069e+001  -5.966759e+001  -3.013433e+001  0.000000e+000  
0.000000e+000  -4.323399e+001  -8.577046e+001  -1.269231e+002  -1.660280e+002  -2.024543e+002  -2.356143e+002  -2.680216e+002  -2.950829e+002  -3.162582e+002  -3.409404e+002  -2.679626e+002  -1.370937e+002  -9.294386e+001  -4.694007e+001  0.000000e+000  
0.000000e+000  -5.748807e+001  -1.140486e+002  -1.687692e+002  -2.207668e+002  -2.692027e+002  -3.132953e+002  -3.563873e+002  -3.923705e+002  -4.205273e+002  -4.533471e+002  -3.563087e+002  -1.822930e+002  -1.235871e+002  -6.241603e+001  0.000000e+000  
0.000000e+000  -8.741687e+001  -1.734234e+002  -2.566319e+002  -3.357000e+002  -4.093521e+002  -4.763997e+002  -5.419257e+002  -5.966421e+002  -6.394577e+002  -6.893638e+002  -5.418063e+002  -2.771964e+002  -1.879276e+002  -9.491038e+001  0.000000e+000  
0.000000e+000  -1.009210e+002  -2.002137e+002  -2.962762e+002  -3.875587e+002  -4.725885e+002  -5.499936e+002  -6.256420e+002  -6.888110e+002  -7.382406e+002  -7.958562e+002  -6.255041e+002  -3.200175e+002  -2.169586e+002  -1.095721e+002  0.000000e+000  
0.000000e+000  -6.261650e+001  -1.242228e+002  -1.838249e+002  -2.404612e+002  -2.932179e+002  -3.412440e+002  -3.881801e+002  -4.273734e+002  -4.580420e+002  -4.937897e+002  -3.880946e+002  -1.985551e+002  -1.346121e+002  -6.798408e+001  0.000000e+000  
0.000000e+000  8.410169e+000  1.668465e+001  2.468995e+001  3.229690e+001  3.938279e+001  4.583328e+001  5.213738e+001  5.740151e+001  6.152069e+001  6.632203e+001  5.212589e+001  2.666838e+001  1.808006e+001  9.131095e+000  0.000000e+000  
0.000000e+000  7.074508e+001  1.403488e+002  2.076881e+002  2.716767e+002  3.312821e+002  3.855427e+002  4.385718e+002  4.828530e+002  5.175029e+002  5.578911e+002  4.384752e+002  2.243306e+002  1.520868e+002  7.680946e+001  0.000000e+000  
0.000000e+000  8.974788e+001  1.780478e+002  2.634751e+002  3.446516e+002  4.202676e+002  4.891031e+002  5.563764e+002  6.125519e+002  6.565091e+002  7.077460e+002  5.562538e+002  2.845880e+002  1.929388e+002  9.744121e+001  0.000000e+000  
0.000000e+000  9.522170e+001  1.889071e+002  2.795448e+002  3.656723e+002  4.459002e+002  5.189340e+002  5.903104e+002  6.499120e+002  6.965503e+002  7.509121e+002  5.901803e+002  3.019453e+002  2.047063e+002  1.033843e+002  0.000000e+000  
0.000000e+000  9.799793e+001  1.944148e+002  2.876950e+002  3.763336e+002  4.589006e+002  5.340638e+002  6.075211e+002  6.688605e+002  7.168585e+002  7.728053e+002  6.073873e+002  3.107486e+002  2.106747e+002  1.063985e+002  0.000000e+000  
0.000000e+000  0.000000e+000  0.000000e+000  0.000000e+000  0.000000e+000  0.000000e+000  0.000000e+000  0.000000e+000  0.000000e+000  0.000000e+000  0.000000e+000  0.000000e+000  0.000000e+000  0.000000e+000  0.000000e+000  0.000000e+000  

0.000000e+000  0.000000e+000  0.000000e+000  0.000000e+000  0.000000e+000  0.000000e+000  0.000000e+000  0.000000e+000  0.000000e+000  0.000000e+000  0.000000e+000  0.000000e+000  0.000000e+000  0.000000e+000  0.000000e+000  0.000000e+000  
0.000000e+000  2.318716e+001  4.600023e+001  6.807114e+001  8.904381e+001  1.085799e+002  1.263641e+002  1.437448e+002  1.582582e+002  1.696150e+002  1.828525e+002  1.437131e+002  7.352582e+001  4.984745e+001  2.517480e+001  0.000000e+000  
0.000000e+000  4.571744e+001  9.069729e+001  1.342139e+002  1.755651e+002  2.140837e+002  2.491484e+002  2.834173e+002  3.120330e+002  3.344248e+002  3.605248e+002  2.833549e+002  1.449687e+002  9.828275e+001  4.963641e+001  0.000000e+000  
0.000000e+000  6.695257e+001  1.328249e+002  1.965544e+002  2.571126e+002  3.135227e+002  3.648745e+002  4.150608e+002  4.569681e+002  4.897606e+002  5.279836e+002  4.149694e+002  2.123047e+002  1.439338e+002  7.269185e+001  0.000000e+000  
0.000000e+000  1.295732e+002  2.570558e+002  3.803912e+002  4.975895e+002  6.067598e+002  7.061408e+002  8.032663e+002  8.843694e+002  9.478325e+002  1.021806e+003  8.030893e+002  4.108728e+002  2.785547e+002  1.406804e+002  0.000000e+000  
0.000000e+000  1.381198e+002  2.740111e+002  4.054817e+002  5.304103e+002  6.467814e+002  7.527175e+002  8.562494e+002  9.427021e+002  1.010351e+003  1.089203e+003  8.560608e+002  4.379738e+002  2.969280e+002  1.499596e+002  0.000000e+000  
0.000000e+000  7.448756e+001  1.477734e+002  2.186750e+002  2.860486e+002  3.488072e+002  4.059383e+002  4.617727e+002  5.083963e+002  5.448793e+002  5.874041e+002  4.616709e+002  2.361979e+002  1.601324e+002  8.087274e+001  0.000000e+000  
0.000000e+000  -2.807043e+001  -5.568798e+001  -8.240707e+001  -1.077966e+002  -1.314470e+002  -1.529767e+002  -1.740177e+002  -1.915877e+002  -2.053362e+002  -2.213616e+002  -1.739794e+002  -8.901053e+001  -6.034544e+001  -3.047667e+001  0.000000e+000  
0.000000e+000  -1.054482e+002  -2.091951e+002  -3.095669e+002  -4.049443e+002  -4.937884e+002  -5.746658e+002  -6.537077e+002  -7.197105e+002  -7.713575e+002  -8.315577e+002  -6.535638e+002  -3.343732e+002  -2.266911e+002  -1.144874e+002  0.000000e+000  
0.000000e+000  -1.190504e+002  -2.361800e+002  -3.494992e+002  -4.571797e+002  -5.574841e+002  -6.487942e+002  -7.380321e+002  -8.125487e+002  -8.708579e+002  -9.388235e+002  -7.378695e+002  -3.775053e+002  -2.559329e+002  -1.292556e+002  0.000000e+000  
0.000000e+000  -1.292799e+002  -2.564740e+002  -3.795303e+002  -4.964633e+002  -6.053865e+002  -7.045426e+002  -8.014483e+002  -8.823679e+002  -9.456874e+002  -1.019493e+003  -8.012718e+002  -4.099429e+002  -2.779242e+002  -1.403620e+002  0.000000e+000  
0.000000e+000  -1.358470e+002  -2.695023e+002  -3.988095e+002  -5.216824e+002  -6.361387e+002  -7.403317e+002  -8.421599e+002  -9.271900e+002  -9.937260e+002  -1.071281e+003  -8.419744e+002  -4.307670e+002  -2.920421e+002  -1.474920e+002  0.000000e+000  
0.000000e+000  -1.379297e+002  -2.736340e+002  -4.049237e+002  -5.296804e+002  -6.458914e+002  -7.516817e+002  -8.550711e+002  -9.414048e+002  -1.008961e+003  -1.087705e+003  -8.548827e+002  -4.373711e+002  -2.965194e+002  -1.497532e+002  0.000000e+000  
0.000000e+000  -1.386262e+002  -2.750159e+002  -4.069686e+002  -5.323553e+002  -6.491532e+002  -7.554778e+002  -8.593893e+002  -9.461590e+002  -1.014056e+003  -1.093198e+003  -8.592000e+002  -4.395799e+002  -2.980169e+002  -1.505095e+002  0.000000e+000  
0.000000e+000  -1.379297e+002  -2.736340e+002  -4.049237e+002  -5.296804e+002  -6.458914e+002  -7.516817e+002  -8.550711e+002  -9.414048e+002  -1.008961e+003  -1.087705e+003  -8.548827e+002  -4.373711e+002  -2.965194e+002  -1.497532e+002  0.000000e+000  
0.000000e+000  -1.358470e+002  -2.695023e+002  -3.988095e+002  -5.216824e+002  -6.361387e+002  -7.403317e+002  -8.421599e+002  -9.271900e+002  -9.937260e+002  -1.071281e+003  -8.419744e+002  -4.307670e+002  -2.920421e+002  -1.474920e+002  0.000000e+000  
0.000000e+000  -1.292799e+002  -2.564740e+002  -3.795303e+002  -4.964633e+002  -6.053865e+002  -7.045426e+002  -8.014483e+002  -8.823679e+002  -9.456874e+002  -1.019493e+003  -8.012718e+002  -4.099429e+002  -2.779242e+002  -1.403620e+002  0.000000e+000  
0.000000e+000  -1.190504e+002  -2.361800e+002  -3.494992e+002  -4.571797e+002  -5.574841e+002  -6.487942e+002  -7.380321e+002  -8.125487e+002  -8.708579e+002  -9.388235e+002  -7.378695e+002  -3.775053e+002  -2.559329e+002  -1.292556e+002  0.000000e+000  
0.000000e+000  -1.054482e+002  -2.091951e+002  -3.095669e+002  -4.049443e+002  -4.937884e+002  -5.746658e+002  -6.537077e+002  -7.197105e+002  -7.713575e+002  -8.315577e+002  -6.535638e+002  -3.343732e+002  -2.266911e+002  -1.144874e+002  0.000000e+000  
0.000000e+000  -2.807043e+001  -5.568798e+001  -8.240707e+001  -1.077966e+002  -1.314470e+002  -1.529767e+002  -1.740177e+002  -1.915877e+002  -2.053362e+002  -2.213616e+002  -1.739794e+002  -8.901053e+001  -6.034544e+001  -3.047667e+001  0.000000e+000  
0.000000e+000  7.448756e+001  1.477734e+002  2.186750e+002  2.860486e+002  3.488072e+002  4.059383e+002  4.617727e+002  5.083963e+002  5.448793e+002  5.874041e+002  4.616709e+002  2.361979e+002  1.601324e+002  8.087274e+001  0.000000e+000  
0.000000e+000  1.381198e+002  2.740111e+002  4.054817e+002  5.304103e+002  6.467814e+002  7.527175e+002  8.562494e+002  9.427021e+002  1.010351e+003  1.089203e+003  8.560608e+002  4.379738e+002  2.969280e+002  1.499596e+002  0.000000e+000  
0.000000e+000  1.295732e+002  2.570558e+002  3.803912e+002  4.975895e+002  6.067598e+002  7.061408e+002  8.032663e+002  8.843694e+002  9.478325e+002  1.021806e+003  8.030893e+002  4.108728e+002  2.785547e+002  1.406804e+002  0.000000e+000  
0.000000e+000  6.695257e+001  1.328249e+002  1.965544e+002  2.571126e+002  3.135227e+002  3.648745e+002  4.150608e+002  4.569681e+002  4.897606e+002  5.279836e+002  4.149694e+002  2.123047e+002  1.439338e+002  7.269185e+001  0.000000e+000  
0.000000e+000  4.571744e+001  9.069729e+001  1.342139e+002  1.755651e+002  2.140837e+002  2.491484e+002  2.834173e+002  3.120330e+002  3.344248e+002  3.605248e+002  2.833549e+002  1.449687e+002  9.828275e+001  4.963641e+001  0.000000e+000  
0.000000e+000  2.318716e+001  4.600023e+001  6.807114e+001  8.904381e+001  1.085799e+002  1.263641e+002  1.437448e+002  1.582582e+002  1.696150e+002  1.828525e+002  1.437131e+002  7.352582e+001  4.984745e+001  2.517480e+001  0.000000e+000  
0.000000e+000  0.000000e+000  0.000000e+000  0.000000e+000  0.000000e+000  0.000000e+000  0.000000e+000  0.000000e+000  0.000000e+000  0.000000e+000  0.000000e+000  0.000000e+000  0.000000e+000  0.000000e+000  0.000000e+000  0.000000e+000  

0.000000e+000  0.000000e+000  0.000000e+000  0.000000e+000  0.000000e+000  0.000000e+000  0.000000e+000  0.000000e+000  0.000000e+000  0.000000e+000  0.000000e+000  0.000000e+000  0.000000e+000  0.000000e+000  0.000000e+000  0.000000e+000  
0.000000e+000  0.000000e+000  0.000000e+000  0.000000e+000  0.000000e+000  0.000000e+000  0.000000e+000  0.000000e+000  0.000000e+000  0.000000e+000  0.000000e+000  0.000000e+000  0.000000e+000  0.000000e+000  0.000000e+000  0.000000e+000  
0.000000e+000  0.000000e+000  0.000000e+000  0.000000e+000  0.000000e+000  0.000000e+000  0.000000e+000  0.000000e+000  0.000000e+000  0.000000e+000  0.000000e+000  0.000000e+000  0.000000e+000  0.000000e+000  0.000000e+000  0.000000e+000  
0.000000e+000  0.000000e+000  0.000000e+000  0.000000e+000  0.000000e+000  0.000000e+000  0.000000e+000  0.000000e+000  0.000000e+000  0.000000e+000  0.000000e+000  0.000000e+000  0.000000e+000  0.000000e+000  0.000000e+000  0.000000e+000  
0.000000e+000  0.000000e+000  0.000000e+000  0.000000e+000  0.000000e+000  0.000000e+000  0.000000e+000  0.000000e+000  0.000000e+000  0.000000e+000  0.000000e+000  0.000000e+000  0.000000e+000  0.000000e+000  0.000000e+000  0.000000e+000  
0.000000e+000  0.000000e+000  0.000000e+000  0.000000e+000  0.000000e+000  0.000000e+000  0.000000e+000  0.000000e+000  0.000000e+000  0.000000e+000  0.000000e+000  0.000000e+000  0.000000e+000  0.000000e+000  0.000000e+000  0.000000e+000  
0.000000e+000  0.000000e+000  0.000000e+000  0.000000e+000  0.000000e+000  0.000000e+000  0.000000e+000  0.000000e+000  0.000000e+000  0.000000e+000  0.000000e+000  0.000000e+000  0.000000e+000  0.000000e+000  0.000000e+000  0.000000e+000  
0.000000e+000  0.000000e+000  0.000000e+000  0.000000e+000  0.000000e+000  0.000000e+000  0.000000e+000  0.000000e+000  0.000000e+000  0.000000e+000  0.000000e+000  0.000000e+000  0.000000e+000  0.000000e+000  0.000000e+000  0.000000e+000  
0.000000e+000  0.000000e+000  0.000000e+000  0.000000e+000  0.000000e+000  0.000000e+000  0.000000e+000  0.000000e+000  0.000000e+000  0.000000e+000  0.000000e+000  0.000000e+000  0.000000e+000  0.000000e+000  0.000000e+000  0.000000e+000  
0.000000e+000  0.000000e+000  0.000000e+000  0.000000e+000  0.000000e+000  0.000000e+000  0.000000e+000  0.000000e+000  0.000000e+000  0.000000e+000  0.000000e+000  0.000000e+000  0.000000e+000  0.000000e+000  0.000000e+000  0.000000e+000  
0.000000e+000  0.000000e+000  0.000000e+000  0.000000e+000  0.000000e+000  0.000000e+000  0.000000e+000  0.000000e+000  0.000000e+000  0.000000e+000  0.000000e+000  0.000000e+000  0.000000e+000  0.000000e+000  0.000000e+000  0.000000e+000  
0.000000e+000  0.000000e+000  0.000000e+000  0.000000e+000  0.000000e+000  0.000000e+000  0.000000e+000  0.000000e+000  0.000000e+000  0.000000e+000  0.000000e+000  0.000000e+000  0.000000e+000  0.000000e+000  0.000000e+000  0.000000e+000  
0.000000e+000  0.000000e+000  0.000000e+000  0.000000e+000  0.000000e+000  0.000000e+000  0.000000e+000  0.000000e+000  0.000000e+000  0.000000e+000  0.000000e+000  0.000000e+000  0.000000e+000  0.000000e+000  0.000000e+000  0.000000e+000  
0.000000e+000  0.000000e+000  0.000000e+000  0.000000e+000  0.000000e+000  0.000000e+000  0.000000e+000  0.000000e+000  0.000000e+000  0.000000e+000  0.000000e+000  0.000000e+000  0.000000e+000  0.000000e+000  0.000000e+000  0.000000e+000  
0.000000e+000  0.000000e+000  0.000000e+000  0.000000e+000  0.000000e+000  0.000000e+000  0.000000e+000  0.000000e+000  0.000000e+000  0.000000e+000  0.000000e+000  0.000000e+000  0.000000e+000  0.000000e+000  0.000000e+000  0.000000e+000  
0.000000e+000  0.000000e+000  0.000000e+000  0.000000e+000  0.000000e+000  0.000000e+000  0.000000e+000  0.000000e+000  0.000000e+000  0.000000e+000  0.000000e+000  0.000000e+000  0.000000e+000  0.000000e+000  0.000000e+000  0.000000e+000  
0.000000e+000  0.000000e+000  0.000000e+000  0.000000e+000  0.000000e+000  0.000000e+000  0.000000e+000  0.000000e+000  0.000000e+000  0.000000e+000  0.000000e+000  0.000000e+000  0.000000e+000  0.000000e+000  0.000000e+000  0.000000e+000  
0.000000e+000  0.000000e+000  0.000000e+000  0.000000e+000  0.000000e+000  0.000000e+000  0.000000e+000  0.000000e+000  0.000000e+000  0.000000e+000  0.000000e+000  0.000000e+000  0.000000e+000  0.000000e+000  0.000000e+000  0.000000e+000  
0.000000e+000  0.000000e+000  0.000000e+000  0.000000e+000  0.000000e+000  0.000000e+000  0.000000e+000  0.000000e+000  0.000000e+000  0.000000e+000  0.000000e+000  0.000000e+000  0.000000e+000  0.000000e+000  0.000000e+000  0.000000e+000  
0.000000e+000  0.000000e+000  0.000000e+000  0.000000e+000  0.000000e+000  0.000000e+000  0.000000e+000  0.000000e+000  0.000000e+000  0.000000e+000  0.000000e+000  0.000000e+000  0.000000e+000  0.000000e+000  0.000000e+000  0.000000e+000  
0.000000e+000  0.000000e+000  0.000000e+000  0.000000e+000  0.000000e+000  0.000000e+000  0.000000e+000  0.000000e+000  0.000000e+000  0.000000e+000  0.000000e+000  0.000000e+000  0.000000e+000  0.000000e+000  0.000000e+000  0.000000e+000  
0.000000e+000  0.000000e+000  0.000000e+000  0.000000e+000  0.000000e+000  0.000000e+000  0.000000e+000  0.000000e+000  0.000000e+000  0.000000e+000  0.000000e+000  0.000000e+000  0.000000e+000  0.000000e+000  0.000000e+000  0.000000e+000  
0.000000e+000  0.000000e+000  0.000000e+000  0.000000e+000  0.000000e+000  0.000000e+000  0.000000e+000  0.000000e+000  0.000000e+000  0.000000e+000  0.000000e+000  0.000000e+000  0.000000e+000  0.000000e+000  0.000000e+000  0.000000e+000  
0.000000e+000  0.000000e+000  0.000000e+000  0.000000e+000  0.000000e+000  0.000000e+000  0.000000e+000  0.000000e+000  0.000000e+000  0.000000e+000  0.000000e+000  0.000000e+000  0.000000e+000  0.000000e+000  0.000000e+000  0.000000e+000  
0.000000e+000  0.000000e+000  0.000000e+000  0.000000e+000  0.000000e+000  0.000000e+000  0.000000e+000  0.000000e+000  0.000000e+000  0.000000e+000  0.000000e+000  0.000000e+000  0.000000e+000  0.000000e+000  0.000000e+000  0.000000e+000  
0.000000e+000  0.000000e+000  0.000000e+000  0.000000e+000  0.000000e+000  0.000000e+000  0.000000e+000  0.000000e+000  0.000000e+000  0.000000e+000  0.000000e+000  0.000000e+000  0.000000e+000  0.000000e+000  0.000000e+000  0.000000e+000  
0.000000e+000  0.000000e+000  0.000000e+000  0.000000e+000  0.000000e+000  0.000000e+000  0.000000e+000  0.000000e+000  0.000000e+000  0.000000e+000  0.000000e+000  0.000000e+000  0.000000e+000  0.000000e+000  0.000000e+000  0.000000e+000  

0.000000e+000  0.000000e+000  0.000000e+000  0.000000e+000  0.000000e+000  0.000000e+000  0.000000e+000  0.000000e+000  0.000000e+000  0.000000e+000  0.000000e+000  0.000000e+000  0.000000e+000  0.000000e+000  0.000000e+000  0.000000e+000  
0.000000e+000  0.000000e+000  0.000000e+000  0.000000e+000  0.000000e+000  0.000000e+000  0.000000e+000  0.000000e+000  0.000000e+000  0.000000e+000  0.000000e+000  0.000000e+000  0.000000e+000  0.000000e+000  0.000000e+000  0.000000e+000  
0.000000e+000  0.000000e+000  0.000000e+000  0.000000e+000  0.000000e+000  0.000000e+000  0.000000e+000  0.000000e+000  0.000000e+000  0.000000e+000  0.000000e+000  0.000000e+000  0.000000e+000  0.000000e+000  0.000000e+000  0.000000e+000  
0.000000e+000  0.000000e+000  0.000000e+000  0.000000e+000  0.000000e+000  0.000000e+000  0.000000e+000  0.000000e+000  0.000000e+000  0.000000e+000  0.000000e+000  0.000000e+000  0.000000e+000  0.000000e+000  0.000000e+000  0.000000e+000  
0.000000e+000  0.000000e+000  0.000000e+000  0.000000e+000  0.000000e+000  0.000000e+000  0.000000e+000  0.000000e+000  0.000000e+000  0.000000e+000  0.000000e+000  0.000000e+000  0.000000e+000  0.000000e+000  0.000000e+000  0.000000e+000  
0.000000e+000  0.000000e+000  0.000000e+000  0.000000e+000  0.000000e+000  0.000000e+000  0.000000e+000  0.000000e+000  0.000000e+000  0.000000e+000  0.000000e+000  0.000000e+000  0.000000e+000  0.000000e+000  0.000000e+000  0.000000e+000  
0.000000e+000  0.000000e+000  0.000000e+000  0.000000e+000  0.000000e+000  0.000000e+000  0.000000e+000  0.000000e+000  0.000000e+000  0.000000e+000  0.000000e+000  0.000000e+000  0.000000e+000  0.000000e+000  0.000000e+000  0.000000e+000  
0.000000e+000  0.000000e+000  0.000000e+000  0.000000e+000  0.000000e+000  0.000000e+000  0.000000e+000  0.000000e+000  0.000000e+000  0.000000e+000  0.000000e+000  0.000000e+000  0.000000e+000  0.000000e+000  0.000000e+000  0.000000e+000  
0.000000e+000  0.000000e+000  0.000000e+000  0.000000e+000  0.000000e+000  0.000000e+000  0.000000e+000  0.000000e+000  0.000000e+000  0.000000e+000  0.000000e+000  0.000000e+000  0.000000e+000  0.000000e+000  0.000000e+000  0.000000e+000  
0.000000e+000  0.000000e+000  0.000000e+000  0.000000e+000  0.000000e+000  0.000000e+000  0.000000e+000  0.000000e+000  0.000000e+000  0.000000e+000  0.000000e+000  0.000000e+000  0.000000e+000  0.000000e+000  0.000000e+000  0.000000e+000  
0.000000e+000  0.000000e+000  0.000000e+000  0.000000e+000  0.000000e+000  0.000000e+000  0.000000e+000  0.000000e+000  0.000000e+000  0.000000e+000  0.000000e+000  0.000000e+000  0.000000e+000  0.000000e+000  0.000000e+000  0.000000e+000  
0.000000e+000  0.000000e+000  0.000000e+000  0.000000e+000  0.000000e+000  0.000000e+000  0.000000e+000  0.000000e+000  0.000000e+000  0.000000e+000  0.000000e+000  0.000000e+000  0.000000e+000  0.000000e+000  0.000000e+000  0.000000e+000  
0.000000e+000  0.000000e+000  0.000000e+000  0.000000e+000  0.000000e+000  0.000000e+000  0.000000e+000  0.000000e+000  0.000000e+000  0.000000e+000  0.000000e+000  0.000000e+000  0.000000e+000  0.000000e+000  0.000000e+000  0.000000e+000  
0.000000e+000  0.000000e+000  0.000000e+000  0.000000e+000  0.000000e+000  0.000000e+000  0.000000e+000  0.000000e+000  0.000000e+000  0.000000e+000  0.000000e+000  0.000000e+000  0.000000e+000  0.000000e+000  0.000000e+000  0.000000e+000  
0.000000e+000  0.000000e+000  0.000000e+000  0.000000e+000  0.000000e+000  0.000000e+000  0.000000e+000  0.000000e+000  0.000000e+000  0.000000e+000  0.000000e+000  0.000000e+000  0.000000e+000  0.000000e+000  0.000000e+000  0.000000e+000  
0.000000e+000  0.000000e+000  0.000000e+000  0.000000e+000  0.000000e+000  0.000000e+000  0.000000e+000  0.000000e+000  0.000000e+000  0.000000e+000  0.000000e+000  0.000000e+000  0.000000e+000  0.000000e+000  0.000000e+000  0.000000e+000  
0.000000e+000  0.000000e+000  0.000000e+000  0.000000e+000  0.000000e+000  0.000000e+000  0.000000e+000  0.000000e+000  0.000000e+000  0.000000e+000  0.000000e+000  0.000000e+000  0.000000e+000  0.000000e+000  0.000000e+000  0.000000e+000  
0.000000e+000  0.000000e+000  0.000000e+000  0.000000e+000  0.000000e+000  0.000000e+000  0.000000e+000  0.000000e+000  0.000000e+000  0.000000e+000  0.000000e+000  0.000000e+000  0.000000e+000  0.000000e+000  0.000000e+000  0.000000e+000  
0.000000e+000  0.000000e+000  0.000000e+000  0.000000e+000  0.000000e+000  0.000000e+000  0.000000e+000  0.000000e+000  0.000000e+000  0.000000e+000  0.000000e+000  0.000000e+000  0.000000e+000  0.000000e+000  0.000000e+000  0.000000e+000  
0.000000e+000  0.000000e+000  0.000000e+000  0.000000e+000  0.000000e+000  0.000000e+000  0.000000e+000  0.000000e+000  0.000000e+000  0.000000e+000  0.000000e+000  0.000000e+000  0.000000e+000  0.000000e+000  0.000000e+000  0.000000e+000  
0.000000e+000  0.000000e+000  0.000000e+000  0.000000e+000  0.000000e+000  0.000000e+000  0.000000e+000  0.000000e+000  0.000000e+000  0.000000e+000  0.000000e+000  0.000000e+000  0.000000e+000  0.000000e+000  0.000000e+000  0.000000e+000  
0.000000e+000  0.000000e+000  0.000000e+000  0.000000e+000  0.000000e+000  0.000000e+000  0.000000e+000  0.000000e+000  0.000000e+000  0.000000e+000  0.000000e+000  0.000000e+000  0.000000e+000  0.000000e+000  0.000000e+000  0.000000e+000  
0.000000e+000  0.000000e+000  0.000000e+000  0.000000e+000  0.000000e+000  0.000000e+000  0.000000e+000  0.000000e+000  0.000000e+000  0.000000e+000  0.000000e+000  0.000000e+000  0.000000e+000  0.000000e+000  0.000000e+000  0.000000e+000  
0.000000e+000  0.000000e+000  0.000000e+000  0.000000e+000  0.000000e+000  0.000000e+000  0.000000e+000  0.000000e+000  0.000000e+000  0.000000e+000  0.000000e+000  0.000000e+000  0.000000e+000  0.000000e+000  0.000000e+000  0.000000e+000  
0.000000e+000  0.000000e+000  0.000000e+000  0.000000e+000  0.000000e+000  0.000000e+000  0.000000e+000  0.000000e+000  0.000000e+000  0.000000e+000  0.000000e+000  0.000000e+000  0.000000e+000  0.000000e+000  0.000000e+000  0.000000e+000  
0.000000e+000  0.000000e+000  0.000000e+000  0.000000e+000  0.000000e+000  0.000000e+000  0.000000e+000  0.000000e+000  0.000000e+000  0.000000e+000  0.000000e+000  0.000000e+000  0.000000e+000  0.000000e+000  0.000000e+000  0.000000e+000  
0.000000e+000  0.000000e+000  0.000000e+000  0.000000e+000  0.000000e+000  0.000000e+000  0.000000e+000  0.000000e+000  0.000000e+000  0.000000e+000  0.000000e+000  0.000000e+000  0.000000e+000  0.000000e+000  0.000000e+000  0.000000e+000  

0.000000e+000  0.000000e+000  0.000000e+000  0.000000e+000  0.000000e+000  0.000000e+000  0.000000e+000  0.000000e+000  0.000000e+000  0.000000e+000  0.000000e+000  0.000000e+000  0.000000e+000  0.000000e+000  0.000000e+000  0.000000e+000  
0.000000e+000  0.000000e+000  0.000000e+000  0.000000e+000  0.000000e+000  0.000000e+000  0.000000e+000  0.000000e+000  0.000000e+000  0.000000e+000  0.000000e+000  0.000000e+000  0.000000e+000  0.000000e+000  0.000000e+000  0.000000e+000  
0.000000e+000  0.000000e+000  0.000000e+000  0.000000e+000  0.000000e+000  0.000000e+000  0.000000e+000  0.000000e+000  0.000000e+000  0.000000e+000  0.000000e+000  0.000000e+000  0.000000e+000  0.000000e+000  0.000000e+000  0.000000e+000  
0.000000e+000  0.000000e+000  0.000000e+000  0.000000e+000  0.000000e+000  0.000000e+000  0.000000e+000  0.000000e+000  0.000000e+000  0.000000e+000  0.000000e+000  0.000000e+000  0.000000e+000  0.000000e+000  0.000000e+000  0.000000e+000  
0.000000e+000  0.000000e+000  0.000000e+000  0.000000e+000  0.000000e+000  0.000000e+000  0.000000e+000  0.000000e+000  0.000000e+000  0.000000e+000  0.000000e+000  0.000000e+000  0.000000e+000  0.000000e+000  0.000000e+000  0.000000e+000  
0.000000e+000  0.000000e+000  0.000000e+000  0.000000e+000  0.000000e+000  0.000000e+000  0.000000e+000  0.000000e+000  0.000000e+000  0.000000e+000  0.000000e+000  0.000000e+000  0.000000e+000  0.000000e+000  0.000000e+000  0.000000e+000  
0.000000e+000  0.000000e+000  0.000000e+000  0.000000e+000  0.000000e+000  0.000000e+000  0.000000e+000  0.000000e+000  0.000000e+000  0.000000e+000  0.000000e+000  0.000000e+000  0.000000e+000  0.000000e+000  0.000000e+000  0.000000e+000  
0.000000e+000  0.000000e+000  0.000000e+000  0.000000e+000  0.000000e+000  0.000000e+000  0.000000e+000  0.000000e+000  0.000000e+000  0.000000e+000  0.000000e+000  0.000000e+000  0.000000e+000  0.000000e+000  0.000000e+000  0.000000e+000  
0.000000e+000  0.000000e+000  0.000000e+000  0.000000e+000  0.000000e+000  0.000000e+000  0.000000e+000  0.000000e+000  0.000000e+000  0.000000e+000  0.000000e+000  0.000000e+000  0.000000e+000  0.000000e+000  0.000000e+000  0.000000e+000  
0.000000e+000  0.000000e+000  0.000000e+000  0.000000e+000  0.000000e+000  0.000000e+000  0.000000e+000  0.000000e+000  0.000000e+000  0.000000e+000  0.000000e+000  0.000000e+000  0.000000e+000  0.000000e+000  0.000000e+000  0.000000e+000  
0.000000e+000  0.000000e+000  0.000000e+000  0.000000e+000  0.000000e+000  0.000000e+000  0.000000e+000  0.000000e+000  0.000000e+000  0.000000e+000  0.000000e+000  0.000000e+000  0.000000e+000  0.000000e+000  0.000000e+000  0.000000e+000  
0.000000e+000  0.000000e+000  0.000000e+000  0.000000e+000  0.000000e+000  0.000000e+000  0.000000e+000  0.000000e+000  0.000000e+000  0.000000e+000  0.000000e+000  0.000000e+000  0.000000e+000  0.000000e+000  0.000000e+000  0.000000e+000  
0.000000e+000  0.000000e+000  0.000000e+000  0.000000e+000  0.000000e+000  0.000000e+000  0.000000e+000  0.000000e+000  0.000000e+000  0.000000e+000  0.000000e+000  0.000000e+000  0.000000e+000  0.000000e+000  0.000000e+000  0.000000e+000  
0.000000e+000  0.000000e+000  0.000000e+000  0.000000e+000  0.000000e+000  0.000000e+000  0.000000e+000  0.000000e+000  0.000000e+000  0.000000e+000  0.000000e+000  0.000000e+000  0.000000e+000  0.000000e+000  0.000000e+000  0.000000e+000  
0.000000e+000  0.000000e+000  0.000000e+000  0.000000e+000  0.000000e+000  0.000000e+000  0.000000e+000  0.000000e+000  0.000000e+000  0.000000e+000  0.000000e+000  0.000000e+000  0.000000e+000  0.000000e+000  0.000000e+000  0.000000e+000  
0.000000e+000  0.000000e+000  0.000000e+000  0.000000e+000  0.000000e+000  0.000000e+000  0.000000e+000  0.000000e+000  0.000000e+000  0.000000e+000  0.000000e+000  0.000000e+000  0.000000e+000  0.000000e+000  0.000000e+000  0.000000e+000  
0.000000e+000  0.000000e+000  0.000000e+000  0.000000e+000  0.000000e+000  0.000000e+000  0.000000e+000  0.000000e+000  0.000000e+000  0.000000e+000  0.000000e+000  0.000000e+000  0.000000e+000  0.000000e+000  0.000000e+000  0.000000e+000  
0.000000e+000  0.000000e+000  0.000000e+000  0.000000e+000  0.000000e+000  0.000000e+000  0.000000e+000  0.000000e+000  0.000000e+000  0.000000e+000  0.000000e+000  0.000000e+000  0.000000e+000  0.000000e+000  0.000000e+000  0.000000e+000  
0.000000e+000  0.000000e+000  0.000000e+000  0.000000e+000  0.000000e+000  0.000000e+000  0.000000e+000  0.000000e+000  0.000000e+000  0.000000e+000  0.000000e+000  0.000000e+000  0.000000e+000  0.000000e+000  0.000000e+000  0.000000e+000  
0.000000e+000  0.000000e+000  0.000000e+000  0.000000e+000  0.000000e+000  0.000000e+000  0.000000e+000  0.000000e+000  0.000000e+000  0.000000e+000  0.000000e+000  0.000000e+000  0.000000e+000  0.000000e+000  0.000000e+000  0.000000e+000  
0.000000e+000  0.000000e+000  0.000000e+000  0.000000e+000  0.000000e+000  0.000000e+000  0.000000e+000  0.000000e+000  0.000000e+000  0.000000e+000  0.000000e+000  0.000000e+000  0.000000e+000  0.000000e+000  0.000000e+000  0.000000e+000  
0.000000e+000  0.000000e+000  0.000000e+000  0.000000e+000  0.000000e+000  0.000000e+000  0.000000e+000  0.000000e+000  0.000000e+000  0.000000e+000  0.000000e+000  0.000000e+000  0.000000e+000  0.000000e+000  0.000000e+000  0.000000e+000  
0.000000e+000  0.000000e+000  0.000000e+000  0.000000e+000  0.000000e+000  0.000000e+000  0.000000e+000  0.000000e+000  0.000000e+000  0.000000e+000  0.000000e+000  0.000000e+000  0.000000e+000  0.000000e+000  0.000000e+000  0.000000e+000  
0.000000e+000  0.000000e+000  0.000000e+000  0.000000e+000  0.000000e+000  0.000000e+000  0.000000e+000  0.000000e+000  0.000000e+000  0.000000e+000  0.000000e+000  0.000000e+000  0.000000e+000  0.000000e+000  0.000000e+000  0.000000e+000  
0.000000e+000  0.000000e+000  0.000000e+000  0.000000e+000  0.000000e+000  0.000000e+000  0.000000e+000  0.000000e+000  0.000000e+000  0.000000e+000  0.000000e+000  0.000000e+000  0.000000e+000  0.000000e+000  0.000000e+000  0.000000e+000  
0.000000e+000  0.000000e+000  0.000000e+000  0.000000e+000  0.000000e+000  0.000000e+000  0.000000e+000  0.000000e+000  0.000000e+000  0.000000e+000  0.000000e+000  0.000000e+000  0.000000e+000  0.000000e+000  0.000000e+000  0.000000e+000  
0.000000e+000  0.000000e+000  0.000000e+000  0.000000e+000  0.000000e+000  0.000000e+000  0.000000e+000  0.000000e+000  0.000000e+000  0.000000e+000  0.000000e+000  0.000000e+000  0.000000e+000  0.000000e+000  0.000000e+000  0.000000e+000  

