Port monitor named: Port1_e3[2.2].prt

nx        = 71
ny        = 23
nz        = 31

nu        = 5
nv        = 5
iu        = 14
iv        = 11

idir      = 1
dcut      = 2.500000e-002
icut      = 23
type      = 0
frequency = 2.200000e+009

fcutoff   = 2.271877e+010
alpha     = 6.653897e+002
beta      = 0.000000e+000
accuracy  = 4.392860e-015

type          = TE
wave imp.     = 2.574379e+001
wave imp.sig. = 9.546162e-014
line imp.     = 0.000000e+000

ref. port     = 0

-0.000000e+000  -0.000000e+000  -0.000000e+000  -0.000000e+000  -0.000000e+000  
3.450265e+002  4.637325e+002  -2.227543e+002  -2.553433e+001  -0.000000e+000  
2.668801e+002  3.549036e+002  3.549036e+002  2.668801e+002  -0.000000e+000  
-2.553433e+001  -2.227543e+002  4.637325e+002  3.450265e+002  -0.000000e+000  
-0.000000e+000  -0.000000e+000  -0.000000e+000  -0.000000e+000  -0.000000e+000  

-0.000000e+000  1.254636e+003  2.056255e+003  1.206456e+003  -0.000000e+000  
-0.000000e+000  9.732670e+002  2.734986e+003  8.842288e+002  -0.000000e+000  
-0.000000e+000  8.842288e+002  2.734986e+003  9.732670e+002  -0.000000e+000  
-0.000000e+000  1.206456e+003  2.056255e+003  1.254636e+003  -0.000000e+000  
-0.000000e+000  -0.000000e+000  -0.000000e+000  -0.000000e+000  -0.000000e+000  

-0.000000e+000  -0.000000e+000  -0.000000e+000  -0.000000e+000  -0.000000e+000  
-0.000000e+000  -3.107434e+001  -1.133080e+001  -2.388108e+001  -0.000000e+000  
-0.000000e+000  -1.482403e+000  -0.000000e+000  1.482403e+000  -0.000000e+000  
-0.000000e+000  2.388108e+001  1.133080e+001  3.107434e+001  -0.000000e+000  
-0.000000e+000  -0.000000e+000  -0.000000e+000  -0.000000e+000  -0.000000e+000  

0.000000e+000  0.000000e+000  0.000000e+000  0.000000e+000  0.000000e+000  
0.000000e+000  0.000000e+000  0.000000e+000  0.000000e+000  0.000000e+000  
0.000000e+000  0.000000e+000  0.000000e+000  0.000000e+000  0.000000e+000  
0.000000e+000  0.000000e+000  0.000000e+000  0.000000e+000  0.000000e+000  
0.000000e+000  0.000000e+000  0.000000e+000  0.000000e+000  0.000000e+000  

0.000000e+000  0.000000e+000  0.000000e+000  0.000000e+000  0.000000e+000  
0.000000e+000  0.000000e+000  0.000000e+000  0.000000e+000  0.000000e+000  
0.000000e+000  0.000000e+000  0.000000e+000  0.000000e+000  0.000000e+000  
0.000000e+000  0.000000e+000  0.000000e+000  0.000000e+000  0.000000e+000  
0.000000e+000  0.000000e+000  0.000000e+000  0.000000e+000  0.000000e+000  

0.000000e+000  0.000000e+000  0.000000e+000  0.000000e+000  0.000000e+000  
0.000000e+000  0.000000e+000  0.000000e+000  0.000000e+000  0.000000e+000  
0.000000e+000  0.000000e+000  0.000000e+000  0.000000e+000  0.000000e+000  
0.000000e+000  0.000000e+000  0.000000e+000  0.000000e+000  0.000000e+000  
0.000000e+000  0.000000e+000  0.000000e+000  0.000000e+000  0.000000e+000  

