Port monitor named: Port2_e4.prt

nx        = 3
ny        = 18
nz        = 29

nu        = 16
nv        = 27
iu        = 2
iv        = 2

idir      = 0
dcut      = 5.114300e-001
icut      = 3
type      = 0
frequency = 2.200000e+009

fcutoff   = 4.244477e+009
alpha     = 7.605233e+001
beta      = 0.000000e+000
accuracy  = 1.387451e-009

type          = TE
wave imp.     = 2.284020e+002
wave imp.sig. = 8.128942e-006
line imp.     = 0.000000e+000

ref. port     = 0

-0.000000e+000  -0.000000e+000  -0.000000e+000  -0.000000e+000  -0.000000e+000  -0.000000e+000  -0.000000e+000  -0.000000e+000  -0.000000e+000  -0.000000e+000  -0.000000e+000  -0.000000e+000  -0.000000e+000  -0.000000e+000  -0.000000e+000  -0.000000e+000  
-1.058690e+001  -1.041609e+001  -1.007724e+001  -9.575797e+000  -8.919865e+000  -8.120022e+000  -7.137091e+000  -5.959720e+000  -4.663473e+000  -1.581875e+000  4.000135e+000  8.387323e+000  9.723155e+000  1.013144e+001  1.033764e+001  -0.000000e+000  
-2.113954e+001  -2.079848e+001  -2.012186e+001  -1.912061e+001  -1.781086e+001  -1.621377e+001  -1.425109e+001  -1.190015e+001  -9.311855e+000  -3.158630e+000  7.987326e+000  1.674750e+001  1.941485e+001  2.023010e+001  2.064183e+001  -0.000000e+000  
-3.162377e+001  -3.111356e+001  -3.010138e+001  -2.860354e+001  -2.664423e+001  -2.425504e+001  -2.131896e+001  -1.780208e+001  -1.393011e+001  -4.725165e+000  1.194867e+001  2.505349e+001  2.904371e+001  3.026329e+001  3.087922e+001  -0.000000e+000  
-6.993800e+001  -6.880964e+001  -6.657113e+001  -6.325857e+001  -5.892542e+001  -5.364159e+001  -4.714826e+001  -3.937043e+001  -3.080730e+001  -1.044998e+001  2.642525e+001  5.540738e+001  6.423202e+001  6.692919e+001  6.829137e+001  -0.000000e+000  
-1.100197e+002  -1.082446e+002  -1.047232e+002  -9.951224e+001  -9.269575e+001  -8.438373e+001  -7.416904e+001  -6.193373e+001  -4.846305e+001  -1.643890e+001  4.156965e+001  8.716154e+001  1.010436e+002  1.052865e+002  1.074293e+002  -0.000000e+000  
-1.435339e+002  -1.412182e+002  -1.366241e+002  -1.298257e+002  -1.209328e+002  -1.100887e+002  -9.676245e+001  -8.080001e+001  -6.322589e+001  -2.144652e+001  5.423262e+001  1.137127e+002  1.318235e+002  1.373589e+002  1.401545e+002  -0.000000e+000  
-1.684802e+002  -1.657619e+002  -1.603694e+002  -1.523895e+002  -1.419509e+002  -1.292222e+002  -1.135798e+002  -9.484308e+001  -7.421457e+001  -2.517393e+001  6.365828e+001  1.334761e+002  1.547345e+002  1.612320e+002  1.645135e+002  -0.000000e+000  
-1.820139e+002  -1.790774e+002  -1.732516e+002  -1.646307e+002  -1.533536e+002  -1.396024e+002  -1.227035e+002  -1.024617e+002  -8.017611e+001  -2.719611e+001  6.877186e+001  1.441980e+002  1.671641e+002  1.741835e+002  1.777286e+002  -0.000000e+000  
-1.842354e+002  -1.812630e+002  -1.753661e+002  -1.666399e+002  -1.552253e+002  -1.413062e+002  -1.242011e+002  -1.037122e+002  -8.115464e+001  -2.752803e+001  6.961120e+001  1.459579e+002  1.692043e+002  1.763094e+002  1.798977e+002  -0.000000e+000  
-1.858606e+002  -1.828620e+002  -1.769131e+002  -1.681100e+002  -1.565946e+002  -1.425528e+002  -1.252967e+002  -1.046271e+002  -8.187056e+001  -2.777087e+001  7.022528e+001  1.472455e+002  1.706970e+002  1.778647e+002  1.814847e+002  -0.000000e+000  
-1.868844e+002  -1.838693e+002  -1.778876e+002  -1.690360e+002  -1.574572e+002  -1.433380e+002  -1.259869e+002  -1.052034e+002  -8.232153e+001  -2.792384e+001  7.061211e+001  1.480566e+002  1.716372e+002  1.788445e+002  1.824844e+002  -0.000000e+000  
-1.872068e+002  -1.841865e+002  -1.781945e+002  -1.693276e+002  -1.577288e+002  -1.435853e+002  -1.262042e+002  -1.053849e+002  -8.246355e+001  -2.797202e+001  7.073393e+001  1.483120e+002  1.719333e+002  1.791530e+002  1.827992e+002  -0.000000e+000  
-1.873143e+002  -1.842922e+002  -1.782969e+002  -1.694249e+002  -1.578194e+002  -1.436678e+002  -1.262767e+002  -1.054455e+002  -8.251091e+001  -2.798808e+001  7.077455e+001  1.483972e+002  1.720321e+002  1.792559e+002  1.829042e+002  -0.000000e+000  
-1.872068e+002  -1.841865e+002  -1.781945e+002  -1.693276e+002  -1.577288e+002  -1.435853e+002  -1.262042e+002  -1.053849e+002  -8.246355e+001  -2.797202e+001  7.073393e+001  1.483120e+002  1.719333e+002  1.791530e+002  1.827992e+002  -0.000000e+000  
-1.868844e+002  -1.838693e+002  -1.778876e+002  -1.690360e+002  -1.574572e+002  -1.433380e+002  -1.259869e+002  -1.052034e+002  -8.232153e+001  -2.792384e+001  7.061211e+001  1.480566e+002  1.716372e+002  1.788445e+002  1.824844e+002  -0.000000e+000  
-1.858606e+002  -1.828620e+002  -1.769131e+002  -1.681100e+002  -1.565946e+002  -1.425528e+002  -1.252967e+002  -1.046271e+002  -8.187056e+001  -2.777087e+001  7.022528e+001  1.472455e+002  1.706970e+002  1.778647e+002  1.814847e+002  -0.000000e+000  
-1.842354e+002  -1.812630e+002  -1.753661e+002  -1.666399e+002  -1.552253e+002  -1.413062e+002  -1.242011e+002  -1.037122e+002  -8.115464e+001  -2.752803e+001  6.961120e+001  1.459579e+002  1.692043e+002  1.763094e+002  1.798977e+002  -0.000000e+000  
-1.820139e+002  -1.790774e+002  -1.732516e+002  -1.646307e+002  -1.533536e+002  -1.396024e+002  -1.227035e+002  -1.024617e+002  -8.017611e+001  -2.719611e+001  6.877186e+001  1.441980e+002  1.671641e+002  1.741835e+002  1.777286e+002  -0.000000e+000  
-1.684802e+002  -1.657619e+002  -1.603694e+002  -1.523895e+002  -1.419509e+002  -1.292222e+002  -1.135798e+002  -9.484308e+001  -7.421457e+001  -2.517393e+001  6.365828e+001  1.334761e+002  1.547345e+002  1.612320e+002  1.645135e+002  -0.000000e+000  
-1.435339e+002  -1.412182e+002  -1.366241e+002  -1.298257e+002  -1.209328e+002  -1.100887e+002  -9.676245e+001  -8.080001e+001  -6.322589e+001  -2.144652e+001  5.423262e+001  1.137127e+002  1.318235e+002  1.373589e+002  1.401545e+002  -0.000000e+000  
-1.100197e+002  -1.082446e+002  -1.047232e+002  -9.951224e+001  -9.269575e+001  -8.438373e+001  -7.416904e+001  -6.193373e+001  -4.846305e+001  -1.643890e+001  4.156965e+001  8.716154e+001  1.010436e+002  1.052865e+002  1.074293e+002  -0.000000e+000  
-6.993800e+001  -6.880964e+001  -6.657113e+001  -6.325857e+001  -5.892542e+001  -5.364159e+001  -4.714826e+001  -3.937043e+001  -3.080730e+001  -1.044998e+001  2.642525e+001  5.540738e+001  6.423202e+001  6.692919e+001  6.829137e+001  -0.000000e+000  
-3.162377e+001  -3.111356e+001  -3.010138e+001  -2.860354e+001  -2.664423e+001  -2.425504e+001  -2.131896e+001  -1.780208e+001  -1.393011e+001  -4.725165e+000  1.194867e+001  2.505349e+001  2.904371e+001  3.026329e+001  3.087922e+001  -0.000000e+000  
-2.113954e+001  -2.079848e+001  -2.012186e+001  -1.912061e+001  -1.781086e+001  -1.621377e+001  -1.425109e+001  -1.190015e+001  -9.311855e+000  -3.158630e+000  7.987326e+000  1.674750e+001  1.941485e+001  2.023010e+001  2.064183e+001  -0.000000e+000  
-1.058690e+001  -1.041609e+001  -1.007724e+001  -9.575797e+000  -8.919865e+000  -8.120022e+000  -7.137091e+000  -5.959720e+000  -4.663473e+000  -1.581875e+000  4.000135e+000  8.387323e+000  9.723155e+000  1.013144e+001  1.033764e+001  -0.000000e+000  
-0.000000e+000  -0.000000e+000  -0.000000e+000  -0.000000e+000  -0.000000e+000  -0.000000e+000  -0.000000e+000  -0.000000e+000  -0.000000e+000  -0.000000e+000  -0.000000e+000  -0.000000e+000  -0.000000e+000  -0.000000e+000  -0.000000e+000  -0.000000e+000  

-0.000000e+000  5.929750e+001  1.176383e+002  1.740812e+002  2.277155e+002  2.776759e+002  3.231563e+002  3.676045e+002  4.047203e+002  4.337634e+002  4.676162e+002  3.675235e+002  1.880307e+002  1.274770e+002  6.438057e+001  -0.000000e+000  
-0.000000e+000  5.910561e+001  1.172576e+002  1.735178e+002  2.269786e+002  2.767773e+002  3.221106e+002  3.664150e+002  4.034107e+002  4.323598e+002  4.661030e+002  3.663342e+002  1.874222e+002  1.270645e+002  6.417224e+001  -0.000000e+000  
-0.000000e+000  5.872246e+001  1.164975e+002  1.723930e+002  2.255072e+002  2.749831e+002  3.200225e+002  3.640397e+002  4.007955e+002  4.295570e+002  4.630815e+002  3.639595e+002  1.862072e+002  1.262408e+002  6.375624e+001  -0.000000e+000  
-0.000000e+000  5.736372e+001  1.138020e+002  1.684041e+002  2.202893e+002  2.686205e+002  3.126177e+002  3.556164e+002  3.915218e+002  4.196178e+002  4.523666e+002  3.555381e+002  1.818987e+002  1.233198e+002  6.228103e+001  -0.000000e+000  
-0.000000e+000  5.227043e+001  1.036975e+002  1.534516e+002  2.007300e+002  2.447698e+002  2.848606e+002  3.240414e+002  3.567588e+002  3.823601e+002  4.122012e+002  3.239701e+002  1.657480e+002  1.123703e+002  5.675113e+001  -0.000000e+000  
-0.000000e+000  4.370586e+001  8.670658e+001  1.283084e+002  1.678401e+002  2.046640e+002  2.381858e+002  2.709469e+002  2.983035e+002  3.197100e+002  3.446616e+002  2.708872e+002  1.385900e+002  9.395828e+001  4.745239e+001  -0.000000e+000  
-0.000000e+000  3.253235e+001  6.453983e+001  9.550605e+001  1.249314e+002  1.523411e+002  1.772930e+002  2.016786e+002  2.220415e+002  2.379754e+002  2.565480e+002  2.016342e+002  1.031591e+002  6.993761e+001  3.532107e+001  -0.000000e+000  
-0.000000e+000  2.026263e+001  4.019836e+001  5.948553e+001  7.781298e+001  9.488502e+001  1.104262e+002  1.256147e+002  1.382976e+002  1.482219e+002  1.597898e+002  1.255870e+002  6.425223e+001  4.356034e+001  2.199958e+001  -0.000000e+000  
-0.000000e+000  1.244232e+001  2.468390e+001  3.652724e+001  4.778125e+001  5.826438e+001  6.780748e+001  7.713400e+001  8.492197e+001  9.101604e+001  9.811933e+001  7.711701e+001  3.945425e+001  2.674834e+001  1.350890e+001  -0.000000e+000  
-0.000000e+000  9.103057e+000  1.805925e+001  2.672408e+001  3.495774e+001  4.262741e+001  4.960935e+001  5.643282e+001  6.213065e+001  6.658920e+001  7.178612e+001  5.642039e+001  2.886553e+001  1.956963e+001  9.883386e+000  -0.000000e+000  
-0.000000e+000  5.734336e+000  1.137616e+001  1.683444e+001  2.202111e+001  2.685251e+001  3.125067e+001  3.554902e+001  3.913828e+001  4.194688e+001  4.522060e+001  3.554119e+001  1.818341e+001  1.232760e+001  6.225892e+000  -0.000000e+000  
-0.000000e+000  3.031973e+000  6.015028e+000  8.901039e+000  1.164344e+001  1.419799e+001  1.652348e+001  1.879619e+001  2.069398e+001  2.217900e+001  2.390994e+001  1.879205e+001  9.614301e+000  6.518096e+000  3.291878e+000  -0.000000e+000  
-0.000000e+000  1.011044e+000  2.005777e+000  2.968149e+000  3.882633e+000  4.734476e+000  5.509935e+000  6.267794e+000  6.900633e+000  7.395829e+000  7.973032e+000  6.266414e+000  3.205994e+000  2.173530e+000  1.097713e+000  -0.000000e+000  
-0.000000e+000  -1.011044e+000  -2.005777e+000  -2.968149e+000  -3.882633e+000  -4.734476e+000  -5.509935e+000  -6.267794e+000  -6.900633e+000  -7.395829e+000  -7.973032e+000  -6.266414e+000  -3.205994e+000  -2.173530e+000  -1.097713e+000  -0.000000e+000  
-0.000000e+000  -3.031973e+000  -6.015028e+000  -8.901039e+000  -1.164344e+001  -1.419799e+001  -1.652348e+001  -1.879619e+001  -2.069398e+001  -2.217900e+001  -2.390994e+001  -1.879205e+001  -9.614301e+000  -6.518096e+000  -3.291878e+000  -0.000000e+000  
-0.000000e+000  -5.734336e+000  -1.137616e+001  -1.683444e+001  -2.202111e+001  -2.685251e+001  -3.125067e+001  -3.554902e+001  -3.913828e+001  -4.194688e+001  -4.522060e+001  -3.554119e+001  -1.818341e+001  -1.232760e+001  -6.225892e+000  -0.000000e+000  
-0.000000e+000  -9.103057e+000  -1.805925e+001  -2.672408e+001  -3.495774e+001  -4.262741e+001  -4.960935e+001  -5.643282e+001  -6.213065e+001  -6.658920e+001  -7.178612e+001  -5.642039e+001  -2.886553e+001  -1.956963e+001  -9.883386e+000  -0.000000e+000  
-0.000000e+000  -1.244232e+001  -2.468390e+001  -3.652724e+001  -4.778125e+001  -5.826438e+001  -6.780748e+001  -7.713400e+001  -8.492197e+001  -9.101604e+001  -9.811933e+001  -7.711701e+001  -3.945425e+001  -2.674834e+001  -1.350890e+001  -0.000000e+000  
-0.000000e+000  -2.026263e+001  -4.019836e+001  -5.948553e+001  -7.781298e+001  -9.488502e+001  -1.104262e+002  -1.256147e+002  -1.382976e+002  -1.482219e+002  -1.597898e+002  -1.255870e+002  -6.425223e+001  -4.356034e+001  -2.199958e+001  -0.000000e+000  
-0.000000e+000  -3.253235e+001  -6.453983e+001  -9.550605e+001  -1.249314e+002  -1.523411e+002  -1.772930e+002  -2.016786e+002  -2.220415e+002  -2.379754e+002  -2.565480e+002  -2.016342e+002  -1.031591e+002  -6.993761e+001  -3.532107e+001  -0.000000e+000  
-0.000000e+000  -4.370586e+001  -8.670658e+001  -1.283084e+002  -1.678401e+002  -2.046640e+002  -2.381858e+002  -2.709469e+002  -2.983035e+002  -3.197100e+002  -3.446616e+002  -2.708872e+002  -1.385900e+002  -9.395828e+001  -4.745239e+001  -0.000000e+000  
-0.000000e+000  -5.227043e+001  -1.036975e+002  -1.534516e+002  -2.007300e+002  -2.447698e+002  -2.848606e+002  -3.240414e+002  -3.567588e+002  -3.823601e+002  -4.122012e+002  -3.239701e+002  -1.657480e+002  -1.123703e+002  -5.675113e+001  -0.000000e+000  
-0.000000e+000  -5.736372e+001  -1.138020e+002  -1.684041e+002  -2.202893e+002  -2.686205e+002  -3.126177e+002  -3.556164e+002  -3.915218e+002  -4.196178e+002  -4.523666e+002  -3.555381e+002  -1.818987e+002  -1.233198e+002  -6.228103e+001  -0.000000e+000  
-0.000000e+000  -5.872246e+001  -1.164975e+002  -1.723930e+002  -2.255072e+002  -2.749831e+002  -3.200225e+002  -3.640397e+002  -4.007955e+002  -4.295570e+002  -4.630815e+002  -3.639595e+002  -1.862072e+002  -1.262408e+002  -6.375624e+001  -0.000000e+000  
-0.000000e+000  -5.910561e+001  -1.172576e+002  -1.735178e+002  -2.269786e+002  -2.767773e+002  -3.221106e+002  -3.664150e+002  -4.034107e+002  -4.323598e+002  -4.661030e+002  -3.663342e+002  -1.874222e+002  -1.270645e+002  -6.417224e+001  -0.000000e+000  
-0.000000e+000  -5.929750e+001  -1.176383e+002  -1.740812e+002  -2.277155e+002  -2.776759e+002  -3.231563e+002  -3.676045e+002  -4.047203e+002  -4.337634e+002  -4.676162e+002  -3.675235e+002  -1.880307e+002  -1.274770e+002  -6.438057e+001  -0.000000e+000  
-0.000000e+000  -0.000000e+000  -0.000000e+000  -0.000000e+000  -0.000000e+000  -0.000000e+000  -0.000000e+000  -0.000000e+000  -0.000000e+000  -0.000000e+000  -0.000000e+000  -0.000000e+000  -0.000000e+000  -0.000000e+000  -0.000000e+000  -0.000000e+000  

-0.000000e+000  -0.000000e+000  -0.000000e+000  -0.000000e+000  -0.000000e+000  -0.000000e+000  -0.000000e+000  -0.000000e+000  -0.000000e+000  -0.000000e+000  -0.000000e+000  -0.000000e+000  -0.000000e+000  -0.000000e+000  -0.000000e+000  -0.000000e+000  
-0.000000e+000  -4.723401e-007  -7.331708e-007  -1.254677e-006  -1.461660e-006  -1.934280e-006  -2.056995e-006  -2.269043e-006  -2.134975e-006  -1.937507e-006  -7.935029e-007  -3.875317e-007  -4.085471e-007  -3.746648e-007  -1.414157e-007  -0.000000e+000  
-0.000000e+000  -8.168154e-007  -1.655971e-006  -2.394755e-006  -3.155436e-006  -3.734006e-006  -4.248477e-006  -4.644095e-006  -4.503684e-006  -3.912304e-006  -1.476901e-006  -7.745070e-007  -8.980341e-007  -7.597219e-007  -4.636095e-007  -0.000000e+000  
-0.000000e+000  -1.294678e-006  -2.549944e-006  -3.651435e-006  -4.702288e-006  -5.622960e-006  -6.387077e-006  -7.325454e-006  -7.216623e-006  -5.828414e-006  -1.919495e-006  -1.170504e-006  -1.446519e-006  -1.442206e-006  -8.361016e-007  -0.000000e+000  
-0.000000e+000  -2.405622e-006  -4.763784e-006  -6.988541e-006  -9.050716e-006  -1.084994e-005  -1.256413e-005  -1.322160e-005  -1.410001e-005  -1.510721e-005  -2.192473e-005  -1.766551e-005  -6.295169e-006  -4.210560e-006  -2.137305e-006  -0.000000e+000  
-0.000000e+000  -1.369126e-006  -2.616288e-006  -3.979099e-006  -5.168168e-006  -6.265525e-006  -7.302016e-006  -8.383775e-006  -9.280472e-006  -9.994951e-006  -1.037868e-005  -7.316452e-006  -4.834599e-006  -3.234120e-006  -1.633665e-006  -0.000000e+000  
-0.000000e+000  -4.628094e-007  -8.759373e-007  -1.299911e-006  -1.659997e-006  -1.943968e-006  -2.183106e-006  -2.421257e-006  -2.448744e-006  -2.283152e-006  1.781960e-007  1.874403e-006  -5.749949e-007  -3.183797e-007  -1.205617e-007  -0.000000e+000  
-0.000000e+000  2.028419e-007  3.189067e-007  3.775627e-007  4.363686e-007  4.548857e-007  4.109868e-007  2.311093e-006  4.104770e-006  5.850826e-006  1.073413e-005  9.892485e-006  6.647741e-006  4.382357e-006  2.180440e-006  -0.000000e+000  
-0.000000e+000  -1.131389e-008  -6.987734e-008  -1.617513e-007  -1.189250e-007  -1.699481e-007  8.005492e-009  1.636670e-006  3.109358e-006  4.135787e-006  5.051089e-006  5.380486e-006  5.093303e-006  3.450595e-006  1.739673e-006  -0.000000e+000  
-0.000000e+000  -1.289245e-007  -2.323614e-007  -4.419951e-007  -3.704245e-007  -4.581234e-007  -3.294311e-007  1.015769e-006  2.293401e-006  3.530581e-006  5.071445e-006  5.817669e-006  4.096578e-006  2.872218e-006  1.474943e-006  -0.000000e+000  
-0.000000e+000  -2.056254e-007  -4.145830e-007  -4.338825e-007  -6.095374e-007  -5.933753e-007  -5.790001e-007  7.199415e-007  1.968065e-006  3.118424e-006  5.209219e-006  6.099154e-006  3.533885e-006  2.456178e-006  1.199816e-006  -0.000000e+000  
-0.000000e+000  -2.268778e-007  -2.744935e-007  -7.516720e-007  -4.875438e-007  -6.486523e-007  -2.073377e-007  5.165916e-007  1.702099e-006  3.080303e-006  5.436308e-006  6.285138e-006  3.185974e-006  1.969312e-006  1.135046e-006  -0.000000e+000  
-0.000000e+000  4.707586e-008  -6.625039e-007  -7.294237e-008  -7.733748e-007  -5.126692e-007  -6.748648e-007  8.424826e-007  1.644350e-006  2.615880e-006  5.247840e-006  6.357427e-006  2.629580e-006  2.426612e-006  1.082358e-006  -0.000000e+000  
-0.000000e+000  -3.957414e-007  -1.160425e-007  -7.318211e-007  -4.670063e-007  -3.127684e-007  -3.901650e-007  5.543567e-007  1.999469e-006  2.855302e-006  5.245857e-006  6.422863e-006  2.962891e-006  1.875693e-006  8.870887e-007  -0.000000e+000  
-0.000000e+000  -2.194806e-007  -2.496522e-007  -3.330208e-007  -4.408601e-007  -5.876232e-007  -9.412624e-008  5.673953e-007  1.723874e-006  2.564018e-006  5.378177e-006  6.455741e-006  2.783821e-006  1.864825e-006  1.234937e-006  -0.000000e+000  
-0.000000e+000  -9.067585e-008  -5.935368e-007  -4.408112e-007  -7.897669e-007  -5.573836e-007  -6.275060e-007  7.439133e-007  1.545231e-006  3.050682e-006  5.155261e-006  6.202497e-006  3.145428e-006  2.221461e-006  9.901560e-007  -0.000000e+000  
-0.000000e+000  -1.480421e-007  -2.991209e-007  -5.403008e-007  -5.067198e-007  -5.366644e-007  -5.596677e-007  6.972841e-007  1.964512e-006  3.136158e-006  5.223980e-006  6.075031e-006  3.523421e-006  2.385289e-006  1.229113e-006  -0.000000e+000  
-0.000000e+000  -2.676137e-007  -2.250934e-007  -2.888153e-007  -4.588437e-007  -4.169336e-007  -2.581153e-007  1.009398e-006  2.405068e-006  3.573997e-006  5.194279e-006  5.792532e-006  4.072128e-006  2.884822e-006  1.404345e-006  -0.000000e+000  
-0.000000e+000  -2.880221e-008  -1.355506e-007  -7.390820e-008  -1.030049e-007  -8.757006e-008  -4.983974e-008  1.708810e-006  3.118793e-006  4.170247e-006  5.084112e-006  5.413205e-006  5.092254e-006  3.472055e-006  1.788170e-006  -0.000000e+000  
-0.000000e+000  1.953691e-007  3.482890e-007  4.348994e-007  4.936017e-007  5.369937e-007  4.337904e-007  2.291239e-006  4.111017e-006  5.933513e-006  1.072392e-005  9.887063e-006  6.678726e-006  4.387738e-006  2.183765e-006  -0.000000e+000  
-0.000000e+000  -4.273979e-007  -8.609288e-007  -1.318814e-006  -1.695096e-006  -1.988563e-006  -2.151555e-006  -2.318795e-006  -2.348810e-006  -2.248568e-006  1.675107e-007  1.879616e-006  -5.393636e-007  -3.292898e-007  -1.395828e-007  -0.000000e+000  
-0.000000e+000  -1.336842e-006  -2.699088e-006  -3.995412e-006  -5.188269e-006  -6.308258e-006  -7.253375e-006  -8.386233e-006  -9.238315e-006  -9.922344e-006  -1.037347e-005  -7.265545e-006  -4.796881e-006  -3.219337e-006  -1.608598e-006  -0.000000e+000  
-0.000000e+000  -2.334408e-006  -4.706339e-006  -6.868138e-006  -9.108613e-006  -1.095201e-005  -1.261151e-005  -1.319310e-005  -1.401121e-005  -1.507501e-005  -2.192978e-005  -1.769944e-005  -6.302285e-006  -4.201300e-006  -2.105954e-006  -0.000000e+000  
-0.000000e+000  -1.278353e-006  -2.494574e-006  -3.720595e-006  -4.753570e-006  -5.700329e-006  -6.374125e-006  -7.229267e-006  -7.115892e-006  -5.852757e-006  -1.924043e-006  -1.165747e-006  -1.395428e-006  -1.420146e-006  -8.679546e-007  -0.000000e+000  
-0.000000e+000  -8.227460e-007  -1.719038e-006  -2.374663e-006  -3.160617e-006  -3.825560e-006  -4.229620e-006  -4.606791e-006  -4.479725e-006  -3.931043e-006  -1.427343e-006  -7.659350e-007  -9.220890e-007  -8.671629e-007  -4.583367e-007  -0.000000e+000  
-0.000000e+000  -4.450931e-007  -7.939478e-007  -1.172119e-006  -1.625782e-006  -1.797679e-006  -2.232641e-006  -2.242588e-006  -2.246777e-006  -1.972383e-006  -7.590034e-007  -3.966759e-007  -5.007153e-007  -3.451679e-007  -2.208419e-007  -0.000000e+000  
-0.000000e+000  -0.000000e+000  -0.000000e+000  -0.000000e+000  -0.000000e+000  -0.000000e+000  -0.000000e+000  -0.000000e+000  -0.000000e+000  -0.000000e+000  -0.000000e+000  -0.000000e+000  -0.000000e+000  -0.000000e+000  -0.000000e+000  -0.000000e+000  

0.000000e+000  0.000000e+000  0.000000e+000  0.000000e+000  0.000000e+000  0.000000e+000  0.000000e+000  0.000000e+000  0.000000e+000  0.000000e+000  0.000000e+000  0.000000e+000  0.000000e+000  0.000000e+000  0.000000e+000  0.000000e+000  
0.000000e+000  0.000000e+000  0.000000e+000  0.000000e+000  0.000000e+000  0.000000e+000  0.000000e+000  0.000000e+000  0.000000e+000  0.000000e+000  0.000000e+000  0.000000e+000  0.000000e+000  0.000000e+000  0.000000e+000  0.000000e+000  
0.000000e+000  0.000000e+000  0.000000e+000  0.000000e+000  0.000000e+000  0.000000e+000  0.000000e+000  0.000000e+000  0.000000e+000  0.000000e+000  0.000000e+000  0.000000e+000  0.000000e+000  0.000000e+000  0.000000e+000  0.000000e+000  
0.000000e+000  0.000000e+000  0.000000e+000  0.000000e+000  0.000000e+000  0.000000e+000  0.000000e+000  0.000000e+000  0.000000e+000  0.000000e+000  0.000000e+000  0.000000e+000  0.000000e+000  0.000000e+000  0.000000e+000  0.000000e+000  
0.000000e+000  0.000000e+000  0.000000e+000  0.000000e+000  0.000000e+000  0.000000e+000  0.000000e+000  0.000000e+000  0.000000e+000  0.000000e+000  0.000000e+000  0.000000e+000  0.000000e+000  0.000000e+000  0.000000e+000  0.000000e+000  
0.000000e+000  0.000000e+000  0.000000e+000  0.000000e+000  0.000000e+000  0.000000e+000  0.000000e+000  0.000000e+000  0.000000e+000  0.000000e+000  0.000000e+000  0.000000e+000  0.000000e+000  0.000000e+000  0.000000e+000  0.000000e+000  
0.000000e+000  0.000000e+000  0.000000e+000  0.000000e+000  0.000000e+000  0.000000e+000  0.000000e+000  0.000000e+000  0.000000e+000  0.000000e+000  0.000000e+000  0.000000e+000  0.000000e+000  0.000000e+000  0.000000e+000  0.000000e+000  
0.000000e+000  0.000000e+000  0.000000e+000  0.000000e+000  0.000000e+000  0.000000e+000  0.000000e+000  0.000000e+000  0.000000e+000  0.000000e+000  0.000000e+000  0.000000e+000  0.000000e+000  0.000000e+000  0.000000e+000  0.000000e+000  
0.000000e+000  0.000000e+000  0.000000e+000  0.000000e+000  0.000000e+000  0.000000e+000  0.000000e+000  0.000000e+000  0.000000e+000  0.000000e+000  0.000000e+000  0.000000e+000  0.000000e+000  0.000000e+000  0.000000e+000  0.000000e+000  
0.000000e+000  0.000000e+000  0.000000e+000  0.000000e+000  0.000000e+000  0.000000e+000  0.000000e+000  0.000000e+000  0.000000e+000  0.000000e+000  0.000000e+000  0.000000e+000  0.000000e+000  0.000000e+000  0.000000e+000  0.000000e+000  
0.000000e+000  0.000000e+000  0.000000e+000  0.000000e+000  0.000000e+000  0.000000e+000  0.000000e+000  0.000000e+000  0.000000e+000  0.000000e+000  0.000000e+000  0.000000e+000  0.000000e+000  0.000000e+000  0.000000e+000  0.000000e+000  
0.000000e+000  0.000000e+000  0.000000e+000  0.000000e+000  0.000000e+000  0.000000e+000  0.000000e+000  0.000000e+000  0.000000e+000  0.000000e+000  0.000000e+000  0.000000e+000  0.000000e+000  0.000000e+000  0.000000e+000  0.000000e+000  
0.000000e+000  0.000000e+000  0.000000e+000  0.000000e+000  0.000000e+000  0.000000e+000  0.000000e+000  0.000000e+000  0.000000e+000  0.000000e+000  0.000000e+000  0.000000e+000  0.000000e+000  0.000000e+000  0.000000e+000  0.000000e+000  
0.000000e+000  0.000000e+000  0.000000e+000  0.000000e+000  0.000000e+000  0.000000e+000  0.000000e+000  0.000000e+000  0.000000e+000  0.000000e+000  0.000000e+000  0.000000e+000  0.000000e+000  0.000000e+000  0.000000e+000  0.000000e+000  
0.000000e+000  0.000000e+000  0.000000e+000  0.000000e+000  0.000000e+000  0.000000e+000  0.000000e+000  0.000000e+000  0.000000e+000  0.000000e+000  0.000000e+000  0.000000e+000  0.000000e+000  0.000000e+000  0.000000e+000  0.000000e+000  
0.000000e+000  0.000000e+000  0.000000e+000  0.000000e+000  0.000000e+000  0.000000e+000  0.000000e+000  0.000000e+000  0.000000e+000  0.000000e+000  0.000000e+000  0.000000e+000  0.000000e+000  0.000000e+000  0.000000e+000  0.000000e+000  
0.000000e+000  0.000000e+000  0.000000e+000  0.000000e+000  0.000000e+000  0.000000e+000  0.000000e+000  0.000000e+000  0.000000e+000  0.000000e+000  0.000000e+000  0.000000e+000  0.000000e+000  0.000000e+000  0.000000e+000  0.000000e+000  
0.000000e+000  0.000000e+000  0.000000e+000  0.000000e+000  0.000000e+000  0.000000e+000  0.000000e+000  0.000000e+000  0.000000e+000  0.000000e+000  0.000000e+000  0.000000e+000  0.000000e+000  0.000000e+000  0.000000e+000  0.000000e+000  
0.000000e+000  0.000000e+000  0.000000e+000  0.000000e+000  0.000000e+000  0.000000e+000  0.000000e+000  0.000000e+000  0.000000e+000  0.000000e+000  0.000000e+000  0.000000e+000  0.000000e+000  0.000000e+000  0.000000e+000  0.000000e+000  
0.000000e+000  0.000000e+000  0.000000e+000  0.000000e+000  0.000000e+000  0.000000e+000  0.000000e+000  0.000000e+000  0.000000e+000  0.000000e+000  0.000000e+000  0.000000e+000  0.000000e+000  0.000000e+000  0.000000e+000  0.000000e+000  
0.000000e+000  0.000000e+000  0.000000e+000  0.000000e+000  0.000000e+000  0.000000e+000  0.000000e+000  0.000000e+000  0.000000e+000  0.000000e+000  0.000000e+000  0.000000e+000  0.000000e+000  0.000000e+000  0.000000e+000  0.000000e+000  
0.000000e+000  0.000000e+000  0.000000e+000  0.000000e+000  0.000000e+000  0.000000e+000  0.000000e+000  0.000000e+000  0.000000e+000  0.000000e+000  0.000000e+000  0.000000e+000  0.000000e+000  0.000000e+000  0.000000e+000  0.000000e+000  
0.000000e+000  0.000000e+000  0.000000e+000  0.000000e+000  0.000000e+000  0.000000e+000  0.000000e+000  0.000000e+000  0.000000e+000  0.000000e+000  0.000000e+000  0.000000e+000  0.000000e+000  0.000000e+000  0.000000e+000  0.000000e+000  
0.000000e+000  0.000000e+000  0.000000e+000  0.000000e+000  0.000000e+000  0.000000e+000  0.000000e+000  0.000000e+000  0.000000e+000  0.000000e+000  0.000000e+000  0.000000e+000  0.000000e+000  0.000000e+000  0.000000e+000  0.000000e+000  
0.000000e+000  0.000000e+000  0.000000e+000  0.000000e+000  0.000000e+000  0.000000e+000  0.000000e+000  0.000000e+000  0.000000e+000  0.000000e+000  0.000000e+000  0.000000e+000  0.000000e+000  0.000000e+000  0.000000e+000  0.000000e+000  
0.000000e+000  0.000000e+000  0.000000e+000  0.000000e+000  0.000000e+000  0.000000e+000  0.000000e+000  0.000000e+000  0.000000e+000  0.000000e+000  0.000000e+000  0.000000e+000  0.000000e+000  0.000000e+000  0.000000e+000  0.000000e+000  
0.000000e+000  0.000000e+000  0.000000e+000  0.000000e+000  0.000000e+000  0.000000e+000  0.000000e+000  0.000000e+000  0.000000e+000  0.000000e+000  0.000000e+000  0.000000e+000  0.000000e+000  0.000000e+000  0.000000e+000  0.000000e+000  

0.000000e+000  0.000000e+000  0.000000e+000  0.000000e+000  0.000000e+000  0.000000e+000  0.000000e+000  0.000000e+000  0.000000e+000  0.000000e+000  0.000000e+000  0.000000e+000  0.000000e+000  0.000000e+000  0.000000e+000  0.000000e+000  
0.000000e+000  0.000000e+000  0.000000e+000  0.000000e+000  0.000000e+000  0.000000e+000  0.000000e+000  0.000000e+000  0.000000e+000  0.000000e+000  0.000000e+000  0.000000e+000  0.000000e+000  0.000000e+000  0.000000e+000  0.000000e+000  
0.000000e+000  0.000000e+000  0.000000e+000  0.000000e+000  0.000000e+000  0.000000e+000  0.000000e+000  0.000000e+000  0.000000e+000  0.000000e+000  0.000000e+000  0.000000e+000  0.000000e+000  0.000000e+000  0.000000e+000  0.000000e+000  
0.000000e+000  0.000000e+000  0.000000e+000  0.000000e+000  0.000000e+000  0.000000e+000  0.000000e+000  0.000000e+000  0.000000e+000  0.000000e+000  0.000000e+000  0.000000e+000  0.000000e+000  0.000000e+000  0.000000e+000  0.000000e+000  
0.000000e+000  0.000000e+000  0.000000e+000  0.000000e+000  0.000000e+000  0.000000e+000  0.000000e+000  0.000000e+000  0.000000e+000  0.000000e+000  0.000000e+000  0.000000e+000  0.000000e+000  0.000000e+000  0.000000e+000  0.000000e+000  
0.000000e+000  0.000000e+000  0.000000e+000  0.000000e+000  0.000000e+000  0.000000e+000  0.000000e+000  0.000000e+000  0.000000e+000  0.000000e+000  0.000000e+000  0.000000e+000  0.000000e+000  0.000000e+000  0.000000e+000  0.000000e+000  
0.000000e+000  0.000000e+000  0.000000e+000  0.000000e+000  0.000000e+000  0.000000e+000  0.000000e+000  0.000000e+000  0.000000e+000  0.000000e+000  0.000000e+000  0.000000e+000  0.000000e+000  0.000000e+000  0.000000e+000  0.000000e+000  
0.000000e+000  0.000000e+000  0.000000e+000  0.000000e+000  0.000000e+000  0.000000e+000  0.000000e+000  0.000000e+000  0.000000e+000  0.000000e+000  0.000000e+000  0.000000e+000  0.000000e+000  0.000000e+000  0.000000e+000  0.000000e+000  
0.000000e+000  0.000000e+000  0.000000e+000  0.000000e+000  0.000000e+000  0.000000e+000  0.000000e+000  0.000000e+000  0.000000e+000  0.000000e+000  0.000000e+000  0.000000e+000  0.000000e+000  0.000000e+000  0.000000e+000  0.000000e+000  
0.000000e+000  0.000000e+000  0.000000e+000  0.000000e+000  0.000000e+000  0.000000e+000  0.000000e+000  0.000000e+000  0.000000e+000  0.000000e+000  0.000000e+000  0.000000e+000  0.000000e+000  0.000000e+000  0.000000e+000  0.000000e+000  
0.000000e+000  0.000000e+000  0.000000e+000  0.000000e+000  0.000000e+000  0.000000e+000  0.000000e+000  0.000000e+000  0.000000e+000  0.000000e+000  0.000000e+000  0.000000e+000  0.000000e+000  0.000000e+000  0.000000e+000  0.000000e+000  
0.000000e+000  0.000000e+000  0.000000e+000  0.000000e+000  0.000000e+000  0.000000e+000  0.000000e+000  0.000000e+000  0.000000e+000  0.000000e+000  0.000000e+000  0.000000e+000  0.000000e+000  0.000000e+000  0.000000e+000  0.000000e+000  
0.000000e+000  0.000000e+000  0.000000e+000  0.000000e+000  0.000000e+000  0.000000e+000  0.000000e+000  0.000000e+000  0.000000e+000  0.000000e+000  0.000000e+000  0.000000e+000  0.000000e+000  0.000000e+000  0.000000e+000  0.000000e+000  
0.000000e+000  0.000000e+000  0.000000e+000  0.000000e+000  0.000000e+000  0.000000e+000  0.000000e+000  0.000000e+000  0.000000e+000  0.000000e+000  0.000000e+000  0.000000e+000  0.000000e+000  0.000000e+000  0.000000e+000  0.000000e+000  
0.000000e+000  0.000000e+000  0.000000e+000  0.000000e+000  0.000000e+000  0.000000e+000  0.000000e+000  0.000000e+000  0.000000e+000  0.000000e+000  0.000000e+000  0.000000e+000  0.000000e+000  0.000000e+000  0.000000e+000  0.000000e+000  
0.000000e+000  0.000000e+000  0.000000e+000  0.000000e+000  0.000000e+000  0.000000e+000  0.000000e+000  0.000000e+000  0.000000e+000  0.000000e+000  0.000000e+000  0.000000e+000  0.000000e+000  0.000000e+000  0.000000e+000  0.000000e+000  
0.000000e+000  0.000000e+000  0.000000e+000  0.000000e+000  0.000000e+000  0.000000e+000  0.000000e+000  0.000000e+000  0.000000e+000  0.000000e+000  0.000000e+000  0.000000e+000  0.000000e+000  0.000000e+000  0.000000e+000  0.000000e+000  
0.000000e+000  0.000000e+000  0.000000e+000  0.000000e+000  0.000000e+000  0.000000e+000  0.000000e+000  0.000000e+000  0.000000e+000  0.000000e+000  0.000000e+000  0.000000e+000  0.000000e+000  0.000000e+000  0.000000e+000  0.000000e+000  
0.000000e+000  0.000000e+000  0.000000e+000  0.000000e+000  0.000000e+000  0.000000e+000  0.000000e+000  0.000000e+000  0.000000e+000  0.000000e+000  0.000000e+000  0.000000e+000  0.000000e+000  0.000000e+000  0.000000e+000  0.000000e+000  
0.000000e+000  0.000000e+000  0.000000e+000  0.000000e+000  0.000000e+000  0.000000e+000  0.000000e+000  0.000000e+000  0.000000e+000  0.000000e+000  0.000000e+000  0.000000e+000  0.000000e+000  0.000000e+000  0.000000e+000  0.000000e+000  
0.000000e+000  0.000000e+000  0.000000e+000  0.000000e+000  0.000000e+000  0.000000e+000  0.000000e+000  0.000000e+000  0.000000e+000  0.000000e+000  0.000000e+000  0.000000e+000  0.000000e+000  0.000000e+000  0.000000e+000  0.000000e+000  
0.000000e+000  0.000000e+000  0.000000e+000  0.000000e+000  0.000000e+000  0.000000e+000  0.000000e+000  0.000000e+000  0.000000e+000  0.000000e+000  0.000000e+000  0.000000e+000  0.000000e+000  0.000000e+000  0.000000e+000  0.000000e+000  
0.000000e+000  0.000000e+000  0.000000e+000  0.000000e+000  0.000000e+000  0.000000e+000  0.000000e+000  0.000000e+000  0.000000e+000  0.000000e+000  0.000000e+000  0.000000e+000  0.000000e+000  0.000000e+000  0.000000e+000  0.000000e+000  
0.000000e+000  0.000000e+000  0.000000e+000  0.000000e+000  0.000000e+000  0.000000e+000  0.000000e+000  0.000000e+000  0.000000e+000  0.000000e+000  0.000000e+000  0.000000e+000  0.000000e+000  0.000000e+000  0.000000e+000  0.000000e+000  
0.000000e+000  0.000000e+000  0.000000e+000  0.000000e+000  0.000000e+000  0.000000e+000  0.000000e+000  0.000000e+000  0.000000e+000  0.000000e+000  0.000000e+000  0.000000e+000  0.000000e+000  0.000000e+000  0.000000e+000  0.000000e+000  
0.000000e+000  0.000000e+000  0.000000e+000  0.000000e+000  0.000000e+000  0.000000e+000  0.000000e+000  0.000000e+000  0.000000e+000  0.000000e+000  0.000000e+000  0.000000e+000  0.000000e+000  0.000000e+000  0.000000e+000  0.000000e+000  
0.000000e+000  0.000000e+000  0.000000e+000  0.000000e+000  0.000000e+000  0.000000e+000  0.000000e+000  0.000000e+000  0.000000e+000  0.000000e+000  0.000000e+000  0.000000e+000  0.000000e+000  0.000000e+000  0.000000e+000  0.000000e+000  

0.000000e+000  0.000000e+000  0.000000e+000  0.000000e+000  0.000000e+000  0.000000e+000  0.000000e+000  0.000000e+000  0.000000e+000  0.000000e+000  0.000000e+000  0.000000e+000  0.000000e+000  0.000000e+000  0.000000e+000  0.000000e+000  
0.000000e+000  0.000000e+000  0.000000e+000  0.000000e+000  0.000000e+000  0.000000e+000  0.000000e+000  0.000000e+000  0.000000e+000  0.000000e+000  0.000000e+000  0.000000e+000  0.000000e+000  0.000000e+000  0.000000e+000  0.000000e+000  
0.000000e+000  0.000000e+000  0.000000e+000  0.000000e+000  0.000000e+000  0.000000e+000  0.000000e+000  0.000000e+000  0.000000e+000  0.000000e+000  0.000000e+000  0.000000e+000  0.000000e+000  0.000000e+000  0.000000e+000  0.000000e+000  
0.000000e+000  0.000000e+000  0.000000e+000  0.000000e+000  0.000000e+000  0.000000e+000  0.000000e+000  0.000000e+000  0.000000e+000  0.000000e+000  0.000000e+000  0.000000e+000  0.000000e+000  0.000000e+000  0.000000e+000  0.000000e+000  
0.000000e+000  0.000000e+000  0.000000e+000  0.000000e+000  0.000000e+000  0.000000e+000  0.000000e+000  0.000000e+000  0.000000e+000  0.000000e+000  0.000000e+000  0.000000e+000  0.000000e+000  0.000000e+000  0.000000e+000  0.000000e+000  
0.000000e+000  0.000000e+000  0.000000e+000  0.000000e+000  0.000000e+000  0.000000e+000  0.000000e+000  0.000000e+000  0.000000e+000  0.000000e+000  0.000000e+000  0.000000e+000  0.000000e+000  0.000000e+000  0.000000e+000  0.000000e+000  
0.000000e+000  0.000000e+000  0.000000e+000  0.000000e+000  0.000000e+000  0.000000e+000  0.000000e+000  0.000000e+000  0.000000e+000  0.000000e+000  0.000000e+000  0.000000e+000  0.000000e+000  0.000000e+000  0.000000e+000  0.000000e+000  
0.000000e+000  0.000000e+000  0.000000e+000  0.000000e+000  0.000000e+000  0.000000e+000  0.000000e+000  0.000000e+000  0.000000e+000  0.000000e+000  0.000000e+000  0.000000e+000  0.000000e+000  0.000000e+000  0.000000e+000  0.000000e+000  
0.000000e+000  0.000000e+000  0.000000e+000  0.000000e+000  0.000000e+000  0.000000e+000  0.000000e+000  0.000000e+000  0.000000e+000  0.000000e+000  0.000000e+000  0.000000e+000  0.000000e+000  0.000000e+000  0.000000e+000  0.000000e+000  
0.000000e+000  0.000000e+000  0.000000e+000  0.000000e+000  0.000000e+000  0.000000e+000  0.000000e+000  0.000000e+000  0.000000e+000  0.000000e+000  0.000000e+000  0.000000e+000  0.000000e+000  0.000000e+000  0.000000e+000  0.000000e+000  
0.000000e+000  0.000000e+000  0.000000e+000  0.000000e+000  0.000000e+000  0.000000e+000  0.000000e+000  0.000000e+000  0.000000e+000  0.000000e+000  0.000000e+000  0.000000e+000  0.000000e+000  0.000000e+000  0.000000e+000  0.000000e+000  
0.000000e+000  0.000000e+000  0.000000e+000  0.000000e+000  0.000000e+000  0.000000e+000  0.000000e+000  0.000000e+000  0.000000e+000  0.000000e+000  0.000000e+000  0.000000e+000  0.000000e+000  0.000000e+000  0.000000e+000  0.000000e+000  
0.000000e+000  0.000000e+000  0.000000e+000  0.000000e+000  0.000000e+000  0.000000e+000  0.000000e+000  0.000000e+000  0.000000e+000  0.000000e+000  0.000000e+000  0.000000e+000  0.000000e+000  0.000000e+000  0.000000e+000  0.000000e+000  
0.000000e+000  0.000000e+000  0.000000e+000  0.000000e+000  0.000000e+000  0.000000e+000  0.000000e+000  0.000000e+000  0.000000e+000  0.000000e+000  0.000000e+000  0.000000e+000  0.000000e+000  0.000000e+000  0.000000e+000  0.000000e+000  
0.000000e+000  0.000000e+000  0.000000e+000  0.000000e+000  0.000000e+000  0.000000e+000  0.000000e+000  0.000000e+000  0.000000e+000  0.000000e+000  0.000000e+000  0.000000e+000  0.000000e+000  0.000000e+000  0.000000e+000  0.000000e+000  
0.000000e+000  0.000000e+000  0.000000e+000  0.000000e+000  0.000000e+000  0.000000e+000  0.000000e+000  0.000000e+000  0.000000e+000  0.000000e+000  0.000000e+000  0.000000e+000  0.000000e+000  0.000000e+000  0.000000e+000  0.000000e+000  
0.000000e+000  0.000000e+000  0.000000e+000  0.000000e+000  0.000000e+000  0.000000e+000  0.000000e+000  0.000000e+000  0.000000e+000  0.000000e+000  0.000000e+000  0.000000e+000  0.000000e+000  0.000000e+000  0.000000e+000  0.000000e+000  
0.000000e+000  0.000000e+000  0.000000e+000  0.000000e+000  0.000000e+000  0.000000e+000  0.000000e+000  0.000000e+000  0.000000e+000  0.000000e+000  0.000000e+000  0.000000e+000  0.000000e+000  0.000000e+000  0.000000e+000  0.000000e+000  
0.000000e+000  0.000000e+000  0.000000e+000  0.000000e+000  0.000000e+000  0.000000e+000  0.000000e+000  0.000000e+000  0.000000e+000  0.000000e+000  0.000000e+000  0.000000e+000  0.000000e+000  0.000000e+000  0.000000e+000  0.000000e+000  
0.000000e+000  0.000000e+000  0.000000e+000  0.000000e+000  0.000000e+000  0.000000e+000  0.000000e+000  0.000000e+000  0.000000e+000  0.000000e+000  0.000000e+000  0.000000e+000  0.000000e+000  0.000000e+000  0.000000e+000  0.000000e+000  
0.000000e+000  0.000000e+000  0.000000e+000  0.000000e+000  0.000000e+000  0.000000e+000  0.000000e+000  0.000000e+000  0.000000e+000  0.000000e+000  0.000000e+000  0.000000e+000  0.000000e+000  0.000000e+000  0.000000e+000  0.000000e+000  
0.000000e+000  0.000000e+000  0.000000e+000  0.000000e+000  0.000000e+000  0.000000e+000  0.000000e+000  0.000000e+000  0.000000e+000  0.000000e+000  0.000000e+000  0.000000e+000  0.000000e+000  0.000000e+000  0.000000e+000  0.000000e+000  
0.000000e+000  0.000000e+000  0.000000e+000  0.000000e+000  0.000000e+000  0.000000e+000  0.000000e+000  0.000000e+000  0.000000e+000  0.000000e+000  0.000000e+000  0.000000e+000  0.000000e+000  0.000000e+000  0.000000e+000  0.000000e+000  
0.000000e+000  0.000000e+000  0.000000e+000  0.000000e+000  0.000000e+000  0.000000e+000  0.000000e+000  0.000000e+000  0.000000e+000  0.000000e+000  0.000000e+000  0.000000e+000  0.000000e+000  0.000000e+000  0.000000e+000  0.000000e+000  
0.000000e+000  0.000000e+000  0.000000e+000  0.000000e+000  0.000000e+000  0.000000e+000  0.000000e+000  0.000000e+000  0.000000e+000  0.000000e+000  0.000000e+000  0.000000e+000  0.000000e+000  0.000000e+000  0.000000e+000  0.000000e+000  
0.000000e+000  0.000000e+000  0.000000e+000  0.000000e+000  0.000000e+000  0.000000e+000  0.000000e+000  0.000000e+000  0.000000e+000  0.000000e+000  0.000000e+000  0.000000e+000  0.000000e+000  0.000000e+000  0.000000e+000  0.000000e+000  
0.000000e+000  0.000000e+000  0.000000e+000  0.000000e+000  0.000000e+000  0.000000e+000  0.000000e+000  0.000000e+000  0.000000e+000  0.000000e+000  0.000000e+000  0.000000e+000  0.000000e+000  0.000000e+000  0.000000e+000  0.000000e+000  

