Port monitor named: Port2_h1[2.2].prt

nx        = 71
ny        = 23
nz        = 31

nu        = 16
nv        = 27
iu        = 3
iv        = 3

idir      = 0
dcut      = 5.114300e-001
icut      = 71
type      = 1
frequency = 2.200000e+009

fcutoff   = 1.571433e+009
alpha     = 0.000000e+000
beta      = 3.226736e+001
accuracy  = 1.400504e-011

type          = TE
wave imp.     = 5.383304e+002
wave imp.sig. = 1.328742e-005
line imp.     = 0.000000e+000

ref. port     = 0

0.000000e+000  -3.991672e-010  -1.014375e-009  -1.413803e-009  -2.026244e-009  -2.719665e-009  -3.541944e-009  -1.565739e-010  3.171760e-009  6.564202e-009  4.028855e-009  -5.425953e-009  -8.504417e-009  -5.559558e-009  -2.750778e-009  0.000000e+000  
0.000000e+000  -5.363559e-010  -7.978131e-010  -1.497512e-009  -2.000736e-009  -2.458012e-009  -3.256134e-009  0.000000e+000  3.131307e-009  6.477280e-009  3.641286e-009  -4.954493e-009  -8.419692e-009  -5.378487e-009  -2.615071e-009  0.000000e+000  
0.000000e+000  -3.411088e-010  -8.418212e-010  -1.216287e-009  -1.666760e-009  -2.240262e-009  -2.254409e-009  7.469172e-011  2.970828e-009  6.589913e-009  2.840229e-009  -4.086227e-009  -8.259404e-009  -4.901360e-009  -2.311076e-009  0.000000e+000  
0.000000e+000  -1.995672e-010  -4.424257e-010  -7.631544e-010  -1.294865e-009  -2.136977e-009  -3.476921e-009  -1.127853e-009  7.521816e-010  2.512283e-009  4.463078e-009  -5.360168e-009  -3.560534e-009  -2.217294e-009  -1.048317e-009  0.000000e+000  
0.000000e+000  9.977631e-010  2.101131e-009  3.428530e-009  5.135458e-009  7.427422e-009  1.052099e-008  4.108166e-009  -1.652362e-009  -7.359600e-009  4.417882e-009  -4.506431e-009  9.937851e-009  6.095423e-009  2.884362e-009  0.000000e+000  
0.000000e+000  -4.638568e-010  -8.700863e-010  -1.228758e-009  -1.443422e-009  -1.489337e-009  -1.274396e-009  -3.088979e-009  -4.660156e-009  -6.272023e-009  8.024144e-010  -3.955370e-009  3.337784e-009  2.050494e-009  9.691067e-010  0.000000e+000  
0.000000e+000  -2.533060e-009  -5.255612e-009  -8.345181e-009  -1.209045e-008  -1.678125e-008  -2.283669e-008  -1.425754e-008  -6.959133e-009  1.456659e-010  -3.918481e-009  -2.444908e-009  -1.045849e-008  -6.253502e-009  -2.892980e-009  0.000000e+000  
0.000000e+000  -4.323405e-010  -8.079701e-010  -9.851781e-010  -7.361399e-010  1.819037e-010  2.293804e-009  -1.845700e-009  -4.515771e-009  -6.403730e-009  -2.871703e-009  -7.142823e-010  3.258856e-009  2.252826e-009  1.129734e-009  0.000000e+000  
0.000000e+000  -2.795408e-010  -5.566216e-010  -8.056413e-010  -1.602334e-009  -3.459248e-009  -8.950962e-009  -7.254772e-009  -1.016536e-008  -1.602898e-008  1.240067e-008  -1.443278e-008  1.404245e-008  8.117377e-009  3.699617e-009  0.000000e+000  
0.000000e+000  -1.777506e-010  -1.609788e-010  -4.075377e-010  -2.714522e-010  -4.286137e-010  -7.447727e-010  -4.794737e-009  -9.912772e-009  -1.523105e-008  1.077290e-008  -1.225957e-008  1.412330e-008  8.977682e-009  4.240483e-009  0.000000e+000  
0.000000e+000  6.362486e-011  -2.050338e-010  4.363097e-010  6.645471e-010  3.103133e-009  1.183343e-008  -1.354637e-009  -9.177182e-009  -2.071130e-008  1.260791e-008  -1.370834e-008  2.015535e-008  9.337481e-009  3.646237e-009  0.000000e+000  
0.000000e+000  -5.507176e-010  4.522970e-010  -1.306883e-009  6.167984e-011  -1.236087e-009  -9.461059e-009  -3.509370e-009  -5.314996e-009  -9.890517e-009  1.111036e-008  -1.098461e-008  9.251284e-009  4.821776e-009  2.669286e-009  0.000000e+000  
0.000000e+000  1.007596e-009  -3.071317e-010  1.584531e-009  -6.363453e-011  -4.601031e-010  -3.417400e-009  -1.125702e-009  -2.258238e-009  -2.884289e-009  3.281403e-009  -4.165830e-009  2.839138e-009  2.253974e-009  5.439780e-010  0.000000e+000  
0.000000e+000  -1.145234e-009  9.551461e-011  -8.482041e-010  1.608815e-010  2.965329e-010  3.194145e-009  1.313137e-009  2.177571e-009  3.042521e-009  -3.834283e-009  4.376849e-009  -2.501699e-009  -1.977072e-009  -1.165579e-009  0.000000e+000  
0.000000e+000  9.526598e-010  -6.810544e-011  1.988516e-010  -5.884013e-011  1.558170e-009  1.015453e-008  3.223256e-009  5.561956e-009  9.612941e-009  -1.048108e-008  1.090937e-008  -9.708982e-009  -5.304608e-009  -1.795060e-009  0.000000e+000  
0.000000e+000  -2.985597e-010  1.797070e-010  -2.716713e-010  -7.182974e-010  -3.261077e-009  -1.211319e-008  1.511525e-009  9.006098e-009  2.084124e-008  -1.265341e-008  1.353221e-008  -2.015461e-008  -9.304467e-009  -3.919580e-009  0.000000e+000  
0.000000e+000  3.179604e-010  0.000000e+000  6.094717e-010  1.060488e-010  6.087228e-010  6.752367e-010  4.690594e-009  9.996190e-009  1.516957e-008  -1.071296e-008  1.228609e-008  -1.399368e-008  -8.845439e-009  -4.078563e-009  0.000000e+000  
0.000000e+000  1.589108e-010  6.725091e-010  7.166947e-010  1.851504e-009  3.348916e-009  8.996729e-009  7.310675e-009  1.025177e-008  1.605547e-008  -1.244654e-008  1.460805e-008  -1.411865e-008  -8.098097e-009  -3.701736e-009  0.000000e+000  
0.000000e+000  4.589171e-010  8.202664e-010  9.806316e-010  7.066713e-010  -1.647331e-010  -2.282938e-009  1.813673e-009  4.515265e-009  6.402088e-009  2.868496e-009  6.927177e-010  -3.257133e-009  -2.259315e-009  -1.142336e-009  0.000000e+000  
0.000000e+000  2.540899e-009  5.260159e-009  8.347897e-009  1.209507e-008  1.677716e-008  2.283672e-008  1.426207e-008  6.951820e-009  -1.383413e-010  3.927296e-009  2.437754e-009  1.045973e-008  6.224802e-009  2.900680e-009  0.000000e+000  
0.000000e+000  4.374531e-010  8.486031e-010  1.203234e-009  1.455406e-009  1.491906e-009  1.281774e-009  3.103775e-009  4.660610e-009  6.267543e-009  -8.077249e-010  3.964075e-009  -3.336493e-009  -2.029671e-009  -9.751408e-010  0.000000e+000  
0.000000e+000  -9.957395e-010  -2.086587e-009  -3.417955e-009  -5.158987e-009  -7.433303e-009  -1.051446e-008  -4.120585e-009  1.633495e-009  7.352130e-009  -4.413738e-009  4.512162e-009  -9.923053e-009  -6.065565e-009  -2.882861e-009  0.000000e+000  
0.000000e+000  2.121348e-010  4.329208e-010  7.813190e-010  1.297510e-009  2.117552e-009  3.450342e-009  1.145642e-009  -7.379924e-010  -2.514149e-009  -4.468960e-009  5.361603e-009  3.550001e-009  2.185252e-009  1.033779e-009  0.000000e+000  
0.000000e+000  3.713713e-010  8.269341e-010  1.221069e-009  1.789891e-009  2.194025e-009  2.334086e-009  -1.136352e-010  -2.949550e-009  -6.519260e-009  -2.838878e-009  4.074406e-009  8.249955e-009  4.911241e-009  2.412208e-009  0.000000e+000  
0.000000e+000  4.128174e-010  8.416595e-010  1.412437e-009  1.885035e-009  2.534579e-009  3.205801e-009  5.852734e-011  -3.214963e-009  -6.568359e-009  -3.712517e-009  4.970796e-009  8.340200e-009  5.350572e-009  2.553859e-009  0.000000e+000  
0.000000e+000  4.755814e-010  9.631956e-010  1.441893e-009  2.062478e-009  2.727354e-009  3.539852e-009  1.450020e-010  -3.141899e-009  -6.528713e-009  -3.966607e-009  5.364279e-009  8.572626e-009  5.567689e-009  2.762615e-009  0.000000e+000  
0.000000e+000  0.000000e+000  0.000000e+000  0.000000e+000  0.000000e+000  0.000000e+000  0.000000e+000  0.000000e+000  0.000000e+000  0.000000e+000  0.000000e+000  0.000000e+000  0.000000e+000  0.000000e+000  0.000000e+000  0.000000e+000  

0.000000e+000  0.000000e+000  0.000000e+000  0.000000e+000  0.000000e+000  0.000000e+000  0.000000e+000  0.000000e+000  0.000000e+000  0.000000e+000  0.000000e+000  0.000000e+000  0.000000e+000  0.000000e+000  0.000000e+000  0.000000e+000  
5.721021e-002  5.721021e-002  5.721021e-002  5.721021e-002  5.721021e-002  5.721021e-002  5.721021e-002  5.721021e-002  5.721021e-002  5.721021e-002  5.721020e-002  5.721021e-002  5.721021e-002  5.721021e-002  5.721021e-002  0.000000e+000  
1.142353e-001  1.142353e-001  1.142353e-001  1.142353e-001  1.142353e-001  1.142353e-001  1.142353e-001  1.142353e-001  1.142353e-001  1.142353e-001  1.142353e-001  1.142353e-001  1.142353e-001  1.142353e-001  1.142353e-001  0.000000e+000  
1.708907e-001  1.708907e-001  1.708907e-001  1.708907e-001  1.708907e-001  1.708907e-001  1.708907e-001  1.708907e-001  1.708907e-001  1.708907e-001  1.708907e-001  1.708907e-001  1.708907e-001  1.708907e-001  1.708907e-001  0.000000e+000  
3.779357e-001  3.779357e-001  3.779357e-001  3.779357e-001  3.779357e-001  3.779357e-001  3.779357e-001  3.779357e-001  3.779357e-001  3.779357e-001  3.779357e-001  3.779357e-001  3.779357e-001  3.779357e-001  3.779357e-001  0.000000e+000  
5.945318e-001  5.945318e-001  5.945318e-001  5.945318e-001  5.945318e-001  5.945318e-001  5.945318e-001  5.945318e-001  5.945318e-001  5.945318e-001  5.945318e-001  5.945318e-001  5.945318e-001  5.945318e-001  5.945318e-001  0.000000e+000  
7.756384e-001  7.756384e-001  7.756384e-001  7.756384e-001  7.756384e-001  7.756384e-001  7.756384e-001  7.756384e-001  7.756384e-001  7.756384e-001  7.756384e-001  7.756384e-001  7.756384e-001  7.756384e-001  7.756384e-001  0.000000e+000  
9.104446e-001  9.104446e-001  9.104446e-001  9.104446e-001  9.104446e-001  9.104446e-001  9.104446e-001  9.104446e-001  9.104446e-001  9.104446e-001  9.104446e-001  9.104446e-001  9.104446e-001  9.104446e-001  9.104446e-001  0.000000e+000  
9.835793e-001  9.835793e-001  9.835793e-001  9.835793e-001  9.835793e-001  9.835793e-001  9.835793e-001  9.835793e-001  9.835793e-001  9.835793e-001  9.835793e-001  9.835793e-001  9.835793e-001  9.835793e-001  9.835793e-001  0.000000e+000  
9.955836e-001  9.955836e-001  9.955836e-001  9.955836e-001  9.955836e-001  9.955836e-001  9.955836e-001  9.955836e-001  9.955836e-001  9.955836e-001  9.955836e-001  9.955836e-001  9.955836e-001  9.955836e-001  9.955836e-001  0.000000e+000  
1.004366e+000  1.004366e+000  1.004366e+000  1.004366e+000  1.004366e+000  1.004366e+000  1.004366e+000  1.004366e+000  1.004366e+000  1.004366e+000  1.004366e+000  1.004366e+000  1.004366e+000  1.004366e+000  1.004366e+000  0.000000e+000  
1.009899e+000  1.009899e+000  1.009899e+000  1.009899e+000  1.009899e+000  1.009899e+000  1.009899e+000  1.009899e+000  1.009899e+000  1.009899e+000  1.009899e+000  1.009899e+000  1.009899e+000  1.009899e+000  1.009899e+000  0.000000e+000  
1.011641e+000  1.011641e+000  1.011641e+000  1.011641e+000  1.011641e+000  1.011641e+000  1.011641e+000  1.011641e+000  1.011641e+000  1.011641e+000  1.011641e+000  1.011641e+000  1.011641e+000  1.011641e+000  1.011641e+000  0.000000e+000  
1.012222e+000  1.012222e+000  1.012222e+000  1.012222e+000  1.012222e+000  1.012222e+000  1.012222e+000  1.012222e+000  1.012222e+000  1.012222e+000  1.012222e+000  1.012222e+000  1.012222e+000  1.012222e+000  1.012222e+000  0.000000e+000  
1.011641e+000  1.011641e+000  1.011641e+000  1.011641e+000  1.011641e+000  1.011641e+000  1.011641e+000  1.011641e+000  1.011641e+000  1.011641e+000  1.011641e+000  1.011641e+000  1.011641e+000  1.011641e+000  1.011641e+000  0.000000e+000  
1.009899e+000  1.009899e+000  1.009899e+000  1.009899e+000  1.009899e+000  1.009899e+000  1.009899e+000  1.009899e+000  1.009899e+000  1.009899e+000  1.009899e+000  1.009899e+000  1.009899e+000  1.009899e+000  1.009899e+000  0.000000e+000  
1.004366e+000  1.004366e+000  1.004366e+000  1.004366e+000  1.004366e+000  1.004366e+000  1.004366e+000  1.004366e+000  1.004366e+000  1.004366e+000  1.004366e+000  1.004366e+000  1.004366e+000  1.004366e+000  1.004366e+000  0.000000e+000  
9.955836e-001  9.955836e-001  9.955836e-001  9.955836e-001  9.955836e-001  9.955836e-001  9.955836e-001  9.955836e-001  9.955836e-001  9.955836e-001  9.955836e-001  9.955836e-001  9.955836e-001  9.955836e-001  9.955836e-001  0.000000e+000  
9.835793e-001  9.835793e-001  9.835793e-001  9.835793e-001  9.835793e-001  9.835793e-001  9.835793e-001  9.835793e-001  9.835793e-001  9.835793e-001  9.835793e-001  9.835793e-001  9.835793e-001  9.835793e-001  9.835793e-001  0.000000e+000  
9.104446e-001  9.104446e-001  9.104446e-001  9.104446e-001  9.104446e-001  9.104446e-001  9.104446e-001  9.104446e-001  9.104446e-001  9.104446e-001  9.104446e-001  9.104446e-001  9.104446e-001  9.104446e-001  9.104446e-001  0.000000e+000  
7.756384e-001  7.756384e-001  7.756384e-001  7.756384e-001  7.756384e-001  7.756384e-001  7.756384e-001  7.756384e-001  7.756384e-001  7.756384e-001  7.756384e-001  7.756384e-001  7.756384e-001  7.756384e-001  7.756384e-001  0.000000e+000  
5.945318e-001  5.945318e-001  5.945318e-001  5.945318e-001  5.945318e-001  5.945318e-001  5.945318e-001  5.945318e-001  5.945318e-001  5.945318e-001  5.945318e-001  5.945318e-001  5.945318e-001  5.945318e-001  5.945318e-001  0.000000e+000  
3.779357e-001  3.779357e-001  3.779357e-001  3.779357e-001  3.779357e-001  3.779357e-001  3.779357e-001  3.779357e-001  3.779357e-001  3.779357e-001  3.779357e-001  3.779357e-001  3.779357e-001  3.779357e-001  3.779357e-001  0.000000e+000  
1.708907e-001  1.708907e-001  1.708907e-001  1.708907e-001  1.708907e-001  1.708907e-001  1.708907e-001  1.708907e-001  1.708907e-001  1.708907e-001  1.708907e-001  1.708907e-001  1.708907e-001  1.708907e-001  1.708907e-001  0.000000e+000  
1.142353e-001  1.142353e-001  1.142353e-001  1.142353e-001  1.142353e-001  1.142353e-001  1.142353e-001  1.142353e-001  1.142353e-001  1.142353e-001  1.142353e-001  1.142353e-001  1.142353e-001  1.142353e-001  1.142353e-001  0.000000e+000  
5.721021e-002  5.721021e-002  5.721021e-002  5.721021e-002  5.721021e-002  5.721021e-002  5.721021e-002  5.721021e-002  5.721021e-002  5.721021e-002  5.721020e-002  5.721021e-002  5.721021e-002  5.721021e-002  5.721021e-002  0.000000e+000  
0.000000e+000  0.000000e+000  0.000000e+000  0.000000e+000  0.000000e+000  0.000000e+000  0.000000e+000  0.000000e+000  0.000000e+000  0.000000e+000  0.000000e+000  0.000000e+000  0.000000e+000  0.000000e+000  0.000000e+000  0.000000e+000  

0.000000e+000  0.000000e+000  0.000000e+000  0.000000e+000  0.000000e+000  0.000000e+000  0.000000e+000  0.000000e+000  0.000000e+000  0.000000e+000  0.000000e+000  0.000000e+000  0.000000e+000  0.000000e+000  0.000000e+000  0.000000e+000  
0.000000e+000  0.000000e+000  0.000000e+000  0.000000e+000  0.000000e+000  0.000000e+000  0.000000e+000  0.000000e+000  0.000000e+000  0.000000e+000  0.000000e+000  0.000000e+000  0.000000e+000  0.000000e+000  0.000000e+000  0.000000e+000  
0.000000e+000  0.000000e+000  0.000000e+000  0.000000e+000  0.000000e+000  0.000000e+000  0.000000e+000  0.000000e+000  0.000000e+000  0.000000e+000  0.000000e+000  0.000000e+000  0.000000e+000  0.000000e+000  0.000000e+000  0.000000e+000  
0.000000e+000  0.000000e+000  0.000000e+000  0.000000e+000  0.000000e+000  0.000000e+000  0.000000e+000  0.000000e+000  0.000000e+000  0.000000e+000  0.000000e+000  0.000000e+000  0.000000e+000  0.000000e+000  0.000000e+000  0.000000e+000  
0.000000e+000  0.000000e+000  0.000000e+000  0.000000e+000  0.000000e+000  0.000000e+000  0.000000e+000  0.000000e+000  0.000000e+000  0.000000e+000  0.000000e+000  0.000000e+000  0.000000e+000  0.000000e+000  0.000000e+000  0.000000e+000  
0.000000e+000  0.000000e+000  0.000000e+000  0.000000e+000  0.000000e+000  0.000000e+000  0.000000e+000  0.000000e+000  0.000000e+000  0.000000e+000  0.000000e+000  0.000000e+000  0.000000e+000  0.000000e+000  0.000000e+000  0.000000e+000  
0.000000e+000  0.000000e+000  0.000000e+000  0.000000e+000  0.000000e+000  0.000000e+000  0.000000e+000  0.000000e+000  0.000000e+000  0.000000e+000  0.000000e+000  0.000000e+000  0.000000e+000  0.000000e+000  0.000000e+000  0.000000e+000  
0.000000e+000  0.000000e+000  0.000000e+000  0.000000e+000  0.000000e+000  0.000000e+000  0.000000e+000  0.000000e+000  0.000000e+000  0.000000e+000  0.000000e+000  0.000000e+000  0.000000e+000  0.000000e+000  0.000000e+000  0.000000e+000  
0.000000e+000  0.000000e+000  0.000000e+000  0.000000e+000  0.000000e+000  0.000000e+000  0.000000e+000  0.000000e+000  0.000000e+000  0.000000e+000  0.000000e+000  0.000000e+000  0.000000e+000  0.000000e+000  0.000000e+000  0.000000e+000  
0.000000e+000  0.000000e+000  0.000000e+000  0.000000e+000  0.000000e+000  0.000000e+000  0.000000e+000  0.000000e+000  0.000000e+000  0.000000e+000  0.000000e+000  0.000000e+000  0.000000e+000  0.000000e+000  0.000000e+000  0.000000e+000  
0.000000e+000  0.000000e+000  0.000000e+000  0.000000e+000  0.000000e+000  0.000000e+000  0.000000e+000  0.000000e+000  0.000000e+000  0.000000e+000  0.000000e+000  0.000000e+000  0.000000e+000  0.000000e+000  0.000000e+000  0.000000e+000  
0.000000e+000  0.000000e+000  0.000000e+000  0.000000e+000  0.000000e+000  0.000000e+000  0.000000e+000  0.000000e+000  0.000000e+000  0.000000e+000  0.000000e+000  0.000000e+000  0.000000e+000  0.000000e+000  0.000000e+000  0.000000e+000  
0.000000e+000  0.000000e+000  0.000000e+000  0.000000e+000  0.000000e+000  0.000000e+000  0.000000e+000  0.000000e+000  0.000000e+000  0.000000e+000  0.000000e+000  0.000000e+000  0.000000e+000  0.000000e+000  0.000000e+000  0.000000e+000  
0.000000e+000  0.000000e+000  0.000000e+000  0.000000e+000  0.000000e+000  0.000000e+000  0.000000e+000  0.000000e+000  0.000000e+000  0.000000e+000  0.000000e+000  0.000000e+000  0.000000e+000  0.000000e+000  0.000000e+000  0.000000e+000  
0.000000e+000  0.000000e+000  0.000000e+000  0.000000e+000  0.000000e+000  0.000000e+000  0.000000e+000  0.000000e+000  0.000000e+000  0.000000e+000  0.000000e+000  0.000000e+000  0.000000e+000  0.000000e+000  0.000000e+000  0.000000e+000  
0.000000e+000  0.000000e+000  0.000000e+000  0.000000e+000  0.000000e+000  0.000000e+000  0.000000e+000  0.000000e+000  0.000000e+000  0.000000e+000  0.000000e+000  0.000000e+000  0.000000e+000  0.000000e+000  0.000000e+000  0.000000e+000  
0.000000e+000  0.000000e+000  0.000000e+000  0.000000e+000  0.000000e+000  0.000000e+000  0.000000e+000  0.000000e+000  0.000000e+000  0.000000e+000  0.000000e+000  0.000000e+000  0.000000e+000  0.000000e+000  0.000000e+000  0.000000e+000  
0.000000e+000  0.000000e+000  0.000000e+000  0.000000e+000  0.000000e+000  0.000000e+000  0.000000e+000  0.000000e+000  0.000000e+000  0.000000e+000  0.000000e+000  0.000000e+000  0.000000e+000  0.000000e+000  0.000000e+000  0.000000e+000  
0.000000e+000  0.000000e+000  0.000000e+000  0.000000e+000  0.000000e+000  0.000000e+000  0.000000e+000  0.000000e+000  0.000000e+000  0.000000e+000  0.000000e+000  0.000000e+000  0.000000e+000  0.000000e+000  0.000000e+000  0.000000e+000  
0.000000e+000  0.000000e+000  0.000000e+000  0.000000e+000  0.000000e+000  0.000000e+000  0.000000e+000  0.000000e+000  0.000000e+000  0.000000e+000  0.000000e+000  0.000000e+000  0.000000e+000  0.000000e+000  0.000000e+000  0.000000e+000  
0.000000e+000  0.000000e+000  0.000000e+000  0.000000e+000  0.000000e+000  0.000000e+000  0.000000e+000  0.000000e+000  0.000000e+000  0.000000e+000  0.000000e+000  0.000000e+000  0.000000e+000  0.000000e+000  0.000000e+000  0.000000e+000  
0.000000e+000  0.000000e+000  0.000000e+000  0.000000e+000  0.000000e+000  0.000000e+000  0.000000e+000  0.000000e+000  0.000000e+000  0.000000e+000  0.000000e+000  0.000000e+000  0.000000e+000  0.000000e+000  0.000000e+000  0.000000e+000  
0.000000e+000  0.000000e+000  0.000000e+000  0.000000e+000  0.000000e+000  0.000000e+000  0.000000e+000  0.000000e+000  0.000000e+000  0.000000e+000  0.000000e+000  0.000000e+000  0.000000e+000  0.000000e+000  0.000000e+000  0.000000e+000  
0.000000e+000  0.000000e+000  0.000000e+000  0.000000e+000  0.000000e+000  0.000000e+000  0.000000e+000  0.000000e+000  0.000000e+000  0.000000e+000  0.000000e+000  0.000000e+000  0.000000e+000  0.000000e+000  0.000000e+000  0.000000e+000  
0.000000e+000  0.000000e+000  0.000000e+000  0.000000e+000  0.000000e+000  0.000000e+000  0.000000e+000  0.000000e+000  0.000000e+000  0.000000e+000  0.000000e+000  0.000000e+000  0.000000e+000  0.000000e+000  0.000000e+000  0.000000e+000  
0.000000e+000  0.000000e+000  0.000000e+000  0.000000e+000  0.000000e+000  0.000000e+000  0.000000e+000  0.000000e+000  0.000000e+000  0.000000e+000  0.000000e+000  0.000000e+000  0.000000e+000  0.000000e+000  0.000000e+000  0.000000e+000  
0.000000e+000  0.000000e+000  0.000000e+000  0.000000e+000  0.000000e+000  0.000000e+000  0.000000e+000  0.000000e+000  0.000000e+000  0.000000e+000  0.000000e+000  0.000000e+000  0.000000e+000  0.000000e+000  0.000000e+000  0.000000e+000  

0.000000e+000  0.000000e+000  0.000000e+000  0.000000e+000  0.000000e+000  0.000000e+000  0.000000e+000  0.000000e+000  0.000000e+000  0.000000e+000  0.000000e+000  0.000000e+000  0.000000e+000  0.000000e+000  0.000000e+000  0.000000e+000  
0.000000e+000  0.000000e+000  0.000000e+000  0.000000e+000  0.000000e+000  0.000000e+000  0.000000e+000  0.000000e+000  0.000000e+000  0.000000e+000  0.000000e+000  0.000000e+000  0.000000e+000  0.000000e+000  0.000000e+000  0.000000e+000  
0.000000e+000  0.000000e+000  0.000000e+000  0.000000e+000  0.000000e+000  0.000000e+000  0.000000e+000  0.000000e+000  0.000000e+000  0.000000e+000  0.000000e+000  0.000000e+000  0.000000e+000  0.000000e+000  0.000000e+000  0.000000e+000  
0.000000e+000  0.000000e+000  0.000000e+000  0.000000e+000  0.000000e+000  0.000000e+000  0.000000e+000  0.000000e+000  0.000000e+000  0.000000e+000  0.000000e+000  0.000000e+000  0.000000e+000  0.000000e+000  0.000000e+000  0.000000e+000  
0.000000e+000  0.000000e+000  0.000000e+000  0.000000e+000  0.000000e+000  0.000000e+000  0.000000e+000  0.000000e+000  0.000000e+000  0.000000e+000  0.000000e+000  0.000000e+000  0.000000e+000  0.000000e+000  0.000000e+000  0.000000e+000  
0.000000e+000  0.000000e+000  0.000000e+000  0.000000e+000  0.000000e+000  0.000000e+000  0.000000e+000  0.000000e+000  0.000000e+000  0.000000e+000  0.000000e+000  0.000000e+000  0.000000e+000  0.000000e+000  0.000000e+000  0.000000e+000  
0.000000e+000  0.000000e+000  0.000000e+000  0.000000e+000  0.000000e+000  0.000000e+000  0.000000e+000  0.000000e+000  0.000000e+000  0.000000e+000  0.000000e+000  0.000000e+000  0.000000e+000  0.000000e+000  0.000000e+000  0.000000e+000  
0.000000e+000  0.000000e+000  0.000000e+000  0.000000e+000  0.000000e+000  0.000000e+000  0.000000e+000  0.000000e+000  0.000000e+000  0.000000e+000  0.000000e+000  0.000000e+000  0.000000e+000  0.000000e+000  0.000000e+000  0.000000e+000  
0.000000e+000  0.000000e+000  0.000000e+000  0.000000e+000  0.000000e+000  0.000000e+000  0.000000e+000  0.000000e+000  0.000000e+000  0.000000e+000  0.000000e+000  0.000000e+000  0.000000e+000  0.000000e+000  0.000000e+000  0.000000e+000  
0.000000e+000  0.000000e+000  0.000000e+000  0.000000e+000  0.000000e+000  0.000000e+000  0.000000e+000  0.000000e+000  0.000000e+000  0.000000e+000  0.000000e+000  0.000000e+000  0.000000e+000  0.000000e+000  0.000000e+000  0.000000e+000  
0.000000e+000  0.000000e+000  0.000000e+000  0.000000e+000  0.000000e+000  0.000000e+000  0.000000e+000  0.000000e+000  0.000000e+000  0.000000e+000  0.000000e+000  0.000000e+000  0.000000e+000  0.000000e+000  0.000000e+000  0.000000e+000  
0.000000e+000  0.000000e+000  0.000000e+000  0.000000e+000  0.000000e+000  0.000000e+000  0.000000e+000  0.000000e+000  0.000000e+000  0.000000e+000  0.000000e+000  0.000000e+000  0.000000e+000  0.000000e+000  0.000000e+000  0.000000e+000  
0.000000e+000  0.000000e+000  0.000000e+000  0.000000e+000  0.000000e+000  0.000000e+000  0.000000e+000  0.000000e+000  0.000000e+000  0.000000e+000  0.000000e+000  0.000000e+000  0.000000e+000  0.000000e+000  0.000000e+000  0.000000e+000  
0.000000e+000  0.000000e+000  0.000000e+000  0.000000e+000  0.000000e+000  0.000000e+000  0.000000e+000  0.000000e+000  0.000000e+000  0.000000e+000  0.000000e+000  0.000000e+000  0.000000e+000  0.000000e+000  0.000000e+000  0.000000e+000  
0.000000e+000  0.000000e+000  0.000000e+000  0.000000e+000  0.000000e+000  0.000000e+000  0.000000e+000  0.000000e+000  0.000000e+000  0.000000e+000  0.000000e+000  0.000000e+000  0.000000e+000  0.000000e+000  0.000000e+000  0.000000e+000  
0.000000e+000  0.000000e+000  0.000000e+000  0.000000e+000  0.000000e+000  0.000000e+000  0.000000e+000  0.000000e+000  0.000000e+000  0.000000e+000  0.000000e+000  0.000000e+000  0.000000e+000  0.000000e+000  0.000000e+000  0.000000e+000  
0.000000e+000  0.000000e+000  0.000000e+000  0.000000e+000  0.000000e+000  0.000000e+000  0.000000e+000  0.000000e+000  0.000000e+000  0.000000e+000  0.000000e+000  0.000000e+000  0.000000e+000  0.000000e+000  0.000000e+000  0.000000e+000  
0.000000e+000  0.000000e+000  0.000000e+000  0.000000e+000  0.000000e+000  0.000000e+000  0.000000e+000  0.000000e+000  0.000000e+000  0.000000e+000  0.000000e+000  0.000000e+000  0.000000e+000  0.000000e+000  0.000000e+000  0.000000e+000  
0.000000e+000  0.000000e+000  0.000000e+000  0.000000e+000  0.000000e+000  0.000000e+000  0.000000e+000  0.000000e+000  0.000000e+000  0.000000e+000  0.000000e+000  0.000000e+000  0.000000e+000  0.000000e+000  0.000000e+000  0.000000e+000  
0.000000e+000  0.000000e+000  0.000000e+000  0.000000e+000  0.000000e+000  0.000000e+000  0.000000e+000  0.000000e+000  0.000000e+000  0.000000e+000  0.000000e+000  0.000000e+000  0.000000e+000  0.000000e+000  0.000000e+000  0.000000e+000  
0.000000e+000  0.000000e+000  0.000000e+000  0.000000e+000  0.000000e+000  0.000000e+000  0.000000e+000  0.000000e+000  0.000000e+000  0.000000e+000  0.000000e+000  0.000000e+000  0.000000e+000  0.000000e+000  0.000000e+000  0.000000e+000  
0.000000e+000  0.000000e+000  0.000000e+000  0.000000e+000  0.000000e+000  0.000000e+000  0.000000e+000  0.000000e+000  0.000000e+000  0.000000e+000  0.000000e+000  0.000000e+000  0.000000e+000  0.000000e+000  0.000000e+000  0.000000e+000  
0.000000e+000  0.000000e+000  0.000000e+000  0.000000e+000  0.000000e+000  0.000000e+000  0.000000e+000  0.000000e+000  0.000000e+000  0.000000e+000  0.000000e+000  0.000000e+000  0.000000e+000  0.000000e+000  0.000000e+000  0.000000e+000  
0.000000e+000  0.000000e+000  0.000000e+000  0.000000e+000  0.000000e+000  0.000000e+000  0.000000e+000  0.000000e+000  0.000000e+000  0.000000e+000  0.000000e+000  0.000000e+000  0.000000e+000  0.000000e+000  0.000000e+000  0.000000e+000  
0.000000e+000  0.000000e+000  0.000000e+000  0.000000e+000  0.000000e+000  0.000000e+000  0.000000e+000  0.000000e+000  0.000000e+000  0.000000e+000  0.000000e+000  0.000000e+000  0.000000e+000  0.000000e+000  0.000000e+000  0.000000e+000  
0.000000e+000  0.000000e+000  0.000000e+000  0.000000e+000  0.000000e+000  0.000000e+000  0.000000e+000  0.000000e+000  0.000000e+000  0.000000e+000  0.000000e+000  0.000000e+000  0.000000e+000  0.000000e+000  0.000000e+000  0.000000e+000  
0.000000e+000  0.000000e+000  0.000000e+000  0.000000e+000  0.000000e+000  0.000000e+000  0.000000e+000  0.000000e+000  0.000000e+000  0.000000e+000  0.000000e+000  0.000000e+000  0.000000e+000  0.000000e+000  0.000000e+000  0.000000e+000  

0.000000e+000  0.000000e+000  0.000000e+000  0.000000e+000  0.000000e+000  0.000000e+000  0.000000e+000  0.000000e+000  0.000000e+000  0.000000e+000  0.000000e+000  0.000000e+000  0.000000e+000  0.000000e+000  0.000000e+000  0.000000e+000  
0.000000e+000  0.000000e+000  0.000000e+000  0.000000e+000  0.000000e+000  0.000000e+000  0.000000e+000  0.000000e+000  0.000000e+000  0.000000e+000  0.000000e+000  0.000000e+000  0.000000e+000  0.000000e+000  0.000000e+000  0.000000e+000  
0.000000e+000  0.000000e+000  0.000000e+000  0.000000e+000  0.000000e+000  0.000000e+000  0.000000e+000  0.000000e+000  0.000000e+000  0.000000e+000  0.000000e+000  0.000000e+000  0.000000e+000  0.000000e+000  0.000000e+000  0.000000e+000  
0.000000e+000  0.000000e+000  0.000000e+000  0.000000e+000  0.000000e+000  0.000000e+000  0.000000e+000  0.000000e+000  0.000000e+000  0.000000e+000  0.000000e+000  0.000000e+000  0.000000e+000  0.000000e+000  0.000000e+000  0.000000e+000  
0.000000e+000  0.000000e+000  0.000000e+000  0.000000e+000  0.000000e+000  0.000000e+000  0.000000e+000  0.000000e+000  0.000000e+000  0.000000e+000  0.000000e+000  0.000000e+000  0.000000e+000  0.000000e+000  0.000000e+000  0.000000e+000  
0.000000e+000  0.000000e+000  0.000000e+000  0.000000e+000  0.000000e+000  0.000000e+000  0.000000e+000  0.000000e+000  0.000000e+000  0.000000e+000  0.000000e+000  0.000000e+000  0.000000e+000  0.000000e+000  0.000000e+000  0.000000e+000  
0.000000e+000  0.000000e+000  0.000000e+000  0.000000e+000  0.000000e+000  0.000000e+000  0.000000e+000  0.000000e+000  0.000000e+000  0.000000e+000  0.000000e+000  0.000000e+000  0.000000e+000  0.000000e+000  0.000000e+000  0.000000e+000  
0.000000e+000  0.000000e+000  0.000000e+000  0.000000e+000  0.000000e+000  0.000000e+000  0.000000e+000  0.000000e+000  0.000000e+000  0.000000e+000  0.000000e+000  0.000000e+000  0.000000e+000  0.000000e+000  0.000000e+000  0.000000e+000  
0.000000e+000  0.000000e+000  0.000000e+000  0.000000e+000  0.000000e+000  0.000000e+000  0.000000e+000  0.000000e+000  0.000000e+000  0.000000e+000  0.000000e+000  0.000000e+000  0.000000e+000  0.000000e+000  0.000000e+000  0.000000e+000  
0.000000e+000  0.000000e+000  0.000000e+000  0.000000e+000  0.000000e+000  0.000000e+000  0.000000e+000  0.000000e+000  0.000000e+000  0.000000e+000  0.000000e+000  0.000000e+000  0.000000e+000  0.000000e+000  0.000000e+000  0.000000e+000  
0.000000e+000  0.000000e+000  0.000000e+000  0.000000e+000  0.000000e+000  0.000000e+000  0.000000e+000  0.000000e+000  0.000000e+000  0.000000e+000  0.000000e+000  0.000000e+000  0.000000e+000  0.000000e+000  0.000000e+000  0.000000e+000  
0.000000e+000  0.000000e+000  0.000000e+000  0.000000e+000  0.000000e+000  0.000000e+000  0.000000e+000  0.000000e+000  0.000000e+000  0.000000e+000  0.000000e+000  0.000000e+000  0.000000e+000  0.000000e+000  0.000000e+000  0.000000e+000  
0.000000e+000  0.000000e+000  0.000000e+000  0.000000e+000  0.000000e+000  0.000000e+000  0.000000e+000  0.000000e+000  0.000000e+000  0.000000e+000  0.000000e+000  0.000000e+000  0.000000e+000  0.000000e+000  0.000000e+000  0.000000e+000  
0.000000e+000  0.000000e+000  0.000000e+000  0.000000e+000  0.000000e+000  0.000000e+000  0.000000e+000  0.000000e+000  0.000000e+000  0.000000e+000  0.000000e+000  0.000000e+000  0.000000e+000  0.000000e+000  0.000000e+000  0.000000e+000  
0.000000e+000  0.000000e+000  0.000000e+000  0.000000e+000  0.000000e+000  0.000000e+000  0.000000e+000  0.000000e+000  0.000000e+000  0.000000e+000  0.000000e+000  0.000000e+000  0.000000e+000  0.000000e+000  0.000000e+000  0.000000e+000  
0.000000e+000  0.000000e+000  0.000000e+000  0.000000e+000  0.000000e+000  0.000000e+000  0.000000e+000  0.000000e+000  0.000000e+000  0.000000e+000  0.000000e+000  0.000000e+000  0.000000e+000  0.000000e+000  0.000000e+000  0.000000e+000  
0.000000e+000  0.000000e+000  0.000000e+000  0.000000e+000  0.000000e+000  0.000000e+000  0.000000e+000  0.000000e+000  0.000000e+000  0.000000e+000  0.000000e+000  0.000000e+000  0.000000e+000  0.000000e+000  0.000000e+000  0.000000e+000  
0.000000e+000  0.000000e+000  0.000000e+000  0.000000e+000  0.000000e+000  0.000000e+000  0.000000e+000  0.000000e+000  0.000000e+000  0.000000e+000  0.000000e+000  0.000000e+000  0.000000e+000  0.000000e+000  0.000000e+000  0.000000e+000  
0.000000e+000  0.000000e+000  0.000000e+000  0.000000e+000  0.000000e+000  0.000000e+000  0.000000e+000  0.000000e+000  0.000000e+000  0.000000e+000  0.000000e+000  0.000000e+000  0.000000e+000  0.000000e+000  0.000000e+000  0.000000e+000  
0.000000e+000  0.000000e+000  0.000000e+000  0.000000e+000  0.000000e+000  0.000000e+000  0.000000e+000  0.000000e+000  0.000000e+000  0.000000e+000  0.000000e+000  0.000000e+000  0.000000e+000  0.000000e+000  0.000000e+000  0.000000e+000  
0.000000e+000  0.000000e+000  0.000000e+000  0.000000e+000  0.000000e+000  0.000000e+000  0.000000e+000  0.000000e+000  0.000000e+000  0.000000e+000  0.000000e+000  0.000000e+000  0.000000e+000  0.000000e+000  0.000000e+000  0.000000e+000  
0.000000e+000  0.000000e+000  0.000000e+000  0.000000e+000  0.000000e+000  0.000000e+000  0.000000e+000  0.000000e+000  0.000000e+000  0.000000e+000  0.000000e+000  0.000000e+000  0.000000e+000  0.000000e+000  0.000000e+000  0.000000e+000  
0.000000e+000  0.000000e+000  0.000000e+000  0.000000e+000  0.000000e+000  0.000000e+000  0.000000e+000  0.000000e+000  0.000000e+000  0.000000e+000  0.000000e+000  0.000000e+000  0.000000e+000  0.000000e+000  0.000000e+000  0.000000e+000  
0.000000e+000  0.000000e+000  0.000000e+000  0.000000e+000  0.000000e+000  0.000000e+000  0.000000e+000  0.000000e+000  0.000000e+000  0.000000e+000  0.000000e+000  0.000000e+000  0.000000e+000  0.000000e+000  0.000000e+000  0.000000e+000  
0.000000e+000  0.000000e+000  0.000000e+000  0.000000e+000  0.000000e+000  0.000000e+000  0.000000e+000  0.000000e+000  0.000000e+000  0.000000e+000  0.000000e+000  0.000000e+000  0.000000e+000  0.000000e+000  0.000000e+000  0.000000e+000  
0.000000e+000  0.000000e+000  0.000000e+000  0.000000e+000  0.000000e+000  0.000000e+000  0.000000e+000  0.000000e+000  0.000000e+000  0.000000e+000  0.000000e+000  0.000000e+000  0.000000e+000  0.000000e+000  0.000000e+000  0.000000e+000  
0.000000e+000  0.000000e+000  0.000000e+000  0.000000e+000  0.000000e+000  0.000000e+000  0.000000e+000  0.000000e+000  0.000000e+000  0.000000e+000  0.000000e+000  0.000000e+000  0.000000e+000  0.000000e+000  0.000000e+000  0.000000e+000  

1.026483e+000  1.026483e+000  1.026483e+000  1.026483e+000  1.026483e+000  1.026483e+000  1.026483e+000  1.026483e+000  1.026483e+000  1.026483e+000  1.026483e+000  1.026483e+000  1.026483e+000  1.026483e+000  1.026483e+000  0.000000e+000  
1.023161e+000  1.023161e+000  1.023161e+000  1.023161e+000  1.023161e+000  1.023161e+000  1.023161e+000  1.023161e+000  1.023161e+000  1.023161e+000  1.023161e+000  1.023161e+000  1.023161e+000  1.023161e+000  1.023161e+000  0.000000e+000  
1.016529e+000  1.016529e+000  1.016529e+000  1.016529e+000  1.016529e+000  1.016529e+000  1.016529e+000  1.016529e+000  1.016529e+000  1.016529e+000  1.016529e+000  1.016529e+000  1.016529e+000  1.016529e+000  1.016529e+000  0.000000e+000  
9.930080e-001  9.930080e-001  9.930080e-001  9.930080e-001  9.930080e-001  9.930080e-001  9.930080e-001  9.930080e-001  9.930080e-001  9.930080e-001  9.930080e-001  9.930080e-001  9.930080e-001  9.930080e-001  9.930080e-001  0.000000e+000  
9.048393e-001  9.048393e-001  9.048393e-001  9.048393e-001  9.048393e-001  9.048393e-001  9.048393e-001  9.048393e-001  9.048393e-001  9.048393e-001  9.048393e-001  9.048393e-001  9.048393e-001  9.048393e-001  9.048393e-001  0.000000e+000  
7.565804e-001  7.565804e-001  7.565804e-001  7.565804e-001  7.565804e-001  7.565804e-001  7.565804e-001  7.565804e-001  7.565804e-001  7.565804e-001  7.565804e-001  7.565804e-001  7.565804e-001  7.565804e-001  7.565804e-001  0.000000e+000  
5.631588e-001  5.631588e-001  5.631588e-001  5.631588e-001  5.631588e-001  5.631588e-001  5.631588e-001  5.631587e-001  5.631588e-001  5.631588e-001  5.631587e-001  5.631588e-001  5.631587e-001  5.631587e-001  5.631587e-001  0.000000e+000  
3.507610e-001  3.507610e-001  3.507610e-001  3.507610e-001  3.507610e-001  3.507610e-001  3.507610e-001  3.507610e-001  3.507610e-001  3.507610e-001  3.507610e-001  3.507610e-001  3.507610e-001  3.507610e-001  3.507610e-001  0.000000e+000  
2.153857e-001  2.153857e-001  2.153857e-001  2.153857e-001  2.153857e-001  2.153857e-001  2.153857e-001  2.153857e-001  2.153857e-001  2.153857e-001  2.153857e-001  2.153857e-001  2.153857e-001  2.153857e-001  2.153857e-001  0.000000e+000  
1.575806e-001  1.575806e-001  1.575806e-001  1.575806e-001  1.575806e-001  1.575806e-001  1.575806e-001  1.575806e-001  1.575806e-001  1.575806e-001  1.575806e-001  1.575806e-001  1.575806e-001  1.575806e-001  1.575806e-001  0.000000e+000  
9.926554e-002  9.926554e-002  9.926554e-002  9.926554e-002  9.926554e-002  9.926554e-002  9.926554e-002  9.926554e-002  9.926554e-002  9.926554e-002  9.926554e-002  9.926554e-002  9.926554e-002  9.926554e-002  9.926554e-002  0.000000e+000  
5.248567e-002  5.248567e-002  5.248567e-002  5.248567e-002  5.248567e-002  5.248567e-002  5.248567e-002  5.248567e-002  5.248567e-002  5.248567e-002  5.248567e-002  5.248567e-002  5.248567e-002  5.248567e-002  5.248567e-002  0.000000e+000  
1.750192e-002  1.750192e-002  1.750192e-002  1.750192e-002  1.750192e-002  1.750192e-002  1.750192e-002  1.750192e-002  1.750192e-002  1.750192e-002  1.750192e-002  1.750192e-002  1.750192e-002  1.750192e-002  1.750192e-002  0.000000e+000  
-1.750192e-002  -1.750192e-002  -1.750192e-002  -1.750192e-002  -1.750192e-002  -1.750192e-002  -1.750192e-002  -1.750192e-002  -1.750192e-002  -1.750192e-002  -1.750192e-002  -1.750192e-002  -1.750192e-002  -1.750192e-002  -1.750192e-002  0.000000e+000  
-5.248567e-002  -5.248567e-002  -5.248567e-002  -5.248567e-002  -5.248567e-002  -5.248567e-002  -5.248567e-002  -5.248567e-002  -5.248567e-002  -5.248567e-002  -5.248567e-002  -5.248567e-002  -5.248567e-002  -5.248567e-002  -5.248567e-002  0.000000e+000  
-9.926554e-002  -9.926554e-002  -9.926554e-002  -9.926554e-002  -9.926554e-002  -9.926554e-002  -9.926554e-002  -9.926554e-002  -9.926554e-002  -9.926554e-002  -9.926554e-002  -9.926554e-002  -9.926554e-002  -9.926554e-002  -9.926554e-002  0.000000e+000  
-1.575806e-001  -1.575806e-001  -1.575806e-001  -1.575806e-001  -1.575806e-001  -1.575806e-001  -1.575806e-001  -1.575806e-001  -1.575806e-001  -1.575806e-001  -1.575806e-001  -1.575806e-001  -1.575806e-001  -1.575806e-001  -1.575806e-001  0.000000e+000  
-2.153857e-001  -2.153857e-001  -2.153857e-001  -2.153857e-001  -2.153857e-001  -2.153857e-001  -2.153857e-001  -2.153857e-001  -2.153857e-001  -2.153857e-001  -2.153857e-001  -2.153857e-001  -2.153857e-001  -2.153857e-001  -2.153857e-001  0.000000e+000  
-3.507610e-001  -3.507610e-001  -3.507610e-001  -3.507610e-001  -3.507610e-001  -3.507610e-001  -3.507610e-001  -3.507610e-001  -3.507610e-001  -3.507610e-001  -3.507610e-001  -3.507610e-001  -3.507610e-001  -3.507610e-001  -3.507610e-001  0.000000e+000  
-5.631588e-001  -5.631588e-001  -5.631588e-001  -5.631588e-001  -5.631588e-001  -5.631588e-001  -5.631588e-001  -5.631587e-001  -5.631588e-001  -5.631588e-001  -5.631587e-001  -5.631588e-001  -5.631587e-001  -5.631587e-001  -5.631587e-001  0.000000e+000  
-7.565804e-001  -7.565804e-001  -7.565804e-001  -7.565804e-001  -7.565804e-001  -7.565804e-001  -7.565804e-001  -7.565804e-001  -7.565804e-001  -7.565804e-001  -7.565804e-001  -7.565804e-001  -7.565804e-001  -7.565804e-001  -7.565804e-001  0.000000e+000  
-9.048393e-001  -9.048393e-001  -9.048393e-001  -9.048393e-001  -9.048393e-001  -9.048393e-001  -9.048393e-001  -9.048393e-001  -9.048393e-001  -9.048393e-001  -9.048393e-001  -9.048393e-001  -9.048393e-001  -9.048393e-001  -9.048393e-001  0.000000e+000  
-9.930080e-001  -9.930080e-001  -9.930080e-001  -9.930080e-001  -9.930080e-001  -9.930080e-001  -9.930080e-001  -9.930080e-001  -9.930080e-001  -9.930080e-001  -9.930080e-001  -9.930080e-001  -9.930080e-001  -9.930080e-001  -9.930080e-001  0.000000e+000  
-1.016529e+000  -1.016529e+000  -1.016529e+000  -1.016529e+000  -1.016529e+000  -1.016529e+000  -1.016529e+000  -1.016529e+000  -1.016529e+000  -1.016529e+000  -1.016529e+000  -1.016529e+000  -1.016529e+000  -1.016529e+000  -1.016529e+000  0.000000e+000  
-1.023161e+000  -1.023161e+000  -1.023161e+000  -1.023161e+000  -1.023161e+000  -1.023161e+000  -1.023161e+000  -1.023161e+000  -1.023161e+000  -1.023161e+000  -1.023161e+000  -1.023161e+000  -1.023161e+000  -1.023161e+000  -1.023161e+000  0.000000e+000  
-1.026483e+000  -1.026483e+000  -1.026483e+000  -1.026483e+000  -1.026483e+000  -1.026483e+000  -1.026483e+000  -1.026483e+000  -1.026483e+000  -1.026483e+000  -1.026483e+000  -1.026483e+000  -1.026483e+000  -1.026483e+000  -1.026483e+000  0.000000e+000  
0.000000e+000  0.000000e+000  0.000000e+000  0.000000e+000  0.000000e+000  0.000000e+000  0.000000e+000  0.000000e+000  0.000000e+000  0.000000e+000  0.000000e+000  0.000000e+000  0.000000e+000  0.000000e+000  0.000000e+000  0.000000e+000  

