Port monitor named: Port2_h1.prt

nx        = 3
ny        = 18
nz        = 29

nu        = 16
nv        = 27
iu        = 2
iv        = 2

idir      = 0
dcut      = 5.114300e-001
icut      = 3
type      = 1
frequency = 2.200000e+009

fcutoff   = 1.571455e+009
alpha     = 0.000000e+000
beta      = 3.226561e+001
accuracy  = 1.401561e-011

type          = TE
wave imp.     = 5.383597e+002
wave imp.sig. = 1.328815e-005
line imp.     = 0.000000e+000

ref. port     = 0

-0.000000e+000  3.989939e-010  1.014525e-009  1.413510e-009  2.026724e-009  2.719539e-009  3.541847e-009  1.565245e-010  -3.171728e-009  -6.564006e-009  -4.028834e-009  5.425683e-009  8.504274e-009  5.559608e-009  2.750510e-009  -0.000000e+000  
-0.000000e+000  5.366167e-010  7.975858e-010  1.497732e-009  2.000150e-009  2.457788e-009  3.255902e-009  -0.000000e+000  -3.131378e-009  -6.477245e-009  -3.641052e-009  4.954544e-009  8.418978e-009  5.378402e-009  2.615092e-009  -0.000000e+000  
-0.000000e+000  3.410572e-010  8.414425e-010  1.216660e-009  1.666391e-009  2.240578e-009  2.254350e-009  -7.423254e-011  -2.970558e-009  -6.589632e-009  -2.840248e-009  4.085947e-009  8.259547e-009  4.901106e-009  2.311154e-009  -0.000000e+000  
-0.000000e+000  1.995190e-010  4.425153e-010  7.630581e-010  1.294857e-009  2.136867e-009  3.476790e-009  1.127806e-009  -7.521451e-010  -2.512208e-009  -4.462947e-009  5.360045e-009  3.560453e-009  2.217188e-009  1.048260e-009  -0.000000e+000  
-0.000000e+000  -9.976763e-010  -2.101055e-009  -3.428469e-009  -5.135346e-009  -7.427210e-009  -1.052069e-008  -4.108066e-009  1.652385e-009  7.359339e-009  -4.417754e-009  4.506319e-009  -9.937571e-009  -6.095290e-009  -2.884260e-009  -0.000000e+000  
-0.000000e+000  4.638996e-010  8.700771e-010  1.228736e-009  1.443399e-009  1.489329e-009  1.274302e-009  3.088820e-009  4.659925e-009  6.271867e-009  -8.024125e-010  3.955254e-009  -3.337696e-009  -2.050281e-009  -9.691747e-010  -0.000000e+000  
-0.000000e+000  2.532889e-009  5.255550e-009  8.344932e-009  1.209009e-008  1.678071e-008  2.283608e-008  1.425717e-008  6.958871e-009  -1.456440e-010  3.918379e-009  2.444853e-009  1.045821e-008  6.253216e-009  2.892951e-009  -0.000000e+000  
-0.000000e+000  4.324060e-010  8.078824e-010  9.852251e-010  7.361008e-010  -1.816891e-010  -2.293709e-009  1.845610e-009  4.515722e-009  6.403487e-009  2.871598e-009  7.142616e-010  -3.258769e-009  -2.252728e-009  -1.129694e-009  -0.000000e+000  
-0.000000e+000  2.788855e-010  5.563713e-010  8.053620e-010  1.602623e-009  3.458325e-009  8.950729e-009  7.254752e-009  1.016578e-008  1.602869e-008  -1.240002e-008  1.443243e-008  -1.404217e-008  -8.117487e-009  -3.699702e-009  -0.000000e+000  
-0.000000e+000  1.780738e-010  1.612257e-010  4.079532e-010  2.712243e-010  4.287646e-010  7.448987e-010  4.794919e-009  9.911857e-009  1.523076e-008  -1.077325e-008  1.225926e-008  -1.412288e-008  -8.976826e-009  -4.239836e-009  -0.000000e+000  
-0.000000e+000  -6.371345e-011  2.049203e-010  -4.367503e-010  -6.645305e-010  -3.103227e-009  -1.183260e-008  1.353663e-009  9.177742e-009  2.071049e-008  -1.260712e-008  1.370766e-008  -2.015474e-008  -9.337887e-009  -3.646339e-009  -0.000000e+000  
-0.000000e+000  5.501529e-010  -4.511334e-010  1.307509e-009  -6.060631e-011  1.236328e-009  9.460799e-009  3.512143e-009  5.311750e-009  9.889445e-009  -1.111062e-008  1.098434e-008  -9.251313e-009  -4.820229e-009  -2.670756e-009  -0.000000e+000  
-0.000000e+000  -1.005350e-009  3.054596e-010  -1.585576e-009  6.367284e-011  4.577061e-010  3.415416e-009  1.124235e-009  2.260095e-009  2.886831e-009  -3.279927e-009  4.167497e-009  -2.838423e-009  -2.256730e-009  -5.437825e-010  -0.000000e+000  
-0.000000e+000  1.143936e-009  -9.412088e-011  8.472316e-010  -1.606062e-010  -2.934632e-010  -3.192233e-009  -1.313090e-009  -2.178492e-009  -3.046159e-009  3.833775e-009  -4.378882e-009  2.500917e-009  1.980251e-009  1.166918e-009  -0.000000e+000  
-0.000000e+000  -9.529463e-010  6.718547e-011  -1.971430e-010  5.698245e-011  -1.558480e-009  -1.015472e-008  -3.222091e-009  -5.561247e-009  -9.610093e-009  1.047918e-008  -1.090806e-008  9.708930e-009  5.303249e-009  1.793824e-009  -0.000000e+000  
-0.000000e+000  2.988629e-010  -1.806301e-010  2.712801e-010  7.189677e-010  3.260687e-009  1.211299e-008  -1.512447e-009  -9.005411e-009  -2.084089e-008  1.265383e-008  -1.353220e-008  2.015415e-008  9.304078e-009  3.920241e-009  -0.000000e+000  
-0.000000e+000  -3.181067e-010  -0.000000e+000  -6.093476e-010  -1.056933e-010  -6.090590e-010  -6.755017e-010  -4.689827e-009  -9.996599e-009  -1.516893e-008  1.071283e-008  -1.228572e-008  1.399328e-008  8.845546e-009  4.077745e-009  -0.000000e+000  
-0.000000e+000  -1.591199e-010  -6.725334e-010  -7.168451e-010  -1.851737e-009  -3.348475e-009  -8.996056e-009  -7.310930e-009  -1.025089e-008  -1.605530e-008  1.244589e-008  -1.460748e-008  1.411825e-008  8.097690e-009  3.702303e-009  -0.000000e+000  
-0.000000e+000  -4.590171e-010  -8.202590e-010  -9.805269e-010  -7.068675e-010  1.646093e-010  2.282966e-009  -1.813612e-009  -4.515251e-009  -6.401883e-009  -2.868418e-009  -6.927098e-010  3.257041e-009  2.259203e-009  1.142268e-009  -0.000000e+000  
-0.000000e+000  -2.540698e-009  -5.259963e-009  -8.347765e-009  -1.209453e-008  -1.677665e-008  -2.283622e-008  -1.426171e-008  -6.951568e-009  1.383294e-010  -3.927159e-009  -2.437700e-009  -1.045942e-008  -6.224667e-009  -2.900567e-009  -0.000000e+000  
-0.000000e+000  -4.373976e-010  -8.486965e-010  -1.203019e-009  -1.455365e-009  -1.491841e-009  -1.281779e-009  -3.103716e-009  -4.660465e-009  -6.267313e-009  8.077159e-010  -3.963942e-009  3.336390e-009  2.029617e-009  9.751534e-010  -0.000000e+000  
-0.000000e+000  9.956523e-010  2.086642e-009  3.417754e-009  5.158791e-009  7.433119e-009  1.051425e-008  4.120485e-009  -1.633480e-009  -7.351934e-009  4.413624e-009  -4.512021e-009  9.922790e-009  6.065428e-009  2.882788e-009  -0.000000e+000  
-0.000000e+000  -2.120519e-010  -4.329151e-010  -7.813088e-010  -1.297439e-009  -2.117455e-009  -3.450303e-009  -1.145488e-009  7.380091e-010  2.514082e-009  4.468857e-009  -5.361464e-009  -3.549912e-009  -2.185136e-009  -1.033828e-009  -0.000000e+000  
-0.000000e+000  -3.714997e-010  -8.274449e-010  -1.220837e-009  -1.789998e-009  -2.193920e-009  -2.333868e-009  1.130307e-010  2.949581e-009  6.518720e-009  2.838830e-009  -4.074326e-009  -8.249648e-009  -4.911361e-009  -2.412406e-009  -0.000000e+000  
-0.000000e+000  -4.124724e-010  -8.411134e-010  -1.412767e-009  -1.884883e-009  -2.534343e-009  -3.206065e-009  -5.788177e-011  3.214525e-009  6.568530e-009  3.712020e-009  -4.970764e-009  -8.340305e-009  -5.350126e-009  -2.553763e-009  -0.000000e+000  
-0.000000e+000  -4.759697e-010  -9.632766e-010  -1.441535e-009  -2.062464e-009  -2.727396e-009  -3.539636e-009  -1.451735e-010  3.141991e-009  6.528434e-009  3.966697e-009  -5.364112e-009  -8.572235e-009  -5.567743e-009  -2.762258e-009  -0.000000e+000  
-0.000000e+000  -0.000000e+000  -0.000000e+000  -0.000000e+000  -0.000000e+000  -0.000000e+000  -0.000000e+000  -0.000000e+000  -0.000000e+000  -0.000000e+000  -0.000000e+000  -0.000000e+000  -0.000000e+000  -0.000000e+000  -0.000000e+000  -0.000000e+000  

-0.000000e+000  -0.000000e+000  -0.000000e+000  -0.000000e+000  -0.000000e+000  -0.000000e+000  -0.000000e+000  -0.000000e+000  -0.000000e+000  -0.000000e+000  -0.000000e+000  -0.000000e+000  -0.000000e+000  -0.000000e+000  -0.000000e+000  -0.000000e+000  
-5.720865e-002  -5.720865e-002  -5.720865e-002  -5.720865e-002  -5.720865e-002  -5.720865e-002  -5.720865e-002  -5.720865e-002  -5.720865e-002  -5.720865e-002  -5.720865e-002  -5.720865e-002  -5.720865e-002  -5.720865e-002  -5.720865e-002  -0.000000e+000  
-1.142322e-001  -1.142322e-001  -1.142322e-001  -1.142322e-001  -1.142322e-001  -1.142322e-001  -1.142322e-001  -1.142322e-001  -1.142322e-001  -1.142322e-001  -1.142322e-001  -1.142322e-001  -1.142322e-001  -1.142322e-001  -1.142322e-001  -0.000000e+000  
-1.708860e-001  -1.708860e-001  -1.708860e-001  -1.708860e-001  -1.708860e-001  -1.708860e-001  -1.708860e-001  -1.708860e-001  -1.708860e-001  -1.708860e-001  -1.708860e-001  -1.708860e-001  -1.708860e-001  -1.708860e-001  -1.708860e-001  -0.000000e+000  
-3.779254e-001  -3.779254e-001  -3.779254e-001  -3.779254e-001  -3.779254e-001  -3.779254e-001  -3.779254e-001  -3.779254e-001  -3.779254e-001  -3.779254e-001  -3.779254e-001  -3.779254e-001  -3.779254e-001  -3.779254e-001  -3.779254e-001  -0.000000e+000  
-5.945156e-001  -5.945156e-001  -5.945156e-001  -5.945156e-001  -5.945156e-001  -5.945156e-001  -5.945156e-001  -5.945156e-001  -5.945156e-001  -5.945156e-001  -5.945156e-001  -5.945156e-001  -5.945156e-001  -5.945156e-001  -5.945156e-001  -0.000000e+000  
-7.756173e-001  -7.756173e-001  -7.756173e-001  -7.756173e-001  -7.756173e-001  -7.756173e-001  -7.756173e-001  -7.756173e-001  -7.756173e-001  -7.756173e-001  -7.756173e-001  -7.756173e-001  -7.756172e-001  -7.756172e-001  -7.756172e-001  -0.000000e+000  
-9.104198e-001  -9.104198e-001  -9.104198e-001  -9.104198e-001  -9.104198e-001  -9.104198e-001  -9.104198e-001  -9.104198e-001  -9.104198e-001  -9.104198e-001  -9.104198e-001  -9.104198e-001  -9.104198e-001  -9.104198e-001  -9.104198e-001  -0.000000e+000  
-9.835525e-001  -9.835525e-001  -9.835525e-001  -9.835525e-001  -9.835525e-001  -9.835525e-001  -9.835525e-001  -9.835525e-001  -9.835525e-001  -9.835525e-001  -9.835525e-001  -9.835525e-001  -9.835525e-001  -9.835525e-001  -9.835525e-001  -0.000000e+000  
-9.955565e-001  -9.955565e-001  -9.955565e-001  -9.955565e-001  -9.955565e-001  -9.955565e-001  -9.955565e-001  -9.955565e-001  -9.955565e-001  -9.955565e-001  -9.955565e-001  -9.955565e-001  -9.955565e-001  -9.955565e-001  -9.955565e-001  -0.000000e+000  
-1.004339e+000  -1.004339e+000  -1.004339e+000  -1.004339e+000  -1.004339e+000  -1.004339e+000  -1.004339e+000  -1.004339e+000  -1.004339e+000  -1.004339e+000  -1.004339e+000  -1.004339e+000  -1.004339e+000  -1.004339e+000  -1.004339e+000  -0.000000e+000  
-1.009871e+000  -1.009871e+000  -1.009871e+000  -1.009871e+000  -1.009871e+000  -1.009871e+000  -1.009871e+000  -1.009871e+000  -1.009871e+000  -1.009871e+000  -1.009871e+000  -1.009871e+000  -1.009871e+000  -1.009871e+000  -1.009871e+000  -0.000000e+000  
-1.011613e+000  -1.011613e+000  -1.011613e+000  -1.011613e+000  -1.011613e+000  -1.011613e+000  -1.011613e+000  -1.011613e+000  -1.011613e+000  -1.011613e+000  -1.011613e+000  -1.011613e+000  -1.011613e+000  -1.011613e+000  -1.011613e+000  -0.000000e+000  
-1.012194e+000  -1.012194e+000  -1.012194e+000  -1.012194e+000  -1.012194e+000  -1.012194e+000  -1.012194e+000  -1.012194e+000  -1.012194e+000  -1.012194e+000  -1.012194e+000  -1.012194e+000  -1.012194e+000  -1.012194e+000  -1.012194e+000  -0.000000e+000  
-1.011613e+000  -1.011613e+000  -1.011613e+000  -1.011613e+000  -1.011613e+000  -1.011613e+000  -1.011613e+000  -1.011613e+000  -1.011613e+000  -1.011613e+000  -1.011613e+000  -1.011613e+000  -1.011613e+000  -1.011613e+000  -1.011613e+000  -0.000000e+000  
-1.009871e+000  -1.009871e+000  -1.009871e+000  -1.009871e+000  -1.009871e+000  -1.009871e+000  -1.009871e+000  -1.009871e+000  -1.009871e+000  -1.009871e+000  -1.009871e+000  -1.009871e+000  -1.009871e+000  -1.009871e+000  -1.009871e+000  -0.000000e+000  
-1.004339e+000  -1.004339e+000  -1.004339e+000  -1.004339e+000  -1.004339e+000  -1.004339e+000  -1.004339e+000  -1.004339e+000  -1.004339e+000  -1.004339e+000  -1.004339e+000  -1.004339e+000  -1.004339e+000  -1.004339e+000  -1.004339e+000  -0.000000e+000  
-9.955565e-001  -9.955565e-001  -9.955565e-001  -9.955565e-001  -9.955565e-001  -9.955565e-001  -9.955565e-001  -9.955565e-001  -9.955565e-001  -9.955565e-001  -9.955565e-001  -9.955565e-001  -9.955565e-001  -9.955565e-001  -9.955565e-001  -0.000000e+000  
-9.835525e-001  -9.835525e-001  -9.835525e-001  -9.835525e-001  -9.835525e-001  -9.835525e-001  -9.835525e-001  -9.835525e-001  -9.835525e-001  -9.835525e-001  -9.835525e-001  -9.835525e-001  -9.835525e-001  -9.835525e-001  -9.835525e-001  -0.000000e+000  
-9.104198e-001  -9.104198e-001  -9.104198e-001  -9.104198e-001  -9.104198e-001  -9.104198e-001  -9.104198e-001  -9.104198e-001  -9.104198e-001  -9.104198e-001  -9.104198e-001  -9.104198e-001  -9.104198e-001  -9.104198e-001  -9.104198e-001  -0.000000e+000  
-7.756173e-001  -7.756173e-001  -7.756173e-001  -7.756173e-001  -7.756173e-001  -7.756173e-001  -7.756173e-001  -7.756173e-001  -7.756173e-001  -7.756173e-001  -7.756173e-001  -7.756173e-001  -7.756172e-001  -7.756172e-001  -7.756172e-001  -0.000000e+000  
-5.945156e-001  -5.945156e-001  -5.945156e-001  -5.945156e-001  -5.945156e-001  -5.945156e-001  -5.945156e-001  -5.945156e-001  -5.945156e-001  -5.945156e-001  -5.945156e-001  -5.945156e-001  -5.945156e-001  -5.945156e-001  -5.945156e-001  -0.000000e+000  
-3.779254e-001  -3.779254e-001  -3.779254e-001  -3.779254e-001  -3.779254e-001  -3.779254e-001  -3.779254e-001  -3.779254e-001  -3.779254e-001  -3.779254e-001  -3.779254e-001  -3.779254e-001  -3.779254e-001  -3.779254e-001  -3.779254e-001  -0.000000e+000  
-1.708860e-001  -1.708860e-001  -1.708860e-001  -1.708860e-001  -1.708860e-001  -1.708860e-001  -1.708860e-001  -1.708860e-001  -1.708860e-001  -1.708860e-001  -1.708860e-001  -1.708860e-001  -1.708860e-001  -1.708860e-001  -1.708860e-001  -0.000000e+000  
-1.142322e-001  -1.142322e-001  -1.142322e-001  -1.142322e-001  -1.142322e-001  -1.142322e-001  -1.142322e-001  -1.142322e-001  -1.142322e-001  -1.142322e-001  -1.142322e-001  -1.142322e-001  -1.142322e-001  -1.142322e-001  -1.142322e-001  -0.000000e+000  
-5.720865e-002  -5.720865e-002  -5.720865e-002  -5.720865e-002  -5.720865e-002  -5.720865e-002  -5.720865e-002  -5.720865e-002  -5.720865e-002  -5.720865e-002  -5.720865e-002  -5.720865e-002  -5.720865e-002  -5.720865e-002  -5.720865e-002  -0.000000e+000  
-0.000000e+000  -0.000000e+000  -0.000000e+000  -0.000000e+000  -0.000000e+000  -0.000000e+000  -0.000000e+000  -0.000000e+000  -0.000000e+000  -0.000000e+000  -0.000000e+000  -0.000000e+000  -0.000000e+000  -0.000000e+000  -0.000000e+000  -0.000000e+000  

0.000000e+000  0.000000e+000  0.000000e+000  0.000000e+000  0.000000e+000  0.000000e+000  0.000000e+000  0.000000e+000  0.000000e+000  0.000000e+000  0.000000e+000  0.000000e+000  0.000000e+000  0.000000e+000  0.000000e+000  0.000000e+000  
0.000000e+000  0.000000e+000  0.000000e+000  0.000000e+000  0.000000e+000  0.000000e+000  0.000000e+000  0.000000e+000  0.000000e+000  0.000000e+000  0.000000e+000  0.000000e+000  0.000000e+000  0.000000e+000  0.000000e+000  0.000000e+000  
0.000000e+000  0.000000e+000  0.000000e+000  0.000000e+000  0.000000e+000  0.000000e+000  0.000000e+000  0.000000e+000  0.000000e+000  0.000000e+000  0.000000e+000  0.000000e+000  0.000000e+000  0.000000e+000  0.000000e+000  0.000000e+000  
0.000000e+000  0.000000e+000  0.000000e+000  0.000000e+000  0.000000e+000  0.000000e+000  0.000000e+000  0.000000e+000  0.000000e+000  0.000000e+000  0.000000e+000  0.000000e+000  0.000000e+000  0.000000e+000  0.000000e+000  0.000000e+000  
0.000000e+000  0.000000e+000  0.000000e+000  0.000000e+000  0.000000e+000  0.000000e+000  0.000000e+000  0.000000e+000  0.000000e+000  0.000000e+000  0.000000e+000  0.000000e+000  0.000000e+000  0.000000e+000  0.000000e+000  0.000000e+000  
0.000000e+000  0.000000e+000  0.000000e+000  0.000000e+000  0.000000e+000  0.000000e+000  0.000000e+000  0.000000e+000  0.000000e+000  0.000000e+000  0.000000e+000  0.000000e+000  0.000000e+000  0.000000e+000  0.000000e+000  0.000000e+000  
0.000000e+000  0.000000e+000  0.000000e+000  0.000000e+000  0.000000e+000  0.000000e+000  0.000000e+000  0.000000e+000  0.000000e+000  0.000000e+000  0.000000e+000  0.000000e+000  0.000000e+000  0.000000e+000  0.000000e+000  0.000000e+000  
0.000000e+000  0.000000e+000  0.000000e+000  0.000000e+000  0.000000e+000  0.000000e+000  0.000000e+000  0.000000e+000  0.000000e+000  0.000000e+000  0.000000e+000  0.000000e+000  0.000000e+000  0.000000e+000  0.000000e+000  0.000000e+000  
0.000000e+000  0.000000e+000  0.000000e+000  0.000000e+000  0.000000e+000  0.000000e+000  0.000000e+000  0.000000e+000  0.000000e+000  0.000000e+000  0.000000e+000  0.000000e+000  0.000000e+000  0.000000e+000  0.000000e+000  0.000000e+000  
0.000000e+000  0.000000e+000  0.000000e+000  0.000000e+000  0.000000e+000  0.000000e+000  0.000000e+000  0.000000e+000  0.000000e+000  0.000000e+000  0.000000e+000  0.000000e+000  0.000000e+000  0.000000e+000  0.000000e+000  0.000000e+000  
0.000000e+000  0.000000e+000  0.000000e+000  0.000000e+000  0.000000e+000  0.000000e+000  0.000000e+000  0.000000e+000  0.000000e+000  0.000000e+000  0.000000e+000  0.000000e+000  0.000000e+000  0.000000e+000  0.000000e+000  0.000000e+000  
0.000000e+000  0.000000e+000  0.000000e+000  0.000000e+000  0.000000e+000  0.000000e+000  0.000000e+000  0.000000e+000  0.000000e+000  0.000000e+000  0.000000e+000  0.000000e+000  0.000000e+000  0.000000e+000  0.000000e+000  0.000000e+000  
0.000000e+000  0.000000e+000  0.000000e+000  0.000000e+000  0.000000e+000  0.000000e+000  0.000000e+000  0.000000e+000  0.000000e+000  0.000000e+000  0.000000e+000  0.000000e+000  0.000000e+000  0.000000e+000  0.000000e+000  0.000000e+000  
0.000000e+000  0.000000e+000  0.000000e+000  0.000000e+000  0.000000e+000  0.000000e+000  0.000000e+000  0.000000e+000  0.000000e+000  0.000000e+000  0.000000e+000  0.000000e+000  0.000000e+000  0.000000e+000  0.000000e+000  0.000000e+000  
0.000000e+000  0.000000e+000  0.000000e+000  0.000000e+000  0.000000e+000  0.000000e+000  0.000000e+000  0.000000e+000  0.000000e+000  0.000000e+000  0.000000e+000  0.000000e+000  0.000000e+000  0.000000e+000  0.000000e+000  0.000000e+000  
0.000000e+000  0.000000e+000  0.000000e+000  0.000000e+000  0.000000e+000  0.000000e+000  0.000000e+000  0.000000e+000  0.000000e+000  0.000000e+000  0.000000e+000  0.000000e+000  0.000000e+000  0.000000e+000  0.000000e+000  0.000000e+000  
0.000000e+000  0.000000e+000  0.000000e+000  0.000000e+000  0.000000e+000  0.000000e+000  0.000000e+000  0.000000e+000  0.000000e+000  0.000000e+000  0.000000e+000  0.000000e+000  0.000000e+000  0.000000e+000  0.000000e+000  0.000000e+000  
0.000000e+000  0.000000e+000  0.000000e+000  0.000000e+000  0.000000e+000  0.000000e+000  0.000000e+000  0.000000e+000  0.000000e+000  0.000000e+000  0.000000e+000  0.000000e+000  0.000000e+000  0.000000e+000  0.000000e+000  0.000000e+000  
0.000000e+000  0.000000e+000  0.000000e+000  0.000000e+000  0.000000e+000  0.000000e+000  0.000000e+000  0.000000e+000  0.000000e+000  0.000000e+000  0.000000e+000  0.000000e+000  0.000000e+000  0.000000e+000  0.000000e+000  0.000000e+000  
0.000000e+000  0.000000e+000  0.000000e+000  0.000000e+000  0.000000e+000  0.000000e+000  0.000000e+000  0.000000e+000  0.000000e+000  0.000000e+000  0.000000e+000  0.000000e+000  0.000000e+000  0.000000e+000  0.000000e+000  0.000000e+000  
0.000000e+000  0.000000e+000  0.000000e+000  0.000000e+000  0.000000e+000  0.000000e+000  0.000000e+000  0.000000e+000  0.000000e+000  0.000000e+000  0.000000e+000  0.000000e+000  0.000000e+000  0.000000e+000  0.000000e+000  0.000000e+000  
0.000000e+000  0.000000e+000  0.000000e+000  0.000000e+000  0.000000e+000  0.000000e+000  0.000000e+000  0.000000e+000  0.000000e+000  0.000000e+000  0.000000e+000  0.000000e+000  0.000000e+000  0.000000e+000  0.000000e+000  0.000000e+000  
0.000000e+000  0.000000e+000  0.000000e+000  0.000000e+000  0.000000e+000  0.000000e+000  0.000000e+000  0.000000e+000  0.000000e+000  0.000000e+000  0.000000e+000  0.000000e+000  0.000000e+000  0.000000e+000  0.000000e+000  0.000000e+000  
0.000000e+000  0.000000e+000  0.000000e+000  0.000000e+000  0.000000e+000  0.000000e+000  0.000000e+000  0.000000e+000  0.000000e+000  0.000000e+000  0.000000e+000  0.000000e+000  0.000000e+000  0.000000e+000  0.000000e+000  0.000000e+000  
0.000000e+000  0.000000e+000  0.000000e+000  0.000000e+000  0.000000e+000  0.000000e+000  0.000000e+000  0.000000e+000  0.000000e+000  0.000000e+000  0.000000e+000  0.000000e+000  0.000000e+000  0.000000e+000  0.000000e+000  0.000000e+000  
0.000000e+000  0.000000e+000  0.000000e+000  0.000000e+000  0.000000e+000  0.000000e+000  0.000000e+000  0.000000e+000  0.000000e+000  0.000000e+000  0.000000e+000  0.000000e+000  0.000000e+000  0.000000e+000  0.000000e+000  0.000000e+000  
0.000000e+000  0.000000e+000  0.000000e+000  0.000000e+000  0.000000e+000  0.000000e+000  0.000000e+000  0.000000e+000  0.000000e+000  0.000000e+000  0.000000e+000  0.000000e+000  0.000000e+000  0.000000e+000  0.000000e+000  0.000000e+000  

0.000000e+000  0.000000e+000  0.000000e+000  0.000000e+000  0.000000e+000  0.000000e+000  0.000000e+000  0.000000e+000  0.000000e+000  0.000000e+000  0.000000e+000  0.000000e+000  0.000000e+000  0.000000e+000  0.000000e+000  0.000000e+000  
0.000000e+000  0.000000e+000  0.000000e+000  0.000000e+000  0.000000e+000  0.000000e+000  0.000000e+000  0.000000e+000  0.000000e+000  0.000000e+000  0.000000e+000  0.000000e+000  0.000000e+000  0.000000e+000  0.000000e+000  0.000000e+000  
0.000000e+000  0.000000e+000  0.000000e+000  0.000000e+000  0.000000e+000  0.000000e+000  0.000000e+000  0.000000e+000  0.000000e+000  0.000000e+000  0.000000e+000  0.000000e+000  0.000000e+000  0.000000e+000  0.000000e+000  0.000000e+000  
0.000000e+000  0.000000e+000  0.000000e+000  0.000000e+000  0.000000e+000  0.000000e+000  0.000000e+000  0.000000e+000  0.000000e+000  0.000000e+000  0.000000e+000  0.000000e+000  0.000000e+000  0.000000e+000  0.000000e+000  0.000000e+000  
0.000000e+000  0.000000e+000  0.000000e+000  0.000000e+000  0.000000e+000  0.000000e+000  0.000000e+000  0.000000e+000  0.000000e+000  0.000000e+000  0.000000e+000  0.000000e+000  0.000000e+000  0.000000e+000  0.000000e+000  0.000000e+000  
0.000000e+000  0.000000e+000  0.000000e+000  0.000000e+000  0.000000e+000  0.000000e+000  0.000000e+000  0.000000e+000  0.000000e+000  0.000000e+000  0.000000e+000  0.000000e+000  0.000000e+000  0.000000e+000  0.000000e+000  0.000000e+000  
0.000000e+000  0.000000e+000  0.000000e+000  0.000000e+000  0.000000e+000  0.000000e+000  0.000000e+000  0.000000e+000  0.000000e+000  0.000000e+000  0.000000e+000  0.000000e+000  0.000000e+000  0.000000e+000  0.000000e+000  0.000000e+000  
0.000000e+000  0.000000e+000  0.000000e+000  0.000000e+000  0.000000e+000  0.000000e+000  0.000000e+000  0.000000e+000  0.000000e+000  0.000000e+000  0.000000e+000  0.000000e+000  0.000000e+000  0.000000e+000  0.000000e+000  0.000000e+000  
0.000000e+000  0.000000e+000  0.000000e+000  0.000000e+000  0.000000e+000  0.000000e+000  0.000000e+000  0.000000e+000  0.000000e+000  0.000000e+000  0.000000e+000  0.000000e+000  0.000000e+000  0.000000e+000  0.000000e+000  0.000000e+000  
0.000000e+000  0.000000e+000  0.000000e+000  0.000000e+000  0.000000e+000  0.000000e+000  0.000000e+000  0.000000e+000  0.000000e+000  0.000000e+000  0.000000e+000  0.000000e+000  0.000000e+000  0.000000e+000  0.000000e+000  0.000000e+000  
0.000000e+000  0.000000e+000  0.000000e+000  0.000000e+000  0.000000e+000  0.000000e+000  0.000000e+000  0.000000e+000  0.000000e+000  0.000000e+000  0.000000e+000  0.000000e+000  0.000000e+000  0.000000e+000  0.000000e+000  0.000000e+000  
0.000000e+000  0.000000e+000  0.000000e+000  0.000000e+000  0.000000e+000  0.000000e+000  0.000000e+000  0.000000e+000  0.000000e+000  0.000000e+000  0.000000e+000  0.000000e+000  0.000000e+000  0.000000e+000  0.000000e+000  0.000000e+000  
0.000000e+000  0.000000e+000  0.000000e+000  0.000000e+000  0.000000e+000  0.000000e+000  0.000000e+000  0.000000e+000  0.000000e+000  0.000000e+000  0.000000e+000  0.000000e+000  0.000000e+000  0.000000e+000  0.000000e+000  0.000000e+000  
0.000000e+000  0.000000e+000  0.000000e+000  0.000000e+000  0.000000e+000  0.000000e+000  0.000000e+000  0.000000e+000  0.000000e+000  0.000000e+000  0.000000e+000  0.000000e+000  0.000000e+000  0.000000e+000  0.000000e+000  0.000000e+000  
0.000000e+000  0.000000e+000  0.000000e+000  0.000000e+000  0.000000e+000  0.000000e+000  0.000000e+000  0.000000e+000  0.000000e+000  0.000000e+000  0.000000e+000  0.000000e+000  0.000000e+000  0.000000e+000  0.000000e+000  0.000000e+000  
0.000000e+000  0.000000e+000  0.000000e+000  0.000000e+000  0.000000e+000  0.000000e+000  0.000000e+000  0.000000e+000  0.000000e+000  0.000000e+000  0.000000e+000  0.000000e+000  0.000000e+000  0.000000e+000  0.000000e+000  0.000000e+000  
0.000000e+000  0.000000e+000  0.000000e+000  0.000000e+000  0.000000e+000  0.000000e+000  0.000000e+000  0.000000e+000  0.000000e+000  0.000000e+000  0.000000e+000  0.000000e+000  0.000000e+000  0.000000e+000  0.000000e+000  0.000000e+000  
0.000000e+000  0.000000e+000  0.000000e+000  0.000000e+000  0.000000e+000  0.000000e+000  0.000000e+000  0.000000e+000  0.000000e+000  0.000000e+000  0.000000e+000  0.000000e+000  0.000000e+000  0.000000e+000  0.000000e+000  0.000000e+000  
0.000000e+000  0.000000e+000  0.000000e+000  0.000000e+000  0.000000e+000  0.000000e+000  0.000000e+000  0.000000e+000  0.000000e+000  0.000000e+000  0.000000e+000  0.000000e+000  0.000000e+000  0.000000e+000  0.000000e+000  0.000000e+000  
0.000000e+000  0.000000e+000  0.000000e+000  0.000000e+000  0.000000e+000  0.000000e+000  0.000000e+000  0.000000e+000  0.000000e+000  0.000000e+000  0.000000e+000  0.000000e+000  0.000000e+000  0.000000e+000  0.000000e+000  0.000000e+000  
0.000000e+000  0.000000e+000  0.000000e+000  0.000000e+000  0.000000e+000  0.000000e+000  0.000000e+000  0.000000e+000  0.000000e+000  0.000000e+000  0.000000e+000  0.000000e+000  0.000000e+000  0.000000e+000  0.000000e+000  0.000000e+000  
0.000000e+000  0.000000e+000  0.000000e+000  0.000000e+000  0.000000e+000  0.000000e+000  0.000000e+000  0.000000e+000  0.000000e+000  0.000000e+000  0.000000e+000  0.000000e+000  0.000000e+000  0.000000e+000  0.000000e+000  0.000000e+000  
0.000000e+000  0.000000e+000  0.000000e+000  0.000000e+000  0.000000e+000  0.000000e+000  0.000000e+000  0.000000e+000  0.000000e+000  0.000000e+000  0.000000e+000  0.000000e+000  0.000000e+000  0.000000e+000  0.000000e+000  0.000000e+000  
0.000000e+000  0.000000e+000  0.000000e+000  0.000000e+000  0.000000e+000  0.000000e+000  0.000000e+000  0.000000e+000  0.000000e+000  0.000000e+000  0.000000e+000  0.000000e+000  0.000000e+000  0.000000e+000  0.000000e+000  0.000000e+000  
0.000000e+000  0.000000e+000  0.000000e+000  0.000000e+000  0.000000e+000  0.000000e+000  0.000000e+000  0.000000e+000  0.000000e+000  0.000000e+000  0.000000e+000  0.000000e+000  0.000000e+000  0.000000e+000  0.000000e+000  0.000000e+000  
0.000000e+000  0.000000e+000  0.000000e+000  0.000000e+000  0.000000e+000  0.000000e+000  0.000000e+000  0.000000e+000  0.000000e+000  0.000000e+000  0.000000e+000  0.000000e+000  0.000000e+000  0.000000e+000  0.000000e+000  0.000000e+000  
0.000000e+000  0.000000e+000  0.000000e+000  0.000000e+000  0.000000e+000  0.000000e+000  0.000000e+000  0.000000e+000  0.000000e+000  0.000000e+000  0.000000e+000  0.000000e+000  0.000000e+000  0.000000e+000  0.000000e+000  0.000000e+000  

0.000000e+000  0.000000e+000  0.000000e+000  0.000000e+000  0.000000e+000  0.000000e+000  0.000000e+000  0.000000e+000  0.000000e+000  0.000000e+000  0.000000e+000  0.000000e+000  0.000000e+000  0.000000e+000  0.000000e+000  0.000000e+000  
0.000000e+000  0.000000e+000  0.000000e+000  0.000000e+000  0.000000e+000  0.000000e+000  0.000000e+000  0.000000e+000  0.000000e+000  0.000000e+000  0.000000e+000  0.000000e+000  0.000000e+000  0.000000e+000  0.000000e+000  0.000000e+000  
0.000000e+000  0.000000e+000  0.000000e+000  0.000000e+000  0.000000e+000  0.000000e+000  0.000000e+000  0.000000e+000  0.000000e+000  0.000000e+000  0.000000e+000  0.000000e+000  0.000000e+000  0.000000e+000  0.000000e+000  0.000000e+000  
0.000000e+000  0.000000e+000  0.000000e+000  0.000000e+000  0.000000e+000  0.000000e+000  0.000000e+000  0.000000e+000  0.000000e+000  0.000000e+000  0.000000e+000  0.000000e+000  0.000000e+000  0.000000e+000  0.000000e+000  0.000000e+000  
0.000000e+000  0.000000e+000  0.000000e+000  0.000000e+000  0.000000e+000  0.000000e+000  0.000000e+000  0.000000e+000  0.000000e+000  0.000000e+000  0.000000e+000  0.000000e+000  0.000000e+000  0.000000e+000  0.000000e+000  0.000000e+000  
0.000000e+000  0.000000e+000  0.000000e+000  0.000000e+000  0.000000e+000  0.000000e+000  0.000000e+000  0.000000e+000  0.000000e+000  0.000000e+000  0.000000e+000  0.000000e+000  0.000000e+000  0.000000e+000  0.000000e+000  0.000000e+000  
0.000000e+000  0.000000e+000  0.000000e+000  0.000000e+000  0.000000e+000  0.000000e+000  0.000000e+000  0.000000e+000  0.000000e+000  0.000000e+000  0.000000e+000  0.000000e+000  0.000000e+000  0.000000e+000  0.000000e+000  0.000000e+000  
0.000000e+000  0.000000e+000  0.000000e+000  0.000000e+000  0.000000e+000  0.000000e+000  0.000000e+000  0.000000e+000  0.000000e+000  0.000000e+000  0.000000e+000  0.000000e+000  0.000000e+000  0.000000e+000  0.000000e+000  0.000000e+000  
0.000000e+000  0.000000e+000  0.000000e+000  0.000000e+000  0.000000e+000  0.000000e+000  0.000000e+000  0.000000e+000  0.000000e+000  0.000000e+000  0.000000e+000  0.000000e+000  0.000000e+000  0.000000e+000  0.000000e+000  0.000000e+000  
0.000000e+000  0.000000e+000  0.000000e+000  0.000000e+000  0.000000e+000  0.000000e+000  0.000000e+000  0.000000e+000  0.000000e+000  0.000000e+000  0.000000e+000  0.000000e+000  0.000000e+000  0.000000e+000  0.000000e+000  0.000000e+000  
0.000000e+000  0.000000e+000  0.000000e+000  0.000000e+000  0.000000e+000  0.000000e+000  0.000000e+000  0.000000e+000  0.000000e+000  0.000000e+000  0.000000e+000  0.000000e+000  0.000000e+000  0.000000e+000  0.000000e+000  0.000000e+000  
0.000000e+000  0.000000e+000  0.000000e+000  0.000000e+000  0.000000e+000  0.000000e+000  0.000000e+000  0.000000e+000  0.000000e+000  0.000000e+000  0.000000e+000  0.000000e+000  0.000000e+000  0.000000e+000  0.000000e+000  0.000000e+000  
0.000000e+000  0.000000e+000  0.000000e+000  0.000000e+000  0.000000e+000  0.000000e+000  0.000000e+000  0.000000e+000  0.000000e+000  0.000000e+000  0.000000e+000  0.000000e+000  0.000000e+000  0.000000e+000  0.000000e+000  0.000000e+000  
0.000000e+000  0.000000e+000  0.000000e+000  0.000000e+000  0.000000e+000  0.000000e+000  0.000000e+000  0.000000e+000  0.000000e+000  0.000000e+000  0.000000e+000  0.000000e+000  0.000000e+000  0.000000e+000  0.000000e+000  0.000000e+000  
0.000000e+000  0.000000e+000  0.000000e+000  0.000000e+000  0.000000e+000  0.000000e+000  0.000000e+000  0.000000e+000  0.000000e+000  0.000000e+000  0.000000e+000  0.000000e+000  0.000000e+000  0.000000e+000  0.000000e+000  0.000000e+000  
0.000000e+000  0.000000e+000  0.000000e+000  0.000000e+000  0.000000e+000  0.000000e+000  0.000000e+000  0.000000e+000  0.000000e+000  0.000000e+000  0.000000e+000  0.000000e+000  0.000000e+000  0.000000e+000  0.000000e+000  0.000000e+000  
0.000000e+000  0.000000e+000  0.000000e+000  0.000000e+000  0.000000e+000  0.000000e+000  0.000000e+000  0.000000e+000  0.000000e+000  0.000000e+000  0.000000e+000  0.000000e+000  0.000000e+000  0.000000e+000  0.000000e+000  0.000000e+000  
0.000000e+000  0.000000e+000  0.000000e+000  0.000000e+000  0.000000e+000  0.000000e+000  0.000000e+000  0.000000e+000  0.000000e+000  0.000000e+000  0.000000e+000  0.000000e+000  0.000000e+000  0.000000e+000  0.000000e+000  0.000000e+000  
0.000000e+000  0.000000e+000  0.000000e+000  0.000000e+000  0.000000e+000  0.000000e+000  0.000000e+000  0.000000e+000  0.000000e+000  0.000000e+000  0.000000e+000  0.000000e+000  0.000000e+000  0.000000e+000  0.000000e+000  0.000000e+000  
0.000000e+000  0.000000e+000  0.000000e+000  0.000000e+000  0.000000e+000  0.000000e+000  0.000000e+000  0.000000e+000  0.000000e+000  0.000000e+000  0.000000e+000  0.000000e+000  0.000000e+000  0.000000e+000  0.000000e+000  0.000000e+000  
0.000000e+000  0.000000e+000  0.000000e+000  0.000000e+000  0.000000e+000  0.000000e+000  0.000000e+000  0.000000e+000  0.000000e+000  0.000000e+000  0.000000e+000  0.000000e+000  0.000000e+000  0.000000e+000  0.000000e+000  0.000000e+000  
0.000000e+000  0.000000e+000  0.000000e+000  0.000000e+000  0.000000e+000  0.000000e+000  0.000000e+000  0.000000e+000  0.000000e+000  0.000000e+000  0.000000e+000  0.000000e+000  0.000000e+000  0.000000e+000  0.000000e+000  0.000000e+000  
0.000000e+000  0.000000e+000  0.000000e+000  0.000000e+000  0.000000e+000  0.000000e+000  0.000000e+000  0.000000e+000  0.000000e+000  0.000000e+000  0.000000e+000  0.000000e+000  0.000000e+000  0.000000e+000  0.000000e+000  0.000000e+000  
0.000000e+000  0.000000e+000  0.000000e+000  0.000000e+000  0.000000e+000  0.000000e+000  0.000000e+000  0.000000e+000  0.000000e+000  0.000000e+000  0.000000e+000  0.000000e+000  0.000000e+000  0.000000e+000  0.000000e+000  0.000000e+000  
0.000000e+000  0.000000e+000  0.000000e+000  0.000000e+000  0.000000e+000  0.000000e+000  0.000000e+000  0.000000e+000  0.000000e+000  0.000000e+000  0.000000e+000  0.000000e+000  0.000000e+000  0.000000e+000  0.000000e+000  0.000000e+000  
0.000000e+000  0.000000e+000  0.000000e+000  0.000000e+000  0.000000e+000  0.000000e+000  0.000000e+000  0.000000e+000  0.000000e+000  0.000000e+000  0.000000e+000  0.000000e+000  0.000000e+000  0.000000e+000  0.000000e+000  0.000000e+000  
0.000000e+000  0.000000e+000  0.000000e+000  0.000000e+000  0.000000e+000  0.000000e+000  0.000000e+000  0.000000e+000  0.000000e+000  0.000000e+000  0.000000e+000  0.000000e+000  0.000000e+000  0.000000e+000  0.000000e+000  0.000000e+000  

-1.026511e+000  -1.026511e+000  -1.026511e+000  -1.026511e+000  -1.026511e+000  -1.026511e+000  -1.026511e+000  -1.026511e+000  -1.026511e+000  -1.026511e+000  -1.026511e+000  -1.026511e+000  -1.026511e+000  -1.026511e+000  -1.026511e+000  -0.000000e+000  
-1.023189e+000  -1.023189e+000  -1.023189e+000  -1.023189e+000  -1.023189e+000  -1.023189e+000  -1.023189e+000  -1.023189e+000  -1.023189e+000  -1.023189e+000  -1.023189e+000  -1.023189e+000  -1.023189e+000  -1.023189e+000  -1.023189e+000  -0.000000e+000  
-1.016556e+000  -1.016556e+000  -1.016556e+000  -1.016556e+000  -1.016556e+000  -1.016556e+000  -1.016556e+000  -1.016556e+000  -1.016556e+000  -1.016556e+000  -1.016556e+000  -1.016556e+000  -1.016556e+000  -1.016556e+000  -1.016556e+000  -0.000000e+000  
-9.930350e-001  -9.930350e-001  -9.930350e-001  -9.930350e-001  -9.930350e-001  -9.930350e-001  -9.930350e-001  -9.930350e-001  -9.930350e-001  -9.930350e-001  -9.930350e-001  -9.930350e-001  -9.930350e-001  -9.930350e-001  -9.930350e-001  -0.000000e+000  
-9.048640e-001  -9.048640e-001  -9.048640e-001  -9.048640e-001  -9.048640e-001  -9.048640e-001  -9.048640e-001  -9.048640e-001  -9.048640e-001  -9.048640e-001  -9.048640e-001  -9.048640e-001  -9.048640e-001  -9.048640e-001  -9.048640e-001  -0.000000e+000  
-7.566010e-001  -7.566010e-001  -7.566010e-001  -7.566010e-001  -7.566010e-001  -7.566010e-001  -7.566010e-001  -7.566010e-001  -7.566010e-001  -7.566010e-001  -7.566010e-001  -7.566010e-001  -7.566010e-001  -7.566010e-001  -7.566010e-001  -0.000000e+000  
-5.631741e-001  -5.631741e-001  -5.631741e-001  -5.631741e-001  -5.631741e-001  -5.631741e-001  -5.631741e-001  -5.631741e-001  -5.631741e-001  -5.631741e-001  -5.631741e-001  -5.631741e-001  -5.631741e-001  -5.631741e-001  -5.631741e-001  -0.000000e+000  
-3.507706e-001  -3.507706e-001  -3.507706e-001  -3.507706e-001  -3.507706e-001  -3.507706e-001  -3.507706e-001  -3.507706e-001  -3.507706e-001  -3.507706e-001  -3.507706e-001  -3.507706e-001  -3.507706e-001  -3.507706e-001  -3.507706e-001  -0.000000e+000  
-2.153915e-001  -2.153915e-001  -2.153915e-001  -2.153915e-001  -2.153915e-001  -2.153915e-001  -2.153915e-001  -2.153915e-001  -2.153915e-001  -2.153915e-001  -2.153915e-001  -2.153915e-001  -2.153915e-001  -2.153915e-001  -2.153915e-001  -0.000000e+000  
-1.575849e-001  -1.575849e-001  -1.575849e-001  -1.575849e-001  -1.575849e-001  -1.575849e-001  -1.575849e-001  -1.575849e-001  -1.575849e-001  -1.575849e-001  -1.575849e-001  -1.575849e-001  -1.575849e-001  -1.575849e-001  -1.575849e-001  -0.000000e+000  
-9.926824e-002  -9.926824e-002  -9.926824e-002  -9.926824e-002  -9.926824e-002  -9.926824e-002  -9.926824e-002  -9.926824e-002  -9.926824e-002  -9.926824e-002  -9.926824e-002  -9.926824e-002  -9.926824e-002  -9.926824e-002  -9.926824e-002  -0.000000e+000  
-5.248710e-002  -5.248710e-002  -5.248710e-002  -5.248710e-002  -5.248710e-002  -5.248710e-002  -5.248710e-002  -5.248710e-002  -5.248710e-002  -5.248710e-002  -5.248710e-002  -5.248710e-002  -5.248710e-002  -5.248710e-002  -5.248710e-002  -0.000000e+000  
-1.750240e-002  -1.750240e-002  -1.750240e-002  -1.750240e-002  -1.750240e-002  -1.750240e-002  -1.750240e-002  -1.750240e-002  -1.750240e-002  -1.750240e-002  -1.750240e-002  -1.750240e-002  -1.750240e-002  -1.750240e-002  -1.750240e-002  -0.000000e+000  
1.750240e-002  1.750240e-002  1.750240e-002  1.750240e-002  1.750240e-002  1.750240e-002  1.750240e-002  1.750240e-002  1.750240e-002  1.750240e-002  1.750240e-002  1.750240e-002  1.750240e-002  1.750240e-002  1.750240e-002  -0.000000e+000  
5.248710e-002  5.248710e-002  5.248710e-002  5.248710e-002  5.248710e-002  5.248710e-002  5.248710e-002  5.248710e-002  5.248710e-002  5.248710e-002  5.248710e-002  5.248710e-002  5.248710e-002  5.248710e-002  5.248710e-002  -0.000000e+000  
9.926824e-002  9.926824e-002  9.926824e-002  9.926824e-002  9.926824e-002  9.926824e-002  9.926824e-002  9.926824e-002  9.926824e-002  9.926824e-002  9.926824e-002  9.926824e-002  9.926824e-002  9.926824e-002  9.926824e-002  -0.000000e+000  
1.575849e-001  1.575849e-001  1.575849e-001  1.575849e-001  1.575849e-001  1.575849e-001  1.575849e-001  1.575849e-001  1.575849e-001  1.575849e-001  1.575849e-001  1.575849e-001  1.575849e-001  1.575849e-001  1.575849e-001  -0.000000e+000  
2.153915e-001  2.153915e-001  2.153915e-001  2.153915e-001  2.153915e-001  2.153915e-001  2.153915e-001  2.153915e-001  2.153915e-001  2.153915e-001  2.153915e-001  2.153915e-001  2.153915e-001  2.153915e-001  2.153915e-001  -0.000000e+000  
3.507706e-001  3.507706e-001  3.507706e-001  3.507706e-001  3.507706e-001  3.507706e-001  3.507706e-001  3.507706e-001  3.507706e-001  3.507706e-001  3.507706e-001  3.507706e-001  3.507706e-001  3.507706e-001  3.507706e-001  -0.000000e+000  
5.631741e-001  5.631741e-001  5.631741e-001  5.631741e-001  5.631741e-001  5.631741e-001  5.631741e-001  5.631741e-001  5.631741e-001  5.631741e-001  5.631741e-001  5.631741e-001  5.631741e-001  5.631741e-001  5.631741e-001  -0.000000e+000  
7.566010e-001  7.566010e-001  7.566010e-001  7.566010e-001  7.566010e-001  7.566010e-001  7.566010e-001  7.566010e-001  7.566010e-001  7.566010e-001  7.566010e-001  7.566010e-001  7.566010e-001  7.566010e-001  7.566010e-001  -0.000000e+000  
9.048640e-001  9.048640e-001  9.048640e-001  9.048640e-001  9.048640e-001  9.048640e-001  9.048640e-001  9.048640e-001  9.048640e-001  9.048640e-001  9.048640e-001  9.048640e-001  9.048640e-001  9.048640e-001  9.048640e-001  -0.000000e+000  
9.930350e-001  9.930350e-001  9.930350e-001  9.930350e-001  9.930350e-001  9.930350e-001  9.930350e-001  9.930350e-001  9.930350e-001  9.930350e-001  9.930350e-001  9.930350e-001  9.930350e-001  9.930350e-001  9.930350e-001  -0.000000e+000  
1.016556e+000  1.016556e+000  1.016556e+000  1.016556e+000  1.016556e+000  1.016556e+000  1.016556e+000  1.016556e+000  1.016556e+000  1.016556e+000  1.016556e+000  1.016556e+000  1.016556e+000  1.016556e+000  1.016556e+000  -0.000000e+000  
1.023189e+000  1.023189e+000  1.023189e+000  1.023189e+000  1.023189e+000  1.023189e+000  1.023189e+000  1.023189e+000  1.023189e+000  1.023189e+000  1.023189e+000  1.023189e+000  1.023189e+000  1.023189e+000  1.023189e+000  -0.000000e+000  
1.026511e+000  1.026511e+000  1.026511e+000  1.026511e+000  1.026511e+000  1.026511e+000  1.026511e+000  1.026511e+000  1.026511e+000  1.026511e+000  1.026511e+000  1.026511e+000  1.026511e+000  1.026511e+000  1.026511e+000  -0.000000e+000  
-0.000000e+000  -0.000000e+000  -0.000000e+000  -0.000000e+000  -0.000000e+000  -0.000000e+000  -0.000000e+000  -0.000000e+000  -0.000000e+000  -0.000000e+000  -0.000000e+000  -0.000000e+000  -0.000000e+000  -0.000000e+000  -0.000000e+000  -0.000000e+000  

