Port monitor named: Port2_h3[2.2].prt

nx        = 71
ny        = 23
nz        = 31

nu        = 16
nv        = 27
iu        = 3
iv        = 3

idir      = 0
dcut      = 5.114300e-001
icut      = 71
type      = 1
frequency = 2.200000e+009

fcutoff   = 3.942260e+009
alpha     = 6.855059e+001
beta      = 0.000000e+000
accuracy  = 8.679037e-010

type          = TE
wave imp.     = 2.533968e+002
wave imp.sig. = 6.528640e-006
line imp.     = 0.000000e+000

ref. port     = 0

0.000000e+000  0.000000e+000  0.000000e+000  0.000000e+000  0.000000e+000  0.000000e+000  0.000000e+000  0.000000e+000  0.000000e+000  0.000000e+000  0.000000e+000  0.000000e+000  0.000000e+000  0.000000e+000  0.000000e+000  0.000000e+000  
0.000000e+000  0.000000e+000  0.000000e+000  0.000000e+000  0.000000e+000  0.000000e+000  0.000000e+000  0.000000e+000  0.000000e+000  0.000000e+000  0.000000e+000  0.000000e+000  0.000000e+000  0.000000e+000  0.000000e+000  0.000000e+000  
0.000000e+000  0.000000e+000  0.000000e+000  0.000000e+000  0.000000e+000  0.000000e+000  0.000000e+000  0.000000e+000  0.000000e+000  0.000000e+000  0.000000e+000  0.000000e+000  0.000000e+000  0.000000e+000  0.000000e+000  0.000000e+000  
0.000000e+000  0.000000e+000  0.000000e+000  0.000000e+000  0.000000e+000  0.000000e+000  0.000000e+000  0.000000e+000  0.000000e+000  0.000000e+000  0.000000e+000  0.000000e+000  0.000000e+000  0.000000e+000  0.000000e+000  0.000000e+000  
0.000000e+000  0.000000e+000  0.000000e+000  0.000000e+000  0.000000e+000  0.000000e+000  0.000000e+000  0.000000e+000  0.000000e+000  0.000000e+000  0.000000e+000  0.000000e+000  0.000000e+000  0.000000e+000  0.000000e+000  0.000000e+000  
0.000000e+000  0.000000e+000  0.000000e+000  0.000000e+000  0.000000e+000  0.000000e+000  0.000000e+000  0.000000e+000  0.000000e+000  0.000000e+000  0.000000e+000  0.000000e+000  0.000000e+000  0.000000e+000  0.000000e+000  0.000000e+000  
0.000000e+000  0.000000e+000  0.000000e+000  0.000000e+000  0.000000e+000  0.000000e+000  0.000000e+000  0.000000e+000  0.000000e+000  0.000000e+000  0.000000e+000  0.000000e+000  0.000000e+000  0.000000e+000  0.000000e+000  0.000000e+000  
0.000000e+000  0.000000e+000  0.000000e+000  0.000000e+000  0.000000e+000  0.000000e+000  0.000000e+000  0.000000e+000  0.000000e+000  0.000000e+000  0.000000e+000  0.000000e+000  0.000000e+000  0.000000e+000  0.000000e+000  0.000000e+000  
0.000000e+000  0.000000e+000  0.000000e+000  0.000000e+000  0.000000e+000  0.000000e+000  0.000000e+000  0.000000e+000  0.000000e+000  0.000000e+000  0.000000e+000  0.000000e+000  0.000000e+000  0.000000e+000  0.000000e+000  0.000000e+000  
0.000000e+000  0.000000e+000  0.000000e+000  0.000000e+000  0.000000e+000  0.000000e+000  0.000000e+000  0.000000e+000  0.000000e+000  0.000000e+000  0.000000e+000  0.000000e+000  0.000000e+000  0.000000e+000  0.000000e+000  0.000000e+000  
0.000000e+000  0.000000e+000  0.000000e+000  0.000000e+000  0.000000e+000  0.000000e+000  0.000000e+000  0.000000e+000  0.000000e+000  0.000000e+000  0.000000e+000  0.000000e+000  0.000000e+000  0.000000e+000  0.000000e+000  0.000000e+000  
0.000000e+000  0.000000e+000  0.000000e+000  0.000000e+000  0.000000e+000  0.000000e+000  0.000000e+000  0.000000e+000  0.000000e+000  0.000000e+000  0.000000e+000  0.000000e+000  0.000000e+000  0.000000e+000  0.000000e+000  0.000000e+000  
0.000000e+000  0.000000e+000  0.000000e+000  0.000000e+000  0.000000e+000  0.000000e+000  0.000000e+000  0.000000e+000  0.000000e+000  0.000000e+000  0.000000e+000  0.000000e+000  0.000000e+000  0.000000e+000  0.000000e+000  0.000000e+000  
0.000000e+000  0.000000e+000  0.000000e+000  0.000000e+000  0.000000e+000  0.000000e+000  0.000000e+000  0.000000e+000  0.000000e+000  0.000000e+000  0.000000e+000  0.000000e+000  0.000000e+000  0.000000e+000  0.000000e+000  0.000000e+000  
0.000000e+000  0.000000e+000  0.000000e+000  0.000000e+000  0.000000e+000  0.000000e+000  0.000000e+000  0.000000e+000  0.000000e+000  0.000000e+000  0.000000e+000  0.000000e+000  0.000000e+000  0.000000e+000  0.000000e+000  0.000000e+000  
0.000000e+000  0.000000e+000  0.000000e+000  0.000000e+000  0.000000e+000  0.000000e+000  0.000000e+000  0.000000e+000  0.000000e+000  0.000000e+000  0.000000e+000  0.000000e+000  0.000000e+000  0.000000e+000  0.000000e+000  0.000000e+000  
0.000000e+000  0.000000e+000  0.000000e+000  0.000000e+000  0.000000e+000  0.000000e+000  0.000000e+000  0.000000e+000  0.000000e+000  0.000000e+000  0.000000e+000  0.000000e+000  0.000000e+000  0.000000e+000  0.000000e+000  0.000000e+000  
0.000000e+000  0.000000e+000  0.000000e+000  0.000000e+000  0.000000e+000  0.000000e+000  0.000000e+000  0.000000e+000  0.000000e+000  0.000000e+000  0.000000e+000  0.000000e+000  0.000000e+000  0.000000e+000  0.000000e+000  0.000000e+000  
0.000000e+000  0.000000e+000  0.000000e+000  0.000000e+000  0.000000e+000  0.000000e+000  0.000000e+000  0.000000e+000  0.000000e+000  0.000000e+000  0.000000e+000  0.000000e+000  0.000000e+000  0.000000e+000  0.000000e+000  0.000000e+000  
0.000000e+000  0.000000e+000  0.000000e+000  0.000000e+000  0.000000e+000  0.000000e+000  0.000000e+000  0.000000e+000  0.000000e+000  0.000000e+000  0.000000e+000  0.000000e+000  0.000000e+000  0.000000e+000  0.000000e+000  0.000000e+000  
0.000000e+000  0.000000e+000  0.000000e+000  0.000000e+000  0.000000e+000  0.000000e+000  0.000000e+000  0.000000e+000  0.000000e+000  0.000000e+000  0.000000e+000  0.000000e+000  0.000000e+000  0.000000e+000  0.000000e+000  0.000000e+000  
0.000000e+000  0.000000e+000  0.000000e+000  0.000000e+000  0.000000e+000  0.000000e+000  0.000000e+000  0.000000e+000  0.000000e+000  0.000000e+000  0.000000e+000  0.000000e+000  0.000000e+000  0.000000e+000  0.000000e+000  0.000000e+000  
0.000000e+000  0.000000e+000  0.000000e+000  0.000000e+000  0.000000e+000  0.000000e+000  0.000000e+000  0.000000e+000  0.000000e+000  0.000000e+000  0.000000e+000  0.000000e+000  0.000000e+000  0.000000e+000  0.000000e+000  0.000000e+000  
0.000000e+000  0.000000e+000  0.000000e+000  0.000000e+000  0.000000e+000  0.000000e+000  0.000000e+000  0.000000e+000  0.000000e+000  0.000000e+000  0.000000e+000  0.000000e+000  0.000000e+000  0.000000e+000  0.000000e+000  0.000000e+000  
0.000000e+000  0.000000e+000  0.000000e+000  0.000000e+000  0.000000e+000  0.000000e+000  0.000000e+000  0.000000e+000  0.000000e+000  0.000000e+000  0.000000e+000  0.000000e+000  0.000000e+000  0.000000e+000  0.000000e+000  0.000000e+000  
0.000000e+000  0.000000e+000  0.000000e+000  0.000000e+000  0.000000e+000  0.000000e+000  0.000000e+000  0.000000e+000  0.000000e+000  0.000000e+000  0.000000e+000  0.000000e+000  0.000000e+000  0.000000e+000  0.000000e+000  0.000000e+000  
0.000000e+000  0.000000e+000  0.000000e+000  0.000000e+000  0.000000e+000  0.000000e+000  0.000000e+000  0.000000e+000  0.000000e+000  0.000000e+000  0.000000e+000  0.000000e+000  0.000000e+000  0.000000e+000  0.000000e+000  0.000000e+000  

0.000000e+000  0.000000e+000  0.000000e+000  0.000000e+000  0.000000e+000  0.000000e+000  0.000000e+000  0.000000e+000  0.000000e+000  0.000000e+000  0.000000e+000  0.000000e+000  0.000000e+000  0.000000e+000  0.000000e+000  0.000000e+000  
0.000000e+000  0.000000e+000  0.000000e+000  0.000000e+000  0.000000e+000  0.000000e+000  0.000000e+000  0.000000e+000  0.000000e+000  0.000000e+000  0.000000e+000  0.000000e+000  0.000000e+000  0.000000e+000  0.000000e+000  0.000000e+000  
0.000000e+000  0.000000e+000  0.000000e+000  0.000000e+000  0.000000e+000  0.000000e+000  0.000000e+000  0.000000e+000  0.000000e+000  0.000000e+000  0.000000e+000  0.000000e+000  0.000000e+000  0.000000e+000  0.000000e+000  0.000000e+000  
0.000000e+000  0.000000e+000  0.000000e+000  0.000000e+000  0.000000e+000  0.000000e+000  0.000000e+000  0.000000e+000  0.000000e+000  0.000000e+000  0.000000e+000  0.000000e+000  0.000000e+000  0.000000e+000  0.000000e+000  0.000000e+000  
0.000000e+000  0.000000e+000  0.000000e+000  0.000000e+000  0.000000e+000  0.000000e+000  0.000000e+000  0.000000e+000  0.000000e+000  0.000000e+000  0.000000e+000  0.000000e+000  0.000000e+000  0.000000e+000  0.000000e+000  0.000000e+000  
0.000000e+000  0.000000e+000  0.000000e+000  0.000000e+000  0.000000e+000  0.000000e+000  0.000000e+000  0.000000e+000  0.000000e+000  0.000000e+000  0.000000e+000  0.000000e+000  0.000000e+000  0.000000e+000  0.000000e+000  0.000000e+000  
0.000000e+000  0.000000e+000  0.000000e+000  0.000000e+000  0.000000e+000  0.000000e+000  0.000000e+000  0.000000e+000  0.000000e+000  0.000000e+000  0.000000e+000  0.000000e+000  0.000000e+000  0.000000e+000  0.000000e+000  0.000000e+000  
0.000000e+000  0.000000e+000  0.000000e+000  0.000000e+000  0.000000e+000  0.000000e+000  0.000000e+000  0.000000e+000  0.000000e+000  0.000000e+000  0.000000e+000  0.000000e+000  0.000000e+000  0.000000e+000  0.000000e+000  0.000000e+000  
0.000000e+000  0.000000e+000  0.000000e+000  0.000000e+000  0.000000e+000  0.000000e+000  0.000000e+000  0.000000e+000  0.000000e+000  0.000000e+000  0.000000e+000  0.000000e+000  0.000000e+000  0.000000e+000  0.000000e+000  0.000000e+000  
0.000000e+000  0.000000e+000  0.000000e+000  0.000000e+000  0.000000e+000  0.000000e+000  0.000000e+000  0.000000e+000  0.000000e+000  0.000000e+000  0.000000e+000  0.000000e+000  0.000000e+000  0.000000e+000  0.000000e+000  0.000000e+000  
0.000000e+000  0.000000e+000  0.000000e+000  0.000000e+000  0.000000e+000  0.000000e+000  0.000000e+000  0.000000e+000  0.000000e+000  0.000000e+000  0.000000e+000  0.000000e+000  0.000000e+000  0.000000e+000  0.000000e+000  0.000000e+000  
0.000000e+000  0.000000e+000  0.000000e+000  0.000000e+000  0.000000e+000  0.000000e+000  0.000000e+000  0.000000e+000  0.000000e+000  0.000000e+000  0.000000e+000  0.000000e+000  0.000000e+000  0.000000e+000  0.000000e+000  0.000000e+000  
0.000000e+000  0.000000e+000  0.000000e+000  0.000000e+000  0.000000e+000  0.000000e+000  0.000000e+000  0.000000e+000  0.000000e+000  0.000000e+000  0.000000e+000  0.000000e+000  0.000000e+000  0.000000e+000  0.000000e+000  0.000000e+000  
0.000000e+000  0.000000e+000  0.000000e+000  0.000000e+000  0.000000e+000  0.000000e+000  0.000000e+000  0.000000e+000  0.000000e+000  0.000000e+000  0.000000e+000  0.000000e+000  0.000000e+000  0.000000e+000  0.000000e+000  0.000000e+000  
0.000000e+000  0.000000e+000  0.000000e+000  0.000000e+000  0.000000e+000  0.000000e+000  0.000000e+000  0.000000e+000  0.000000e+000  0.000000e+000  0.000000e+000  0.000000e+000  0.000000e+000  0.000000e+000  0.000000e+000  0.000000e+000  
0.000000e+000  0.000000e+000  0.000000e+000  0.000000e+000  0.000000e+000  0.000000e+000  0.000000e+000  0.000000e+000  0.000000e+000  0.000000e+000  0.000000e+000  0.000000e+000  0.000000e+000  0.000000e+000  0.000000e+000  0.000000e+000  
0.000000e+000  0.000000e+000  0.000000e+000  0.000000e+000  0.000000e+000  0.000000e+000  0.000000e+000  0.000000e+000  0.000000e+000  0.000000e+000  0.000000e+000  0.000000e+000  0.000000e+000  0.000000e+000  0.000000e+000  0.000000e+000  
0.000000e+000  0.000000e+000  0.000000e+000  0.000000e+000  0.000000e+000  0.000000e+000  0.000000e+000  0.000000e+000  0.000000e+000  0.000000e+000  0.000000e+000  0.000000e+000  0.000000e+000  0.000000e+000  0.000000e+000  0.000000e+000  
0.000000e+000  0.000000e+000  0.000000e+000  0.000000e+000  0.000000e+000  0.000000e+000  0.000000e+000  0.000000e+000  0.000000e+000  0.000000e+000  0.000000e+000  0.000000e+000  0.000000e+000  0.000000e+000  0.000000e+000  0.000000e+000  
0.000000e+000  0.000000e+000  0.000000e+000  0.000000e+000  0.000000e+000  0.000000e+000  0.000000e+000  0.000000e+000  0.000000e+000  0.000000e+000  0.000000e+000  0.000000e+000  0.000000e+000  0.000000e+000  0.000000e+000  0.000000e+000  
0.000000e+000  0.000000e+000  0.000000e+000  0.000000e+000  0.000000e+000  0.000000e+000  0.000000e+000  0.000000e+000  0.000000e+000  0.000000e+000  0.000000e+000  0.000000e+000  0.000000e+000  0.000000e+000  0.000000e+000  0.000000e+000  
0.000000e+000  0.000000e+000  0.000000e+000  0.000000e+000  0.000000e+000  0.000000e+000  0.000000e+000  0.000000e+000  0.000000e+000  0.000000e+000  0.000000e+000  0.000000e+000  0.000000e+000  0.000000e+000  0.000000e+000  0.000000e+000  
0.000000e+000  0.000000e+000  0.000000e+000  0.000000e+000  0.000000e+000  0.000000e+000  0.000000e+000  0.000000e+000  0.000000e+000  0.000000e+000  0.000000e+000  0.000000e+000  0.000000e+000  0.000000e+000  0.000000e+000  0.000000e+000  
0.000000e+000  0.000000e+000  0.000000e+000  0.000000e+000  0.000000e+000  0.000000e+000  0.000000e+000  0.000000e+000  0.000000e+000  0.000000e+000  0.000000e+000  0.000000e+000  0.000000e+000  0.000000e+000  0.000000e+000  0.000000e+000  
0.000000e+000  0.000000e+000  0.000000e+000  0.000000e+000  0.000000e+000  0.000000e+000  0.000000e+000  0.000000e+000  0.000000e+000  0.000000e+000  0.000000e+000  0.000000e+000  0.000000e+000  0.000000e+000  0.000000e+000  0.000000e+000  
0.000000e+000  0.000000e+000  0.000000e+000  0.000000e+000  0.000000e+000  0.000000e+000  0.000000e+000  0.000000e+000  0.000000e+000  0.000000e+000  0.000000e+000  0.000000e+000  0.000000e+000  0.000000e+000  0.000000e+000  0.000000e+000  
0.000000e+000  0.000000e+000  0.000000e+000  0.000000e+000  0.000000e+000  0.000000e+000  0.000000e+000  0.000000e+000  0.000000e+000  0.000000e+000  0.000000e+000  0.000000e+000  0.000000e+000  0.000000e+000  0.000000e+000  0.000000e+000  

0.000000e+000  0.000000e+000  0.000000e+000  0.000000e+000  0.000000e+000  0.000000e+000  0.000000e+000  0.000000e+000  0.000000e+000  0.000000e+000  0.000000e+000  0.000000e+000  0.000000e+000  0.000000e+000  0.000000e+000  0.000000e+000  
0.000000e+000  0.000000e+000  0.000000e+000  0.000000e+000  0.000000e+000  0.000000e+000  0.000000e+000  0.000000e+000  0.000000e+000  0.000000e+000  0.000000e+000  0.000000e+000  0.000000e+000  0.000000e+000  0.000000e+000  0.000000e+000  
0.000000e+000  0.000000e+000  0.000000e+000  0.000000e+000  0.000000e+000  0.000000e+000  0.000000e+000  0.000000e+000  0.000000e+000  0.000000e+000  0.000000e+000  0.000000e+000  0.000000e+000  0.000000e+000  0.000000e+000  0.000000e+000  
0.000000e+000  0.000000e+000  0.000000e+000  0.000000e+000  0.000000e+000  0.000000e+000  0.000000e+000  0.000000e+000  0.000000e+000  0.000000e+000  0.000000e+000  0.000000e+000  0.000000e+000  0.000000e+000  0.000000e+000  0.000000e+000  
0.000000e+000  0.000000e+000  0.000000e+000  0.000000e+000  0.000000e+000  0.000000e+000  0.000000e+000  0.000000e+000  0.000000e+000  0.000000e+000  0.000000e+000  0.000000e+000  0.000000e+000  0.000000e+000  0.000000e+000  0.000000e+000  
0.000000e+000  0.000000e+000  0.000000e+000  0.000000e+000  0.000000e+000  0.000000e+000  0.000000e+000  0.000000e+000  0.000000e+000  0.000000e+000  0.000000e+000  0.000000e+000  0.000000e+000  0.000000e+000  0.000000e+000  0.000000e+000  
0.000000e+000  0.000000e+000  0.000000e+000  0.000000e+000  0.000000e+000  0.000000e+000  0.000000e+000  0.000000e+000  0.000000e+000  0.000000e+000  0.000000e+000  0.000000e+000  0.000000e+000  0.000000e+000  0.000000e+000  0.000000e+000  
0.000000e+000  0.000000e+000  0.000000e+000  0.000000e+000  0.000000e+000  0.000000e+000  0.000000e+000  0.000000e+000  0.000000e+000  0.000000e+000  0.000000e+000  0.000000e+000  0.000000e+000  0.000000e+000  0.000000e+000  0.000000e+000  
0.000000e+000  0.000000e+000  0.000000e+000  0.000000e+000  0.000000e+000  0.000000e+000  0.000000e+000  0.000000e+000  0.000000e+000  0.000000e+000  0.000000e+000  0.000000e+000  0.000000e+000  0.000000e+000  0.000000e+000  0.000000e+000  
0.000000e+000  0.000000e+000  0.000000e+000  0.000000e+000  0.000000e+000  0.000000e+000  0.000000e+000  0.000000e+000  0.000000e+000  0.000000e+000  0.000000e+000  0.000000e+000  0.000000e+000  0.000000e+000  0.000000e+000  0.000000e+000  
0.000000e+000  0.000000e+000  0.000000e+000  0.000000e+000  0.000000e+000  0.000000e+000  0.000000e+000  0.000000e+000  0.000000e+000  0.000000e+000  0.000000e+000  0.000000e+000  0.000000e+000  0.000000e+000  0.000000e+000  0.000000e+000  
0.000000e+000  0.000000e+000  0.000000e+000  0.000000e+000  0.000000e+000  0.000000e+000  0.000000e+000  0.000000e+000  0.000000e+000  0.000000e+000  0.000000e+000  0.000000e+000  0.000000e+000  0.000000e+000  0.000000e+000  0.000000e+000  
0.000000e+000  0.000000e+000  0.000000e+000  0.000000e+000  0.000000e+000  0.000000e+000  0.000000e+000  0.000000e+000  0.000000e+000  0.000000e+000  0.000000e+000  0.000000e+000  0.000000e+000  0.000000e+000  0.000000e+000  0.000000e+000  
0.000000e+000  0.000000e+000  0.000000e+000  0.000000e+000  0.000000e+000  0.000000e+000  0.000000e+000  0.000000e+000  0.000000e+000  0.000000e+000  0.000000e+000  0.000000e+000  0.000000e+000  0.000000e+000  0.000000e+000  0.000000e+000  
0.000000e+000  0.000000e+000  0.000000e+000  0.000000e+000  0.000000e+000  0.000000e+000  0.000000e+000  0.000000e+000  0.000000e+000  0.000000e+000  0.000000e+000  0.000000e+000  0.000000e+000  0.000000e+000  0.000000e+000  0.000000e+000  
0.000000e+000  0.000000e+000  0.000000e+000  0.000000e+000  0.000000e+000  0.000000e+000  0.000000e+000  0.000000e+000  0.000000e+000  0.000000e+000  0.000000e+000  0.000000e+000  0.000000e+000  0.000000e+000  0.000000e+000  0.000000e+000  
0.000000e+000  0.000000e+000  0.000000e+000  0.000000e+000  0.000000e+000  0.000000e+000  0.000000e+000  0.000000e+000  0.000000e+000  0.000000e+000  0.000000e+000  0.000000e+000  0.000000e+000  0.000000e+000  0.000000e+000  0.000000e+000  
0.000000e+000  0.000000e+000  0.000000e+000  0.000000e+000  0.000000e+000  0.000000e+000  0.000000e+000  0.000000e+000  0.000000e+000  0.000000e+000  0.000000e+000  0.000000e+000  0.000000e+000  0.000000e+000  0.000000e+000  0.000000e+000  
0.000000e+000  0.000000e+000  0.000000e+000  0.000000e+000  0.000000e+000  0.000000e+000  0.000000e+000  0.000000e+000  0.000000e+000  0.000000e+000  0.000000e+000  0.000000e+000  0.000000e+000  0.000000e+000  0.000000e+000  0.000000e+000  
0.000000e+000  0.000000e+000  0.000000e+000  0.000000e+000  0.000000e+000  0.000000e+000  0.000000e+000  0.000000e+000  0.000000e+000  0.000000e+000  0.000000e+000  0.000000e+000  0.000000e+000  0.000000e+000  0.000000e+000  0.000000e+000  
0.000000e+000  0.000000e+000  0.000000e+000  0.000000e+000  0.000000e+000  0.000000e+000  0.000000e+000  0.000000e+000  0.000000e+000  0.000000e+000  0.000000e+000  0.000000e+000  0.000000e+000  0.000000e+000  0.000000e+000  0.000000e+000  
0.000000e+000  0.000000e+000  0.000000e+000  0.000000e+000  0.000000e+000  0.000000e+000  0.000000e+000  0.000000e+000  0.000000e+000  0.000000e+000  0.000000e+000  0.000000e+000  0.000000e+000  0.000000e+000  0.000000e+000  0.000000e+000  
0.000000e+000  0.000000e+000  0.000000e+000  0.000000e+000  0.000000e+000  0.000000e+000  0.000000e+000  0.000000e+000  0.000000e+000  0.000000e+000  0.000000e+000  0.000000e+000  0.000000e+000  0.000000e+000  0.000000e+000  0.000000e+000  
0.000000e+000  0.000000e+000  0.000000e+000  0.000000e+000  0.000000e+000  0.000000e+000  0.000000e+000  0.000000e+000  0.000000e+000  0.000000e+000  0.000000e+000  0.000000e+000  0.000000e+000  0.000000e+000  0.000000e+000  0.000000e+000  
0.000000e+000  0.000000e+000  0.000000e+000  0.000000e+000  0.000000e+000  0.000000e+000  0.000000e+000  0.000000e+000  0.000000e+000  0.000000e+000  0.000000e+000  0.000000e+000  0.000000e+000  0.000000e+000  0.000000e+000  0.000000e+000  
0.000000e+000  0.000000e+000  0.000000e+000  0.000000e+000  0.000000e+000  0.000000e+000  0.000000e+000  0.000000e+000  0.000000e+000  0.000000e+000  0.000000e+000  0.000000e+000  0.000000e+000  0.000000e+000  0.000000e+000  0.000000e+000  
0.000000e+000  0.000000e+000  0.000000e+000  0.000000e+000  0.000000e+000  0.000000e+000  0.000000e+000  0.000000e+000  0.000000e+000  0.000000e+000  0.000000e+000  0.000000e+000  0.000000e+000  0.000000e+000  0.000000e+000  0.000000e+000  

-0.000000e+000  -1.888163e-001  -3.745863e-001  -5.543128e-001  -7.250961e-001  -8.841810e-001  -1.029001e+000  -1.170534e+000  -1.288719e+000  -1.381198e+000  -1.488993e+000  -1.170276e+000  -5.987310e-001  -4.059148e-001  -2.050019e-001  -0.000000e+000  
-0.000000e+000  -1.888163e-001  -3.745863e-001  -5.543128e-001  -7.250961e-001  -8.841810e-001  -1.029001e+000  -1.170534e+000  -1.288719e+000  -1.381198e+000  -1.488993e+000  -1.170276e+000  -5.987310e-001  -4.059148e-001  -2.050019e-001  -0.000000e+000  
-0.000000e+000  -1.888163e-001  -3.745863e-001  -5.543128e-001  -7.250961e-001  -8.841810e-001  -1.029001e+000  -1.170534e+000  -1.288719e+000  -1.381198e+000  -1.488993e+000  -1.170276e+000  -5.987310e-001  -4.059148e-001  -2.050019e-001  -0.000000e+000  
-0.000000e+000  -1.888163e-001  -3.745863e-001  -5.543128e-001  -7.250961e-001  -8.841810e-001  -1.029001e+000  -1.170534e+000  -1.288719e+000  -1.381198e+000  -1.488993e+000  -1.170276e+000  -5.987310e-001  -4.059147e-001  -2.050019e-001  -0.000000e+000  
-0.000000e+000  -1.888163e-001  -3.745863e-001  -5.543128e-001  -7.250962e-001  -8.841810e-001  -1.029001e+000  -1.170534e+000  -1.288719e+000  -1.381198e+000  -1.488993e+000  -1.170276e+000  -5.987310e-001  -4.059147e-001  -2.050019e-001  -0.000000e+000  
-0.000000e+000  -1.888163e-001  -3.745863e-001  -5.543128e-001  -7.250961e-001  -8.841810e-001  -1.029001e+000  -1.170534e+000  -1.288719e+000  -1.381198e+000  -1.488993e+000  -1.170276e+000  -5.987310e-001  -4.059147e-001  -2.050019e-001  -0.000000e+000  
-0.000000e+000  -1.888163e-001  -3.745863e-001  -5.543128e-001  -7.250962e-001  -8.841810e-001  -1.029001e+000  -1.170534e+000  -1.288719e+000  -1.381198e+000  -1.488993e+000  -1.170276e+000  -5.987310e-001  -4.059147e-001  -2.050019e-001  -0.000000e+000  
-0.000000e+000  -1.888163e-001  -3.745863e-001  -5.543128e-001  -7.250962e-001  -8.841810e-001  -1.029001e+000  -1.170534e+000  -1.288719e+000  -1.381198e+000  -1.488993e+000  -1.170276e+000  -5.987310e-001  -4.059147e-001  -2.050019e-001  -0.000000e+000  
-0.000000e+000  -1.888163e-001  -3.745863e-001  -5.543128e-001  -7.250961e-001  -8.841810e-001  -1.029001e+000  -1.170534e+000  -1.288719e+000  -1.381198e+000  -1.488993e+000  -1.170276e+000  -5.987310e-001  -4.059148e-001  -2.050019e-001  -0.000000e+000  
-0.000000e+000  -1.888163e-001  -3.745863e-001  -5.543128e-001  -7.250961e-001  -8.841810e-001  -1.029001e+000  -1.170534e+000  -1.288719e+000  -1.381198e+000  -1.488993e+000  -1.170276e+000  -5.987310e-001  -4.059148e-001  -2.050019e-001  -0.000000e+000  
-0.000000e+000  -1.888163e-001  -3.745863e-001  -5.543128e-001  -7.250962e-001  -8.841810e-001  -1.029001e+000  -1.170534e+000  -1.288719e+000  -1.381198e+000  -1.488993e+000  -1.170276e+000  -5.987310e-001  -4.059148e-001  -2.050019e-001  -0.000000e+000  
-0.000000e+000  -1.888163e-001  -3.745862e-001  -5.543128e-001  -7.250961e-001  -8.841810e-001  -1.029001e+000  -1.170534e+000  -1.288719e+000  -1.381198e+000  -1.488993e+000  -1.170276e+000  -5.987310e-001  -4.059148e-001  -2.050019e-001  -0.000000e+000  
-0.000000e+000  -1.888163e-001  -3.745863e-001  -5.543127e-001  -7.250962e-001  -8.841810e-001  -1.029001e+000  -1.170534e+000  -1.288719e+000  -1.381198e+000  -1.488993e+000  -1.170276e+000  -5.987310e-001  -4.059147e-001  -2.050019e-001  -0.000000e+000  
-0.000000e+000  -1.888163e-001  -3.745862e-001  -5.543128e-001  -7.250961e-001  -8.841810e-001  -1.029001e+000  -1.170534e+000  -1.288719e+000  -1.381198e+000  -1.488993e+000  -1.170276e+000  -5.987310e-001  -4.059147e-001  -2.050019e-001  -0.000000e+000  
-0.000000e+000  -1.888163e-001  -3.745863e-001  -5.543128e-001  -7.250961e-001  -8.841810e-001  -1.029001e+000  -1.170534e+000  -1.288719e+000  -1.381198e+000  -1.488993e+000  -1.170276e+000  -5.987310e-001  -4.059148e-001  -2.050019e-001  -0.000000e+000  
-0.000000e+000  -1.888163e-001  -3.745863e-001  -5.543128e-001  -7.250962e-001  -8.841810e-001  -1.029001e+000  -1.170534e+000  -1.288719e+000  -1.381198e+000  -1.488993e+000  -1.170276e+000  -5.987310e-001  -4.059148e-001  -2.050019e-001  -0.000000e+000  
-0.000000e+000  -1.888163e-001  -3.745863e-001  -5.543128e-001  -7.250961e-001  -8.841810e-001  -1.029001e+000  -1.170534e+000  -1.288719e+000  -1.381198e+000  -1.488993e+000  -1.170276e+000  -5.987310e-001  -4.059148e-001  -2.050019e-001  -0.000000e+000  
-0.000000e+000  -1.888163e-001  -3.745863e-001  -5.543128e-001  -7.250961e-001  -8.841810e-001  -1.029001e+000  -1.170534e+000  -1.288719e+000  -1.381198e+000  -1.488993e+000  -1.170276e+000  -5.987310e-001  -4.059148e-001  -2.050019e-001  -0.000000e+000  
-0.000000e+000  -1.888163e-001  -3.745863e-001  -5.543128e-001  -7.250962e-001  -8.841810e-001  -1.029001e+000  -1.170534e+000  -1.288719e+000  -1.381198e+000  -1.488993e+000  -1.170276e+000  -5.987310e-001  -4.059147e-001  -2.050019e-001  -0.000000e+000  
-0.000000e+000  -1.888163e-001  -3.745863e-001  -5.543128e-001  -7.250962e-001  -8.841810e-001  -1.029001e+000  -1.170534e+000  -1.288719e+000  -1.381198e+000  -1.488993e+000  -1.170276e+000  -5.987310e-001  -4.059147e-001  -2.050019e-001  -0.000000e+000  
-0.000000e+000  -1.888163e-001  -3.745863e-001  -5.543128e-001  -7.250961e-001  -8.841810e-001  -1.029001e+000  -1.170534e+000  -1.288719e+000  -1.381198e+000  -1.488993e+000  -1.170276e+000  -5.987310e-001  -4.059147e-001  -2.050019e-001  -0.000000e+000  
-0.000000e+000  -1.888163e-001  -3.745863e-001  -5.543128e-001  -7.250962e-001  -8.841810e-001  -1.029001e+000  -1.170534e+000  -1.288719e+000  -1.381198e+000  -1.488993e+000  -1.170276e+000  -5.987310e-001  -4.059147e-001  -2.050019e-001  -0.000000e+000  
-0.000000e+000  -1.888163e-001  -3.745863e-001  -5.543128e-001  -7.250961e-001  -8.841810e-001  -1.029001e+000  -1.170534e+000  -1.288719e+000  -1.381198e+000  -1.488993e+000  -1.170276e+000  -5.987310e-001  -4.059147e-001  -2.050019e-001  -0.000000e+000  
-0.000000e+000  -1.888163e-001  -3.745863e-001  -5.543128e-001  -7.250961e-001  -8.841810e-001  -1.029001e+000  -1.170534e+000  -1.288719e+000  -1.381198e+000  -1.488993e+000  -1.170276e+000  -5.987310e-001  -4.059148e-001  -2.050019e-001  -0.000000e+000  
-0.000000e+000  -1.888163e-001  -3.745863e-001  -5.543128e-001  -7.250961e-001  -8.841810e-001  -1.029001e+000  -1.170534e+000  -1.288719e+000  -1.381198e+000  -1.488993e+000  -1.170276e+000  -5.987310e-001  -4.059148e-001  -2.050019e-001  -0.000000e+000  
-0.000000e+000  -1.888163e-001  -3.745863e-001  -5.543128e-001  -7.250961e-001  -8.841810e-001  -1.029001e+000  -1.170534e+000  -1.288719e+000  -1.381198e+000  -1.488993e+000  -1.170276e+000  -5.987310e-001  -4.059148e-001  -2.050019e-001  -0.000000e+000  
-0.000000e+000  -0.000000e+000  -0.000000e+000  -0.000000e+000  -0.000000e+000  -0.000000e+000  -0.000000e+000  -0.000000e+000  -0.000000e+000  -0.000000e+000  -0.000000e+000  -0.000000e+000  -0.000000e+000  -0.000000e+000  -0.000000e+000  -0.000000e+000  

-0.000000e+000  -0.000000e+000  -0.000000e+000  -0.000000e+000  -0.000000e+000  -0.000000e+000  -0.000000e+000  -0.000000e+000  -0.000000e+000  -0.000000e+000  -0.000000e+000  -0.000000e+000  -0.000000e+000  -0.000000e+000  -0.000000e+000  -0.000000e+000  
-8.618588e-009  -3.608522e-009  -1.029322e-008  -4.064770e-009  -1.041829e-008  -4.887148e-009  -9.539041e-009  -1.758118e-009  -2.661310e-009  -1.486796e-009  -4.484826e-010  2.033487e-009  4.285861e-009  9.032353e-009  6.051210e-009  -0.000000e+000  
-1.298500e-008  -1.527659e-008  -1.414915e-008  -1.336425e-008  -1.520893e-008  -1.638738e-008  -1.465775e-008  -8.498256e-009  -1.652985e-009  -2.355631e-009  -1.132646e-009  3.045193e-009  1.074931e-008  1.264729e-008  1.846698e-008  -0.000000e+000  
-2.113600e-008  -2.031713e-008  -1.976848e-008  -2.028554e-008  -2.346452e-008  -2.463750e-008  -2.864033e-008  -1.214026e-008  5.260866e-009  -3.346208e-009  -2.178589e-009  3.018369e-009  1.306305e-008  2.521989e-008  2.974677e-008  -0.000000e+000  
-6.844662e-008  -6.868318e-008  -6.815857e-008  -6.766134e-008  -6.569122e-008  -6.974985e-008  -5.846717e-008  -5.147665e-008  -4.088295e-008  -3.917320e-008  1.801979e-008  6.222859e-008  6.675472e-008  7.302305e-008  7.824835e-008  -0.000000e+000  
-2.316049e-008  -2.065741e-008  -2.417571e-008  -2.208573e-008  -2.033707e-008  -2.181198e-008  -1.857924e-008  -1.730685e-008  -1.529342e-008  -1.021394e-008  4.568566e-009  1.777561e-008  2.159509e-008  2.241143e-008  2.294384e-008  -0.000000e+000  
2.773562e-008  2.909762e-008  2.637155e-008  2.700459e-008  2.643075e-008  2.288215e-008  2.324566e-008  1.983420e-008  1.713663e-008  1.108071e-008  -7.393423e-009  -2.227769e-008  -2.620586e-008  -2.755412e-008  -2.846119e-008  -0.000000e+000  
7.500833e-008  7.290903e-008  7.261850e-008  7.085922e-008  7.294428e-008  7.153703e-008  6.355566e-008  5.324438e-008  4.405207e-008  3.975886e-008  -2.035722e-008  -6.645670e-008  -7.400133e-008  -7.894449e-008  -8.109704e-008  -0.000000e+000  
2.627579e-008  2.512873e-008  2.428872e-008  2.725360e-008  2.546228e-008  3.221272e-008  2.834552e-008  1.883149e-008  6.236588e-011  2.495422e-009  -3.314013e-010  -7.100298e-009  -1.957666e-008  -2.876235e-008  -3.291554e-008  -0.000000e+000  
1.939618e-008  1.884379e-008  1.672979e-008  2.341406e-008  1.573267e-008  2.339943e-008  1.417885e-008  1.458199e-008  1.272906e-008  -6.494610e-010  -6.008022e-010  -6.446526e-009  -1.617657e-008  -1.989449e-008  -2.059506e-008  -0.000000e+000  
1.061365e-008  1.033802e-008  1.671906e-008  9.401503e-009  1.394432e-008  7.913520e-009  7.646955e-009  1.212982e-008  2.273185e-008  -4.008825e-009  -1.448441e-009  -4.802659e-009  -1.491581e-008  -1.279484e-008  -7.841141e-009  -0.000000e+000  
4.453469e-009  5.683763e-009  -8.360386e-010  1.357200e-008  -1.233773e-009  1.691685e-008  -2.982065e-008  1.171349e-008  5.919271e-008  -1.189426e-008  -2.230783e-009  -2.403491e-009  -2.664448e-008  6.147899e-009  4.122372e-009  -0.000000e+000  
7.202454e-009  -1.158134e-008  1.764401e-008  -1.374871e-008  1.526480e-008  -1.099044e-008  3.696928e-009  1.335886e-009  2.579241e-008  -4.470595e-009  -8.800749e-010  -2.774851e-009  2.664101e-009  -1.202415e-008  4.411459e-009  -0.000000e+000  
-8.518733e-009  1.636680e-008  -1.587656e-008  1.240762e-008  -4.036954e-009  2.233302e-009  -2.406104e-009  4.855960e-009  -1.828466e-009  -5.762940e-010  -4.511909e-010  2.065905e-009  -9.725343e-009  2.548583e-009  1.237955e-009  -0.000000e+000  
-9.226953e-010  -5.670696e-009  6.209329e-009  -9.046594e-009  6.785666e-010  1.088981e-009  1.997018e-010  -2.785752e-009  -2.695306e-008  6.606355e-009  1.932451e-009  -1.285493e-009  8.860313e-009  2.773785e-009  -1.443824e-009  -0.000000e+000  
-1.668518e-009  -1.045033e-008  -1.016040e-009  -8.239571e-009  -3.043011e-009  -7.796200e-009  2.872766e-008  -1.545305e-008  -5.392905e-008  1.099766e-008  1.233231e-009  3.600782e-009  1.899483e-008  -1.930446e-010  -4.919501e-009  -0.000000e+000  
-1.056561e-008  -1.199210e-008  -1.303323e-008  -1.064297e-008  -1.072137e-008  -1.135316e-008  -4.720977e-009  -1.168617e-008  -2.546531e-008  4.235007e-009  1.415677e-009  5.191603e-009  1.318323e-008  1.112465e-008  8.762255e-009  -0.000000e+000  
-2.091735e-008  -1.601961e-008  -1.840587e-008  -2.251031e-008  -1.639518e-008  -1.623187e-008  -1.983129e-008  -1.352629e-008  -1.136964e-008  2.489695e-010  4.446393e-010  6.563680e-009  1.772640e-008  1.647251e-008  2.167309e-008  -0.000000e+000  
-2.471094e-008  -2.702320e-008  -2.408216e-008  -2.620967e-008  -2.719252e-008  -2.789644e-008  -2.992746e-008  -1.842404e-008  -1.699829e-010  -2.242174e-009  3.376073e-010  6.486736e-009  1.986481e-008  2.998276e-008  3.134658e-008  -0.000000e+000  
-7.253922e-008  -7.300969e-008  -7.347991e-008  -7.329617e-008  -7.041446e-008  -7.349451e-008  -6.195118e-008  -5.297801e-008  -4.231123e-008  -4.015967e-008  2.029403e-008  6.641619e-008  7.378085e-008  7.849480e-008  8.064148e-008  -0.000000e+000  
-2.788297e-008  -2.687791e-008  -2.955324e-008  -2.572104e-008  -2.636072e-008  -2.349657e-008  -2.023546e-008  -1.938415e-008  -1.854224e-008  -1.096247e-008  7.040898e-009  2.226214e-008  2.548699e-008  2.783812e-008  2.794784e-008  -0.000000e+000  
2.332881e-008  2.272574e-008  2.182622e-008  2.245262e-008  2.071726e-008  2.162839e-008  1.900297e-008  1.804400e-008  1.519824e-008  1.039219e-008  -4.782167e-009  -1.804695e-008  -2.182865e-008  -2.230931e-008  -2.332568e-008  -0.000000e+000  
7.029372e-008  6.824617e-008  6.842409e-008  6.403945e-008  6.823714e-008  6.672693e-008  5.953169e-008  5.149702e-008  4.299805e-008  3.904303e-008  -1.790861e-008  -6.195796e-008  -7.109467e-008  -7.379127e-008  -7.520753e-008  -0.000000e+000  
1.955320e-008  2.116626e-008  2.064045e-008  2.149363e-008  2.248982e-008  2.355576e-008  2.859166e-008  1.395442e-008  -5.308387e-009  3.050901e-009  2.014558e-009  -2.733092e-009  -1.554499e-008  -2.475898e-008  -2.811374e-008  -0.000000e+000  
1.312511e-008  1.430023e-008  1.744223e-008  1.297239e-008  1.074617e-008  2.091055e-008  1.138282e-008  9.736273e-009  1.152813e-009  2.558857e-009  1.317438e-009  -3.019895e-009  -1.170204e-008  -1.331934e-008  -1.774834e-008  -0.000000e+000  
7.050246e-009  7.810338e-009  8.692807e-009  3.079896e-009  1.307444e-008  9.777413e-010  9.630153e-009  2.238670e-009  3.089071e-009  1.469591e-009  6.142403e-010  -2.131357e-009  -3.487004e-009  -8.418339e-009  -7.680099e-009  -0.000000e+000  
-0.000000e+000  -0.000000e+000  -0.000000e+000  -0.000000e+000  -0.000000e+000  -0.000000e+000  -0.000000e+000  -0.000000e+000  -0.000000e+000  -0.000000e+000  -0.000000e+000  -0.000000e+000  -0.000000e+000  -0.000000e+000  -0.000000e+000  -0.000000e+000  

-1.791485e+000  -1.762581e+000  -1.705241e+000  -1.620389e+000  -1.509394e+000  -1.374046e+000  -1.207718e+000  -1.008486e+000  -7.891390e-001  -2.676796e-001  6.768917e-001  1.419279e+000  1.645324e+000  1.714413e+000  1.749306e+000  -0.000000e+000  
-1.791485e+000  -1.762581e+000  -1.705241e+000  -1.620389e+000  -1.509394e+000  -1.374046e+000  -1.207718e+000  -1.008486e+000  -7.891390e-001  -2.676796e-001  6.768917e-001  1.419279e+000  1.645324e+000  1.714413e+000  1.749306e+000  -0.000000e+000  
-1.791485e+000  -1.762581e+000  -1.705241e+000  -1.620389e+000  -1.509394e+000  -1.374046e+000  -1.207718e+000  -1.008486e+000  -7.891390e-001  -2.676796e-001  6.768917e-001  1.419279e+000  1.645324e+000  1.714413e+000  1.749306e+000  -0.000000e+000  
-1.791485e+000  -1.762581e+000  -1.705241e+000  -1.620389e+000  -1.509394e+000  -1.374046e+000  -1.207718e+000  -1.008486e+000  -7.891390e-001  -2.676796e-001  6.768917e-001  1.419279e+000  1.645324e+000  1.714413e+000  1.749306e+000  -0.000000e+000  
-1.791485e+000  -1.762581e+000  -1.705241e+000  -1.620389e+000  -1.509394e+000  -1.374046e+000  -1.207718e+000  -1.008486e+000  -7.891390e-001  -2.676796e-001  6.768917e-001  1.419279e+000  1.645324e+000  1.714413e+000  1.749306e+000  -0.000000e+000  
-1.791485e+000  -1.762581e+000  -1.705241e+000  -1.620389e+000  -1.509394e+000  -1.374046e+000  -1.207718e+000  -1.008486e+000  -7.891389e-001  -2.676796e-001  6.768917e-001  1.419279e+000  1.645324e+000  1.714413e+000  1.749306e+000  -0.000000e+000  
-1.791485e+000  -1.762581e+000  -1.705241e+000  -1.620389e+000  -1.509394e+000  -1.374046e+000  -1.207718e+000  -1.008486e+000  -7.891390e-001  -2.676796e-001  6.768917e-001  1.419279e+000  1.645324e+000  1.714413e+000  1.749306e+000  -0.000000e+000  
-1.791485e+000  -1.762581e+000  -1.705241e+000  -1.620389e+000  -1.509394e+000  -1.374046e+000  -1.207718e+000  -1.008486e+000  -7.891390e-001  -2.676796e-001  6.768917e-001  1.419279e+000  1.645324e+000  1.714413e+000  1.749306e+000  -0.000000e+000  
-1.791485e+000  -1.762581e+000  -1.705241e+000  -1.620389e+000  -1.509394e+000  -1.374046e+000  -1.207718e+000  -1.008486e+000  -7.891390e-001  -2.676796e-001  6.768917e-001  1.419279e+000  1.645324e+000  1.714413e+000  1.749306e+000  -0.000000e+000  
-1.791485e+000  -1.762581e+000  -1.705241e+000  -1.620389e+000  -1.509394e+000  -1.374046e+000  -1.207718e+000  -1.008486e+000  -7.891390e-001  -2.676796e-001  6.768917e-001  1.419279e+000  1.645324e+000  1.714413e+000  1.749306e+000  -0.000000e+000  
-1.791485e+000  -1.762581e+000  -1.705241e+000  -1.620389e+000  -1.509394e+000  -1.374046e+000  -1.207718e+000  -1.008486e+000  -7.891390e-001  -2.676796e-001  6.768917e-001  1.419279e+000  1.645324e+000  1.714413e+000  1.749306e+000  -0.000000e+000  
-1.791485e+000  -1.762581e+000  -1.705241e+000  -1.620389e+000  -1.509394e+000  -1.374046e+000  -1.207718e+000  -1.008486e+000  -7.891390e-001  -2.676796e-001  6.768917e-001  1.419279e+000  1.645324e+000  1.714413e+000  1.749306e+000  -0.000000e+000  
-1.791485e+000  -1.762581e+000  -1.705241e+000  -1.620389e+000  -1.509394e+000  -1.374046e+000  -1.207718e+000  -1.008486e+000  -7.891390e-001  -2.676796e-001  6.768917e-001  1.419279e+000  1.645324e+000  1.714413e+000  1.749306e+000  -0.000000e+000  
-1.791485e+000  -1.762581e+000  -1.705241e+000  -1.620389e+000  -1.509394e+000  -1.374046e+000  -1.207718e+000  -1.008486e+000  -7.891390e-001  -2.676796e-001  6.768917e-001  1.419279e+000  1.645324e+000  1.714413e+000  1.749306e+000  -0.000000e+000  
-1.791485e+000  -1.762581e+000  -1.705241e+000  -1.620389e+000  -1.509394e+000  -1.374046e+000  -1.207718e+000  -1.008486e+000  -7.891390e-001  -2.676796e-001  6.768917e-001  1.419279e+000  1.645324e+000  1.714413e+000  1.749306e+000  -0.000000e+000  
-1.791485e+000  -1.762581e+000  -1.705241e+000  -1.620389e+000  -1.509394e+000  -1.374046e+000  -1.207718e+000  -1.008486e+000  -7.891390e-001  -2.676796e-001  6.768917e-001  1.419279e+000  1.645324e+000  1.714413e+000  1.749306e+000  -0.000000e+000  
-1.791485e+000  -1.762581e+000  -1.705241e+000  -1.620389e+000  -1.509394e+000  -1.374046e+000  -1.207718e+000  -1.008486e+000  -7.891390e-001  -2.676796e-001  6.768917e-001  1.419279e+000  1.645324e+000  1.714413e+000  1.749306e+000  -0.000000e+000  
-1.791485e+000  -1.762581e+000  -1.705241e+000  -1.620389e+000  -1.509394e+000  -1.374046e+000  -1.207718e+000  -1.008486e+000  -7.891390e-001  -2.676796e-001  6.768917e-001  1.419279e+000  1.645324e+000  1.714413e+000  1.749306e+000  -0.000000e+000  
-1.791485e+000  -1.762581e+000  -1.705241e+000  -1.620389e+000  -1.509394e+000  -1.374046e+000  -1.207718e+000  -1.008486e+000  -7.891390e-001  -2.676796e-001  6.768917e-001  1.419279e+000  1.645324e+000  1.714413e+000  1.749306e+000  -0.000000e+000  
-1.791485e+000  -1.762581e+000  -1.705241e+000  -1.620389e+000  -1.509394e+000  -1.374046e+000  -1.207718e+000  -1.008486e+000  -7.891390e-001  -2.676796e-001  6.768917e-001  1.419279e+000  1.645324e+000  1.714413e+000  1.749306e+000  -0.000000e+000  
-1.791485e+000  -1.762581e+000  -1.705241e+000  -1.620389e+000  -1.509394e+000  -1.374046e+000  -1.207718e+000  -1.008486e+000  -7.891389e-001  -2.676796e-001  6.768917e-001  1.419279e+000  1.645324e+000  1.714413e+000  1.749306e+000  -0.000000e+000  
-1.791485e+000  -1.762581e+000  -1.705241e+000  -1.620389e+000  -1.509394e+000  -1.374046e+000  -1.207718e+000  -1.008486e+000  -7.891390e-001  -2.676796e-001  6.768917e-001  1.419279e+000  1.645324e+000  1.714413e+000  1.749306e+000  -0.000000e+000  
-1.791485e+000  -1.762581e+000  -1.705241e+000  -1.620389e+000  -1.509394e+000  -1.374046e+000  -1.207718e+000  -1.008486e+000  -7.891390e-001  -2.676796e-001  6.768917e-001  1.419279e+000  1.645324e+000  1.714413e+000  1.749306e+000  -0.000000e+000  
-1.791485e+000  -1.762581e+000  -1.705241e+000  -1.620389e+000  -1.509394e+000  -1.374046e+000  -1.207718e+000  -1.008486e+000  -7.891390e-001  -2.676796e-001  6.768917e-001  1.419279e+000  1.645324e+000  1.714413e+000  1.749306e+000  -0.000000e+000  
-1.791485e+000  -1.762581e+000  -1.705241e+000  -1.620389e+000  -1.509394e+000  -1.374046e+000  -1.207718e+000  -1.008486e+000  -7.891390e-001  -2.676796e-001  6.768917e-001  1.419279e+000  1.645324e+000  1.714413e+000  1.749306e+000  -0.000000e+000  
-1.791485e+000  -1.762581e+000  -1.705241e+000  -1.620389e+000  -1.509394e+000  -1.374046e+000  -1.207718e+000  -1.008486e+000  -7.891390e-001  -2.676796e-001  6.768917e-001  1.419279e+000  1.645324e+000  1.714413e+000  1.749306e+000  -0.000000e+000  
-0.000000e+000  -0.000000e+000  -0.000000e+000  -0.000000e+000  -0.000000e+000  -0.000000e+000  -0.000000e+000  -0.000000e+000  -0.000000e+000  -0.000000e+000  -0.000000e+000  -0.000000e+000  -0.000000e+000  -0.000000e+000  -0.000000e+000  -0.000000e+000  

