Port monitor named: Port2_e7.prt

nx        = 3
ny        = 18
nz        = 29

nu        = 16
nv        = 27
iu        = 2
iv        = 2

idir      = 0
dcut      = 5.114300e-001
icut      = 3
type      = 0
frequency = 2.200000e+009

fcutoff   = 5.047663e+009
alpha     = 9.517610e+001
beta      = 0.000000e+000
accuracy  = 1.082852e-010

type          = TE
wave imp.     = 1.825091e+002
wave imp.sig. = 7.810255e-006
line imp.     = 0.000000e+000

ref. port     = 0

0.000000e+000  0.000000e+000  0.000000e+000  0.000000e+000  0.000000e+000  0.000000e+000  0.000000e+000  0.000000e+000  0.000000e+000  0.000000e+000  0.000000e+000  0.000000e+000  0.000000e+000  0.000000e+000  0.000000e+000  0.000000e+000  
3.184112e+001  3.132740e+001  3.030826e+001  2.880013e+001  2.682735e+001  2.442174e+001  2.146548e+001  1.792442e+001  1.402584e+001  4.757631e+000  -1.203080e+001  -2.522568e+001  -2.924333e+001  -3.047129e+001  -3.109145e+001  0.000000e+000  
6.326813e+001  6.224738e+001  6.022235e+001  5.722571e+001  5.330580e+001  4.852587e+001  4.265180e+001  3.561574e+001  2.786926e+001  9.453387e+000  -2.390513e+001  -5.012329e+001  -5.810633e+001  -6.054628e+001  -6.177855e+001  0.000000e+000  
9.387232e+001  9.235781e+001  8.935322e+001  8.490704e+001  7.909099e+001  7.199891e+001  6.328341e+001  5.284385e+001  4.135024e+001  1.402620e+001  -3.546857e+001  -7.436903e+001  -8.621365e+001  -8.983385e+001  -9.166219e+001  0.000000e+000  
1.975367e+002  1.943496e+002  1.880271e+002  1.786709e+002  1.664321e+002  1.515082e+002  1.331680e+002  1.111999e+002  8.701379e+001  2.951548e+001  -7.463693e+001  -1.564956e+002  -1.814204e+002  -1.890384e+002  -1.928858e+002  0.000000e+000  
2.722163e+002  2.678245e+002  2.591116e+002  2.462183e+002  2.293526e+002  2.087866e+002  1.835129e+002  1.532396e+002  1.199098e+002  4.067396e+001  -1.028538e+002  -2.156596e+002  -2.500073e+002  -2.605053e+002  -2.658073e+002  0.000000e+000  
2.815903e+002  2.770472e+002  2.680343e+002  2.546970e+002  2.372505e+002  2.159762e+002  1.898322e+002  1.585165e+002  1.240389e+002  4.207458e+001  -1.063956e+002  -2.230860e+002  -2.586164e+002  -2.694760e+002  -2.749605e+002  0.000000e+000  
2.234095e+002  2.198051e+002  2.126544e+002  2.020728e+002  1.882310e+002  1.713524e+002  1.506101e+002  1.257647e+002  9.841066e+001  3.338135e+001  -8.441271e+001  -1.769931e+002  -2.051824e+002  -2.137983e+002  -2.181496e+002  0.000000e+000  
1.290585e+002  1.269763e+002  1.228455e+002  1.167327e+002  1.087367e+002  9.898625e+001  8.700393e+001  7.265130e+001  5.684954e+001  1.928363e+001  -4.876325e+001  -1.022448e+002  -1.185291e+002  -1.235063e+002  -1.260199e+002  0.000000e+000  
9.985901e+001  9.824791e+001  9.505171e+001  9.032197e+001  8.413500e+001  7.659062e+001  6.731930e+001  5.621395e+001  4.398734e+001  1.492071e+001  -3.773057e+001  -7.911191e+001  -9.171190e+001  -9.556299e+001  -9.750793e+001  0.000000e+000  
6.936085e+001  6.824180e+001  6.602176e+001  6.273654e+001  5.843914e+001  5.319891e+001  4.675916e+001  3.904552e+001  3.055306e+001  1.036374e+001  -2.620719e+001  -5.495016e+001  -6.370196e+001  -6.637688e+001  -6.772781e+001  0.000000e+000  
3.796063e+001  3.734818e+001  3.613317e+001  3.433519e+001  3.198326e+001  2.911532e+001  2.559090e+001  2.136929e+001  1.672143e+001  5.671989e+000  -1.434298e+001  -3.007377e+001  -3.486356e+001  -3.632752e+001  -3.706687e+001  0.000000e+000  
1.902420e+001  1.871727e+001  1.810835e+001  1.720729e+001  1.602861e+001  1.459132e+001  1.282504e+001  1.070935e+001  8.380046e+000  2.842552e+000  -7.188071e+000  -1.507165e+001  -1.747208e+001  -1.820576e+001  -1.857629e+001  0.000000e+000  
0.000000e+000  0.000000e+000  0.000000e+000  0.000000e+000  0.000000e+000  0.000000e+000  0.000000e+000  0.000000e+000  0.000000e+000  0.000000e+000  0.000000e+000  0.000000e+000  0.000000e+000  0.000000e+000  0.000000e+000  0.000000e+000  
-1.902420e+001  -1.871727e+001  -1.810835e+001  -1.720729e+001  -1.602861e+001  -1.459132e+001  -1.282504e+001  -1.070935e+001  -8.380046e+000  -2.842552e+000  7.188071e+000  1.507165e+001  1.747208e+001  1.820576e+001  1.857629e+001  0.000000e+000  
-3.796063e+001  -3.734818e+001  -3.613317e+001  -3.433519e+001  -3.198326e+001  -2.911532e+001  -2.559090e+001  -2.136929e+001  -1.672143e+001  -5.671989e+000  1.434298e+001  3.007377e+001  3.486356e+001  3.632752e+001  3.706687e+001  0.000000e+000  
-6.936085e+001  -6.824180e+001  -6.602176e+001  -6.273654e+001  -5.843914e+001  -5.319891e+001  -4.675916e+001  -3.904552e+001  -3.055306e+001  -1.036374e+001  2.620719e+001  5.495016e+001  6.370196e+001  6.637688e+001  6.772781e+001  0.000000e+000  
-9.985901e+001  -9.824791e+001  -9.505171e+001  -9.032197e+001  -8.413500e+001  -7.659062e+001  -6.731930e+001  -5.621395e+001  -4.398734e+001  -1.492071e+001  3.773057e+001  7.911191e+001  9.171190e+001  9.556299e+001  9.750793e+001  0.000000e+000  
-1.290585e+002  -1.269763e+002  -1.228455e+002  -1.167327e+002  -1.087367e+002  -9.898625e+001  -8.700393e+001  -7.265130e+001  -5.684954e+001  -1.928363e+001  4.876325e+001  1.022448e+002  1.185291e+002  1.235063e+002  1.260199e+002  0.000000e+000  
-2.234095e+002  -2.198051e+002  -2.126544e+002  -2.020728e+002  -1.882310e+002  -1.713524e+002  -1.506101e+002  -1.257647e+002  -9.841066e+001  -3.338135e+001  8.441271e+001  1.769931e+002  2.051824e+002  2.137983e+002  2.181496e+002  0.000000e+000  
-2.815903e+002  -2.770472e+002  -2.680343e+002  -2.546970e+002  -2.372505e+002  -2.159762e+002  -1.898322e+002  -1.585165e+002  -1.240389e+002  -4.207458e+001  1.063956e+002  2.230860e+002  2.586164e+002  2.694760e+002  2.749605e+002  0.000000e+000  
-2.722163e+002  -2.678245e+002  -2.591116e+002  -2.462183e+002  -2.293526e+002  -2.087866e+002  -1.835129e+002  -1.532396e+002  -1.199098e+002  -4.067396e+001  1.028538e+002  2.156596e+002  2.500073e+002  2.605053e+002  2.658073e+002  0.000000e+000  
-1.975367e+002  -1.943496e+002  -1.880271e+002  -1.786709e+002  -1.664321e+002  -1.515082e+002  -1.331680e+002  -1.111999e+002  -8.701379e+001  -2.951548e+001  7.463693e+001  1.564956e+002  1.814204e+002  1.890384e+002  1.928858e+002  0.000000e+000  
-9.387232e+001  -9.235781e+001  -8.935322e+001  -8.490704e+001  -7.909099e+001  -7.199891e+001  -6.328341e+001  -5.284385e+001  -4.135024e+001  -1.402620e+001  3.546857e+001  7.436903e+001  8.621365e+001  8.983385e+001  9.166219e+001  0.000000e+000  
-6.326813e+001  -6.224738e+001  -6.022235e+001  -5.722571e+001  -5.330580e+001  -4.852587e+001  -4.265180e+001  -3.561574e+001  -2.786926e+001  -9.453387e+000  2.390513e+001  5.012329e+001  5.810633e+001  6.054628e+001  6.177855e+001  0.000000e+000  
-3.184112e+001  -3.132740e+001  -3.030826e+001  -2.880013e+001  -2.682735e+001  -2.442174e+001  -2.146548e+001  -1.792442e+001  -1.402584e+001  -4.757631e+000  1.203080e+001  2.522568e+001  2.924333e+001  3.047129e+001  3.109145e+001  0.000000e+000  
0.000000e+000  0.000000e+000  0.000000e+000  0.000000e+000  0.000000e+000  0.000000e+000  0.000000e+000  0.000000e+000  0.000000e+000  0.000000e+000  0.000000e+000  0.000000e+000  0.000000e+000  0.000000e+000  0.000000e+000  0.000000e+000  

0.000000e+000  -4.437551e+001  -8.803509e+001  -1.302743e+002  -1.704118e+002  -2.077998e+002  -2.418353e+002  -2.750983e+002  -3.028740e+002  -3.246085e+002  -3.499424e+002  -2.750377e+002  -1.407135e+002  -9.539790e+001  -4.817945e+001  0.000000e+000  
0.000000e+000  -4.379839e+001  -8.689016e+001  -1.285801e+002  -1.681955e+002  -2.050973e+002  -2.386901e+002  -2.715205e+002  -2.989351e+002  -3.203869e+002  -3.453913e+002  -2.714607e+002  -1.388835e+002  -9.415721e+001  -4.755286e+001  0.000000e+000  
0.000000e+000  -4.265166e+001  -8.461519e+001  -1.252136e+002  -1.637918e+002  -1.997274e+002  -2.324407e+002  -2.644115e+002  -2.911083e+002  -3.119985e+002  -3.363482e+002  -2.643533e+002  -1.352472e+002  -9.169198e+001  -4.630783e+001  0.000000e+000  
0.000000e+000  -3.861839e+001  -7.661372e+001  -1.133730e+002  -1.483031e+002  -1.808406e+002  -2.104604e+002  -2.394080e+002  -2.635802e+002  -2.824950e+002  -3.045421e+002  -2.393553e+002  -1.224578e+002  -8.302130e+001  -4.192882e+001  0.000000e+000  
0.000000e+000  -2.423261e+001  -4.807426e+001  -7.114029e+001  -9.305856e+001  -1.134755e+002  -1.320616e+002  -1.502259e+002  -1.653937e+002  -1.772625e+002  -1.910968e+002  -1.501928e+002  -7.684092e+001  -5.209495e+001  -2.630987e+001  0.000000e+000  
0.000000e+000  -3.041715e+000  -6.034356e+000  -8.929641e+000  -1.168086e+001  -1.424362e+001  -1.657658e+001  -1.885658e+001  -2.076047e+001  -2.225026e+001  -2.398677e+001  -1.885243e+001  -9.645192e+000  -6.539039e+000  -3.302456e+000  0.000000e+000  
0.000000e+000  1.887890e+001  3.745321e+001  5.542327e+001  7.249913e+001  8.840532e+001  1.028852e+002  1.170365e+002  1.288532e+002  1.380999e+002  1.488778e+002  1.170107e+002  5.986445e+001  4.058561e+001  2.049723e+001  0.000000e+000  
0.000000e+000  3.514889e+001  6.973071e+001  1.031875e+002  1.349795e+002  1.645938e+002  1.915525e+002  2.178995e+002  2.399000e+002  2.571155e+002  2.771819e+002  2.178515e+002  1.114561e+002  7.556263e+001  3.816191e+001  0.000000e+000  
0.000000e+000  4.069396e+001  8.073137e+001  1.194663e+002  1.562738e+002  1.905600e+002  2.217717e+002  2.522751e+002  2.777465e+002  2.976778e+002  3.209099e+002  2.522195e+002  1.290394e+002  8.748333e+001  4.418230e+001  0.000000e+000  
0.000000e+000  4.250390e+001  8.432205e+001  1.247798e+002  1.632243e+002  1.990355e+002  2.316354e+002  2.634955e+002  2.900998e+002  3.109176e+002  3.351830e+002  2.634375e+002  1.347786e+002  9.137432e+001  4.614740e+001  0.000000e+000  
0.000000e+000  4.376106e+001  8.681610e+001  1.284705e+002  1.680521e+002  2.049225e+002  2.384867e+002  2.712891e+002  2.986803e+002  3.201138e+002  3.450969e+002  2.712293e+002  1.387651e+002  9.407696e+001  4.751233e+001  0.000000e+000  
0.000000e+000  4.430997e+001  8.790506e+001  1.300819e+002  1.701601e+002  2.074929e+002  2.414781e+002  2.746920e+002  3.024267e+002  3.241291e+002  3.494256e+002  2.746315e+002  1.405057e+002  9.525700e+001  4.810829e+001  0.000000e+000  
0.000000e+000  4.451534e+001  8.831248e+001  1.306848e+002  1.709487e+002  2.084546e+002  2.425973e+002  2.759651e+002  3.038284e+002  3.256314e+002  3.510451e+002  2.759043e+002  1.411569e+002  9.569850e+001  4.833127e+001  0.000000e+000  
0.000000e+000  4.451534e+001  8.831248e+001  1.306848e+002  1.709487e+002  2.084546e+002  2.425973e+002  2.759651e+002  3.038284e+002  3.256314e+002  3.510451e+002  2.759043e+002  1.411569e+002  9.569850e+001  4.833127e+001  0.000000e+000  
0.000000e+000  4.430997e+001  8.790506e+001  1.300819e+002  1.701601e+002  2.074929e+002  2.414781e+002  2.746920e+002  3.024267e+002  3.241291e+002  3.494256e+002  2.746315e+002  1.405057e+002  9.525700e+001  4.810829e+001  0.000000e+000  
0.000000e+000  4.376106e+001  8.681610e+001  1.284705e+002  1.680521e+002  2.049225e+002  2.384867e+002  2.712891e+002  2.986803e+002  3.201138e+002  3.450969e+002  2.712293e+002  1.387651e+002  9.407696e+001  4.751233e+001  0.000000e+000  
0.000000e+000  4.250390e+001  8.432205e+001  1.247798e+002  1.632243e+002  1.990355e+002  2.316354e+002  2.634955e+002  2.900998e+002  3.109176e+002  3.351830e+002  2.634375e+002  1.347786e+002  9.137432e+001  4.614740e+001  0.000000e+000  
0.000000e+000  4.069396e+001  8.073137e+001  1.194663e+002  1.562738e+002  1.905600e+002  2.217717e+002  2.522751e+002  2.777465e+002  2.976778e+002  3.209099e+002  2.522195e+002  1.290394e+002  8.748333e+001  4.418230e+001  0.000000e+000  
0.000000e+000  3.514889e+001  6.973071e+001  1.031875e+002  1.349795e+002  1.645938e+002  1.915525e+002  2.178995e+002  2.399000e+002  2.571155e+002  2.771819e+002  2.178515e+002  1.114561e+002  7.556263e+001  3.816191e+001  0.000000e+000  
0.000000e+000  1.887890e+001  3.745321e+001  5.542327e+001  7.249913e+001  8.840532e+001  1.028852e+002  1.170365e+002  1.288532e+002  1.380999e+002  1.488778e+002  1.170107e+002  5.986445e+001  4.058561e+001  2.049723e+001  0.000000e+000  
0.000000e+000  -3.041715e+000  -6.034356e+000  -8.929641e+000  -1.168086e+001  -1.424362e+001  -1.657658e+001  -1.885658e+001  -2.076047e+001  -2.225026e+001  -2.398677e+001  -1.885243e+001  -9.645192e+000  -6.539039e+000  -3.302456e+000  0.000000e+000  
0.000000e+000  -2.423261e+001  -4.807426e+001  -7.114029e+001  -9.305856e+001  -1.134755e+002  -1.320616e+002  -1.502259e+002  -1.653937e+002  -1.772625e+002  -1.910968e+002  -1.501928e+002  -7.684092e+001  -5.209495e+001  -2.630987e+001  0.000000e+000  
0.000000e+000  -3.861839e+001  -7.661372e+001  -1.133730e+002  -1.483031e+002  -1.808406e+002  -2.104604e+002  -2.394080e+002  -2.635802e+002  -2.824950e+002  -3.045421e+002  -2.393553e+002  -1.224578e+002  -8.302130e+001  -4.192882e+001  0.000000e+000  
0.000000e+000  -4.265166e+001  -8.461519e+001  -1.252136e+002  -1.637918e+002  -1.997274e+002  -2.324407e+002  -2.644115e+002  -2.911083e+002  -3.119985e+002  -3.363482e+002  -2.643533e+002  -1.352472e+002  -9.169198e+001  -4.630783e+001  0.000000e+000  
0.000000e+000  -4.379839e+001  -8.689016e+001  -1.285801e+002  -1.681955e+002  -2.050973e+002  -2.386901e+002  -2.715205e+002  -2.989351e+002  -3.203869e+002  -3.453913e+002  -2.714607e+002  -1.388835e+002  -9.415721e+001  -4.755286e+001  0.000000e+000  
0.000000e+000  -4.437551e+001  -8.803509e+001  -1.302743e+002  -1.704118e+002  -2.077998e+002  -2.418353e+002  -2.750983e+002  -3.028740e+002  -3.246085e+002  -3.499424e+002  -2.750377e+002  -1.407135e+002  -9.539790e+001  -4.817945e+001  0.000000e+000  
0.000000e+000  0.000000e+000  0.000000e+000  0.000000e+000  0.000000e+000  0.000000e+000  0.000000e+000  0.000000e+000  0.000000e+000  0.000000e+000  0.000000e+000  0.000000e+000  0.000000e+000  0.000000e+000  0.000000e+000  0.000000e+000  

0.000000e+000  0.000000e+000  0.000000e+000  0.000000e+000  0.000000e+000  0.000000e+000  0.000000e+000  0.000000e+000  0.000000e+000  0.000000e+000  0.000000e+000  0.000000e+000  0.000000e+000  0.000000e+000  0.000000e+000  0.000000e+000  
0.000000e+000  1.893943e-007  3.699624e-007  5.306163e-007  6.621597e-007  7.590853e-007  7.907750e-007  4.945270e-007  5.208581e-008  -5.047773e-007  -2.075530e-006  -2.042273e-006  -1.093167e-006  -7.120201e-007  -3.432308e-007  0.000000e+000  
0.000000e+000  3.738476e-007  7.394008e-007  1.056634e-006  1.330215e-006  1.514761e-006  1.615406e-006  1.079216e-006  2.058600e-007  -1.008594e-006  -4.186562e-006  -4.024085e-006  -2.225128e-006  -1.396060e-006  -6.653450e-007  0.000000e+000  
0.000000e+000  5.645970e-007  1.095853e-006  1.584114e-006  1.998693e-006  2.288231e-006  2.424062e-006  1.927975e-006  6.601904e-007  -1.563590e-006  -6.381637e-006  -5.874290e-006  -3.481707e-006  -1.960250e-006  -8.837120e-007  0.000000e+000  
0.000000e+000  8.490709e-007  1.692794e-006  2.498462e-006  3.282654e-006  4.017477e-006  4.729234e-006  2.418058e-006  6.936809e-007  -4.699121e-007  2.354878e-006  1.276492e-006  -3.904139e-006  -2.636399e-006  -1.323299e-006  0.000000e+000  
0.000000e+000  -5.355848e-007  -1.078097e-006  -1.617264e-006  -2.165198e-006  -2.711818e-006  -3.269998e-006  -3.478262e-006  -3.889165e-006  -4.422223e-006  -8.328375e-006  -9.740184e-006  -1.053912e-006  -8.079192e-007  -4.361102e-007  0.000000e+000  
0.000000e+000  -7.388252e-007  -1.471549e-006  -2.211048e-006  -2.933819e-006  -3.659576e-006  -4.390584e-006  -4.760372e-006  -5.331409e-006  -6.008296e-006  -1.028206e-005  -1.141864e-005  -1.840628e-006  -1.350209e-006  -7.131601e-007  0.000000e+000  
0.000000e+000  3.260311e-007  6.581375e-007  9.947420e-007  1.344487e-006  1.718665e-006  2.124389e-006  -8.263818e-007  -3.107987e-006  -4.749998e-006  -2.932723e-006  -3.076518e-006  -6.475255e-006  -4.356592e-006  -2.183468e-006  0.000000e+000  
0.000000e+000  -6.582146e-008  -1.264952e-007  -1.778068e-007  -2.210235e-007  -2.745372e-007  -3.858062e-007  -1.394679e-006  -2.950498e-006  -5.267076e-006  -1.003100e-005  -8.953654e-006  -5.604832e-006  -3.426522e-006  -1.635316e-006  0.000000e+000  
0.000000e+000  -3.035235e-007  -5.914710e-007  -8.462225e-007  -1.055269e-006  -1.206901e-006  -1.311352e-006  -2.267562e-006  -3.184344e-006  -4.129949e-006  -7.488349e-006  -6.947057e-006  -3.958152e-006  -2.703406e-006  -1.375604e-006  0.000000e+000  
0.000000e+000  -5.731140e-007  -1.119341e-006  -1.607215e-006  -2.000178e-006  -2.240968e-006  -2.318551e-006  -3.157593e-006  -3.368555e-006  -2.756368e-006  -4.935853e-006  -4.704941e-006  -2.454471e-006  -1.996296e-006  -1.106323e-006  0.000000e+000  
0.000000e+000  -8.671242e-007  -1.716659e-006  -2.483072e-006  -3.132542e-006  -3.492501e-006  -3.146423e-006  -4.635839e-006  -4.340970e-006  -6.544850e-007  -2.366467e-006  -2.325131e-006  -8.326555e-007  -1.672089e-006  -1.059823e-006  0.000000e+000  
0.000000e+000  -4.477494e-007  -8.511534e-007  -1.238106e-006  -1.533681e-006  -1.712740e-006  -1.668130e-006  -2.191154e-006  -1.955164e-006  -4.634398e-007  -1.182225e-006  -1.172044e-006  -4.490765e-007  -7.540880e-007  -4.824735e-007  0.000000e+000  
0.000000e+000  6.597039e-009  -7.306404e-009  2.289043e-009  -7.828764e-009  -5.712776e-010  -6.088383e-009  -1.141916e-008  2.396219e-009  1.605673e-009  2.431125e-009  4.547605e-009  4.773019e-009  7.087013e-009  4.909509e-009  0.000000e+000  
0.000000e+000  4.226522e-007  8.562187e-007  1.227881e-006  1.553778e-006  1.709702e-006  1.671632e-006  2.204281e-006  1.953309e-006  4.603848e-007  1.183855e-006  1.162736e-006  4.451238e-007  7.433384e-007  4.823976e-007  0.000000e+000  
0.000000e+000  8.703915e-007  1.718672e-006  2.482340e-006  3.123216e-006  3.490536e-006  3.144667e-006  4.629088e-006  4.340386e-006  6.521758e-007  2.363583e-006  2.330800e-006  8.356408e-007  1.677738e-006  1.051759e-006  0.000000e+000  
0.000000e+000  5.669637e-007  1.121960e-006  1.609585e-006  2.001464e-006  2.243074e-006  2.313696e-006  3.161268e-006  3.370759e-006  2.756271e-006  4.936759e-006  4.706023e-006  2.453126e-006  1.999178e-006  1.110293e-006  0.000000e+000  
0.000000e+000  3.026401e-007  5.889042e-007  8.423503e-007  1.048782e-006  1.206471e-006  1.307474e-006  2.268063e-006  3.186980e-006  4.129202e-006  7.491270e-006  6.946064e-006  3.959338e-006  2.704247e-006  1.377091e-006  0.000000e+000  
0.000000e+000  6.687348e-008  1.255873e-007  1.750139e-007  2.188389e-007  2.798561e-007  3.861973e-007  1.395805e-006  2.948623e-006  5.267229e-006  1.003116e-005  8.954545e-006  5.606461e-006  3.424653e-006  1.638837e-006  0.000000e+000  
0.000000e+000  -3.269654e-007  -6.552019e-007  -9.945687e-007  -1.342294e-006  -1.715977e-006  -2.129636e-006  8.277932e-007  3.106520e-006  4.750053e-006  2.932507e-006  3.076904e-006  6.473957e-006  4.353610e-006  2.183479e-006  0.000000e+000  
0.000000e+000  7.391355e-007  1.473373e-006  2.211025e-006  2.935246e-006  3.663156e-006  4.390229e-006  4.759815e-006  5.336690e-006  6.010288e-006  1.028275e-005  1.141902e-005  1.843116e-006  1.352898e-006  7.114200e-007  0.000000e+000  
0.000000e+000  5.388483e-007  1.078354e-006  1.618768e-006  2.164188e-006  2.714784e-006  3.273416e-006  3.478152e-006  3.892715e-006  4.424396e-006  8.328911e-006  9.739770e-006  1.055472e-006  8.101333e-007  4.362759e-007  0.000000e+000  
0.000000e+000  -8.525405e-007  -1.690435e-006  -2.502518e-006  -3.276953e-006  -4.020607e-006  -4.725435e-006  -2.415683e-006  -6.952231e-007  4.703603e-007  -2.352865e-006  -1.278295e-006  3.903760e-006  2.636094e-006  1.325960e-006  0.000000e+000  
0.000000e+000  -5.590092e-007  -1.101133e-006  -1.584379e-006  -1.994965e-006  -2.292965e-006  -2.421951e-006  -1.929518e-006  -6.594356e-007  1.562756e-006  6.381495e-006  5.873568e-006  3.483800e-006  1.960084e-006  8.862719e-007  0.000000e+000  
0.000000e+000  -3.738758e-007  -7.330628e-007  -1.065479e-006  -1.330936e-006  -1.516541e-006  -1.615329e-006  -1.075316e-006  -2.099197e-007  1.011447e-006  4.188099e-006  4.022536e-006  2.223733e-006  1.399876e-006  6.598472e-007  0.000000e+000  
0.000000e+000  -1.863757e-007  -3.737556e-007  -5.285808e-007  -6.614001e-007  -7.573661e-007  -7.964126e-007  -4.921714e-007  -5.225346e-008  5.034688e-007  2.073552e-006  2.040829e-006  1.095032e-006  7.135268e-007  3.485527e-007  0.000000e+000  
0.000000e+000  0.000000e+000  0.000000e+000  0.000000e+000  0.000000e+000  0.000000e+000  0.000000e+000  0.000000e+000  0.000000e+000  0.000000e+000  0.000000e+000  0.000000e+000  0.000000e+000  0.000000e+000  0.000000e+000  0.000000e+000  

0.000000e+000  0.000000e+000  0.000000e+000  0.000000e+000  0.000000e+000  0.000000e+000  0.000000e+000  0.000000e+000  0.000000e+000  0.000000e+000  0.000000e+000  0.000000e+000  0.000000e+000  0.000000e+000  0.000000e+000  0.000000e+000  
0.000000e+000  0.000000e+000  0.000000e+000  0.000000e+000  0.000000e+000  0.000000e+000  0.000000e+000  0.000000e+000  0.000000e+000  0.000000e+000  0.000000e+000  0.000000e+000  0.000000e+000  0.000000e+000  0.000000e+000  0.000000e+000  
0.000000e+000  0.000000e+000  0.000000e+000  0.000000e+000  0.000000e+000  0.000000e+000  0.000000e+000  0.000000e+000  0.000000e+000  0.000000e+000  0.000000e+000  0.000000e+000  0.000000e+000  0.000000e+000  0.000000e+000  0.000000e+000  
0.000000e+000  0.000000e+000  0.000000e+000  0.000000e+000  0.000000e+000  0.000000e+000  0.000000e+000  0.000000e+000  0.000000e+000  0.000000e+000  0.000000e+000  0.000000e+000  0.000000e+000  0.000000e+000  0.000000e+000  0.000000e+000  
0.000000e+000  0.000000e+000  0.000000e+000  0.000000e+000  0.000000e+000  0.000000e+000  0.000000e+000  0.000000e+000  0.000000e+000  0.000000e+000  0.000000e+000  0.000000e+000  0.000000e+000  0.000000e+000  0.000000e+000  0.000000e+000  
0.000000e+000  0.000000e+000  0.000000e+000  0.000000e+000  0.000000e+000  0.000000e+000  0.000000e+000  0.000000e+000  0.000000e+000  0.000000e+000  0.000000e+000  0.000000e+000  0.000000e+000  0.000000e+000  0.000000e+000  0.000000e+000  
0.000000e+000  0.000000e+000  0.000000e+000  0.000000e+000  0.000000e+000  0.000000e+000  0.000000e+000  0.000000e+000  0.000000e+000  0.000000e+000  0.000000e+000  0.000000e+000  0.000000e+000  0.000000e+000  0.000000e+000  0.000000e+000  
0.000000e+000  0.000000e+000  0.000000e+000  0.000000e+000  0.000000e+000  0.000000e+000  0.000000e+000  0.000000e+000  0.000000e+000  0.000000e+000  0.000000e+000  0.000000e+000  0.000000e+000  0.000000e+000  0.000000e+000  0.000000e+000  
0.000000e+000  0.000000e+000  0.000000e+000  0.000000e+000  0.000000e+000  0.000000e+000  0.000000e+000  0.000000e+000  0.000000e+000  0.000000e+000  0.000000e+000  0.000000e+000  0.000000e+000  0.000000e+000  0.000000e+000  0.000000e+000  
0.000000e+000  0.000000e+000  0.000000e+000  0.000000e+000  0.000000e+000  0.000000e+000  0.000000e+000  0.000000e+000  0.000000e+000  0.000000e+000  0.000000e+000  0.000000e+000  0.000000e+000  0.000000e+000  0.000000e+000  0.000000e+000  
0.000000e+000  0.000000e+000  0.000000e+000  0.000000e+000  0.000000e+000  0.000000e+000  0.000000e+000  0.000000e+000  0.000000e+000  0.000000e+000  0.000000e+000  0.000000e+000  0.000000e+000  0.000000e+000  0.000000e+000  0.000000e+000  
0.000000e+000  0.000000e+000  0.000000e+000  0.000000e+000  0.000000e+000  0.000000e+000  0.000000e+000  0.000000e+000  0.000000e+000  0.000000e+000  0.000000e+000  0.000000e+000  0.000000e+000  0.000000e+000  0.000000e+000  0.000000e+000  
0.000000e+000  0.000000e+000  0.000000e+000  0.000000e+000  0.000000e+000  0.000000e+000  0.000000e+000  0.000000e+000  0.000000e+000  0.000000e+000  0.000000e+000  0.000000e+000  0.000000e+000  0.000000e+000  0.000000e+000  0.000000e+000  
0.000000e+000  0.000000e+000  0.000000e+000  0.000000e+000  0.000000e+000  0.000000e+000  0.000000e+000  0.000000e+000  0.000000e+000  0.000000e+000  0.000000e+000  0.000000e+000  0.000000e+000  0.000000e+000  0.000000e+000  0.000000e+000  
0.000000e+000  0.000000e+000  0.000000e+000  0.000000e+000  0.000000e+000  0.000000e+000  0.000000e+000  0.000000e+000  0.000000e+000  0.000000e+000  0.000000e+000  0.000000e+000  0.000000e+000  0.000000e+000  0.000000e+000  0.000000e+000  
0.000000e+000  0.000000e+000  0.000000e+000  0.000000e+000  0.000000e+000  0.000000e+000  0.000000e+000  0.000000e+000  0.000000e+000  0.000000e+000  0.000000e+000  0.000000e+000  0.000000e+000  0.000000e+000  0.000000e+000  0.000000e+000  
0.000000e+000  0.000000e+000  0.000000e+000  0.000000e+000  0.000000e+000  0.000000e+000  0.000000e+000  0.000000e+000  0.000000e+000  0.000000e+000  0.000000e+000  0.000000e+000  0.000000e+000  0.000000e+000  0.000000e+000  0.000000e+000  
0.000000e+000  0.000000e+000  0.000000e+000  0.000000e+000  0.000000e+000  0.000000e+000  0.000000e+000  0.000000e+000  0.000000e+000  0.000000e+000  0.000000e+000  0.000000e+000  0.000000e+000  0.000000e+000  0.000000e+000  0.000000e+000  
0.000000e+000  0.000000e+000  0.000000e+000  0.000000e+000  0.000000e+000  0.000000e+000  0.000000e+000  0.000000e+000  0.000000e+000  0.000000e+000  0.000000e+000  0.000000e+000  0.000000e+000  0.000000e+000  0.000000e+000  0.000000e+000  
0.000000e+000  0.000000e+000  0.000000e+000  0.000000e+000  0.000000e+000  0.000000e+000  0.000000e+000  0.000000e+000  0.000000e+000  0.000000e+000  0.000000e+000  0.000000e+000  0.000000e+000  0.000000e+000  0.000000e+000  0.000000e+000  
0.000000e+000  0.000000e+000  0.000000e+000  0.000000e+000  0.000000e+000  0.000000e+000  0.000000e+000  0.000000e+000  0.000000e+000  0.000000e+000  0.000000e+000  0.000000e+000  0.000000e+000  0.000000e+000  0.000000e+000  0.000000e+000  
0.000000e+000  0.000000e+000  0.000000e+000  0.000000e+000  0.000000e+000  0.000000e+000  0.000000e+000  0.000000e+000  0.000000e+000  0.000000e+000  0.000000e+000  0.000000e+000  0.000000e+000  0.000000e+000  0.000000e+000  0.000000e+000  
0.000000e+000  0.000000e+000  0.000000e+000  0.000000e+000  0.000000e+000  0.000000e+000  0.000000e+000  0.000000e+000  0.000000e+000  0.000000e+000  0.000000e+000  0.000000e+000  0.000000e+000  0.000000e+000  0.000000e+000  0.000000e+000  
0.000000e+000  0.000000e+000  0.000000e+000  0.000000e+000  0.000000e+000  0.000000e+000  0.000000e+000  0.000000e+000  0.000000e+000  0.000000e+000  0.000000e+000  0.000000e+000  0.000000e+000  0.000000e+000  0.000000e+000  0.000000e+000  
0.000000e+000  0.000000e+000  0.000000e+000  0.000000e+000  0.000000e+000  0.000000e+000  0.000000e+000  0.000000e+000  0.000000e+000  0.000000e+000  0.000000e+000  0.000000e+000  0.000000e+000  0.000000e+000  0.000000e+000  0.000000e+000  
0.000000e+000  0.000000e+000  0.000000e+000  0.000000e+000  0.000000e+000  0.000000e+000  0.000000e+000  0.000000e+000  0.000000e+000  0.000000e+000  0.000000e+000  0.000000e+000  0.000000e+000  0.000000e+000  0.000000e+000  0.000000e+000  
0.000000e+000  0.000000e+000  0.000000e+000  0.000000e+000  0.000000e+000  0.000000e+000  0.000000e+000  0.000000e+000  0.000000e+000  0.000000e+000  0.000000e+000  0.000000e+000  0.000000e+000  0.000000e+000  0.000000e+000  0.000000e+000  

0.000000e+000  0.000000e+000  0.000000e+000  0.000000e+000  0.000000e+000  0.000000e+000  0.000000e+000  0.000000e+000  0.000000e+000  0.000000e+000  0.000000e+000  0.000000e+000  0.000000e+000  0.000000e+000  0.000000e+000  0.000000e+000  
0.000000e+000  0.000000e+000  0.000000e+000  0.000000e+000  0.000000e+000  0.000000e+000  0.000000e+000  0.000000e+000  0.000000e+000  0.000000e+000  0.000000e+000  0.000000e+000  0.000000e+000  0.000000e+000  0.000000e+000  0.000000e+000  
0.000000e+000  0.000000e+000  0.000000e+000  0.000000e+000  0.000000e+000  0.000000e+000  0.000000e+000  0.000000e+000  0.000000e+000  0.000000e+000  0.000000e+000  0.000000e+000  0.000000e+000  0.000000e+000  0.000000e+000  0.000000e+000  
0.000000e+000  0.000000e+000  0.000000e+000  0.000000e+000  0.000000e+000  0.000000e+000  0.000000e+000  0.000000e+000  0.000000e+000  0.000000e+000  0.000000e+000  0.000000e+000  0.000000e+000  0.000000e+000  0.000000e+000  0.000000e+000  
0.000000e+000  0.000000e+000  0.000000e+000  0.000000e+000  0.000000e+000  0.000000e+000  0.000000e+000  0.000000e+000  0.000000e+000  0.000000e+000  0.000000e+000  0.000000e+000  0.000000e+000  0.000000e+000  0.000000e+000  0.000000e+000  
0.000000e+000  0.000000e+000  0.000000e+000  0.000000e+000  0.000000e+000  0.000000e+000  0.000000e+000  0.000000e+000  0.000000e+000  0.000000e+000  0.000000e+000  0.000000e+000  0.000000e+000  0.000000e+000  0.000000e+000  0.000000e+000  
0.000000e+000  0.000000e+000  0.000000e+000  0.000000e+000  0.000000e+000  0.000000e+000  0.000000e+000  0.000000e+000  0.000000e+000  0.000000e+000  0.000000e+000  0.000000e+000  0.000000e+000  0.000000e+000  0.000000e+000  0.000000e+000  
0.000000e+000  0.000000e+000  0.000000e+000  0.000000e+000  0.000000e+000  0.000000e+000  0.000000e+000  0.000000e+000  0.000000e+000  0.000000e+000  0.000000e+000  0.000000e+000  0.000000e+000  0.000000e+000  0.000000e+000  0.000000e+000  
0.000000e+000  0.000000e+000  0.000000e+000  0.000000e+000  0.000000e+000  0.000000e+000  0.000000e+000  0.000000e+000  0.000000e+000  0.000000e+000  0.000000e+000  0.000000e+000  0.000000e+000  0.000000e+000  0.000000e+000  0.000000e+000  
0.000000e+000  0.000000e+000  0.000000e+000  0.000000e+000  0.000000e+000  0.000000e+000  0.000000e+000  0.000000e+000  0.000000e+000  0.000000e+000  0.000000e+000  0.000000e+000  0.000000e+000  0.000000e+000  0.000000e+000  0.000000e+000  
0.000000e+000  0.000000e+000  0.000000e+000  0.000000e+000  0.000000e+000  0.000000e+000  0.000000e+000  0.000000e+000  0.000000e+000  0.000000e+000  0.000000e+000  0.000000e+000  0.000000e+000  0.000000e+000  0.000000e+000  0.000000e+000  
0.000000e+000  0.000000e+000  0.000000e+000  0.000000e+000  0.000000e+000  0.000000e+000  0.000000e+000  0.000000e+000  0.000000e+000  0.000000e+000  0.000000e+000  0.000000e+000  0.000000e+000  0.000000e+000  0.000000e+000  0.000000e+000  
0.000000e+000  0.000000e+000  0.000000e+000  0.000000e+000  0.000000e+000  0.000000e+000  0.000000e+000  0.000000e+000  0.000000e+000  0.000000e+000  0.000000e+000  0.000000e+000  0.000000e+000  0.000000e+000  0.000000e+000  0.000000e+000  
0.000000e+000  0.000000e+000  0.000000e+000  0.000000e+000  0.000000e+000  0.000000e+000  0.000000e+000  0.000000e+000  0.000000e+000  0.000000e+000  0.000000e+000  0.000000e+000  0.000000e+000  0.000000e+000  0.000000e+000  0.000000e+000  
0.000000e+000  0.000000e+000  0.000000e+000  0.000000e+000  0.000000e+000  0.000000e+000  0.000000e+000  0.000000e+000  0.000000e+000  0.000000e+000  0.000000e+000  0.000000e+000  0.000000e+000  0.000000e+000  0.000000e+000  0.000000e+000  
0.000000e+000  0.000000e+000  0.000000e+000  0.000000e+000  0.000000e+000  0.000000e+000  0.000000e+000  0.000000e+000  0.000000e+000  0.000000e+000  0.000000e+000  0.000000e+000  0.000000e+000  0.000000e+000  0.000000e+000  0.000000e+000  
0.000000e+000  0.000000e+000  0.000000e+000  0.000000e+000  0.000000e+000  0.000000e+000  0.000000e+000  0.000000e+000  0.000000e+000  0.000000e+000  0.000000e+000  0.000000e+000  0.000000e+000  0.000000e+000  0.000000e+000  0.000000e+000  
0.000000e+000  0.000000e+000  0.000000e+000  0.000000e+000  0.000000e+000  0.000000e+000  0.000000e+000  0.000000e+000  0.000000e+000  0.000000e+000  0.000000e+000  0.000000e+000  0.000000e+000  0.000000e+000  0.000000e+000  0.000000e+000  
0.000000e+000  0.000000e+000  0.000000e+000  0.000000e+000  0.000000e+000  0.000000e+000  0.000000e+000  0.000000e+000  0.000000e+000  0.000000e+000  0.000000e+000  0.000000e+000  0.000000e+000  0.000000e+000  0.000000e+000  0.000000e+000  
0.000000e+000  0.000000e+000  0.000000e+000  0.000000e+000  0.000000e+000  0.000000e+000  0.000000e+000  0.000000e+000  0.000000e+000  0.000000e+000  0.000000e+000  0.000000e+000  0.000000e+000  0.000000e+000  0.000000e+000  0.000000e+000  
0.000000e+000  0.000000e+000  0.000000e+000  0.000000e+000  0.000000e+000  0.000000e+000  0.000000e+000  0.000000e+000  0.000000e+000  0.000000e+000  0.000000e+000  0.000000e+000  0.000000e+000  0.000000e+000  0.000000e+000  0.000000e+000  
0.000000e+000  0.000000e+000  0.000000e+000  0.000000e+000  0.000000e+000  0.000000e+000  0.000000e+000  0.000000e+000  0.000000e+000  0.000000e+000  0.000000e+000  0.000000e+000  0.000000e+000  0.000000e+000  0.000000e+000  0.000000e+000  
0.000000e+000  0.000000e+000  0.000000e+000  0.000000e+000  0.000000e+000  0.000000e+000  0.000000e+000  0.000000e+000  0.000000e+000  0.000000e+000  0.000000e+000  0.000000e+000  0.000000e+000  0.000000e+000  0.000000e+000  0.000000e+000  
0.000000e+000  0.000000e+000  0.000000e+000  0.000000e+000  0.000000e+000  0.000000e+000  0.000000e+000  0.000000e+000  0.000000e+000  0.000000e+000  0.000000e+000  0.000000e+000  0.000000e+000  0.000000e+000  0.000000e+000  0.000000e+000  
0.000000e+000  0.000000e+000  0.000000e+000  0.000000e+000  0.000000e+000  0.000000e+000  0.000000e+000  0.000000e+000  0.000000e+000  0.000000e+000  0.000000e+000  0.000000e+000  0.000000e+000  0.000000e+000  0.000000e+000  0.000000e+000  
0.000000e+000  0.000000e+000  0.000000e+000  0.000000e+000  0.000000e+000  0.000000e+000  0.000000e+000  0.000000e+000  0.000000e+000  0.000000e+000  0.000000e+000  0.000000e+000  0.000000e+000  0.000000e+000  0.000000e+000  0.000000e+000  
0.000000e+000  0.000000e+000  0.000000e+000  0.000000e+000  0.000000e+000  0.000000e+000  0.000000e+000  0.000000e+000  0.000000e+000  0.000000e+000  0.000000e+000  0.000000e+000  0.000000e+000  0.000000e+000  0.000000e+000  0.000000e+000  

0.000000e+000  0.000000e+000  0.000000e+000  0.000000e+000  0.000000e+000  0.000000e+000  0.000000e+000  0.000000e+000  0.000000e+000  0.000000e+000  0.000000e+000  0.000000e+000  0.000000e+000  0.000000e+000  0.000000e+000  0.000000e+000  
0.000000e+000  0.000000e+000  0.000000e+000  0.000000e+000  0.000000e+000  0.000000e+000  0.000000e+000  0.000000e+000  0.000000e+000  0.000000e+000  0.000000e+000  0.000000e+000  0.000000e+000  0.000000e+000  0.000000e+000  0.000000e+000  
0.000000e+000  0.000000e+000  0.000000e+000  0.000000e+000  0.000000e+000  0.000000e+000  0.000000e+000  0.000000e+000  0.000000e+000  0.000000e+000  0.000000e+000  0.000000e+000  0.000000e+000  0.000000e+000  0.000000e+000  0.000000e+000  
0.000000e+000  0.000000e+000  0.000000e+000  0.000000e+000  0.000000e+000  0.000000e+000  0.000000e+000  0.000000e+000  0.000000e+000  0.000000e+000  0.000000e+000  0.000000e+000  0.000000e+000  0.000000e+000  0.000000e+000  0.000000e+000  
0.000000e+000  0.000000e+000  0.000000e+000  0.000000e+000  0.000000e+000  0.000000e+000  0.000000e+000  0.000000e+000  0.000000e+000  0.000000e+000  0.000000e+000  0.000000e+000  0.000000e+000  0.000000e+000  0.000000e+000  0.000000e+000  
0.000000e+000  0.000000e+000  0.000000e+000  0.000000e+000  0.000000e+000  0.000000e+000  0.000000e+000  0.000000e+000  0.000000e+000  0.000000e+000  0.000000e+000  0.000000e+000  0.000000e+000  0.000000e+000  0.000000e+000  0.000000e+000  
0.000000e+000  0.000000e+000  0.000000e+000  0.000000e+000  0.000000e+000  0.000000e+000  0.000000e+000  0.000000e+000  0.000000e+000  0.000000e+000  0.000000e+000  0.000000e+000  0.000000e+000  0.000000e+000  0.000000e+000  0.000000e+000  
0.000000e+000  0.000000e+000  0.000000e+000  0.000000e+000  0.000000e+000  0.000000e+000  0.000000e+000  0.000000e+000  0.000000e+000  0.000000e+000  0.000000e+000  0.000000e+000  0.000000e+000  0.000000e+000  0.000000e+000  0.000000e+000  
0.000000e+000  0.000000e+000  0.000000e+000  0.000000e+000  0.000000e+000  0.000000e+000  0.000000e+000  0.000000e+000  0.000000e+000  0.000000e+000  0.000000e+000  0.000000e+000  0.000000e+000  0.000000e+000  0.000000e+000  0.000000e+000  
0.000000e+000  0.000000e+000  0.000000e+000  0.000000e+000  0.000000e+000  0.000000e+000  0.000000e+000  0.000000e+000  0.000000e+000  0.000000e+000  0.000000e+000  0.000000e+000  0.000000e+000  0.000000e+000  0.000000e+000  0.000000e+000  
0.000000e+000  0.000000e+000  0.000000e+000  0.000000e+000  0.000000e+000  0.000000e+000  0.000000e+000  0.000000e+000  0.000000e+000  0.000000e+000  0.000000e+000  0.000000e+000  0.000000e+000  0.000000e+000  0.000000e+000  0.000000e+000  
0.000000e+000  0.000000e+000  0.000000e+000  0.000000e+000  0.000000e+000  0.000000e+000  0.000000e+000  0.000000e+000  0.000000e+000  0.000000e+000  0.000000e+000  0.000000e+000  0.000000e+000  0.000000e+000  0.000000e+000  0.000000e+000  
0.000000e+000  0.000000e+000  0.000000e+000  0.000000e+000  0.000000e+000  0.000000e+000  0.000000e+000  0.000000e+000  0.000000e+000  0.000000e+000  0.000000e+000  0.000000e+000  0.000000e+000  0.000000e+000  0.000000e+000  0.000000e+000  
0.000000e+000  0.000000e+000  0.000000e+000  0.000000e+000  0.000000e+000  0.000000e+000  0.000000e+000  0.000000e+000  0.000000e+000  0.000000e+000  0.000000e+000  0.000000e+000  0.000000e+000  0.000000e+000  0.000000e+000  0.000000e+000  
0.000000e+000  0.000000e+000  0.000000e+000  0.000000e+000  0.000000e+000  0.000000e+000  0.000000e+000  0.000000e+000  0.000000e+000  0.000000e+000  0.000000e+000  0.000000e+000  0.000000e+000  0.000000e+000  0.000000e+000  0.000000e+000  
0.000000e+000  0.000000e+000  0.000000e+000  0.000000e+000  0.000000e+000  0.000000e+000  0.000000e+000  0.000000e+000  0.000000e+000  0.000000e+000  0.000000e+000  0.000000e+000  0.000000e+000  0.000000e+000  0.000000e+000  0.000000e+000  
0.000000e+000  0.000000e+000  0.000000e+000  0.000000e+000  0.000000e+000  0.000000e+000  0.000000e+000  0.000000e+000  0.000000e+000  0.000000e+000  0.000000e+000  0.000000e+000  0.000000e+000  0.000000e+000  0.000000e+000  0.000000e+000  
0.000000e+000  0.000000e+000  0.000000e+000  0.000000e+000  0.000000e+000  0.000000e+000  0.000000e+000  0.000000e+000  0.000000e+000  0.000000e+000  0.000000e+000  0.000000e+000  0.000000e+000  0.000000e+000  0.000000e+000  0.000000e+000  
0.000000e+000  0.000000e+000  0.000000e+000  0.000000e+000  0.000000e+000  0.000000e+000  0.000000e+000  0.000000e+000  0.000000e+000  0.000000e+000  0.000000e+000  0.000000e+000  0.000000e+000  0.000000e+000  0.000000e+000  0.000000e+000  
0.000000e+000  0.000000e+000  0.000000e+000  0.000000e+000  0.000000e+000  0.000000e+000  0.000000e+000  0.000000e+000  0.000000e+000  0.000000e+000  0.000000e+000  0.000000e+000  0.000000e+000  0.000000e+000  0.000000e+000  0.000000e+000  
0.000000e+000  0.000000e+000  0.000000e+000  0.000000e+000  0.000000e+000  0.000000e+000  0.000000e+000  0.000000e+000  0.000000e+000  0.000000e+000  0.000000e+000  0.000000e+000  0.000000e+000  0.000000e+000  0.000000e+000  0.000000e+000  
0.000000e+000  0.000000e+000  0.000000e+000  0.000000e+000  0.000000e+000  0.000000e+000  0.000000e+000  0.000000e+000  0.000000e+000  0.000000e+000  0.000000e+000  0.000000e+000  0.000000e+000  0.000000e+000  0.000000e+000  0.000000e+000  
0.000000e+000  0.000000e+000  0.000000e+000  0.000000e+000  0.000000e+000  0.000000e+000  0.000000e+000  0.000000e+000  0.000000e+000  0.000000e+000  0.000000e+000  0.000000e+000  0.000000e+000  0.000000e+000  0.000000e+000  0.000000e+000  
0.000000e+000  0.000000e+000  0.000000e+000  0.000000e+000  0.000000e+000  0.000000e+000  0.000000e+000  0.000000e+000  0.000000e+000  0.000000e+000  0.000000e+000  0.000000e+000  0.000000e+000  0.000000e+000  0.000000e+000  0.000000e+000  
0.000000e+000  0.000000e+000  0.000000e+000  0.000000e+000  0.000000e+000  0.000000e+000  0.000000e+000  0.000000e+000  0.000000e+000  0.000000e+000  0.000000e+000  0.000000e+000  0.000000e+000  0.000000e+000  0.000000e+000  0.000000e+000  
0.000000e+000  0.000000e+000  0.000000e+000  0.000000e+000  0.000000e+000  0.000000e+000  0.000000e+000  0.000000e+000  0.000000e+000  0.000000e+000  0.000000e+000  0.000000e+000  0.000000e+000  0.000000e+000  0.000000e+000  0.000000e+000  
0.000000e+000  0.000000e+000  0.000000e+000  0.000000e+000  0.000000e+000  0.000000e+000  0.000000e+000  0.000000e+000  0.000000e+000  0.000000e+000  0.000000e+000  0.000000e+000  0.000000e+000  0.000000e+000  0.000000e+000  0.000000e+000  

