Port monitor named: Port2_e7[2.2].prt

nx        = 71
ny        = 23
nz        = 31

nu        = 16
nv        = 27
iu        = 3
iv        = 3

idir      = 0
dcut      = 5.114300e-001
icut      = 71
type      = 0
frequency = 2.200000e+009

fcutoff   = 5.046954e+009
alpha     = 9.517551e+001
beta      = 0.000000e+000
accuracy  = 1.082801e-010

type          = TE
wave imp.     = 1.825102e+002
wave imp.sig. = 7.810325e-006
line imp.     = 0.000000e+000

ref. port     = 0

-0.000000e+000  -0.000000e+000  -0.000000e+000  -0.000000e+000  -0.000000e+000  -0.000000e+000  -0.000000e+000  -0.000000e+000  -0.000000e+000  -0.000000e+000  -0.000000e+000  -0.000000e+000  -0.000000e+000  -0.000000e+000  -0.000000e+000  -0.000000e+000  
3.184122e+001  3.132750e+001  3.030835e+001  2.880022e+001  2.682743e+001  2.442182e+001  2.146555e+001  1.792448e+001  1.402588e+001  4.757646e+000  -1.203083e+001  -2.522576e+001  -2.924342e+001  -3.047138e+001  -3.109155e+001  -0.000000e+000  
6.326833e+001  6.224758e+001  6.022254e+001  5.722588e+001  5.330597e+001  4.852602e+001  4.265193e+001  3.561585e+001  2.786935e+001  9.453416e+000  -2.390520e+001  -5.012345e+001  -5.810651e+001  -6.054647e+001  -6.177874e+001  -0.000000e+000  
9.387261e+001  9.235810e+001  8.935350e+001  8.490730e+001  7.909124e+001  7.199913e+001  6.328361e+001  5.284402e+001  4.135037e+001  1.402624e+001  -3.546868e+001  -7.436927e+001  -8.621392e+001  -8.983413e+001  -9.166248e+001  -0.000000e+000  
1.975373e+002  1.943503e+002  1.880277e+002  1.786715e+002  1.664326e+002  1.515086e+002  1.331685e+002  1.112003e+002  8.701407e+001  2.951557e+001  -7.463717e+001  -1.564961e+002  -1.814210e+002  -1.890390e+002  -1.928864e+002  -0.000000e+000  
2.722172e+002  2.678253e+002  2.591124e+002  2.462191e+002  2.293533e+002  2.087872e+002  1.835134e+002  1.532401e+002  1.199102e+002  4.067408e+001  -1.028541e+002  -2.156603e+002  -2.500080e+002  -2.605062e+002  -2.658081e+002  -0.000000e+000  
2.815911e+002  2.770480e+002  2.680351e+002  2.546978e+002  2.372512e+002  2.159769e+002  1.898328e+002  1.585170e+002  1.240393e+002  4.207472e+001  -1.063959e+002  -2.230867e+002  -2.586172e+002  -2.694768e+002  -2.749613e+002  -0.000000e+000  
2.234102e+002  2.198058e+002  2.126551e+002  2.020734e+002  1.882316e+002  1.713529e+002  1.506106e+002  1.257651e+002  9.841097e+001  3.338145e+001  -8.441297e+001  -1.769936e+002  -2.051831e+002  -2.137989e+002  -2.181503e+002  -0.000000e+000  
1.290589e+002  1.269767e+002  1.228459e+002  1.167331e+002  1.087370e+002  9.898656e+001  8.700420e+001  7.265153e+001  5.684972e+001  1.928369e+001  -4.876340e+001  -1.022451e+002  -1.185295e+002  -1.235067e+002  -1.260203e+002  -0.000000e+000  
9.985932e+001  9.824822e+001  9.505201e+001  9.032225e+001  8.413527e+001  7.659086e+001  6.731951e+001  5.621413e+001  4.398747e+001  1.492076e+001  -3.773069e+001  -7.911216e+001  -9.171219e+001  -9.556329e+001  -9.750823e+001  -0.000000e+000  
6.936107e+001  6.824202e+001  6.602196e+001  6.273673e+001  5.843933e+001  5.319907e+001  4.675931e+001  3.904564e+001  3.055316e+001  1.036377e+001  -2.620727e+001  -5.495034e+001  -6.370216e+001  -6.637709e+001  -6.772803e+001  -0.000000e+000  
3.796074e+001  3.734830e+001  3.613328e+001  3.433530e+001  3.198336e+001  2.911541e+001  2.559098e+001  2.136936e+001  1.672148e+001  5.672007e+000  -1.434303e+001  -3.007387e+001  -3.486367e+001  -3.632763e+001  -3.706699e+001  -0.000000e+000  
1.902426e+001  1.871732e+001  1.810841e+001  1.720734e+001  1.602866e+001  1.459137e+001  1.282508e+001  1.070938e+001  8.380072e+000  2.842561e+000  -7.188094e+000  -1.507170e+001  -1.747214e+001  -1.820581e+001  -1.857635e+001  -0.000000e+000  
-0.000000e+000  -0.000000e+000  -0.000000e+000  -0.000000e+000  -0.000000e+000  -0.000000e+000  -0.000000e+000  -0.000000e+000  -0.000000e+000  -0.000000e+000  -0.000000e+000  -0.000000e+000  -0.000000e+000  -0.000000e+000  -0.000000e+000  -0.000000e+000  
-1.902426e+001  -1.871732e+001  -1.810841e+001  -1.720734e+001  -1.602866e+001  -1.459137e+001  -1.282508e+001  -1.070938e+001  -8.380072e+000  -2.842561e+000  7.188094e+000  1.507170e+001  1.747214e+001  1.820581e+001  1.857635e+001  -0.000000e+000  
-3.796074e+001  -3.734830e+001  -3.613328e+001  -3.433530e+001  -3.198336e+001  -2.911541e+001  -2.559098e+001  -2.136936e+001  -1.672148e+001  -5.672007e+000  1.434303e+001  3.007387e+001  3.486367e+001  3.632763e+001  3.706699e+001  -0.000000e+000  
-6.936107e+001  -6.824202e+001  -6.602196e+001  -6.273673e+001  -5.843933e+001  -5.319907e+001  -4.675931e+001  -3.904564e+001  -3.055316e+001  -1.036377e+001  2.620727e+001  5.495034e+001  6.370216e+001  6.637709e+001  6.772803e+001  -0.000000e+000  
-9.985932e+001  -9.824822e+001  -9.505201e+001  -9.032225e+001  -8.413527e+001  -7.659086e+001  -6.731951e+001  -5.621413e+001  -4.398747e+001  -1.492076e+001  3.773069e+001  7.911216e+001  9.171219e+001  9.556329e+001  9.750823e+001  -0.000000e+000  
-1.290589e+002  -1.269767e+002  -1.228459e+002  -1.167331e+002  -1.087370e+002  -9.898656e+001  -8.700420e+001  -7.265153e+001  -5.684972e+001  -1.928369e+001  4.876340e+001  1.022451e+002  1.185295e+002  1.235067e+002  1.260203e+002  -0.000000e+000  
-2.234102e+002  -2.198058e+002  -2.126551e+002  -2.020734e+002  -1.882316e+002  -1.713529e+002  -1.506106e+002  -1.257651e+002  -9.841097e+001  -3.338145e+001  8.441297e+001  1.769936e+002  2.051831e+002  2.137989e+002  2.181503e+002  -0.000000e+000  
-2.815911e+002  -2.770480e+002  -2.680351e+002  -2.546978e+002  -2.372512e+002  -2.159769e+002  -1.898328e+002  -1.585170e+002  -1.240393e+002  -4.207472e+001  1.063959e+002  2.230867e+002  2.586172e+002  2.694768e+002  2.749613e+002  -0.000000e+000  
-2.722172e+002  -2.678253e+002  -2.591124e+002  -2.462191e+002  -2.293533e+002  -2.087872e+002  -1.835134e+002  -1.532401e+002  -1.199102e+002  -4.067408e+001  1.028541e+002  2.156603e+002  2.500080e+002  2.605062e+002  2.658081e+002  -0.000000e+000  
-1.975373e+002  -1.943503e+002  -1.880277e+002  -1.786715e+002  -1.664326e+002  -1.515086e+002  -1.331685e+002  -1.112003e+002  -8.701407e+001  -2.951557e+001  7.463717e+001  1.564961e+002  1.814210e+002  1.890390e+002  1.928864e+002  -0.000000e+000  
-9.387261e+001  -9.235810e+001  -8.935350e+001  -8.490730e+001  -7.909124e+001  -7.199913e+001  -6.328361e+001  -5.284402e+001  -4.135037e+001  -1.402624e+001  3.546868e+001  7.436927e+001  8.621392e+001  8.983413e+001  9.166248e+001  -0.000000e+000  
-6.326833e+001  -6.224758e+001  -6.022254e+001  -5.722588e+001  -5.330597e+001  -4.852602e+001  -4.265193e+001  -3.561585e+001  -2.786935e+001  -9.453416e+000  2.390520e+001  5.012345e+001  5.810651e+001  6.054647e+001  6.177874e+001  -0.000000e+000  
-3.184122e+001  -3.132750e+001  -3.030835e+001  -2.880022e+001  -2.682743e+001  -2.442182e+001  -2.146555e+001  -1.792448e+001  -1.402588e+001  -4.757646e+000  1.203083e+001  2.522576e+001  2.924342e+001  3.047138e+001  3.109155e+001  -0.000000e+000  
-0.000000e+000  -0.000000e+000  -0.000000e+000  -0.000000e+000  -0.000000e+000  -0.000000e+000  -0.000000e+000  -0.000000e+000  -0.000000e+000  -0.000000e+000  -0.000000e+000  -0.000000e+000  -0.000000e+000  -0.000000e+000  -0.000000e+000  -0.000000e+000  

-0.000000e+000  -4.437565e+001  -8.803536e+001  -1.302747e+002  -1.704123e+002  -2.078005e+002  -2.418360e+002  -2.750991e+002  -3.028750e+002  -3.246096e+002  -3.499435e+002  -2.750385e+002  -1.407139e+002  -9.539820e+001  -4.817960e+001  -0.000000e+000  
-0.000000e+000  -4.379853e+001  -8.689043e+001  -1.285805e+002  -1.681960e+002  -2.050979e+002  -2.386909e+002  -2.715214e+002  -2.989360e+002  -3.203879e+002  -3.453924e+002  -2.714616e+002  -1.388839e+002  -9.415751e+001  -4.755301e+001  -0.000000e+000  
-0.000000e+000  -4.265179e+001  -8.461546e+001  -1.252140e+002  -1.637923e+002  -1.997280e+002  -2.324414e+002  -2.644124e+002  -2.911092e+002  -3.119995e+002  -3.363493e+002  -2.643541e+002  -1.352476e+002  -9.169226e+001  -4.630797e+001  -0.000000e+000  
-0.000000e+000  -3.861851e+001  -7.661396e+001  -1.133733e+002  -1.483036e+002  -1.808411e+002  -2.104611e+002  -2.394087e+002  -2.635810e+002  -2.824958e+002  -3.045431e+002  -2.393560e+002  -1.224582e+002  -8.302156e+001  -4.192895e+001  -0.000000e+000  
-0.000000e+000  -2.423269e+001  -4.807441e+001  -7.114051e+001  -9.305886e+001  -1.134758e+002  -1.320620e+002  -1.502263e+002  -1.653942e+002  -1.772630e+002  -1.910974e+002  -1.501932e+002  -7.684116e+001  -5.209511e+001  -2.630995e+001  -0.000000e+000  
-0.000000e+000  -3.041725e+000  -6.034375e+000  -8.929669e+000  -1.168089e+001  -1.424366e+001  -1.657663e+001  -1.885664e+001  -2.076054e+001  -2.225033e+001  -2.398685e+001  -1.885249e+001  -9.645222e+000  -6.539059e+000  -3.302466e+000  -0.000000e+000  
-0.000000e+000  1.887896e+001  3.745333e+001  5.542344e+001  7.249936e+001  8.840560e+001  1.028855e+002  1.170368e+002  1.288536e+002  1.381003e+002  1.488782e+002  1.170110e+002  5.986464e+001  4.058574e+001  2.049729e+001  -0.000000e+000  
-0.000000e+000  3.514900e+001  6.973092e+001  1.031878e+002  1.349799e+002  1.645943e+002  1.915531e+002  2.179001e+002  2.399008e+002  2.571163e+002  2.771828e+002  2.178522e+002  1.114565e+002  7.556287e+001  3.816203e+001  -0.000000e+000  
-0.000000e+000  4.069408e+001  8.073162e+001  1.194667e+002  1.562742e+002  1.905606e+002  2.217724e+002  2.522759e+002  2.777474e+002  2.976787e+002  3.209109e+002  2.522203e+002  1.290398e+002  8.748360e+001  4.418244e+001  -0.000000e+000  
-0.000000e+000  4.250403e+001  8.432232e+001  1.247802e+002  1.632248e+002  1.990361e+002  2.316362e+002  2.634963e+002  2.901007e+002  3.109186e+002  3.351840e+002  2.634383e+002  1.347791e+002  9.137461e+001  4.614754e+001  -0.000000e+000  
-0.000000e+000  4.376120e+001  8.681637e+001  1.284709e+002  1.680527e+002  2.049231e+002  2.384874e+002  2.712899e+002  2.986812e+002  3.201148e+002  3.450980e+002  2.712302e+002  1.387655e+002  9.407725e+001  4.751248e+001  -0.000000e+000  
-0.000000e+000  4.431011e+001  8.790533e+001  1.300823e+002  1.701606e+002  2.074935e+002  2.414788e+002  2.746928e+002  3.024277e+002  3.241301e+002  3.494267e+002  2.746323e+002  1.405061e+002  9.525729e+001  4.810844e+001  -0.000000e+000  
-0.000000e+000  4.451548e+001  8.831276e+001  1.306852e+002  1.709492e+002  2.084552e+002  2.425981e+002  2.759660e+002  3.038294e+002  3.256324e+002  3.510462e+002  2.759052e+002  1.411573e+002  9.569880e+001  4.833142e+001  -0.000000e+000  
-0.000000e+000  4.451548e+001  8.831276e+001  1.306852e+002  1.709492e+002  2.084552e+002  2.425981e+002  2.759660e+002  3.038294e+002  3.256324e+002  3.510462e+002  2.759052e+002  1.411573e+002  9.569880e+001  4.833142e+001  -0.000000e+000  
-0.000000e+000  4.431011e+001  8.790533e+001  1.300823e+002  1.701606e+002  2.074935e+002  2.414788e+002  2.746928e+002  3.024277e+002  3.241301e+002  3.494267e+002  2.746323e+002  1.405061e+002  9.525729e+001  4.810844e+001  -0.000000e+000  
-0.000000e+000  4.376120e+001  8.681637e+001  1.284709e+002  1.680527e+002  2.049231e+002  2.384874e+002  2.712899e+002  2.986812e+002  3.201148e+002  3.450980e+002  2.712302e+002  1.387655e+002  9.407725e+001  4.751248e+001  -0.000000e+000  
-0.000000e+000  4.250403e+001  8.432232e+001  1.247802e+002  1.632248e+002  1.990361e+002  2.316362e+002  2.634963e+002  2.901007e+002  3.109186e+002  3.351840e+002  2.634383e+002  1.347791e+002  9.137461e+001  4.614754e+001  -0.000000e+000  
-0.000000e+000  4.069408e+001  8.073162e+001  1.194667e+002  1.562742e+002  1.905606e+002  2.217724e+002  2.522759e+002  2.777474e+002  2.976787e+002  3.209109e+002  2.522203e+002  1.290398e+002  8.748360e+001  4.418244e+001  -0.000000e+000  
-0.000000e+000  3.514900e+001  6.973092e+001  1.031878e+002  1.349799e+002  1.645943e+002  1.915531e+002  2.179001e+002  2.399008e+002  2.571163e+002  2.771828e+002  2.178522e+002  1.114565e+002  7.556287e+001  3.816203e+001  -0.000000e+000  
-0.000000e+000  1.887896e+001  3.745333e+001  5.542344e+001  7.249936e+001  8.840560e+001  1.028855e+002  1.170368e+002  1.288536e+002  1.381003e+002  1.488782e+002  1.170110e+002  5.986464e+001  4.058574e+001  2.049729e+001  -0.000000e+000  
-0.000000e+000  -3.041725e+000  -6.034375e+000  -8.929669e+000  -1.168089e+001  -1.424366e+001  -1.657663e+001  -1.885664e+001  -2.076054e+001  -2.225033e+001  -2.398685e+001  -1.885249e+001  -9.645222e+000  -6.539059e+000  -3.302466e+000  -0.000000e+000  
-0.000000e+000  -2.423269e+001  -4.807441e+001  -7.114051e+001  -9.305886e+001  -1.134758e+002  -1.320620e+002  -1.502263e+002  -1.653942e+002  -1.772630e+002  -1.910974e+002  -1.501932e+002  -7.684116e+001  -5.209511e+001  -2.630995e+001  -0.000000e+000  
-0.000000e+000  -3.861851e+001  -7.661396e+001  -1.133733e+002  -1.483036e+002  -1.808411e+002  -2.104611e+002  -2.394087e+002  -2.635810e+002  -2.824958e+002  -3.045431e+002  -2.393560e+002  -1.224582e+002  -8.302156e+001  -4.192895e+001  -0.000000e+000  
-0.000000e+000  -4.265179e+001  -8.461546e+001  -1.252140e+002  -1.637923e+002  -1.997280e+002  -2.324414e+002  -2.644124e+002  -2.911092e+002  -3.119995e+002  -3.363493e+002  -2.643541e+002  -1.352476e+002  -9.169226e+001  -4.630797e+001  -0.000000e+000  
-0.000000e+000  -4.379853e+001  -8.689043e+001  -1.285805e+002  -1.681960e+002  -2.050979e+002  -2.386909e+002  -2.715214e+002  -2.989360e+002  -3.203879e+002  -3.453924e+002  -2.714616e+002  -1.388839e+002  -9.415751e+001  -4.755301e+001  -0.000000e+000  
-0.000000e+000  -4.437565e+001  -8.803536e+001  -1.302747e+002  -1.704123e+002  -2.078005e+002  -2.418360e+002  -2.750991e+002  -3.028750e+002  -3.246096e+002  -3.499435e+002  -2.750385e+002  -1.407139e+002  -9.539820e+001  -4.817960e+001  -0.000000e+000  
-0.000000e+000  -0.000000e+000  -0.000000e+000  -0.000000e+000  -0.000000e+000  -0.000000e+000  -0.000000e+000  -0.000000e+000  -0.000000e+000  -0.000000e+000  -0.000000e+000  -0.000000e+000  -0.000000e+000  -0.000000e+000  -0.000000e+000  -0.000000e+000  

-0.000000e+000  -0.000000e+000  -0.000000e+000  -0.000000e+000  -0.000000e+000  -0.000000e+000  -0.000000e+000  -0.000000e+000  -0.000000e+000  -0.000000e+000  -0.000000e+000  -0.000000e+000  -0.000000e+000  -0.000000e+000  -0.000000e+000  -0.000000e+000  
-0.000000e+000  1.893923e-007  3.699591e-007  5.306117e-007  6.621524e-007  7.590772e-007  7.907663e-007  4.945188e-007  5.207953e-008  -5.047827e-007  -2.075531e-006  -2.042273e-006  -1.093166e-006  -7.120207e-007  -3.432312e-007  -0.000000e+000  
-0.000000e+000  3.738444e-007  7.393935e-007  1.056624e-006  1.330202e-006  1.514746e-006  1.615388e-006  1.079198e-006  2.058454e-007  -1.008606e-006  -4.186564e-006  -4.024082e-006  -2.225128e-006  -1.396060e-006  -6.653450e-007  -0.000000e+000  
-0.000000e+000  5.645917e-007  1.095843e-006  1.584100e-006  1.998673e-006  2.288209e-006  2.424037e-006  1.927950e-006  6.601667e-007  -1.563608e-006  -6.381640e-006  -5.874291e-006  -3.481705e-006  -1.960250e-006  -8.837127e-007  -0.000000e+000  
-0.000000e+000  8.490631e-007  1.692776e-006  2.498435e-006  3.282619e-006  4.017433e-006  4.729185e-006  2.418010e-006  6.936353e-007  -4.699574e-007  2.354820e-006  1.276449e-006  -3.904146e-006  -2.636404e-006  -1.323302e-006  -0.000000e+000  
-0.000000e+000  -5.355917e-007  -1.078111e-006  -1.617285e-006  -2.165227e-006  -2.711851e-006  -3.270036e-006  -3.478307e-006  -3.889213e-006  -4.422274e-006  -8.328418e-006  -9.740208e-006  -1.053936e-006  -8.079352e-007  -4.361195e-007  -0.000000e+000  
-0.000000e+000  -7.388326e-007  -1.471562e-006  -2.211069e-006  -2.933845e-006  -3.659608e-006  -4.390622e-006  -4.760413e-006  -5.331455e-006  -6.008344e-006  -1.028209e-005  -1.141866e-005  -1.840651e-006  -1.350225e-006  -7.131666e-007  -0.000000e+000  
-0.000000e+000  3.260221e-007  6.581224e-007  9.947182e-007  1.344455e-006  1.718625e-006  2.124343e-006  -8.264244e-007  -3.108027e-006  -4.750036e-006  -2.932770e-006  -3.076552e-006  -6.475257e-006  -4.356593e-006  -2.183470e-006  -0.000000e+000  
-0.000000e+000  -6.582536e-008  -1.265033e-007  -1.778194e-007  -2.210386e-007  -2.745556e-007  -3.858280e-007  -1.394699e-006  -2.950515e-006  -5.267088e-006  -1.003100e-005  -8.953650e-006  -5.604827e-006  -3.426519e-006  -1.635316e-006  -0.000000e+000  
-0.000000e+000  -3.035259e-007  -5.914753e-007  -8.462288e-007  -1.055277e-006  -1.206910e-006  -1.311364e-006  -2.267573e-006  -3.184354e-006  -4.129959e-006  -7.488350e-006  -6.947052e-006  -3.958149e-006  -2.703404e-006  -1.375603e-006  -0.000000e+000  
-0.000000e+000  -5.731150e-007  -1.119342e-006  -1.607217e-006  -2.000181e-006  -2.240972e-006  -2.318555e-006  -3.157597e-006  -3.368559e-006  -2.756372e-006  -4.935852e-006  -4.704939e-006  -2.454469e-006  -1.996295e-006  -1.106323e-006  -0.000000e+000  
-0.000000e+000  -8.671230e-007  -1.716656e-006  -2.483068e-006  -3.132536e-006  -3.492494e-006  -3.146417e-006  -4.635831e-006  -4.340962e-006  -6.544889e-007  -2.366466e-006  -2.325129e-006  -8.326570e-007  -1.672085e-006  -1.059821e-006  -0.000000e+000  
-0.000000e+000  -4.477484e-007  -8.511513e-007  -1.238103e-006  -1.533678e-006  -1.712737e-006  -1.668128e-006  -2.191150e-006  -1.955160e-006  -4.634420e-007  -1.182222e-006  -1.172040e-006  -4.490756e-007  -7.540860e-007  -4.824728e-007  -0.000000e+000  
-0.000000e+000  6.598129e-009  -7.304856e-009  2.291271e-009  -7.825130e-009  -5.680858e-010  -6.084492e-009  -1.141285e-008  2.399185e-009  1.610601e-009  2.435566e-009  4.551078e-009  4.773297e-009  7.088413e-009  4.910157e-009  -0.000000e+000  
-0.000000e+000  4.226522e-007  8.562178e-007  1.227881e-006  1.553775e-006  1.709701e-006  1.671630e-006  2.204279e-006  1.953308e-006  4.603889e-007  1.183856e-006  1.162738e-006  4.451266e-007  7.433376e-007  4.823967e-007  -0.000000e+000  
-0.000000e+000  8.703907e-007  1.718669e-006  2.482336e-006  3.123213e-006  3.490532e-006  3.144664e-006  4.629082e-006  4.340383e-006  6.521817e-007  2.363585e-006  2.330798e-006  8.356411e-007  1.677735e-006  1.051758e-006  -0.000000e+000  
-0.000000e+000  5.669654e-007  1.121962e-006  1.609588e-006  2.001468e-006  2.243080e-006  2.313703e-006  3.161273e-006  3.370764e-006  2.756278e-006  4.936761e-006  4.706020e-006  2.453125e-006  1.999177e-006  1.110292e-006  -0.000000e+000  
-0.000000e+000  3.026426e-007  5.889094e-007  8.423578e-007  1.048792e-006  1.206483e-006  1.307487e-006  2.268077e-006  3.186992e-006  4.129213e-006  7.491272e-006  6.946060e-006  3.959335e-006  2.704245e-006  1.377090e-006  -0.000000e+000  
-0.000000e+000  6.687743e-008  1.255956e-007  1.750270e-007  2.188559e-007  2.798755e-007  3.862202e-007  1.395827e-006  2.948642e-006  5.267243e-006  1.003116e-005  8.954541e-006  5.606457e-006  3.424651e-006  1.638836e-006  -0.000000e+000  
-0.000000e+000  -3.269567e-007  -6.551867e-007  -9.945438e-007  -1.342262e-006  -1.715936e-006  -2.129590e-006  8.278357e-007  3.106560e-006  4.750091e-006  2.932554e-006  3.076938e-006  6.473959e-006  4.353611e-006  2.183481e-006  -0.000000e+000  
-0.000000e+000  7.391402e-007  1.473386e-006  2.211044e-006  2.935273e-006  3.663188e-006  4.390265e-006  4.759859e-006  5.336736e-006  6.010336e-006  1.028279e-005  1.141904e-005  1.843139e-006  1.352912e-006  7.114278e-007  -0.000000e+000  
-0.000000e+000  5.388546e-007  1.078369e-006  1.618788e-006  2.164216e-006  2.714818e-006  3.273455e-006  3.478196e-006  3.892762e-006  4.424446e-006  8.328954e-006  9.739793e-006  1.055496e-006  8.101494e-007  4.362845e-007  -0.000000e+000  
-0.000000e+000  -8.525318e-007  -1.690416e-006  -2.502492e-006  -3.276918e-006  -4.020565e-006  -4.725384e-006  -2.415636e-006  -6.951767e-007  4.704052e-007  -2.352808e-006  -1.278252e-006  3.903767e-006  2.636099e-006  1.325962e-006  -0.000000e+000  
-0.000000e+000  -5.590039e-007  -1.101124e-006  -1.584364e-006  -1.994947e-006  -2.292944e-006  -2.421927e-006  -1.929494e-006  -6.594144e-007  1.562771e-006  6.381499e-006  5.873568e-006  3.483799e-006  1.960084e-006  8.862722e-007  -0.000000e+000  
-0.000000e+000  -3.738728e-007  -7.330565e-007  -1.065469e-006  -1.330922e-006  -1.516527e-006  -1.615313e-006  -1.075301e-006  -2.099039e-007  1.011459e-006  4.188101e-006  4.022536e-006  2.223732e-006  1.399875e-006  6.598470e-007  -0.000000e+000  
-0.000000e+000  -1.863741e-007  -3.737520e-007  -5.285758e-007  -6.613949e-007  -7.573582e-007  -7.964057e-007  -4.921651e-007  -5.224742e-008  5.034742e-007  2.073554e-006  2.040829e-006  1.095031e-006  7.135272e-007  3.485525e-007  -0.000000e+000  
-0.000000e+000  -0.000000e+000  -0.000000e+000  -0.000000e+000  -0.000000e+000  -0.000000e+000  -0.000000e+000  -0.000000e+000  -0.000000e+000  -0.000000e+000  -0.000000e+000  -0.000000e+000  -0.000000e+000  -0.000000e+000  -0.000000e+000  -0.000000e+000  

0.000000e+000  0.000000e+000  0.000000e+000  0.000000e+000  0.000000e+000  0.000000e+000  0.000000e+000  0.000000e+000  0.000000e+000  0.000000e+000  0.000000e+000  0.000000e+000  0.000000e+000  0.000000e+000  0.000000e+000  0.000000e+000  
0.000000e+000  0.000000e+000  0.000000e+000  0.000000e+000  0.000000e+000  0.000000e+000  0.000000e+000  0.000000e+000  0.000000e+000  0.000000e+000  0.000000e+000  0.000000e+000  0.000000e+000  0.000000e+000  0.000000e+000  0.000000e+000  
0.000000e+000  0.000000e+000  0.000000e+000  0.000000e+000  0.000000e+000  0.000000e+000  0.000000e+000  0.000000e+000  0.000000e+000  0.000000e+000  0.000000e+000  0.000000e+000  0.000000e+000  0.000000e+000  0.000000e+000  0.000000e+000  
0.000000e+000  0.000000e+000  0.000000e+000  0.000000e+000  0.000000e+000  0.000000e+000  0.000000e+000  0.000000e+000  0.000000e+000  0.000000e+000  0.000000e+000  0.000000e+000  0.000000e+000  0.000000e+000  0.000000e+000  0.000000e+000  
0.000000e+000  0.000000e+000  0.000000e+000  0.000000e+000  0.000000e+000  0.000000e+000  0.000000e+000  0.000000e+000  0.000000e+000  0.000000e+000  0.000000e+000  0.000000e+000  0.000000e+000  0.000000e+000  0.000000e+000  0.000000e+000  
0.000000e+000  0.000000e+000  0.000000e+000  0.000000e+000  0.000000e+000  0.000000e+000  0.000000e+000  0.000000e+000  0.000000e+000  0.000000e+000  0.000000e+000  0.000000e+000  0.000000e+000  0.000000e+000  0.000000e+000  0.000000e+000  
0.000000e+000  0.000000e+000  0.000000e+000  0.000000e+000  0.000000e+000  0.000000e+000  0.000000e+000  0.000000e+000  0.000000e+000  0.000000e+000  0.000000e+000  0.000000e+000  0.000000e+000  0.000000e+000  0.000000e+000  0.000000e+000  
0.000000e+000  0.000000e+000  0.000000e+000  0.000000e+000  0.000000e+000  0.000000e+000  0.000000e+000  0.000000e+000  0.000000e+000  0.000000e+000  0.000000e+000  0.000000e+000  0.000000e+000  0.000000e+000  0.000000e+000  0.000000e+000  
0.000000e+000  0.000000e+000  0.000000e+000  0.000000e+000  0.000000e+000  0.000000e+000  0.000000e+000  0.000000e+000  0.000000e+000  0.000000e+000  0.000000e+000  0.000000e+000  0.000000e+000  0.000000e+000  0.000000e+000  0.000000e+000  
0.000000e+000  0.000000e+000  0.000000e+000  0.000000e+000  0.000000e+000  0.000000e+000  0.000000e+000  0.000000e+000  0.000000e+000  0.000000e+000  0.000000e+000  0.000000e+000  0.000000e+000  0.000000e+000  0.000000e+000  0.000000e+000  
0.000000e+000  0.000000e+000  0.000000e+000  0.000000e+000  0.000000e+000  0.000000e+000  0.000000e+000  0.000000e+000  0.000000e+000  0.000000e+000  0.000000e+000  0.000000e+000  0.000000e+000  0.000000e+000  0.000000e+000  0.000000e+000  
0.000000e+000  0.000000e+000  0.000000e+000  0.000000e+000  0.000000e+000  0.000000e+000  0.000000e+000  0.000000e+000  0.000000e+000  0.000000e+000  0.000000e+000  0.000000e+000  0.000000e+000  0.000000e+000  0.000000e+000  0.000000e+000  
0.000000e+000  0.000000e+000  0.000000e+000  0.000000e+000  0.000000e+000  0.000000e+000  0.000000e+000  0.000000e+000  0.000000e+000  0.000000e+000  0.000000e+000  0.000000e+000  0.000000e+000  0.000000e+000  0.000000e+000  0.000000e+000  
0.000000e+000  0.000000e+000  0.000000e+000  0.000000e+000  0.000000e+000  0.000000e+000  0.000000e+000  0.000000e+000  0.000000e+000  0.000000e+000  0.000000e+000  0.000000e+000  0.000000e+000  0.000000e+000  0.000000e+000  0.000000e+000  
0.000000e+000  0.000000e+000  0.000000e+000  0.000000e+000  0.000000e+000  0.000000e+000  0.000000e+000  0.000000e+000  0.000000e+000  0.000000e+000  0.000000e+000  0.000000e+000  0.000000e+000  0.000000e+000  0.000000e+000  0.000000e+000  
0.000000e+000  0.000000e+000  0.000000e+000  0.000000e+000  0.000000e+000  0.000000e+000  0.000000e+000  0.000000e+000  0.000000e+000  0.000000e+000  0.000000e+000  0.000000e+000  0.000000e+000  0.000000e+000  0.000000e+000  0.000000e+000  
0.000000e+000  0.000000e+000  0.000000e+000  0.000000e+000  0.000000e+000  0.000000e+000  0.000000e+000  0.000000e+000  0.000000e+000  0.000000e+000  0.000000e+000  0.000000e+000  0.000000e+000  0.000000e+000  0.000000e+000  0.000000e+000  
0.000000e+000  0.000000e+000  0.000000e+000  0.000000e+000  0.000000e+000  0.000000e+000  0.000000e+000  0.000000e+000  0.000000e+000  0.000000e+000  0.000000e+000  0.000000e+000  0.000000e+000  0.000000e+000  0.000000e+000  0.000000e+000  
0.000000e+000  0.000000e+000  0.000000e+000  0.000000e+000  0.000000e+000  0.000000e+000  0.000000e+000  0.000000e+000  0.000000e+000  0.000000e+000  0.000000e+000  0.000000e+000  0.000000e+000  0.000000e+000  0.000000e+000  0.000000e+000  
0.000000e+000  0.000000e+000  0.000000e+000  0.000000e+000  0.000000e+000  0.000000e+000  0.000000e+000  0.000000e+000  0.000000e+000  0.000000e+000  0.000000e+000  0.000000e+000  0.000000e+000  0.000000e+000  0.000000e+000  0.000000e+000  
0.000000e+000  0.000000e+000  0.000000e+000  0.000000e+000  0.000000e+000  0.000000e+000  0.000000e+000  0.000000e+000  0.000000e+000  0.000000e+000  0.000000e+000  0.000000e+000  0.000000e+000  0.000000e+000  0.000000e+000  0.000000e+000  
0.000000e+000  0.000000e+000  0.000000e+000  0.000000e+000  0.000000e+000  0.000000e+000  0.000000e+000  0.000000e+000  0.000000e+000  0.000000e+000  0.000000e+000  0.000000e+000  0.000000e+000  0.000000e+000  0.000000e+000  0.000000e+000  
0.000000e+000  0.000000e+000  0.000000e+000  0.000000e+000  0.000000e+000  0.000000e+000  0.000000e+000  0.000000e+000  0.000000e+000  0.000000e+000  0.000000e+000  0.000000e+000  0.000000e+000  0.000000e+000  0.000000e+000  0.000000e+000  
0.000000e+000  0.000000e+000  0.000000e+000  0.000000e+000  0.000000e+000  0.000000e+000  0.000000e+000  0.000000e+000  0.000000e+000  0.000000e+000  0.000000e+000  0.000000e+000  0.000000e+000  0.000000e+000  0.000000e+000  0.000000e+000  
0.000000e+000  0.000000e+000  0.000000e+000  0.000000e+000  0.000000e+000  0.000000e+000  0.000000e+000  0.000000e+000  0.000000e+000  0.000000e+000  0.000000e+000  0.000000e+000  0.000000e+000  0.000000e+000  0.000000e+000  0.000000e+000  
0.000000e+000  0.000000e+000  0.000000e+000  0.000000e+000  0.000000e+000  0.000000e+000  0.000000e+000  0.000000e+000  0.000000e+000  0.000000e+000  0.000000e+000  0.000000e+000  0.000000e+000  0.000000e+000  0.000000e+000  0.000000e+000  
0.000000e+000  0.000000e+000  0.000000e+000  0.000000e+000  0.000000e+000  0.000000e+000  0.000000e+000  0.000000e+000  0.000000e+000  0.000000e+000  0.000000e+000  0.000000e+000  0.000000e+000  0.000000e+000  0.000000e+000  0.000000e+000  

0.000000e+000  0.000000e+000  0.000000e+000  0.000000e+000  0.000000e+000  0.000000e+000  0.000000e+000  0.000000e+000  0.000000e+000  0.000000e+000  0.000000e+000  0.000000e+000  0.000000e+000  0.000000e+000  0.000000e+000  0.000000e+000  
0.000000e+000  0.000000e+000  0.000000e+000  0.000000e+000  0.000000e+000  0.000000e+000  0.000000e+000  0.000000e+000  0.000000e+000  0.000000e+000  0.000000e+000  0.000000e+000  0.000000e+000  0.000000e+000  0.000000e+000  0.000000e+000  
0.000000e+000  0.000000e+000  0.000000e+000  0.000000e+000  0.000000e+000  0.000000e+000  0.000000e+000  0.000000e+000  0.000000e+000  0.000000e+000  0.000000e+000  0.000000e+000  0.000000e+000  0.000000e+000  0.000000e+000  0.000000e+000  
0.000000e+000  0.000000e+000  0.000000e+000  0.000000e+000  0.000000e+000  0.000000e+000  0.000000e+000  0.000000e+000  0.000000e+000  0.000000e+000  0.000000e+000  0.000000e+000  0.000000e+000  0.000000e+000  0.000000e+000  0.000000e+000  
0.000000e+000  0.000000e+000  0.000000e+000  0.000000e+000  0.000000e+000  0.000000e+000  0.000000e+000  0.000000e+000  0.000000e+000  0.000000e+000  0.000000e+000  0.000000e+000  0.000000e+000  0.000000e+000  0.000000e+000  0.000000e+000  
0.000000e+000  0.000000e+000  0.000000e+000  0.000000e+000  0.000000e+000  0.000000e+000  0.000000e+000  0.000000e+000  0.000000e+000  0.000000e+000  0.000000e+000  0.000000e+000  0.000000e+000  0.000000e+000  0.000000e+000  0.000000e+000  
0.000000e+000  0.000000e+000  0.000000e+000  0.000000e+000  0.000000e+000  0.000000e+000  0.000000e+000  0.000000e+000  0.000000e+000  0.000000e+000  0.000000e+000  0.000000e+000  0.000000e+000  0.000000e+000  0.000000e+000  0.000000e+000  
0.000000e+000  0.000000e+000  0.000000e+000  0.000000e+000  0.000000e+000  0.000000e+000  0.000000e+000  0.000000e+000  0.000000e+000  0.000000e+000  0.000000e+000  0.000000e+000  0.000000e+000  0.000000e+000  0.000000e+000  0.000000e+000  
0.000000e+000  0.000000e+000  0.000000e+000  0.000000e+000  0.000000e+000  0.000000e+000  0.000000e+000  0.000000e+000  0.000000e+000  0.000000e+000  0.000000e+000  0.000000e+000  0.000000e+000  0.000000e+000  0.000000e+000  0.000000e+000  
0.000000e+000  0.000000e+000  0.000000e+000  0.000000e+000  0.000000e+000  0.000000e+000  0.000000e+000  0.000000e+000  0.000000e+000  0.000000e+000  0.000000e+000  0.000000e+000  0.000000e+000  0.000000e+000  0.000000e+000  0.000000e+000  
0.000000e+000  0.000000e+000  0.000000e+000  0.000000e+000  0.000000e+000  0.000000e+000  0.000000e+000  0.000000e+000  0.000000e+000  0.000000e+000  0.000000e+000  0.000000e+000  0.000000e+000  0.000000e+000  0.000000e+000  0.000000e+000  
0.000000e+000  0.000000e+000  0.000000e+000  0.000000e+000  0.000000e+000  0.000000e+000  0.000000e+000  0.000000e+000  0.000000e+000  0.000000e+000  0.000000e+000  0.000000e+000  0.000000e+000  0.000000e+000  0.000000e+000  0.000000e+000  
0.000000e+000  0.000000e+000  0.000000e+000  0.000000e+000  0.000000e+000  0.000000e+000  0.000000e+000  0.000000e+000  0.000000e+000  0.000000e+000  0.000000e+000  0.000000e+000  0.000000e+000  0.000000e+000  0.000000e+000  0.000000e+000  
0.000000e+000  0.000000e+000  0.000000e+000  0.000000e+000  0.000000e+000  0.000000e+000  0.000000e+000  0.000000e+000  0.000000e+000  0.000000e+000  0.000000e+000  0.000000e+000  0.000000e+000  0.000000e+000  0.000000e+000  0.000000e+000  
0.000000e+000  0.000000e+000  0.000000e+000  0.000000e+000  0.000000e+000  0.000000e+000  0.000000e+000  0.000000e+000  0.000000e+000  0.000000e+000  0.000000e+000  0.000000e+000  0.000000e+000  0.000000e+000  0.000000e+000  0.000000e+000  
0.000000e+000  0.000000e+000  0.000000e+000  0.000000e+000  0.000000e+000  0.000000e+000  0.000000e+000  0.000000e+000  0.000000e+000  0.000000e+000  0.000000e+000  0.000000e+000  0.000000e+000  0.000000e+000  0.000000e+000  0.000000e+000  
0.000000e+000  0.000000e+000  0.000000e+000  0.000000e+000  0.000000e+000  0.000000e+000  0.000000e+000  0.000000e+000  0.000000e+000  0.000000e+000  0.000000e+000  0.000000e+000  0.000000e+000  0.000000e+000  0.000000e+000  0.000000e+000  
0.000000e+000  0.000000e+000  0.000000e+000  0.000000e+000  0.000000e+000  0.000000e+000  0.000000e+000  0.000000e+000  0.000000e+000  0.000000e+000  0.000000e+000  0.000000e+000  0.000000e+000  0.000000e+000  0.000000e+000  0.000000e+000  
0.000000e+000  0.000000e+000  0.000000e+000  0.000000e+000  0.000000e+000  0.000000e+000  0.000000e+000  0.000000e+000  0.000000e+000  0.000000e+000  0.000000e+000  0.000000e+000  0.000000e+000  0.000000e+000  0.000000e+000  0.000000e+000  
0.000000e+000  0.000000e+000  0.000000e+000  0.000000e+000  0.000000e+000  0.000000e+000  0.000000e+000  0.000000e+000  0.000000e+000  0.000000e+000  0.000000e+000  0.000000e+000  0.000000e+000  0.000000e+000  0.000000e+000  0.000000e+000  
0.000000e+000  0.000000e+000  0.000000e+000  0.000000e+000  0.000000e+000  0.000000e+000  0.000000e+000  0.000000e+000  0.000000e+000  0.000000e+000  0.000000e+000  0.000000e+000  0.000000e+000  0.000000e+000  0.000000e+000  0.000000e+000  
0.000000e+000  0.000000e+000  0.000000e+000  0.000000e+000  0.000000e+000  0.000000e+000  0.000000e+000  0.000000e+000  0.000000e+000  0.000000e+000  0.000000e+000  0.000000e+000  0.000000e+000  0.000000e+000  0.000000e+000  0.000000e+000  
0.000000e+000  0.000000e+000  0.000000e+000  0.000000e+000  0.000000e+000  0.000000e+000  0.000000e+000  0.000000e+000  0.000000e+000  0.000000e+000  0.000000e+000  0.000000e+000  0.000000e+000  0.000000e+000  0.000000e+000  0.000000e+000  
0.000000e+000  0.000000e+000  0.000000e+000  0.000000e+000  0.000000e+000  0.000000e+000  0.000000e+000  0.000000e+000  0.000000e+000  0.000000e+000  0.000000e+000  0.000000e+000  0.000000e+000  0.000000e+000  0.000000e+000  0.000000e+000  
0.000000e+000  0.000000e+000  0.000000e+000  0.000000e+000  0.000000e+000  0.000000e+000  0.000000e+000  0.000000e+000  0.000000e+000  0.000000e+000  0.000000e+000  0.000000e+000  0.000000e+000  0.000000e+000  0.000000e+000  0.000000e+000  
0.000000e+000  0.000000e+000  0.000000e+000  0.000000e+000  0.000000e+000  0.000000e+000  0.000000e+000  0.000000e+000  0.000000e+000  0.000000e+000  0.000000e+000  0.000000e+000  0.000000e+000  0.000000e+000  0.000000e+000  0.000000e+000  
0.000000e+000  0.000000e+000  0.000000e+000  0.000000e+000  0.000000e+000  0.000000e+000  0.000000e+000  0.000000e+000  0.000000e+000  0.000000e+000  0.000000e+000  0.000000e+000  0.000000e+000  0.000000e+000  0.000000e+000  0.000000e+000  

0.000000e+000  0.000000e+000  0.000000e+000  0.000000e+000  0.000000e+000  0.000000e+000  0.000000e+000  0.000000e+000  0.000000e+000  0.000000e+000  0.000000e+000  0.000000e+000  0.000000e+000  0.000000e+000  0.000000e+000  0.000000e+000  
0.000000e+000  0.000000e+000  0.000000e+000  0.000000e+000  0.000000e+000  0.000000e+000  0.000000e+000  0.000000e+000  0.000000e+000  0.000000e+000  0.000000e+000  0.000000e+000  0.000000e+000  0.000000e+000  0.000000e+000  0.000000e+000  
0.000000e+000  0.000000e+000  0.000000e+000  0.000000e+000  0.000000e+000  0.000000e+000  0.000000e+000  0.000000e+000  0.000000e+000  0.000000e+000  0.000000e+000  0.000000e+000  0.000000e+000  0.000000e+000  0.000000e+000  0.000000e+000  
0.000000e+000  0.000000e+000  0.000000e+000  0.000000e+000  0.000000e+000  0.000000e+000  0.000000e+000  0.000000e+000  0.000000e+000  0.000000e+000  0.000000e+000  0.000000e+000  0.000000e+000  0.000000e+000  0.000000e+000  0.000000e+000  
0.000000e+000  0.000000e+000  0.000000e+000  0.000000e+000  0.000000e+000  0.000000e+000  0.000000e+000  0.000000e+000  0.000000e+000  0.000000e+000  0.000000e+000  0.000000e+000  0.000000e+000  0.000000e+000  0.000000e+000  0.000000e+000  
0.000000e+000  0.000000e+000  0.000000e+000  0.000000e+000  0.000000e+000  0.000000e+000  0.000000e+000  0.000000e+000  0.000000e+000  0.000000e+000  0.000000e+000  0.000000e+000  0.000000e+000  0.000000e+000  0.000000e+000  0.000000e+000  
0.000000e+000  0.000000e+000  0.000000e+000  0.000000e+000  0.000000e+000  0.000000e+000  0.000000e+000  0.000000e+000  0.000000e+000  0.000000e+000  0.000000e+000  0.000000e+000  0.000000e+000  0.000000e+000  0.000000e+000  0.000000e+000  
0.000000e+000  0.000000e+000  0.000000e+000  0.000000e+000  0.000000e+000  0.000000e+000  0.000000e+000  0.000000e+000  0.000000e+000  0.000000e+000  0.000000e+000  0.000000e+000  0.000000e+000  0.000000e+000  0.000000e+000  0.000000e+000  
0.000000e+000  0.000000e+000  0.000000e+000  0.000000e+000  0.000000e+000  0.000000e+000  0.000000e+000  0.000000e+000  0.000000e+000  0.000000e+000  0.000000e+000  0.000000e+000  0.000000e+000  0.000000e+000  0.000000e+000  0.000000e+000  
0.000000e+000  0.000000e+000  0.000000e+000  0.000000e+000  0.000000e+000  0.000000e+000  0.000000e+000  0.000000e+000  0.000000e+000  0.000000e+000  0.000000e+000  0.000000e+000  0.000000e+000  0.000000e+000  0.000000e+000  0.000000e+000  
0.000000e+000  0.000000e+000  0.000000e+000  0.000000e+000  0.000000e+000  0.000000e+000  0.000000e+000  0.000000e+000  0.000000e+000  0.000000e+000  0.000000e+000  0.000000e+000  0.000000e+000  0.000000e+000  0.000000e+000  0.000000e+000  
0.000000e+000  0.000000e+000  0.000000e+000  0.000000e+000  0.000000e+000  0.000000e+000  0.000000e+000  0.000000e+000  0.000000e+000  0.000000e+000  0.000000e+000  0.000000e+000  0.000000e+000  0.000000e+000  0.000000e+000  0.000000e+000  
0.000000e+000  0.000000e+000  0.000000e+000  0.000000e+000  0.000000e+000  0.000000e+000  0.000000e+000  0.000000e+000  0.000000e+000  0.000000e+000  0.000000e+000  0.000000e+000  0.000000e+000  0.000000e+000  0.000000e+000  0.000000e+000  
0.000000e+000  0.000000e+000  0.000000e+000  0.000000e+000  0.000000e+000  0.000000e+000  0.000000e+000  0.000000e+000  0.000000e+000  0.000000e+000  0.000000e+000  0.000000e+000  0.000000e+000  0.000000e+000  0.000000e+000  0.000000e+000  
0.000000e+000  0.000000e+000  0.000000e+000  0.000000e+000  0.000000e+000  0.000000e+000  0.000000e+000  0.000000e+000  0.000000e+000  0.000000e+000  0.000000e+000  0.000000e+000  0.000000e+000  0.000000e+000  0.000000e+000  0.000000e+000  
0.000000e+000  0.000000e+000  0.000000e+000  0.000000e+000  0.000000e+000  0.000000e+000  0.000000e+000  0.000000e+000  0.000000e+000  0.000000e+000  0.000000e+000  0.000000e+000  0.000000e+000  0.000000e+000  0.000000e+000  0.000000e+000  
0.000000e+000  0.000000e+000  0.000000e+000  0.000000e+000  0.000000e+000  0.000000e+000  0.000000e+000  0.000000e+000  0.000000e+000  0.000000e+000  0.000000e+000  0.000000e+000  0.000000e+000  0.000000e+000  0.000000e+000  0.000000e+000  
0.000000e+000  0.000000e+000  0.000000e+000  0.000000e+000  0.000000e+000  0.000000e+000  0.000000e+000  0.000000e+000  0.000000e+000  0.000000e+000  0.000000e+000  0.000000e+000  0.000000e+000  0.000000e+000  0.000000e+000  0.000000e+000  
0.000000e+000  0.000000e+000  0.000000e+000  0.000000e+000  0.000000e+000  0.000000e+000  0.000000e+000  0.000000e+000  0.000000e+000  0.000000e+000  0.000000e+000  0.000000e+000  0.000000e+000  0.000000e+000  0.000000e+000  0.000000e+000  
0.000000e+000  0.000000e+000  0.000000e+000  0.000000e+000  0.000000e+000  0.000000e+000  0.000000e+000  0.000000e+000  0.000000e+000  0.000000e+000  0.000000e+000  0.000000e+000  0.000000e+000  0.000000e+000  0.000000e+000  0.000000e+000  
0.000000e+000  0.000000e+000  0.000000e+000  0.000000e+000  0.000000e+000  0.000000e+000  0.000000e+000  0.000000e+000  0.000000e+000  0.000000e+000  0.000000e+000  0.000000e+000  0.000000e+000  0.000000e+000  0.000000e+000  0.000000e+000  
0.000000e+000  0.000000e+000  0.000000e+000  0.000000e+000  0.000000e+000  0.000000e+000  0.000000e+000  0.000000e+000  0.000000e+000  0.000000e+000  0.000000e+000  0.000000e+000  0.000000e+000  0.000000e+000  0.000000e+000  0.000000e+000  
0.000000e+000  0.000000e+000  0.000000e+000  0.000000e+000  0.000000e+000  0.000000e+000  0.000000e+000  0.000000e+000  0.000000e+000  0.000000e+000  0.000000e+000  0.000000e+000  0.000000e+000  0.000000e+000  0.000000e+000  0.000000e+000  
0.000000e+000  0.000000e+000  0.000000e+000  0.000000e+000  0.000000e+000  0.000000e+000  0.000000e+000  0.000000e+000  0.000000e+000  0.000000e+000  0.000000e+000  0.000000e+000  0.000000e+000  0.000000e+000  0.000000e+000  0.000000e+000  
0.000000e+000  0.000000e+000  0.000000e+000  0.000000e+000  0.000000e+000  0.000000e+000  0.000000e+000  0.000000e+000  0.000000e+000  0.000000e+000  0.000000e+000  0.000000e+000  0.000000e+000  0.000000e+000  0.000000e+000  0.000000e+000  
0.000000e+000  0.000000e+000  0.000000e+000  0.000000e+000  0.000000e+000  0.000000e+000  0.000000e+000  0.000000e+000  0.000000e+000  0.000000e+000  0.000000e+000  0.000000e+000  0.000000e+000  0.000000e+000  0.000000e+000  0.000000e+000  
0.000000e+000  0.000000e+000  0.000000e+000  0.000000e+000  0.000000e+000  0.000000e+000  0.000000e+000  0.000000e+000  0.000000e+000  0.000000e+000  0.000000e+000  0.000000e+000  0.000000e+000  0.000000e+000  0.000000e+000  0.000000e+000  

