Port monitor named: Port2_h5.prt

nx        = 3
ny        = 18
nz        = 29

nu        = 16
nv        = 27
iu        = 2
iv        = 2

idir      = 0
dcut      = 5.114300e-001
icut      = 3
type      = 1
frequency = 2.200000e+009

fcutoff   = 4.244477e+009
alpha     = 7.605233e+001
beta      = 0.000000e+000
accuracy  = 7.679849e-010

type          = TM
wave imp.     = 6.214654e+002
wave imp.sig. = 2.916525e-005
line imp.     = 3.366109e+001

ref. port     = 0

0.000000e+000  0.000000e+000  0.000000e+000  0.000000e+000  0.000000e+000  0.000000e+000  0.000000e+000  0.000000e+000  0.000000e+000  0.000000e+000  0.000000e+000  0.000000e+000  0.000000e+000  0.000000e+000  0.000000e+000  0.000000e+000  
0.000000e+000  0.000000e+000  0.000000e+000  0.000000e+000  0.000000e+000  0.000000e+000  0.000000e+000  0.000000e+000  0.000000e+000  0.000000e+000  0.000000e+000  0.000000e+000  0.000000e+000  0.000000e+000  0.000000e+000  0.000000e+000  
0.000000e+000  0.000000e+000  0.000000e+000  0.000000e+000  0.000000e+000  0.000000e+000  0.000000e+000  0.000000e+000  0.000000e+000  0.000000e+000  0.000000e+000  0.000000e+000  0.000000e+000  0.000000e+000  0.000000e+000  0.000000e+000  
0.000000e+000  0.000000e+000  0.000000e+000  0.000000e+000  0.000000e+000  0.000000e+000  0.000000e+000  0.000000e+000  0.000000e+000  0.000000e+000  0.000000e+000  0.000000e+000  0.000000e+000  0.000000e+000  0.000000e+000  0.000000e+000  
0.000000e+000  0.000000e+000  0.000000e+000  0.000000e+000  0.000000e+000  0.000000e+000  0.000000e+000  0.000000e+000  0.000000e+000  0.000000e+000  0.000000e+000  0.000000e+000  0.000000e+000  0.000000e+000  0.000000e+000  0.000000e+000  
0.000000e+000  0.000000e+000  0.000000e+000  0.000000e+000  0.000000e+000  0.000000e+000  0.000000e+000  0.000000e+000  0.000000e+000  0.000000e+000  0.000000e+000  0.000000e+000  0.000000e+000  0.000000e+000  0.000000e+000  0.000000e+000  
0.000000e+000  0.000000e+000  0.000000e+000  0.000000e+000  0.000000e+000  0.000000e+000  0.000000e+000  0.000000e+000  0.000000e+000  0.000000e+000  0.000000e+000  0.000000e+000  0.000000e+000  0.000000e+000  0.000000e+000  0.000000e+000  
0.000000e+000  0.000000e+000  0.000000e+000  0.000000e+000  0.000000e+000  0.000000e+000  0.000000e+000  0.000000e+000  0.000000e+000  0.000000e+000  0.000000e+000  0.000000e+000  0.000000e+000  0.000000e+000  0.000000e+000  0.000000e+000  
0.000000e+000  0.000000e+000  0.000000e+000  0.000000e+000  0.000000e+000  0.000000e+000  0.000000e+000  0.000000e+000  0.000000e+000  0.000000e+000  0.000000e+000  0.000000e+000  0.000000e+000  0.000000e+000  0.000000e+000  0.000000e+000  
0.000000e+000  0.000000e+000  0.000000e+000  0.000000e+000  0.000000e+000  0.000000e+000  0.000000e+000  0.000000e+000  0.000000e+000  0.000000e+000  0.000000e+000  0.000000e+000  0.000000e+000  0.000000e+000  0.000000e+000  0.000000e+000  
0.000000e+000  0.000000e+000  0.000000e+000  0.000000e+000  0.000000e+000  0.000000e+000  0.000000e+000  0.000000e+000  0.000000e+000  0.000000e+000  0.000000e+000  0.000000e+000  0.000000e+000  0.000000e+000  0.000000e+000  0.000000e+000  
0.000000e+000  0.000000e+000  0.000000e+000  0.000000e+000  0.000000e+000  0.000000e+000  0.000000e+000  0.000000e+000  0.000000e+000  0.000000e+000  0.000000e+000  0.000000e+000  0.000000e+000  0.000000e+000  0.000000e+000  0.000000e+000  
0.000000e+000  0.000000e+000  0.000000e+000  0.000000e+000  0.000000e+000  0.000000e+000  0.000000e+000  0.000000e+000  0.000000e+000  0.000000e+000  0.000000e+000  0.000000e+000  0.000000e+000  0.000000e+000  0.000000e+000  0.000000e+000  
0.000000e+000  0.000000e+000  0.000000e+000  0.000000e+000  0.000000e+000  0.000000e+000  0.000000e+000  0.000000e+000  0.000000e+000  0.000000e+000  0.000000e+000  0.000000e+000  0.000000e+000  0.000000e+000  0.000000e+000  0.000000e+000  
0.000000e+000  0.000000e+000  0.000000e+000  0.000000e+000  0.000000e+000  0.000000e+000  0.000000e+000  0.000000e+000  0.000000e+000  0.000000e+000  0.000000e+000  0.000000e+000  0.000000e+000  0.000000e+000  0.000000e+000  0.000000e+000  
0.000000e+000  0.000000e+000  0.000000e+000  0.000000e+000  0.000000e+000  0.000000e+000  0.000000e+000  0.000000e+000  0.000000e+000  0.000000e+000  0.000000e+000  0.000000e+000  0.000000e+000  0.000000e+000  0.000000e+000  0.000000e+000  
0.000000e+000  0.000000e+000  0.000000e+000  0.000000e+000  0.000000e+000  0.000000e+000  0.000000e+000  0.000000e+000  0.000000e+000  0.000000e+000  0.000000e+000  0.000000e+000  0.000000e+000  0.000000e+000  0.000000e+000  0.000000e+000  
0.000000e+000  0.000000e+000  0.000000e+000  0.000000e+000  0.000000e+000  0.000000e+000  0.000000e+000  0.000000e+000  0.000000e+000  0.000000e+000  0.000000e+000  0.000000e+000  0.000000e+000  0.000000e+000  0.000000e+000  0.000000e+000  
0.000000e+000  0.000000e+000  0.000000e+000  0.000000e+000  0.000000e+000  0.000000e+000  0.000000e+000  0.000000e+000  0.000000e+000  0.000000e+000  0.000000e+000  0.000000e+000  0.000000e+000  0.000000e+000  0.000000e+000  0.000000e+000  
0.000000e+000  0.000000e+000  0.000000e+000  0.000000e+000  0.000000e+000  0.000000e+000  0.000000e+000  0.000000e+000  0.000000e+000  0.000000e+000  0.000000e+000  0.000000e+000  0.000000e+000  0.000000e+000  0.000000e+000  0.000000e+000  
0.000000e+000  0.000000e+000  0.000000e+000  0.000000e+000  0.000000e+000  0.000000e+000  0.000000e+000  0.000000e+000  0.000000e+000  0.000000e+000  0.000000e+000  0.000000e+000  0.000000e+000  0.000000e+000  0.000000e+000  0.000000e+000  
0.000000e+000  0.000000e+000  0.000000e+000  0.000000e+000  0.000000e+000  0.000000e+000  0.000000e+000  0.000000e+000  0.000000e+000  0.000000e+000  0.000000e+000  0.000000e+000  0.000000e+000  0.000000e+000  0.000000e+000  0.000000e+000  
0.000000e+000  0.000000e+000  0.000000e+000  0.000000e+000  0.000000e+000  0.000000e+000  0.000000e+000  0.000000e+000  0.000000e+000  0.000000e+000  0.000000e+000  0.000000e+000  0.000000e+000  0.000000e+000  0.000000e+000  0.000000e+000  
0.000000e+000  0.000000e+000  0.000000e+000  0.000000e+000  0.000000e+000  0.000000e+000  0.000000e+000  0.000000e+000  0.000000e+000  0.000000e+000  0.000000e+000  0.000000e+000  0.000000e+000  0.000000e+000  0.000000e+000  0.000000e+000  
0.000000e+000  0.000000e+000  0.000000e+000  0.000000e+000  0.000000e+000  0.000000e+000  0.000000e+000  0.000000e+000  0.000000e+000  0.000000e+000  0.000000e+000  0.000000e+000  0.000000e+000  0.000000e+000  0.000000e+000  0.000000e+000  
0.000000e+000  0.000000e+000  0.000000e+000  0.000000e+000  0.000000e+000  0.000000e+000  0.000000e+000  0.000000e+000  0.000000e+000  0.000000e+000  0.000000e+000  0.000000e+000  0.000000e+000  0.000000e+000  0.000000e+000  0.000000e+000  
0.000000e+000  0.000000e+000  0.000000e+000  0.000000e+000  0.000000e+000  0.000000e+000  0.000000e+000  0.000000e+000  0.000000e+000  0.000000e+000  0.000000e+000  0.000000e+000  0.000000e+000  0.000000e+000  0.000000e+000  0.000000e+000  

0.000000e+000  0.000000e+000  0.000000e+000  0.000000e+000  0.000000e+000  0.000000e+000  0.000000e+000  0.000000e+000  0.000000e+000  0.000000e+000  0.000000e+000  0.000000e+000  0.000000e+000  0.000000e+000  0.000000e+000  0.000000e+000  
0.000000e+000  0.000000e+000  0.000000e+000  0.000000e+000  0.000000e+000  0.000000e+000  0.000000e+000  0.000000e+000  0.000000e+000  0.000000e+000  0.000000e+000  0.000000e+000  0.000000e+000  0.000000e+000  0.000000e+000  0.000000e+000  
0.000000e+000  0.000000e+000  0.000000e+000  0.000000e+000  0.000000e+000  0.000000e+000  0.000000e+000  0.000000e+000  0.000000e+000  0.000000e+000  0.000000e+000  0.000000e+000  0.000000e+000  0.000000e+000  0.000000e+000  0.000000e+000  
0.000000e+000  0.000000e+000  0.000000e+000  0.000000e+000  0.000000e+000  0.000000e+000  0.000000e+000  0.000000e+000  0.000000e+000  0.000000e+000  0.000000e+000  0.000000e+000  0.000000e+000  0.000000e+000  0.000000e+000  0.000000e+000  
0.000000e+000  0.000000e+000  0.000000e+000  0.000000e+000  0.000000e+000  0.000000e+000  0.000000e+000  0.000000e+000  0.000000e+000  0.000000e+000  0.000000e+000  0.000000e+000  0.000000e+000  0.000000e+000  0.000000e+000  0.000000e+000  
0.000000e+000  0.000000e+000  0.000000e+000  0.000000e+000  0.000000e+000  0.000000e+000  0.000000e+000  0.000000e+000  0.000000e+000  0.000000e+000  0.000000e+000  0.000000e+000  0.000000e+000  0.000000e+000  0.000000e+000  0.000000e+000  
0.000000e+000  0.000000e+000  0.000000e+000  0.000000e+000  0.000000e+000  0.000000e+000  0.000000e+000  0.000000e+000  0.000000e+000  0.000000e+000  0.000000e+000  0.000000e+000  0.000000e+000  0.000000e+000  0.000000e+000  0.000000e+000  
0.000000e+000  0.000000e+000  0.000000e+000  0.000000e+000  0.000000e+000  0.000000e+000  0.000000e+000  0.000000e+000  0.000000e+000  0.000000e+000  0.000000e+000  0.000000e+000  0.000000e+000  0.000000e+000  0.000000e+000  0.000000e+000  
0.000000e+000  0.000000e+000  0.000000e+000  0.000000e+000  0.000000e+000  0.000000e+000  0.000000e+000  0.000000e+000  0.000000e+000  0.000000e+000  0.000000e+000  0.000000e+000  0.000000e+000  0.000000e+000  0.000000e+000  0.000000e+000  
0.000000e+000  0.000000e+000  0.000000e+000  0.000000e+000  0.000000e+000  0.000000e+000  0.000000e+000  0.000000e+000  0.000000e+000  0.000000e+000  0.000000e+000  0.000000e+000  0.000000e+000  0.000000e+000  0.000000e+000  0.000000e+000  
0.000000e+000  0.000000e+000  0.000000e+000  0.000000e+000  0.000000e+000  0.000000e+000  0.000000e+000  0.000000e+000  0.000000e+000  0.000000e+000  0.000000e+000  0.000000e+000  0.000000e+000  0.000000e+000  0.000000e+000  0.000000e+000  
0.000000e+000  0.000000e+000  0.000000e+000  0.000000e+000  0.000000e+000  0.000000e+000  0.000000e+000  0.000000e+000  0.000000e+000  0.000000e+000  0.000000e+000  0.000000e+000  0.000000e+000  0.000000e+000  0.000000e+000  0.000000e+000  
0.000000e+000  0.000000e+000  0.000000e+000  0.000000e+000  0.000000e+000  0.000000e+000  0.000000e+000  0.000000e+000  0.000000e+000  0.000000e+000  0.000000e+000  0.000000e+000  0.000000e+000  0.000000e+000  0.000000e+000  0.000000e+000  
0.000000e+000  0.000000e+000  0.000000e+000  0.000000e+000  0.000000e+000  0.000000e+000  0.000000e+000  0.000000e+000  0.000000e+000  0.000000e+000  0.000000e+000  0.000000e+000  0.000000e+000  0.000000e+000  0.000000e+000  0.000000e+000  
0.000000e+000  0.000000e+000  0.000000e+000  0.000000e+000  0.000000e+000  0.000000e+000  0.000000e+000  0.000000e+000  0.000000e+000  0.000000e+000  0.000000e+000  0.000000e+000  0.000000e+000  0.000000e+000  0.000000e+000  0.000000e+000  
0.000000e+000  0.000000e+000  0.000000e+000  0.000000e+000  0.000000e+000  0.000000e+000  0.000000e+000  0.000000e+000  0.000000e+000  0.000000e+000  0.000000e+000  0.000000e+000  0.000000e+000  0.000000e+000  0.000000e+000  0.000000e+000  
0.000000e+000  0.000000e+000  0.000000e+000  0.000000e+000  0.000000e+000  0.000000e+000  0.000000e+000  0.000000e+000  0.000000e+000  0.000000e+000  0.000000e+000  0.000000e+000  0.000000e+000  0.000000e+000  0.000000e+000  0.000000e+000  
0.000000e+000  0.000000e+000  0.000000e+000  0.000000e+000  0.000000e+000  0.000000e+000  0.000000e+000  0.000000e+000  0.000000e+000  0.000000e+000  0.000000e+000  0.000000e+000  0.000000e+000  0.000000e+000  0.000000e+000  0.000000e+000  
0.000000e+000  0.000000e+000  0.000000e+000  0.000000e+000  0.000000e+000  0.000000e+000  0.000000e+000  0.000000e+000  0.000000e+000  0.000000e+000  0.000000e+000  0.000000e+000  0.000000e+000  0.000000e+000  0.000000e+000  0.000000e+000  
0.000000e+000  0.000000e+000  0.000000e+000  0.000000e+000  0.000000e+000  0.000000e+000  0.000000e+000  0.000000e+000  0.000000e+000  0.000000e+000  0.000000e+000  0.000000e+000  0.000000e+000  0.000000e+000  0.000000e+000  0.000000e+000  
0.000000e+000  0.000000e+000  0.000000e+000  0.000000e+000  0.000000e+000  0.000000e+000  0.000000e+000  0.000000e+000  0.000000e+000  0.000000e+000  0.000000e+000  0.000000e+000  0.000000e+000  0.000000e+000  0.000000e+000  0.000000e+000  
0.000000e+000  0.000000e+000  0.000000e+000  0.000000e+000  0.000000e+000  0.000000e+000  0.000000e+000  0.000000e+000  0.000000e+000  0.000000e+000  0.000000e+000  0.000000e+000  0.000000e+000  0.000000e+000  0.000000e+000  0.000000e+000  
0.000000e+000  0.000000e+000  0.000000e+000  0.000000e+000  0.000000e+000  0.000000e+000  0.000000e+000  0.000000e+000  0.000000e+000  0.000000e+000  0.000000e+000  0.000000e+000  0.000000e+000  0.000000e+000  0.000000e+000  0.000000e+000  
0.000000e+000  0.000000e+000  0.000000e+000  0.000000e+000  0.000000e+000  0.000000e+000  0.000000e+000  0.000000e+000  0.000000e+000  0.000000e+000  0.000000e+000  0.000000e+000  0.000000e+000  0.000000e+000  0.000000e+000  0.000000e+000  
0.000000e+000  0.000000e+000  0.000000e+000  0.000000e+000  0.000000e+000  0.000000e+000  0.000000e+000  0.000000e+000  0.000000e+000  0.000000e+000  0.000000e+000  0.000000e+000  0.000000e+000  0.000000e+000  0.000000e+000  0.000000e+000  
0.000000e+000  0.000000e+000  0.000000e+000  0.000000e+000  0.000000e+000  0.000000e+000  0.000000e+000  0.000000e+000  0.000000e+000  0.000000e+000  0.000000e+000  0.000000e+000  0.000000e+000  0.000000e+000  0.000000e+000  0.000000e+000  
0.000000e+000  0.000000e+000  0.000000e+000  0.000000e+000  0.000000e+000  0.000000e+000  0.000000e+000  0.000000e+000  0.000000e+000  0.000000e+000  0.000000e+000  0.000000e+000  0.000000e+000  0.000000e+000  0.000000e+000  0.000000e+000  

0.000000e+000  0.000000e+000  0.000000e+000  0.000000e+000  0.000000e+000  0.000000e+000  0.000000e+000  0.000000e+000  0.000000e+000  0.000000e+000  0.000000e+000  0.000000e+000  0.000000e+000  0.000000e+000  0.000000e+000  0.000000e+000  
0.000000e+000  0.000000e+000  0.000000e+000  0.000000e+000  0.000000e+000  0.000000e+000  0.000000e+000  0.000000e+000  0.000000e+000  0.000000e+000  0.000000e+000  0.000000e+000  0.000000e+000  0.000000e+000  0.000000e+000  0.000000e+000  
0.000000e+000  0.000000e+000  0.000000e+000  0.000000e+000  0.000000e+000  0.000000e+000  0.000000e+000  0.000000e+000  0.000000e+000  0.000000e+000  0.000000e+000  0.000000e+000  0.000000e+000  0.000000e+000  0.000000e+000  0.000000e+000  
0.000000e+000  0.000000e+000  0.000000e+000  0.000000e+000  0.000000e+000  0.000000e+000  0.000000e+000  0.000000e+000  0.000000e+000  0.000000e+000  0.000000e+000  0.000000e+000  0.000000e+000  0.000000e+000  0.000000e+000  0.000000e+000  
0.000000e+000  0.000000e+000  0.000000e+000  0.000000e+000  0.000000e+000  0.000000e+000  0.000000e+000  0.000000e+000  0.000000e+000  0.000000e+000  0.000000e+000  0.000000e+000  0.000000e+000  0.000000e+000  0.000000e+000  0.000000e+000  
0.000000e+000  0.000000e+000  0.000000e+000  0.000000e+000  0.000000e+000  0.000000e+000  0.000000e+000  0.000000e+000  0.000000e+000  0.000000e+000  0.000000e+000  0.000000e+000  0.000000e+000  0.000000e+000  0.000000e+000  0.000000e+000  
0.000000e+000  0.000000e+000  0.000000e+000  0.000000e+000  0.000000e+000  0.000000e+000  0.000000e+000  0.000000e+000  0.000000e+000  0.000000e+000  0.000000e+000  0.000000e+000  0.000000e+000  0.000000e+000  0.000000e+000  0.000000e+000  
0.000000e+000  0.000000e+000  0.000000e+000  0.000000e+000  0.000000e+000  0.000000e+000  0.000000e+000  0.000000e+000  0.000000e+000  0.000000e+000  0.000000e+000  0.000000e+000  0.000000e+000  0.000000e+000  0.000000e+000  0.000000e+000  
0.000000e+000  0.000000e+000  0.000000e+000  0.000000e+000  0.000000e+000  0.000000e+000  0.000000e+000  0.000000e+000  0.000000e+000  0.000000e+000  0.000000e+000  0.000000e+000  0.000000e+000  0.000000e+000  0.000000e+000  0.000000e+000  
0.000000e+000  0.000000e+000  0.000000e+000  0.000000e+000  0.000000e+000  0.000000e+000  0.000000e+000  0.000000e+000  0.000000e+000  0.000000e+000  0.000000e+000  0.000000e+000  0.000000e+000  0.000000e+000  0.000000e+000  0.000000e+000  
0.000000e+000  0.000000e+000  0.000000e+000  0.000000e+000  0.000000e+000  0.000000e+000  0.000000e+000  0.000000e+000  0.000000e+000  0.000000e+000  0.000000e+000  0.000000e+000  0.000000e+000  0.000000e+000  0.000000e+000  0.000000e+000  
0.000000e+000  0.000000e+000  0.000000e+000  0.000000e+000  0.000000e+000  0.000000e+000  0.000000e+000  0.000000e+000  0.000000e+000  0.000000e+000  0.000000e+000  0.000000e+000  0.000000e+000  0.000000e+000  0.000000e+000  0.000000e+000  
0.000000e+000  0.000000e+000  0.000000e+000  0.000000e+000  0.000000e+000  0.000000e+000  0.000000e+000  0.000000e+000  0.000000e+000  0.000000e+000  0.000000e+000  0.000000e+000  0.000000e+000  0.000000e+000  0.000000e+000  0.000000e+000  
0.000000e+000  0.000000e+000  0.000000e+000  0.000000e+000  0.000000e+000  0.000000e+000  0.000000e+000  0.000000e+000  0.000000e+000  0.000000e+000  0.000000e+000  0.000000e+000  0.000000e+000  0.000000e+000  0.000000e+000  0.000000e+000  
0.000000e+000  0.000000e+000  0.000000e+000  0.000000e+000  0.000000e+000  0.000000e+000  0.000000e+000  0.000000e+000  0.000000e+000  0.000000e+000  0.000000e+000  0.000000e+000  0.000000e+000  0.000000e+000  0.000000e+000  0.000000e+000  
0.000000e+000  0.000000e+000  0.000000e+000  0.000000e+000  0.000000e+000  0.000000e+000  0.000000e+000  0.000000e+000  0.000000e+000  0.000000e+000  0.000000e+000  0.000000e+000  0.000000e+000  0.000000e+000  0.000000e+000  0.000000e+000  
0.000000e+000  0.000000e+000  0.000000e+000  0.000000e+000  0.000000e+000  0.000000e+000  0.000000e+000  0.000000e+000  0.000000e+000  0.000000e+000  0.000000e+000  0.000000e+000  0.000000e+000  0.000000e+000  0.000000e+000  0.000000e+000  
0.000000e+000  0.000000e+000  0.000000e+000  0.000000e+000  0.000000e+000  0.000000e+000  0.000000e+000  0.000000e+000  0.000000e+000  0.000000e+000  0.000000e+000  0.000000e+000  0.000000e+000  0.000000e+000  0.000000e+000  0.000000e+000  
0.000000e+000  0.000000e+000  0.000000e+000  0.000000e+000  0.000000e+000  0.000000e+000  0.000000e+000  0.000000e+000  0.000000e+000  0.000000e+000  0.000000e+000  0.000000e+000  0.000000e+000  0.000000e+000  0.000000e+000  0.000000e+000  
0.000000e+000  0.000000e+000  0.000000e+000  0.000000e+000  0.000000e+000  0.000000e+000  0.000000e+000  0.000000e+000  0.000000e+000  0.000000e+000  0.000000e+000  0.000000e+000  0.000000e+000  0.000000e+000  0.000000e+000  0.000000e+000  
0.000000e+000  0.000000e+000  0.000000e+000  0.000000e+000  0.000000e+000  0.000000e+000  0.000000e+000  0.000000e+000  0.000000e+000  0.000000e+000  0.000000e+000  0.000000e+000  0.000000e+000  0.000000e+000  0.000000e+000  0.000000e+000  
0.000000e+000  0.000000e+000  0.000000e+000  0.000000e+000  0.000000e+000  0.000000e+000  0.000000e+000  0.000000e+000  0.000000e+000  0.000000e+000  0.000000e+000  0.000000e+000  0.000000e+000  0.000000e+000  0.000000e+000  0.000000e+000  
0.000000e+000  0.000000e+000  0.000000e+000  0.000000e+000  0.000000e+000  0.000000e+000  0.000000e+000  0.000000e+000  0.000000e+000  0.000000e+000  0.000000e+000  0.000000e+000  0.000000e+000  0.000000e+000  0.000000e+000  0.000000e+000  
0.000000e+000  0.000000e+000  0.000000e+000  0.000000e+000  0.000000e+000  0.000000e+000  0.000000e+000  0.000000e+000  0.000000e+000  0.000000e+000  0.000000e+000  0.000000e+000  0.000000e+000  0.000000e+000  0.000000e+000  0.000000e+000  
0.000000e+000  0.000000e+000  0.000000e+000  0.000000e+000  0.000000e+000  0.000000e+000  0.000000e+000  0.000000e+000  0.000000e+000  0.000000e+000  0.000000e+000  0.000000e+000  0.000000e+000  0.000000e+000  0.000000e+000  0.000000e+000  
0.000000e+000  0.000000e+000  0.000000e+000  0.000000e+000  0.000000e+000  0.000000e+000  0.000000e+000  0.000000e+000  0.000000e+000  0.000000e+000  0.000000e+000  0.000000e+000  0.000000e+000  0.000000e+000  0.000000e+000  0.000000e+000  
0.000000e+000  0.000000e+000  0.000000e+000  0.000000e+000  0.000000e+000  0.000000e+000  0.000000e+000  0.000000e+000  0.000000e+000  0.000000e+000  0.000000e+000  0.000000e+000  0.000000e+000  0.000000e+000  0.000000e+000  0.000000e+000  

0.000000e+000  6.274406e-002  1.244758e-001  1.841993e-001  2.409510e-001  2.938153e-001  3.419391e-001  3.889709e-001  4.282440e-001  4.589751e-001  4.947955e-001  3.888852e-001  1.989596e-001  1.348863e-001  6.812257e-002  0.000000e+000  
0.000000e+000  6.254102e-002  1.240730e-001  1.836033e-001  2.401713e-001  2.928645e-001  3.408326e-001  3.877121e-001  4.268582e-001  4.574898e-001  4.931944e-001  3.876267e-001  1.983157e-001  1.344498e-001  6.790213e-002  0.000000e+000  
0.000000e+000  6.213559e-002  1.232687e-001  1.824130e-001  2.386144e-001  2.909660e-001  3.386232e-001  3.851988e-001  4.240910e-001  4.545241e-001  4.899972e-001  3.851139e-001  1.970302e-001  1.335783e-001  6.746195e-002  0.000000e+000  
0.000000e+000  6.069789e-002  1.204165e-001  1.781923e-001  2.330933e-001  2.842335e-001  3.307880e-001  3.762860e-001  4.142783e-001  4.440073e-001  4.786596e-001  3.762031e-001  1.924712e-001  1.304875e-001  6.590100e-002  0.000000e+000  
0.000000e+000  5.530855e-002  1.097248e-001  1.623707e-001  2.123970e-001  2.589966e-001  3.014175e-001  3.428757e-001  3.774948e-001  4.045841e-001  4.361596e-001  3.428002e-001  1.753818e-001  1.189016e-001  6.004969e-002  0.000000e+000  
0.000000e+000  4.624619e-002  9.174626e-002  1.357661e-001  1.775956e-001  2.165597e-001  2.520299e-001  2.866952e-001  3.156419e-001  3.382926e-001  3.646944e-001  2.866320e-001  1.466453e-001  9.941944e-002  5.021048e-002  0.000000e+000  
0.000000e+000  3.442324e-002  6.829111e-002  1.010572e-001  1.321928e-001  1.611957e-001  1.875979e-001  2.134009e-001  2.349473e-001  2.518073e-001  2.714594e-001  2.133539e-001  1.091551e-001  7.400262e-002  3.737405e-002  0.000000e+000  
0.000000e+000  2.144037e-002  4.253483e-002  6.294304e-002  8.233574e-002  1.004001e-001  1.168445e-001  1.329158e-001  1.463359e-001  1.568371e-001  1.690774e-001  1.328866e-001  6.798680e-002  4.609222e-002  2.327827e-002  0.000000e+000  
0.000000e+000  1.316551e-002  2.611861e-002  3.865033e-002  5.055846e-002  6.165090e-002  7.174868e-002  8.161728e-002  8.985791e-002  9.630618e-002  1.038223e-001  8.159929e-002  4.174746e-002  2.830304e-002  1.429408e-002  0.000000e+000  
0.000000e+000  9.632159e-003  1.910891e-002  2.827736e-002  3.698961e-002  4.510505e-002  5.249280e-002  5.971288e-002  6.574189e-002  7.045958e-002  7.595856e-002  5.969971e-002  3.054330e-002  2.070709e-002  1.045785e-002  0.000000e+000  
0.000000e+000  6.067629e-003  1.203737e-002  1.781291e-002  2.330104e-002  2.841327e-002  3.306704e-002  3.761525e-002  4.141313e-002  4.438498e-002  4.784897e-002  3.760694e-002  1.924032e-002  1.304414e-002  6.587765e-003  0.000000e+000  
0.000000e+000  3.208202e-003  6.364657e-003  9.418394e-003  1.232021e-002  1.502321e-002  1.748392e-002  1.988868e-002  2.189680e-002  2.346811e-002  2.529968e-002  1.988430e-002  1.017312e-002  6.896942e-003  3.483217e-003  0.000000e+000  
0.000000e+000  1.069821e-003  2.122342e-003  3.140669e-003  4.108298e-003  5.009682e-003  5.830172e-003  6.632108e-003  7.301714e-003  7.825718e-003  8.436448e-003  6.630646e-003  3.392350e-003  2.299867e-003  1.161515e-003  0.000000e+000  
0.000000e+000  -1.069822e-003  -2.122360e-003  -3.140663e-003  -4.108301e-003  -5.009675e-003  -5.830184e-003  -6.632102e-003  -7.301723e-003  -7.825703e-003  -8.436447e-003  -6.630656e-003  -3.392349e-003  -2.299856e-003  -1.161511e-003  0.000000e+000  
0.000000e+000  -3.208196e-003  -6.364637e-003  -9.418404e-003  -1.232020e-002  -1.502322e-002  -1.748390e-002  -1.988869e-002  -2.189678e-002  -2.346812e-002  -2.529967e-002  -1.988428e-002  -1.017312e-002  -6.896961e-003  -3.483225e-003  0.000000e+000  
0.000000e+000  -6.067636e-003  -1.203737e-002  -1.781290e-002  -2.330104e-002  -2.841326e-002  -3.306705e-002  -3.761524e-002  -4.141314e-002  -4.438498e-002  -4.784897e-002  -3.760694e-002  -1.924032e-002  -1.304413e-002  -6.587764e-003  0.000000e+000  
0.000000e+000  -9.632154e-003  -1.910891e-002  -2.827737e-002  -3.698960e-002  -4.510506e-002  -5.249280e-002  -5.971288e-002  -6.574189e-002  -7.045958e-002  -7.595856e-002  -5.969971e-002  -3.054330e-002  -2.070709e-002  -1.045784e-002  0.000000e+000  
0.000000e+000  -1.316551e-002  -2.611861e-002  -3.865032e-002  -5.055846e-002  -6.165090e-002  -7.174868e-002  -8.161728e-002  -8.985791e-002  -9.630618e-002  -1.038223e-001  -8.159929e-002  -4.174746e-002  -2.830304e-002  -1.429408e-002  0.000000e+000  
0.000000e+000  -2.144037e-002  -4.253483e-002  -6.294304e-002  -8.233574e-002  -1.004001e-001  -1.168445e-001  -1.329158e-001  -1.463359e-001  -1.568371e-001  -1.690774e-001  -1.328866e-001  -6.798680e-002  -4.609222e-002  -2.327827e-002  0.000000e+000  
0.000000e+000  -3.442324e-002  -6.829111e-002  -1.010572e-001  -1.321928e-001  -1.611957e-001  -1.875979e-001  -2.134009e-001  -2.349473e-001  -2.518073e-001  -2.714594e-001  -2.133539e-001  -1.091551e-001  -7.400261e-002  -3.737405e-002  0.000000e+000  
0.000000e+000  -4.624619e-002  -9.174625e-002  -1.357661e-001  -1.775956e-001  -2.165597e-001  -2.520299e-001  -2.866952e-001  -3.156419e-001  -3.382926e-001  -3.646944e-001  -2.866320e-001  -1.466453e-001  -9.941944e-002  -5.021048e-002  0.000000e+000  
0.000000e+000  -5.530855e-002  -1.097248e-001  -1.623707e-001  -2.123970e-001  -2.589966e-001  -3.014175e-001  -3.428757e-001  -3.774948e-001  -4.045841e-001  -4.361596e-001  -3.428002e-001  -1.753818e-001  -1.189016e-001  -6.004969e-002  0.000000e+000  
0.000000e+000  -6.069789e-002  -1.204165e-001  -1.781923e-001  -2.330933e-001  -2.842335e-001  -3.307880e-001  -3.762860e-001  -4.142783e-001  -4.440073e-001  -4.786596e-001  -3.762031e-001  -1.924712e-001  -1.304875e-001  -6.590100e-002  0.000000e+000  
0.000000e+000  -6.213559e-002  -1.232687e-001  -1.824130e-001  -2.386144e-001  -2.909660e-001  -3.386232e-001  -3.851988e-001  -4.240910e-001  -4.545241e-001  -4.899972e-001  -3.851139e-001  -1.970302e-001  -1.335783e-001  -6.746195e-002  0.000000e+000  
0.000000e+000  -6.254102e-002  -1.240730e-001  -1.836032e-001  -2.401713e-001  -2.928645e-001  -3.408326e-001  -3.877121e-001  -4.268582e-001  -4.574898e-001  -4.931944e-001  -3.876267e-001  -1.983157e-001  -1.344498e-001  -6.790213e-002  0.000000e+000  
0.000000e+000  -6.274406e-002  -1.244758e-001  -1.841993e-001  -2.409510e-001  -2.938153e-001  -3.419391e-001  -3.889709e-001  -4.282440e-001  -4.589751e-001  -4.947955e-001  -3.888852e-001  -1.989596e-001  -1.348863e-001  -6.812257e-002  0.000000e+000  
0.000000e+000  0.000000e+000  0.000000e+000  0.000000e+000  0.000000e+000  0.000000e+000  0.000000e+000  0.000000e+000  0.000000e+000  0.000000e+000  0.000000e+000  0.000000e+000  0.000000e+000  0.000000e+000  0.000000e+000  0.000000e+000  

0.000000e+000  0.000000e+000  0.000000e+000  0.000000e+000  0.000000e+000  0.000000e+000  0.000000e+000  0.000000e+000  0.000000e+000  0.000000e+000  0.000000e+000  0.000000e+000  0.000000e+000  0.000000e+000  0.000000e+000  0.000000e+000  
-7.048808e-002  -6.935084e-002  -6.709472e-002  -6.375611e-002  -5.938888e-002  -5.406348e-002  -4.751908e-002  -3.968008e-002  -3.104961e-002  -1.053217e-002  2.663310e-002  5.584320e-002  6.473723e-002  6.745562e-002  6.882850e-002  0.000000e+000  
-1.407481e-001  -1.384773e-001  -1.339723e-001  -1.273059e-001  -1.185856e-001  -1.079520e-001  -9.488439e-002  -7.923176e-002  -6.199874e-002  -2.103026e-002  5.318002e-002  1.115057e-001  1.292650e-001  1.346929e-001  1.374343e-001  0.000000e+000  
-2.105526e-001  -2.071556e-001  -2.004164e-001  -1.904437e-001  -1.773985e-001  -1.614912e-001  -1.419427e-001  -1.185270e-001  -9.274725e-002  -3.146030e-002  7.955484e-002  1.668073e-001  1.933744e-001  2.014944e-001  2.055953e-001  0.000000e+000  
-4.656505e-001  -4.581378e-001  -4.432337e-001  -4.211785e-001  -3.923282e-001  -3.571481e-001  -3.139152e-001  -2.621301e-001  -2.051164e-001  -6.957645e-002  1.759406e-001  3.689051e-001  4.276599e-001  4.456178e-001  4.546872e-001  0.000000e+000  
-7.325162e-001  -7.206980e-001  -6.972523e-001  -6.625572e-001  -6.171727e-001  -5.618308e-001  -4.938210e-001  -4.123577e-001  -3.226693e-001  -1.094509e-001  2.767727e-001  5.803257e-001  6.727530e-001  7.010027e-001  7.152698e-001  0.000000e+000  
-9.556558e-001  -9.402375e-001  -9.096497e-001  -8.643858e-001  -8.051762e-001  -7.329761e-001  -6.442491e-001  -5.379704e-001  -4.209610e-001  -1.427919e-001  3.610834e-001  7.571049e-001  8.776875e-001  9.145425e-001  9.331557e-001  0.000000e+000  
-1.121749e+000  -1.103651e+000  -1.067747e+000  -1.014616e+000  -9.451161e-001  -8.603676e-001  -7.562199e-001  -6.314698e-001  -4.941242e-001  -1.676092e-001  4.238399e-001  8.886900e-001  1.030230e+000  1.073490e+000  1.095339e+000  0.000000e+000  
-1.211858e+000  -1.192306e+000  -1.153518e+000  -1.096119e+000  -1.021036e+000  -9.294797e-001  -8.169659e-001  -6.821949e-001  -5.338165e-001  -1.810730e-001  4.578863e-001  9.600772e-001  1.112987e+000  1.159722e+000  1.183326e+000  0.000000e+000  
-1.226648e+000  -1.206858e+000  -1.167596e+000  -1.109497e+000  -1.033497e+000  -9.408237e-001  -8.269367e-001  -6.905209e-001  -5.403316e-001  -1.832830e-001  4.634747e-001  9.717947e-001  1.126571e+000  1.173877e+000  1.197768e+000  0.000000e+000  
-1.237469e+000  -1.217504e+000  -1.177896e+000  -1.119284e+000  -1.042614e+000  -9.491233e-001  -8.342316e-001  -6.966124e-001  -5.450982e-001  -1.848998e-001  4.675633e-001  9.803675e-001  1.136509e+000  1.184232e+000  1.208334e+000  0.000000e+000  
-1.244285e+000  -1.224211e+000  -1.184384e+000  -1.125450e+000  -1.048358e+000  -9.543515e-001  -8.388269e-001  -7.004496e-001  -5.481008e-001  -1.859183e-001  4.701388e-001  9.857678e-001  1.142769e+000  1.190755e+000  1.214990e+000  0.000000e+000  
-1.246432e+000  -1.226322e+000  -1.186428e+000  -1.127391e+000  -1.050166e+000  -9.559979e-001  -8.402740e-001  -7.016580e-001  -5.490463e-001  -1.862391e-001  4.709499e-001  9.874684e-001  1.144741e+000  1.192809e+000  1.217086e+000  0.000000e+000  
-1.247148e+000  -1.227027e+000  -1.187109e+000  -1.128039e+000  -1.050769e+000  -9.565469e-001  -8.407566e-001  -7.020609e-001  -5.493617e-001  -1.863460e-001  4.712204e-001  9.880355e-001  1.145398e+000  1.193494e+000  1.217785e+000  0.000000e+000  
-1.246432e+000  -1.226322e+000  -1.186428e+000  -1.127391e+000  -1.050166e+000  -9.559979e-001  -8.402740e-001  -7.016580e-001  -5.490464e-001  -1.862391e-001  4.709499e-001  9.874684e-001  1.144741e+000  1.192809e+000  1.217086e+000  0.000000e+000  
-1.244285e+000  -1.224211e+000  -1.184384e+000  -1.125450e+000  -1.048358e+000  -9.543515e-001  -8.388269e-001  -7.004496e-001  -5.481008e-001  -1.859183e-001  4.701388e-001  9.857678e-001  1.142769e+000  1.190755e+000  1.214990e+000  0.000000e+000  
-1.237469e+000  -1.217504e+000  -1.177896e+000  -1.119284e+000  -1.042614e+000  -9.491233e-001  -8.342316e-001  -6.966124e-001  -5.450982e-001  -1.848998e-001  4.675633e-001  9.803675e-001  1.136509e+000  1.184232e+000  1.208334e+000  0.000000e+000  
-1.226648e+000  -1.206858e+000  -1.167596e+000  -1.109497e+000  -1.033497e+000  -9.408237e-001  -8.269367e-001  -6.905209e-001  -5.403316e-001  -1.832830e-001  4.634747e-001  9.717947e-001  1.126571e+000  1.173877e+000  1.197768e+000  0.000000e+000  
-1.211858e+000  -1.192306e+000  -1.153518e+000  -1.096119e+000  -1.021036e+000  -9.294797e-001  -8.169659e-001  -6.821949e-001  -5.338165e-001  -1.810730e-001  4.578863e-001  9.600772e-001  1.112987e+000  1.159722e+000  1.183326e+000  0.000000e+000  
-1.121749e+000  -1.103651e+000  -1.067747e+000  -1.014616e+000  -9.451161e-001  -8.603676e-001  -7.562199e-001  -6.314698e-001  -4.941242e-001  -1.676092e-001  4.238399e-001  8.886900e-001  1.030230e+000  1.073490e+000  1.095339e+000  0.000000e+000  
-9.556558e-001  -9.402375e-001  -9.096497e-001  -8.643858e-001  -8.051762e-001  -7.329761e-001  -6.442491e-001  -5.379704e-001  -4.209610e-001  -1.427919e-001  3.610834e-001  7.571049e-001  8.776875e-001  9.145425e-001  9.331557e-001  0.000000e+000  
-7.325162e-001  -7.206980e-001  -6.972523e-001  -6.625572e-001  -6.171727e-001  -5.618308e-001  -4.938210e-001  -4.123577e-001  -3.226693e-001  -1.094509e-001  2.767727e-001  5.803257e-001  6.727530e-001  7.010027e-001  7.152698e-001  0.000000e+000  
-4.656505e-001  -4.581378e-001  -4.432337e-001  -4.211785e-001  -3.923282e-001  -3.571481e-001  -3.139152e-001  -2.621301e-001  -2.051164e-001  -6.957645e-002  1.759406e-001  3.689051e-001  4.276599e-001  4.456178e-001  4.546872e-001  0.000000e+000  
-2.105526e-001  -2.071556e-001  -2.004164e-001  -1.904437e-001  -1.773985e-001  -1.614912e-001  -1.419426e-001  -1.185270e-001  -9.274725e-002  -3.146030e-002  7.955484e-002  1.668073e-001  1.933744e-001  2.014944e-001  2.055953e-001  0.000000e+000  
-1.407481e-001  -1.384773e-001  -1.339723e-001  -1.273059e-001  -1.185856e-001  -1.079520e-001  -9.488439e-002  -7.923176e-002  -6.199874e-002  -2.103026e-002  5.318002e-002  1.115057e-001  1.292650e-001  1.346929e-001  1.374343e-001  0.000000e+000  
-7.048808e-002  -6.935084e-002  -6.709472e-002  -6.375611e-002  -5.938888e-002  -5.406348e-002  -4.751908e-002  -3.968008e-002  -3.104961e-002  -1.053217e-002  2.663310e-002  5.584319e-002  6.473723e-002  6.745562e-002  6.882850e-002  0.000000e+000  
0.000000e+000  0.000000e+000  0.000000e+000  0.000000e+000  0.000000e+000  0.000000e+000  0.000000e+000  0.000000e+000  0.000000e+000  0.000000e+000  0.000000e+000  0.000000e+000  0.000000e+000  0.000000e+000  0.000000e+000  0.000000e+000  

1.492535e-008  1.416959e-008  1.283120e-008  1.093631e-008  8.026023e-009  4.809266e-009  1.557914e-009  -4.907116e-009  -1.193915e-008  -1.676558e-008  -3.111551e-008  -4.105989e-008  -4.164411e-008  -4.321367e-008  -4.415905e-008  0.000000e+000  
1.448306e-008  1.380766e-008  1.244268e-008  1.000348e-008  7.993580e-009  4.316415e-009  1.763779e-009  -4.834927e-009  -1.137190e-008  -1.613282e-008  -3.058588e-008  -4.103388e-008  -4.073497e-008  -4.212402e-008  -4.302534e-008  0.000000e+000  
1.372173e-008  1.266832e-008  1.155923e-008  9.636603e-009  6.915483e-009  4.229480e-009  1.386308e-009  -4.475161e-009  -1.057974e-008  -1.467148e-008  -2.960864e-008  -4.098390e-008  -3.928421e-008  -4.027091e-008  -4.073459e-008  0.000000e+000  
1.452998e-008  1.405566e-008  1.295749e-008  1.135168e-008  9.014263e-009  6.250257e-009  2.103741e-009  -1.356282e-009  -4.512699e-009  -9.177959e-009  -2.739237e-008  -3.962860e-008  -3.852227e-008  -3.848135e-008  -3.850362e-008  0.000000e+000  
1.009471e-008  9.891920e-009  9.687254e-009  9.575257e-009  9.447596e-009  9.427398e-009  8.914683e-009  5.747818e-009  1.506621e-009  -9.309206e-009  -1.763005e-008  -1.986380e-008  -2.940812e-008  -3.217626e-008  -3.346924e-008  0.000000e+000  
4.785089e-009  4.758026e-009  4.784686e-009  4.711539e-009  4.745705e-009  4.743829e-009  4.372942e-009  2.709583e-009  1.076971e-009  -2.081933e-009  3.432176e-009  9.929142e-009  9.342712e-009  9.182447e-009  9.147666e-009  0.000000e+000  
-1.362324e-010  -2.217341e-010  -5.569742e-010  -9.268821e-010  -1.601272e-009  -2.553288e-009  -4.432659e-009  -4.719365e-009  -3.031069e-009  4.244329e-009  2.182565e-008  3.235601e-008  4.698842e-008  5.106753e-008  5.300466e-008  0.000000e+000  
1.156722e-009  1.255882e-009  1.560035e-009  2.122860e-009  2.893120e-009  4.018985e-009  5.217732e-009  6.175541e-009  7.093477e-009  9.732496e-009  1.355578e-008  1.981796e-008  2.042960e-008  2.060115e-008  2.071546e-008  0.000000e+000  
1.320410e-008  1.304304e-008  1.296809e-008  1.286320e-008  1.299162e-008  1.289763e-008  1.322400e-008  1.236156e-008  1.056471e-008  6.066763e-009  5.825858e-009  1.535608e-008  3.021845e-009  1.154437e-010  -8.718442e-010  0.000000e+000  
6.469099e-009  6.501953e-009  6.454738e-009  6.864884e-009  7.258279e-009  7.244517e-009  8.111304e-009  7.818236e-009  6.674690e-009  4.620747e-009  5.406030e-009  1.152360e-008  4.397735e-009  2.226628e-009  1.179788e-009  0.000000e+000  
-4.354117e-010  -3.962167e-010  -3.668809e-010  3.151881e-010  3.313281e-010  1.944870e-009  3.169271e-009  3.412230e-009  3.426574e-009  2.760589e-009  4.440880e-009  8.870700e-009  4.728879e-009  2.966310e-009  2.593045e-009  0.000000e+000  
4.907139e-009  4.070153e-009  5.350704e-009  4.528012e-009  6.086493e-009  3.451851e-009  5.199820e-009  4.167062e-009  3.976393e-009  1.333262e-009  6.314987e-010  4.650438e-009  -1.521682e-009  -2.300711e-009  -4.123556e-009  0.000000e+000  
1.344764e-009  1.637288e-009  1.087978e-009  7.850005e-010  1.614061e-009  2.000764e-009  1.390598e-009  2.176860e-009  3.693690e-010  6.673365e-010  6.535976e-011  1.512108e-009  4.942533e-011  -1.190966e-009  -9.413204e-010  0.000000e+000  
-1.631115e-009  -1.494741e-009  -1.567678e-009  -1.210846e-009  -2.230009e-009  -1.450479e-009  -1.892849e-009  -1.946255e-009  -5.056430e-010  -5.522275e-010  -5.856415e-011  -1.740202e-009  -3.883155e-010  1.191629e-009  1.418466e-009  0.000000e+000  
-4.890447e-009  -4.617492e-009  -5.037292e-009  -4.544085e-009  -3.975798e-009  -5.055215e-009  -4.767294e-009  -4.081556e-009  -4.399544e-009  -1.441318e-009  -7.425349e-010  -4.751488e-009  2.047250e-009  2.323654e-009  2.608554e-009  0.000000e+000  
5.300951e-010  -1.818109e-011  1.514091e-010  -5.509078e-011  -9.979513e-010  -1.297982e-009  -3.315235e-009  -3.992127e-009  -3.075895e-009  -2.754817e-009  -4.564245e-009  -9.060112e-009  -4.797024e-009  -3.325650e-009  -2.350152e-009  0.000000e+000  
-6.328952e-009  -6.481723e-009  -6.331557e-009  -6.911292e-009  -6.857975e-009  -7.895399e-009  -8.035086e-009  -7.478598e-009  -6.780269e-009  -4.641926e-009  -5.496910e-009  -1.179701e-008  -4.540932e-009  -2.154808e-009  -1.314895e-009  0.000000e+000  
-1.284961e-008  -1.262526e-008  -1.289631e-008  -1.281965e-008  -1.278486e-008  -1.294064e-008  -1.321085e-008  -1.215073e-008  -1.004513e-008  -6.067321e-009  -5.881227e-009  -1.565759e-008  -3.044005e-009  -1.423892e-010  1.173306e-009  0.000000e+000  
-1.322676e-009  -1.437893e-009  -1.778929e-009  -2.140002e-009  -2.925387e-009  -3.846832e-009  -5.140420e-009  -6.236294e-009  -7.197282e-009  -9.701132e-009  -1.375038e-008  -1.989294e-008  -2.050724e-008  -2.067311e-008  -2.084555e-008  0.000000e+000  
2.242564e-010  3.127122e-010  5.542304e-010  9.322851e-010  1.622509e-009  2.526305e-009  4.427396e-009  4.696190e-009  3.075345e-009  -4.324631e-009  -2.190374e-008  -3.240994e-008  -4.706715e-008  -5.127796e-008  -5.329954e-008  0.000000e+000  
-4.558487e-009  -4.570929e-009  -4.619604e-009  -4.557710e-009  -4.682938e-009  -4.664556e-009  -4.361378e-009  -2.685525e-009  -1.101337e-009  2.160139e-009  -3.479181e-009  -9.900894e-009  -9.377436e-009  -9.152616e-009  -9.057650e-009  0.000000e+000  
-1.005502e-008  -9.928247e-009  -9.746590e-009  -9.596217e-009  -9.482246e-009  -9.454470e-009  -9.033206e-009  -5.870821e-009  -1.663083e-009  9.321153e-009  1.775400e-008  1.995533e-008  2.958245e-008  3.236027e-008  3.366156e-008  0.000000e+000  
-1.467952e-008  -1.410405e-008  -1.304284e-008  -1.137592e-008  -9.170576e-009  -6.381026e-009  -2.183885e-009  1.342654e-009  4.460104e-009  9.211551e-009  2.762284e-008  3.983817e-008  3.852002e-008  3.855947e-008  3.864808e-008  0.000000e+000  
-1.336271e-008  -1.294132e-008  -1.169671e-008  -9.948929e-009  -7.318247e-009  -4.412433e-009  -1.080744e-009  4.590155e-009  1.084574e-008  1.477724e-008  2.963466e-008  4.089264e-008  3.929939e-008  4.030685e-008  4.075441e-008  0.000000e+000  
-1.462472e-008  -1.352866e-008  -1.257790e-008  -1.025574e-008  -8.033746e-009  -4.474639e-009  -1.693086e-009  5.058599e-009  1.166679e-008  1.624565e-008  3.072528e-008  4.107915e-008  4.082318e-008  4.207556e-008  4.289190e-008  0.000000e+000  
-1.501909e-008  -1.436020e-008  -1.262801e-008  -1.061952e-008  -7.835004e-009  -4.777814e-009  -1.708530e-009  5.041349e-009  1.213434e-008  1.690036e-008  3.132726e-008  4.122512e-008  4.147718e-008  4.309372e-008  4.355213e-008  0.000000e+000  
0.000000e+000  0.000000e+000  0.000000e+000  0.000000e+000  0.000000e+000  0.000000e+000  0.000000e+000  0.000000e+000  0.000000e+000  0.000000e+000  0.000000e+000  0.000000e+000  0.000000e+000  0.000000e+000  0.000000e+000  0.000000e+000  

