Port monitor named: Port2_h2[2.2].prt

nx        = 71
ny        = 23
nz        = 31

nu        = 16
nv        = 27
iu        = 3
iv        = 3

idir      = 0
dcut      = 5.114300e-001
icut      = 71
type      = 1
frequency = 2.200000e+009

fcutoff   = 3.150484e+009
alpha     = 4.725834e+001
beta      = 0.000000e+000
accuracy  = 7.883438e-011

type          = TE
wave imp.     = 3.675648e+002
wave imp.sig. = 9.213791e-006
line imp.     = 0.000000e+000

ref. port     = 0

0.000000e+000  0.000000e+000  0.000000e+000  0.000000e+000  0.000000e+000  0.000000e+000  0.000000e+000  0.000000e+000  0.000000e+000  0.000000e+000  0.000000e+000  0.000000e+000  0.000000e+000  0.000000e+000  0.000000e+000  0.000000e+000  
0.000000e+000  0.000000e+000  0.000000e+000  0.000000e+000  0.000000e+000  0.000000e+000  0.000000e+000  0.000000e+000  0.000000e+000  0.000000e+000  0.000000e+000  0.000000e+000  0.000000e+000  0.000000e+000  0.000000e+000  0.000000e+000  
0.000000e+000  0.000000e+000  0.000000e+000  0.000000e+000  0.000000e+000  0.000000e+000  0.000000e+000  0.000000e+000  0.000000e+000  0.000000e+000  0.000000e+000  0.000000e+000  0.000000e+000  0.000000e+000  0.000000e+000  0.000000e+000  
0.000000e+000  0.000000e+000  0.000000e+000  0.000000e+000  0.000000e+000  0.000000e+000  0.000000e+000  0.000000e+000  0.000000e+000  0.000000e+000  0.000000e+000  0.000000e+000  0.000000e+000  0.000000e+000  0.000000e+000  0.000000e+000  
0.000000e+000  0.000000e+000  0.000000e+000  0.000000e+000  0.000000e+000  0.000000e+000  0.000000e+000  0.000000e+000  0.000000e+000  0.000000e+000  0.000000e+000  0.000000e+000  0.000000e+000  0.000000e+000  0.000000e+000  0.000000e+000  
0.000000e+000  0.000000e+000  0.000000e+000  0.000000e+000  0.000000e+000  0.000000e+000  0.000000e+000  0.000000e+000  0.000000e+000  0.000000e+000  0.000000e+000  0.000000e+000  0.000000e+000  0.000000e+000  0.000000e+000  0.000000e+000  
0.000000e+000  0.000000e+000  0.000000e+000  0.000000e+000  0.000000e+000  0.000000e+000  0.000000e+000  0.000000e+000  0.000000e+000  0.000000e+000  0.000000e+000  0.000000e+000  0.000000e+000  0.000000e+000  0.000000e+000  0.000000e+000  
0.000000e+000  0.000000e+000  0.000000e+000  0.000000e+000  0.000000e+000  0.000000e+000  0.000000e+000  0.000000e+000  0.000000e+000  0.000000e+000  0.000000e+000  0.000000e+000  0.000000e+000  0.000000e+000  0.000000e+000  0.000000e+000  
0.000000e+000  0.000000e+000  0.000000e+000  0.000000e+000  0.000000e+000  0.000000e+000  0.000000e+000  0.000000e+000  0.000000e+000  0.000000e+000  0.000000e+000  0.000000e+000  0.000000e+000  0.000000e+000  0.000000e+000  0.000000e+000  
0.000000e+000  0.000000e+000  0.000000e+000  0.000000e+000  0.000000e+000  0.000000e+000  0.000000e+000  0.000000e+000  0.000000e+000  0.000000e+000  0.000000e+000  0.000000e+000  0.000000e+000  0.000000e+000  0.000000e+000  0.000000e+000  
0.000000e+000  0.000000e+000  0.000000e+000  0.000000e+000  0.000000e+000  0.000000e+000  0.000000e+000  0.000000e+000  0.000000e+000  0.000000e+000  0.000000e+000  0.000000e+000  0.000000e+000  0.000000e+000  0.000000e+000  0.000000e+000  
0.000000e+000  0.000000e+000  0.000000e+000  0.000000e+000  0.000000e+000  0.000000e+000  0.000000e+000  0.000000e+000  0.000000e+000  0.000000e+000  0.000000e+000  0.000000e+000  0.000000e+000  0.000000e+000  0.000000e+000  0.000000e+000  
0.000000e+000  0.000000e+000  0.000000e+000  0.000000e+000  0.000000e+000  0.000000e+000  0.000000e+000  0.000000e+000  0.000000e+000  0.000000e+000  0.000000e+000  0.000000e+000  0.000000e+000  0.000000e+000  0.000000e+000  0.000000e+000  
0.000000e+000  0.000000e+000  0.000000e+000  0.000000e+000  0.000000e+000  0.000000e+000  0.000000e+000  0.000000e+000  0.000000e+000  0.000000e+000  0.000000e+000  0.000000e+000  0.000000e+000  0.000000e+000  0.000000e+000  0.000000e+000  
0.000000e+000  0.000000e+000  0.000000e+000  0.000000e+000  0.000000e+000  0.000000e+000  0.000000e+000  0.000000e+000  0.000000e+000  0.000000e+000  0.000000e+000  0.000000e+000  0.000000e+000  0.000000e+000  0.000000e+000  0.000000e+000  
0.000000e+000  0.000000e+000  0.000000e+000  0.000000e+000  0.000000e+000  0.000000e+000  0.000000e+000  0.000000e+000  0.000000e+000  0.000000e+000  0.000000e+000  0.000000e+000  0.000000e+000  0.000000e+000  0.000000e+000  0.000000e+000  
0.000000e+000  0.000000e+000  0.000000e+000  0.000000e+000  0.000000e+000  0.000000e+000  0.000000e+000  0.000000e+000  0.000000e+000  0.000000e+000  0.000000e+000  0.000000e+000  0.000000e+000  0.000000e+000  0.000000e+000  0.000000e+000  
0.000000e+000  0.000000e+000  0.000000e+000  0.000000e+000  0.000000e+000  0.000000e+000  0.000000e+000  0.000000e+000  0.000000e+000  0.000000e+000  0.000000e+000  0.000000e+000  0.000000e+000  0.000000e+000  0.000000e+000  0.000000e+000  
0.000000e+000  0.000000e+000  0.000000e+000  0.000000e+000  0.000000e+000  0.000000e+000  0.000000e+000  0.000000e+000  0.000000e+000  0.000000e+000  0.000000e+000  0.000000e+000  0.000000e+000  0.000000e+000  0.000000e+000  0.000000e+000  
0.000000e+000  0.000000e+000  0.000000e+000  0.000000e+000  0.000000e+000  0.000000e+000  0.000000e+000  0.000000e+000  0.000000e+000  0.000000e+000  0.000000e+000  0.000000e+000  0.000000e+000  0.000000e+000  0.000000e+000  0.000000e+000  
0.000000e+000  0.000000e+000  0.000000e+000  0.000000e+000  0.000000e+000  0.000000e+000  0.000000e+000  0.000000e+000  0.000000e+000  0.000000e+000  0.000000e+000  0.000000e+000  0.000000e+000  0.000000e+000  0.000000e+000  0.000000e+000  
0.000000e+000  0.000000e+000  0.000000e+000  0.000000e+000  0.000000e+000  0.000000e+000  0.000000e+000  0.000000e+000  0.000000e+000  0.000000e+000  0.000000e+000  0.000000e+000  0.000000e+000  0.000000e+000  0.000000e+000  0.000000e+000  
0.000000e+000  0.000000e+000  0.000000e+000  0.000000e+000  0.000000e+000  0.000000e+000  0.000000e+000  0.000000e+000  0.000000e+000  0.000000e+000  0.000000e+000  0.000000e+000  0.000000e+000  0.000000e+000  0.000000e+000  0.000000e+000  
0.000000e+000  0.000000e+000  0.000000e+000  0.000000e+000  0.000000e+000  0.000000e+000  0.000000e+000  0.000000e+000  0.000000e+000  0.000000e+000  0.000000e+000  0.000000e+000  0.000000e+000  0.000000e+000  0.000000e+000  0.000000e+000  
0.000000e+000  0.000000e+000  0.000000e+000  0.000000e+000  0.000000e+000  0.000000e+000  0.000000e+000  0.000000e+000  0.000000e+000  0.000000e+000  0.000000e+000  0.000000e+000  0.000000e+000  0.000000e+000  0.000000e+000  0.000000e+000  
0.000000e+000  0.000000e+000  0.000000e+000  0.000000e+000  0.000000e+000  0.000000e+000  0.000000e+000  0.000000e+000  0.000000e+000  0.000000e+000  0.000000e+000  0.000000e+000  0.000000e+000  0.000000e+000  0.000000e+000  0.000000e+000  
0.000000e+000  0.000000e+000  0.000000e+000  0.000000e+000  0.000000e+000  0.000000e+000  0.000000e+000  0.000000e+000  0.000000e+000  0.000000e+000  0.000000e+000  0.000000e+000  0.000000e+000  0.000000e+000  0.000000e+000  0.000000e+000  

0.000000e+000  0.000000e+000  0.000000e+000  0.000000e+000  0.000000e+000  0.000000e+000  0.000000e+000  0.000000e+000  0.000000e+000  0.000000e+000  0.000000e+000  0.000000e+000  0.000000e+000  0.000000e+000  0.000000e+000  0.000000e+000  
0.000000e+000  0.000000e+000  0.000000e+000  0.000000e+000  0.000000e+000  0.000000e+000  0.000000e+000  0.000000e+000  0.000000e+000  0.000000e+000  0.000000e+000  0.000000e+000  0.000000e+000  0.000000e+000  0.000000e+000  0.000000e+000  
0.000000e+000  0.000000e+000  0.000000e+000  0.000000e+000  0.000000e+000  0.000000e+000  0.000000e+000  0.000000e+000  0.000000e+000  0.000000e+000  0.000000e+000  0.000000e+000  0.000000e+000  0.000000e+000  0.000000e+000  0.000000e+000  
0.000000e+000  0.000000e+000  0.000000e+000  0.000000e+000  0.000000e+000  0.000000e+000  0.000000e+000  0.000000e+000  0.000000e+000  0.000000e+000  0.000000e+000  0.000000e+000  0.000000e+000  0.000000e+000  0.000000e+000  0.000000e+000  
0.000000e+000  0.000000e+000  0.000000e+000  0.000000e+000  0.000000e+000  0.000000e+000  0.000000e+000  0.000000e+000  0.000000e+000  0.000000e+000  0.000000e+000  0.000000e+000  0.000000e+000  0.000000e+000  0.000000e+000  0.000000e+000  
0.000000e+000  0.000000e+000  0.000000e+000  0.000000e+000  0.000000e+000  0.000000e+000  0.000000e+000  0.000000e+000  0.000000e+000  0.000000e+000  0.000000e+000  0.000000e+000  0.000000e+000  0.000000e+000  0.000000e+000  0.000000e+000  
0.000000e+000  0.000000e+000  0.000000e+000  0.000000e+000  0.000000e+000  0.000000e+000  0.000000e+000  0.000000e+000  0.000000e+000  0.000000e+000  0.000000e+000  0.000000e+000  0.000000e+000  0.000000e+000  0.000000e+000  0.000000e+000  
0.000000e+000  0.000000e+000  0.000000e+000  0.000000e+000  0.000000e+000  0.000000e+000  0.000000e+000  0.000000e+000  0.000000e+000  0.000000e+000  0.000000e+000  0.000000e+000  0.000000e+000  0.000000e+000  0.000000e+000  0.000000e+000  
0.000000e+000  0.000000e+000  0.000000e+000  0.000000e+000  0.000000e+000  0.000000e+000  0.000000e+000  0.000000e+000  0.000000e+000  0.000000e+000  0.000000e+000  0.000000e+000  0.000000e+000  0.000000e+000  0.000000e+000  0.000000e+000  
0.000000e+000  0.000000e+000  0.000000e+000  0.000000e+000  0.000000e+000  0.000000e+000  0.000000e+000  0.000000e+000  0.000000e+000  0.000000e+000  0.000000e+000  0.000000e+000  0.000000e+000  0.000000e+000  0.000000e+000  0.000000e+000  
0.000000e+000  0.000000e+000  0.000000e+000  0.000000e+000  0.000000e+000  0.000000e+000  0.000000e+000  0.000000e+000  0.000000e+000  0.000000e+000  0.000000e+000  0.000000e+000  0.000000e+000  0.000000e+000  0.000000e+000  0.000000e+000  
0.000000e+000  0.000000e+000  0.000000e+000  0.000000e+000  0.000000e+000  0.000000e+000  0.000000e+000  0.000000e+000  0.000000e+000  0.000000e+000  0.000000e+000  0.000000e+000  0.000000e+000  0.000000e+000  0.000000e+000  0.000000e+000  
0.000000e+000  0.000000e+000  0.000000e+000  0.000000e+000  0.000000e+000  0.000000e+000  0.000000e+000  0.000000e+000  0.000000e+000  0.000000e+000  0.000000e+000  0.000000e+000  0.000000e+000  0.000000e+000  0.000000e+000  0.000000e+000  
0.000000e+000  0.000000e+000  0.000000e+000  0.000000e+000  0.000000e+000  0.000000e+000  0.000000e+000  0.000000e+000  0.000000e+000  0.000000e+000  0.000000e+000  0.000000e+000  0.000000e+000  0.000000e+000  0.000000e+000  0.000000e+000  
0.000000e+000  0.000000e+000  0.000000e+000  0.000000e+000  0.000000e+000  0.000000e+000  0.000000e+000  0.000000e+000  0.000000e+000  0.000000e+000  0.000000e+000  0.000000e+000  0.000000e+000  0.000000e+000  0.000000e+000  0.000000e+000  
0.000000e+000  0.000000e+000  0.000000e+000  0.000000e+000  0.000000e+000  0.000000e+000  0.000000e+000  0.000000e+000  0.000000e+000  0.000000e+000  0.000000e+000  0.000000e+000  0.000000e+000  0.000000e+000  0.000000e+000  0.000000e+000  
0.000000e+000  0.000000e+000  0.000000e+000  0.000000e+000  0.000000e+000  0.000000e+000  0.000000e+000  0.000000e+000  0.000000e+000  0.000000e+000  0.000000e+000  0.000000e+000  0.000000e+000  0.000000e+000  0.000000e+000  0.000000e+000  
0.000000e+000  0.000000e+000  0.000000e+000  0.000000e+000  0.000000e+000  0.000000e+000  0.000000e+000  0.000000e+000  0.000000e+000  0.000000e+000  0.000000e+000  0.000000e+000  0.000000e+000  0.000000e+000  0.000000e+000  0.000000e+000  
0.000000e+000  0.000000e+000  0.000000e+000  0.000000e+000  0.000000e+000  0.000000e+000  0.000000e+000  0.000000e+000  0.000000e+000  0.000000e+000  0.000000e+000  0.000000e+000  0.000000e+000  0.000000e+000  0.000000e+000  0.000000e+000  
0.000000e+000  0.000000e+000  0.000000e+000  0.000000e+000  0.000000e+000  0.000000e+000  0.000000e+000  0.000000e+000  0.000000e+000  0.000000e+000  0.000000e+000  0.000000e+000  0.000000e+000  0.000000e+000  0.000000e+000  0.000000e+000  
0.000000e+000  0.000000e+000  0.000000e+000  0.000000e+000  0.000000e+000  0.000000e+000  0.000000e+000  0.000000e+000  0.000000e+000  0.000000e+000  0.000000e+000  0.000000e+000  0.000000e+000  0.000000e+000  0.000000e+000  0.000000e+000  
0.000000e+000  0.000000e+000  0.000000e+000  0.000000e+000  0.000000e+000  0.000000e+000  0.000000e+000  0.000000e+000  0.000000e+000  0.000000e+000  0.000000e+000  0.000000e+000  0.000000e+000  0.000000e+000  0.000000e+000  0.000000e+000  
0.000000e+000  0.000000e+000  0.000000e+000  0.000000e+000  0.000000e+000  0.000000e+000  0.000000e+000  0.000000e+000  0.000000e+000  0.000000e+000  0.000000e+000  0.000000e+000  0.000000e+000  0.000000e+000  0.000000e+000  0.000000e+000  
0.000000e+000  0.000000e+000  0.000000e+000  0.000000e+000  0.000000e+000  0.000000e+000  0.000000e+000  0.000000e+000  0.000000e+000  0.000000e+000  0.000000e+000  0.000000e+000  0.000000e+000  0.000000e+000  0.000000e+000  0.000000e+000  
0.000000e+000  0.000000e+000  0.000000e+000  0.000000e+000  0.000000e+000  0.000000e+000  0.000000e+000  0.000000e+000  0.000000e+000  0.000000e+000  0.000000e+000  0.000000e+000  0.000000e+000  0.000000e+000  0.000000e+000  0.000000e+000  
0.000000e+000  0.000000e+000  0.000000e+000  0.000000e+000  0.000000e+000  0.000000e+000  0.000000e+000  0.000000e+000  0.000000e+000  0.000000e+000  0.000000e+000  0.000000e+000  0.000000e+000  0.000000e+000  0.000000e+000  0.000000e+000  
0.000000e+000  0.000000e+000  0.000000e+000  0.000000e+000  0.000000e+000  0.000000e+000  0.000000e+000  0.000000e+000  0.000000e+000  0.000000e+000  0.000000e+000  0.000000e+000  0.000000e+000  0.000000e+000  0.000000e+000  0.000000e+000  

0.000000e+000  0.000000e+000  0.000000e+000  0.000000e+000  0.000000e+000  0.000000e+000  0.000000e+000  0.000000e+000  0.000000e+000  0.000000e+000  0.000000e+000  0.000000e+000  0.000000e+000  0.000000e+000  0.000000e+000  0.000000e+000  
0.000000e+000  0.000000e+000  0.000000e+000  0.000000e+000  0.000000e+000  0.000000e+000  0.000000e+000  0.000000e+000  0.000000e+000  0.000000e+000  0.000000e+000  0.000000e+000  0.000000e+000  0.000000e+000  0.000000e+000  0.000000e+000  
0.000000e+000  0.000000e+000  0.000000e+000  0.000000e+000  0.000000e+000  0.000000e+000  0.000000e+000  0.000000e+000  0.000000e+000  0.000000e+000  0.000000e+000  0.000000e+000  0.000000e+000  0.000000e+000  0.000000e+000  0.000000e+000  
0.000000e+000  0.000000e+000  0.000000e+000  0.000000e+000  0.000000e+000  0.000000e+000  0.000000e+000  0.000000e+000  0.000000e+000  0.000000e+000  0.000000e+000  0.000000e+000  0.000000e+000  0.000000e+000  0.000000e+000  0.000000e+000  
0.000000e+000  0.000000e+000  0.000000e+000  0.000000e+000  0.000000e+000  0.000000e+000  0.000000e+000  0.000000e+000  0.000000e+000  0.000000e+000  0.000000e+000  0.000000e+000  0.000000e+000  0.000000e+000  0.000000e+000  0.000000e+000  
0.000000e+000  0.000000e+000  0.000000e+000  0.000000e+000  0.000000e+000  0.000000e+000  0.000000e+000  0.000000e+000  0.000000e+000  0.000000e+000  0.000000e+000  0.000000e+000  0.000000e+000  0.000000e+000  0.000000e+000  0.000000e+000  
0.000000e+000  0.000000e+000  0.000000e+000  0.000000e+000  0.000000e+000  0.000000e+000  0.000000e+000  0.000000e+000  0.000000e+000  0.000000e+000  0.000000e+000  0.000000e+000  0.000000e+000  0.000000e+000  0.000000e+000  0.000000e+000  
0.000000e+000  0.000000e+000  0.000000e+000  0.000000e+000  0.000000e+000  0.000000e+000  0.000000e+000  0.000000e+000  0.000000e+000  0.000000e+000  0.000000e+000  0.000000e+000  0.000000e+000  0.000000e+000  0.000000e+000  0.000000e+000  
0.000000e+000  0.000000e+000  0.000000e+000  0.000000e+000  0.000000e+000  0.000000e+000  0.000000e+000  0.000000e+000  0.000000e+000  0.000000e+000  0.000000e+000  0.000000e+000  0.000000e+000  0.000000e+000  0.000000e+000  0.000000e+000  
0.000000e+000  0.000000e+000  0.000000e+000  0.000000e+000  0.000000e+000  0.000000e+000  0.000000e+000  0.000000e+000  0.000000e+000  0.000000e+000  0.000000e+000  0.000000e+000  0.000000e+000  0.000000e+000  0.000000e+000  0.000000e+000  
0.000000e+000  0.000000e+000  0.000000e+000  0.000000e+000  0.000000e+000  0.000000e+000  0.000000e+000  0.000000e+000  0.000000e+000  0.000000e+000  0.000000e+000  0.000000e+000  0.000000e+000  0.000000e+000  0.000000e+000  0.000000e+000  
0.000000e+000  0.000000e+000  0.000000e+000  0.000000e+000  0.000000e+000  0.000000e+000  0.000000e+000  0.000000e+000  0.000000e+000  0.000000e+000  0.000000e+000  0.000000e+000  0.000000e+000  0.000000e+000  0.000000e+000  0.000000e+000  
0.000000e+000  0.000000e+000  0.000000e+000  0.000000e+000  0.000000e+000  0.000000e+000  0.000000e+000  0.000000e+000  0.000000e+000  0.000000e+000  0.000000e+000  0.000000e+000  0.000000e+000  0.000000e+000  0.000000e+000  0.000000e+000  
0.000000e+000  0.000000e+000  0.000000e+000  0.000000e+000  0.000000e+000  0.000000e+000  0.000000e+000  0.000000e+000  0.000000e+000  0.000000e+000  0.000000e+000  0.000000e+000  0.000000e+000  0.000000e+000  0.000000e+000  0.000000e+000  
0.000000e+000  0.000000e+000  0.000000e+000  0.000000e+000  0.000000e+000  0.000000e+000  0.000000e+000  0.000000e+000  0.000000e+000  0.000000e+000  0.000000e+000  0.000000e+000  0.000000e+000  0.000000e+000  0.000000e+000  0.000000e+000  
0.000000e+000  0.000000e+000  0.000000e+000  0.000000e+000  0.000000e+000  0.000000e+000  0.000000e+000  0.000000e+000  0.000000e+000  0.000000e+000  0.000000e+000  0.000000e+000  0.000000e+000  0.000000e+000  0.000000e+000  0.000000e+000  
0.000000e+000  0.000000e+000  0.000000e+000  0.000000e+000  0.000000e+000  0.000000e+000  0.000000e+000  0.000000e+000  0.000000e+000  0.000000e+000  0.000000e+000  0.000000e+000  0.000000e+000  0.000000e+000  0.000000e+000  0.000000e+000  
0.000000e+000  0.000000e+000  0.000000e+000  0.000000e+000  0.000000e+000  0.000000e+000  0.000000e+000  0.000000e+000  0.000000e+000  0.000000e+000  0.000000e+000  0.000000e+000  0.000000e+000  0.000000e+000  0.000000e+000  0.000000e+000  
0.000000e+000  0.000000e+000  0.000000e+000  0.000000e+000  0.000000e+000  0.000000e+000  0.000000e+000  0.000000e+000  0.000000e+000  0.000000e+000  0.000000e+000  0.000000e+000  0.000000e+000  0.000000e+000  0.000000e+000  0.000000e+000  
0.000000e+000  0.000000e+000  0.000000e+000  0.000000e+000  0.000000e+000  0.000000e+000  0.000000e+000  0.000000e+000  0.000000e+000  0.000000e+000  0.000000e+000  0.000000e+000  0.000000e+000  0.000000e+000  0.000000e+000  0.000000e+000  
0.000000e+000  0.000000e+000  0.000000e+000  0.000000e+000  0.000000e+000  0.000000e+000  0.000000e+000  0.000000e+000  0.000000e+000  0.000000e+000  0.000000e+000  0.000000e+000  0.000000e+000  0.000000e+000  0.000000e+000  0.000000e+000  
0.000000e+000  0.000000e+000  0.000000e+000  0.000000e+000  0.000000e+000  0.000000e+000  0.000000e+000  0.000000e+000  0.000000e+000  0.000000e+000  0.000000e+000  0.000000e+000  0.000000e+000  0.000000e+000  0.000000e+000  0.000000e+000  
0.000000e+000  0.000000e+000  0.000000e+000  0.000000e+000  0.000000e+000  0.000000e+000  0.000000e+000  0.000000e+000  0.000000e+000  0.000000e+000  0.000000e+000  0.000000e+000  0.000000e+000  0.000000e+000  0.000000e+000  0.000000e+000  
0.000000e+000  0.000000e+000  0.000000e+000  0.000000e+000  0.000000e+000  0.000000e+000  0.000000e+000  0.000000e+000  0.000000e+000  0.000000e+000  0.000000e+000  0.000000e+000  0.000000e+000  0.000000e+000  0.000000e+000  0.000000e+000  
0.000000e+000  0.000000e+000  0.000000e+000  0.000000e+000  0.000000e+000  0.000000e+000  0.000000e+000  0.000000e+000  0.000000e+000  0.000000e+000  0.000000e+000  0.000000e+000  0.000000e+000  0.000000e+000  0.000000e+000  0.000000e+000  
0.000000e+000  0.000000e+000  0.000000e+000  0.000000e+000  0.000000e+000  0.000000e+000  0.000000e+000  0.000000e+000  0.000000e+000  0.000000e+000  0.000000e+000  0.000000e+000  0.000000e+000  0.000000e+000  0.000000e+000  0.000000e+000  
0.000000e+000  0.000000e+000  0.000000e+000  0.000000e+000  0.000000e+000  0.000000e+000  0.000000e+000  0.000000e+000  0.000000e+000  0.000000e+000  0.000000e+000  0.000000e+000  0.000000e+000  0.000000e+000  0.000000e+000  0.000000e+000  

-0.000000e+000  4.690643e-010  1.418053e-009  1.785070e-009  3.001366e-009  3.860939e-009  5.575847e-009  -3.300565e-009  -1.157854e-008  -1.992232e-008  -1.324477e-008  1.135279e-008  2.060427e-008  1.341268e-008  6.794571e-009  -0.000000e+000  
-0.000000e+000  8.063229e-010  8.128637e-010  1.963550e-009  2.337122e-009  3.604322e-009  4.559689e-009  -3.555510e-009  -1.162178e-008  -1.994466e-008  -1.228263e-008  1.031346e-008  2.010136e-008  1.317410e-008  6.110079e-009  -0.000000e+000  
-0.000000e+000  1.873360e-010  9.216530e-010  1.306965e-009  2.163089e-009  2.549748e-009  2.357049e-009  -3.773091e-009  -1.117870e-008  -1.983603e-008  -1.017330e-008  7.949098e-009  1.957189e-008  1.166174e-008  5.714749e-009  -0.000000e+000  
-0.000000e+000  -0.000000e+000  -0.000000e+000  1.974396e-010  8.054690e-010  2.212577e-009  4.592620e-009  -1.318497e-009  -6.186495e-009  -1.058990e-008  -1.362145e-008  1.032540e-008  8.559886e-009  5.411879e-009  2.585054e-009  -0.000000e+000  
-0.000000e+000  -2.902103e-009  -5.947855e-009  -9.555766e-009  -1.388294e-008  -1.940046e-008  -2.648080e-008  -1.405679e-008  -2.942220e-009  8.149222e-009  -1.150233e-008  5.474085e-009  -1.920681e-008  -1.158073e-008  -5.416117e-009  -0.000000e+000  
-0.000000e+000  -0.000000e+000  -0.000000e+000  -0.000000e+000  -0.000000e+000  -0.000000e+000  -1.176677e-010  2.552724e-010  5.771636e-010  9.358384e-010  -6.483415e-010  5.620459e-010  -9.012458e-010  -5.566921e-010  -2.607658e-010  -0.000000e+000  
-0.000000e+000  3.062210e-009  6.313625e-009  1.011073e-008  1.469930e-008  2.053985e-008  2.816687e-008  1.519043e-008  3.672346e-009  -7.810108e-009  1.046840e-008  -4.751170e-009  1.908353e-008  1.152464e-008  5.416461e-009  -0.000000e+000  
-0.000000e+000  -0.000000e+000  -2.567682e-010  -7.056620e-010  -1.585110e-009  -3.287739e-009  -6.098590e-009  -9.538869e-011  4.818313e-009  9.285795e-009  1.249178e-008  -1.027537e-008  -8.260486e-009  -5.190147e-009  -2.500511e-009  -0.000000e+000  
-0.000000e+000  -6.112643e-010  -1.075286e-009  -2.000053e-009  -2.442527e-009  -3.138457e-009  -2.572592e-009  2.130752e-009  8.655694e-009  1.774090e-008  7.232140e-009  -6.596595e-009  -1.870089e-008  -1.074135e-008  -4.909256e-009  -0.000000e+000  
-0.000000e+000  -8.078157e-010  -1.685879e-009  -1.949641e-009  -3.336331e-009  -4.270294e-009  -6.562576e-009  1.182069e-009  8.280629e-009  1.579483e-008  1.041973e-008  -9.948422e-009  -1.742990e-008  -1.066827e-008  -5.342363e-009  -0.000000e+000  
-0.000000e+000  -6.712546e-010  -1.194608e-009  -2.834968e-009  -3.204063e-009  -5.350644e-009  -7.675624e-009  -1.568634e-010  6.609340e-009  1.397331e-008  1.241915e-008  -1.240519e-008  -1.588421e-008  -1.029092e-008  -4.255033e-009  -0.000000e+000  
-0.000000e+000  2.081677e-010  -3.187996e-009  -5.932394e-010  -4.630284e-009  -2.304636e-009  -4.486757e-009  9.366608e-010  4.076782e-009  6.763556e-009  1.432543e-008  -1.399343e-008  -9.509275e-009  -5.327129e-009  -5.359154e-009  -0.000000e+000  
-0.000000e+000  -2.968182e-009  1.033819e-009  -4.039391e-009  -1.898251e-009  -3.593989e-009  -7.843366e-010  -1.465089e-010  5.428480e-009  5.421385e-009  1.532878e-008  -1.678711e-008  -6.668096e-009  -8.471615e-009  -2.978427e-009  -0.000000e+000  
-0.000000e+000  9.999910e-010  -2.907643e-009  -7.891704e-010  -2.589182e-009  -3.069105e-009  -2.222299e-009  1.275999e-009  3.080026e-009  4.341422e-009  1.603704e-008  -1.529958e-008  -7.734517e-009  -7.115111e-009  -3.447501e-009  -0.000000e+000  
-0.000000e+000  -9.470486e-010  -1.888606e-009  -3.115427e-009  -3.588219e-009  -3.808992e-009  -3.288488e-009  1.096174e-009  4.241045e-009  8.132341e-009  1.394706e-008  -1.541140e-008  -9.231781e-009  -6.839586e-009  -4.698537e-009  -0.000000e+000  
-0.000000e+000  -8.976764e-010  -1.143715e-009  -2.448476e-009  -3.122981e-009  -4.764701e-009  -8.105461e-009  -1.348048e-010  6.984453e-009  1.352046e-008  1.243463e-008  -1.216603e-008  -1.570477e-008  -9.768014e-009  -4.533166e-009  -0.000000e+000  
-0.000000e+000  -9.136437e-010  -1.479036e-009  -2.061468e-009  -3.425393e-009  -4.568627e-009  -5.997887e-009  8.425672e-010  8.024132e-009  1.596770e-008  1.042824e-008  -1.003120e-008  -1.759215e-008  -1.063931e-008  -5.207931e-009  -0.000000e+000  
-0.000000e+000  -3.000772e-010  -1.174461e-009  -1.863719e-009  -2.362539e-009  -3.209811e-009  -2.964226e-009  2.180957e-009  8.723755e-009  1.768248e-008  7.214707e-009  -6.426212e-009  -1.875151e-008  -1.083053e-008  -4.747183e-009  -0.000000e+000  
-0.000000e+000  -0.000000e+000  -2.074763e-010  -6.904243e-010  -1.589754e-009  -3.231173e-009  -6.164687e-009  -8.864120e-011  4.821127e-009  9.318861e-009  1.248835e-008  -1.029061e-008  -8.239377e-009  -5.172396e-009  -2.512769e-009  -0.000000e+000  
-0.000000e+000  3.031024e-009  6.320137e-009  1.007481e-008  1.471497e-008  2.053321e-008  2.818438e-008  1.523789e-008  3.711734e-009  -7.818975e-009  1.049496e-008  -4.749115e-009  1.909135e-008  1.151944e-008  5.416891e-009  -0.000000e+000  
-0.000000e+000  -0.000000e+000  -0.000000e+000  -0.000000e+000  -0.000000e+000  -0.000000e+000  -1.129376e-010  2.136438e-010  5.535482e-010  9.281253e-010  -6.469781e-010  5.700081e-010  -9.195980e-010  -5.525415e-010  -2.540234e-010  -0.000000e+000  
-0.000000e+000  -2.841816e-009  -5.958413e-009  -9.515973e-009  -1.395298e-008  -1.939581e-008  -2.652077e-008  -1.407744e-008  -2.981397e-009  8.148780e-009  -1.151691e-008  5.477467e-009  -1.914765e-008  -1.166036e-008  -5.530783e-009  -0.000000e+000  
-0.000000e+000  -1.314232e-010  -7.984767e-011  1.360566e-010  9.065422e-010  2.214223e-009  4.645341e-009  -1.301451e-009  -6.133777e-009  -1.057664e-008  -1.363974e-008  1.028477e-008  8.515325e-009  5.440414e-009  2.640741e-009  -0.000000e+000  
-0.000000e+000  4.020612e-010  7.051278e-010  1.523442e-009  2.098108e-009  2.289327e-009  2.615752e-009  -3.844678e-009  -1.122076e-008  -1.998387e-008  -1.011098e-008  8.141671e-009  1.959805e-008  1.186120e-008  5.869329e-009  -0.000000e+000  
-0.000000e+000  5.598080e-010  1.197723e-009  1.730518e-009  2.201391e-009  3.985276e-009  4.236147e-009  -3.440034e-009  -1.167528e-008  -1.988366e-008  -1.225793e-008  1.030023e-008  2.004308e-008  1.324028e-008  6.279434e-009  -0.000000e+000  
-0.000000e+000  5.830475e-010  1.210344e-009  1.856621e-009  3.059216e-009  3.691142e-009  5.688445e-009  -3.269413e-009  -1.153919e-008  -1.990798e-008  -1.325160e-008  1.127574e-008  2.059323e-008  1.333961e-008  6.648387e-009  -0.000000e+000  
-0.000000e+000  -0.000000e+000  -0.000000e+000  -0.000000e+000  -0.000000e+000  -0.000000e+000  -0.000000e+000  -0.000000e+000  -0.000000e+000  -0.000000e+000  -0.000000e+000  -0.000000e+000  -0.000000e+000  -0.000000e+000  -0.000000e+000  -0.000000e+000  

-0.000000e+000  -0.000000e+000  -0.000000e+000  -0.000000e+000  -0.000000e+000  -0.000000e+000  -0.000000e+000  -0.000000e+000  -0.000000e+000  -0.000000e+000  -0.000000e+000  -0.000000e+000  -0.000000e+000  -0.000000e+000  -0.000000e+000  -0.000000e+000  
-1.381736e-001  -1.381736e-001  -1.381736e-001  -1.381736e-001  -1.381736e-001  -1.381736e-001  -1.381736e-001  -1.381736e-001  -1.381736e-001  -1.381736e-001  -1.381736e-001  -1.381736e-001  -1.381736e-001  -1.381736e-001  -1.381736e-001  -0.000000e+000  
-2.745503e-001  -2.745503e-001  -2.745503e-001  -2.745503e-001  -2.745503e-001  -2.745503e-001  -2.745503e-001  -2.745503e-001  -2.745503e-001  -2.745503e-001  -2.745503e-001  -2.745503e-001  -2.745503e-001  -2.745503e-001  -2.745503e-001  -0.000000e+000  
-4.073563e-001  -4.073563e-001  -4.073563e-001  -4.073563e-001  -4.073563e-001  -4.073563e-001  -4.073563e-001  -4.073563e-001  -4.073563e-001  -4.073563e-001  -4.073563e-001  -4.073563e-001  -4.073563e-001  -4.073563e-001  -4.073563e-001  -0.000000e+000  
-8.572047e-001  -8.572047e-001  -8.572047e-001  -8.572047e-001  -8.572047e-001  -8.572047e-001  -8.572047e-001  -8.572047e-001  -8.572047e-001  -8.572047e-001  -8.572047e-001  -8.572047e-001  -8.572047e-001  -8.572047e-001  -8.572047e-001  -0.000000e+000  
-1.181275e+000  -1.181275e+000  -1.181275e+000  -1.181275e+000  -1.181275e+000  -1.181275e+000  -1.181275e+000  -1.181275e+000  -1.181275e+000  -1.181275e+000  -1.181275e+000  -1.181275e+000  -1.181275e+000  -1.181275e+000  -1.181275e+000  -0.000000e+000  
-1.221953e+000  -1.221953e+000  -1.221953e+000  -1.221953e+000  -1.221953e+000  -1.221953e+000  -1.221953e+000  -1.221953e+000  -1.221953e+000  -1.221953e+000  -1.221953e+000  -1.221953e+000  -1.221953e+000  -1.221953e+000  -1.221953e+000  -0.000000e+000  
-9.694794e-001  -9.694794e-001  -9.694794e-001  -9.694794e-001  -9.694794e-001  -9.694795e-001  -9.694795e-001  -9.694795e-001  -9.694795e-001  -9.694795e-001  -9.694794e-001  -9.694794e-001  -9.694795e-001  -9.694795e-001  -9.694795e-001  -0.000000e+000  
-5.600456e-001  -5.600456e-001  -5.600456e-001  -5.600456e-001  -5.600456e-001  -5.600456e-001  -5.600456e-001  -5.600456e-001  -5.600456e-001  -5.600456e-001  -5.600456e-001  -5.600456e-001  -5.600456e-001  -5.600456e-001  -5.600456e-001  -0.000000e+000  
-4.333354e-001  -4.333354e-001  -4.333354e-001  -4.333354e-001  -4.333354e-001  -4.333354e-001  -4.333354e-001  -4.333354e-001  -4.333354e-001  -4.333354e-001  -4.333354e-001  -4.333354e-001  -4.333354e-001  -4.333354e-001  -4.333354e-001  -0.000000e+000  
-3.009894e-001  -3.009894e-001  -3.009894e-001  -3.009894e-001  -3.009894e-001  -3.009894e-001  -3.009894e-001  -3.009894e-001  -3.009894e-001  -3.009895e-001  -3.009894e-001  -3.009895e-001  -3.009894e-001  -3.009894e-001  -3.009894e-001  -0.000000e+000  
-1.647290e-001  -1.647290e-001  -1.647290e-001  -1.647290e-001  -1.647290e-001  -1.647290e-001  -1.647290e-001  -1.647290e-001  -1.647290e-001  -1.647291e-001  -1.647290e-001  -1.647291e-001  -1.647290e-001  -1.647290e-001  -1.647290e-001  -0.000000e+000  
-8.255495e-002  -8.255495e-002  -8.255495e-002  -8.255495e-002  -8.255495e-002  -8.255495e-002  -8.255495e-002  -8.255495e-002  -8.255495e-002  -8.255496e-002  -8.255495e-002  -8.255496e-002  -8.255495e-002  -8.255495e-002  -8.255495e-002  -0.000000e+000  
8.502330e-010  -1.621944e-009  1.237397e-009  -3.021241e-010  -2.775201e-010  -1.946400e-010  6.275851e-010  -9.357620e-010  4.597179e-010  -0.000000e+000  -0.000000e+000  -0.000000e+000  4.201870e-010  -1.827991e-010  -0.000000e+000  -0.000000e+000  
8.255495e-002  8.255495e-002  8.255495e-002  8.255495e-002  8.255495e-002  8.255495e-002  8.255495e-002  8.255495e-002  8.255495e-002  8.255496e-002  8.255495e-002  8.255496e-002  8.255495e-002  8.255495e-002  8.255495e-002  -0.000000e+000  
1.647290e-001  1.647290e-001  1.647290e-001  1.647290e-001  1.647290e-001  1.647290e-001  1.647290e-001  1.647290e-001  1.647290e-001  1.647291e-001  1.647290e-001  1.647291e-001  1.647290e-001  1.647290e-001  1.647290e-001  -0.000000e+000  
3.009894e-001  3.009894e-001  3.009894e-001  3.009894e-001  3.009894e-001  3.009894e-001  3.009894e-001  3.009894e-001  3.009894e-001  3.009895e-001  3.009894e-001  3.009895e-001  3.009894e-001  3.009894e-001  3.009894e-001  -0.000000e+000  
4.333354e-001  4.333354e-001  4.333354e-001  4.333354e-001  4.333354e-001  4.333354e-001  4.333354e-001  4.333354e-001  4.333354e-001  4.333354e-001  4.333354e-001  4.333354e-001  4.333354e-001  4.333354e-001  4.333354e-001  -0.000000e+000  
5.600456e-001  5.600456e-001  5.600456e-001  5.600456e-001  5.600456e-001  5.600456e-001  5.600456e-001  5.600456e-001  5.600456e-001  5.600456e-001  5.600456e-001  5.600456e-001  5.600456e-001  5.600456e-001  5.600456e-001  -0.000000e+000  
9.694794e-001  9.694794e-001  9.694794e-001  9.694794e-001  9.694794e-001  9.694795e-001  9.694795e-001  9.694795e-001  9.694795e-001  9.694795e-001  9.694794e-001  9.694794e-001  9.694795e-001  9.694795e-001  9.694795e-001  -0.000000e+000  
1.221953e+000  1.221953e+000  1.221953e+000  1.221953e+000  1.221953e+000  1.221953e+000  1.221953e+000  1.221953e+000  1.221953e+000  1.221953e+000  1.221953e+000  1.221953e+000  1.221953e+000  1.221953e+000  1.221953e+000  -0.000000e+000  
1.181275e+000  1.181275e+000  1.181275e+000  1.181275e+000  1.181275e+000  1.181275e+000  1.181275e+000  1.181275e+000  1.181275e+000  1.181275e+000  1.181275e+000  1.181275e+000  1.181275e+000  1.181275e+000  1.181275e+000  -0.000000e+000  
8.572047e-001  8.572047e-001  8.572047e-001  8.572047e-001  8.572047e-001  8.572047e-001  8.572047e-001  8.572047e-001  8.572047e-001  8.572047e-001  8.572047e-001  8.572047e-001  8.572047e-001  8.572047e-001  8.572047e-001  -0.000000e+000  
4.073563e-001  4.073563e-001  4.073563e-001  4.073563e-001  4.073563e-001  4.073563e-001  4.073563e-001  4.073563e-001  4.073563e-001  4.073563e-001  4.073563e-001  4.073563e-001  4.073563e-001  4.073563e-001  4.073563e-001  -0.000000e+000  
2.745503e-001  2.745503e-001  2.745503e-001  2.745503e-001  2.745503e-001  2.745503e-001  2.745503e-001  2.745503e-001  2.745503e-001  2.745503e-001  2.745503e-001  2.745503e-001  2.745503e-001  2.745503e-001  2.745503e-001  -0.000000e+000  
1.381736e-001  1.381736e-001  1.381736e-001  1.381736e-001  1.381736e-001  1.381736e-001  1.381736e-001  1.381736e-001  1.381736e-001  1.381736e-001  1.381736e-001  1.381736e-001  1.381736e-001  1.381736e-001  1.381736e-001  -0.000000e+000  
-0.000000e+000  -0.000000e+000  -0.000000e+000  -0.000000e+000  -0.000000e+000  -0.000000e+000  -0.000000e+000  -0.000000e+000  -0.000000e+000  -0.000000e+000  -0.000000e+000  -0.000000e+000  -0.000000e+000  -0.000000e+000  -0.000000e+000  -0.000000e+000  

-1.692733e+000  -1.692733e+000  -1.692733e+000  -1.692733e+000  -1.692733e+000  -1.692733e+000  -1.692733e+000  -1.692733e+000  -1.692733e+000  -1.692733e+000  -1.692733e+000  -1.692733e+000  -1.692733e+000  -1.692733e+000  -1.692733e+000  -0.000000e+000  
-1.670718e+000  -1.670718e+000  -1.670718e+000  -1.670718e+000  -1.670718e+000  -1.670718e+000  -1.670718e+000  -1.670718e+000  -1.670718e+000  -1.670718e+000  -1.670718e+000  -1.670718e+000  -1.670718e+000  -1.670718e+000  -1.670718e+000  -0.000000e+000  
-1.626976e+000  -1.626976e+000  -1.626976e+000  -1.626976e+000  -1.626976e+000  -1.626976e+000  -1.626976e+000  -1.626976e+000  -1.626976e+000  -1.626976e+000  -1.626975e+000  -1.626975e+000  -1.626975e+000  -1.626975e+000  -1.626975e+000  -0.000000e+000  
-1.473124e+000  -1.473124e+000  -1.473124e+000  -1.473124e+000  -1.473124e+000  -1.473124e+000  -1.473124e+000  -1.473124e+000  -1.473124e+000  -1.473124e+000  -1.473124e+000  -1.473124e+000  -1.473124e+000  -1.473124e+000  -1.473124e+000  -0.000000e+000  
-9.243688e-001  -9.243688e-001  -9.243688e-001  -9.243688e-001  -9.243688e-001  -9.243688e-001  -9.243688e-001  -9.243688e-001  -9.243688e-001  -9.243688e-001  -9.243688e-001  -9.243688e-001  -9.243688e-001  -9.243688e-001  -9.243688e-001  -0.000000e+000  
-1.160282e-001  -1.160282e-001  -1.160282e-001  -1.160282e-001  -1.160282e-001  -1.160282e-001  -1.160282e-001  -1.160282e-001  -1.160282e-001  -1.160282e-001  -1.160282e-001  -1.160282e-001  -1.160282e-001  -1.160282e-001  -1.160282e-001  -0.000000e+000  
7.201480e-001  7.201480e-001  7.201480e-001  7.201480e-001  7.201480e-001  7.201480e-001  7.201480e-001  7.201480e-001  7.201480e-001  7.201480e-001  7.201480e-001  7.201480e-001  7.201480e-001  7.201480e-001  7.201480e-001  -0.000000e+000  
1.340778e+000  1.340778e+000  1.340778e+000  1.340778e+000  1.340778e+000  1.340778e+000  1.340778e+000  1.340778e+000  1.340778e+000  1.340778e+000  1.340778e+000  1.340778e+000  1.340778e+000  1.340778e+000  1.340778e+000  -0.000000e+000  
1.552298e+000  1.552298e+000  1.552298e+000  1.552298e+000  1.552298e+000  1.552298e+000  1.552298e+000  1.552298e+000  1.552298e+000  1.552298e+000  1.552298e+000  1.552298e+000  1.552298e+000  1.552298e+000  1.552298e+000  -0.000000e+000  
1.621339e+000  1.621339e+000  1.621339e+000  1.621339e+000  1.621339e+000  1.621339e+000  1.621339e+000  1.621339e+000  1.621339e+000  1.621339e+000  1.621339e+000  1.621339e+000  1.621339e+000  1.621339e+000  1.621339e+000  -0.000000e+000  
1.669294e+000  1.669294e+000  1.669294e+000  1.669294e+000  1.669294e+000  1.669294e+000  1.669294e+000  1.669294e+000  1.669294e+000  1.669294e+000  1.669294e+000  1.669294e+000  1.669294e+000  1.669294e+000  1.669294e+000  -0.000000e+000  
1.690233e+000  1.690233e+000  1.690233e+000  1.690233e+000  1.690233e+000  1.690233e+000  1.690233e+000  1.690233e+000  1.690233e+000  1.690233e+000  1.690233e+000  1.690233e+000  1.690233e+000  1.690233e+000  1.690233e+000  -0.000000e+000  
1.698067e+000  1.698067e+000  1.698067e+000  1.698067e+000  1.698067e+000  1.698067e+000  1.698067e+000  1.698067e+000  1.698067e+000  1.698067e+000  1.698067e+000  1.698067e+000  1.698067e+000  1.698067e+000  1.698067e+000  -0.000000e+000  
1.698067e+000  1.698067e+000  1.698067e+000  1.698067e+000  1.698067e+000  1.698067e+000  1.698067e+000  1.698067e+000  1.698067e+000  1.698067e+000  1.698067e+000  1.698067e+000  1.698067e+000  1.698067e+000  1.698067e+000  -0.000000e+000  
1.690233e+000  1.690233e+000  1.690233e+000  1.690233e+000  1.690233e+000  1.690233e+000  1.690233e+000  1.690233e+000  1.690233e+000  1.690233e+000  1.690233e+000  1.690233e+000  1.690233e+000  1.690233e+000  1.690233e+000  -0.000000e+000  
1.669294e+000  1.669294e+000  1.669294e+000  1.669294e+000  1.669294e+000  1.669294e+000  1.669294e+000  1.669294e+000  1.669294e+000  1.669294e+000  1.669294e+000  1.669294e+000  1.669294e+000  1.669294e+000  1.669294e+000  -0.000000e+000  
1.621339e+000  1.621339e+000  1.621339e+000  1.621339e+000  1.621339e+000  1.621339e+000  1.621339e+000  1.621339e+000  1.621339e+000  1.621339e+000  1.621339e+000  1.621339e+000  1.621339e+000  1.621339e+000  1.621339e+000  -0.000000e+000  
1.552298e+000  1.552298e+000  1.552298e+000  1.552298e+000  1.552298e+000  1.552298e+000  1.552298e+000  1.552298e+000  1.552298e+000  1.552298e+000  1.552298e+000  1.552298e+000  1.552298e+000  1.552298e+000  1.552298e+000  -0.000000e+000  
1.340778e+000  1.340778e+000  1.340778e+000  1.340778e+000  1.340778e+000  1.340778e+000  1.340778e+000  1.340778e+000  1.340778e+000  1.340778e+000  1.340778e+000  1.340778e+000  1.340778e+000  1.340778e+000  1.340778e+000  -0.000000e+000  
7.201480e-001  7.201480e-001  7.201480e-001  7.201480e-001  7.201480e-001  7.201480e-001  7.201480e-001  7.201480e-001  7.201480e-001  7.201480e-001  7.201480e-001  7.201480e-001  7.201480e-001  7.201480e-001  7.201480e-001  -0.000000e+000  
-1.160282e-001  -1.160282e-001  -1.160282e-001  -1.160282e-001  -1.160282e-001  -1.160282e-001  -1.160282e-001  -1.160282e-001  -1.160282e-001  -1.160282e-001  -1.160282e-001  -1.160282e-001  -1.160282e-001  -1.160282e-001  -1.160282e-001  -0.000000e+000  
-9.243688e-001  -9.243688e-001  -9.243688e-001  -9.243688e-001  -9.243688e-001  -9.243688e-001  -9.243688e-001  -9.243688e-001  -9.243688e-001  -9.243688e-001  -9.243688e-001  -9.243688e-001  -9.243688e-001  -9.243688e-001  -9.243688e-001  -0.000000e+000  
-1.473124e+000  -1.473124e+000  -1.473124e+000  -1.473124e+000  -1.473124e+000  -1.473124e+000  -1.473124e+000  -1.473124e+000  -1.473124e+000  -1.473124e+000  -1.473124e+000  -1.473124e+000  -1.473124e+000  -1.473124e+000  -1.473124e+000  -0.000000e+000  
-1.626976e+000  -1.626976e+000  -1.626976e+000  -1.626976e+000  -1.626976e+000  -1.626976e+000  -1.626976e+000  -1.626976e+000  -1.626976e+000  -1.626976e+000  -1.626975e+000  -1.626975e+000  -1.626975e+000  -1.626975e+000  -1.626975e+000  -0.000000e+000  
-1.670718e+000  -1.670718e+000  -1.670718e+000  -1.670718e+000  -1.670718e+000  -1.670718e+000  -1.670718e+000  -1.670718e+000  -1.670718e+000  -1.670718e+000  -1.670718e+000  -1.670718e+000  -1.670718e+000  -1.670718e+000  -1.670718e+000  -0.000000e+000  
-1.692733e+000  -1.692733e+000  -1.692733e+000  -1.692733e+000  -1.692733e+000  -1.692733e+000  -1.692733e+000  -1.692733e+000  -1.692733e+000  -1.692733e+000  -1.692733e+000  -1.692733e+000  -1.692733e+000  -1.692733e+000  -1.692733e+000  -0.000000e+000  
-0.000000e+000  -0.000000e+000  -0.000000e+000  -0.000000e+000  -0.000000e+000  -0.000000e+000  -0.000000e+000  -0.000000e+000  -0.000000e+000  -0.000000e+000  -0.000000e+000  -0.000000e+000  -0.000000e+000  -0.000000e+000  -0.000000e+000  -0.000000e+000  

