Port monitor named: Port2_e8[2.2].prt

nx        = 71
ny        = 23
nz        = 31

nu        = 16
nv        = 27
iu        = 3
iv        = 3

idir      = 0
dcut      = 5.114300e-001
icut      = 71
type      = 0
frequency = 2.200000e+009

fcutoff   = 5.046954e+009
alpha     = 9.517551e+001
beta      = 0.000000e+000
accuracy  = 1.509674e-010

type          = TM
wave imp.     = 7.776899e+002
wave imp.sig. = 1.060774e-004
line imp.     = 0.000000e+000

ref. port     = 0

-0.000000e+000  -0.000000e+000  -0.000000e+000  -0.000000e+000  -0.000000e+000  -0.000000e+000  -0.000000e+000  -0.000000e+000  -0.000000e+000  -0.000000e+000  -0.000000e+000  -0.000000e+000  -0.000000e+000  -0.000000e+000  -0.000000e+000  -0.000000e+000  
-8.224291e+001  -8.091602e+001  -7.828366e+001  -7.438830e+001  -6.929277e+001  -6.307929e+001  -5.544352e+001  -4.629726e+001  -3.622754e+001  -1.228855e+001  3.107453e+001  6.515579e+001  7.553302e+001  7.870474e+001  8.030657e+001  -0.000000e+000  
-1.634162e+002  -1.607797e+002  -1.555492e+002  -1.478091e+002  -1.376844e+002  -1.253382e+002  -1.101660e+002  -9.199241e+001  -7.198392e+001  -2.441727e+001  6.174492e+001  1.294642e+002  1.500837e+002  1.563859e+002  1.595687e+002  -0.000000e+000  
-2.424642e+002  -2.385524e+002  -2.307918e+002  -2.193077e+002  -2.042853e+002  -1.859671e+002  -1.634557e+002  -1.364912e+002  -1.068041e+002  -3.622845e+001  9.161230e+001  1.920889e+002  2.226825e+002  2.320332e+002  2.367556e+002  -0.000000e+000  
-5.102204e+002  -5.019886e+002  -4.856579e+002  -4.614918e+002  -4.298800e+002  -3.913327e+002  -3.439617e+002  -2.872200e+002  -2.247492e+002  -7.623598e+001  1.927809e+002  4.042149e+002  4.685935e+002  4.882702e+002  4.982077e+002  -0.000000e+000  
-7.031117e+002  -6.917679e+002  -6.692633e+002  -6.359610e+002  -5.923982e+002  -5.392779e+002  -4.739981e+002  -3.958049e+002  -3.097167e+002  -1.050574e+002  2.656626e+002  5.570304e+002  6.457475e+002  6.728631e+002  6.865575e+002  -0.000000e+000  
-7.273237e+002  -7.155893e+002  -6.923097e+002  -6.578606e+002  -6.127978e+002  -5.578482e+002  -4.903205e+002  -4.094346e+002  -3.203820e+002  -1.086751e+002  2.748108e+002  5.762120e+002  6.679841e+002  6.960335e+002  7.101995e+002  -0.000000e+000  
-5.770479e+002  -5.677380e+002  -5.492683e+002  -5.219369e+002  -4.861847e+002  -4.425886e+002  -3.890131e+002  -3.248394e+002  -2.541864e+002  -8.622119e+001  2.180309e+002  4.571581e+002  5.299688e+002  5.522227e+002  5.634618e+002  -0.000000e+000  
-3.333471e+002  -3.279690e+002  -3.172995e+002  -3.015108e+002  -2.808575e+002  -2.556731e+002  -2.247238e+002  -1.876521e+002  -1.468375e+002  -4.980796e+001  1.259513e+002  2.640895e+002  3.061506e+002  3.190062e+002  3.254987e+002  -0.000000e+000  
-2.579274e+002  -2.537660e+002  -2.455105e+002  -2.332940e+002  -2.173136e+002  -1.978271e+002  -1.738800e+002  -1.451959e+002  -1.136156e+002  -3.853892e+001  9.745486e+001  2.043393e+002  2.368840e+002  2.468311e+002  2.518547e+002  -0.000000e+000  
-1.791532e+002  -1.762628e+002  -1.705286e+002  -1.620431e+002  -1.509433e+002  -1.374083e+002  -1.207749e+002  -1.008513e+002  -7.891598e+001  -2.676866e+001  6.769095e+001  1.419316e+002  1.645368e+002  1.714458e+002  1.749352e+002  -0.000000e+000  
-9.804905e+001  -9.646716e+001  -9.332889e+001  -8.868488e+001  -8.261005e+001  -7.520242e+001  -6.609913e+001  -5.519508e+001  -4.319008e+001  -1.465027e+001  3.704670e+001  7.767800e+001  9.004962e+001  9.383090e+001  9.574058e+001  -0.000000e+000  
-4.913788e+001  -4.834510e+001  -4.677234e+001  -4.444496e+001  -4.140052e+001  -3.768814e+001  -3.312598e+001  -2.766135e+001  -2.164497e+001  -7.342072e+000  1.856618e+001  3.892880e+001  4.512891e+001  4.702392e+001  4.798097e+001  -0.000000e+000  
-0.000000e+000  -0.000000e+000  -0.000000e+000  -0.000000e+000  -0.000000e+000  -0.000000e+000  -0.000000e+000  -0.000000e+000  -0.000000e+000  -0.000000e+000  -0.000000e+000  -0.000000e+000  -0.000000e+000  -0.000000e+000  -0.000000e+000  -0.000000e+000  
4.913788e+001  4.834510e+001  4.677234e+001  4.444496e+001  4.140052e+001  3.768814e+001  3.312598e+001  2.766135e+001  2.164497e+001  7.342072e+000  -1.856618e+001  -3.892880e+001  -4.512891e+001  -4.702392e+001  -4.798097e+001  -0.000000e+000  
9.804905e+001  9.646716e+001  9.332889e+001  8.868488e+001  8.261005e+001  7.520242e+001  6.609913e+001  5.519508e+001  4.319008e+001  1.465027e+001  -3.704670e+001  -7.767800e+001  -9.004962e+001  -9.383090e+001  -9.574058e+001  -0.000000e+000  
1.791532e+002  1.762628e+002  1.705286e+002  1.620431e+002  1.509433e+002  1.374083e+002  1.207749e+002  1.008513e+002  7.891598e+001  2.676866e+001  -6.769095e+001  -1.419316e+002  -1.645368e+002  -1.714458e+002  -1.749352e+002  -0.000000e+000  
2.579274e+002  2.537660e+002  2.455105e+002  2.332940e+002  2.173136e+002  1.978271e+002  1.738800e+002  1.451959e+002  1.136156e+002  3.853892e+001  -9.745486e+001  -2.043393e+002  -2.368840e+002  -2.468311e+002  -2.518547e+002  -0.000000e+000  
3.333471e+002  3.279690e+002  3.172995e+002  3.015108e+002  2.808575e+002  2.556731e+002  2.247238e+002  1.876521e+002  1.468375e+002  4.980796e+001  -1.259513e+002  -2.640895e+002  -3.061506e+002  -3.190062e+002  -3.254987e+002  -0.000000e+000  
5.770479e+002  5.677380e+002  5.492683e+002  5.219369e+002  4.861847e+002  4.425886e+002  3.890131e+002  3.248394e+002  2.541864e+002  8.622119e+001  -2.180309e+002  -4.571581e+002  -5.299688e+002  -5.522227e+002  -5.634618e+002  -0.000000e+000  
7.273237e+002  7.155893e+002  6.923097e+002  6.578606e+002  6.127978e+002  5.578482e+002  4.903205e+002  4.094346e+002  3.203820e+002  1.086751e+002  -2.748108e+002  -5.762120e+002  -6.679841e+002  -6.960335e+002  -7.101995e+002  -0.000000e+000  
7.031117e+002  6.917679e+002  6.692633e+002  6.359610e+002  5.923982e+002  5.392779e+002  4.739981e+002  3.958049e+002  3.097167e+002  1.050574e+002  -2.656626e+002  -5.570304e+002  -6.457475e+002  -6.728631e+002  -6.865575e+002  -0.000000e+000  
5.102204e+002  5.019886e+002  4.856579e+002  4.614918e+002  4.298800e+002  3.913327e+002  3.439617e+002  2.872200e+002  2.247492e+002  7.623598e+001  -1.927809e+002  -4.042149e+002  -4.685935e+002  -4.882702e+002  -4.982077e+002  -0.000000e+000  
2.424642e+002  2.385524e+002  2.307918e+002  2.193077e+002  2.042853e+002  1.859671e+002  1.634557e+002  1.364912e+002  1.068041e+002  3.622845e+001  -9.161230e+001  -1.920889e+002  -2.226825e+002  -2.320332e+002  -2.367556e+002  -0.000000e+000  
1.634162e+002  1.607797e+002  1.555492e+002  1.478091e+002  1.376844e+002  1.253382e+002  1.101660e+002  9.199241e+001  7.198392e+001  2.441727e+001  -6.174492e+001  -1.294642e+002  -1.500837e+002  -1.563859e+002  -1.595687e+002  -0.000000e+000  
8.224291e+001  8.091602e+001  7.828366e+001  7.438830e+001  6.929277e+001  6.307929e+001  5.544352e+001  4.629726e+001  3.622754e+001  1.228855e+001  -3.107453e+001  -6.515579e+001  -7.553302e+001  -7.870474e+001  -8.030657e+001  -0.000000e+000  
-0.000000e+000  -0.000000e+000  -0.000000e+000  -0.000000e+000  -0.000000e+000  -0.000000e+000  -0.000000e+000  -0.000000e+000  -0.000000e+000  -0.000000e+000  -0.000000e+000  -0.000000e+000  -0.000000e+000  -0.000000e+000  -0.000000e+000  -0.000000e+000  

-0.000000e+000  -7.320745e+001  -1.452338e+002  -2.149170e+002  -2.811327e+002  -3.428128e+002  -3.989620e+002  -4.538369e+002  -4.996593e+002  -5.355152e+002  -5.773092e+002  -4.537369e+002  -2.321387e+002  -1.573804e+002  -7.948291e+001  -0.000000e+000  
-0.000000e+000  -7.225536e+001  -1.433450e+002  -2.121219e+002  -2.774765e+002  -3.383544e+002  -3.937733e+002  -4.479345e+002  -4.931610e+002  -5.285507e+002  -5.698011e+002  -4.478359e+002  -2.291197e+002  -1.553336e+002  -7.844920e+001  -0.000000e+000  
-0.000000e+000  -7.036356e+001  -1.395919e+002  -2.065681e+002  -2.702116e+002  -3.294956e+002  -3.834635e+002  -4.362067e+002  -4.802490e+002  -5.147121e+002  -5.548825e+002  -4.361106e+002  -2.231209e+002  -1.512667e+002  -7.639524e+001  -0.000000e+000  
-0.000000e+000  -6.370977e+001  -1.263917e+002  -1.870344e+002  -2.446595e+002  -2.983374e+002  -3.472020e+002  -3.949576e+002  -4.348352e+002  -4.660393e+002  -5.024111e+002  -3.948706e+002  -2.020219e+002  -1.369624e+002  -6.917107e+001  -0.000000e+000  
-0.000000e+000  -3.997717e+001  -7.930936e+001  -1.173620e+002  -1.535211e+002  -1.872034e+002  -2.178654e+002  -2.478315e+002  -2.728542e+002  -2.924345e+002  -3.152574e+002  -2.477769e+002  -1.267664e+002  -8.594238e+001  -4.340407e+001  -0.000000e+000  
-0.000000e+000  -5.017998e+000  -9.955037e+000  -1.473146e+001  -1.927022e+001  -2.349807e+001  -2.734681e+001  -3.110821e+001  -3.424910e+001  -3.670684e+001  -3.957161e+001  -3.110135e+001  -1.591193e+001  -1.078763e+001  -5.448149e+000  -0.000000e+000  
-0.000000e+000  3.114501e+001  6.178754e+001  9.143321e+001  1.196037e+002  1.458446e+002  1.697324e+002  1.930781e+002  2.125725e+002  2.278269e+002  2.456075e+002  1.930356e+002  9.875993e+001  6.695513e+001  3.381481e+001  -0.000000e+000  
-0.000000e+000  5.798605e+001  1.150366e+002  1.702311e+002  2.226792e+002  2.715347e+002  3.160092e+002  3.594744e+002  3.957694e+002  4.241702e+002  4.572743e+002  3.593953e+002  1.838721e+002  1.246577e+002  6.295671e+001  -0.000000e+000  
-0.000000e+000  6.713389e+001  1.331847e+002  1.970867e+002  2.578089e+002  3.143718e+002  3.658626e+002  4.161849e+002  4.582057e+002  4.910869e+002  5.294135e+002  4.160932e+002  2.128796e+002  1.443236e+002  7.288871e+001  -0.000000e+000  
-0.000000e+000  7.011980e+001  1.391083e+002  2.058525e+002  2.692755e+002  3.283541e+002  3.821351e+002  4.346955e+002  4.785853e+002  5.129290e+002  5.529602e+002  4.345997e+002  2.223479e+002  1.507426e+002  7.613058e+001  -0.000000e+000  
-0.000000e+000  7.219378e+001  1.432228e+002  2.119411e+002  2.772400e+002  3.380660e+002  3.934377e+002  4.475528e+002  4.927407e+002  5.281002e+002  5.693154e+002  4.474542e+002  2.289244e+002  1.552012e+002  7.838234e+001  -0.000000e+000  
-0.000000e+000  7.309932e+001  1.450193e+002  2.145995e+002  2.807175e+002  3.423065e+002  3.983727e+002  4.531666e+002  4.989213e+002  5.347243e+002  5.764566e+002  4.530668e+002  2.317959e+002  1.571480e+002  7.936552e+001  -0.000000e+000  
-0.000000e+000  7.343813e+001  1.456914e+002  2.155942e+002  2.820186e+002  3.438930e+002  4.002191e+002  4.552669e+002  5.012337e+002  5.372027e+002  5.791284e+002  4.551667e+002  2.328702e+002  1.578763e+002  7.973336e+001  -0.000000e+000  
-0.000000e+000  7.343813e+001  1.456914e+002  2.155942e+002  2.820186e+002  3.438930e+002  4.002191e+002  4.552669e+002  5.012337e+002  5.372027e+002  5.791284e+002  4.551667e+002  2.328702e+002  1.578763e+002  7.973336e+001  -0.000000e+000  
-0.000000e+000  7.309932e+001  1.450193e+002  2.145995e+002  2.807175e+002  3.423065e+002  3.983727e+002  4.531666e+002  4.989213e+002  5.347243e+002  5.764566e+002  4.530668e+002  2.317959e+002  1.571480e+002  7.936552e+001  -0.000000e+000  
-0.000000e+000  7.219378e+001  1.432228e+002  2.119411e+002  2.772400e+002  3.380660e+002  3.934377e+002  4.475528e+002  4.927407e+002  5.281002e+002  5.693154e+002  4.474542e+002  2.289244e+002  1.552012e+002  7.838234e+001  -0.000000e+000  
-0.000000e+000  7.011980e+001  1.391083e+002  2.058525e+002  2.692755e+002  3.283541e+002  3.821351e+002  4.346955e+002  4.785853e+002  5.129290e+002  5.529602e+002  4.345997e+002  2.223479e+002  1.507426e+002  7.613058e+001  -0.000000e+000  
-0.000000e+000  6.713389e+001  1.331847e+002  1.970867e+002  2.578089e+002  3.143718e+002  3.658626e+002  4.161849e+002  4.582057e+002  4.910869e+002  5.294135e+002  4.160932e+002  2.128796e+002  1.443236e+002  7.288871e+001  -0.000000e+000  
-0.000000e+000  5.798605e+001  1.150366e+002  1.702311e+002  2.226792e+002  2.715347e+002  3.160092e+002  3.594744e+002  3.957694e+002  4.241702e+002  4.572743e+002  3.593953e+002  1.838721e+002  1.246577e+002  6.295671e+001  -0.000000e+000  
-0.000000e+000  3.114501e+001  6.178754e+001  9.143321e+001  1.196037e+002  1.458446e+002  1.697324e+002  1.930781e+002  2.125725e+002  2.278269e+002  2.456075e+002  1.930356e+002  9.875993e+001  6.695513e+001  3.381481e+001  -0.000000e+000  
-0.000000e+000  -5.017998e+000  -9.955037e+000  -1.473146e+001  -1.927022e+001  -2.349807e+001  -2.734681e+001  -3.110821e+001  -3.424910e+001  -3.670684e+001  -3.957161e+001  -3.110135e+001  -1.591193e+001  -1.078763e+001  -5.448149e+000  -0.000000e+000  
-0.000000e+000  -3.997717e+001  -7.930936e+001  -1.173620e+002  -1.535211e+002  -1.872034e+002  -2.178654e+002  -2.478315e+002  -2.728542e+002  -2.924345e+002  -3.152574e+002  -2.477769e+002  -1.267664e+002  -8.594238e+001  -4.340407e+001  -0.000000e+000  
-0.000000e+000  -6.370977e+001  -1.263917e+002  -1.870344e+002  -2.446595e+002  -2.983374e+002  -3.472020e+002  -3.949576e+002  -4.348352e+002  -4.660393e+002  -5.024111e+002  -3.948706e+002  -2.020219e+002  -1.369624e+002  -6.917107e+001  -0.000000e+000  
-0.000000e+000  -7.036356e+001  -1.395919e+002  -2.065681e+002  -2.702116e+002  -3.294956e+002  -3.834635e+002  -4.362067e+002  -4.802490e+002  -5.147121e+002  -5.548825e+002  -4.361106e+002  -2.231209e+002  -1.512667e+002  -7.639524e+001  -0.000000e+000  
-0.000000e+000  -7.225536e+001  -1.433450e+002  -2.121219e+002  -2.774765e+002  -3.383544e+002  -3.937733e+002  -4.479345e+002  -4.931610e+002  -5.285507e+002  -5.698011e+002  -4.478359e+002  -2.291197e+002  -1.553336e+002  -7.844920e+001  -0.000000e+000  
-0.000000e+000  -7.320745e+001  -1.452338e+002  -2.149170e+002  -2.811327e+002  -3.428128e+002  -3.989620e+002  -4.538369e+002  -4.996593e+002  -5.355152e+002  -5.773092e+002  -4.537369e+002  -2.321387e+002  -1.573804e+002  -7.948291e+001  -0.000000e+000  
-0.000000e+000  -0.000000e+000  -0.000000e+000  -0.000000e+000  -0.000000e+000  -0.000000e+000  -0.000000e+000  -0.000000e+000  -0.000000e+000  -0.000000e+000  -0.000000e+000  -0.000000e+000  -0.000000e+000  -0.000000e+000  -0.000000e+000  -0.000000e+000  

-0.000000e+000  -0.000000e+000  -0.000000e+000  -0.000000e+000  -0.000000e+000  -0.000000e+000  -0.000000e+000  -0.000000e+000  -0.000000e+000  -0.000000e+000  -0.000000e+000  -0.000000e+000  -0.000000e+000  -0.000000e+000  -0.000000e+000  -0.000000e+000  
-0.000000e+000  1.485915e+001  2.947857e+001  4.362239e+001  5.706242e+001  6.958182e+001  8.097860e+001  9.211673e+001  1.014175e+002  1.086953e+002  1.171783e+002  9.209644e+001  4.711795e+001  3.194401e+001  1.613290e+001  -0.000000e+000  
-0.000000e+000  2.952506e+001  5.857376e+001  8.667746e+001  1.133827e+002  1.382587e+002  1.609040e+002  1.830354e+002  2.015159e+002  2.159769e+002  2.328327e+002  1.829951e+002  9.362311e+001  6.347258e+001  3.205599e+001  -0.000000e+000  
-0.000000e+000  4.380698e+001  8.690718e+001  1.286053e+002  1.682284e+002  2.051375e+002  2.387369e+002  2.715737e+002  2.989936e+002  3.204497e+002  3.454590e+002  2.715139e+002  1.389107e+002  9.417566e+001  4.756218e+001  -0.000000e+000  
-0.000000e+000  9.218354e+001  1.828798e+002  2.706256e+002  3.540051e+002  4.316732e+002  5.023769e+002  5.714758e+002  6.291759e+002  6.743260e+002  7.269534e+002  5.713499e+002  2.923114e+002  1.981750e+002  1.000857e+002  -0.000000e+000  
-0.000000e+000  1.270340e+002  2.520184e+002  3.729369e+002  4.878385e+002  5.948694e+002  6.923029e+002  7.875250e+002  8.670388e+002  9.292583e+002  1.001782e+003  7.873516e+002  4.028211e+002  2.730960e+002  1.379235e+002  -0.000000e+000  
-0.000000e+000  1.314085e+002  2.606968e+002  3.857791e+002  5.046374e+002  6.153540e+002  7.161427e+002  8.146439e+002  8.968958e+002  9.612578e+002  1.036279e+003  8.144644e+002  4.166924e+002  2.825002e+002  1.426730e+002  -0.000000e+000  
-0.000000e+000  1.042575e+002  2.068330e+002  3.060715e+002  4.003719e+002  4.882128e+002  5.681770e+002  6.463264e+002  7.115839e+002  7.626477e+002  8.221681e+002  6.461841e+002  3.305976e+002  2.241315e+002  1.131946e+002  -0.000000e+000  
-0.000000e+000  6.022714e+001  1.194826e+002  1.768103e+002  2.312855e+002  2.820291e+002  3.282226e+002  3.733677e+002  4.110654e+002  4.405638e+002  4.749473e+002  3.732854e+002  1.909785e+002  1.294755e+002  6.538990e+001  -0.000000e+000  
-0.000000e+000  4.660076e+001  9.244967e+001  1.368070e+002  1.789572e+002  2.182201e+002  2.539623e+002  2.888933e+002  3.180619e+002  3.408863e+002  3.674906e+002  2.888297e+002  1.477697e+002  1.001817e+002  5.059545e+001  -0.000000e+000  
-0.000000e+000  3.236832e+001  6.421441e+001  9.502449e+001  1.243015e+002  1.515730e+002  1.763991e+002  2.006617e+002  2.209219e+002  2.367754e+002  2.552544e+002  2.006175e+002  1.026390e+002  6.958498e+001  3.514298e+001  -0.000000e+000  
-0.000000e+000  1.771491e+001  3.514402e+001  5.200612e+001  6.802916e+001  8.295465e+001  9.654177e+001  1.098205e+002  1.209087e+002  1.295853e+002  1.396987e+002  1.097963e+002  5.617348e+001  3.808329e+001  1.923346e+001  -0.000000e+000  
-0.000000e+000  8.877935e+000  1.761264e+001  2.606318e+001  3.409323e+001  4.157322e+001  4.838249e+001  5.503721e+001  6.059414e+001  6.494243e+001  7.001083e+001  5.502509e+001  2.815168e+001  1.908567e+001  9.638966e+000  -0.000000e+000  
-0.000000e+000  2.557323e-008  -1.440996e-008  1.474155e-008  -2.073604e-008  1.209586e-010  -1.085188e-008  -2.852451e-008  -5.108419e-010  -3.429340e-010  -5.185883e-010  2.016596e-008  -1.016345e-009  1.890204e-008  2.412083e-008  -0.000000e+000  
-0.000000e+000  -8.877935e+000  -1.761264e+001  -2.606318e+001  -3.409323e+001  -4.157322e+001  -4.838249e+001  -5.503721e+001  -6.059414e+001  -6.494243e+001  -7.001083e+001  -5.502509e+001  -2.815168e+001  -1.908567e+001  -9.638966e+000  -0.000000e+000  
-0.000000e+000  -1.771491e+001  -3.514402e+001  -5.200612e+001  -6.802916e+001  -8.295465e+001  -9.654177e+001  -1.098205e+002  -1.209087e+002  -1.295853e+002  -1.396987e+002  -1.097963e+002  -5.617348e+001  -3.808329e+001  -1.923346e+001  -0.000000e+000  
-0.000000e+000  -3.236832e+001  -6.421441e+001  -9.502449e+001  -1.243015e+002  -1.515730e+002  -1.763991e+002  -2.006617e+002  -2.209219e+002  -2.367754e+002  -2.552544e+002  -2.006175e+002  -1.026390e+002  -6.958498e+001  -3.514298e+001  -0.000000e+000  
-0.000000e+000  -4.660076e+001  -9.244967e+001  -1.368070e+002  -1.789572e+002  -2.182201e+002  -2.539623e+002  -2.888933e+002  -3.180619e+002  -3.408863e+002  -3.674906e+002  -2.888297e+002  -1.477697e+002  -1.001817e+002  -5.059545e+001  -0.000000e+000  
-0.000000e+000  -6.022714e+001  -1.194826e+002  -1.768103e+002  -2.312855e+002  -2.820291e+002  -3.282226e+002  -3.733677e+002  -4.110654e+002  -4.405638e+002  -4.749473e+002  -3.732854e+002  -1.909785e+002  -1.294755e+002  -6.538990e+001  -0.000000e+000  
-0.000000e+000  -1.042575e+002  -2.068330e+002  -3.060715e+002  -4.003719e+002  -4.882128e+002  -5.681770e+002  -6.463264e+002  -7.115839e+002  -7.626477e+002  -8.221681e+002  -6.461841e+002  -3.305976e+002  -2.241315e+002  -1.131946e+002  -0.000000e+000  
-0.000000e+000  -1.314085e+002  -2.606968e+002  -3.857791e+002  -5.046374e+002  -6.153540e+002  -7.161427e+002  -8.146439e+002  -8.968958e+002  -9.612578e+002  -1.036279e+003  -8.144644e+002  -4.166924e+002  -2.825002e+002  -1.426730e+002  -0.000000e+000  
-0.000000e+000  -1.270340e+002  -2.520184e+002  -3.729369e+002  -4.878385e+002  -5.948694e+002  -6.923029e+002  -7.875250e+002  -8.670388e+002  -9.292583e+002  -1.001782e+003  -7.873516e+002  -4.028211e+002  -2.730960e+002  -1.379235e+002  -0.000000e+000  
-0.000000e+000  -9.218354e+001  -1.828798e+002  -2.706256e+002  -3.540051e+002  -4.316732e+002  -5.023769e+002  -5.714758e+002  -6.291759e+002  -6.743260e+002  -7.269534e+002  -5.713499e+002  -2.923114e+002  -1.981750e+002  -1.000857e+002  -0.000000e+000  
-0.000000e+000  -4.380698e+001  -8.690718e+001  -1.286053e+002  -1.682284e+002  -2.051375e+002  -2.387369e+002  -2.715737e+002  -2.989936e+002  -3.204497e+002  -3.454590e+002  -2.715139e+002  -1.389107e+002  -9.417566e+001  -4.756218e+001  -0.000000e+000  
-0.000000e+000  -2.952506e+001  -5.857376e+001  -8.667746e+001  -1.133827e+002  -1.382587e+002  -1.609040e+002  -1.830354e+002  -2.015159e+002  -2.159769e+002  -2.328327e+002  -1.829951e+002  -9.362311e+001  -6.347258e+001  -3.205599e+001  -0.000000e+000  
-0.000000e+000  -1.485915e+001  -2.947857e+001  -4.362239e+001  -5.706242e+001  -6.958182e+001  -8.097860e+001  -9.211673e+001  -1.014175e+002  -1.086953e+002  -1.171783e+002  -9.209644e+001  -4.711795e+001  -3.194401e+001  -1.613290e+001  -0.000000e+000  
-0.000000e+000  -0.000000e+000  -0.000000e+000  -0.000000e+000  -0.000000e+000  -0.000000e+000  -0.000000e+000  -0.000000e+000  -0.000000e+000  -0.000000e+000  -0.000000e+000  -0.000000e+000  -0.000000e+000  -0.000000e+000  -0.000000e+000  -0.000000e+000  

0.000000e+000  0.000000e+000  0.000000e+000  0.000000e+000  0.000000e+000  0.000000e+000  0.000000e+000  0.000000e+000  0.000000e+000  0.000000e+000  0.000000e+000  0.000000e+000  0.000000e+000  0.000000e+000  0.000000e+000  0.000000e+000  
0.000000e+000  0.000000e+000  0.000000e+000  0.000000e+000  0.000000e+000  0.000000e+000  0.000000e+000  0.000000e+000  0.000000e+000  0.000000e+000  0.000000e+000  0.000000e+000  0.000000e+000  0.000000e+000  0.000000e+000  0.000000e+000  
0.000000e+000  0.000000e+000  0.000000e+000  0.000000e+000  0.000000e+000  0.000000e+000  0.000000e+000  0.000000e+000  0.000000e+000  0.000000e+000  0.000000e+000  0.000000e+000  0.000000e+000  0.000000e+000  0.000000e+000  0.000000e+000  
0.000000e+000  0.000000e+000  0.000000e+000  0.000000e+000  0.000000e+000  0.000000e+000  0.000000e+000  0.000000e+000  0.000000e+000  0.000000e+000  0.000000e+000  0.000000e+000  0.000000e+000  0.000000e+000  0.000000e+000  0.000000e+000  
0.000000e+000  0.000000e+000  0.000000e+000  0.000000e+000  0.000000e+000  0.000000e+000  0.000000e+000  0.000000e+000  0.000000e+000  0.000000e+000  0.000000e+000  0.000000e+000  0.000000e+000  0.000000e+000  0.000000e+000  0.000000e+000  
0.000000e+000  0.000000e+000  0.000000e+000  0.000000e+000  0.000000e+000  0.000000e+000  0.000000e+000  0.000000e+000  0.000000e+000  0.000000e+000  0.000000e+000  0.000000e+000  0.000000e+000  0.000000e+000  0.000000e+000  0.000000e+000  
0.000000e+000  0.000000e+000  0.000000e+000  0.000000e+000  0.000000e+000  0.000000e+000  0.000000e+000  0.000000e+000  0.000000e+000  0.000000e+000  0.000000e+000  0.000000e+000  0.000000e+000  0.000000e+000  0.000000e+000  0.000000e+000  
0.000000e+000  0.000000e+000  0.000000e+000  0.000000e+000  0.000000e+000  0.000000e+000  0.000000e+000  0.000000e+000  0.000000e+000  0.000000e+000  0.000000e+000  0.000000e+000  0.000000e+000  0.000000e+000  0.000000e+000  0.000000e+000  
0.000000e+000  0.000000e+000  0.000000e+000  0.000000e+000  0.000000e+000  0.000000e+000  0.000000e+000  0.000000e+000  0.000000e+000  0.000000e+000  0.000000e+000  0.000000e+000  0.000000e+000  0.000000e+000  0.000000e+000  0.000000e+000  
0.000000e+000  0.000000e+000  0.000000e+000  0.000000e+000  0.000000e+000  0.000000e+000  0.000000e+000  0.000000e+000  0.000000e+000  0.000000e+000  0.000000e+000  0.000000e+000  0.000000e+000  0.000000e+000  0.000000e+000  0.000000e+000  
0.000000e+000  0.000000e+000  0.000000e+000  0.000000e+000  0.000000e+000  0.000000e+000  0.000000e+000  0.000000e+000  0.000000e+000  0.000000e+000  0.000000e+000  0.000000e+000  0.000000e+000  0.000000e+000  0.000000e+000  0.000000e+000  
0.000000e+000  0.000000e+000  0.000000e+000  0.000000e+000  0.000000e+000  0.000000e+000  0.000000e+000  0.000000e+000  0.000000e+000  0.000000e+000  0.000000e+000  0.000000e+000  0.000000e+000  0.000000e+000  0.000000e+000  0.000000e+000  
0.000000e+000  0.000000e+000  0.000000e+000  0.000000e+000  0.000000e+000  0.000000e+000  0.000000e+000  0.000000e+000  0.000000e+000  0.000000e+000  0.000000e+000  0.000000e+000  0.000000e+000  0.000000e+000  0.000000e+000  0.000000e+000  
0.000000e+000  0.000000e+000  0.000000e+000  0.000000e+000  0.000000e+000  0.000000e+000  0.000000e+000  0.000000e+000  0.000000e+000  0.000000e+000  0.000000e+000  0.000000e+000  0.000000e+000  0.000000e+000  0.000000e+000  0.000000e+000  
0.000000e+000  0.000000e+000  0.000000e+000  0.000000e+000  0.000000e+000  0.000000e+000  0.000000e+000  0.000000e+000  0.000000e+000  0.000000e+000  0.000000e+000  0.000000e+000  0.000000e+000  0.000000e+000  0.000000e+000  0.000000e+000  
0.000000e+000  0.000000e+000  0.000000e+000  0.000000e+000  0.000000e+000  0.000000e+000  0.000000e+000  0.000000e+000  0.000000e+000  0.000000e+000  0.000000e+000  0.000000e+000  0.000000e+000  0.000000e+000  0.000000e+000  0.000000e+000  
0.000000e+000  0.000000e+000  0.000000e+000  0.000000e+000  0.000000e+000  0.000000e+000  0.000000e+000  0.000000e+000  0.000000e+000  0.000000e+000  0.000000e+000  0.000000e+000  0.000000e+000  0.000000e+000  0.000000e+000  0.000000e+000  
0.000000e+000  0.000000e+000  0.000000e+000  0.000000e+000  0.000000e+000  0.000000e+000  0.000000e+000  0.000000e+000  0.000000e+000  0.000000e+000  0.000000e+000  0.000000e+000  0.000000e+000  0.000000e+000  0.000000e+000  0.000000e+000  
0.000000e+000  0.000000e+000  0.000000e+000  0.000000e+000  0.000000e+000  0.000000e+000  0.000000e+000  0.000000e+000  0.000000e+000  0.000000e+000  0.000000e+000  0.000000e+000  0.000000e+000  0.000000e+000  0.000000e+000  0.000000e+000  
0.000000e+000  0.000000e+000  0.000000e+000  0.000000e+000  0.000000e+000  0.000000e+000  0.000000e+000  0.000000e+000  0.000000e+000  0.000000e+000  0.000000e+000  0.000000e+000  0.000000e+000  0.000000e+000  0.000000e+000  0.000000e+000  
0.000000e+000  0.000000e+000  0.000000e+000  0.000000e+000  0.000000e+000  0.000000e+000  0.000000e+000  0.000000e+000  0.000000e+000  0.000000e+000  0.000000e+000  0.000000e+000  0.000000e+000  0.000000e+000  0.000000e+000  0.000000e+000  
0.000000e+000  0.000000e+000  0.000000e+000  0.000000e+000  0.000000e+000  0.000000e+000  0.000000e+000  0.000000e+000  0.000000e+000  0.000000e+000  0.000000e+000  0.000000e+000  0.000000e+000  0.000000e+000  0.000000e+000  0.000000e+000  
0.000000e+000  0.000000e+000  0.000000e+000  0.000000e+000  0.000000e+000  0.000000e+000  0.000000e+000  0.000000e+000  0.000000e+000  0.000000e+000  0.000000e+000  0.000000e+000  0.000000e+000  0.000000e+000  0.000000e+000  0.000000e+000  
0.000000e+000  0.000000e+000  0.000000e+000  0.000000e+000  0.000000e+000  0.000000e+000  0.000000e+000  0.000000e+000  0.000000e+000  0.000000e+000  0.000000e+000  0.000000e+000  0.000000e+000  0.000000e+000  0.000000e+000  0.000000e+000  
0.000000e+000  0.000000e+000  0.000000e+000  0.000000e+000  0.000000e+000  0.000000e+000  0.000000e+000  0.000000e+000  0.000000e+000  0.000000e+000  0.000000e+000  0.000000e+000  0.000000e+000  0.000000e+000  0.000000e+000  0.000000e+000  
0.000000e+000  0.000000e+000  0.000000e+000  0.000000e+000  0.000000e+000  0.000000e+000  0.000000e+000  0.000000e+000  0.000000e+000  0.000000e+000  0.000000e+000  0.000000e+000  0.000000e+000  0.000000e+000  0.000000e+000  0.000000e+000  
0.000000e+000  0.000000e+000  0.000000e+000  0.000000e+000  0.000000e+000  0.000000e+000  0.000000e+000  0.000000e+000  0.000000e+000  0.000000e+000  0.000000e+000  0.000000e+000  0.000000e+000  0.000000e+000  0.000000e+000  0.000000e+000  

0.000000e+000  0.000000e+000  0.000000e+000  0.000000e+000  0.000000e+000  0.000000e+000  0.000000e+000  0.000000e+000  0.000000e+000  0.000000e+000  0.000000e+000  0.000000e+000  0.000000e+000  0.000000e+000  0.000000e+000  0.000000e+000  
0.000000e+000  0.000000e+000  0.000000e+000  0.000000e+000  0.000000e+000  0.000000e+000  0.000000e+000  0.000000e+000  0.000000e+000  0.000000e+000  0.000000e+000  0.000000e+000  0.000000e+000  0.000000e+000  0.000000e+000  0.000000e+000  
0.000000e+000  0.000000e+000  0.000000e+000  0.000000e+000  0.000000e+000  0.000000e+000  0.000000e+000  0.000000e+000  0.000000e+000  0.000000e+000  0.000000e+000  0.000000e+000  0.000000e+000  0.000000e+000  0.000000e+000  0.000000e+000  
0.000000e+000  0.000000e+000  0.000000e+000  0.000000e+000  0.000000e+000  0.000000e+000  0.000000e+000  0.000000e+000  0.000000e+000  0.000000e+000  0.000000e+000  0.000000e+000  0.000000e+000  0.000000e+000  0.000000e+000  0.000000e+000  
0.000000e+000  0.000000e+000  0.000000e+000  0.000000e+000  0.000000e+000  0.000000e+000  0.000000e+000  0.000000e+000  0.000000e+000  0.000000e+000  0.000000e+000  0.000000e+000  0.000000e+000  0.000000e+000  0.000000e+000  0.000000e+000  
0.000000e+000  0.000000e+000  0.000000e+000  0.000000e+000  0.000000e+000  0.000000e+000  0.000000e+000  0.000000e+000  0.000000e+000  0.000000e+000  0.000000e+000  0.000000e+000  0.000000e+000  0.000000e+000  0.000000e+000  0.000000e+000  
0.000000e+000  0.000000e+000  0.000000e+000  0.000000e+000  0.000000e+000  0.000000e+000  0.000000e+000  0.000000e+000  0.000000e+000  0.000000e+000  0.000000e+000  0.000000e+000  0.000000e+000  0.000000e+000  0.000000e+000  0.000000e+000  
0.000000e+000  0.000000e+000  0.000000e+000  0.000000e+000  0.000000e+000  0.000000e+000  0.000000e+000  0.000000e+000  0.000000e+000  0.000000e+000  0.000000e+000  0.000000e+000  0.000000e+000  0.000000e+000  0.000000e+000  0.000000e+000  
0.000000e+000  0.000000e+000  0.000000e+000  0.000000e+000  0.000000e+000  0.000000e+000  0.000000e+000  0.000000e+000  0.000000e+000  0.000000e+000  0.000000e+000  0.000000e+000  0.000000e+000  0.000000e+000  0.000000e+000  0.000000e+000  
0.000000e+000  0.000000e+000  0.000000e+000  0.000000e+000  0.000000e+000  0.000000e+000  0.000000e+000  0.000000e+000  0.000000e+000  0.000000e+000  0.000000e+000  0.000000e+000  0.000000e+000  0.000000e+000  0.000000e+000  0.000000e+000  
0.000000e+000  0.000000e+000  0.000000e+000  0.000000e+000  0.000000e+000  0.000000e+000  0.000000e+000  0.000000e+000  0.000000e+000  0.000000e+000  0.000000e+000  0.000000e+000  0.000000e+000  0.000000e+000  0.000000e+000  0.000000e+000  
0.000000e+000  0.000000e+000  0.000000e+000  0.000000e+000  0.000000e+000  0.000000e+000  0.000000e+000  0.000000e+000  0.000000e+000  0.000000e+000  0.000000e+000  0.000000e+000  0.000000e+000  0.000000e+000  0.000000e+000  0.000000e+000  
0.000000e+000  0.000000e+000  0.000000e+000  0.000000e+000  0.000000e+000  0.000000e+000  0.000000e+000  0.000000e+000  0.000000e+000  0.000000e+000  0.000000e+000  0.000000e+000  0.000000e+000  0.000000e+000  0.000000e+000  0.000000e+000  
0.000000e+000  0.000000e+000  0.000000e+000  0.000000e+000  0.000000e+000  0.000000e+000  0.000000e+000  0.000000e+000  0.000000e+000  0.000000e+000  0.000000e+000  0.000000e+000  0.000000e+000  0.000000e+000  0.000000e+000  0.000000e+000  
0.000000e+000  0.000000e+000  0.000000e+000  0.000000e+000  0.000000e+000  0.000000e+000  0.000000e+000  0.000000e+000  0.000000e+000  0.000000e+000  0.000000e+000  0.000000e+000  0.000000e+000  0.000000e+000  0.000000e+000  0.000000e+000  
0.000000e+000  0.000000e+000  0.000000e+000  0.000000e+000  0.000000e+000  0.000000e+000  0.000000e+000  0.000000e+000  0.000000e+000  0.000000e+000  0.000000e+000  0.000000e+000  0.000000e+000  0.000000e+000  0.000000e+000  0.000000e+000  
0.000000e+000  0.000000e+000  0.000000e+000  0.000000e+000  0.000000e+000  0.000000e+000  0.000000e+000  0.000000e+000  0.000000e+000  0.000000e+000  0.000000e+000  0.000000e+000  0.000000e+000  0.000000e+000  0.000000e+000  0.000000e+000  
0.000000e+000  0.000000e+000  0.000000e+000  0.000000e+000  0.000000e+000  0.000000e+000  0.000000e+000  0.000000e+000  0.000000e+000  0.000000e+000  0.000000e+000  0.000000e+000  0.000000e+000  0.000000e+000  0.000000e+000  0.000000e+000  
0.000000e+000  0.000000e+000  0.000000e+000  0.000000e+000  0.000000e+000  0.000000e+000  0.000000e+000  0.000000e+000  0.000000e+000  0.000000e+000  0.000000e+000  0.000000e+000  0.000000e+000  0.000000e+000  0.000000e+000  0.000000e+000  
0.000000e+000  0.000000e+000  0.000000e+000  0.000000e+000  0.000000e+000  0.000000e+000  0.000000e+000  0.000000e+000  0.000000e+000  0.000000e+000  0.000000e+000  0.000000e+000  0.000000e+000  0.000000e+000  0.000000e+000  0.000000e+000  
0.000000e+000  0.000000e+000  0.000000e+000  0.000000e+000  0.000000e+000  0.000000e+000  0.000000e+000  0.000000e+000  0.000000e+000  0.000000e+000  0.000000e+000  0.000000e+000  0.000000e+000  0.000000e+000  0.000000e+000  0.000000e+000  
0.000000e+000  0.000000e+000  0.000000e+000  0.000000e+000  0.000000e+000  0.000000e+000  0.000000e+000  0.000000e+000  0.000000e+000  0.000000e+000  0.000000e+000  0.000000e+000  0.000000e+000  0.000000e+000  0.000000e+000  0.000000e+000  
0.000000e+000  0.000000e+000  0.000000e+000  0.000000e+000  0.000000e+000  0.000000e+000  0.000000e+000  0.000000e+000  0.000000e+000  0.000000e+000  0.000000e+000  0.000000e+000  0.000000e+000  0.000000e+000  0.000000e+000  0.000000e+000  
0.000000e+000  0.000000e+000  0.000000e+000  0.000000e+000  0.000000e+000  0.000000e+000  0.000000e+000  0.000000e+000  0.000000e+000  0.000000e+000  0.000000e+000  0.000000e+000  0.000000e+000  0.000000e+000  0.000000e+000  0.000000e+000  
0.000000e+000  0.000000e+000  0.000000e+000  0.000000e+000  0.000000e+000  0.000000e+000  0.000000e+000  0.000000e+000  0.000000e+000  0.000000e+000  0.000000e+000  0.000000e+000  0.000000e+000  0.000000e+000  0.000000e+000  0.000000e+000  
0.000000e+000  0.000000e+000  0.000000e+000  0.000000e+000  0.000000e+000  0.000000e+000  0.000000e+000  0.000000e+000  0.000000e+000  0.000000e+000  0.000000e+000  0.000000e+000  0.000000e+000  0.000000e+000  0.000000e+000  0.000000e+000  
0.000000e+000  0.000000e+000  0.000000e+000  0.000000e+000  0.000000e+000  0.000000e+000  0.000000e+000  0.000000e+000  0.000000e+000  0.000000e+000  0.000000e+000  0.000000e+000  0.000000e+000  0.000000e+000  0.000000e+000  0.000000e+000  

0.000000e+000  0.000000e+000  0.000000e+000  0.000000e+000  0.000000e+000  0.000000e+000  0.000000e+000  0.000000e+000  0.000000e+000  0.000000e+000  0.000000e+000  0.000000e+000  0.000000e+000  0.000000e+000  0.000000e+000  0.000000e+000  
0.000000e+000  0.000000e+000  0.000000e+000  0.000000e+000  0.000000e+000  0.000000e+000  0.000000e+000  0.000000e+000  0.000000e+000  0.000000e+000  0.000000e+000  0.000000e+000  0.000000e+000  0.000000e+000  0.000000e+000  0.000000e+000  
0.000000e+000  0.000000e+000  0.000000e+000  0.000000e+000  0.000000e+000  0.000000e+000  0.000000e+000  0.000000e+000  0.000000e+000  0.000000e+000  0.000000e+000  0.000000e+000  0.000000e+000  0.000000e+000  0.000000e+000  0.000000e+000  
0.000000e+000  0.000000e+000  0.000000e+000  0.000000e+000  0.000000e+000  0.000000e+000  0.000000e+000  0.000000e+000  0.000000e+000  0.000000e+000  0.000000e+000  0.000000e+000  0.000000e+000  0.000000e+000  0.000000e+000  0.000000e+000  
0.000000e+000  0.000000e+000  0.000000e+000  0.000000e+000  0.000000e+000  0.000000e+000  0.000000e+000  0.000000e+000  0.000000e+000  0.000000e+000  0.000000e+000  0.000000e+000  0.000000e+000  0.000000e+000  0.000000e+000  0.000000e+000  
0.000000e+000  0.000000e+000  0.000000e+000  0.000000e+000  0.000000e+000  0.000000e+000  0.000000e+000  0.000000e+000  0.000000e+000  0.000000e+000  0.000000e+000  0.000000e+000  0.000000e+000  0.000000e+000  0.000000e+000  0.000000e+000  
0.000000e+000  0.000000e+000  0.000000e+000  0.000000e+000  0.000000e+000  0.000000e+000  0.000000e+000  0.000000e+000  0.000000e+000  0.000000e+000  0.000000e+000  0.000000e+000  0.000000e+000  0.000000e+000  0.000000e+000  0.000000e+000  
0.000000e+000  0.000000e+000  0.000000e+000  0.000000e+000  0.000000e+000  0.000000e+000  0.000000e+000  0.000000e+000  0.000000e+000  0.000000e+000  0.000000e+000  0.000000e+000  0.000000e+000  0.000000e+000  0.000000e+000  0.000000e+000  
0.000000e+000  0.000000e+000  0.000000e+000  0.000000e+000  0.000000e+000  0.000000e+000  0.000000e+000  0.000000e+000  0.000000e+000  0.000000e+000  0.000000e+000  0.000000e+000  0.000000e+000  0.000000e+000  0.000000e+000  0.000000e+000  
0.000000e+000  0.000000e+000  0.000000e+000  0.000000e+000  0.000000e+000  0.000000e+000  0.000000e+000  0.000000e+000  0.000000e+000  0.000000e+000  0.000000e+000  0.000000e+000  0.000000e+000  0.000000e+000  0.000000e+000  0.000000e+000  
0.000000e+000  0.000000e+000  0.000000e+000  0.000000e+000  0.000000e+000  0.000000e+000  0.000000e+000  0.000000e+000  0.000000e+000  0.000000e+000  0.000000e+000  0.000000e+000  0.000000e+000  0.000000e+000  0.000000e+000  0.000000e+000  
0.000000e+000  0.000000e+000  0.000000e+000  0.000000e+000  0.000000e+000  0.000000e+000  0.000000e+000  0.000000e+000  0.000000e+000  0.000000e+000  0.000000e+000  0.000000e+000  0.000000e+000  0.000000e+000  0.000000e+000  0.000000e+000  
0.000000e+000  0.000000e+000  0.000000e+000  0.000000e+000  0.000000e+000  0.000000e+000  0.000000e+000  0.000000e+000  0.000000e+000  0.000000e+000  0.000000e+000  0.000000e+000  0.000000e+000  0.000000e+000  0.000000e+000  0.000000e+000  
0.000000e+000  0.000000e+000  0.000000e+000  0.000000e+000  0.000000e+000  0.000000e+000  0.000000e+000  0.000000e+000  0.000000e+000  0.000000e+000  0.000000e+000  0.000000e+000  0.000000e+000  0.000000e+000  0.000000e+000  0.000000e+000  
0.000000e+000  0.000000e+000  0.000000e+000  0.000000e+000  0.000000e+000  0.000000e+000  0.000000e+000  0.000000e+000  0.000000e+000  0.000000e+000  0.000000e+000  0.000000e+000  0.000000e+000  0.000000e+000  0.000000e+000  0.000000e+000  
0.000000e+000  0.000000e+000  0.000000e+000  0.000000e+000  0.000000e+000  0.000000e+000  0.000000e+000  0.000000e+000  0.000000e+000  0.000000e+000  0.000000e+000  0.000000e+000  0.000000e+000  0.000000e+000  0.000000e+000  0.000000e+000  
0.000000e+000  0.000000e+000  0.000000e+000  0.000000e+000  0.000000e+000  0.000000e+000  0.000000e+000  0.000000e+000  0.000000e+000  0.000000e+000  0.000000e+000  0.000000e+000  0.000000e+000  0.000000e+000  0.000000e+000  0.000000e+000  
0.000000e+000  0.000000e+000  0.000000e+000  0.000000e+000  0.000000e+000  0.000000e+000  0.000000e+000  0.000000e+000  0.000000e+000  0.000000e+000  0.000000e+000  0.000000e+000  0.000000e+000  0.000000e+000  0.000000e+000  0.000000e+000  
0.000000e+000  0.000000e+000  0.000000e+000  0.000000e+000  0.000000e+000  0.000000e+000  0.000000e+000  0.000000e+000  0.000000e+000  0.000000e+000  0.000000e+000  0.000000e+000  0.000000e+000  0.000000e+000  0.000000e+000  0.000000e+000  
0.000000e+000  0.000000e+000  0.000000e+000  0.000000e+000  0.000000e+000  0.000000e+000  0.000000e+000  0.000000e+000  0.000000e+000  0.000000e+000  0.000000e+000  0.000000e+000  0.000000e+000  0.000000e+000  0.000000e+000  0.000000e+000  
0.000000e+000  0.000000e+000  0.000000e+000  0.000000e+000  0.000000e+000  0.000000e+000  0.000000e+000  0.000000e+000  0.000000e+000  0.000000e+000  0.000000e+000  0.000000e+000  0.000000e+000  0.000000e+000  0.000000e+000  0.000000e+000  
0.000000e+000  0.000000e+000  0.000000e+000  0.000000e+000  0.000000e+000  0.000000e+000  0.000000e+000  0.000000e+000  0.000000e+000  0.000000e+000  0.000000e+000  0.000000e+000  0.000000e+000  0.000000e+000  0.000000e+000  0.000000e+000  
0.000000e+000  0.000000e+000  0.000000e+000  0.000000e+000  0.000000e+000  0.000000e+000  0.000000e+000  0.000000e+000  0.000000e+000  0.000000e+000  0.000000e+000  0.000000e+000  0.000000e+000  0.000000e+000  0.000000e+000  0.000000e+000  
0.000000e+000  0.000000e+000  0.000000e+000  0.000000e+000  0.000000e+000  0.000000e+000  0.000000e+000  0.000000e+000  0.000000e+000  0.000000e+000  0.000000e+000  0.000000e+000  0.000000e+000  0.000000e+000  0.000000e+000  0.000000e+000  
0.000000e+000  0.000000e+000  0.000000e+000  0.000000e+000  0.000000e+000  0.000000e+000  0.000000e+000  0.000000e+000  0.000000e+000  0.000000e+000  0.000000e+000  0.000000e+000  0.000000e+000  0.000000e+000  0.000000e+000  0.000000e+000  
0.000000e+000  0.000000e+000  0.000000e+000  0.000000e+000  0.000000e+000  0.000000e+000  0.000000e+000  0.000000e+000  0.000000e+000  0.000000e+000  0.000000e+000  0.000000e+000  0.000000e+000  0.000000e+000  0.000000e+000  0.000000e+000  
0.000000e+000  0.000000e+000  0.000000e+000  0.000000e+000  0.000000e+000  0.000000e+000  0.000000e+000  0.000000e+000  0.000000e+000  0.000000e+000  0.000000e+000  0.000000e+000  0.000000e+000  0.000000e+000  0.000000e+000  0.000000e+000  

