Port monitor named: Port2_h4.prt

nx        = 3
ny        = 18
nz        = 29

nu        = 16
nv        = 27
iu        = 2
iv        = 2

idir      = 0
dcut      = 5.114300e-001
icut      = 3
type      = 1
frequency = 2.200000e+009

fcutoff   = 4.244477e+009
alpha     = 7.605233e+001
beta      = 0.000000e+000
accuracy  = 1.387451e-009

type          = TE
wave imp.     = 2.284020e+002
wave imp.sig. = 8.128942e-006
line imp.     = 0.000000e+000

ref. port     = 0

0.000000e+000  0.000000e+000  0.000000e+000  0.000000e+000  0.000000e+000  0.000000e+000  0.000000e+000  0.000000e+000  0.000000e+000  0.000000e+000  0.000000e+000  0.000000e+000  0.000000e+000  0.000000e+000  0.000000e+000  0.000000e+000  
0.000000e+000  0.000000e+000  0.000000e+000  0.000000e+000  0.000000e+000  0.000000e+000  0.000000e+000  0.000000e+000  0.000000e+000  0.000000e+000  0.000000e+000  0.000000e+000  0.000000e+000  0.000000e+000  0.000000e+000  0.000000e+000  
0.000000e+000  0.000000e+000  0.000000e+000  0.000000e+000  0.000000e+000  0.000000e+000  0.000000e+000  0.000000e+000  0.000000e+000  0.000000e+000  0.000000e+000  0.000000e+000  0.000000e+000  0.000000e+000  0.000000e+000  0.000000e+000  
0.000000e+000  0.000000e+000  0.000000e+000  0.000000e+000  0.000000e+000  0.000000e+000  0.000000e+000  0.000000e+000  0.000000e+000  0.000000e+000  0.000000e+000  0.000000e+000  0.000000e+000  0.000000e+000  0.000000e+000  0.000000e+000  
0.000000e+000  0.000000e+000  0.000000e+000  0.000000e+000  0.000000e+000  0.000000e+000  0.000000e+000  0.000000e+000  0.000000e+000  0.000000e+000  0.000000e+000  0.000000e+000  0.000000e+000  0.000000e+000  0.000000e+000  0.000000e+000  
0.000000e+000  0.000000e+000  0.000000e+000  0.000000e+000  0.000000e+000  0.000000e+000  0.000000e+000  0.000000e+000  0.000000e+000  0.000000e+000  0.000000e+000  0.000000e+000  0.000000e+000  0.000000e+000  0.000000e+000  0.000000e+000  
0.000000e+000  0.000000e+000  0.000000e+000  0.000000e+000  0.000000e+000  0.000000e+000  0.000000e+000  0.000000e+000  0.000000e+000  0.000000e+000  0.000000e+000  0.000000e+000  0.000000e+000  0.000000e+000  0.000000e+000  0.000000e+000  
0.000000e+000  0.000000e+000  0.000000e+000  0.000000e+000  0.000000e+000  0.000000e+000  0.000000e+000  0.000000e+000  0.000000e+000  0.000000e+000  0.000000e+000  0.000000e+000  0.000000e+000  0.000000e+000  0.000000e+000  0.000000e+000  
0.000000e+000  0.000000e+000  0.000000e+000  0.000000e+000  0.000000e+000  0.000000e+000  0.000000e+000  0.000000e+000  0.000000e+000  0.000000e+000  0.000000e+000  0.000000e+000  0.000000e+000  0.000000e+000  0.000000e+000  0.000000e+000  
0.000000e+000  0.000000e+000  0.000000e+000  0.000000e+000  0.000000e+000  0.000000e+000  0.000000e+000  0.000000e+000  0.000000e+000  0.000000e+000  0.000000e+000  0.000000e+000  0.000000e+000  0.000000e+000  0.000000e+000  0.000000e+000  
0.000000e+000  0.000000e+000  0.000000e+000  0.000000e+000  0.000000e+000  0.000000e+000  0.000000e+000  0.000000e+000  0.000000e+000  0.000000e+000  0.000000e+000  0.000000e+000  0.000000e+000  0.000000e+000  0.000000e+000  0.000000e+000  
0.000000e+000  0.000000e+000  0.000000e+000  0.000000e+000  0.000000e+000  0.000000e+000  0.000000e+000  0.000000e+000  0.000000e+000  0.000000e+000  0.000000e+000  0.000000e+000  0.000000e+000  0.000000e+000  0.000000e+000  0.000000e+000  
0.000000e+000  0.000000e+000  0.000000e+000  0.000000e+000  0.000000e+000  0.000000e+000  0.000000e+000  0.000000e+000  0.000000e+000  0.000000e+000  0.000000e+000  0.000000e+000  0.000000e+000  0.000000e+000  0.000000e+000  0.000000e+000  
0.000000e+000  0.000000e+000  0.000000e+000  0.000000e+000  0.000000e+000  0.000000e+000  0.000000e+000  0.000000e+000  0.000000e+000  0.000000e+000  0.000000e+000  0.000000e+000  0.000000e+000  0.000000e+000  0.000000e+000  0.000000e+000  
0.000000e+000  0.000000e+000  0.000000e+000  0.000000e+000  0.000000e+000  0.000000e+000  0.000000e+000  0.000000e+000  0.000000e+000  0.000000e+000  0.000000e+000  0.000000e+000  0.000000e+000  0.000000e+000  0.000000e+000  0.000000e+000  
0.000000e+000  0.000000e+000  0.000000e+000  0.000000e+000  0.000000e+000  0.000000e+000  0.000000e+000  0.000000e+000  0.000000e+000  0.000000e+000  0.000000e+000  0.000000e+000  0.000000e+000  0.000000e+000  0.000000e+000  0.000000e+000  
0.000000e+000  0.000000e+000  0.000000e+000  0.000000e+000  0.000000e+000  0.000000e+000  0.000000e+000  0.000000e+000  0.000000e+000  0.000000e+000  0.000000e+000  0.000000e+000  0.000000e+000  0.000000e+000  0.000000e+000  0.000000e+000  
0.000000e+000  0.000000e+000  0.000000e+000  0.000000e+000  0.000000e+000  0.000000e+000  0.000000e+000  0.000000e+000  0.000000e+000  0.000000e+000  0.000000e+000  0.000000e+000  0.000000e+000  0.000000e+000  0.000000e+000  0.000000e+000  
0.000000e+000  0.000000e+000  0.000000e+000  0.000000e+000  0.000000e+000  0.000000e+000  0.000000e+000  0.000000e+000  0.000000e+000  0.000000e+000  0.000000e+000  0.000000e+000  0.000000e+000  0.000000e+000  0.000000e+000  0.000000e+000  
0.000000e+000  0.000000e+000  0.000000e+000  0.000000e+000  0.000000e+000  0.000000e+000  0.000000e+000  0.000000e+000  0.000000e+000  0.000000e+000  0.000000e+000  0.000000e+000  0.000000e+000  0.000000e+000  0.000000e+000  0.000000e+000  
0.000000e+000  0.000000e+000  0.000000e+000  0.000000e+000  0.000000e+000  0.000000e+000  0.000000e+000  0.000000e+000  0.000000e+000  0.000000e+000  0.000000e+000  0.000000e+000  0.000000e+000  0.000000e+000  0.000000e+000  0.000000e+000  
0.000000e+000  0.000000e+000  0.000000e+000  0.000000e+000  0.000000e+000  0.000000e+000  0.000000e+000  0.000000e+000  0.000000e+000  0.000000e+000  0.000000e+000  0.000000e+000  0.000000e+000  0.000000e+000  0.000000e+000  0.000000e+000  
0.000000e+000  0.000000e+000  0.000000e+000  0.000000e+000  0.000000e+000  0.000000e+000  0.000000e+000  0.000000e+000  0.000000e+000  0.000000e+000  0.000000e+000  0.000000e+000  0.000000e+000  0.000000e+000  0.000000e+000  0.000000e+000  
0.000000e+000  0.000000e+000  0.000000e+000  0.000000e+000  0.000000e+000  0.000000e+000  0.000000e+000  0.000000e+000  0.000000e+000  0.000000e+000  0.000000e+000  0.000000e+000  0.000000e+000  0.000000e+000  0.000000e+000  0.000000e+000  
0.000000e+000  0.000000e+000  0.000000e+000  0.000000e+000  0.000000e+000  0.000000e+000  0.000000e+000  0.000000e+000  0.000000e+000  0.000000e+000  0.000000e+000  0.000000e+000  0.000000e+000  0.000000e+000  0.000000e+000  0.000000e+000  
0.000000e+000  0.000000e+000  0.000000e+000  0.000000e+000  0.000000e+000  0.000000e+000  0.000000e+000  0.000000e+000  0.000000e+000  0.000000e+000  0.000000e+000  0.000000e+000  0.000000e+000  0.000000e+000  0.000000e+000  0.000000e+000  
0.000000e+000  0.000000e+000  0.000000e+000  0.000000e+000  0.000000e+000  0.000000e+000  0.000000e+000  0.000000e+000  0.000000e+000  0.000000e+000  0.000000e+000  0.000000e+000  0.000000e+000  0.000000e+000  0.000000e+000  0.000000e+000  

0.000000e+000  0.000000e+000  0.000000e+000  0.000000e+000  0.000000e+000  0.000000e+000  0.000000e+000  0.000000e+000  0.000000e+000  0.000000e+000  0.000000e+000  0.000000e+000  0.000000e+000  0.000000e+000  0.000000e+000  0.000000e+000  
0.000000e+000  0.000000e+000  0.000000e+000  0.000000e+000  0.000000e+000  0.000000e+000  0.000000e+000  0.000000e+000  0.000000e+000  0.000000e+000  0.000000e+000  0.000000e+000  0.000000e+000  0.000000e+000  0.000000e+000  0.000000e+000  
0.000000e+000  0.000000e+000  0.000000e+000  0.000000e+000  0.000000e+000  0.000000e+000  0.000000e+000  0.000000e+000  0.000000e+000  0.000000e+000  0.000000e+000  0.000000e+000  0.000000e+000  0.000000e+000  0.000000e+000  0.000000e+000  
0.000000e+000  0.000000e+000  0.000000e+000  0.000000e+000  0.000000e+000  0.000000e+000  0.000000e+000  0.000000e+000  0.000000e+000  0.000000e+000  0.000000e+000  0.000000e+000  0.000000e+000  0.000000e+000  0.000000e+000  0.000000e+000  
0.000000e+000  0.000000e+000  0.000000e+000  0.000000e+000  0.000000e+000  0.000000e+000  0.000000e+000  0.000000e+000  0.000000e+000  0.000000e+000  0.000000e+000  0.000000e+000  0.000000e+000  0.000000e+000  0.000000e+000  0.000000e+000  
0.000000e+000  0.000000e+000  0.000000e+000  0.000000e+000  0.000000e+000  0.000000e+000  0.000000e+000  0.000000e+000  0.000000e+000  0.000000e+000  0.000000e+000  0.000000e+000  0.000000e+000  0.000000e+000  0.000000e+000  0.000000e+000  
0.000000e+000  0.000000e+000  0.000000e+000  0.000000e+000  0.000000e+000  0.000000e+000  0.000000e+000  0.000000e+000  0.000000e+000  0.000000e+000  0.000000e+000  0.000000e+000  0.000000e+000  0.000000e+000  0.000000e+000  0.000000e+000  
0.000000e+000  0.000000e+000  0.000000e+000  0.000000e+000  0.000000e+000  0.000000e+000  0.000000e+000  0.000000e+000  0.000000e+000  0.000000e+000  0.000000e+000  0.000000e+000  0.000000e+000  0.000000e+000  0.000000e+000  0.000000e+000  
0.000000e+000  0.000000e+000  0.000000e+000  0.000000e+000  0.000000e+000  0.000000e+000  0.000000e+000  0.000000e+000  0.000000e+000  0.000000e+000  0.000000e+000  0.000000e+000  0.000000e+000  0.000000e+000  0.000000e+000  0.000000e+000  
0.000000e+000  0.000000e+000  0.000000e+000  0.000000e+000  0.000000e+000  0.000000e+000  0.000000e+000  0.000000e+000  0.000000e+000  0.000000e+000  0.000000e+000  0.000000e+000  0.000000e+000  0.000000e+000  0.000000e+000  0.000000e+000  
0.000000e+000  0.000000e+000  0.000000e+000  0.000000e+000  0.000000e+000  0.000000e+000  0.000000e+000  0.000000e+000  0.000000e+000  0.000000e+000  0.000000e+000  0.000000e+000  0.000000e+000  0.000000e+000  0.000000e+000  0.000000e+000  
0.000000e+000  0.000000e+000  0.000000e+000  0.000000e+000  0.000000e+000  0.000000e+000  0.000000e+000  0.000000e+000  0.000000e+000  0.000000e+000  0.000000e+000  0.000000e+000  0.000000e+000  0.000000e+000  0.000000e+000  0.000000e+000  
0.000000e+000  0.000000e+000  0.000000e+000  0.000000e+000  0.000000e+000  0.000000e+000  0.000000e+000  0.000000e+000  0.000000e+000  0.000000e+000  0.000000e+000  0.000000e+000  0.000000e+000  0.000000e+000  0.000000e+000  0.000000e+000  
0.000000e+000  0.000000e+000  0.000000e+000  0.000000e+000  0.000000e+000  0.000000e+000  0.000000e+000  0.000000e+000  0.000000e+000  0.000000e+000  0.000000e+000  0.000000e+000  0.000000e+000  0.000000e+000  0.000000e+000  0.000000e+000  
0.000000e+000  0.000000e+000  0.000000e+000  0.000000e+000  0.000000e+000  0.000000e+000  0.000000e+000  0.000000e+000  0.000000e+000  0.000000e+000  0.000000e+000  0.000000e+000  0.000000e+000  0.000000e+000  0.000000e+000  0.000000e+000  
0.000000e+000  0.000000e+000  0.000000e+000  0.000000e+000  0.000000e+000  0.000000e+000  0.000000e+000  0.000000e+000  0.000000e+000  0.000000e+000  0.000000e+000  0.000000e+000  0.000000e+000  0.000000e+000  0.000000e+000  0.000000e+000  
0.000000e+000  0.000000e+000  0.000000e+000  0.000000e+000  0.000000e+000  0.000000e+000  0.000000e+000  0.000000e+000  0.000000e+000  0.000000e+000  0.000000e+000  0.000000e+000  0.000000e+000  0.000000e+000  0.000000e+000  0.000000e+000  
0.000000e+000  0.000000e+000  0.000000e+000  0.000000e+000  0.000000e+000  0.000000e+000  0.000000e+000  0.000000e+000  0.000000e+000  0.000000e+000  0.000000e+000  0.000000e+000  0.000000e+000  0.000000e+000  0.000000e+000  0.000000e+000  
0.000000e+000  0.000000e+000  0.000000e+000  0.000000e+000  0.000000e+000  0.000000e+000  0.000000e+000  0.000000e+000  0.000000e+000  0.000000e+000  0.000000e+000  0.000000e+000  0.000000e+000  0.000000e+000  0.000000e+000  0.000000e+000  
0.000000e+000  0.000000e+000  0.000000e+000  0.000000e+000  0.000000e+000  0.000000e+000  0.000000e+000  0.000000e+000  0.000000e+000  0.000000e+000  0.000000e+000  0.000000e+000  0.000000e+000  0.000000e+000  0.000000e+000  0.000000e+000  
0.000000e+000  0.000000e+000  0.000000e+000  0.000000e+000  0.000000e+000  0.000000e+000  0.000000e+000  0.000000e+000  0.000000e+000  0.000000e+000  0.000000e+000  0.000000e+000  0.000000e+000  0.000000e+000  0.000000e+000  0.000000e+000  
0.000000e+000  0.000000e+000  0.000000e+000  0.000000e+000  0.000000e+000  0.000000e+000  0.000000e+000  0.000000e+000  0.000000e+000  0.000000e+000  0.000000e+000  0.000000e+000  0.000000e+000  0.000000e+000  0.000000e+000  0.000000e+000  
0.000000e+000  0.000000e+000  0.000000e+000  0.000000e+000  0.000000e+000  0.000000e+000  0.000000e+000  0.000000e+000  0.000000e+000  0.000000e+000  0.000000e+000  0.000000e+000  0.000000e+000  0.000000e+000  0.000000e+000  0.000000e+000  
0.000000e+000  0.000000e+000  0.000000e+000  0.000000e+000  0.000000e+000  0.000000e+000  0.000000e+000  0.000000e+000  0.000000e+000  0.000000e+000  0.000000e+000  0.000000e+000  0.000000e+000  0.000000e+000  0.000000e+000  0.000000e+000  
0.000000e+000  0.000000e+000  0.000000e+000  0.000000e+000  0.000000e+000  0.000000e+000  0.000000e+000  0.000000e+000  0.000000e+000  0.000000e+000  0.000000e+000  0.000000e+000  0.000000e+000  0.000000e+000  0.000000e+000  0.000000e+000  
0.000000e+000  0.000000e+000  0.000000e+000  0.000000e+000  0.000000e+000  0.000000e+000  0.000000e+000  0.000000e+000  0.000000e+000  0.000000e+000  0.000000e+000  0.000000e+000  0.000000e+000  0.000000e+000  0.000000e+000  0.000000e+000  
0.000000e+000  0.000000e+000  0.000000e+000  0.000000e+000  0.000000e+000  0.000000e+000  0.000000e+000  0.000000e+000  0.000000e+000  0.000000e+000  0.000000e+000  0.000000e+000  0.000000e+000  0.000000e+000  0.000000e+000  0.000000e+000  

0.000000e+000  0.000000e+000  0.000000e+000  0.000000e+000  0.000000e+000  0.000000e+000  0.000000e+000  0.000000e+000  0.000000e+000  0.000000e+000  0.000000e+000  0.000000e+000  0.000000e+000  0.000000e+000  0.000000e+000  0.000000e+000  
0.000000e+000  0.000000e+000  0.000000e+000  0.000000e+000  0.000000e+000  0.000000e+000  0.000000e+000  0.000000e+000  0.000000e+000  0.000000e+000  0.000000e+000  0.000000e+000  0.000000e+000  0.000000e+000  0.000000e+000  0.000000e+000  
0.000000e+000  0.000000e+000  0.000000e+000  0.000000e+000  0.000000e+000  0.000000e+000  0.000000e+000  0.000000e+000  0.000000e+000  0.000000e+000  0.000000e+000  0.000000e+000  0.000000e+000  0.000000e+000  0.000000e+000  0.000000e+000  
0.000000e+000  0.000000e+000  0.000000e+000  0.000000e+000  0.000000e+000  0.000000e+000  0.000000e+000  0.000000e+000  0.000000e+000  0.000000e+000  0.000000e+000  0.000000e+000  0.000000e+000  0.000000e+000  0.000000e+000  0.000000e+000  
0.000000e+000  0.000000e+000  0.000000e+000  0.000000e+000  0.000000e+000  0.000000e+000  0.000000e+000  0.000000e+000  0.000000e+000  0.000000e+000  0.000000e+000  0.000000e+000  0.000000e+000  0.000000e+000  0.000000e+000  0.000000e+000  
0.000000e+000  0.000000e+000  0.000000e+000  0.000000e+000  0.000000e+000  0.000000e+000  0.000000e+000  0.000000e+000  0.000000e+000  0.000000e+000  0.000000e+000  0.000000e+000  0.000000e+000  0.000000e+000  0.000000e+000  0.000000e+000  
0.000000e+000  0.000000e+000  0.000000e+000  0.000000e+000  0.000000e+000  0.000000e+000  0.000000e+000  0.000000e+000  0.000000e+000  0.000000e+000  0.000000e+000  0.000000e+000  0.000000e+000  0.000000e+000  0.000000e+000  0.000000e+000  
0.000000e+000  0.000000e+000  0.000000e+000  0.000000e+000  0.000000e+000  0.000000e+000  0.000000e+000  0.000000e+000  0.000000e+000  0.000000e+000  0.000000e+000  0.000000e+000  0.000000e+000  0.000000e+000  0.000000e+000  0.000000e+000  
0.000000e+000  0.000000e+000  0.000000e+000  0.000000e+000  0.000000e+000  0.000000e+000  0.000000e+000  0.000000e+000  0.000000e+000  0.000000e+000  0.000000e+000  0.000000e+000  0.000000e+000  0.000000e+000  0.000000e+000  0.000000e+000  
0.000000e+000  0.000000e+000  0.000000e+000  0.000000e+000  0.000000e+000  0.000000e+000  0.000000e+000  0.000000e+000  0.000000e+000  0.000000e+000  0.000000e+000  0.000000e+000  0.000000e+000  0.000000e+000  0.000000e+000  0.000000e+000  
0.000000e+000  0.000000e+000  0.000000e+000  0.000000e+000  0.000000e+000  0.000000e+000  0.000000e+000  0.000000e+000  0.000000e+000  0.000000e+000  0.000000e+000  0.000000e+000  0.000000e+000  0.000000e+000  0.000000e+000  0.000000e+000  
0.000000e+000  0.000000e+000  0.000000e+000  0.000000e+000  0.000000e+000  0.000000e+000  0.000000e+000  0.000000e+000  0.000000e+000  0.000000e+000  0.000000e+000  0.000000e+000  0.000000e+000  0.000000e+000  0.000000e+000  0.000000e+000  
0.000000e+000  0.000000e+000  0.000000e+000  0.000000e+000  0.000000e+000  0.000000e+000  0.000000e+000  0.000000e+000  0.000000e+000  0.000000e+000  0.000000e+000  0.000000e+000  0.000000e+000  0.000000e+000  0.000000e+000  0.000000e+000  
0.000000e+000  0.000000e+000  0.000000e+000  0.000000e+000  0.000000e+000  0.000000e+000  0.000000e+000  0.000000e+000  0.000000e+000  0.000000e+000  0.000000e+000  0.000000e+000  0.000000e+000  0.000000e+000  0.000000e+000  0.000000e+000  
0.000000e+000  0.000000e+000  0.000000e+000  0.000000e+000  0.000000e+000  0.000000e+000  0.000000e+000  0.000000e+000  0.000000e+000  0.000000e+000  0.000000e+000  0.000000e+000  0.000000e+000  0.000000e+000  0.000000e+000  0.000000e+000  
0.000000e+000  0.000000e+000  0.000000e+000  0.000000e+000  0.000000e+000  0.000000e+000  0.000000e+000  0.000000e+000  0.000000e+000  0.000000e+000  0.000000e+000  0.000000e+000  0.000000e+000  0.000000e+000  0.000000e+000  0.000000e+000  
0.000000e+000  0.000000e+000  0.000000e+000  0.000000e+000  0.000000e+000  0.000000e+000  0.000000e+000  0.000000e+000  0.000000e+000  0.000000e+000  0.000000e+000  0.000000e+000  0.000000e+000  0.000000e+000  0.000000e+000  0.000000e+000  
0.000000e+000  0.000000e+000  0.000000e+000  0.000000e+000  0.000000e+000  0.000000e+000  0.000000e+000  0.000000e+000  0.000000e+000  0.000000e+000  0.000000e+000  0.000000e+000  0.000000e+000  0.000000e+000  0.000000e+000  0.000000e+000  
0.000000e+000  0.000000e+000  0.000000e+000  0.000000e+000  0.000000e+000  0.000000e+000  0.000000e+000  0.000000e+000  0.000000e+000  0.000000e+000  0.000000e+000  0.000000e+000  0.000000e+000  0.000000e+000  0.000000e+000  0.000000e+000  
0.000000e+000  0.000000e+000  0.000000e+000  0.000000e+000  0.000000e+000  0.000000e+000  0.000000e+000  0.000000e+000  0.000000e+000  0.000000e+000  0.000000e+000  0.000000e+000  0.000000e+000  0.000000e+000  0.000000e+000  0.000000e+000  
0.000000e+000  0.000000e+000  0.000000e+000  0.000000e+000  0.000000e+000  0.000000e+000  0.000000e+000  0.000000e+000  0.000000e+000  0.000000e+000  0.000000e+000  0.000000e+000  0.000000e+000  0.000000e+000  0.000000e+000  0.000000e+000  
0.000000e+000  0.000000e+000  0.000000e+000  0.000000e+000  0.000000e+000  0.000000e+000  0.000000e+000  0.000000e+000  0.000000e+000  0.000000e+000  0.000000e+000  0.000000e+000  0.000000e+000  0.000000e+000  0.000000e+000  0.000000e+000  
0.000000e+000  0.000000e+000  0.000000e+000  0.000000e+000  0.000000e+000  0.000000e+000  0.000000e+000  0.000000e+000  0.000000e+000  0.000000e+000  0.000000e+000  0.000000e+000  0.000000e+000  0.000000e+000  0.000000e+000  0.000000e+000  
0.000000e+000  0.000000e+000  0.000000e+000  0.000000e+000  0.000000e+000  0.000000e+000  0.000000e+000  0.000000e+000  0.000000e+000  0.000000e+000  0.000000e+000  0.000000e+000  0.000000e+000  0.000000e+000  0.000000e+000  0.000000e+000  
0.000000e+000  0.000000e+000  0.000000e+000  0.000000e+000  0.000000e+000  0.000000e+000  0.000000e+000  0.000000e+000  0.000000e+000  0.000000e+000  0.000000e+000  0.000000e+000  0.000000e+000  0.000000e+000  0.000000e+000  0.000000e+000  
0.000000e+000  0.000000e+000  0.000000e+000  0.000000e+000  0.000000e+000  0.000000e+000  0.000000e+000  0.000000e+000  0.000000e+000  0.000000e+000  0.000000e+000  0.000000e+000  0.000000e+000  0.000000e+000  0.000000e+000  0.000000e+000  
0.000000e+000  0.000000e+000  0.000000e+000  0.000000e+000  0.000000e+000  0.000000e+000  0.000000e+000  0.000000e+000  0.000000e+000  0.000000e+000  0.000000e+000  0.000000e+000  0.000000e+000  0.000000e+000  0.000000e+000  0.000000e+000  

-0.000000e+000  -2.596190e-001  -5.150494e-001  -7.621702e-001  -9.969943e-001  -1.215733e+000  -1.414858e+000  -1.609463e+000  -1.771965e+000  -1.899123e+000  -2.047339e+000  -1.609108e+000  -8.232445e-001  -5.581256e-001  -2.818740e-001  -0.000000e+000  
-0.000000e+000  -2.587789e-001  -5.133827e-001  -7.597038e-001  -9.937680e-001  -1.211799e+000  -1.410279e+000  -1.604255e+000  -1.766231e+000  -1.892977e+000  -2.040714e+000  -1.603901e+000  -8.205804e-001  -5.563195e-001  -2.809618e-001  -0.000000e+000  
-0.000000e+000  -2.571014e-001  -5.100547e-001  -7.547790e-001  -9.873259e-001  -1.203943e+000  -1.401137e+000  -1.593855e+000  -1.754781e+000  -1.880706e+000  -2.027485e+000  -1.593504e+000  -8.152610e-001  -5.527131e-001  -2.791405e-001  -0.000000e+000  
-0.000000e+000  -2.511525e-001  -4.982530e-001  -7.373148e-001  -9.644809e-001  -1.176086e+000  -1.368717e+000  -1.556976e+000  -1.714179e+000  -1.837190e+000  -1.980572e+000  -1.556633e+000  -7.963973e-001  -5.399243e-001  -2.726817e-001  -0.000000e+000  
-0.000000e+000  -2.288528e-001  -4.540134e-001  -6.718490e-001  -8.788452e-001  -1.071662e+000  -1.247189e+000  -1.418733e+000  -1.561978e+000  -1.674067e+000  -1.804718e+000  -1.418420e+000  -7.256856e-001  -4.919847e-001  -2.484704e-001  -0.000000e+000  
-0.000000e+000  -1.913550e-001  -3.796228e-001  -5.617658e-001  -7.348454e-001  -8.960693e-001  -1.042836e+000  -1.186272e+000  -1.306046e+000  -1.399769e+000  -1.509013e+000  -1.186011e+000  -6.067812e-001  -4.113724e-001  -2.077582e-001  -0.000000e+000  
-0.000000e+000  -1.424346e-001  -2.825713e-001  -4.181490e-001  -5.469804e-001  -6.669870e-001  -7.762325e-001  -8.829987e-001  -9.721521e-001  -1.041915e+000  -1.123230e+000  -8.828042e-001  -4.516561e-001  -3.062041e-001  -1.546443e-001  -0.000000e+000  
-0.000000e+000  -8.871480e-002  -1.759983e-001  -2.604423e-001  -3.406844e-001  -4.154300e-001  -4.834731e-001  -5.499720e-001  -6.055008e-001  -6.489520e-001  -6.995991e-001  -5.498508e-001  -2.813121e-001  -1.907179e-001  -9.631956e-002  -0.000000e+000  
-0.000000e+000  -5.447554e-002  -1.080722e-001  -1.599252e-001  -2.091981e-001  -2.550958e-001  -2.968778e-001  -3.377116e-001  -3.718092e-001  -3.984906e-001  -4.295905e-001  -3.376372e-001  -1.727403e-001  -1.171108e-001  -5.914526e-002  -0.000000e+000  
-0.000000e+000  -3.985542e-002  -7.906782e-002  -1.170046e-001  -1.530536e-001  -1.866333e-001  -2.172019e-001  -2.470767e-001  -2.720233e-001  -2.915439e-001  -3.142973e-001  -2.470223e-001  -1.263804e-001  -8.568065e-002  -4.327188e-002  -0.000000e+000  
-0.000000e+000  -2.510633e-002  -4.980761e-002  -7.370529e-002  -9.641385e-002  -1.175669e-001  -1.368231e-001  -1.556423e-001  -1.713570e-001  -1.836537e-001  -1.979869e-001  -1.556081e-001  -7.961144e-002  -5.397325e-002  -2.725849e-002  -0.000000e+000  
-0.000000e+000  -1.327474e-002  -2.633525e-002  -3.897098e-002  -5.097784e-002  -6.216232e-002  -7.234383e-002  -8.229435e-002  -9.060332e-002  -9.710508e-002  -1.046836e-001  -8.227621e-002  -4.209374e-002  -2.853785e-002  -1.441265e-002  -0.000000e+000  
-0.000000e+000  -4.426576e-003  -8.781815e-003  -1.299525e-002  -1.699914e-002  -2.072871e-002  -2.412387e-002  -2.744193e-002  -3.021269e-002  -3.238077e-002  -3.490789e-002  -2.743590e-002  -1.403665e-002  -9.516219e-003  -4.806046e-003  -0.000000e+000  
-0.000000e+000  4.426591e-003  8.781792e-003  1.299526e-002  1.699912e-002  2.072872e-002  2.412383e-002  2.744194e-002  3.021268e-002  3.238077e-002  3.490789e-002  2.743590e-002  1.403664e-002  9.516250e-003  4.806037e-003  -0.000000e+000  
-0.000000e+000  1.327472e-002  2.633529e-002  3.897095e-002  5.097788e-002  6.216231e-002  7.234388e-002  8.229432e-002  9.060333e-002  9.710508e-002  1.046836e-001  8.227622e-002  4.209376e-002  2.853781e-002  1.441267e-002  -0.000000e+000  
-0.000000e+000  2.510633e-002  4.980760e-002  7.370530e-002  9.641384e-002  1.175669e-001  1.368231e-001  1.556423e-001  1.713570e-001  1.836537e-001  1.979869e-001  1.556081e-001  7.961144e-002  5.397326e-002  2.725848e-002  -0.000000e+000  
-0.000000e+000  3.985543e-002  7.906783e-002  1.170046e-001  1.530536e-001  1.866333e-001  2.172019e-001  2.470767e-001  2.720233e-001  2.915439e-001  3.142973e-001  2.470223e-001  1.263804e-001  8.568065e-002  4.327189e-002  -0.000000e+000  
-0.000000e+000  5.447553e-002  1.080722e-001  1.599252e-001  2.091981e-001  2.550958e-001  2.968778e-001  3.377116e-001  3.718092e-001  3.984906e-001  4.295905e-001  3.376372e-001  1.727403e-001  1.171108e-001  5.914526e-002  -0.000000e+000  
-0.000000e+000  8.871480e-002  1.759983e-001  2.604423e-001  3.406844e-001  4.154300e-001  4.834731e-001  5.499720e-001  6.055008e-001  6.489520e-001  6.995991e-001  5.498508e-001  2.813121e-001  1.907179e-001  9.631957e-002  -0.000000e+000  
-0.000000e+000  1.424346e-001  2.825713e-001  4.181490e-001  5.469804e-001  6.669870e-001  7.762325e-001  8.829987e-001  9.721521e-001  1.041915e+000  1.123230e+000  8.828042e-001  4.516561e-001  3.062041e-001  1.546443e-001  -0.000000e+000  
-0.000000e+000  1.913550e-001  3.796228e-001  5.617658e-001  7.348454e-001  8.960693e-001  1.042836e+000  1.186272e+000  1.306046e+000  1.399769e+000  1.509013e+000  1.186011e+000  6.067812e-001  4.113724e-001  2.077582e-001  -0.000000e+000  
-0.000000e+000  2.288528e-001  4.540134e-001  6.718490e-001  8.788452e-001  1.071662e+000  1.247189e+000  1.418733e+000  1.561978e+000  1.674067e+000  1.804718e+000  1.418420e+000  7.256856e-001  4.919847e-001  2.484704e-001  -0.000000e+000  
-0.000000e+000  2.511525e-001  4.982530e-001  7.373148e-001  9.644809e-001  1.176086e+000  1.368717e+000  1.556976e+000  1.714179e+000  1.837190e+000  1.980572e+000  1.556633e+000  7.963973e-001  5.399243e-001  2.726817e-001  -0.000000e+000  
-0.000000e+000  2.571014e-001  5.100547e-001  7.547790e-001  9.873259e-001  1.203943e+000  1.401137e+000  1.593855e+000  1.754781e+000  1.880706e+000  2.027485e+000  1.593504e+000  8.152610e-001  5.527131e-001  2.791405e-001  -0.000000e+000  
-0.000000e+000  2.587789e-001  5.133827e-001  7.597038e-001  9.937680e-001  1.211799e+000  1.410279e+000  1.604255e+000  1.766231e+000  1.892977e+000  2.040714e+000  1.603901e+000  8.205804e-001  5.563195e-001  2.809618e-001  -0.000000e+000  
-0.000000e+000  2.596190e-001  5.150494e-001  7.621702e-001  9.969943e-001  1.215733e+000  1.414858e+000  1.609463e+000  1.771965e+000  1.899123e+000  2.047339e+000  1.609108e+000  8.232445e-001  5.581256e-001  2.818740e-001  -0.000000e+000  
-0.000000e+000  -0.000000e+000  -0.000000e+000  -0.000000e+000  -0.000000e+000  -0.000000e+000  -0.000000e+000  -0.000000e+000  -0.000000e+000  -0.000000e+000  -0.000000e+000  -0.000000e+000  -0.000000e+000  -0.000000e+000  -0.000000e+000  -0.000000e+000  

-0.000000e+000  -0.000000e+000  -0.000000e+000  -0.000000e+000  -0.000000e+000  -0.000000e+000  -0.000000e+000  -0.000000e+000  -0.000000e+000  -0.000000e+000  -0.000000e+000  -0.000000e+000  -0.000000e+000  -0.000000e+000  -0.000000e+000  -0.000000e+000  
-4.635206e-002  -4.560422e-002  -4.412064e-002  -4.192520e-002  -3.905337e-002  -3.555145e-002  -3.124795e-002  -2.609311e-002  -2.041783e-002  -6.925824e-003  1.751358e-002  3.672176e-002  4.257036e-002  4.435795e-002  4.526074e-002  -0.000000e+000  
-9.255412e-002  -9.106088e-002  -8.809848e-002  -8.371474e-002  -7.798036e-002  -7.098787e-002  -6.239477e-002  -5.210179e-002  -4.076957e-002  -1.382924e-002  3.497048e-002  7.332469e-002  8.500297e-002  8.857235e-002  9.037502e-002  -0.000000e+000  
-1.384567e-001  -1.362229e-001  -1.317913e-001  -1.252334e-001  -1.166550e-001  -1.061946e-001  -9.333969e-002  -7.794187e-002  -6.098938e-002  -2.068789e-002  5.231422e-002  1.096903e-001  1.271605e-001  1.325001e-001  1.351968e-001  -0.000000e+000  
-3.062058e-001  -3.012656e-001  -2.914648e-001  -2.769616e-001  -2.579900e-001  -2.348561e-001  -2.064267e-001  -1.723735e-001  -1.348820e-001  -4.575264e-002  1.156963e-001  2.425873e-001  2.812237e-001  2.930326e-001  2.989965e-001  -0.000000e+000  
-4.816932e-001  -4.739217e-001  -4.585041e-001  -4.356891e-001  -4.058448e-001  -3.694527e-001  -3.247303e-001  -2.711611e-001  -2.121832e-001  -7.197354e-002  1.820022e-001  3.816147e-001  4.423937e-001  4.609703e-001  4.703521e-001  -0.000000e+000  
-6.284268e-001  -6.182879e-001  -5.981737e-001  -5.684088e-001  -5.294734e-001  -4.819955e-001  -4.236498e-001  -3.537623e-001  -2.768185e-001  -9.389811e-002  2.374437e-001  4.978623e-001  5.771558e-001  6.013912e-001  6.136310e-001  -0.000000e+000  
-7.376475e-001  -7.257465e-001  -7.021365e-001  -6.671984e-001  -6.214960e-001  -5.657664e-001  -4.972802e-001  -4.152463e-001  -3.249296e-001  -1.102176e-001  2.787116e-001  5.843909e-001  6.774657e-001  7.059133e-001  7.202803e-001  -0.000000e+000  
-7.969016e-001  -7.840446e-001  -7.585381e-001  -7.207935e-001  -6.714198e-001  -6.112136e-001  -5.372260e-001  -4.486024e-001  -3.510307e-001  -1.190712e-001  3.011001e-001  6.313342e-001  7.318856e-001  7.626183e-001  7.781394e-001  -0.000000e+000  
-8.066276e-001  -7.936137e-001  -7.677959e-001  -7.295906e-001  -6.796143e-001  -6.186733e-001  -5.437828e-001  -4.540775e-001  -3.553149e-001  -1.205245e-001  3.047749e-001  6.390395e-001  7.408181e-001  7.719258e-001  7.876364e-001  -0.000000e+000  
-8.137433e-001  -8.006146e-001  -7.745690e-001  -7.360267e-001  -6.856096e-001  -6.241310e-001  -5.485798e-001  -4.580832e-001  -3.584494e-001  -1.215877e-001  3.074635e-001  6.446769e-001  7.473533e-001  7.787355e-001  7.945846e-001  -0.000000e+000  
-8.182258e-001  -8.050248e-001  -7.788357e-001  -7.400811e-001  -6.893862e-001  -6.275690e-001  -5.516016e-001  -4.606065e-001  -3.604239e-001  -1.222574e-001  3.091572e-001  6.482280e-001  7.514700e-001  7.830250e-001  7.989615e-001  -0.000000e+000  
-8.196373e-001  -8.064136e-001  -7.801793e-001  -7.413579e-001  -6.905755e-001  -6.286517e-001  -5.525532e-001  -4.614011e-001  -3.610457e-001  -1.224683e-001  3.096905e-001  6.493463e-001  7.527664e-001  7.843759e-001  8.003398e-001  -0.000000e+000  
-8.201081e-001  -8.068766e-001  -7.806273e-001  -7.417836e-001  -6.909721e-001  -6.290127e-001  -5.528705e-001  -4.616660e-001  -3.612530e-001  -1.225387e-001  3.098684e-001  6.497192e-001  7.531987e-001  7.848263e-001  8.007995e-001  -0.000000e+000  
-8.196373e-001  -8.064135e-001  -7.801793e-001  -7.413578e-001  -6.905755e-001  -6.286516e-001  -5.525532e-001  -4.614011e-001  -3.610457e-001  -1.224683e-001  3.096905e-001  6.493463e-001  7.527664e-001  7.843759e-001  8.003398e-001  -0.000000e+000  
-8.182258e-001  -8.050248e-001  -7.788357e-001  -7.400811e-001  -6.893862e-001  -6.275690e-001  -5.516016e-001  -4.606065e-001  -3.604239e-001  -1.222574e-001  3.091572e-001  6.482280e-001  7.514700e-001  7.830250e-001  7.989615e-001  -0.000000e+000  
-8.137433e-001  -8.006146e-001  -7.745690e-001  -7.360267e-001  -6.856096e-001  -6.241310e-001  -5.485798e-001  -4.580832e-001  -3.584494e-001  -1.215877e-001  3.074635e-001  6.446769e-001  7.473533e-001  7.787355e-001  7.945846e-001  -0.000000e+000  
-8.066276e-001  -7.936137e-001  -7.677958e-001  -7.295906e-001  -6.796143e-001  -6.186733e-001  -5.437828e-001  -4.540775e-001  -3.553150e-001  -1.205245e-001  3.047749e-001  6.390395e-001  7.408181e-001  7.719258e-001  7.876364e-001  -0.000000e+000  
-7.969016e-001  -7.840446e-001  -7.585381e-001  -7.207935e-001  -6.714198e-001  -6.112136e-001  -5.372260e-001  -4.486024e-001  -3.510307e-001  -1.190712e-001  3.011001e-001  6.313342e-001  7.318856e-001  7.626183e-001  7.781394e-001  -0.000000e+000  
-7.376475e-001  -7.257465e-001  -7.021365e-001  -6.671984e-001  -6.214960e-001  -5.657664e-001  -4.972802e-001  -4.152463e-001  -3.249296e-001  -1.102176e-001  2.787116e-001  5.843909e-001  6.774657e-001  7.059133e-001  7.202803e-001  -0.000000e+000  
-6.284268e-001  -6.182879e-001  -5.981737e-001  -5.684088e-001  -5.294734e-001  -4.819955e-001  -4.236498e-001  -3.537623e-001  -2.768185e-001  -9.389811e-002  2.374437e-001  4.978623e-001  5.771558e-001  6.013912e-001  6.136310e-001  -0.000000e+000  
-4.816932e-001  -4.739217e-001  -4.585041e-001  -4.356891e-001  -4.058448e-001  -3.694527e-001  -3.247304e-001  -2.711611e-001  -2.121832e-001  -7.197354e-002  1.820022e-001  3.816147e-001  4.423937e-001  4.609703e-001  4.703521e-001  -0.000000e+000  
-3.062058e-001  -3.012656e-001  -2.914648e-001  -2.769616e-001  -2.579900e-001  -2.348561e-001  -2.064267e-001  -1.723735e-001  -1.348820e-001  -4.575264e-002  1.156963e-001  2.425873e-001  2.812237e-001  2.930326e-001  2.989965e-001  -0.000000e+000  
-1.384567e-001  -1.362229e-001  -1.317913e-001  -1.252334e-001  -1.166550e-001  -1.061946e-001  -9.333969e-002  -7.794187e-002  -6.098939e-002  -2.068789e-002  5.231422e-002  1.096903e-001  1.271605e-001  1.325001e-001  1.351968e-001  -0.000000e+000  
-9.255412e-002  -9.106088e-002  -8.809848e-002  -8.371474e-002  -7.798036e-002  -7.098786e-002  -6.239477e-002  -5.210179e-002  -4.076957e-002  -1.382923e-002  3.497048e-002  7.332469e-002  8.500297e-002  8.857235e-002  9.037502e-002  -0.000000e+000  
-4.635206e-002  -4.560422e-002  -4.412063e-002  -4.192521e-002  -3.905336e-002  -3.555146e-002  -3.124794e-002  -2.609312e-002  -2.041782e-002  -6.925824e-003  1.751358e-002  3.672176e-002  4.257037e-002  4.435794e-002  4.526074e-002  -0.000000e+000  
-0.000000e+000  -0.000000e+000  -0.000000e+000  -0.000000e+000  -0.000000e+000  -0.000000e+000  -0.000000e+000  -0.000000e+000  -0.000000e+000  -0.000000e+000  -0.000000e+000  -0.000000e+000  -0.000000e+000  -0.000000e+000  -0.000000e+000  -0.000000e+000  

2.573142e+000  2.531628e+000  2.449269e+000  2.327394e+000  2.167970e+000  1.973568e+000  1.734667e+000  1.448507e+000  1.133455e+000  3.844731e-001  -9.722318e-001  -2.038536e+000  -2.363209e+000  -2.462443e+000  -2.512560e+000  0.000000e+000  
2.564815e+000  2.523435e+000  2.441343e+000  2.319862e+000  2.160954e+000  1.967181e+000  1.729054e+000  1.443820e+000  1.129787e+000  3.832290e-001  -9.690857e-001  -2.031939e+000  -2.355562e+000  -2.454475e+000  -2.504429e+000  0.000000e+000  
2.548189e+000  2.507077e+000  2.425517e+000  2.304824e+000  2.146946e+000  1.954429e+000  1.717845e+000  1.434460e+000  1.122463e+000  3.807447e-001  -9.628036e-001  -2.018767e+000  -2.340292e+000  -2.438563e+000  -2.488194e+000  0.000000e+000  
2.489228e+000  2.449068e+000  2.369395e+000  2.251494e+000  2.097269e+000  1.909207e+000  1.678097e+000  1.401269e+000  1.096491e+000  3.719349e-001  -9.405261e-001  -1.972056e+000  -2.286142e+000  -2.382140e+000  -2.430622e+000  0.000000e+000  
2.268211e+000  2.231616e+000  2.159017e+000  2.051585e+000  1.911054e+000  1.739690e+000  1.529100e+000  1.276851e+000  9.991343e-001  3.389110e-001  -8.570172e-001  -1.796958e+000  -2.083156e+000  -2.170631e+000  -2.214808e+000  0.000000e+000  
1.896562e+000  1.865963e+000  1.805260e+000  1.715431e+000  1.597925e+000  1.454640e+000  1.278555e+000  1.067638e+000  8.354250e-001  2.833800e-001  -7.165940e-001  -1.502525e+000  -1.741829e+000  -1.814970e+000  -1.851909e+000  0.000000e+000  
1.411701e+000  1.388925e+000  1.343741e+000  1.276877e+000  1.189412e+000  1.082757e+000  9.516892e-001  7.946935e-001  6.218465e-001  2.109332e-001  -5.333950e-001  -1.118401e+000  -1.296526e+000  -1.350969e+000  -1.378464e+000  0.000000e+000  
8.792721e-001  8.650862e-001  8.369432e-001  7.952972e-001  7.408201e-001  6.743908e-001  5.927556e-001  4.949715e-001  3.873144e-001  1.313788e-001  -3.322228e-001  -6.965911e-001  -8.075358e-001  -8.414451e-001  -8.585706e-001  0.000000e+000  
5.399192e-001  5.312083e-001  5.139270e-001  4.883542e-001  4.549024e-001  4.141113e-001  3.639830e-001  3.039384e-001  2.378314e-001  8.067349e-002  -2.040022e-001  -4.277435e-001  -4.958693e-001  -5.166914e-001  -5.272073e-001  0.000000e+000  
3.950159e-001  3.886429e-001  3.759995e-001  3.572899e-001  3.328159e-001  3.029723e-001  2.662974e-001  2.223676e-001  1.740023e-001  5.902238e-002  -1.492522e-001  -3.129459e-001  -3.627882e-001  -3.780220e-001  -3.857157e-001  0.000000e+000  
2.488344e-001  2.448198e-001  2.368553e-001  2.250695e-001  2.096524e-001  1.908529e-001  1.677501e-001  1.400772e-001  1.096102e-001  3.718027e-002  -9.401922e-002  -1.971356e-001  -2.285330e-001  -2.381294e-001  -2.429759e-001  0.000000e+000  
1.315687e-001  1.294460e-001  1.252349e-001  1.190033e-001  1.108516e-001  1.009116e-001  8.869621e-002  7.406441e-002  5.795529e-002  1.965870e-002  -4.971173e-002  -1.042335e-001  -1.208346e-001  -1.259085e-001  -1.284711e-001  0.000000e+000  
4.387303e-002  4.316520e-002  4.176095e-002  3.968294e-002  3.696469e-002  3.365007e-002  2.957672e-002  2.469759e-002  1.932583e-002  6.555409e-003  -1.657692e-002  -3.475780e-002  -4.029361e-002  -4.198558e-002  -4.284009e-002  0.000000e+000  
-4.387303e-002  -4.316520e-002  -4.176095e-002  -3.968294e-002  -3.696469e-002  -3.365007e-002  -2.957672e-002  -2.469759e-002  -1.932583e-002  -6.555409e-003  1.657692e-002  3.475780e-002  4.029361e-002  4.198558e-002  4.284009e-002  0.000000e+000  
-1.315687e-001  -1.294460e-001  -1.252349e-001  -1.190033e-001  -1.108516e-001  -1.009116e-001  -8.869621e-002  -7.406441e-002  -5.795529e-002  -1.965870e-002  4.971173e-002  1.042335e-001  1.208346e-001  1.259085e-001  1.284711e-001  0.000000e+000  
-2.488344e-001  -2.448198e-001  -2.368553e-001  -2.250695e-001  -2.096524e-001  -1.908529e-001  -1.677501e-001  -1.400772e-001  -1.096102e-001  -3.718028e-002  9.401922e-002  1.971356e-001  2.285330e-001  2.381294e-001  2.429759e-001  0.000000e+000  
-3.950159e-001  -3.886429e-001  -3.759995e-001  -3.572899e-001  -3.328159e-001  -3.029723e-001  -2.662974e-001  -2.223676e-001  -1.740023e-001  -5.902238e-002  1.492522e-001  3.129459e-001  3.627882e-001  3.780220e-001  3.857157e-001  0.000000e+000  
-5.399192e-001  -5.312083e-001  -5.139270e-001  -4.883542e-001  -4.549024e-001  -4.141113e-001  -3.639830e-001  -3.039384e-001  -2.378314e-001  -8.067349e-002  2.040022e-001  4.277435e-001  4.958693e-001  5.166914e-001  5.272073e-001  0.000000e+000  
-8.792721e-001  -8.650862e-001  -8.369432e-001  -7.952972e-001  -7.408201e-001  -6.743908e-001  -5.927556e-001  -4.949715e-001  -3.873144e-001  -1.313788e-001  3.322228e-001  6.965911e-001  8.075358e-001  8.414451e-001  8.585706e-001  0.000000e+000  
-1.411701e+000  -1.388925e+000  -1.343741e+000  -1.276877e+000  -1.189412e+000  -1.082757e+000  -9.516892e-001  -7.946935e-001  -6.218465e-001  -2.109332e-001  5.333950e-001  1.118401e+000  1.296526e+000  1.350969e+000  1.378464e+000  0.000000e+000  
-1.896562e+000  -1.865963e+000  -1.805260e+000  -1.715431e+000  -1.597925e+000  -1.454640e+000  -1.278555e+000  -1.067638e+000  -8.354250e-001  -2.833800e-001  7.165940e-001  1.502525e+000  1.741829e+000  1.814970e+000  1.851909e+000  0.000000e+000  
-2.268211e+000  -2.231616e+000  -2.159017e+000  -2.051585e+000  -1.911054e+000  -1.739690e+000  -1.529100e+000  -1.276851e+000  -9.991343e-001  -3.389110e-001  8.570172e-001  1.796958e+000  2.083156e+000  2.170631e+000  2.214808e+000  0.000000e+000  
-2.489228e+000  -2.449068e+000  -2.369395e+000  -2.251494e+000  -2.097269e+000  -1.909207e+000  -1.678097e+000  -1.401269e+000  -1.096491e+000  -3.719349e-001  9.405261e-001  1.972056e+000  2.286142e+000  2.382140e+000  2.430622e+000  0.000000e+000  
-2.548189e+000  -2.507077e+000  -2.425517e+000  -2.304824e+000  -2.146946e+000  -1.954429e+000  -1.717845e+000  -1.434460e+000  -1.122463e+000  -3.807447e-001  9.628036e-001  2.018767e+000  2.340292e+000  2.438563e+000  2.488194e+000  0.000000e+000  
-2.564815e+000  -2.523435e+000  -2.441343e+000  -2.319862e+000  -2.160954e+000  -1.967181e+000  -1.729054e+000  -1.443820e+000  -1.129787e+000  -3.832290e-001  9.690857e-001  2.031939e+000  2.355562e+000  2.454475e+000  2.504429e+000  0.000000e+000  
-2.573142e+000  -2.531628e+000  -2.449269e+000  -2.327394e+000  -2.167970e+000  -1.973568e+000  -1.734667e+000  -1.448507e+000  -1.133455e+000  -3.844731e-001  9.722318e-001  2.038536e+000  2.363209e+000  2.462443e+000  2.512560e+000  0.000000e+000  
0.000000e+000  0.000000e+000  0.000000e+000  0.000000e+000  0.000000e+000  0.000000e+000  0.000000e+000  0.000000e+000  0.000000e+000  0.000000e+000  0.000000e+000  0.000000e+000  0.000000e+000  0.000000e+000  0.000000e+000  0.000000e+000  

