Port monitor named: Port2_e5.prt

nx        = 3
ny        = 18
nz        = 29

nu        = 16
nv        = 27
iu        = 2
iv        = 2

idir      = 0
dcut      = 5.114300e-001
icut      = 3
type      = 0
frequency = 2.200000e+009

fcutoff   = 4.244477e+009
alpha     = 7.605233e+001
beta      = 0.000000e+000
accuracy  = 7.679849e-010

type          = TM
wave imp.     = 6.214654e+002
wave imp.sig. = 2.916525e-005
line imp.     = 3.366109e+001

ref. port     = 0

-0.000000e+000  -0.000000e+000  -0.000000e+000  -0.000000e+000  -0.000000e+000  -0.000000e+000  -0.000000e+000  -0.000000e+000  -0.000000e+000  -0.000000e+000  -0.000000e+000  -0.000000e+000  -0.000000e+000  -0.000000e+000  -0.000000e+000  -0.000000e+000  
-4.380591e+001  -4.309915e+001  -4.169705e+001  -3.962222e+001  -3.690814e+001  -3.359859e+001  -2.953146e+001  -2.465980e+001  -1.929626e+001  -6.545378e+000  1.655155e+001  3.470462e+001  4.023195e+001  4.192134e+001  4.277454e+001  -0.000000e+000  
-8.747006e+001  -8.605884e+001  -8.325917e+001  -7.911622e+001  -7.369684e+001  -6.708845e+001  -5.896737e+001  -4.923980e+001  -3.853007e+001  -1.306957e+001  3.304955e+001  6.929693e+001  8.033371e+001  8.370701e+001  8.541066e+001  -0.000000e+000  
-1.308512e+002  -1.287400e+002  -1.245519e+002  -1.183542e+002  -1.102471e+002  -1.003612e+002  -8.821245e+001  -7.366046e+001  -5.763920e+001  -1.955148e+001  4.944059e+001  1.036650e+002  1.201755e+002  1.252218e+002  1.277704e+002  -0.000000e+000  
-2.893857e+002  -2.847168e+002  -2.754544e+002  -2.617479e+002  -2.438184e+002  -2.219552e+002  -1.950875e+002  -1.629048e+002  -1.274728e+002  -4.323936e+001  1.093410e+002  2.292618e+002  2.657758e+002  2.769360e+002  2.825724e+002  -0.000000e+000  
-4.552335e+002  -4.478889e+002  -4.333182e+002  -4.117564e+002  -3.835515e+002  -3.491584e+002  -3.068927e+002  -2.562660e+002  -2.005278e+002  -6.801996e+001  1.720047e+002  3.606524e+002  4.180927e+002  4.356489e+002  4.445154e+002  -0.000000e+000  
-5.939070e+002  -5.843251e+002  -5.653158e+002  -5.371859e+002  -5.003892e+002  -4.555193e+002  -4.003785e+002  -3.343300e+002  -2.616127e+002  -8.874024e+001  2.244009e+002  4.705145e+002  5.454524e+002  5.683565e+002  5.799240e+002  -0.000000e+000  
-6.971283e+002  -6.858810e+002  -6.635679e+002  -6.305490e+002  -5.873570e+002  -5.346887e+002  -4.699645e+002  -3.924367e+002  -3.070811e+002  -1.041633e+002  2.634018e+002  5.522901e+002  6.402523e+002  6.671372e+002  6.807150e+002  -0.000000e+000  
-7.531276e+002  -7.409768e+002  -7.168714e+002  -6.812001e+002  -6.345385e+002  -5.776395e+002  -5.077160e+002  -4.239605e+002  -3.317485e+002  -1.125306e+002  2.845605e+002  5.966548e+002  6.916828e+002  7.207273e+002  7.353959e+002  -0.000000e+000  
-7.623193e+002  -7.500203e+002  -7.256206e+002  -6.895140e+002  -6.422829e+002  -5.846895e+002  -5.139126e+002  -4.291349e+002  -3.357974e+002  -1.139040e+002  2.880335e+002  6.039368e+002  7.001246e+002  7.295236e+002  7.443712e+002  -0.000000e+000  
-7.690442e+002  -7.566367e+002  -7.320217e+002  -6.955966e+002  -6.479489e+002  -5.898473e+002  -5.184461e+002  -4.329205e+002  -3.387597e+002  -1.149089e+002  2.905744e+002  6.092645e+002  7.063008e+002  7.359592e+002  7.509377e+002  -0.000000e+000  
-7.732804e+002  -7.608045e+002  -7.360540e+002  -6.994282e+002  -6.515181e+002  -5.930965e+002  -5.213019e+002  -4.353052e+002  -3.406257e+002  -1.155418e+002  2.921750e+002  6.126206e+002  7.101914e+002  7.400132e+002  7.550742e+002  -0.000000e+000  
-7.746145e+002  -7.621171e+002  -7.373239e+002  -7.006349e+002  -6.526421e+002  -5.941197e+002  -5.222013e+002  -4.360562e+002  -3.412133e+002  -1.157412e+002  2.926791e+002  6.136775e+002  7.114167e+002  7.412898e+002  7.563769e+002  -0.000000e+000  
-7.750593e+002  -7.625547e+002  -7.377473e+002  -7.010373e+002  -6.530169e+002  -5.944609e+002  -5.225012e+002  -4.363066e+002  -3.414093e+002  -1.158076e+002  2.928472e+002  6.140299e+002  7.118252e+002  7.417155e+002  7.568113e+002  -0.000000e+000  
-7.746145e+002  -7.621171e+002  -7.373239e+002  -7.006349e+002  -6.526421e+002  -5.941197e+002  -5.222013e+002  -4.360562e+002  -3.412133e+002  -1.157412e+002  2.926791e+002  6.136775e+002  7.114167e+002  7.412898e+002  7.563769e+002  -0.000000e+000  
-7.732804e+002  -7.608045e+002  -7.360540e+002  -6.994282e+002  -6.515181e+002  -5.930965e+002  -5.213019e+002  -4.353052e+002  -3.406257e+002  -1.155418e+002  2.921750e+002  6.126206e+002  7.101914e+002  7.400132e+002  7.550742e+002  -0.000000e+000  
-7.690442e+002  -7.566367e+002  -7.320217e+002  -6.955966e+002  -6.479489e+002  -5.898473e+002  -5.184461e+002  -4.329205e+002  -3.387597e+002  -1.149089e+002  2.905744e+002  6.092645e+002  7.063008e+002  7.359592e+002  7.509377e+002  -0.000000e+000  
-7.623193e+002  -7.500203e+002  -7.256206e+002  -6.895140e+002  -6.422829e+002  -5.846895e+002  -5.139126e+002  -4.291349e+002  -3.357974e+002  -1.139040e+002  2.880335e+002  6.039368e+002  7.001246e+002  7.295236e+002  7.443712e+002  -0.000000e+000  
-7.531276e+002  -7.409768e+002  -7.168714e+002  -6.812001e+002  -6.345385e+002  -5.776395e+002  -5.077160e+002  -4.239605e+002  -3.317485e+002  -1.125306e+002  2.845605e+002  5.966548e+002  6.916828e+002  7.207273e+002  7.353959e+002  -0.000000e+000  
-6.971283e+002  -6.858810e+002  -6.635679e+002  -6.305490e+002  -5.873570e+002  -5.346887e+002  -4.699645e+002  -3.924367e+002  -3.070811e+002  -1.041633e+002  2.634018e+002  5.522901e+002  6.402523e+002  6.671372e+002  6.807150e+002  -0.000000e+000  
-5.939070e+002  -5.843251e+002  -5.653158e+002  -5.371859e+002  -5.003892e+002  -4.555193e+002  -4.003785e+002  -3.343300e+002  -2.616127e+002  -8.874024e+001  2.244009e+002  4.705145e+002  5.454524e+002  5.683565e+002  5.799240e+002  -0.000000e+000  
-4.552335e+002  -4.478889e+002  -4.333182e+002  -4.117564e+002  -3.835515e+002  -3.491584e+002  -3.068927e+002  -2.562660e+002  -2.005278e+002  -6.801996e+001  1.720047e+002  3.606524e+002  4.180927e+002  4.356489e+002  4.445154e+002  -0.000000e+000  
-2.893857e+002  -2.847168e+002  -2.754544e+002  -2.617479e+002  -2.438184e+002  -2.219552e+002  -1.950875e+002  -1.629048e+002  -1.274728e+002  -4.323936e+001  1.093410e+002  2.292618e+002  2.657758e+002  2.769360e+002  2.825724e+002  -0.000000e+000  
-1.308512e+002  -1.287400e+002  -1.245519e+002  -1.183542e+002  -1.102471e+002  -1.003612e+002  -8.821245e+001  -7.366046e+001  -5.763920e+001  -1.955148e+001  4.944059e+001  1.036650e+002  1.201755e+002  1.252218e+002  1.277704e+002  -0.000000e+000  
-8.747006e+001  -8.605884e+001  -8.325917e+001  -7.911622e+001  -7.369684e+001  -6.708845e+001  -5.896737e+001  -4.923980e+001  -3.853007e+001  -1.306957e+001  3.304955e+001  6.929693e+001  8.033371e+001  8.370701e+001  8.541066e+001  -0.000000e+000  
-4.380591e+001  -4.309915e+001  -4.169705e+001  -3.962222e+001  -3.690814e+001  -3.359859e+001  -2.953146e+001  -2.465980e+001  -1.929626e+001  -6.545378e+000  1.655155e+001  3.470462e+001  4.023195e+001  4.192134e+001  4.277454e+001  -0.000000e+000  
-0.000000e+000  -0.000000e+000  -0.000000e+000  -0.000000e+000  -0.000000e+000  -0.000000e+000  -0.000000e+000  -0.000000e+000  -0.000000e+000  -0.000000e+000  -0.000000e+000  -0.000000e+000  -0.000000e+000  -0.000000e+000  -0.000000e+000  -0.000000e+000  

-0.000000e+000  -3.899326e+001  -7.735741e+001  -1.144735e+002  -1.497427e+002  -1.825960e+002  -2.125033e+002  -2.417319e+002  -2.661388e+002  -2.852371e+002  -3.074983e+002  -2.416787e+002  -1.236465e+002  -8.382719e+001  -4.233582e+001  -0.000000e+000  
-0.000000e+000  -3.886707e+001  -7.710708e+001  -1.141031e+002  -1.492581e+002  -1.820051e+002  -2.118157e+002  -2.409497e+002  -2.652776e+002  -2.843141e+002  -3.065032e+002  -2.408966e+002  -1.232464e+002  -8.355593e+001  -4.219882e+001  -0.000000e+000  
-0.000000e+000  -3.861512e+001  -7.660723e+001  -1.133634e+002  -1.482906e+002  -1.808253e+002  -2.104426e+002  -2.393877e+002  -2.635579e+002  -2.824710e+002  -3.045163e+002  -2.393350e+002  -1.224474e+002  -8.301427e+001  -4.192527e+001  -0.000000e+000  
-0.000000e+000  -3.772163e+001  -7.483467e+001  -1.107404e+002  -1.448594e+002  -1.766413e+002  -2.055733e+002  -2.338487e+002  -2.574596e+002  -2.759352e+002  -2.974704e+002  -2.337972e+002  -1.196142e+002  -8.109347e+001  -4.095519e+001  -0.000000e+000  
-0.000000e+000  -3.437235e+001  -6.819014e+001  -1.009078e+002  -1.319974e+002  -1.609574e+002  -1.873206e+002  -2.130854e+002  -2.345999e+002  -2.514350e+002  -2.710581e+002  -2.130385e+002  -1.089937e+002  -7.389322e+001  -3.731880e+001  -0.000000e+000  
-0.000000e+000  -2.874040e+001  -5.701712e+001  -8.437394e+001  -1.103695e+002  -1.345844e+002  -1.566279e+002  -1.781711e+002  -1.961605e+002  -2.102371e+002  -2.266450e+002  -1.781319e+002  -9.113500e+001  -6.178574e+001  -3.120408e+001  -0.000000e+000  
-0.000000e+000  -2.139285e+001  -4.244056e+001  -6.280354e+001  -8.215327e+001  -1.001776e+002  -1.165856e+002  -1.326213e+002  -1.460116e+002  -1.564895e+002  -1.687027e+002  -1.325921e+002  -6.783615e+001  -4.599009e+001  -2.322669e+001  -0.000000e+000  
-0.000000e+000  -1.332445e+001  -2.643392e+001  -3.911692e+001  -5.116882e+001  -6.239517e+001  -7.261485e+001  -8.260259e+001  -9.094271e+001  -9.746884e+001  -1.050757e+002  -8.258441e+001  -4.225144e+001  -2.864472e+001  -1.446664e+001  -0.000000e+000  
-0.000000e+000  -8.181909e+000  -1.623181e+001  -2.401984e+001  -3.142033e+001  -3.831390e+001  -4.458933e+001  -5.072232e+001  -5.584358e+001  -5.985095e+001  -6.452200e+001  -5.071115e+001  -2.594458e+001  -1.758935e+001  -8.883271e+000  -0.000000e+000  
-0.000000e+000  -5.986052e+000  -1.187553e+001  -1.757341e+001  -2.298776e+001  -2.803124e+001  -3.262246e+001  -3.710949e+001  -4.085631e+001  -4.378819e+001  -4.720562e+001  -3.710131e+001  -1.898159e+001  -1.286873e+001  -6.499184e+000  -0.000000e+000  
-0.000000e+000  -3.770825e+000  -7.480812e+000  -1.107011e+001  -1.448080e+001  -1.765786e+001  -2.055004e+001  -2.337658e+001  -2.573683e+001  -2.758373e+001  -2.973648e+001  -2.337142e+001  -1.195718e+001  -8.106470e+000  -4.094066e+000  -0.000000e+000  
-0.000000e+000  -1.993786e+000  -3.955404e+000  -5.853208e+000  -7.656578e+000  -9.336419e+000  -1.086564e+001  -1.236013e+001  -1.360809e+001  -1.458462e+001  -1.572287e+001  -1.235741e+001  -6.322232e+000  -4.286213e+000  -2.164696e+000  -0.000000e+000  
-0.000000e+000  -6.648497e-001  -1.318973e+000  -1.951816e+000  -2.553170e+000  -3.113331e+000  -3.623264e+000  -4.121621e+000  -4.537767e+000  -4.863400e+000  -5.242963e+000  -4.120713e+000  -2.108218e+000  -1.429285e+000  -7.218414e-001  -0.000000e+000  
-0.000000e+000  6.648497e-001  1.318973e+000  1.951816e+000  2.553170e+000  3.113331e+000  3.623264e+000  4.121621e+000  4.537767e+000  4.863400e+000  5.242963e+000  4.120713e+000  2.108218e+000  1.429285e+000  7.218414e-001  -0.000000e+000  
-0.000000e+000  1.993786e+000  3.955404e+000  5.853208e+000  7.656578e+000  9.336419e+000  1.086564e+001  1.236013e+001  1.360809e+001  1.458462e+001  1.572287e+001  1.235741e+001  6.322232e+000  4.286213e+000  2.164696e+000  -0.000000e+000  
-0.000000e+000  3.770825e+000  7.480812e+000  1.107011e+001  1.448080e+001  1.765786e+001  2.055004e+001  2.337658e+001  2.573683e+001  2.758373e+001  2.973648e+001  2.337142e+001  1.195718e+001  8.106470e+000  4.094066e+000  -0.000000e+000  
-0.000000e+000  5.986052e+000  1.187553e+001  1.757341e+001  2.298776e+001  2.803124e+001  3.262246e+001  3.710949e+001  4.085631e+001  4.378819e+001  4.720562e+001  3.710131e+001  1.898159e+001  1.286873e+001  6.499184e+000  -0.000000e+000  
-0.000000e+000  8.181909e+000  1.623181e+001  2.401984e+001  3.142033e+001  3.831390e+001  4.458933e+001  5.072232e+001  5.584358e+001  5.985095e+001  6.452200e+001  5.071115e+001  2.594458e+001  1.758935e+001  8.883271e+000  -0.000000e+000  
-0.000000e+000  1.332445e+001  2.643392e+001  3.911692e+001  5.116882e+001  6.239517e+001  7.261485e+001  8.260259e+001  9.094271e+001  9.746884e+001  1.050757e+002  8.258441e+001  4.225144e+001  2.864472e+001  1.446664e+001  -0.000000e+000  
-0.000000e+000  2.139285e+001  4.244056e+001  6.280354e+001  8.215327e+001  1.001776e+002  1.165856e+002  1.326213e+002  1.460116e+002  1.564895e+002  1.687027e+002  1.325921e+002  6.783615e+001  4.599009e+001  2.322669e+001  -0.000000e+000  
-0.000000e+000  2.874040e+001  5.701712e+001  8.437394e+001  1.103695e+002  1.345844e+002  1.566279e+002  1.781711e+002  1.961605e+002  2.102371e+002  2.266450e+002  1.781319e+002  9.113500e+001  6.178574e+001  3.120408e+001  -0.000000e+000  
-0.000000e+000  3.437235e+001  6.819014e+001  1.009078e+002  1.319974e+002  1.609574e+002  1.873206e+002  2.130854e+002  2.345999e+002  2.514350e+002  2.710581e+002  2.130385e+002  1.089937e+002  7.389322e+001  3.731880e+001  -0.000000e+000  
-0.000000e+000  3.772163e+001  7.483467e+001  1.107404e+002  1.448594e+002  1.766413e+002  2.055733e+002  2.338487e+002  2.574596e+002  2.759352e+002  2.974704e+002  2.337972e+002  1.196142e+002  8.109347e+001  4.095519e+001  -0.000000e+000  
-0.000000e+000  3.861512e+001  7.660723e+001  1.133634e+002  1.482906e+002  1.808253e+002  2.104426e+002  2.393877e+002  2.635579e+002  2.824710e+002  3.045163e+002  2.393350e+002  1.224474e+002  8.301427e+001  4.192527e+001  -0.000000e+000  
-0.000000e+000  3.886707e+001  7.710708e+001  1.141031e+002  1.492581e+002  1.820051e+002  2.118157e+002  2.409497e+002  2.652776e+002  2.843141e+002  3.065032e+002  2.408966e+002  1.232464e+002  8.355593e+001  4.219882e+001  -0.000000e+000  
-0.000000e+000  3.899326e+001  7.735741e+001  1.144735e+002  1.497427e+002  1.825960e+002  2.125033e+002  2.417319e+002  2.661388e+002  2.852371e+002  3.074983e+002  2.416787e+002  1.236465e+002  8.382719e+001  4.233582e+001  -0.000000e+000  
-0.000000e+000  -0.000000e+000  -0.000000e+000  -0.000000e+000  -0.000000e+000  -0.000000e+000  -0.000000e+000  -0.000000e+000  -0.000000e+000  -0.000000e+000  -0.000000e+000  -0.000000e+000  -0.000000e+000  -0.000000e+000  -0.000000e+000  -0.000000e+000  

-0.000000e+000  -0.000000e+000  -0.000000e+000  -0.000000e+000  -0.000000e+000  -0.000000e+000  -0.000000e+000  -0.000000e+000  -0.000000e+000  -0.000000e+000  -0.000000e+000  -0.000000e+000  -0.000000e+000  -0.000000e+000  -0.000000e+000  -0.000000e+000  
-0.000000e+000  7.004780e+000  1.389655e+001  2.056411e+001  2.689990e+001  3.280169e+001  3.817427e+001  4.342491e+001  4.780938e+001  5.124023e+001  5.523924e+001  4.341535e+001  2.221196e+001  1.505878e+001  7.605240e+000  -0.000000e+000  
-0.000000e+000  1.398689e+001  2.774812e+001  4.106167e+001  5.371275e+001  6.549723e+001  7.622501e+001  8.670931e+001  9.546406e+001  1.023146e+002  1.102997e+002  8.669020e+001  4.435203e+001  3.006884e+001  1.518587e+001  -0.000000e+000  
-0.000000e+000  2.092374e+001  4.150991e+001  6.142636e+001  8.035178e+001  9.798083e+001  1.140291e+002  1.297131e+002  1.428098e+002  1.530580e+002  1.650033e+002  1.296845e+002  6.634859e+001  4.498159e+001  2.271736e+001  -0.000000e+000  
-0.000000e+000  4.627419e+001  9.180181e+001  1.358483e+002  1.777031e+002  2.166909e+002  2.521826e+002  2.868688e+002  3.158330e+002  3.384975e+002  3.649153e+002  2.868056e+002  1.467341e+002  9.947965e+001  5.024089e+001  -0.000000e+000  
-0.000000e+000  7.279408e+001  1.444137e+002  2.137034e+002  2.795453e+002  3.408771e+002  3.967092e+002  4.512742e+002  4.968379e+002  5.324914e+002  5.740494e+002  4.511748e+002  2.308279e+002  1.564917e+002  7.903410e+001  -0.000000e+000  
-0.000000e+000  9.496865e+001  1.884051e+002  2.788019e+002  3.647005e+002  4.447152e+002  5.175550e+002  5.887416e+002  6.481849e+002  6.946992e+002  7.489166e+002  5.886119e+002  3.011429e+002  2.041623e+002  1.031095e+002  -0.000000e+000  
-0.000000e+000  1.114742e+002  2.211500e+002  3.272578e+002  4.280857e+002  5.220069e+002  6.075063e+002  6.910652e+002  7.608398e+002  8.154383e+002  8.790787e+002  6.909129e+002  3.534816e+002  2.396459e+002  1.210300e+002  -0.000000e+000  
-0.000000e+000  1.204288e+002  2.389146e+002  3.535459e+002  4.624731e+002  5.639390e+002  6.563064e+002  7.465774e+002  8.219569e+002  8.809412e+002  9.496938e+002  7.464130e+002  3.818763e+002  2.588963e+002  1.307522e+002  -0.000000e+000  
-0.000000e+000  1.218986e+002  2.418305e+002  3.578608e+002  4.681175e+002  5.708217e+002  6.643164e+002  7.556892e+002  8.319887e+002  8.916929e+002  9.612846e+002  7.555228e+002  3.865370e+002  2.620560e+002  1.323480e+002  -0.000000e+000  
-0.000000e+000  1.229739e+002  2.439639e+002  3.610177e+002  4.722471e+002  5.758573e+002  6.701768e+002  7.623556e+002  8.393281e+002  8.995590e+002  9.697646e+002  7.621877e+002  3.899469e+002  2.643678e+002  1.335155e+002  -0.000000e+000  
-0.000000e+000  1.236513e+002  2.453077e+002  3.630064e+002  4.748484e+002  5.790293e+002  6.738684e+002  7.665550e+002  8.439515e+002  9.045142e+002  9.751065e+002  7.663861e+002  3.920949e+002  2.658240e+002  1.342509e+002  -0.000000e+000  
-0.000000e+000  1.238647e+002  2.457309e+002  3.636326e+002  4.756676e+002  5.800283e+002  6.750309e+002  7.678774e+002  8.454075e+002  9.060747e+002  9.767887e+002  7.677083e+002  3.927713e+002  2.662826e+002  1.344825e+002  -0.000000e+000  
-0.000000e+000  1.239358e+002  2.458721e+002  3.638415e+002  4.759408e+002  5.803614e+002  6.754186e+002  7.683184e+002  8.458930e+002  9.065950e+002  9.773497e+002  7.681492e+002  3.929969e+002  2.664355e+002  1.345598e+002  -0.000000e+000  
-0.000000e+000  1.238647e+002  2.457309e+002  3.636326e+002  4.756676e+002  5.800283e+002  6.750309e+002  7.678774e+002  8.454075e+002  9.060747e+002  9.767887e+002  7.677083e+002  3.927713e+002  2.662826e+002  1.344825e+002  -0.000000e+000  
-0.000000e+000  1.236513e+002  2.453077e+002  3.630064e+002  4.748484e+002  5.790293e+002  6.738684e+002  7.665550e+002  8.439515e+002  9.045142e+002  9.751065e+002  7.663861e+002  3.920949e+002  2.658240e+002  1.342509e+002  -0.000000e+000  
-0.000000e+000  1.229739e+002  2.439639e+002  3.610177e+002  4.722471e+002  5.758573e+002  6.701768e+002  7.623556e+002  8.393281e+002  8.995590e+002  9.697646e+002  7.621877e+002  3.899469e+002  2.643678e+002  1.335155e+002  -0.000000e+000  
-0.000000e+000  1.218986e+002  2.418305e+002  3.578608e+002  4.681175e+002  5.708217e+002  6.643164e+002  7.556892e+002  8.319887e+002  8.916929e+002  9.612846e+002  7.555228e+002  3.865370e+002  2.620560e+002  1.323480e+002  -0.000000e+000  
-0.000000e+000  1.204288e+002  2.389146e+002  3.535459e+002  4.624731e+002  5.639390e+002  6.563064e+002  7.465774e+002  8.219569e+002  8.809412e+002  9.496938e+002  7.464130e+002  3.818763e+002  2.588963e+002  1.307522e+002  -0.000000e+000  
-0.000000e+000  1.114742e+002  2.211500e+002  3.272578e+002  4.280857e+002  5.220069e+002  6.075063e+002  6.910652e+002  7.608398e+002  8.154383e+002  8.790787e+002  6.909129e+002  3.534816e+002  2.396459e+002  1.210300e+002  -0.000000e+000  
-0.000000e+000  9.496865e+001  1.884051e+002  2.788019e+002  3.647005e+002  4.447152e+002  5.175550e+002  5.887416e+002  6.481849e+002  6.946992e+002  7.489166e+002  5.886119e+002  3.011429e+002  2.041623e+002  1.031095e+002  -0.000000e+000  
-0.000000e+000  7.279408e+001  1.444137e+002  2.137034e+002  2.795453e+002  3.408771e+002  3.967092e+002  4.512742e+002  4.968379e+002  5.324914e+002  5.740494e+002  4.511748e+002  2.308279e+002  1.564917e+002  7.903410e+001  -0.000000e+000  
-0.000000e+000  4.627419e+001  9.180181e+001  1.358483e+002  1.777031e+002  2.166909e+002  2.521826e+002  2.868688e+002  3.158330e+002  3.384975e+002  3.649153e+002  2.868056e+002  1.467341e+002  9.947965e+001  5.024089e+001  -0.000000e+000  
-0.000000e+000  2.092374e+001  4.150991e+001  6.142636e+001  8.035178e+001  9.798083e+001  1.140291e+002  1.297131e+002  1.428098e+002  1.530580e+002  1.650033e+002  1.296845e+002  6.634859e+001  4.498159e+001  2.271736e+001  -0.000000e+000  
-0.000000e+000  1.398689e+001  2.774812e+001  4.106167e+001  5.371275e+001  6.549723e+001  7.622501e+001  8.670931e+001  9.546406e+001  1.023146e+002  1.102997e+002  8.669020e+001  4.435203e+001  3.006884e+001  1.518587e+001  -0.000000e+000  
-0.000000e+000  7.004780e+000  1.389655e+001  2.056411e+001  2.689990e+001  3.280169e+001  3.817427e+001  4.342491e+001  4.780938e+001  5.124023e+001  5.523924e+001  4.341535e+001  2.221196e+001  1.505878e+001  7.605241e+000  -0.000000e+000  
-0.000000e+000  -0.000000e+000  -0.000000e+000  -0.000000e+000  -0.000000e+000  -0.000000e+000  -0.000000e+000  -0.000000e+000  -0.000000e+000  -0.000000e+000  -0.000000e+000  -0.000000e+000  -0.000000e+000  -0.000000e+000  -0.000000e+000  -0.000000e+000  

0.000000e+000  0.000000e+000  0.000000e+000  0.000000e+000  0.000000e+000  0.000000e+000  0.000000e+000  0.000000e+000  0.000000e+000  0.000000e+000  0.000000e+000  0.000000e+000  0.000000e+000  0.000000e+000  0.000000e+000  0.000000e+000  
0.000000e+000  0.000000e+000  0.000000e+000  0.000000e+000  0.000000e+000  0.000000e+000  0.000000e+000  0.000000e+000  0.000000e+000  0.000000e+000  0.000000e+000  0.000000e+000  0.000000e+000  0.000000e+000  0.000000e+000  0.000000e+000  
0.000000e+000  0.000000e+000  0.000000e+000  0.000000e+000  0.000000e+000  0.000000e+000  0.000000e+000  0.000000e+000  0.000000e+000  0.000000e+000  0.000000e+000  0.000000e+000  0.000000e+000  0.000000e+000  0.000000e+000  0.000000e+000  
0.000000e+000  0.000000e+000  0.000000e+000  0.000000e+000  0.000000e+000  0.000000e+000  0.000000e+000  0.000000e+000  0.000000e+000  0.000000e+000  0.000000e+000  0.000000e+000  0.000000e+000  0.000000e+000  0.000000e+000  0.000000e+000  
0.000000e+000  0.000000e+000  0.000000e+000  0.000000e+000  0.000000e+000  0.000000e+000  0.000000e+000  0.000000e+000  0.000000e+000  0.000000e+000  0.000000e+000  0.000000e+000  0.000000e+000  0.000000e+000  0.000000e+000  0.000000e+000  
0.000000e+000  0.000000e+000  0.000000e+000  0.000000e+000  0.000000e+000  0.000000e+000  0.000000e+000  0.000000e+000  0.000000e+000  0.000000e+000  0.000000e+000  0.000000e+000  0.000000e+000  0.000000e+000  0.000000e+000  0.000000e+000  
0.000000e+000  0.000000e+000  0.000000e+000  0.000000e+000  0.000000e+000  0.000000e+000  0.000000e+000  0.000000e+000  0.000000e+000  0.000000e+000  0.000000e+000  0.000000e+000  0.000000e+000  0.000000e+000  0.000000e+000  0.000000e+000  
0.000000e+000  0.000000e+000  0.000000e+000  0.000000e+000  0.000000e+000  0.000000e+000  0.000000e+000  0.000000e+000  0.000000e+000  0.000000e+000  0.000000e+000  0.000000e+000  0.000000e+000  0.000000e+000  0.000000e+000  0.000000e+000  
0.000000e+000  0.000000e+000  0.000000e+000  0.000000e+000  0.000000e+000  0.000000e+000  0.000000e+000  0.000000e+000  0.000000e+000  0.000000e+000  0.000000e+000  0.000000e+000  0.000000e+000  0.000000e+000  0.000000e+000  0.000000e+000  
0.000000e+000  0.000000e+000  0.000000e+000  0.000000e+000  0.000000e+000  0.000000e+000  0.000000e+000  0.000000e+000  0.000000e+000  0.000000e+000  0.000000e+000  0.000000e+000  0.000000e+000  0.000000e+000  0.000000e+000  0.000000e+000  
0.000000e+000  0.000000e+000  0.000000e+000  0.000000e+000  0.000000e+000  0.000000e+000  0.000000e+000  0.000000e+000  0.000000e+000  0.000000e+000  0.000000e+000  0.000000e+000  0.000000e+000  0.000000e+000  0.000000e+000  0.000000e+000  
0.000000e+000  0.000000e+000  0.000000e+000  0.000000e+000  0.000000e+000  0.000000e+000  0.000000e+000  0.000000e+000  0.000000e+000  0.000000e+000  0.000000e+000  0.000000e+000  0.000000e+000  0.000000e+000  0.000000e+000  0.000000e+000  
0.000000e+000  0.000000e+000  0.000000e+000  0.000000e+000  0.000000e+000  0.000000e+000  0.000000e+000  0.000000e+000  0.000000e+000  0.000000e+000  0.000000e+000  0.000000e+000  0.000000e+000  0.000000e+000  0.000000e+000  0.000000e+000  
0.000000e+000  0.000000e+000  0.000000e+000  0.000000e+000  0.000000e+000  0.000000e+000  0.000000e+000  0.000000e+000  0.000000e+000  0.000000e+000  0.000000e+000  0.000000e+000  0.000000e+000  0.000000e+000  0.000000e+000  0.000000e+000  
0.000000e+000  0.000000e+000  0.000000e+000  0.000000e+000  0.000000e+000  0.000000e+000  0.000000e+000  0.000000e+000  0.000000e+000  0.000000e+000  0.000000e+000  0.000000e+000  0.000000e+000  0.000000e+000  0.000000e+000  0.000000e+000  
0.000000e+000  0.000000e+000  0.000000e+000  0.000000e+000  0.000000e+000  0.000000e+000  0.000000e+000  0.000000e+000  0.000000e+000  0.000000e+000  0.000000e+000  0.000000e+000  0.000000e+000  0.000000e+000  0.000000e+000  0.000000e+000  
0.000000e+000  0.000000e+000  0.000000e+000  0.000000e+000  0.000000e+000  0.000000e+000  0.000000e+000  0.000000e+000  0.000000e+000  0.000000e+000  0.000000e+000  0.000000e+000  0.000000e+000  0.000000e+000  0.000000e+000  0.000000e+000  
0.000000e+000  0.000000e+000  0.000000e+000  0.000000e+000  0.000000e+000  0.000000e+000  0.000000e+000  0.000000e+000  0.000000e+000  0.000000e+000  0.000000e+000  0.000000e+000  0.000000e+000  0.000000e+000  0.000000e+000  0.000000e+000  
0.000000e+000  0.000000e+000  0.000000e+000  0.000000e+000  0.000000e+000  0.000000e+000  0.000000e+000  0.000000e+000  0.000000e+000  0.000000e+000  0.000000e+000  0.000000e+000  0.000000e+000  0.000000e+000  0.000000e+000  0.000000e+000  
0.000000e+000  0.000000e+000  0.000000e+000  0.000000e+000  0.000000e+000  0.000000e+000  0.000000e+000  0.000000e+000  0.000000e+000  0.000000e+000  0.000000e+000  0.000000e+000  0.000000e+000  0.000000e+000  0.000000e+000  0.000000e+000  
0.000000e+000  0.000000e+000  0.000000e+000  0.000000e+000  0.000000e+000  0.000000e+000  0.000000e+000  0.000000e+000  0.000000e+000  0.000000e+000  0.000000e+000  0.000000e+000  0.000000e+000  0.000000e+000  0.000000e+000  0.000000e+000  
0.000000e+000  0.000000e+000  0.000000e+000  0.000000e+000  0.000000e+000  0.000000e+000  0.000000e+000  0.000000e+000  0.000000e+000  0.000000e+000  0.000000e+000  0.000000e+000  0.000000e+000  0.000000e+000  0.000000e+000  0.000000e+000  
0.000000e+000  0.000000e+000  0.000000e+000  0.000000e+000  0.000000e+000  0.000000e+000  0.000000e+000  0.000000e+000  0.000000e+000  0.000000e+000  0.000000e+000  0.000000e+000  0.000000e+000  0.000000e+000  0.000000e+000  0.000000e+000  
0.000000e+000  0.000000e+000  0.000000e+000  0.000000e+000  0.000000e+000  0.000000e+000  0.000000e+000  0.000000e+000  0.000000e+000  0.000000e+000  0.000000e+000  0.000000e+000  0.000000e+000  0.000000e+000  0.000000e+000  0.000000e+000  
0.000000e+000  0.000000e+000  0.000000e+000  0.000000e+000  0.000000e+000  0.000000e+000  0.000000e+000  0.000000e+000  0.000000e+000  0.000000e+000  0.000000e+000  0.000000e+000  0.000000e+000  0.000000e+000  0.000000e+000  0.000000e+000  
0.000000e+000  0.000000e+000  0.000000e+000  0.000000e+000  0.000000e+000  0.000000e+000  0.000000e+000  0.000000e+000  0.000000e+000  0.000000e+000  0.000000e+000  0.000000e+000  0.000000e+000  0.000000e+000  0.000000e+000  0.000000e+000  
0.000000e+000  0.000000e+000  0.000000e+000  0.000000e+000  0.000000e+000  0.000000e+000  0.000000e+000  0.000000e+000  0.000000e+000  0.000000e+000  0.000000e+000  0.000000e+000  0.000000e+000  0.000000e+000  0.000000e+000  0.000000e+000  

0.000000e+000  0.000000e+000  0.000000e+000  0.000000e+000  0.000000e+000  0.000000e+000  0.000000e+000  0.000000e+000  0.000000e+000  0.000000e+000  0.000000e+000  0.000000e+000  0.000000e+000  0.000000e+000  0.000000e+000  0.000000e+000  
0.000000e+000  0.000000e+000  0.000000e+000  0.000000e+000  0.000000e+000  0.000000e+000  0.000000e+000  0.000000e+000  0.000000e+000  0.000000e+000  0.000000e+000  0.000000e+000  0.000000e+000  0.000000e+000  0.000000e+000  0.000000e+000  
0.000000e+000  0.000000e+000  0.000000e+000  0.000000e+000  0.000000e+000  0.000000e+000  0.000000e+000  0.000000e+000  0.000000e+000  0.000000e+000  0.000000e+000  0.000000e+000  0.000000e+000  0.000000e+000  0.000000e+000  0.000000e+000  
0.000000e+000  0.000000e+000  0.000000e+000  0.000000e+000  0.000000e+000  0.000000e+000  0.000000e+000  0.000000e+000  0.000000e+000  0.000000e+000  0.000000e+000  0.000000e+000  0.000000e+000  0.000000e+000  0.000000e+000  0.000000e+000  
0.000000e+000  0.000000e+000  0.000000e+000  0.000000e+000  0.000000e+000  0.000000e+000  0.000000e+000  0.000000e+000  0.000000e+000  0.000000e+000  0.000000e+000  0.000000e+000  0.000000e+000  0.000000e+000  0.000000e+000  0.000000e+000  
0.000000e+000  0.000000e+000  0.000000e+000  0.000000e+000  0.000000e+000  0.000000e+000  0.000000e+000  0.000000e+000  0.000000e+000  0.000000e+000  0.000000e+000  0.000000e+000  0.000000e+000  0.000000e+000  0.000000e+000  0.000000e+000  
0.000000e+000  0.000000e+000  0.000000e+000  0.000000e+000  0.000000e+000  0.000000e+000  0.000000e+000  0.000000e+000  0.000000e+000  0.000000e+000  0.000000e+000  0.000000e+000  0.000000e+000  0.000000e+000  0.000000e+000  0.000000e+000  
0.000000e+000  0.000000e+000  0.000000e+000  0.000000e+000  0.000000e+000  0.000000e+000  0.000000e+000  0.000000e+000  0.000000e+000  0.000000e+000  0.000000e+000  0.000000e+000  0.000000e+000  0.000000e+000  0.000000e+000  0.000000e+000  
0.000000e+000  0.000000e+000  0.000000e+000  0.000000e+000  0.000000e+000  0.000000e+000  0.000000e+000  0.000000e+000  0.000000e+000  0.000000e+000  0.000000e+000  0.000000e+000  0.000000e+000  0.000000e+000  0.000000e+000  0.000000e+000  
0.000000e+000  0.000000e+000  0.000000e+000  0.000000e+000  0.000000e+000  0.000000e+000  0.000000e+000  0.000000e+000  0.000000e+000  0.000000e+000  0.000000e+000  0.000000e+000  0.000000e+000  0.000000e+000  0.000000e+000  0.000000e+000  
0.000000e+000  0.000000e+000  0.000000e+000  0.000000e+000  0.000000e+000  0.000000e+000  0.000000e+000  0.000000e+000  0.000000e+000  0.000000e+000  0.000000e+000  0.000000e+000  0.000000e+000  0.000000e+000  0.000000e+000  0.000000e+000  
0.000000e+000  0.000000e+000  0.000000e+000  0.000000e+000  0.000000e+000  0.000000e+000  0.000000e+000  0.000000e+000  0.000000e+000  0.000000e+000  0.000000e+000  0.000000e+000  0.000000e+000  0.000000e+000  0.000000e+000  0.000000e+000  
0.000000e+000  0.000000e+000  0.000000e+000  0.000000e+000  0.000000e+000  0.000000e+000  0.000000e+000  0.000000e+000  0.000000e+000  0.000000e+000  0.000000e+000  0.000000e+000  0.000000e+000  0.000000e+000  0.000000e+000  0.000000e+000  
0.000000e+000  0.000000e+000  0.000000e+000  0.000000e+000  0.000000e+000  0.000000e+000  0.000000e+000  0.000000e+000  0.000000e+000  0.000000e+000  0.000000e+000  0.000000e+000  0.000000e+000  0.000000e+000  0.000000e+000  0.000000e+000  
0.000000e+000  0.000000e+000  0.000000e+000  0.000000e+000  0.000000e+000  0.000000e+000  0.000000e+000  0.000000e+000  0.000000e+000  0.000000e+000  0.000000e+000  0.000000e+000  0.000000e+000  0.000000e+000  0.000000e+000  0.000000e+000  
0.000000e+000  0.000000e+000  0.000000e+000  0.000000e+000  0.000000e+000  0.000000e+000  0.000000e+000  0.000000e+000  0.000000e+000  0.000000e+000  0.000000e+000  0.000000e+000  0.000000e+000  0.000000e+000  0.000000e+000  0.000000e+000  
0.000000e+000  0.000000e+000  0.000000e+000  0.000000e+000  0.000000e+000  0.000000e+000  0.000000e+000  0.000000e+000  0.000000e+000  0.000000e+000  0.000000e+000  0.000000e+000  0.000000e+000  0.000000e+000  0.000000e+000  0.000000e+000  
0.000000e+000  0.000000e+000  0.000000e+000  0.000000e+000  0.000000e+000  0.000000e+000  0.000000e+000  0.000000e+000  0.000000e+000  0.000000e+000  0.000000e+000  0.000000e+000  0.000000e+000  0.000000e+000  0.000000e+000  0.000000e+000  
0.000000e+000  0.000000e+000  0.000000e+000  0.000000e+000  0.000000e+000  0.000000e+000  0.000000e+000  0.000000e+000  0.000000e+000  0.000000e+000  0.000000e+000  0.000000e+000  0.000000e+000  0.000000e+000  0.000000e+000  0.000000e+000  
0.000000e+000  0.000000e+000  0.000000e+000  0.000000e+000  0.000000e+000  0.000000e+000  0.000000e+000  0.000000e+000  0.000000e+000  0.000000e+000  0.000000e+000  0.000000e+000  0.000000e+000  0.000000e+000  0.000000e+000  0.000000e+000  
0.000000e+000  0.000000e+000  0.000000e+000  0.000000e+000  0.000000e+000  0.000000e+000  0.000000e+000  0.000000e+000  0.000000e+000  0.000000e+000  0.000000e+000  0.000000e+000  0.000000e+000  0.000000e+000  0.000000e+000  0.000000e+000  
0.000000e+000  0.000000e+000  0.000000e+000  0.000000e+000  0.000000e+000  0.000000e+000  0.000000e+000  0.000000e+000  0.000000e+000  0.000000e+000  0.000000e+000  0.000000e+000  0.000000e+000  0.000000e+000  0.000000e+000  0.000000e+000  
0.000000e+000  0.000000e+000  0.000000e+000  0.000000e+000  0.000000e+000  0.000000e+000  0.000000e+000  0.000000e+000  0.000000e+000  0.000000e+000  0.000000e+000  0.000000e+000  0.000000e+000  0.000000e+000  0.000000e+000  0.000000e+000  
0.000000e+000  0.000000e+000  0.000000e+000  0.000000e+000  0.000000e+000  0.000000e+000  0.000000e+000  0.000000e+000  0.000000e+000  0.000000e+000  0.000000e+000  0.000000e+000  0.000000e+000  0.000000e+000  0.000000e+000  0.000000e+000  
0.000000e+000  0.000000e+000  0.000000e+000  0.000000e+000  0.000000e+000  0.000000e+000  0.000000e+000  0.000000e+000  0.000000e+000  0.000000e+000  0.000000e+000  0.000000e+000  0.000000e+000  0.000000e+000  0.000000e+000  0.000000e+000  
0.000000e+000  0.000000e+000  0.000000e+000  0.000000e+000  0.000000e+000  0.000000e+000  0.000000e+000  0.000000e+000  0.000000e+000  0.000000e+000  0.000000e+000  0.000000e+000  0.000000e+000  0.000000e+000  0.000000e+000  0.000000e+000  
0.000000e+000  0.000000e+000  0.000000e+000  0.000000e+000  0.000000e+000  0.000000e+000  0.000000e+000  0.000000e+000  0.000000e+000  0.000000e+000  0.000000e+000  0.000000e+000  0.000000e+000  0.000000e+000  0.000000e+000  0.000000e+000  

0.000000e+000  0.000000e+000  0.000000e+000  0.000000e+000  0.000000e+000  0.000000e+000  0.000000e+000  0.000000e+000  0.000000e+000  0.000000e+000  0.000000e+000  0.000000e+000  0.000000e+000  0.000000e+000  0.000000e+000  0.000000e+000  
0.000000e+000  0.000000e+000  0.000000e+000  0.000000e+000  0.000000e+000  0.000000e+000  0.000000e+000  0.000000e+000  0.000000e+000  0.000000e+000  0.000000e+000  0.000000e+000  0.000000e+000  0.000000e+000  0.000000e+000  0.000000e+000  
0.000000e+000  0.000000e+000  0.000000e+000  0.000000e+000  0.000000e+000  0.000000e+000  0.000000e+000  0.000000e+000  0.000000e+000  0.000000e+000  0.000000e+000  0.000000e+000  0.000000e+000  0.000000e+000  0.000000e+000  0.000000e+000  
0.000000e+000  0.000000e+000  0.000000e+000  0.000000e+000  0.000000e+000  0.000000e+000  0.000000e+000  0.000000e+000  0.000000e+000  0.000000e+000  0.000000e+000  0.000000e+000  0.000000e+000  0.000000e+000  0.000000e+000  0.000000e+000  
0.000000e+000  0.000000e+000  0.000000e+000  0.000000e+000  0.000000e+000  0.000000e+000  0.000000e+000  0.000000e+000  0.000000e+000  0.000000e+000  0.000000e+000  0.000000e+000  0.000000e+000  0.000000e+000  0.000000e+000  0.000000e+000  
0.000000e+000  0.000000e+000  0.000000e+000  0.000000e+000  0.000000e+000  0.000000e+000  0.000000e+000  0.000000e+000  0.000000e+000  0.000000e+000  0.000000e+000  0.000000e+000  0.000000e+000  0.000000e+000  0.000000e+000  0.000000e+000  
0.000000e+000  0.000000e+000  0.000000e+000  0.000000e+000  0.000000e+000  0.000000e+000  0.000000e+000  0.000000e+000  0.000000e+000  0.000000e+000  0.000000e+000  0.000000e+000  0.000000e+000  0.000000e+000  0.000000e+000  0.000000e+000  
0.000000e+000  0.000000e+000  0.000000e+000  0.000000e+000  0.000000e+000  0.000000e+000  0.000000e+000  0.000000e+000  0.000000e+000  0.000000e+000  0.000000e+000  0.000000e+000  0.000000e+000  0.000000e+000  0.000000e+000  0.000000e+000  
0.000000e+000  0.000000e+000  0.000000e+000  0.000000e+000  0.000000e+000  0.000000e+000  0.000000e+000  0.000000e+000  0.000000e+000  0.000000e+000  0.000000e+000  0.000000e+000  0.000000e+000  0.000000e+000  0.000000e+000  0.000000e+000  
0.000000e+000  0.000000e+000  0.000000e+000  0.000000e+000  0.000000e+000  0.000000e+000  0.000000e+000  0.000000e+000  0.000000e+000  0.000000e+000  0.000000e+000  0.000000e+000  0.000000e+000  0.000000e+000  0.000000e+000  0.000000e+000  
0.000000e+000  0.000000e+000  0.000000e+000  0.000000e+000  0.000000e+000  0.000000e+000  0.000000e+000  0.000000e+000  0.000000e+000  0.000000e+000  0.000000e+000  0.000000e+000  0.000000e+000  0.000000e+000  0.000000e+000  0.000000e+000  
0.000000e+000  0.000000e+000  0.000000e+000  0.000000e+000  0.000000e+000  0.000000e+000  0.000000e+000  0.000000e+000  0.000000e+000  0.000000e+000  0.000000e+000  0.000000e+000  0.000000e+000  0.000000e+000  0.000000e+000  0.000000e+000  
0.000000e+000  0.000000e+000  0.000000e+000  0.000000e+000  0.000000e+000  0.000000e+000  0.000000e+000  0.000000e+000  0.000000e+000  0.000000e+000  0.000000e+000  0.000000e+000  0.000000e+000  0.000000e+000  0.000000e+000  0.000000e+000  
0.000000e+000  0.000000e+000  0.000000e+000  0.000000e+000  0.000000e+000  0.000000e+000  0.000000e+000  0.000000e+000  0.000000e+000  0.000000e+000  0.000000e+000  0.000000e+000  0.000000e+000  0.000000e+000  0.000000e+000  0.000000e+000  
0.000000e+000  0.000000e+000  0.000000e+000  0.000000e+000  0.000000e+000  0.000000e+000  0.000000e+000  0.000000e+000  0.000000e+000  0.000000e+000  0.000000e+000  0.000000e+000  0.000000e+000  0.000000e+000  0.000000e+000  0.000000e+000  
0.000000e+000  0.000000e+000  0.000000e+000  0.000000e+000  0.000000e+000  0.000000e+000  0.000000e+000  0.000000e+000  0.000000e+000  0.000000e+000  0.000000e+000  0.000000e+000  0.000000e+000  0.000000e+000  0.000000e+000  0.000000e+000  
0.000000e+000  0.000000e+000  0.000000e+000  0.000000e+000  0.000000e+000  0.000000e+000  0.000000e+000  0.000000e+000  0.000000e+000  0.000000e+000  0.000000e+000  0.000000e+000  0.000000e+000  0.000000e+000  0.000000e+000  0.000000e+000  
0.000000e+000  0.000000e+000  0.000000e+000  0.000000e+000  0.000000e+000  0.000000e+000  0.000000e+000  0.000000e+000  0.000000e+000  0.000000e+000  0.000000e+000  0.000000e+000  0.000000e+000  0.000000e+000  0.000000e+000  0.000000e+000  
0.000000e+000  0.000000e+000  0.000000e+000  0.000000e+000  0.000000e+000  0.000000e+000  0.000000e+000  0.000000e+000  0.000000e+000  0.000000e+000  0.000000e+000  0.000000e+000  0.000000e+000  0.000000e+000  0.000000e+000  0.000000e+000  
0.000000e+000  0.000000e+000  0.000000e+000  0.000000e+000  0.000000e+000  0.000000e+000  0.000000e+000  0.000000e+000  0.000000e+000  0.000000e+000  0.000000e+000  0.000000e+000  0.000000e+000  0.000000e+000  0.000000e+000  0.000000e+000  
0.000000e+000  0.000000e+000  0.000000e+000  0.000000e+000  0.000000e+000  0.000000e+000  0.000000e+000  0.000000e+000  0.000000e+000  0.000000e+000  0.000000e+000  0.000000e+000  0.000000e+000  0.000000e+000  0.000000e+000  0.000000e+000  
0.000000e+000  0.000000e+000  0.000000e+000  0.000000e+000  0.000000e+000  0.000000e+000  0.000000e+000  0.000000e+000  0.000000e+000  0.000000e+000  0.000000e+000  0.000000e+000  0.000000e+000  0.000000e+000  0.000000e+000  0.000000e+000  
0.000000e+000  0.000000e+000  0.000000e+000  0.000000e+000  0.000000e+000  0.000000e+000  0.000000e+000  0.000000e+000  0.000000e+000  0.000000e+000  0.000000e+000  0.000000e+000  0.000000e+000  0.000000e+000  0.000000e+000  0.000000e+000  
0.000000e+000  0.000000e+000  0.000000e+000  0.000000e+000  0.000000e+000  0.000000e+000  0.000000e+000  0.000000e+000  0.000000e+000  0.000000e+000  0.000000e+000  0.000000e+000  0.000000e+000  0.000000e+000  0.000000e+000  0.000000e+000  
0.000000e+000  0.000000e+000  0.000000e+000  0.000000e+000  0.000000e+000  0.000000e+000  0.000000e+000  0.000000e+000  0.000000e+000  0.000000e+000  0.000000e+000  0.000000e+000  0.000000e+000  0.000000e+000  0.000000e+000  0.000000e+000  
0.000000e+000  0.000000e+000  0.000000e+000  0.000000e+000  0.000000e+000  0.000000e+000  0.000000e+000  0.000000e+000  0.000000e+000  0.000000e+000  0.000000e+000  0.000000e+000  0.000000e+000  0.000000e+000  0.000000e+000  0.000000e+000  
0.000000e+000  0.000000e+000  0.000000e+000  0.000000e+000  0.000000e+000  0.000000e+000  0.000000e+000  0.000000e+000  0.000000e+000  0.000000e+000  0.000000e+000  0.000000e+000  0.000000e+000  0.000000e+000  0.000000e+000  0.000000e+000  

