Port monitor named: Port1_h4[2.2].prt

nx        = 71
ny        = 23
nz        = 31

nu        = 5
nv        = 5
iu        = 14
iv        = 11

idir      = 1
dcut      = 2.500000e-002
icut      = 23
type      = 1
frequency = 2.200000e+009

fcutoff   = 3.462546e+010
alpha     = 1.011467e+003
beta      = 0.000000e+000
accuracy  = 2.765234e-015

type          = TE
wave imp.     = 1.717836e+001
wave imp.sig. = 3.396787e-004
line imp.     = 0.000000e+000

ref. port     = 0

0.000000e+000  0.000000e+000  0.000000e+000  0.000000e+000  0.000000e+000  
0.000000e+000  0.000000e+000  0.000000e+000  0.000000e+000  0.000000e+000  
0.000000e+000  0.000000e+000  0.000000e+000  0.000000e+000  0.000000e+000  
0.000000e+000  0.000000e+000  0.000000e+000  0.000000e+000  0.000000e+000  
0.000000e+000  0.000000e+000  0.000000e+000  0.000000e+000  0.000000e+000  

0.000000e+000  0.000000e+000  0.000000e+000  0.000000e+000  0.000000e+000  
0.000000e+000  0.000000e+000  0.000000e+000  0.000000e+000  0.000000e+000  
0.000000e+000  0.000000e+000  0.000000e+000  0.000000e+000  0.000000e+000  
0.000000e+000  0.000000e+000  0.000000e+000  0.000000e+000  0.000000e+000  
0.000000e+000  0.000000e+000  0.000000e+000  0.000000e+000  0.000000e+000  

0.000000e+000  0.000000e+000  0.000000e+000  0.000000e+000  0.000000e+000  
0.000000e+000  0.000000e+000  0.000000e+000  0.000000e+000  0.000000e+000  
0.000000e+000  0.000000e+000  0.000000e+000  0.000000e+000  0.000000e+000  
0.000000e+000  0.000000e+000  0.000000e+000  0.000000e+000  0.000000e+000  
0.000000e+000  0.000000e+000  0.000000e+000  0.000000e+000  0.000000e+000  

0.000000e+000  -5.003356e+001  -8.405014e+001  -5.003360e+001  0.000000e+000  
0.000000e+000  -1.167348e+001  -6.070328e+001  -1.167350e+001  0.000000e+000  
0.000000e+000  1.167350e+001  6.070328e+001  1.167348e+001  0.000000e+000  
0.000000e+000  5.003360e+001  8.405014e+001  5.003356e+001  0.000000e+000  
0.000000e+000  0.000000e+000  0.000000e+000  0.000000e+000  0.000000e+000  

0.000000e+000  0.000000e+000  0.000000e+000  0.000000e+000  0.000000e+000  
-5.003359e+001  -1.167349e+001  1.167348e+001  5.003359e+001  0.000000e+000  
-8.405013e+001  -6.070325e+001  6.070325e+001  8.405013e+001  0.000000e+000  
-5.003359e+001  -1.167348e+001  1.167349e+001  5.003359e+001  0.000000e+000  
0.000000e+000  0.000000e+000  0.000000e+000  0.000000e+000  0.000000e+000  

-9.616790e+001  -4.390968e+001  4.390964e+001  9.616793e+001  0.000000e+000  
-4.390964e+001  -3.171280e+001  3.171278e+001  4.390966e+001  0.000000e+000  
4.390966e+001  3.171278e+001  -3.171280e+001  -4.390964e+001  0.000000e+000  
9.616793e+001  4.390964e+001  -4.390968e+001  -9.616790e+001  0.000000e+000  
0.000000e+000  0.000000e+000  0.000000e+000  0.000000e+000  0.000000e+000  

