Port monitor named: Port2_h7.prt

nx        = 3
ny        = 18
nz        = 29

nu        = 16
nv        = 27
iu        = 2
iv        = 2

idir      = 0
dcut      = 5.114300e-001
icut      = 3
type      = 1
frequency = 2.200000e+009

fcutoff   = 5.047663e+009
alpha     = 9.517610e+001
beta      = 0.000000e+000
accuracy  = 1.082852e-010

type          = TE
wave imp.     = 1.825091e+002
wave imp.sig. = 7.810255e-006
line imp.     = 0.000000e+000

ref. port     = 0

0.000000e+000  0.000000e+000  0.000000e+000  0.000000e+000  0.000000e+000  0.000000e+000  0.000000e+000  0.000000e+000  0.000000e+000  0.000000e+000  0.000000e+000  0.000000e+000  0.000000e+000  0.000000e+000  0.000000e+000  0.000000e+000  
0.000000e+000  0.000000e+000  0.000000e+000  0.000000e+000  0.000000e+000  0.000000e+000  0.000000e+000  0.000000e+000  0.000000e+000  0.000000e+000  0.000000e+000  0.000000e+000  0.000000e+000  0.000000e+000  0.000000e+000  0.000000e+000  
0.000000e+000  0.000000e+000  0.000000e+000  0.000000e+000  0.000000e+000  0.000000e+000  0.000000e+000  0.000000e+000  0.000000e+000  0.000000e+000  0.000000e+000  0.000000e+000  0.000000e+000  0.000000e+000  0.000000e+000  0.000000e+000  
0.000000e+000  0.000000e+000  0.000000e+000  0.000000e+000  0.000000e+000  0.000000e+000  0.000000e+000  0.000000e+000  0.000000e+000  0.000000e+000  0.000000e+000  0.000000e+000  0.000000e+000  0.000000e+000  0.000000e+000  0.000000e+000  
0.000000e+000  0.000000e+000  0.000000e+000  0.000000e+000  0.000000e+000  0.000000e+000  0.000000e+000  0.000000e+000  0.000000e+000  0.000000e+000  0.000000e+000  0.000000e+000  0.000000e+000  0.000000e+000  0.000000e+000  0.000000e+000  
0.000000e+000  0.000000e+000  0.000000e+000  0.000000e+000  0.000000e+000  0.000000e+000  0.000000e+000  0.000000e+000  0.000000e+000  0.000000e+000  0.000000e+000  0.000000e+000  0.000000e+000  0.000000e+000  0.000000e+000  0.000000e+000  
0.000000e+000  0.000000e+000  0.000000e+000  0.000000e+000  0.000000e+000  0.000000e+000  0.000000e+000  0.000000e+000  0.000000e+000  0.000000e+000  0.000000e+000  0.000000e+000  0.000000e+000  0.000000e+000  0.000000e+000  0.000000e+000  
0.000000e+000  0.000000e+000  0.000000e+000  0.000000e+000  0.000000e+000  0.000000e+000  0.000000e+000  0.000000e+000  0.000000e+000  0.000000e+000  0.000000e+000  0.000000e+000  0.000000e+000  0.000000e+000  0.000000e+000  0.000000e+000  
0.000000e+000  0.000000e+000  0.000000e+000  0.000000e+000  0.000000e+000  0.000000e+000  0.000000e+000  0.000000e+000  0.000000e+000  0.000000e+000  0.000000e+000  0.000000e+000  0.000000e+000  0.000000e+000  0.000000e+000  0.000000e+000  
0.000000e+000  0.000000e+000  0.000000e+000  0.000000e+000  0.000000e+000  0.000000e+000  0.000000e+000  0.000000e+000  0.000000e+000  0.000000e+000  0.000000e+000  0.000000e+000  0.000000e+000  0.000000e+000  0.000000e+000  0.000000e+000  
0.000000e+000  0.000000e+000  0.000000e+000  0.000000e+000  0.000000e+000  0.000000e+000  0.000000e+000  0.000000e+000  0.000000e+000  0.000000e+000  0.000000e+000  0.000000e+000  0.000000e+000  0.000000e+000  0.000000e+000  0.000000e+000  
0.000000e+000  0.000000e+000  0.000000e+000  0.000000e+000  0.000000e+000  0.000000e+000  0.000000e+000  0.000000e+000  0.000000e+000  0.000000e+000  0.000000e+000  0.000000e+000  0.000000e+000  0.000000e+000  0.000000e+000  0.000000e+000  
0.000000e+000  0.000000e+000  0.000000e+000  0.000000e+000  0.000000e+000  0.000000e+000  0.000000e+000  0.000000e+000  0.000000e+000  0.000000e+000  0.000000e+000  0.000000e+000  0.000000e+000  0.000000e+000  0.000000e+000  0.000000e+000  
0.000000e+000  0.000000e+000  0.000000e+000  0.000000e+000  0.000000e+000  0.000000e+000  0.000000e+000  0.000000e+000  0.000000e+000  0.000000e+000  0.000000e+000  0.000000e+000  0.000000e+000  0.000000e+000  0.000000e+000  0.000000e+000  
0.000000e+000  0.000000e+000  0.000000e+000  0.000000e+000  0.000000e+000  0.000000e+000  0.000000e+000  0.000000e+000  0.000000e+000  0.000000e+000  0.000000e+000  0.000000e+000  0.000000e+000  0.000000e+000  0.000000e+000  0.000000e+000  
0.000000e+000  0.000000e+000  0.000000e+000  0.000000e+000  0.000000e+000  0.000000e+000  0.000000e+000  0.000000e+000  0.000000e+000  0.000000e+000  0.000000e+000  0.000000e+000  0.000000e+000  0.000000e+000  0.000000e+000  0.000000e+000  
0.000000e+000  0.000000e+000  0.000000e+000  0.000000e+000  0.000000e+000  0.000000e+000  0.000000e+000  0.000000e+000  0.000000e+000  0.000000e+000  0.000000e+000  0.000000e+000  0.000000e+000  0.000000e+000  0.000000e+000  0.000000e+000  
0.000000e+000  0.000000e+000  0.000000e+000  0.000000e+000  0.000000e+000  0.000000e+000  0.000000e+000  0.000000e+000  0.000000e+000  0.000000e+000  0.000000e+000  0.000000e+000  0.000000e+000  0.000000e+000  0.000000e+000  0.000000e+000  
0.000000e+000  0.000000e+000  0.000000e+000  0.000000e+000  0.000000e+000  0.000000e+000  0.000000e+000  0.000000e+000  0.000000e+000  0.000000e+000  0.000000e+000  0.000000e+000  0.000000e+000  0.000000e+000  0.000000e+000  0.000000e+000  
0.000000e+000  0.000000e+000  0.000000e+000  0.000000e+000  0.000000e+000  0.000000e+000  0.000000e+000  0.000000e+000  0.000000e+000  0.000000e+000  0.000000e+000  0.000000e+000  0.000000e+000  0.000000e+000  0.000000e+000  0.000000e+000  
0.000000e+000  0.000000e+000  0.000000e+000  0.000000e+000  0.000000e+000  0.000000e+000  0.000000e+000  0.000000e+000  0.000000e+000  0.000000e+000  0.000000e+000  0.000000e+000  0.000000e+000  0.000000e+000  0.000000e+000  0.000000e+000  
0.000000e+000  0.000000e+000  0.000000e+000  0.000000e+000  0.000000e+000  0.000000e+000  0.000000e+000  0.000000e+000  0.000000e+000  0.000000e+000  0.000000e+000  0.000000e+000  0.000000e+000  0.000000e+000  0.000000e+000  0.000000e+000  
0.000000e+000  0.000000e+000  0.000000e+000  0.000000e+000  0.000000e+000  0.000000e+000  0.000000e+000  0.000000e+000  0.000000e+000  0.000000e+000  0.000000e+000  0.000000e+000  0.000000e+000  0.000000e+000  0.000000e+000  0.000000e+000  
0.000000e+000  0.000000e+000  0.000000e+000  0.000000e+000  0.000000e+000  0.000000e+000  0.000000e+000  0.000000e+000  0.000000e+000  0.000000e+000  0.000000e+000  0.000000e+000  0.000000e+000  0.000000e+000  0.000000e+000  0.000000e+000  
0.000000e+000  0.000000e+000  0.000000e+000  0.000000e+000  0.000000e+000  0.000000e+000  0.000000e+000  0.000000e+000  0.000000e+000  0.000000e+000  0.000000e+000  0.000000e+000  0.000000e+000  0.000000e+000  0.000000e+000  0.000000e+000  
0.000000e+000  0.000000e+000  0.000000e+000  0.000000e+000  0.000000e+000  0.000000e+000  0.000000e+000  0.000000e+000  0.000000e+000  0.000000e+000  0.000000e+000  0.000000e+000  0.000000e+000  0.000000e+000  0.000000e+000  0.000000e+000  
0.000000e+000  0.000000e+000  0.000000e+000  0.000000e+000  0.000000e+000  0.000000e+000  0.000000e+000  0.000000e+000  0.000000e+000  0.000000e+000  0.000000e+000  0.000000e+000  0.000000e+000  0.000000e+000  0.000000e+000  0.000000e+000  

0.000000e+000  0.000000e+000  0.000000e+000  0.000000e+000  0.000000e+000  0.000000e+000  0.000000e+000  0.000000e+000  0.000000e+000  0.000000e+000  0.000000e+000  0.000000e+000  0.000000e+000  0.000000e+000  0.000000e+000  0.000000e+000  
0.000000e+000  0.000000e+000  0.000000e+000  0.000000e+000  0.000000e+000  0.000000e+000  0.000000e+000  0.000000e+000  0.000000e+000  0.000000e+000  0.000000e+000  0.000000e+000  0.000000e+000  0.000000e+000  0.000000e+000  0.000000e+000  
0.000000e+000  0.000000e+000  0.000000e+000  0.000000e+000  0.000000e+000  0.000000e+000  0.000000e+000  0.000000e+000  0.000000e+000  0.000000e+000  0.000000e+000  0.000000e+000  0.000000e+000  0.000000e+000  0.000000e+000  0.000000e+000  
0.000000e+000  0.000000e+000  0.000000e+000  0.000000e+000  0.000000e+000  0.000000e+000  0.000000e+000  0.000000e+000  0.000000e+000  0.000000e+000  0.000000e+000  0.000000e+000  0.000000e+000  0.000000e+000  0.000000e+000  0.000000e+000  
0.000000e+000  0.000000e+000  0.000000e+000  0.000000e+000  0.000000e+000  0.000000e+000  0.000000e+000  0.000000e+000  0.000000e+000  0.000000e+000  0.000000e+000  0.000000e+000  0.000000e+000  0.000000e+000  0.000000e+000  0.000000e+000  
0.000000e+000  0.000000e+000  0.000000e+000  0.000000e+000  0.000000e+000  0.000000e+000  0.000000e+000  0.000000e+000  0.000000e+000  0.000000e+000  0.000000e+000  0.000000e+000  0.000000e+000  0.000000e+000  0.000000e+000  0.000000e+000  
0.000000e+000  0.000000e+000  0.000000e+000  0.000000e+000  0.000000e+000  0.000000e+000  0.000000e+000  0.000000e+000  0.000000e+000  0.000000e+000  0.000000e+000  0.000000e+000  0.000000e+000  0.000000e+000  0.000000e+000  0.000000e+000  
0.000000e+000  0.000000e+000  0.000000e+000  0.000000e+000  0.000000e+000  0.000000e+000  0.000000e+000  0.000000e+000  0.000000e+000  0.000000e+000  0.000000e+000  0.000000e+000  0.000000e+000  0.000000e+000  0.000000e+000  0.000000e+000  
0.000000e+000  0.000000e+000  0.000000e+000  0.000000e+000  0.000000e+000  0.000000e+000  0.000000e+000  0.000000e+000  0.000000e+000  0.000000e+000  0.000000e+000  0.000000e+000  0.000000e+000  0.000000e+000  0.000000e+000  0.000000e+000  
0.000000e+000  0.000000e+000  0.000000e+000  0.000000e+000  0.000000e+000  0.000000e+000  0.000000e+000  0.000000e+000  0.000000e+000  0.000000e+000  0.000000e+000  0.000000e+000  0.000000e+000  0.000000e+000  0.000000e+000  0.000000e+000  
0.000000e+000  0.000000e+000  0.000000e+000  0.000000e+000  0.000000e+000  0.000000e+000  0.000000e+000  0.000000e+000  0.000000e+000  0.000000e+000  0.000000e+000  0.000000e+000  0.000000e+000  0.000000e+000  0.000000e+000  0.000000e+000  
0.000000e+000  0.000000e+000  0.000000e+000  0.000000e+000  0.000000e+000  0.000000e+000  0.000000e+000  0.000000e+000  0.000000e+000  0.000000e+000  0.000000e+000  0.000000e+000  0.000000e+000  0.000000e+000  0.000000e+000  0.000000e+000  
0.000000e+000  0.000000e+000  0.000000e+000  0.000000e+000  0.000000e+000  0.000000e+000  0.000000e+000  0.000000e+000  0.000000e+000  0.000000e+000  0.000000e+000  0.000000e+000  0.000000e+000  0.000000e+000  0.000000e+000  0.000000e+000  
0.000000e+000  0.000000e+000  0.000000e+000  0.000000e+000  0.000000e+000  0.000000e+000  0.000000e+000  0.000000e+000  0.000000e+000  0.000000e+000  0.000000e+000  0.000000e+000  0.000000e+000  0.000000e+000  0.000000e+000  0.000000e+000  
0.000000e+000  0.000000e+000  0.000000e+000  0.000000e+000  0.000000e+000  0.000000e+000  0.000000e+000  0.000000e+000  0.000000e+000  0.000000e+000  0.000000e+000  0.000000e+000  0.000000e+000  0.000000e+000  0.000000e+000  0.000000e+000  
0.000000e+000  0.000000e+000  0.000000e+000  0.000000e+000  0.000000e+000  0.000000e+000  0.000000e+000  0.000000e+000  0.000000e+000  0.000000e+000  0.000000e+000  0.000000e+000  0.000000e+000  0.000000e+000  0.000000e+000  0.000000e+000  
0.000000e+000  0.000000e+000  0.000000e+000  0.000000e+000  0.000000e+000  0.000000e+000  0.000000e+000  0.000000e+000  0.000000e+000  0.000000e+000  0.000000e+000  0.000000e+000  0.000000e+000  0.000000e+000  0.000000e+000  0.000000e+000  
0.000000e+000  0.000000e+000  0.000000e+000  0.000000e+000  0.000000e+000  0.000000e+000  0.000000e+000  0.000000e+000  0.000000e+000  0.000000e+000  0.000000e+000  0.000000e+000  0.000000e+000  0.000000e+000  0.000000e+000  0.000000e+000  
0.000000e+000  0.000000e+000  0.000000e+000  0.000000e+000  0.000000e+000  0.000000e+000  0.000000e+000  0.000000e+000  0.000000e+000  0.000000e+000  0.000000e+000  0.000000e+000  0.000000e+000  0.000000e+000  0.000000e+000  0.000000e+000  
0.000000e+000  0.000000e+000  0.000000e+000  0.000000e+000  0.000000e+000  0.000000e+000  0.000000e+000  0.000000e+000  0.000000e+000  0.000000e+000  0.000000e+000  0.000000e+000  0.000000e+000  0.000000e+000  0.000000e+000  0.000000e+000  
0.000000e+000  0.000000e+000  0.000000e+000  0.000000e+000  0.000000e+000  0.000000e+000  0.000000e+000  0.000000e+000  0.000000e+000  0.000000e+000  0.000000e+000  0.000000e+000  0.000000e+000  0.000000e+000  0.000000e+000  0.000000e+000  
0.000000e+000  0.000000e+000  0.000000e+000  0.000000e+000  0.000000e+000  0.000000e+000  0.000000e+000  0.000000e+000  0.000000e+000  0.000000e+000  0.000000e+000  0.000000e+000  0.000000e+000  0.000000e+000  0.000000e+000  0.000000e+000  
0.000000e+000  0.000000e+000  0.000000e+000  0.000000e+000  0.000000e+000  0.000000e+000  0.000000e+000  0.000000e+000  0.000000e+000  0.000000e+000  0.000000e+000  0.000000e+000  0.000000e+000  0.000000e+000  0.000000e+000  0.000000e+000  
0.000000e+000  0.000000e+000  0.000000e+000  0.000000e+000  0.000000e+000  0.000000e+000  0.000000e+000  0.000000e+000  0.000000e+000  0.000000e+000  0.000000e+000  0.000000e+000  0.000000e+000  0.000000e+000  0.000000e+000  0.000000e+000  
0.000000e+000  0.000000e+000  0.000000e+000  0.000000e+000  0.000000e+000  0.000000e+000  0.000000e+000  0.000000e+000  0.000000e+000  0.000000e+000  0.000000e+000  0.000000e+000  0.000000e+000  0.000000e+000  0.000000e+000  0.000000e+000  
0.000000e+000  0.000000e+000  0.000000e+000  0.000000e+000  0.000000e+000  0.000000e+000  0.000000e+000  0.000000e+000  0.000000e+000  0.000000e+000  0.000000e+000  0.000000e+000  0.000000e+000  0.000000e+000  0.000000e+000  0.000000e+000  
0.000000e+000  0.000000e+000  0.000000e+000  0.000000e+000  0.000000e+000  0.000000e+000  0.000000e+000  0.000000e+000  0.000000e+000  0.000000e+000  0.000000e+000  0.000000e+000  0.000000e+000  0.000000e+000  0.000000e+000  0.000000e+000  

0.000000e+000  0.000000e+000  0.000000e+000  0.000000e+000  0.000000e+000  0.000000e+000  0.000000e+000  0.000000e+000  0.000000e+000  0.000000e+000  0.000000e+000  0.000000e+000  0.000000e+000  0.000000e+000  0.000000e+000  0.000000e+000  
0.000000e+000  0.000000e+000  0.000000e+000  0.000000e+000  0.000000e+000  0.000000e+000  0.000000e+000  0.000000e+000  0.000000e+000  0.000000e+000  0.000000e+000  0.000000e+000  0.000000e+000  0.000000e+000  0.000000e+000  0.000000e+000  
0.000000e+000  0.000000e+000  0.000000e+000  0.000000e+000  0.000000e+000  0.000000e+000  0.000000e+000  0.000000e+000  0.000000e+000  0.000000e+000  0.000000e+000  0.000000e+000  0.000000e+000  0.000000e+000  0.000000e+000  0.000000e+000  
0.000000e+000  0.000000e+000  0.000000e+000  0.000000e+000  0.000000e+000  0.000000e+000  0.000000e+000  0.000000e+000  0.000000e+000  0.000000e+000  0.000000e+000  0.000000e+000  0.000000e+000  0.000000e+000  0.000000e+000  0.000000e+000  
0.000000e+000  0.000000e+000  0.000000e+000  0.000000e+000  0.000000e+000  0.000000e+000  0.000000e+000  0.000000e+000  0.000000e+000  0.000000e+000  0.000000e+000  0.000000e+000  0.000000e+000  0.000000e+000  0.000000e+000  0.000000e+000  
0.000000e+000  0.000000e+000  0.000000e+000  0.000000e+000  0.000000e+000  0.000000e+000  0.000000e+000  0.000000e+000  0.000000e+000  0.000000e+000  0.000000e+000  0.000000e+000  0.000000e+000  0.000000e+000  0.000000e+000  0.000000e+000  
0.000000e+000  0.000000e+000  0.000000e+000  0.000000e+000  0.000000e+000  0.000000e+000  0.000000e+000  0.000000e+000  0.000000e+000  0.000000e+000  0.000000e+000  0.000000e+000  0.000000e+000  0.000000e+000  0.000000e+000  0.000000e+000  
0.000000e+000  0.000000e+000  0.000000e+000  0.000000e+000  0.000000e+000  0.000000e+000  0.000000e+000  0.000000e+000  0.000000e+000  0.000000e+000  0.000000e+000  0.000000e+000  0.000000e+000  0.000000e+000  0.000000e+000  0.000000e+000  
0.000000e+000  0.000000e+000  0.000000e+000  0.000000e+000  0.000000e+000  0.000000e+000  0.000000e+000  0.000000e+000  0.000000e+000  0.000000e+000  0.000000e+000  0.000000e+000  0.000000e+000  0.000000e+000  0.000000e+000  0.000000e+000  
0.000000e+000  0.000000e+000  0.000000e+000  0.000000e+000  0.000000e+000  0.000000e+000  0.000000e+000  0.000000e+000  0.000000e+000  0.000000e+000  0.000000e+000  0.000000e+000  0.000000e+000  0.000000e+000  0.000000e+000  0.000000e+000  
0.000000e+000  0.000000e+000  0.000000e+000  0.000000e+000  0.000000e+000  0.000000e+000  0.000000e+000  0.000000e+000  0.000000e+000  0.000000e+000  0.000000e+000  0.000000e+000  0.000000e+000  0.000000e+000  0.000000e+000  0.000000e+000  
0.000000e+000  0.000000e+000  0.000000e+000  0.000000e+000  0.000000e+000  0.000000e+000  0.000000e+000  0.000000e+000  0.000000e+000  0.000000e+000  0.000000e+000  0.000000e+000  0.000000e+000  0.000000e+000  0.000000e+000  0.000000e+000  
0.000000e+000  0.000000e+000  0.000000e+000  0.000000e+000  0.000000e+000  0.000000e+000  0.000000e+000  0.000000e+000  0.000000e+000  0.000000e+000  0.000000e+000  0.000000e+000  0.000000e+000  0.000000e+000  0.000000e+000  0.000000e+000  
0.000000e+000  0.000000e+000  0.000000e+000  0.000000e+000  0.000000e+000  0.000000e+000  0.000000e+000  0.000000e+000  0.000000e+000  0.000000e+000  0.000000e+000  0.000000e+000  0.000000e+000  0.000000e+000  0.000000e+000  0.000000e+000  
0.000000e+000  0.000000e+000  0.000000e+000  0.000000e+000  0.000000e+000  0.000000e+000  0.000000e+000  0.000000e+000  0.000000e+000  0.000000e+000  0.000000e+000  0.000000e+000  0.000000e+000  0.000000e+000  0.000000e+000  0.000000e+000  
0.000000e+000  0.000000e+000  0.000000e+000  0.000000e+000  0.000000e+000  0.000000e+000  0.000000e+000  0.000000e+000  0.000000e+000  0.000000e+000  0.000000e+000  0.000000e+000  0.000000e+000  0.000000e+000  0.000000e+000  0.000000e+000  
0.000000e+000  0.000000e+000  0.000000e+000  0.000000e+000  0.000000e+000  0.000000e+000  0.000000e+000  0.000000e+000  0.000000e+000  0.000000e+000  0.000000e+000  0.000000e+000  0.000000e+000  0.000000e+000  0.000000e+000  0.000000e+000  
0.000000e+000  0.000000e+000  0.000000e+000  0.000000e+000  0.000000e+000  0.000000e+000  0.000000e+000  0.000000e+000  0.000000e+000  0.000000e+000  0.000000e+000  0.000000e+000  0.000000e+000  0.000000e+000  0.000000e+000  0.000000e+000  
0.000000e+000  0.000000e+000  0.000000e+000  0.000000e+000  0.000000e+000  0.000000e+000  0.000000e+000  0.000000e+000  0.000000e+000  0.000000e+000  0.000000e+000  0.000000e+000  0.000000e+000  0.000000e+000  0.000000e+000  0.000000e+000  
0.000000e+000  0.000000e+000  0.000000e+000  0.000000e+000  0.000000e+000  0.000000e+000  0.000000e+000  0.000000e+000  0.000000e+000  0.000000e+000  0.000000e+000  0.000000e+000  0.000000e+000  0.000000e+000  0.000000e+000  0.000000e+000  
0.000000e+000  0.000000e+000  0.000000e+000  0.000000e+000  0.000000e+000  0.000000e+000  0.000000e+000  0.000000e+000  0.000000e+000  0.000000e+000  0.000000e+000  0.000000e+000  0.000000e+000  0.000000e+000  0.000000e+000  0.000000e+000  
0.000000e+000  0.000000e+000  0.000000e+000  0.000000e+000  0.000000e+000  0.000000e+000  0.000000e+000  0.000000e+000  0.000000e+000  0.000000e+000  0.000000e+000  0.000000e+000  0.000000e+000  0.000000e+000  0.000000e+000  0.000000e+000  
0.000000e+000  0.000000e+000  0.000000e+000  0.000000e+000  0.000000e+000  0.000000e+000  0.000000e+000  0.000000e+000  0.000000e+000  0.000000e+000  0.000000e+000  0.000000e+000  0.000000e+000  0.000000e+000  0.000000e+000  0.000000e+000  
0.000000e+000  0.000000e+000  0.000000e+000  0.000000e+000  0.000000e+000  0.000000e+000  0.000000e+000  0.000000e+000  0.000000e+000  0.000000e+000  0.000000e+000  0.000000e+000  0.000000e+000  0.000000e+000  0.000000e+000  0.000000e+000  
0.000000e+000  0.000000e+000  0.000000e+000  0.000000e+000  0.000000e+000  0.000000e+000  0.000000e+000  0.000000e+000  0.000000e+000  0.000000e+000  0.000000e+000  0.000000e+000  0.000000e+000  0.000000e+000  0.000000e+000  0.000000e+000  
0.000000e+000  0.000000e+000  0.000000e+000  0.000000e+000  0.000000e+000  0.000000e+000  0.000000e+000  0.000000e+000  0.000000e+000  0.000000e+000  0.000000e+000  0.000000e+000  0.000000e+000  0.000000e+000  0.000000e+000  0.000000e+000  
0.000000e+000  0.000000e+000  0.000000e+000  0.000000e+000  0.000000e+000  0.000000e+000  0.000000e+000  0.000000e+000  0.000000e+000  0.000000e+000  0.000000e+000  0.000000e+000  0.000000e+000  0.000000e+000  0.000000e+000  0.000000e+000  

0.000000e+000  2.431414e-001  4.823600e-001  7.137964e-001  9.337166e-001  1.138572e+000  1.325059e+000  1.507313e+000  1.659501e+000  1.778588e+000  1.917397e+000  1.506981e+000  7.709944e-001  5.227022e-001  2.639839e-001  0.000000e+000  
0.000000e+000  2.399793e-001  4.760868e-001  7.045132e-001  9.215733e-001  1.123765e+000  1.307826e+000  1.487710e+000  1.637919e+000  1.755457e+000  1.892461e+000  1.487382e+000  7.609674e-001  5.159043e-001  2.605507e-001  0.000000e+000  
0.000000e+000  2.336961e-001  4.636218e-001  6.860676e-001  8.974445e-001  1.094342e+000  1.273584e+000  1.448758e+000  1.595035e+000  1.709496e+000  1.842912e+000  1.448439e+000  7.410437e-001  5.023968e-001  2.537289e-001  0.000000e+000  
0.000000e+000  2.115971e-001  4.197804e-001  6.211910e-001  8.125795e-001  9.908581e-001  1.153150e+000  1.311759e+000  1.444203e+000  1.547841e+000  1.668641e+000  1.311470e+000  6.709683e-001  4.548886e-001  2.297355e-001  0.000000e+000  
0.000000e+000  1.327748e-001  2.634075e-001  3.897905e-001  5.098846e-001  6.217525e-001  7.235890e-001  8.231144e-001  9.062216e-001  9.712528e-001  1.047054e+000  8.229331e-001  4.210251e-001  2.854375e-001  1.441565e-001  0.000000e+000  
0.000000e+000  1.666611e-002  3.306333e-002  4.892711e-002  6.400152e-002  7.804334e-002  9.082603e-002  1.033186e-001  1.137504e-001  1.219132e-001  1.314278e-001  1.032959e-001  5.284774e-002  3.582857e-002  1.809475e-002  0.000000e+000  
0.000000e+000  -1.034409e-001  -2.052129e-001  -3.036740e-001  -3.972358e-001  -4.843887e-001  -5.637265e-001  -6.412637e-001  -7.060100e-001  -7.566739e-001  -8.157281e-001  -6.411225e-001  -3.280080e-001  -2.223758e-001  -1.123080e-001  0.000000e+000  
0.000000e+000  -1.925871e-001  -3.820671e-001  -5.653829e-001  -7.395770e-001  -9.018389e-001  -1.049551e+000  -1.193910e+000  -1.314455e+000  -1.408782e+000  -1.518729e+000  -1.193647e+000  -6.106882e-001  -4.140212e-001  -2.090960e-001  0.000000e+000  
0.000000e+000  -2.229695e-001  -4.423416e-001  -6.545772e-001  -8.562520e-001  -1.044112e+000  -1.215127e+000  -1.382261e+000  -1.521823e+000  -1.631030e+000  -1.758323e+000  -1.381956e+000  -7.070299e-001  -4.793369e-001  -2.420828e-001  0.000000e+000  
0.000000e+000  -2.328865e-001  -4.620157e-001  -6.836908e-001  -8.943354e-001  -1.090551e+000  -1.269172e+000  -1.443739e+000  -1.589509e+000  -1.703573e+000  -1.836528e+000  -1.443421e+000  -7.384764e-001  -5.006563e-001  -2.528499e-001  0.000000e+000  
0.000000e+000  -2.397747e-001  -4.756810e-001  -7.039127e-001  -9.207878e-001  -1.122807e+000  -1.306711e+000  -1.486442e+000  -1.636523e+000  -1.753961e+000  -1.890848e+000  -1.486114e+000  -7.603188e-001  -5.154646e-001  -2.603286e-001  0.000000e+000  
0.000000e+000  -2.427823e-001  -4.816476e-001  -7.127422e-001  -9.323376e-001  -1.136891e+000  -1.323102e+000  -1.505087e+000  -1.657050e+000  -1.775962e+000  -1.914566e+000  -1.504755e+000  -7.698558e-001  -5.219302e-001  -2.635940e-001  0.000000e+000  
0.000000e+000  -2.439076e-001  -4.838800e-001  -7.160457e-001  -9.366588e-001  -1.142160e+000  -1.329234e+000  -1.512062e+000  -1.664730e+000  -1.784193e+000  -1.923439e+000  -1.511729e+000  -7.734239e-001  -5.243493e-001  -2.648157e-001  0.000000e+000  
0.000000e+000  -2.439076e-001  -4.838800e-001  -7.160457e-001  -9.366588e-001  -1.142160e+000  -1.329234e+000  -1.512062e+000  -1.664730e+000  -1.784193e+000  -1.923439e+000  -1.511729e+000  -7.734239e-001  -5.243493e-001  -2.648157e-001  0.000000e+000  
0.000000e+000  -2.427823e-001  -4.816476e-001  -7.127422e-001  -9.323376e-001  -1.136891e+000  -1.323102e+000  -1.505087e+000  -1.657050e+000  -1.775962e+000  -1.914566e+000  -1.504755e+000  -7.698558e-001  -5.219302e-001  -2.635940e-001  0.000000e+000  
0.000000e+000  -2.397747e-001  -4.756810e-001  -7.039127e-001  -9.207878e-001  -1.122807e+000  -1.306711e+000  -1.486442e+000  -1.636523e+000  -1.753961e+000  -1.890848e+000  -1.486114e+000  -7.603188e-001  -5.154646e-001  -2.603286e-001  0.000000e+000  
0.000000e+000  -2.328865e-001  -4.620157e-001  -6.836908e-001  -8.943354e-001  -1.090551e+000  -1.269172e+000  -1.443739e+000  -1.589509e+000  -1.703573e+000  -1.836528e+000  -1.443421e+000  -7.384764e-001  -5.006563e-001  -2.528499e-001  0.000000e+000  
0.000000e+000  -2.229695e-001  -4.423416e-001  -6.545772e-001  -8.562520e-001  -1.044112e+000  -1.215127e+000  -1.382261e+000  -1.521823e+000  -1.631030e+000  -1.758323e+000  -1.381956e+000  -7.070299e-001  -4.793369e-001  -2.420828e-001  0.000000e+000  
0.000000e+000  -1.925871e-001  -3.820671e-001  -5.653829e-001  -7.395770e-001  -9.018389e-001  -1.049551e+000  -1.193910e+000  -1.314455e+000  -1.408782e+000  -1.518729e+000  -1.193647e+000  -6.106882e-001  -4.140212e-001  -2.090960e-001  0.000000e+000  
0.000000e+000  -1.034409e-001  -2.052129e-001  -3.036740e-001  -3.972358e-001  -4.843887e-001  -5.637265e-001  -6.412637e-001  -7.060100e-001  -7.566739e-001  -8.157281e-001  -6.411225e-001  -3.280080e-001  -2.223758e-001  -1.123080e-001  0.000000e+000  
0.000000e+000  1.666611e-002  3.306333e-002  4.892711e-002  6.400152e-002  7.804334e-002  9.082603e-002  1.033186e-001  1.137504e-001  1.219132e-001  1.314278e-001  1.032959e-001  5.284774e-002  3.582857e-002  1.809475e-002  0.000000e+000  
0.000000e+000  1.327748e-001  2.634075e-001  3.897905e-001  5.098846e-001  6.217525e-001  7.235890e-001  8.231144e-001  9.062216e-001  9.712528e-001  1.047054e+000  8.229331e-001  4.210251e-001  2.854375e-001  1.441565e-001  0.000000e+000  
0.000000e+000  2.115971e-001  4.197804e-001  6.211910e-001  8.125795e-001  9.908581e-001  1.153150e+000  1.311759e+000  1.444203e+000  1.547841e+000  1.668641e+000  1.311470e+000  6.709683e-001  4.548886e-001  2.297355e-001  0.000000e+000  
0.000000e+000  2.336961e-001  4.636218e-001  6.860676e-001  8.974445e-001  1.094342e+000  1.273584e+000  1.448758e+000  1.595035e+000  1.709496e+000  1.842912e+000  1.448439e+000  7.410437e-001  5.023968e-001  2.537289e-001  0.000000e+000  
0.000000e+000  2.399793e-001  4.760868e-001  7.045132e-001  9.215733e-001  1.123765e+000  1.307826e+000  1.487710e+000  1.637919e+000  1.755457e+000  1.892461e+000  1.487382e+000  7.609674e-001  5.159043e-001  2.605507e-001  0.000000e+000  
0.000000e+000  2.431414e-001  4.823600e-001  7.137964e-001  9.337166e-001  1.138572e+000  1.325059e+000  1.507313e+000  1.659501e+000  1.778588e+000  1.917397e+000  1.506981e+000  7.709944e-001  5.227022e-001  2.639839e-001  0.000000e+000  
0.000000e+000  0.000000e+000  0.000000e+000  0.000000e+000  0.000000e+000  0.000000e+000  0.000000e+000  0.000000e+000  0.000000e+000  0.000000e+000  0.000000e+000  0.000000e+000  0.000000e+000  0.000000e+000  0.000000e+000  0.000000e+000  

0.000000e+000  0.000000e+000  0.000000e+000  0.000000e+000  0.000000e+000  0.000000e+000  0.000000e+000  0.000000e+000  0.000000e+000  0.000000e+000  0.000000e+000  0.000000e+000  0.000000e+000  0.000000e+000  0.000000e+000  0.000000e+000  
1.744632e-001  1.716484e-001  1.660644e-001  1.578011e-001  1.469919e-001  1.338111e-001  1.176132e-001  9.821113e-002  7.685006e-002  2.606790e-002  -6.591889e-002  -1.382160e-001  -1.602294e-001  -1.669576e-001  -1.703556e-001  0.000000e+000  
3.466574e-001  3.410645e-001  3.299690e-001  3.135499e-001  2.920720e-001  2.658819e-001  2.336969e-001  1.951450e-001  1.527007e-001  5.179677e-002  -1.309805e-001  -2.746345e-001  -3.183750e-001  -3.317439e-001  -3.384957e-001  0.000000e+000  
5.143433e-001  5.060450e-001  4.895823e-001  4.652209e-001  4.333537e-001  3.944949e-001  3.467412e-001  2.895409e-001  2.265653e-001  7.685200e-002  -1.943386e-001  -4.074812e-001  -4.723800e-001  -4.922158e-001  -5.022336e-001  0.000000e+000  
1.082339e+000  1.064877e+000  1.030234e+000  9.789699e-001  9.119114e-001  8.301403e-001  7.296516e-001  6.092844e-001  4.767642e-001  1.617206e-001  -4.089491e-001  -8.574677e-001  -9.940350e-001  -1.035776e+000  -1.056856e+000  0.000000e+000  
1.491522e+000  1.467458e+000  1.419719e+000  1.349074e+000  1.256664e+000  1.143979e+000  1.005500e+000  8.396273e-001  6.570072e-001  2.228599e-001  -5.635543e-001  -1.181638e+000  -1.369835e+000  -1.427355e+000  -1.456406e+000  0.000000e+000  
1.542883e+000  1.517991e+000  1.468608e+000  1.395530e+000  1.299938e+000  1.183372e+000  1.040125e+000  8.685403e-001  6.796315e-001  2.305342e-001  -5.829606e-001  -1.222328e+000  -1.417006e+000  -1.476507e+000  -1.506558e+000  0.000000e+000  
1.224101e+000  1.204352e+000  1.165172e+000  1.107193e+000  1.031351e+000  9.388702e-001  8.252197e-001  6.890871e-001  5.392096e-001  1.829024e-001  -4.625124e-001  -9.697769e-001  -1.124231e+000  -1.171439e+000  -1.195281e+000  0.000000e+000  
7.071345e-001  6.957257e-001  6.730924e-001  6.395995e-001  5.957876e-001  5.423634e-001  4.767101e-001  3.980695e-001  3.114888e-001  1.056584e-001  -2.671826e-001  -5.602174e-001  -6.494421e-001  -6.767129e-001  -6.904857e-001  0.000000e+000  
5.471454e-001  5.383179e-001  5.208053e-001  4.948902e-001  4.609907e-001  4.196537e-001  3.688545e-001  3.080063e-001  2.410145e-001  8.175322e-002  -2.067325e-001  -4.334683e-001  -5.025060e-001  -5.236067e-001  -5.342634e-001  0.000000e+000  
3.800405e-001  3.739090e-001  3.617450e-001  3.437447e-001  3.201985e-001  2.914863e-001  2.562018e-001  2.139374e-001  1.674057e-001  5.678478e-002  -1.435939e-001  -3.010818e-001  -3.490345e-001  -3.636908e-001  -3.710928e-001  0.000000e+000  
2.079930e-001  2.046373e-001  1.979801e-001  1.881286e-001  1.752420e-001  1.595281e-001  1.402171e-001  1.170862e-001  9.161983e-002  3.107783e-002  -7.858776e-002  -1.647796e-001  -1.910237e-001  -1.990450e-001  -2.030960e-001  0.000000e+000  
1.042370e-001  1.025552e-001  9.921889e-002  9.428180e-002  8.782358e-002  7.994845e-002  7.027065e-002  5.867845e-002  4.591582e-002  1.557484e-002  -3.938473e-002  -8.258028e-002  -9.573268e-002  -9.975259e-002  -1.017828e-001  0.000000e+000  
2.470140e-010  -5.205888e-010  3.592839e-010  -3.788427e-010  2.717432e-010  -2.065779e-010  -1.795135e-010  4.652319e-010  0.000000e+000  0.000000e+000  0.000000e+000  0.000000e+000  0.000000e+000  0.000000e+000  -1.653274e-010  0.000000e+000  
-1.042370e-001  -1.025552e-001  -9.921889e-002  -9.428180e-002  -8.782358e-002  -7.994845e-002  -7.027065e-002  -5.867845e-002  -4.591582e-002  -1.557484e-002  3.938473e-002  8.258028e-002  9.573268e-002  9.975259e-002  1.017828e-001  0.000000e+000  
-2.079930e-001  -2.046373e-001  -1.979801e-001  -1.881286e-001  -1.752420e-001  -1.595281e-001  -1.402171e-001  -1.170862e-001  -9.161983e-002  -3.107783e-002  7.858776e-002  1.647796e-001  1.910237e-001  1.990450e-001  2.030960e-001  0.000000e+000  
-3.800405e-001  -3.739090e-001  -3.617450e-001  -3.437447e-001  -3.201985e-001  -2.914863e-001  -2.562018e-001  -2.139374e-001  -1.674057e-001  -5.678478e-002  1.435939e-001  3.010818e-001  3.490345e-001  3.636908e-001  3.710928e-001  0.000000e+000  
-5.471454e-001  -5.383179e-001  -5.208053e-001  -4.948902e-001  -4.609907e-001  -4.196537e-001  -3.688545e-001  -3.080063e-001  -2.410145e-001  -8.175322e-002  2.067325e-001  4.334683e-001  5.025060e-001  5.236067e-001  5.342634e-001  0.000000e+000  
-7.071345e-001  -6.957257e-001  -6.730924e-001  -6.395995e-001  -5.957876e-001  -5.423634e-001  -4.767101e-001  -3.980695e-001  -3.114888e-001  -1.056584e-001  2.671826e-001  5.602174e-001  6.494421e-001  6.767129e-001  6.904857e-001  0.000000e+000  
-1.224101e+000  -1.204352e+000  -1.165172e+000  -1.107193e+000  -1.031351e+000  -9.388702e-001  -8.252197e-001  -6.890871e-001  -5.392096e-001  -1.829024e-001  4.625124e-001  9.697769e-001  1.124231e+000  1.171439e+000  1.195281e+000  0.000000e+000  
-1.542883e+000  -1.517991e+000  -1.468608e+000  -1.395530e+000  -1.299938e+000  -1.183372e+000  -1.040125e+000  -8.685403e-001  -6.796315e-001  -2.305342e-001  5.829606e-001  1.222328e+000  1.417006e+000  1.476507e+000  1.506558e+000  0.000000e+000  
-1.491522e+000  -1.467458e+000  -1.419719e+000  -1.349074e+000  -1.256664e+000  -1.143979e+000  -1.005500e+000  -8.396273e-001  -6.570072e-001  -2.228599e-001  5.635543e-001  1.181638e+000  1.369835e+000  1.427355e+000  1.456406e+000  0.000000e+000  
-1.082339e+000  -1.064877e+000  -1.030234e+000  -9.789699e-001  -9.119114e-001  -8.301403e-001  -7.296516e-001  -6.092844e-001  -4.767642e-001  -1.617206e-001  4.089491e-001  8.574677e-001  9.940350e-001  1.035776e+000  1.056856e+000  0.000000e+000  
-5.143433e-001  -5.060450e-001  -4.895823e-001  -4.652209e-001  -4.333537e-001  -3.944949e-001  -3.467412e-001  -2.895409e-001  -2.265653e-001  -7.685200e-002  1.943386e-001  4.074812e-001  4.723800e-001  4.922158e-001  5.022336e-001  0.000000e+000  
-3.466574e-001  -3.410645e-001  -3.299690e-001  -3.135499e-001  -2.920720e-001  -2.658819e-001  -2.336969e-001  -1.951450e-001  -1.527007e-001  -5.179677e-002  1.309805e-001  2.746345e-001  3.183750e-001  3.317439e-001  3.384957e-001  0.000000e+000  
-1.744632e-001  -1.716484e-001  -1.660644e-001  -1.578011e-001  -1.469919e-001  -1.338111e-001  -1.176132e-001  -9.821113e-002  -7.685006e-002  -2.606790e-002  6.591889e-002  1.382160e-001  1.602294e-001  1.669576e-001  1.703556e-001  0.000000e+000  
0.000000e+000  0.000000e+000  0.000000e+000  0.000000e+000  0.000000e+000  0.000000e+000  0.000000e+000  0.000000e+000  0.000000e+000  0.000000e+000  0.000000e+000  0.000000e+000  0.000000e+000  0.000000e+000  0.000000e+000  0.000000e+000  

-2.722809e+000  -2.678880e+000  -2.591731e+000  -2.462767e+000  -2.294070e+000  -2.088361e+000  -1.835564e+000  -1.532760e+000  -1.199382e+000  -4.068360e-001  1.028782e+000  2.157108e+000  2.500666e+000  2.605672e+000  2.658703e+000  -0.000000e+000  
-2.687398e+000  -2.644040e+000  -2.558024e+000  -2.430738e+000  -2.264235e+000  -2.061201e+000  -1.811692e+000  -1.512826e+000  -1.183784e+000  -4.015450e-001  1.015402e+000  2.129054e+000  2.468144e+000  2.571784e+000  2.624126e+000  -0.000000e+000  
-2.617036e+000  -2.574814e+000  -2.491050e+000  -2.367096e+000  -2.204952e+000  -2.007234e+000  -1.764258e+000  -1.473217e+000  -1.152790e+000  -3.910317e-001  9.888168e-001  2.073310e+000  2.403523e+000  2.504449e+000  2.555421e+000  -0.000000e+000  
-2.369561e+000  -2.331332e+000  -2.255489e+000  -2.143256e+000  -1.996445e+000  -1.817424e+000  -1.597424e+000  -1.333905e+000  -1.043779e+000  -3.540545e-001  8.953113e-001  1.877252e+000  2.176238e+000  2.267621e+000  2.313772e+000  -0.000000e+000  
-1.486873e+000  -1.462885e+000  -1.415294e+000  -1.344870e+000  -1.252747e+000  -1.140413e+000  -1.002366e+000  -8.370105e-001  -6.549595e-001  -2.221653e-001  5.617979e-001  1.177955e+000  1.365565e+000  1.422907e+000  1.451866e+000  -0.000000e+000  
-1.866347e-001  -1.836236e-001  -1.776499e-001  -1.688101e-001  -1.572468e-001  -1.431465e-001  -1.258186e-001  -1.050629e-001  -8.221154e-002  -2.788653e-002  7.051776e-002  1.478587e-001  1.714079e-001  1.786055e-001  1.822406e-001  -0.000000e+000  
1.158378e+000  1.139690e+000  1.102613e+000  1.047747e+000  9.759778e-001  8.884619e-001  7.809133e-001  6.520897e-001  5.102593e-001  1.730823e-001  -4.376799e-001  -9.177092e-001  -1.063871e+000  -1.108544e+000  -1.131106e+000  -0.000000e+000  
2.156679e+000  2.121884e+000  2.052854e+000  1.950705e+000  1.817084e+000  1.654146e+000  1.453911e+000  1.214066e+000  9.500050e-001  3.222461e-001  -8.148761e-001  -1.708599e+000  -1.980724e+000  -2.063897e+000  -2.105902e+000  -0.000000e+000  
2.496915e+000  2.456630e+000  2.376711e+000  2.258447e+000  2.103745e+000  1.915103e+000  1.683279e+000  1.405596e+000  1.099877e+000  3.730834e-001  -9.434303e-001  -1.978146e+000  -2.293201e+000  -2.389495e+000  -2.438127e+000  -0.000000e+000  
2.607970e+000  2.565894e+000  2.482420e+000  2.358896e+000  2.197313e+000  2.000280e+000  1.758146e+000  1.468113e+000  1.148796e+000  3.896770e-001  -9.853912e-001  -2.066128e+000  -2.395196e+000  -2.495773e+000  -2.546568e+000  -0.000000e+000  
2.685107e+000  2.641787e+000  2.555844e+000  2.428666e+000  2.262305e+000  2.059444e+000  1.810148e+000  1.511536e+000  1.182775e+000  4.012027e-001  -1.014537e+000  -2.127239e+000  -2.466040e+000  -2.569592e+000  -2.621889e+000  -0.000000e+000  
2.718788e+000  2.674924e+000  2.587903e+000  2.459130e+000  2.290682e+000  2.085276e+000  1.832853e+000  1.530496e+000  1.197611e+000  4.062351e-001  -1.027262e+000  -2.153922e+000  -2.496973e+000  -2.601823e+000  -2.654777e+000  -0.000000e+000  
2.731389e+000  2.687321e+000  2.599897e+000  2.470527e+000  2.301299e+000  2.094941e+000  1.841348e+000  1.537590e+000  1.203162e+000  4.081180e-001  -1.032024e+000  -2.163905e+000  -2.508546e+000  -2.613882e+000  -2.667081e+000  -0.000000e+000  
2.731389e+000  2.687321e+000  2.599897e+000  2.470527e+000  2.301299e+000  2.094941e+000  1.841348e+000  1.537590e+000  1.203162e+000  4.081180e-001  -1.032024e+000  -2.163905e+000  -2.508546e+000  -2.613882e+000  -2.667081e+000  -0.000000e+000  
2.718788e+000  2.674924e+000  2.587903e+000  2.459130e+000  2.290682e+000  2.085276e+000  1.832853e+000  1.530496e+000  1.197611e+000  4.062351e-001  -1.027262e+000  -2.153922e+000  -2.496973e+000  -2.601823e+000  -2.654777e+000  -0.000000e+000  
2.685107e+000  2.641787e+000  2.555844e+000  2.428666e+000  2.262305e+000  2.059444e+000  1.810148e+000  1.511536e+000  1.182775e+000  4.012027e-001  -1.014537e+000  -2.127239e+000  -2.466040e+000  -2.569592e+000  -2.621889e+000  -0.000000e+000  
2.607970e+000  2.565894e+000  2.482420e+000  2.358896e+000  2.197313e+000  2.000280e+000  1.758146e+000  1.468113e+000  1.148796e+000  3.896770e-001  -9.853912e-001  -2.066128e+000  -2.395196e+000  -2.495773e+000  -2.546568e+000  -0.000000e+000  
2.496915e+000  2.456630e+000  2.376711e+000  2.258447e+000  2.103745e+000  1.915103e+000  1.683279e+000  1.405596e+000  1.099877e+000  3.730834e-001  -9.434303e-001  -1.978146e+000  -2.293201e+000  -2.389495e+000  -2.438127e+000  -0.000000e+000  
2.156679e+000  2.121884e+000  2.052854e+000  1.950705e+000  1.817084e+000  1.654146e+000  1.453911e+000  1.214066e+000  9.500050e-001  3.222461e-001  -8.148761e-001  -1.708599e+000  -1.980724e+000  -2.063897e+000  -2.105902e+000  -0.000000e+000  
1.158378e+000  1.139690e+000  1.102613e+000  1.047747e+000  9.759778e-001  8.884619e-001  7.809133e-001  6.520897e-001  5.102593e-001  1.730823e-001  -4.376799e-001  -9.177092e-001  -1.063871e+000  -1.108544e+000  -1.131106e+000  -0.000000e+000  
-1.866347e-001  -1.836236e-001  -1.776499e-001  -1.688101e-001  -1.572468e-001  -1.431465e-001  -1.258186e-001  -1.050629e-001  -8.221154e-002  -2.788653e-002  7.051776e-002  1.478587e-001  1.714079e-001  1.786055e-001  1.822406e-001  -0.000000e+000  
-1.486873e+000  -1.462885e+000  -1.415294e+000  -1.344870e+000  -1.252747e+000  -1.140413e+000  -1.002366e+000  -8.370105e-001  -6.549595e-001  -2.221653e-001  5.617979e-001  1.177955e+000  1.365565e+000  1.422907e+000  1.451866e+000  -0.000000e+000  
-2.369561e+000  -2.331332e+000  -2.255489e+000  -2.143256e+000  -1.996445e+000  -1.817424e+000  -1.597424e+000  -1.333905e+000  -1.043779e+000  -3.540545e-001  8.953113e-001  1.877252e+000  2.176238e+000  2.267621e+000  2.313772e+000  -0.000000e+000  
-2.617036e+000  -2.574814e+000  -2.491050e+000  -2.367096e+000  -2.204952e+000  -2.007234e+000  -1.764258e+000  -1.473217e+000  -1.152790e+000  -3.910317e-001  9.888168e-001  2.073310e+000  2.403523e+000  2.504449e+000  2.555421e+000  -0.000000e+000  
-2.687398e+000  -2.644040e+000  -2.558024e+000  -2.430738e+000  -2.264235e+000  -2.061201e+000  -1.811692e+000  -1.512826e+000  -1.183784e+000  -4.015450e-001  1.015402e+000  2.129054e+000  2.468144e+000  2.571784e+000  2.624126e+000  -0.000000e+000  
-2.722809e+000  -2.678880e+000  -2.591731e+000  -2.462767e+000  -2.294070e+000  -2.088361e+000  -1.835564e+000  -1.532760e+000  -1.199382e+000  -4.068360e-001  1.028782e+000  2.157108e+000  2.500666e+000  2.605672e+000  2.658703e+000  -0.000000e+000  
-0.000000e+000  -0.000000e+000  -0.000000e+000  -0.000000e+000  -0.000000e+000  -0.000000e+000  -0.000000e+000  -0.000000e+000  -0.000000e+000  -0.000000e+000  -0.000000e+000  -0.000000e+000  -0.000000e+000  -0.000000e+000  -0.000000e+000  -0.000000e+000  

