Port monitor named: Port2_e2.prt

nx        = 3
ny        = 18
nz        = 29

nu        = 16
nv        = 27
iu        = 2
iv        = 2

idir      = 0
dcut      = 5.114300e-001
icut      = 3
type      = 0
frequency = 2.200000e+009

fcutoff   = 3.150656e+009
alpha     = 4.725954e+001
beta      = 0.000000e+000
accuracy  = 7.883374e-011

type          = TE
wave imp.     = 3.675555e+002
wave imp.sig. = 9.213557e-006
line imp.     = 0.000000e+000

ref. port     = 0

-0.000000e+000  -0.000000e+000  -0.000000e+000  -0.000000e+000  -0.000000e+000  -0.000000e+000  -0.000000e+000  -0.000000e+000  -0.000000e+000  -0.000000e+000  -0.000000e+000  -0.000000e+000  -0.000000e+000  -0.000000e+000  -0.000000e+000  -0.000000e+000  
-5.078713e+001  -5.078713e+001  -5.078713e+001  -5.078713e+001  -5.078713e+001  -5.078713e+001  -5.078712e+001  -5.078712e+001  -5.078712e+001  -5.078713e+001  -5.078713e+001  -5.078712e+001  -5.078712e+001  -5.078712e+001  -5.078712e+001  -0.000000e+000  
-1.009137e+002  -1.009137e+002  -1.009137e+002  -1.009137e+002  -1.009137e+002  -1.009137e+002  -1.009137e+002  -1.009137e+002  -1.009137e+002  -1.009137e+002  -1.009137e+002  -1.009137e+002  -1.009137e+002  -1.009137e+002  -1.009137e+002  -0.000000e+000  
-1.497280e+002  -1.497280e+002  -1.497280e+002  -1.497279e+002  -1.497280e+002  -1.497280e+002  -1.497279e+002  -1.497279e+002  -1.497279e+002  -1.497279e+002  -1.497279e+002  -1.497279e+002  -1.497279e+002  -1.497279e+002  -1.497279e+002  -0.000000e+000  
-3.150743e+002  -3.150743e+002  -3.150743e+002  -3.150743e+002  -3.150743e+002  -3.150743e+002  -3.150743e+002  -3.150743e+002  -3.150743e+002  -3.150743e+002  -3.150743e+002  -3.150743e+002  -3.150743e+002  -3.150743e+002  -3.150743e+002  -0.000000e+000  
-4.341897e+002  -4.341897e+002  -4.341897e+002  -4.341897e+002  -4.341897e+002  -4.341897e+002  -4.341897e+002  -4.341897e+002  -4.341897e+002  -4.341897e+002  -4.341897e+002  -4.341897e+002  -4.341897e+002  -4.341897e+002  -4.341897e+002  -0.000000e+000  
-4.491413e+002  -4.491413e+002  -4.491413e+002  -4.491413e+002  -4.491413e+002  -4.491413e+002  -4.491412e+002  -4.491412e+002  -4.491412e+002  -4.491413e+002  -4.491412e+002  -4.491413e+002  -4.491412e+002  -4.491412e+002  -4.491412e+002  -0.000000e+000  
-3.563420e+002  -3.563420e+002  -3.563420e+002  -3.563420e+002  -3.563420e+002  -3.563420e+002  -3.563420e+002  -3.563420e+002  -3.563420e+002  -3.563420e+002  -3.563420e+002  -3.563420e+002  -3.563420e+002  -3.563420e+002  -3.563420e+002  -0.000000e+000  
-2.058505e+002  -2.058505e+002  -2.058505e+002  -2.058505e+002  -2.058505e+002  -2.058505e+002  -2.058505e+002  -2.058505e+002  -2.058505e+002  -2.058505e+002  -2.058505e+002  -2.058505e+002  -2.058505e+002  -2.058505e+002  -2.058505e+002  -0.000000e+000  
-1.592768e+002  -1.592768e+002  -1.592768e+002  -1.592768e+002  -1.592768e+002  -1.592768e+002  -1.592768e+002  -1.592768e+002  -1.592768e+002  -1.592768e+002  -1.592768e+002  -1.592768e+002  -1.592768e+002  -1.592768e+002  -1.592768e+002  -0.000000e+000  
-1.106317e+002  -1.106317e+002  -1.106317e+002  -1.106317e+002  -1.106317e+002  -1.106317e+002  -1.106317e+002  -1.106317e+002  -1.106317e+002  -1.106317e+002  -1.106317e+002  -1.106317e+002  -1.106317e+002  -1.106317e+002  -1.106317e+002  -0.000000e+000  
-6.054784e+001  -6.054784e+001  -6.054784e+001  -6.054784e+001  -6.054784e+001  -6.054784e+001  -6.054783e+001  -6.054783e+001  -6.054783e+001  -6.054784e+001  -6.054784e+001  -6.054784e+001  -6.054783e+001  -6.054783e+001  -6.054783e+001  -0.000000e+000  
-3.034391e+001  -3.034391e+001  -3.034391e+001  -3.034391e+001  -3.034391e+001  -3.034391e+001  -3.034391e+001  -3.034391e+001  -3.034391e+001  -3.034391e+001  -3.034391e+001  -3.034391e+001  -3.034391e+001  -3.034391e+001  -3.034391e+001  -0.000000e+000  
-0.000000e+000  -0.000000e+000  -0.000000e+000  -0.000000e+000  -0.000000e+000  -0.000000e+000  -0.000000e+000  -0.000000e+000  -0.000000e+000  -0.000000e+000  -0.000000e+000  -0.000000e+000  -0.000000e+000  -0.000000e+000  -0.000000e+000  -0.000000e+000  
3.034391e+001  3.034391e+001  3.034391e+001  3.034391e+001  3.034391e+001  3.034391e+001  3.034391e+001  3.034391e+001  3.034391e+001  3.034391e+001  3.034391e+001  3.034391e+001  3.034391e+001  3.034391e+001  3.034391e+001  -0.000000e+000  
6.054784e+001  6.054784e+001  6.054784e+001  6.054784e+001  6.054784e+001  6.054784e+001  6.054783e+001  6.054783e+001  6.054783e+001  6.054784e+001  6.054784e+001  6.054784e+001  6.054783e+001  6.054783e+001  6.054783e+001  -0.000000e+000  
1.106317e+002  1.106317e+002  1.106317e+002  1.106317e+002  1.106317e+002  1.106317e+002  1.106317e+002  1.106317e+002  1.106317e+002  1.106317e+002  1.106317e+002  1.106317e+002  1.106317e+002  1.106317e+002  1.106317e+002  -0.000000e+000  
1.592768e+002  1.592768e+002  1.592768e+002  1.592768e+002  1.592768e+002  1.592768e+002  1.592768e+002  1.592768e+002  1.592768e+002  1.592768e+002  1.592768e+002  1.592768e+002  1.592768e+002  1.592768e+002  1.592768e+002  -0.000000e+000  
2.058505e+002  2.058505e+002  2.058505e+002  2.058505e+002  2.058505e+002  2.058505e+002  2.058505e+002  2.058505e+002  2.058505e+002  2.058505e+002  2.058505e+002  2.058505e+002  2.058505e+002  2.058505e+002  2.058505e+002  -0.000000e+000  
3.563420e+002  3.563420e+002  3.563420e+002  3.563420e+002  3.563420e+002  3.563420e+002  3.563420e+002  3.563420e+002  3.563420e+002  3.563420e+002  3.563420e+002  3.563420e+002  3.563420e+002  3.563420e+002  3.563420e+002  -0.000000e+000  
4.491413e+002  4.491413e+002  4.491413e+002  4.491413e+002  4.491413e+002  4.491413e+002  4.491412e+002  4.491412e+002  4.491412e+002  4.491413e+002  4.491412e+002  4.491413e+002  4.491412e+002  4.491412e+002  4.491412e+002  -0.000000e+000  
4.341897e+002  4.341897e+002  4.341897e+002  4.341897e+002  4.341897e+002  4.341897e+002  4.341897e+002  4.341897e+002  4.341897e+002  4.341897e+002  4.341897e+002  4.341897e+002  4.341897e+002  4.341897e+002  4.341897e+002  -0.000000e+000  
3.150743e+002  3.150743e+002  3.150743e+002  3.150743e+002  3.150743e+002  3.150743e+002  3.150743e+002  3.150743e+002  3.150743e+002  3.150743e+002  3.150743e+002  3.150743e+002  3.150743e+002  3.150743e+002  3.150743e+002  -0.000000e+000  
1.497280e+002  1.497280e+002  1.497280e+002  1.497279e+002  1.497280e+002  1.497280e+002  1.497279e+002  1.497279e+002  1.497279e+002  1.497279e+002  1.497279e+002  1.497279e+002  1.497279e+002  1.497279e+002  1.497279e+002  -0.000000e+000  
1.009137e+002  1.009137e+002  1.009137e+002  1.009137e+002  1.009137e+002  1.009137e+002  1.009137e+002  1.009137e+002  1.009137e+002  1.009137e+002  1.009137e+002  1.009137e+002  1.009137e+002  1.009137e+002  1.009137e+002  -0.000000e+000  
5.078713e+001  5.078713e+001  5.078713e+001  5.078713e+001  5.078713e+001  5.078713e+001  5.078712e+001  5.078712e+001  5.078712e+001  5.078713e+001  5.078713e+001  5.078712e+001  5.078712e+001  5.078712e+001  5.078712e+001  -0.000000e+000  
-0.000000e+000  -0.000000e+000  -0.000000e+000  -0.000000e+000  -0.000000e+000  -0.000000e+000  -0.000000e+000  -0.000000e+000  -0.000000e+000  -0.000000e+000  -0.000000e+000  -0.000000e+000  -0.000000e+000  -0.000000e+000  -0.000000e+000  -0.000000e+000  

-0.000000e+000  1.715217e-006  3.416528e-006  5.081991e-006  6.675413e-006  8.128124e-006  9.330552e-006  1.024396e-005  1.112222e-005  1.249712e-005  9.630952e-006  4.856738e-007  -2.318206e-006  -1.037573e-006  -3.931421e-007  -0.000000e+000  
-0.000000e+000  1.711183e-006  3.416269e-006  5.107802e-006  6.765042e-006  8.339402e-006  9.667672e-006  1.014715e-005  1.047004e-005  1.113408e-005  9.906439e-006  7.387608e-008  -1.036120e-006  -3.751549e-007  -1.317469e-007  -0.000000e+000  
-0.000000e+000  1.691222e-006  3.390324e-006  5.108883e-006  6.872817e-006  8.751024e-006  1.095715e-005  1.007716e-005  9.334403e-006  7.907873e-006  1.063112e-005  -9.262805e-007  1.994944e-006  7.185680e-007  2.453323e-007  -0.000000e+000  
-0.000000e+000  1.569294e-006  3.165265e-006  4.819202e-006  6.571961e-006  8.479519e-006  1.061731e-005  9.269861e-006  8.008308e-006  6.527275e-006  9.837018e-006  -1.122222e-006  2.507097e-006  1.347195e-006  5.801966e-007  -0.000000e+000  
-0.000000e+000  5.502226e-007  1.066760e-006  1.511961e-006  1.840317e-006  1.992703e-006  1.889757e-006  4.771819e-006  7.564276e-006  1.061533e-005  -8.051558e-007  5.754061e-006  -6.399233e-006  -3.879816e-006  -1.830320e-006  -0.000000e+000  
-0.000000e+000  1.141735e-007  2.263657e-007  3.343683e-007  4.354807e-007  5.261052e-007  6.013682e-007  5.076085e-007  4.054416e-007  3.135012e-007  5.278357e-007  2.852611e-007  4.426494e-007  3.139741e-007  1.621294e-007  -0.000000e+000  
-0.000000e+000  -3.030644e-007  -5.704164e-007  -7.621373e-007  -8.296194e-007  -7.095228e-007  -3.164841e-007  -3.719082e-006  -7.042747e-006  -1.067786e-005  2.289122e-006  -5.723601e-006  7.962779e-006  4.868673e-006  2.309269e-006  -0.000000e+000  
-0.000000e+000  -1.403709e-006  -2.834480e-006  -4.323676e-006  -5.911346e-006  -7.651086e-006  -9.610587e-006  -8.228917e-006  -6.942589e-006  -5.491115e-006  -9.220349e-006  1.593827e-006  -2.496439e-006  -1.383868e-006  -6.086881e-007  -0.000000e+000  
-0.000000e+000  -1.589117e-006  -3.191109e-006  -4.823365e-006  -6.525565e-006  -8.403259e-006  -1.078715e-005  -9.077749e-006  -7.577205e-006  -5.029753e-006  -1.053586e-005  1.570953e-006  -4.192538e-006  -1.858820e-006  -7.525676e-007  -0.000000e+000  
-0.000000e+000  -1.631358e-006  -3.260770e-006  -4.883511e-006  -6.477885e-006  -7.972577e-006  -9.130638e-006  -9.104634e-006  -8.814878e-006  -8.937163e-006  -9.567266e-006  1.752007e-007  -6.224278e-007  -7.821846e-007  -4.422965e-007  -0.000000e+000  
-0.000000e+000  -1.653206e-006  -3.297066e-006  -4.915801e-006  -6.471320e-006  -7.863852e-006  -8.770605e-006  -9.282518e-006  -9.518392e-006  -1.057638e-005  -9.194397e-006  -4.898136e-007  7.984883e-007  -2.051561e-007  -2.303962e-007  -0.000000e+000  
-0.000000e+000  -1.663202e-006  -3.318195e-006  -4.952772e-006  -6.564189e-006  -8.182730e-006  -1.013561e-005  -9.553473e-006  -9.310473e-006  -8.695284e-006  -1.005150e-005  2.404608e-007  -1.185448e-006  -5.383038e-007  -2.678321e-007  -0.000000e+000  
-0.000000e+000  -1.667877e-006  -3.325428e-006  -4.969712e-006  -6.598181e-006  -8.235780e-006  -9.905149e-006  -9.588835e-006  -9.246837e-006  -8.613661e-006  -1.019296e-005  3.339889e-007  -1.306085e-006  -6.505716e-007  -2.922261e-007  -0.000000e+000  
-0.000000e+000  -1.666773e-006  -3.326430e-006  -4.969107e-006  -6.597969e-006  -8.235928e-006  -9.905550e-006  -9.588330e-006  -9.247683e-006  -8.613843e-006  -1.019286e-005  3.341658e-007  -1.306428e-006  -6.503077e-007  -2.922050e-007  -0.000000e+000  
-0.000000e+000  -1.663204e-006  -3.317761e-006  -4.953512e-006  -6.563850e-006  -8.183727e-006  -1.013516e-005  -9.553319e-006  -9.310565e-006  -8.694973e-006  -1.005177e-005  2.397151e-007  -1.185519e-006  -5.387452e-007  -2.675316e-007  -0.000000e+000  
-0.000000e+000  -1.653334e-006  -3.297059e-006  -4.915501e-006  -6.471251e-006  -7.863717e-006  -8.771079e-006  -9.282936e-006  -9.518230e-006  -1.057678e-005  -9.194745e-006  -4.901085e-007  7.985013e-007  -2.049436e-007  -2.304217e-007  -0.000000e+000  
-0.000000e+000  -1.631010e-006  -3.260712e-006  -4.883143e-006  -6.477827e-006  -7.972857e-006  -9.130972e-006  -9.105262e-006  -8.815581e-006  -8.937545e-006  -9.567675e-006  1.748573e-007  -6.228518e-007  -7.820817e-007  -4.421891e-007  -0.000000e+000  
-0.000000e+000  -1.589064e-006  -3.190693e-006  -4.823062e-006  -6.525322e-006  -8.403568e-006  -1.078790e-005  -9.078504e-006  -7.577917e-006  -5.030440e-006  -1.053639e-005  1.570780e-006  -4.192969e-006  -1.859091e-006  -7.523726e-007  -0.000000e+000  
-0.000000e+000  -1.403965e-006  -2.834869e-006  -4.324078e-006  -5.911719e-006  -7.651412e-006  -9.611053e-006  -8.229504e-006  -6.943274e-006  -5.491942e-006  -9.221272e-006  1.593159e-006  -2.496818e-006  -1.384091e-006  -6.087682e-007  -0.000000e+000  
-0.000000e+000  -3.031704e-007  -5.706453e-007  -7.625174e-007  -8.301080e-007  -7.101475e-007  -3.171440e-007  -3.719845e-006  -7.043713e-006  -1.067913e-005  2.287823e-006  -5.724468e-006  7.962294e-006  4.868180e-006  2.308921e-006  -0.000000e+000  
-0.000000e+000  1.139971e-007  2.259861e-007  3.337635e-007  4.346825e-007  5.251190e-007  6.003041e-007  5.063414e-007  4.039332e-007  3.117239e-007  5.259406e-007  2.841667e-007  4.420298e-007  3.135971e-007  1.619686e-007  -0.000000e+000  
-0.000000e+000  5.500757e-007  1.066358e-006  1.511281e-006  1.839360e-006  1.991555e-006  1.888420e-006  4.770276e-006  7.562459e-006  1.061325e-005  -8.076280e-007  5.752500e-006  -6.400001e-006  -3.880248e-006  -1.830467e-006  -0.000000e+000  
-0.000000e+000  1.569089e-006  3.164895e-006  4.818628e-006  6.571129e-006  8.478399e-006  1.061602e-005  9.268435e-006  8.006706e-006  6.525281e-006  9.834530e-006  -1.123724e-006  2.506175e-006  1.346658e-006  5.800274e-007  -0.000000e+000  
-0.000000e+000  1.691017e-006  3.389756e-006  5.108175e-006  6.871980e-006  8.750136e-006  1.095537e-005  1.007527e-005  9.332074e-006  7.905527e-006  1.062912e-005  -9.272495e-007  1.994279e-006  7.182622e-007  2.452556e-007  -0.000000e+000  
-0.000000e+000  1.710406e-006  3.415847e-006  5.106885e-006  6.764235e-006  8.338253e-006  9.666139e-006  1.014497e-005  1.046798e-005  1.113185e-005  9.904512e-006  7.262879e-008  -1.036946e-006  -3.755397e-007  -1.320337e-007  -0.000000e+000  
-0.000000e+000  1.714917e-006  3.415416e-006  5.081183e-006  6.674407e-006  8.127211e-006  9.328836e-006  1.024200e-005  1.112003e-005  1.249499e-005  9.629019e-006  4.841859e-007  -2.319079e-006  -1.038376e-006  -3.935394e-007  -0.000000e+000  
-0.000000e+000  -0.000000e+000  -0.000000e+000  -0.000000e+000  -0.000000e+000  -0.000000e+000  -0.000000e+000  -0.000000e+000  -0.000000e+000  -0.000000e+000  -0.000000e+000  -0.000000e+000  -0.000000e+000  -0.000000e+000  -0.000000e+000  -0.000000e+000  

-0.000000e+000  -0.000000e+000  -0.000000e+000  -0.000000e+000  -0.000000e+000  -0.000000e+000  -0.000000e+000  -0.000000e+000  -0.000000e+000  -0.000000e+000  -0.000000e+000  -0.000000e+000  -0.000000e+000  -0.000000e+000  -0.000000e+000  -0.000000e+000  
-0.000000e+000  -1.540865e-007  -3.214367e-007  -4.684001e-007  -6.349640e-007  -7.793389e-007  -9.289461e-007  -7.371812e-007  -5.605031e-007  -4.223903e-007  -3.887778e-007  -3.802721e-007  -4.289720e-007  -3.177344e-007  -1.717696e-007  -0.000000e+000  
-0.000000e+000  -3.179617e-007  -6.246946e-007  -9.442621e-007  -1.257315e-006  -1.568225e-006  -1.854921e-006  -1.458813e-006  -1.066470e-006  -7.328464e-007  -8.289114e-007  -6.957450e-007  -9.475112e-007  -6.823837e-007  -3.443416e-007  -0.000000e+000  
-0.000000e+000  -4.616372e-007  -9.290986e-007  -1.400512e-006  -1.883240e-006  -2.359071e-006  -2.820072e-006  -2.168202e-006  -1.493031e-006  -7.832063e-007  -1.391488e-006  -8.586369e-007  -1.697588e-006  -1.090936e-006  -5.358327e-007  -0.000000e+000  
-0.000000e+000  -9.340370e-007  -1.887539e-006  -2.894355e-006  -3.980583e-006  -5.196881e-006  -6.577869e-006  -4.851016e-006  -3.244194e-006  -1.587835e-006  -2.866562e-006  -1.674907e-006  -3.424003e-006  -2.109795e-006  -1.003168e-006  -0.000000e+000  
-0.000000e+000  -7.529691e-007  -1.495073e-006  -2.193034e-006  -2.836770e-006  -3.395486e-006  -3.827972e-006  -4.712574e-006  -5.517038e-006  -6.359661e-006  -1.102035e-006  -4.397666e-006  1.294610e-006  7.427965e-007  3.364768e-007  -0.000000e+000  
-0.000000e+000  -7.963879e-007  -1.577389e-006  -2.313824e-006  -2.991231e-006  -3.575601e-006  -4.023647e-006  -4.923440e-006  -5.733564e-006  -6.590169e-006  -1.203543e-006  -4.570103e-006  1.255558e-006  7.044539e-007  3.132390e-007  -0.000000e+000  
-0.000000e+000  -1.084749e-006  -2.191000e-006  -3.349539e-006  -4.594592e-006  -5.973710e-006  -7.542402e-006  -5.577053e-006  -3.737650e-006  -1.840121e-006  -3.355103e-006  -1.951184e-006  -3.995337e-006  -2.487596e-006  -1.194370e-006  -0.000000e+000  
-0.000000e+000  -6.491174e-007  -1.296600e-006  -1.949972e-006  -2.611471e-006  -3.268200e-006  -3.922997e-006  -3.053414e-006  -2.158361e-006  -1.205537e-006  -1.941549e-006  -1.284545e-006  -2.305785e-006  -1.482426e-006  -7.278219e-007  -0.000000e+000  
-0.000000e+000  -5.010609e-007  -1.003844e-006  -1.496235e-006  -2.005504e-006  -2.488081e-006  -2.965260e-006  -2.376327e-006  -1.799542e-006  -1.327254e-006  -1.298502e-006  -1.214859e-006  -1.402453e-006  -1.008410e-006  -5.190934e-007  -0.000000e+000  
-0.000000e+000  -3.436577e-007  -6.870879e-007  -1.039097e-006  -1.376616e-006  -1.709157e-006  -2.023025e-006  -1.668587e-006  -1.328436e-006  -1.071621e-006  -8.301614e-007  -9.306704e-007  -8.286809e-007  -6.244709e-007  -3.226979e-007  -0.000000e+000  
-0.000000e+000  -1.885656e-007  -3.821073e-007  -5.527630e-007  -7.522297e-007  -9.066949e-007  -1.076784e-006  -9.061515e-007  -7.497581e-007  -6.275273e-007  -4.522473e-007  -5.184844e-007  -4.172756e-007  -2.989598e-007  -1.762223e-007  -0.000000e+000  
-0.000000e+000  -1.114227e-007  -1.638143e-007  -3.013653e-007  -3.503481e-007  -4.676783e-007  -5.038318e-007  -4.584165e-007  -3.699526e-007  -3.256440e-007  -2.195583e-007  -2.801100e-007  -1.897093e-007  -1.775892e-007  -6.743405e-008  -0.000000e+000  
-0.000000e+000  2.270621e-008  -2.060919e-008  1.243654e-008  4.368049e-009  -3.043361e-009  -8.241370e-009  1.039425e-008  -1.739243e-008  -3.741493e-009  2.079272e-009  3.639431e-009  -7.049052e-009  5.428089e-009  -0.000000e+000  -0.000000e+000  
-0.000000e+000  8.587342e-008  1.930745e-007  2.681296e-007  3.714178e-007  4.522175e-007  5.130609e-007  4.537591e-007  3.771711e-007  3.374647e-007  2.110536e-007  2.607984e-007  1.946833e-007  1.641919e-007  7.581381e-008  -0.000000e+000  
-0.000000e+000  1.836598e-007  3.881272e-007  5.646331e-007  7.546626e-007  9.181624e-007  1.064580e-006  8.986362e-007  7.540461e-007  6.148744e-007  4.505166e-007  5.245465e-007  4.172944e-007  3.126106e-007  1.727837e-007  -0.000000e+000  
-0.000000e+000  3.455546e-007  6.915808e-007  1.039347e-006  1.376611e-006  1.703034e-006  2.023755e-006  1.660443e-006  1.321457e-006  1.072588e-006  8.279942e-007  9.295811e-007  8.233158e-007  6.224166e-007  3.276050e-007  -0.000000e+000  
-0.000000e+000  5.061057e-007  1.002129e-006  1.499807e-006  2.008167e-006  2.490933e-006  2.949072e-006  2.378422e-006  1.800317e-006  1.323064e-006  1.296114e-006  1.216282e-006  1.401991e-006  1.005475e-006  5.199579e-007  -0.000000e+000  
-0.000000e+000  6.448225e-007  1.297823e-006  1.949432e-006  2.611715e-006  3.273216e-006  3.918623e-006  3.054060e-006  2.157153e-006  1.203156e-006  1.939726e-006  1.280871e-006  2.306876e-006  1.482193e-006  7.238070e-007  -0.000000e+000  
-0.000000e+000  1.080749e-006  2.186815e-006  3.347413e-006  4.595465e-006  5.972479e-006  7.545587e-006  5.577119e-006  3.736329e-006  1.834282e-006  3.353949e-006  1.949423e-006  3.994176e-006  2.485438e-006  1.191757e-006  -0.000000e+000  
-0.000000e+000  7.964455e-007  1.572441e-006  2.316461e-006  2.990258e-006  3.575457e-006  4.024801e-006  4.917653e-006  5.727509e-006  6.585916e-006  1.199422e-006  4.568383e-006  -1.257560e-006  -7.057704e-007  -3.157801e-007  -0.000000e+000  
-0.000000e+000  7.550575e-007  1.491300e-006  2.192309e-006  2.833994e-006  3.393801e-006  3.828897e-006  4.712610e-006  5.514560e-006  6.357021e-006  1.098404e-006  4.395300e-006  -1.294028e-006  -7.445122e-007  -3.398341e-007  -0.000000e+000  
-0.000000e+000  9.284139e-007  1.885276e-006  2.888740e-006  3.987170e-006  5.195009e-006  6.584413e-006  4.854254e-006  3.247400e-006  1.585990e-006  2.865674e-006  1.672655e-006  3.417232e-006  2.118491e-006  1.014643e-006  -0.000000e+000  
-0.000000e+000  4.639993e-007  9.277441e-007  1.401963e-006  1.878739e-006  2.357350e-006  2.821094e-006  2.169959e-006  1.490810e-006  7.804841e-007  1.393416e-006  8.614026e-007  1.696101e-006  1.096592e-006  5.411020e-007  -0.000000e+000  
-0.000000e+000  3.138966e-007  6.298842e-007  9.392763e-007  1.254830e-006  1.574391e-006  1.848329e-006  1.462873e-006  1.065700e-006  7.347501e-007  8.291326e-007  6.928133e-007  9.452927e-007  6.820787e-007  3.449808e-007  -0.000000e+000  
-0.000000e+000  1.574816e-007  3.151137e-007  4.704817e-007  6.366174e-007  7.741697e-007  9.321840e-007  7.379561e-007  5.615053e-007  4.226469e-007  3.884153e-007  3.778387e-007  4.285689e-007  3.154765e-007  1.673525e-007  -0.000000e+000  
-0.000000e+000  -0.000000e+000  -0.000000e+000  -0.000000e+000  -0.000000e+000  -0.000000e+000  -0.000000e+000  -0.000000e+000  -0.000000e+000  -0.000000e+000  -0.000000e+000  -0.000000e+000  -0.000000e+000  -0.000000e+000  -0.000000e+000  -0.000000e+000  

0.000000e+000  0.000000e+000  0.000000e+000  0.000000e+000  0.000000e+000  0.000000e+000  0.000000e+000  0.000000e+000  0.000000e+000  0.000000e+000  0.000000e+000  0.000000e+000  0.000000e+000  0.000000e+000  0.000000e+000  0.000000e+000  
0.000000e+000  0.000000e+000  0.000000e+000  0.000000e+000  0.000000e+000  0.000000e+000  0.000000e+000  0.000000e+000  0.000000e+000  0.000000e+000  0.000000e+000  0.000000e+000  0.000000e+000  0.000000e+000  0.000000e+000  0.000000e+000  
0.000000e+000  0.000000e+000  0.000000e+000  0.000000e+000  0.000000e+000  0.000000e+000  0.000000e+000  0.000000e+000  0.000000e+000  0.000000e+000  0.000000e+000  0.000000e+000  0.000000e+000  0.000000e+000  0.000000e+000  0.000000e+000  
0.000000e+000  0.000000e+000  0.000000e+000  0.000000e+000  0.000000e+000  0.000000e+000  0.000000e+000  0.000000e+000  0.000000e+000  0.000000e+000  0.000000e+000  0.000000e+000  0.000000e+000  0.000000e+000  0.000000e+000  0.000000e+000  
0.000000e+000  0.000000e+000  0.000000e+000  0.000000e+000  0.000000e+000  0.000000e+000  0.000000e+000  0.000000e+000  0.000000e+000  0.000000e+000  0.000000e+000  0.000000e+000  0.000000e+000  0.000000e+000  0.000000e+000  0.000000e+000  
0.000000e+000  0.000000e+000  0.000000e+000  0.000000e+000  0.000000e+000  0.000000e+000  0.000000e+000  0.000000e+000  0.000000e+000  0.000000e+000  0.000000e+000  0.000000e+000  0.000000e+000  0.000000e+000  0.000000e+000  0.000000e+000  
0.000000e+000  0.000000e+000  0.000000e+000  0.000000e+000  0.000000e+000  0.000000e+000  0.000000e+000  0.000000e+000  0.000000e+000  0.000000e+000  0.000000e+000  0.000000e+000  0.000000e+000  0.000000e+000  0.000000e+000  0.000000e+000  
0.000000e+000  0.000000e+000  0.000000e+000  0.000000e+000  0.000000e+000  0.000000e+000  0.000000e+000  0.000000e+000  0.000000e+000  0.000000e+000  0.000000e+000  0.000000e+000  0.000000e+000  0.000000e+000  0.000000e+000  0.000000e+000  
0.000000e+000  0.000000e+000  0.000000e+000  0.000000e+000  0.000000e+000  0.000000e+000  0.000000e+000  0.000000e+000  0.000000e+000  0.000000e+000  0.000000e+000  0.000000e+000  0.000000e+000  0.000000e+000  0.000000e+000  0.000000e+000  
0.000000e+000  0.000000e+000  0.000000e+000  0.000000e+000  0.000000e+000  0.000000e+000  0.000000e+000  0.000000e+000  0.000000e+000  0.000000e+000  0.000000e+000  0.000000e+000  0.000000e+000  0.000000e+000  0.000000e+000  0.000000e+000  
0.000000e+000  0.000000e+000  0.000000e+000  0.000000e+000  0.000000e+000  0.000000e+000  0.000000e+000  0.000000e+000  0.000000e+000  0.000000e+000  0.000000e+000  0.000000e+000  0.000000e+000  0.000000e+000  0.000000e+000  0.000000e+000  
0.000000e+000  0.000000e+000  0.000000e+000  0.000000e+000  0.000000e+000  0.000000e+000  0.000000e+000  0.000000e+000  0.000000e+000  0.000000e+000  0.000000e+000  0.000000e+000  0.000000e+000  0.000000e+000  0.000000e+000  0.000000e+000  
0.000000e+000  0.000000e+000  0.000000e+000  0.000000e+000  0.000000e+000  0.000000e+000  0.000000e+000  0.000000e+000  0.000000e+000  0.000000e+000  0.000000e+000  0.000000e+000  0.000000e+000  0.000000e+000  0.000000e+000  0.000000e+000  
0.000000e+000  0.000000e+000  0.000000e+000  0.000000e+000  0.000000e+000  0.000000e+000  0.000000e+000  0.000000e+000  0.000000e+000  0.000000e+000  0.000000e+000  0.000000e+000  0.000000e+000  0.000000e+000  0.000000e+000  0.000000e+000  
0.000000e+000  0.000000e+000  0.000000e+000  0.000000e+000  0.000000e+000  0.000000e+000  0.000000e+000  0.000000e+000  0.000000e+000  0.000000e+000  0.000000e+000  0.000000e+000  0.000000e+000  0.000000e+000  0.000000e+000  0.000000e+000  
0.000000e+000  0.000000e+000  0.000000e+000  0.000000e+000  0.000000e+000  0.000000e+000  0.000000e+000  0.000000e+000  0.000000e+000  0.000000e+000  0.000000e+000  0.000000e+000  0.000000e+000  0.000000e+000  0.000000e+000  0.000000e+000  
0.000000e+000  0.000000e+000  0.000000e+000  0.000000e+000  0.000000e+000  0.000000e+000  0.000000e+000  0.000000e+000  0.000000e+000  0.000000e+000  0.000000e+000  0.000000e+000  0.000000e+000  0.000000e+000  0.000000e+000  0.000000e+000  
0.000000e+000  0.000000e+000  0.000000e+000  0.000000e+000  0.000000e+000  0.000000e+000  0.000000e+000  0.000000e+000  0.000000e+000  0.000000e+000  0.000000e+000  0.000000e+000  0.000000e+000  0.000000e+000  0.000000e+000  0.000000e+000  
0.000000e+000  0.000000e+000  0.000000e+000  0.000000e+000  0.000000e+000  0.000000e+000  0.000000e+000  0.000000e+000  0.000000e+000  0.000000e+000  0.000000e+000  0.000000e+000  0.000000e+000  0.000000e+000  0.000000e+000  0.000000e+000  
0.000000e+000  0.000000e+000  0.000000e+000  0.000000e+000  0.000000e+000  0.000000e+000  0.000000e+000  0.000000e+000  0.000000e+000  0.000000e+000  0.000000e+000  0.000000e+000  0.000000e+000  0.000000e+000  0.000000e+000  0.000000e+000  
0.000000e+000  0.000000e+000  0.000000e+000  0.000000e+000  0.000000e+000  0.000000e+000  0.000000e+000  0.000000e+000  0.000000e+000  0.000000e+000  0.000000e+000  0.000000e+000  0.000000e+000  0.000000e+000  0.000000e+000  0.000000e+000  
0.000000e+000  0.000000e+000  0.000000e+000  0.000000e+000  0.000000e+000  0.000000e+000  0.000000e+000  0.000000e+000  0.000000e+000  0.000000e+000  0.000000e+000  0.000000e+000  0.000000e+000  0.000000e+000  0.000000e+000  0.000000e+000  
0.000000e+000  0.000000e+000  0.000000e+000  0.000000e+000  0.000000e+000  0.000000e+000  0.000000e+000  0.000000e+000  0.000000e+000  0.000000e+000  0.000000e+000  0.000000e+000  0.000000e+000  0.000000e+000  0.000000e+000  0.000000e+000  
0.000000e+000  0.000000e+000  0.000000e+000  0.000000e+000  0.000000e+000  0.000000e+000  0.000000e+000  0.000000e+000  0.000000e+000  0.000000e+000  0.000000e+000  0.000000e+000  0.000000e+000  0.000000e+000  0.000000e+000  0.000000e+000  
0.000000e+000  0.000000e+000  0.000000e+000  0.000000e+000  0.000000e+000  0.000000e+000  0.000000e+000  0.000000e+000  0.000000e+000  0.000000e+000  0.000000e+000  0.000000e+000  0.000000e+000  0.000000e+000  0.000000e+000  0.000000e+000  
0.000000e+000  0.000000e+000  0.000000e+000  0.000000e+000  0.000000e+000  0.000000e+000  0.000000e+000  0.000000e+000  0.000000e+000  0.000000e+000  0.000000e+000  0.000000e+000  0.000000e+000  0.000000e+000  0.000000e+000  0.000000e+000  
0.000000e+000  0.000000e+000  0.000000e+000  0.000000e+000  0.000000e+000  0.000000e+000  0.000000e+000  0.000000e+000  0.000000e+000  0.000000e+000  0.000000e+000  0.000000e+000  0.000000e+000  0.000000e+000  0.000000e+000  0.000000e+000  

0.000000e+000  0.000000e+000  0.000000e+000  0.000000e+000  0.000000e+000  0.000000e+000  0.000000e+000  0.000000e+000  0.000000e+000  0.000000e+000  0.000000e+000  0.000000e+000  0.000000e+000  0.000000e+000  0.000000e+000  0.000000e+000  
0.000000e+000  0.000000e+000  0.000000e+000  0.000000e+000  0.000000e+000  0.000000e+000  0.000000e+000  0.000000e+000  0.000000e+000  0.000000e+000  0.000000e+000  0.000000e+000  0.000000e+000  0.000000e+000  0.000000e+000  0.000000e+000  
0.000000e+000  0.000000e+000  0.000000e+000  0.000000e+000  0.000000e+000  0.000000e+000  0.000000e+000  0.000000e+000  0.000000e+000  0.000000e+000  0.000000e+000  0.000000e+000  0.000000e+000  0.000000e+000  0.000000e+000  0.000000e+000  
0.000000e+000  0.000000e+000  0.000000e+000  0.000000e+000  0.000000e+000  0.000000e+000  0.000000e+000  0.000000e+000  0.000000e+000  0.000000e+000  0.000000e+000  0.000000e+000  0.000000e+000  0.000000e+000  0.000000e+000  0.000000e+000  
0.000000e+000  0.000000e+000  0.000000e+000  0.000000e+000  0.000000e+000  0.000000e+000  0.000000e+000  0.000000e+000  0.000000e+000  0.000000e+000  0.000000e+000  0.000000e+000  0.000000e+000  0.000000e+000  0.000000e+000  0.000000e+000  
0.000000e+000  0.000000e+000  0.000000e+000  0.000000e+000  0.000000e+000  0.000000e+000  0.000000e+000  0.000000e+000  0.000000e+000  0.000000e+000  0.000000e+000  0.000000e+000  0.000000e+000  0.000000e+000  0.000000e+000  0.000000e+000  
0.000000e+000  0.000000e+000  0.000000e+000  0.000000e+000  0.000000e+000  0.000000e+000  0.000000e+000  0.000000e+000  0.000000e+000  0.000000e+000  0.000000e+000  0.000000e+000  0.000000e+000  0.000000e+000  0.000000e+000  0.000000e+000  
0.000000e+000  0.000000e+000  0.000000e+000  0.000000e+000  0.000000e+000  0.000000e+000  0.000000e+000  0.000000e+000  0.000000e+000  0.000000e+000  0.000000e+000  0.000000e+000  0.000000e+000  0.000000e+000  0.000000e+000  0.000000e+000  
0.000000e+000  0.000000e+000  0.000000e+000  0.000000e+000  0.000000e+000  0.000000e+000  0.000000e+000  0.000000e+000  0.000000e+000  0.000000e+000  0.000000e+000  0.000000e+000  0.000000e+000  0.000000e+000  0.000000e+000  0.000000e+000  
0.000000e+000  0.000000e+000  0.000000e+000  0.000000e+000  0.000000e+000  0.000000e+000  0.000000e+000  0.000000e+000  0.000000e+000  0.000000e+000  0.000000e+000  0.000000e+000  0.000000e+000  0.000000e+000  0.000000e+000  0.000000e+000  
0.000000e+000  0.000000e+000  0.000000e+000  0.000000e+000  0.000000e+000  0.000000e+000  0.000000e+000  0.000000e+000  0.000000e+000  0.000000e+000  0.000000e+000  0.000000e+000  0.000000e+000  0.000000e+000  0.000000e+000  0.000000e+000  
0.000000e+000  0.000000e+000  0.000000e+000  0.000000e+000  0.000000e+000  0.000000e+000  0.000000e+000  0.000000e+000  0.000000e+000  0.000000e+000  0.000000e+000  0.000000e+000  0.000000e+000  0.000000e+000  0.000000e+000  0.000000e+000  
0.000000e+000  0.000000e+000  0.000000e+000  0.000000e+000  0.000000e+000  0.000000e+000  0.000000e+000  0.000000e+000  0.000000e+000  0.000000e+000  0.000000e+000  0.000000e+000  0.000000e+000  0.000000e+000  0.000000e+000  0.000000e+000  
0.000000e+000  0.000000e+000  0.000000e+000  0.000000e+000  0.000000e+000  0.000000e+000  0.000000e+000  0.000000e+000  0.000000e+000  0.000000e+000  0.000000e+000  0.000000e+000  0.000000e+000  0.000000e+000  0.000000e+000  0.000000e+000  
0.000000e+000  0.000000e+000  0.000000e+000  0.000000e+000  0.000000e+000  0.000000e+000  0.000000e+000  0.000000e+000  0.000000e+000  0.000000e+000  0.000000e+000  0.000000e+000  0.000000e+000  0.000000e+000  0.000000e+000  0.000000e+000  
0.000000e+000  0.000000e+000  0.000000e+000  0.000000e+000  0.000000e+000  0.000000e+000  0.000000e+000  0.000000e+000  0.000000e+000  0.000000e+000  0.000000e+000  0.000000e+000  0.000000e+000  0.000000e+000  0.000000e+000  0.000000e+000  
0.000000e+000  0.000000e+000  0.000000e+000  0.000000e+000  0.000000e+000  0.000000e+000  0.000000e+000  0.000000e+000  0.000000e+000  0.000000e+000  0.000000e+000  0.000000e+000  0.000000e+000  0.000000e+000  0.000000e+000  0.000000e+000  
0.000000e+000  0.000000e+000  0.000000e+000  0.000000e+000  0.000000e+000  0.000000e+000  0.000000e+000  0.000000e+000  0.000000e+000  0.000000e+000  0.000000e+000  0.000000e+000  0.000000e+000  0.000000e+000  0.000000e+000  0.000000e+000  
0.000000e+000  0.000000e+000  0.000000e+000  0.000000e+000  0.000000e+000  0.000000e+000  0.000000e+000  0.000000e+000  0.000000e+000  0.000000e+000  0.000000e+000  0.000000e+000  0.000000e+000  0.000000e+000  0.000000e+000  0.000000e+000  
0.000000e+000  0.000000e+000  0.000000e+000  0.000000e+000  0.000000e+000  0.000000e+000  0.000000e+000  0.000000e+000  0.000000e+000  0.000000e+000  0.000000e+000  0.000000e+000  0.000000e+000  0.000000e+000  0.000000e+000  0.000000e+000  
0.000000e+000  0.000000e+000  0.000000e+000  0.000000e+000  0.000000e+000  0.000000e+000  0.000000e+000  0.000000e+000  0.000000e+000  0.000000e+000  0.000000e+000  0.000000e+000  0.000000e+000  0.000000e+000  0.000000e+000  0.000000e+000  
0.000000e+000  0.000000e+000  0.000000e+000  0.000000e+000  0.000000e+000  0.000000e+000  0.000000e+000  0.000000e+000  0.000000e+000  0.000000e+000  0.000000e+000  0.000000e+000  0.000000e+000  0.000000e+000  0.000000e+000  0.000000e+000  
0.000000e+000  0.000000e+000  0.000000e+000  0.000000e+000  0.000000e+000  0.000000e+000  0.000000e+000  0.000000e+000  0.000000e+000  0.000000e+000  0.000000e+000  0.000000e+000  0.000000e+000  0.000000e+000  0.000000e+000  0.000000e+000  
0.000000e+000  0.000000e+000  0.000000e+000  0.000000e+000  0.000000e+000  0.000000e+000  0.000000e+000  0.000000e+000  0.000000e+000  0.000000e+000  0.000000e+000  0.000000e+000  0.000000e+000  0.000000e+000  0.000000e+000  0.000000e+000  
0.000000e+000  0.000000e+000  0.000000e+000  0.000000e+000  0.000000e+000  0.000000e+000  0.000000e+000  0.000000e+000  0.000000e+000  0.000000e+000  0.000000e+000  0.000000e+000  0.000000e+000  0.000000e+000  0.000000e+000  0.000000e+000  
0.000000e+000  0.000000e+000  0.000000e+000  0.000000e+000  0.000000e+000  0.000000e+000  0.000000e+000  0.000000e+000  0.000000e+000  0.000000e+000  0.000000e+000  0.000000e+000  0.000000e+000  0.000000e+000  0.000000e+000  0.000000e+000  
0.000000e+000  0.000000e+000  0.000000e+000  0.000000e+000  0.000000e+000  0.000000e+000  0.000000e+000  0.000000e+000  0.000000e+000  0.000000e+000  0.000000e+000  0.000000e+000  0.000000e+000  0.000000e+000  0.000000e+000  0.000000e+000  

0.000000e+000  0.000000e+000  0.000000e+000  0.000000e+000  0.000000e+000  0.000000e+000  0.000000e+000  0.000000e+000  0.000000e+000  0.000000e+000  0.000000e+000  0.000000e+000  0.000000e+000  0.000000e+000  0.000000e+000  0.000000e+000  
0.000000e+000  0.000000e+000  0.000000e+000  0.000000e+000  0.000000e+000  0.000000e+000  0.000000e+000  0.000000e+000  0.000000e+000  0.000000e+000  0.000000e+000  0.000000e+000  0.000000e+000  0.000000e+000  0.000000e+000  0.000000e+000  
0.000000e+000  0.000000e+000  0.000000e+000  0.000000e+000  0.000000e+000  0.000000e+000  0.000000e+000  0.000000e+000  0.000000e+000  0.000000e+000  0.000000e+000  0.000000e+000  0.000000e+000  0.000000e+000  0.000000e+000  0.000000e+000  
0.000000e+000  0.000000e+000  0.000000e+000  0.000000e+000  0.000000e+000  0.000000e+000  0.000000e+000  0.000000e+000  0.000000e+000  0.000000e+000  0.000000e+000  0.000000e+000  0.000000e+000  0.000000e+000  0.000000e+000  0.000000e+000  
0.000000e+000  0.000000e+000  0.000000e+000  0.000000e+000  0.000000e+000  0.000000e+000  0.000000e+000  0.000000e+000  0.000000e+000  0.000000e+000  0.000000e+000  0.000000e+000  0.000000e+000  0.000000e+000  0.000000e+000  0.000000e+000  
0.000000e+000  0.000000e+000  0.000000e+000  0.000000e+000  0.000000e+000  0.000000e+000  0.000000e+000  0.000000e+000  0.000000e+000  0.000000e+000  0.000000e+000  0.000000e+000  0.000000e+000  0.000000e+000  0.000000e+000  0.000000e+000  
0.000000e+000  0.000000e+000  0.000000e+000  0.000000e+000  0.000000e+000  0.000000e+000  0.000000e+000  0.000000e+000  0.000000e+000  0.000000e+000  0.000000e+000  0.000000e+000  0.000000e+000  0.000000e+000  0.000000e+000  0.000000e+000  
0.000000e+000  0.000000e+000  0.000000e+000  0.000000e+000  0.000000e+000  0.000000e+000  0.000000e+000  0.000000e+000  0.000000e+000  0.000000e+000  0.000000e+000  0.000000e+000  0.000000e+000  0.000000e+000  0.000000e+000  0.000000e+000  
0.000000e+000  0.000000e+000  0.000000e+000  0.000000e+000  0.000000e+000  0.000000e+000  0.000000e+000  0.000000e+000  0.000000e+000  0.000000e+000  0.000000e+000  0.000000e+000  0.000000e+000  0.000000e+000  0.000000e+000  0.000000e+000  
0.000000e+000  0.000000e+000  0.000000e+000  0.000000e+000  0.000000e+000  0.000000e+000  0.000000e+000  0.000000e+000  0.000000e+000  0.000000e+000  0.000000e+000  0.000000e+000  0.000000e+000  0.000000e+000  0.000000e+000  0.000000e+000  
0.000000e+000  0.000000e+000  0.000000e+000  0.000000e+000  0.000000e+000  0.000000e+000  0.000000e+000  0.000000e+000  0.000000e+000  0.000000e+000  0.000000e+000  0.000000e+000  0.000000e+000  0.000000e+000  0.000000e+000  0.000000e+000  
0.000000e+000  0.000000e+000  0.000000e+000  0.000000e+000  0.000000e+000  0.000000e+000  0.000000e+000  0.000000e+000  0.000000e+000  0.000000e+000  0.000000e+000  0.000000e+000  0.000000e+000  0.000000e+000  0.000000e+000  0.000000e+000  
0.000000e+000  0.000000e+000  0.000000e+000  0.000000e+000  0.000000e+000  0.000000e+000  0.000000e+000  0.000000e+000  0.000000e+000  0.000000e+000  0.000000e+000  0.000000e+000  0.000000e+000  0.000000e+000  0.000000e+000  0.000000e+000  
0.000000e+000  0.000000e+000  0.000000e+000  0.000000e+000  0.000000e+000  0.000000e+000  0.000000e+000  0.000000e+000  0.000000e+000  0.000000e+000  0.000000e+000  0.000000e+000  0.000000e+000  0.000000e+000  0.000000e+000  0.000000e+000  
0.000000e+000  0.000000e+000  0.000000e+000  0.000000e+000  0.000000e+000  0.000000e+000  0.000000e+000  0.000000e+000  0.000000e+000  0.000000e+000  0.000000e+000  0.000000e+000  0.000000e+000  0.000000e+000  0.000000e+000  0.000000e+000  
0.000000e+000  0.000000e+000  0.000000e+000  0.000000e+000  0.000000e+000  0.000000e+000  0.000000e+000  0.000000e+000  0.000000e+000  0.000000e+000  0.000000e+000  0.000000e+000  0.000000e+000  0.000000e+000  0.000000e+000  0.000000e+000  
0.000000e+000  0.000000e+000  0.000000e+000  0.000000e+000  0.000000e+000  0.000000e+000  0.000000e+000  0.000000e+000  0.000000e+000  0.000000e+000  0.000000e+000  0.000000e+000  0.000000e+000  0.000000e+000  0.000000e+000  0.000000e+000  
0.000000e+000  0.000000e+000  0.000000e+000  0.000000e+000  0.000000e+000  0.000000e+000  0.000000e+000  0.000000e+000  0.000000e+000  0.000000e+000  0.000000e+000  0.000000e+000  0.000000e+000  0.000000e+000  0.000000e+000  0.000000e+000  
0.000000e+000  0.000000e+000  0.000000e+000  0.000000e+000  0.000000e+000  0.000000e+000  0.000000e+000  0.000000e+000  0.000000e+000  0.000000e+000  0.000000e+000  0.000000e+000  0.000000e+000  0.000000e+000  0.000000e+000  0.000000e+000  
0.000000e+000  0.000000e+000  0.000000e+000  0.000000e+000  0.000000e+000  0.000000e+000  0.000000e+000  0.000000e+000  0.000000e+000  0.000000e+000  0.000000e+000  0.000000e+000  0.000000e+000  0.000000e+000  0.000000e+000  0.000000e+000  
0.000000e+000  0.000000e+000  0.000000e+000  0.000000e+000  0.000000e+000  0.000000e+000  0.000000e+000  0.000000e+000  0.000000e+000  0.000000e+000  0.000000e+000  0.000000e+000  0.000000e+000  0.000000e+000  0.000000e+000  0.000000e+000  
0.000000e+000  0.000000e+000  0.000000e+000  0.000000e+000  0.000000e+000  0.000000e+000  0.000000e+000  0.000000e+000  0.000000e+000  0.000000e+000  0.000000e+000  0.000000e+000  0.000000e+000  0.000000e+000  0.000000e+000  0.000000e+000  
0.000000e+000  0.000000e+000  0.000000e+000  0.000000e+000  0.000000e+000  0.000000e+000  0.000000e+000  0.000000e+000  0.000000e+000  0.000000e+000  0.000000e+000  0.000000e+000  0.000000e+000  0.000000e+000  0.000000e+000  0.000000e+000  
0.000000e+000  0.000000e+000  0.000000e+000  0.000000e+000  0.000000e+000  0.000000e+000  0.000000e+000  0.000000e+000  0.000000e+000  0.000000e+000  0.000000e+000  0.000000e+000  0.000000e+000  0.000000e+000  0.000000e+000  0.000000e+000  
0.000000e+000  0.000000e+000  0.000000e+000  0.000000e+000  0.000000e+000  0.000000e+000  0.000000e+000  0.000000e+000  0.000000e+000  0.000000e+000  0.000000e+000  0.000000e+000  0.000000e+000  0.000000e+000  0.000000e+000  0.000000e+000  
0.000000e+000  0.000000e+000  0.000000e+000  0.000000e+000  0.000000e+000  0.000000e+000  0.000000e+000  0.000000e+000  0.000000e+000  0.000000e+000  0.000000e+000  0.000000e+000  0.000000e+000  0.000000e+000  0.000000e+000  0.000000e+000  
0.000000e+000  0.000000e+000  0.000000e+000  0.000000e+000  0.000000e+000  0.000000e+000  0.000000e+000  0.000000e+000  0.000000e+000  0.000000e+000  0.000000e+000  0.000000e+000  0.000000e+000  0.000000e+000  0.000000e+000  0.000000e+000  

