Port monitor named: Port2_h2.prt

nx        = 3
ny        = 18
nz        = 29

nu        = 16
nv        = 27
iu        = 2
iv        = 2

idir      = 0
dcut      = 5.114300e-001
icut      = 3
type      = 1
frequency = 2.200000e+009

fcutoff   = 3.150656e+009
alpha     = 4.725954e+001
beta      = 0.000000e+000
accuracy  = 7.883374e-011

type          = TE
wave imp.     = 3.675555e+002
wave imp.sig. = 9.213557e-006
line imp.     = 0.000000e+000

ref. port     = 0

0.000000e+000  0.000000e+000  0.000000e+000  0.000000e+000  0.000000e+000  0.000000e+000  0.000000e+000  0.000000e+000  0.000000e+000  0.000000e+000  0.000000e+000  0.000000e+000  0.000000e+000  0.000000e+000  0.000000e+000  0.000000e+000  
0.000000e+000  0.000000e+000  0.000000e+000  0.000000e+000  0.000000e+000  0.000000e+000  0.000000e+000  0.000000e+000  0.000000e+000  0.000000e+000  0.000000e+000  0.000000e+000  0.000000e+000  0.000000e+000  0.000000e+000  0.000000e+000  
0.000000e+000  0.000000e+000  0.000000e+000  0.000000e+000  0.000000e+000  0.000000e+000  0.000000e+000  0.000000e+000  0.000000e+000  0.000000e+000  0.000000e+000  0.000000e+000  0.000000e+000  0.000000e+000  0.000000e+000  0.000000e+000  
0.000000e+000  0.000000e+000  0.000000e+000  0.000000e+000  0.000000e+000  0.000000e+000  0.000000e+000  0.000000e+000  0.000000e+000  0.000000e+000  0.000000e+000  0.000000e+000  0.000000e+000  0.000000e+000  0.000000e+000  0.000000e+000  
0.000000e+000  0.000000e+000  0.000000e+000  0.000000e+000  0.000000e+000  0.000000e+000  0.000000e+000  0.000000e+000  0.000000e+000  0.000000e+000  0.000000e+000  0.000000e+000  0.000000e+000  0.000000e+000  0.000000e+000  0.000000e+000  
0.000000e+000  0.000000e+000  0.000000e+000  0.000000e+000  0.000000e+000  0.000000e+000  0.000000e+000  0.000000e+000  0.000000e+000  0.000000e+000  0.000000e+000  0.000000e+000  0.000000e+000  0.000000e+000  0.000000e+000  0.000000e+000  
0.000000e+000  0.000000e+000  0.000000e+000  0.000000e+000  0.000000e+000  0.000000e+000  0.000000e+000  0.000000e+000  0.000000e+000  0.000000e+000  0.000000e+000  0.000000e+000  0.000000e+000  0.000000e+000  0.000000e+000  0.000000e+000  
0.000000e+000  0.000000e+000  0.000000e+000  0.000000e+000  0.000000e+000  0.000000e+000  0.000000e+000  0.000000e+000  0.000000e+000  0.000000e+000  0.000000e+000  0.000000e+000  0.000000e+000  0.000000e+000  0.000000e+000  0.000000e+000  
0.000000e+000  0.000000e+000  0.000000e+000  0.000000e+000  0.000000e+000  0.000000e+000  0.000000e+000  0.000000e+000  0.000000e+000  0.000000e+000  0.000000e+000  0.000000e+000  0.000000e+000  0.000000e+000  0.000000e+000  0.000000e+000  
0.000000e+000  0.000000e+000  0.000000e+000  0.000000e+000  0.000000e+000  0.000000e+000  0.000000e+000  0.000000e+000  0.000000e+000  0.000000e+000  0.000000e+000  0.000000e+000  0.000000e+000  0.000000e+000  0.000000e+000  0.000000e+000  
0.000000e+000  0.000000e+000  0.000000e+000  0.000000e+000  0.000000e+000  0.000000e+000  0.000000e+000  0.000000e+000  0.000000e+000  0.000000e+000  0.000000e+000  0.000000e+000  0.000000e+000  0.000000e+000  0.000000e+000  0.000000e+000  
0.000000e+000  0.000000e+000  0.000000e+000  0.000000e+000  0.000000e+000  0.000000e+000  0.000000e+000  0.000000e+000  0.000000e+000  0.000000e+000  0.000000e+000  0.000000e+000  0.000000e+000  0.000000e+000  0.000000e+000  0.000000e+000  
0.000000e+000  0.000000e+000  0.000000e+000  0.000000e+000  0.000000e+000  0.000000e+000  0.000000e+000  0.000000e+000  0.000000e+000  0.000000e+000  0.000000e+000  0.000000e+000  0.000000e+000  0.000000e+000  0.000000e+000  0.000000e+000  
0.000000e+000  0.000000e+000  0.000000e+000  0.000000e+000  0.000000e+000  0.000000e+000  0.000000e+000  0.000000e+000  0.000000e+000  0.000000e+000  0.000000e+000  0.000000e+000  0.000000e+000  0.000000e+000  0.000000e+000  0.000000e+000  
0.000000e+000  0.000000e+000  0.000000e+000  0.000000e+000  0.000000e+000  0.000000e+000  0.000000e+000  0.000000e+000  0.000000e+000  0.000000e+000  0.000000e+000  0.000000e+000  0.000000e+000  0.000000e+000  0.000000e+000  0.000000e+000  
0.000000e+000  0.000000e+000  0.000000e+000  0.000000e+000  0.000000e+000  0.000000e+000  0.000000e+000  0.000000e+000  0.000000e+000  0.000000e+000  0.000000e+000  0.000000e+000  0.000000e+000  0.000000e+000  0.000000e+000  0.000000e+000  
0.000000e+000  0.000000e+000  0.000000e+000  0.000000e+000  0.000000e+000  0.000000e+000  0.000000e+000  0.000000e+000  0.000000e+000  0.000000e+000  0.000000e+000  0.000000e+000  0.000000e+000  0.000000e+000  0.000000e+000  0.000000e+000  
0.000000e+000  0.000000e+000  0.000000e+000  0.000000e+000  0.000000e+000  0.000000e+000  0.000000e+000  0.000000e+000  0.000000e+000  0.000000e+000  0.000000e+000  0.000000e+000  0.000000e+000  0.000000e+000  0.000000e+000  0.000000e+000  
0.000000e+000  0.000000e+000  0.000000e+000  0.000000e+000  0.000000e+000  0.000000e+000  0.000000e+000  0.000000e+000  0.000000e+000  0.000000e+000  0.000000e+000  0.000000e+000  0.000000e+000  0.000000e+000  0.000000e+000  0.000000e+000  
0.000000e+000  0.000000e+000  0.000000e+000  0.000000e+000  0.000000e+000  0.000000e+000  0.000000e+000  0.000000e+000  0.000000e+000  0.000000e+000  0.000000e+000  0.000000e+000  0.000000e+000  0.000000e+000  0.000000e+000  0.000000e+000  
0.000000e+000  0.000000e+000  0.000000e+000  0.000000e+000  0.000000e+000  0.000000e+000  0.000000e+000  0.000000e+000  0.000000e+000  0.000000e+000  0.000000e+000  0.000000e+000  0.000000e+000  0.000000e+000  0.000000e+000  0.000000e+000  
0.000000e+000  0.000000e+000  0.000000e+000  0.000000e+000  0.000000e+000  0.000000e+000  0.000000e+000  0.000000e+000  0.000000e+000  0.000000e+000  0.000000e+000  0.000000e+000  0.000000e+000  0.000000e+000  0.000000e+000  0.000000e+000  
0.000000e+000  0.000000e+000  0.000000e+000  0.000000e+000  0.000000e+000  0.000000e+000  0.000000e+000  0.000000e+000  0.000000e+000  0.000000e+000  0.000000e+000  0.000000e+000  0.000000e+000  0.000000e+000  0.000000e+000  0.000000e+000  
0.000000e+000  0.000000e+000  0.000000e+000  0.000000e+000  0.000000e+000  0.000000e+000  0.000000e+000  0.000000e+000  0.000000e+000  0.000000e+000  0.000000e+000  0.000000e+000  0.000000e+000  0.000000e+000  0.000000e+000  0.000000e+000  
0.000000e+000  0.000000e+000  0.000000e+000  0.000000e+000  0.000000e+000  0.000000e+000  0.000000e+000  0.000000e+000  0.000000e+000  0.000000e+000  0.000000e+000  0.000000e+000  0.000000e+000  0.000000e+000  0.000000e+000  0.000000e+000  
0.000000e+000  0.000000e+000  0.000000e+000  0.000000e+000  0.000000e+000  0.000000e+000  0.000000e+000  0.000000e+000  0.000000e+000  0.000000e+000  0.000000e+000  0.000000e+000  0.000000e+000  0.000000e+000  0.000000e+000  0.000000e+000  
0.000000e+000  0.000000e+000  0.000000e+000  0.000000e+000  0.000000e+000  0.000000e+000  0.000000e+000  0.000000e+000  0.000000e+000  0.000000e+000  0.000000e+000  0.000000e+000  0.000000e+000  0.000000e+000  0.000000e+000  0.000000e+000  

0.000000e+000  0.000000e+000  0.000000e+000  0.000000e+000  0.000000e+000  0.000000e+000  0.000000e+000  0.000000e+000  0.000000e+000  0.000000e+000  0.000000e+000  0.000000e+000  0.000000e+000  0.000000e+000  0.000000e+000  0.000000e+000  
0.000000e+000  0.000000e+000  0.000000e+000  0.000000e+000  0.000000e+000  0.000000e+000  0.000000e+000  0.000000e+000  0.000000e+000  0.000000e+000  0.000000e+000  0.000000e+000  0.000000e+000  0.000000e+000  0.000000e+000  0.000000e+000  
0.000000e+000  0.000000e+000  0.000000e+000  0.000000e+000  0.000000e+000  0.000000e+000  0.000000e+000  0.000000e+000  0.000000e+000  0.000000e+000  0.000000e+000  0.000000e+000  0.000000e+000  0.000000e+000  0.000000e+000  0.000000e+000  
0.000000e+000  0.000000e+000  0.000000e+000  0.000000e+000  0.000000e+000  0.000000e+000  0.000000e+000  0.000000e+000  0.000000e+000  0.000000e+000  0.000000e+000  0.000000e+000  0.000000e+000  0.000000e+000  0.000000e+000  0.000000e+000  
0.000000e+000  0.000000e+000  0.000000e+000  0.000000e+000  0.000000e+000  0.000000e+000  0.000000e+000  0.000000e+000  0.000000e+000  0.000000e+000  0.000000e+000  0.000000e+000  0.000000e+000  0.000000e+000  0.000000e+000  0.000000e+000  
0.000000e+000  0.000000e+000  0.000000e+000  0.000000e+000  0.000000e+000  0.000000e+000  0.000000e+000  0.000000e+000  0.000000e+000  0.000000e+000  0.000000e+000  0.000000e+000  0.000000e+000  0.000000e+000  0.000000e+000  0.000000e+000  
0.000000e+000  0.000000e+000  0.000000e+000  0.000000e+000  0.000000e+000  0.000000e+000  0.000000e+000  0.000000e+000  0.000000e+000  0.000000e+000  0.000000e+000  0.000000e+000  0.000000e+000  0.000000e+000  0.000000e+000  0.000000e+000  
0.000000e+000  0.000000e+000  0.000000e+000  0.000000e+000  0.000000e+000  0.000000e+000  0.000000e+000  0.000000e+000  0.000000e+000  0.000000e+000  0.000000e+000  0.000000e+000  0.000000e+000  0.000000e+000  0.000000e+000  0.000000e+000  
0.000000e+000  0.000000e+000  0.000000e+000  0.000000e+000  0.000000e+000  0.000000e+000  0.000000e+000  0.000000e+000  0.000000e+000  0.000000e+000  0.000000e+000  0.000000e+000  0.000000e+000  0.000000e+000  0.000000e+000  0.000000e+000  
0.000000e+000  0.000000e+000  0.000000e+000  0.000000e+000  0.000000e+000  0.000000e+000  0.000000e+000  0.000000e+000  0.000000e+000  0.000000e+000  0.000000e+000  0.000000e+000  0.000000e+000  0.000000e+000  0.000000e+000  0.000000e+000  
0.000000e+000  0.000000e+000  0.000000e+000  0.000000e+000  0.000000e+000  0.000000e+000  0.000000e+000  0.000000e+000  0.000000e+000  0.000000e+000  0.000000e+000  0.000000e+000  0.000000e+000  0.000000e+000  0.000000e+000  0.000000e+000  
0.000000e+000  0.000000e+000  0.000000e+000  0.000000e+000  0.000000e+000  0.000000e+000  0.000000e+000  0.000000e+000  0.000000e+000  0.000000e+000  0.000000e+000  0.000000e+000  0.000000e+000  0.000000e+000  0.000000e+000  0.000000e+000  
0.000000e+000  0.000000e+000  0.000000e+000  0.000000e+000  0.000000e+000  0.000000e+000  0.000000e+000  0.000000e+000  0.000000e+000  0.000000e+000  0.000000e+000  0.000000e+000  0.000000e+000  0.000000e+000  0.000000e+000  0.000000e+000  
0.000000e+000  0.000000e+000  0.000000e+000  0.000000e+000  0.000000e+000  0.000000e+000  0.000000e+000  0.000000e+000  0.000000e+000  0.000000e+000  0.000000e+000  0.000000e+000  0.000000e+000  0.000000e+000  0.000000e+000  0.000000e+000  
0.000000e+000  0.000000e+000  0.000000e+000  0.000000e+000  0.000000e+000  0.000000e+000  0.000000e+000  0.000000e+000  0.000000e+000  0.000000e+000  0.000000e+000  0.000000e+000  0.000000e+000  0.000000e+000  0.000000e+000  0.000000e+000  
0.000000e+000  0.000000e+000  0.000000e+000  0.000000e+000  0.000000e+000  0.000000e+000  0.000000e+000  0.000000e+000  0.000000e+000  0.000000e+000  0.000000e+000  0.000000e+000  0.000000e+000  0.000000e+000  0.000000e+000  0.000000e+000  
0.000000e+000  0.000000e+000  0.000000e+000  0.000000e+000  0.000000e+000  0.000000e+000  0.000000e+000  0.000000e+000  0.000000e+000  0.000000e+000  0.000000e+000  0.000000e+000  0.000000e+000  0.000000e+000  0.000000e+000  0.000000e+000  
0.000000e+000  0.000000e+000  0.000000e+000  0.000000e+000  0.000000e+000  0.000000e+000  0.000000e+000  0.000000e+000  0.000000e+000  0.000000e+000  0.000000e+000  0.000000e+000  0.000000e+000  0.000000e+000  0.000000e+000  0.000000e+000  
0.000000e+000  0.000000e+000  0.000000e+000  0.000000e+000  0.000000e+000  0.000000e+000  0.000000e+000  0.000000e+000  0.000000e+000  0.000000e+000  0.000000e+000  0.000000e+000  0.000000e+000  0.000000e+000  0.000000e+000  0.000000e+000  
0.000000e+000  0.000000e+000  0.000000e+000  0.000000e+000  0.000000e+000  0.000000e+000  0.000000e+000  0.000000e+000  0.000000e+000  0.000000e+000  0.000000e+000  0.000000e+000  0.000000e+000  0.000000e+000  0.000000e+000  0.000000e+000  
0.000000e+000  0.000000e+000  0.000000e+000  0.000000e+000  0.000000e+000  0.000000e+000  0.000000e+000  0.000000e+000  0.000000e+000  0.000000e+000  0.000000e+000  0.000000e+000  0.000000e+000  0.000000e+000  0.000000e+000  0.000000e+000  
0.000000e+000  0.000000e+000  0.000000e+000  0.000000e+000  0.000000e+000  0.000000e+000  0.000000e+000  0.000000e+000  0.000000e+000  0.000000e+000  0.000000e+000  0.000000e+000  0.000000e+000  0.000000e+000  0.000000e+000  0.000000e+000  
0.000000e+000  0.000000e+000  0.000000e+000  0.000000e+000  0.000000e+000  0.000000e+000  0.000000e+000  0.000000e+000  0.000000e+000  0.000000e+000  0.000000e+000  0.000000e+000  0.000000e+000  0.000000e+000  0.000000e+000  0.000000e+000  
0.000000e+000  0.000000e+000  0.000000e+000  0.000000e+000  0.000000e+000  0.000000e+000  0.000000e+000  0.000000e+000  0.000000e+000  0.000000e+000  0.000000e+000  0.000000e+000  0.000000e+000  0.000000e+000  0.000000e+000  0.000000e+000  
0.000000e+000  0.000000e+000  0.000000e+000  0.000000e+000  0.000000e+000  0.000000e+000  0.000000e+000  0.000000e+000  0.000000e+000  0.000000e+000  0.000000e+000  0.000000e+000  0.000000e+000  0.000000e+000  0.000000e+000  0.000000e+000  
0.000000e+000  0.000000e+000  0.000000e+000  0.000000e+000  0.000000e+000  0.000000e+000  0.000000e+000  0.000000e+000  0.000000e+000  0.000000e+000  0.000000e+000  0.000000e+000  0.000000e+000  0.000000e+000  0.000000e+000  0.000000e+000  
0.000000e+000  0.000000e+000  0.000000e+000  0.000000e+000  0.000000e+000  0.000000e+000  0.000000e+000  0.000000e+000  0.000000e+000  0.000000e+000  0.000000e+000  0.000000e+000  0.000000e+000  0.000000e+000  0.000000e+000  0.000000e+000  

0.000000e+000  0.000000e+000  0.000000e+000  0.000000e+000  0.000000e+000  0.000000e+000  0.000000e+000  0.000000e+000  0.000000e+000  0.000000e+000  0.000000e+000  0.000000e+000  0.000000e+000  0.000000e+000  0.000000e+000  0.000000e+000  
0.000000e+000  0.000000e+000  0.000000e+000  0.000000e+000  0.000000e+000  0.000000e+000  0.000000e+000  0.000000e+000  0.000000e+000  0.000000e+000  0.000000e+000  0.000000e+000  0.000000e+000  0.000000e+000  0.000000e+000  0.000000e+000  
0.000000e+000  0.000000e+000  0.000000e+000  0.000000e+000  0.000000e+000  0.000000e+000  0.000000e+000  0.000000e+000  0.000000e+000  0.000000e+000  0.000000e+000  0.000000e+000  0.000000e+000  0.000000e+000  0.000000e+000  0.000000e+000  
0.000000e+000  0.000000e+000  0.000000e+000  0.000000e+000  0.000000e+000  0.000000e+000  0.000000e+000  0.000000e+000  0.000000e+000  0.000000e+000  0.000000e+000  0.000000e+000  0.000000e+000  0.000000e+000  0.000000e+000  0.000000e+000  
0.000000e+000  0.000000e+000  0.000000e+000  0.000000e+000  0.000000e+000  0.000000e+000  0.000000e+000  0.000000e+000  0.000000e+000  0.000000e+000  0.000000e+000  0.000000e+000  0.000000e+000  0.000000e+000  0.000000e+000  0.000000e+000  
0.000000e+000  0.000000e+000  0.000000e+000  0.000000e+000  0.000000e+000  0.000000e+000  0.000000e+000  0.000000e+000  0.000000e+000  0.000000e+000  0.000000e+000  0.000000e+000  0.000000e+000  0.000000e+000  0.000000e+000  0.000000e+000  
0.000000e+000  0.000000e+000  0.000000e+000  0.000000e+000  0.000000e+000  0.000000e+000  0.000000e+000  0.000000e+000  0.000000e+000  0.000000e+000  0.000000e+000  0.000000e+000  0.000000e+000  0.000000e+000  0.000000e+000  0.000000e+000  
0.000000e+000  0.000000e+000  0.000000e+000  0.000000e+000  0.000000e+000  0.000000e+000  0.000000e+000  0.000000e+000  0.000000e+000  0.000000e+000  0.000000e+000  0.000000e+000  0.000000e+000  0.000000e+000  0.000000e+000  0.000000e+000  
0.000000e+000  0.000000e+000  0.000000e+000  0.000000e+000  0.000000e+000  0.000000e+000  0.000000e+000  0.000000e+000  0.000000e+000  0.000000e+000  0.000000e+000  0.000000e+000  0.000000e+000  0.000000e+000  0.000000e+000  0.000000e+000  
0.000000e+000  0.000000e+000  0.000000e+000  0.000000e+000  0.000000e+000  0.000000e+000  0.000000e+000  0.000000e+000  0.000000e+000  0.000000e+000  0.000000e+000  0.000000e+000  0.000000e+000  0.000000e+000  0.000000e+000  0.000000e+000  
0.000000e+000  0.000000e+000  0.000000e+000  0.000000e+000  0.000000e+000  0.000000e+000  0.000000e+000  0.000000e+000  0.000000e+000  0.000000e+000  0.000000e+000  0.000000e+000  0.000000e+000  0.000000e+000  0.000000e+000  0.000000e+000  
0.000000e+000  0.000000e+000  0.000000e+000  0.000000e+000  0.000000e+000  0.000000e+000  0.000000e+000  0.000000e+000  0.000000e+000  0.000000e+000  0.000000e+000  0.000000e+000  0.000000e+000  0.000000e+000  0.000000e+000  0.000000e+000  
0.000000e+000  0.000000e+000  0.000000e+000  0.000000e+000  0.000000e+000  0.000000e+000  0.000000e+000  0.000000e+000  0.000000e+000  0.000000e+000  0.000000e+000  0.000000e+000  0.000000e+000  0.000000e+000  0.000000e+000  0.000000e+000  
0.000000e+000  0.000000e+000  0.000000e+000  0.000000e+000  0.000000e+000  0.000000e+000  0.000000e+000  0.000000e+000  0.000000e+000  0.000000e+000  0.000000e+000  0.000000e+000  0.000000e+000  0.000000e+000  0.000000e+000  0.000000e+000  
0.000000e+000  0.000000e+000  0.000000e+000  0.000000e+000  0.000000e+000  0.000000e+000  0.000000e+000  0.000000e+000  0.000000e+000  0.000000e+000  0.000000e+000  0.000000e+000  0.000000e+000  0.000000e+000  0.000000e+000  0.000000e+000  
0.000000e+000  0.000000e+000  0.000000e+000  0.000000e+000  0.000000e+000  0.000000e+000  0.000000e+000  0.000000e+000  0.000000e+000  0.000000e+000  0.000000e+000  0.000000e+000  0.000000e+000  0.000000e+000  0.000000e+000  0.000000e+000  
0.000000e+000  0.000000e+000  0.000000e+000  0.000000e+000  0.000000e+000  0.000000e+000  0.000000e+000  0.000000e+000  0.000000e+000  0.000000e+000  0.000000e+000  0.000000e+000  0.000000e+000  0.000000e+000  0.000000e+000  0.000000e+000  
0.000000e+000  0.000000e+000  0.000000e+000  0.000000e+000  0.000000e+000  0.000000e+000  0.000000e+000  0.000000e+000  0.000000e+000  0.000000e+000  0.000000e+000  0.000000e+000  0.000000e+000  0.000000e+000  0.000000e+000  0.000000e+000  
0.000000e+000  0.000000e+000  0.000000e+000  0.000000e+000  0.000000e+000  0.000000e+000  0.000000e+000  0.000000e+000  0.000000e+000  0.000000e+000  0.000000e+000  0.000000e+000  0.000000e+000  0.000000e+000  0.000000e+000  0.000000e+000  
0.000000e+000  0.000000e+000  0.000000e+000  0.000000e+000  0.000000e+000  0.000000e+000  0.000000e+000  0.000000e+000  0.000000e+000  0.000000e+000  0.000000e+000  0.000000e+000  0.000000e+000  0.000000e+000  0.000000e+000  0.000000e+000  
0.000000e+000  0.000000e+000  0.000000e+000  0.000000e+000  0.000000e+000  0.000000e+000  0.000000e+000  0.000000e+000  0.000000e+000  0.000000e+000  0.000000e+000  0.000000e+000  0.000000e+000  0.000000e+000  0.000000e+000  0.000000e+000  
0.000000e+000  0.000000e+000  0.000000e+000  0.000000e+000  0.000000e+000  0.000000e+000  0.000000e+000  0.000000e+000  0.000000e+000  0.000000e+000  0.000000e+000  0.000000e+000  0.000000e+000  0.000000e+000  0.000000e+000  0.000000e+000  
0.000000e+000  0.000000e+000  0.000000e+000  0.000000e+000  0.000000e+000  0.000000e+000  0.000000e+000  0.000000e+000  0.000000e+000  0.000000e+000  0.000000e+000  0.000000e+000  0.000000e+000  0.000000e+000  0.000000e+000  0.000000e+000  
0.000000e+000  0.000000e+000  0.000000e+000  0.000000e+000  0.000000e+000  0.000000e+000  0.000000e+000  0.000000e+000  0.000000e+000  0.000000e+000  0.000000e+000  0.000000e+000  0.000000e+000  0.000000e+000  0.000000e+000  0.000000e+000  
0.000000e+000  0.000000e+000  0.000000e+000  0.000000e+000  0.000000e+000  0.000000e+000  0.000000e+000  0.000000e+000  0.000000e+000  0.000000e+000  0.000000e+000  0.000000e+000  0.000000e+000  0.000000e+000  0.000000e+000  0.000000e+000  
0.000000e+000  0.000000e+000  0.000000e+000  0.000000e+000  0.000000e+000  0.000000e+000  0.000000e+000  0.000000e+000  0.000000e+000  0.000000e+000  0.000000e+000  0.000000e+000  0.000000e+000  0.000000e+000  0.000000e+000  0.000000e+000  
0.000000e+000  0.000000e+000  0.000000e+000  0.000000e+000  0.000000e+000  0.000000e+000  0.000000e+000  0.000000e+000  0.000000e+000  0.000000e+000  0.000000e+000  0.000000e+000  0.000000e+000  0.000000e+000  0.000000e+000  0.000000e+000  

-0.000000e+000  4.690801e-010  1.418068e-009  1.785102e-009  3.001414e-009  3.861005e-009  5.575928e-009  -3.300589e-009  -1.157867e-008  -1.992255e-008  -1.324493e-008  1.135294e-008  2.060453e-008  1.341285e-008  6.794616e-009  -0.000000e+000  
-0.000000e+000  8.063100e-010  8.128818e-010  1.963583e-009  2.337171e-009  3.604396e-009  4.559705e-009  -3.555460e-009  -1.162195e-008  -1.994488e-008  -1.228277e-008  1.031357e-008  2.010162e-008  1.317427e-008  6.110186e-009  -0.000000e+000  
-0.000000e+000  1.873673e-010  9.216687e-010  1.306974e-009  2.163071e-009  2.549819e-009  2.357182e-009  -3.773129e-009  -1.117882e-008  -1.983630e-008  -1.017344e-008  7.949223e-009  1.957212e-008  1.166186e-008  5.714843e-009  -0.000000e+000  
-0.000000e+000  -0.000000e+000  -0.000000e+000  1.974680e-010  8.054793e-010  2.212606e-009  4.592711e-009  -1.318546e-009  -6.186545e-009  -1.059001e-008  -1.362161e-008  1.032553e-008  8.559987e-009  5.411950e-009  2.585064e-009  -0.000000e+000  
-0.000000e+000  -2.902098e-009  -5.947920e-009  -9.555942e-009  -1.388311e-008  -1.940066e-008  -2.648112e-008  -1.405692e-008  -2.942268e-009  8.149351e-009  -1.150249e-008  5.474161e-009  -1.920705e-008  -1.158091e-008  -5.416182e-009  -0.000000e+000  
-0.000000e+000  -0.000000e+000  -0.000000e+000  -0.000000e+000  -0.000000e+000  -0.000000e+000  -1.176581e-010  2.553173e-010  5.772022e-010  9.358469e-010  -6.483464e-010  5.620384e-010  -9.012564e-010  -5.566766e-010  -2.607728e-010  -0.000000e+000  
-0.000000e+000  3.062275e-009  6.313653e-009  1.011087e-008  1.469950e-008  2.054014e-008  2.816723e-008  1.519058e-008  3.672390e-009  -7.810234e-009  1.046853e-008  -4.751219e-009  1.908376e-008  1.152481e-008  5.416544e-009  -0.000000e+000  
-0.000000e+000  -0.000000e+000  -2.566927e-010  -7.057085e-010  -1.585168e-009  -3.287810e-009  -6.098724e-009  -9.539601e-011  4.818332e-009  9.285913e-009  1.249195e-008  -1.027551e-008  -8.260569e-009  -5.190210e-009  -2.500527e-009  -0.000000e+000  
-0.000000e+000  -6.111789e-010  -1.075426e-009  -2.000013e-009  -2.442663e-009  -3.138464e-009  -2.572585e-009  2.130623e-009  8.655856e-009  1.774112e-008  7.232217e-009  -6.596680e-009  -1.870111e-008  -1.074149e-008  -4.909333e-009  -0.000000e+000  
-0.000000e+000  -8.077784e-010  -1.685841e-009  -1.949759e-009  -3.336299e-009  -4.270364e-009  -6.562744e-009  1.182117e-009  8.280694e-009  1.579501e-008  1.041986e-008  -9.948530e-009  -1.743014e-008  -1.066846e-008  -5.342428e-009  -0.000000e+000  
-0.000000e+000  -6.713118e-010  -1.194612e-009  -2.834966e-009  -3.204148e-009  -5.350691e-009  -7.675766e-009  -1.568746e-010  6.609395e-009  1.397346e-008  1.241928e-008  -1.240535e-008  -1.588438e-008  -1.029097e-008  -4.255131e-009  -0.000000e+000  
-0.000000e+000  2.081178e-010  -3.187937e-009  -5.933240e-010  -4.630257e-009  -2.304804e-009  -4.486688e-009  9.366630e-010  4.076875e-009  6.763670e-009  1.432561e-008  -1.399365e-008  -9.509391e-009  -5.327348e-009  -5.359108e-009  -0.000000e+000  
-0.000000e+000  -2.968097e-009  1.033656e-009  -4.039368e-009  -1.898396e-009  -3.594075e-009  -7.845285e-010  -1.465237e-010  5.428392e-009  5.421329e-009  1.532893e-008  -1.678730e-008  -6.668235e-009  -8.471655e-009  -2.978557e-009  -0.000000e+000  
-0.000000e+000  9.999158e-010  -2.907597e-009  -7.892481e-010  -2.589164e-009  -3.069099e-009  -2.222271e-009  1.276050e-009  3.080185e-009  4.341592e-009  1.603729e-008  -1.529977e-008  -7.734576e-009  -7.115147e-009  -3.447546e-009  -0.000000e+000  
-0.000000e+000  -9.470816e-010  -1.888594e-009  -3.115431e-009  -3.588260e-009  -3.809001e-009  -3.288504e-009  1.096179e-009  4.241119e-009  8.132368e-009  1.394727e-008  -1.541154e-008  -9.231907e-009  -6.839757e-009  -4.698571e-009  -0.000000e+000  
-0.000000e+000  -8.976952e-010  -1.143738e-009  -2.448512e-009  -3.123075e-009  -4.764768e-009  -8.105579e-009  -1.348128e-010  6.984483e-009  1.352063e-008  1.243478e-008  -1.216619e-008  -1.570497e-008  -9.768111e-009  -4.533219e-009  -0.000000e+000  
-0.000000e+000  -9.136415e-010  -1.479071e-009  -2.061455e-009  -3.425393e-009  -4.568759e-009  -5.997962e-009  8.425834e-010  8.024175e-009  1.596792e-008  1.042835e-008  -1.003133e-008  -1.759240e-008  -1.063938e-008  -5.207981e-009  -0.000000e+000  
-0.000000e+000  -3.000349e-010  -1.174509e-009  -1.863794e-009  -2.362679e-009  -3.209742e-009  -2.964309e-009  2.180982e-009  8.723884e-009  1.768269e-008  7.214823e-009  -6.426320e-009  -1.875169e-008  -1.083078e-008  -4.747233e-009  -0.000000e+000  
-0.000000e+000  -0.000000e+000  -2.074487e-010  -6.904814e-010  -1.589762e-009  -3.231274e-009  -6.164800e-009  -8.863394e-011  4.821203e-009  9.318967e-009  1.248850e-008  -1.029074e-008  -8.239470e-009  -5.172460e-009  -2.512807e-009  -0.000000e+000  
-0.000000e+000  3.031079e-009  6.320195e-009  1.007494e-008  1.471516e-008  2.053342e-008  2.818479e-008  1.523808e-008  3.711750e-009  -7.819085e-009  1.049510e-008  -4.749181e-009  1.909160e-008  1.151961e-008  5.416938e-009  -0.000000e+000  
-0.000000e+000  -0.000000e+000  -0.000000e+000  -0.000000e+000  -0.000000e+000  -0.000000e+000  -1.129844e-010  2.135837e-010  5.535512e-010  9.281644e-010  -6.470014e-010  5.700345e-010  -9.196244e-010  -5.525531e-010  -2.540010e-010  -0.000000e+000  
-0.000000e+000  -2.841856e-009  -5.958546e-009  -9.516134e-009  -1.395316e-008  -1.939608e-008  -2.652109e-008  -1.407757e-008  -2.981437e-009  8.148852e-009  -1.151704e-008  5.477529e-009  -1.914790e-008  -1.166052e-008  -5.530882e-009  -0.000000e+000  
-0.000000e+000  -1.314185e-010  -7.980246e-011  1.360649e-010  9.065255e-010  2.214306e-009  4.645418e-009  -1.301478e-009  -6.133832e-009  -1.057677e-008  -1.363992e-008  1.028491e-008  8.515428e-009  5.440486e-009  2.640810e-009  -0.000000e+000  
-0.000000e+000  4.021409e-010  7.051018e-010  1.523455e-009  2.098155e-009  2.289353e-009  2.615791e-009  -3.844709e-009  -1.122086e-008  -1.998410e-008  -1.011111e-008  8.141753e-009  1.959830e-008  1.186138e-008  5.869371e-009  -0.000000e+000  
-0.000000e+000  5.597795e-010  1.197739e-009  1.730521e-009  2.201455e-009  3.985326e-009  4.236232e-009  -3.440037e-009  -1.167541e-008  -1.988390e-008  -1.225808e-008  1.030036e-008  2.004336e-008  1.324041e-008  6.279491e-009  -0.000000e+000  
-0.000000e+000  5.830522e-010  1.210352e-009  1.856682e-009  3.059259e-009  3.691204e-009  5.688515e-009  -3.269438e-009  -1.153931e-008  -1.990822e-008  -1.325175e-008  1.127588e-008  2.059347e-008  1.333977e-008  6.648476e-009  -0.000000e+000  
-0.000000e+000  -0.000000e+000  -0.000000e+000  -0.000000e+000  -0.000000e+000  -0.000000e+000  -0.000000e+000  -0.000000e+000  -0.000000e+000  -0.000000e+000  -0.000000e+000  -0.000000e+000  -0.000000e+000  -0.000000e+000  -0.000000e+000  -0.000000e+000  

-0.000000e+000  -0.000000e+000  -0.000000e+000  -0.000000e+000  -0.000000e+000  -0.000000e+000  -0.000000e+000  -0.000000e+000  -0.000000e+000  -0.000000e+000  -0.000000e+000  -0.000000e+000  -0.000000e+000  -0.000000e+000  -0.000000e+000  -0.000000e+000  
-1.381754e-001  -1.381754e-001  -1.381754e-001  -1.381754e-001  -1.381754e-001  -1.381754e-001  -1.381754e-001  -1.381754e-001  -1.381754e-001  -1.381754e-001  -1.381754e-001  -1.381754e-001  -1.381754e-001  -1.381754e-001  -1.381754e-001  -0.000000e+000  
-2.745538e-001  -2.745538e-001  -2.745538e-001  -2.745538e-001  -2.745538e-001  -2.745538e-001  -2.745538e-001  -2.745538e-001  -2.745538e-001  -2.745538e-001  -2.745538e-001  -2.745538e-001  -2.745538e-001  -2.745538e-001  -2.745538e-001  -0.000000e+000  
-4.073615e-001  -4.073615e-001  -4.073615e-001  -4.073615e-001  -4.073615e-001  -4.073615e-001  -4.073615e-001  -4.073615e-001  -4.073615e-001  -4.073615e-001  -4.073615e-001  -4.073615e-001  -4.073615e-001  -4.073615e-001  -4.073615e-001  -0.000000e+000  
-8.572156e-001  -8.572156e-001  -8.572156e-001  -8.572156e-001  -8.572156e-001  -8.572156e-001  -8.572156e-001  -8.572156e-001  -8.572156e-001  -8.572156e-001  -8.572156e-001  -8.572156e-001  -8.572156e-001  -8.572156e-001  -8.572156e-001  -0.000000e+000  
-1.181290e+000  -1.181290e+000  -1.181290e+000  -1.181290e+000  -1.181290e+000  -1.181290e+000  -1.181290e+000  -1.181290e+000  -1.181290e+000  -1.181290e+000  -1.181290e+000  -1.181290e+000  -1.181290e+000  -1.181290e+000  -1.181290e+000  -0.000000e+000  
-1.221969e+000  -1.221969e+000  -1.221969e+000  -1.221969e+000  -1.221969e+000  -1.221969e+000  -1.221969e+000  -1.221969e+000  -1.221969e+000  -1.221969e+000  -1.221969e+000  -1.221969e+000  -1.221968e+000  -1.221968e+000  -1.221968e+000  -0.000000e+000  
-9.694917e-001  -9.694917e-001  -9.694917e-001  -9.694917e-001  -9.694918e-001  -9.694918e-001  -9.694918e-001  -9.694918e-001  -9.694918e-001  -9.694918e-001  -9.694917e-001  -9.694918e-001  -9.694918e-001  -9.694918e-001  -9.694918e-001  -0.000000e+000  
-5.600527e-001  -5.600527e-001  -5.600527e-001  -5.600527e-001  -5.600527e-001  -5.600527e-001  -5.600527e-001  -5.600527e-001  -5.600527e-001  -5.600527e-001  -5.600527e-001  -5.600527e-001  -5.600527e-001  -5.600527e-001  -5.600527e-001  -0.000000e+000  
-4.333409e-001  -4.333409e-001  -4.333409e-001  -4.333409e-001  -4.333409e-001  -4.333409e-001  -4.333409e-001  -4.333409e-001  -4.333409e-001  -4.333409e-001  -4.333409e-001  -4.333409e-001  -4.333409e-001  -4.333409e-001  -4.333409e-001  -0.000000e+000  
-3.009933e-001  -3.009933e-001  -3.009933e-001  -3.009933e-001  -3.009933e-001  -3.009933e-001  -3.009933e-001  -3.009933e-001  -3.009933e-001  -3.009933e-001  -3.009933e-001  -3.009933e-001  -3.009933e-001  -3.009933e-001  -3.009933e-001  -0.000000e+000  
-1.647311e-001  -1.647311e-001  -1.647311e-001  -1.647311e-001  -1.647311e-001  -1.647311e-001  -1.647311e-001  -1.647311e-001  -1.647311e-001  -1.647311e-001  -1.647311e-001  -1.647311e-001  -1.647311e-001  -1.647311e-001  -1.647311e-001  -0.000000e+000  
-8.255600e-002  -8.255599e-002  -8.255600e-002  -8.255599e-002  -8.255600e-002  -8.255599e-002  -8.255600e-002  -8.255599e-002  -8.255600e-002  -8.255600e-002  -8.255600e-002  -8.255600e-002  -8.255600e-002  -8.255599e-002  -8.255599e-002  -0.000000e+000  
8.501921e-010  -1.621865e-009  1.237336e-009  -3.021096e-010  -2.775066e-010  -1.946299e-010  6.275532e-010  -9.357144e-010  4.596942e-010  -0.000000e+000  -0.000000e+000  -0.000000e+000  4.201668e-010  -1.827905e-010  -0.000000e+000  -0.000000e+000  
8.255600e-002  8.255600e-002  8.255600e-002  8.255600e-002  8.255600e-002  8.255599e-002  8.255600e-002  8.255600e-002  8.255600e-002  8.255600e-002  8.255600e-002  8.255600e-002  8.255600e-002  8.255599e-002  8.255599e-002  -0.000000e+000  
1.647311e-001  1.647311e-001  1.647311e-001  1.647311e-001  1.647311e-001  1.647311e-001  1.647311e-001  1.647311e-001  1.647311e-001  1.647311e-001  1.647311e-001  1.647311e-001  1.647311e-001  1.647311e-001  1.647311e-001  -0.000000e+000  
3.009933e-001  3.009933e-001  3.009933e-001  3.009933e-001  3.009933e-001  3.009933e-001  3.009933e-001  3.009933e-001  3.009933e-001  3.009933e-001  3.009933e-001  3.009933e-001  3.009933e-001  3.009933e-001  3.009933e-001  -0.000000e+000  
4.333409e-001  4.333409e-001  4.333409e-001  4.333409e-001  4.333409e-001  4.333409e-001  4.333409e-001  4.333409e-001  4.333409e-001  4.333409e-001  4.333409e-001  4.333409e-001  4.333409e-001  4.333409e-001  4.333409e-001  -0.000000e+000  
5.600527e-001  5.600527e-001  5.600527e-001  5.600527e-001  5.600527e-001  5.600527e-001  5.600527e-001  5.600527e-001  5.600527e-001  5.600527e-001  5.600527e-001  5.600527e-001  5.600527e-001  5.600527e-001  5.600527e-001  -0.000000e+000  
9.694917e-001  9.694917e-001  9.694917e-001  9.694917e-001  9.694918e-001  9.694918e-001  9.694918e-001  9.694918e-001  9.694918e-001  9.694918e-001  9.694917e-001  9.694918e-001  9.694918e-001  9.694918e-001  9.694918e-001  -0.000000e+000  
1.221969e+000  1.221969e+000  1.221969e+000  1.221969e+000  1.221969e+000  1.221969e+000  1.221969e+000  1.221969e+000  1.221969e+000  1.221969e+000  1.221969e+000  1.221969e+000  1.221968e+000  1.221968e+000  1.221968e+000  -0.000000e+000  
1.181290e+000  1.181290e+000  1.181290e+000  1.181290e+000  1.181290e+000  1.181290e+000  1.181290e+000  1.181290e+000  1.181290e+000  1.181290e+000  1.181290e+000  1.181290e+000  1.181290e+000  1.181290e+000  1.181290e+000  -0.000000e+000  
8.572156e-001  8.572156e-001  8.572156e-001  8.572156e-001  8.572156e-001  8.572156e-001  8.572156e-001  8.572156e-001  8.572156e-001  8.572156e-001  8.572156e-001  8.572156e-001  8.572156e-001  8.572156e-001  8.572156e-001  -0.000000e+000  
4.073615e-001  4.073615e-001  4.073615e-001  4.073615e-001  4.073615e-001  4.073615e-001  4.073615e-001  4.073615e-001  4.073615e-001  4.073615e-001  4.073615e-001  4.073615e-001  4.073615e-001  4.073615e-001  4.073615e-001  -0.000000e+000  
2.745538e-001  2.745538e-001  2.745538e-001  2.745538e-001  2.745538e-001  2.745538e-001  2.745538e-001  2.745538e-001  2.745538e-001  2.745538e-001  2.745538e-001  2.745538e-001  2.745538e-001  2.745538e-001  2.745538e-001  -0.000000e+000  
1.381754e-001  1.381754e-001  1.381754e-001  1.381754e-001  1.381754e-001  1.381754e-001  1.381754e-001  1.381754e-001  1.381754e-001  1.381754e-001  1.381754e-001  1.381754e-001  1.381754e-001  1.381754e-001  1.381754e-001  -0.000000e+000  
-0.000000e+000  -0.000000e+000  -0.000000e+000  -0.000000e+000  -0.000000e+000  -0.000000e+000  -0.000000e+000  -0.000000e+000  -0.000000e+000  -0.000000e+000  -0.000000e+000  -0.000000e+000  -0.000000e+000  -0.000000e+000  -0.000000e+000  -0.000000e+000  

1.692712e+000  1.692712e+000  1.692712e+000  1.692712e+000  1.692712e+000  1.692712e+000  1.692712e+000  1.692712e+000  1.692712e+000  1.692712e+000  1.692712e+000  1.692712e+000  1.692712e+000  1.692712e+000  1.692712e+000  0.000000e+000  
1.670697e+000  1.670697e+000  1.670697e+000  1.670697e+000  1.670697e+000  1.670697e+000  1.670697e+000  1.670697e+000  1.670697e+000  1.670697e+000  1.670697e+000  1.670697e+000  1.670697e+000  1.670697e+000  1.670697e+000  0.000000e+000  
1.626955e+000  1.626955e+000  1.626955e+000  1.626955e+000  1.626955e+000  1.626955e+000  1.626955e+000  1.626955e+000  1.626955e+000  1.626955e+000  1.626955e+000  1.626955e+000  1.626955e+000  1.626955e+000  1.626955e+000  0.000000e+000  
1.473105e+000  1.473105e+000  1.473105e+000  1.473105e+000  1.473105e+000  1.473105e+000  1.473105e+000  1.473105e+000  1.473105e+000  1.473105e+000  1.473105e+000  1.473105e+000  1.473105e+000  1.473105e+000  1.473105e+000  0.000000e+000  
9.243571e-001  9.243571e-001  9.243571e-001  9.243571e-001  9.243571e-001  9.243571e-001  9.243571e-001  9.243571e-001  9.243571e-001  9.243571e-001  9.243571e-001  9.243571e-001  9.243571e-001  9.243571e-001  9.243571e-001  0.000000e+000  
1.160268e-001  1.160268e-001  1.160268e-001  1.160268e-001  1.160268e-001  1.160268e-001  1.160268e-001  1.160268e-001  1.160268e-001  1.160268e-001  1.160268e-001  1.160268e-001  1.160268e-001  1.160268e-001  1.160268e-001  0.000000e+000  
-7.201389e-001  -7.201389e-001  -7.201389e-001  -7.201389e-001  -7.201389e-001  -7.201389e-001  -7.201389e-001  -7.201389e-001  -7.201389e-001  -7.201389e-001  -7.201389e-001  -7.201389e-001  -7.201389e-001  -7.201389e-001  -7.201389e-001  0.000000e+000  
-1.340761e+000  -1.340761e+000  -1.340761e+000  -1.340761e+000  -1.340761e+000  -1.340761e+000  -1.340761e+000  -1.340761e+000  -1.340761e+000  -1.340761e+000  -1.340761e+000  -1.340761e+000  -1.340761e+000  -1.340761e+000  -1.340761e+000  0.000000e+000  
-1.552278e+000  -1.552278e+000  -1.552278e+000  -1.552278e+000  -1.552278e+000  -1.552278e+000  -1.552278e+000  -1.552278e+000  -1.552278e+000  -1.552278e+000  -1.552278e+000  -1.552278e+000  -1.552278e+000  -1.552278e+000  -1.552278e+000  0.000000e+000  
-1.621318e+000  -1.621318e+000  -1.621318e+000  -1.621318e+000  -1.621318e+000  -1.621318e+000  -1.621318e+000  -1.621318e+000  -1.621318e+000  -1.621318e+000  -1.621318e+000  -1.621318e+000  -1.621318e+000  -1.621318e+000  -1.621318e+000  0.000000e+000  
-1.669273e+000  -1.669273e+000  -1.669273e+000  -1.669273e+000  -1.669273e+000  -1.669273e+000  -1.669273e+000  -1.669273e+000  -1.669273e+000  -1.669273e+000  -1.669273e+000  -1.669273e+000  -1.669273e+000  -1.669273e+000  -1.669273e+000  0.000000e+000  
-1.690212e+000  -1.690212e+000  -1.690212e+000  -1.690212e+000  -1.690212e+000  -1.690212e+000  -1.690212e+000  -1.690212e+000  -1.690212e+000  -1.690212e+000  -1.690212e+000  -1.690212e+000  -1.690212e+000  -1.690212e+000  -1.690212e+000  0.000000e+000  
-1.698045e+000  -1.698045e+000  -1.698045e+000  -1.698045e+000  -1.698045e+000  -1.698045e+000  -1.698045e+000  -1.698045e+000  -1.698045e+000  -1.698045e+000  -1.698045e+000  -1.698045e+000  -1.698045e+000  -1.698045e+000  -1.698045e+000  0.000000e+000  
-1.698045e+000  -1.698045e+000  -1.698045e+000  -1.698045e+000  -1.698045e+000  -1.698045e+000  -1.698045e+000  -1.698045e+000  -1.698045e+000  -1.698045e+000  -1.698045e+000  -1.698045e+000  -1.698045e+000  -1.698045e+000  -1.698045e+000  0.000000e+000  
-1.690212e+000  -1.690212e+000  -1.690212e+000  -1.690212e+000  -1.690212e+000  -1.690212e+000  -1.690212e+000  -1.690212e+000  -1.690212e+000  -1.690212e+000  -1.690212e+000  -1.690212e+000  -1.690212e+000  -1.690212e+000  -1.690212e+000  0.000000e+000  
-1.669273e+000  -1.669273e+000  -1.669273e+000  -1.669273e+000  -1.669273e+000  -1.669273e+000  -1.669273e+000  -1.669273e+000  -1.669273e+000  -1.669273e+000  -1.669273e+000  -1.669273e+000  -1.669273e+000  -1.669273e+000  -1.669273e+000  0.000000e+000  
-1.621318e+000  -1.621318e+000  -1.621318e+000  -1.621318e+000  -1.621318e+000  -1.621318e+000  -1.621318e+000  -1.621318e+000  -1.621318e+000  -1.621318e+000  -1.621318e+000  -1.621318e+000  -1.621318e+000  -1.621318e+000  -1.621318e+000  0.000000e+000  
-1.552278e+000  -1.552278e+000  -1.552278e+000  -1.552278e+000  -1.552278e+000  -1.552278e+000  -1.552278e+000  -1.552278e+000  -1.552278e+000  -1.552278e+000  -1.552278e+000  -1.552278e+000  -1.552278e+000  -1.552278e+000  -1.552278e+000  0.000000e+000  
-1.340761e+000  -1.340761e+000  -1.340761e+000  -1.340761e+000  -1.340761e+000  -1.340761e+000  -1.340761e+000  -1.340761e+000  -1.340761e+000  -1.340761e+000  -1.340761e+000  -1.340761e+000  -1.340761e+000  -1.340761e+000  -1.340761e+000  0.000000e+000  
-7.201389e-001  -7.201389e-001  -7.201389e-001  -7.201389e-001  -7.201389e-001  -7.201389e-001  -7.201389e-001  -7.201389e-001  -7.201389e-001  -7.201389e-001  -7.201389e-001  -7.201389e-001  -7.201389e-001  -7.201389e-001  -7.201389e-001  0.000000e+000  
1.160268e-001  1.160268e-001  1.160268e-001  1.160268e-001  1.160268e-001  1.160268e-001  1.160268e-001  1.160268e-001  1.160268e-001  1.160268e-001  1.160268e-001  1.160268e-001  1.160268e-001  1.160268e-001  1.160268e-001  0.000000e+000  
9.243571e-001  9.243571e-001  9.243571e-001  9.243571e-001  9.243571e-001  9.243571e-001  9.243571e-001  9.243571e-001  9.243571e-001  9.243571e-001  9.243571e-001  9.243571e-001  9.243571e-001  9.243571e-001  9.243571e-001  0.000000e+000  
1.473105e+000  1.473105e+000  1.473105e+000  1.473105e+000  1.473105e+000  1.473105e+000  1.473105e+000  1.473105e+000  1.473105e+000  1.473105e+000  1.473105e+000  1.473105e+000  1.473105e+000  1.473105e+000  1.473105e+000  0.000000e+000  
1.626955e+000  1.626955e+000  1.626955e+000  1.626955e+000  1.626955e+000  1.626955e+000  1.626955e+000  1.626955e+000  1.626955e+000  1.626955e+000  1.626955e+000  1.626955e+000  1.626955e+000  1.626955e+000  1.626955e+000  0.000000e+000  
1.670697e+000  1.670697e+000  1.670697e+000  1.670697e+000  1.670697e+000  1.670697e+000  1.670697e+000  1.670697e+000  1.670697e+000  1.670697e+000  1.670697e+000  1.670697e+000  1.670697e+000  1.670697e+000  1.670697e+000  0.000000e+000  
1.692712e+000  1.692712e+000  1.692712e+000  1.692712e+000  1.692712e+000  1.692712e+000  1.692712e+000  1.692712e+000  1.692712e+000  1.692712e+000  1.692712e+000  1.692712e+000  1.692712e+000  1.692712e+000  1.692712e+000  0.000000e+000  
0.000000e+000  0.000000e+000  0.000000e+000  0.000000e+000  0.000000e+000  0.000000e+000  0.000000e+000  0.000000e+000  0.000000e+000  0.000000e+000  0.000000e+000  0.000000e+000  0.000000e+000  0.000000e+000  0.000000e+000  0.000000e+000  

