Port monitor named: Port2_e3[2.2].prt

nx        = 71
ny        = 23
nz        = 31

nu        = 16
nv        = 27
iu        = 3
iv        = 3

idir      = 0
dcut      = 5.114300e-001
icut      = 71
type      = 0
frequency = 2.200000e+009

fcutoff   = 3.942260e+009
alpha     = 6.855059e+001
beta      = 0.000000e+000
accuracy  = 8.679037e-010

type          = TE
wave imp.     = 2.533968e+002
wave imp.sig. = 6.528640e-006
line imp.     = 0.000000e+000

ref. port     = 0

-0.000000e+000  -0.000000e+000  -0.000000e+000  -0.000000e+000  -0.000000e+000  -0.000000e+000  -0.000000e+000  -0.000000e+000  -0.000000e+000  -0.000000e+000  -0.000000e+000  -0.000000e+000  -0.000000e+000  -0.000000e+000  -0.000000e+000  -0.000000e+000  
4.602889e-007  3.750063e-007  2.107052e-007  -2.365498e-008  -2.980774e-007  -5.559460e-007  -7.656188e-007  -1.251556e-006  -1.776509e-006  -2.328770e-006  -4.370620e-007  7.931258e-007  8.932275e-007  8.347283e-007  7.912105e-007  -0.000000e+000  
1.017222e-006  8.439478e-007  5.015883e-007  -0.000000e+000  -6.050634e-007  -1.188818e-006  -1.242244e-006  -2.439063e-006  -3.791746e-006  -4.836520e-006  -8.203864e-007  1.656194e-006  1.869372e-006  1.657786e-006  1.516345e-006  -0.000000e+000  
1.769022e-006  1.505258e-006  9.753087e-007  1.671844e-007  -9.490436e-007  -2.449640e-006  -5.439408e-007  -3.406695e-006  -6.633896e-006  -7.706165e-006  -1.082773e-006  2.654718e-006  3.129562e-006  2.366500e-006  2.078625e-006  -0.000000e+000  
-4.712207e-006  -5.002388e-006  -5.593917e-006  -6.507526e-006  -7.776841e-006  -9.446631e-006  -9.087153e-006  -5.996915e-006  -2.374274e-006  3.663867e-006  -8.193414e-007  -2.627161e-006  3.157910e-006  5.258127e-006  6.261800e-006  -0.000000e+000  
-1.719863e-006  -1.762669e-006  -1.832432e-006  -1.919573e-006  -1.985523e-006  -1.974394e-006  -1.805224e-006  -1.423123e-006  -9.406278e-007  9.491986e-008  -3.488357e-007  -4.469924e-007  3.874909e-007  6.947765e-007  8.636165e-007  -0.000000e+000  
2.918180e-006  2.921370e-006  2.925085e-006  2.906935e-006  2.842579e-006  2.687771e-006  2.346712e-006  1.784276e-006  1.125184e-006  -2.798621e-007  -2.078714e-007  -3.081358e-007  -1.186641e-006  -1.504893e-006  -1.678238e-006  -0.000000e+000  
6.364496e-006  6.583435e-006  7.031349e-006  7.740402e-006  8.757668e-006  1.016019e-005  9.510999e-006  6.144528e-006  2.289202e-006  -4.124764e-006  2.142135e-007  1.971332e-006  -3.776456e-006  -5.874390e-006  -6.883815e-006  -0.000000e+000  
1.187300e-006  1.262692e-006  1.419368e-006  1.689992e-006  2.152434e-006  2.950070e-006  3.571135e-007  2.566238e-006  5.395706e-006  6.585486e-006  5.333390e-007  -3.159312e-006  -3.325578e-006  -2.557433e-006  -2.302583e-006  -0.000000e+000  
2.704158e-006  2.646731e-006  2.527310e-006  2.296085e-006  1.948483e-006  1.464521e-006  6.949002e-007  7.723059e-007  1.228420e-006  3.518465e-006  3.996020e-007  -2.183319e-006  -1.637687e-006  -1.629911e-006  -1.696169e-006  -0.000000e+000  
4.228764e-006  4.073761e-006  3.703076e-006  3.022457e-006  1.864178e-006  2.711022e-007  1.000555e-007  -1.420590e-006  -3.549126e-006  9.359919e-007  2.196720e-007  -1.440835e-006  3.235951e-007  -5.915852e-007  -1.121773e-006  -0.000000e+000  
5.869488e-006  5.678936e-006  5.214443e-006  4.280486e-006  2.286351e-006  -2.731904e-006  8.816765e-007  -2.990055e-006  -1.248707e-005  -1.005196e-006  9.746692e-008  -1.037288e-006  4.027595e-006  5.728406e-008  -1.059654e-006  -0.000000e+000  
2.918010e-006  2.808657e-006  2.552203e-006  2.037256e-006  9.771469e-007  -8.108736e-007  -3.588147e-008  -1.802586e-006  -5.258040e-006  -6.067152e-007  4.020381e-008  -4.565680e-007  1.607096e-006  1.872859e-007  -4.171178e-007  -0.000000e+000  
-4.971112e-009  -7.879653e-009  -5.495668e-009  -1.373189e-008  -4.369945e-009  -8.236163e-009  -1.063310e-008  -6.440696e-009  -1.142132e-008  -0.000000e+000  7.853940e-009  1.694312e-008  2.017173e-008  2.007057e-008  1.589748e-008  -0.000000e+000  
-2.935309e-006  -2.829966e-006  -2.573353e-006  -2.047405e-006  -1.005454e-006  7.861778e-007  1.889766e-008  1.786466e-006  5.254702e-006  6.069228e-007  -1.957739e-008  4.903942e-007  -1.564182e-006  -1.503658e-007  4.516905e-007  -0.000000e+000  
-5.886901e-006  -5.689134e-006  -5.238974e-006  -4.303596e-006  -2.309712e-006  2.714729e-006  -8.989726e-007  2.973387e-006  1.247469e-005  1.006100e-006  -7.846093e-008  1.072302e-006  -3.986474e-006  -1.667386e-008  1.098069e-006  -0.000000e+000  
-4.254461e-006  -4.095308e-006  -3.729882e-006  -3.045581e-006  -1.887187e-006  -2.902767e-007  -1.168580e-007  1.412452e-006  3.541855e-006  -9.367208e-007  -1.974363e-007  1.476602e-006  -2.814914e-007  6.329913e-007  1.162351e-006  -0.000000e+000  
-2.721825e-006  -2.673146e-006  -2.547756e-006  -2.320049e-006  -1.971876e-006  -1.490380e-006  -7.054083e-007  -7.841362e-007  -1.236490e-006  -3.518243e-006  -3.785869e-007  2.218577e-006  1.678263e-006  1.673130e-006  1.736463e-006  -0.000000e+000  
-1.203894e-006  -1.276634e-006  -1.438519e-006  -1.713438e-006  -2.177097e-006  -2.978031e-006  -3.749517e-007  -2.579324e-006  -5.403500e-006  -6.583607e-006  -5.166837e-007  3.192786e-006  3.361938e-006  2.595140e-006  2.343528e-006  -0.000000e+000  
-6.402835e-006  -6.614400e-006  -7.055438e-006  -7.760547e-006  -8.781353e-006  -1.018102e-005  -9.534183e-006  -6.164584e-006  -2.305735e-006  4.127389e-006  -1.967089e-007  -1.941063e-006  3.814439e-006  5.914348e-006  6.924263e-006  -0.000000e+000  
-2.966488e-006  -2.969991e-006  -2.967605e-006  -2.952386e-006  -2.887331e-006  -2.731744e-006  -2.391682e-006  -1.819902e-006  -1.149735e-006  2.697275e-007  2.259148e-007  3.404637e-007  1.227488e-006  1.547602e-006  1.723672e-006  -0.000000e+000  
1.679231e-006  1.722766e-006  1.798984e-006  1.885799e-006  1.952274e-006  1.942904e-006  1.774792e-006  1.395487e-006  9.185092e-007  -1.052550e-007  3.643151e-007  4.748154e-007  -3.573043e-007  -6.639411e-007  -8.314788e-007  -0.000000e+000  
4.691746e-006  4.986999e-006  5.582566e-006  6.501190e-006  7.765187e-006  9.436570e-006  9.069928e-006  5.976372e-006  2.351127e-006  -3.676632e-006  8.191904e-007  2.646547e-006  -3.123259e-006  -5.231782e-006  -6.246093e-006  -0.000000e+000  
-1.766612e-006  -1.507494e-006  -9.794611e-007  -1.711253e-007  9.495932e-007  2.453163e-006  5.426911e-007  3.400124e-006  6.626101e-006  7.700747e-006  1.084488e-006  -2.650806e-006  -3.118566e-006  -2.360969e-006  -2.078335e-006  -0.000000e+000  
-1.011422e-006  -8.442490e-007  -5.056236e-007  -0.000000e+000  6.104355e-007  1.182751e-006  1.245827e-006  2.432844e-006  3.790306e-006  4.833584e-006  8.230081e-007  -1.654808e-006  -1.868056e-006  -1.657714e-006  -1.520568e-006  -0.000000e+000  
-4.594505e-007  -3.740722e-007  -2.117743e-007  2.414893e-008  2.934309e-007  5.609846e-007  7.640357e-007  1.251591e-006  1.772342e-006  2.328443e-006  4.387316e-007  -7.932263e-007  -8.954977e-007  -8.401169e-007  -7.920594e-007  -0.000000e+000  
-0.000000e+000  -0.000000e+000  -0.000000e+000  -0.000000e+000  -0.000000e+000  -0.000000e+000  -0.000000e+000  -0.000000e+000  -0.000000e+000  -0.000000e+000  -0.000000e+000  -0.000000e+000  -0.000000e+000  -0.000000e+000  -0.000000e+000  -0.000000e+000  

-0.000000e+000  4.784545e+001  9.491897e+001  1.404611e+002  1.837371e+002  2.240487e+002  2.607455e+002  2.966095e+002  3.265572e+002  3.499912e+002  3.773061e+002  2.965442e+002  1.517165e+002  1.028575e+002  5.194683e+001  -0.000000e+000  
-0.000000e+000  4.784545e+001  9.491897e+001  1.404611e+002  1.837371e+002  2.240487e+002  2.607455e+002  2.966095e+002  3.265572e+002  3.499912e+002  3.773061e+002  2.965442e+002  1.517165e+002  1.028575e+002  5.194683e+001  -0.000000e+000  
-0.000000e+000  4.784545e+001  9.491897e+001  1.404611e+002  1.837371e+002  2.240487e+002  2.607455e+002  2.966095e+002  3.265572e+002  3.499912e+002  3.773061e+002  2.965442e+002  1.517165e+002  1.028575e+002  5.194684e+001  -0.000000e+000  
-0.000000e+000  4.784544e+001  9.491896e+001  1.404611e+002  1.837371e+002  2.240487e+002  2.607455e+002  2.966095e+002  3.265572e+002  3.499912e+002  3.773061e+002  2.965442e+002  1.517165e+002  1.028575e+002  5.194683e+001  -0.000000e+000  
-0.000000e+000  4.784545e+001  9.491897e+001  1.404611e+002  1.837371e+002  2.240487e+002  2.607455e+002  2.966095e+002  3.265572e+002  3.499912e+002  3.773061e+002  2.965442e+002  1.517165e+002  1.028575e+002  5.194683e+001  -0.000000e+000  
-0.000000e+000  4.784545e+001  9.491897e+001  1.404611e+002  1.837371e+002  2.240487e+002  2.607455e+002  2.966095e+002  3.265572e+002  3.499912e+002  3.773061e+002  2.965442e+002  1.517165e+002  1.028575e+002  5.194683e+001  -0.000000e+000  
-0.000000e+000  4.784545e+001  9.491897e+001  1.404611e+002  1.837371e+002  2.240487e+002  2.607455e+002  2.966095e+002  3.265572e+002  3.499912e+002  3.773061e+002  2.965442e+002  1.517165e+002  1.028575e+002  5.194683e+001  -0.000000e+000  
-0.000000e+000  4.784545e+001  9.491897e+001  1.404611e+002  1.837371e+002  2.240487e+002  2.607455e+002  2.966095e+002  3.265572e+002  3.499912e+002  3.773061e+002  2.965442e+002  1.517165e+002  1.028575e+002  5.194683e+001  -0.000000e+000  
-0.000000e+000  4.784545e+001  9.491897e+001  1.404611e+002  1.837371e+002  2.240487e+002  2.607455e+002  2.966095e+002  3.265572e+002  3.499912e+002  3.773061e+002  2.965442e+002  1.517165e+002  1.028575e+002  5.194684e+001  -0.000000e+000  
-0.000000e+000  4.784545e+001  9.491897e+001  1.404611e+002  1.837371e+002  2.240487e+002  2.607455e+002  2.966095e+002  3.265572e+002  3.499912e+002  3.773061e+002  2.965442e+002  1.517165e+002  1.028575e+002  5.194684e+001  -0.000000e+000  
-0.000000e+000  4.784545e+001  9.491897e+001  1.404611e+002  1.837371e+002  2.240487e+002  2.607455e+002  2.966095e+002  3.265572e+002  3.499912e+002  3.773061e+002  2.965442e+002  1.517165e+002  1.028575e+002  5.194684e+001  -0.000000e+000  
-0.000000e+000  4.784544e+001  9.491896e+001  1.404611e+002  1.837370e+002  2.240486e+002  2.607455e+002  2.966095e+002  3.265572e+002  3.499912e+002  3.773061e+002  2.965442e+002  1.517165e+002  1.028575e+002  5.194683e+001  -0.000000e+000  
-0.000000e+000  4.784544e+001  9.491896e+001  1.404611e+002  1.837370e+002  2.240486e+002  2.607455e+002  2.966095e+002  3.265572e+002  3.499912e+002  3.773061e+002  2.965442e+002  1.517165e+002  1.028575e+002  5.194683e+001  -0.000000e+000  
-0.000000e+000  4.784544e+001  9.491896e+001  1.404611e+002  1.837370e+002  2.240486e+002  2.607455e+002  2.966095e+002  3.265572e+002  3.499912e+002  3.773061e+002  2.965442e+002  1.517165e+002  1.028575e+002  5.194683e+001  -0.000000e+000  
-0.000000e+000  4.784544e+001  9.491896e+001  1.404611e+002  1.837370e+002  2.240486e+002  2.607455e+002  2.966095e+002  3.265572e+002  3.499912e+002  3.773061e+002  2.965442e+002  1.517165e+002  1.028575e+002  5.194683e+001  -0.000000e+000  
-0.000000e+000  4.784545e+001  9.491897e+001  1.404611e+002  1.837371e+002  2.240487e+002  2.607455e+002  2.966095e+002  3.265572e+002  3.499912e+002  3.773061e+002  2.965442e+002  1.517165e+002  1.028575e+002  5.194684e+001  -0.000000e+000  
-0.000000e+000  4.784545e+001  9.491897e+001  1.404611e+002  1.837371e+002  2.240487e+002  2.607455e+002  2.966095e+002  3.265572e+002  3.499912e+002  3.773061e+002  2.965442e+002  1.517165e+002  1.028575e+002  5.194684e+001  -0.000000e+000  
-0.000000e+000  4.784545e+001  9.491897e+001  1.404611e+002  1.837371e+002  2.240487e+002  2.607455e+002  2.966095e+002  3.265572e+002  3.499912e+002  3.773061e+002  2.965442e+002  1.517165e+002  1.028575e+002  5.194684e+001  -0.000000e+000  
-0.000000e+000  4.784545e+001  9.491897e+001  1.404611e+002  1.837371e+002  2.240487e+002  2.607455e+002  2.966095e+002  3.265572e+002  3.499912e+002  3.773061e+002  2.965442e+002  1.517165e+002  1.028575e+002  5.194683e+001  -0.000000e+000  
-0.000000e+000  4.784545e+001  9.491897e+001  1.404611e+002  1.837371e+002  2.240487e+002  2.607455e+002  2.966095e+002  3.265572e+002  3.499912e+002  3.773061e+002  2.965442e+002  1.517165e+002  1.028575e+002  5.194683e+001  -0.000000e+000  
-0.000000e+000  4.784545e+001  9.491897e+001  1.404611e+002  1.837371e+002  2.240487e+002  2.607455e+002  2.966095e+002  3.265572e+002  3.499912e+002  3.773061e+002  2.965442e+002  1.517165e+002  1.028575e+002  5.194683e+001  -0.000000e+000  
-0.000000e+000  4.784545e+001  9.491897e+001  1.404611e+002  1.837371e+002  2.240487e+002  2.607455e+002  2.966095e+002  3.265572e+002  3.499912e+002  3.773061e+002  2.965442e+002  1.517165e+002  1.028575e+002  5.194683e+001  -0.000000e+000  
-0.000000e+000  4.784544e+001  9.491896e+001  1.404611e+002  1.837371e+002  2.240487e+002  2.607455e+002  2.966095e+002  3.265572e+002  3.499912e+002  3.773061e+002  2.965442e+002  1.517165e+002  1.028575e+002  5.194683e+001  -0.000000e+000  
-0.000000e+000  4.784545e+001  9.491897e+001  1.404611e+002  1.837371e+002  2.240487e+002  2.607455e+002  2.966095e+002  3.265572e+002  3.499912e+002  3.773061e+002  2.965442e+002  1.517165e+002  1.028575e+002  5.194684e+001  -0.000000e+000  
-0.000000e+000  4.784545e+001  9.491897e+001  1.404611e+002  1.837371e+002  2.240487e+002  2.607455e+002  2.966095e+002  3.265572e+002  3.499912e+002  3.773061e+002  2.965442e+002  1.517165e+002  1.028575e+002  5.194683e+001  -0.000000e+000  
-0.000000e+000  4.784545e+001  9.491897e+001  1.404611e+002  1.837371e+002  2.240487e+002  2.607455e+002  2.966095e+002  3.265572e+002  3.499912e+002  3.773061e+002  2.965442e+002  1.517165e+002  1.028575e+002  5.194683e+001  -0.000000e+000  
-0.000000e+000  -0.000000e+000  -0.000000e+000  -0.000000e+000  -0.000000e+000  -0.000000e+000  -0.000000e+000  -0.000000e+000  -0.000000e+000  -0.000000e+000  -0.000000e+000  -0.000000e+000  -0.000000e+000  -0.000000e+000  -0.000000e+000  -0.000000e+000  

-0.000000e+000  -0.000000e+000  -0.000000e+000  -0.000000e+000  -0.000000e+000  -0.000000e+000  -0.000000e+000  -0.000000e+000  -0.000000e+000  -0.000000e+000  -0.000000e+000  -0.000000e+000  -0.000000e+000  -0.000000e+000  -0.000000e+000  -0.000000e+000  
-0.000000e+000  -2.786907e-007  -4.145885e-007  -7.116985e-007  -8.177638e-007  -1.064590e-006  -1.136517e-006  -1.330062e-006  -1.235600e-006  -1.106440e-006  -3.203596e-007  -1.680770e-007  -2.799660e-007  -2.573722e-007  -8.697249e-008  -0.000000e+000  
-0.000000e+000  -4.540040e-007  -9.509472e-007  -1.381696e-006  -1.738617e-006  -2.081033e-006  -2.393396e-006  -2.683089e-006  -2.649615e-006  -2.254345e-006  -5.470504e-007  -2.959075e-007  -6.521173e-007  -5.519817e-007  -3.706884e-007  -0.000000e+000  
-0.000000e+000  -7.509310e-007  -1.452193e-006  -2.082946e-006  -2.642336e-006  -3.168980e-006  -3.568794e-006  -4.355544e-006  -4.316825e-006  -3.383171e-006  -6.213486e-007  -3.714544e-007  -1.132508e-006  -1.111346e-006  -6.397558e-007  -0.000000e+000  
-0.000000e+000  -1.331364e-006  -2.638461e-006  -3.869202e-006  -4.990373e-006  -5.925146e-006  -6.792324e-006  -7.463619e-006  -8.289472e-006  -9.225277e-006  -1.469808e-005  -1.216229e-005  -4.754332e-006  -3.142082e-006  -1.589815e-006  -0.000000e+000  
-0.000000e+000  -4.372830e-007  -8.032044e-007  -1.255737e-006  -1.643267e-006  -1.977145e-006  -2.351587e-006  -2.691755e-006  -3.038917e-006  -3.382833e-006  -4.463320e-006  -3.753981e-006  -1.760098e-006  -1.164227e-006  -5.801253e-007  -0.000000e+000  
-0.000000e+000  4.331733e-007  9.023854e-007  1.298401e-006  1.713235e-006  2.119527e-006  2.447362e-006  2.862646e-006  3.242536e-006  3.619559e-006  4.862970e-006  4.078716e-006  1.929518e-006  1.290380e-006  6.485009e-007  -0.000000e+000  
-0.000000e+000  1.332463e-006  2.585784e-006  3.784137e-006  4.860773e-006  5.885879e-006  6.725580e-006  7.498311e-006  8.359359e-006  9.399242e-006  1.511741e-005  1.258766e-005  5.012358e-006  3.257403e-006  1.601515e-006  -0.000000e+000  
-0.000000e+000  5.766142e-007  1.114648e-006  1.613734e-006  2.163480e-006  2.616646e-006  3.166028e-006  3.965918e-006  4.224393e-006  3.593920e-006  1.196580e-006  9.059148e-007  1.453636e-006  1.262020e-006  7.076087e-007  -0.000000e+000  
-0.000000e+000  2.330077e-007  4.573153e-007  6.377507e-007  1.021074e-006  1.235886e-006  1.706462e-006  2.046077e-006  2.388592e-006  2.622631e-006  1.139469e-006  8.796318e-007  1.101033e-006  8.125797e-007  4.128094e-007  -0.000000e+000  
-0.000000e+000  -1.622367e-007  -3.154977e-007  -2.592708e-007  -3.267400e-007  -1.508049e-007  3.196936e-008  2.473253e-007  7.740081e-007  1.864970e-006  1.078972e-006  8.027206e-007  8.928677e-007  4.120104e-007  1.013869e-007  -0.000000e+000  
-0.000000e+000  -4.996842e-007  -9.464272e-007  -1.518340e-006  -1.607018e-006  -1.880942e-006  -1.141208e-006  -2.130077e-006  -1.431831e-006  1.789302e-006  9.803674e-007  6.683136e-007  8.407705e-007  -4.224509e-007  -2.465980e-007  -0.000000e+000  
-0.000000e+000  -1.151911e-007  -7.205184e-007  -5.182903e-007  -1.100199e-006  -7.955076e-007  -1.003568e-006  -8.895798e-007  -6.386639e-007  7.434513e-007  5.315826e-007  4.076482e-007  3.083540e-007  1.991301e-007  -1.798835e-007  -0.000000e+000  
-0.000000e+000  -2.269871e-007  2.109540e-007  -2.124844e-007  1.203351e-007  1.298017e-008  7.349337e-008  3.288563e-009  1.482444e-007  9.528532e-008  3.647848e-008  -2.105247e-008  1.829359e-007  -1.082287e-007  -3.489889e-008  -0.000000e+000  
-0.000000e+000  2.847288e-007  4.315493e-007  8.686052e-007  8.427859e-007  9.668799e-007  9.131031e-007  9.168187e-007  6.247371e-007  -7.914532e-007  -3.617284e-007  -1.219440e-007  -4.506019e-007  -4.181717e-009  9.580916e-008  -0.000000e+000  
-0.000000e+000  5.758975e-007  8.964141e-007  1.421448e-006  1.654977e-006  1.817142e-006  1.322805e-006  2.281244e-006  1.473902e-006  -1.589472e-006  -8.723934e-007  -6.883095e-007  -7.526915e-007  2.785496e-007  2.747711e-007  -0.000000e+000  
-0.000000e+000  1.662281e-007  2.775845e-007  3.226207e-007  3.593709e-007  2.719366e-007  -6.797757e-010  -1.271778e-007  -6.397324e-007  -1.811014e-006  -1.001642e-006  -7.397697e-007  -8.046313e-007  -3.801582e-007  -1.239848e-007  -0.000000e+000  
-0.000000e+000  -2.717719e-007  -4.178696e-007  -6.409133e-007  -9.975744e-007  -1.227614e-006  -1.504040e-006  -2.010277e-006  -2.320056e-006  -2.512780e-006  -1.070575e-006  -8.392646e-007  -1.062909e-006  -7.331878e-007  -4.401004e-007  -0.000000e+000  
-0.000000e+000  -5.330725e-007  -1.120232e-006  -1.611783e-006  -2.131178e-006  -2.627954e-006  -3.059115e-006  -3.903890e-006  -4.148733e-006  -3.520542e-006  -1.098116e-006  -8.145528e-007  -1.438364e-006  -1.242452e-006  -6.562191e-007  -0.000000e+000  
-0.000000e+000  -1.262479e-006  -2.515225e-006  -3.734045e-006  -4.873642e-006  -5.828687e-006  -6.718472e-006  -7.440839e-006  -8.291627e-006  -9.277878e-006  -1.503800e-005  -1.252404e-005  -4.965055e-006  -3.221098e-006  -1.583246e-006  -0.000000e+000  
-0.000000e+000  -4.320171e-007  -8.368227e-007  -1.313330e-006  -1.689094e-006  -2.088799e-006  -2.428410e-006  -2.749033e-006  -3.111384e-006  -3.527270e-006  -4.754534e-006  -4.020837e-006  -1.886244e-006  -1.273240e-006  -6.279324e-007  -0.000000e+000  
-0.000000e+000  4.460607e-007  8.714268e-007  1.264736e-006  1.665625e-006  2.013161e-006  2.386018e-006  2.742335e-006  3.114627e-006  3.458308e-006  4.561146e-006  3.819032e-006  1.786257e-006  1.179913e-006  5.952305e-007  -0.000000e+000  
-0.000000e+000  1.382851e-006  2.679899e-006  3.918928e-006  4.944037e-006  5.948032e-006  6.735536e-006  7.440462e-006  8.269327e-006  9.270654e-006  1.473531e-005  1.221286e-005  4.824712e-006  3.079524e-006  1.501356e-006  -0.000000e+000  
-0.000000e+000  7.084049e-007  1.432580e-006  2.087059e-006  2.679129e-006  3.179684e-006  3.550236e-006  4.335687e-006  4.351611e-006  3.417459e-006  6.276846e-007  3.574121e-007  1.146001e-006  1.049848e-006  5.912957e-007  -0.000000e+000  
-0.000000e+000  4.571346e-007  9.280338e-007  1.447157e-006  1.793613e-006  2.016274e-006  2.450078e-006  2.642099e-006  2.646118e-006  2.236164e-006  5.507897e-007  3.204604e-007  6.786935e-007  5.501118e-007  3.488531e-007  -0.000000e+000  
-0.000000e+000  2.367165e-007  4.847342e-007  7.392146e-007  8.189246e-007  1.137179e-006  1.104166e-006  1.300602e-006  1.220407e-006  1.104437e-006  3.167330e-007  1.834413e-007  2.853838e-007  2.867786e-007  1.352440e-007  -0.000000e+000  
-0.000000e+000  -0.000000e+000  -0.000000e+000  -0.000000e+000  -0.000000e+000  -0.000000e+000  -0.000000e+000  -0.000000e+000  -0.000000e+000  -0.000000e+000  -0.000000e+000  -0.000000e+000  -0.000000e+000  -0.000000e+000  -0.000000e+000  -0.000000e+000  

0.000000e+000  0.000000e+000  0.000000e+000  0.000000e+000  0.000000e+000  0.000000e+000  0.000000e+000  0.000000e+000  0.000000e+000  0.000000e+000  0.000000e+000  0.000000e+000  0.000000e+000  0.000000e+000  0.000000e+000  0.000000e+000  
0.000000e+000  0.000000e+000  0.000000e+000  0.000000e+000  0.000000e+000  0.000000e+000  0.000000e+000  0.000000e+000  0.000000e+000  0.000000e+000  0.000000e+000  0.000000e+000  0.000000e+000  0.000000e+000  0.000000e+000  0.000000e+000  
0.000000e+000  0.000000e+000  0.000000e+000  0.000000e+000  0.000000e+000  0.000000e+000  0.000000e+000  0.000000e+000  0.000000e+000  0.000000e+000  0.000000e+000  0.000000e+000  0.000000e+000  0.000000e+000  0.000000e+000  0.000000e+000  
0.000000e+000  0.000000e+000  0.000000e+000  0.000000e+000  0.000000e+000  0.000000e+000  0.000000e+000  0.000000e+000  0.000000e+000  0.000000e+000  0.000000e+000  0.000000e+000  0.000000e+000  0.000000e+000  0.000000e+000  0.000000e+000  
0.000000e+000  0.000000e+000  0.000000e+000  0.000000e+000  0.000000e+000  0.000000e+000  0.000000e+000  0.000000e+000  0.000000e+000  0.000000e+000  0.000000e+000  0.000000e+000  0.000000e+000  0.000000e+000  0.000000e+000  0.000000e+000  
0.000000e+000  0.000000e+000  0.000000e+000  0.000000e+000  0.000000e+000  0.000000e+000  0.000000e+000  0.000000e+000  0.000000e+000  0.000000e+000  0.000000e+000  0.000000e+000  0.000000e+000  0.000000e+000  0.000000e+000  0.000000e+000  
0.000000e+000  0.000000e+000  0.000000e+000  0.000000e+000  0.000000e+000  0.000000e+000  0.000000e+000  0.000000e+000  0.000000e+000  0.000000e+000  0.000000e+000  0.000000e+000  0.000000e+000  0.000000e+000  0.000000e+000  0.000000e+000  
0.000000e+000  0.000000e+000  0.000000e+000  0.000000e+000  0.000000e+000  0.000000e+000  0.000000e+000  0.000000e+000  0.000000e+000  0.000000e+000  0.000000e+000  0.000000e+000  0.000000e+000  0.000000e+000  0.000000e+000  0.000000e+000  
0.000000e+000  0.000000e+000  0.000000e+000  0.000000e+000  0.000000e+000  0.000000e+000  0.000000e+000  0.000000e+000  0.000000e+000  0.000000e+000  0.000000e+000  0.000000e+000  0.000000e+000  0.000000e+000  0.000000e+000  0.000000e+000  
0.000000e+000  0.000000e+000  0.000000e+000  0.000000e+000  0.000000e+000  0.000000e+000  0.000000e+000  0.000000e+000  0.000000e+000  0.000000e+000  0.000000e+000  0.000000e+000  0.000000e+000  0.000000e+000  0.000000e+000  0.000000e+000  
0.000000e+000  0.000000e+000  0.000000e+000  0.000000e+000  0.000000e+000  0.000000e+000  0.000000e+000  0.000000e+000  0.000000e+000  0.000000e+000  0.000000e+000  0.000000e+000  0.000000e+000  0.000000e+000  0.000000e+000  0.000000e+000  
0.000000e+000  0.000000e+000  0.000000e+000  0.000000e+000  0.000000e+000  0.000000e+000  0.000000e+000  0.000000e+000  0.000000e+000  0.000000e+000  0.000000e+000  0.000000e+000  0.000000e+000  0.000000e+000  0.000000e+000  0.000000e+000  
0.000000e+000  0.000000e+000  0.000000e+000  0.000000e+000  0.000000e+000  0.000000e+000  0.000000e+000  0.000000e+000  0.000000e+000  0.000000e+000  0.000000e+000  0.000000e+000  0.000000e+000  0.000000e+000  0.000000e+000  0.000000e+000  
0.000000e+000  0.000000e+000  0.000000e+000  0.000000e+000  0.000000e+000  0.000000e+000  0.000000e+000  0.000000e+000  0.000000e+000  0.000000e+000  0.000000e+000  0.000000e+000  0.000000e+000  0.000000e+000  0.000000e+000  0.000000e+000  
0.000000e+000  0.000000e+000  0.000000e+000  0.000000e+000  0.000000e+000  0.000000e+000  0.000000e+000  0.000000e+000  0.000000e+000  0.000000e+000  0.000000e+000  0.000000e+000  0.000000e+000  0.000000e+000  0.000000e+000  0.000000e+000  
0.000000e+000  0.000000e+000  0.000000e+000  0.000000e+000  0.000000e+000  0.000000e+000  0.000000e+000  0.000000e+000  0.000000e+000  0.000000e+000  0.000000e+000  0.000000e+000  0.000000e+000  0.000000e+000  0.000000e+000  0.000000e+000  
0.000000e+000  0.000000e+000  0.000000e+000  0.000000e+000  0.000000e+000  0.000000e+000  0.000000e+000  0.000000e+000  0.000000e+000  0.000000e+000  0.000000e+000  0.000000e+000  0.000000e+000  0.000000e+000  0.000000e+000  0.000000e+000  
0.000000e+000  0.000000e+000  0.000000e+000  0.000000e+000  0.000000e+000  0.000000e+000  0.000000e+000  0.000000e+000  0.000000e+000  0.000000e+000  0.000000e+000  0.000000e+000  0.000000e+000  0.000000e+000  0.000000e+000  0.000000e+000  
0.000000e+000  0.000000e+000  0.000000e+000  0.000000e+000  0.000000e+000  0.000000e+000  0.000000e+000  0.000000e+000  0.000000e+000  0.000000e+000  0.000000e+000  0.000000e+000  0.000000e+000  0.000000e+000  0.000000e+000  0.000000e+000  
0.000000e+000  0.000000e+000  0.000000e+000  0.000000e+000  0.000000e+000  0.000000e+000  0.000000e+000  0.000000e+000  0.000000e+000  0.000000e+000  0.000000e+000  0.000000e+000  0.000000e+000  0.000000e+000  0.000000e+000  0.000000e+000  
0.000000e+000  0.000000e+000  0.000000e+000  0.000000e+000  0.000000e+000  0.000000e+000  0.000000e+000  0.000000e+000  0.000000e+000  0.000000e+000  0.000000e+000  0.000000e+000  0.000000e+000  0.000000e+000  0.000000e+000  0.000000e+000  
0.000000e+000  0.000000e+000  0.000000e+000  0.000000e+000  0.000000e+000  0.000000e+000  0.000000e+000  0.000000e+000  0.000000e+000  0.000000e+000  0.000000e+000  0.000000e+000  0.000000e+000  0.000000e+000  0.000000e+000  0.000000e+000  
0.000000e+000  0.000000e+000  0.000000e+000  0.000000e+000  0.000000e+000  0.000000e+000  0.000000e+000  0.000000e+000  0.000000e+000  0.000000e+000  0.000000e+000  0.000000e+000  0.000000e+000  0.000000e+000  0.000000e+000  0.000000e+000  
0.000000e+000  0.000000e+000  0.000000e+000  0.000000e+000  0.000000e+000  0.000000e+000  0.000000e+000  0.000000e+000  0.000000e+000  0.000000e+000  0.000000e+000  0.000000e+000  0.000000e+000  0.000000e+000  0.000000e+000  0.000000e+000  
0.000000e+000  0.000000e+000  0.000000e+000  0.000000e+000  0.000000e+000  0.000000e+000  0.000000e+000  0.000000e+000  0.000000e+000  0.000000e+000  0.000000e+000  0.000000e+000  0.000000e+000  0.000000e+000  0.000000e+000  0.000000e+000  
0.000000e+000  0.000000e+000  0.000000e+000  0.000000e+000  0.000000e+000  0.000000e+000  0.000000e+000  0.000000e+000  0.000000e+000  0.000000e+000  0.000000e+000  0.000000e+000  0.000000e+000  0.000000e+000  0.000000e+000  0.000000e+000  
0.000000e+000  0.000000e+000  0.000000e+000  0.000000e+000  0.000000e+000  0.000000e+000  0.000000e+000  0.000000e+000  0.000000e+000  0.000000e+000  0.000000e+000  0.000000e+000  0.000000e+000  0.000000e+000  0.000000e+000  0.000000e+000  

0.000000e+000  0.000000e+000  0.000000e+000  0.000000e+000  0.000000e+000  0.000000e+000  0.000000e+000  0.000000e+000  0.000000e+000  0.000000e+000  0.000000e+000  0.000000e+000  0.000000e+000  0.000000e+000  0.000000e+000  0.000000e+000  
0.000000e+000  0.000000e+000  0.000000e+000  0.000000e+000  0.000000e+000  0.000000e+000  0.000000e+000  0.000000e+000  0.000000e+000  0.000000e+000  0.000000e+000  0.000000e+000  0.000000e+000  0.000000e+000  0.000000e+000  0.000000e+000  
0.000000e+000  0.000000e+000  0.000000e+000  0.000000e+000  0.000000e+000  0.000000e+000  0.000000e+000  0.000000e+000  0.000000e+000  0.000000e+000  0.000000e+000  0.000000e+000  0.000000e+000  0.000000e+000  0.000000e+000  0.000000e+000  
0.000000e+000  0.000000e+000  0.000000e+000  0.000000e+000  0.000000e+000  0.000000e+000  0.000000e+000  0.000000e+000  0.000000e+000  0.000000e+000  0.000000e+000  0.000000e+000  0.000000e+000  0.000000e+000  0.000000e+000  0.000000e+000  
0.000000e+000  0.000000e+000  0.000000e+000  0.000000e+000  0.000000e+000  0.000000e+000  0.000000e+000  0.000000e+000  0.000000e+000  0.000000e+000  0.000000e+000  0.000000e+000  0.000000e+000  0.000000e+000  0.000000e+000  0.000000e+000  
0.000000e+000  0.000000e+000  0.000000e+000  0.000000e+000  0.000000e+000  0.000000e+000  0.000000e+000  0.000000e+000  0.000000e+000  0.000000e+000  0.000000e+000  0.000000e+000  0.000000e+000  0.000000e+000  0.000000e+000  0.000000e+000  
0.000000e+000  0.000000e+000  0.000000e+000  0.000000e+000  0.000000e+000  0.000000e+000  0.000000e+000  0.000000e+000  0.000000e+000  0.000000e+000  0.000000e+000  0.000000e+000  0.000000e+000  0.000000e+000  0.000000e+000  0.000000e+000  
0.000000e+000  0.000000e+000  0.000000e+000  0.000000e+000  0.000000e+000  0.000000e+000  0.000000e+000  0.000000e+000  0.000000e+000  0.000000e+000  0.000000e+000  0.000000e+000  0.000000e+000  0.000000e+000  0.000000e+000  0.000000e+000  
0.000000e+000  0.000000e+000  0.000000e+000  0.000000e+000  0.000000e+000  0.000000e+000  0.000000e+000  0.000000e+000  0.000000e+000  0.000000e+000  0.000000e+000  0.000000e+000  0.000000e+000  0.000000e+000  0.000000e+000  0.000000e+000  
0.000000e+000  0.000000e+000  0.000000e+000  0.000000e+000  0.000000e+000  0.000000e+000  0.000000e+000  0.000000e+000  0.000000e+000  0.000000e+000  0.000000e+000  0.000000e+000  0.000000e+000  0.000000e+000  0.000000e+000  0.000000e+000  
0.000000e+000  0.000000e+000  0.000000e+000  0.000000e+000  0.000000e+000  0.000000e+000  0.000000e+000  0.000000e+000  0.000000e+000  0.000000e+000  0.000000e+000  0.000000e+000  0.000000e+000  0.000000e+000  0.000000e+000  0.000000e+000  
0.000000e+000  0.000000e+000  0.000000e+000  0.000000e+000  0.000000e+000  0.000000e+000  0.000000e+000  0.000000e+000  0.000000e+000  0.000000e+000  0.000000e+000  0.000000e+000  0.000000e+000  0.000000e+000  0.000000e+000  0.000000e+000  
0.000000e+000  0.000000e+000  0.000000e+000  0.000000e+000  0.000000e+000  0.000000e+000  0.000000e+000  0.000000e+000  0.000000e+000  0.000000e+000  0.000000e+000  0.000000e+000  0.000000e+000  0.000000e+000  0.000000e+000  0.000000e+000  
0.000000e+000  0.000000e+000  0.000000e+000  0.000000e+000  0.000000e+000  0.000000e+000  0.000000e+000  0.000000e+000  0.000000e+000  0.000000e+000  0.000000e+000  0.000000e+000  0.000000e+000  0.000000e+000  0.000000e+000  0.000000e+000  
0.000000e+000  0.000000e+000  0.000000e+000  0.000000e+000  0.000000e+000  0.000000e+000  0.000000e+000  0.000000e+000  0.000000e+000  0.000000e+000  0.000000e+000  0.000000e+000  0.000000e+000  0.000000e+000  0.000000e+000  0.000000e+000  
0.000000e+000  0.000000e+000  0.000000e+000  0.000000e+000  0.000000e+000  0.000000e+000  0.000000e+000  0.000000e+000  0.000000e+000  0.000000e+000  0.000000e+000  0.000000e+000  0.000000e+000  0.000000e+000  0.000000e+000  0.000000e+000  
0.000000e+000  0.000000e+000  0.000000e+000  0.000000e+000  0.000000e+000  0.000000e+000  0.000000e+000  0.000000e+000  0.000000e+000  0.000000e+000  0.000000e+000  0.000000e+000  0.000000e+000  0.000000e+000  0.000000e+000  0.000000e+000  
0.000000e+000  0.000000e+000  0.000000e+000  0.000000e+000  0.000000e+000  0.000000e+000  0.000000e+000  0.000000e+000  0.000000e+000  0.000000e+000  0.000000e+000  0.000000e+000  0.000000e+000  0.000000e+000  0.000000e+000  0.000000e+000  
0.000000e+000  0.000000e+000  0.000000e+000  0.000000e+000  0.000000e+000  0.000000e+000  0.000000e+000  0.000000e+000  0.000000e+000  0.000000e+000  0.000000e+000  0.000000e+000  0.000000e+000  0.000000e+000  0.000000e+000  0.000000e+000  
0.000000e+000  0.000000e+000  0.000000e+000  0.000000e+000  0.000000e+000  0.000000e+000  0.000000e+000  0.000000e+000  0.000000e+000  0.000000e+000  0.000000e+000  0.000000e+000  0.000000e+000  0.000000e+000  0.000000e+000  0.000000e+000  
0.000000e+000  0.000000e+000  0.000000e+000  0.000000e+000  0.000000e+000  0.000000e+000  0.000000e+000  0.000000e+000  0.000000e+000  0.000000e+000  0.000000e+000  0.000000e+000  0.000000e+000  0.000000e+000  0.000000e+000  0.000000e+000  
0.000000e+000  0.000000e+000  0.000000e+000  0.000000e+000  0.000000e+000  0.000000e+000  0.000000e+000  0.000000e+000  0.000000e+000  0.000000e+000  0.000000e+000  0.000000e+000  0.000000e+000  0.000000e+000  0.000000e+000  0.000000e+000  
0.000000e+000  0.000000e+000  0.000000e+000  0.000000e+000  0.000000e+000  0.000000e+000  0.000000e+000  0.000000e+000  0.000000e+000  0.000000e+000  0.000000e+000  0.000000e+000  0.000000e+000  0.000000e+000  0.000000e+000  0.000000e+000  
0.000000e+000  0.000000e+000  0.000000e+000  0.000000e+000  0.000000e+000  0.000000e+000  0.000000e+000  0.000000e+000  0.000000e+000  0.000000e+000  0.000000e+000  0.000000e+000  0.000000e+000  0.000000e+000  0.000000e+000  0.000000e+000  
0.000000e+000  0.000000e+000  0.000000e+000  0.000000e+000  0.000000e+000  0.000000e+000  0.000000e+000  0.000000e+000  0.000000e+000  0.000000e+000  0.000000e+000  0.000000e+000  0.000000e+000  0.000000e+000  0.000000e+000  0.000000e+000  
0.000000e+000  0.000000e+000  0.000000e+000  0.000000e+000  0.000000e+000  0.000000e+000  0.000000e+000  0.000000e+000  0.000000e+000  0.000000e+000  0.000000e+000  0.000000e+000  0.000000e+000  0.000000e+000  0.000000e+000  0.000000e+000  
0.000000e+000  0.000000e+000  0.000000e+000  0.000000e+000  0.000000e+000  0.000000e+000  0.000000e+000  0.000000e+000  0.000000e+000  0.000000e+000  0.000000e+000  0.000000e+000  0.000000e+000  0.000000e+000  0.000000e+000  0.000000e+000  

0.000000e+000  0.000000e+000  0.000000e+000  0.000000e+000  0.000000e+000  0.000000e+000  0.000000e+000  0.000000e+000  0.000000e+000  0.000000e+000  0.000000e+000  0.000000e+000  0.000000e+000  0.000000e+000  0.000000e+000  0.000000e+000  
0.000000e+000  0.000000e+000  0.000000e+000  0.000000e+000  0.000000e+000  0.000000e+000  0.000000e+000  0.000000e+000  0.000000e+000  0.000000e+000  0.000000e+000  0.000000e+000  0.000000e+000  0.000000e+000  0.000000e+000  0.000000e+000  
0.000000e+000  0.000000e+000  0.000000e+000  0.000000e+000  0.000000e+000  0.000000e+000  0.000000e+000  0.000000e+000  0.000000e+000  0.000000e+000  0.000000e+000  0.000000e+000  0.000000e+000  0.000000e+000  0.000000e+000  0.000000e+000  
0.000000e+000  0.000000e+000  0.000000e+000  0.000000e+000  0.000000e+000  0.000000e+000  0.000000e+000  0.000000e+000  0.000000e+000  0.000000e+000  0.000000e+000  0.000000e+000  0.000000e+000  0.000000e+000  0.000000e+000  0.000000e+000  
0.000000e+000  0.000000e+000  0.000000e+000  0.000000e+000  0.000000e+000  0.000000e+000  0.000000e+000  0.000000e+000  0.000000e+000  0.000000e+000  0.000000e+000  0.000000e+000  0.000000e+000  0.000000e+000  0.000000e+000  0.000000e+000  
0.000000e+000  0.000000e+000  0.000000e+000  0.000000e+000  0.000000e+000  0.000000e+000  0.000000e+000  0.000000e+000  0.000000e+000  0.000000e+000  0.000000e+000  0.000000e+000  0.000000e+000  0.000000e+000  0.000000e+000  0.000000e+000  
0.000000e+000  0.000000e+000  0.000000e+000  0.000000e+000  0.000000e+000  0.000000e+000  0.000000e+000  0.000000e+000  0.000000e+000  0.000000e+000  0.000000e+000  0.000000e+000  0.000000e+000  0.000000e+000  0.000000e+000  0.000000e+000  
0.000000e+000  0.000000e+000  0.000000e+000  0.000000e+000  0.000000e+000  0.000000e+000  0.000000e+000  0.000000e+000  0.000000e+000  0.000000e+000  0.000000e+000  0.000000e+000  0.000000e+000  0.000000e+000  0.000000e+000  0.000000e+000  
0.000000e+000  0.000000e+000  0.000000e+000  0.000000e+000  0.000000e+000  0.000000e+000  0.000000e+000  0.000000e+000  0.000000e+000  0.000000e+000  0.000000e+000  0.000000e+000  0.000000e+000  0.000000e+000  0.000000e+000  0.000000e+000  
0.000000e+000  0.000000e+000  0.000000e+000  0.000000e+000  0.000000e+000  0.000000e+000  0.000000e+000  0.000000e+000  0.000000e+000  0.000000e+000  0.000000e+000  0.000000e+000  0.000000e+000  0.000000e+000  0.000000e+000  0.000000e+000  
0.000000e+000  0.000000e+000  0.000000e+000  0.000000e+000  0.000000e+000  0.000000e+000  0.000000e+000  0.000000e+000  0.000000e+000  0.000000e+000  0.000000e+000  0.000000e+000  0.000000e+000  0.000000e+000  0.000000e+000  0.000000e+000  
0.000000e+000  0.000000e+000  0.000000e+000  0.000000e+000  0.000000e+000  0.000000e+000  0.000000e+000  0.000000e+000  0.000000e+000  0.000000e+000  0.000000e+000  0.000000e+000  0.000000e+000  0.000000e+000  0.000000e+000  0.000000e+000  
0.000000e+000  0.000000e+000  0.000000e+000  0.000000e+000  0.000000e+000  0.000000e+000  0.000000e+000  0.000000e+000  0.000000e+000  0.000000e+000  0.000000e+000  0.000000e+000  0.000000e+000  0.000000e+000  0.000000e+000  0.000000e+000  
0.000000e+000  0.000000e+000  0.000000e+000  0.000000e+000  0.000000e+000  0.000000e+000  0.000000e+000  0.000000e+000  0.000000e+000  0.000000e+000  0.000000e+000  0.000000e+000  0.000000e+000  0.000000e+000  0.000000e+000  0.000000e+000  
0.000000e+000  0.000000e+000  0.000000e+000  0.000000e+000  0.000000e+000  0.000000e+000  0.000000e+000  0.000000e+000  0.000000e+000  0.000000e+000  0.000000e+000  0.000000e+000  0.000000e+000  0.000000e+000  0.000000e+000  0.000000e+000  
0.000000e+000  0.000000e+000  0.000000e+000  0.000000e+000  0.000000e+000  0.000000e+000  0.000000e+000  0.000000e+000  0.000000e+000  0.000000e+000  0.000000e+000  0.000000e+000  0.000000e+000  0.000000e+000  0.000000e+000  0.000000e+000  
0.000000e+000  0.000000e+000  0.000000e+000  0.000000e+000  0.000000e+000  0.000000e+000  0.000000e+000  0.000000e+000  0.000000e+000  0.000000e+000  0.000000e+000  0.000000e+000  0.000000e+000  0.000000e+000  0.000000e+000  0.000000e+000  
0.000000e+000  0.000000e+000  0.000000e+000  0.000000e+000  0.000000e+000  0.000000e+000  0.000000e+000  0.000000e+000  0.000000e+000  0.000000e+000  0.000000e+000  0.000000e+000  0.000000e+000  0.000000e+000  0.000000e+000  0.000000e+000  
0.000000e+000  0.000000e+000  0.000000e+000  0.000000e+000  0.000000e+000  0.000000e+000  0.000000e+000  0.000000e+000  0.000000e+000  0.000000e+000  0.000000e+000  0.000000e+000  0.000000e+000  0.000000e+000  0.000000e+000  0.000000e+000  
0.000000e+000  0.000000e+000  0.000000e+000  0.000000e+000  0.000000e+000  0.000000e+000  0.000000e+000  0.000000e+000  0.000000e+000  0.000000e+000  0.000000e+000  0.000000e+000  0.000000e+000  0.000000e+000  0.000000e+000  0.000000e+000  
0.000000e+000  0.000000e+000  0.000000e+000  0.000000e+000  0.000000e+000  0.000000e+000  0.000000e+000  0.000000e+000  0.000000e+000  0.000000e+000  0.000000e+000  0.000000e+000  0.000000e+000  0.000000e+000  0.000000e+000  0.000000e+000  
0.000000e+000  0.000000e+000  0.000000e+000  0.000000e+000  0.000000e+000  0.000000e+000  0.000000e+000  0.000000e+000  0.000000e+000  0.000000e+000  0.000000e+000  0.000000e+000  0.000000e+000  0.000000e+000  0.000000e+000  0.000000e+000  
0.000000e+000  0.000000e+000  0.000000e+000  0.000000e+000  0.000000e+000  0.000000e+000  0.000000e+000  0.000000e+000  0.000000e+000  0.000000e+000  0.000000e+000  0.000000e+000  0.000000e+000  0.000000e+000  0.000000e+000  0.000000e+000  
0.000000e+000  0.000000e+000  0.000000e+000  0.000000e+000  0.000000e+000  0.000000e+000  0.000000e+000  0.000000e+000  0.000000e+000  0.000000e+000  0.000000e+000  0.000000e+000  0.000000e+000  0.000000e+000  0.000000e+000  0.000000e+000  
0.000000e+000  0.000000e+000  0.000000e+000  0.000000e+000  0.000000e+000  0.000000e+000  0.000000e+000  0.000000e+000  0.000000e+000  0.000000e+000  0.000000e+000  0.000000e+000  0.000000e+000  0.000000e+000  0.000000e+000  0.000000e+000  
0.000000e+000  0.000000e+000  0.000000e+000  0.000000e+000  0.000000e+000  0.000000e+000  0.000000e+000  0.000000e+000  0.000000e+000  0.000000e+000  0.000000e+000  0.000000e+000  0.000000e+000  0.000000e+000  0.000000e+000  0.000000e+000  
0.000000e+000  0.000000e+000  0.000000e+000  0.000000e+000  0.000000e+000  0.000000e+000  0.000000e+000  0.000000e+000  0.000000e+000  0.000000e+000  0.000000e+000  0.000000e+000  0.000000e+000  0.000000e+000  0.000000e+000  0.000000e+000  

