Port monitor named: Port2_h6[2.2].prt

nx        = 71
ny        = 23
nz        = 31

nu        = 16
nv        = 27
iu        = 3
iv        = 3

idir      = 0
dcut      = 5.114300e-001
icut      = 71
type      = 1
frequency = 2.200000e+009

fcutoff   = 4.650234e+009
alpha     = 8.584730e+001
beta      = 0.000000e+000
accuracy  = 2.000126e-009

type          = TE
wave imp.     = 2.023419e+002
wave imp.sig. = 7.317780e-006
line imp.     = 0.000000e+000

ref. port     = 0

0.000000e+000  0.000000e+000  0.000000e+000  0.000000e+000  0.000000e+000  0.000000e+000  0.000000e+000  0.000000e+000  0.000000e+000  0.000000e+000  0.000000e+000  0.000000e+000  0.000000e+000  0.000000e+000  0.000000e+000  0.000000e+000  
0.000000e+000  0.000000e+000  0.000000e+000  0.000000e+000  0.000000e+000  0.000000e+000  0.000000e+000  0.000000e+000  0.000000e+000  0.000000e+000  0.000000e+000  0.000000e+000  0.000000e+000  0.000000e+000  0.000000e+000  0.000000e+000  
0.000000e+000  0.000000e+000  0.000000e+000  0.000000e+000  0.000000e+000  0.000000e+000  0.000000e+000  0.000000e+000  0.000000e+000  0.000000e+000  0.000000e+000  0.000000e+000  0.000000e+000  0.000000e+000  0.000000e+000  0.000000e+000  
0.000000e+000  0.000000e+000  0.000000e+000  0.000000e+000  0.000000e+000  0.000000e+000  0.000000e+000  0.000000e+000  0.000000e+000  0.000000e+000  0.000000e+000  0.000000e+000  0.000000e+000  0.000000e+000  0.000000e+000  0.000000e+000  
0.000000e+000  0.000000e+000  0.000000e+000  0.000000e+000  0.000000e+000  0.000000e+000  0.000000e+000  0.000000e+000  0.000000e+000  0.000000e+000  0.000000e+000  0.000000e+000  0.000000e+000  0.000000e+000  0.000000e+000  0.000000e+000  
0.000000e+000  0.000000e+000  0.000000e+000  0.000000e+000  0.000000e+000  0.000000e+000  0.000000e+000  0.000000e+000  0.000000e+000  0.000000e+000  0.000000e+000  0.000000e+000  0.000000e+000  0.000000e+000  0.000000e+000  0.000000e+000  
0.000000e+000  0.000000e+000  0.000000e+000  0.000000e+000  0.000000e+000  0.000000e+000  0.000000e+000  0.000000e+000  0.000000e+000  0.000000e+000  0.000000e+000  0.000000e+000  0.000000e+000  0.000000e+000  0.000000e+000  0.000000e+000  
0.000000e+000  0.000000e+000  0.000000e+000  0.000000e+000  0.000000e+000  0.000000e+000  0.000000e+000  0.000000e+000  0.000000e+000  0.000000e+000  0.000000e+000  0.000000e+000  0.000000e+000  0.000000e+000  0.000000e+000  0.000000e+000  
0.000000e+000  0.000000e+000  0.000000e+000  0.000000e+000  0.000000e+000  0.000000e+000  0.000000e+000  0.000000e+000  0.000000e+000  0.000000e+000  0.000000e+000  0.000000e+000  0.000000e+000  0.000000e+000  0.000000e+000  0.000000e+000  
0.000000e+000  0.000000e+000  0.000000e+000  0.000000e+000  0.000000e+000  0.000000e+000  0.000000e+000  0.000000e+000  0.000000e+000  0.000000e+000  0.000000e+000  0.000000e+000  0.000000e+000  0.000000e+000  0.000000e+000  0.000000e+000  
0.000000e+000  0.000000e+000  0.000000e+000  0.000000e+000  0.000000e+000  0.000000e+000  0.000000e+000  0.000000e+000  0.000000e+000  0.000000e+000  0.000000e+000  0.000000e+000  0.000000e+000  0.000000e+000  0.000000e+000  0.000000e+000  
0.000000e+000  0.000000e+000  0.000000e+000  0.000000e+000  0.000000e+000  0.000000e+000  0.000000e+000  0.000000e+000  0.000000e+000  0.000000e+000  0.000000e+000  0.000000e+000  0.000000e+000  0.000000e+000  0.000000e+000  0.000000e+000  
0.000000e+000  0.000000e+000  0.000000e+000  0.000000e+000  0.000000e+000  0.000000e+000  0.000000e+000  0.000000e+000  0.000000e+000  0.000000e+000  0.000000e+000  0.000000e+000  0.000000e+000  0.000000e+000  0.000000e+000  0.000000e+000  
0.000000e+000  0.000000e+000  0.000000e+000  0.000000e+000  0.000000e+000  0.000000e+000  0.000000e+000  0.000000e+000  0.000000e+000  0.000000e+000  0.000000e+000  0.000000e+000  0.000000e+000  0.000000e+000  0.000000e+000  0.000000e+000  
0.000000e+000  0.000000e+000  0.000000e+000  0.000000e+000  0.000000e+000  0.000000e+000  0.000000e+000  0.000000e+000  0.000000e+000  0.000000e+000  0.000000e+000  0.000000e+000  0.000000e+000  0.000000e+000  0.000000e+000  0.000000e+000  
0.000000e+000  0.000000e+000  0.000000e+000  0.000000e+000  0.000000e+000  0.000000e+000  0.000000e+000  0.000000e+000  0.000000e+000  0.000000e+000  0.000000e+000  0.000000e+000  0.000000e+000  0.000000e+000  0.000000e+000  0.000000e+000  
0.000000e+000  0.000000e+000  0.000000e+000  0.000000e+000  0.000000e+000  0.000000e+000  0.000000e+000  0.000000e+000  0.000000e+000  0.000000e+000  0.000000e+000  0.000000e+000  0.000000e+000  0.000000e+000  0.000000e+000  0.000000e+000  
0.000000e+000  0.000000e+000  0.000000e+000  0.000000e+000  0.000000e+000  0.000000e+000  0.000000e+000  0.000000e+000  0.000000e+000  0.000000e+000  0.000000e+000  0.000000e+000  0.000000e+000  0.000000e+000  0.000000e+000  0.000000e+000  
0.000000e+000  0.000000e+000  0.000000e+000  0.000000e+000  0.000000e+000  0.000000e+000  0.000000e+000  0.000000e+000  0.000000e+000  0.000000e+000  0.000000e+000  0.000000e+000  0.000000e+000  0.000000e+000  0.000000e+000  0.000000e+000  
0.000000e+000  0.000000e+000  0.000000e+000  0.000000e+000  0.000000e+000  0.000000e+000  0.000000e+000  0.000000e+000  0.000000e+000  0.000000e+000  0.000000e+000  0.000000e+000  0.000000e+000  0.000000e+000  0.000000e+000  0.000000e+000  
0.000000e+000  0.000000e+000  0.000000e+000  0.000000e+000  0.000000e+000  0.000000e+000  0.000000e+000  0.000000e+000  0.000000e+000  0.000000e+000  0.000000e+000  0.000000e+000  0.000000e+000  0.000000e+000  0.000000e+000  0.000000e+000  
0.000000e+000  0.000000e+000  0.000000e+000  0.000000e+000  0.000000e+000  0.000000e+000  0.000000e+000  0.000000e+000  0.000000e+000  0.000000e+000  0.000000e+000  0.000000e+000  0.000000e+000  0.000000e+000  0.000000e+000  0.000000e+000  
0.000000e+000  0.000000e+000  0.000000e+000  0.000000e+000  0.000000e+000  0.000000e+000  0.000000e+000  0.000000e+000  0.000000e+000  0.000000e+000  0.000000e+000  0.000000e+000  0.000000e+000  0.000000e+000  0.000000e+000  0.000000e+000  
0.000000e+000  0.000000e+000  0.000000e+000  0.000000e+000  0.000000e+000  0.000000e+000  0.000000e+000  0.000000e+000  0.000000e+000  0.000000e+000  0.000000e+000  0.000000e+000  0.000000e+000  0.000000e+000  0.000000e+000  0.000000e+000  
0.000000e+000  0.000000e+000  0.000000e+000  0.000000e+000  0.000000e+000  0.000000e+000  0.000000e+000  0.000000e+000  0.000000e+000  0.000000e+000  0.000000e+000  0.000000e+000  0.000000e+000  0.000000e+000  0.000000e+000  0.000000e+000  
0.000000e+000  0.000000e+000  0.000000e+000  0.000000e+000  0.000000e+000  0.000000e+000  0.000000e+000  0.000000e+000  0.000000e+000  0.000000e+000  0.000000e+000  0.000000e+000  0.000000e+000  0.000000e+000  0.000000e+000  0.000000e+000  
0.000000e+000  0.000000e+000  0.000000e+000  0.000000e+000  0.000000e+000  0.000000e+000  0.000000e+000  0.000000e+000  0.000000e+000  0.000000e+000  0.000000e+000  0.000000e+000  0.000000e+000  0.000000e+000  0.000000e+000  0.000000e+000  

0.000000e+000  0.000000e+000  0.000000e+000  0.000000e+000  0.000000e+000  0.000000e+000  0.000000e+000  0.000000e+000  0.000000e+000  0.000000e+000  0.000000e+000  0.000000e+000  0.000000e+000  0.000000e+000  0.000000e+000  0.000000e+000  
0.000000e+000  0.000000e+000  0.000000e+000  0.000000e+000  0.000000e+000  0.000000e+000  0.000000e+000  0.000000e+000  0.000000e+000  0.000000e+000  0.000000e+000  0.000000e+000  0.000000e+000  0.000000e+000  0.000000e+000  0.000000e+000  
0.000000e+000  0.000000e+000  0.000000e+000  0.000000e+000  0.000000e+000  0.000000e+000  0.000000e+000  0.000000e+000  0.000000e+000  0.000000e+000  0.000000e+000  0.000000e+000  0.000000e+000  0.000000e+000  0.000000e+000  0.000000e+000  
0.000000e+000  0.000000e+000  0.000000e+000  0.000000e+000  0.000000e+000  0.000000e+000  0.000000e+000  0.000000e+000  0.000000e+000  0.000000e+000  0.000000e+000  0.000000e+000  0.000000e+000  0.000000e+000  0.000000e+000  0.000000e+000  
0.000000e+000  0.000000e+000  0.000000e+000  0.000000e+000  0.000000e+000  0.000000e+000  0.000000e+000  0.000000e+000  0.000000e+000  0.000000e+000  0.000000e+000  0.000000e+000  0.000000e+000  0.000000e+000  0.000000e+000  0.000000e+000  
0.000000e+000  0.000000e+000  0.000000e+000  0.000000e+000  0.000000e+000  0.000000e+000  0.000000e+000  0.000000e+000  0.000000e+000  0.000000e+000  0.000000e+000  0.000000e+000  0.000000e+000  0.000000e+000  0.000000e+000  0.000000e+000  
0.000000e+000  0.000000e+000  0.000000e+000  0.000000e+000  0.000000e+000  0.000000e+000  0.000000e+000  0.000000e+000  0.000000e+000  0.000000e+000  0.000000e+000  0.000000e+000  0.000000e+000  0.000000e+000  0.000000e+000  0.000000e+000  
0.000000e+000  0.000000e+000  0.000000e+000  0.000000e+000  0.000000e+000  0.000000e+000  0.000000e+000  0.000000e+000  0.000000e+000  0.000000e+000  0.000000e+000  0.000000e+000  0.000000e+000  0.000000e+000  0.000000e+000  0.000000e+000  
0.000000e+000  0.000000e+000  0.000000e+000  0.000000e+000  0.000000e+000  0.000000e+000  0.000000e+000  0.000000e+000  0.000000e+000  0.000000e+000  0.000000e+000  0.000000e+000  0.000000e+000  0.000000e+000  0.000000e+000  0.000000e+000  
0.000000e+000  0.000000e+000  0.000000e+000  0.000000e+000  0.000000e+000  0.000000e+000  0.000000e+000  0.000000e+000  0.000000e+000  0.000000e+000  0.000000e+000  0.000000e+000  0.000000e+000  0.000000e+000  0.000000e+000  0.000000e+000  
0.000000e+000  0.000000e+000  0.000000e+000  0.000000e+000  0.000000e+000  0.000000e+000  0.000000e+000  0.000000e+000  0.000000e+000  0.000000e+000  0.000000e+000  0.000000e+000  0.000000e+000  0.000000e+000  0.000000e+000  0.000000e+000  
0.000000e+000  0.000000e+000  0.000000e+000  0.000000e+000  0.000000e+000  0.000000e+000  0.000000e+000  0.000000e+000  0.000000e+000  0.000000e+000  0.000000e+000  0.000000e+000  0.000000e+000  0.000000e+000  0.000000e+000  0.000000e+000  
0.000000e+000  0.000000e+000  0.000000e+000  0.000000e+000  0.000000e+000  0.000000e+000  0.000000e+000  0.000000e+000  0.000000e+000  0.000000e+000  0.000000e+000  0.000000e+000  0.000000e+000  0.000000e+000  0.000000e+000  0.000000e+000  
0.000000e+000  0.000000e+000  0.000000e+000  0.000000e+000  0.000000e+000  0.000000e+000  0.000000e+000  0.000000e+000  0.000000e+000  0.000000e+000  0.000000e+000  0.000000e+000  0.000000e+000  0.000000e+000  0.000000e+000  0.000000e+000  
0.000000e+000  0.000000e+000  0.000000e+000  0.000000e+000  0.000000e+000  0.000000e+000  0.000000e+000  0.000000e+000  0.000000e+000  0.000000e+000  0.000000e+000  0.000000e+000  0.000000e+000  0.000000e+000  0.000000e+000  0.000000e+000  
0.000000e+000  0.000000e+000  0.000000e+000  0.000000e+000  0.000000e+000  0.000000e+000  0.000000e+000  0.000000e+000  0.000000e+000  0.000000e+000  0.000000e+000  0.000000e+000  0.000000e+000  0.000000e+000  0.000000e+000  0.000000e+000  
0.000000e+000  0.000000e+000  0.000000e+000  0.000000e+000  0.000000e+000  0.000000e+000  0.000000e+000  0.000000e+000  0.000000e+000  0.000000e+000  0.000000e+000  0.000000e+000  0.000000e+000  0.000000e+000  0.000000e+000  0.000000e+000  
0.000000e+000  0.000000e+000  0.000000e+000  0.000000e+000  0.000000e+000  0.000000e+000  0.000000e+000  0.000000e+000  0.000000e+000  0.000000e+000  0.000000e+000  0.000000e+000  0.000000e+000  0.000000e+000  0.000000e+000  0.000000e+000  
0.000000e+000  0.000000e+000  0.000000e+000  0.000000e+000  0.000000e+000  0.000000e+000  0.000000e+000  0.000000e+000  0.000000e+000  0.000000e+000  0.000000e+000  0.000000e+000  0.000000e+000  0.000000e+000  0.000000e+000  0.000000e+000  
0.000000e+000  0.000000e+000  0.000000e+000  0.000000e+000  0.000000e+000  0.000000e+000  0.000000e+000  0.000000e+000  0.000000e+000  0.000000e+000  0.000000e+000  0.000000e+000  0.000000e+000  0.000000e+000  0.000000e+000  0.000000e+000  
0.000000e+000  0.000000e+000  0.000000e+000  0.000000e+000  0.000000e+000  0.000000e+000  0.000000e+000  0.000000e+000  0.000000e+000  0.000000e+000  0.000000e+000  0.000000e+000  0.000000e+000  0.000000e+000  0.000000e+000  0.000000e+000  
0.000000e+000  0.000000e+000  0.000000e+000  0.000000e+000  0.000000e+000  0.000000e+000  0.000000e+000  0.000000e+000  0.000000e+000  0.000000e+000  0.000000e+000  0.000000e+000  0.000000e+000  0.000000e+000  0.000000e+000  0.000000e+000  
0.000000e+000  0.000000e+000  0.000000e+000  0.000000e+000  0.000000e+000  0.000000e+000  0.000000e+000  0.000000e+000  0.000000e+000  0.000000e+000  0.000000e+000  0.000000e+000  0.000000e+000  0.000000e+000  0.000000e+000  0.000000e+000  
0.000000e+000  0.000000e+000  0.000000e+000  0.000000e+000  0.000000e+000  0.000000e+000  0.000000e+000  0.000000e+000  0.000000e+000  0.000000e+000  0.000000e+000  0.000000e+000  0.000000e+000  0.000000e+000  0.000000e+000  0.000000e+000  
0.000000e+000  0.000000e+000  0.000000e+000  0.000000e+000  0.000000e+000  0.000000e+000  0.000000e+000  0.000000e+000  0.000000e+000  0.000000e+000  0.000000e+000  0.000000e+000  0.000000e+000  0.000000e+000  0.000000e+000  0.000000e+000  
0.000000e+000  0.000000e+000  0.000000e+000  0.000000e+000  0.000000e+000  0.000000e+000  0.000000e+000  0.000000e+000  0.000000e+000  0.000000e+000  0.000000e+000  0.000000e+000  0.000000e+000  0.000000e+000  0.000000e+000  0.000000e+000  
0.000000e+000  0.000000e+000  0.000000e+000  0.000000e+000  0.000000e+000  0.000000e+000  0.000000e+000  0.000000e+000  0.000000e+000  0.000000e+000  0.000000e+000  0.000000e+000  0.000000e+000  0.000000e+000  0.000000e+000  0.000000e+000  

0.000000e+000  0.000000e+000  0.000000e+000  0.000000e+000  0.000000e+000  0.000000e+000  0.000000e+000  0.000000e+000  0.000000e+000  0.000000e+000  0.000000e+000  0.000000e+000  0.000000e+000  0.000000e+000  0.000000e+000  0.000000e+000  
0.000000e+000  0.000000e+000  0.000000e+000  0.000000e+000  0.000000e+000  0.000000e+000  0.000000e+000  0.000000e+000  0.000000e+000  0.000000e+000  0.000000e+000  0.000000e+000  0.000000e+000  0.000000e+000  0.000000e+000  0.000000e+000  
0.000000e+000  0.000000e+000  0.000000e+000  0.000000e+000  0.000000e+000  0.000000e+000  0.000000e+000  0.000000e+000  0.000000e+000  0.000000e+000  0.000000e+000  0.000000e+000  0.000000e+000  0.000000e+000  0.000000e+000  0.000000e+000  
0.000000e+000  0.000000e+000  0.000000e+000  0.000000e+000  0.000000e+000  0.000000e+000  0.000000e+000  0.000000e+000  0.000000e+000  0.000000e+000  0.000000e+000  0.000000e+000  0.000000e+000  0.000000e+000  0.000000e+000  0.000000e+000  
0.000000e+000  0.000000e+000  0.000000e+000  0.000000e+000  0.000000e+000  0.000000e+000  0.000000e+000  0.000000e+000  0.000000e+000  0.000000e+000  0.000000e+000  0.000000e+000  0.000000e+000  0.000000e+000  0.000000e+000  0.000000e+000  
0.000000e+000  0.000000e+000  0.000000e+000  0.000000e+000  0.000000e+000  0.000000e+000  0.000000e+000  0.000000e+000  0.000000e+000  0.000000e+000  0.000000e+000  0.000000e+000  0.000000e+000  0.000000e+000  0.000000e+000  0.000000e+000  
0.000000e+000  0.000000e+000  0.000000e+000  0.000000e+000  0.000000e+000  0.000000e+000  0.000000e+000  0.000000e+000  0.000000e+000  0.000000e+000  0.000000e+000  0.000000e+000  0.000000e+000  0.000000e+000  0.000000e+000  0.000000e+000  
0.000000e+000  0.000000e+000  0.000000e+000  0.000000e+000  0.000000e+000  0.000000e+000  0.000000e+000  0.000000e+000  0.000000e+000  0.000000e+000  0.000000e+000  0.000000e+000  0.000000e+000  0.000000e+000  0.000000e+000  0.000000e+000  
0.000000e+000  0.000000e+000  0.000000e+000  0.000000e+000  0.000000e+000  0.000000e+000  0.000000e+000  0.000000e+000  0.000000e+000  0.000000e+000  0.000000e+000  0.000000e+000  0.000000e+000  0.000000e+000  0.000000e+000  0.000000e+000  
0.000000e+000  0.000000e+000  0.000000e+000  0.000000e+000  0.000000e+000  0.000000e+000  0.000000e+000  0.000000e+000  0.000000e+000  0.000000e+000  0.000000e+000  0.000000e+000  0.000000e+000  0.000000e+000  0.000000e+000  0.000000e+000  
0.000000e+000  0.000000e+000  0.000000e+000  0.000000e+000  0.000000e+000  0.000000e+000  0.000000e+000  0.000000e+000  0.000000e+000  0.000000e+000  0.000000e+000  0.000000e+000  0.000000e+000  0.000000e+000  0.000000e+000  0.000000e+000  
0.000000e+000  0.000000e+000  0.000000e+000  0.000000e+000  0.000000e+000  0.000000e+000  0.000000e+000  0.000000e+000  0.000000e+000  0.000000e+000  0.000000e+000  0.000000e+000  0.000000e+000  0.000000e+000  0.000000e+000  0.000000e+000  
0.000000e+000  0.000000e+000  0.000000e+000  0.000000e+000  0.000000e+000  0.000000e+000  0.000000e+000  0.000000e+000  0.000000e+000  0.000000e+000  0.000000e+000  0.000000e+000  0.000000e+000  0.000000e+000  0.000000e+000  0.000000e+000  
0.000000e+000  0.000000e+000  0.000000e+000  0.000000e+000  0.000000e+000  0.000000e+000  0.000000e+000  0.000000e+000  0.000000e+000  0.000000e+000  0.000000e+000  0.000000e+000  0.000000e+000  0.000000e+000  0.000000e+000  0.000000e+000  
0.000000e+000  0.000000e+000  0.000000e+000  0.000000e+000  0.000000e+000  0.000000e+000  0.000000e+000  0.000000e+000  0.000000e+000  0.000000e+000  0.000000e+000  0.000000e+000  0.000000e+000  0.000000e+000  0.000000e+000  0.000000e+000  
0.000000e+000  0.000000e+000  0.000000e+000  0.000000e+000  0.000000e+000  0.000000e+000  0.000000e+000  0.000000e+000  0.000000e+000  0.000000e+000  0.000000e+000  0.000000e+000  0.000000e+000  0.000000e+000  0.000000e+000  0.000000e+000  
0.000000e+000  0.000000e+000  0.000000e+000  0.000000e+000  0.000000e+000  0.000000e+000  0.000000e+000  0.000000e+000  0.000000e+000  0.000000e+000  0.000000e+000  0.000000e+000  0.000000e+000  0.000000e+000  0.000000e+000  0.000000e+000  
0.000000e+000  0.000000e+000  0.000000e+000  0.000000e+000  0.000000e+000  0.000000e+000  0.000000e+000  0.000000e+000  0.000000e+000  0.000000e+000  0.000000e+000  0.000000e+000  0.000000e+000  0.000000e+000  0.000000e+000  0.000000e+000  
0.000000e+000  0.000000e+000  0.000000e+000  0.000000e+000  0.000000e+000  0.000000e+000  0.000000e+000  0.000000e+000  0.000000e+000  0.000000e+000  0.000000e+000  0.000000e+000  0.000000e+000  0.000000e+000  0.000000e+000  0.000000e+000  
0.000000e+000  0.000000e+000  0.000000e+000  0.000000e+000  0.000000e+000  0.000000e+000  0.000000e+000  0.000000e+000  0.000000e+000  0.000000e+000  0.000000e+000  0.000000e+000  0.000000e+000  0.000000e+000  0.000000e+000  0.000000e+000  
0.000000e+000  0.000000e+000  0.000000e+000  0.000000e+000  0.000000e+000  0.000000e+000  0.000000e+000  0.000000e+000  0.000000e+000  0.000000e+000  0.000000e+000  0.000000e+000  0.000000e+000  0.000000e+000  0.000000e+000  0.000000e+000  
0.000000e+000  0.000000e+000  0.000000e+000  0.000000e+000  0.000000e+000  0.000000e+000  0.000000e+000  0.000000e+000  0.000000e+000  0.000000e+000  0.000000e+000  0.000000e+000  0.000000e+000  0.000000e+000  0.000000e+000  0.000000e+000  
0.000000e+000  0.000000e+000  0.000000e+000  0.000000e+000  0.000000e+000  0.000000e+000  0.000000e+000  0.000000e+000  0.000000e+000  0.000000e+000  0.000000e+000  0.000000e+000  0.000000e+000  0.000000e+000  0.000000e+000  0.000000e+000  
0.000000e+000  0.000000e+000  0.000000e+000  0.000000e+000  0.000000e+000  0.000000e+000  0.000000e+000  0.000000e+000  0.000000e+000  0.000000e+000  0.000000e+000  0.000000e+000  0.000000e+000  0.000000e+000  0.000000e+000  0.000000e+000  
0.000000e+000  0.000000e+000  0.000000e+000  0.000000e+000  0.000000e+000  0.000000e+000  0.000000e+000  0.000000e+000  0.000000e+000  0.000000e+000  0.000000e+000  0.000000e+000  0.000000e+000  0.000000e+000  0.000000e+000  0.000000e+000  
0.000000e+000  0.000000e+000  0.000000e+000  0.000000e+000  0.000000e+000  0.000000e+000  0.000000e+000  0.000000e+000  0.000000e+000  0.000000e+000  0.000000e+000  0.000000e+000  0.000000e+000  0.000000e+000  0.000000e+000  0.000000e+000  
0.000000e+000  0.000000e+000  0.000000e+000  0.000000e+000  0.000000e+000  0.000000e+000  0.000000e+000  0.000000e+000  0.000000e+000  0.000000e+000  0.000000e+000  0.000000e+000  0.000000e+000  0.000000e+000  0.000000e+000  0.000000e+000  

-0.000000e+000  -8.065335e-009  -1.564239e-008  -2.928057e-008  -3.164294e-008  -4.184992e-008  -5.174191e-008  -3.706967e-008  -2.856778e-008  -1.448858e-008  -3.707571e-008  -7.765624e-008  -7.063556e-008  -4.780557e-008  -2.468327e-008  -0.000000e+000  
-0.000000e+000  -8.659614e-009  -1.948646e-008  -1.820424e-008  -3.661950e-008  -3.987359e-008  -4.338473e-008  -4.087307e-008  -2.159421e-008  -1.429347e-008  -3.846124e-008  -7.365276e-008  -6.844499e-008  -4.612112e-008  -2.239717e-008  -0.000000e+000  
-0.000000e+000  -6.960194e-009  -1.348683e-008  -2.760993e-008  -2.908321e-008  -3.758722e-008  -4.449901e-008  -3.347953e-008  -3.055222e-008  -1.507609e-008  -3.999425e-008  -6.418118e-008  -6.779809e-008  -4.174378e-008  -2.022709e-008  -0.000000e+000  
-0.000000e+000  -6.332677e-009  -1.272546e-008  -1.952929e-008  -2.750314e-008  -3.560817e-008  -4.429463e-008  -3.864989e-008  -3.356286e-008  -2.874614e-008  -3.442860e-008  -6.862619e-008  -4.558692e-008  -3.095580e-008  -1.561983e-008  -0.000000e+000  
-0.000000e+000  -9.788957e-010  -8.025193e-010  9.599927e-010  3.546398e-009  6.995917e-009  1.359845e-008  -7.090577e-009  -2.531258e-008  -4.385901e-008  -3.511986e-008  -4.559125e-008  -1.961790e-009  -3.418751e-009  -2.235357e-009  -0.000000e+000  
-0.000000e+000  -3.199126e-009  -6.483366e-009  -1.000346e-008  -1.352248e-008  -1.648907e-008  -2.090349e-008  -1.733555e-008  -1.466194e-008  -1.101638e-008  -4.597614e-008  -2.107078e-008  -3.447453e-008  -2.288026e-008  -1.134805e-008  -0.000000e+000  
-0.000000e+000  -2.917115e-009  -5.682698e-009  -8.492060e-009  -1.139540e-008  -1.478290e-008  -1.864489e-008  -1.231223e-008  -5.413306e-009  1.647983e-009  -4.406515e-008  -5.496351e-009  -3.671228e-008  -2.401294e-008  -1.170598e-008  -0.000000e+000  
-0.000000e+000  -3.445998e-010  -1.804544e-009  -2.501870e-009  -3.139868e-009  -3.595447e-009  -3.728180e-009  -5.546781e-009  -8.078244e-009  -1.114717e-008  -2.994058e-008  6.946170e-010  -7.365415e-009  -6.505358e-009  -3.947110e-009  -0.000000e+000  
-0.000000e+000  -1.970267e-009  9.425086e-010  1.782177e-009  2.119304e-010  6.973922e-009  1.519345e-008  6.788045e-009  5.360941e-009  4.370511e-009  -3.975797e-008  2.255459e-008  -1.556988e-008  -1.275315e-008  -5.933378e-009  -0.000000e+000  
-0.000000e+000  2.026903e-009  -1.539108e-009  -3.175730e-009  3.386109e-009  1.780821e-009  2.181041e-009  4.416087e-009  4.463507e-009  1.080473e-008  -3.324148e-008  1.948632e-008  -1.730865e-008  -1.060108e-008  -6.056948e-009  -0.000000e+000  
-0.000000e+000  9.162895e-010  -1.294278e-009  4.268515e-009  -1.009810e-008  -4.832986e-009  -1.440336e-008  -1.135890e-009  1.276870e-008  2.114784e-008  -3.078736e-008  2.038880e-008  -2.684219e-008  -9.301154e-009  -4.156208e-009  -0.000000e+000  
-0.000000e+000  -2.232130e-008  5.029400e-009  -1.102392e-008  2.942176e-008  -1.765486e-009  -9.214537e-010  8.474011e-009  -4.120692e-009  2.453762e-008  -1.835020e-008  2.615408e-008  -1.133879e-008  -7.268280e-009  -8.836355e-009  -0.000000e+000  
-0.000000e+000  1.653246e-008  6.066550e-009  -0.000000e+000  -1.609265e-008  3.966065e-009  3.347725e-008  -1.013419e-008  7.036106e-009  -2.366865e-008  -6.328399e-009  3.405673e-009  3.097325e-010  -1.162900e-008  1.646464e-008  -0.000000e+000  
-0.000000e+000  2.456332e-008  -3.205872e-008  1.980430e-008  -4.291112e-009  -9.858445e-009  -2.545004e-008  8.169248e-009  3.820287e-010  2.192812e-008  -1.822523e-009  -1.309806e-008  -1.105752e-008  2.352273e-008  -2.155033e-008  -0.000000e+000  
-0.000000e+000  -3.758714e-008  3.848242e-008  -2.429594e-008  7.080899e-009  1.076251e-008  -5.844223e-009  -3.700525e-009  -1.537551e-008  -2.441465e-008  3.213520e-008  -7.264726e-009  2.696356e-008  -1.238698e-008  1.511191e-008  -0.000000e+000  
-0.000000e+000  8.220869e-009  -1.131481e-008  7.938416e-009  -3.774933e-009  3.702624e-009  1.520827e-008  -6.813658e-010  -8.752230e-010  -2.230215e-008  2.757747e-008  -2.787813e-008  2.337993e-008  1.335290e-008  4.579118e-009  -0.000000e+000  
-0.000000e+000  4.316301e-009  2.726816e-009  -7.310328e-009  5.389222e-009  -4.767075e-009  -3.438907e-010  -1.885789e-009  -1.304503e-008  -8.070699e-009  3.268945e-008  -1.879837e-008  1.775793e-008  1.384157e-008  3.976727e-009  -0.000000e+000  
-0.000000e+000  -1.988500e-009  9.882631e-010  6.001966e-009  -6.420232e-009  -3.421659e-009  -1.780506e-008  -9.382428e-009  -1.604485e-009  -5.249177e-009  4.015279e-008  -2.124823e-008  1.649989e-008  1.055333e-008  7.015082e-009  -0.000000e+000  
-0.000000e+000  4.340752e-010  1.655149e-009  2.468706e-009  3.787749e-009  2.999151e-009  3.304221e-009  5.636722e-009  8.285711e-009  1.124775e-008  3.034881e-008  -6.701007e-010  7.584434e-009  6.345357e-009  3.331733e-009  -0.000000e+000  
-0.000000e+000  3.072995e-009  6.000371e-009  8.304104e-009  1.149256e-008  1.486390e-008  1.882419e-008  1.172100e-008  4.956517e-009  -1.372556e-009  4.424477e-008  5.809406e-009  3.658908e-008  2.396038e-008  1.154694e-008  -0.000000e+000  
-0.000000e+000  3.248292e-009  6.179896e-009  9.697436e-009  1.249621e-008  1.682366e-008  2.093817e-008  1.779211e-008  1.457275e-008  1.042074e-008  4.568602e-008  2.126544e-008  3.442879e-008  2.332555e-008  1.224244e-008  -0.000000e+000  
-0.000000e+000  -0.000000e+000  1.256349e-010  -5.483455e-010  -2.396219e-009  -7.339303e-009  -1.407121e-008  7.318321e-009  2.598583e-008  4.404821e-008  3.535294e-008  4.526874e-008  2.299063e-009  3.043652e-009  1.798124e-009  -0.000000e+000  
-0.000000e+000  6.829401e-009  1.306148e-008  2.031332e-008  2.692938e-008  3.619848e-008  4.417113e-008  3.844940e-008  3.343683e-008  2.944807e-008  3.401756e-008  6.835530e-008  4.513068e-008  3.108263e-008  1.584304e-008  -0.000000e+000  
-0.000000e+000  7.544145e-009  1.744596e-008  2.131669e-008  3.271381e-008  3.580029e-008  4.378214e-008  3.576533e-008  2.685435e-008  1.421744e-008  4.090384e-008  6.639300e-008  6.551486e-008  4.270497e-008  2.191114e-008  -0.000000e+000  
-0.000000e+000  1.060780e-008  1.494848e-008  2.646897e-008  3.087655e-008  4.021100e-008  4.932443e-008  3.737064e-008  2.757501e-008  1.366106e-008  3.874670e-008  7.294330e-008  7.010067e-008  4.634336e-008  2.261904e-008  -0.000000e+000  
-0.000000e+000  6.723146e-009  1.757901e-008  2.485370e-008  3.447972e-008  4.219490e-008  4.956852e-008  3.933616e-008  2.630111e-008  1.457597e-008  3.569594e-008  7.638959e-008  7.088385e-008  4.646088e-008  2.305228e-008  -0.000000e+000  
-0.000000e+000  -0.000000e+000  -0.000000e+000  -0.000000e+000  -0.000000e+000  -0.000000e+000  -0.000000e+000  -0.000000e+000  -0.000000e+000  -0.000000e+000  -0.000000e+000  -0.000000e+000  -0.000000e+000  -0.000000e+000  -0.000000e+000  -0.000000e+000  

-0.000000e+000  -0.000000e+000  -0.000000e+000  -0.000000e+000  -0.000000e+000  -0.000000e+000  -0.000000e+000  -0.000000e+000  -0.000000e+000  -0.000000e+000  -0.000000e+000  -0.000000e+000  -0.000000e+000  -0.000000e+000  -0.000000e+000  -0.000000e+000  
2.691577e-001  2.691577e-001  2.691577e-001  2.691577e-001  2.691577e-001  2.691577e-001  2.691577e-001  2.691577e-001  2.691577e-001  2.691577e-001  2.691577e-001  2.691577e-001  2.691577e-001  2.691577e-001  2.691577e-001  -0.000000e+000  
5.306903e-001  5.306903e-001  5.306903e-001  5.306903e-001  5.306903e-001  5.306903e-001  5.306904e-001  5.306903e-001  5.306903e-001  5.306903e-001  5.306903e-001  5.306903e-001  5.306904e-001  5.306904e-001  5.306904e-001  -0.000000e+000  
7.771888e-001  7.771888e-001  7.771888e-001  7.771888e-001  7.771888e-001  7.771888e-001  7.771888e-001  7.771888e-001  7.771888e-001  7.771888e-001  7.771888e-001  7.771888e-001  7.771888e-001  7.771888e-001  7.771888e-001  -0.000000e+000  
1.504092e+000  1.504092e+000  1.504092e+000  1.504092e+000  1.504092e+000  1.504092e+000  1.504092e+000  1.504092e+000  1.504092e+000  1.504092e+000  1.504092e+000  1.504092e+000  1.504092e+000  1.504092e+000  1.504092e+000  -0.000000e+000  
1.603301e+000  1.603301e+000  1.603301e+000  1.603301e+000  1.603301e+000  1.603301e+000  1.603301e+000  1.603301e+000  1.603301e+000  1.603301e+000  1.603301e+000  1.603301e+000  1.603301e+000  1.603301e+000  1.603301e+000  -0.000000e+000  
8.646553e-001  8.646553e-001  8.646553e-001  8.646553e-001  8.646553e-001  8.646553e-001  8.646553e-001  8.646553e-001  8.646553e-001  8.646553e-001  8.646553e-001  8.646553e-001  8.646553e-001  8.646553e-001  8.646553e-001  -0.000000e+000  
-3.258431e-001  -3.258431e-001  -3.258431e-001  -3.258431e-001  -3.258431e-001  -3.258430e-001  -3.258430e-001  -3.258430e-001  -3.258430e-001  -3.258431e-001  -3.258430e-001  -3.258430e-001  -3.258430e-001  -3.258430e-001  -3.258430e-001  -0.000000e+000  
-1.224048e+000  -1.224048e+000  -1.224048e+000  -1.224048e+000  -1.224048e+000  -1.224048e+000  -1.224048e+000  -1.224048e+000  -1.224048e+000  -1.224048e+000  -1.224048e+000  -1.224048e+000  -1.224048e+000  -1.224048e+000  -1.224048e+000  -0.000000e+000  
-1.381943e+000  -1.381943e+000  -1.381943e+000  -1.381943e+000  -1.381943e+000  -1.381943e+000  -1.381943e+000  -1.381943e+000  -1.381943e+000  -1.381943e+000  -1.381943e+000  -1.381943e+000  -1.381943e+000  -1.381943e+000  -1.381943e+000  -0.000000e+000  
-1.500688e+000  -1.500688e+000  -1.500688e+000  -1.500688e+000  -1.500688e+000  -1.500688e+000  -1.500688e+000  -1.500688e+000  -1.500688e+000  -1.500688e+000  -1.500688e+000  -1.500688e+000  -1.500688e+000  -1.500688e+000  -1.500688e+000  -0.000000e+000  
-1.576919e+000  -1.576919e+000  -1.576919e+000  -1.576919e+000  -1.576919e+000  -1.576919e+000  -1.576919e+000  -1.576919e+000  -1.576919e+000  -1.576919e+000  -1.576919e+000  -1.576919e+000  -1.576919e+000  -1.576919e+000  -1.576919e+000  -0.000000e+000  
-1.601095e+000  -1.601095e+000  -1.601095e+000  -1.601095e+000  -1.601095e+000  -1.601095e+000  -1.601095e+000  -1.601095e+000  -1.601095e+000  -1.601095e+000  -1.601095e+000  -1.601095e+000  -1.601095e+000  -1.601095e+000  -1.601095e+000  -0.000000e+000  
-1.609180e+000  -1.609180e+000  -1.609180e+000  -1.609180e+000  -1.609180e+000  -1.609181e+000  -1.609180e+000  -1.609181e+000  -1.609181e+000  -1.609181e+000  -1.609180e+000  -1.609181e+000  -1.609180e+000  -1.609181e+000  -1.609180e+000  -0.000000e+000  
-1.601095e+000  -1.601095e+000  -1.601095e+000  -1.601095e+000  -1.601095e+000  -1.601095e+000  -1.601095e+000  -1.601095e+000  -1.601095e+000  -1.601095e+000  -1.601095e+000  -1.601095e+000  -1.601095e+000  -1.601095e+000  -1.601095e+000  -0.000000e+000  
-1.576919e+000  -1.576919e+000  -1.576919e+000  -1.576919e+000  -1.576919e+000  -1.576919e+000  -1.576919e+000  -1.576919e+000  -1.576919e+000  -1.576919e+000  -1.576919e+000  -1.576919e+000  -1.576919e+000  -1.576919e+000  -1.576919e+000  -0.000000e+000  
-1.500688e+000  -1.500688e+000  -1.500688e+000  -1.500688e+000  -1.500688e+000  -1.500688e+000  -1.500688e+000  -1.500688e+000  -1.500688e+000  -1.500688e+000  -1.500688e+000  -1.500688e+000  -1.500688e+000  -1.500688e+000  -1.500688e+000  -0.000000e+000  
-1.381943e+000  -1.381943e+000  -1.381943e+000  -1.381943e+000  -1.381943e+000  -1.381943e+000  -1.381943e+000  -1.381943e+000  -1.381943e+000  -1.381943e+000  -1.381943e+000  -1.381943e+000  -1.381943e+000  -1.381943e+000  -1.381943e+000  -0.000000e+000  
-1.224048e+000  -1.224048e+000  -1.224048e+000  -1.224048e+000  -1.224048e+000  -1.224048e+000  -1.224048e+000  -1.224048e+000  -1.224048e+000  -1.224048e+000  -1.224048e+000  -1.224048e+000  -1.224048e+000  -1.224048e+000  -1.224048e+000  -0.000000e+000  
-3.258431e-001  -3.258431e-001  -3.258431e-001  -3.258431e-001  -3.258430e-001  -3.258430e-001  -3.258430e-001  -3.258430e-001  -3.258430e-001  -3.258431e-001  -3.258430e-001  -3.258430e-001  -3.258430e-001  -3.258430e-001  -3.258430e-001  -0.000000e+000  
8.646553e-001  8.646553e-001  8.646553e-001  8.646553e-001  8.646553e-001  8.646553e-001  8.646553e-001  8.646553e-001  8.646553e-001  8.646553e-001  8.646553e-001  8.646553e-001  8.646553e-001  8.646553e-001  8.646553e-001  -0.000000e+000  
1.603301e+000  1.603301e+000  1.603301e+000  1.603301e+000  1.603301e+000  1.603301e+000  1.603301e+000  1.603301e+000  1.603301e+000  1.603301e+000  1.603301e+000  1.603301e+000  1.603301e+000  1.603301e+000  1.603301e+000  -0.000000e+000  
1.504092e+000  1.504092e+000  1.504092e+000  1.504092e+000  1.504092e+000  1.504092e+000  1.504092e+000  1.504092e+000  1.504092e+000  1.504092e+000  1.504092e+000  1.504092e+000  1.504092e+000  1.504092e+000  1.504092e+000  -0.000000e+000  
7.771888e-001  7.771888e-001  7.771888e-001  7.771888e-001  7.771888e-001  7.771888e-001  7.771888e-001  7.771888e-001  7.771888e-001  7.771888e-001  7.771888e-001  7.771888e-001  7.771888e-001  7.771888e-001  7.771888e-001  -0.000000e+000  
5.306903e-001  5.306903e-001  5.306903e-001  5.306903e-001  5.306903e-001  5.306903e-001  5.306903e-001  5.306903e-001  5.306903e-001  5.306903e-001  5.306903e-001  5.306904e-001  5.306903e-001  5.306904e-001  5.306904e-001  -0.000000e+000  
2.691577e-001  2.691577e-001  2.691577e-001  2.691577e-001  2.691577e-001  2.691577e-001  2.691577e-001  2.691577e-001  2.691577e-001  2.691577e-001  2.691577e-001  2.691577e-001  2.691577e-001  2.691577e-001  2.691577e-001  -0.000000e+000  
-0.000000e+000  -0.000000e+000  -0.000000e+000  -0.000000e+000  -0.000000e+000  -0.000000e+000  -0.000000e+000  -0.000000e+000  -0.000000e+000  -0.000000e+000  -0.000000e+000  -0.000000e+000  -0.000000e+000  -0.000000e+000  -0.000000e+000  -0.000000e+000  

1.815189e+000  1.815189e+000  1.815189e+000  1.815189e+000  1.815189e+000  1.815189e+000  1.815189e+000  1.815189e+000  1.815189e+000  1.815189e+000  1.815189e+000  1.815189e+000  1.815189e+000  1.815189e+000  1.815189e+000  -0.000000e+000  
1.763766e+000  1.763766e+000  1.763766e+000  1.763766e+000  1.763766e+000  1.763766e+000  1.763766e+000  1.763766e+000  1.763766e+000  1.763766e+000  1.763766e+000  1.763766e+000  1.763766e+000  1.763766e+000  1.763766e+000  -0.000000e+000  
1.662376e+000  1.662376e+000  1.662376e+000  1.662376e+000  1.662376e+000  1.662376e+000  1.662376e+000  1.662376e+000  1.662376e+000  1.662376e+000  1.662376e+000  1.662376e+000  1.662376e+000  1.662376e+000  1.662376e+000  -0.000000e+000  
1.310392e+000  1.310392e+000  1.310392e+000  1.310392e+000  1.310392e+000  1.310392e+000  1.310392e+000  1.310392e+000  1.310392e+000  1.310392e+000  1.310392e+000  1.310392e+000  1.310392e+000  1.310392e+000  1.310392e+000  -0.000000e+000  
1.557793e-001  1.557793e-001  1.557793e-001  1.557793e-001  1.557793e-001  1.557793e-001  1.557793e-001  1.557793e-001  1.557793e-001  1.557793e-001  1.557794e-001  1.557794e-001  1.557794e-001  1.557794e-001  1.557794e-001  -0.000000e+000  
-1.159829e+000  -1.159829e+000  -1.159829e+000  -1.159829e+000  -1.159829e+000  -1.159829e+000  -1.159829e+000  -1.159829e+000  -1.159829e+000  -1.159829e+000  -1.159829e+000  -1.159829e+000  -1.159829e+000  -1.159829e+000  -1.159829e+000  -0.000000e+000  
-1.869332e+000  -1.869332e+000  -1.869332e+000  -1.869332e+000  -1.869332e+000  -1.869332e+000  -1.869332e+000  -1.869332e+000  -1.869332e+000  -1.869332e+000  -1.869332e+000  -1.869332e+000  -1.869332e+000  -1.869332e+000  -1.869332e+000  -0.000000e+000  
-1.619200e+000  -1.619200e+000  -1.619200e+000  -1.619200e+000  -1.619199e+000  -1.619199e+000  -1.619199e+000  -1.619199e+000  -1.619199e+000  -1.619199e+000  -1.619199e+000  -1.619199e+000  -1.619199e+000  -1.619199e+000  -1.619199e+000  -0.000000e+000  
-1.064836e+000  -1.064836e+000  -1.064836e+000  -1.064836e+000  -1.064836e+000  -1.064836e+000  -1.064836e+000  -1.064836e+000  -1.064836e+000  -1.064836e+000  -1.064836e+000  -1.064836e+000  -1.064836e+000  -1.064836e+000  -1.064836e+000  -0.000000e+000  
-8.008117e-001  -8.008117e-001  -8.008117e-001  -8.008117e-001  -8.008117e-001  -8.008117e-001  -8.008117e-001  -8.008117e-001  -8.008117e-001  -8.008117e-001  -8.008117e-001  -8.008117e-001  -8.008117e-001  -8.008117e-001  -8.008117e-001  -0.000000e+000  
-5.141007e-001  -5.141007e-001  -5.141007e-001  -5.141007e-001  -5.141007e-001  -5.141007e-001  -5.141007e-001  -5.141007e-001  -5.141007e-001  -5.141007e-001  -5.141006e-001  -5.141007e-001  -5.141006e-001  -5.141006e-001  -5.141006e-001  -0.000000e+000  
-2.737439e-001  -2.737439e-001  -2.737439e-001  -2.737439e-001  -2.737439e-001  -2.737439e-001  -2.737439e-001  -2.737439e-001  -2.737439e-001  -2.737439e-001  -2.737439e-001  -2.737439e-001  -2.737439e-001  -2.737439e-001  -2.737439e-001  -0.000000e+000  
-9.155465e-002  -9.155466e-002  -9.155466e-002  -9.155466e-002  -9.155465e-002  -9.155466e-002  -9.155466e-002  -9.155466e-002  -9.155466e-002  -9.155466e-002  -9.155465e-002  -9.155466e-002  -9.155465e-002  -9.155465e-002  -9.155465e-002  -0.000000e+000  
9.155466e-002  9.155466e-002  9.155466e-002  9.155466e-002  9.155466e-002  9.155466e-002  9.155466e-002  9.155466e-002  9.155466e-002  9.155466e-002  9.155465e-002  9.155466e-002  9.155466e-002  9.155466e-002  9.155465e-002  -0.000000e+000  
2.737439e-001  2.737439e-001  2.737439e-001  2.737439e-001  2.737439e-001  2.737439e-001  2.737439e-001  2.737439e-001  2.737439e-001  2.737439e-001  2.737439e-001  2.737439e-001  2.737439e-001  2.737439e-001  2.737439e-001  -0.000000e+000  
5.141007e-001  5.141007e-001  5.141007e-001  5.141007e-001  5.141007e-001  5.141007e-001  5.141007e-001  5.141007e-001  5.141007e-001  5.141007e-001  5.141006e-001  5.141007e-001  5.141006e-001  5.141006e-001  5.141006e-001  -0.000000e+000  
8.008117e-001  8.008117e-001  8.008117e-001  8.008117e-001  8.008117e-001  8.008117e-001  8.008117e-001  8.008117e-001  8.008117e-001  8.008117e-001  8.008117e-001  8.008117e-001  8.008117e-001  8.008117e-001  8.008117e-001  -0.000000e+000  
1.064836e+000  1.064836e+000  1.064836e+000  1.064836e+000  1.064836e+000  1.064836e+000  1.064836e+000  1.064836e+000  1.064836e+000  1.064836e+000  1.064836e+000  1.064836e+000  1.064836e+000  1.064836e+000  1.064836e+000  -0.000000e+000  
1.619200e+000  1.619200e+000  1.619200e+000  1.619200e+000  1.619199e+000  1.619199e+000  1.619199e+000  1.619199e+000  1.619199e+000  1.619199e+000  1.619199e+000  1.619199e+000  1.619199e+000  1.619199e+000  1.619199e+000  -0.000000e+000  
1.869332e+000  1.869332e+000  1.869332e+000  1.869332e+000  1.869332e+000  1.869332e+000  1.869332e+000  1.869332e+000  1.869332e+000  1.869332e+000  1.869332e+000  1.869332e+000  1.869332e+000  1.869332e+000  1.869332e+000  -0.000000e+000  
1.159829e+000  1.159829e+000  1.159829e+000  1.159829e+000  1.159829e+000  1.159829e+000  1.159829e+000  1.159829e+000  1.159829e+000  1.159829e+000  1.159829e+000  1.159829e+000  1.159829e+000  1.159829e+000  1.159829e+000  -0.000000e+000  
-1.557793e-001  -1.557793e-001  -1.557793e-001  -1.557793e-001  -1.557793e-001  -1.557793e-001  -1.557793e-001  -1.557793e-001  -1.557793e-001  -1.557793e-001  -1.557794e-001  -1.557794e-001  -1.557794e-001  -1.557794e-001  -1.557794e-001  -0.000000e+000  
-1.310392e+000  -1.310392e+000  -1.310392e+000  -1.310392e+000  -1.310392e+000  -1.310392e+000  -1.310392e+000  -1.310392e+000  -1.310392e+000  -1.310392e+000  -1.310392e+000  -1.310392e+000  -1.310392e+000  -1.310392e+000  -1.310392e+000  -0.000000e+000  
-1.662376e+000  -1.662376e+000  -1.662376e+000  -1.662376e+000  -1.662376e+000  -1.662376e+000  -1.662376e+000  -1.662376e+000  -1.662376e+000  -1.662376e+000  -1.662376e+000  -1.662376e+000  -1.662376e+000  -1.662376e+000  -1.662376e+000  -0.000000e+000  
-1.763766e+000  -1.763766e+000  -1.763766e+000  -1.763766e+000  -1.763766e+000  -1.763766e+000  -1.763766e+000  -1.763766e+000  -1.763766e+000  -1.763766e+000  -1.763766e+000  -1.763766e+000  -1.763766e+000  -1.763766e+000  -1.763766e+000  -0.000000e+000  
-1.815189e+000  -1.815189e+000  -1.815189e+000  -1.815189e+000  -1.815189e+000  -1.815189e+000  -1.815189e+000  -1.815189e+000  -1.815189e+000  -1.815189e+000  -1.815189e+000  -1.815189e+000  -1.815189e+000  -1.815189e+000  -1.815189e+000  -0.000000e+000  
-0.000000e+000  -0.000000e+000  -0.000000e+000  -0.000000e+000  -0.000000e+000  -0.000000e+000  -0.000000e+000  -0.000000e+000  -0.000000e+000  -0.000000e+000  -0.000000e+000  -0.000000e+000  -0.000000e+000  -0.000000e+000  -0.000000e+000  -0.000000e+000  

