Port monitor named: Port2_h7[2.2].prt

nx        = 71
ny        = 23
nz        = 31

nu        = 16
nv        = 27
iu        = 3
iv        = 3

idir      = 0
dcut      = 5.114300e-001
icut      = 71
type      = 1
frequency = 2.200000e+009

fcutoff   = 5.046954e+009
alpha     = 9.517551e+001
beta      = 0.000000e+000
accuracy  = 1.082801e-010

type          = TE
wave imp.     = 1.825102e+002
wave imp.sig. = 7.810325e-006
line imp.     = 0.000000e+000

ref. port     = 0

0.000000e+000  0.000000e+000  0.000000e+000  0.000000e+000  0.000000e+000  0.000000e+000  0.000000e+000  0.000000e+000  0.000000e+000  0.000000e+000  0.000000e+000  0.000000e+000  0.000000e+000  0.000000e+000  0.000000e+000  0.000000e+000  
0.000000e+000  0.000000e+000  0.000000e+000  0.000000e+000  0.000000e+000  0.000000e+000  0.000000e+000  0.000000e+000  0.000000e+000  0.000000e+000  0.000000e+000  0.000000e+000  0.000000e+000  0.000000e+000  0.000000e+000  0.000000e+000  
0.000000e+000  0.000000e+000  0.000000e+000  0.000000e+000  0.000000e+000  0.000000e+000  0.000000e+000  0.000000e+000  0.000000e+000  0.000000e+000  0.000000e+000  0.000000e+000  0.000000e+000  0.000000e+000  0.000000e+000  0.000000e+000  
0.000000e+000  0.000000e+000  0.000000e+000  0.000000e+000  0.000000e+000  0.000000e+000  0.000000e+000  0.000000e+000  0.000000e+000  0.000000e+000  0.000000e+000  0.000000e+000  0.000000e+000  0.000000e+000  0.000000e+000  0.000000e+000  
0.000000e+000  0.000000e+000  0.000000e+000  0.000000e+000  0.000000e+000  0.000000e+000  0.000000e+000  0.000000e+000  0.000000e+000  0.000000e+000  0.000000e+000  0.000000e+000  0.000000e+000  0.000000e+000  0.000000e+000  0.000000e+000  
0.000000e+000  0.000000e+000  0.000000e+000  0.000000e+000  0.000000e+000  0.000000e+000  0.000000e+000  0.000000e+000  0.000000e+000  0.000000e+000  0.000000e+000  0.000000e+000  0.000000e+000  0.000000e+000  0.000000e+000  0.000000e+000  
0.000000e+000  0.000000e+000  0.000000e+000  0.000000e+000  0.000000e+000  0.000000e+000  0.000000e+000  0.000000e+000  0.000000e+000  0.000000e+000  0.000000e+000  0.000000e+000  0.000000e+000  0.000000e+000  0.000000e+000  0.000000e+000  
0.000000e+000  0.000000e+000  0.000000e+000  0.000000e+000  0.000000e+000  0.000000e+000  0.000000e+000  0.000000e+000  0.000000e+000  0.000000e+000  0.000000e+000  0.000000e+000  0.000000e+000  0.000000e+000  0.000000e+000  0.000000e+000  
0.000000e+000  0.000000e+000  0.000000e+000  0.000000e+000  0.000000e+000  0.000000e+000  0.000000e+000  0.000000e+000  0.000000e+000  0.000000e+000  0.000000e+000  0.000000e+000  0.000000e+000  0.000000e+000  0.000000e+000  0.000000e+000  
0.000000e+000  0.000000e+000  0.000000e+000  0.000000e+000  0.000000e+000  0.000000e+000  0.000000e+000  0.000000e+000  0.000000e+000  0.000000e+000  0.000000e+000  0.000000e+000  0.000000e+000  0.000000e+000  0.000000e+000  0.000000e+000  
0.000000e+000  0.000000e+000  0.000000e+000  0.000000e+000  0.000000e+000  0.000000e+000  0.000000e+000  0.000000e+000  0.000000e+000  0.000000e+000  0.000000e+000  0.000000e+000  0.000000e+000  0.000000e+000  0.000000e+000  0.000000e+000  
0.000000e+000  0.000000e+000  0.000000e+000  0.000000e+000  0.000000e+000  0.000000e+000  0.000000e+000  0.000000e+000  0.000000e+000  0.000000e+000  0.000000e+000  0.000000e+000  0.000000e+000  0.000000e+000  0.000000e+000  0.000000e+000  
0.000000e+000  0.000000e+000  0.000000e+000  0.000000e+000  0.000000e+000  0.000000e+000  0.000000e+000  0.000000e+000  0.000000e+000  0.000000e+000  0.000000e+000  0.000000e+000  0.000000e+000  0.000000e+000  0.000000e+000  0.000000e+000  
0.000000e+000  0.000000e+000  0.000000e+000  0.000000e+000  0.000000e+000  0.000000e+000  0.000000e+000  0.000000e+000  0.000000e+000  0.000000e+000  0.000000e+000  0.000000e+000  0.000000e+000  0.000000e+000  0.000000e+000  0.000000e+000  
0.000000e+000  0.000000e+000  0.000000e+000  0.000000e+000  0.000000e+000  0.000000e+000  0.000000e+000  0.000000e+000  0.000000e+000  0.000000e+000  0.000000e+000  0.000000e+000  0.000000e+000  0.000000e+000  0.000000e+000  0.000000e+000  
0.000000e+000  0.000000e+000  0.000000e+000  0.000000e+000  0.000000e+000  0.000000e+000  0.000000e+000  0.000000e+000  0.000000e+000  0.000000e+000  0.000000e+000  0.000000e+000  0.000000e+000  0.000000e+000  0.000000e+000  0.000000e+000  
0.000000e+000  0.000000e+000  0.000000e+000  0.000000e+000  0.000000e+000  0.000000e+000  0.000000e+000  0.000000e+000  0.000000e+000  0.000000e+000  0.000000e+000  0.000000e+000  0.000000e+000  0.000000e+000  0.000000e+000  0.000000e+000  
0.000000e+000  0.000000e+000  0.000000e+000  0.000000e+000  0.000000e+000  0.000000e+000  0.000000e+000  0.000000e+000  0.000000e+000  0.000000e+000  0.000000e+000  0.000000e+000  0.000000e+000  0.000000e+000  0.000000e+000  0.000000e+000  
0.000000e+000  0.000000e+000  0.000000e+000  0.000000e+000  0.000000e+000  0.000000e+000  0.000000e+000  0.000000e+000  0.000000e+000  0.000000e+000  0.000000e+000  0.000000e+000  0.000000e+000  0.000000e+000  0.000000e+000  0.000000e+000  
0.000000e+000  0.000000e+000  0.000000e+000  0.000000e+000  0.000000e+000  0.000000e+000  0.000000e+000  0.000000e+000  0.000000e+000  0.000000e+000  0.000000e+000  0.000000e+000  0.000000e+000  0.000000e+000  0.000000e+000  0.000000e+000  
0.000000e+000  0.000000e+000  0.000000e+000  0.000000e+000  0.000000e+000  0.000000e+000  0.000000e+000  0.000000e+000  0.000000e+000  0.000000e+000  0.000000e+000  0.000000e+000  0.000000e+000  0.000000e+000  0.000000e+000  0.000000e+000  
0.000000e+000  0.000000e+000  0.000000e+000  0.000000e+000  0.000000e+000  0.000000e+000  0.000000e+000  0.000000e+000  0.000000e+000  0.000000e+000  0.000000e+000  0.000000e+000  0.000000e+000  0.000000e+000  0.000000e+000  0.000000e+000  
0.000000e+000  0.000000e+000  0.000000e+000  0.000000e+000  0.000000e+000  0.000000e+000  0.000000e+000  0.000000e+000  0.000000e+000  0.000000e+000  0.000000e+000  0.000000e+000  0.000000e+000  0.000000e+000  0.000000e+000  0.000000e+000  
0.000000e+000  0.000000e+000  0.000000e+000  0.000000e+000  0.000000e+000  0.000000e+000  0.000000e+000  0.000000e+000  0.000000e+000  0.000000e+000  0.000000e+000  0.000000e+000  0.000000e+000  0.000000e+000  0.000000e+000  0.000000e+000  
0.000000e+000  0.000000e+000  0.000000e+000  0.000000e+000  0.000000e+000  0.000000e+000  0.000000e+000  0.000000e+000  0.000000e+000  0.000000e+000  0.000000e+000  0.000000e+000  0.000000e+000  0.000000e+000  0.000000e+000  0.000000e+000  
0.000000e+000  0.000000e+000  0.000000e+000  0.000000e+000  0.000000e+000  0.000000e+000  0.000000e+000  0.000000e+000  0.000000e+000  0.000000e+000  0.000000e+000  0.000000e+000  0.000000e+000  0.000000e+000  0.000000e+000  0.000000e+000  
0.000000e+000  0.000000e+000  0.000000e+000  0.000000e+000  0.000000e+000  0.000000e+000  0.000000e+000  0.000000e+000  0.000000e+000  0.000000e+000  0.000000e+000  0.000000e+000  0.000000e+000  0.000000e+000  0.000000e+000  0.000000e+000  

0.000000e+000  0.000000e+000  0.000000e+000  0.000000e+000  0.000000e+000  0.000000e+000  0.000000e+000  0.000000e+000  0.000000e+000  0.000000e+000  0.000000e+000  0.000000e+000  0.000000e+000  0.000000e+000  0.000000e+000  0.000000e+000  
0.000000e+000  0.000000e+000  0.000000e+000  0.000000e+000  0.000000e+000  0.000000e+000  0.000000e+000  0.000000e+000  0.000000e+000  0.000000e+000  0.000000e+000  0.000000e+000  0.000000e+000  0.000000e+000  0.000000e+000  0.000000e+000  
0.000000e+000  0.000000e+000  0.000000e+000  0.000000e+000  0.000000e+000  0.000000e+000  0.000000e+000  0.000000e+000  0.000000e+000  0.000000e+000  0.000000e+000  0.000000e+000  0.000000e+000  0.000000e+000  0.000000e+000  0.000000e+000  
0.000000e+000  0.000000e+000  0.000000e+000  0.000000e+000  0.000000e+000  0.000000e+000  0.000000e+000  0.000000e+000  0.000000e+000  0.000000e+000  0.000000e+000  0.000000e+000  0.000000e+000  0.000000e+000  0.000000e+000  0.000000e+000  
0.000000e+000  0.000000e+000  0.000000e+000  0.000000e+000  0.000000e+000  0.000000e+000  0.000000e+000  0.000000e+000  0.000000e+000  0.000000e+000  0.000000e+000  0.000000e+000  0.000000e+000  0.000000e+000  0.000000e+000  0.000000e+000  
0.000000e+000  0.000000e+000  0.000000e+000  0.000000e+000  0.000000e+000  0.000000e+000  0.000000e+000  0.000000e+000  0.000000e+000  0.000000e+000  0.000000e+000  0.000000e+000  0.000000e+000  0.000000e+000  0.000000e+000  0.000000e+000  
0.000000e+000  0.000000e+000  0.000000e+000  0.000000e+000  0.000000e+000  0.000000e+000  0.000000e+000  0.000000e+000  0.000000e+000  0.000000e+000  0.000000e+000  0.000000e+000  0.000000e+000  0.000000e+000  0.000000e+000  0.000000e+000  
0.000000e+000  0.000000e+000  0.000000e+000  0.000000e+000  0.000000e+000  0.000000e+000  0.000000e+000  0.000000e+000  0.000000e+000  0.000000e+000  0.000000e+000  0.000000e+000  0.000000e+000  0.000000e+000  0.000000e+000  0.000000e+000  
0.000000e+000  0.000000e+000  0.000000e+000  0.000000e+000  0.000000e+000  0.000000e+000  0.000000e+000  0.000000e+000  0.000000e+000  0.000000e+000  0.000000e+000  0.000000e+000  0.000000e+000  0.000000e+000  0.000000e+000  0.000000e+000  
0.000000e+000  0.000000e+000  0.000000e+000  0.000000e+000  0.000000e+000  0.000000e+000  0.000000e+000  0.000000e+000  0.000000e+000  0.000000e+000  0.000000e+000  0.000000e+000  0.000000e+000  0.000000e+000  0.000000e+000  0.000000e+000  
0.000000e+000  0.000000e+000  0.000000e+000  0.000000e+000  0.000000e+000  0.000000e+000  0.000000e+000  0.000000e+000  0.000000e+000  0.000000e+000  0.000000e+000  0.000000e+000  0.000000e+000  0.000000e+000  0.000000e+000  0.000000e+000  
0.000000e+000  0.000000e+000  0.000000e+000  0.000000e+000  0.000000e+000  0.000000e+000  0.000000e+000  0.000000e+000  0.000000e+000  0.000000e+000  0.000000e+000  0.000000e+000  0.000000e+000  0.000000e+000  0.000000e+000  0.000000e+000  
0.000000e+000  0.000000e+000  0.000000e+000  0.000000e+000  0.000000e+000  0.000000e+000  0.000000e+000  0.000000e+000  0.000000e+000  0.000000e+000  0.000000e+000  0.000000e+000  0.000000e+000  0.000000e+000  0.000000e+000  0.000000e+000  
0.000000e+000  0.000000e+000  0.000000e+000  0.000000e+000  0.000000e+000  0.000000e+000  0.000000e+000  0.000000e+000  0.000000e+000  0.000000e+000  0.000000e+000  0.000000e+000  0.000000e+000  0.000000e+000  0.000000e+000  0.000000e+000  
0.000000e+000  0.000000e+000  0.000000e+000  0.000000e+000  0.000000e+000  0.000000e+000  0.000000e+000  0.000000e+000  0.000000e+000  0.000000e+000  0.000000e+000  0.000000e+000  0.000000e+000  0.000000e+000  0.000000e+000  0.000000e+000  
0.000000e+000  0.000000e+000  0.000000e+000  0.000000e+000  0.000000e+000  0.000000e+000  0.000000e+000  0.000000e+000  0.000000e+000  0.000000e+000  0.000000e+000  0.000000e+000  0.000000e+000  0.000000e+000  0.000000e+000  0.000000e+000  
0.000000e+000  0.000000e+000  0.000000e+000  0.000000e+000  0.000000e+000  0.000000e+000  0.000000e+000  0.000000e+000  0.000000e+000  0.000000e+000  0.000000e+000  0.000000e+000  0.000000e+000  0.000000e+000  0.000000e+000  0.000000e+000  
0.000000e+000  0.000000e+000  0.000000e+000  0.000000e+000  0.000000e+000  0.000000e+000  0.000000e+000  0.000000e+000  0.000000e+000  0.000000e+000  0.000000e+000  0.000000e+000  0.000000e+000  0.000000e+000  0.000000e+000  0.000000e+000  
0.000000e+000  0.000000e+000  0.000000e+000  0.000000e+000  0.000000e+000  0.000000e+000  0.000000e+000  0.000000e+000  0.000000e+000  0.000000e+000  0.000000e+000  0.000000e+000  0.000000e+000  0.000000e+000  0.000000e+000  0.000000e+000  
0.000000e+000  0.000000e+000  0.000000e+000  0.000000e+000  0.000000e+000  0.000000e+000  0.000000e+000  0.000000e+000  0.000000e+000  0.000000e+000  0.000000e+000  0.000000e+000  0.000000e+000  0.000000e+000  0.000000e+000  0.000000e+000  
0.000000e+000  0.000000e+000  0.000000e+000  0.000000e+000  0.000000e+000  0.000000e+000  0.000000e+000  0.000000e+000  0.000000e+000  0.000000e+000  0.000000e+000  0.000000e+000  0.000000e+000  0.000000e+000  0.000000e+000  0.000000e+000  
0.000000e+000  0.000000e+000  0.000000e+000  0.000000e+000  0.000000e+000  0.000000e+000  0.000000e+000  0.000000e+000  0.000000e+000  0.000000e+000  0.000000e+000  0.000000e+000  0.000000e+000  0.000000e+000  0.000000e+000  0.000000e+000  
0.000000e+000  0.000000e+000  0.000000e+000  0.000000e+000  0.000000e+000  0.000000e+000  0.000000e+000  0.000000e+000  0.000000e+000  0.000000e+000  0.000000e+000  0.000000e+000  0.000000e+000  0.000000e+000  0.000000e+000  0.000000e+000  
0.000000e+000  0.000000e+000  0.000000e+000  0.000000e+000  0.000000e+000  0.000000e+000  0.000000e+000  0.000000e+000  0.000000e+000  0.000000e+000  0.000000e+000  0.000000e+000  0.000000e+000  0.000000e+000  0.000000e+000  0.000000e+000  
0.000000e+000  0.000000e+000  0.000000e+000  0.000000e+000  0.000000e+000  0.000000e+000  0.000000e+000  0.000000e+000  0.000000e+000  0.000000e+000  0.000000e+000  0.000000e+000  0.000000e+000  0.000000e+000  0.000000e+000  0.000000e+000  
0.000000e+000  0.000000e+000  0.000000e+000  0.000000e+000  0.000000e+000  0.000000e+000  0.000000e+000  0.000000e+000  0.000000e+000  0.000000e+000  0.000000e+000  0.000000e+000  0.000000e+000  0.000000e+000  0.000000e+000  0.000000e+000  
0.000000e+000  0.000000e+000  0.000000e+000  0.000000e+000  0.000000e+000  0.000000e+000  0.000000e+000  0.000000e+000  0.000000e+000  0.000000e+000  0.000000e+000  0.000000e+000  0.000000e+000  0.000000e+000  0.000000e+000  0.000000e+000  

0.000000e+000  0.000000e+000  0.000000e+000  0.000000e+000  0.000000e+000  0.000000e+000  0.000000e+000  0.000000e+000  0.000000e+000  0.000000e+000  0.000000e+000  0.000000e+000  0.000000e+000  0.000000e+000  0.000000e+000  0.000000e+000  
0.000000e+000  0.000000e+000  0.000000e+000  0.000000e+000  0.000000e+000  0.000000e+000  0.000000e+000  0.000000e+000  0.000000e+000  0.000000e+000  0.000000e+000  0.000000e+000  0.000000e+000  0.000000e+000  0.000000e+000  0.000000e+000  
0.000000e+000  0.000000e+000  0.000000e+000  0.000000e+000  0.000000e+000  0.000000e+000  0.000000e+000  0.000000e+000  0.000000e+000  0.000000e+000  0.000000e+000  0.000000e+000  0.000000e+000  0.000000e+000  0.000000e+000  0.000000e+000  
0.000000e+000  0.000000e+000  0.000000e+000  0.000000e+000  0.000000e+000  0.000000e+000  0.000000e+000  0.000000e+000  0.000000e+000  0.000000e+000  0.000000e+000  0.000000e+000  0.000000e+000  0.000000e+000  0.000000e+000  0.000000e+000  
0.000000e+000  0.000000e+000  0.000000e+000  0.000000e+000  0.000000e+000  0.000000e+000  0.000000e+000  0.000000e+000  0.000000e+000  0.000000e+000  0.000000e+000  0.000000e+000  0.000000e+000  0.000000e+000  0.000000e+000  0.000000e+000  
0.000000e+000  0.000000e+000  0.000000e+000  0.000000e+000  0.000000e+000  0.000000e+000  0.000000e+000  0.000000e+000  0.000000e+000  0.000000e+000  0.000000e+000  0.000000e+000  0.000000e+000  0.000000e+000  0.000000e+000  0.000000e+000  
0.000000e+000  0.000000e+000  0.000000e+000  0.000000e+000  0.000000e+000  0.000000e+000  0.000000e+000  0.000000e+000  0.000000e+000  0.000000e+000  0.000000e+000  0.000000e+000  0.000000e+000  0.000000e+000  0.000000e+000  0.000000e+000  
0.000000e+000  0.000000e+000  0.000000e+000  0.000000e+000  0.000000e+000  0.000000e+000  0.000000e+000  0.000000e+000  0.000000e+000  0.000000e+000  0.000000e+000  0.000000e+000  0.000000e+000  0.000000e+000  0.000000e+000  0.000000e+000  
0.000000e+000  0.000000e+000  0.000000e+000  0.000000e+000  0.000000e+000  0.000000e+000  0.000000e+000  0.000000e+000  0.000000e+000  0.000000e+000  0.000000e+000  0.000000e+000  0.000000e+000  0.000000e+000  0.000000e+000  0.000000e+000  
0.000000e+000  0.000000e+000  0.000000e+000  0.000000e+000  0.000000e+000  0.000000e+000  0.000000e+000  0.000000e+000  0.000000e+000  0.000000e+000  0.000000e+000  0.000000e+000  0.000000e+000  0.000000e+000  0.000000e+000  0.000000e+000  
0.000000e+000  0.000000e+000  0.000000e+000  0.000000e+000  0.000000e+000  0.000000e+000  0.000000e+000  0.000000e+000  0.000000e+000  0.000000e+000  0.000000e+000  0.000000e+000  0.000000e+000  0.000000e+000  0.000000e+000  0.000000e+000  
0.000000e+000  0.000000e+000  0.000000e+000  0.000000e+000  0.000000e+000  0.000000e+000  0.000000e+000  0.000000e+000  0.000000e+000  0.000000e+000  0.000000e+000  0.000000e+000  0.000000e+000  0.000000e+000  0.000000e+000  0.000000e+000  
0.000000e+000  0.000000e+000  0.000000e+000  0.000000e+000  0.000000e+000  0.000000e+000  0.000000e+000  0.000000e+000  0.000000e+000  0.000000e+000  0.000000e+000  0.000000e+000  0.000000e+000  0.000000e+000  0.000000e+000  0.000000e+000  
0.000000e+000  0.000000e+000  0.000000e+000  0.000000e+000  0.000000e+000  0.000000e+000  0.000000e+000  0.000000e+000  0.000000e+000  0.000000e+000  0.000000e+000  0.000000e+000  0.000000e+000  0.000000e+000  0.000000e+000  0.000000e+000  
0.000000e+000  0.000000e+000  0.000000e+000  0.000000e+000  0.000000e+000  0.000000e+000  0.000000e+000  0.000000e+000  0.000000e+000  0.000000e+000  0.000000e+000  0.000000e+000  0.000000e+000  0.000000e+000  0.000000e+000  0.000000e+000  
0.000000e+000  0.000000e+000  0.000000e+000  0.000000e+000  0.000000e+000  0.000000e+000  0.000000e+000  0.000000e+000  0.000000e+000  0.000000e+000  0.000000e+000  0.000000e+000  0.000000e+000  0.000000e+000  0.000000e+000  0.000000e+000  
0.000000e+000  0.000000e+000  0.000000e+000  0.000000e+000  0.000000e+000  0.000000e+000  0.000000e+000  0.000000e+000  0.000000e+000  0.000000e+000  0.000000e+000  0.000000e+000  0.000000e+000  0.000000e+000  0.000000e+000  0.000000e+000  
0.000000e+000  0.000000e+000  0.000000e+000  0.000000e+000  0.000000e+000  0.000000e+000  0.000000e+000  0.000000e+000  0.000000e+000  0.000000e+000  0.000000e+000  0.000000e+000  0.000000e+000  0.000000e+000  0.000000e+000  0.000000e+000  
0.000000e+000  0.000000e+000  0.000000e+000  0.000000e+000  0.000000e+000  0.000000e+000  0.000000e+000  0.000000e+000  0.000000e+000  0.000000e+000  0.000000e+000  0.000000e+000  0.000000e+000  0.000000e+000  0.000000e+000  0.000000e+000  
0.000000e+000  0.000000e+000  0.000000e+000  0.000000e+000  0.000000e+000  0.000000e+000  0.000000e+000  0.000000e+000  0.000000e+000  0.000000e+000  0.000000e+000  0.000000e+000  0.000000e+000  0.000000e+000  0.000000e+000  0.000000e+000  
0.000000e+000  0.000000e+000  0.000000e+000  0.000000e+000  0.000000e+000  0.000000e+000  0.000000e+000  0.000000e+000  0.000000e+000  0.000000e+000  0.000000e+000  0.000000e+000  0.000000e+000  0.000000e+000  0.000000e+000  0.000000e+000  
0.000000e+000  0.000000e+000  0.000000e+000  0.000000e+000  0.000000e+000  0.000000e+000  0.000000e+000  0.000000e+000  0.000000e+000  0.000000e+000  0.000000e+000  0.000000e+000  0.000000e+000  0.000000e+000  0.000000e+000  0.000000e+000  
0.000000e+000  0.000000e+000  0.000000e+000  0.000000e+000  0.000000e+000  0.000000e+000  0.000000e+000  0.000000e+000  0.000000e+000  0.000000e+000  0.000000e+000  0.000000e+000  0.000000e+000  0.000000e+000  0.000000e+000  0.000000e+000  
0.000000e+000  0.000000e+000  0.000000e+000  0.000000e+000  0.000000e+000  0.000000e+000  0.000000e+000  0.000000e+000  0.000000e+000  0.000000e+000  0.000000e+000  0.000000e+000  0.000000e+000  0.000000e+000  0.000000e+000  0.000000e+000  
0.000000e+000  0.000000e+000  0.000000e+000  0.000000e+000  0.000000e+000  0.000000e+000  0.000000e+000  0.000000e+000  0.000000e+000  0.000000e+000  0.000000e+000  0.000000e+000  0.000000e+000  0.000000e+000  0.000000e+000  0.000000e+000  
0.000000e+000  0.000000e+000  0.000000e+000  0.000000e+000  0.000000e+000  0.000000e+000  0.000000e+000  0.000000e+000  0.000000e+000  0.000000e+000  0.000000e+000  0.000000e+000  0.000000e+000  0.000000e+000  0.000000e+000  0.000000e+000  
0.000000e+000  0.000000e+000  0.000000e+000  0.000000e+000  0.000000e+000  0.000000e+000  0.000000e+000  0.000000e+000  0.000000e+000  0.000000e+000  0.000000e+000  0.000000e+000  0.000000e+000  0.000000e+000  0.000000e+000  0.000000e+000  

-0.000000e+000  2.431406e-001  4.823585e-001  7.137942e-001  9.337137e-001  1.138569e+000  1.325055e+000  1.507308e+000  1.659496e+000  1.778583e+000  1.917391e+000  1.506976e+000  7.709920e-001  5.227006e-001  2.639831e-001  -0.000000e+000  
-0.000000e+000  2.399785e-001  4.760853e-001  7.045110e-001  9.215704e-001  1.123761e+000  1.307822e+000  1.487705e+000  1.637914e+000  1.755452e+000  1.892455e+000  1.487377e+000  7.609650e-001  5.159027e-001  2.605499e-001  -0.000000e+000  
-0.000000e+000  2.336954e-001  4.636204e-001  6.860654e-001  8.974417e-001  1.094339e+000  1.273580e+000  1.448754e+000  1.595030e+000  1.709490e+000  1.842907e+000  1.448435e+000  7.410413e-001  5.023953e-001  2.537281e-001  -0.000000e+000  
-0.000000e+000  2.115964e-001  4.197790e-001  6.211890e-001  8.125770e-001  9.908550e-001  1.153147e+000  1.311755e+000  1.444199e+000  1.547836e+000  1.668636e+000  1.311466e+000  6.709662e-001  4.548872e-001  2.297348e-001  -0.000000e+000  
-0.000000e+000  1.327744e-001  2.634067e-001  3.897892e-001  5.098830e-001  6.217505e-001  7.235868e-001  8.231119e-001  9.062187e-001  9.712497e-001  1.047050e+000  8.229305e-001  4.210238e-001  2.854367e-001  1.441560e-001  -0.000000e+000  
-0.000000e+000  1.666605e-002  3.306322e-002  4.892696e-002  6.400132e-002  7.804310e-002  9.082575e-002  1.033183e-001  1.137500e-001  1.219128e-001  1.314274e-001  1.032955e-001  5.284757e-002  3.582846e-002  1.809469e-002  -0.000000e+000  
-0.000000e+000  -1.034406e-001  -2.052122e-001  -3.036731e-001  -3.972346e-001  -4.843872e-001  -5.637247e-001  -6.412617e-001  -7.060078e-001  -7.566715e-001  -8.157255e-001  -6.411205e-001  -3.280070e-001  -2.223751e-001  -1.123076e-001  -0.000000e+000  
-0.000000e+000  -1.925865e-001  -3.820659e-001  -5.653811e-001  -7.395746e-001  -9.018361e-001  -1.049547e+000  -1.193907e+000  -1.314451e+000  -1.408777e+000  -1.518725e+000  -1.193644e+000  -6.106863e-001  -4.140199e-001  -2.090953e-001  -0.000000e+000  
-0.000000e+000  -2.229688e-001  -4.423403e-001  -6.545751e-001  -8.562493e-001  -1.044109e+000  -1.215123e+000  -1.382256e+000  -1.521818e+000  -1.631025e+000  -1.758317e+000  -1.381952e+000  -7.070276e-001  -4.793354e-001  -2.420820e-001  -0.000000e+000  
-0.000000e+000  -2.328858e-001  -4.620142e-001  -6.836886e-001  -8.943326e-001  -1.090548e+000  -1.269168e+000  -1.443735e+000  -1.589504e+000  -1.703568e+000  -1.836522e+000  -1.443417e+000  -7.384741e-001  -5.006548e-001  -2.528491e-001  -0.000000e+000  
-0.000000e+000  -2.397740e-001  -4.756795e-001  -7.039105e-001  -9.207849e-001  -1.122804e+000  -1.306707e+000  -1.486437e+000  -1.636518e+000  -1.753955e+000  -1.890842e+000  -1.486110e+000  -7.603164e-001  -5.154629e-001  -2.603278e-001  -0.000000e+000  
-0.000000e+000  -2.427816e-001  -4.816461e-001  -7.127400e-001  -9.323347e-001  -1.136887e+000  -1.323098e+000  -1.505082e+000  -1.657045e+000  -1.775956e+000  -1.914560e+000  -1.504750e+000  -7.698534e-001  -5.219286e-001  -2.635932e-001  -0.000000e+000  
-0.000000e+000  -2.439068e-001  -4.838785e-001  -7.160434e-001  -9.366559e-001  -1.142157e+000  -1.329230e+000  -1.512058e+000  -1.664725e+000  -1.784187e+000  -1.923433e+000  -1.511725e+000  -7.734215e-001  -5.243476e-001  -2.648149e-001  -0.000000e+000  
-0.000000e+000  -2.439068e-001  -4.838785e-001  -7.160434e-001  -9.366559e-001  -1.142157e+000  -1.329230e+000  -1.512058e+000  -1.664725e+000  -1.784187e+000  -1.923433e+000  -1.511725e+000  -7.734215e-001  -5.243476e-001  -2.648149e-001  -0.000000e+000  
-0.000000e+000  -2.427816e-001  -4.816461e-001  -7.127400e-001  -9.323347e-001  -1.136887e+000  -1.323098e+000  -1.505082e+000  -1.657045e+000  -1.775956e+000  -1.914560e+000  -1.504750e+000  -7.698534e-001  -5.219286e-001  -2.635932e-001  -0.000000e+000  
-0.000000e+000  -2.397740e-001  -4.756795e-001  -7.039105e-001  -9.207849e-001  -1.122804e+000  -1.306707e+000  -1.486437e+000  -1.636518e+000  -1.753955e+000  -1.890842e+000  -1.486110e+000  -7.603164e-001  -5.154629e-001  -2.603278e-001  -0.000000e+000  
-0.000000e+000  -2.328858e-001  -4.620142e-001  -6.836886e-001  -8.943326e-001  -1.090548e+000  -1.269168e+000  -1.443735e+000  -1.589504e+000  -1.703568e+000  -1.836522e+000  -1.443417e+000  -7.384741e-001  -5.006548e-001  -2.528491e-001  -0.000000e+000  
-0.000000e+000  -2.229688e-001  -4.423403e-001  -6.545751e-001  -8.562493e-001  -1.044109e+000  -1.215123e+000  -1.382256e+000  -1.521818e+000  -1.631025e+000  -1.758317e+000  -1.381952e+000  -7.070276e-001  -4.793354e-001  -2.420820e-001  -0.000000e+000  
-0.000000e+000  -1.925865e-001  -3.820659e-001  -5.653811e-001  -7.395746e-001  -9.018361e-001  -1.049547e+000  -1.193907e+000  -1.314451e+000  -1.408777e+000  -1.518725e+000  -1.193644e+000  -6.106863e-001  -4.140199e-001  -2.090953e-001  -0.000000e+000  
-0.000000e+000  -1.034406e-001  -2.052122e-001  -3.036731e-001  -3.972346e-001  -4.843872e-001  -5.637247e-001  -6.412617e-001  -7.060078e-001  -7.566715e-001  -8.157255e-001  -6.411205e-001  -3.280070e-001  -2.223751e-001  -1.123076e-001  -0.000000e+000  
-0.000000e+000  1.666605e-002  3.306322e-002  4.892696e-002  6.400132e-002  7.804310e-002  9.082575e-002  1.033183e-001  1.137500e-001  1.219128e-001  1.314274e-001  1.032955e-001  5.284757e-002  3.582846e-002  1.809469e-002  -0.000000e+000  
-0.000000e+000  1.327744e-001  2.634067e-001  3.897892e-001  5.098830e-001  6.217505e-001  7.235868e-001  8.231119e-001  9.062187e-001  9.712497e-001  1.047050e+000  8.229305e-001  4.210238e-001  2.854367e-001  1.441560e-001  -0.000000e+000  
-0.000000e+000  2.115964e-001  4.197790e-001  6.211890e-001  8.125770e-001  9.908550e-001  1.153147e+000  1.311755e+000  1.444199e+000  1.547836e+000  1.668636e+000  1.311466e+000  6.709662e-001  4.548872e-001  2.297348e-001  -0.000000e+000  
-0.000000e+000  2.336954e-001  4.636204e-001  6.860654e-001  8.974417e-001  1.094339e+000  1.273580e+000  1.448754e+000  1.595030e+000  1.709490e+000  1.842907e+000  1.448435e+000  7.410413e-001  5.023953e-001  2.537281e-001  -0.000000e+000  
-0.000000e+000  2.399785e-001  4.760853e-001  7.045110e-001  9.215704e-001  1.123761e+000  1.307822e+000  1.487705e+000  1.637914e+000  1.755452e+000  1.892455e+000  1.487377e+000  7.609650e-001  5.159027e-001  2.605499e-001  -0.000000e+000  
-0.000000e+000  2.431406e-001  4.823585e-001  7.137942e-001  9.337137e-001  1.138569e+000  1.325055e+000  1.507308e+000  1.659496e+000  1.778583e+000  1.917391e+000  1.506976e+000  7.709920e-001  5.227006e-001  2.639831e-001  -0.000000e+000  
-0.000000e+000  -0.000000e+000  -0.000000e+000  -0.000000e+000  -0.000000e+000  -0.000000e+000  -0.000000e+000  -0.000000e+000  -0.000000e+000  -0.000000e+000  -0.000000e+000  -0.000000e+000  -0.000000e+000  -0.000000e+000  -0.000000e+000  -0.000000e+000  

-0.000000e+000  -0.000000e+000  -0.000000e+000  -0.000000e+000  -0.000000e+000  -0.000000e+000  -0.000000e+000  -0.000000e+000  -0.000000e+000  -0.000000e+000  -0.000000e+000  -0.000000e+000  -0.000000e+000  -0.000000e+000  -0.000000e+000  -0.000000e+000  
1.744626e-001  1.716479e-001  1.660639e-001  1.578006e-001  1.469914e-001  1.338107e-001  1.176129e-001  9.821082e-002  7.684982e-002  2.606781e-002  -6.591869e-002  -1.382156e-001  -1.602289e-001  -1.669571e-001  -1.703551e-001  -0.000000e+000  
3.466563e-001  3.410635e-001  3.299680e-001  3.135489e-001  2.920711e-001  2.658811e-001  2.336961e-001  1.951444e-001  1.527002e-001  5.179661e-002  -1.309801e-001  -2.746336e-001  -3.183740e-001  -3.317429e-001  -3.384947e-001  -0.000000e+000  
5.143416e-001  5.060434e-001  4.895808e-001  4.652194e-001  4.333523e-001  3.944937e-001  3.467401e-001  2.895400e-001  2.265646e-001  7.685176e-002  -1.943380e-001  -4.074800e-001  -4.723785e-001  -4.922142e-001  -5.022320e-001  -0.000000e+000  
1.082335e+000  1.064873e+000  1.030231e+000  9.789668e-001  9.119085e-001  8.301377e-001  7.296493e-001  6.092825e-001  4.767627e-001  1.617201e-001  -4.089479e-001  -8.574651e-001  -9.940318e-001  -1.035772e+000  -1.056853e+000  -0.000000e+000  
1.491517e+000  1.467454e+000  1.419714e+000  1.349070e+000  1.256660e+000  1.143975e+000  1.005497e+000  8.396247e-001  6.570051e-001  2.228592e-001  -5.635526e-001  -1.181634e+000  -1.369830e+000  -1.427351e+000  -1.456401e+000  -0.000000e+000  
1.542879e+000  1.517986e+000  1.468603e+000  1.395526e+000  1.299934e+000  1.183369e+000  1.040122e+000  8.685376e-001  6.796294e-001  2.305334e-001  -5.829588e-001  -1.222324e+000  -1.417001e+000  -1.476503e+000  -1.506553e+000  -0.000000e+000  
1.224097e+000  1.204348e+000  1.165168e+000  1.107190e+000  1.031348e+000  9.388673e-001  8.252171e-001  6.890849e-001  5.392080e-001  1.829018e-001  -4.625109e-001  -9.697739e-001  -1.124228e+000  -1.171435e+000  -1.195277e+000  -0.000000e+000  
7.071322e-001  6.957236e-001  6.730903e-001  6.395975e-001  5.957857e-001  5.423617e-001  4.767086e-001  3.980682e-001  3.114878e-001  1.056581e-001  -2.671817e-001  -5.602156e-001  -6.494401e-001  -6.767108e-001  -6.904835e-001  -0.000000e+000  
5.471437e-001  5.383162e-001  5.208037e-001  4.948887e-001  4.609893e-001  4.196524e-001  3.688533e-001  3.080054e-001  2.410137e-001  8.175296e-002  -2.067319e-001  -4.334670e-001  -5.025044e-001  -5.236051e-001  -5.342617e-001  -0.000000e+000  
3.800393e-001  3.739078e-001  3.617439e-001  3.437436e-001  3.201975e-001  2.914854e-001  2.562010e-001  2.139368e-001  1.674052e-001  5.678460e-002  -1.435935e-001  -3.010808e-001  -3.490334e-001  -3.636897e-001  -3.710917e-001  -0.000000e+000  
2.079924e-001  2.046367e-001  1.979794e-001  1.881281e-001  1.752415e-001  1.595276e-001  1.402167e-001  1.170858e-001  9.161955e-002  3.107773e-002  -7.858751e-002  -1.647791e-001  -1.910231e-001  -1.990444e-001  -2.030954e-001  -0.000000e+000  
1.042366e-001  1.025549e-001  9.921858e-002  9.428150e-002  8.782331e-002  7.994820e-002  7.027043e-002  5.867826e-002  4.591568e-002  1.557479e-002  -3.938460e-002  -8.258002e-002  -9.573238e-002  -9.975228e-002  -1.017825e-001  -0.000000e+000  
2.470548e-010  -5.205716e-010  3.593093e-010  -3.787900e-010  2.717267e-010  -2.065516e-010  -1.794320e-010  4.651192e-010  -0.000000e+000  -0.000000e+000  -0.000000e+000  -0.000000e+000  -0.000000e+000  -0.000000e+000  -1.653492e-010  -0.000000e+000  
-1.042366e-001  -1.025549e-001  -9.921858e-002  -9.428150e-002  -8.782331e-002  -7.994820e-002  -7.027043e-002  -5.867826e-002  -4.591568e-002  -1.557479e-002  3.938460e-002  8.258002e-002  9.573238e-002  9.975228e-002  1.017825e-001  -0.000000e+000  
-2.079924e-001  -2.046367e-001  -1.979794e-001  -1.881281e-001  -1.752415e-001  -1.595276e-001  -1.402167e-001  -1.170858e-001  -9.161955e-002  -3.107773e-002  7.858751e-002  1.647791e-001  1.910231e-001  1.990444e-001  2.030954e-001  -0.000000e+000  
-3.800393e-001  -3.739078e-001  -3.617439e-001  -3.437436e-001  -3.201975e-001  -2.914854e-001  -2.562010e-001  -2.139368e-001  -1.674052e-001  -5.678460e-002  1.435935e-001  3.010808e-001  3.490334e-001  3.636897e-001  3.710917e-001  -0.000000e+000  
-5.471437e-001  -5.383162e-001  -5.208037e-001  -4.948887e-001  -4.609893e-001  -4.196524e-001  -3.688533e-001  -3.080054e-001  -2.410137e-001  -8.175296e-002  2.067319e-001  4.334670e-001  5.025044e-001  5.236051e-001  5.342617e-001  -0.000000e+000  
-7.071322e-001  -6.957236e-001  -6.730903e-001  -6.395975e-001  -5.957857e-001  -5.423617e-001  -4.767086e-001  -3.980682e-001  -3.114878e-001  -1.056581e-001  2.671817e-001  5.602156e-001  6.494401e-001  6.767108e-001  6.904835e-001  -0.000000e+000  
-1.224097e+000  -1.204348e+000  -1.165168e+000  -1.107190e+000  -1.031348e+000  -9.388673e-001  -8.252171e-001  -6.890849e-001  -5.392080e-001  -1.829018e-001  4.625109e-001  9.697739e-001  1.124228e+000  1.171435e+000  1.195277e+000  -0.000000e+000  
-1.542879e+000  -1.517986e+000  -1.468603e+000  -1.395526e+000  -1.299934e+000  -1.183369e+000  -1.040122e+000  -8.685376e-001  -6.796294e-001  -2.305334e-001  5.829588e-001  1.222324e+000  1.417001e+000  1.476503e+000  1.506553e+000  -0.000000e+000  
-1.491517e+000  -1.467454e+000  -1.419714e+000  -1.349070e+000  -1.256660e+000  -1.143975e+000  -1.005497e+000  -8.396247e-001  -6.570051e-001  -2.228592e-001  5.635526e-001  1.181634e+000  1.369830e+000  1.427351e+000  1.456401e+000  -0.000000e+000  
-1.082335e+000  -1.064873e+000  -1.030231e+000  -9.789668e-001  -9.119085e-001  -8.301377e-001  -7.296493e-001  -6.092825e-001  -4.767627e-001  -1.617201e-001  4.089479e-001  8.574651e-001  9.940318e-001  1.035772e+000  1.056853e+000  -0.000000e+000  
-5.143416e-001  -5.060434e-001  -4.895808e-001  -4.652194e-001  -4.333523e-001  -3.944937e-001  -3.467401e-001  -2.895400e-001  -2.265646e-001  -7.685176e-002  1.943380e-001  4.074800e-001  4.723785e-001  4.922142e-001  5.022320e-001  -0.000000e+000  
-3.466563e-001  -3.410635e-001  -3.299680e-001  -3.135489e-001  -2.920711e-001  -2.658811e-001  -2.336961e-001  -1.951444e-001  -1.527002e-001  -5.179661e-002  1.309801e-001  2.746336e-001  3.183740e-001  3.317429e-001  3.384947e-001  -0.000000e+000  
-1.744626e-001  -1.716479e-001  -1.660639e-001  -1.578006e-001  -1.469914e-001  -1.338107e-001  -1.176129e-001  -9.821082e-002  -7.684982e-002  -2.606781e-002  6.591869e-002  1.382156e-001  1.602289e-001  1.669571e-001  1.703551e-001  -0.000000e+000  
-0.000000e+000  -0.000000e+000  -0.000000e+000  -0.000000e+000  -0.000000e+000  -0.000000e+000  -0.000000e+000  -0.000000e+000  -0.000000e+000  -0.000000e+000  -0.000000e+000  -0.000000e+000  -0.000000e+000  -0.000000e+000  -0.000000e+000  -0.000000e+000  

2.722818e+000  2.678888e+000  2.591739e+000  2.462775e+000  2.294077e+000  2.088367e+000  1.835570e+000  1.532765e+000  1.199386e+000  4.068373e-001  -1.028785e+000  -2.157114e+000  -2.500674e+000  -2.605680e+000  -2.658712e+000  -0.000000e+000  
2.687406e+000  2.644049e+000  2.558032e+000  2.430746e+000  2.264242e+000  2.061207e+000  1.811698e+000  1.512830e+000  1.183788e+000  4.015462e-001  -1.015405e+000  -2.129060e+000  -2.468151e+000  -2.571792e+000  -2.624134e+000  -0.000000e+000  
2.617044e+000  2.574822e+000  2.491058e+000  2.367103e+000  2.204959e+000  2.007241e+000  1.764263e+000  1.473221e+000  1.152793e+000  3.910329e-001  -9.888199e-001  -2.073317e+000  -2.403530e+000  -2.504457e+000  -2.555429e+000  -0.000000e+000  
2.369569e+000  2.331339e+000  2.255496e+000  2.143263e+000  1.996452e+000  1.817430e+000  1.597429e+000  1.333909e+000  1.043782e+000  3.540556e-001  -8.953141e-001  -1.877258e+000  -2.176245e+000  -2.267628e+000  -2.313780e+000  -0.000000e+000  
1.486878e+000  1.462889e+000  1.415299e+000  1.344874e+000  1.252751e+000  1.140417e+000  1.002369e+000  8.370131e-001  6.549615e-001  2.221660e-001  -5.617997e-001  -1.177958e+000  -1.365570e+000  -1.422911e+000  -1.451871e+000  -0.000000e+000  
1.866353e-001  1.836242e-001  1.776505e-001  1.688107e-001  1.572473e-001  1.431469e-001  1.258190e-001  1.050632e-001  8.221180e-002  2.788662e-002  -7.051798e-002  -1.478592e-001  -1.714084e-001  -1.786061e-001  -1.822411e-001  -0.000000e+000  
-1.158382e+000  -1.139693e+000  -1.102617e+000  -1.047751e+000  -9.759808e-001  -8.884647e-001  -7.809158e-001  -6.520918e-001  -5.102609e-001  -1.730828e-001  4.376813e-001  9.177121e-001  1.063874e+000  1.108547e+000  1.131109e+000  -0.000000e+000  
-2.156686e+000  -2.121890e+000  -2.052861e+000  -1.950711e+000  -1.817089e+000  -1.654151e+000  -1.453916e+000  -1.214070e+000  -9.500080e-001  -3.222471e-001  8.148787e-001  1.708604e+000  1.980730e+000  2.063903e+000  2.105909e+000  -0.000000e+000  
-2.496922e+000  -2.456638e+000  -2.376718e+000  -2.258454e+000  -2.103752e+000  -1.915109e+000  -1.683284e+000  -1.405601e+000  -1.099880e+000  -3.730845e-001  9.434332e-001  1.978152e+000  2.293208e+000  2.389503e+000  2.438135e+000  -0.000000e+000  
-2.607978e+000  -2.565902e+000  -2.482428e+000  -2.358903e+000  -2.197320e+000  -2.000287e+000  -1.758151e+000  -1.468117e+000  -1.148800e+000  -3.896782e-001  9.853943e-001  2.066134e+000  2.395203e+000  2.495781e+000  2.546576e+000  -0.000000e+000  
-2.685116e+000  -2.641795e+000  -2.555852e+000  -2.428674e+000  -2.262312e+000  -2.059450e+000  -1.810153e+000  -1.511541e+000  -1.182779e+000  -4.012039e-001  1.014540e+000  2.127246e+000  2.466048e+000  2.569600e+000  2.621897e+000  -0.000000e+000  
-2.718796e+000  -2.674932e+000  -2.587911e+000  -2.459138e+000  -2.290689e+000  -2.085283e+000  -1.832859e+000  -1.530501e+000  -1.197615e+000  -4.062364e-001  1.027266e+000  2.153928e+000  2.496980e+000  2.601831e+000  2.654785e+000  -0.000000e+000  
-2.731397e+000  -2.687330e+000  -2.599906e+000  -2.470535e+000  -2.301306e+000  -2.094948e+000  -1.841354e+000  -1.537594e+000  -1.203165e+000  -4.081193e-001  1.032027e+000  2.163912e+000  2.508553e+000  2.613890e+000  2.667089e+000  -0.000000e+000  
-2.731397e+000  -2.687330e+000  -2.599906e+000  -2.470535e+000  -2.301306e+000  -2.094948e+000  -1.841354e+000  -1.537594e+000  -1.203165e+000  -4.081193e-001  1.032027e+000  2.163912e+000  2.508553e+000  2.613890e+000  2.667089e+000  -0.000000e+000  
-2.718796e+000  -2.674932e+000  -2.587911e+000  -2.459138e+000  -2.290689e+000  -2.085283e+000  -1.832859e+000  -1.530501e+000  -1.197615e+000  -4.062364e-001  1.027266e+000  2.153928e+000  2.496980e+000  2.601831e+000  2.654785e+000  -0.000000e+000  
-2.685116e+000  -2.641795e+000  -2.555852e+000  -2.428674e+000  -2.262312e+000  -2.059450e+000  -1.810153e+000  -1.511541e+000  -1.182779e+000  -4.012039e-001  1.014540e+000  2.127246e+000  2.466048e+000  2.569600e+000  2.621897e+000  -0.000000e+000  
-2.607978e+000  -2.565902e+000  -2.482428e+000  -2.358903e+000  -2.197320e+000  -2.000287e+000  -1.758151e+000  -1.468117e+000  -1.148800e+000  -3.896782e-001  9.853943e-001  2.066134e+000  2.395203e+000  2.495781e+000  2.546576e+000  -0.000000e+000  
-2.496922e+000  -2.456638e+000  -2.376718e+000  -2.258454e+000  -2.103752e+000  -1.915109e+000  -1.683284e+000  -1.405601e+000  -1.099880e+000  -3.730845e-001  9.434332e-001  1.978152e+000  2.293208e+000  2.389503e+000  2.438135e+000  -0.000000e+000  
-2.156686e+000  -2.121890e+000  -2.052861e+000  -1.950711e+000  -1.817089e+000  -1.654151e+000  -1.453916e+000  -1.214070e+000  -9.500080e-001  -3.222471e-001  8.148787e-001  1.708604e+000  1.980730e+000  2.063903e+000  2.105909e+000  -0.000000e+000  
-1.158382e+000  -1.139693e+000  -1.102617e+000  -1.047751e+000  -9.759808e-001  -8.884647e-001  -7.809158e-001  -6.520918e-001  -5.102609e-001  -1.730828e-001  4.376813e-001  9.177121e-001  1.063874e+000  1.108547e+000  1.131109e+000  -0.000000e+000  
1.866353e-001  1.836242e-001  1.776505e-001  1.688107e-001  1.572473e-001  1.431469e-001  1.258190e-001  1.050632e-001  8.221180e-002  2.788662e-002  -7.051798e-002  -1.478592e-001  -1.714084e-001  -1.786061e-001  -1.822411e-001  -0.000000e+000  
1.486878e+000  1.462889e+000  1.415299e+000  1.344874e+000  1.252751e+000  1.140417e+000  1.002369e+000  8.370131e-001  6.549615e-001  2.221660e-001  -5.617997e-001  -1.177958e+000  -1.365570e+000  -1.422911e+000  -1.451871e+000  -0.000000e+000  
2.369569e+000  2.331339e+000  2.255496e+000  2.143263e+000  1.996452e+000  1.817430e+000  1.597429e+000  1.333909e+000  1.043782e+000  3.540556e-001  -8.953141e-001  -1.877258e+000  -2.176245e+000  -2.267628e+000  -2.313780e+000  -0.000000e+000  
2.617044e+000  2.574822e+000  2.491058e+000  2.367103e+000  2.204959e+000  2.007241e+000  1.764263e+000  1.473221e+000  1.152793e+000  3.910329e-001  -9.888199e-001  -2.073317e+000  -2.403530e+000  -2.504457e+000  -2.555429e+000  -0.000000e+000  
2.687406e+000  2.644049e+000  2.558032e+000  2.430746e+000  2.264242e+000  2.061207e+000  1.811698e+000  1.512830e+000  1.183788e+000  4.015462e-001  -1.015405e+000  -2.129060e+000  -2.468151e+000  -2.571792e+000  -2.624134e+000  -0.000000e+000  
2.722818e+000  2.678888e+000  2.591739e+000  2.462775e+000  2.294077e+000  2.088367e+000  1.835570e+000  1.532765e+000  1.199386e+000  4.068373e-001  -1.028785e+000  -2.157114e+000  -2.500674e+000  -2.605680e+000  -2.658712e+000  -0.000000e+000  
-0.000000e+000  -0.000000e+000  -0.000000e+000  -0.000000e+000  -0.000000e+000  -0.000000e+000  -0.000000e+000  -0.000000e+000  -0.000000e+000  -0.000000e+000  -0.000000e+000  -0.000000e+000  -0.000000e+000  -0.000000e+000  -0.000000e+000  -0.000000e+000  

