Port monitor named: Port1_h10[2.2].prt

nx        = 71
ny        = 23
nz        = 31

nu        = 5
nv        = 5
iu        = 14
iv        = 11

idir      = 1
dcut      = 2.500000e-002
icut      = 23
type      = 1
frequency = 2.200000e+009

fcutoff   = 5.917250e+010
alpha     = 1.700014e+003
beta      = 0.000000e+000
accuracy  = 5.439033e-015

type          = UNDEF
wave imp.     = 5.357726e+003
wave imp.sig. = 4.692773e-009
line imp.     = 0.000000e+000

ref. port     = 0

0.000000e+000  0.000000e+000  0.000000e+000  0.000000e+000  0.000000e+000  
0.000000e+000  0.000000e+000  0.000000e+000  0.000000e+000  0.000000e+000  
0.000000e+000  0.000000e+000  0.000000e+000  0.000000e+000  0.000000e+000  
0.000000e+000  0.000000e+000  0.000000e+000  0.000000e+000  0.000000e+000  
0.000000e+000  0.000000e+000  0.000000e+000  0.000000e+000  0.000000e+000  

0.000000e+000  0.000000e+000  0.000000e+000  0.000000e+000  0.000000e+000  
0.000000e+000  0.000000e+000  0.000000e+000  0.000000e+000  0.000000e+000  
0.000000e+000  0.000000e+000  0.000000e+000  0.000000e+000  0.000000e+000  
0.000000e+000  0.000000e+000  0.000000e+000  0.000000e+000  0.000000e+000  
0.000000e+000  0.000000e+000  0.000000e+000  0.000000e+000  0.000000e+000  

0.000000e+000  0.000000e+000  0.000000e+000  0.000000e+000  0.000000e+000  
0.000000e+000  0.000000e+000  0.000000e+000  0.000000e+000  0.000000e+000  
0.000000e+000  0.000000e+000  0.000000e+000  0.000000e+000  0.000000e+000  
0.000000e+000  0.000000e+000  0.000000e+000  0.000000e+000  0.000000e+000  
0.000000e+000  0.000000e+000  0.000000e+000  0.000000e+000  0.000000e+000  

-0.000000e+000  4.298707e+000  6.465643e-001  1.093936e+000  -0.000000e+000  
-0.000000e+000  -1.938025e+000  -5.433401e+000  -7.014985e-001  -0.000000e+000  
-0.000000e+000  -7.014985e-001  -5.433401e+000  -1.938025e+000  -0.000000e+000  
-0.000000e+000  1.093936e+000  6.465643e-001  4.298707e+000  -0.000000e+000  
-0.000000e+000  -0.000000e+000  -0.000000e+000  -0.000000e+000  -0.000000e+000  

-0.000000e+000  -0.000000e+000  -0.000000e+000  -0.000000e+000  -0.000000e+000  
-4.331768e+000  1.958043e+000  7.568349e-001  -1.206332e+000  -0.000000e+000  
-6.675660e-001  5.580213e+000  5.580213e+000  -6.675660e-001  -0.000000e+000  
-1.206332e+000  7.568349e-001  1.958043e+000  -4.331768e+000  -0.000000e+000  
-0.000000e+000  -0.000000e+000  -0.000000e+000  -0.000000e+000  -0.000000e+000  

1.890414e-002  9.686719e-001  -6.885552e-001  1.315274e+000  0.000000e+000  
-9.870135e-001  -2.951180e-002  -2.249288e+000  -7.091725e-001  0.000000e+000  
7.091725e-001  2.249288e+000  2.951180e-002  9.870135e-001  0.000000e+000  
-1.315274e+000  6.885552e-001  -9.686719e-001  -1.890414e-002  0.000000e+000  
0.000000e+000  0.000000e+000  0.000000e+000  0.000000e+000  0.000000e+000  

