Port monitor named: Port1_h7[2.2].prt

nx        = 71
ny        = 23
nz        = 31

nu        = 5
nv        = 5
iu        = 14
iv        = 11

idir      = 1
dcut      = 2.500000e-002
icut      = 23
type      = 1
frequency = 2.200000e+009

fcutoff   = 5.359020e+010
alpha     = 1.547001e+003
beta      = 0.000000e+000
accuracy  = 2.510549e-015

type          = UNDEF
wave imp.     = 1.183725e+001
wave imp.sig. = 4.760537e-013
line imp.     = 0.000000e+000

ref. port     = 0

0.000000e+000  0.000000e+000  0.000000e+000  0.000000e+000  0.000000e+000  
0.000000e+000  0.000000e+000  0.000000e+000  0.000000e+000  0.000000e+000  
0.000000e+000  0.000000e+000  0.000000e+000  0.000000e+000  0.000000e+000  
0.000000e+000  0.000000e+000  0.000000e+000  0.000000e+000  0.000000e+000  
0.000000e+000  0.000000e+000  0.000000e+000  0.000000e+000  0.000000e+000  

0.000000e+000  0.000000e+000  0.000000e+000  0.000000e+000  0.000000e+000  
0.000000e+000  0.000000e+000  0.000000e+000  0.000000e+000  0.000000e+000  
0.000000e+000  0.000000e+000  0.000000e+000  0.000000e+000  0.000000e+000  
0.000000e+000  0.000000e+000  0.000000e+000  0.000000e+000  0.000000e+000  
0.000000e+000  0.000000e+000  0.000000e+000  0.000000e+000  0.000000e+000  

0.000000e+000  0.000000e+000  0.000000e+000  0.000000e+000  0.000000e+000  
0.000000e+000  0.000000e+000  0.000000e+000  0.000000e+000  0.000000e+000  
0.000000e+000  0.000000e+000  0.000000e+000  0.000000e+000  0.000000e+000  
0.000000e+000  0.000000e+000  0.000000e+000  0.000000e+000  0.000000e+000  
0.000000e+000  0.000000e+000  0.000000e+000  0.000000e+000  0.000000e+000  

0.000000e+000  -9.101689e+000  -3.826547e+001  -7.552196e+001  0.000000e+000  
0.000000e+000  3.405476e+001  6.691707e+001  3.291843e+000  0.000000e+000  
0.000000e+000  3.291843e+000  6.691707e+001  3.405476e+001  0.000000e+000  
0.000000e+000  -7.552196e+001  -3.826547e+001  -9.101689e+000  0.000000e+000  
0.000000e+000  0.000000e+000  0.000000e+000  0.000000e+000  0.000000e+000  

0.000000e+000  0.000000e+000  0.000000e+000  0.000000e+000  0.000000e+000  
-1.011412e+002  -5.804004e+001  4.711430e+001  1.258978e+002  0.000000e+000  
1.119457e+001  -1.957660e+001  -1.957660e+001  1.119457e+001  0.000000e+000  
1.258978e+002  4.711430e+001  -5.804004e+001  -1.011412e+002  0.000000e+000  
0.000000e+000  0.000000e+000  0.000000e+000  0.000000e+000  0.000000e+000  

-6.927077e+001  -5.479427e+001  6.194126e+000  1.265615e+002  0.000000e+000  
9.198404e+001  3.772085e+001  -6.891810e+001  -7.414188e+001  0.000000e+000  
7.414188e+001  6.891810e+001  -3.772085e+001  -9.198404e+001  0.000000e+000  
-1.265615e+002  -6.194126e+000  5.479427e+001  6.927077e+001  0.000000e+000  
0.000000e+000  0.000000e+000  0.000000e+000  0.000000e+000  0.000000e+000  

