Port monitor named: Port2_h5[2.2].prt

nx        = 71
ny        = 23
nz        = 31

nu        = 16
nv        = 27
iu        = 3
iv        = 3

idir      = 0
dcut      = 5.114300e-001
icut      = 71
type      = 1
frequency = 2.200000e+009

fcutoff   = 4.244056e+009
alpha     = 7.605159e+001
beta      = 0.000000e+000
accuracy  = 7.679728e-010

type          = TM
wave imp.     = 6.214262e+002
wave imp.sig. = 2.916312e-005
line imp.     = 0.000000e+000

ref. port     = 0

0.000000e+000  0.000000e+000  0.000000e+000  0.000000e+000  0.000000e+000  0.000000e+000  0.000000e+000  0.000000e+000  0.000000e+000  0.000000e+000  0.000000e+000  0.000000e+000  0.000000e+000  0.000000e+000  0.000000e+000  0.000000e+000  
0.000000e+000  0.000000e+000  0.000000e+000  0.000000e+000  0.000000e+000  0.000000e+000  0.000000e+000  0.000000e+000  0.000000e+000  0.000000e+000  0.000000e+000  0.000000e+000  0.000000e+000  0.000000e+000  0.000000e+000  0.000000e+000  
0.000000e+000  0.000000e+000  0.000000e+000  0.000000e+000  0.000000e+000  0.000000e+000  0.000000e+000  0.000000e+000  0.000000e+000  0.000000e+000  0.000000e+000  0.000000e+000  0.000000e+000  0.000000e+000  0.000000e+000  0.000000e+000  
0.000000e+000  0.000000e+000  0.000000e+000  0.000000e+000  0.000000e+000  0.000000e+000  0.000000e+000  0.000000e+000  0.000000e+000  0.000000e+000  0.000000e+000  0.000000e+000  0.000000e+000  0.000000e+000  0.000000e+000  0.000000e+000  
0.000000e+000  0.000000e+000  0.000000e+000  0.000000e+000  0.000000e+000  0.000000e+000  0.000000e+000  0.000000e+000  0.000000e+000  0.000000e+000  0.000000e+000  0.000000e+000  0.000000e+000  0.000000e+000  0.000000e+000  0.000000e+000  
0.000000e+000  0.000000e+000  0.000000e+000  0.000000e+000  0.000000e+000  0.000000e+000  0.000000e+000  0.000000e+000  0.000000e+000  0.000000e+000  0.000000e+000  0.000000e+000  0.000000e+000  0.000000e+000  0.000000e+000  0.000000e+000  
0.000000e+000  0.000000e+000  0.000000e+000  0.000000e+000  0.000000e+000  0.000000e+000  0.000000e+000  0.000000e+000  0.000000e+000  0.000000e+000  0.000000e+000  0.000000e+000  0.000000e+000  0.000000e+000  0.000000e+000  0.000000e+000  
0.000000e+000  0.000000e+000  0.000000e+000  0.000000e+000  0.000000e+000  0.000000e+000  0.000000e+000  0.000000e+000  0.000000e+000  0.000000e+000  0.000000e+000  0.000000e+000  0.000000e+000  0.000000e+000  0.000000e+000  0.000000e+000  
0.000000e+000  0.000000e+000  0.000000e+000  0.000000e+000  0.000000e+000  0.000000e+000  0.000000e+000  0.000000e+000  0.000000e+000  0.000000e+000  0.000000e+000  0.000000e+000  0.000000e+000  0.000000e+000  0.000000e+000  0.000000e+000  
0.000000e+000  0.000000e+000  0.000000e+000  0.000000e+000  0.000000e+000  0.000000e+000  0.000000e+000  0.000000e+000  0.000000e+000  0.000000e+000  0.000000e+000  0.000000e+000  0.000000e+000  0.000000e+000  0.000000e+000  0.000000e+000  
0.000000e+000  0.000000e+000  0.000000e+000  0.000000e+000  0.000000e+000  0.000000e+000  0.000000e+000  0.000000e+000  0.000000e+000  0.000000e+000  0.000000e+000  0.000000e+000  0.000000e+000  0.000000e+000  0.000000e+000  0.000000e+000  
0.000000e+000  0.000000e+000  0.000000e+000  0.000000e+000  0.000000e+000  0.000000e+000  0.000000e+000  0.000000e+000  0.000000e+000  0.000000e+000  0.000000e+000  0.000000e+000  0.000000e+000  0.000000e+000  0.000000e+000  0.000000e+000  
0.000000e+000  0.000000e+000  0.000000e+000  0.000000e+000  0.000000e+000  0.000000e+000  0.000000e+000  0.000000e+000  0.000000e+000  0.000000e+000  0.000000e+000  0.000000e+000  0.000000e+000  0.000000e+000  0.000000e+000  0.000000e+000  
0.000000e+000  0.000000e+000  0.000000e+000  0.000000e+000  0.000000e+000  0.000000e+000  0.000000e+000  0.000000e+000  0.000000e+000  0.000000e+000  0.000000e+000  0.000000e+000  0.000000e+000  0.000000e+000  0.000000e+000  0.000000e+000  
0.000000e+000  0.000000e+000  0.000000e+000  0.000000e+000  0.000000e+000  0.000000e+000  0.000000e+000  0.000000e+000  0.000000e+000  0.000000e+000  0.000000e+000  0.000000e+000  0.000000e+000  0.000000e+000  0.000000e+000  0.000000e+000  
0.000000e+000  0.000000e+000  0.000000e+000  0.000000e+000  0.000000e+000  0.000000e+000  0.000000e+000  0.000000e+000  0.000000e+000  0.000000e+000  0.000000e+000  0.000000e+000  0.000000e+000  0.000000e+000  0.000000e+000  0.000000e+000  
0.000000e+000  0.000000e+000  0.000000e+000  0.000000e+000  0.000000e+000  0.000000e+000  0.000000e+000  0.000000e+000  0.000000e+000  0.000000e+000  0.000000e+000  0.000000e+000  0.000000e+000  0.000000e+000  0.000000e+000  0.000000e+000  
0.000000e+000  0.000000e+000  0.000000e+000  0.000000e+000  0.000000e+000  0.000000e+000  0.000000e+000  0.000000e+000  0.000000e+000  0.000000e+000  0.000000e+000  0.000000e+000  0.000000e+000  0.000000e+000  0.000000e+000  0.000000e+000  
0.000000e+000  0.000000e+000  0.000000e+000  0.000000e+000  0.000000e+000  0.000000e+000  0.000000e+000  0.000000e+000  0.000000e+000  0.000000e+000  0.000000e+000  0.000000e+000  0.000000e+000  0.000000e+000  0.000000e+000  0.000000e+000  
0.000000e+000  0.000000e+000  0.000000e+000  0.000000e+000  0.000000e+000  0.000000e+000  0.000000e+000  0.000000e+000  0.000000e+000  0.000000e+000  0.000000e+000  0.000000e+000  0.000000e+000  0.000000e+000  0.000000e+000  0.000000e+000  
0.000000e+000  0.000000e+000  0.000000e+000  0.000000e+000  0.000000e+000  0.000000e+000  0.000000e+000  0.000000e+000  0.000000e+000  0.000000e+000  0.000000e+000  0.000000e+000  0.000000e+000  0.000000e+000  0.000000e+000  0.000000e+000  
0.000000e+000  0.000000e+000  0.000000e+000  0.000000e+000  0.000000e+000  0.000000e+000  0.000000e+000  0.000000e+000  0.000000e+000  0.000000e+000  0.000000e+000  0.000000e+000  0.000000e+000  0.000000e+000  0.000000e+000  0.000000e+000  
0.000000e+000  0.000000e+000  0.000000e+000  0.000000e+000  0.000000e+000  0.000000e+000  0.000000e+000  0.000000e+000  0.000000e+000  0.000000e+000  0.000000e+000  0.000000e+000  0.000000e+000  0.000000e+000  0.000000e+000  0.000000e+000  
0.000000e+000  0.000000e+000  0.000000e+000  0.000000e+000  0.000000e+000  0.000000e+000  0.000000e+000  0.000000e+000  0.000000e+000  0.000000e+000  0.000000e+000  0.000000e+000  0.000000e+000  0.000000e+000  0.000000e+000  0.000000e+000  
0.000000e+000  0.000000e+000  0.000000e+000  0.000000e+000  0.000000e+000  0.000000e+000  0.000000e+000  0.000000e+000  0.000000e+000  0.000000e+000  0.000000e+000  0.000000e+000  0.000000e+000  0.000000e+000  0.000000e+000  0.000000e+000  
0.000000e+000  0.000000e+000  0.000000e+000  0.000000e+000  0.000000e+000  0.000000e+000  0.000000e+000  0.000000e+000  0.000000e+000  0.000000e+000  0.000000e+000  0.000000e+000  0.000000e+000  0.000000e+000  0.000000e+000  0.000000e+000  
0.000000e+000  0.000000e+000  0.000000e+000  0.000000e+000  0.000000e+000  0.000000e+000  0.000000e+000  0.000000e+000  0.000000e+000  0.000000e+000  0.000000e+000  0.000000e+000  0.000000e+000  0.000000e+000  0.000000e+000  0.000000e+000  

0.000000e+000  0.000000e+000  0.000000e+000  0.000000e+000  0.000000e+000  0.000000e+000  0.000000e+000  0.000000e+000  0.000000e+000  0.000000e+000  0.000000e+000  0.000000e+000  0.000000e+000  0.000000e+000  0.000000e+000  0.000000e+000  
0.000000e+000  0.000000e+000  0.000000e+000  0.000000e+000  0.000000e+000  0.000000e+000  0.000000e+000  0.000000e+000  0.000000e+000  0.000000e+000  0.000000e+000  0.000000e+000  0.000000e+000  0.000000e+000  0.000000e+000  0.000000e+000  
0.000000e+000  0.000000e+000  0.000000e+000  0.000000e+000  0.000000e+000  0.000000e+000  0.000000e+000  0.000000e+000  0.000000e+000  0.000000e+000  0.000000e+000  0.000000e+000  0.000000e+000  0.000000e+000  0.000000e+000  0.000000e+000  
0.000000e+000  0.000000e+000  0.000000e+000  0.000000e+000  0.000000e+000  0.000000e+000  0.000000e+000  0.000000e+000  0.000000e+000  0.000000e+000  0.000000e+000  0.000000e+000  0.000000e+000  0.000000e+000  0.000000e+000  0.000000e+000  
0.000000e+000  0.000000e+000  0.000000e+000  0.000000e+000  0.000000e+000  0.000000e+000  0.000000e+000  0.000000e+000  0.000000e+000  0.000000e+000  0.000000e+000  0.000000e+000  0.000000e+000  0.000000e+000  0.000000e+000  0.000000e+000  
0.000000e+000  0.000000e+000  0.000000e+000  0.000000e+000  0.000000e+000  0.000000e+000  0.000000e+000  0.000000e+000  0.000000e+000  0.000000e+000  0.000000e+000  0.000000e+000  0.000000e+000  0.000000e+000  0.000000e+000  0.000000e+000  
0.000000e+000  0.000000e+000  0.000000e+000  0.000000e+000  0.000000e+000  0.000000e+000  0.000000e+000  0.000000e+000  0.000000e+000  0.000000e+000  0.000000e+000  0.000000e+000  0.000000e+000  0.000000e+000  0.000000e+000  0.000000e+000  
0.000000e+000  0.000000e+000  0.000000e+000  0.000000e+000  0.000000e+000  0.000000e+000  0.000000e+000  0.000000e+000  0.000000e+000  0.000000e+000  0.000000e+000  0.000000e+000  0.000000e+000  0.000000e+000  0.000000e+000  0.000000e+000  
0.000000e+000  0.000000e+000  0.000000e+000  0.000000e+000  0.000000e+000  0.000000e+000  0.000000e+000  0.000000e+000  0.000000e+000  0.000000e+000  0.000000e+000  0.000000e+000  0.000000e+000  0.000000e+000  0.000000e+000  0.000000e+000  
0.000000e+000  0.000000e+000  0.000000e+000  0.000000e+000  0.000000e+000  0.000000e+000  0.000000e+000  0.000000e+000  0.000000e+000  0.000000e+000  0.000000e+000  0.000000e+000  0.000000e+000  0.000000e+000  0.000000e+000  0.000000e+000  
0.000000e+000  0.000000e+000  0.000000e+000  0.000000e+000  0.000000e+000  0.000000e+000  0.000000e+000  0.000000e+000  0.000000e+000  0.000000e+000  0.000000e+000  0.000000e+000  0.000000e+000  0.000000e+000  0.000000e+000  0.000000e+000  
0.000000e+000  0.000000e+000  0.000000e+000  0.000000e+000  0.000000e+000  0.000000e+000  0.000000e+000  0.000000e+000  0.000000e+000  0.000000e+000  0.000000e+000  0.000000e+000  0.000000e+000  0.000000e+000  0.000000e+000  0.000000e+000  
0.000000e+000  0.000000e+000  0.000000e+000  0.000000e+000  0.000000e+000  0.000000e+000  0.000000e+000  0.000000e+000  0.000000e+000  0.000000e+000  0.000000e+000  0.000000e+000  0.000000e+000  0.000000e+000  0.000000e+000  0.000000e+000  
0.000000e+000  0.000000e+000  0.000000e+000  0.000000e+000  0.000000e+000  0.000000e+000  0.000000e+000  0.000000e+000  0.000000e+000  0.000000e+000  0.000000e+000  0.000000e+000  0.000000e+000  0.000000e+000  0.000000e+000  0.000000e+000  
0.000000e+000  0.000000e+000  0.000000e+000  0.000000e+000  0.000000e+000  0.000000e+000  0.000000e+000  0.000000e+000  0.000000e+000  0.000000e+000  0.000000e+000  0.000000e+000  0.000000e+000  0.000000e+000  0.000000e+000  0.000000e+000  
0.000000e+000  0.000000e+000  0.000000e+000  0.000000e+000  0.000000e+000  0.000000e+000  0.000000e+000  0.000000e+000  0.000000e+000  0.000000e+000  0.000000e+000  0.000000e+000  0.000000e+000  0.000000e+000  0.000000e+000  0.000000e+000  
0.000000e+000  0.000000e+000  0.000000e+000  0.000000e+000  0.000000e+000  0.000000e+000  0.000000e+000  0.000000e+000  0.000000e+000  0.000000e+000  0.000000e+000  0.000000e+000  0.000000e+000  0.000000e+000  0.000000e+000  0.000000e+000  
0.000000e+000  0.000000e+000  0.000000e+000  0.000000e+000  0.000000e+000  0.000000e+000  0.000000e+000  0.000000e+000  0.000000e+000  0.000000e+000  0.000000e+000  0.000000e+000  0.000000e+000  0.000000e+000  0.000000e+000  0.000000e+000  
0.000000e+000  0.000000e+000  0.000000e+000  0.000000e+000  0.000000e+000  0.000000e+000  0.000000e+000  0.000000e+000  0.000000e+000  0.000000e+000  0.000000e+000  0.000000e+000  0.000000e+000  0.000000e+000  0.000000e+000  0.000000e+000  
0.000000e+000  0.000000e+000  0.000000e+000  0.000000e+000  0.000000e+000  0.000000e+000  0.000000e+000  0.000000e+000  0.000000e+000  0.000000e+000  0.000000e+000  0.000000e+000  0.000000e+000  0.000000e+000  0.000000e+000  0.000000e+000  
0.000000e+000  0.000000e+000  0.000000e+000  0.000000e+000  0.000000e+000  0.000000e+000  0.000000e+000  0.000000e+000  0.000000e+000  0.000000e+000  0.000000e+000  0.000000e+000  0.000000e+000  0.000000e+000  0.000000e+000  0.000000e+000  
0.000000e+000  0.000000e+000  0.000000e+000  0.000000e+000  0.000000e+000  0.000000e+000  0.000000e+000  0.000000e+000  0.000000e+000  0.000000e+000  0.000000e+000  0.000000e+000  0.000000e+000  0.000000e+000  0.000000e+000  0.000000e+000  
0.000000e+000  0.000000e+000  0.000000e+000  0.000000e+000  0.000000e+000  0.000000e+000  0.000000e+000  0.000000e+000  0.000000e+000  0.000000e+000  0.000000e+000  0.000000e+000  0.000000e+000  0.000000e+000  0.000000e+000  0.000000e+000  
0.000000e+000  0.000000e+000  0.000000e+000  0.000000e+000  0.000000e+000  0.000000e+000  0.000000e+000  0.000000e+000  0.000000e+000  0.000000e+000  0.000000e+000  0.000000e+000  0.000000e+000  0.000000e+000  0.000000e+000  0.000000e+000  
0.000000e+000  0.000000e+000  0.000000e+000  0.000000e+000  0.000000e+000  0.000000e+000  0.000000e+000  0.000000e+000  0.000000e+000  0.000000e+000  0.000000e+000  0.000000e+000  0.000000e+000  0.000000e+000  0.000000e+000  0.000000e+000  
0.000000e+000  0.000000e+000  0.000000e+000  0.000000e+000  0.000000e+000  0.000000e+000  0.000000e+000  0.000000e+000  0.000000e+000  0.000000e+000  0.000000e+000  0.000000e+000  0.000000e+000  0.000000e+000  0.000000e+000  0.000000e+000  
0.000000e+000  0.000000e+000  0.000000e+000  0.000000e+000  0.000000e+000  0.000000e+000  0.000000e+000  0.000000e+000  0.000000e+000  0.000000e+000  0.000000e+000  0.000000e+000  0.000000e+000  0.000000e+000  0.000000e+000  0.000000e+000  

0.000000e+000  0.000000e+000  0.000000e+000  0.000000e+000  0.000000e+000  0.000000e+000  0.000000e+000  0.000000e+000  0.000000e+000  0.000000e+000  0.000000e+000  0.000000e+000  0.000000e+000  0.000000e+000  0.000000e+000  0.000000e+000  
0.000000e+000  0.000000e+000  0.000000e+000  0.000000e+000  0.000000e+000  0.000000e+000  0.000000e+000  0.000000e+000  0.000000e+000  0.000000e+000  0.000000e+000  0.000000e+000  0.000000e+000  0.000000e+000  0.000000e+000  0.000000e+000  
0.000000e+000  0.000000e+000  0.000000e+000  0.000000e+000  0.000000e+000  0.000000e+000  0.000000e+000  0.000000e+000  0.000000e+000  0.000000e+000  0.000000e+000  0.000000e+000  0.000000e+000  0.000000e+000  0.000000e+000  0.000000e+000  
0.000000e+000  0.000000e+000  0.000000e+000  0.000000e+000  0.000000e+000  0.000000e+000  0.000000e+000  0.000000e+000  0.000000e+000  0.000000e+000  0.000000e+000  0.000000e+000  0.000000e+000  0.000000e+000  0.000000e+000  0.000000e+000  
0.000000e+000  0.000000e+000  0.000000e+000  0.000000e+000  0.000000e+000  0.000000e+000  0.000000e+000  0.000000e+000  0.000000e+000  0.000000e+000  0.000000e+000  0.000000e+000  0.000000e+000  0.000000e+000  0.000000e+000  0.000000e+000  
0.000000e+000  0.000000e+000  0.000000e+000  0.000000e+000  0.000000e+000  0.000000e+000  0.000000e+000  0.000000e+000  0.000000e+000  0.000000e+000  0.000000e+000  0.000000e+000  0.000000e+000  0.000000e+000  0.000000e+000  0.000000e+000  
0.000000e+000  0.000000e+000  0.000000e+000  0.000000e+000  0.000000e+000  0.000000e+000  0.000000e+000  0.000000e+000  0.000000e+000  0.000000e+000  0.000000e+000  0.000000e+000  0.000000e+000  0.000000e+000  0.000000e+000  0.000000e+000  
0.000000e+000  0.000000e+000  0.000000e+000  0.000000e+000  0.000000e+000  0.000000e+000  0.000000e+000  0.000000e+000  0.000000e+000  0.000000e+000  0.000000e+000  0.000000e+000  0.000000e+000  0.000000e+000  0.000000e+000  0.000000e+000  
0.000000e+000  0.000000e+000  0.000000e+000  0.000000e+000  0.000000e+000  0.000000e+000  0.000000e+000  0.000000e+000  0.000000e+000  0.000000e+000  0.000000e+000  0.000000e+000  0.000000e+000  0.000000e+000  0.000000e+000  0.000000e+000  
0.000000e+000  0.000000e+000  0.000000e+000  0.000000e+000  0.000000e+000  0.000000e+000  0.000000e+000  0.000000e+000  0.000000e+000  0.000000e+000  0.000000e+000  0.000000e+000  0.000000e+000  0.000000e+000  0.000000e+000  0.000000e+000  
0.000000e+000  0.000000e+000  0.000000e+000  0.000000e+000  0.000000e+000  0.000000e+000  0.000000e+000  0.000000e+000  0.000000e+000  0.000000e+000  0.000000e+000  0.000000e+000  0.000000e+000  0.000000e+000  0.000000e+000  0.000000e+000  
0.000000e+000  0.000000e+000  0.000000e+000  0.000000e+000  0.000000e+000  0.000000e+000  0.000000e+000  0.000000e+000  0.000000e+000  0.000000e+000  0.000000e+000  0.000000e+000  0.000000e+000  0.000000e+000  0.000000e+000  0.000000e+000  
0.000000e+000  0.000000e+000  0.000000e+000  0.000000e+000  0.000000e+000  0.000000e+000  0.000000e+000  0.000000e+000  0.000000e+000  0.000000e+000  0.000000e+000  0.000000e+000  0.000000e+000  0.000000e+000  0.000000e+000  0.000000e+000  
0.000000e+000  0.000000e+000  0.000000e+000  0.000000e+000  0.000000e+000  0.000000e+000  0.000000e+000  0.000000e+000  0.000000e+000  0.000000e+000  0.000000e+000  0.000000e+000  0.000000e+000  0.000000e+000  0.000000e+000  0.000000e+000  
0.000000e+000  0.000000e+000  0.000000e+000  0.000000e+000  0.000000e+000  0.000000e+000  0.000000e+000  0.000000e+000  0.000000e+000  0.000000e+000  0.000000e+000  0.000000e+000  0.000000e+000  0.000000e+000  0.000000e+000  0.000000e+000  
0.000000e+000  0.000000e+000  0.000000e+000  0.000000e+000  0.000000e+000  0.000000e+000  0.000000e+000  0.000000e+000  0.000000e+000  0.000000e+000  0.000000e+000  0.000000e+000  0.000000e+000  0.000000e+000  0.000000e+000  0.000000e+000  
0.000000e+000  0.000000e+000  0.000000e+000  0.000000e+000  0.000000e+000  0.000000e+000  0.000000e+000  0.000000e+000  0.000000e+000  0.000000e+000  0.000000e+000  0.000000e+000  0.000000e+000  0.000000e+000  0.000000e+000  0.000000e+000  
0.000000e+000  0.000000e+000  0.000000e+000  0.000000e+000  0.000000e+000  0.000000e+000  0.000000e+000  0.000000e+000  0.000000e+000  0.000000e+000  0.000000e+000  0.000000e+000  0.000000e+000  0.000000e+000  0.000000e+000  0.000000e+000  
0.000000e+000  0.000000e+000  0.000000e+000  0.000000e+000  0.000000e+000  0.000000e+000  0.000000e+000  0.000000e+000  0.000000e+000  0.000000e+000  0.000000e+000  0.000000e+000  0.000000e+000  0.000000e+000  0.000000e+000  0.000000e+000  
0.000000e+000  0.000000e+000  0.000000e+000  0.000000e+000  0.000000e+000  0.000000e+000  0.000000e+000  0.000000e+000  0.000000e+000  0.000000e+000  0.000000e+000  0.000000e+000  0.000000e+000  0.000000e+000  0.000000e+000  0.000000e+000  
0.000000e+000  0.000000e+000  0.000000e+000  0.000000e+000  0.000000e+000  0.000000e+000  0.000000e+000  0.000000e+000  0.000000e+000  0.000000e+000  0.000000e+000  0.000000e+000  0.000000e+000  0.000000e+000  0.000000e+000  0.000000e+000  
0.000000e+000  0.000000e+000  0.000000e+000  0.000000e+000  0.000000e+000  0.000000e+000  0.000000e+000  0.000000e+000  0.000000e+000  0.000000e+000  0.000000e+000  0.000000e+000  0.000000e+000  0.000000e+000  0.000000e+000  0.000000e+000  
0.000000e+000  0.000000e+000  0.000000e+000  0.000000e+000  0.000000e+000  0.000000e+000  0.000000e+000  0.000000e+000  0.000000e+000  0.000000e+000  0.000000e+000  0.000000e+000  0.000000e+000  0.000000e+000  0.000000e+000  0.000000e+000  
0.000000e+000  0.000000e+000  0.000000e+000  0.000000e+000  0.000000e+000  0.000000e+000  0.000000e+000  0.000000e+000  0.000000e+000  0.000000e+000  0.000000e+000  0.000000e+000  0.000000e+000  0.000000e+000  0.000000e+000  0.000000e+000  
0.000000e+000  0.000000e+000  0.000000e+000  0.000000e+000  0.000000e+000  0.000000e+000  0.000000e+000  0.000000e+000  0.000000e+000  0.000000e+000  0.000000e+000  0.000000e+000  0.000000e+000  0.000000e+000  0.000000e+000  0.000000e+000  
0.000000e+000  0.000000e+000  0.000000e+000  0.000000e+000  0.000000e+000  0.000000e+000  0.000000e+000  0.000000e+000  0.000000e+000  0.000000e+000  0.000000e+000  0.000000e+000  0.000000e+000  0.000000e+000  0.000000e+000  0.000000e+000  
0.000000e+000  0.000000e+000  0.000000e+000  0.000000e+000  0.000000e+000  0.000000e+000  0.000000e+000  0.000000e+000  0.000000e+000  0.000000e+000  0.000000e+000  0.000000e+000  0.000000e+000  0.000000e+000  0.000000e+000  0.000000e+000  

-0.000000e+000  6.274604e-002  1.244797e-001  1.842051e-001  2.409586e-001  2.938245e-001  3.419499e-001  3.889831e-001  4.282575e-001  4.589896e-001  4.948112e-001  3.888974e-001  1.989659e-001  1.348906e-001  6.812472e-002  -0.000000e+000  
-0.000000e+000  6.254299e-002  1.240769e-001  1.836090e-001  2.401789e-001  2.928737e-001  3.408434e-001  3.877244e-001  4.268716e-001  4.575043e-001  4.932099e-001  3.876390e-001  1.983220e-001  1.344541e-001  6.790427e-002  -0.000000e+000  
-0.000000e+000  6.213755e-002  1.232726e-001  1.824188e-001  2.386219e-001  2.909751e-001  3.386338e-001  3.852109e-001  4.241044e-001  4.545385e-001  4.900127e-001  3.851261e-001  1.970364e-001  1.335825e-001  6.746408e-002  -0.000000e+000  
-0.000000e+000  6.069980e-002  1.204203e-001  1.781980e-001  2.331006e-001  2.842425e-001  3.307985e-001  3.762979e-001  4.142914e-001  4.440213e-001  4.786747e-001  3.762150e-001  1.924773e-001  1.304916e-001  6.590308e-002  -0.000000e+000  
-0.000000e+000  5.531030e-002  1.097282e-001  1.623758e-001  2.124037e-001  2.590048e-001  3.014270e-001  3.428866e-001  3.775067e-001  4.045969e-001  4.361734e-001  3.428110e-001  1.753874e-001  1.189053e-001  6.005158e-002  -0.000000e+000  
-0.000000e+000  4.624765e-002  9.174915e-002  1.357704e-001  1.776012e-001  2.165666e-001  2.520379e-001  2.867042e-001  3.156518e-001  3.383033e-001  3.647059e-001  2.866411e-001  1.466500e-001  9.942258e-002  5.021206e-002  -0.000000e+000  
-0.000000e+000  3.442433e-002  6.829327e-002  1.010604e-001  1.321970e-001  1.612008e-001  1.876038e-001  2.134076e-001  2.349547e-001  2.518152e-001  2.714680e-001  2.133606e-001  1.091585e-001  7.400495e-002  3.737523e-002  -0.000000e+000  
-0.000000e+000  2.144105e-002  4.253617e-002  6.294502e-002  8.233834e-002  1.004032e-001  1.168482e-001  1.329200e-001  1.463405e-001  1.568420e-001  1.690827e-001  1.328908e-001  6.798894e-002  4.609368e-002  2.327901e-002  -0.000000e+000  
-0.000000e+000  1.316593e-002  2.611944e-002  3.865155e-002  5.056006e-002  6.165285e-002  7.175094e-002  8.161986e-002  8.986075e-002  9.630922e-002  1.038256e-001  8.160186e-002  4.174878e-002  2.830394e-002  1.429453e-002  -0.000000e+000  
-0.000000e+000  9.632463e-003  1.910952e-002  2.827826e-002  3.699078e-002  4.510648e-002  5.249446e-002  5.971476e-002  6.574397e-002  7.046181e-002  7.596096e-002  5.970160e-002  3.054427e-002  2.070774e-002  1.045818e-002  -0.000000e+000  
-0.000000e+000  6.067821e-003  1.203775e-002  1.781347e-002  2.330178e-002  2.841416e-002  3.306808e-002  3.761643e-002  4.141444e-002  4.438639e-002  4.785048e-002  3.760813e-002  1.924093e-002  1.304455e-002  6.587973e-003  -0.000000e+000  
-0.000000e+000  3.208303e-003  6.364857e-003  9.418691e-003  1.232060e-002  1.502368e-002  1.748447e-002  1.988931e-002  2.189749e-002  2.346885e-002  2.530048e-002  1.988493e-002  1.017344e-002  6.897160e-003  3.483327e-003  -0.000000e+000  
-0.000000e+000  1.069855e-003  2.122409e-003  3.140768e-003  4.108428e-003  5.009840e-003  5.830356e-003  6.632317e-003  7.301944e-003  7.825965e-003  8.436715e-003  6.630855e-003  3.392457e-003  2.299939e-003  1.161552e-003  -0.000000e+000  
-0.000000e+000  -1.069856e-003  -2.122427e-003  -3.140762e-003  -4.108430e-003  -5.009833e-003  -5.830368e-003  -6.632312e-003  -7.301953e-003  -7.825950e-003  -8.436714e-003  -6.630865e-003  -3.392456e-003  -2.299929e-003  -1.161547e-003  -0.000000e+000  
-0.000000e+000  -3.208298e-003  -6.364838e-003  -9.418701e-003  -1.232059e-002  -1.502370e-002  -1.748445e-002  -1.988932e-002  -2.189747e-002  -2.346886e-002  -2.530047e-002  -1.988491e-002  -1.017344e-002  -6.897179e-003  -3.483335e-003  -0.000000e+000  
-0.000000e+000  -6.067828e-003  -1.203775e-002  -1.781347e-002  -2.330178e-002  -2.841416e-002  -3.306809e-002  -3.761643e-002  -4.141445e-002  -4.438638e-002  -4.785048e-002  -3.760813e-002  -1.924093e-002  -1.304454e-002  -6.587972e-003  -0.000000e+000  
-0.000000e+000  -9.632458e-003  -1.910952e-002  -2.827826e-002  -3.699077e-002  -4.510648e-002  -5.249446e-002  -5.971477e-002  -6.574397e-002  -7.046181e-002  -7.596096e-002  -5.970160e-002  -3.054427e-002  -2.070775e-002  -1.045817e-002  -0.000000e+000  
-0.000000e+000  -1.316593e-002  -2.611944e-002  -3.865154e-002  -5.056006e-002  -6.165285e-002  -7.175094e-002  -8.161986e-002  -8.986075e-002  -9.630922e-002  -1.038256e-001  -8.160187e-002  -4.174878e-002  -2.830394e-002  -1.429453e-002  -0.000000e+000  
-0.000000e+000  -2.144105e-002  -4.253617e-002  -6.294502e-002  -8.233834e-002  -1.004032e-001  -1.168482e-001  -1.329200e-001  -1.463405e-001  -1.568420e-001  -1.690827e-001  -1.328908e-001  -6.798894e-002  -4.609368e-002  -2.327901e-002  -0.000000e+000  
-0.000000e+000  -3.442433e-002  -6.829327e-002  -1.010604e-001  -1.321970e-001  -1.612008e-001  -1.876038e-001  -2.134076e-001  -2.349547e-001  -2.518152e-001  -2.714680e-001  -2.133606e-001  -1.091585e-001  -7.400495e-002  -3.737523e-002  -0.000000e+000  
-0.000000e+000  -4.624765e-002  -9.174915e-002  -1.357704e-001  -1.776012e-001  -2.165666e-001  -2.520379e-001  -2.867042e-001  -3.156518e-001  -3.383033e-001  -3.647059e-001  -2.866411e-001  -1.466500e-001  -9.942258e-002  -5.021206e-002  -0.000000e+000  
-0.000000e+000  -5.531030e-002  -1.097282e-001  -1.623758e-001  -2.124037e-001  -2.590048e-001  -3.014270e-001  -3.428866e-001  -3.775067e-001  -4.045969e-001  -4.361734e-001  -3.428110e-001  -1.753874e-001  -1.189053e-001  -6.005158e-002  -0.000000e+000  
-0.000000e+000  -6.069980e-002  -1.204203e-001  -1.781980e-001  -2.331006e-001  -2.842425e-001  -3.307985e-001  -3.762979e-001  -4.142914e-001  -4.440213e-001  -4.786747e-001  -3.762150e-001  -1.924773e-001  -1.304916e-001  -6.590308e-002  -0.000000e+000  
-0.000000e+000  -6.213755e-002  -1.232726e-001  -1.824188e-001  -2.386219e-001  -2.909751e-001  -3.386338e-001  -3.852109e-001  -4.241044e-001  -4.545385e-001  -4.900127e-001  -3.851261e-001  -1.970364e-001  -1.335825e-001  -6.746408e-002  -0.000000e+000  
-0.000000e+000  -6.254299e-002  -1.240769e-001  -1.836090e-001  -2.401789e-001  -2.928737e-001  -3.408434e-001  -3.877244e-001  -4.268716e-001  -4.575043e-001  -4.932099e-001  -3.876390e-001  -1.983220e-001  -1.344541e-001  -6.790427e-002  -0.000000e+000  
-0.000000e+000  -6.274604e-002  -1.244797e-001  -1.842051e-001  -2.409586e-001  -2.938245e-001  -3.419499e-001  -3.889831e-001  -4.282575e-001  -4.589896e-001  -4.948112e-001  -3.888974e-001  -1.989659e-001  -1.348906e-001  -6.812472e-002  -0.000000e+000  
-0.000000e+000  -0.000000e+000  -0.000000e+000  -0.000000e+000  -0.000000e+000  -0.000000e+000  -0.000000e+000  -0.000000e+000  -0.000000e+000  -0.000000e+000  -0.000000e+000  -0.000000e+000  -0.000000e+000  -0.000000e+000  -0.000000e+000  -0.000000e+000  

-0.000000e+000  -0.000000e+000  -0.000000e+000  -0.000000e+000  -0.000000e+000  -0.000000e+000  -0.000000e+000  -0.000000e+000  -0.000000e+000  -0.000000e+000  -0.000000e+000  -0.000000e+000  -0.000000e+000  -0.000000e+000  -0.000000e+000  -0.000000e+000  
-7.049031e-002  -6.935303e-002  -6.709684e-002  -6.375812e-002  -5.939075e-002  -5.406519e-002  -4.752058e-002  -3.968134e-002  -3.105059e-002  -1.053250e-002  2.663394e-002  5.584496e-002  6.473927e-002  6.745775e-002  6.883067e-002  -0.000000e+000  
-1.407525e-001  -1.384816e-001  -1.339766e-001  -1.273099e-001  -1.185893e-001  -1.079554e-001  -9.488738e-002  -7.923426e-002  -6.200070e-002  -2.103093e-002  5.318170e-002  1.115092e-001  1.292690e-001  1.346972e-001  1.374386e-001  -0.000000e+000  
-2.105592e-001  -2.071621e-001  -2.004227e-001  -1.904498e-001  -1.774041e-001  -1.614963e-001  -1.419471e-001  -1.185308e-001  -9.275017e-002  -3.146129e-002  7.955736e-002  1.668126e-001  1.933805e-001  2.015008e-001  2.056018e-001  -0.000000e+000  
-4.656652e-001  -4.581523e-001  -4.432477e-001  -4.211918e-001  -3.923406e-001  -3.571594e-001  -3.139252e-001  -2.621384e-001  -2.051229e-001  -6.957864e-002  1.759462e-001  3.689167e-001  4.276734e-001  4.456318e-001  4.547015e-001  -0.000000e+000  
-7.325394e-001  -7.207208e-001  -6.972743e-001  -6.625782e-001  -6.171922e-001  -5.618486e-001  -4.938366e-001  -4.123707e-001  -3.226795e-001  -1.094544e-001  2.767815e-001  5.803440e-001  6.727743e-001  7.010248e-001  7.152924e-001  -0.000000e+000  
-9.556859e-001  -9.402671e-001  -9.096784e-001  -8.644131e-001  -8.052016e-001  -7.329992e-001  -6.442694e-001  -5.379873e-001  -4.209743e-001  -1.427964e-001  3.610948e-001  7.571288e-001  8.777152e-001  9.145714e-001  9.331852e-001  -0.000000e+000  
-1.121784e+000  -1.103686e+000  -1.067781e+000  -1.014648e+000  -9.451460e-001  -8.603948e-001  -7.562437e-001  -6.314898e-001  -4.941398e-001  -1.676145e-001  4.238533e-001  8.887181e-001  1.030262e+000  1.073524e+000  1.095373e+000  -0.000000e+000  
-1.211896e+000  -1.192343e+000  -1.153554e+000  -1.096154e+000  -1.021068e+000  -9.295090e-001  -8.169917e-001  -6.822164e-001  -5.338333e-001  -1.810787e-001  4.579008e-001  9.601075e-001  1.113022e+000  1.159759e+000  1.183363e+000  -0.000000e+000  
-1.226687e+000  -1.206896e+000  -1.167633e+000  -1.109532e+000  -1.033530e+000  -9.408534e-001  -8.269628e-001  -6.905427e-001  -5.403486e-001  -1.832888e-001  4.634894e-001  9.718254e-001  1.126606e+000  1.173914e+000  1.197806e+000  -0.000000e+000  
-1.237508e+000  -1.217542e+000  -1.177933e+000  -1.119320e+000  -1.042647e+000  -9.491533e-001  -8.342580e-001  -6.966344e-001  -5.451154e-001  -1.849057e-001  4.675781e-001  9.803984e-001  1.136545e+000  1.184269e+000  1.208372e+000  -0.000000e+000  
-1.244325e+000  -1.224249e+000  -1.184422e+000  -1.125485e+000  -1.048391e+000  -9.543816e-001  -8.388534e-001  -7.004717e-001  -5.481181e-001  -1.859242e-001  4.701537e-001  9.857989e-001  1.142805e+000  1.190793e+000  1.215028e+000  -0.000000e+000  
-1.246471e+000  -1.226361e+000  -1.186465e+000  -1.127427e+000  -1.050199e+000  -9.560281e-001  -8.403005e-001  -7.016801e-001  -5.490637e-001  -1.862449e-001  4.709648e-001  9.874996e-001  1.144777e+000  1.192847e+000  1.217124e+000  -0.000000e+000  
-1.247187e+000  -1.227065e+000  -1.187147e+000  -1.128075e+000  -1.050802e+000  -9.565771e-001  -8.407831e-001  -7.020831e-001  -5.493790e-001  -1.863519e-001  4.712352e-001  9.880667e-001  1.145434e+000  1.193532e+000  1.217823e+000  -0.000000e+000  
-1.246471e+000  -1.226361e+000  -1.186465e+000  -1.127427e+000  -1.050199e+000  -9.560280e-001  -8.403006e-001  -7.016801e-001  -5.490637e-001  -1.862449e-001  4.709648e-001  9.874996e-001  1.144777e+000  1.192847e+000  1.217124e+000  -0.000000e+000  
-1.244325e+000  -1.224249e+000  -1.184422e+000  -1.125485e+000  -1.048391e+000  -9.543816e-001  -8.388534e-001  -7.004717e-001  -5.481181e-001  -1.859242e-001  4.701537e-001  9.857989e-001  1.142805e+000  1.190793e+000  1.215028e+000  -0.000000e+000  
-1.237508e+000  -1.217542e+000  -1.177933e+000  -1.119320e+000  -1.042647e+000  -9.491533e-001  -8.342580e-001  -6.966344e-001  -5.451154e-001  -1.849057e-001  4.675781e-001  9.803984e-001  1.136545e+000  1.184269e+000  1.208372e+000  -0.000000e+000  
-1.226687e+000  -1.206896e+000  -1.167633e+000  -1.109532e+000  -1.033530e+000  -9.408534e-001  -8.269628e-001  -6.905427e-001  -5.403486e-001  -1.832888e-001  4.634894e-001  9.718254e-001  1.126606e+000  1.173914e+000  1.197806e+000  -0.000000e+000  
-1.211896e+000  -1.192343e+000  -1.153554e+000  -1.096154e+000  -1.021068e+000  -9.295090e-001  -8.169917e-001  -6.822164e-001  -5.338333e-001  -1.810787e-001  4.579008e-001  9.601075e-001  1.113022e+000  1.159759e+000  1.183363e+000  -0.000000e+000  
-1.121784e+000  -1.103686e+000  -1.067781e+000  -1.014648e+000  -9.451460e-001  -8.603948e-001  -7.562437e-001  -6.314898e-001  -4.941398e-001  -1.676145e-001  4.238533e-001  8.887181e-001  1.030262e+000  1.073524e+000  1.095373e+000  -0.000000e+000  
-9.556859e-001  -9.402671e-001  -9.096784e-001  -8.644131e-001  -8.052016e-001  -7.329992e-001  -6.442694e-001  -5.379873e-001  -4.209743e-001  -1.427964e-001  3.610948e-001  7.571288e-001  8.777152e-001  9.145714e-001  9.331852e-001  -0.000000e+000  
-7.325394e-001  -7.207208e-001  -6.972743e-001  -6.625781e-001  -6.171922e-001  -5.618486e-001  -4.938366e-001  -4.123707e-001  -3.226795e-001  -1.094544e-001  2.767815e-001  5.803440e-001  6.727743e-001  7.010248e-001  7.152924e-001  -0.000000e+000  
-4.656652e-001  -4.581523e-001  -4.432477e-001  -4.211918e-001  -3.923406e-001  -3.571594e-001  -3.139252e-001  -2.621384e-001  -2.051229e-001  -6.957864e-002  1.759462e-001  3.689167e-001  4.276734e-001  4.456318e-001  4.547015e-001  -0.000000e+000  
-2.105592e-001  -2.071621e-001  -2.004227e-001  -1.904498e-001  -1.774041e-001  -1.614963e-001  -1.419471e-001  -1.185308e-001  -9.275017e-002  -3.146129e-002  7.955736e-002  1.668126e-001  1.933805e-001  2.015008e-001  2.056018e-001  -0.000000e+000  
-1.407525e-001  -1.384816e-001  -1.339766e-001  -1.273099e-001  -1.185893e-001  -1.079554e-001  -9.488739e-002  -7.923426e-002  -6.200070e-002  -2.103093e-002  5.318170e-002  1.115092e-001  1.292690e-001  1.346972e-001  1.374386e-001  -0.000000e+000  
-7.049030e-002  -6.935303e-002  -6.709684e-002  -6.375812e-002  -5.939075e-002  -5.406519e-002  -4.752058e-002  -3.968134e-002  -3.105059e-002  -1.053250e-002  2.663394e-002  5.584496e-002  6.473927e-002  6.745774e-002  6.883068e-002  -0.000000e+000  
-0.000000e+000  -0.000000e+000  -0.000000e+000  -0.000000e+000  -0.000000e+000  -0.000000e+000  -0.000000e+000  -0.000000e+000  -0.000000e+000  -0.000000e+000  -0.000000e+000  -0.000000e+000  -0.000000e+000  -0.000000e+000  -0.000000e+000  -0.000000e+000  

-1.492506e-008  -1.416925e-008  -1.283090e-008  -1.093598e-008  -8.025651e-009  -4.808842e-009  -1.557535e-009  4.907560e-009  1.193965e-008  1.676602e-008  3.111592e-008  4.106025e-008  4.164436e-008  4.321396e-008  4.415930e-008  0.000000e+000  
-1.448273e-008  -1.380736e-008  -1.244233e-008  -1.000312e-008  -7.993133e-009  -4.316111e-009  -1.763323e-009  4.835332e-009  1.137244e-008  1.613324e-008  3.058627e-008  4.103424e-008  4.073520e-008  4.212425e-008  4.302558e-008  0.000000e+000  
-1.372135e-008  -1.266801e-008  -1.155884e-008  -9.636215e-009  -6.915200e-009  -4.229013e-009  -1.385942e-009  4.475624e-009  1.058021e-008  1.467187e-008  2.960903e-008  4.098427e-008  3.928443e-008  4.027116e-008  4.073479e-008  0.000000e+000  
-1.452966e-008  -1.405536e-008  -1.295718e-008  -1.135135e-008  -9.013946e-009  -6.249911e-009  -2.103387e-009  1.356652e-009  4.513056e-009  9.178236e-009  2.739271e-008  3.962894e-008  3.852251e-008  3.848154e-008  3.850381e-008  0.000000e+000  
-1.009438e-008  -9.891582e-009  -9.686934e-009  -9.574956e-009  -9.447354e-009  -9.427184e-009  -8.914499e-009  -5.747636e-009  -1.506394e-009  9.309487e-009  1.763021e-008  1.986378e-008  2.940825e-008  3.217644e-008  3.346942e-008  0.000000e+000  
-4.784716e-009  -4.757664e-009  -4.784350e-009  -4.711226e-009  -4.745395e-009  -4.743577e-009  -4.372703e-009  -2.709384e-009  -1.076792e-009  2.082058e-009  -3.432415e-009  -9.929712e-009  -9.343336e-009  -9.183076e-009  -9.148300e-009  0.000000e+000  
1.366099e-010  2.220677e-010  5.573443e-010  9.272315e-010  1.601622e-009  2.553616e-009  4.433000e-009  4.719679e-009  3.031299e-009  -4.244364e-009  -2.182623e-008  -3.235697e-008  -4.698974e-008  -5.106896e-008  -5.300613e-008  0.000000e+000  
-1.156505e-009  -1.255639e-009  -1.559819e-009  -2.122677e-009  -2.892981e-009  -4.018870e-009  -5.217653e-009  -6.175546e-009  -7.093516e-009  -9.732666e-009  -1.355614e-008  -1.981854e-008  -2.043025e-008  -2.060181e-008  -2.071611e-008  0.000000e+000  
-1.320417e-008  -1.304317e-008  -1.296822e-008  -1.286335e-008  -1.299176e-008  -1.289779e-008  -1.322421e-008  -1.236173e-008  -1.056480e-008  -6.066847e-009  -5.826022e-009  -1.535651e-008  -3.021973e-009  -1.155649e-010  8.718101e-010  0.000000e+000  
-6.469151e-009  -6.502018e-009  -6.454751e-009  -6.864848e-009  -7.258310e-009  -7.244593e-009  -8.111425e-009  -7.818330e-009  -6.674786e-009  -4.620803e-009  -5.406153e-009  -1.152392e-008  -4.397973e-009  -2.226733e-009  -1.179893e-009  0.000000e+000  
4.354722e-010  3.963385e-010  3.669675e-010  -3.150525e-010  -3.313497e-010  -1.944768e-009  -3.169271e-009  -3.412280e-009  -3.426607e-009  -2.760638e-009  -4.440997e-009  -8.870924e-009  -4.728988e-009  -2.966406e-009  -2.593151e-009  0.000000e+000  
-4.907065e-009  -4.070026e-009  -5.350691e-009  -4.528247e-009  -6.086393e-009  -3.452062e-009  -5.199810e-009  -4.167071e-009  -3.976305e-009  -1.333246e-009  -6.314432e-010  -4.650523e-009  1.521540e-009  2.300808e-009  4.123539e-009  0.000000e+000  
-1.344814e-009  -1.637335e-009  -1.088164e-009  -7.849807e-010  -1.614105e-009  -2.000743e-009  -1.390610e-009  -2.176876e-009  -3.694325e-010  -6.673886e-010  -6.535001e-011  -1.512193e-009  -4.936774e-011  1.191050e-009  9.413087e-010  0.000000e+000  
1.631091e-009  1.494903e-009  1.567677e-009  1.210925e-009  2.230028e-009  1.450570e-009  1.892762e-009  1.946266e-009  5.057385e-010  5.522573e-010  5.861291e-011  1.740278e-009  3.883050e-010  -1.191648e-009  -1.418393e-009  0.000000e+000  
4.890550e-009  4.617449e-009  5.037299e-009  4.544326e-009  3.975836e-009  5.055292e-009  4.767522e-009  4.081547e-009  4.399588e-009  1.441357e-009  7.425870e-010  4.751660e-009  -2.047341e-009  -2.323590e-009  -2.608565e-009  0.000000e+000  
-5.302220e-010  1.810418e-011  -1.514814e-010  5.497449e-011  9.979698e-010  1.297917e-009  3.315192e-009  3.992120e-009  3.076037e-009  2.754889e-009  4.564386e-009  9.060389e-009  4.797145e-009  3.325796e-009  2.350280e-009  0.000000e+000  
6.328917e-009  6.481693e-009  6.331597e-009  6.911386e-009  6.858046e-009  7.895465e-009  8.035153e-009  7.478761e-009  6.780386e-009  4.642048e-009  5.497105e-009  1.179732e-008  4.541194e-009  2.154911e-009  1.315026e-009  0.000000e+000  
1.284976e-008  1.262535e-008  1.289644e-008  1.281978e-008  1.278500e-008  1.294082e-008  1.321111e-008  1.215087e-008  1.004532e-008  6.067425e-009  5.881389e-009  1.565804e-008  3.044221e-009  1.425745e-010  -1.173191e-009  0.000000e+000  
1.322439e-009  1.437666e-009  1.778711e-009  2.139810e-009  2.925224e-009  3.846717e-009  5.140365e-009  6.236317e-009  7.197329e-009  9.701316e-009  1.375077e-008  1.989354e-008  2.050791e-008  2.067376e-008  2.084622e-008  0.000000e+000  
-2.246861e-010  -3.131082e-010  -5.546317e-010  -9.326806e-010  -1.622881e-009  -2.526671e-009  -4.427786e-009  -4.696541e-009  -3.075605e-009  4.324635e-009  2.190434e-008  3.241093e-008  4.706849e-008  5.127940e-008  5.330105e-008  0.000000e+000  
4.558072e-009  4.570525e-009  4.619209e-009  4.557349e-009  4.682591e-009  4.664263e-009  4.361119e-009  2.685287e-009  1.101123e-009  -2.160261e-009  3.479437e-009  9.901499e-009  9.378089e-009  9.153302e-009  9.058346e-009  0.000000e+000  
1.005461e-008  9.927836e-009  9.746215e-009  9.595866e-009  9.481907e-009  9.454184e-009  9.032990e-009  5.870593e-009  1.662833e-009  -9.321455e-009  -1.775415e-008  -1.995528e-008  -2.958253e-008  -3.236038e-008  -3.366168e-008  0.000000e+000  
1.467917e-008  1.410368e-008  1.304248e-008  1.137556e-008  9.170221e-009  6.380648e-009  2.183474e-009  -1.343060e-009  -4.460478e-009  -9.211844e-009  -2.762318e-008  -3.983850e-008  -3.852023e-008  -3.855964e-008  -3.864826e-008  0.000000e+000  
1.336235e-008  1.294095e-008  1.169625e-008  9.948524e-009  7.317833e-009  4.411992e-009  1.080341e-009  -4.590656e-009  -1.084625e-008  -1.477763e-008  -2.963503e-008  -4.089296e-008  -3.929963e-008  -4.030710e-008  -4.075461e-008  0.000000e+000  
1.462428e-008  1.352831e-008  1.257755e-008  1.025532e-008  8.033357e-009  4.474236e-009  1.692696e-009  -5.059104e-009  -1.166731e-008  -1.624610e-008  -3.072568e-008  -4.107947e-008  -4.082343e-008  -4.207579e-008  -4.289211e-008  0.000000e+000  
1.501874e-008  1.435984e-008  1.262764e-008  1.061914e-008  7.834594e-009  4.777392e-009  1.708094e-009  -5.041787e-009  -1.213493e-008  -1.690080e-008  -3.132767e-008  -4.122546e-008  -4.147739e-008  -4.309398e-008  -4.355240e-008  0.000000e+000  
0.000000e+000  0.000000e+000  0.000000e+000  0.000000e+000  0.000000e+000  0.000000e+000  0.000000e+000  0.000000e+000  0.000000e+000  0.000000e+000  0.000000e+000  0.000000e+000  0.000000e+000  0.000000e+000  0.000000e+000  0.000000e+000  

