Port monitor named: Port1_e7[2.2].prt

nx        = 71
ny        = 23
nz        = 31

nu        = 5
nv        = 5
iu        = 14
iv        = 11

idir      = 1
dcut      = 2.500000e-002
icut      = 23
type      = 0
frequency = 2.200000e+009

fcutoff   = 5.359020e+010
alpha     = 1.547001e+003
beta      = 0.000000e+000
accuracy  = 2.510549e-015

type          = UNDEF
wave imp.     = 1.183725e+001
wave imp.sig. = 4.760537e-013
line imp.     = 0.000000e+000

ref. port     = 0

0.000000e+000  0.000000e+000  0.000000e+000  0.000000e+000  0.000000e+000  
-1.275700e+003  -5.824802e+002  5.231970e+002  1.490284e+003  0.000000e+000  
1.049790e+002  -1.660068e+002  -1.660068e+002  1.049790e+002  0.000000e+000  
1.490284e+003  5.231970e+002  -5.824802e+002  -1.275700e+003  0.000000e+000  
0.000000e+000  0.000000e+000  0.000000e+000  0.000000e+000  0.000000e+000  

0.000000e+000  -3.783790e+001  3.588504e+002  7.713589e+002  0.000000e+000  
0.000000e+000  -2.630670e+002  -5.674713e+002  6.039648e+001  0.000000e+000  
0.000000e+000  6.039648e+001  -5.674713e+002  -2.630670e+002  0.000000e+000  
0.000000e+000  7.713589e+002  3.588504e+002  -3.783790e+001  0.000000e+000  
0.000000e+000  0.000000e+000  0.000000e+000  0.000000e+000  0.000000e+000  

0.000000e+000  0.000000e+000  0.000000e+000  0.000000e+000  0.000000e+000  
0.000000e+000  2.228644e+002  1.126983e+002  1.219703e+002  0.000000e+000  
0.000000e+000  3.297416e+001  0.000000e+000  -3.297416e+001  0.000000e+000  
0.000000e+000  -1.219703e+002  -1.126983e+002  -2.228644e+002  0.000000e+000  
0.000000e+000  0.000000e+000  0.000000e+000  0.000000e+000  0.000000e+000  

0.000000e+000  0.000000e+000  0.000000e+000  0.000000e+000  0.000000e+000  
0.000000e+000  0.000000e+000  0.000000e+000  0.000000e+000  0.000000e+000  
0.000000e+000  0.000000e+000  0.000000e+000  0.000000e+000  0.000000e+000  
0.000000e+000  0.000000e+000  0.000000e+000  0.000000e+000  0.000000e+000  
0.000000e+000  0.000000e+000  0.000000e+000  0.000000e+000  0.000000e+000  

0.000000e+000  0.000000e+000  0.000000e+000  0.000000e+000  0.000000e+000  
0.000000e+000  0.000000e+000  0.000000e+000  0.000000e+000  0.000000e+000  
0.000000e+000  0.000000e+000  0.000000e+000  0.000000e+000  0.000000e+000  
0.000000e+000  0.000000e+000  0.000000e+000  0.000000e+000  0.000000e+000  
0.000000e+000  0.000000e+000  0.000000e+000  0.000000e+000  0.000000e+000  

0.000000e+000  0.000000e+000  0.000000e+000  0.000000e+000  0.000000e+000  
0.000000e+000  0.000000e+000  0.000000e+000  0.000000e+000  0.000000e+000  
0.000000e+000  0.000000e+000  0.000000e+000  0.000000e+000  0.000000e+000  
0.000000e+000  0.000000e+000  0.000000e+000  0.000000e+000  0.000000e+000  
0.000000e+000  0.000000e+000  0.000000e+000  0.000000e+000  0.000000e+000  

