Port monitor named: Port2_e10.prt

nx        = 3
ny        = 18
nz        = 29

nu        = 16
nv        = 27
iu        = 2
iv        = 2

idir      = 0
dcut      = 5.114300e-001
icut      = 3
type      = 0
frequency = 2.200000e+009

fcutoff   = 6.098505e+009
alpha     = 1.191423e+002
beta      = 0.000000e+000
accuracy  = 3.641797e-009

type          = TM
wave imp.     = 9.735777e+002
wave imp.sig. = 1.290626e-004
line imp.     = 2.354281e+002

ref. port     = 0

-0.000000e+000  -0.000000e+000  -0.000000e+000  -0.000000e+000  -0.000000e+000  -0.000000e+000  -0.000000e+000  -0.000000e+000  -0.000000e+000  -0.000000e+000  -0.000000e+000  -0.000000e+000  -0.000000e+000  -0.000000e+000  -0.000000e+000  -0.000000e+000  
-1.100962e+002  -1.083200e+002  -1.047961e+002  -9.958150e+001  -9.276026e+001  -8.444245e+001  -7.422066e+001  -6.197683e+001  -4.849677e+001  -1.645033e+001  4.159859e+001  8.722221e+001  1.011139e+002  1.053598e+002  1.075041e+002  -0.000000e+000  
-2.170735e+002  -2.135713e+002  -2.066234e+002  -1.963419e+002  -1.828927e+002  -1.664927e+002  -1.463387e+002  -1.221979e+002  -9.561966e+001  -3.243462e+001  8.201871e+001  1.719734e+002  1.993633e+002  2.077348e+002  2.119627e+002  -0.000000e+000  
-3.179012e+002  -3.127723e+002  -3.025972e+002  -2.875400e+002  -2.678438e+002  -2.438263e+002  -2.143110e+002  -1.789571e+002  -1.400337e+002  -4.750006e+001  1.201153e+002  2.518528e+002  2.919649e+002  3.042248e+002  3.104165e+002  -0.000000e+000  
-6.152335e+002  -6.053075e+002  -5.856156e+002  -5.564756e+002  -5.183575e+002  -4.718765e+002  -4.147556e+002  -3.463354e+002  -2.710069e+002  -9.192679e+001  2.324589e+002  4.874101e+002  5.650390e+002  5.887656e+002  6.007484e+002  -0.000000e+000  
-6.558141e+002  -6.452333e+002  -6.242426e+002  -5.931805e+002  -5.525482e+002  -5.030012e+002  -4.421127e+002  -3.691795e+002  -2.888824e+002  -9.799024e+001  2.477917e+002  5.195595e+002  6.023087e+002  6.276003e+002  6.403735e+002  -0.000000e+000  
-3.536785e+002  -3.479724e+002  -3.366521e+002  -3.199004e+002  -2.979875e+002  -2.712670e+002  -2.384300e+002  -1.990974e+002  -1.557934e+002  -5.284584e+001  1.336333e+002  2.801968e+002  3.248232e+002  3.384629e+002  3.453514e+002  -0.000000e+000  
1.332828e+002  1.311324e+002  1.268664e+002  1.205536e+002  1.122958e+002  1.022262e+002  8.985171e+001  7.502930e+001  5.871031e+001  1.991480e+001  -5.035934e+001  -1.055914e+002  -1.224087e+002  -1.275488e+002  -1.301447e+002  -0.000000e+000  
5.006844e+002  4.926065e+002  4.765810e+002  4.528665e+002  4.218456e+002  3.840187e+002  3.375331e+002  2.818519e+002  2.205487e+002  7.481115e+001  -1.891778e+002  -3.966602e+002  -4.598355e+002  -4.791445e+002  -4.888963e+002  -0.000000e+000  
5.652697e+002  5.561498e+002  5.380571e+002  5.112835e+002  4.762611e+002  4.335548e+002  3.810728e+002  3.182090e+002  2.489981e+002  8.446133e+001  -2.135806e+002  -4.478270e+002  -5.191515e+002  -5.409512e+002  -5.519609e+002  -0.000000e+000  
6.138411e+002  6.039376e+002  5.842902e+002  5.552162e+002  5.171844e+002  4.708085e+002  4.138169e+002  3.455515e+002  2.703936e+002  9.171876e+001  -2.319327e+002  -4.863070e+002  -5.637601e+002  -5.874331e+002  -5.993888e+002  -0.000000e+000  
6.450227e+002  6.346161e+002  6.139708e+002  5.834198e+002  5.434561e+002  4.947244e+002  4.348378e+002  3.631047e+002  2.841289e+002  9.637784e+001  -2.437143e+002  -5.110102e+002  -5.923978e+002  -6.172732e+002  -6.298362e+002  -0.000000e+000  
6.549116e+002  6.443454e+002  6.233836e+002  5.923642e+002  5.517878e+002  5.023090e+002  4.415043e+002  3.686715e+002  2.884849e+002  9.785542e+001  -2.474507e+002  -5.188445e+002  -6.014799e+002  -6.267367e+002  -6.394923e+002  -0.000000e+000  
6.582189e+002  6.475994e+002  6.265317e+002  5.953557e+002  5.545744e+002  5.048458e+002  4.437340e+002  3.705333e+002  2.899418e+002  9.834960e+001  -2.487004e+002  -5.214648e+002  -6.045174e+002  -6.299017e+002  -6.427218e+002  -0.000000e+000  
6.549116e+002  6.443454e+002  6.233836e+002  5.923642e+002  5.517878e+002  5.023090e+002  4.415043e+002  3.686715e+002  2.884849e+002  9.785542e+001  -2.474507e+002  -5.188445e+002  -6.014799e+002  -6.267367e+002  -6.394923e+002  -0.000000e+000  
6.450227e+002  6.346161e+002  6.139708e+002  5.834198e+002  5.434561e+002  4.947244e+002  4.348378e+002  3.631047e+002  2.841289e+002  9.637784e+001  -2.437143e+002  -5.110102e+002  -5.923978e+002  -6.172732e+002  -6.298362e+002  -0.000000e+000  
6.138411e+002  6.039376e+002  5.842902e+002  5.552162e+002  5.171844e+002  4.708085e+002  4.138169e+002  3.455515e+002  2.703936e+002  9.171876e+001  -2.319327e+002  -4.863070e+002  -5.637601e+002  -5.874331e+002  -5.993888e+002  -0.000000e+000  
5.652697e+002  5.561498e+002  5.380571e+002  5.112835e+002  4.762611e+002  4.335548e+002  3.810728e+002  3.182090e+002  2.489981e+002  8.446133e+001  -2.135806e+002  -4.478270e+002  -5.191515e+002  -5.409512e+002  -5.519609e+002  -0.000000e+000  
5.006844e+002  4.926065e+002  4.765810e+002  4.528665e+002  4.218456e+002  3.840187e+002  3.375331e+002  2.818519e+002  2.205487e+002  7.481115e+001  -1.891778e+002  -3.966602e+002  -4.598355e+002  -4.791445e+002  -4.888963e+002  -0.000000e+000  
1.332828e+002  1.311324e+002  1.268664e+002  1.205536e+002  1.122958e+002  1.022262e+002  8.985171e+001  7.502930e+001  5.871031e+001  1.991480e+001  -5.035934e+001  -1.055914e+002  -1.224087e+002  -1.275488e+002  -1.301447e+002  -0.000000e+000  
-3.536785e+002  -3.479724e+002  -3.366521e+002  -3.199004e+002  -2.979875e+002  -2.712670e+002  -2.384300e+002  -1.990974e+002  -1.557934e+002  -5.284584e+001  1.336333e+002  2.801968e+002  3.248232e+002  3.384629e+002  3.453514e+002  -0.000000e+000  
-6.558141e+002  -6.452333e+002  -6.242426e+002  -5.931805e+002  -5.525482e+002  -5.030012e+002  -4.421127e+002  -3.691795e+002  -2.888824e+002  -9.799024e+001  2.477917e+002  5.195595e+002  6.023087e+002  6.276003e+002  6.403735e+002  -0.000000e+000  
-6.152335e+002  -6.053075e+002  -5.856156e+002  -5.564756e+002  -5.183575e+002  -4.718765e+002  -4.147556e+002  -3.463354e+002  -2.710069e+002  -9.192679e+001  2.324589e+002  4.874101e+002  5.650390e+002  5.887656e+002  6.007484e+002  -0.000000e+000  
-3.179012e+002  -3.127723e+002  -3.025972e+002  -2.875400e+002  -2.678438e+002  -2.438263e+002  -2.143110e+002  -1.789571e+002  -1.400337e+002  -4.750006e+001  1.201153e+002  2.518528e+002  2.919649e+002  3.042248e+002  3.104165e+002  -0.000000e+000  
-2.170735e+002  -2.135713e+002  -2.066234e+002  -1.963419e+002  -1.828927e+002  -1.664927e+002  -1.463387e+002  -1.221979e+002  -9.561966e+001  -3.243462e+001  8.201871e+001  1.719734e+002  1.993633e+002  2.077348e+002  2.119627e+002  -0.000000e+000  
-1.100962e+002  -1.083200e+002  -1.047961e+002  -9.958150e+001  -9.276026e+001  -8.444245e+001  -7.422066e+001  -6.197683e+001  -4.849677e+001  -1.645033e+001  4.159859e+001  8.722221e+001  1.011139e+002  1.053598e+002  1.075041e+002  -0.000000e+000  
-0.000000e+000  -0.000000e+000  -0.000000e+000  -0.000000e+000  -0.000000e+000  -0.000000e+000  -0.000000e+000  -0.000000e+000  -0.000000e+000  -0.000000e+000  -0.000000e+000  -0.000000e+000  -0.000000e+000  -0.000000e+000  -0.000000e+000  -0.000000e+000  

-0.000000e+000  -9.800074e+001  -1.944204e+002  -2.877033e+002  -3.763444e+002  -4.589138e+002  -5.340791e+002  -6.075385e+002  -6.688797e+002  -7.168791e+002  -7.728275e+002  -6.074047e+002  -3.107575e+002  -2.106807e+002  -1.064015e+002  -0.000000e+000  
-0.000000e+000  -9.522443e+001  -1.889125e+002  -2.795528e+002  -3.656828e+002  -4.459130e+002  -5.189489e+002  -5.903273e+002  -6.499307e+002  -6.965702e+002  -7.509337e+002  -5.901972e+002  -3.019539e+002  -2.047122e+002  -1.033872e+002  -0.000000e+000  
-0.000000e+000  -8.975045e+001  -1.780529e+002  -2.634827e+002  -3.446615e+002  -4.202797e+002  -4.891172e+002  -5.563923e+002  -6.125694e+002  -6.565279e+002  -7.077663e+002  -5.562697e+002  -2.845961e+002  -1.929443e+002  -9.744400e+001  -0.000000e+000  
-0.000000e+000  -7.074711e+001  -1.403528e+002  -2.076941e+002  -2.716845e+002  -3.312916e+002  -3.855538e+002  -4.385844e+002  -4.828668e+002  -5.175177e+002  -5.579071e+002  -4.384878e+002  -2.243371e+002  -1.520912e+002  -7.681166e+001  -0.000000e+000  
-0.000000e+000  -8.410410e+000  -1.668513e+001  -2.469066e+001  -3.229783e+001  -3.938392e+001  -4.583460e+001  -5.213887e+001  -5.740316e+001  -6.152245e+001  -6.632393e+001  -5.212738e+001  -2.666915e+001  -1.808057e+001  -9.131357e+000  -0.000000e+000  
-0.000000e+000  6.261830e+001  1.242263e+002  1.838301e+002  2.404681e+002  2.932263e+002  3.412538e+002  3.881912e+002  4.273856e+002  4.580552e+002  4.938038e+002  3.881057e+002  1.985608e+002  1.346160e+002  6.798603e+001  -0.000000e+000  
-0.000000e+000  1.009239e+002  2.002194e+002  2.962847e+002  3.875698e+002  4.726020e+002  5.500094e+002  6.256599e+002  6.888307e+002  7.382618e+002  7.958790e+002  6.255221e+002  3.200267e+002  2.169648e+002  1.095752e+002  -0.000000e+000  
-0.000000e+000  8.741938e+001  1.734283e+002  2.566393e+002  3.357097e+002  4.093638e+002  4.764134e+002  5.419412e+002  5.966592e+002  6.394760e+002  6.893836e+002  5.418219e+002  2.772043e+002  1.879330e+002  9.491310e+001  -0.000000e+000  
-0.000000e+000  5.748971e+001  1.140519e+002  1.687740e+002  2.207732e+002  2.692104e+002  3.133043e+002  3.563975e+002  3.923817e+002  4.205394e+002  4.533601e+002  3.563190e+002  1.822982e+002  1.235906e+002  6.241782e+001  -0.000000e+000  
-0.000000e+000  4.323523e+001  8.577291e+001  1.269268e+002  1.660328e+002  2.024601e+002  2.356210e+002  2.680293e+002  2.950913e+002  3.162673e+002  3.409502e+002  2.679702e+002  1.370977e+002  9.294652e+001  4.694142e+001  -0.000000e+000  
-0.000000e+000  2.775591e+001  5.506402e+001  8.148374e+001  1.065888e+002  1.299742e+002  1.512627e+002  1.720680e+002  1.894411e+002  2.030355e+002  2.188813e+002  1.720300e+002  8.801321e+001  5.966930e+001  3.013519e+001  -0.000000e+000  
-0.000000e+000  1.477923e+001  2.932001e+001  4.338775e+001  5.675549e+001  6.920755e+001  8.054305e+001  9.162126e+001  1.008720e+002  1.081106e+002  1.165480e+002  9.160108e+001  4.686451e+001  3.177219e+001  1.604613e+001  -0.000000e+000  
-0.000000e+000  4.942967e+000  9.806186e+000  1.451119e+001  1.898208e+001  2.314672e+001  2.693792e+001  3.064307e+001  3.373700e+001  3.615799e+001  3.897993e+001  3.063632e+001  1.567401e+001  1.062633e+001  5.366686e+000  -0.000000e+000  
-0.000000e+000  -4.942967e+000  -9.806186e+000  -1.451119e+001  -1.898208e+001  -2.314672e+001  -2.693792e+001  -3.064307e+001  -3.373700e+001  -3.615799e+001  -3.897993e+001  -3.063632e+001  -1.567401e+001  -1.062633e+001  -5.366686e+000  -0.000000e+000  
-0.000000e+000  -1.477923e+001  -2.932001e+001  -4.338775e+001  -5.675549e+001  -6.920755e+001  -8.054305e+001  -9.162125e+001  -1.008720e+002  -1.081106e+002  -1.165480e+002  -9.160108e+001  -4.686451e+001  -3.177219e+001  -1.604613e+001  -0.000000e+000  
-0.000000e+000  -2.775591e+001  -5.506402e+001  -8.148374e+001  -1.065888e+002  -1.299742e+002  -1.512627e+002  -1.720680e+002  -1.894411e+002  -2.030355e+002  -2.188813e+002  -1.720300e+002  -8.801321e+001  -5.966930e+001  -3.013519e+001  -0.000000e+000  
-0.000000e+000  -4.323523e+001  -8.577291e+001  -1.269268e+002  -1.660328e+002  -2.024601e+002  -2.356210e+002  -2.680293e+002  -2.950913e+002  -3.162673e+002  -3.409502e+002  -2.679702e+002  -1.370977e+002  -9.294652e+001  -4.694142e+001  -0.000000e+000  
-0.000000e+000  -5.748971e+001  -1.140519e+002  -1.687740e+002  -2.207732e+002  -2.692104e+002  -3.133043e+002  -3.563975e+002  -3.923818e+002  -4.205394e+002  -4.533601e+002  -3.563190e+002  -1.822982e+002  -1.235906e+002  -6.241782e+001  -0.000000e+000  
-0.000000e+000  -8.741938e+001  -1.734283e+002  -2.566393e+002  -3.357097e+002  -4.093638e+002  -4.764134e+002  -5.419412e+002  -5.966592e+002  -6.394760e+002  -6.893836e+002  -5.418219e+002  -2.772043e+002  -1.879330e+002  -9.491310e+001  -0.000000e+000  
-0.000000e+000  -1.009239e+002  -2.002194e+002  -2.962847e+002  -3.875698e+002  -4.726020e+002  -5.500094e+002  -6.256599e+002  -6.888307e+002  -7.382618e+002  -7.958790e+002  -6.255221e+002  -3.200267e+002  -2.169648e+002  -1.095752e+002  -0.000000e+000  
-0.000000e+000  -6.261830e+001  -1.242263e+002  -1.838301e+002  -2.404681e+002  -2.932263e+002  -3.412538e+002  -3.881912e+002  -4.273856e+002  -4.580552e+002  -4.938038e+002  -3.881057e+002  -1.985608e+002  -1.346160e+002  -6.798603e+001  -0.000000e+000  
-0.000000e+000  8.410410e+000  1.668513e+001  2.469066e+001  3.229783e+001  3.938392e+001  4.583460e+001  5.213887e+001  5.740316e+001  6.152245e+001  6.632393e+001  5.212738e+001  2.666915e+001  1.808057e+001  9.131357e+000  -0.000000e+000  
-0.000000e+000  7.074711e+001  1.403528e+002  2.076941e+002  2.716845e+002  3.312916e+002  3.855538e+002  4.385844e+002  4.828668e+002  5.175177e+002  5.579071e+002  4.384878e+002  2.243371e+002  1.520912e+002  7.681166e+001  -0.000000e+000  
-0.000000e+000  8.975045e+001  1.780529e+002  2.634827e+002  3.446615e+002  4.202797e+002  4.891172e+002  5.563923e+002  6.125694e+002  6.565279e+002  7.077663e+002  5.562697e+002  2.845961e+002  1.929443e+002  9.744400e+001  -0.000000e+000  
-0.000000e+000  9.522443e+001  1.889125e+002  2.795528e+002  3.656828e+002  4.459130e+002  5.189489e+002  5.903273e+002  6.499307e+002  6.965702e+002  7.509337e+002  5.901972e+002  3.019539e+002  2.047122e+002  1.033872e+002  -0.000000e+000  
-0.000000e+000  9.800074e+001  1.944204e+002  2.877033e+002  3.763444e+002  4.589138e+002  5.340791e+002  6.075385e+002  6.688797e+002  7.168791e+002  7.728275e+002  6.074047e+002  3.107575e+002  2.106807e+002  1.064015e+002  -0.000000e+000  
-0.000000e+000  -0.000000e+000  -0.000000e+000  -0.000000e+000  -0.000000e+000  -0.000000e+000  -0.000000e+000  -0.000000e+000  -0.000000e+000  -0.000000e+000  -0.000000e+000  -0.000000e+000  -0.000000e+000  -0.000000e+000  -0.000000e+000  -0.000000e+000  

-0.000000e+000  -0.000000e+000  -0.000000e+000  -0.000000e+000  -0.000000e+000  -0.000000e+000  -0.000000e+000  -0.000000e+000  -0.000000e+000  -0.000000e+000  -0.000000e+000  -0.000000e+000  -0.000000e+000  -0.000000e+000  -0.000000e+000  -0.000000e+000  
-0.000000e+000  2.318773e+001  4.600136e+001  6.807282e+001  8.904601e+001  1.085826e+002  1.263673e+002  1.437483e+002  1.582621e+002  1.696191e+002  1.828570e+002  1.437167e+002  7.352764e+001  4.984868e+001  2.517542e+001  -0.000000e+000  
-0.000000e+000  4.571857e+001  9.069953e+001  1.342172e+002  1.755694e+002  2.140890e+002  2.491546e+002  2.834243e+002  3.120407e+002  3.344331e+002  3.605337e+002  2.833619e+002  1.449723e+002  9.828518e+001  4.963764e+001  -0.000000e+000  
-0.000000e+000  6.695422e+001  1.328282e+002  1.965592e+002  2.571190e+002  3.135304e+002  3.648835e+002  4.150711e+002  4.569794e+002  4.897726e+002  5.279967e+002  4.149796e+002  2.123099e+002  1.439373e+002  7.269364e+001  -0.000000e+000  
-0.000000e+000  1.295764e+002  2.570622e+002  3.804006e+002  4.976018e+002  6.067748e+002  7.061582e+002  8.032861e+002  8.843913e+002  9.478559e+002  1.021831e+003  8.031092e+002  4.108829e+002  2.785615e+002  1.406838e+002  -0.000000e+000  
-0.000000e+000  1.381232e+002  2.740179e+002  4.054917e+002  5.304234e+002  6.467974e+002  7.527361e+002  8.562705e+002  9.427253e+002  1.010376e+003  1.089230e+003  8.560819e+002  4.379846e+002  2.969353e+002  1.499633e+002  -0.000000e+000  
-0.000000e+000  7.448940e+001  1.477770e+002  2.186804e+002  2.860557e+002  3.488158e+002  4.059483e+002  4.617841e+002  5.084089e+002  5.448927e+002  5.874186e+002  4.616823e+002  2.362037e+002  1.601363e+002  8.087474e+001  -0.000000e+000  
-0.000000e+000  -2.807112e+001  -5.568935e+001  -8.240910e+001  -1.077993e+002  -1.314503e+002  -1.529805e+002  -1.740220e+002  -1.915925e+002  -2.053413e+002  -2.213671e+002  -1.739837e+002  -8.901273e+001  -6.034693e+001  -3.047743e+001  -0.000000e+000  
-0.000000e+000  -1.054508e+002  -2.092003e+002  -3.095746e+002  -4.049543e+002  -4.938006e+002  -5.746800e+002  -6.537239e+002  -7.197282e+002  -7.713765e+002  -8.315782e+002  -6.535799e+002  -3.343815e+002  -2.266967e+002  -1.144902e+002  -0.000000e+000  
-0.000000e+000  -1.190533e+002  -2.361858e+002  -3.495078e+002  -4.571909e+002  -5.574978e+002  -6.488103e+002  -7.380503e+002  -8.125688e+002  -8.708794e+002  -9.388467e+002  -7.378877e+002  -3.775146e+002  -2.559392e+002  -1.292587e+002  -0.000000e+000  
-0.000000e+000  -1.292831e+002  -2.564804e+002  -3.795397e+002  -4.964756e+002  -6.054015e+002  -7.045600e+002  -8.014681e+002  -8.823897e+002  -9.457107e+002  -1.019518e+003  -8.012915e+002  -4.099530e+002  -2.779311e+002  -1.403654e+002  -0.000000e+000  
-0.000000e+000  -1.358504e+002  -2.695089e+002  -3.988194e+002  -5.216953e+002  -6.361544e+002  -7.403499e+002  -8.421807e+002  -9.272129e+002  -9.937505e+002  -1.071307e+003  -8.419952e+002  -4.307776e+002  -2.920493e+002  -1.474957e+002  -0.000000e+000  
-0.000000e+000  -1.379331e+002  -2.736408e+002  -4.049337e+002  -5.296934e+002  -6.459073e+002  -7.517003e+002  -8.550922e+002  -9.414280e+002  -1.008986e+003  -1.087731e+003  -8.549038e+002  -4.373819e+002  -2.965267e+002  -1.497569e+002  -0.000000e+000  
-0.000000e+000  -1.386297e+002  -2.750227e+002  -4.069786e+002  -5.323684e+002  -6.491692e+002  -7.554964e+002  -8.594105e+002  -9.461823e+002  -1.014081e+003  -1.093225e+003  -8.592212e+002  -4.395907e+002  -2.980242e+002  -1.505132e+002  -0.000000e+000  
-0.000000e+000  -1.379331e+002  -2.736408e+002  -4.049337e+002  -5.296934e+002  -6.459073e+002  -7.517003e+002  -8.550922e+002  -9.414280e+002  -1.008986e+003  -1.087731e+003  -8.549038e+002  -4.373819e+002  -2.965267e+002  -1.497569e+002  -0.000000e+000  
-0.000000e+000  -1.358504e+002  -2.695089e+002  -3.988194e+002  -5.216953e+002  -6.361544e+002  -7.403499e+002  -8.421807e+002  -9.272129e+002  -9.937505e+002  -1.071307e+003  -8.419952e+002  -4.307776e+002  -2.920493e+002  -1.474957e+002  -0.000000e+000  
-0.000000e+000  -1.292831e+002  -2.564804e+002  -3.795397e+002  -4.964756e+002  -6.054015e+002  -7.045600e+002  -8.014681e+002  -8.823897e+002  -9.457107e+002  -1.019518e+003  -8.012915e+002  -4.099530e+002  -2.779311e+002  -1.403654e+002  -0.000000e+000  
-0.000000e+000  -1.190533e+002  -2.361858e+002  -3.495078e+002  -4.571909e+002  -5.574978e+002  -6.488103e+002  -7.380503e+002  -8.125688e+002  -8.708794e+002  -9.388467e+002  -7.378877e+002  -3.775146e+002  -2.559392e+002  -1.292587e+002  -0.000000e+000  
-0.000000e+000  -1.054508e+002  -2.092003e+002  -3.095746e+002  -4.049543e+002  -4.938006e+002  -5.746800e+002  -6.537239e+002  -7.197282e+002  -7.713765e+002  -8.315782e+002  -6.535799e+002  -3.343815e+002  -2.266967e+002  -1.144902e+002  -0.000000e+000  
-0.000000e+000  -2.807112e+001  -5.568935e+001  -8.240910e+001  -1.077993e+002  -1.314503e+002  -1.529805e+002  -1.740220e+002  -1.915925e+002  -2.053413e+002  -2.213671e+002  -1.739837e+002  -8.901273e+001  -6.034693e+001  -3.047743e+001  -0.000000e+000  
-0.000000e+000  7.448940e+001  1.477770e+002  2.186804e+002  2.860557e+002  3.488158e+002  4.059483e+002  4.617841e+002  5.084089e+002  5.448927e+002  5.874186e+002  4.616823e+002  2.362037e+002  1.601363e+002  8.087474e+001  -0.000000e+000  
-0.000000e+000  1.381232e+002  2.740179e+002  4.054917e+002  5.304234e+002  6.467974e+002  7.527361e+002  8.562705e+002  9.427253e+002  1.010376e+003  1.089230e+003  8.560819e+002  4.379846e+002  2.969353e+002  1.499633e+002  -0.000000e+000  
-0.000000e+000  1.295764e+002  2.570622e+002  3.804006e+002  4.976018e+002  6.067748e+002  7.061582e+002  8.032861e+002  8.843913e+002  9.478559e+002  1.021831e+003  8.031092e+002  4.108829e+002  2.785615e+002  1.406838e+002  -0.000000e+000  
-0.000000e+000  6.695422e+001  1.328282e+002  1.965592e+002  2.571190e+002  3.135304e+002  3.648835e+002  4.150711e+002  4.569794e+002  4.897726e+002  5.279967e+002  4.149796e+002  2.123099e+002  1.439373e+002  7.269364e+001  -0.000000e+000  
-0.000000e+000  4.571857e+001  9.069953e+001  1.342172e+002  1.755694e+002  2.140890e+002  2.491546e+002  2.834243e+002  3.120407e+002  3.344331e+002  3.605337e+002  2.833619e+002  1.449723e+002  9.828518e+001  4.963764e+001  -0.000000e+000  
-0.000000e+000  2.318773e+001  4.600136e+001  6.807282e+001  8.904601e+001  1.085826e+002  1.263673e+002  1.437483e+002  1.582621e+002  1.696191e+002  1.828570e+002  1.437167e+002  7.352764e+001  4.984868e+001  2.517542e+001  -0.000000e+000  
-0.000000e+000  -0.000000e+000  -0.000000e+000  -0.000000e+000  -0.000000e+000  -0.000000e+000  -0.000000e+000  -0.000000e+000  -0.000000e+000  -0.000000e+000  -0.000000e+000  -0.000000e+000  -0.000000e+000  -0.000000e+000  -0.000000e+000  -0.000000e+000  

0.000000e+000  0.000000e+000  0.000000e+000  0.000000e+000  0.000000e+000  0.000000e+000  0.000000e+000  0.000000e+000  0.000000e+000  0.000000e+000  0.000000e+000  0.000000e+000  0.000000e+000  0.000000e+000  0.000000e+000  0.000000e+000  
0.000000e+000  0.000000e+000  0.000000e+000  0.000000e+000  0.000000e+000  0.000000e+000  0.000000e+000  0.000000e+000  0.000000e+000  0.000000e+000  0.000000e+000  0.000000e+000  0.000000e+000  0.000000e+000  0.000000e+000  0.000000e+000  
0.000000e+000  0.000000e+000  0.000000e+000  0.000000e+000  0.000000e+000  0.000000e+000  0.000000e+000  0.000000e+000  0.000000e+000  0.000000e+000  0.000000e+000  0.000000e+000  0.000000e+000  0.000000e+000  0.000000e+000  0.000000e+000  
0.000000e+000  0.000000e+000  0.000000e+000  0.000000e+000  0.000000e+000  0.000000e+000  0.000000e+000  0.000000e+000  0.000000e+000  0.000000e+000  0.000000e+000  0.000000e+000  0.000000e+000  0.000000e+000  0.000000e+000  0.000000e+000  
0.000000e+000  0.000000e+000  0.000000e+000  0.000000e+000  0.000000e+000  0.000000e+000  0.000000e+000  0.000000e+000  0.000000e+000  0.000000e+000  0.000000e+000  0.000000e+000  0.000000e+000  0.000000e+000  0.000000e+000  0.000000e+000  
0.000000e+000  0.000000e+000  0.000000e+000  0.000000e+000  0.000000e+000  0.000000e+000  0.000000e+000  0.000000e+000  0.000000e+000  0.000000e+000  0.000000e+000  0.000000e+000  0.000000e+000  0.000000e+000  0.000000e+000  0.000000e+000  
0.000000e+000  0.000000e+000  0.000000e+000  0.000000e+000  0.000000e+000  0.000000e+000  0.000000e+000  0.000000e+000  0.000000e+000  0.000000e+000  0.000000e+000  0.000000e+000  0.000000e+000  0.000000e+000  0.000000e+000  0.000000e+000  
0.000000e+000  0.000000e+000  0.000000e+000  0.000000e+000  0.000000e+000  0.000000e+000  0.000000e+000  0.000000e+000  0.000000e+000  0.000000e+000  0.000000e+000  0.000000e+000  0.000000e+000  0.000000e+000  0.000000e+000  0.000000e+000  
0.000000e+000  0.000000e+000  0.000000e+000  0.000000e+000  0.000000e+000  0.000000e+000  0.000000e+000  0.000000e+000  0.000000e+000  0.000000e+000  0.000000e+000  0.000000e+000  0.000000e+000  0.000000e+000  0.000000e+000  0.000000e+000  
0.000000e+000  0.000000e+000  0.000000e+000  0.000000e+000  0.000000e+000  0.000000e+000  0.000000e+000  0.000000e+000  0.000000e+000  0.000000e+000  0.000000e+000  0.000000e+000  0.000000e+000  0.000000e+000  0.000000e+000  0.000000e+000  
0.000000e+000  0.000000e+000  0.000000e+000  0.000000e+000  0.000000e+000  0.000000e+000  0.000000e+000  0.000000e+000  0.000000e+000  0.000000e+000  0.000000e+000  0.000000e+000  0.000000e+000  0.000000e+000  0.000000e+000  0.000000e+000  
0.000000e+000  0.000000e+000  0.000000e+000  0.000000e+000  0.000000e+000  0.000000e+000  0.000000e+000  0.000000e+000  0.000000e+000  0.000000e+000  0.000000e+000  0.000000e+000  0.000000e+000  0.000000e+000  0.000000e+000  0.000000e+000  
0.000000e+000  0.000000e+000  0.000000e+000  0.000000e+000  0.000000e+000  0.000000e+000  0.000000e+000  0.000000e+000  0.000000e+000  0.000000e+000  0.000000e+000  0.000000e+000  0.000000e+000  0.000000e+000  0.000000e+000  0.000000e+000  
0.000000e+000  0.000000e+000  0.000000e+000  0.000000e+000  0.000000e+000  0.000000e+000  0.000000e+000  0.000000e+000  0.000000e+000  0.000000e+000  0.000000e+000  0.000000e+000  0.000000e+000  0.000000e+000  0.000000e+000  0.000000e+000  
0.000000e+000  0.000000e+000  0.000000e+000  0.000000e+000  0.000000e+000  0.000000e+000  0.000000e+000  0.000000e+000  0.000000e+000  0.000000e+000  0.000000e+000  0.000000e+000  0.000000e+000  0.000000e+000  0.000000e+000  0.000000e+000  
0.000000e+000  0.000000e+000  0.000000e+000  0.000000e+000  0.000000e+000  0.000000e+000  0.000000e+000  0.000000e+000  0.000000e+000  0.000000e+000  0.000000e+000  0.000000e+000  0.000000e+000  0.000000e+000  0.000000e+000  0.000000e+000  
0.000000e+000  0.000000e+000  0.000000e+000  0.000000e+000  0.000000e+000  0.000000e+000  0.000000e+000  0.000000e+000  0.000000e+000  0.000000e+000  0.000000e+000  0.000000e+000  0.000000e+000  0.000000e+000  0.000000e+000  0.000000e+000  
0.000000e+000  0.000000e+000  0.000000e+000  0.000000e+000  0.000000e+000  0.000000e+000  0.000000e+000  0.000000e+000  0.000000e+000  0.000000e+000  0.000000e+000  0.000000e+000  0.000000e+000  0.000000e+000  0.000000e+000  0.000000e+000  
0.000000e+000  0.000000e+000  0.000000e+000  0.000000e+000  0.000000e+000  0.000000e+000  0.000000e+000  0.000000e+000  0.000000e+000  0.000000e+000  0.000000e+000  0.000000e+000  0.000000e+000  0.000000e+000  0.000000e+000  0.000000e+000  
0.000000e+000  0.000000e+000  0.000000e+000  0.000000e+000  0.000000e+000  0.000000e+000  0.000000e+000  0.000000e+000  0.000000e+000  0.000000e+000  0.000000e+000  0.000000e+000  0.000000e+000  0.000000e+000  0.000000e+000  0.000000e+000  
0.000000e+000  0.000000e+000  0.000000e+000  0.000000e+000  0.000000e+000  0.000000e+000  0.000000e+000  0.000000e+000  0.000000e+000  0.000000e+000  0.000000e+000  0.000000e+000  0.000000e+000  0.000000e+000  0.000000e+000  0.000000e+000  
0.000000e+000  0.000000e+000  0.000000e+000  0.000000e+000  0.000000e+000  0.000000e+000  0.000000e+000  0.000000e+000  0.000000e+000  0.000000e+000  0.000000e+000  0.000000e+000  0.000000e+000  0.000000e+000  0.000000e+000  0.000000e+000  
0.000000e+000  0.000000e+000  0.000000e+000  0.000000e+000  0.000000e+000  0.000000e+000  0.000000e+000  0.000000e+000  0.000000e+000  0.000000e+000  0.000000e+000  0.000000e+000  0.000000e+000  0.000000e+000  0.000000e+000  0.000000e+000  
0.000000e+000  0.000000e+000  0.000000e+000  0.000000e+000  0.000000e+000  0.000000e+000  0.000000e+000  0.000000e+000  0.000000e+000  0.000000e+000  0.000000e+000  0.000000e+000  0.000000e+000  0.000000e+000  0.000000e+000  0.000000e+000  
0.000000e+000  0.000000e+000  0.000000e+000  0.000000e+000  0.000000e+000  0.000000e+000  0.000000e+000  0.000000e+000  0.000000e+000  0.000000e+000  0.000000e+000  0.000000e+000  0.000000e+000  0.000000e+000  0.000000e+000  0.000000e+000  
0.000000e+000  0.000000e+000  0.000000e+000  0.000000e+000  0.000000e+000  0.000000e+000  0.000000e+000  0.000000e+000  0.000000e+000  0.000000e+000  0.000000e+000  0.000000e+000  0.000000e+000  0.000000e+000  0.000000e+000  0.000000e+000  
0.000000e+000  0.000000e+000  0.000000e+000  0.000000e+000  0.000000e+000  0.000000e+000  0.000000e+000  0.000000e+000  0.000000e+000  0.000000e+000  0.000000e+000  0.000000e+000  0.000000e+000  0.000000e+000  0.000000e+000  0.000000e+000  

0.000000e+000  0.000000e+000  0.000000e+000  0.000000e+000  0.000000e+000  0.000000e+000  0.000000e+000  0.000000e+000  0.000000e+000  0.000000e+000  0.000000e+000  0.000000e+000  0.000000e+000  0.000000e+000  0.000000e+000  0.000000e+000  
0.000000e+000  0.000000e+000  0.000000e+000  0.000000e+000  0.000000e+000  0.000000e+000  0.000000e+000  0.000000e+000  0.000000e+000  0.000000e+000  0.000000e+000  0.000000e+000  0.000000e+000  0.000000e+000  0.000000e+000  0.000000e+000  
0.000000e+000  0.000000e+000  0.000000e+000  0.000000e+000  0.000000e+000  0.000000e+000  0.000000e+000  0.000000e+000  0.000000e+000  0.000000e+000  0.000000e+000  0.000000e+000  0.000000e+000  0.000000e+000  0.000000e+000  0.000000e+000  
0.000000e+000  0.000000e+000  0.000000e+000  0.000000e+000  0.000000e+000  0.000000e+000  0.000000e+000  0.000000e+000  0.000000e+000  0.000000e+000  0.000000e+000  0.000000e+000  0.000000e+000  0.000000e+000  0.000000e+000  0.000000e+000  
0.000000e+000  0.000000e+000  0.000000e+000  0.000000e+000  0.000000e+000  0.000000e+000  0.000000e+000  0.000000e+000  0.000000e+000  0.000000e+000  0.000000e+000  0.000000e+000  0.000000e+000  0.000000e+000  0.000000e+000  0.000000e+000  
0.000000e+000  0.000000e+000  0.000000e+000  0.000000e+000  0.000000e+000  0.000000e+000  0.000000e+000  0.000000e+000  0.000000e+000  0.000000e+000  0.000000e+000  0.000000e+000  0.000000e+000  0.000000e+000  0.000000e+000  0.000000e+000  
0.000000e+000  0.000000e+000  0.000000e+000  0.000000e+000  0.000000e+000  0.000000e+000  0.000000e+000  0.000000e+000  0.000000e+000  0.000000e+000  0.000000e+000  0.000000e+000  0.000000e+000  0.000000e+000  0.000000e+000  0.000000e+000  
0.000000e+000  0.000000e+000  0.000000e+000  0.000000e+000  0.000000e+000  0.000000e+000  0.000000e+000  0.000000e+000  0.000000e+000  0.000000e+000  0.000000e+000  0.000000e+000  0.000000e+000  0.000000e+000  0.000000e+000  0.000000e+000  
0.000000e+000  0.000000e+000  0.000000e+000  0.000000e+000  0.000000e+000  0.000000e+000  0.000000e+000  0.000000e+000  0.000000e+000  0.000000e+000  0.000000e+000  0.000000e+000  0.000000e+000  0.000000e+000  0.000000e+000  0.000000e+000  
0.000000e+000  0.000000e+000  0.000000e+000  0.000000e+000  0.000000e+000  0.000000e+000  0.000000e+000  0.000000e+000  0.000000e+000  0.000000e+000  0.000000e+000  0.000000e+000  0.000000e+000  0.000000e+000  0.000000e+000  0.000000e+000  
0.000000e+000  0.000000e+000  0.000000e+000  0.000000e+000  0.000000e+000  0.000000e+000  0.000000e+000  0.000000e+000  0.000000e+000  0.000000e+000  0.000000e+000  0.000000e+000  0.000000e+000  0.000000e+000  0.000000e+000  0.000000e+000  
0.000000e+000  0.000000e+000  0.000000e+000  0.000000e+000  0.000000e+000  0.000000e+000  0.000000e+000  0.000000e+000  0.000000e+000  0.000000e+000  0.000000e+000  0.000000e+000  0.000000e+000  0.000000e+000  0.000000e+000  0.000000e+000  
0.000000e+000  0.000000e+000  0.000000e+000  0.000000e+000  0.000000e+000  0.000000e+000  0.000000e+000  0.000000e+000  0.000000e+000  0.000000e+000  0.000000e+000  0.000000e+000  0.000000e+000  0.000000e+000  0.000000e+000  0.000000e+000  
0.000000e+000  0.000000e+000  0.000000e+000  0.000000e+000  0.000000e+000  0.000000e+000  0.000000e+000  0.000000e+000  0.000000e+000  0.000000e+000  0.000000e+000  0.000000e+000  0.000000e+000  0.000000e+000  0.000000e+000  0.000000e+000  
0.000000e+000  0.000000e+000  0.000000e+000  0.000000e+000  0.000000e+000  0.000000e+000  0.000000e+000  0.000000e+000  0.000000e+000  0.000000e+000  0.000000e+000  0.000000e+000  0.000000e+000  0.000000e+000  0.000000e+000  0.000000e+000  
0.000000e+000  0.000000e+000  0.000000e+000  0.000000e+000  0.000000e+000  0.000000e+000  0.000000e+000  0.000000e+000  0.000000e+000  0.000000e+000  0.000000e+000  0.000000e+000  0.000000e+000  0.000000e+000  0.000000e+000  0.000000e+000  
0.000000e+000  0.000000e+000  0.000000e+000  0.000000e+000  0.000000e+000  0.000000e+000  0.000000e+000  0.000000e+000  0.000000e+000  0.000000e+000  0.000000e+000  0.000000e+000  0.000000e+000  0.000000e+000  0.000000e+000  0.000000e+000  
0.000000e+000  0.000000e+000  0.000000e+000  0.000000e+000  0.000000e+000  0.000000e+000  0.000000e+000  0.000000e+000  0.000000e+000  0.000000e+000  0.000000e+000  0.000000e+000  0.000000e+000  0.000000e+000  0.000000e+000  0.000000e+000  
0.000000e+000  0.000000e+000  0.000000e+000  0.000000e+000  0.000000e+000  0.000000e+000  0.000000e+000  0.000000e+000  0.000000e+000  0.000000e+000  0.000000e+000  0.000000e+000  0.000000e+000  0.000000e+000  0.000000e+000  0.000000e+000  
0.000000e+000  0.000000e+000  0.000000e+000  0.000000e+000  0.000000e+000  0.000000e+000  0.000000e+000  0.000000e+000  0.000000e+000  0.000000e+000  0.000000e+000  0.000000e+000  0.000000e+000  0.000000e+000  0.000000e+000  0.000000e+000  
0.000000e+000  0.000000e+000  0.000000e+000  0.000000e+000  0.000000e+000  0.000000e+000  0.000000e+000  0.000000e+000  0.000000e+000  0.000000e+000  0.000000e+000  0.000000e+000  0.000000e+000  0.000000e+000  0.000000e+000  0.000000e+000  
0.000000e+000  0.000000e+000  0.000000e+000  0.000000e+000  0.000000e+000  0.000000e+000  0.000000e+000  0.000000e+000  0.000000e+000  0.000000e+000  0.000000e+000  0.000000e+000  0.000000e+000  0.000000e+000  0.000000e+000  0.000000e+000  
0.000000e+000  0.000000e+000  0.000000e+000  0.000000e+000  0.000000e+000  0.000000e+000  0.000000e+000  0.000000e+000  0.000000e+000  0.000000e+000  0.000000e+000  0.000000e+000  0.000000e+000  0.000000e+000  0.000000e+000  0.000000e+000  
0.000000e+000  0.000000e+000  0.000000e+000  0.000000e+000  0.000000e+000  0.000000e+000  0.000000e+000  0.000000e+000  0.000000e+000  0.000000e+000  0.000000e+000  0.000000e+000  0.000000e+000  0.000000e+000  0.000000e+000  0.000000e+000  
0.000000e+000  0.000000e+000  0.000000e+000  0.000000e+000  0.000000e+000  0.000000e+000  0.000000e+000  0.000000e+000  0.000000e+000  0.000000e+000  0.000000e+000  0.000000e+000  0.000000e+000  0.000000e+000  0.000000e+000  0.000000e+000  
0.000000e+000  0.000000e+000  0.000000e+000  0.000000e+000  0.000000e+000  0.000000e+000  0.000000e+000  0.000000e+000  0.000000e+000  0.000000e+000  0.000000e+000  0.000000e+000  0.000000e+000  0.000000e+000  0.000000e+000  0.000000e+000  
0.000000e+000  0.000000e+000  0.000000e+000  0.000000e+000  0.000000e+000  0.000000e+000  0.000000e+000  0.000000e+000  0.000000e+000  0.000000e+000  0.000000e+000  0.000000e+000  0.000000e+000  0.000000e+000  0.000000e+000  0.000000e+000  

0.000000e+000  0.000000e+000  0.000000e+000  0.000000e+000  0.000000e+000  0.000000e+000  0.000000e+000  0.000000e+000  0.000000e+000  0.000000e+000  0.000000e+000  0.000000e+000  0.000000e+000  0.000000e+000  0.000000e+000  0.000000e+000  
0.000000e+000  0.000000e+000  0.000000e+000  0.000000e+000  0.000000e+000  0.000000e+000  0.000000e+000  0.000000e+000  0.000000e+000  0.000000e+000  0.000000e+000  0.000000e+000  0.000000e+000  0.000000e+000  0.000000e+000  0.000000e+000  
0.000000e+000  0.000000e+000  0.000000e+000  0.000000e+000  0.000000e+000  0.000000e+000  0.000000e+000  0.000000e+000  0.000000e+000  0.000000e+000  0.000000e+000  0.000000e+000  0.000000e+000  0.000000e+000  0.000000e+000  0.000000e+000  
0.000000e+000  0.000000e+000  0.000000e+000  0.000000e+000  0.000000e+000  0.000000e+000  0.000000e+000  0.000000e+000  0.000000e+000  0.000000e+000  0.000000e+000  0.000000e+000  0.000000e+000  0.000000e+000  0.000000e+000  0.000000e+000  
0.000000e+000  0.000000e+000  0.000000e+000  0.000000e+000  0.000000e+000  0.000000e+000  0.000000e+000  0.000000e+000  0.000000e+000  0.000000e+000  0.000000e+000  0.000000e+000  0.000000e+000  0.000000e+000  0.000000e+000  0.000000e+000  
0.000000e+000  0.000000e+000  0.000000e+000  0.000000e+000  0.000000e+000  0.000000e+000  0.000000e+000  0.000000e+000  0.000000e+000  0.000000e+000  0.000000e+000  0.000000e+000  0.000000e+000  0.000000e+000  0.000000e+000  0.000000e+000  
0.000000e+000  0.000000e+000  0.000000e+000  0.000000e+000  0.000000e+000  0.000000e+000  0.000000e+000  0.000000e+000  0.000000e+000  0.000000e+000  0.000000e+000  0.000000e+000  0.000000e+000  0.000000e+000  0.000000e+000  0.000000e+000  
0.000000e+000  0.000000e+000  0.000000e+000  0.000000e+000  0.000000e+000  0.000000e+000  0.000000e+000  0.000000e+000  0.000000e+000  0.000000e+000  0.000000e+000  0.000000e+000  0.000000e+000  0.000000e+000  0.000000e+000  0.000000e+000  
0.000000e+000  0.000000e+000  0.000000e+000  0.000000e+000  0.000000e+000  0.000000e+000  0.000000e+000  0.000000e+000  0.000000e+000  0.000000e+000  0.000000e+000  0.000000e+000  0.000000e+000  0.000000e+000  0.000000e+000  0.000000e+000  
0.000000e+000  0.000000e+000  0.000000e+000  0.000000e+000  0.000000e+000  0.000000e+000  0.000000e+000  0.000000e+000  0.000000e+000  0.000000e+000  0.000000e+000  0.000000e+000  0.000000e+000  0.000000e+000  0.000000e+000  0.000000e+000  
0.000000e+000  0.000000e+000  0.000000e+000  0.000000e+000  0.000000e+000  0.000000e+000  0.000000e+000  0.000000e+000  0.000000e+000  0.000000e+000  0.000000e+000  0.000000e+000  0.000000e+000  0.000000e+000  0.000000e+000  0.000000e+000  
0.000000e+000  0.000000e+000  0.000000e+000  0.000000e+000  0.000000e+000  0.000000e+000  0.000000e+000  0.000000e+000  0.000000e+000  0.000000e+000  0.000000e+000  0.000000e+000  0.000000e+000  0.000000e+000  0.000000e+000  0.000000e+000  
0.000000e+000  0.000000e+000  0.000000e+000  0.000000e+000  0.000000e+000  0.000000e+000  0.000000e+000  0.000000e+000  0.000000e+000  0.000000e+000  0.000000e+000  0.000000e+000  0.000000e+000  0.000000e+000  0.000000e+000  0.000000e+000  
0.000000e+000  0.000000e+000  0.000000e+000  0.000000e+000  0.000000e+000  0.000000e+000  0.000000e+000  0.000000e+000  0.000000e+000  0.000000e+000  0.000000e+000  0.000000e+000  0.000000e+000  0.000000e+000  0.000000e+000  0.000000e+000  
0.000000e+000  0.000000e+000  0.000000e+000  0.000000e+000  0.000000e+000  0.000000e+000  0.000000e+000  0.000000e+000  0.000000e+000  0.000000e+000  0.000000e+000  0.000000e+000  0.000000e+000  0.000000e+000  0.000000e+000  0.000000e+000  
0.000000e+000  0.000000e+000  0.000000e+000  0.000000e+000  0.000000e+000  0.000000e+000  0.000000e+000  0.000000e+000  0.000000e+000  0.000000e+000  0.000000e+000  0.000000e+000  0.000000e+000  0.000000e+000  0.000000e+000  0.000000e+000  
0.000000e+000  0.000000e+000  0.000000e+000  0.000000e+000  0.000000e+000  0.000000e+000  0.000000e+000  0.000000e+000  0.000000e+000  0.000000e+000  0.000000e+000  0.000000e+000  0.000000e+000  0.000000e+000  0.000000e+000  0.000000e+000  
0.000000e+000  0.000000e+000  0.000000e+000  0.000000e+000  0.000000e+000  0.000000e+000  0.000000e+000  0.000000e+000  0.000000e+000  0.000000e+000  0.000000e+000  0.000000e+000  0.000000e+000  0.000000e+000  0.000000e+000  0.000000e+000  
0.000000e+000  0.000000e+000  0.000000e+000  0.000000e+000  0.000000e+000  0.000000e+000  0.000000e+000  0.000000e+000  0.000000e+000  0.000000e+000  0.000000e+000  0.000000e+000  0.000000e+000  0.000000e+000  0.000000e+000  0.000000e+000  
0.000000e+000  0.000000e+000  0.000000e+000  0.000000e+000  0.000000e+000  0.000000e+000  0.000000e+000  0.000000e+000  0.000000e+000  0.000000e+000  0.000000e+000  0.000000e+000  0.000000e+000  0.000000e+000  0.000000e+000  0.000000e+000  
0.000000e+000  0.000000e+000  0.000000e+000  0.000000e+000  0.000000e+000  0.000000e+000  0.000000e+000  0.000000e+000  0.000000e+000  0.000000e+000  0.000000e+000  0.000000e+000  0.000000e+000  0.000000e+000  0.000000e+000  0.000000e+000  
0.000000e+000  0.000000e+000  0.000000e+000  0.000000e+000  0.000000e+000  0.000000e+000  0.000000e+000  0.000000e+000  0.000000e+000  0.000000e+000  0.000000e+000  0.000000e+000  0.000000e+000  0.000000e+000  0.000000e+000  0.000000e+000  
0.000000e+000  0.000000e+000  0.000000e+000  0.000000e+000  0.000000e+000  0.000000e+000  0.000000e+000  0.000000e+000  0.000000e+000  0.000000e+000  0.000000e+000  0.000000e+000  0.000000e+000  0.000000e+000  0.000000e+000  0.000000e+000  
0.000000e+000  0.000000e+000  0.000000e+000  0.000000e+000  0.000000e+000  0.000000e+000  0.000000e+000  0.000000e+000  0.000000e+000  0.000000e+000  0.000000e+000  0.000000e+000  0.000000e+000  0.000000e+000  0.000000e+000  0.000000e+000  
0.000000e+000  0.000000e+000  0.000000e+000  0.000000e+000  0.000000e+000  0.000000e+000  0.000000e+000  0.000000e+000  0.000000e+000  0.000000e+000  0.000000e+000  0.000000e+000  0.000000e+000  0.000000e+000  0.000000e+000  0.000000e+000  
0.000000e+000  0.000000e+000  0.000000e+000  0.000000e+000  0.000000e+000  0.000000e+000  0.000000e+000  0.000000e+000  0.000000e+000  0.000000e+000  0.000000e+000  0.000000e+000  0.000000e+000  0.000000e+000  0.000000e+000  0.000000e+000  
0.000000e+000  0.000000e+000  0.000000e+000  0.000000e+000  0.000000e+000  0.000000e+000  0.000000e+000  0.000000e+000  0.000000e+000  0.000000e+000  0.000000e+000  0.000000e+000  0.000000e+000  0.000000e+000  0.000000e+000  0.000000e+000  

