Port monitor named: Port1_e1[3.04].prt

nx        = 25
ny        = 3
nz        = 25

nu        = 23
nv        = 23
iu        = 2
iv        = 2

idir      = 1
dcut      = 2.500000e-002
icut      = 3
type      = 0
frequency = 3.040000e+009

fcutoff   = 0.000000e+000
alpha     = 0.000000e+000
beta      = 8.824985e+001
accuracy  = 2.007483e-011

type          = QTEM
wave imp.     = 2.634481e+002
wave imp.sig. = 4.302099e-003
line imp.     = 5.426140e+001

ref. port     = 0

-0.000000e+000  -0.000000e+000  -0.000000e+000  -0.000000e+000  -0.000000e+000  -0.000000e+000  -0.000000e+000  -0.000000e+000  -0.000000e+000  -0.000000e+000  -0.000000e+000  -0.000000e+000  -0.000000e+000  -0.000000e+000  -0.000000e+000  -0.000000e+000  -0.000000e+000  -0.000000e+000  -0.000000e+000  -0.000000e+000  -0.000000e+000  -0.000000e+000  -0.000000e+000  
-9.722362e+002  -9.723280e+002  -9.800626e+002  -9.649835e+002  -3.511557e+002  -3.545539e+001  3.423674e+002  5.830883e+001  -5.913367e+001  -8.667932e+001  -5.318699e+001  5.318699e+001  8.667932e+001  5.913367e+001  -5.830883e+001  -3.423674e+002  3.545539e+001  3.511557e+002  9.649835e+002  9.800626e+002  9.723280e+002  9.722362e+002  -0.000000e+000  
-1.944620e+003  -1.937253e+003  -1.492321e+003  -8.228431e+002  -7.993547e+002  -7.124557e+002  -6.067142e+002  -5.498477e+002  -4.778537e+002  -3.728525e+002  -1.680905e+002  1.680905e+002  3.728525e+002  4.778537e+002  5.498477e+002  6.067142e+002  7.124557e+002  7.993547e+002  8.228431e+002  1.492321e+003  1.937253e+003  1.944620e+003  -0.000000e+000  
-2.924851e+003  -2.449615e+003  -1.581065e+003  -1.581442e+003  -1.532499e+003  -1.464813e+003  -1.360285e+003  -1.218504e+003  -1.028594e+003  -7.850455e+002  -3.461562e+002  3.461562e+002  7.850455e+002  1.028594e+003  1.218504e+003  1.360285e+003  1.464813e+003  1.532499e+003  1.581442e+003  1.581065e+003  2.449615e+003  2.924851e+003  -0.000000e+000  
-3.890179e+003  -2.307740e+003  -2.339763e+003  -2.405647e+003  -2.405847e+003  -2.364506e+003  -2.262843e+003  -2.079658e+003  -1.793866e+003  -1.393403e+003  -6.313421e+002  6.313421e+002  1.393403e+003  1.793866e+003  2.079658e+003  2.262843e+003  2.364506e+003  2.405847e+003  2.405647e+003  2.339763e+003  2.307740e+003  3.890179e+003  -0.000000e+000  
-4.066029e+003  -2.531952e+003  -2.706397e+003  -2.842340e+003  -2.904714e+003  -2.904822e+003  -2.836387e+003  -2.664131e+003  -2.348495e+003  -1.858938e+003  -8.664068e+002  8.664068e+002  1.858938e+003  2.348495e+003  2.664131e+003  2.836387e+003  2.904822e+003  2.904714e+003  2.842340e+003  2.706397e+003  2.531952e+003  4.066029e+003  -0.000000e+000  
-4.084133e+003  -2.870537e+003  -3.082645e+003  -3.292215e+003  -3.445043e+003  -3.513667e+003  -3.513740e+003  -3.391972e+003  -3.077034e+003  -2.496596e+003  -1.203827e+003  1.203827e+003  2.496596e+003  3.077034e+003  3.391972e+003  3.513740e+003  3.513667e+003  3.445043e+003  3.292215e+003  3.082645e+003  2.870537e+003  4.084133e+003  -0.000000e+000  
-3.913234e+003  -3.345328e+003  -3.459513e+003  -3.743524e+003  -4.018618e+003  -4.191045e+003  -4.312919e+003  -4.312968e+003  -4.071059e+003  -3.415649e+003  -1.712233e+003  1.712233e+003  3.415649e+003  4.071059e+003  4.312968e+003  4.312919e+003  4.191045e+003  4.018618e+003  3.743524e+003  3.459513e+003  3.345328e+003  3.913234e+003  -0.000000e+000  
-3.884294e+003  -3.649581e+003  -3.793908e+003  -4.174120e+003  -4.603144e+003  -4.918956e+003  -5.233902e+003  -5.475900e+003  -5.478568e+003  -5.278366e+003  -0.000000e+000  -0.000000e+000  5.278366e+003  5.478568e+003  5.475900e+003  5.233902e+003  4.918956e+003  4.603144e+003  4.174120e+003  3.793908e+003  3.649581e+003  3.884294e+003  -0.000000e+000  
-3.914013e+003  -3.859058e+003  -4.069314e+003  -4.556742e+003  -5.157852e+003  -5.647712e+003  -6.227809e+003  -6.878138e+003  -7.160137e+003  -0.000000e+000  -0.000000e+000  -0.000000e+000  -0.000000e+000  7.160137e+003  6.878138e+003  6.227809e+003  5.647712e+003  5.157852e+003  4.556742e+003  4.069314e+003  3.859058e+003  3.914013e+003  -0.000000e+000  
-3.957454e+003  -4.002214e+003  -4.275408e+003  -4.860830e+003  -5.623416e+003  -6.286206e+003  -7.151453e+003  -8.297937e+003  -0.000000e+000  -0.000000e+000  -0.000000e+000  -0.000000e+000  -0.000000e+000  -0.000000e+000  8.297937e+003  7.151453e+003  6.286206e+003  5.623416e+003  4.860830e+003  4.275408e+003  4.002214e+003  3.957454e+003  -0.000000e+000  
-4.010710e+003  -4.117145e+003  -4.453366e+003  -5.145418e+003  -6.091270e+003  -6.955736e+003  -8.154935e+003  -9.855838e+003  -0.000000e+000  -0.000000e+000  -0.000000e+000  -0.000000e+000  -0.000000e+000  -0.000000e+000  9.855838e+003  8.154935e+003  6.955736e+003  6.091270e+003  5.145418e+003  4.453366e+003  4.117145e+003  4.010710e+003  -0.000000e+000  
-3.957456e+003  -4.002216e+003  -4.275409e+003  -4.860830e+003  -5.623415e+003  -6.286204e+003  -7.151449e+003  -8.297929e+003  -0.000000e+000  -0.000000e+000  -0.000000e+000  -0.000000e+000  -0.000000e+000  -0.000000e+000  8.297929e+003  7.151449e+003  6.286204e+003  5.623415e+003  4.860830e+003  4.275409e+003  4.002216e+003  3.957456e+003  -0.000000e+000  
-3.914017e+003  -3.859061e+003  -4.069316e+003  -4.556743e+003  -5.157851e+003  -5.647709e+003  -6.227803e+003  -6.878129e+003  -7.160126e+003  -0.000000e+000  -0.000000e+000  -0.000000e+000  -0.000000e+000  7.160125e+003  6.878129e+003  6.227803e+003  5.647709e+003  5.157851e+003  4.556743e+003  4.069316e+003  3.859061e+003  3.914017e+003  -0.000000e+000  
-3.884299e+003  -3.649585e+003  -3.793911e+003  -4.174121e+003  -4.603143e+003  -4.918954e+003  -5.233897e+003  -5.475892e+003  -5.478557e+003  -5.278354e+003  -0.000000e+000  -0.000000e+000  5.278354e+003  5.478557e+003  5.475892e+003  5.233897e+003  4.918954e+003  4.603143e+003  4.174121e+003  3.793911e+003  3.649585e+003  3.884299e+003  -0.000000e+000  
-3.913241e+003  -3.345333e+003  -3.459517e+003  -3.743526e+003  -4.018618e+003  -4.191043e+003  -4.312915e+003  -4.312961e+003  -4.071052e+003  -3.415641e+003  -1.712228e+003  1.712228e+003  3.415641e+003  4.071052e+003  4.312961e+003  4.312915e+003  4.191043e+003  4.018618e+003  3.743526e+003  3.459517e+003  3.345333e+003  3.913241e+003  -0.000000e+000  
-4.084142e+003  -2.870543e+003  -3.082650e+003  -3.292218e+003  -3.445044e+003  -3.513666e+003  -3.513737e+003  -3.391967e+003  -3.077028e+003  -2.496590e+003  -1.203824e+003  1.203824e+003  2.496590e+003  3.077028e+003  3.391967e+003  3.513737e+003  3.513666e+003  3.445044e+003  3.292218e+003  3.082650e+003  2.870543e+003  4.084142e+003  -0.000000e+000  
-4.066040e+003  -2.531959e+003  -2.706404e+003  -2.842346e+003  -2.904717e+003  -2.904822e+003  -2.836385e+003  -2.664127e+003  -2.348490e+003  -1.858933e+003  -8.664041e+002  8.664041e+002  1.858933e+003  2.348490e+003  2.664127e+003  2.836385e+003  2.904822e+003  2.904717e+003  2.842346e+003  2.706404e+003  2.531959e+003  4.066040e+003  -0.000000e+000  
-3.890192e+003  -2.307749e+003  -2.339772e+003  -2.405655e+003  -2.405851e+003  -2.364507e+003  -2.262840e+003  -2.079653e+003  -1.793859e+003  -1.393397e+003  -6.313392e+002  6.313392e+002  1.393397e+003  1.793859e+003  2.079653e+003  2.262840e+003  2.364507e+003  2.405851e+003  2.405655e+003  2.339772e+003  2.307749e+003  3.890192e+003  -0.000000e+000  
-2.924866e+003  -2.449629e+003  -1.581079e+003  -1.581457e+003  -1.532510e+003  -1.464817e+003  -1.360279e+003  -1.218493e+003  -1.028582e+003  -7.850356e+002  -3.461517e+002  3.461517e+002  7.850356e+002  1.028582e+003  1.218493e+003  1.360279e+003  1.464817e+003  1.532510e+003  1.581457e+003  1.581079e+003  2.449629e+003  2.924866e+003  -0.000000e+000  
-1.944634e+003  -1.937270e+003  -1.492344e+003  -8.228725e+002  -7.993870e+002  -7.124756e+002  -6.066872e+002  -5.498130e+002  -4.778242e+002  -3.728314e+002  -1.680826e+002  1.680826e+002  3.728314e+002  4.778242e+002  5.498130e+002  6.066872e+002  7.124756e+002  7.993870e+002  8.228725e+002  1.492344e+003  1.937270e+003  1.944634e+003  -0.000000e+000  
-9.722449e+002  -9.723407e+002  -9.800875e+002  -9.650408e+002  -3.512667e+002  -3.562943e+001  3.425729e+002  5.841855e+001  -5.907356e+001  -8.664614e+001  -5.317720e+001  5.317720e+001  8.664614e+001  5.907356e+001  -5.841855e+001  -3.425729e+002  3.562943e+001  3.512667e+002  9.650408e+002  9.800875e+002  9.723407e+002  9.722449e+002  -0.000000e+000  
-0.000000e+000  -0.000000e+000  -0.000000e+000  -0.000000e+000  -0.000000e+000  -0.000000e+000  -0.000000e+000  -0.000000e+000  -0.000000e+000  -0.000000e+000  -0.000000e+000  -0.000000e+000  -0.000000e+000  -0.000000e+000  -0.000000e+000  -0.000000e+000  -0.000000e+000  -0.000000e+000  -0.000000e+000  -0.000000e+000  -0.000000e+000  -0.000000e+000  -0.000000e+000  

-0.000000e+000  -9.722362e+002  -1.944617e+003  -2.924838e+003  -3.890135e+003  -4.065942e+003  -4.083972e+003  -3.913186e+003  -3.884316e+003  -3.914083e+003  -3.957557e+003  -4.010843e+003  -3.957557e+003  -3.914083e+003  -3.884316e+003  -3.913186e+003  -4.083972e+003  -4.065942e+003  -3.890135e+003  -2.924838e+003  -1.944617e+003  -9.722362e+002  -0.000000e+000  
-0.000000e+000  -9.723313e+002  -1.937256e+003  -2.449625e+003  -2.307783e+003  -2.532045e+003  -2.870724e+003  -3.345451e+003  -3.649694e+003  -3.859184e+003  -4.002365e+003  -4.117342e+003  -4.002365e+003  -3.859184e+003  -3.649694e+003  -3.345451e+003  -2.870724e+003  -2.532045e+003  -2.307783e+003  -2.449625e+003  -1.937256e+003  -9.723313e+002  -0.000000e+000  
-0.000000e+000  -9.800724e+002  -1.492324e+003  -1.581068e+003  -2.339787e+003  -2.706442e+003  -3.082714e+003  -3.459595e+003  -3.794012e+003  -4.069456e+003  -4.275609e+003  -4.453721e+003  -4.275609e+003  -4.069456e+003  -3.794012e+003  -3.459595e+003  -3.082714e+003  -2.706442e+003  -2.339787e+003  -1.581068e+003  -1.492324e+003  -9.800724e+002  -0.000000e+000  
-0.000000e+000  -9.650148e+002  -8.228421e+002  -1.581420e+003  -2.405625e+003  -2.842325e+003  -3.292209e+003  -3.743530e+003  -4.174149e+003  -4.556823e+003  -4.861030e+003  -5.146242e+003  -4.861030e+003  -4.556823e+003  -4.174149e+003  -3.743530e+003  -3.292209e+003  -2.842325e+003  -2.405625e+003  -1.581420e+003  -8.228421e+002  -9.650148e+002  -0.000000e+000  
-0.000000e+000  -3.512404e+002  -7.993395e+002  -1.532442e+003  -2.405777e+003  -2.904645e+003  -3.444972e+003  -4.018536e+003  -4.603031e+003  -5.157681e+003  -5.623234e+003  -6.093379e+003  -5.623234e+003  -5.157681e+003  -4.603031e+003  -4.018536e+003  -3.444972e+003  -2.904645e+003  -2.405777e+003  -1.532442e+003  -7.993395e+002  -3.512404e+002  -0.000000e+000  
-0.000000e+000  -3.560432e+001  -7.124166e+002  -1.464726e+003  -2.364401e+003  -2.904718e+003  -3.513562e+003  -4.190923e+003  -4.918776e+003  -5.647327e+003  -6.284996e+003  -6.959848e+003  -6.284996e+003  -5.647327e+003  -4.918776e+003  -4.190923e+003  -3.513562e+003  -2.904718e+003  -2.364401e+003  -1.464726e+003  -7.124166e+002  -3.560432e+001  -0.000000e+000  
-0.000000e+000  3.425931e+002  -6.066161e+002  -1.360160e+003  -2.262694e+003  -2.836250e+003  -3.513620e+003  -4.312799e+003  -5.233799e+003  -6.227831e+003  -7.146891e+003  -8.163711e+003  -7.146891e+003  -6.227831e+003  -5.233799e+003  -4.312799e+003  -3.513620e+003  -2.836250e+003  -2.262694e+003  -1.360160e+003  -6.066161e+002  3.425931e+002  -0.000000e+000  
-0.000000e+000  5.844890e+001  -5.497291e+002  -1.218342e+003  -2.079450e+003  -2.663954e+003  -3.391854e+003  -4.312833e+003  -5.475766e+003  -6.883277e+003  -8.282520e+003  -9.875947e+003  -8.282520e+003  -6.883277e+003  -5.475766e+003  -4.312833e+003  -3.391854e+003  -2.663954e+003  -2.079450e+003  -1.218342e+003  -5.497291e+002  5.844890e+001  -0.000000e+000  
-0.000000e+000  -5.903879e+001  -4.777309e+002  -1.028394e+003  -1.793563e+003  -2.348250e+003  -3.076993e+003  -4.070893e+003  -5.473128e+003  -7.179887e+003  -0.000000e+000  -0.000000e+000  -0.000000e+000  -7.179887e+003  -5.473128e+003  -4.070893e+003  -3.076993e+003  -2.348250e+003  -1.793563e+003  -1.028394e+003  -4.777309e+002  -5.903879e+001  -0.000000e+000  
-0.000000e+000  -8.661288e+001  -3.727378e+002  -7.848145e+002  -1.392932e+003  -1.858479e+003  -2.496962e+003  -3.420600e+003  -5.378353e+003  -0.000000e+000  -0.000000e+000  -0.000000e+000  -0.000000e+000  -0.000000e+000  -5.378353e+003  -3.420600e+003  -2.496962e+003  -1.858479e+003  -1.392932e+003  -7.848145e+002  -3.727378e+002  -8.661288e+001  -0.000000e+000  
-0.000000e+000  -5.315640e+001  -1.680136e+002  -3.459249e+002  -6.304878e+002  -8.644065e+002  -1.199165e+003  -1.700902e+003  -0.000000e+000  -0.000000e+000  -0.000000e+000  -0.000000e+000  -0.000000e+000  -0.000000e+000  -0.000000e+000  -1.700902e+003  -1.199165e+003  -8.644065e+002  -6.304878e+002  -3.459249e+002  -1.680136e+002  -5.315640e+001  -0.000000e+000  
-0.000000e+000  5.315400e+001  1.680092e+002  3.459192e+002  6.304818e+002  8.644011e+002  1.199161e+003  1.700900e+003  -0.000000e+000  -0.000000e+000  -0.000000e+000  -0.000000e+000  -0.000000e+000  -0.000000e+000  -0.000000e+000  1.700900e+003  1.199161e+003  8.644011e+002  6.304818e+002  3.459192e+002  1.680092e+002  5.315400e+001  -0.000000e+000  
-0.000000e+000  8.661017e+001  3.727329e+002  7.848080e+002  1.392924e+003  1.858472e+003  2.496955e+003  3.420593e+003  5.378344e+003  -0.000000e+000  -0.000000e+000  -0.000000e+000  -0.000000e+000  -0.000000e+000  5.378344e+003  3.420593e+003  2.496955e+003  1.858472e+003  1.392924e+003  7.848080e+002  3.727329e+002  8.661017e+001  -0.000000e+000  
-0.000000e+000  5.903574e+001  4.777256e+002  1.028386e+003  1.793554e+003  2.348241e+003  3.076984e+003  4.070883e+003  5.473117e+003  7.179871e+003  -0.000000e+000  -0.000000e+000  -0.000000e+000  7.179871e+003  5.473117e+003  4.070883e+003  3.076984e+003  2.348241e+003  1.793554e+003  1.028386e+003  4.777256e+002  5.903574e+001  -0.000000e+000  
-0.000000e+000  -5.845248e+001  5.497233e+002  1.218334e+003  2.079439e+003  2.663943e+003  3.391842e+003  4.312820e+003  5.475751e+003  6.883260e+003  8.282498e+003  9.875920e+003  8.282498e+003  6.883260e+003  5.475751e+003  4.312820e+003  3.391842e+003  2.663943e+003  2.079439e+003  1.218334e+003  5.497233e+002  -5.845248e+001  -0.000000e+000  
-0.000000e+000  -3.425975e+002  6.066098e+002  1.360151e+003  2.262682e+003  2.836237e+003  3.513606e+003  4.312784e+003  5.233783e+003  6.227813e+003  7.146871e+003  8.163689e+003  7.146871e+003  6.227813e+003  5.233783e+003  4.312784e+003  3.513606e+003  2.836237e+003  2.262682e+003  1.360151e+003  6.066098e+002  -3.425975e+002  -0.000000e+000  
-0.000000e+000  3.560021e+001  7.124099e+002  1.464716e+003  2.364387e+003  2.904703e+003  3.513546e+003  4.190906e+003  4.918759e+003  5.647310e+003  6.284978e+003  6.959829e+003  6.284978e+003  5.647310e+003  4.918759e+003  4.190906e+003  3.513546e+003  2.904703e+003  2.364387e+003  1.464716e+003  7.124099e+002  3.560021e+001  -0.000000e+000  
-0.000000e+000  3.512368e+002  7.993327e+002  1.532432e+003  2.405762e+003  2.904627e+003  3.444954e+003  4.018517e+003  4.603013e+003  5.157664e+003  5.623217e+003  6.093362e+003  5.623217e+003  5.157664e+003  4.603013e+003  4.018517e+003  3.444954e+003  2.904627e+003  2.405762e+003  1.532432e+003  7.993327e+002  3.512368e+002  -0.000000e+000  
-0.000000e+000  9.650133e+002  8.228352e+002  1.581408e+003  2.405606e+003  2.842302e+003  3.292185e+003  3.743508e+003  4.174130e+003  4.556806e+003  4.861016e+003  5.146230e+003  4.861016e+003  4.556806e+003  4.174130e+003  3.743508e+003  3.292185e+003  2.842302e+003  2.405606e+003  1.581408e+003  8.228352e+002  9.650133e+002  -0.000000e+000  
-0.000000e+000  9.800733e+002  1.492322e+003  1.581057e+003  2.339762e+003  2.706406e+003  3.082670e+003  3.459562e+003  3.793991e+003  4.069444e+003  4.275602e+003  4.453718e+003  4.275602e+003  4.069444e+003  3.793991e+003  3.459562e+003  3.082670e+003  2.706406e+003  2.339762e+003  1.581057e+003  1.492322e+003  9.800733e+002  -0.000000e+000  
-0.000000e+000  9.723360e+002  1.937266e+003  2.449632e+003  2.307762e+003  2.531984e+003  2.870586e+003  3.345403e+003  3.649683e+003  3.859189e+003  4.002375e+003  4.117355e+003  4.002375e+003  3.859189e+003  3.649683e+003  3.345403e+003  2.870586e+003  2.531984e+003  2.307762e+003  2.449632e+003  1.937266e+003  9.723360e+002  -0.000000e+000  
-0.000000e+000  9.722449e+002  1.944639e+003  2.924885e+003  3.890238e+003  4.066101e+003  4.084218e+003  3.913329e+003  3.884404e+003  3.914141e+003  3.957598e+003  4.010875e+003  3.957598e+003  3.914141e+003  3.884404e+003  3.913329e+003  4.084218e+003  4.066101e+003  3.890238e+003  2.924885e+003  1.944639e+003  9.722449e+002  -0.000000e+000  
-0.000000e+000  -0.000000e+000  -0.000000e+000  -0.000000e+000  -0.000000e+000  -0.000000e+000  -0.000000e+000  -0.000000e+000  -0.000000e+000  -0.000000e+000  -0.000000e+000  -0.000000e+000  -0.000000e+000  -0.000000e+000  -0.000000e+000  -0.000000e+000  -0.000000e+000  -0.000000e+000  -0.000000e+000  -0.000000e+000  -0.000000e+000  -0.000000e+000  -0.000000e+000  

0.000000e+000  0.000000e+000  0.000000e+000  0.000000e+000  0.000000e+000  0.000000e+000  0.000000e+000  0.000000e+000  0.000000e+000  0.000000e+000  0.000000e+000  0.000000e+000  0.000000e+000  0.000000e+000  0.000000e+000  0.000000e+000  0.000000e+000  0.000000e+000  0.000000e+000  0.000000e+000  0.000000e+000  0.000000e+000  0.000000e+000  
0.000000e+000  0.000000e+000  0.000000e+000  0.000000e+000  0.000000e+000  0.000000e+000  0.000000e+000  0.000000e+000  0.000000e+000  0.000000e+000  0.000000e+000  0.000000e+000  0.000000e+000  0.000000e+000  0.000000e+000  0.000000e+000  0.000000e+000  0.000000e+000  0.000000e+000  0.000000e+000  0.000000e+000  0.000000e+000  0.000000e+000  
0.000000e+000  0.000000e+000  0.000000e+000  0.000000e+000  0.000000e+000  0.000000e+000  0.000000e+000  0.000000e+000  0.000000e+000  0.000000e+000  0.000000e+000  0.000000e+000  0.000000e+000  0.000000e+000  0.000000e+000  0.000000e+000  0.000000e+000  0.000000e+000  0.000000e+000  0.000000e+000  0.000000e+000  0.000000e+000  0.000000e+000  
0.000000e+000  0.000000e+000  0.000000e+000  0.000000e+000  0.000000e+000  0.000000e+000  0.000000e+000  0.000000e+000  0.000000e+000  0.000000e+000  0.000000e+000  0.000000e+000  0.000000e+000  0.000000e+000  0.000000e+000  0.000000e+000  0.000000e+000  0.000000e+000  0.000000e+000  0.000000e+000  0.000000e+000  0.000000e+000  0.000000e+000  
0.000000e+000  0.000000e+000  0.000000e+000  0.000000e+000  0.000000e+000  0.000000e+000  0.000000e+000  0.000000e+000  0.000000e+000  0.000000e+000  0.000000e+000  0.000000e+000  0.000000e+000  0.000000e+000  0.000000e+000  0.000000e+000  0.000000e+000  0.000000e+000  0.000000e+000  0.000000e+000  0.000000e+000  0.000000e+000  0.000000e+000  
0.000000e+000  0.000000e+000  0.000000e+000  0.000000e+000  0.000000e+000  0.000000e+000  0.000000e+000  0.000000e+000  0.000000e+000  0.000000e+000  0.000000e+000  0.000000e+000  0.000000e+000  0.000000e+000  0.000000e+000  0.000000e+000  0.000000e+000  0.000000e+000  0.000000e+000  0.000000e+000  0.000000e+000  0.000000e+000  0.000000e+000  
0.000000e+000  0.000000e+000  0.000000e+000  0.000000e+000  0.000000e+000  0.000000e+000  0.000000e+000  0.000000e+000  0.000000e+000  0.000000e+000  0.000000e+000  0.000000e+000  0.000000e+000  0.000000e+000  0.000000e+000  0.000000e+000  0.000000e+000  0.000000e+000  0.000000e+000  0.000000e+000  0.000000e+000  0.000000e+000  0.000000e+000  
0.000000e+000  0.000000e+000  0.000000e+000  0.000000e+000  0.000000e+000  0.000000e+000  0.000000e+000  0.000000e+000  0.000000e+000  0.000000e+000  0.000000e+000  0.000000e+000  0.000000e+000  0.000000e+000  0.000000e+000  0.000000e+000  0.000000e+000  0.000000e+000  0.000000e+000  0.000000e+000  0.000000e+000  0.000000e+000  0.000000e+000  
0.000000e+000  0.000000e+000  0.000000e+000  0.000000e+000  0.000000e+000  0.000000e+000  0.000000e+000  0.000000e+000  0.000000e+000  0.000000e+000  0.000000e+000  0.000000e+000  0.000000e+000  0.000000e+000  0.000000e+000  0.000000e+000  0.000000e+000  0.000000e+000  0.000000e+000  0.000000e+000  0.000000e+000  0.000000e+000  0.000000e+000  
0.000000e+000  0.000000e+000  0.000000e+000  0.000000e+000  0.000000e+000  0.000000e+000  0.000000e+000  0.000000e+000  0.000000e+000  0.000000e+000  0.000000e+000  0.000000e+000  0.000000e+000  0.000000e+000  0.000000e+000  0.000000e+000  0.000000e+000  0.000000e+000  0.000000e+000  0.000000e+000  0.000000e+000  0.000000e+000  0.000000e+000  
0.000000e+000  0.000000e+000  0.000000e+000  0.000000e+000  0.000000e+000  0.000000e+000  0.000000e+000  0.000000e+000  0.000000e+000  0.000000e+000  0.000000e+000  0.000000e+000  0.000000e+000  0.000000e+000  0.000000e+000  0.000000e+000  0.000000e+000  0.000000e+000  0.000000e+000  0.000000e+000  0.000000e+000  0.000000e+000  0.000000e+000  
0.000000e+000  0.000000e+000  0.000000e+000  0.000000e+000  0.000000e+000  0.000000e+000  0.000000e+000  0.000000e+000  0.000000e+000  0.000000e+000  0.000000e+000  0.000000e+000  0.000000e+000  0.000000e+000  0.000000e+000  0.000000e+000  0.000000e+000  0.000000e+000  0.000000e+000  0.000000e+000  0.000000e+000  0.000000e+000  0.000000e+000  
0.000000e+000  0.000000e+000  0.000000e+000  0.000000e+000  0.000000e+000  0.000000e+000  0.000000e+000  0.000000e+000  0.000000e+000  0.000000e+000  0.000000e+000  0.000000e+000  0.000000e+000  0.000000e+000  0.000000e+000  0.000000e+000  0.000000e+000  0.000000e+000  0.000000e+000  0.000000e+000  0.000000e+000  0.000000e+000  0.000000e+000  
0.000000e+000  0.000000e+000  0.000000e+000  0.000000e+000  0.000000e+000  0.000000e+000  0.000000e+000  0.000000e+000  0.000000e+000  0.000000e+000  0.000000e+000  0.000000e+000  0.000000e+000  0.000000e+000  0.000000e+000  0.000000e+000  0.000000e+000  0.000000e+000  0.000000e+000  0.000000e+000  0.000000e+000  0.000000e+000  0.000000e+000  
0.000000e+000  0.000000e+000  0.000000e+000  0.000000e+000  0.000000e+000  0.000000e+000  0.000000e+000  0.000000e+000  0.000000e+000  0.000000e+000  0.000000e+000  0.000000e+000  0.000000e+000  0.000000e+000  0.000000e+000  0.000000e+000  0.000000e+000  0.000000e+000  0.000000e+000  0.000000e+000  0.000000e+000  0.000000e+000  0.000000e+000  
0.000000e+000  0.000000e+000  0.000000e+000  0.000000e+000  0.000000e+000  0.000000e+000  0.000000e+000  0.000000e+000  0.000000e+000  0.000000e+000  0.000000e+000  0.000000e+000  0.000000e+000  0.000000e+000  0.000000e+000  0.000000e+000  0.000000e+000  0.000000e+000  0.000000e+000  0.000000e+000  0.000000e+000  0.000000e+000  0.000000e+000  
0.000000e+000  0.000000e+000  0.000000e+000  0.000000e+000  0.000000e+000  0.000000e+000  0.000000e+000  0.000000e+000  0.000000e+000  0.000000e+000  0.000000e+000  0.000000e+000  0.000000e+000  0.000000e+000  0.000000e+000  0.000000e+000  0.000000e+000  0.000000e+000  0.000000e+000  0.000000e+000  0.000000e+000  0.000000e+000  0.000000e+000  
0.000000e+000  0.000000e+000  0.000000e+000  0.000000e+000  0.000000e+000  0.000000e+000  0.000000e+000  0.000000e+000  0.000000e+000  0.000000e+000  0.000000e+000  0.000000e+000  0.000000e+000  0.000000e+000  0.000000e+000  0.000000e+000  0.000000e+000  0.000000e+000  0.000000e+000  0.000000e+000  0.000000e+000  0.000000e+000  0.000000e+000  
0.000000e+000  0.000000e+000  0.000000e+000  0.000000e+000  0.000000e+000  0.000000e+000  0.000000e+000  0.000000e+000  0.000000e+000  0.000000e+000  0.000000e+000  0.000000e+000  0.000000e+000  0.000000e+000  0.000000e+000  0.000000e+000  0.000000e+000  0.000000e+000  0.000000e+000  0.000000e+000  0.000000e+000  0.000000e+000  0.000000e+000  
0.000000e+000  0.000000e+000  0.000000e+000  0.000000e+000  0.000000e+000  0.000000e+000  0.000000e+000  0.000000e+000  0.000000e+000  0.000000e+000  0.000000e+000  0.000000e+000  0.000000e+000  0.000000e+000  0.000000e+000  0.000000e+000  0.000000e+000  0.000000e+000  0.000000e+000  0.000000e+000  0.000000e+000  0.000000e+000  0.000000e+000  
0.000000e+000  0.000000e+000  0.000000e+000  0.000000e+000  0.000000e+000  0.000000e+000  0.000000e+000  0.000000e+000  0.000000e+000  0.000000e+000  0.000000e+000  0.000000e+000  0.000000e+000  0.000000e+000  0.000000e+000  0.000000e+000  0.000000e+000  0.000000e+000  0.000000e+000  0.000000e+000  0.000000e+000  0.000000e+000  0.000000e+000  
0.000000e+000  0.000000e+000  0.000000e+000  0.000000e+000  0.000000e+000  0.000000e+000  0.000000e+000  0.000000e+000  0.000000e+000  0.000000e+000  0.000000e+000  0.000000e+000  0.000000e+000  0.000000e+000  0.000000e+000  0.000000e+000  0.000000e+000  0.000000e+000  0.000000e+000  0.000000e+000  0.000000e+000  0.000000e+000  0.000000e+000  
0.000000e+000  0.000000e+000  0.000000e+000  0.000000e+000  0.000000e+000  0.000000e+000  0.000000e+000  0.000000e+000  0.000000e+000  0.000000e+000  0.000000e+000  0.000000e+000  0.000000e+000  0.000000e+000  0.000000e+000  0.000000e+000  0.000000e+000  0.000000e+000  0.000000e+000  0.000000e+000  0.000000e+000  0.000000e+000  0.000000e+000  

0.000000e+000  0.000000e+000  0.000000e+000  0.000000e+000  0.000000e+000  0.000000e+000  0.000000e+000  0.000000e+000  0.000000e+000  0.000000e+000  0.000000e+000  0.000000e+000  0.000000e+000  0.000000e+000  0.000000e+000  0.000000e+000  0.000000e+000  0.000000e+000  0.000000e+000  0.000000e+000  0.000000e+000  0.000000e+000  0.000000e+000  
0.000000e+000  0.000000e+000  0.000000e+000  0.000000e+000  0.000000e+000  0.000000e+000  0.000000e+000  0.000000e+000  0.000000e+000  0.000000e+000  0.000000e+000  0.000000e+000  0.000000e+000  0.000000e+000  0.000000e+000  0.000000e+000  0.000000e+000  0.000000e+000  0.000000e+000  0.000000e+000  0.000000e+000  0.000000e+000  0.000000e+000  
0.000000e+000  0.000000e+000  0.000000e+000  0.000000e+000  0.000000e+000  0.000000e+000  0.000000e+000  0.000000e+000  0.000000e+000  0.000000e+000  0.000000e+000  0.000000e+000  0.000000e+000  0.000000e+000  0.000000e+000  0.000000e+000  0.000000e+000  0.000000e+000  0.000000e+000  0.000000e+000  0.000000e+000  0.000000e+000  0.000000e+000  
0.000000e+000  0.000000e+000  0.000000e+000  0.000000e+000  0.000000e+000  0.000000e+000  0.000000e+000  0.000000e+000  0.000000e+000  0.000000e+000  0.000000e+000  0.000000e+000  0.000000e+000  0.000000e+000  0.000000e+000  0.000000e+000  0.000000e+000  0.000000e+000  0.000000e+000  0.000000e+000  0.000000e+000  0.000000e+000  0.000000e+000  
0.000000e+000  0.000000e+000  0.000000e+000  0.000000e+000  0.000000e+000  0.000000e+000  0.000000e+000  0.000000e+000  0.000000e+000  0.000000e+000  0.000000e+000  0.000000e+000  0.000000e+000  0.000000e+000  0.000000e+000  0.000000e+000  0.000000e+000  0.000000e+000  0.000000e+000  0.000000e+000  0.000000e+000  0.000000e+000  0.000000e+000  
0.000000e+000  0.000000e+000  0.000000e+000  0.000000e+000  0.000000e+000  0.000000e+000  0.000000e+000  0.000000e+000  0.000000e+000  0.000000e+000  0.000000e+000  0.000000e+000  0.000000e+000  0.000000e+000  0.000000e+000  0.000000e+000  0.000000e+000  0.000000e+000  0.000000e+000  0.000000e+000  0.000000e+000  0.000000e+000  0.000000e+000  
0.000000e+000  0.000000e+000  0.000000e+000  0.000000e+000  0.000000e+000  0.000000e+000  0.000000e+000  0.000000e+000  0.000000e+000  0.000000e+000  0.000000e+000  0.000000e+000  0.000000e+000  0.000000e+000  0.000000e+000  0.000000e+000  0.000000e+000  0.000000e+000  0.000000e+000  0.000000e+000  0.000000e+000  0.000000e+000  0.000000e+000  
0.000000e+000  0.000000e+000  0.000000e+000  0.000000e+000  0.000000e+000  0.000000e+000  0.000000e+000  0.000000e+000  0.000000e+000  0.000000e+000  0.000000e+000  0.000000e+000  0.000000e+000  0.000000e+000  0.000000e+000  0.000000e+000  0.000000e+000  0.000000e+000  0.000000e+000  0.000000e+000  0.000000e+000  0.000000e+000  0.000000e+000  
0.000000e+000  0.000000e+000  0.000000e+000  0.000000e+000  0.000000e+000  0.000000e+000  0.000000e+000  0.000000e+000  0.000000e+000  0.000000e+000  0.000000e+000  0.000000e+000  0.000000e+000  0.000000e+000  0.000000e+000  0.000000e+000  0.000000e+000  0.000000e+000  0.000000e+000  0.000000e+000  0.000000e+000  0.000000e+000  0.000000e+000  
0.000000e+000  0.000000e+000  0.000000e+000  0.000000e+000  0.000000e+000  0.000000e+000  0.000000e+000  0.000000e+000  0.000000e+000  0.000000e+000  0.000000e+000  0.000000e+000  0.000000e+000  0.000000e+000  0.000000e+000  0.000000e+000  0.000000e+000  0.000000e+000  0.000000e+000  0.000000e+000  0.000000e+000  0.000000e+000  0.000000e+000  
0.000000e+000  0.000000e+000  0.000000e+000  0.000000e+000  0.000000e+000  0.000000e+000  0.000000e+000  0.000000e+000  0.000000e+000  0.000000e+000  0.000000e+000  0.000000e+000  0.000000e+000  0.000000e+000  0.000000e+000  0.000000e+000  0.000000e+000  0.000000e+000  0.000000e+000  0.000000e+000  0.000000e+000  0.000000e+000  0.000000e+000  
0.000000e+000  0.000000e+000  0.000000e+000  0.000000e+000  0.000000e+000  0.000000e+000  0.000000e+000  0.000000e+000  0.000000e+000  0.000000e+000  0.000000e+000  0.000000e+000  0.000000e+000  0.000000e+000  0.000000e+000  0.000000e+000  0.000000e+000  0.000000e+000  0.000000e+000  0.000000e+000  0.000000e+000  0.000000e+000  0.000000e+000  
0.000000e+000  0.000000e+000  0.000000e+000  0.000000e+000  0.000000e+000  0.000000e+000  0.000000e+000  0.000000e+000  0.000000e+000  0.000000e+000  0.000000e+000  0.000000e+000  0.000000e+000  0.000000e+000  0.000000e+000  0.000000e+000  0.000000e+000  0.000000e+000  0.000000e+000  0.000000e+000  0.000000e+000  0.000000e+000  0.000000e+000  
0.000000e+000  0.000000e+000  0.000000e+000  0.000000e+000  0.000000e+000  0.000000e+000  0.000000e+000  0.000000e+000  0.000000e+000  0.000000e+000  0.000000e+000  0.000000e+000  0.000000e+000  0.000000e+000  0.000000e+000  0.000000e+000  0.000000e+000  0.000000e+000  0.000000e+000  0.000000e+000  0.000000e+000  0.000000e+000  0.000000e+000  
0.000000e+000  0.000000e+000  0.000000e+000  0.000000e+000  0.000000e+000  0.000000e+000  0.000000e+000  0.000000e+000  0.000000e+000  0.000000e+000  0.000000e+000  0.000000e+000  0.000000e+000  0.000000e+000  0.000000e+000  0.000000e+000  0.000000e+000  0.000000e+000  0.000000e+000  0.000000e+000  0.000000e+000  0.000000e+000  0.000000e+000  
0.000000e+000  0.000000e+000  0.000000e+000  0.000000e+000  0.000000e+000  0.000000e+000  0.000000e+000  0.000000e+000  0.000000e+000  0.000000e+000  0.000000e+000  0.000000e+000  0.000000e+000  0.000000e+000  0.000000e+000  0.000000e+000  0.000000e+000  0.000000e+000  0.000000e+000  0.000000e+000  0.000000e+000  0.000000e+000  0.000000e+000  
0.000000e+000  0.000000e+000  0.000000e+000  0.000000e+000  0.000000e+000  0.000000e+000  0.000000e+000  0.000000e+000  0.000000e+000  0.000000e+000  0.000000e+000  0.000000e+000  0.000000e+000  0.000000e+000  0.000000e+000  0.000000e+000  0.000000e+000  0.000000e+000  0.000000e+000  0.000000e+000  0.000000e+000  0.000000e+000  0.000000e+000  
0.000000e+000  0.000000e+000  0.000000e+000  0.000000e+000  0.000000e+000  0.000000e+000  0.000000e+000  0.000000e+000  0.000000e+000  0.000000e+000  0.000000e+000  0.000000e+000  0.000000e+000  0.000000e+000  0.000000e+000  0.000000e+000  0.000000e+000  0.000000e+000  0.000000e+000  0.000000e+000  0.000000e+000  0.000000e+000  0.000000e+000  
0.000000e+000  0.000000e+000  0.000000e+000  0.000000e+000  0.000000e+000  0.000000e+000  0.000000e+000  0.000000e+000  0.000000e+000  0.000000e+000  0.000000e+000  0.000000e+000  0.000000e+000  0.000000e+000  0.000000e+000  0.000000e+000  0.000000e+000  0.000000e+000  0.000000e+000  0.000000e+000  0.000000e+000  0.000000e+000  0.000000e+000  
0.000000e+000  0.000000e+000  0.000000e+000  0.000000e+000  0.000000e+000  0.000000e+000  0.000000e+000  0.000000e+000  0.000000e+000  0.000000e+000  0.000000e+000  0.000000e+000  0.000000e+000  0.000000e+000  0.000000e+000  0.000000e+000  0.000000e+000  0.000000e+000  0.000000e+000  0.000000e+000  0.000000e+000  0.000000e+000  0.000000e+000  
0.000000e+000  0.000000e+000  0.000000e+000  0.000000e+000  0.000000e+000  0.000000e+000  0.000000e+000  0.000000e+000  0.000000e+000  0.000000e+000  0.000000e+000  0.000000e+000  0.000000e+000  0.000000e+000  0.000000e+000  0.000000e+000  0.000000e+000  0.000000e+000  0.000000e+000  0.000000e+000  0.000000e+000  0.000000e+000  0.000000e+000  
0.000000e+000  0.000000e+000  0.000000e+000  0.000000e+000  0.000000e+000  0.000000e+000  0.000000e+000  0.000000e+000  0.000000e+000  0.000000e+000  0.000000e+000  0.000000e+000  0.000000e+000  0.000000e+000  0.000000e+000  0.000000e+000  0.000000e+000  0.000000e+000  0.000000e+000  0.000000e+000  0.000000e+000  0.000000e+000  0.000000e+000  
0.000000e+000  0.000000e+000  0.000000e+000  0.000000e+000  0.000000e+000  0.000000e+000  0.000000e+000  0.000000e+000  0.000000e+000  0.000000e+000  0.000000e+000  0.000000e+000  0.000000e+000  0.000000e+000  0.000000e+000  0.000000e+000  0.000000e+000  0.000000e+000  0.000000e+000  0.000000e+000  0.000000e+000  0.000000e+000  0.000000e+000  

0.000000e+000  0.000000e+000  0.000000e+000  0.000000e+000  0.000000e+000  0.000000e+000  0.000000e+000  0.000000e+000  0.000000e+000  0.000000e+000  0.000000e+000  0.000000e+000  0.000000e+000  0.000000e+000  0.000000e+000  0.000000e+000  0.000000e+000  0.000000e+000  0.000000e+000  0.000000e+000  0.000000e+000  0.000000e+000  0.000000e+000  
0.000000e+000  0.000000e+000  0.000000e+000  0.000000e+000  0.000000e+000  0.000000e+000  0.000000e+000  0.000000e+000  0.000000e+000  0.000000e+000  0.000000e+000  0.000000e+000  0.000000e+000  0.000000e+000  0.000000e+000  0.000000e+000  0.000000e+000  0.000000e+000  0.000000e+000  0.000000e+000  0.000000e+000  0.000000e+000  0.000000e+000  
0.000000e+000  0.000000e+000  0.000000e+000  0.000000e+000  0.000000e+000  0.000000e+000  0.000000e+000  0.000000e+000  0.000000e+000  0.000000e+000  0.000000e+000  0.000000e+000  0.000000e+000  0.000000e+000  0.000000e+000  0.000000e+000  0.000000e+000  0.000000e+000  0.000000e+000  0.000000e+000  0.000000e+000  0.000000e+000  0.000000e+000  
0.000000e+000  0.000000e+000  0.000000e+000  0.000000e+000  0.000000e+000  0.000000e+000  0.000000e+000  0.000000e+000  0.000000e+000  0.000000e+000  0.000000e+000  0.000000e+000  0.000000e+000  0.000000e+000  0.000000e+000  0.000000e+000  0.000000e+000  0.000000e+000  0.000000e+000  0.000000e+000  0.000000e+000  0.000000e+000  0.000000e+000  
0.000000e+000  0.000000e+000  0.000000e+000  0.000000e+000  0.000000e+000  0.000000e+000  0.000000e+000  0.000000e+000  0.000000e+000  0.000000e+000  0.000000e+000  0.000000e+000  0.000000e+000  0.000000e+000  0.000000e+000  0.000000e+000  0.000000e+000  0.000000e+000  0.000000e+000  0.000000e+000  0.000000e+000  0.000000e+000  0.000000e+000  
0.000000e+000  0.000000e+000  0.000000e+000  0.000000e+000  0.000000e+000  0.000000e+000  0.000000e+000  0.000000e+000  0.000000e+000  0.000000e+000  0.000000e+000  0.000000e+000  0.000000e+000  0.000000e+000  0.000000e+000  0.000000e+000  0.000000e+000  0.000000e+000  0.000000e+000  0.000000e+000  0.000000e+000  0.000000e+000  0.000000e+000  
0.000000e+000  0.000000e+000  0.000000e+000  0.000000e+000  0.000000e+000  0.000000e+000  0.000000e+000  0.000000e+000  0.000000e+000  0.000000e+000  0.000000e+000  0.000000e+000  0.000000e+000  0.000000e+000  0.000000e+000  0.000000e+000  0.000000e+000  0.000000e+000  0.000000e+000  0.000000e+000  0.000000e+000  0.000000e+000  0.000000e+000  
0.000000e+000  0.000000e+000  0.000000e+000  0.000000e+000  0.000000e+000  0.000000e+000  0.000000e+000  0.000000e+000  0.000000e+000  0.000000e+000  0.000000e+000  0.000000e+000  0.000000e+000  0.000000e+000  0.000000e+000  0.000000e+000  0.000000e+000  0.000000e+000  0.000000e+000  0.000000e+000  0.000000e+000  0.000000e+000  0.000000e+000  
0.000000e+000  0.000000e+000  0.000000e+000  0.000000e+000  0.000000e+000  0.000000e+000  0.000000e+000  0.000000e+000  0.000000e+000  0.000000e+000  0.000000e+000  0.000000e+000  0.000000e+000  0.000000e+000  0.000000e+000  0.000000e+000  0.000000e+000  0.000000e+000  0.000000e+000  0.000000e+000  0.000000e+000  0.000000e+000  0.000000e+000  
0.000000e+000  0.000000e+000  0.000000e+000  0.000000e+000  0.000000e+000  0.000000e+000  0.000000e+000  0.000000e+000  0.000000e+000  0.000000e+000  0.000000e+000  0.000000e+000  0.000000e+000  0.000000e+000  0.000000e+000  0.000000e+000  0.000000e+000  0.000000e+000  0.000000e+000  0.000000e+000  0.000000e+000  0.000000e+000  0.000000e+000  
0.000000e+000  0.000000e+000  0.000000e+000  0.000000e+000  0.000000e+000  0.000000e+000  0.000000e+000  0.000000e+000  0.000000e+000  0.000000e+000  0.000000e+000  0.000000e+000  0.000000e+000  0.000000e+000  0.000000e+000  0.000000e+000  0.000000e+000  0.000000e+000  0.000000e+000  0.000000e+000  0.000000e+000  0.000000e+000  0.000000e+000  
0.000000e+000  0.000000e+000  0.000000e+000  0.000000e+000  0.000000e+000  0.000000e+000  0.000000e+000  0.000000e+000  0.000000e+000  0.000000e+000  0.000000e+000  0.000000e+000  0.000000e+000  0.000000e+000  0.000000e+000  0.000000e+000  0.000000e+000  0.000000e+000  0.000000e+000  0.000000e+000  0.000000e+000  0.000000e+000  0.000000e+000  
0.000000e+000  0.000000e+000  0.000000e+000  0.000000e+000  0.000000e+000  0.000000e+000  0.000000e+000  0.000000e+000  0.000000e+000  0.000000e+000  0.000000e+000  0.000000e+000  0.000000e+000  0.000000e+000  0.000000e+000  0.000000e+000  0.000000e+000  0.000000e+000  0.000000e+000  0.000000e+000  0.000000e+000  0.000000e+000  0.000000e+000  
0.000000e+000  0.000000e+000  0.000000e+000  0.000000e+000  0.000000e+000  0.000000e+000  0.000000e+000  0.000000e+000  0.000000e+000  0.000000e+000  0.000000e+000  0.000000e+000  0.000000e+000  0.000000e+000  0.000000e+000  0.000000e+000  0.000000e+000  0.000000e+000  0.000000e+000  0.000000e+000  0.000000e+000  0.000000e+000  0.000000e+000  
0.000000e+000  0.000000e+000  0.000000e+000  0.000000e+000  0.000000e+000  0.000000e+000  0.000000e+000  0.000000e+000  0.000000e+000  0.000000e+000  0.000000e+000  0.000000e+000  0.000000e+000  0.000000e+000  0.000000e+000  0.000000e+000  0.000000e+000  0.000000e+000  0.000000e+000  0.000000e+000  0.000000e+000  0.000000e+000  0.000000e+000  
0.000000e+000  0.000000e+000  0.000000e+000  0.000000e+000  0.000000e+000  0.000000e+000  0.000000e+000  0.000000e+000  0.000000e+000  0.000000e+000  0.000000e+000  0.000000e+000  0.000000e+000  0.000000e+000  0.000000e+000  0.000000e+000  0.000000e+000  0.000000e+000  0.000000e+000  0.000000e+000  0.000000e+000  0.000000e+000  0.000000e+000  
0.000000e+000  0.000000e+000  0.000000e+000  0.000000e+000  0.000000e+000  0.000000e+000  0.000000e+000  0.000000e+000  0.000000e+000  0.000000e+000  0.000000e+000  0.000000e+000  0.000000e+000  0.000000e+000  0.000000e+000  0.000000e+000  0.000000e+000  0.000000e+000  0.000000e+000  0.000000e+000  0.000000e+000  0.000000e+000  0.000000e+000  
0.000000e+000  0.000000e+000  0.000000e+000  0.000000e+000  0.000000e+000  0.000000e+000  0.000000e+000  0.000000e+000  0.000000e+000  0.000000e+000  0.000000e+000  0.000000e+000  0.000000e+000  0.000000e+000  0.000000e+000  0.000000e+000  0.000000e+000  0.000000e+000  0.000000e+000  0.000000e+000  0.000000e+000  0.000000e+000  0.000000e+000  
0.000000e+000  0.000000e+000  0.000000e+000  0.000000e+000  0.000000e+000  0.000000e+000  0.000000e+000  0.000000e+000  0.000000e+000  0.000000e+000  0.000000e+000  0.000000e+000  0.000000e+000  0.000000e+000  0.000000e+000  0.000000e+000  0.000000e+000  0.000000e+000  0.000000e+000  0.000000e+000  0.000000e+000  0.000000e+000  0.000000e+000  
0.000000e+000  0.000000e+000  0.000000e+000  0.000000e+000  0.000000e+000  0.000000e+000  0.000000e+000  0.000000e+000  0.000000e+000  0.000000e+000  0.000000e+000  0.000000e+000  0.000000e+000  0.000000e+000  0.000000e+000  0.000000e+000  0.000000e+000  0.000000e+000  0.000000e+000  0.000000e+000  0.000000e+000  0.000000e+000  0.000000e+000  
0.000000e+000  0.000000e+000  0.000000e+000  0.000000e+000  0.000000e+000  0.000000e+000  0.000000e+000  0.000000e+000  0.000000e+000  0.000000e+000  0.000000e+000  0.000000e+000  0.000000e+000  0.000000e+000  0.000000e+000  0.000000e+000  0.000000e+000  0.000000e+000  0.000000e+000  0.000000e+000  0.000000e+000  0.000000e+000  0.000000e+000  
0.000000e+000  0.000000e+000  0.000000e+000  0.000000e+000  0.000000e+000  0.000000e+000  0.000000e+000  0.000000e+000  0.000000e+000  0.000000e+000  0.000000e+000  0.000000e+000  0.000000e+000  0.000000e+000  0.000000e+000  0.000000e+000  0.000000e+000  0.000000e+000  0.000000e+000  0.000000e+000  0.000000e+000  0.000000e+000  0.000000e+000  
0.000000e+000  0.000000e+000  0.000000e+000  0.000000e+000  0.000000e+000  0.000000e+000  0.000000e+000  0.000000e+000  0.000000e+000  0.000000e+000  0.000000e+000  0.000000e+000  0.000000e+000  0.000000e+000  0.000000e+000  0.000000e+000  0.000000e+000  0.000000e+000  0.000000e+000  0.000000e+000  0.000000e+000  0.000000e+000  0.000000e+000  

-0.000000e+000  -0.000000e+000  -0.000000e+000  -0.000000e+000  -0.000000e+000  -0.000000e+000  -0.000000e+000  -0.000000e+000  -0.000000e+000  -0.000000e+000  -0.000000e+000  -0.000000e+000  -0.000000e+000  -0.000000e+000  -0.000000e+000  -0.000000e+000  -0.000000e+000  -0.000000e+000  -0.000000e+000  -0.000000e+000  -0.000000e+000  -0.000000e+000  -0.000000e+000  
-0.000000e+000  8.235370e+000  1.647169e+001  2.499650e+001  3.363665e+001  3.141408e+001  2.600734e+001  1.684634e+001  1.158918e+001  8.493530e+000  6.676372e+000  5.514344e+000  6.676372e+000  8.493530e+000  1.158918e+001  1.684634e+001  2.600734e+001  3.141408e+001  3.363665e+001  2.499650e+001  1.647169e+001  8.235370e+000  -0.000000e+000  
-0.000000e+000  1.647182e+001  3.265895e+001  3.874285e+001  3.021812e+001  2.640548e+001  2.233091e+001  1.807701e+001  1.453208e+001  1.187295e+001  1.005624e+001  8.704531e+000  1.005624e+001  1.187295e+001  1.453208e+001  1.807701e+001  2.233091e+001  2.640548e+001  3.021812e+001  3.874285e+001  3.265895e+001  1.647182e+001  -0.000000e+000  
-0.000000e+000  2.499703e+001  3.874321e+001  3.217162e+001  2.559975e+001  2.244409e+001  1.937143e+001  1.647144e+001  1.393154e+001  1.188247e+001  1.039363e+001  9.191144e+000  1.039363e+001  1.188247e+001  1.393154e+001  1.647144e+001  1.937143e+001  2.244409e+001  2.559975e+001  3.217162e+001  3.874321e+001  2.499703e+001  -0.000000e+000  
-0.000000e+000  3.363824e+001  3.021909e+001  2.560007e+001  2.063351e+001  1.815028e+001  1.572089e+001  1.342523e+001  1.136739e+001  9.650880e+000  8.363881e+000  7.272623e+000  8.363881e+000  9.650880e+000  1.136739e+001  1.342523e+001  1.572089e+001  1.815028e+001  2.063351e+001  2.560007e+001  3.021909e+001  3.363824e+001  -0.000000e+000  
-0.000000e+000  3.141689e+001  2.640678e+001  2.244445e+001  1.815019e+001  1.592250e+001  1.369492e+001  1.154530e+001  9.573241e+000  7.890753e+000  6.607581e+000  5.494870e+000  6.607581e+000  7.890753e+000  9.573241e+000  1.154530e+001  1.369492e+001  1.592250e+001  1.815019e+001  2.244445e+001  2.640678e+001  3.141689e+001  -0.000000e+000  
-0.000000e+000  2.601214e+001  2.233241e+001  1.937170e+001  1.572050e+001  1.369452e+001  1.159094e+001  9.487749e+000  7.489481e+000  5.731272e+000  4.366706e+000  3.160735e+000  4.366706e+000  5.731272e+000  7.489481e+000  9.487749e+000  1.159094e+001  1.369452e+001  1.572050e+001  1.937170e+001  2.233241e+001  2.601214e+001  -0.000000e+000  
-0.000000e+000  1.684895e+001  1.807817e+001  1.647148e+001  1.342434e+001  1.154406e+001  9.486519e+000  7.325232e+000  5.165628e+000  3.178121e+000  1.618090e+000  2.236006e-001  1.618090e+000  3.178121e+000  5.165628e+000  7.325232e+000  9.486519e+000  1.154406e+001  1.342434e+001  1.647148e+001  1.807817e+001  1.684895e+001  -0.000000e+000  
-0.000000e+000  1.159061e+001  1.453283e+001  1.393130e+001  1.136591e+001  9.570813e+000  7.485802e+000  5.160997e+000  2.669654e+000  1.974787e-001  -0.000000e+000  -0.000000e+000  -0.000000e+000  1.974784e-001  2.669653e+000  5.160997e+000  7.485802e+000  9.570813e+000  1.136591e+001  1.393130e+001  1.453283e+001  1.159061e+001  -0.000000e+000  
-0.000000e+000  8.494321e+000  1.187336e+001  1.188202e+001  9.649044e+000  7.887432e+000  5.724843e+000  3.163277e+000  1.544970e-001  -0.000000e+000  -0.000000e+000  -0.000000e+000  -0.000000e+000  -0.000000e+000  1.544974e-001  3.163277e+000  5.724843e+000  7.887432e+000  9.649044e+000  1.188202e+001  1.187336e+001  8.494321e+000  -0.000000e+000  
-0.000000e+000  6.676812e+000  1.005642e+001  1.039310e+001  8.362212e+000  6.604992e+000  4.362835e+000  1.612757e+000  -0.000000e+000  -0.000000e+000  -0.000000e+000  -0.000000e+000  -0.000000e+000  -0.000000e+000  -0.000000e+000  1.612756e+000  4.362835e+000  6.604992e+000  8.362212e+000  1.039310e+001  1.005642e+001  6.676812e+000  -0.000000e+000  
-0.000000e+000  5.514600e+000  8.704621e+000  9.190776e+000  7.271988e+000  5.494826e+000  3.162525e+000  2.300313e-001  -0.000000e+000  -0.000000e+000  -0.000000e+000  -0.000000e+000  -0.000000e+000  -0.000000e+000  -0.000000e+000  2.300311e-001  3.162525e+000  5.494826e+000  7.271988e+000  9.190776e+000  8.704621e+000  5.514600e+000  -0.000000e+000  
-0.000000e+000  6.676866e+000  1.005652e+001  1.039323e+001  8.362347e+000  6.605112e+000  4.362927e+000  1.612797e+000  -0.000000e+000  -0.000000e+000  -0.000000e+000  -0.000000e+000  -0.000000e+000  -0.000000e+000  -0.000000e+000  1.612797e+000  4.362927e+000  6.605112e+000  8.362347e+000  1.039323e+001  1.005652e+001  6.676866e+000  -0.000000e+000  
-0.000000e+000  8.494405e+000  1.187351e+001  1.188222e+001  9.649262e+000  7.887636e+000  5.725014e+000  3.163388e+000  1.545086e-001  -0.000000e+000  -0.000000e+000  -0.000000e+000  -0.000000e+000  -0.000000e+000  1.545079e-001  3.163388e+000  5.725014e+000  7.887636e+000  9.649262e+000  1.188222e+001  1.187351e+001  8.494405e+000  -0.000000e+000  
-0.000000e+000  1.159073e+001  1.453304e+001  1.393158e+001  1.136623e+001  9.571120e+000  7.486079e+000  5.161219e+000  2.669789e+000  1.974938e-001  -0.000000e+000  -0.000000e+000  -0.000000e+000  1.974929e-001  2.669789e+000  5.161219e+000  7.486079e+000  9.571120e+000  1.136623e+001  1.393158e+001  1.453304e+001  1.159073e+001  -0.000000e+000  
-0.000000e+000  1.684911e+001  1.807845e+001  1.647186e+001  1.342477e+001  1.154449e+001  9.486928e+000  7.325596e+000  5.165924e+000  3.178331e+000  1.618211e+000  2.236172e-001  1.618211e+000  3.178331e+000  5.165924e+000  7.325596e+000  9.486928e+000  1.154449e+001  1.342477e+001  1.647186e+001  1.807845e+001  1.684911e+001  -0.000000e+000  
-0.000000e+000  2.601235e+001  2.233276e+001  1.937217e+001  1.572107e+001  1.369509e+001  1.159150e+001  9.488278e+000  7.489956e+000  5.731680e+000  4.367050e+000  3.161005e+000  4.367050e+000  5.731680e+000  7.489956e+000  9.488278e+000  1.159150e+001  1.369509e+001  1.572107e+001  1.937217e+001  2.233276e+001  2.601235e+001  -0.000000e+000  
-0.000000e+000  3.141714e+001  2.640721e+001  2.244503e+001  1.815091e+001  1.592324e+001  1.369566e+001  1.154601e+001  9.573906e+000  7.891357e+000  6.608129e+000  5.495356e+000  6.608129e+000  7.891357e+000  9.573906e+000  1.154601e+001  1.369567e+001  1.592324e+001  1.815091e+001  2.244503e+001  2.640721e+001  3.141714e+001  -0.000000e+000  
-0.000000e+000  3.363853e+001  3.021959e+001  2.560078e+001  2.063440e+001  1.815122e+001  1.572184e+001  1.342615e+001  1.136825e+001  9.651677e+000  8.364617e+000  7.273295e+000  8.364617e+000  9.651677e+000  1.136825e+001  1.342615e+001  1.572184e+001  1.815122e+001  2.063440e+001  2.560078e+001  3.021959e+001  3.363853e+001  -0.000000e+000  
-0.000000e+000  2.499736e+001  3.874386e+001  3.217259e+001  2.560107e+001  2.244553e+001  1.937291e+001  1.647286e+001  1.393284e+001  1.188363e+001  1.039468e+001  9.192092e+000  1.039468e+001  1.188363e+001  1.393284e+001  1.647286e+001  1.937291e+001  2.244553e+001  2.560107e+001  3.217259e+001  3.874386e+001  2.499736e+001  -0.000000e+000  
-0.000000e+000  1.647213e+001  3.265965e+001  3.874406e+001  3.022000e+001  2.640772e+001  2.233338e+001  1.807917e+001  1.453385e+001  1.187439e+001  1.005744e+001  8.705551e+000  1.005744e+001  1.187439e+001  1.453385e+001  1.807917e+001  2.233338e+001  2.640772e+001  3.022000e+001  3.874406e+001  3.265965e+001  1.647213e+001  -0.000000e+000  
-0.000000e+000  8.235568e+000  1.647218e+001  2.499756e+001  3.363901e+001  3.141770e+001  2.601293e+001  1.684959e+001  1.159119e+001  8.494861e+000  6.677326e+000  5.515076e+000  6.677326e+000  8.494861e+000  1.159119e+001  1.684959e+001  2.601293e+001  3.141770e+001  3.363901e+001  2.499756e+001  1.647218e+001  8.235568e+000  -0.000000e+000  
-0.000000e+000  -0.000000e+000  -0.000000e+000  -0.000000e+000  -0.000000e+000  -0.000000e+000  -0.000000e+000  -0.000000e+000  -0.000000e+000  -0.000000e+000  -0.000000e+000  -0.000000e+000  -0.000000e+000  -0.000000e+000  -0.000000e+000  -0.000000e+000  -0.000000e+000  -0.000000e+000  -0.000000e+000  -0.000000e+000  -0.000000e+000  -0.000000e+000  -0.000000e+000  

