Port monitor named: Port2_h1[2.5].prt

nx        = 91
ny        = 44
nz        = 35

nu        = 5
nv        = 5
iu        = 16
iv        = 76

idir      = 1
dcut      = 2.525000e-002
icut      = 39
type      = 1
frequency = 2.500000e+009

fcutoff   = 0.000000e+000
alpha     = 0.000000e+000
beta      = 7.337543e+001
accuracy  = 4.786066e-015

type          = TEM
wave imp.     = 2.654856e+002
wave imp.sig. = 5.466051e-011
line imp.     = 5.425737e+001

ref. port     = 0

-0.000000e+000  7.882527e+000  1.576753e+001  7.882527e+000  -0.000000e+000  
-0.000000e+000  7.883890e+000  3.153635e+001  7.883890e+000  -0.000000e+000  
-0.000000e+000  -7.883890e+000  -3.153635e+001  -7.883890e+000  -0.000000e+000  
-0.000000e+000  -7.882527e+000  -1.576753e+001  -7.882527e+000  -0.000000e+000  
-0.000000e+000  -0.000000e+000  -0.000000e+000  -0.000000e+000  -0.000000e+000  

-0.000000e+000  -0.000000e+000  -0.000000e+000  -0.000000e+000  -0.000000e+000  
-7.882527e+000  -7.883890e+000  7.883890e+000  7.882527e+000  -0.000000e+000  
-1.576753e+001  -3.153635e+001  3.153635e+001  1.576753e+001  -0.000000e+000  
-7.882527e+000  -7.883890e+000  7.883890e+000  7.882527e+000  -0.000000e+000  
-0.000000e+000  -0.000000e+000  -0.000000e+000  -0.000000e+000  -0.000000e+000  

0.000000e+000  0.000000e+000  0.000000e+000  0.000000e+000  0.000000e+000  
0.000000e+000  0.000000e+000  0.000000e+000  0.000000e+000  0.000000e+000  
0.000000e+000  0.000000e+000  0.000000e+000  0.000000e+000  0.000000e+000  
0.000000e+000  0.000000e+000  0.000000e+000  0.000000e+000  0.000000e+000  
0.000000e+000  0.000000e+000  0.000000e+000  0.000000e+000  0.000000e+000  

0.000000e+000  0.000000e+000  0.000000e+000  0.000000e+000  0.000000e+000  
0.000000e+000  0.000000e+000  0.000000e+000  0.000000e+000  0.000000e+000  
0.000000e+000  0.000000e+000  0.000000e+000  0.000000e+000  0.000000e+000  
0.000000e+000  0.000000e+000  0.000000e+000  0.000000e+000  0.000000e+000  
0.000000e+000  0.000000e+000  0.000000e+000  0.000000e+000  0.000000e+000  

0.000000e+000  0.000000e+000  0.000000e+000  0.000000e+000  0.000000e+000  
0.000000e+000  0.000000e+000  0.000000e+000  0.000000e+000  0.000000e+000  
0.000000e+000  0.000000e+000  0.000000e+000  0.000000e+000  0.000000e+000  
0.000000e+000  0.000000e+000  0.000000e+000  0.000000e+000  0.000000e+000  
0.000000e+000  0.000000e+000  0.000000e+000  0.000000e+000  0.000000e+000  

-0.000000e+000  1.477247e-002  -1.477247e-002  -0.000000e+000  -0.000000e+000  
-1.477247e-002  -0.000000e+000  -0.000000e+000  1.477247e-002  -0.000000e+000  
1.477247e-002  -0.000000e+000  -0.000000e+000  -1.477247e-002  -0.000000e+000  
-0.000000e+000  -1.477247e-002  1.477247e-002  -0.000000e+000  -0.000000e+000  
-0.000000e+000  -0.000000e+000  -0.000000e+000  -0.000000e+000  -0.000000e+000  

