Port monitor named: Port2_e1[2.5].prt

nx        = 25
ny        = 4
nz        = 25

nu        = 23
nv        = 23
iu        = 2
iv        = 2

idir      = 1
dcut      = 2.525000e-002
icut      = 3
type      = 0
frequency = 2.500000e+009

fcutoff   = 0.000000e+000
alpha     = 0.000000e+000
beta      = 7.257420e+001
accuracy  = 4.447236e-012

type          = QTEM
wave imp.     = 2.634375e+002
wave imp.sig. = 7.686340e-003
line imp.     = 5.425708e+001

ref. port     = 0

-0.000000e+000  -0.000000e+000  -0.000000e+000  -0.000000e+000  -0.000000e+000  -0.000000e+000  -0.000000e+000  -0.000000e+000  -0.000000e+000  -0.000000e+000  -0.000000e+000  -0.000000e+000  -0.000000e+000  -0.000000e+000  -0.000000e+000  -0.000000e+000  -0.000000e+000  -0.000000e+000  -0.000000e+000  -0.000000e+000  -0.000000e+000  -0.000000e+000  -0.000000e+000  
-9.725391e+002  -9.725618e+002  -9.803231e+002  -9.651673e+002  -3.511848e+002  -3.541381e+001  3.424667e+002  5.836628e+001  -5.909791e+001  -8.665663e+001  -5.317907e+001  5.317544e+001  8.665226e+001  5.909272e+001  -5.837275e+001  -3.424751e+002  3.540527e+001  3.511765e+002  9.651625e+002  9.803277e+002  9.725905e+002  9.725347e+002  -0.000000e+000  
-1.945218e+003  -1.937547e+003  -1.492763e+003  -8.229529e+002  -7.994006e+002  -7.124619e+002  -6.066909e+002  -5.498132e+002  -4.778170e+002  -3.728205e+002  -1.680752e+002  1.680690e+002  3.728131e+002  4.778084e+002  5.498029e+002  6.066786e+002  7.124472e+002  7.993834e+002  8.229317e+002  1.492753e+003  1.937662e+003  1.945176e+003  -0.000000e+000  
-2.925892e+003  -2.449811e+003  -1.581312e+003  -1.581565e+003  -1.532556e+003  -1.464830e+003  -1.360268e+003  -1.218460e+003  -1.028531e+003  -7.849813e+002  -3.461197e+002  3.461123e+002  7.849726e+002  1.028521e+003  1.218447e+003  1.360253e+003  1.464810e+003  1.532529e+003  1.581522e+003  1.581200e+003  2.450255e+003  2.925655e+003  -0.000000e+000  
-3.891064e+003  -2.308029e+003  -2.339961e+003  -2.405757e+003  -2.405902e+003  -2.364524e+003  -2.262814e+003  -2.079571e+003  -1.793719e+003  -1.393230e+003  -6.312430e+002  6.312364e+002  1.393222e+003  1.793710e+003  2.079560e+003  2.262801e+003  2.364509e+003  2.405886e+003  2.405737e+003  2.339949e+003  2.308126e+003  3.891041e+003  -0.000000e+000  
-4.066817e+003  -2.532230e+003  -2.706576e+003  -2.842443e+003  -2.904778e+003  -2.904856e+003  -2.836374e+003  -2.664031e+003  -2.348261e+003  -1.858601e+003  -8.662379e+002  8.662323e+002  1.858594e+003  2.348253e+003  2.664021e+003  2.836363e+003  2.904844e+003  2.904765e+003  2.842430e+003  2.706576e+003  2.532277e+003  4.066817e+003  -0.000000e+000  
-4.084782e+003  -2.870793e+003  -3.082801e+003  -3.292307e+003  -3.445123e+003  -3.513741e+003  -3.513787e+003  -3.391908e+003  -3.076687e+003  -2.495883e+003  -1.203560e+003  1.203556e+003  2.495877e+003  3.076679e+003  3.391900e+003  3.513778e+003  3.513731e+003  3.445113e+003  3.292300e+003  3.082805e+003  2.870818e+003  4.084789e+003  -0.000000e+000  
-3.913692e+003  -3.345565e+003  -3.459643e+003  -3.743600e+003  -4.018715e+003  -4.191186e+003  -4.313116e+003  -4.313118e+003  -4.070684e+003  -3.413901e+003  -1.711883e+003  1.711881e+003  3.413896e+003  4.070677e+003  4.313110e+003  4.313107e+003  4.191178e+003  4.018708e+003  3.743596e+003  3.459647e+003  3.345580e+003  3.913700e+003  -0.000000e+000  
-3.884621e+003  -3.649775e+003  -3.794005e+003  -4.174166e+003  -4.603235e+003  -4.919158e+003  -5.234358e+003  -5.476750e+003  -5.479018e+003  -5.238451e+003  -0.000000e+000  -0.000000e+000  5.238445e+003  5.479010e+003  5.476742e+003  5.234350e+003  4.919151e+003  4.603229e+003  4.174162e+003  3.794008e+003  3.649785e+003  3.884629e+003  -0.000000e+000  
-3.914250e+003  -3.859205e+003  -4.069371e+003  -4.556735e+003  -5.157863e+003  -5.647838e+003  -6.228390e+003  -6.880491e+003  -7.095634e+003  -0.000000e+000  -0.000000e+000  -0.000000e+000  -0.000000e+000  7.095625e+003  6.880482e+003  6.228383e+003  5.647832e+003  5.157858e+003  4.556733e+003  4.069374e+003  3.859212e+003  3.914256e+003  -0.000000e+000  
-3.957627e+003  -4.002320e+003  -4.275426e+003  -4.860755e+003  -5.623251e+003  -6.285925e+003  -7.150854e+003  -8.296267e+003  -0.000000e+000  -0.000000e+000  -0.000000e+000  -0.000000e+000  -0.000000e+000  -0.000000e+000  8.296258e+003  7.150847e+003  6.285919e+003  5.623247e+003  4.860753e+003  4.275428e+003  4.002325e+003  3.957633e+003  -0.000000e+000  
-4.010826e+003  -4.117203e+003  -4.453328e+003  -5.145251e+003  -6.090949e+003  -6.955270e+003  -8.154261e+003  -9.854901e+003  -0.000000e+000  -0.000000e+000  -0.000000e+000  -0.000000e+000  -0.000000e+000  -0.000000e+000  9.854895e+003  8.154256e+003  6.955266e+003  6.090946e+003  5.145250e+003  4.453329e+003  4.117205e+003  4.010829e+003  -0.000000e+000  
-3.957597e+003  -4.002286e+003  -4.275376e+003  -4.860674e+003  -5.623148e+003  -6.285848e+003  -7.150969e+003  -8.297195e+003  -0.000000e+000  -0.000000e+000  -0.000000e+000  -0.000000e+000  -0.000000e+000  -0.000000e+000  8.297192e+003  7.150967e+003  6.285846e+003  5.623146e+003  4.860674e+003  4.275377e+003  4.002288e+003  3.957599e+003  -0.000000e+000  
-3.914206e+003  -3.859158e+003  -4.069302e+003  -4.556613e+003  -5.157644e+003  -5.647476e+003  -6.227633e+003  -6.878370e+003  -7.146072e+003  -0.000000e+000  -0.000000e+000  -0.000000e+000  -0.000000e+000  7.146071e+003  6.878368e+003  6.227632e+003  5.647475e+003  5.157643e+003  4.556613e+003  4.069303e+003  3.859160e+003  3.914208e+003  -0.000000e+000  
-3.884565e+003  -3.649721e+003  -3.793924e+003  -4.174022e+003  -4.602979e+003  -4.918762e+003  -5.233699e+003  -5.475665e+003  -5.477858e+003  -5.277868e+003  -0.000000e+000  -0.000000e+000  5.277867e+003  5.477858e+003  5.475664e+003  5.233698e+003  4.918761e+003  4.602978e+003  4.174022e+003  3.793924e+003  3.649722e+003  3.884566e+003  -0.000000e+000  
-3.913623e+003  -3.345510e+003  -3.459560e+003  -3.743458e+003  -4.018487e+003  -4.190878e+003  -4.312720e+003  -4.312717e+003  -4.070697e+003  -3.415392e+003  -1.712124e+003  1.712124e+003  3.415392e+003  4.070697e+003  4.312716e+003  4.312719e+003  4.190877e+003  4.018486e+003  3.743457e+003  3.459560e+003  3.345511e+003  3.913624e+003  -0.000000e+000  
-4.084696e+003  -2.870748e+003  -3.082723e+003  -3.292179e+003  -3.444943e+003  -3.513531e+003  -3.513573e+003  -3.391773e+003  -3.076808e+003  -2.496413e+003  -1.203746e+003  1.203746e+003  2.496413e+003  3.076808e+003  3.391772e+003  3.513572e+003  3.513530e+003  3.444943e+003  3.292179e+003  3.082723e+003  2.870748e+003  4.084697e+003  -0.000000e+000  
-4.066713e+003  -2.532205e+003  -2.706507e+003  -2.842333e+003  -2.904644e+003  -2.904718e+003  -2.836256e+003  -2.663981e+003  -2.348341e+003  -1.858810e+003  -8.663474e+002  8.663472e+002  1.858810e+003  2.348341e+003  2.663981e+003  2.836256e+003  2.904717e+003  2.904644e+003  2.842333e+003  2.706507e+003  2.532205e+003  4.066713e+003  -0.000000e+000  
-3.890930e+003  -2.308046e+003  -2.339901e+003  -2.405665e+003  -2.405803e+003  -2.364431e+003  -2.262744e+003  -2.079547e+003  -1.793757e+003  -1.393312e+003  -6.312992e+002  6.312990e+002  1.393312e+003  1.793756e+003  2.079547e+003  2.262744e+003  2.364430e+003  2.405803e+003  2.405665e+003  2.339901e+003  2.308047e+003  3.890931e+003  -0.000000e+000  
-2.925558e+003  -2.450111e+003  -1.581235e+003  -1.581491e+003  -1.532491e+003  -1.464776e+003  -1.360230e+003  -1.218441e+003  -1.028533e+003  -7.849954e+002  -3.461326e+002  3.461324e+002  7.849952e+002  1.028533e+003  1.218441e+003  1.360230e+003  1.464776e+003  1.532491e+003  1.581491e+003  1.581235e+003  2.450111e+003  2.925559e+003  -0.000000e+000  
-1.945164e+003  -1.937728e+003  -1.492588e+003  -8.228874e+002  -7.993550e+002  -7.124283e+002  -6.066687e+002  -5.498002e+002  -4.778115e+002  -3.728198e+002  -1.680762e+002  1.680760e+002  3.728197e+002  4.778114e+002  5.498000e+002  6.066685e+002  7.124282e+002  7.993549e+002  8.228873e+002  1.492588e+003  1.937728e+003  1.945165e+003  -0.000000e+000  
-9.725317e+002  -9.725927e+002  -9.802739e+002  -9.651233e+002  -3.511625e+002  -3.540314e+001  3.424649e+002  5.836741e+001  -5.909653e+001  -8.665568e+001  -5.317834e+001  5.317827e+001  8.665561e+001  5.909646e+001  -5.836749e+001  -3.424650e+002  3.540306e+001  3.511625e+002  9.651233e+002  9.802739e+002  9.725928e+002  9.725318e+002  -0.000000e+000  
-0.000000e+000  -0.000000e+000  -0.000000e+000  -0.000000e+000  -0.000000e+000  -0.000000e+000  -0.000000e+000  -0.000000e+000  -0.000000e+000  -0.000000e+000  -0.000000e+000  -0.000000e+000  -0.000000e+000  -0.000000e+000  -0.000000e+000  -0.000000e+000  -0.000000e+000  -0.000000e+000  -0.000000e+000  -0.000000e+000  -0.000000e+000  -0.000000e+000  -0.000000e+000  

-0.000000e+000  -9.725392e+002  -1.945137e+003  -2.925567e+003  -3.890946e+003  -4.066694e+003  -4.084605e+003  -3.913641e+003  -3.884650e+003  -3.914335e+003  -3.957754e+003  -4.011000e+003  -3.957757e+003  -3.914340e+003  -3.884658e+003  -3.913653e+003  -4.084621e+003  -4.066714e+003  -3.890970e+003  -2.925596e+003  -1.945161e+003  -9.725348e+002  -0.000000e+000  
-0.000000e+000  -9.726430e+002  -1.937628e+003  -2.450144e+003  -2.308131e+003  -2.532349e+003  -2.870994e+003  -3.345699e+003  -3.649900e+003  -3.859348e+003  -4.002493e+003  -4.117439e+003  -4.002495e+003  -3.859352e+003  -3.649905e+003  -3.345707e+003  -2.871003e+003  -2.532361e+003  -2.308148e+003  -2.450177e+003  -1.937677e+003  -9.726054e+002  -0.000000e+000  
-0.000000e+000  -9.805665e+002  -1.492755e+003  -1.581304e+003  -2.339998e+003  -2.706632e+003  -3.082879e+003  -3.459732e+003  -3.794115e+003  -4.069523e+003  -4.275641e+003  -4.453717e+003  -4.275642e+003  -4.069525e+003  -3.794118e+003  -3.459735e+003  -3.082884e+003  -2.706639e+003  -2.340010e+003  -1.581338e+003  -1.492891e+003  -9.803723e+002  -0.000000e+000  
-0.000000e+000  -9.649615e+002  -8.229777e+002  -1.581545e+003  -2.405737e+003  -2.842428e+003  -3.292300e+003  -3.743601e+003  -4.174186e+003  -4.556805e+003  -4.860950e+003  -5.146090e+003  -4.860949e+003  -4.556804e+003  -4.174184e+003  -3.743599e+003  -3.292296e+003  -2.842422e+003  -2.405727e+003  -1.581511e+003  -8.228432e+002  -9.651744e+002  -0.000000e+000  
-0.000000e+000  -3.511937e+002  -7.993764e+002  -1.532493e+003  -2.405830e+003  -2.904705e+003  -3.445046e+003  -4.018620e+003  -4.603094e+003  -5.157650e+003  -5.623033e+003  -6.093034e+003  -5.623031e+003  -5.157647e+003  -4.603090e+003  -4.018615e+003  -3.445039e+003  -2.904696e+003  -2.405816e+003  -1.532465e+003  -7.993237e+002  -3.512406e+002  -0.000000e+000  
-0.000000e+000  -3.552172e+001  -7.124062e+002  -1.464732e+003  -2.364412e+003  -2.904749e+003  -3.513633e+003  -4.191052e+003  -4.918937e+003  -5.647371e+003  -6.284660e+003  -6.959311e+003  -6.284656e+003  -5.647367e+003  -4.918932e+003  -4.191046e+003  -3.513626e+003  -2.904739e+003  -2.364399e+003  -1.464709e+003  -7.123771e+002  -3.553624e+001  -0.000000e+000  
-0.000000e+000  3.427183e+002  -6.065733e+002  -1.360128e+003  -2.262656e+003  -2.836236e+003  -3.513676e+003  -4.313004e+003  -5.234217e+003  -6.228219e+003  -7.146242e+003  -8.162893e+003  -7.146237e+003  -6.228213e+003  -5.234210e+003  -4.312997e+003  -3.513668e+003  -2.836226e+003  -2.262644e+003  -1.360110e+003  -6.065553e+002  3.427161e+002  -0.000000e+000  
-0.000000e+000  5.852555e+001  -5.496729e+002  -1.218276e+003  -2.079349e+003  -2.663854e+003  -3.391819e+003  -4.313058e+003  -5.476690e+003  -6.885026e+003  -8.280933e+003  -9.874776e+003  -8.280926e+003  -6.885019e+003  -5.476683e+003  -4.313051e+003  -3.391811e+003  -2.663845e+003  -2.079339e+003  -1.218263e+003  -5.496608e+002  5.852681e+001  -0.000000e+000  
-0.000000e+000  -5.898643e+001  -4.776697e+002  -1.028302e+003  -1.793390e+003  -2.348005e+003  -3.076677e+003  -4.070705e+003  -5.474444e+003  -7.125595e+003  -0.000000e+000  -0.000000e+000  -0.000000e+000  -7.125586e+003  -5.474436e+003  -4.070698e+003  -3.076670e+003  -2.347997e+003  -1.793382e+003  -1.028292e+003  -4.776610e+002  -5.898407e+001  -0.000000e+000  
-0.000000e+000  -8.657400e+001  -3.726777e+002  -7.847117e+002  -1.392713e+003  -1.858090e+003  -2.496169e+003  -3.418628e+003  -5.354576e+003  -0.000000e+000  -0.000000e+000  -0.000000e+000  -0.000000e+000  -0.000000e+000  -5.354569e+003  -3.418623e+003  -2.496163e+003  -1.858084e+003  -1.392706e+003  -7.847039e+002  -3.726712e+002  -8.657154e+001  -0.000000e+000  
-0.000000e+000  -5.313132e+001  -1.679640e+002  -3.458345e+002  -6.303129e+002  -8.641563e+002  -1.198825e+003  -1.700526e+003  -0.000000e+000  -0.000000e+000  -0.000000e+000  -0.000000e+000  -0.000000e+000  -0.000000e+000  -0.000000e+000  -1.700524e+003  -1.198822e+003  -8.641524e+002  -6.303083e+002  -3.458294e+002  -1.679598e+002  -5.312930e+001  -0.000000e+000  
-0.000000e+000  5.316097e+001  1.680274e+002  3.459473e+002  6.305062e+002  8.644013e+002  1.199108e+003  1.700751e+003  -0.000000e+000  -0.000000e+000  -0.000000e+000  -0.000000e+000  -0.000000e+000  -0.000000e+000  -0.000000e+000  1.700751e+003  1.199109e+003  8.644031e+002  6.305086e+002  3.459502e+002  1.680298e+002  5.316228e+001  -0.000000e+000  
-0.000000e+000  8.660063e+001  3.727291e+002  7.848012e+002  1.392883e+003  1.858376e+003  2.496740e+003  3.420071e+003  5.392638e+003  -0.000000e+000  -0.000000e+000  -0.000000e+000  -0.000000e+000  -0.000000e+000  5.392637e+003  3.420070e+003  2.496740e+003  1.858377e+003  1.392885e+003  7.848031e+002  3.727308e+002  8.660154e+001  -0.000000e+000  
-0.000000e+000  5.901149e+001  4.777100e+002  1.028366e+003  1.793496e+003  2.348147e+003  3.076853e+003  4.070783e+003  5.473485e+003  7.179210e+003  -0.000000e+000  -0.000000e+000  -0.000000e+000  7.179209e+003  5.473484e+003  4.070782e+003  3.076854e+003  2.348148e+003  1.793497e+003  1.028367e+003  4.777112e+002  5.901217e+001  -0.000000e+000  
-0.000000e+000  -5.849957e+001  5.497000e+002  1.218308e+003  2.079380e+003  2.663857e+003  3.391733e+003  4.312709e+003  5.475657e+003  6.882821e+003  8.281998e+003  9.875362e+003  8.281998e+003  6.882820e+003  5.475657e+003  4.312709e+003  3.391733e+003  2.663858e+003  2.079381e+003  1.218309e+003  5.497009e+002  -5.849909e+001  -0.000000e+000  
-0.000000e+000  -3.426852e+002  6.065863e+002  1.360130e+003  2.262629e+003  2.836160e+003  3.513502e+003  4.312650e+003  5.233598e+003  6.227491e+003  7.146474e+003  8.163237e+003  7.146474e+003  6.227491e+003  5.233598e+003  4.312650e+003  3.513503e+003  2.836161e+003  2.262630e+003  1.360131e+003  6.065870e+002  -3.426850e+002  -0.000000e+000  
-0.000000e+000  3.555826e+001  7.124025e+002  1.464709e+003  2.364351e+003  2.904642e+003  3.513455e+003  4.190777e+003  4.918576e+003  5.647052e+003  6.284662e+003  6.959467e+003  6.284662e+003  5.647052e+003  4.918576e+003  4.190777e+003  3.513456e+003  2.904643e+003  2.364352e+003  1.464710e+003  7.124031e+002  3.555854e+001  -0.000000e+000  
-0.000000e+000  3.512535e+002  7.993509e+002  1.532451e+003  2.405752e+003  2.904594e+003  3.444889e+003  4.018413e+003  4.602862e+003  5.157460e+003  5.622970e+003  6.093077e+003  5.622970e+003  5.157460e+003  4.602862e+003  4.018414e+003  3.444889e+003  2.904594e+003  2.405753e+003  1.532451e+003  7.993513e+002  3.512537e+002  -0.000000e+000  
-0.000000e+000  9.651604e+002  8.228938e+002  1.581479e+003  2.405653e+003  2.842326e+003  3.292178e+003  3.743464e+003  4.174045e+003  4.556683e+003  4.860861e+003  5.146045e+003  4.860861e+003  4.556683e+003  4.174045e+003  3.743464e+003  3.292178e+003  2.842326e+003  2.405653e+003  1.581479e+003  8.228941e+002  9.651607e+002  -0.000000e+000  
-0.000000e+000  9.802866e+002  1.492595e+003  1.581242e+003  2.339927e+003  2.706551e+003  3.082788e+003  3.459633e+003  3.794014e+003  4.069425e+003  4.275551e+003  4.453639e+003  4.275551e+003  4.069425e+003  3.794014e+003  3.459634e+003  3.082788e+003  2.706551e+003  2.339927e+003  1.581242e+003  1.492596e+003  9.802868e+002  -0.000000e+000  
-0.000000e+000  9.725970e+002  1.937732e+003  2.450121e+003  2.308086e+003  2.532292e+003  2.870926e+003  3.345619e+003  3.649814e+003  3.859260e+003  4.002405e+003  4.117353e+003  4.002405e+003  3.859260e+003  3.649814e+003  3.345619e+003  2.870926e+003  2.532292e+003  2.308086e+003  2.450121e+003  1.937732e+003  9.725971e+002  -0.000000e+000  
-0.000000e+000  9.725316e+002  1.945160e+003  2.925541e+003  3.890876e+003  4.066613e+003  4.084519e+003  3.913555e+003  3.884564e+003  3.914247e+003  3.957666e+003  4.010912e+003  3.957666e+003  3.914248e+003  3.884564e+003  3.913555e+003  4.084519e+003  4.066613e+003  3.890876e+003  2.925541e+003  1.945160e+003  9.725317e+002  -0.000000e+000  
-0.000000e+000  -0.000000e+000  -0.000000e+000  -0.000000e+000  -0.000000e+000  -0.000000e+000  -0.000000e+000  -0.000000e+000  -0.000000e+000  -0.000000e+000  -0.000000e+000  -0.000000e+000  -0.000000e+000  -0.000000e+000  -0.000000e+000  -0.000000e+000  -0.000000e+000  -0.000000e+000  -0.000000e+000  -0.000000e+000  -0.000000e+000  -0.000000e+000  -0.000000e+000  

0.000000e+000  0.000000e+000  0.000000e+000  0.000000e+000  0.000000e+000  0.000000e+000  0.000000e+000  0.000000e+000  0.000000e+000  0.000000e+000  0.000000e+000  0.000000e+000  0.000000e+000  0.000000e+000  0.000000e+000  0.000000e+000  0.000000e+000  0.000000e+000  0.000000e+000  0.000000e+000  0.000000e+000  0.000000e+000  0.000000e+000  
0.000000e+000  0.000000e+000  0.000000e+000  0.000000e+000  0.000000e+000  0.000000e+000  0.000000e+000  0.000000e+000  0.000000e+000  0.000000e+000  0.000000e+000  0.000000e+000  0.000000e+000  0.000000e+000  0.000000e+000  0.000000e+000  0.000000e+000  0.000000e+000  0.000000e+000  0.000000e+000  0.000000e+000  0.000000e+000  0.000000e+000  
0.000000e+000  0.000000e+000  0.000000e+000  0.000000e+000  0.000000e+000  0.000000e+000  0.000000e+000  0.000000e+000  0.000000e+000  0.000000e+000  0.000000e+000  0.000000e+000  0.000000e+000  0.000000e+000  0.000000e+000  0.000000e+000  0.000000e+000  0.000000e+000  0.000000e+000  0.000000e+000  0.000000e+000  0.000000e+000  0.000000e+000  
0.000000e+000  0.000000e+000  0.000000e+000  0.000000e+000  0.000000e+000  0.000000e+000  0.000000e+000  0.000000e+000  0.000000e+000  0.000000e+000  0.000000e+000  0.000000e+000  0.000000e+000  0.000000e+000  0.000000e+000  0.000000e+000  0.000000e+000  0.000000e+000  0.000000e+000  0.000000e+000  0.000000e+000  0.000000e+000  0.000000e+000  
0.000000e+000  0.000000e+000  0.000000e+000  0.000000e+000  0.000000e+000  0.000000e+000  0.000000e+000  0.000000e+000  0.000000e+000  0.000000e+000  0.000000e+000  0.000000e+000  0.000000e+000  0.000000e+000  0.000000e+000  0.000000e+000  0.000000e+000  0.000000e+000  0.000000e+000  0.000000e+000  0.000000e+000  0.000000e+000  0.000000e+000  
0.000000e+000  0.000000e+000  0.000000e+000  0.000000e+000  0.000000e+000  0.000000e+000  0.000000e+000  0.000000e+000  0.000000e+000  0.000000e+000  0.000000e+000  0.000000e+000  0.000000e+000  0.000000e+000  0.000000e+000  0.000000e+000  0.000000e+000  0.000000e+000  0.000000e+000  0.000000e+000  0.000000e+000  0.000000e+000  0.000000e+000  
0.000000e+000  0.000000e+000  0.000000e+000  0.000000e+000  0.000000e+000  0.000000e+000  0.000000e+000  0.000000e+000  0.000000e+000  0.000000e+000  0.000000e+000  0.000000e+000  0.000000e+000  0.000000e+000  0.000000e+000  0.000000e+000  0.000000e+000  0.000000e+000  0.000000e+000  0.000000e+000  0.000000e+000  0.000000e+000  0.000000e+000  
0.000000e+000  0.000000e+000  0.000000e+000  0.000000e+000  0.000000e+000  0.000000e+000  0.000000e+000  0.000000e+000  0.000000e+000  0.000000e+000  0.000000e+000  0.000000e+000  0.000000e+000  0.000000e+000  0.000000e+000  0.000000e+000  0.000000e+000  0.000000e+000  0.000000e+000  0.000000e+000  0.000000e+000  0.000000e+000  0.000000e+000  
0.000000e+000  0.000000e+000  0.000000e+000  0.000000e+000  0.000000e+000  0.000000e+000  0.000000e+000  0.000000e+000  0.000000e+000  0.000000e+000  0.000000e+000  0.000000e+000  0.000000e+000  0.000000e+000  0.000000e+000  0.000000e+000  0.000000e+000  0.000000e+000  0.000000e+000  0.000000e+000  0.000000e+000  0.000000e+000  0.000000e+000  
0.000000e+000  0.000000e+000  0.000000e+000  0.000000e+000  0.000000e+000  0.000000e+000  0.000000e+000  0.000000e+000  0.000000e+000  0.000000e+000  0.000000e+000  0.000000e+000  0.000000e+000  0.000000e+000  0.000000e+000  0.000000e+000  0.000000e+000  0.000000e+000  0.000000e+000  0.000000e+000  0.000000e+000  0.000000e+000  0.000000e+000  
0.000000e+000  0.000000e+000  0.000000e+000  0.000000e+000  0.000000e+000  0.000000e+000  0.000000e+000  0.000000e+000  0.000000e+000  0.000000e+000  0.000000e+000  0.000000e+000  0.000000e+000  0.000000e+000  0.000000e+000  0.000000e+000  0.000000e+000  0.000000e+000  0.000000e+000  0.000000e+000  0.000000e+000  0.000000e+000  0.000000e+000  
0.000000e+000  0.000000e+000  0.000000e+000  0.000000e+000  0.000000e+000  0.000000e+000  0.000000e+000  0.000000e+000  0.000000e+000  0.000000e+000  0.000000e+000  0.000000e+000  0.000000e+000  0.000000e+000  0.000000e+000  0.000000e+000  0.000000e+000  0.000000e+000  0.000000e+000  0.000000e+000  0.000000e+000  0.000000e+000  0.000000e+000  
0.000000e+000  0.000000e+000  0.000000e+000  0.000000e+000  0.000000e+000  0.000000e+000  0.000000e+000  0.000000e+000  0.000000e+000  0.000000e+000  0.000000e+000  0.000000e+000  0.000000e+000  0.000000e+000  0.000000e+000  0.000000e+000  0.000000e+000  0.000000e+000  0.000000e+000  0.000000e+000  0.000000e+000  0.000000e+000  0.000000e+000  
0.000000e+000  0.000000e+000  0.000000e+000  0.000000e+000  0.000000e+000  0.000000e+000  0.000000e+000  0.000000e+000  0.000000e+000  0.000000e+000  0.000000e+000  0.000000e+000  0.000000e+000  0.000000e+000  0.000000e+000  0.000000e+000  0.000000e+000  0.000000e+000  0.000000e+000  0.000000e+000  0.000000e+000  0.000000e+000  0.000000e+000  
0.000000e+000  0.000000e+000  0.000000e+000  0.000000e+000  0.000000e+000  0.000000e+000  0.000000e+000  0.000000e+000  0.000000e+000  0.000000e+000  0.000000e+000  0.000000e+000  0.000000e+000  0.000000e+000  0.000000e+000  0.000000e+000  0.000000e+000  0.000000e+000  0.000000e+000  0.000000e+000  0.000000e+000  0.000000e+000  0.000000e+000  
0.000000e+000  0.000000e+000  0.000000e+000  0.000000e+000  0.000000e+000  0.000000e+000  0.000000e+000  0.000000e+000  0.000000e+000  0.000000e+000  0.000000e+000  0.000000e+000  0.000000e+000  0.000000e+000  0.000000e+000  0.000000e+000  0.000000e+000  0.000000e+000  0.000000e+000  0.000000e+000  0.000000e+000  0.000000e+000  0.000000e+000  
0.000000e+000  0.000000e+000  0.000000e+000  0.000000e+000  0.000000e+000  0.000000e+000  0.000000e+000  0.000000e+000  0.000000e+000  0.000000e+000  0.000000e+000  0.000000e+000  0.000000e+000  0.000000e+000  0.000000e+000  0.000000e+000  0.000000e+000  0.000000e+000  0.000000e+000  0.000000e+000  0.000000e+000  0.000000e+000  0.000000e+000  
0.000000e+000  0.000000e+000  0.000000e+000  0.000000e+000  0.000000e+000  0.000000e+000  0.000000e+000  0.000000e+000  0.000000e+000  0.000000e+000  0.000000e+000  0.000000e+000  0.000000e+000  0.000000e+000  0.000000e+000  0.000000e+000  0.000000e+000  0.000000e+000  0.000000e+000  0.000000e+000  0.000000e+000  0.000000e+000  0.000000e+000  
0.000000e+000  0.000000e+000  0.000000e+000  0.000000e+000  0.000000e+000  0.000000e+000  0.000000e+000  0.000000e+000  0.000000e+000  0.000000e+000  0.000000e+000  0.000000e+000  0.000000e+000  0.000000e+000  0.000000e+000  0.000000e+000  0.000000e+000  0.000000e+000  0.000000e+000  0.000000e+000  0.000000e+000  0.000000e+000  0.000000e+000  
0.000000e+000  0.000000e+000  0.000000e+000  0.000000e+000  0.000000e+000  0.000000e+000  0.000000e+000  0.000000e+000  0.000000e+000  0.000000e+000  0.000000e+000  0.000000e+000  0.000000e+000  0.000000e+000  0.000000e+000  0.000000e+000  0.000000e+000  0.000000e+000  0.000000e+000  0.000000e+000  0.000000e+000  0.000000e+000  0.000000e+000  
0.000000e+000  0.000000e+000  0.000000e+000  0.000000e+000  0.000000e+000  0.000000e+000  0.000000e+000  0.000000e+000  0.000000e+000  0.000000e+000  0.000000e+000  0.000000e+000  0.000000e+000  0.000000e+000  0.000000e+000  0.000000e+000  0.000000e+000  0.000000e+000  0.000000e+000  0.000000e+000  0.000000e+000  0.000000e+000  0.000000e+000  
0.000000e+000  0.000000e+000  0.000000e+000  0.000000e+000  0.000000e+000  0.000000e+000  0.000000e+000  0.000000e+000  0.000000e+000  0.000000e+000  0.000000e+000  0.000000e+000  0.000000e+000  0.000000e+000  0.000000e+000  0.000000e+000  0.000000e+000  0.000000e+000  0.000000e+000  0.000000e+000  0.000000e+000  0.000000e+000  0.000000e+000  
0.000000e+000  0.000000e+000  0.000000e+000  0.000000e+000  0.000000e+000  0.000000e+000  0.000000e+000  0.000000e+000  0.000000e+000  0.000000e+000  0.000000e+000  0.000000e+000  0.000000e+000  0.000000e+000  0.000000e+000  0.000000e+000  0.000000e+000  0.000000e+000  0.000000e+000  0.000000e+000  0.000000e+000  0.000000e+000  0.000000e+000  

0.000000e+000  0.000000e+000  0.000000e+000  0.000000e+000  0.000000e+000  0.000000e+000  0.000000e+000  0.000000e+000  0.000000e+000  0.000000e+000  0.000000e+000  0.000000e+000  0.000000e+000  0.000000e+000  0.000000e+000  0.000000e+000  0.000000e+000  0.000000e+000  0.000000e+000  0.000000e+000  0.000000e+000  0.000000e+000  0.000000e+000  
0.000000e+000  0.000000e+000  0.000000e+000  0.000000e+000  0.000000e+000  0.000000e+000  0.000000e+000  0.000000e+000  0.000000e+000  0.000000e+000  0.000000e+000  0.000000e+000  0.000000e+000  0.000000e+000  0.000000e+000  0.000000e+000  0.000000e+000  0.000000e+000  0.000000e+000  0.000000e+000  0.000000e+000  0.000000e+000  0.000000e+000  
0.000000e+000  0.000000e+000  0.000000e+000  0.000000e+000  0.000000e+000  0.000000e+000  0.000000e+000  0.000000e+000  0.000000e+000  0.000000e+000  0.000000e+000  0.000000e+000  0.000000e+000  0.000000e+000  0.000000e+000  0.000000e+000  0.000000e+000  0.000000e+000  0.000000e+000  0.000000e+000  0.000000e+000  0.000000e+000  0.000000e+000  
0.000000e+000  0.000000e+000  0.000000e+000  0.000000e+000  0.000000e+000  0.000000e+000  0.000000e+000  0.000000e+000  0.000000e+000  0.000000e+000  0.000000e+000  0.000000e+000  0.000000e+000  0.000000e+000  0.000000e+000  0.000000e+000  0.000000e+000  0.000000e+000  0.000000e+000  0.000000e+000  0.000000e+000  0.000000e+000  0.000000e+000  
0.000000e+000  0.000000e+000  0.000000e+000  0.000000e+000  0.000000e+000  0.000000e+000  0.000000e+000  0.000000e+000  0.000000e+000  0.000000e+000  0.000000e+000  0.000000e+000  0.000000e+000  0.000000e+000  0.000000e+000  0.000000e+000  0.000000e+000  0.000000e+000  0.000000e+000  0.000000e+000  0.000000e+000  0.000000e+000  0.000000e+000  
0.000000e+000  0.000000e+000  0.000000e+000  0.000000e+000  0.000000e+000  0.000000e+000  0.000000e+000  0.000000e+000  0.000000e+000  0.000000e+000  0.000000e+000  0.000000e+000  0.000000e+000  0.000000e+000  0.000000e+000  0.000000e+000  0.000000e+000  0.000000e+000  0.000000e+000  0.000000e+000  0.000000e+000  0.000000e+000  0.000000e+000  
0.000000e+000  0.000000e+000  0.000000e+000  0.000000e+000  0.000000e+000  0.000000e+000  0.000000e+000  0.000000e+000  0.000000e+000  0.000000e+000  0.000000e+000  0.000000e+000  0.000000e+000  0.000000e+000  0.000000e+000  0.000000e+000  0.000000e+000  0.000000e+000  0.000000e+000  0.000000e+000  0.000000e+000  0.000000e+000  0.000000e+000  
0.000000e+000  0.000000e+000  0.000000e+000  0.000000e+000  0.000000e+000  0.000000e+000  0.000000e+000  0.000000e+000  0.000000e+000  0.000000e+000  0.000000e+000  0.000000e+000  0.000000e+000  0.000000e+000  0.000000e+000  0.000000e+000  0.000000e+000  0.000000e+000  0.000000e+000  0.000000e+000  0.000000e+000  0.000000e+000  0.000000e+000  
0.000000e+000  0.000000e+000  0.000000e+000  0.000000e+000  0.000000e+000  0.000000e+000  0.000000e+000  0.000000e+000  0.000000e+000  0.000000e+000  0.000000e+000  0.000000e+000  0.000000e+000  0.000000e+000  0.000000e+000  0.000000e+000  0.000000e+000  0.000000e+000  0.000000e+000  0.000000e+000  0.000000e+000  0.000000e+000  0.000000e+000  
0.000000e+000  0.000000e+000  0.000000e+000  0.000000e+000  0.000000e+000  0.000000e+000  0.000000e+000  0.000000e+000  0.000000e+000  0.000000e+000  0.000000e+000  0.000000e+000  0.000000e+000  0.000000e+000  0.000000e+000  0.000000e+000  0.000000e+000  0.000000e+000  0.000000e+000  0.000000e+000  0.000000e+000  0.000000e+000  0.000000e+000  
0.000000e+000  0.000000e+000  0.000000e+000  0.000000e+000  0.000000e+000  0.000000e+000  0.000000e+000  0.000000e+000  0.000000e+000  0.000000e+000  0.000000e+000  0.000000e+000  0.000000e+000  0.000000e+000  0.000000e+000  0.000000e+000  0.000000e+000  0.000000e+000  0.000000e+000  0.000000e+000  0.000000e+000  0.000000e+000  0.000000e+000  
0.000000e+000  0.000000e+000  0.000000e+000  0.000000e+000  0.000000e+000  0.000000e+000  0.000000e+000  0.000000e+000  0.000000e+000  0.000000e+000  0.000000e+000  0.000000e+000  0.000000e+000  0.000000e+000  0.000000e+000  0.000000e+000  0.000000e+000  0.000000e+000  0.000000e+000  0.000000e+000  0.000000e+000  0.000000e+000  0.000000e+000  
0.000000e+000  0.000000e+000  0.000000e+000  0.000000e+000  0.000000e+000  0.000000e+000  0.000000e+000  0.000000e+000  0.000000e+000  0.000000e+000  0.000000e+000  0.000000e+000  0.000000e+000  0.000000e+000  0.000000e+000  0.000000e+000  0.000000e+000  0.000000e+000  0.000000e+000  0.000000e+000  0.000000e+000  0.000000e+000  0.000000e+000  
0.000000e+000  0.000000e+000  0.000000e+000  0.000000e+000  0.000000e+000  0.000000e+000  0.000000e+000  0.000000e+000  0.000000e+000  0.000000e+000  0.000000e+000  0.000000e+000  0.000000e+000  0.000000e+000  0.000000e+000  0.000000e+000  0.000000e+000  0.000000e+000  0.000000e+000  0.000000e+000  0.000000e+000  0.000000e+000  0.000000e+000  
0.000000e+000  0.000000e+000  0.000000e+000  0.000000e+000  0.000000e+000  0.000000e+000  0.000000e+000  0.000000e+000  0.000000e+000  0.000000e+000  0.000000e+000  0.000000e+000  0.000000e+000  0.000000e+000  0.000000e+000  0.000000e+000  0.000000e+000  0.000000e+000  0.000000e+000  0.000000e+000  0.000000e+000  0.000000e+000  0.000000e+000  
0.000000e+000  0.000000e+000  0.000000e+000  0.000000e+000  0.000000e+000  0.000000e+000  0.000000e+000  0.000000e+000  0.000000e+000  0.000000e+000  0.000000e+000  0.000000e+000  0.000000e+000  0.000000e+000  0.000000e+000  0.000000e+000  0.000000e+000  0.000000e+000  0.000000e+000  0.000000e+000  0.000000e+000  0.000000e+000  0.000000e+000  
0.000000e+000  0.000000e+000  0.000000e+000  0.000000e+000  0.000000e+000  0.000000e+000  0.000000e+000  0.000000e+000  0.000000e+000  0.000000e+000  0.000000e+000  0.000000e+000  0.000000e+000  0.000000e+000  0.000000e+000  0.000000e+000  0.000000e+000  0.000000e+000  0.000000e+000  0.000000e+000  0.000000e+000  0.000000e+000  0.000000e+000  
0.000000e+000  0.000000e+000  0.000000e+000  0.000000e+000  0.000000e+000  0.000000e+000  0.000000e+000  0.000000e+000  0.000000e+000  0.000000e+000  0.000000e+000  0.000000e+000  0.000000e+000  0.000000e+000  0.000000e+000  0.000000e+000  0.000000e+000  0.000000e+000  0.000000e+000  0.000000e+000  0.000000e+000  0.000000e+000  0.000000e+000  
0.000000e+000  0.000000e+000  0.000000e+000  0.000000e+000  0.000000e+000  0.000000e+000  0.000000e+000  0.000000e+000  0.000000e+000  0.000000e+000  0.000000e+000  0.000000e+000  0.000000e+000  0.000000e+000  0.000000e+000  0.000000e+000  0.000000e+000  0.000000e+000  0.000000e+000  0.000000e+000  0.000000e+000  0.000000e+000  0.000000e+000  
0.000000e+000  0.000000e+000  0.000000e+000  0.000000e+000  0.000000e+000  0.000000e+000  0.000000e+000  0.000000e+000  0.000000e+000  0.000000e+000  0.000000e+000  0.000000e+000  0.000000e+000  0.000000e+000  0.000000e+000  0.000000e+000  0.000000e+000  0.000000e+000  0.000000e+000  0.000000e+000  0.000000e+000  0.000000e+000  0.000000e+000  
0.000000e+000  0.000000e+000  0.000000e+000  0.000000e+000  0.000000e+000  0.000000e+000  0.000000e+000  0.000000e+000  0.000000e+000  0.000000e+000  0.000000e+000  0.000000e+000  0.000000e+000  0.000000e+000  0.000000e+000  0.000000e+000  0.000000e+000  0.000000e+000  0.000000e+000  0.000000e+000  0.000000e+000  0.000000e+000  0.000000e+000  
0.000000e+000  0.000000e+000  0.000000e+000  0.000000e+000  0.000000e+000  0.000000e+000  0.000000e+000  0.000000e+000  0.000000e+000  0.000000e+000  0.000000e+000  0.000000e+000  0.000000e+000  0.000000e+000  0.000000e+000  0.000000e+000  0.000000e+000  0.000000e+000  0.000000e+000  0.000000e+000  0.000000e+000  0.000000e+000  0.000000e+000  
0.000000e+000  0.000000e+000  0.000000e+000  0.000000e+000  0.000000e+000  0.000000e+000  0.000000e+000  0.000000e+000  0.000000e+000  0.000000e+000  0.000000e+000  0.000000e+000  0.000000e+000  0.000000e+000  0.000000e+000  0.000000e+000  0.000000e+000  0.000000e+000  0.000000e+000  0.000000e+000  0.000000e+000  0.000000e+000  0.000000e+000  

0.000000e+000  0.000000e+000  0.000000e+000  0.000000e+000  0.000000e+000  0.000000e+000  0.000000e+000  0.000000e+000  0.000000e+000  0.000000e+000  0.000000e+000  0.000000e+000  0.000000e+000  0.000000e+000  0.000000e+000  0.000000e+000  0.000000e+000  0.000000e+000  0.000000e+000  0.000000e+000  0.000000e+000  0.000000e+000  0.000000e+000  
0.000000e+000  0.000000e+000  0.000000e+000  0.000000e+000  0.000000e+000  0.000000e+000  0.000000e+000  0.000000e+000  0.000000e+000  0.000000e+000  0.000000e+000  0.000000e+000  0.000000e+000  0.000000e+000  0.000000e+000  0.000000e+000  0.000000e+000  0.000000e+000  0.000000e+000  0.000000e+000  0.000000e+000  0.000000e+000  0.000000e+000  
0.000000e+000  0.000000e+000  0.000000e+000  0.000000e+000  0.000000e+000  0.000000e+000  0.000000e+000  0.000000e+000  0.000000e+000  0.000000e+000  0.000000e+000  0.000000e+000  0.000000e+000  0.000000e+000  0.000000e+000  0.000000e+000  0.000000e+000  0.000000e+000  0.000000e+000  0.000000e+000  0.000000e+000  0.000000e+000  0.000000e+000  
0.000000e+000  0.000000e+000  0.000000e+000  0.000000e+000  0.000000e+000  0.000000e+000  0.000000e+000  0.000000e+000  0.000000e+000  0.000000e+000  0.000000e+000  0.000000e+000  0.000000e+000  0.000000e+000  0.000000e+000  0.000000e+000  0.000000e+000  0.000000e+000  0.000000e+000  0.000000e+000  0.000000e+000  0.000000e+000  0.000000e+000  
0.000000e+000  0.000000e+000  0.000000e+000  0.000000e+000  0.000000e+000  0.000000e+000  0.000000e+000  0.000000e+000  0.000000e+000  0.000000e+000  0.000000e+000  0.000000e+000  0.000000e+000  0.000000e+000  0.000000e+000  0.000000e+000  0.000000e+000  0.000000e+000  0.000000e+000  0.000000e+000  0.000000e+000  0.000000e+000  0.000000e+000  
0.000000e+000  0.000000e+000  0.000000e+000  0.000000e+000  0.000000e+000  0.000000e+000  0.000000e+000  0.000000e+000  0.000000e+000  0.000000e+000  0.000000e+000  0.000000e+000  0.000000e+000  0.000000e+000  0.000000e+000  0.000000e+000  0.000000e+000  0.000000e+000  0.000000e+000  0.000000e+000  0.000000e+000  0.000000e+000  0.000000e+000  
0.000000e+000  0.000000e+000  0.000000e+000  0.000000e+000  0.000000e+000  0.000000e+000  0.000000e+000  0.000000e+000  0.000000e+000  0.000000e+000  0.000000e+000  0.000000e+000  0.000000e+000  0.000000e+000  0.000000e+000  0.000000e+000  0.000000e+000  0.000000e+000  0.000000e+000  0.000000e+000  0.000000e+000  0.000000e+000  0.000000e+000  
0.000000e+000  0.000000e+000  0.000000e+000  0.000000e+000  0.000000e+000  0.000000e+000  0.000000e+000  0.000000e+000  0.000000e+000  0.000000e+000  0.000000e+000  0.000000e+000  0.000000e+000  0.000000e+000  0.000000e+000  0.000000e+000  0.000000e+000  0.000000e+000  0.000000e+000  0.000000e+000  0.000000e+000  0.000000e+000  0.000000e+000  
0.000000e+000  0.000000e+000  0.000000e+000  0.000000e+000  0.000000e+000  0.000000e+000  0.000000e+000  0.000000e+000  0.000000e+000  0.000000e+000  0.000000e+000  0.000000e+000  0.000000e+000  0.000000e+000  0.000000e+000  0.000000e+000  0.000000e+000  0.000000e+000  0.000000e+000  0.000000e+000  0.000000e+000  0.000000e+000  0.000000e+000  
0.000000e+000  0.000000e+000  0.000000e+000  0.000000e+000  0.000000e+000  0.000000e+000  0.000000e+000  0.000000e+000  0.000000e+000  0.000000e+000  0.000000e+000  0.000000e+000  0.000000e+000  0.000000e+000  0.000000e+000  0.000000e+000  0.000000e+000  0.000000e+000  0.000000e+000  0.000000e+000  0.000000e+000  0.000000e+000  0.000000e+000  
0.000000e+000  0.000000e+000  0.000000e+000  0.000000e+000  0.000000e+000  0.000000e+000  0.000000e+000  0.000000e+000  0.000000e+000  0.000000e+000  0.000000e+000  0.000000e+000  0.000000e+000  0.000000e+000  0.000000e+000  0.000000e+000  0.000000e+000  0.000000e+000  0.000000e+000  0.000000e+000  0.000000e+000  0.000000e+000  0.000000e+000  
0.000000e+000  0.000000e+000  0.000000e+000  0.000000e+000  0.000000e+000  0.000000e+000  0.000000e+000  0.000000e+000  0.000000e+000  0.000000e+000  0.000000e+000  0.000000e+000  0.000000e+000  0.000000e+000  0.000000e+000  0.000000e+000  0.000000e+000  0.000000e+000  0.000000e+000  0.000000e+000  0.000000e+000  0.000000e+000  0.000000e+000  
0.000000e+000  0.000000e+000  0.000000e+000  0.000000e+000  0.000000e+000  0.000000e+000  0.000000e+000  0.000000e+000  0.000000e+000  0.000000e+000  0.000000e+000  0.000000e+000  0.000000e+000  0.000000e+000  0.000000e+000  0.000000e+000  0.000000e+000  0.000000e+000  0.000000e+000  0.000000e+000  0.000000e+000  0.000000e+000  0.000000e+000  
0.000000e+000  0.000000e+000  0.000000e+000  0.000000e+000  0.000000e+000  0.000000e+000  0.000000e+000  0.000000e+000  0.000000e+000  0.000000e+000  0.000000e+000  0.000000e+000  0.000000e+000  0.000000e+000  0.000000e+000  0.000000e+000  0.000000e+000  0.000000e+000  0.000000e+000  0.000000e+000  0.000000e+000  0.000000e+000  0.000000e+000  
0.000000e+000  0.000000e+000  0.000000e+000  0.000000e+000  0.000000e+000  0.000000e+000  0.000000e+000  0.000000e+000  0.000000e+000  0.000000e+000  0.000000e+000  0.000000e+000  0.000000e+000  0.000000e+000  0.000000e+000  0.000000e+000  0.000000e+000  0.000000e+000  0.000000e+000  0.000000e+000  0.000000e+000  0.000000e+000  0.000000e+000  
0.000000e+000  0.000000e+000  0.000000e+000  0.000000e+000  0.000000e+000  0.000000e+000  0.000000e+000  0.000000e+000  0.000000e+000  0.000000e+000  0.000000e+000  0.000000e+000  0.000000e+000  0.000000e+000  0.000000e+000  0.000000e+000  0.000000e+000  0.000000e+000  0.000000e+000  0.000000e+000  0.000000e+000  0.000000e+000  0.000000e+000  
0.000000e+000  0.000000e+000  0.000000e+000  0.000000e+000  0.000000e+000  0.000000e+000  0.000000e+000  0.000000e+000  0.000000e+000  0.000000e+000  0.000000e+000  0.000000e+000  0.000000e+000  0.000000e+000  0.000000e+000  0.000000e+000  0.000000e+000  0.000000e+000  0.000000e+000  0.000000e+000  0.000000e+000  0.000000e+000  0.000000e+000  
0.000000e+000  0.000000e+000  0.000000e+000  0.000000e+000  0.000000e+000  0.000000e+000  0.000000e+000  0.000000e+000  0.000000e+000  0.000000e+000  0.000000e+000  0.000000e+000  0.000000e+000  0.000000e+000  0.000000e+000  0.000000e+000  0.000000e+000  0.000000e+000  0.000000e+000  0.000000e+000  0.000000e+000  0.000000e+000  0.000000e+000  
0.000000e+000  0.000000e+000  0.000000e+000  0.000000e+000  0.000000e+000  0.000000e+000  0.000000e+000  0.000000e+000  0.000000e+000  0.000000e+000  0.000000e+000  0.000000e+000  0.000000e+000  0.000000e+000  0.000000e+000  0.000000e+000  0.000000e+000  0.000000e+000  0.000000e+000  0.000000e+000  0.000000e+000  0.000000e+000  0.000000e+000  
0.000000e+000  0.000000e+000  0.000000e+000  0.000000e+000  0.000000e+000  0.000000e+000  0.000000e+000  0.000000e+000  0.000000e+000  0.000000e+000  0.000000e+000  0.000000e+000  0.000000e+000  0.000000e+000  0.000000e+000  0.000000e+000  0.000000e+000  0.000000e+000  0.000000e+000  0.000000e+000  0.000000e+000  0.000000e+000  0.000000e+000  
0.000000e+000  0.000000e+000  0.000000e+000  0.000000e+000  0.000000e+000  0.000000e+000  0.000000e+000  0.000000e+000  0.000000e+000  0.000000e+000  0.000000e+000  0.000000e+000  0.000000e+000  0.000000e+000  0.000000e+000  0.000000e+000  0.000000e+000  0.000000e+000  0.000000e+000  0.000000e+000  0.000000e+000  0.000000e+000  0.000000e+000  
0.000000e+000  0.000000e+000  0.000000e+000  0.000000e+000  0.000000e+000  0.000000e+000  0.000000e+000  0.000000e+000  0.000000e+000  0.000000e+000  0.000000e+000  0.000000e+000  0.000000e+000  0.000000e+000  0.000000e+000  0.000000e+000  0.000000e+000  0.000000e+000  0.000000e+000  0.000000e+000  0.000000e+000  0.000000e+000  0.000000e+000  
0.000000e+000  0.000000e+000  0.000000e+000  0.000000e+000  0.000000e+000  0.000000e+000  0.000000e+000  0.000000e+000  0.000000e+000  0.000000e+000  0.000000e+000  0.000000e+000  0.000000e+000  0.000000e+000  0.000000e+000  0.000000e+000  0.000000e+000  0.000000e+000  0.000000e+000  0.000000e+000  0.000000e+000  0.000000e+000  0.000000e+000  

-0.000000e+000  -0.000000e+000  -0.000000e+000  -0.000000e+000  -0.000000e+000  -0.000000e+000  -0.000000e+000  -0.000000e+000  -0.000000e+000  -0.000000e+000  -0.000000e+000  -0.000000e+000  -0.000000e+000  -0.000000e+000  -0.000000e+000  -0.000000e+000  -0.000000e+000  -0.000000e+000  -0.000000e+000  -0.000000e+000  -0.000000e+000  -0.000000e+000  -0.000000e+000  
-0.000000e+000  6.774587e+000  1.354896e+001  2.056163e+001  2.766839e+001  2.584011e+001  2.139283e+001  1.385783e+001  9.533787e+000  6.987601e+000  5.492979e+000  4.537211e+000  5.493046e+000  6.987709e+000  9.533943e+000  1.385805e+001  2.139313e+001  2.584049e+001  2.766884e+001  2.056217e+001  1.354941e+001  6.774504e+000  -0.000000e+000  
-0.000000e+000  1.355052e+001  2.686188e+001  3.186864e+001  2.485747e+001  2.172170e+001  1.837046e+001  1.487169e+001  1.195601e+001  9.768864e+000  8.274585e+000  7.162762e+000  8.274702e+000  9.769050e+000  1.195628e+001  1.487205e+001  1.837093e+001  2.172231e+001  2.485824e+001  3.186980e+001  2.686324e+001  1.354973e+001  -0.000000e+000  
-0.000000e+000  2.056786e+001  3.186871e+001  2.646451e+001  2.106004e+001  1.846492e+001  1.593799e+001  1.355297e+001  1.146397e+001  9.778531e+000  8.553777e+000  7.564461e+000  8.553914e+000  9.778749e+000  1.146429e+001  1.355340e+001  1.593856e+001  1.846567e+001  2.106104e+001  2.646631e+001  3.187260e+001  2.056345e+001  -0.000000e+000  
-0.000000e+000  2.767105e+001  2.485849e+001  2.106030e+001  1.697676e+001  1.493510e+001  1.293767e+001  1.105002e+001  9.357569e+000  7.945317e+000  6.885943e+000  5.987295e+000  6.886066e+000  7.945515e+000  9.357854e+000  1.105040e+001  1.293817e+001  1.493574e+001  1.697755e+001  2.106146e+001  2.485987e+001  2.767061e+001  -0.000000e+000  
-0.000000e+000  2.584305e+001  2.172289e+001  1.846510e+001  1.493493e+001  1.310378e+001  1.127277e+001  9.505688e+000  7.884029e+000  6.499357e+000  5.441942e+000  4.524651e+000  5.442046e+000  6.499527e+000  7.884277e+000  9.506027e+000  1.127321e+001  1.310433e+001  1.493559e+001  1.846599e+001  2.172377e+001  2.584305e+001  -0.000000e+000  
-0.000000e+000  2.139702e+001  1.837162e+001  1.593794e+001  1.293709e+001  1.127227e+001  9.543912e+000  7.815906e+000  6.173477e+000  4.726118e+000  3.598747e+000  2.603321e+000  3.598821e+000  4.726249e+000  6.173678e+000  7.816188e+000  9.544280e+000  1.127273e+001  1.293763e+001  1.593862e+001  1.837223e+001  2.139716e+001  -0.000000e+000  
-0.000000e+000  1.385997e+001  1.487235e+001  1.355252e+001  1.104880e+001  9.504285e+000  7.814668e+000  6.040524e+000  4.267834e+000  2.632878e+000  1.335768e+000  1.842526e-001  1.335799e+000  2.632955e+000  4.267977e+000  6.040742e+000  7.814962e+000  9.504653e+000  1.104924e+001  1.355304e+001  1.487280e+001  1.386012e+001  -0.000000e+000  
-0.000000e+000  9.534760e+000  1.195610e+001  1.146303e+001  9.355594e+000  7.881364e+000  6.169925e+000  4.263671e+000  2.224443e+000  2.017816e-001  -0.000000e+000  -0.000000e+000  -0.000000e+000  2.017879e-001  2.224520e+000  4.263823e+000  6.170148e+000  7.881650e+000  9.355932e+000  1.146342e+001  1.195644e+001  9.534907e+000  -0.000000e+000  
-0.000000e+000  6.987877e+000  9.768424e+000  9.777088e+000  7.942695e+000  6.495627e+000  4.719979e+000  2.619777e+000  1.644793e-001  -0.000000e+000  -0.000000e+000  -0.000000e+000  -0.000000e+000  -0.000000e+000  1.644865e-001  2.619866e+000  4.720138e+000  6.495843e+000  7.942955e+000  9.777388e+000  9.768677e+000  6.988002e+000  -0.000000e+000  
-0.000000e+000  5.492806e+000  8.273682e+000  8.551882e+000  6.883020e+000  5.438449e+000  3.594574e+000  1.330969e+000  -0.000000e+000  -0.000000e+000  -0.000000e+000  -0.000000e+000  -0.000000e+000  -0.000000e+000  -0.000000e+000  1.331010e+000  3.594681e+000  5.438608e+000  6.883216e+000  8.552111e+000  8.273876e+000  5.492908e+000  -0.000000e+000  
-0.000000e+000  4.536560e+000  7.161129e+000  7.561690e+000  5.983885e+000  4.521959e+000  2.602920e+000  1.893692e-001  -0.000000e+000  -0.000000e+000  -0.000000e+000  -0.000000e+000  -0.000000e+000  -0.000000e+000  -0.000000e+000  1.893728e-001  2.602970e+000  4.522045e+000  5.983996e+000  7.561823e+000  7.161244e+000  4.536625e+000  -0.000000e+000  
-0.000000e+000  5.492250e+000  8.272494e+000  8.549768e+000  6.879401e+000  5.433867e+000  3.589282e+000  1.326763e+000  -0.000000e+000  -0.000000e+000  -0.000000e+000  -0.000000e+000  -0.000000e+000  -0.000000e+000  -0.000000e+000  1.326773e+000  3.589315e+000  5.433918e+000  6.879467e+000  8.549848e+000  8.272564e+000  5.492290e+000  -0.000000e+000  
-0.000000e+000  6.987071e+000  9.766752e+000  9.774133e+000  7.937477e+000  6.488371e+000  4.709351e+000  2.602097e+000  1.270141e-001  -0.000000e+000  -0.000000e+000  -0.000000e+000  -0.000000e+000  -0.000000e+000  1.270148e-001  2.602110e+000  4.709379e+000  6.488412e+000  7.937529e+000  9.774195e+000  9.766807e+000  6.987102e+000  -0.000000e+000  
-0.000000e+000  9.533717e+000  1.195405e+001  1.145948e+001  9.349381e+000  7.872767e+000  6.157641e+000  4.245252e+000  2.195911e+000  1.624441e-001  -0.000000e+000  -0.000000e+000  -0.000000e+000  1.624443e-001  2.195917e+000  4.245267e+000  6.157665e+000  7.872801e+000  9.349422e+000  1.145953e+001  1.195410e+001  9.533742e+000  -0.000000e+000  
-0.000000e+000  1.385868e+001  1.487005e+001  1.354866e+001  1.104230e+001  9.495652e+000  7.803172e+000  6.025347e+000  4.248926e+000  2.614102e+000  1.330915e+000  1.839138e-001  1.330917e+000  2.614106e+000  4.248934e+000  6.025362e+000  7.803193e+000  9.495680e+000  1.104233e+001  1.354870e+001  1.487008e+001  1.385870e+001  -0.000000e+000  
-0.000000e+000  2.139543e+001  1.836918e+001  1.593406e+001  1.293082e+001  1.126434e+001  9.534024e+000  7.804020e+000  6.160330e+000  4.714116e+000  3.591702e+000  2.599753e+000  3.591704e+000  4.714121e+000  6.160339e+000  7.804034e+000  9.534043e+000  1.126436e+001  1.293085e+001  1.593409e+001  1.836921e+001  2.139544e+001  -0.000000e+000  
-0.000000e+000  2.584111e+001  2.172049e+001  1.846142e+001  1.492922e+001  1.309683e+001  1.126453e+001  9.496354e+000  7.874238e+000  6.490314e+000  5.434851e+000  4.519608e+000  5.434854e+000  6.490320e+000  7.874247e+000  9.496367e+000  1.126455e+001  1.309685e+001  1.492924e+001  1.846145e+001  2.172051e+001  2.584113e+001  -0.000000e+000  
-0.000000e+000  2.766855e+001  2.485633e+001  2.105701e+001  1.697177e+001  1.492918e+001  1.293089e+001  1.104260e+001  9.349931e+000  7.938030e+000  6.879423e+000  5.981827e+000  6.879427e+000  7.938036e+000  9.349939e+000  1.104261e+001  1.293090e+001  1.492920e+001  1.697178e+001  2.105703e+001  2.485635e+001  2.766856e+001  -0.000000e+000  
-0.000000e+000  2.056165e+001  3.186810e+001  2.646245e+001  2.105661e+001  1.846089e+001  1.593346e+001  1.354810e+001  1.145893e+001  9.773506e+000  8.548886e+000  7.559811e+000  8.548889e+000  9.773511e+000  1.145894e+001  1.354811e+001  1.593347e+001  1.846090e+001  2.105663e+001  2.646247e+001  3.186812e+001  2.056165e+001  -0.000000e+000  
-0.000000e+000  1.354952e+001  2.686426e+001  3.186774e+001  2.485535e+001  2.171916e+001  1.836761e+001  1.486863e+001  1.195284e+001  9.765638e+000  8.271353e+000  7.159548e+000  8.271355e+000  9.765641e+000  1.195284e+001  1.486864e+001  1.836762e+001  2.171917e+001  2.485536e+001  3.186775e+001  2.686427e+001  1.354953e+001  -0.000000e+000  
-0.000000e+000  6.774448e+000  1.354940e+001  2.056115e+001  2.766709e+001  2.583861e+001  2.139123e+001  1.385625e+001  9.532194e+000  6.985996e+000  5.491365e+000  4.535584e+000  5.491366e+000  6.985997e+000  9.532196e+000  1.385625e+001  2.139123e+001  2.583861e+001  2.766710e+001  2.056115e+001  1.354940e+001  6.774450e+000  -0.000000e+000  
-0.000000e+000  -0.000000e+000  -0.000000e+000  -0.000000e+000  -0.000000e+000  -0.000000e+000  -0.000000e+000  -0.000000e+000  -0.000000e+000  -0.000000e+000  -0.000000e+000  -0.000000e+000  -0.000000e+000  -0.000000e+000  -0.000000e+000  -0.000000e+000  -0.000000e+000  -0.000000e+000  -0.000000e+000  -0.000000e+000  -0.000000e+000  -0.000000e+000  -0.000000e+000  

