02/Jul/2020 09:31:20  *** Warning ***
                      
                      This software is licensed for educational purposes only.
                      
                      ------------------------------------------------------------------------------
02/Jul/2020 09:31:44  *** Warning ***
                      
                      This software is licensed for educational purposes only.
                      
                      ------------------------------------------------------------------------------
02/Jul/2020 09:31:45  
                      Solver started at: 09:31 AM Thursday, 02. July 2020 (GMT Daylight Time)
                      
                        Module:  Time Domain: S-Parameter (Win 64)
                        Version: 2019.7 Release from 2019-07-05 (change 706060)
                      

                      ------------------------------------------------------------------------------

                      ------------------------------------------------------------------------------
02/Jul/2020 09:31:45  ======================================================================
                       Solver cycle: 1
                      ======================================================================
                      
                      Stimulation at port 1 (mode 1) 
                      
                      
                      
                      ------------------------------------------------------------------------------
02/Jul/2020 09:31:45  Units settings: 
                      
                        Dimensions: mm
                        Frequency:  GHz
                        Time:       ns
                      
                      ------------------------------------------------------------------------------
02/Jul/2020 09:32:10  Mesh statistics:
                      
                         Hexahedral mesh type: PBA [Version: default]
                      
                         Parallelization type: domain decomposition
                            Number of parallel working threads: 1
                            Number of calculation domains used: 1
                      
                         Used point accuracy enhancement value: 75.00%.
                         PBA fill limit: 99.00% (inverse)
02/Jul/2020 09:01:56     current system memory usage reached 50%
02/Jul/2020 09:01:57     current system memory usage reached 50%
02/Jul/2020 09:03:05     current system memory usage reached 50%
02/Jul/2020 09:03:04     current system memory usage reached 50%
02/Jul/2020 09:04:14     current system memory usage reached 50%
02/Jul/2020 09:06:36     current system memory usage reached 50%
02/Jul/2020 09:07:43     current system memory usage reached 50%
02/Jul/2020 09:11:12     current system memory usage reached 50%
02/Jul/2020 09:11:13     current system memory usage reached 50%
02/Jul/2020 09:12:26     current system memory usage reached 50%
02/Jul/2020 09:12:25     current system memory usage reached 50%
02/Jul/2020 09:13:29     current system memory usage reached 50%
02/Jul/2020 09:13:28     current system memory usage reached 50%
02/Jul/2020 09:14:35     current system memory usage reached 50%
02/Jul/2020 09:14:34     current system memory usage reached 50%
02/Jul/2020 09:15:41     current system memory usage reached 50%
02/Jul/2020 09:16:50     current system memory usage reached 50%
02/Jul/2020 09:16:49     current system memory usage reached 50%
02/Jul/2020 09:17:58     current system memory usage reached 50%
02/Jul/2020 09:17:57     current system memory usage reached 50%
02/Jul/2020 09:19:05     current system memory usage reached 50%
02/Jul/2020 09:20:13     current system memory usage reached 50%
02/Jul/2020 09:32:01     current system memory usage reached 50%

02/Jul/2020 09:32:10  Using generalized port mode solver.
                      
                      ------------------------------------------------------------------------------
02/Jul/2020 09:32:10  Automatically activated electric shielding for port 1.
                      
                      ------------------------------------------------------------------------------
02/Jul/2020 09:32:10  Boundary conditions: 
                      
                        YZsymmetry: none
                        XZsymmetry: none
                        XYsymmetry: none
                      
                        Xmin: electric
                        Xmax: electric
                      
                        Ymin: electric
                        Ymax: electric
                      
                        Zmin: electric
                        Zmax: electric
                      
                        PML-Type: ---
                      
                      ------------------------------------------------------------------------------
02/Jul/2020 09:32:10  Frequency settings: 
                      
                        Fmin:         1
                        Fmax:         3.4
                        Nfsteps(lin): 1001
                      
                      ------------------------------------------------------------------------------
02/Jul/2020 09:32:10  Waveguide boundaries:
                      
02/Jul/2020 09:32:10  Port: 1
                      
02/Jul/2020 09:32:10    -------------------------------- F-Calc 2.2 --------------------------------
                        Port   Mode   Type        Z-Wave        Z-Wave-Sigma  Z-Line        F-Cutoff
                        1      1      TEM         266           6.95e-008     54.5          0.0
                        1      2      TE          25.7          1.73e-013     ---           22.72
                        1      3      TE          25.7          2.76e-013     ---           22.72
                        ----------------------------------------------------------------------------
                      
02/Jul/2020 09:32:10  Port: 2
                      
02/Jul/2020 09:32:11    -------------------------------- F-Calc 2.2 --------------------------------
                        Port   Mode   Type        Z-Wave        Z-Wave-Sigma  Z-Line        F-Cutoff
                        2      1      TE          538           1.28e-005     ---           1.571
                        2      2      TE          368           8.67e-006     ---           3.15
                        2      3      TE          253           6.98e-006     ---           3.942
                        ----------------------------------------------------------------------------
                      
02/Jul/2020 09:32:11  Field update statistics:
                      
                        Number of components in total: 	281988
                        Number of lossy metal components:	14999
                      
                      Subcycling state:      Automatically deactivated
                      
                      ------------------------------------------------------------------------------
02/Jul/2020 09:32:33  
                      --------------------------------------------------------------------------------
02/Jul/2020 09:32:33  *** Warning ***
                      
02/Jul/2020 09:32:33  Maximum number of pulse widths simulated, solver stopped.
                      Please note that the steady state energy criterion has not been satisfied. More...
                      
                      ------------------------------------------------------------------------------
02/Jul/2020 09:32:33  Frequency domain results normalized to default signal.
                      
                      
                      ------------------------------------------------------------------------------
02/Jul/2020 09:32:33  
                        ----------------------------------------------------------------------------
                                            Peak memory used (kB)         Free physical memory (kB) 
                                                                          At begin     Minimum      
                        ----------------------------------------------------------------------------
                        Matrices calc.      278320                        4507812      4269531      
                        Solver run total    83984                         4504116      4277064      
                        ----------------------------------------------------------------------------
                      
                      --------------------------------------------------------------------------------
                      Solver Statistics:
                      
                        Hardware:
                           Computer name:                 	elecpc375 
                      
                           Number of CPU threads:               2
                           Hardware info:                  	Hardware Accelerator Device not activated
                      
                        Number of mesh cells:             	44880
                        Excitation duration:              	2.96212396e+000 ns 
                        Calculation time for excitation:  	2 	s
                        Number of calculated pulse widths:	19.9993 
                        Steady state accuracy limit:      	-60	dB 
                        Simulated number of time steps:   	27301 
                        Maximum number of time steps:     	27301 
                        Time step width:
                           without subcycles:             	2.16990004e-003 ns
                           used:                          	2.16990004e-003 ns
                      
                        Matrix calculation time:          	25 	s
                        Solver setup time:                	2 	s
                        Solver loop time:                 	20 	s
                        Solver post processing time:      	0 	s
                                                          	------------
                        Total solver time:                	47 	s
                      
                      ------------------------------------------------------------------------------
02/Jul/2020 09:32:34  
                        Adaptive port meshing time:          	24     	s
                        Total solver time (all cycles):      	47     	s
                        solver initialization and clean-up:  	2      	s
                                                             	------------
                        Total simulation time:               	73     	s  ( = 0 h, 1 m, 13 s )
                      
                      ------------------------------------------------------------------------------
02/Jul/2020 09:32:34  Solver finished at: 09:32 AM Thursday, 02. July 2020
                      
                      
                      
                      ------------------------------------------------------------------------------
02/Jul/2020 09:32:35  Creating parametric 1D results for Run ID 92
                      
                      ------------------------------------------------------------------------------
09/Jul/2020 14:50:41  Adaptation results were found. Adaptive port meshing skipped.
                      
                      ------------------------------------------------------------------------------
09/Jul/2020 14:50:42  *** Warning ***
                      
                      This software is licensed for educational purposes only.
                      
                      ------------------------------------------------------------------------------
09/Jul/2020 14:50:42  
                      Solver started at: 02:50 PM Thursday, 09. July 2020 (GMT Daylight Time)
                      
                        Module:  Time Domain: S-Parameter (Win 64)
                        Version: 2019.7 Release from 2019-07-05 (change 706060)
                      

                      ------------------------------------------------------------------------------

                      ------------------------------------------------------------------------------
09/Jul/2020 14:50:42  ======================================================================
                       Solver cycle: 1
                      ======================================================================
                      
                      Stimulation at port 1 (mode 1) 
                      
                      
                      
                      ------------------------------------------------------------------------------
09/Jul/2020 14:50:42  Units settings: 
                      
                        Dimensions: mm
                        Frequency:  GHz
                        Time:       ns
                      
                      ------------------------------------------------------------------------------
09/Jul/2020 14:50:43  Using generalized port mode solver.
                      
                      ------------------------------------------------------------------------------
09/Jul/2020 14:50:43  Automatically activated electric shielding for port 1.
                      
                      ------------------------------------------------------------------------------
09/Jul/2020 14:50:43  Boundary conditions: 
                      
                        YZsymmetry: none
                        XZsymmetry: none
                        XYsymmetry: none
                      
                        Xmin: electric
                        Xmax: electric
                      
                        Ymin: electric
                        Ymax: electric
                      
                        Zmin: electric
                        Zmax: electric
                      
                        PML-Type: ---
                      
                      ------------------------------------------------------------------------------
09/Jul/2020 14:50:43  Frequency settings: 
                      
                        Fmin:         1
                        Fmax:         3.4
                        Nfsteps(lin): 1001
                      
                      ------------------------------------------------------------------------------
09/Jul/2020 14:50:43  Waveguide boundaries:
                      
09/Jul/2020 14:50:43  Port: 1
                      
09/Jul/2020 14:50:43  Reloaded mode(s) for port 1.
                      
                      ------------------------------------------------------------------------------
09/Jul/2020 14:50:43  Port: 2
                      
09/Jul/2020 14:50:43  Reloaded mode(s) for port 2.
                      
                      ------------------------------------------------------------------------------
09/Jul/2020 14:50:44  Field update statistics:
                      
                        Number of components in total: 	281988
                        Number of lossy metal components:	14999
                      
                      Subcycling state:      Automatically deactivated
                      
                      ------------------------------------------------------------------------------
09/Jul/2020 14:51:16  
                      --------------------------------------------------------------------------------
09/Jul/2020 14:51:16  *** Warning ***
                      
09/Jul/2020 14:51:16  Maximum number of pulse widths simulated, solver stopped.
                      Please note that the steady state energy criterion has not been satisfied. More...
                      
                      ------------------------------------------------------------------------------
09/Jul/2020 14:51:16  Frequency domain results normalized to default signal.
                      
                      
                      ------------------------------------------------------------------------------
09/Jul/2020 14:51:16  
                        ----------------------------------------------------------------------------
                                            Peak memory used (kB)         Free physical memory (kB) 
                                                                          At begin     Minimum      
                        ----------------------------------------------------------------------------
                        Matrices calc.      278320                        4507812      4269531      
                        Solver run total    81752                         3459324      3198936      
                        ----------------------------------------------------------------------------
                      
                      --------------------------------------------------------------------------------
                      Solver Statistics:
                      
                        Hardware:
                           Computer name:                 	elecpc375 
                      
                           Number of CPU threads:               2
                           Hardware info:                  	Hardware Accelerator Device not activated
                      
                        Number of mesh cells:             	44880
                        Excitation duration:              	2.96212396e+000 ns 
                        Calculation time for excitation:  	2 	s
                        Number of calculated pulse widths:	19.9993 
                        Steady state accuracy limit:      	-60	dB 
                        Simulated number of time steps:   	27301 
                        Maximum number of time steps:     	27301 
                        Time step width:
                           without subcycles:             	2.16990004e-003 ns
                           used:                          	2.16990004e-003 ns
                      
                        Reloading matrices:               	0 	s
                        Solver setup time:                	2 	s
                        Solver loop time:                 	30 	s
                        Solver post processing time:      	0 	s
                                                          	------------
                        Total solver time:                	32 	s
                      
                      ------------------------------------------------------------------------------
09/Jul/2020 14:51:16  
                        Adaptive port meshing time:          	0      	s
                        Total solver time (all cycles):      	32     	s
                        solver initialization and clean-up:  	2      	s
                                                             	------------
                        Total simulation time:               	34     	s
                      
                      ------------------------------------------------------------------------------
09/Jul/2020 14:51:16  Solver finished at: 02:51 PM Thursday, 09. July 2020
                      
                      
                      
                      ------------------------------------------------------------------------------
09/Jul/2020 14:51:18  Creating parametric 1D results for Run ID 92
                      
                      ------------------------------------------------------------------------------
