Port monitor named: Port2_e1.prt

nx        = 3
ny        = 18
nz        = 29

nu        = 16
nv        = 27
iu        = 2
iv        = 2

idir      = 0
dcut      = 4.914300e-001
icut      = 3
type      = 0
frequency = 2.200000e+009

fcutoff   = 1.571455e+009
alpha     = 0.000000e+000
beta      = 3.226561e+001
accuracy  = 5.848118e-010

type          = TE
wave imp.     = 5.383597e+002
wave imp.sig. = 1.278979e-005
line imp.     = 0.000000e+000

ref. port     = 0

-0.000000e+000  -0.000000e+000  -0.000000e+000  -0.000000e+000  -0.000000e+000  -0.000000e+000  -0.000000e+000  -0.000000e+000  -0.000000e+000  -0.000000e+000  -0.000000e+000  -0.000000e+000  -0.000000e+000  -0.000000e+000  -0.000000e+000  -0.000000e+000  
3.079883e+001  3.079883e+001  3.079883e+001  3.079883e+001  3.079883e+001  3.079883e+001  3.079883e+001  3.079883e+001  3.079883e+001  3.079883e+001  3.079883e+001  3.079883e+001  3.079883e+001  3.079883e+001  3.079883e+001  -0.000000e+000  
6.149800e+001  6.149800e+001  6.149800e+001  6.149800e+001  6.149800e+001  6.149800e+001  6.149800e+001  6.149800e+001  6.149800e+001  6.149800e+001  6.149800e+001  6.149800e+001  6.149800e+001  6.149800e+001  6.149800e+001  -0.000000e+000  
9.199816e+001  9.199816e+001  9.199816e+001  9.199816e+001  9.199816e+001  9.199816e+001  9.199815e+001  9.199815e+001  9.199815e+001  9.199816e+001  9.199815e+001  9.199815e+001  9.199815e+001  9.199815e+001  9.199815e+001  -0.000000e+000  
2.034598e+002  2.034598e+002  2.034598e+002  2.034598e+002  2.034598e+002  2.034598e+002  2.034598e+002  2.034598e+002  2.034598e+002  2.034598e+002  2.034598e+002  2.034598e+002  2.034598e+002  2.034598e+002  2.034598e+002  -0.000000e+000  
3.200632e+002  3.200632e+002  3.200632e+002  3.200632e+002  3.200632e+002  3.200632e+002  3.200632e+002  3.200632e+002  3.200632e+002  3.200632e+002  3.200632e+002  3.200632e+002  3.200632e+002  3.200632e+002  3.200632e+002  -0.000000e+000  
4.175611e+002  4.175611e+002  4.175611e+002  4.175611e+002  4.175611e+002  4.175611e+002  4.175611e+002  4.175611e+002  4.175611e+002  4.175611e+002  4.175611e+002  4.175611e+002  4.175611e+002  4.175611e+002  4.175611e+002  -0.000000e+000  
4.901334e+002  4.901334e+002  4.901334e+002  4.901334e+002  4.901333e+002  4.901333e+002  4.901333e+002  4.901333e+002  4.901333e+002  4.901334e+002  4.901334e+002  4.901334e+002  4.901333e+002  4.901333e+002  4.901333e+002  -0.000000e+000  
5.295050e+002  5.295050e+002  5.295050e+002  5.295050e+002  5.295050e+002  5.295050e+002  5.295050e+002  5.295050e+002  5.295050e+002  5.295050e+002  5.295051e+002  5.295050e+002  5.295050e+002  5.295050e+002  5.295050e+002  -0.000000e+000  
5.359675e+002  5.359675e+002  5.359675e+002  5.359675e+002  5.359675e+002  5.359675e+002  5.359675e+002  5.359675e+002  5.359675e+002  5.359675e+002  5.359675e+002  5.359675e+002  5.359675e+002  5.359675e+002  5.359675e+002  -0.000000e+000  
5.406956e+002  5.406956e+002  5.406956e+002  5.406956e+002  5.406956e+002  5.406956e+002  5.406956e+002  5.406956e+002  5.406956e+002  5.406956e+002  5.406956e+002  5.406956e+002  5.406956e+002  5.406956e+002  5.406956e+002  -0.000000e+000  
5.436740e+002  5.436740e+002  5.436740e+002  5.436740e+002  5.436740e+002  5.436740e+002  5.436740e+002  5.436740e+002  5.436740e+002  5.436740e+002  5.436740e+002  5.436740e+002  5.436740e+002  5.436740e+002  5.436740e+002  -0.000000e+000  
5.446119e+002  5.446119e+002  5.446119e+002  5.446119e+002  5.446119e+002  5.446119e+002  5.446119e+002  5.446119e+002  5.446119e+002  5.446119e+002  5.446119e+002  5.446119e+002  5.446119e+002  5.446119e+002  5.446119e+002  -0.000000e+000  
5.449247e+002  5.449247e+002  5.449247e+002  5.449247e+002  5.449247e+002  5.449247e+002  5.449247e+002  5.449247e+002  5.449247e+002  5.449247e+002  5.449247e+002  5.449247e+002  5.449247e+002  5.449247e+002  5.449247e+002  -0.000000e+000  
5.446119e+002  5.446119e+002  5.446119e+002  5.446119e+002  5.446119e+002  5.446119e+002  5.446119e+002  5.446119e+002  5.446119e+002  5.446119e+002  5.446119e+002  5.446119e+002  5.446119e+002  5.446119e+002  5.446119e+002  -0.000000e+000  
5.436740e+002  5.436740e+002  5.436740e+002  5.436740e+002  5.436740e+002  5.436740e+002  5.436740e+002  5.436740e+002  5.436740e+002  5.436740e+002  5.436740e+002  5.436740e+002  5.436740e+002  5.436740e+002  5.436740e+002  -0.000000e+000  
5.406956e+002  5.406956e+002  5.406956e+002  5.406956e+002  5.406956e+002  5.406956e+002  5.406956e+002  5.406956e+002  5.406956e+002  5.406956e+002  5.406956e+002  5.406956e+002  5.406956e+002  5.406956e+002  5.406956e+002  -0.000000e+000  
5.359675e+002  5.359675e+002  5.359675e+002  5.359675e+002  5.359675e+002  5.359675e+002  5.359675e+002  5.359675e+002  5.359675e+002  5.359675e+002  5.359675e+002  5.359675e+002  5.359675e+002  5.359675e+002  5.359675e+002  -0.000000e+000  
5.295050e+002  5.295050e+002  5.295050e+002  5.295050e+002  5.295050e+002  5.295050e+002  5.295050e+002  5.295050e+002  5.295050e+002  5.295050e+002  5.295051e+002  5.295050e+002  5.295050e+002  5.295050e+002  5.295050e+002  -0.000000e+000  
4.901334e+002  4.901334e+002  4.901334e+002  4.901334e+002  4.901333e+002  4.901333e+002  4.901333e+002  4.901333e+002  4.901333e+002  4.901334e+002  4.901334e+002  4.901334e+002  4.901333e+002  4.901333e+002  4.901333e+002  -0.000000e+000  
4.175611e+002  4.175611e+002  4.175611e+002  4.175611e+002  4.175611e+002  4.175611e+002  4.175611e+002  4.175611e+002  4.175611e+002  4.175611e+002  4.175611e+002  4.175611e+002  4.175611e+002  4.175611e+002  4.175611e+002  -0.000000e+000  
3.200632e+002  3.200632e+002  3.200632e+002  3.200632e+002  3.200632e+002  3.200632e+002  3.200632e+002  3.200632e+002  3.200632e+002  3.200632e+002  3.200632e+002  3.200632e+002  3.200632e+002  3.200632e+002  3.200632e+002  -0.000000e+000  
2.034598e+002  2.034598e+002  2.034598e+002  2.034598e+002  2.034598e+002  2.034598e+002  2.034598e+002  2.034598e+002  2.034598e+002  2.034598e+002  2.034598e+002  2.034598e+002  2.034598e+002  2.034598e+002  2.034598e+002  -0.000000e+000  
9.199816e+001  9.199816e+001  9.199816e+001  9.199816e+001  9.199816e+001  9.199816e+001  9.199815e+001  9.199815e+001  9.199815e+001  9.199816e+001  9.199815e+001  9.199815e+001  9.199815e+001  9.199815e+001  9.199815e+001  -0.000000e+000  
6.149800e+001  6.149800e+001  6.149800e+001  6.149800e+001  6.149800e+001  6.149800e+001  6.149800e+001  6.149800e+001  6.149800e+001  6.149800e+001  6.149800e+001  6.149800e+001  6.149800e+001  6.149800e+001  6.149800e+001  -0.000000e+000  
3.079883e+001  3.079883e+001  3.079883e+001  3.079883e+001  3.079883e+001  3.079883e+001  3.079883e+001  3.079883e+001  3.079883e+001  3.079883e+001  3.079883e+001  3.079883e+001  3.079883e+001  3.079883e+001  3.079883e+001  -0.000000e+000  
-0.000000e+000  -0.000000e+000  -0.000000e+000  -0.000000e+000  -0.000000e+000  -0.000000e+000  -0.000000e+000  -0.000000e+000  -0.000000e+000  -0.000000e+000  -0.000000e+000  -0.000000e+000  -0.000000e+000  -0.000000e+000  -0.000000e+000  -0.000000e+000  

-0.000000e+000  -1.136706e-006  -2.246286e-006  -3.290177e-006  -4.213906e-006  -4.915618e-006  -5.237205e-006  -6.133303e-006  -6.752198e-006  -7.561607e-006  -4.704707e-006  -1.789768e-006  9.379073e-007  2.928531e-007  6.482310e-008  -0.000000e+000  
-0.000000e+000  -1.165825e-006  -2.316551e-006  -3.435079e-006  -4.478338e-006  -5.382608e-006  -5.927601e-006  -6.388325e-006  -6.535974e-006  -6.824076e-006  -4.739489e-006  -1.725408e-006  1.320008e-007  -1.245952e-007  -1.065773e-007  -0.000000e+000  
-0.000000e+000  -1.211282e-006  -2.428720e-006  -3.650279e-006  -4.914960e-006  -6.288368e-006  -8.034343e-006  -6.945950e-006  -6.145198e-006  -5.015475e-006  -4.875858e-006  -1.523439e-006  -1.772050e-006  -8.402825e-007  -3.588262e-007  -0.000000e+000  
-0.000000e+000  -1.301488e-006  -2.635815e-006  -4.042920e-006  -5.571952e-006  -7.287579e-006  -9.273872e-006  -7.498716e-006  -5.982197e-006  -4.546967e-006  -2.872466e-006  -3.244588e-006  -2.327915e-006  -1.436763e-006  -6.848233e-007  -0.000000e+000  
-0.000000e+000  -7.502876e-007  -1.490498e-006  -2.208984e-006  -2.887296e-006  -3.499475e-006  -4.004337e-006  -4.122740e-006  -4.170794e-006  -4.264179e-006  -4.482817e-006  5.262482e-008  -1.933578e-007  -2.225259e-007  -1.375225e-007  -0.000000e+000  
-0.000000e+000  -3.484489e-007  -6.957246e-007  -1.041842e-006  -1.386314e-006  -1.727146e-006  -2.056904e-006  -1.588609e-006  -1.120819e-006  -6.814988e-007  -1.307563e-006  -1.012573e-006  -1.531995e-006  -1.047532e-006  -5.303151e-007  -0.000000e+000  
-0.000000e+000  7.516530e-008  1.316614e-007  1.461166e-007  8.417727e-008  -1.046864e-007  -4.940340e-007  1.054674e-006  2.498239e-006  4.073442e-006  2.855582e-006  -3.086750e-006  -4.012140e-006  -2.463486e-006  -1.170208e-006  -0.000000e+000  
-0.000000e+000  8.762339e-007  1.822176e-006  2.910856e-006  4.220348e-006  5.807423e-006  7.633288e-006  5.325369e-006  3.418462e-006  2.196594e-006  -4.638337e-006  5.976122e-006  8.861699e-007  8.329276e-007  4.555125e-007  -0.000000e+000  
-0.000000e+000  5.425184e-007  1.162949e-006  2.000542e-006  3.428122e-006  6.469732e-006  1.397148e-005  4.072705e-006  -2.340687e-006  -1.199267e-005  1.474115e-006  -4.854813e-007  1.406142e-005  5.658943e-006  2.091145e-006  -0.000000e+000  
-0.000000e+000  3.162522e-007  6.095417e-007  8.665529e-007  1.049874e-006  1.098289e-006  9.129124e-007  -3.280252e-008  -1.461564e-006  -3.236508e-006  -2.001673e-006  2.749167e-006  4.456414e-006  2.747788e-006  1.263535e-006  -0.000000e+000  
-0.000000e+000  9.959128e-008  1.010400e-007  -1.677079e-007  -1.160850e-006  -3.981236e-006  -1.156199e-005  -3.652175e-006  -2.195169e-007  4.772722e-006  -5.707636e-006  6.171394e-006  -4.371951e-006  -4.032589e-007  2.109267e-007  -0.000000e+000  
-0.000000e+000  2.260435e-008  -1.178170e-008  -2.882689e-007  -1.076805e-006  -3.228605e-006  -8.702582e-006  -2.872940e-006  -5.256155e-007  4.112890e-007  -1.743744e-006  1.989840e-006  -3.024155e-007  -1.803497e-007  3.993003e-008  -0.000000e+000  
-0.000000e+000  1.487950e-008  -2.688607e-008  -1.190094e-007  -4.335104e-007  -1.167849e-006  -2.525712e-006  -1.037121e-006  -2.250545e-007  1.111764e-007  -5.627879e-007  6.516803e-007  -7.992024e-008  -5.650034e-008  -0.000000e+000  -0.000000e+000  
-0.000000e+000  -0.000000e+000  3.153239e-008  1.200245e-007  4.218353e-007  1.163602e-006  2.528231e-006  1.038142e-006  2.416152e-007  -1.022863e-007  5.745004e-007  -6.450094e-007  8.104025e-008  5.803700e-008  -0.000000e+000  -0.000000e+000  
-0.000000e+000  -2.448659e-008  1.628868e-008  2.883036e-007  1.091849e-006  3.234775e-006  8.703438e-006  2.889663e-006  5.302484e-007  -4.002147e-007  1.758600e-006  -1.983412e-006  2.932157e-007  1.789554e-007  -3.709679e-008  -0.000000e+000  
-0.000000e+000  -9.725409e-008  -9.992211e-008  1.737079e-007  1.162189e-006  3.980580e-006  1.156597e-005  3.660646e-006  2.355797e-007  -4.762241e-006  5.715242e-006  -6.161956e-006  4.372833e-006  4.044541e-007  -2.075636e-007  -0.000000e+000  
-0.000000e+000  -3.124480e-007  -6.114451e-007  -8.666154e-007  -1.049508e-006  -1.094405e-006  -9.029269e-007  3.963598e-008  1.472556e-006  3.245485e-006  2.009597e-006  -2.736411e-006  -4.459170e-006  -2.749702e-006  -1.267475e-006  -0.000000e+000  
-0.000000e+000  -5.482334e-007  -1.165172e-006  -2.004560e-006  -3.425866e-006  -6.467888e-006  -1.397082e-005  -4.064309e-006  2.347990e-006  1.199960e-005  -1.464442e-006  4.980187e-007  -1.406773e-005  -5.667034e-006  -2.092849e-006  -0.000000e+000  
-0.000000e+000  -8.774210e-007  -1.824044e-006  -2.912902e-006  -4.221676e-006  -5.808227e-006  -7.632123e-006  -5.322777e-006  -3.412999e-006  -2.189105e-006  4.648292e-006  -5.973575e-006  -8.850004e-007  -8.307471e-007  -4.541964e-007  -0.000000e+000  
-0.000000e+000  -7.542160e-008  -1.326771e-007  -1.478088e-007  -8.520609e-008  1.037888e-007  4.946220e-007  -1.054029e-006  -2.496589e-006  -4.071141e-006  -2.852481e-006  3.087304e-006  4.013202e-006  2.465829e-006  1.171950e-006  -0.000000e+000  
-0.000000e+000  3.483252e-007  6.970384e-007  1.044595e-006  1.390229e-006  1.730834e-006  2.059839e-006  1.591528e-006  1.124267e-006  6.847492e-007  1.309092e-006  1.013065e-006  1.530069e-006  1.046977e-006  5.304643e-007  -0.000000e+000  
-0.000000e+000  7.516236e-007  1.492579e-006  2.211764e-006  2.890408e-006  3.502810e-006  4.007263e-006  4.123200e-006  4.170226e-006  4.264210e-006  4.482241e-006  -5.218454e-008  1.927179e-007  2.203227e-007  1.357629e-007  -0.000000e+000  
-0.000000e+000  1.302601e-006  2.638782e-006  4.047854e-006  5.577075e-006  7.292681e-006  9.278471e-006  7.504013e-006  5.986893e-006  4.550648e-006  2.876470e-006  3.245805e-006  2.331235e-006  1.438434e-006  6.849438e-007  -0.000000e+000  
-0.000000e+000  1.214140e-006  2.433433e-006  3.662553e-006  4.922613e-006  6.298248e-006  8.038476e-006  6.946475e-006  6.149861e-006  5.017024e-006  4.880586e-006  1.531448e-006  1.777985e-006  8.445943e-007  3.654588e-007  -0.000000e+000  
-0.000000e+000  1.167840e-006  2.319083e-006  3.440303e-006  4.489553e-006  5.387798e-006  5.929876e-006  6.390690e-006  6.533237e-006  6.826591e-006  4.747258e-006  1.735463e-006  -1.254799e-007  1.351374e-007  1.086900e-007  -0.000000e+000  
-0.000000e+000  1.134314e-006  2.246457e-006  3.292583e-006  4.218303e-006  4.918850e-006  5.241451e-006  6.132178e-006  6.754717e-006  7.565173e-006  4.716062e-006  1.796566e-006  -9.324447e-007  -2.895666e-007  -6.009267e-008  -0.000000e+000  
-0.000000e+000  -0.000000e+000  -0.000000e+000  -0.000000e+000  -0.000000e+000  -0.000000e+000  -0.000000e+000  -0.000000e+000  -0.000000e+000  -0.000000e+000  -0.000000e+000  -0.000000e+000  -0.000000e+000  -0.000000e+000  -0.000000e+000  -0.000000e+000  

0.000000e+000  0.000000e+000  0.000000e+000  0.000000e+000  0.000000e+000  0.000000e+000  0.000000e+000  0.000000e+000  0.000000e+000  0.000000e+000  0.000000e+000  0.000000e+000  0.000000e+000  0.000000e+000  0.000000e+000  0.000000e+000  
0.000000e+000  0.000000e+000  0.000000e+000  0.000000e+000  0.000000e+000  0.000000e+000  0.000000e+000  0.000000e+000  0.000000e+000  0.000000e+000  0.000000e+000  0.000000e+000  0.000000e+000  0.000000e+000  0.000000e+000  0.000000e+000  
0.000000e+000  0.000000e+000  0.000000e+000  0.000000e+000  0.000000e+000  0.000000e+000  0.000000e+000  0.000000e+000  0.000000e+000  0.000000e+000  0.000000e+000  0.000000e+000  0.000000e+000  0.000000e+000  0.000000e+000  0.000000e+000  
0.000000e+000  0.000000e+000  0.000000e+000  0.000000e+000  0.000000e+000  0.000000e+000  0.000000e+000  0.000000e+000  0.000000e+000  0.000000e+000  0.000000e+000  0.000000e+000  0.000000e+000  0.000000e+000  0.000000e+000  0.000000e+000  
0.000000e+000  0.000000e+000  0.000000e+000  0.000000e+000  0.000000e+000  0.000000e+000  0.000000e+000  0.000000e+000  0.000000e+000  0.000000e+000  0.000000e+000  0.000000e+000  0.000000e+000  0.000000e+000  0.000000e+000  0.000000e+000  
0.000000e+000  0.000000e+000  0.000000e+000  0.000000e+000  0.000000e+000  0.000000e+000  0.000000e+000  0.000000e+000  0.000000e+000  0.000000e+000  0.000000e+000  0.000000e+000  0.000000e+000  0.000000e+000  0.000000e+000  0.000000e+000  
0.000000e+000  0.000000e+000  0.000000e+000  0.000000e+000  0.000000e+000  0.000000e+000  0.000000e+000  0.000000e+000  0.000000e+000  0.000000e+000  0.000000e+000  0.000000e+000  0.000000e+000  0.000000e+000  0.000000e+000  0.000000e+000  
0.000000e+000  0.000000e+000  0.000000e+000  0.000000e+000  0.000000e+000  0.000000e+000  0.000000e+000  0.000000e+000  0.000000e+000  0.000000e+000  0.000000e+000  0.000000e+000  0.000000e+000  0.000000e+000  0.000000e+000  0.000000e+000  
0.000000e+000  0.000000e+000  0.000000e+000  0.000000e+000  0.000000e+000  0.000000e+000  0.000000e+000  0.000000e+000  0.000000e+000  0.000000e+000  0.000000e+000  0.000000e+000  0.000000e+000  0.000000e+000  0.000000e+000  0.000000e+000  
0.000000e+000  0.000000e+000  0.000000e+000  0.000000e+000  0.000000e+000  0.000000e+000  0.000000e+000  0.000000e+000  0.000000e+000  0.000000e+000  0.000000e+000  0.000000e+000  0.000000e+000  0.000000e+000  0.000000e+000  0.000000e+000  
0.000000e+000  0.000000e+000  0.000000e+000  0.000000e+000  0.000000e+000  0.000000e+000  0.000000e+000  0.000000e+000  0.000000e+000  0.000000e+000  0.000000e+000  0.000000e+000  0.000000e+000  0.000000e+000  0.000000e+000  0.000000e+000  
0.000000e+000  0.000000e+000  0.000000e+000  0.000000e+000  0.000000e+000  0.000000e+000  0.000000e+000  0.000000e+000  0.000000e+000  0.000000e+000  0.000000e+000  0.000000e+000  0.000000e+000  0.000000e+000  0.000000e+000  0.000000e+000  
0.000000e+000  0.000000e+000  0.000000e+000  0.000000e+000  0.000000e+000  0.000000e+000  0.000000e+000  0.000000e+000  0.000000e+000  0.000000e+000  0.000000e+000  0.000000e+000  0.000000e+000  0.000000e+000  0.000000e+000  0.000000e+000  
0.000000e+000  0.000000e+000  0.000000e+000  0.000000e+000  0.000000e+000  0.000000e+000  0.000000e+000  0.000000e+000  0.000000e+000  0.000000e+000  0.000000e+000  0.000000e+000  0.000000e+000  0.000000e+000  0.000000e+000  0.000000e+000  
0.000000e+000  0.000000e+000  0.000000e+000  0.000000e+000  0.000000e+000  0.000000e+000  0.000000e+000  0.000000e+000  0.000000e+000  0.000000e+000  0.000000e+000  0.000000e+000  0.000000e+000  0.000000e+000  0.000000e+000  0.000000e+000  
0.000000e+000  0.000000e+000  0.000000e+000  0.000000e+000  0.000000e+000  0.000000e+000  0.000000e+000  0.000000e+000  0.000000e+000  0.000000e+000  0.000000e+000  0.000000e+000  0.000000e+000  0.000000e+000  0.000000e+000  0.000000e+000  
0.000000e+000  0.000000e+000  0.000000e+000  0.000000e+000  0.000000e+000  0.000000e+000  0.000000e+000  0.000000e+000  0.000000e+000  0.000000e+000  0.000000e+000  0.000000e+000  0.000000e+000  0.000000e+000  0.000000e+000  0.000000e+000  
0.000000e+000  0.000000e+000  0.000000e+000  0.000000e+000  0.000000e+000  0.000000e+000  0.000000e+000  0.000000e+000  0.000000e+000  0.000000e+000  0.000000e+000  0.000000e+000  0.000000e+000  0.000000e+000  0.000000e+000  0.000000e+000  
0.000000e+000  0.000000e+000  0.000000e+000  0.000000e+000  0.000000e+000  0.000000e+000  0.000000e+000  0.000000e+000  0.000000e+000  0.000000e+000  0.000000e+000  0.000000e+000  0.000000e+000  0.000000e+000  0.000000e+000  0.000000e+000  
0.000000e+000  0.000000e+000  0.000000e+000  0.000000e+000  0.000000e+000  0.000000e+000  0.000000e+000  0.000000e+000  0.000000e+000  0.000000e+000  0.000000e+000  0.000000e+000  0.000000e+000  0.000000e+000  0.000000e+000  0.000000e+000  
0.000000e+000  0.000000e+000  0.000000e+000  0.000000e+000  0.000000e+000  0.000000e+000  0.000000e+000  0.000000e+000  0.000000e+000  0.000000e+000  0.000000e+000  0.000000e+000  0.000000e+000  0.000000e+000  0.000000e+000  0.000000e+000  
0.000000e+000  0.000000e+000  0.000000e+000  0.000000e+000  0.000000e+000  0.000000e+000  0.000000e+000  0.000000e+000  0.000000e+000  0.000000e+000  0.000000e+000  0.000000e+000  0.000000e+000  0.000000e+000  0.000000e+000  0.000000e+000  
0.000000e+000  0.000000e+000  0.000000e+000  0.000000e+000  0.000000e+000  0.000000e+000  0.000000e+000  0.000000e+000  0.000000e+000  0.000000e+000  0.000000e+000  0.000000e+000  0.000000e+000  0.000000e+000  0.000000e+000  0.000000e+000  
0.000000e+000  0.000000e+000  0.000000e+000  0.000000e+000  0.000000e+000  0.000000e+000  0.000000e+000  0.000000e+000  0.000000e+000  0.000000e+000  0.000000e+000  0.000000e+000  0.000000e+000  0.000000e+000  0.000000e+000  0.000000e+000  
0.000000e+000  0.000000e+000  0.000000e+000  0.000000e+000  0.000000e+000  0.000000e+000  0.000000e+000  0.000000e+000  0.000000e+000  0.000000e+000  0.000000e+000  0.000000e+000  0.000000e+000  0.000000e+000  0.000000e+000  0.000000e+000  
0.000000e+000  0.000000e+000  0.000000e+000  0.000000e+000  0.000000e+000  0.000000e+000  0.000000e+000  0.000000e+000  0.000000e+000  0.000000e+000  0.000000e+000  0.000000e+000  0.000000e+000  0.000000e+000  0.000000e+000  0.000000e+000  
0.000000e+000  0.000000e+000  0.000000e+000  0.000000e+000  0.000000e+000  0.000000e+000  0.000000e+000  0.000000e+000  0.000000e+000  0.000000e+000  0.000000e+000  0.000000e+000  0.000000e+000  0.000000e+000  0.000000e+000  0.000000e+000  

0.000000e+000  0.000000e+000  0.000000e+000  0.000000e+000  0.000000e+000  0.000000e+000  0.000000e+000  0.000000e+000  0.000000e+000  0.000000e+000  0.000000e+000  0.000000e+000  0.000000e+000  0.000000e+000  0.000000e+000  0.000000e+000  
0.000000e+000  0.000000e+000  0.000000e+000  0.000000e+000  0.000000e+000  0.000000e+000  0.000000e+000  0.000000e+000  0.000000e+000  0.000000e+000  0.000000e+000  0.000000e+000  0.000000e+000  0.000000e+000  0.000000e+000  0.000000e+000  
0.000000e+000  0.000000e+000  0.000000e+000  0.000000e+000  0.000000e+000  0.000000e+000  0.000000e+000  0.000000e+000  0.000000e+000  0.000000e+000  0.000000e+000  0.000000e+000  0.000000e+000  0.000000e+000  0.000000e+000  0.000000e+000  
0.000000e+000  0.000000e+000  0.000000e+000  0.000000e+000  0.000000e+000  0.000000e+000  0.000000e+000  0.000000e+000  0.000000e+000  0.000000e+000  0.000000e+000  0.000000e+000  0.000000e+000  0.000000e+000  0.000000e+000  0.000000e+000  
0.000000e+000  0.000000e+000  0.000000e+000  0.000000e+000  0.000000e+000  0.000000e+000  0.000000e+000  0.000000e+000  0.000000e+000  0.000000e+000  0.000000e+000  0.000000e+000  0.000000e+000  0.000000e+000  0.000000e+000  0.000000e+000  
0.000000e+000  0.000000e+000  0.000000e+000  0.000000e+000  0.000000e+000  0.000000e+000  0.000000e+000  0.000000e+000  0.000000e+000  0.000000e+000  0.000000e+000  0.000000e+000  0.000000e+000  0.000000e+000  0.000000e+000  0.000000e+000  
0.000000e+000  0.000000e+000  0.000000e+000  0.000000e+000  0.000000e+000  0.000000e+000  0.000000e+000  0.000000e+000  0.000000e+000  0.000000e+000  0.000000e+000  0.000000e+000  0.000000e+000  0.000000e+000  0.000000e+000  0.000000e+000  
0.000000e+000  0.000000e+000  0.000000e+000  0.000000e+000  0.000000e+000  0.000000e+000  0.000000e+000  0.000000e+000  0.000000e+000  0.000000e+000  0.000000e+000  0.000000e+000  0.000000e+000  0.000000e+000  0.000000e+000  0.000000e+000  
0.000000e+000  0.000000e+000  0.000000e+000  0.000000e+000  0.000000e+000  0.000000e+000  0.000000e+000  0.000000e+000  0.000000e+000  0.000000e+000  0.000000e+000  0.000000e+000  0.000000e+000  0.000000e+000  0.000000e+000  0.000000e+000  
0.000000e+000  0.000000e+000  0.000000e+000  0.000000e+000  0.000000e+000  0.000000e+000  0.000000e+000  0.000000e+000  0.000000e+000  0.000000e+000  0.000000e+000  0.000000e+000  0.000000e+000  0.000000e+000  0.000000e+000  0.000000e+000  
0.000000e+000  0.000000e+000  0.000000e+000  0.000000e+000  0.000000e+000  0.000000e+000  0.000000e+000  0.000000e+000  0.000000e+000  0.000000e+000  0.000000e+000  0.000000e+000  0.000000e+000  0.000000e+000  0.000000e+000  0.000000e+000  
0.000000e+000  0.000000e+000  0.000000e+000  0.000000e+000  0.000000e+000  0.000000e+000  0.000000e+000  0.000000e+000  0.000000e+000  0.000000e+000  0.000000e+000  0.000000e+000  0.000000e+000  0.000000e+000  0.000000e+000  0.000000e+000  
0.000000e+000  0.000000e+000  0.000000e+000  0.000000e+000  0.000000e+000  0.000000e+000  0.000000e+000  0.000000e+000  0.000000e+000  0.000000e+000  0.000000e+000  0.000000e+000  0.000000e+000  0.000000e+000  0.000000e+000  0.000000e+000  
0.000000e+000  0.000000e+000  0.000000e+000  0.000000e+000  0.000000e+000  0.000000e+000  0.000000e+000  0.000000e+000  0.000000e+000  0.000000e+000  0.000000e+000  0.000000e+000  0.000000e+000  0.000000e+000  0.000000e+000  0.000000e+000  
0.000000e+000  0.000000e+000  0.000000e+000  0.000000e+000  0.000000e+000  0.000000e+000  0.000000e+000  0.000000e+000  0.000000e+000  0.000000e+000  0.000000e+000  0.000000e+000  0.000000e+000  0.000000e+000  0.000000e+000  0.000000e+000  
0.000000e+000  0.000000e+000  0.000000e+000  0.000000e+000  0.000000e+000  0.000000e+000  0.000000e+000  0.000000e+000  0.000000e+000  0.000000e+000  0.000000e+000  0.000000e+000  0.000000e+000  0.000000e+000  0.000000e+000  0.000000e+000  
0.000000e+000  0.000000e+000  0.000000e+000  0.000000e+000  0.000000e+000  0.000000e+000  0.000000e+000  0.000000e+000  0.000000e+000  0.000000e+000  0.000000e+000  0.000000e+000  0.000000e+000  0.000000e+000  0.000000e+000  0.000000e+000  
0.000000e+000  0.000000e+000  0.000000e+000  0.000000e+000  0.000000e+000  0.000000e+000  0.000000e+000  0.000000e+000  0.000000e+000  0.000000e+000  0.000000e+000  0.000000e+000  0.000000e+000  0.000000e+000  0.000000e+000  0.000000e+000  
0.000000e+000  0.000000e+000  0.000000e+000  0.000000e+000  0.000000e+000  0.000000e+000  0.000000e+000  0.000000e+000  0.000000e+000  0.000000e+000  0.000000e+000  0.000000e+000  0.000000e+000  0.000000e+000  0.000000e+000  0.000000e+000  
0.000000e+000  0.000000e+000  0.000000e+000  0.000000e+000  0.000000e+000  0.000000e+000  0.000000e+000  0.000000e+000  0.000000e+000  0.000000e+000  0.000000e+000  0.000000e+000  0.000000e+000  0.000000e+000  0.000000e+000  0.000000e+000  
0.000000e+000  0.000000e+000  0.000000e+000  0.000000e+000  0.000000e+000  0.000000e+000  0.000000e+000  0.000000e+000  0.000000e+000  0.000000e+000  0.000000e+000  0.000000e+000  0.000000e+000  0.000000e+000  0.000000e+000  0.000000e+000  
0.000000e+000  0.000000e+000  0.000000e+000  0.000000e+000  0.000000e+000  0.000000e+000  0.000000e+000  0.000000e+000  0.000000e+000  0.000000e+000  0.000000e+000  0.000000e+000  0.000000e+000  0.000000e+000  0.000000e+000  0.000000e+000  
0.000000e+000  0.000000e+000  0.000000e+000  0.000000e+000  0.000000e+000  0.000000e+000  0.000000e+000  0.000000e+000  0.000000e+000  0.000000e+000  0.000000e+000  0.000000e+000  0.000000e+000  0.000000e+000  0.000000e+000  0.000000e+000  
0.000000e+000  0.000000e+000  0.000000e+000  0.000000e+000  0.000000e+000  0.000000e+000  0.000000e+000  0.000000e+000  0.000000e+000  0.000000e+000  0.000000e+000  0.000000e+000  0.000000e+000  0.000000e+000  0.000000e+000  0.000000e+000  
0.000000e+000  0.000000e+000  0.000000e+000  0.000000e+000  0.000000e+000  0.000000e+000  0.000000e+000  0.000000e+000  0.000000e+000  0.000000e+000  0.000000e+000  0.000000e+000  0.000000e+000  0.000000e+000  0.000000e+000  0.000000e+000  
0.000000e+000  0.000000e+000  0.000000e+000  0.000000e+000  0.000000e+000  0.000000e+000  0.000000e+000  0.000000e+000  0.000000e+000  0.000000e+000  0.000000e+000  0.000000e+000  0.000000e+000  0.000000e+000  0.000000e+000  0.000000e+000  
0.000000e+000  0.000000e+000  0.000000e+000  0.000000e+000  0.000000e+000  0.000000e+000  0.000000e+000  0.000000e+000  0.000000e+000  0.000000e+000  0.000000e+000  0.000000e+000  0.000000e+000  0.000000e+000  0.000000e+000  0.000000e+000  

0.000000e+000  0.000000e+000  0.000000e+000  0.000000e+000  0.000000e+000  0.000000e+000  0.000000e+000  0.000000e+000  0.000000e+000  0.000000e+000  0.000000e+000  0.000000e+000  0.000000e+000  0.000000e+000  0.000000e+000  0.000000e+000  
0.000000e+000  0.000000e+000  0.000000e+000  0.000000e+000  0.000000e+000  0.000000e+000  0.000000e+000  0.000000e+000  0.000000e+000  0.000000e+000  0.000000e+000  0.000000e+000  0.000000e+000  0.000000e+000  0.000000e+000  0.000000e+000  
0.000000e+000  0.000000e+000  0.000000e+000  0.000000e+000  0.000000e+000  0.000000e+000  0.000000e+000  0.000000e+000  0.000000e+000  0.000000e+000  0.000000e+000  0.000000e+000  0.000000e+000  0.000000e+000  0.000000e+000  0.000000e+000  
0.000000e+000  0.000000e+000  0.000000e+000  0.000000e+000  0.000000e+000  0.000000e+000  0.000000e+000  0.000000e+000  0.000000e+000  0.000000e+000  0.000000e+000  0.000000e+000  0.000000e+000  0.000000e+000  0.000000e+000  0.000000e+000  
0.000000e+000  0.000000e+000  0.000000e+000  0.000000e+000  0.000000e+000  0.000000e+000  0.000000e+000  0.000000e+000  0.000000e+000  0.000000e+000  0.000000e+000  0.000000e+000  0.000000e+000  0.000000e+000  0.000000e+000  0.000000e+000  
0.000000e+000  0.000000e+000  0.000000e+000  0.000000e+000  0.000000e+000  0.000000e+000  0.000000e+000  0.000000e+000  0.000000e+000  0.000000e+000  0.000000e+000  0.000000e+000  0.000000e+000  0.000000e+000  0.000000e+000  0.000000e+000  
0.000000e+000  0.000000e+000  0.000000e+000  0.000000e+000  0.000000e+000  0.000000e+000  0.000000e+000  0.000000e+000  0.000000e+000  0.000000e+000  0.000000e+000  0.000000e+000  0.000000e+000  0.000000e+000  0.000000e+000  0.000000e+000  
0.000000e+000  0.000000e+000  0.000000e+000  0.000000e+000  0.000000e+000  0.000000e+000  0.000000e+000  0.000000e+000  0.000000e+000  0.000000e+000  0.000000e+000  0.000000e+000  0.000000e+000  0.000000e+000  0.000000e+000  0.000000e+000  
0.000000e+000  0.000000e+000  0.000000e+000  0.000000e+000  0.000000e+000  0.000000e+000  0.000000e+000  0.000000e+000  0.000000e+000  0.000000e+000  0.000000e+000  0.000000e+000  0.000000e+000  0.000000e+000  0.000000e+000  0.000000e+000  
0.000000e+000  0.000000e+000  0.000000e+000  0.000000e+000  0.000000e+000  0.000000e+000  0.000000e+000  0.000000e+000  0.000000e+000  0.000000e+000  0.000000e+000  0.000000e+000  0.000000e+000  0.000000e+000  0.000000e+000  0.000000e+000  
0.000000e+000  0.000000e+000  0.000000e+000  0.000000e+000  0.000000e+000  0.000000e+000  0.000000e+000  0.000000e+000  0.000000e+000  0.000000e+000  0.000000e+000  0.000000e+000  0.000000e+000  0.000000e+000  0.000000e+000  0.000000e+000  
0.000000e+000  0.000000e+000  0.000000e+000  0.000000e+000  0.000000e+000  0.000000e+000  0.000000e+000  0.000000e+000  0.000000e+000  0.000000e+000  0.000000e+000  0.000000e+000  0.000000e+000  0.000000e+000  0.000000e+000  0.000000e+000  
0.000000e+000  0.000000e+000  0.000000e+000  0.000000e+000  0.000000e+000  0.000000e+000  0.000000e+000  0.000000e+000  0.000000e+000  0.000000e+000  0.000000e+000  0.000000e+000  0.000000e+000  0.000000e+000  0.000000e+000  0.000000e+000  
0.000000e+000  0.000000e+000  0.000000e+000  0.000000e+000  0.000000e+000  0.000000e+000  0.000000e+000  0.000000e+000  0.000000e+000  0.000000e+000  0.000000e+000  0.000000e+000  0.000000e+000  0.000000e+000  0.000000e+000  0.000000e+000  
0.000000e+000  0.000000e+000  0.000000e+000  0.000000e+000  0.000000e+000  0.000000e+000  0.000000e+000  0.000000e+000  0.000000e+000  0.000000e+000  0.000000e+000  0.000000e+000  0.000000e+000  0.000000e+000  0.000000e+000  0.000000e+000  
0.000000e+000  0.000000e+000  0.000000e+000  0.000000e+000  0.000000e+000  0.000000e+000  0.000000e+000  0.000000e+000  0.000000e+000  0.000000e+000  0.000000e+000  0.000000e+000  0.000000e+000  0.000000e+000  0.000000e+000  0.000000e+000  
0.000000e+000  0.000000e+000  0.000000e+000  0.000000e+000  0.000000e+000  0.000000e+000  0.000000e+000  0.000000e+000  0.000000e+000  0.000000e+000  0.000000e+000  0.000000e+000  0.000000e+000  0.000000e+000  0.000000e+000  0.000000e+000  
0.000000e+000  0.000000e+000  0.000000e+000  0.000000e+000  0.000000e+000  0.000000e+000  0.000000e+000  0.000000e+000  0.000000e+000  0.000000e+000  0.000000e+000  0.000000e+000  0.000000e+000  0.000000e+000  0.000000e+000  0.000000e+000  
0.000000e+000  0.000000e+000  0.000000e+000  0.000000e+000  0.000000e+000  0.000000e+000  0.000000e+000  0.000000e+000  0.000000e+000  0.000000e+000  0.000000e+000  0.000000e+000  0.000000e+000  0.000000e+000  0.000000e+000  0.000000e+000  
0.000000e+000  0.000000e+000  0.000000e+000  0.000000e+000  0.000000e+000  0.000000e+000  0.000000e+000  0.000000e+000  0.000000e+000  0.000000e+000  0.000000e+000  0.000000e+000  0.000000e+000  0.000000e+000  0.000000e+000  0.000000e+000  
0.000000e+000  0.000000e+000  0.000000e+000  0.000000e+000  0.000000e+000  0.000000e+000  0.000000e+000  0.000000e+000  0.000000e+000  0.000000e+000  0.000000e+000  0.000000e+000  0.000000e+000  0.000000e+000  0.000000e+000  0.000000e+000  
0.000000e+000  0.000000e+000  0.000000e+000  0.000000e+000  0.000000e+000  0.000000e+000  0.000000e+000  0.000000e+000  0.000000e+000  0.000000e+000  0.000000e+000  0.000000e+000  0.000000e+000  0.000000e+000  0.000000e+000  0.000000e+000  
0.000000e+000  0.000000e+000  0.000000e+000  0.000000e+000  0.000000e+000  0.000000e+000  0.000000e+000  0.000000e+000  0.000000e+000  0.000000e+000  0.000000e+000  0.000000e+000  0.000000e+000  0.000000e+000  0.000000e+000  0.000000e+000  
0.000000e+000  0.000000e+000  0.000000e+000  0.000000e+000  0.000000e+000  0.000000e+000  0.000000e+000  0.000000e+000  0.000000e+000  0.000000e+000  0.000000e+000  0.000000e+000  0.000000e+000  0.000000e+000  0.000000e+000  0.000000e+000  
0.000000e+000  0.000000e+000  0.000000e+000  0.000000e+000  0.000000e+000  0.000000e+000  0.000000e+000  0.000000e+000  0.000000e+000  0.000000e+000  0.000000e+000  0.000000e+000  0.000000e+000  0.000000e+000  0.000000e+000  0.000000e+000  
0.000000e+000  0.000000e+000  0.000000e+000  0.000000e+000  0.000000e+000  0.000000e+000  0.000000e+000  0.000000e+000  0.000000e+000  0.000000e+000  0.000000e+000  0.000000e+000  0.000000e+000  0.000000e+000  0.000000e+000  0.000000e+000  
0.000000e+000  0.000000e+000  0.000000e+000  0.000000e+000  0.000000e+000  0.000000e+000  0.000000e+000  0.000000e+000  0.000000e+000  0.000000e+000  0.000000e+000  0.000000e+000  0.000000e+000  0.000000e+000  0.000000e+000  0.000000e+000  

-0.000000e+000  -0.000000e+000  -0.000000e+000  -0.000000e+000  -0.000000e+000  -0.000000e+000  -0.000000e+000  -0.000000e+000  -0.000000e+000  -0.000000e+000  -0.000000e+000  -0.000000e+000  -0.000000e+000  -0.000000e+000  -0.000000e+000  -0.000000e+000  
-0.000000e+000  -3.421821e-008  3.918760e-008  1.086926e-007  9.256709e-008  1.735117e-007  7.466774e-008  1.623326e-007  2.729144e-007  2.600437e-007  2.461694e-007  1.213399e-008  -9.936620e-008  -8.335041e-008  -5.867491e-008  -0.000000e+000  
-0.000000e+000  -2.732973e-008  2.426422e-007  1.772390e-007  3.045836e-007  3.034471e-007  2.240222e-007  4.360360e-007  4.140296e-007  5.374290e-007  4.778777e-007  6.811587e-008  -4.580713e-008  -5.740290e-008  3.026645e-008  -0.000000e+000  
-0.000000e+000  1.800480e-007  2.137109e-007  4.338198e-007  4.839529e-007  4.324557e-007  4.943556e-007  5.747248e-007  7.058386e-007  6.525615e-007  6.900090e-007  6.829256e-008  1.190644e-007  8.156370e-008  6.165038e-008  -0.000000e+000  
-0.000000e+000  3.492104e-007  6.659247e-007  9.004563e-007  1.266936e-006  1.619352e-006  2.001586e-006  1.806602e-006  1.594977e-006  1.289498e-006  7.386525e-007  9.572827e-007  5.093793e-007  3.056665e-007  1.483546e-007  -0.000000e+000  
-0.000000e+000  4.133258e-007  9.180527e-007  1.330507e-006  1.846776e-006  2.221184e-006  2.725784e-006  2.605248e-006  2.480149e-006  2.423299e-006  1.092108e-006  1.459357e-006  2.054376e-007  1.598156e-007  6.250351e-008  -0.000000e+000  
-0.000000e+000  5.458843e-007  1.174638e-006  1.720364e-006  2.350427e-006  2.896143e-006  3.515702e-006  3.413218e-006  3.243773e-006  3.133778e-006  1.466169e-006  1.774829e-006  2.425565e-007  1.578830e-007  5.377517e-008  -0.000000e+000  
-0.000000e+000  6.027845e-007  1.326391e-006  2.141022e-006  2.836506e-006  3.601076e-006  4.484995e-006  4.043026e-006  3.612687e-006  3.158740e-006  2.083695e-006  1.438319e-006  5.741864e-007  3.043922e-007  1.655205e-007  -0.000000e+000  
-0.000000e+000  4.328554e-007  9.717486e-007  1.365305e-006  1.861958e-006  2.066290e-006  2.350152e-006  3.120119e-006  3.810567e-006  4.476613e-006  4.739417e-006  -1.378067e-006  -1.248363e-006  -8.644673e-007  -4.236284e-007  -0.000000e+000  
-0.000000e+000  3.034014e-007  9.224463e-007  1.274589e-006  1.672485e-006  1.884743e-006  1.683485e-006  3.146610e-006  4.257360e-006  5.489436e-006  4.494210e-006  -1.101217e-006  -2.508443e-006  -1.489390e-006  -6.915664e-007  -0.000000e+000  
-0.000000e+000  5.309638e-007  9.322283e-007  1.237304e-006  1.634202e-006  2.087907e-006  2.083926e-006  3.435321e-006  4.478890e-006  5.848648e-006  4.560481e-006  -1.154064e-006  -2.825100e-006  -1.768787e-006  -7.930843e-007  -0.000000e+000  
-0.000000e+000  5.783540e-007  6.900440e-007  1.646878e-006  1.841522e-006  2.441396e-006  3.203016e-006  3.746849e-006  4.804263e-006  5.440242e-006  4.881216e-006  -1.612674e-006  -2.184295e-006  -1.675074e-006  -8.924292e-007  -0.000000e+000  
-0.000000e+000  5.786516e-008  1.519102e-006  1.081849e-006  2.411019e-006  2.738045e-006  3.743493e-006  4.168623e-006  4.530956e-006  5.537311e-006  5.165425e-006  -1.952847e-006  -2.689613e-006  -1.447947e-006  -7.148865e-007  -0.000000e+000  
-0.000000e+000  6.184604e-007  3.330329e-007  1.800853e-006  2.085233e-006  2.795283e-006  3.684823e-006  4.309843e-006  4.830462e-006  5.583830e-006  5.151616e-006  -1.816710e-006  -2.069796e-006  -1.737388e-006  -1.041151e-006  -0.000000e+000  
-0.000000e+000  6.937118e-007  1.370903e-006  1.175419e-006  1.618829e-006  2.505490e-006  3.713618e-006  3.663520e-006  4.883082e-006  5.487579e-006  5.077516e-006  -1.947012e-006  -2.380021e-006  -1.457760e-006  -7.175846e-007  -0.000000e+000  
-0.000000e+000  5.058515e-007  6.684596e-007  1.569585e-006  2.004746e-006  2.626945e-006  3.174589e-006  3.857400e-006  4.663133e-006  5.446866e-006  5.054207e-006  -1.668734e-006  -2.444141e-006  -1.720913e-006  -8.700274e-007  -0.000000e+000  
-0.000000e+000  4.112495e-007  1.074991e-006  1.202322e-006  1.757436e-006  1.901059e-006  1.987939e-006  3.502433e-006  4.517356e-006  5.909322e-006  4.569855e-006  -1.213658e-006  -2.795933e-006  -1.680102e-006  -6.650691e-007  -0.000000e+000  
-0.000000e+000  5.314947e-007  8.493348e-007  1.400264e-006  1.556449e-006  1.967238e-006  1.789621e-006  3.132180e-006  4.351594e-006  5.553555e-006  4.473047e-006  -1.102267e-006  -2.463690e-006  -1.376387e-006  -7.099677e-007  -0.000000e+000  
-0.000000e+000  4.276319e-007  9.923509e-007  1.310154e-006  1.891038e-006  2.043833e-006  2.386940e-006  3.131570e-006  3.887892e-006  4.502246e-006  4.731914e-006  -1.302321e-006  -1.286509e-006  -9.652157e-007  -4.910273e-007  -0.000000e+000  
-0.000000e+000  5.873899e-007  1.302965e-006  2.056308e-006  2.886682e-006  3.665838e-006  4.567806e-006  4.022613e-006  3.621977e-006  3.218511e-006  2.098651e-006  1.442496e-006  5.721632e-007  2.588391e-007  7.080997e-008  -0.000000e+000  
-0.000000e+000  5.976688e-007  1.205857e-006  1.731898e-006  2.365370e-006  2.893120e-006  3.530359e-006  3.373970e-006  3.275514e-006  3.138057e-006  1.479463e-006  1.747073e-006  2.459358e-007  1.713923e-007  5.198797e-008  -0.000000e+000  
-0.000000e+000  5.335035e-007  9.735713e-007  1.365771e-006  1.780650e-006  2.182639e-006  2.739168e-006  2.690622e-006  2.590966e-006  2.387084e-006  1.110904e-006  1.466207e-006  1.752828e-007  1.791612e-007  1.291515e-007  -0.000000e+000  
-0.000000e+000  3.060342e-007  6.460316e-007  9.578354e-007  1.382517e-006  1.655433e-006  2.011295e-006  1.688840e-006  1.491978e-006  1.279313e-006  7.070439e-007  9.365058e-007  4.500251e-007  2.795638e-007  9.553573e-008  -0.000000e+000  
-0.000000e+000  1.689609e-007  1.408042e-007  2.921570e-007  3.226249e-007  4.542125e-007  5.562558e-007  6.308139e-007  5.949827e-007  6.352008e-007  7.021106e-007  1.256956e-008  6.621315e-008  9.099301e-008  6.335133e-008  -0.000000e+000  
-0.000000e+000  1.139840e-007  1.832719e-007  2.119884e-007  8.009048e-008  4.248748e-007  2.999346e-007  3.229667e-007  5.025468e-007  5.114763e-007  4.355111e-007  2.964254e-008  -1.014875e-007  3.956128e-008  -1.939214e-008  -0.000000e+000  
-0.000000e+000  1.481710e-008  9.770784e-008  1.068932e-007  1.915011e-007  1.181982e-007  5.724816e-008  2.066928e-007  1.417259e-007  2.487735e-007  1.857581e-007  7.232846e-008  -8.549170e-008  5.982099e-009  3.881645e-008  -0.000000e+000  
-0.000000e+000  -0.000000e+000  -0.000000e+000  -0.000000e+000  -0.000000e+000  -0.000000e+000  -0.000000e+000  -0.000000e+000  -0.000000e+000  -0.000000e+000  -0.000000e+000  -0.000000e+000  -0.000000e+000  -0.000000e+000  -0.000000e+000  -0.000000e+000  

