Port monitor named: Port2_h1[2.2].prt

nx        = 69
ny        = 23
nz        = 31

nu        = 16
nv        = 27
iu        = 3
iv        = 3

idir      = 0
dcut      = 4.914300e-001
icut      = 69
type      = 1
frequency = 2.200000e+009

fcutoff   = 1.571433e+009
alpha     = 0.000000e+000
beta      = 3.226736e+001
accuracy  = 5.848448e-010

type          = TE
wave imp.     = 5.383304e+002
wave imp.sig. = 1.278902e-005
line imp.     = 0.000000e+000

ref. port     = 0

-0.000000e+000  3.252008e-009  2.866126e-009  2.489236e-009  4.741846e-009  3.348070e-009  7.239588e-009  5.982544e-009  3.446395e-009  5.379160e-009  5.345150e-010  2.920029e-009  1.569700e-009  2.234232e-009  1.835122e-009  -0.000000e+000  
-0.000000e+000  1.936283e-009  -2.477851e-009  4.095228e-009  1.252647e-009  5.667094e-009  6.033293e-009  2.743250e-009  7.437585e-009  3.429823e-009  1.080499e-009  1.339107e-009  -2.030987e-009  -6.336551e-010  -2.766724e-009  -0.000000e+000  
-0.000000e+000  -4.662455e-009  5.475530e-009  -1.770124e-009  3.151092e-009  7.381733e-009  5.912688e-009  8.280026e-009  1.688676e-009  5.479587e-009  1.986766e-009  2.823929e-009  -2.202953e-009  -3.070898e-009  -3.788438e-010  -0.000000e+000  
-0.000000e+000  9.106023e-010  8.672124e-010  3.352203e-009  3.374135e-009  2.962315e-009  3.798239e-009  2.954046e-009  3.190391e-009  2.771446e-009  4.902372e-009  -1.893419e-009  8.467470e-010  6.722336e-010  4.995743e-010  -0.000000e+000  
-0.000000e+000  8.959385e-010  8.121457e-010  7.660218e-010  8.636252e-010  1.829879e-009  1.818310e-009  1.460283e-009  8.783061e-010  -8.779191e-010  5.584085e-009  -3.994043e-009  2.717817e-009  1.545224e-009  9.216457e-010  -0.000000e+000  
-0.000000e+000  -3.813060e-010  -6.988809e-010  -1.090345e-009  -1.333440e-009  -2.029529e-009  -2.309324e-009  -3.319160e-009  -3.844194e-009  -4.247575e-009  -4.739932e-010  -5.672892e-010  2.557736e-009  1.960755e-009  1.052857e-009  -0.000000e+000  
-0.000000e+000  -5.812529e-010  -1.422255e-009  -3.535752e-009  -3.928495e-009  -5.276070e-009  -6.604596e-009  -6.846720e-009  -7.503434e-009  -7.760356e-009  -1.009662e-008  8.345231e-009  4.879149e-009  3.439054e-009  1.306408e-009  -0.000000e+000  
-0.000000e+000  -1.135060e-010  -2.252318e-010  1.504016e-009  8.433132e-010  2.886389e-009  4.841148e-009  -1.669519e-009  -8.113102e-009  -1.582176e-008  -1.504509e-008  1.399155e-008  1.459180e-008  8.866759e-009  4.402924e-009  -0.000000e+000  
-0.000000e+000  3.305893e-009  -5.160547e-010  -6.917193e-010  -5.352518e-011  -5.966650e-009  -3.732374e-009  -8.448556e-009  -1.054356e-008  -1.148109e-008  5.434549e-009  -8.326085e-009  1.587912e-008  1.031668e-008  5.046152e-009  -0.000000e+000  
-0.000000e+000  -8.171185e-009  -1.458905e-009  -3.676291e-010  -6.744424e-010  -8.811869e-009  -1.504230e-008  -9.562330e-009  -4.669002e-009  -5.960768e-009  1.509106e-009  -3.344691e-009  2.276453e-009  4.209268e-009  1.036750e-009  -0.000000e+000  
-0.000000e+000  -1.764789e-009  7.884112e-009  -1.333906e-008  -4.753580e-009  -4.386339e-009  -1.582377e-008  -3.598773e-009  -1.043689e-008  4.747094e-009  -8.727225e-011  3.821378e-009  -1.323693e-008  -2.375397e-009  2.918956e-009  -0.000000e+000  
-0.000000e+000  2.908232e-008  -4.637074e-008  3.215420e-008  -2.986763e-008  -1.060457e-008  -1.407918e-008  -1.826827e-008  1.626971e-008  -6.196390e-009  -1.266625e-008  1.534191e-008  2.883731e-008  -1.237457e-008  -1.000963e-008  -0.000000e+000  
-0.000000e+000  -3.139554e-008  6.641991e-008  -4.001488e-008  1.903633e-008  -1.033219e-009  7.973889e-009  -5.972996e-009  -1.633931e-008  -2.809852e-009  1.815991e-009  -8.830647e-009  -3.453288e-008  1.630149e-008  1.825791e-008  -0.000000e+000  
-0.000000e+000  -4.211472e-009  -5.813762e-008  3.477607e-008  2.531234e-008  1.405616e-008  -6.308120e-009  3.423782e-008  -3.394858e-009  5.574014e-009  3.081956e-009  8.492331e-009  1.720546e-008  -1.575589e-008  -1.810449e-008  -0.000000e+000  
-0.000000e+000  1.055848e-008  3.928045e-008  -2.259249e-008  -2.361931e-008  -1.280674e-008  1.399883e-008  -1.621525e-008  1.132175e-008  3.024485e-009  -1.962658e-009  -1.189019e-008  3.045136e-009  1.439463e-008  8.596238e-009  -0.000000e+000  
-0.000000e+000  3.332485e-009  -1.336491e-008  1.191837e-008  6.082885e-009  1.679973e-008  1.806749e-008  5.031228e-009  4.421907e-009  -6.567907e-009  5.527061e-009  -3.722051e-009  3.602772e-009  -2.111596e-009  -6.444918e-009  -0.000000e+000  
-0.000000e+000  -3.426677e-009  8.657963e-009  -4.988396e-009  8.648463e-009  -1.717524e-010  8.287315e-009  1.226668e-008  2.790314e-009  5.828882e-009  -5.058695e-010  1.370351e-009  -2.789794e-009  -5.015490e-009  3.851500e-009  -0.000000e+000  
-0.000000e+000  4.479557e-009  -2.603033e-009  6.727403e-009  -4.788145e-009  9.460882e-009  6.042317e-009  7.569822e-009  1.109385e-008  1.275128e-008  -5.907978e-009  5.743309e-009  -1.310514e-008  -3.177438e-009  -3.410831e-009  -0.000000e+000  
-0.000000e+000  2.065089e-010  6.208507e-010  -1.236867e-009  -1.028710e-009  -3.662025e-009  -5.253123e-009  1.948724e-009  8.708735e-009  1.550361e-008  1.482652e-008  -1.335869e-008  -1.491576e-008  -9.362596e-009  -4.161955e-009  -0.000000e+000  
-0.000000e+000  6.039008e-011  1.000153e-009  2.792014e-009  4.203915e-009  5.803728e-009  7.132207e-009  6.991524e-009  7.326301e-009  8.186735e-009  1.010373e-008  -8.098449e-009  -4.923074e-009  -3.901654e-009  -2.030744e-009  -0.000000e+000  
-0.000000e+000  -1.489380e-010  5.077003e-010  9.010900e-010  1.955251e-009  2.298474e-009  2.313560e-009  2.346934e-009  3.223899e-009  4.555913e-009  4.284772e-010  2.978347e-010  -2.293875e-009  -2.005033e-009  -1.584073e-009  -0.000000e+000  
-0.000000e+000  3.689151e-010  -2.306453e-010  -9.429306e-010  -2.279244e-009  -2.415369e-009  -1.794937e-009  1.150282e-010  7.822685e-010  6.757544e-010  -5.191874e-009  4.207622e-009  -2.490041e-009  -1.188475e-009  -0.000000e+000  -0.000000e+000  
-0.000000e+000  -1.198126e-009  -4.005065e-010  -1.588134e-009  -9.168251e-010  -2.844201e-009  -4.271540e-009  -4.512729e-009  -3.129169e-009  -2.714345e-009  -5.299171e-009  2.202564e-009  -9.108780e-010  -9.918744e-010  -9.855965e-010  -0.000000e+000  
-0.000000e+000  -4.233464e-010  -5.935752e-009  -4.131860e-009  -1.060572e-009  -1.072035e-008  -6.389461e-009  -2.642373e-009  -8.343159e-009  -5.195497e-009  -1.804972e-010  -3.413930e-009  2.287211e-009  1.459845e-010  2.078818e-009  -0.000000e+000  
-0.000000e+000  1.135970e-009  -1.455142e-009  -2.886768e-009  -1.205171e-008  2.131206e-010  -2.926265e-009  -7.995955e-009  -1.095304e-010  -3.924654e-009  -4.934299e-010  -4.646232e-009  -3.008517e-010  8.677210e-010  -2.142142e-009  -0.000000e+000  
-0.000000e+000  -1.613474e-009  -9.164476e-010  -2.553676e-009  -1.453624e-009  -5.197603e-009  -7.827791e-009  -4.501225e-009  -7.823136e-009  -5.761200e-009  -2.569076e-009  -9.266686e-010  -1.116894e-009  7.370476e-010  1.405556e-009  -0.000000e+000  
-0.000000e+000  -0.000000e+000  -0.000000e+000  -0.000000e+000  -0.000000e+000  -0.000000e+000  -0.000000e+000  -0.000000e+000  -0.000000e+000  -0.000000e+000  -0.000000e+000  -0.000000e+000  -0.000000e+000  -0.000000e+000  -0.000000e+000  -0.000000e+000  

-0.000000e+000  -0.000000e+000  -0.000000e+000  -0.000000e+000  -0.000000e+000  -0.000000e+000  -0.000000e+000  -0.000000e+000  -0.000000e+000  -0.000000e+000  -0.000000e+000  -0.000000e+000  -0.000000e+000  -0.000000e+000  -0.000000e+000  -0.000000e+000  
5.721020e-002  5.721021e-002  5.721021e-002  5.721021e-002  5.721021e-002  5.721020e-002  5.721021e-002  5.721021e-002  5.721020e-002  5.721021e-002  5.721021e-002  5.721021e-002  5.721020e-002  5.721021e-002  5.721021e-002  -0.000000e+000  
1.142353e-001  1.142353e-001  1.142353e-001  1.142353e-001  1.142353e-001  1.142353e-001  1.142353e-001  1.142353e-001  1.142353e-001  1.142353e-001  1.142353e-001  1.142353e-001  1.142353e-001  1.142353e-001  1.142353e-001  -0.000000e+000  
1.708907e-001  1.708907e-001  1.708907e-001  1.708907e-001  1.708907e-001  1.708907e-001  1.708907e-001  1.708907e-001  1.708907e-001  1.708907e-001  1.708907e-001  1.708907e-001  1.708907e-001  1.708907e-001  1.708907e-001  -0.000000e+000  
3.779357e-001  3.779357e-001  3.779357e-001  3.779357e-001  3.779357e-001  3.779357e-001  3.779357e-001  3.779357e-001  3.779357e-001  3.779357e-001  3.779357e-001  3.779357e-001  3.779357e-001  3.779357e-001  3.779357e-001  -0.000000e+000  
5.945318e-001  5.945318e-001  5.945318e-001  5.945318e-001  5.945318e-001  5.945318e-001  5.945318e-001  5.945318e-001  5.945318e-001  5.945318e-001  5.945318e-001  5.945318e-001  5.945318e-001  5.945318e-001  5.945318e-001  -0.000000e+000  
7.756384e-001  7.756384e-001  7.756384e-001  7.756384e-001  7.756384e-001  7.756384e-001  7.756384e-001  7.756384e-001  7.756384e-001  7.756384e-001  7.756384e-001  7.756384e-001  7.756384e-001  7.756384e-001  7.756384e-001  -0.000000e+000  
9.104446e-001  9.104447e-001  9.104447e-001  9.104446e-001  9.104447e-001  9.104447e-001  9.104447e-001  9.104447e-001  9.104447e-001  9.104446e-001  9.104446e-001  9.104446e-001  9.104447e-001  9.104447e-001  9.104447e-001  -0.000000e+000  
9.835793e-001  9.835793e-001  9.835793e-001  9.835793e-001  9.835793e-001  9.835793e-001  9.835793e-001  9.835793e-001  9.835793e-001  9.835793e-001  9.835793e-001  9.835793e-001  9.835793e-001  9.835793e-001  9.835793e-001  -0.000000e+000  
9.955836e-001  9.955836e-001  9.955836e-001  9.955836e-001  9.955836e-001  9.955836e-001  9.955836e-001  9.955836e-001  9.955836e-001  9.955837e-001  9.955836e-001  9.955836e-001  9.955836e-001  9.955836e-001  9.955836e-001  -0.000000e+000  
1.004366e+000  1.004366e+000  1.004366e+000  1.004366e+000  1.004366e+000  1.004366e+000  1.004366e+000  1.004366e+000  1.004366e+000  1.004366e+000  1.004366e+000  1.004366e+000  1.004366e+000  1.004366e+000  1.004366e+000  -0.000000e+000  
1.009899e+000  1.009899e+000  1.009899e+000  1.009899e+000  1.009899e+000  1.009899e+000  1.009899e+000  1.009899e+000  1.009899e+000  1.009899e+000  1.009899e+000  1.009899e+000  1.009899e+000  1.009899e+000  1.009899e+000  -0.000000e+000  
1.011641e+000  1.011641e+000  1.011641e+000  1.011641e+000  1.011641e+000  1.011641e+000  1.011641e+000  1.011641e+000  1.011641e+000  1.011641e+000  1.011641e+000  1.011641e+000  1.011641e+000  1.011641e+000  1.011641e+000  -0.000000e+000  
1.012222e+000  1.012222e+000  1.012222e+000  1.012222e+000  1.012222e+000  1.012222e+000  1.012222e+000  1.012222e+000  1.012222e+000  1.012222e+000  1.012222e+000  1.012222e+000  1.012222e+000  1.012222e+000  1.012222e+000  -0.000000e+000  
1.011641e+000  1.011641e+000  1.011641e+000  1.011641e+000  1.011641e+000  1.011641e+000  1.011641e+000  1.011641e+000  1.011641e+000  1.011641e+000  1.011641e+000  1.011641e+000  1.011641e+000  1.011641e+000  1.011641e+000  -0.000000e+000  
1.009899e+000  1.009899e+000  1.009899e+000  1.009899e+000  1.009899e+000  1.009899e+000  1.009899e+000  1.009899e+000  1.009899e+000  1.009899e+000  1.009899e+000  1.009899e+000  1.009899e+000  1.009899e+000  1.009899e+000  -0.000000e+000  
1.004366e+000  1.004366e+000  1.004366e+000  1.004366e+000  1.004366e+000  1.004366e+000  1.004366e+000  1.004366e+000  1.004366e+000  1.004366e+000  1.004366e+000  1.004366e+000  1.004366e+000  1.004366e+000  1.004366e+000  -0.000000e+000  
9.955836e-001  9.955836e-001  9.955836e-001  9.955836e-001  9.955836e-001  9.955836e-001  9.955836e-001  9.955836e-001  9.955836e-001  9.955837e-001  9.955836e-001  9.955836e-001  9.955836e-001  9.955836e-001  9.955836e-001  -0.000000e+000  
9.835793e-001  9.835793e-001  9.835793e-001  9.835793e-001  9.835793e-001  9.835793e-001  9.835793e-001  9.835793e-001  9.835793e-001  9.835793e-001  9.835793e-001  9.835793e-001  9.835793e-001  9.835793e-001  9.835793e-001  -0.000000e+000  
9.104446e-001  9.104447e-001  9.104447e-001  9.104447e-001  9.104447e-001  9.104447e-001  9.104447e-001  9.104447e-001  9.104447e-001  9.104446e-001  9.104446e-001  9.104446e-001  9.104447e-001  9.104447e-001  9.104447e-001  -0.000000e+000  
7.756384e-001  7.756384e-001  7.756384e-001  7.756384e-001  7.756384e-001  7.756384e-001  7.756384e-001  7.756384e-001  7.756384e-001  7.756384e-001  7.756384e-001  7.756384e-001  7.756384e-001  7.756384e-001  7.756384e-001  -0.000000e+000  
5.945318e-001  5.945318e-001  5.945318e-001  5.945318e-001  5.945318e-001  5.945318e-001  5.945318e-001  5.945318e-001  5.945318e-001  5.945318e-001  5.945318e-001  5.945318e-001  5.945318e-001  5.945318e-001  5.945318e-001  -0.000000e+000  
3.779357e-001  3.779357e-001  3.779357e-001  3.779357e-001  3.779357e-001  3.779357e-001  3.779357e-001  3.779357e-001  3.779357e-001  3.779357e-001  3.779357e-001  3.779357e-001  3.779357e-001  3.779357e-001  3.779357e-001  -0.000000e+000  
1.708907e-001  1.708907e-001  1.708907e-001  1.708907e-001  1.708907e-001  1.708907e-001  1.708907e-001  1.708907e-001  1.708907e-001  1.708907e-001  1.708907e-001  1.708907e-001  1.708907e-001  1.708907e-001  1.708907e-001  -0.000000e+000  
1.142353e-001  1.142353e-001  1.142353e-001  1.142353e-001  1.142353e-001  1.142353e-001  1.142353e-001  1.142353e-001  1.142353e-001  1.142353e-001  1.142353e-001  1.142353e-001  1.142353e-001  1.142353e-001  1.142353e-001  -0.000000e+000  
5.721021e-002  5.721021e-002  5.721021e-002  5.721021e-002  5.721020e-002  5.721021e-002  5.721021e-002  5.721020e-002  5.721021e-002  5.721021e-002  5.721021e-002  5.721021e-002  5.721021e-002  5.721021e-002  5.721020e-002  -0.000000e+000  
-0.000000e+000  -0.000000e+000  -0.000000e+000  -0.000000e+000  -0.000000e+000  -0.000000e+000  -0.000000e+000  -0.000000e+000  -0.000000e+000  -0.000000e+000  -0.000000e+000  -0.000000e+000  -0.000000e+000  -0.000000e+000  -0.000000e+000  -0.000000e+000  

0.000000e+000  0.000000e+000  0.000000e+000  0.000000e+000  0.000000e+000  0.000000e+000  0.000000e+000  0.000000e+000  0.000000e+000  0.000000e+000  0.000000e+000  0.000000e+000  0.000000e+000  0.000000e+000  0.000000e+000  0.000000e+000  
0.000000e+000  0.000000e+000  0.000000e+000  0.000000e+000  0.000000e+000  0.000000e+000  0.000000e+000  0.000000e+000  0.000000e+000  0.000000e+000  0.000000e+000  0.000000e+000  0.000000e+000  0.000000e+000  0.000000e+000  0.000000e+000  
0.000000e+000  0.000000e+000  0.000000e+000  0.000000e+000  0.000000e+000  0.000000e+000  0.000000e+000  0.000000e+000  0.000000e+000  0.000000e+000  0.000000e+000  0.000000e+000  0.000000e+000  0.000000e+000  0.000000e+000  0.000000e+000  
0.000000e+000  0.000000e+000  0.000000e+000  0.000000e+000  0.000000e+000  0.000000e+000  0.000000e+000  0.000000e+000  0.000000e+000  0.000000e+000  0.000000e+000  0.000000e+000  0.000000e+000  0.000000e+000  0.000000e+000  0.000000e+000  
0.000000e+000  0.000000e+000  0.000000e+000  0.000000e+000  0.000000e+000  0.000000e+000  0.000000e+000  0.000000e+000  0.000000e+000  0.000000e+000  0.000000e+000  0.000000e+000  0.000000e+000  0.000000e+000  0.000000e+000  0.000000e+000  
0.000000e+000  0.000000e+000  0.000000e+000  0.000000e+000  0.000000e+000  0.000000e+000  0.000000e+000  0.000000e+000  0.000000e+000  0.000000e+000  0.000000e+000  0.000000e+000  0.000000e+000  0.000000e+000  0.000000e+000  0.000000e+000  
0.000000e+000  0.000000e+000  0.000000e+000  0.000000e+000  0.000000e+000  0.000000e+000  0.000000e+000  0.000000e+000  0.000000e+000  0.000000e+000  0.000000e+000  0.000000e+000  0.000000e+000  0.000000e+000  0.000000e+000  0.000000e+000  
0.000000e+000  0.000000e+000  0.000000e+000  0.000000e+000  0.000000e+000  0.000000e+000  0.000000e+000  0.000000e+000  0.000000e+000  0.000000e+000  0.000000e+000  0.000000e+000  0.000000e+000  0.000000e+000  0.000000e+000  0.000000e+000  
0.000000e+000  0.000000e+000  0.000000e+000  0.000000e+000  0.000000e+000  0.000000e+000  0.000000e+000  0.000000e+000  0.000000e+000  0.000000e+000  0.000000e+000  0.000000e+000  0.000000e+000  0.000000e+000  0.000000e+000  0.000000e+000  
0.000000e+000  0.000000e+000  0.000000e+000  0.000000e+000  0.000000e+000  0.000000e+000  0.000000e+000  0.000000e+000  0.000000e+000  0.000000e+000  0.000000e+000  0.000000e+000  0.000000e+000  0.000000e+000  0.000000e+000  0.000000e+000  
0.000000e+000  0.000000e+000  0.000000e+000  0.000000e+000  0.000000e+000  0.000000e+000  0.000000e+000  0.000000e+000  0.000000e+000  0.000000e+000  0.000000e+000  0.000000e+000  0.000000e+000  0.000000e+000  0.000000e+000  0.000000e+000  
0.000000e+000  0.000000e+000  0.000000e+000  0.000000e+000  0.000000e+000  0.000000e+000  0.000000e+000  0.000000e+000  0.000000e+000  0.000000e+000  0.000000e+000  0.000000e+000  0.000000e+000  0.000000e+000  0.000000e+000  0.000000e+000  
0.000000e+000  0.000000e+000  0.000000e+000  0.000000e+000  0.000000e+000  0.000000e+000  0.000000e+000  0.000000e+000  0.000000e+000  0.000000e+000  0.000000e+000  0.000000e+000  0.000000e+000  0.000000e+000  0.000000e+000  0.000000e+000  
0.000000e+000  0.000000e+000  0.000000e+000  0.000000e+000  0.000000e+000  0.000000e+000  0.000000e+000  0.000000e+000  0.000000e+000  0.000000e+000  0.000000e+000  0.000000e+000  0.000000e+000  0.000000e+000  0.000000e+000  0.000000e+000  
0.000000e+000  0.000000e+000  0.000000e+000  0.000000e+000  0.000000e+000  0.000000e+000  0.000000e+000  0.000000e+000  0.000000e+000  0.000000e+000  0.000000e+000  0.000000e+000  0.000000e+000  0.000000e+000  0.000000e+000  0.000000e+000  
0.000000e+000  0.000000e+000  0.000000e+000  0.000000e+000  0.000000e+000  0.000000e+000  0.000000e+000  0.000000e+000  0.000000e+000  0.000000e+000  0.000000e+000  0.000000e+000  0.000000e+000  0.000000e+000  0.000000e+000  0.000000e+000  
0.000000e+000  0.000000e+000  0.000000e+000  0.000000e+000  0.000000e+000  0.000000e+000  0.000000e+000  0.000000e+000  0.000000e+000  0.000000e+000  0.000000e+000  0.000000e+000  0.000000e+000  0.000000e+000  0.000000e+000  0.000000e+000  
0.000000e+000  0.000000e+000  0.000000e+000  0.000000e+000  0.000000e+000  0.000000e+000  0.000000e+000  0.000000e+000  0.000000e+000  0.000000e+000  0.000000e+000  0.000000e+000  0.000000e+000  0.000000e+000  0.000000e+000  0.000000e+000  
0.000000e+000  0.000000e+000  0.000000e+000  0.000000e+000  0.000000e+000  0.000000e+000  0.000000e+000  0.000000e+000  0.000000e+000  0.000000e+000  0.000000e+000  0.000000e+000  0.000000e+000  0.000000e+000  0.000000e+000  0.000000e+000  
0.000000e+000  0.000000e+000  0.000000e+000  0.000000e+000  0.000000e+000  0.000000e+000  0.000000e+000  0.000000e+000  0.000000e+000  0.000000e+000  0.000000e+000  0.000000e+000  0.000000e+000  0.000000e+000  0.000000e+000  0.000000e+000  
0.000000e+000  0.000000e+000  0.000000e+000  0.000000e+000  0.000000e+000  0.000000e+000  0.000000e+000  0.000000e+000  0.000000e+000  0.000000e+000  0.000000e+000  0.000000e+000  0.000000e+000  0.000000e+000  0.000000e+000  0.000000e+000  
0.000000e+000  0.000000e+000  0.000000e+000  0.000000e+000  0.000000e+000  0.000000e+000  0.000000e+000  0.000000e+000  0.000000e+000  0.000000e+000  0.000000e+000  0.000000e+000  0.000000e+000  0.000000e+000  0.000000e+000  0.000000e+000  
0.000000e+000  0.000000e+000  0.000000e+000  0.000000e+000  0.000000e+000  0.000000e+000  0.000000e+000  0.000000e+000  0.000000e+000  0.000000e+000  0.000000e+000  0.000000e+000  0.000000e+000  0.000000e+000  0.000000e+000  0.000000e+000  
0.000000e+000  0.000000e+000  0.000000e+000  0.000000e+000  0.000000e+000  0.000000e+000  0.000000e+000  0.000000e+000  0.000000e+000  0.000000e+000  0.000000e+000  0.000000e+000  0.000000e+000  0.000000e+000  0.000000e+000  0.000000e+000  
0.000000e+000  0.000000e+000  0.000000e+000  0.000000e+000  0.000000e+000  0.000000e+000  0.000000e+000  0.000000e+000  0.000000e+000  0.000000e+000  0.000000e+000  0.000000e+000  0.000000e+000  0.000000e+000  0.000000e+000  0.000000e+000  
0.000000e+000  0.000000e+000  0.000000e+000  0.000000e+000  0.000000e+000  0.000000e+000  0.000000e+000  0.000000e+000  0.000000e+000  0.000000e+000  0.000000e+000  0.000000e+000  0.000000e+000  0.000000e+000  0.000000e+000  0.000000e+000  
0.000000e+000  0.000000e+000  0.000000e+000  0.000000e+000  0.000000e+000  0.000000e+000  0.000000e+000  0.000000e+000  0.000000e+000  0.000000e+000  0.000000e+000  0.000000e+000  0.000000e+000  0.000000e+000  0.000000e+000  0.000000e+000  

0.000000e+000  0.000000e+000  0.000000e+000  0.000000e+000  0.000000e+000  0.000000e+000  0.000000e+000  0.000000e+000  0.000000e+000  0.000000e+000  0.000000e+000  0.000000e+000  0.000000e+000  0.000000e+000  0.000000e+000  0.000000e+000  
0.000000e+000  0.000000e+000  0.000000e+000  0.000000e+000  0.000000e+000  0.000000e+000  0.000000e+000  0.000000e+000  0.000000e+000  0.000000e+000  0.000000e+000  0.000000e+000  0.000000e+000  0.000000e+000  0.000000e+000  0.000000e+000  
0.000000e+000  0.000000e+000  0.000000e+000  0.000000e+000  0.000000e+000  0.000000e+000  0.000000e+000  0.000000e+000  0.000000e+000  0.000000e+000  0.000000e+000  0.000000e+000  0.000000e+000  0.000000e+000  0.000000e+000  0.000000e+000  
0.000000e+000  0.000000e+000  0.000000e+000  0.000000e+000  0.000000e+000  0.000000e+000  0.000000e+000  0.000000e+000  0.000000e+000  0.000000e+000  0.000000e+000  0.000000e+000  0.000000e+000  0.000000e+000  0.000000e+000  0.000000e+000  
0.000000e+000  0.000000e+000  0.000000e+000  0.000000e+000  0.000000e+000  0.000000e+000  0.000000e+000  0.000000e+000  0.000000e+000  0.000000e+000  0.000000e+000  0.000000e+000  0.000000e+000  0.000000e+000  0.000000e+000  0.000000e+000  
0.000000e+000  0.000000e+000  0.000000e+000  0.000000e+000  0.000000e+000  0.000000e+000  0.000000e+000  0.000000e+000  0.000000e+000  0.000000e+000  0.000000e+000  0.000000e+000  0.000000e+000  0.000000e+000  0.000000e+000  0.000000e+000  
0.000000e+000  0.000000e+000  0.000000e+000  0.000000e+000  0.000000e+000  0.000000e+000  0.000000e+000  0.000000e+000  0.000000e+000  0.000000e+000  0.000000e+000  0.000000e+000  0.000000e+000  0.000000e+000  0.000000e+000  0.000000e+000  
0.000000e+000  0.000000e+000  0.000000e+000  0.000000e+000  0.000000e+000  0.000000e+000  0.000000e+000  0.000000e+000  0.000000e+000  0.000000e+000  0.000000e+000  0.000000e+000  0.000000e+000  0.000000e+000  0.000000e+000  0.000000e+000  
0.000000e+000  0.000000e+000  0.000000e+000  0.000000e+000  0.000000e+000  0.000000e+000  0.000000e+000  0.000000e+000  0.000000e+000  0.000000e+000  0.000000e+000  0.000000e+000  0.000000e+000  0.000000e+000  0.000000e+000  0.000000e+000  
0.000000e+000  0.000000e+000  0.000000e+000  0.000000e+000  0.000000e+000  0.000000e+000  0.000000e+000  0.000000e+000  0.000000e+000  0.000000e+000  0.000000e+000  0.000000e+000  0.000000e+000  0.000000e+000  0.000000e+000  0.000000e+000  
0.000000e+000  0.000000e+000  0.000000e+000  0.000000e+000  0.000000e+000  0.000000e+000  0.000000e+000  0.000000e+000  0.000000e+000  0.000000e+000  0.000000e+000  0.000000e+000  0.000000e+000  0.000000e+000  0.000000e+000  0.000000e+000  
0.000000e+000  0.000000e+000  0.000000e+000  0.000000e+000  0.000000e+000  0.000000e+000  0.000000e+000  0.000000e+000  0.000000e+000  0.000000e+000  0.000000e+000  0.000000e+000  0.000000e+000  0.000000e+000  0.000000e+000  0.000000e+000  
0.000000e+000  0.000000e+000  0.000000e+000  0.000000e+000  0.000000e+000  0.000000e+000  0.000000e+000  0.000000e+000  0.000000e+000  0.000000e+000  0.000000e+000  0.000000e+000  0.000000e+000  0.000000e+000  0.000000e+000  0.000000e+000  
0.000000e+000  0.000000e+000  0.000000e+000  0.000000e+000  0.000000e+000  0.000000e+000  0.000000e+000  0.000000e+000  0.000000e+000  0.000000e+000  0.000000e+000  0.000000e+000  0.000000e+000  0.000000e+000  0.000000e+000  0.000000e+000  
0.000000e+000  0.000000e+000  0.000000e+000  0.000000e+000  0.000000e+000  0.000000e+000  0.000000e+000  0.000000e+000  0.000000e+000  0.000000e+000  0.000000e+000  0.000000e+000  0.000000e+000  0.000000e+000  0.000000e+000  0.000000e+000  
0.000000e+000  0.000000e+000  0.000000e+000  0.000000e+000  0.000000e+000  0.000000e+000  0.000000e+000  0.000000e+000  0.000000e+000  0.000000e+000  0.000000e+000  0.000000e+000  0.000000e+000  0.000000e+000  0.000000e+000  0.000000e+000  
0.000000e+000  0.000000e+000  0.000000e+000  0.000000e+000  0.000000e+000  0.000000e+000  0.000000e+000  0.000000e+000  0.000000e+000  0.000000e+000  0.000000e+000  0.000000e+000  0.000000e+000  0.000000e+000  0.000000e+000  0.000000e+000  
0.000000e+000  0.000000e+000  0.000000e+000  0.000000e+000  0.000000e+000  0.000000e+000  0.000000e+000  0.000000e+000  0.000000e+000  0.000000e+000  0.000000e+000  0.000000e+000  0.000000e+000  0.000000e+000  0.000000e+000  0.000000e+000  
0.000000e+000  0.000000e+000  0.000000e+000  0.000000e+000  0.000000e+000  0.000000e+000  0.000000e+000  0.000000e+000  0.000000e+000  0.000000e+000  0.000000e+000  0.000000e+000  0.000000e+000  0.000000e+000  0.000000e+000  0.000000e+000  
0.000000e+000  0.000000e+000  0.000000e+000  0.000000e+000  0.000000e+000  0.000000e+000  0.000000e+000  0.000000e+000  0.000000e+000  0.000000e+000  0.000000e+000  0.000000e+000  0.000000e+000  0.000000e+000  0.000000e+000  0.000000e+000  
0.000000e+000  0.000000e+000  0.000000e+000  0.000000e+000  0.000000e+000  0.000000e+000  0.000000e+000  0.000000e+000  0.000000e+000  0.000000e+000  0.000000e+000  0.000000e+000  0.000000e+000  0.000000e+000  0.000000e+000  0.000000e+000  
0.000000e+000  0.000000e+000  0.000000e+000  0.000000e+000  0.000000e+000  0.000000e+000  0.000000e+000  0.000000e+000  0.000000e+000  0.000000e+000  0.000000e+000  0.000000e+000  0.000000e+000  0.000000e+000  0.000000e+000  0.000000e+000  
0.000000e+000  0.000000e+000  0.000000e+000  0.000000e+000  0.000000e+000  0.000000e+000  0.000000e+000  0.000000e+000  0.000000e+000  0.000000e+000  0.000000e+000  0.000000e+000  0.000000e+000  0.000000e+000  0.000000e+000  0.000000e+000  
0.000000e+000  0.000000e+000  0.000000e+000  0.000000e+000  0.000000e+000  0.000000e+000  0.000000e+000  0.000000e+000  0.000000e+000  0.000000e+000  0.000000e+000  0.000000e+000  0.000000e+000  0.000000e+000  0.000000e+000  0.000000e+000  
0.000000e+000  0.000000e+000  0.000000e+000  0.000000e+000  0.000000e+000  0.000000e+000  0.000000e+000  0.000000e+000  0.000000e+000  0.000000e+000  0.000000e+000  0.000000e+000  0.000000e+000  0.000000e+000  0.000000e+000  0.000000e+000  
0.000000e+000  0.000000e+000  0.000000e+000  0.000000e+000  0.000000e+000  0.000000e+000  0.000000e+000  0.000000e+000  0.000000e+000  0.000000e+000  0.000000e+000  0.000000e+000  0.000000e+000  0.000000e+000  0.000000e+000  0.000000e+000  
0.000000e+000  0.000000e+000  0.000000e+000  0.000000e+000  0.000000e+000  0.000000e+000  0.000000e+000  0.000000e+000  0.000000e+000  0.000000e+000  0.000000e+000  0.000000e+000  0.000000e+000  0.000000e+000  0.000000e+000  0.000000e+000  

0.000000e+000  0.000000e+000  0.000000e+000  0.000000e+000  0.000000e+000  0.000000e+000  0.000000e+000  0.000000e+000  0.000000e+000  0.000000e+000  0.000000e+000  0.000000e+000  0.000000e+000  0.000000e+000  0.000000e+000  0.000000e+000  
0.000000e+000  0.000000e+000  0.000000e+000  0.000000e+000  0.000000e+000  0.000000e+000  0.000000e+000  0.000000e+000  0.000000e+000  0.000000e+000  0.000000e+000  0.000000e+000  0.000000e+000  0.000000e+000  0.000000e+000  0.000000e+000  
0.000000e+000  0.000000e+000  0.000000e+000  0.000000e+000  0.000000e+000  0.000000e+000  0.000000e+000  0.000000e+000  0.000000e+000  0.000000e+000  0.000000e+000  0.000000e+000  0.000000e+000  0.000000e+000  0.000000e+000  0.000000e+000  
0.000000e+000  0.000000e+000  0.000000e+000  0.000000e+000  0.000000e+000  0.000000e+000  0.000000e+000  0.000000e+000  0.000000e+000  0.000000e+000  0.000000e+000  0.000000e+000  0.000000e+000  0.000000e+000  0.000000e+000  0.000000e+000  
0.000000e+000  0.000000e+000  0.000000e+000  0.000000e+000  0.000000e+000  0.000000e+000  0.000000e+000  0.000000e+000  0.000000e+000  0.000000e+000  0.000000e+000  0.000000e+000  0.000000e+000  0.000000e+000  0.000000e+000  0.000000e+000  
0.000000e+000  0.000000e+000  0.000000e+000  0.000000e+000  0.000000e+000  0.000000e+000  0.000000e+000  0.000000e+000  0.000000e+000  0.000000e+000  0.000000e+000  0.000000e+000  0.000000e+000  0.000000e+000  0.000000e+000  0.000000e+000  
0.000000e+000  0.000000e+000  0.000000e+000  0.000000e+000  0.000000e+000  0.000000e+000  0.000000e+000  0.000000e+000  0.000000e+000  0.000000e+000  0.000000e+000  0.000000e+000  0.000000e+000  0.000000e+000  0.000000e+000  0.000000e+000  
0.000000e+000  0.000000e+000  0.000000e+000  0.000000e+000  0.000000e+000  0.000000e+000  0.000000e+000  0.000000e+000  0.000000e+000  0.000000e+000  0.000000e+000  0.000000e+000  0.000000e+000  0.000000e+000  0.000000e+000  0.000000e+000  
0.000000e+000  0.000000e+000  0.000000e+000  0.000000e+000  0.000000e+000  0.000000e+000  0.000000e+000  0.000000e+000  0.000000e+000  0.000000e+000  0.000000e+000  0.000000e+000  0.000000e+000  0.000000e+000  0.000000e+000  0.000000e+000  
0.000000e+000  0.000000e+000  0.000000e+000  0.000000e+000  0.000000e+000  0.000000e+000  0.000000e+000  0.000000e+000  0.000000e+000  0.000000e+000  0.000000e+000  0.000000e+000  0.000000e+000  0.000000e+000  0.000000e+000  0.000000e+000  
0.000000e+000  0.000000e+000  0.000000e+000  0.000000e+000  0.000000e+000  0.000000e+000  0.000000e+000  0.000000e+000  0.000000e+000  0.000000e+000  0.000000e+000  0.000000e+000  0.000000e+000  0.000000e+000  0.000000e+000  0.000000e+000  
0.000000e+000  0.000000e+000  0.000000e+000  0.000000e+000  0.000000e+000  0.000000e+000  0.000000e+000  0.000000e+000  0.000000e+000  0.000000e+000  0.000000e+000  0.000000e+000  0.000000e+000  0.000000e+000  0.000000e+000  0.000000e+000  
0.000000e+000  0.000000e+000  0.000000e+000  0.000000e+000  0.000000e+000  0.000000e+000  0.000000e+000  0.000000e+000  0.000000e+000  0.000000e+000  0.000000e+000  0.000000e+000  0.000000e+000  0.000000e+000  0.000000e+000  0.000000e+000  
0.000000e+000  0.000000e+000  0.000000e+000  0.000000e+000  0.000000e+000  0.000000e+000  0.000000e+000  0.000000e+000  0.000000e+000  0.000000e+000  0.000000e+000  0.000000e+000  0.000000e+000  0.000000e+000  0.000000e+000  0.000000e+000  
0.000000e+000  0.000000e+000  0.000000e+000  0.000000e+000  0.000000e+000  0.000000e+000  0.000000e+000  0.000000e+000  0.000000e+000  0.000000e+000  0.000000e+000  0.000000e+000  0.000000e+000  0.000000e+000  0.000000e+000  0.000000e+000  
0.000000e+000  0.000000e+000  0.000000e+000  0.000000e+000  0.000000e+000  0.000000e+000  0.000000e+000  0.000000e+000  0.000000e+000  0.000000e+000  0.000000e+000  0.000000e+000  0.000000e+000  0.000000e+000  0.000000e+000  0.000000e+000  
0.000000e+000  0.000000e+000  0.000000e+000  0.000000e+000  0.000000e+000  0.000000e+000  0.000000e+000  0.000000e+000  0.000000e+000  0.000000e+000  0.000000e+000  0.000000e+000  0.000000e+000  0.000000e+000  0.000000e+000  0.000000e+000  
0.000000e+000  0.000000e+000  0.000000e+000  0.000000e+000  0.000000e+000  0.000000e+000  0.000000e+000  0.000000e+000  0.000000e+000  0.000000e+000  0.000000e+000  0.000000e+000  0.000000e+000  0.000000e+000  0.000000e+000  0.000000e+000  
0.000000e+000  0.000000e+000  0.000000e+000  0.000000e+000  0.000000e+000  0.000000e+000  0.000000e+000  0.000000e+000  0.000000e+000  0.000000e+000  0.000000e+000  0.000000e+000  0.000000e+000  0.000000e+000  0.000000e+000  0.000000e+000  
0.000000e+000  0.000000e+000  0.000000e+000  0.000000e+000  0.000000e+000  0.000000e+000  0.000000e+000  0.000000e+000  0.000000e+000  0.000000e+000  0.000000e+000  0.000000e+000  0.000000e+000  0.000000e+000  0.000000e+000  0.000000e+000  
0.000000e+000  0.000000e+000  0.000000e+000  0.000000e+000  0.000000e+000  0.000000e+000  0.000000e+000  0.000000e+000  0.000000e+000  0.000000e+000  0.000000e+000  0.000000e+000  0.000000e+000  0.000000e+000  0.000000e+000  0.000000e+000  
0.000000e+000  0.000000e+000  0.000000e+000  0.000000e+000  0.000000e+000  0.000000e+000  0.000000e+000  0.000000e+000  0.000000e+000  0.000000e+000  0.000000e+000  0.000000e+000  0.000000e+000  0.000000e+000  0.000000e+000  0.000000e+000  
0.000000e+000  0.000000e+000  0.000000e+000  0.000000e+000  0.000000e+000  0.000000e+000  0.000000e+000  0.000000e+000  0.000000e+000  0.000000e+000  0.000000e+000  0.000000e+000  0.000000e+000  0.000000e+000  0.000000e+000  0.000000e+000  
0.000000e+000  0.000000e+000  0.000000e+000  0.000000e+000  0.000000e+000  0.000000e+000  0.000000e+000  0.000000e+000  0.000000e+000  0.000000e+000  0.000000e+000  0.000000e+000  0.000000e+000  0.000000e+000  0.000000e+000  0.000000e+000  
0.000000e+000  0.000000e+000  0.000000e+000  0.000000e+000  0.000000e+000  0.000000e+000  0.000000e+000  0.000000e+000  0.000000e+000  0.000000e+000  0.000000e+000  0.000000e+000  0.000000e+000  0.000000e+000  0.000000e+000  0.000000e+000  
0.000000e+000  0.000000e+000  0.000000e+000  0.000000e+000  0.000000e+000  0.000000e+000  0.000000e+000  0.000000e+000  0.000000e+000  0.000000e+000  0.000000e+000  0.000000e+000  0.000000e+000  0.000000e+000  0.000000e+000  0.000000e+000  
0.000000e+000  0.000000e+000  0.000000e+000  0.000000e+000  0.000000e+000  0.000000e+000  0.000000e+000  0.000000e+000  0.000000e+000  0.000000e+000  0.000000e+000  0.000000e+000  0.000000e+000  0.000000e+000  0.000000e+000  0.000000e+000  

1.026483e+000  1.026483e+000  1.026483e+000  1.026483e+000  1.026483e+000  1.026483e+000  1.026483e+000  1.026483e+000  1.026483e+000  1.026483e+000  1.026483e+000  1.026483e+000  1.026483e+000  1.026483e+000  1.026483e+000  -0.000000e+000  
1.023161e+000  1.023161e+000  1.023161e+000  1.023161e+000  1.023161e+000  1.023161e+000  1.023161e+000  1.023161e+000  1.023161e+000  1.023161e+000  1.023161e+000  1.023161e+000  1.023161e+000  1.023161e+000  1.023161e+000  -0.000000e+000  
1.016529e+000  1.016529e+000  1.016529e+000  1.016529e+000  1.016529e+000  1.016529e+000  1.016529e+000  1.016529e+000  1.016529e+000  1.016529e+000  1.016529e+000  1.016529e+000  1.016529e+000  1.016529e+000  1.016529e+000  -0.000000e+000  
9.930080e-001  9.930080e-001  9.930080e-001  9.930080e-001  9.930080e-001  9.930080e-001  9.930080e-001  9.930080e-001  9.930080e-001  9.930080e-001  9.930080e-001  9.930080e-001  9.930080e-001  9.930080e-001  9.930080e-001  -0.000000e+000  
9.048393e-001  9.048393e-001  9.048393e-001  9.048393e-001  9.048393e-001  9.048393e-001  9.048393e-001  9.048393e-001  9.048393e-001  9.048393e-001  9.048393e-001  9.048393e-001  9.048393e-001  9.048393e-001  9.048393e-001  -0.000000e+000  
7.565804e-001  7.565804e-001  7.565804e-001  7.565804e-001  7.565804e-001  7.565804e-001  7.565804e-001  7.565804e-001  7.565804e-001  7.565804e-001  7.565804e-001  7.565804e-001  7.565804e-001  7.565804e-001  7.565804e-001  -0.000000e+000  
5.631588e-001  5.631588e-001  5.631588e-001  5.631588e-001  5.631588e-001  5.631588e-001  5.631588e-001  5.631588e-001  5.631588e-001  5.631588e-001  5.631588e-001  5.631588e-001  5.631588e-001  5.631588e-001  5.631588e-001  -0.000000e+000  
3.507610e-001  3.507610e-001  3.507610e-001  3.507610e-001  3.507610e-001  3.507610e-001  3.507610e-001  3.507610e-001  3.507610e-001  3.507610e-001  3.507610e-001  3.507610e-001  3.507610e-001  3.507610e-001  3.507610e-001  -0.000000e+000  
2.153857e-001  2.153857e-001  2.153857e-001  2.153857e-001  2.153857e-001  2.153857e-001  2.153857e-001  2.153857e-001  2.153857e-001  2.153857e-001  2.153857e-001  2.153857e-001  2.153857e-001  2.153857e-001  2.153857e-001  -0.000000e+000  
1.575806e-001  1.575806e-001  1.575806e-001  1.575806e-001  1.575806e-001  1.575806e-001  1.575806e-001  1.575806e-001  1.575806e-001  1.575806e-001  1.575806e-001  1.575806e-001  1.575806e-001  1.575806e-001  1.575806e-001  -0.000000e+000  
9.926555e-002  9.926555e-002  9.926555e-002  9.926555e-002  9.926555e-002  9.926555e-002  9.926555e-002  9.926555e-002  9.926555e-002  9.926555e-002  9.926554e-002  9.926555e-002  9.926555e-002  9.926555e-002  9.926555e-002  -0.000000e+000  
5.248568e-002  5.248568e-002  5.248568e-002  5.248568e-002  5.248568e-002  5.248568e-002  5.248567e-002  5.248567e-002  5.248567e-002  5.248567e-002  5.248567e-002  5.248567e-002  5.248567e-002  5.248567e-002  5.248567e-002  -0.000000e+000  
1.750192e-002  1.750192e-002  1.750192e-002  1.750192e-002  1.750192e-002  1.750192e-002  1.750192e-002  1.750192e-002  1.750192e-002  1.750192e-002  1.750192e-002  1.750192e-002  1.750192e-002  1.750192e-002  1.750192e-002  -0.000000e+000  
-1.750192e-002  -1.750192e-002  -1.750192e-002  -1.750192e-002  -1.750192e-002  -1.750192e-002  -1.750192e-002  -1.750192e-002  -1.750192e-002  -1.750192e-002  -1.750192e-002  -1.750192e-002  -1.750192e-002  -1.750192e-002  -1.750192e-002  -0.000000e+000  
-5.248568e-002  -5.248568e-002  -5.248568e-002  -5.248568e-002  -5.248568e-002  -5.248568e-002  -5.248567e-002  -5.248567e-002  -5.248567e-002  -5.248567e-002  -5.248567e-002  -5.248567e-002  -5.248567e-002  -5.248567e-002  -5.248567e-002  -0.000000e+000  
-9.926555e-002  -9.926555e-002  -9.926555e-002  -9.926555e-002  -9.926555e-002  -9.926555e-002  -9.926555e-002  -9.926555e-002  -9.926555e-002  -9.926555e-002  -9.926554e-002  -9.926555e-002  -9.926555e-002  -9.926555e-002  -9.926555e-002  -0.000000e+000  
-1.575806e-001  -1.575806e-001  -1.575806e-001  -1.575806e-001  -1.575806e-001  -1.575806e-001  -1.575806e-001  -1.575806e-001  -1.575806e-001  -1.575806e-001  -1.575806e-001  -1.575806e-001  -1.575806e-001  -1.575806e-001  -1.575806e-001  -0.000000e+000  
-2.153857e-001  -2.153857e-001  -2.153857e-001  -2.153857e-001  -2.153857e-001  -2.153857e-001  -2.153857e-001  -2.153857e-001  -2.153857e-001  -2.153857e-001  -2.153857e-001  -2.153857e-001  -2.153857e-001  -2.153857e-001  -2.153857e-001  -0.000000e+000  
-3.507610e-001  -3.507610e-001  -3.507610e-001  -3.507610e-001  -3.507610e-001  -3.507610e-001  -3.507610e-001  -3.507610e-001  -3.507610e-001  -3.507610e-001  -3.507610e-001  -3.507610e-001  -3.507610e-001  -3.507610e-001  -3.507610e-001  -0.000000e+000  
-5.631588e-001  -5.631588e-001  -5.631588e-001  -5.631588e-001  -5.631588e-001  -5.631588e-001  -5.631588e-001  -5.631588e-001  -5.631588e-001  -5.631588e-001  -5.631588e-001  -5.631588e-001  -5.631588e-001  -5.631588e-001  -5.631588e-001  -0.000000e+000  
-7.565804e-001  -7.565804e-001  -7.565804e-001  -7.565804e-001  -7.565804e-001  -7.565804e-001  -7.565804e-001  -7.565804e-001  -7.565804e-001  -7.565804e-001  -7.565804e-001  -7.565804e-001  -7.565804e-001  -7.565804e-001  -7.565804e-001  -0.000000e+000  
-9.048393e-001  -9.048393e-001  -9.048393e-001  -9.048393e-001  -9.048393e-001  -9.048393e-001  -9.048393e-001  -9.048393e-001  -9.048393e-001  -9.048393e-001  -9.048393e-001  -9.048393e-001  -9.048393e-001  -9.048393e-001  -9.048393e-001  -0.000000e+000  
-9.930080e-001  -9.930080e-001  -9.930080e-001  -9.930080e-001  -9.930080e-001  -9.930080e-001  -9.930080e-001  -9.930080e-001  -9.930080e-001  -9.930080e-001  -9.930080e-001  -9.930080e-001  -9.930080e-001  -9.930080e-001  -9.930080e-001  -0.000000e+000  
-1.016529e+000  -1.016529e+000  -1.016529e+000  -1.016529e+000  -1.016529e+000  -1.016529e+000  -1.016529e+000  -1.016529e+000  -1.016529e+000  -1.016529e+000  -1.016529e+000  -1.016529e+000  -1.016529e+000  -1.016529e+000  -1.016529e+000  -0.000000e+000  
-1.023161e+000  -1.023161e+000  -1.023161e+000  -1.023161e+000  -1.023161e+000  -1.023161e+000  -1.023161e+000  -1.023161e+000  -1.023161e+000  -1.023161e+000  -1.023161e+000  -1.023161e+000  -1.023161e+000  -1.023161e+000  -1.023161e+000  -0.000000e+000  
-1.026483e+000  -1.026483e+000  -1.026483e+000  -1.026483e+000  -1.026483e+000  -1.026483e+000  -1.026483e+000  -1.026483e+000  -1.026483e+000  -1.026483e+000  -1.026483e+000  -1.026483e+000  -1.026483e+000  -1.026483e+000  -1.026483e+000  -0.000000e+000  
-0.000000e+000  -0.000000e+000  -0.000000e+000  -0.000000e+000  -0.000000e+000  -0.000000e+000  -0.000000e+000  -0.000000e+000  -0.000000e+000  -0.000000e+000  -0.000000e+000  -0.000000e+000  -0.000000e+000  -0.000000e+000  -0.000000e+000  -0.000000e+000  

