Port monitor named: Port2_e3[2.2].prt

nx        = 69
ny        = 23
nz        = 31

nu        = 16
nv        = 27
iu        = 3
iv        = 3

idir      = 0
dcut      = 4.914300e-001
icut      = 69
type      = 0
frequency = 2.200000e+009

fcutoff   = 3.942260e+009
alpha     = 6.855059e+001
beta      = 0.000000e+000
accuracy  = 2.310186e-009

type          = TE
wave imp.     = 2.533968e+002
wave imp.sig. = 6.979716e-006
line imp.     = 0.000000e+000

ref. port     = 0

0.000000e+000  0.000000e+000  0.000000e+000  0.000000e+000  0.000000e+000  0.000000e+000  0.000000e+000  0.000000e+000  0.000000e+000  0.000000e+000  0.000000e+000  0.000000e+000  0.000000e+000  0.000000e+000  0.000000e+000  0.000000e+000  
4.298950e-007  3.259652e-007  1.646653e-007  -7.877550e-008  -3.567880e-007  -5.852765e-007  -5.312266e-007  -1.965527e-007  -4.413825e-008  -1.408189e-006  -1.251892e-006  -1.251998e-006  -1.446464e-006  -1.296244e-006  -1.161798e-006  0.000000e+000  
9.301117e-007  7.679911e-007  4.163500e-007  -8.927577e-008  -8.061394e-007  -1.481052e-006  -1.357768e-006  -2.119864e-007  7.193461e-007  -2.983776e-006  -2.469608e-006  -2.450646e-006  -3.102597e-006  -2.555186e-006  -2.176173e-006  0.000000e+000  
1.615205e-006  1.390285e-006  9.281520e-007  1.194949e-007  -1.200677e-006  -3.439039e-006  -3.149584e-006  1.544552e-008  4.127608e-006  -5.027873e-006  -3.599947e-006  -3.508153e-006  -5.541934e-006  -3.601635e-006  -2.762141e-006  0.000000e+000  
-8.127425e-006  -7.820929e-006  -7.168538e-006  -6.144452e-006  -4.677673e-006  -2.654315e-006  -1.877023e-006  -1.613264e-006  -1.604689e-006  6.270224e-006  -4.592713e-006  -1.181192e-005  -7.561476e-006  -7.380246e-006  -7.282987e-006  0.000000e+000  
-2.258996e-006  -2.187850e-006  -2.039765e-006  -1.834886e-006  -1.578420e-006  -1.303113e-006  -1.041372e-006  -8.007741e-007  -5.603182e-007  7.206438e-008  -2.180043e-006  -4.037368e-006  -3.846623e-006  -3.787425e-006  -3.755087e-006  0.000000e+000  
2.697080e-006  2.586894e-006  2.376748e-006  2.065531e-006  1.667865e-006  1.226752e-006  7.726894e-007  3.209701e-007  -1.346579e-007  -1.266723e-006  5.213072e-007  2.134257e-006  1.835084e-006  1.759016e-006  1.730832e-006  0.000000e+000  
9.256479e-006  8.888003e-006  8.142241e-006  6.972877e-006  5.324146e-006  3.076745e-006  2.020133e-006  1.417831e-006  1.059203e-006  -7.556121e-006  3.242843e-006  1.057008e-005  6.113492e-006  5.851709e-006  5.696073e-006  0.000000e+000  
7.647057e-007  9.151113e-007  1.239942e-006  1.845320e-006  2.908482e-006  4.825347e-006  4.142638e-006  3.634946e-007  -4.533327e-006  2.651633e-006  2.722653e-006  3.706336e-006  4.759654e-006  2.466445e-006  1.429297e-006  0.000000e+000  
1.898533e-006  1.984194e-006  2.157205e-006  2.435959e-006  2.847136e-006  3.246267e-006  2.956151e-006  1.169615e-006  -8.192100e-007  -4.833710e-007  1.829283e-006  3.541830e-006  2.277339e-006  1.182289e-006  5.363932e-007  0.000000e+000  
2.880250e-006  2.884165e-006  2.886357e-006  2.834676e-006  2.699340e-006  2.500202e-006  3.213115e-006  2.120680e-006  7.489379e-007  -3.753708e-006  9.403090e-007  3.607369e-006  2.550589e-007  -5.893065e-007  -1.024006e-006  0.000000e+000  
3.773211e-006  3.711911e-006  3.596745e-006  3.308347e-006  2.594641e-006  5.995943e-007  5.278612e-006  3.349194e-006  2.957613e-006  -7.923622e-006  1.732067e-007  4.265694e-006  -2.465268e-006  -2.772408e-006  -3.009159e-006  0.000000e+000  
1.886555e-006  1.875329e-006  1.780256e-006  1.608262e-006  1.282794e-006  7.409855e-007  2.245877e-006  1.684449e-006  1.167718e-006  -3.804681e-006  5.540717e-008  2.032684e-006  -1.049236e-006  -1.347379e-006  -1.478852e-006  0.000000e+000  
-5.516009e-009  -1.505912e-008  1.795522e-008  0.000000e+000  -5.457153e-009  4.325872e-009  1.347007e-008  5.844048e-009  4.700128e-009  -4.683154e-009  -1.568370e-008  -6.906950e-009  4.547378e-009  -3.856865e-009  0.000000e+000  0.000000e+000  
-1.883404e-006  -1.841895e-006  -1.784991e-006  -1.587349e-006  -1.252858e-006  -7.374213e-007  -2.261535e-006  -1.677342e-006  -1.162342e-006  3.795396e-006  -8.308641e-008  -2.048054e-006  1.031454e-006  1.357203e-006  1.496985e-006  0.000000e+000  
-3.758188e-006  -3.703469e-006  -3.573767e-006  -3.294336e-006  -2.604267e-006  -6.006760e-007  -5.278306e-006  -3.347973e-006  -2.950096e-006  7.911252e-006  -2.025038e-007  -4.279220e-006  2.474058e-006  2.775203e-006  3.010041e-006  0.000000e+000  
-2.847304e-006  -2.857284e-006  -2.867167e-006  -2.828480e-006  -2.713533e-006  -2.518298e-006  -3.223996e-006  -2.134341e-006  -7.523811e-007  3.738878e-006  -9.639091e-007  -3.613582e-006  -2.454301e-007  6.076277e-007  1.039276e-006  0.000000e+000  
-1.887206e-006  -1.967728e-006  -2.144103e-006  -2.457226e-006  -2.852761e-006  -3.265923e-006  -2.975890e-006  -1.177266e-006  7.991039e-007  4.690610e-007  -1.849866e-006  -3.536420e-006  -2.258330e-006  -1.161823e-006  -5.119817e-007  0.000000e+000  
-7.858377e-007  -9.282937e-007  -1.253762e-006  -1.853237e-006  -2.923297e-006  -4.832136e-006  -4.151747e-006  -3.923590e-007  4.500026e-006  -2.670132e-006  -2.741979e-006  -3.695018e-006  -4.742108e-006  -2.445742e-006  -1.402437e-006  0.000000e+000  
-9.273576e-006  -8.914318e-006  -8.172989e-006  -7.011530e-006  -5.345571e-006  -3.087824e-006  -2.029753e-006  -1.445492e-006  -1.091656e-006  7.536951e-006  -3.257655e-006  -1.056018e-005  -6.102973e-006  -5.852171e-006  -5.719147e-006  0.000000e+000  
-2.729930e-006  -2.613476e-006  -2.395125e-006  -2.085510e-006  -1.700381e-006  -1.256342e-006  -8.045041e-007  -3.463441e-007  1.076588e-007  1.243455e-006  -5.492176e-007  -2.177522e-006  -1.892472e-006  -1.803224e-006  -1.764885e-006  0.000000e+000  
2.234341e-006  2.160826e-006  2.016534e-006  1.806013e-006  1.549745e-006  1.279891e-006  1.026008e-006  7.871781e-007  5.455140e-007  -8.803790e-008  2.170819e-006  4.010768e-006  3.826776e-006  3.769440e-006  3.734116e-006  0.000000e+000  
8.068648e-006  7.769144e-006  7.132022e-006  6.122697e-006  4.658147e-006  2.637782e-006  1.851961e-006  1.598760e-006  1.603316e-006  -6.283039e-006  4.601006e-006  1.181274e-005  7.569773e-006  7.376780e-006  7.251312e-006  0.000000e+000  
-1.606278e-006  -1.398759e-006  -9.511937e-007  -1.491078e-007  1.193221e-006  3.422892e-006  3.139588e-006  -3.503827e-008  -4.145628e-006  5.021276e-006  3.601046e-006  3.509278e-006  5.554836e-006  3.611425e-006  2.753151e-006  0.000000e+000  
-9.273419e-007  -7.764652e-007  -4.488768e-007  7.438005e-008  7.712357e-007  1.491572e-006  1.346116e-006  1.970644e-007  -7.354371e-007  2.974375e-006  2.468771e-006  2.450421e-006  3.108598e-006  2.572609e-006  2.181662e-006  0.000000e+000  
-4.268009e-007  -3.453950e-007  -1.809587e-007  5.232241e-008  3.620088e-007  5.722211e-007  5.347519e-007  1.924454e-007  3.695499e-008  1.402060e-006  1.252870e-006  1.250624e-006  1.453339e-006  1.308304e-006  1.176031e-006  0.000000e+000  
0.000000e+000  0.000000e+000  0.000000e+000  0.000000e+000  0.000000e+000  0.000000e+000  0.000000e+000  0.000000e+000  0.000000e+000  0.000000e+000  0.000000e+000  0.000000e+000  0.000000e+000  0.000000e+000  0.000000e+000  0.000000e+000  

0.000000e+000  4.784545e+001  9.491897e+001  1.404611e+002  1.837371e+002  2.240487e+002  2.607455e+002  2.966095e+002  3.265572e+002  3.499912e+002  3.773061e+002  2.965442e+002  1.517166e+002  1.028575e+002  5.194684e+001  0.000000e+000  
0.000000e+000  4.784545e+001  9.491897e+001  1.404611e+002  1.837371e+002  2.240487e+002  2.607455e+002  2.966095e+002  3.265572e+002  3.499912e+002  3.773061e+002  2.965442e+002  1.517166e+002  1.028575e+002  5.194684e+001  0.000000e+000  
0.000000e+000  4.784545e+001  9.491897e+001  1.404611e+002  1.837371e+002  2.240487e+002  2.607455e+002  2.966095e+002  3.265572e+002  3.499912e+002  3.773061e+002  2.965442e+002  1.517166e+002  1.028575e+002  5.194684e+001  0.000000e+000  
0.000000e+000  4.784544e+001  9.491896e+001  1.404611e+002  1.837370e+002  2.240487e+002  2.607455e+002  2.966095e+002  3.265572e+002  3.499912e+002  3.773061e+002  2.965442e+002  1.517165e+002  1.028575e+002  5.194683e+001  0.000000e+000  
0.000000e+000  4.784545e+001  9.491897e+001  1.404611e+002  1.837371e+002  2.240487e+002  2.607455e+002  2.966095e+002  3.265572e+002  3.499912e+002  3.773061e+002  2.965442e+002  1.517165e+002  1.028575e+002  5.194683e+001  0.000000e+000  
0.000000e+000  4.784544e+001  9.491896e+001  1.404611e+002  1.837371e+002  2.240487e+002  2.607455e+002  2.966095e+002  3.265572e+002  3.499912e+002  3.773061e+002  2.965442e+002  1.517165e+002  1.028575e+002  5.194683e+001  0.000000e+000  
0.000000e+000  4.784545e+001  9.491897e+001  1.404611e+002  1.837371e+002  2.240487e+002  2.607455e+002  2.966095e+002  3.265572e+002  3.499912e+002  3.773061e+002  2.965442e+002  1.517165e+002  1.028575e+002  5.194683e+001  0.000000e+000  
0.000000e+000  4.784544e+001  9.491896e+001  1.404611e+002  1.837371e+002  2.240487e+002  2.607455e+002  2.966095e+002  3.265572e+002  3.499912e+002  3.773061e+002  2.965442e+002  1.517165e+002  1.028575e+002  5.194683e+001  0.000000e+000  
0.000000e+000  4.784545e+001  9.491897e+001  1.404611e+002  1.837371e+002  2.240487e+002  2.607455e+002  2.966095e+002  3.265572e+002  3.499913e+002  3.773061e+002  2.965442e+002  1.517166e+002  1.028575e+002  5.194684e+001  0.000000e+000  
0.000000e+000  4.784545e+001  9.491897e+001  1.404611e+002  1.837371e+002  2.240487e+002  2.607455e+002  2.966095e+002  3.265572e+002  3.499913e+002  3.773061e+002  2.965442e+002  1.517166e+002  1.028575e+002  5.194684e+001  0.000000e+000  
0.000000e+000  4.784545e+001  9.491897e+001  1.404611e+002  1.837371e+002  2.240487e+002  2.607455e+002  2.966095e+002  3.265572e+002  3.499913e+002  3.773061e+002  2.965442e+002  1.517166e+002  1.028575e+002  5.194684e+001  0.000000e+000  
0.000000e+000  4.784544e+001  9.491896e+001  1.404611e+002  1.837370e+002  2.240486e+002  2.607455e+002  2.966095e+002  3.265572e+002  3.499912e+002  3.773061e+002  2.965442e+002  1.517165e+002  1.028575e+002  5.194683e+001  0.000000e+000  
0.000000e+000  4.784544e+001  9.491896e+001  1.404611e+002  1.837370e+002  2.240486e+002  2.607455e+002  2.966095e+002  3.265572e+002  3.499912e+002  3.773061e+002  2.965442e+002  1.517165e+002  1.028575e+002  5.194683e+001  0.000000e+000  
0.000000e+000  4.784544e+001  9.491896e+001  1.404611e+002  1.837370e+002  2.240486e+002  2.607455e+002  2.966095e+002  3.265572e+002  3.499912e+002  3.773061e+002  2.965442e+002  1.517165e+002  1.028575e+002  5.194683e+001  0.000000e+000  
0.000000e+000  4.784544e+001  9.491896e+001  1.404611e+002  1.837370e+002  2.240486e+002  2.607455e+002  2.966095e+002  3.265572e+002  3.499912e+002  3.773061e+002  2.965442e+002  1.517165e+002  1.028575e+002  5.194683e+001  0.000000e+000  
0.000000e+000  4.784545e+001  9.491897e+001  1.404611e+002  1.837371e+002  2.240487e+002  2.607455e+002  2.966095e+002  3.265572e+002  3.499913e+002  3.773061e+002  2.965442e+002  1.517166e+002  1.028575e+002  5.194684e+001  0.000000e+000  
0.000000e+000  4.784545e+001  9.491897e+001  1.404611e+002  1.837371e+002  2.240487e+002  2.607455e+002  2.966095e+002  3.265572e+002  3.499913e+002  3.773061e+002  2.965442e+002  1.517166e+002  1.028575e+002  5.194684e+001  0.000000e+000  
0.000000e+000  4.784545e+001  9.491897e+001  1.404611e+002  1.837371e+002  2.240487e+002  2.607455e+002  2.966095e+002  3.265572e+002  3.499913e+002  3.773061e+002  2.965442e+002  1.517166e+002  1.028575e+002  5.194684e+001  0.000000e+000  
0.000000e+000  4.784544e+001  9.491896e+001  1.404611e+002  1.837371e+002  2.240487e+002  2.607455e+002  2.966095e+002  3.265572e+002  3.499912e+002  3.773061e+002  2.965442e+002  1.517165e+002  1.028575e+002  5.194683e+001  0.000000e+000  
0.000000e+000  4.784545e+001  9.491897e+001  1.404611e+002  1.837371e+002  2.240487e+002  2.607455e+002  2.966095e+002  3.265572e+002  3.499912e+002  3.773061e+002  2.965442e+002  1.517165e+002  1.028575e+002  5.194683e+001  0.000000e+000  
0.000000e+000  4.784544e+001  9.491896e+001  1.404611e+002  1.837371e+002  2.240487e+002  2.607455e+002  2.966095e+002  3.265572e+002  3.499912e+002  3.773061e+002  2.965442e+002  1.517165e+002  1.028575e+002  5.194683e+001  0.000000e+000  
0.000000e+000  4.784545e+001  9.491897e+001  1.404611e+002  1.837371e+002  2.240487e+002  2.607455e+002  2.966095e+002  3.265572e+002  3.499912e+002  3.773061e+002  2.965442e+002  1.517165e+002  1.028575e+002  5.194683e+001  0.000000e+000  
0.000000e+000  4.784544e+001  9.491896e+001  1.404611e+002  1.837370e+002  2.240487e+002  2.607455e+002  2.966095e+002  3.265572e+002  3.499912e+002  3.773061e+002  2.965442e+002  1.517165e+002  1.028575e+002  5.194683e+001  0.000000e+000  
0.000000e+000  4.784545e+001  9.491897e+001  1.404611e+002  1.837371e+002  2.240487e+002  2.607455e+002  2.966095e+002  3.265572e+002  3.499912e+002  3.773061e+002  2.965442e+002  1.517166e+002  1.028575e+002  5.194684e+001  0.000000e+000  
0.000000e+000  4.784545e+001  9.491897e+001  1.404611e+002  1.837371e+002  2.240487e+002  2.607455e+002  2.966095e+002  3.265572e+002  3.499912e+002  3.773061e+002  2.965442e+002  1.517166e+002  1.028575e+002  5.194684e+001  0.000000e+000  
0.000000e+000  4.784545e+001  9.491897e+001  1.404611e+002  1.837371e+002  2.240487e+002  2.607455e+002  2.966095e+002  3.265572e+002  3.499912e+002  3.773061e+002  2.965442e+002  1.517166e+002  1.028575e+002  5.194684e+001  0.000000e+000  
0.000000e+000  0.000000e+000  0.000000e+000  0.000000e+000  0.000000e+000  0.000000e+000  0.000000e+000  0.000000e+000  0.000000e+000  0.000000e+000  0.000000e+000  0.000000e+000  0.000000e+000  0.000000e+000  0.000000e+000  0.000000e+000  

0.000000e+000  0.000000e+000  0.000000e+000  0.000000e+000  0.000000e+000  0.000000e+000  0.000000e+000  0.000000e+000  0.000000e+000  0.000000e+000  0.000000e+000  0.000000e+000  0.000000e+000  0.000000e+000  0.000000e+000  0.000000e+000  
0.000000e+000  -4.527209e-007  -4.548019e-007  -7.420275e-007  -7.821191e-007  -1.026642e-006  -1.194391e-006  -1.415136e-006  -1.825488e-006  -1.917186e-006  -1.263623e-006  -1.034762e-006  -9.437569e-007  -4.980418e-007  -3.742663e-007  0.000000e+000  
0.000000e+000  -5.118190e-007  -1.023779e-006  -1.074290e-006  -1.673755e-006  -1.728110e-006  -2.437291e-006  -2.625802e-006  -3.200946e-006  -3.994844e-006  -2.622140e-006  -2.045941e-006  -1.838729e-006  -1.239301e-006  -5.229965e-007  0.000000e+000  
0.000000e+000  -7.455455e-007  -1.226032e-006  -1.786008e-006  -2.206113e-006  -2.979693e-006  -3.223123e-006  -3.720993e-006  -4.673693e-006  -6.557450e-006  -3.931583e-006  -2.956970e-006  -2.824640e-006  -1.703434e-006  -9.094615e-007  0.000000e+000  
0.000000e+000  -5.141147e-007  -8.344451e-007  -1.335330e-006  -1.901903e-006  -2.622938e-006  -3.444218e-006  -4.129460e-006  -4.691870e-006  -5.061095e-006  -8.014550e-006  -6.704952e-006  -2.655532e-006  -1.881426e-006  -1.073671e-006  0.000000e+000  
0.000000e+000  -2.071592e-007  -3.424812e-007  -5.966960e-007  -7.557077e-007  -9.482603e-007  -1.123990e-006  -1.364964e-006  -1.559424e-006  -1.736206e-006  -2.293744e-006  -1.940037e-006  -8.478210e-007  -5.464028e-007  -2.506861e-007  0.000000e+000  
0.000000e+000  2.043017e-007  4.764825e-007  6.542176e-007  7.984104e-007  1.041175e-006  1.296149e-006  1.660446e-006  1.940728e-006  2.067561e-006  2.947977e-006  2.571792e-006  1.180613e-006  9.314313e-007  5.620659e-007  0.000000e+000  
0.000000e+000  3.714073e-007  8.336243e-007  1.255176e-006  1.867056e-006  2.558955e-006  3.355523e-006  4.014573e-006  4.706074e-006  5.239742e-006  8.874659e-006  7.647749e-006  3.072845e-006  2.119483e-006  1.073228e-006  0.000000e+000  
0.000000e+000  5.423544e-007  9.078906e-007  1.344086e-006  1.635309e-006  2.190727e-006  2.464982e-006  2.795036e-006  3.975377e-006  6.059163e-006  5.210733e-006  4.544182e-006  3.322563e-006  1.872992e-006  8.791061e-007  0.000000e+000  
0.000000e+000  1.798974e-007  2.401642e-007  3.674769e-007  7.823626e-007  7.105857e-007  1.209319e-006  1.536233e-006  1.913007e-006  3.025434e-006  4.479924e-006  3.914458e-006  2.059509e-006  1.263580e-006  5.031870e-007  0.000000e+000  
0.000000e+000  -1.643707e-007  -1.862807e-007  -3.451160e-007  -5.379040e-007  -1.543476e-007  -3.344222e-007  -4.595832e-007  -6.044450e-008  1.219903e-007  3.668650e-006  3.134103e-006  7.701814e-007  3.116486e-007  2.023512e-007  0.000000e+000  
0.000000e+000  -6.788876e-007  -2.828920e-007  -1.443609e-006  -1.093221e-006  -2.012486e-006  -1.772791e-006  -2.208764e-006  -2.499199e-006  -3.263047e-006  3.309996e-006  2.981666e-006  -9.156993e-007  -4.444652e-007  -4.949999e-007  0.000000e+000  
0.000000e+000  4.801967e-007  -1.241642e-006  9.577153e-008  -4.257272e-007  -7.892510e-007  -1.045301e-006  -1.140276e-006  -1.121419e-006  -7.442960e-007  1.564308e-006  8.513870e-007  -3.198714e-007  -4.026661e-007  2.307086e-007  0.000000e+000  
0.000000e+000  -8.449815e-008  5.775740e-007  -2.742171e-007  -5.893358e-007  5.632541e-007  -2.153347e-007  1.845775e-007  -3.256005e-007  -5.712982e-007  -1.774612e-007  7.755274e-007  1.227199e-007  3.351088e-007  -9.552774e-008  0.000000e+000  
0.000000e+000  1.628887e-007  3.168514e-007  4.772546e-007  8.417480e-007  8.481638e-008  1.171176e-006  7.465847e-007  1.323464e-006  1.540435e-006  -1.425198e-006  -1.777732e-006  9.223418e-008  -1.015197e-007  -5.866892e-008  0.000000e+000  
0.000000e+000  2.591153e-007  5.754152e-007  1.132790e-006  1.229554e-006  1.863267e-006  1.637209e-006  2.357895e-006  2.575745e-006  2.938355e-006  -3.521115e-006  -2.709077e-006  9.482939e-007  7.159683e-007  5.322083e-007  0.000000e+000  
0.000000e+000  1.450198e-007  8.272129e-008  2.516577e-007  9.226420e-008  3.493959e-007  4.853153e-007  2.887352e-007  1.177112e-007  -1.864350e-007  -3.728407e-006  -3.378459e-006  -6.242479e-007  -3.562625e-007  -1.679354e-007  0.000000e+000  
0.000000e+000  -1.949052e-007  -2.558182e-007  -7.434263e-007  -4.818919e-007  -8.309754e-007  -1.260326e-006  -1.295821e-006  -2.080962e-006  -2.932069e-006  -4.356909e-006  -3.799023e-006  -1.895996e-006  -1.017323e-006  -5.313225e-007  0.000000e+000  
0.000000e+000  -4.390896e-007  -9.133261e-007  -1.281136e-006  -1.739880e-006  -2.151488e-006  -2.473688e-006  -2.959987e-006  -3.994533e-006  -6.069387e-006  -5.297353e-006  -4.454671e-006  -3.331884e-006  -1.931699e-006  -8.425351e-007  0.000000e+000  
0.000000e+000  -4.436244e-007  -8.516298e-007  -1.315429e-006  -1.695055e-006  -2.452332e-006  -3.333912e-006  -4.168601e-006  -4.759139e-006  -5.191839e-006  -8.861027e-006  -7.587595e-006  -3.077251e-006  -2.207684e-006  -1.258412e-006  0.000000e+000  
0.000000e+000  -1.566008e-007  -4.056836e-007  -6.682257e-007  -9.120925e-007  -1.016654e-006  -1.319875e-006  -1.607599e-006  -1.954126e-006  -2.050695e-006  -2.943241e-006  -2.614288e-006  -1.239650e-006  -8.363474e-007  -4.902531e-007  0.000000e+000  
0.000000e+000  1.995814e-007  3.936828e-007  5.643638e-007  7.840058e-007  1.041933e-006  1.238310e-006  1.427396e-006  1.598758e-006  1.779420e-006  2.341898e-006  1.940617e-006  9.002109e-007  5.959335e-007  2.509408e-007  0.000000e+000  
0.000000e+000  5.783717e-007  9.855001e-007  1.484549e-006  1.924187e-006  2.644778e-006  3.374804e-006  4.252486e-006  4.846751e-006  5.051873e-006  8.136694e-006  6.748873e-006  2.723567e-006  1.803673e-006  8.378591e-007  0.000000e+000  
0.000000e+000  5.994718e-007  1.103302e-006  1.759129e-006  2.468204e-006  2.932031e-006  3.331701e-006  3.681655e-006  4.750024e-006  6.605929e-006  3.922968e-006  2.992048e-006  2.946405e-006  1.718858e-006  7.613837e-007  0.000000e+000  
0.000000e+000  3.196259e-007  8.495823e-007  1.198417e-006  1.459227e-006  2.041167e-006  2.230252e-006  2.586275e-006  3.221335e-006  4.079130e-006  2.734919e-006  2.006475e-006  1.774228e-006  1.266926e-006  4.110785e-007  0.000000e+000  
0.000000e+000  2.952340e-007  4.030372e-007  5.710016e-007  9.784529e-007  8.725513e-007  1.154807e-006  1.333981e-006  1.705219e-006  1.946631e-006  1.371820e-006  1.013198e-006  9.009103e-007  5.392348e-007  3.857905e-007  0.000000e+000  
0.000000e+000  0.000000e+000  0.000000e+000  0.000000e+000  0.000000e+000  0.000000e+000  0.000000e+000  0.000000e+000  0.000000e+000  0.000000e+000  0.000000e+000  0.000000e+000  0.000000e+000  0.000000e+000  0.000000e+000  0.000000e+000  

0.000000e+000  0.000000e+000  0.000000e+000  0.000000e+000  0.000000e+000  0.000000e+000  0.000000e+000  0.000000e+000  0.000000e+000  0.000000e+000  0.000000e+000  0.000000e+000  0.000000e+000  0.000000e+000  0.000000e+000  0.000000e+000  
0.000000e+000  0.000000e+000  0.000000e+000  0.000000e+000  0.000000e+000  0.000000e+000  0.000000e+000  0.000000e+000  0.000000e+000  0.000000e+000  0.000000e+000  0.000000e+000  0.000000e+000  0.000000e+000  0.000000e+000  0.000000e+000  
0.000000e+000  0.000000e+000  0.000000e+000  0.000000e+000  0.000000e+000  0.000000e+000  0.000000e+000  0.000000e+000  0.000000e+000  0.000000e+000  0.000000e+000  0.000000e+000  0.000000e+000  0.000000e+000  0.000000e+000  0.000000e+000  
0.000000e+000  0.000000e+000  0.000000e+000  0.000000e+000  0.000000e+000  0.000000e+000  0.000000e+000  0.000000e+000  0.000000e+000  0.000000e+000  0.000000e+000  0.000000e+000  0.000000e+000  0.000000e+000  0.000000e+000  0.000000e+000  
0.000000e+000  0.000000e+000  0.000000e+000  0.000000e+000  0.000000e+000  0.000000e+000  0.000000e+000  0.000000e+000  0.000000e+000  0.000000e+000  0.000000e+000  0.000000e+000  0.000000e+000  0.000000e+000  0.000000e+000  0.000000e+000  
0.000000e+000  0.000000e+000  0.000000e+000  0.000000e+000  0.000000e+000  0.000000e+000  0.000000e+000  0.000000e+000  0.000000e+000  0.000000e+000  0.000000e+000  0.000000e+000  0.000000e+000  0.000000e+000  0.000000e+000  0.000000e+000  
0.000000e+000  0.000000e+000  0.000000e+000  0.000000e+000  0.000000e+000  0.000000e+000  0.000000e+000  0.000000e+000  0.000000e+000  0.000000e+000  0.000000e+000  0.000000e+000  0.000000e+000  0.000000e+000  0.000000e+000  0.000000e+000  
0.000000e+000  0.000000e+000  0.000000e+000  0.000000e+000  0.000000e+000  0.000000e+000  0.000000e+000  0.000000e+000  0.000000e+000  0.000000e+000  0.000000e+000  0.000000e+000  0.000000e+000  0.000000e+000  0.000000e+000  0.000000e+000  
0.000000e+000  0.000000e+000  0.000000e+000  0.000000e+000  0.000000e+000  0.000000e+000  0.000000e+000  0.000000e+000  0.000000e+000  0.000000e+000  0.000000e+000  0.000000e+000  0.000000e+000  0.000000e+000  0.000000e+000  0.000000e+000  
0.000000e+000  0.000000e+000  0.000000e+000  0.000000e+000  0.000000e+000  0.000000e+000  0.000000e+000  0.000000e+000  0.000000e+000  0.000000e+000  0.000000e+000  0.000000e+000  0.000000e+000  0.000000e+000  0.000000e+000  0.000000e+000  
0.000000e+000  0.000000e+000  0.000000e+000  0.000000e+000  0.000000e+000  0.000000e+000  0.000000e+000  0.000000e+000  0.000000e+000  0.000000e+000  0.000000e+000  0.000000e+000  0.000000e+000  0.000000e+000  0.000000e+000  0.000000e+000  
0.000000e+000  0.000000e+000  0.000000e+000  0.000000e+000  0.000000e+000  0.000000e+000  0.000000e+000  0.000000e+000  0.000000e+000  0.000000e+000  0.000000e+000  0.000000e+000  0.000000e+000  0.000000e+000  0.000000e+000  0.000000e+000  
0.000000e+000  0.000000e+000  0.000000e+000  0.000000e+000  0.000000e+000  0.000000e+000  0.000000e+000  0.000000e+000  0.000000e+000  0.000000e+000  0.000000e+000  0.000000e+000  0.000000e+000  0.000000e+000  0.000000e+000  0.000000e+000  
0.000000e+000  0.000000e+000  0.000000e+000  0.000000e+000  0.000000e+000  0.000000e+000  0.000000e+000  0.000000e+000  0.000000e+000  0.000000e+000  0.000000e+000  0.000000e+000  0.000000e+000  0.000000e+000  0.000000e+000  0.000000e+000  
0.000000e+000  0.000000e+000  0.000000e+000  0.000000e+000  0.000000e+000  0.000000e+000  0.000000e+000  0.000000e+000  0.000000e+000  0.000000e+000  0.000000e+000  0.000000e+000  0.000000e+000  0.000000e+000  0.000000e+000  0.000000e+000  
0.000000e+000  0.000000e+000  0.000000e+000  0.000000e+000  0.000000e+000  0.000000e+000  0.000000e+000  0.000000e+000  0.000000e+000  0.000000e+000  0.000000e+000  0.000000e+000  0.000000e+000  0.000000e+000  0.000000e+000  0.000000e+000  
0.000000e+000  0.000000e+000  0.000000e+000  0.000000e+000  0.000000e+000  0.000000e+000  0.000000e+000  0.000000e+000  0.000000e+000  0.000000e+000  0.000000e+000  0.000000e+000  0.000000e+000  0.000000e+000  0.000000e+000  0.000000e+000  
0.000000e+000  0.000000e+000  0.000000e+000  0.000000e+000  0.000000e+000  0.000000e+000  0.000000e+000  0.000000e+000  0.000000e+000  0.000000e+000  0.000000e+000  0.000000e+000  0.000000e+000  0.000000e+000  0.000000e+000  0.000000e+000  
0.000000e+000  0.000000e+000  0.000000e+000  0.000000e+000  0.000000e+000  0.000000e+000  0.000000e+000  0.000000e+000  0.000000e+000  0.000000e+000  0.000000e+000  0.000000e+000  0.000000e+000  0.000000e+000  0.000000e+000  0.000000e+000  
0.000000e+000  0.000000e+000  0.000000e+000  0.000000e+000  0.000000e+000  0.000000e+000  0.000000e+000  0.000000e+000  0.000000e+000  0.000000e+000  0.000000e+000  0.000000e+000  0.000000e+000  0.000000e+000  0.000000e+000  0.000000e+000  
0.000000e+000  0.000000e+000  0.000000e+000  0.000000e+000  0.000000e+000  0.000000e+000  0.000000e+000  0.000000e+000  0.000000e+000  0.000000e+000  0.000000e+000  0.000000e+000  0.000000e+000  0.000000e+000  0.000000e+000  0.000000e+000  
0.000000e+000  0.000000e+000  0.000000e+000  0.000000e+000  0.000000e+000  0.000000e+000  0.000000e+000  0.000000e+000  0.000000e+000  0.000000e+000  0.000000e+000  0.000000e+000  0.000000e+000  0.000000e+000  0.000000e+000  0.000000e+000  
0.000000e+000  0.000000e+000  0.000000e+000  0.000000e+000  0.000000e+000  0.000000e+000  0.000000e+000  0.000000e+000  0.000000e+000  0.000000e+000  0.000000e+000  0.000000e+000  0.000000e+000  0.000000e+000  0.000000e+000  0.000000e+000  
0.000000e+000  0.000000e+000  0.000000e+000  0.000000e+000  0.000000e+000  0.000000e+000  0.000000e+000  0.000000e+000  0.000000e+000  0.000000e+000  0.000000e+000  0.000000e+000  0.000000e+000  0.000000e+000  0.000000e+000  0.000000e+000  
0.000000e+000  0.000000e+000  0.000000e+000  0.000000e+000  0.000000e+000  0.000000e+000  0.000000e+000  0.000000e+000  0.000000e+000  0.000000e+000  0.000000e+000  0.000000e+000  0.000000e+000  0.000000e+000  0.000000e+000  0.000000e+000  
0.000000e+000  0.000000e+000  0.000000e+000  0.000000e+000  0.000000e+000  0.000000e+000  0.000000e+000  0.000000e+000  0.000000e+000  0.000000e+000  0.000000e+000  0.000000e+000  0.000000e+000  0.000000e+000  0.000000e+000  0.000000e+000  
0.000000e+000  0.000000e+000  0.000000e+000  0.000000e+000  0.000000e+000  0.000000e+000  0.000000e+000  0.000000e+000  0.000000e+000  0.000000e+000  0.000000e+000  0.000000e+000  0.000000e+000  0.000000e+000  0.000000e+000  0.000000e+000  

0.000000e+000  0.000000e+000  0.000000e+000  0.000000e+000  0.000000e+000  0.000000e+000  0.000000e+000  0.000000e+000  0.000000e+000  0.000000e+000  0.000000e+000  0.000000e+000  0.000000e+000  0.000000e+000  0.000000e+000  0.000000e+000  
0.000000e+000  0.000000e+000  0.000000e+000  0.000000e+000  0.000000e+000  0.000000e+000  0.000000e+000  0.000000e+000  0.000000e+000  0.000000e+000  0.000000e+000  0.000000e+000  0.000000e+000  0.000000e+000  0.000000e+000  0.000000e+000  
0.000000e+000  0.000000e+000  0.000000e+000  0.000000e+000  0.000000e+000  0.000000e+000  0.000000e+000  0.000000e+000  0.000000e+000  0.000000e+000  0.000000e+000  0.000000e+000  0.000000e+000  0.000000e+000  0.000000e+000  0.000000e+000  
0.000000e+000  0.000000e+000  0.000000e+000  0.000000e+000  0.000000e+000  0.000000e+000  0.000000e+000  0.000000e+000  0.000000e+000  0.000000e+000  0.000000e+000  0.000000e+000  0.000000e+000  0.000000e+000  0.000000e+000  0.000000e+000  
0.000000e+000  0.000000e+000  0.000000e+000  0.000000e+000  0.000000e+000  0.000000e+000  0.000000e+000  0.000000e+000  0.000000e+000  0.000000e+000  0.000000e+000  0.000000e+000  0.000000e+000  0.000000e+000  0.000000e+000  0.000000e+000  
0.000000e+000  0.000000e+000  0.000000e+000  0.000000e+000  0.000000e+000  0.000000e+000  0.000000e+000  0.000000e+000  0.000000e+000  0.000000e+000  0.000000e+000  0.000000e+000  0.000000e+000  0.000000e+000  0.000000e+000  0.000000e+000  
0.000000e+000  0.000000e+000  0.000000e+000  0.000000e+000  0.000000e+000  0.000000e+000  0.000000e+000  0.000000e+000  0.000000e+000  0.000000e+000  0.000000e+000  0.000000e+000  0.000000e+000  0.000000e+000  0.000000e+000  0.000000e+000  
0.000000e+000  0.000000e+000  0.000000e+000  0.000000e+000  0.000000e+000  0.000000e+000  0.000000e+000  0.000000e+000  0.000000e+000  0.000000e+000  0.000000e+000  0.000000e+000  0.000000e+000  0.000000e+000  0.000000e+000  0.000000e+000  
0.000000e+000  0.000000e+000  0.000000e+000  0.000000e+000  0.000000e+000  0.000000e+000  0.000000e+000  0.000000e+000  0.000000e+000  0.000000e+000  0.000000e+000  0.000000e+000  0.000000e+000  0.000000e+000  0.000000e+000  0.000000e+000  
0.000000e+000  0.000000e+000  0.000000e+000  0.000000e+000  0.000000e+000  0.000000e+000  0.000000e+000  0.000000e+000  0.000000e+000  0.000000e+000  0.000000e+000  0.000000e+000  0.000000e+000  0.000000e+000  0.000000e+000  0.000000e+000  
0.000000e+000  0.000000e+000  0.000000e+000  0.000000e+000  0.000000e+000  0.000000e+000  0.000000e+000  0.000000e+000  0.000000e+000  0.000000e+000  0.000000e+000  0.000000e+000  0.000000e+000  0.000000e+000  0.000000e+000  0.000000e+000  
0.000000e+000  0.000000e+000  0.000000e+000  0.000000e+000  0.000000e+000  0.000000e+000  0.000000e+000  0.000000e+000  0.000000e+000  0.000000e+000  0.000000e+000  0.000000e+000  0.000000e+000  0.000000e+000  0.000000e+000  0.000000e+000  
0.000000e+000  0.000000e+000  0.000000e+000  0.000000e+000  0.000000e+000  0.000000e+000  0.000000e+000  0.000000e+000  0.000000e+000  0.000000e+000  0.000000e+000  0.000000e+000  0.000000e+000  0.000000e+000  0.000000e+000  0.000000e+000  
0.000000e+000  0.000000e+000  0.000000e+000  0.000000e+000  0.000000e+000  0.000000e+000  0.000000e+000  0.000000e+000  0.000000e+000  0.000000e+000  0.000000e+000  0.000000e+000  0.000000e+000  0.000000e+000  0.000000e+000  0.000000e+000  
0.000000e+000  0.000000e+000  0.000000e+000  0.000000e+000  0.000000e+000  0.000000e+000  0.000000e+000  0.000000e+000  0.000000e+000  0.000000e+000  0.000000e+000  0.000000e+000  0.000000e+000  0.000000e+000  0.000000e+000  0.000000e+000  
0.000000e+000  0.000000e+000  0.000000e+000  0.000000e+000  0.000000e+000  0.000000e+000  0.000000e+000  0.000000e+000  0.000000e+000  0.000000e+000  0.000000e+000  0.000000e+000  0.000000e+000  0.000000e+000  0.000000e+000  0.000000e+000  
0.000000e+000  0.000000e+000  0.000000e+000  0.000000e+000  0.000000e+000  0.000000e+000  0.000000e+000  0.000000e+000  0.000000e+000  0.000000e+000  0.000000e+000  0.000000e+000  0.000000e+000  0.000000e+000  0.000000e+000  0.000000e+000  
0.000000e+000  0.000000e+000  0.000000e+000  0.000000e+000  0.000000e+000  0.000000e+000  0.000000e+000  0.000000e+000  0.000000e+000  0.000000e+000  0.000000e+000  0.000000e+000  0.000000e+000  0.000000e+000  0.000000e+000  0.000000e+000  
0.000000e+000  0.000000e+000  0.000000e+000  0.000000e+000  0.000000e+000  0.000000e+000  0.000000e+000  0.000000e+000  0.000000e+000  0.000000e+000  0.000000e+000  0.000000e+000  0.000000e+000  0.000000e+000  0.000000e+000  0.000000e+000  
0.000000e+000  0.000000e+000  0.000000e+000  0.000000e+000  0.000000e+000  0.000000e+000  0.000000e+000  0.000000e+000  0.000000e+000  0.000000e+000  0.000000e+000  0.000000e+000  0.000000e+000  0.000000e+000  0.000000e+000  0.000000e+000  
0.000000e+000  0.000000e+000  0.000000e+000  0.000000e+000  0.000000e+000  0.000000e+000  0.000000e+000  0.000000e+000  0.000000e+000  0.000000e+000  0.000000e+000  0.000000e+000  0.000000e+000  0.000000e+000  0.000000e+000  0.000000e+000  
0.000000e+000  0.000000e+000  0.000000e+000  0.000000e+000  0.000000e+000  0.000000e+000  0.000000e+000  0.000000e+000  0.000000e+000  0.000000e+000  0.000000e+000  0.000000e+000  0.000000e+000  0.000000e+000  0.000000e+000  0.000000e+000  
0.000000e+000  0.000000e+000  0.000000e+000  0.000000e+000  0.000000e+000  0.000000e+000  0.000000e+000  0.000000e+000  0.000000e+000  0.000000e+000  0.000000e+000  0.000000e+000  0.000000e+000  0.000000e+000  0.000000e+000  0.000000e+000  
0.000000e+000  0.000000e+000  0.000000e+000  0.000000e+000  0.000000e+000  0.000000e+000  0.000000e+000  0.000000e+000  0.000000e+000  0.000000e+000  0.000000e+000  0.000000e+000  0.000000e+000  0.000000e+000  0.000000e+000  0.000000e+000  
0.000000e+000  0.000000e+000  0.000000e+000  0.000000e+000  0.000000e+000  0.000000e+000  0.000000e+000  0.000000e+000  0.000000e+000  0.000000e+000  0.000000e+000  0.000000e+000  0.000000e+000  0.000000e+000  0.000000e+000  0.000000e+000  
0.000000e+000  0.000000e+000  0.000000e+000  0.000000e+000  0.000000e+000  0.000000e+000  0.000000e+000  0.000000e+000  0.000000e+000  0.000000e+000  0.000000e+000  0.000000e+000  0.000000e+000  0.000000e+000  0.000000e+000  0.000000e+000  
0.000000e+000  0.000000e+000  0.000000e+000  0.000000e+000  0.000000e+000  0.000000e+000  0.000000e+000  0.000000e+000  0.000000e+000  0.000000e+000  0.000000e+000  0.000000e+000  0.000000e+000  0.000000e+000  0.000000e+000  0.000000e+000  

0.000000e+000  0.000000e+000  0.000000e+000  0.000000e+000  0.000000e+000  0.000000e+000  0.000000e+000  0.000000e+000  0.000000e+000  0.000000e+000  0.000000e+000  0.000000e+000  0.000000e+000  0.000000e+000  0.000000e+000  0.000000e+000  
0.000000e+000  0.000000e+000  0.000000e+000  0.000000e+000  0.000000e+000  0.000000e+000  0.000000e+000  0.000000e+000  0.000000e+000  0.000000e+000  0.000000e+000  0.000000e+000  0.000000e+000  0.000000e+000  0.000000e+000  0.000000e+000  
0.000000e+000  0.000000e+000  0.000000e+000  0.000000e+000  0.000000e+000  0.000000e+000  0.000000e+000  0.000000e+000  0.000000e+000  0.000000e+000  0.000000e+000  0.000000e+000  0.000000e+000  0.000000e+000  0.000000e+000  0.000000e+000  
0.000000e+000  0.000000e+000  0.000000e+000  0.000000e+000  0.000000e+000  0.000000e+000  0.000000e+000  0.000000e+000  0.000000e+000  0.000000e+000  0.000000e+000  0.000000e+000  0.000000e+000  0.000000e+000  0.000000e+000  0.000000e+000  
0.000000e+000  0.000000e+000  0.000000e+000  0.000000e+000  0.000000e+000  0.000000e+000  0.000000e+000  0.000000e+000  0.000000e+000  0.000000e+000  0.000000e+000  0.000000e+000  0.000000e+000  0.000000e+000  0.000000e+000  0.000000e+000  
0.000000e+000  0.000000e+000  0.000000e+000  0.000000e+000  0.000000e+000  0.000000e+000  0.000000e+000  0.000000e+000  0.000000e+000  0.000000e+000  0.000000e+000  0.000000e+000  0.000000e+000  0.000000e+000  0.000000e+000  0.000000e+000  
0.000000e+000  0.000000e+000  0.000000e+000  0.000000e+000  0.000000e+000  0.000000e+000  0.000000e+000  0.000000e+000  0.000000e+000  0.000000e+000  0.000000e+000  0.000000e+000  0.000000e+000  0.000000e+000  0.000000e+000  0.000000e+000  
0.000000e+000  0.000000e+000  0.000000e+000  0.000000e+000  0.000000e+000  0.000000e+000  0.000000e+000  0.000000e+000  0.000000e+000  0.000000e+000  0.000000e+000  0.000000e+000  0.000000e+000  0.000000e+000  0.000000e+000  0.000000e+000  
0.000000e+000  0.000000e+000  0.000000e+000  0.000000e+000  0.000000e+000  0.000000e+000  0.000000e+000  0.000000e+000  0.000000e+000  0.000000e+000  0.000000e+000  0.000000e+000  0.000000e+000  0.000000e+000  0.000000e+000  0.000000e+000  
0.000000e+000  0.000000e+000  0.000000e+000  0.000000e+000  0.000000e+000  0.000000e+000  0.000000e+000  0.000000e+000  0.000000e+000  0.000000e+000  0.000000e+000  0.000000e+000  0.000000e+000  0.000000e+000  0.000000e+000  0.000000e+000  
0.000000e+000  0.000000e+000  0.000000e+000  0.000000e+000  0.000000e+000  0.000000e+000  0.000000e+000  0.000000e+000  0.000000e+000  0.000000e+000  0.000000e+000  0.000000e+000  0.000000e+000  0.000000e+000  0.000000e+000  0.000000e+000  
0.000000e+000  0.000000e+000  0.000000e+000  0.000000e+000  0.000000e+000  0.000000e+000  0.000000e+000  0.000000e+000  0.000000e+000  0.000000e+000  0.000000e+000  0.000000e+000  0.000000e+000  0.000000e+000  0.000000e+000  0.000000e+000  
0.000000e+000  0.000000e+000  0.000000e+000  0.000000e+000  0.000000e+000  0.000000e+000  0.000000e+000  0.000000e+000  0.000000e+000  0.000000e+000  0.000000e+000  0.000000e+000  0.000000e+000  0.000000e+000  0.000000e+000  0.000000e+000  
0.000000e+000  0.000000e+000  0.000000e+000  0.000000e+000  0.000000e+000  0.000000e+000  0.000000e+000  0.000000e+000  0.000000e+000  0.000000e+000  0.000000e+000  0.000000e+000  0.000000e+000  0.000000e+000  0.000000e+000  0.000000e+000  
0.000000e+000  0.000000e+000  0.000000e+000  0.000000e+000  0.000000e+000  0.000000e+000  0.000000e+000  0.000000e+000  0.000000e+000  0.000000e+000  0.000000e+000  0.000000e+000  0.000000e+000  0.000000e+000  0.000000e+000  0.000000e+000  
0.000000e+000  0.000000e+000  0.000000e+000  0.000000e+000  0.000000e+000  0.000000e+000  0.000000e+000  0.000000e+000  0.000000e+000  0.000000e+000  0.000000e+000  0.000000e+000  0.000000e+000  0.000000e+000  0.000000e+000  0.000000e+000  
0.000000e+000  0.000000e+000  0.000000e+000  0.000000e+000  0.000000e+000  0.000000e+000  0.000000e+000  0.000000e+000  0.000000e+000  0.000000e+000  0.000000e+000  0.000000e+000  0.000000e+000  0.000000e+000  0.000000e+000  0.000000e+000  
0.000000e+000  0.000000e+000  0.000000e+000  0.000000e+000  0.000000e+000  0.000000e+000  0.000000e+000  0.000000e+000  0.000000e+000  0.000000e+000  0.000000e+000  0.000000e+000  0.000000e+000  0.000000e+000  0.000000e+000  0.000000e+000  
0.000000e+000  0.000000e+000  0.000000e+000  0.000000e+000  0.000000e+000  0.000000e+000  0.000000e+000  0.000000e+000  0.000000e+000  0.000000e+000  0.000000e+000  0.000000e+000  0.000000e+000  0.000000e+000  0.000000e+000  0.000000e+000  
0.000000e+000  0.000000e+000  0.000000e+000  0.000000e+000  0.000000e+000  0.000000e+000  0.000000e+000  0.000000e+000  0.000000e+000  0.000000e+000  0.000000e+000  0.000000e+000  0.000000e+000  0.000000e+000  0.000000e+000  0.000000e+000  
0.000000e+000  0.000000e+000  0.000000e+000  0.000000e+000  0.000000e+000  0.000000e+000  0.000000e+000  0.000000e+000  0.000000e+000  0.000000e+000  0.000000e+000  0.000000e+000  0.000000e+000  0.000000e+000  0.000000e+000  0.000000e+000  
0.000000e+000  0.000000e+000  0.000000e+000  0.000000e+000  0.000000e+000  0.000000e+000  0.000000e+000  0.000000e+000  0.000000e+000  0.000000e+000  0.000000e+000  0.000000e+000  0.000000e+000  0.000000e+000  0.000000e+000  0.000000e+000  
0.000000e+000  0.000000e+000  0.000000e+000  0.000000e+000  0.000000e+000  0.000000e+000  0.000000e+000  0.000000e+000  0.000000e+000  0.000000e+000  0.000000e+000  0.000000e+000  0.000000e+000  0.000000e+000  0.000000e+000  0.000000e+000  
0.000000e+000  0.000000e+000  0.000000e+000  0.000000e+000  0.000000e+000  0.000000e+000  0.000000e+000  0.000000e+000  0.000000e+000  0.000000e+000  0.000000e+000  0.000000e+000  0.000000e+000  0.000000e+000  0.000000e+000  0.000000e+000  
0.000000e+000  0.000000e+000  0.000000e+000  0.000000e+000  0.000000e+000  0.000000e+000  0.000000e+000  0.000000e+000  0.000000e+000  0.000000e+000  0.000000e+000  0.000000e+000  0.000000e+000  0.000000e+000  0.000000e+000  0.000000e+000  
0.000000e+000  0.000000e+000  0.000000e+000  0.000000e+000  0.000000e+000  0.000000e+000  0.000000e+000  0.000000e+000  0.000000e+000  0.000000e+000  0.000000e+000  0.000000e+000  0.000000e+000  0.000000e+000  0.000000e+000  0.000000e+000  
0.000000e+000  0.000000e+000  0.000000e+000  0.000000e+000  0.000000e+000  0.000000e+000  0.000000e+000  0.000000e+000  0.000000e+000  0.000000e+000  0.000000e+000  0.000000e+000  0.000000e+000  0.000000e+000  0.000000e+000  0.000000e+000  

