Port monitor named: Port2_h3[2.2].prt

nx        = 69
ny        = 23
nz        = 31

nu        = 16
nv        = 27
iu        = 3
iv        = 3

idir      = 0
dcut      = 4.914300e-001
icut      = 69
type      = 1
frequency = 2.200000e+009

fcutoff   = 3.942260e+009
alpha     = 6.855059e+001
beta      = 0.000000e+000
accuracy  = 2.310186e-009

type          = TE
wave imp.     = 2.533968e+002
wave imp.sig. = 6.979716e-006
line imp.     = 0.000000e+000

ref. port     = 0

0.000000e+000  0.000000e+000  0.000000e+000  0.000000e+000  0.000000e+000  0.000000e+000  0.000000e+000  0.000000e+000  0.000000e+000  0.000000e+000  0.000000e+000  0.000000e+000  0.000000e+000  0.000000e+000  0.000000e+000  0.000000e+000  
0.000000e+000  0.000000e+000  0.000000e+000  0.000000e+000  0.000000e+000  0.000000e+000  0.000000e+000  0.000000e+000  0.000000e+000  0.000000e+000  0.000000e+000  0.000000e+000  0.000000e+000  0.000000e+000  0.000000e+000  0.000000e+000  
0.000000e+000  0.000000e+000  0.000000e+000  0.000000e+000  0.000000e+000  0.000000e+000  0.000000e+000  0.000000e+000  0.000000e+000  0.000000e+000  0.000000e+000  0.000000e+000  0.000000e+000  0.000000e+000  0.000000e+000  0.000000e+000  
0.000000e+000  0.000000e+000  0.000000e+000  0.000000e+000  0.000000e+000  0.000000e+000  0.000000e+000  0.000000e+000  0.000000e+000  0.000000e+000  0.000000e+000  0.000000e+000  0.000000e+000  0.000000e+000  0.000000e+000  0.000000e+000  
0.000000e+000  0.000000e+000  0.000000e+000  0.000000e+000  0.000000e+000  0.000000e+000  0.000000e+000  0.000000e+000  0.000000e+000  0.000000e+000  0.000000e+000  0.000000e+000  0.000000e+000  0.000000e+000  0.000000e+000  0.000000e+000  
0.000000e+000  0.000000e+000  0.000000e+000  0.000000e+000  0.000000e+000  0.000000e+000  0.000000e+000  0.000000e+000  0.000000e+000  0.000000e+000  0.000000e+000  0.000000e+000  0.000000e+000  0.000000e+000  0.000000e+000  0.000000e+000  
0.000000e+000  0.000000e+000  0.000000e+000  0.000000e+000  0.000000e+000  0.000000e+000  0.000000e+000  0.000000e+000  0.000000e+000  0.000000e+000  0.000000e+000  0.000000e+000  0.000000e+000  0.000000e+000  0.000000e+000  0.000000e+000  
0.000000e+000  0.000000e+000  0.000000e+000  0.000000e+000  0.000000e+000  0.000000e+000  0.000000e+000  0.000000e+000  0.000000e+000  0.000000e+000  0.000000e+000  0.000000e+000  0.000000e+000  0.000000e+000  0.000000e+000  0.000000e+000  
0.000000e+000  0.000000e+000  0.000000e+000  0.000000e+000  0.000000e+000  0.000000e+000  0.000000e+000  0.000000e+000  0.000000e+000  0.000000e+000  0.000000e+000  0.000000e+000  0.000000e+000  0.000000e+000  0.000000e+000  0.000000e+000  
0.000000e+000  0.000000e+000  0.000000e+000  0.000000e+000  0.000000e+000  0.000000e+000  0.000000e+000  0.000000e+000  0.000000e+000  0.000000e+000  0.000000e+000  0.000000e+000  0.000000e+000  0.000000e+000  0.000000e+000  0.000000e+000  
0.000000e+000  0.000000e+000  0.000000e+000  0.000000e+000  0.000000e+000  0.000000e+000  0.000000e+000  0.000000e+000  0.000000e+000  0.000000e+000  0.000000e+000  0.000000e+000  0.000000e+000  0.000000e+000  0.000000e+000  0.000000e+000  
0.000000e+000  0.000000e+000  0.000000e+000  0.000000e+000  0.000000e+000  0.000000e+000  0.000000e+000  0.000000e+000  0.000000e+000  0.000000e+000  0.000000e+000  0.000000e+000  0.000000e+000  0.000000e+000  0.000000e+000  0.000000e+000  
0.000000e+000  0.000000e+000  0.000000e+000  0.000000e+000  0.000000e+000  0.000000e+000  0.000000e+000  0.000000e+000  0.000000e+000  0.000000e+000  0.000000e+000  0.000000e+000  0.000000e+000  0.000000e+000  0.000000e+000  0.000000e+000  
0.000000e+000  0.000000e+000  0.000000e+000  0.000000e+000  0.000000e+000  0.000000e+000  0.000000e+000  0.000000e+000  0.000000e+000  0.000000e+000  0.000000e+000  0.000000e+000  0.000000e+000  0.000000e+000  0.000000e+000  0.000000e+000  
0.000000e+000  0.000000e+000  0.000000e+000  0.000000e+000  0.000000e+000  0.000000e+000  0.000000e+000  0.000000e+000  0.000000e+000  0.000000e+000  0.000000e+000  0.000000e+000  0.000000e+000  0.000000e+000  0.000000e+000  0.000000e+000  
0.000000e+000  0.000000e+000  0.000000e+000  0.000000e+000  0.000000e+000  0.000000e+000  0.000000e+000  0.000000e+000  0.000000e+000  0.000000e+000  0.000000e+000  0.000000e+000  0.000000e+000  0.000000e+000  0.000000e+000  0.000000e+000  
0.000000e+000  0.000000e+000  0.000000e+000  0.000000e+000  0.000000e+000  0.000000e+000  0.000000e+000  0.000000e+000  0.000000e+000  0.000000e+000  0.000000e+000  0.000000e+000  0.000000e+000  0.000000e+000  0.000000e+000  0.000000e+000  
0.000000e+000  0.000000e+000  0.000000e+000  0.000000e+000  0.000000e+000  0.000000e+000  0.000000e+000  0.000000e+000  0.000000e+000  0.000000e+000  0.000000e+000  0.000000e+000  0.000000e+000  0.000000e+000  0.000000e+000  0.000000e+000  
0.000000e+000  0.000000e+000  0.000000e+000  0.000000e+000  0.000000e+000  0.000000e+000  0.000000e+000  0.000000e+000  0.000000e+000  0.000000e+000  0.000000e+000  0.000000e+000  0.000000e+000  0.000000e+000  0.000000e+000  0.000000e+000  
0.000000e+000  0.000000e+000  0.000000e+000  0.000000e+000  0.000000e+000  0.000000e+000  0.000000e+000  0.000000e+000  0.000000e+000  0.000000e+000  0.000000e+000  0.000000e+000  0.000000e+000  0.000000e+000  0.000000e+000  0.000000e+000  
0.000000e+000  0.000000e+000  0.000000e+000  0.000000e+000  0.000000e+000  0.000000e+000  0.000000e+000  0.000000e+000  0.000000e+000  0.000000e+000  0.000000e+000  0.000000e+000  0.000000e+000  0.000000e+000  0.000000e+000  0.000000e+000  
0.000000e+000  0.000000e+000  0.000000e+000  0.000000e+000  0.000000e+000  0.000000e+000  0.000000e+000  0.000000e+000  0.000000e+000  0.000000e+000  0.000000e+000  0.000000e+000  0.000000e+000  0.000000e+000  0.000000e+000  0.000000e+000  
0.000000e+000  0.000000e+000  0.000000e+000  0.000000e+000  0.000000e+000  0.000000e+000  0.000000e+000  0.000000e+000  0.000000e+000  0.000000e+000  0.000000e+000  0.000000e+000  0.000000e+000  0.000000e+000  0.000000e+000  0.000000e+000  
0.000000e+000  0.000000e+000  0.000000e+000  0.000000e+000  0.000000e+000  0.000000e+000  0.000000e+000  0.000000e+000  0.000000e+000  0.000000e+000  0.000000e+000  0.000000e+000  0.000000e+000  0.000000e+000  0.000000e+000  0.000000e+000  
0.000000e+000  0.000000e+000  0.000000e+000  0.000000e+000  0.000000e+000  0.000000e+000  0.000000e+000  0.000000e+000  0.000000e+000  0.000000e+000  0.000000e+000  0.000000e+000  0.000000e+000  0.000000e+000  0.000000e+000  0.000000e+000  
0.000000e+000  0.000000e+000  0.000000e+000  0.000000e+000  0.000000e+000  0.000000e+000  0.000000e+000  0.000000e+000  0.000000e+000  0.000000e+000  0.000000e+000  0.000000e+000  0.000000e+000  0.000000e+000  0.000000e+000  0.000000e+000  
0.000000e+000  0.000000e+000  0.000000e+000  0.000000e+000  0.000000e+000  0.000000e+000  0.000000e+000  0.000000e+000  0.000000e+000  0.000000e+000  0.000000e+000  0.000000e+000  0.000000e+000  0.000000e+000  0.000000e+000  0.000000e+000  

0.000000e+000  0.000000e+000  0.000000e+000  0.000000e+000  0.000000e+000  0.000000e+000  0.000000e+000  0.000000e+000  0.000000e+000  0.000000e+000  0.000000e+000  0.000000e+000  0.000000e+000  0.000000e+000  0.000000e+000  0.000000e+000  
0.000000e+000  0.000000e+000  0.000000e+000  0.000000e+000  0.000000e+000  0.000000e+000  0.000000e+000  0.000000e+000  0.000000e+000  0.000000e+000  0.000000e+000  0.000000e+000  0.000000e+000  0.000000e+000  0.000000e+000  0.000000e+000  
0.000000e+000  0.000000e+000  0.000000e+000  0.000000e+000  0.000000e+000  0.000000e+000  0.000000e+000  0.000000e+000  0.000000e+000  0.000000e+000  0.000000e+000  0.000000e+000  0.000000e+000  0.000000e+000  0.000000e+000  0.000000e+000  
0.000000e+000  0.000000e+000  0.000000e+000  0.000000e+000  0.000000e+000  0.000000e+000  0.000000e+000  0.000000e+000  0.000000e+000  0.000000e+000  0.000000e+000  0.000000e+000  0.000000e+000  0.000000e+000  0.000000e+000  0.000000e+000  
0.000000e+000  0.000000e+000  0.000000e+000  0.000000e+000  0.000000e+000  0.000000e+000  0.000000e+000  0.000000e+000  0.000000e+000  0.000000e+000  0.000000e+000  0.000000e+000  0.000000e+000  0.000000e+000  0.000000e+000  0.000000e+000  
0.000000e+000  0.000000e+000  0.000000e+000  0.000000e+000  0.000000e+000  0.000000e+000  0.000000e+000  0.000000e+000  0.000000e+000  0.000000e+000  0.000000e+000  0.000000e+000  0.000000e+000  0.000000e+000  0.000000e+000  0.000000e+000  
0.000000e+000  0.000000e+000  0.000000e+000  0.000000e+000  0.000000e+000  0.000000e+000  0.000000e+000  0.000000e+000  0.000000e+000  0.000000e+000  0.000000e+000  0.000000e+000  0.000000e+000  0.000000e+000  0.000000e+000  0.000000e+000  
0.000000e+000  0.000000e+000  0.000000e+000  0.000000e+000  0.000000e+000  0.000000e+000  0.000000e+000  0.000000e+000  0.000000e+000  0.000000e+000  0.000000e+000  0.000000e+000  0.000000e+000  0.000000e+000  0.000000e+000  0.000000e+000  
0.000000e+000  0.000000e+000  0.000000e+000  0.000000e+000  0.000000e+000  0.000000e+000  0.000000e+000  0.000000e+000  0.000000e+000  0.000000e+000  0.000000e+000  0.000000e+000  0.000000e+000  0.000000e+000  0.000000e+000  0.000000e+000  
0.000000e+000  0.000000e+000  0.000000e+000  0.000000e+000  0.000000e+000  0.000000e+000  0.000000e+000  0.000000e+000  0.000000e+000  0.000000e+000  0.000000e+000  0.000000e+000  0.000000e+000  0.000000e+000  0.000000e+000  0.000000e+000  
0.000000e+000  0.000000e+000  0.000000e+000  0.000000e+000  0.000000e+000  0.000000e+000  0.000000e+000  0.000000e+000  0.000000e+000  0.000000e+000  0.000000e+000  0.000000e+000  0.000000e+000  0.000000e+000  0.000000e+000  0.000000e+000  
0.000000e+000  0.000000e+000  0.000000e+000  0.000000e+000  0.000000e+000  0.000000e+000  0.000000e+000  0.000000e+000  0.000000e+000  0.000000e+000  0.000000e+000  0.000000e+000  0.000000e+000  0.000000e+000  0.000000e+000  0.000000e+000  
0.000000e+000  0.000000e+000  0.000000e+000  0.000000e+000  0.000000e+000  0.000000e+000  0.000000e+000  0.000000e+000  0.000000e+000  0.000000e+000  0.000000e+000  0.000000e+000  0.000000e+000  0.000000e+000  0.000000e+000  0.000000e+000  
0.000000e+000  0.000000e+000  0.000000e+000  0.000000e+000  0.000000e+000  0.000000e+000  0.000000e+000  0.000000e+000  0.000000e+000  0.000000e+000  0.000000e+000  0.000000e+000  0.000000e+000  0.000000e+000  0.000000e+000  0.000000e+000  
0.000000e+000  0.000000e+000  0.000000e+000  0.000000e+000  0.000000e+000  0.000000e+000  0.000000e+000  0.000000e+000  0.000000e+000  0.000000e+000  0.000000e+000  0.000000e+000  0.000000e+000  0.000000e+000  0.000000e+000  0.000000e+000  
0.000000e+000  0.000000e+000  0.000000e+000  0.000000e+000  0.000000e+000  0.000000e+000  0.000000e+000  0.000000e+000  0.000000e+000  0.000000e+000  0.000000e+000  0.000000e+000  0.000000e+000  0.000000e+000  0.000000e+000  0.000000e+000  
0.000000e+000  0.000000e+000  0.000000e+000  0.000000e+000  0.000000e+000  0.000000e+000  0.000000e+000  0.000000e+000  0.000000e+000  0.000000e+000  0.000000e+000  0.000000e+000  0.000000e+000  0.000000e+000  0.000000e+000  0.000000e+000  
0.000000e+000  0.000000e+000  0.000000e+000  0.000000e+000  0.000000e+000  0.000000e+000  0.000000e+000  0.000000e+000  0.000000e+000  0.000000e+000  0.000000e+000  0.000000e+000  0.000000e+000  0.000000e+000  0.000000e+000  0.000000e+000  
0.000000e+000  0.000000e+000  0.000000e+000  0.000000e+000  0.000000e+000  0.000000e+000  0.000000e+000  0.000000e+000  0.000000e+000  0.000000e+000  0.000000e+000  0.000000e+000  0.000000e+000  0.000000e+000  0.000000e+000  0.000000e+000  
0.000000e+000  0.000000e+000  0.000000e+000  0.000000e+000  0.000000e+000  0.000000e+000  0.000000e+000  0.000000e+000  0.000000e+000  0.000000e+000  0.000000e+000  0.000000e+000  0.000000e+000  0.000000e+000  0.000000e+000  0.000000e+000  
0.000000e+000  0.000000e+000  0.000000e+000  0.000000e+000  0.000000e+000  0.000000e+000  0.000000e+000  0.000000e+000  0.000000e+000  0.000000e+000  0.000000e+000  0.000000e+000  0.000000e+000  0.000000e+000  0.000000e+000  0.000000e+000  
0.000000e+000  0.000000e+000  0.000000e+000  0.000000e+000  0.000000e+000  0.000000e+000  0.000000e+000  0.000000e+000  0.000000e+000  0.000000e+000  0.000000e+000  0.000000e+000  0.000000e+000  0.000000e+000  0.000000e+000  0.000000e+000  
0.000000e+000  0.000000e+000  0.000000e+000  0.000000e+000  0.000000e+000  0.000000e+000  0.000000e+000  0.000000e+000  0.000000e+000  0.000000e+000  0.000000e+000  0.000000e+000  0.000000e+000  0.000000e+000  0.000000e+000  0.000000e+000  
0.000000e+000  0.000000e+000  0.000000e+000  0.000000e+000  0.000000e+000  0.000000e+000  0.000000e+000  0.000000e+000  0.000000e+000  0.000000e+000  0.000000e+000  0.000000e+000  0.000000e+000  0.000000e+000  0.000000e+000  0.000000e+000  
0.000000e+000  0.000000e+000  0.000000e+000  0.000000e+000  0.000000e+000  0.000000e+000  0.000000e+000  0.000000e+000  0.000000e+000  0.000000e+000  0.000000e+000  0.000000e+000  0.000000e+000  0.000000e+000  0.000000e+000  0.000000e+000  
0.000000e+000  0.000000e+000  0.000000e+000  0.000000e+000  0.000000e+000  0.000000e+000  0.000000e+000  0.000000e+000  0.000000e+000  0.000000e+000  0.000000e+000  0.000000e+000  0.000000e+000  0.000000e+000  0.000000e+000  0.000000e+000  
0.000000e+000  0.000000e+000  0.000000e+000  0.000000e+000  0.000000e+000  0.000000e+000  0.000000e+000  0.000000e+000  0.000000e+000  0.000000e+000  0.000000e+000  0.000000e+000  0.000000e+000  0.000000e+000  0.000000e+000  0.000000e+000  

0.000000e+000  0.000000e+000  0.000000e+000  0.000000e+000  0.000000e+000  0.000000e+000  0.000000e+000  0.000000e+000  0.000000e+000  0.000000e+000  0.000000e+000  0.000000e+000  0.000000e+000  0.000000e+000  0.000000e+000  0.000000e+000  
0.000000e+000  0.000000e+000  0.000000e+000  0.000000e+000  0.000000e+000  0.000000e+000  0.000000e+000  0.000000e+000  0.000000e+000  0.000000e+000  0.000000e+000  0.000000e+000  0.000000e+000  0.000000e+000  0.000000e+000  0.000000e+000  
0.000000e+000  0.000000e+000  0.000000e+000  0.000000e+000  0.000000e+000  0.000000e+000  0.000000e+000  0.000000e+000  0.000000e+000  0.000000e+000  0.000000e+000  0.000000e+000  0.000000e+000  0.000000e+000  0.000000e+000  0.000000e+000  
0.000000e+000  0.000000e+000  0.000000e+000  0.000000e+000  0.000000e+000  0.000000e+000  0.000000e+000  0.000000e+000  0.000000e+000  0.000000e+000  0.000000e+000  0.000000e+000  0.000000e+000  0.000000e+000  0.000000e+000  0.000000e+000  
0.000000e+000  0.000000e+000  0.000000e+000  0.000000e+000  0.000000e+000  0.000000e+000  0.000000e+000  0.000000e+000  0.000000e+000  0.000000e+000  0.000000e+000  0.000000e+000  0.000000e+000  0.000000e+000  0.000000e+000  0.000000e+000  
0.000000e+000  0.000000e+000  0.000000e+000  0.000000e+000  0.000000e+000  0.000000e+000  0.000000e+000  0.000000e+000  0.000000e+000  0.000000e+000  0.000000e+000  0.000000e+000  0.000000e+000  0.000000e+000  0.000000e+000  0.000000e+000  
0.000000e+000  0.000000e+000  0.000000e+000  0.000000e+000  0.000000e+000  0.000000e+000  0.000000e+000  0.000000e+000  0.000000e+000  0.000000e+000  0.000000e+000  0.000000e+000  0.000000e+000  0.000000e+000  0.000000e+000  0.000000e+000  
0.000000e+000  0.000000e+000  0.000000e+000  0.000000e+000  0.000000e+000  0.000000e+000  0.000000e+000  0.000000e+000  0.000000e+000  0.000000e+000  0.000000e+000  0.000000e+000  0.000000e+000  0.000000e+000  0.000000e+000  0.000000e+000  
0.000000e+000  0.000000e+000  0.000000e+000  0.000000e+000  0.000000e+000  0.000000e+000  0.000000e+000  0.000000e+000  0.000000e+000  0.000000e+000  0.000000e+000  0.000000e+000  0.000000e+000  0.000000e+000  0.000000e+000  0.000000e+000  
0.000000e+000  0.000000e+000  0.000000e+000  0.000000e+000  0.000000e+000  0.000000e+000  0.000000e+000  0.000000e+000  0.000000e+000  0.000000e+000  0.000000e+000  0.000000e+000  0.000000e+000  0.000000e+000  0.000000e+000  0.000000e+000  
0.000000e+000  0.000000e+000  0.000000e+000  0.000000e+000  0.000000e+000  0.000000e+000  0.000000e+000  0.000000e+000  0.000000e+000  0.000000e+000  0.000000e+000  0.000000e+000  0.000000e+000  0.000000e+000  0.000000e+000  0.000000e+000  
0.000000e+000  0.000000e+000  0.000000e+000  0.000000e+000  0.000000e+000  0.000000e+000  0.000000e+000  0.000000e+000  0.000000e+000  0.000000e+000  0.000000e+000  0.000000e+000  0.000000e+000  0.000000e+000  0.000000e+000  0.000000e+000  
0.000000e+000  0.000000e+000  0.000000e+000  0.000000e+000  0.000000e+000  0.000000e+000  0.000000e+000  0.000000e+000  0.000000e+000  0.000000e+000  0.000000e+000  0.000000e+000  0.000000e+000  0.000000e+000  0.000000e+000  0.000000e+000  
0.000000e+000  0.000000e+000  0.000000e+000  0.000000e+000  0.000000e+000  0.000000e+000  0.000000e+000  0.000000e+000  0.000000e+000  0.000000e+000  0.000000e+000  0.000000e+000  0.000000e+000  0.000000e+000  0.000000e+000  0.000000e+000  
0.000000e+000  0.000000e+000  0.000000e+000  0.000000e+000  0.000000e+000  0.000000e+000  0.000000e+000  0.000000e+000  0.000000e+000  0.000000e+000  0.000000e+000  0.000000e+000  0.000000e+000  0.000000e+000  0.000000e+000  0.000000e+000  
0.000000e+000  0.000000e+000  0.000000e+000  0.000000e+000  0.000000e+000  0.000000e+000  0.000000e+000  0.000000e+000  0.000000e+000  0.000000e+000  0.000000e+000  0.000000e+000  0.000000e+000  0.000000e+000  0.000000e+000  0.000000e+000  
0.000000e+000  0.000000e+000  0.000000e+000  0.000000e+000  0.000000e+000  0.000000e+000  0.000000e+000  0.000000e+000  0.000000e+000  0.000000e+000  0.000000e+000  0.000000e+000  0.000000e+000  0.000000e+000  0.000000e+000  0.000000e+000  
0.000000e+000  0.000000e+000  0.000000e+000  0.000000e+000  0.000000e+000  0.000000e+000  0.000000e+000  0.000000e+000  0.000000e+000  0.000000e+000  0.000000e+000  0.000000e+000  0.000000e+000  0.000000e+000  0.000000e+000  0.000000e+000  
0.000000e+000  0.000000e+000  0.000000e+000  0.000000e+000  0.000000e+000  0.000000e+000  0.000000e+000  0.000000e+000  0.000000e+000  0.000000e+000  0.000000e+000  0.000000e+000  0.000000e+000  0.000000e+000  0.000000e+000  0.000000e+000  
0.000000e+000  0.000000e+000  0.000000e+000  0.000000e+000  0.000000e+000  0.000000e+000  0.000000e+000  0.000000e+000  0.000000e+000  0.000000e+000  0.000000e+000  0.000000e+000  0.000000e+000  0.000000e+000  0.000000e+000  0.000000e+000  
0.000000e+000  0.000000e+000  0.000000e+000  0.000000e+000  0.000000e+000  0.000000e+000  0.000000e+000  0.000000e+000  0.000000e+000  0.000000e+000  0.000000e+000  0.000000e+000  0.000000e+000  0.000000e+000  0.000000e+000  0.000000e+000  
0.000000e+000  0.000000e+000  0.000000e+000  0.000000e+000  0.000000e+000  0.000000e+000  0.000000e+000  0.000000e+000  0.000000e+000  0.000000e+000  0.000000e+000  0.000000e+000  0.000000e+000  0.000000e+000  0.000000e+000  0.000000e+000  
0.000000e+000  0.000000e+000  0.000000e+000  0.000000e+000  0.000000e+000  0.000000e+000  0.000000e+000  0.000000e+000  0.000000e+000  0.000000e+000  0.000000e+000  0.000000e+000  0.000000e+000  0.000000e+000  0.000000e+000  0.000000e+000  
0.000000e+000  0.000000e+000  0.000000e+000  0.000000e+000  0.000000e+000  0.000000e+000  0.000000e+000  0.000000e+000  0.000000e+000  0.000000e+000  0.000000e+000  0.000000e+000  0.000000e+000  0.000000e+000  0.000000e+000  0.000000e+000  
0.000000e+000  0.000000e+000  0.000000e+000  0.000000e+000  0.000000e+000  0.000000e+000  0.000000e+000  0.000000e+000  0.000000e+000  0.000000e+000  0.000000e+000  0.000000e+000  0.000000e+000  0.000000e+000  0.000000e+000  0.000000e+000  
0.000000e+000  0.000000e+000  0.000000e+000  0.000000e+000  0.000000e+000  0.000000e+000  0.000000e+000  0.000000e+000  0.000000e+000  0.000000e+000  0.000000e+000  0.000000e+000  0.000000e+000  0.000000e+000  0.000000e+000  0.000000e+000  
0.000000e+000  0.000000e+000  0.000000e+000  0.000000e+000  0.000000e+000  0.000000e+000  0.000000e+000  0.000000e+000  0.000000e+000  0.000000e+000  0.000000e+000  0.000000e+000  0.000000e+000  0.000000e+000  0.000000e+000  0.000000e+000  

0.000000e+000  -1.888163e-001  -3.745862e-001  -5.543127e-001  -7.250961e-001  -8.841810e-001  -1.029001e+000  -1.170534e+000  -1.288719e+000  -1.381198e+000  -1.488993e+000  -1.170276e+000  -5.987310e-001  -4.059147e-001  -2.050019e-001  0.000000e+000  
0.000000e+000  -1.888163e-001  -3.745862e-001  -5.543128e-001  -7.250961e-001  -8.841810e-001  -1.029001e+000  -1.170534e+000  -1.288719e+000  -1.381198e+000  -1.488993e+000  -1.170276e+000  -5.987310e-001  -4.059147e-001  -2.050019e-001  0.000000e+000  
0.000000e+000  -1.888163e-001  -3.745863e-001  -5.543127e-001  -7.250961e-001  -8.841810e-001  -1.029001e+000  -1.170534e+000  -1.288719e+000  -1.381198e+000  -1.488993e+000  -1.170276e+000  -5.987310e-001  -4.059147e-001  -2.050019e-001  0.000000e+000  
0.000000e+000  -1.888163e-001  -3.745863e-001  -5.543128e-001  -7.250961e-001  -8.841810e-001  -1.029001e+000  -1.170534e+000  -1.288719e+000  -1.381198e+000  -1.488993e+000  -1.170276e+000  -5.987310e-001  -4.059147e-001  -2.050019e-001  0.000000e+000  
0.000000e+000  -1.888163e-001  -3.745863e-001  -5.543128e-001  -7.250961e-001  -8.841810e-001  -1.029001e+000  -1.170534e+000  -1.288719e+000  -1.381198e+000  -1.488993e+000  -1.170276e+000  -5.987310e-001  -4.059147e-001  -2.050019e-001  0.000000e+000  
0.000000e+000  -1.888163e-001  -3.745863e-001  -5.543127e-001  -7.250961e-001  -8.841810e-001  -1.029001e+000  -1.170534e+000  -1.288719e+000  -1.381198e+000  -1.488993e+000  -1.170276e+000  -5.987310e-001  -4.059147e-001  -2.050019e-001  0.000000e+000  
0.000000e+000  -1.888163e-001  -3.745863e-001  -5.543128e-001  -7.250961e-001  -8.841810e-001  -1.029001e+000  -1.170534e+000  -1.288719e+000  -1.381198e+000  -1.488993e+000  -1.170276e+000  -5.987310e-001  -4.059147e-001  -2.050019e-001  0.000000e+000  
0.000000e+000  -1.888163e-001  -3.745863e-001  -5.543128e-001  -7.250961e-001  -8.841810e-001  -1.029001e+000  -1.170534e+000  -1.288719e+000  -1.381198e+000  -1.488993e+000  -1.170276e+000  -5.987310e-001  -4.059148e-001  -2.050019e-001  0.000000e+000  
0.000000e+000  -1.888163e-001  -3.745862e-001  -5.543127e-001  -7.250961e-001  -8.841810e-001  -1.029001e+000  -1.170534e+000  -1.288719e+000  -1.381198e+000  -1.488993e+000  -1.170276e+000  -5.987310e-001  -4.059147e-001  -2.050019e-001  0.000000e+000  
0.000000e+000  -1.888163e-001  -3.745863e-001  -5.543128e-001  -7.250961e-001  -8.841810e-001  -1.029001e+000  -1.170534e+000  -1.288719e+000  -1.381198e+000  -1.488993e+000  -1.170276e+000  -5.987310e-001  -4.059147e-001  -2.050019e-001  0.000000e+000  
0.000000e+000  -1.888163e-001  -3.745863e-001  -5.543127e-001  -7.250961e-001  -8.841810e-001  -1.029001e+000  -1.170534e+000  -1.288719e+000  -1.381198e+000  -1.488993e+000  -1.170276e+000  -5.987310e-001  -4.059148e-001  -2.050019e-001  0.000000e+000  
0.000000e+000  -1.888163e-001  -3.745862e-001  -5.543128e-001  -7.250961e-001  -8.841810e-001  -1.029001e+000  -1.170534e+000  -1.288719e+000  -1.381198e+000  -1.488993e+000  -1.170276e+000  -5.987310e-001  -4.059147e-001  -2.050019e-001  0.000000e+000  
0.000000e+000  -1.888162e-001  -3.745863e-001  -5.543127e-001  -7.250961e-001  -8.841810e-001  -1.029001e+000  -1.170534e+000  -1.288719e+000  -1.381198e+000  -1.488993e+000  -1.170276e+000  -5.987310e-001  -4.059148e-001  -2.050019e-001  0.000000e+000  
0.000000e+000  -1.888163e-001  -3.745862e-001  -5.543128e-001  -7.250962e-001  -8.841809e-001  -1.029001e+000  -1.170534e+000  -1.288719e+000  -1.381198e+000  -1.488993e+000  -1.170276e+000  -5.987310e-001  -4.059147e-001  -2.050019e-001  0.000000e+000  
0.000000e+000  -1.888163e-001  -3.745862e-001  -5.543128e-001  -7.250961e-001  -8.841811e-001  -1.029001e+000  -1.170534e+000  -1.288719e+000  -1.381198e+000  -1.488993e+000  -1.170276e+000  -5.987310e-001  -4.059148e-001  -2.050019e-001  0.000000e+000  
0.000000e+000  -1.888163e-001  -3.745863e-001  -5.543127e-001  -7.250961e-001  -8.841810e-001  -1.029001e+000  -1.170534e+000  -1.288719e+000  -1.381198e+000  -1.488993e+000  -1.170276e+000  -5.987310e-001  -4.059147e-001  -2.050019e-001  0.000000e+000  
0.000000e+000  -1.888163e-001  -3.745863e-001  -5.543127e-001  -7.250961e-001  -8.841810e-001  -1.029001e+000  -1.170534e+000  -1.288719e+000  -1.381198e+000  -1.488993e+000  -1.170276e+000  -5.987310e-001  -4.059148e-001  -2.050019e-001  0.000000e+000  
0.000000e+000  -1.888163e-001  -3.745862e-001  -5.543128e-001  -7.250961e-001  -8.841810e-001  -1.029001e+000  -1.170534e+000  -1.288719e+000  -1.381198e+000  -1.488993e+000  -1.170276e+000  -5.987310e-001  -4.059147e-001  -2.050019e-001  0.000000e+000  
0.000000e+000  -1.888163e-001  -3.745863e-001  -5.543128e-001  -7.250961e-001  -8.841810e-001  -1.029001e+000  -1.170534e+000  -1.288719e+000  -1.381198e+000  -1.488993e+000  -1.170276e+000  -5.987310e-001  -4.059148e-001  -2.050019e-001  0.000000e+000  
0.000000e+000  -1.888163e-001  -3.745863e-001  -5.543128e-001  -7.250961e-001  -8.841810e-001  -1.029001e+000  -1.170534e+000  -1.288719e+000  -1.381198e+000  -1.488993e+000  -1.170276e+000  -5.987310e-001  -4.059147e-001  -2.050019e-001  0.000000e+000  
0.000000e+000  -1.888163e-001  -3.745862e-001  -5.543127e-001  -7.250961e-001  -8.841810e-001  -1.029001e+000  -1.170534e+000  -1.288719e+000  -1.381198e+000  -1.488993e+000  -1.170276e+000  -5.987310e-001  -4.059147e-001  -2.050019e-001  0.000000e+000  
0.000000e+000  -1.888163e-001  -3.745863e-001  -5.543128e-001  -7.250961e-001  -8.841810e-001  -1.029001e+000  -1.170534e+000  -1.288719e+000  -1.381198e+000  -1.488993e+000  -1.170276e+000  -5.987310e-001  -4.059147e-001  -2.050019e-001  0.000000e+000  
0.000000e+000  -1.888163e-001  -3.745863e-001  -5.543128e-001  -7.250961e-001  -8.841810e-001  -1.029001e+000  -1.170534e+000  -1.288719e+000  -1.381198e+000  -1.488993e+000  -1.170276e+000  -5.987310e-001  -4.059148e-001  -2.050019e-001  0.000000e+000  
0.000000e+000  -1.888163e-001  -3.745863e-001  -5.543128e-001  -7.250961e-001  -8.841810e-001  -1.029001e+000  -1.170534e+000  -1.288719e+000  -1.381198e+000  -1.488993e+000  -1.170276e+000  -5.987310e-001  -4.059147e-001  -2.050019e-001  0.000000e+000  
0.000000e+000  -1.888163e-001  -3.745862e-001  -5.543127e-001  -7.250961e-001  -8.841810e-001  -1.029001e+000  -1.170534e+000  -1.288719e+000  -1.381198e+000  -1.488993e+000  -1.170276e+000  -5.987310e-001  -4.059147e-001  -2.050019e-001  0.000000e+000  
0.000000e+000  -1.888163e-001  -3.745862e-001  -5.543128e-001  -7.250961e-001  -8.841810e-001  -1.029001e+000  -1.170534e+000  -1.288719e+000  -1.381198e+000  -1.488993e+000  -1.170276e+000  -5.987310e-001  -4.059147e-001  -2.050019e-001  0.000000e+000  
0.000000e+000  0.000000e+000  0.000000e+000  0.000000e+000  0.000000e+000  0.000000e+000  0.000000e+000  0.000000e+000  0.000000e+000  0.000000e+000  0.000000e+000  0.000000e+000  0.000000e+000  0.000000e+000  0.000000e+000  0.000000e+000  

0.000000e+000  0.000000e+000  0.000000e+000  0.000000e+000  0.000000e+000  0.000000e+000  0.000000e+000  0.000000e+000  0.000000e+000  0.000000e+000  0.000000e+000  0.000000e+000  0.000000e+000  0.000000e+000  0.000000e+000  0.000000e+000  
-1.525477e-008  1.208463e-009  -1.010480e-008  -1.812033e-009  -1.056375e-008  -8.590749e-009  -9.530015e-009  -1.459424e-008  -3.262099e-009  8.475189e-010  -3.022282e-009  -4.049029e-009  9.301127e-009  -9.473366e-010  8.018496e-009  0.000000e+000  
-1.549355e-008  -1.613861e-008  -2.482121e-010  -2.279820e-008  -5.216549e-009  -3.239876e-008  -1.170637e-008  -2.020452e-008  -2.389565e-008  1.677092e-009  -4.916699e-009  -7.640555e-009  7.941677e-009  1.403777e-008  9.023863e-009  0.000000e+000  
-2.154137e-008  -1.250435e-008  -1.730441e-008  -1.525852e-008  -3.370360e-008  -2.268655e-008  -2.919516e-008  -3.202116e-008  -4.714629e-008  5.891018e-009  -6.038206e-009  -1.254770e-008  1.588597e-008  1.252355e-008  1.972560e-008  0.000000e+000  
-5.132398e-008  -4.285853e-008  -4.704450e-008  -4.546260e-008  -4.545772e-008  -4.122625e-008  -3.048290e-008  -2.530568e-008  -1.876634e-008  -4.198522e-009  -7.148422e-009  -6.930907e-009  -3.772492e-009  -1.924179e-009  7.414381e-009  0.000000e+000  
-1.667155e-008  -1.370097e-008  -1.756829e-008  -1.319506e-008  -1.343882e-008  -1.172246e-008  -1.222441e-008  -9.708613e-009  -8.164337e-009  -5.179358e-009  -5.638740e-009  -5.229509e-009  -5.029998e-009  -4.988377e-009  -6.377159e-009  0.000000e+000  
1.829340e-008  2.040018e-008  1.603451e-008  1.355040e-008  1.567189e-008  1.438826e-008  1.531702e-008  1.070515e-008  3.739661e-009  3.628915e-009  -1.095650e-009  -5.210665e-009  -1.149227e-009  -5.496608e-009  -1.209701e-008  0.000000e+000  
5.043624e-008  5.238230e-008  4.791660e-008  5.042834e-008  4.691799e-008  4.196801e-008  3.016568e-008  2.888153e-008  2.215128e-008  5.802057e-009  2.514361e-009  -3.119488e-009  -7.978256e-009  -1.213947e-008  -1.366203e-008  0.000000e+000  
2.332528e-008  1.729821e-008  2.122582e-008  1.818662e-008  3.227461e-008  2.931160e-008  2.746297e-008  4.118239e-008  5.228112e-008  2.149922e-009  5.158042e-009  2.655007e-009  -3.003078e-008  -2.373551e-008  -2.396329e-008  0.000000e+000  
1.422826e-008  1.008696e-008  1.328014e-008  2.514785e-008  8.548325e-009  3.148514e-008  2.267492e-008  1.730356e-008  3.422799e-008  1.234612e-008  2.479688e-009  -4.200681e-009  -1.781561e-008  -2.094041e-008  -1.482797e-008  0.000000e+000  
5.211999e-009  1.056163e-008  5.443360e-009  3.968113e-009  2.501418e-008  3.124185e-009  8.465381e-009  2.180998e-008  9.099074e-009  1.994291e-008  -7.693881e-010  -8.929862e-009  -1.443450e-008  -6.006209e-009  -1.085528e-008  0.000000e+000  
-1.052918e-008  2.947594e-008  -2.926678e-008  2.617561e-008  -2.418074e-008  1.134114e-008  6.150048e-009  3.436830e-009  -1.405067e-008  3.314474e-008  -2.068305e-009  -2.135926e-008  6.139892e-009  -1.264273e-008  4.793804e-009  0.000000e+000  
2.542514e-008  -5.707032e-008  5.710255e-008  -1.317975e-008  -8.549089e-009  -6.663091e-009  5.664804e-009  7.282480e-009  1.730784e-008  7.609096e-009  -5.756568e-009  -3.456327e-009  -6.928791e-009  1.601158e-008  -1.360520e-008  0.000000e+000  
-3.185646e-009  2.473064e-008  -3.182289e-008  -1.179904e-008  4.313507e-008  -2.913575e-008  1.352017e-008  -1.715714e-008  -8.255303e-009  3.841033e-009  7.925412e-009  -6.424625e-009  7.170124e-009  -1.451687e-008  3.216890e-009  0.000000e+000  
-1.333560e-009  -1.503962e-009  -1.038250e-009  7.383508e-009  -3.328616e-008  3.776660e-008  -2.322296e-008  1.280693e-008  2.719450e-009  -1.408446e-008  -3.282594e-009  1.024285e-008  -2.454139e-009  6.799035e-009  7.883340e-009  0.000000e+000  
-5.129140e-009  -2.772024e-009  6.766440e-009  -9.377554e-009  1.345078e-008  -1.083479e-008  3.438844e-009  -5.876293e-009  5.686561e-010  -3.208056e-008  6.006790e-009  1.895400e-008  1.940022e-009  4.763900e-009  -6.043314e-009  0.000000e+000  
-5.806541e-009  -1.360858e-008  -4.989413e-009  -1.713045e-008  -1.080806e-009  -4.848907e-009  -1.934293e-008  -1.418214e-008  -1.321128e-008  -1.995551e-008  -8.709165e-010  1.273009e-008  8.055829e-009  8.739834e-009  9.756587e-009  0.000000e+000  
-1.474550e-008  -1.004617e-008  -2.671903e-008  9.552826e-011  -2.432887e-008  -2.896481e-008  -1.293929e-008  -3.108552e-008  -2.550739e-008  -1.211202e-008  -2.624453e-009  4.693188e-009  2.067704e-008  1.178103e-008  1.587177e-008  0.000000e+000  
-1.954212e-008  -2.142031e-008  -1.871980e-008  -2.449039e-008  -2.694834e-008  -3.113361e-008  -3.276046e-008  -3.638665e-008  -5.211178e-008  -2.971590e-009  -3.758091e-009  -3.578883e-009  2.843696e-008  2.702570e-008  2.283776e-008  0.000000e+000  
-5.320775e-008  -5.045629e-008  -4.961982e-008  -4.188455e-008  -4.945049e-008  -4.519489e-008  -3.611825e-008  -2.559080e-008  -1.887924e-008  -6.213558e-009  -2.182892e-009  2.525901e-009  5.197957e-009  8.871768e-009  1.980701e-008  0.000000e+000  
-1.663697e-008  -1.964021e-008  -1.928247e-008  -1.736136e-008  -1.062548e-008  -1.631154e-008  -1.286398e-008  -1.303608e-008  -2.827065e-009  -3.839616e-009  5.896454e-010  4.877821e-009  6.112763e-009  4.538497e-009  9.544333e-009  0.000000e+000  
1.629051e-008  1.579521e-008  1.434884e-008  1.535131e-008  1.577350e-008  1.240388e-008  1.041650e-008  8.877105e-009  8.236591e-009  5.164724e-009  5.203610e-009  5.632262e-009  4.855391e-009  3.258035e-009  6.285824e-009  0.000000e+000  
5.349801e-008  4.590417e-008  4.683162e-008  4.062395e-008  4.536400e-008  3.774417e-008  3.686442e-008  2.632116e-008  1.323475e-008  5.435301e-009  6.525541e-009  7.170450e-009  -1.104167e-009  -3.412160e-009  4.015822e-010  0.000000e+000  
1.610714e-008  1.334498e-008  2.080245e-008  2.596157e-008  2.207605e-008  2.847293e-008  2.417467e-008  3.583897e-008  4.613726e-008  -6.476566e-009  6.408749e-009  1.340166e-008  -1.941605e-008  -1.799084e-008  -1.477456e-008  0.000000e+000  
8.308163e-009  1.677902e-008  1.129003e-008  1.005909e-008  2.483326e-008  1.296624e-008  1.730133e-008  2.216331e-008  2.598388e-008  -1.434962e-009  3.637384e-009  7.394320e-009  -4.815668e-009  -1.866810e-008  -5.233373e-009  0.000000e+000  
9.370177e-009  2.673433e-009  5.574985e-009  1.546275e-008  -2.536667e-009  1.282673e-008  8.144021e-009  1.326088e-008  8.275371e-009  -9.996266e-011  1.938572e-009  3.835044e-009  -6.443969e-009  0.000000e+000  -8.350403e-009  0.000000e+000  
0.000000e+000  0.000000e+000  0.000000e+000  0.000000e+000  0.000000e+000  0.000000e+000  0.000000e+000  0.000000e+000  0.000000e+000  0.000000e+000  0.000000e+000  0.000000e+000  0.000000e+000  0.000000e+000  0.000000e+000  0.000000e+000  

-1.791485e+000  -1.762581e+000  -1.705241e+000  -1.620389e+000  -1.509394e+000  -1.374046e+000  -1.207718e+000  -1.008486e+000  -7.891390e-001  -2.676796e-001  6.768917e-001  1.419279e+000  1.645324e+000  1.714413e+000  1.749306e+000  0.000000e+000  
-1.791485e+000  -1.762581e+000  -1.705241e+000  -1.620389e+000  -1.509394e+000  -1.374046e+000  -1.207718e+000  -1.008486e+000  -7.891390e-001  -2.676796e-001  6.768917e-001  1.419279e+000  1.645324e+000  1.714413e+000  1.749306e+000  0.000000e+000  
-1.791485e+000  -1.762581e+000  -1.705241e+000  -1.620389e+000  -1.509394e+000  -1.374046e+000  -1.207718e+000  -1.008486e+000  -7.891390e-001  -2.676796e-001  6.768917e-001  1.419279e+000  1.645324e+000  1.714413e+000  1.749306e+000  0.000000e+000  
-1.791485e+000  -1.762581e+000  -1.705241e+000  -1.620389e+000  -1.509394e+000  -1.374046e+000  -1.207718e+000  -1.008486e+000  -7.891390e-001  -2.676796e-001  6.768917e-001  1.419279e+000  1.645324e+000  1.714413e+000  1.749306e+000  0.000000e+000  
-1.791485e+000  -1.762581e+000  -1.705241e+000  -1.620389e+000  -1.509394e+000  -1.374046e+000  -1.207718e+000  -1.008486e+000  -7.891390e-001  -2.676796e-001  6.768917e-001  1.419279e+000  1.645324e+000  1.714413e+000  1.749306e+000  0.000000e+000  
-1.791485e+000  -1.762581e+000  -1.705241e+000  -1.620389e+000  -1.509394e+000  -1.374046e+000  -1.207718e+000  -1.008486e+000  -7.891390e-001  -2.676796e-001  6.768917e-001  1.419279e+000  1.645324e+000  1.714413e+000  1.749306e+000  0.000000e+000  
-1.791485e+000  -1.762581e+000  -1.705241e+000  -1.620389e+000  -1.509394e+000  -1.374046e+000  -1.207718e+000  -1.008486e+000  -7.891390e-001  -2.676796e-001  6.768917e-001  1.419279e+000  1.645324e+000  1.714413e+000  1.749306e+000  0.000000e+000  
-1.791485e+000  -1.762581e+000  -1.705241e+000  -1.620389e+000  -1.509394e+000  -1.374046e+000  -1.207718e+000  -1.008486e+000  -7.891390e-001  -2.676796e-001  6.768917e-001  1.419279e+000  1.645324e+000  1.714413e+000  1.749306e+000  0.000000e+000  
-1.791485e+000  -1.762581e+000  -1.705241e+000  -1.620389e+000  -1.509394e+000  -1.374046e+000  -1.207718e+000  -1.008486e+000  -7.891390e-001  -2.676796e-001  6.768917e-001  1.419279e+000  1.645324e+000  1.714413e+000  1.749306e+000  0.000000e+000  
-1.791485e+000  -1.762581e+000  -1.705241e+000  -1.620389e+000  -1.509394e+000  -1.374046e+000  -1.207718e+000  -1.008486e+000  -7.891390e-001  -2.676796e-001  6.768917e-001  1.419279e+000  1.645324e+000  1.714413e+000  1.749306e+000  0.000000e+000  
-1.791485e+000  -1.762581e+000  -1.705241e+000  -1.620389e+000  -1.509394e+000  -1.374046e+000  -1.207718e+000  -1.008486e+000  -7.891390e-001  -2.676796e-001  6.768917e-001  1.419279e+000  1.645324e+000  1.714413e+000  1.749306e+000  0.000000e+000  
-1.791485e+000  -1.762581e+000  -1.705241e+000  -1.620389e+000  -1.509394e+000  -1.374046e+000  -1.207718e+000  -1.008486e+000  -7.891390e-001  -2.676796e-001  6.768917e-001  1.419279e+000  1.645324e+000  1.714413e+000  1.749306e+000  0.000000e+000  
-1.791485e+000  -1.762581e+000  -1.705241e+000  -1.620389e+000  -1.509394e+000  -1.374046e+000  -1.207718e+000  -1.008486e+000  -7.891390e-001  -2.676796e-001  6.768917e-001  1.419279e+000  1.645324e+000  1.714413e+000  1.749306e+000  0.000000e+000  
-1.791485e+000  -1.762581e+000  -1.705241e+000  -1.620389e+000  -1.509394e+000  -1.374046e+000  -1.207718e+000  -1.008486e+000  -7.891390e-001  -2.676796e-001  6.768917e-001  1.419279e+000  1.645324e+000  1.714413e+000  1.749306e+000  0.000000e+000  
-1.791485e+000  -1.762581e+000  -1.705241e+000  -1.620389e+000  -1.509394e+000  -1.374046e+000  -1.207718e+000  -1.008486e+000  -7.891390e-001  -2.676796e-001  6.768917e-001  1.419279e+000  1.645324e+000  1.714413e+000  1.749306e+000  0.000000e+000  
-1.791485e+000  -1.762581e+000  -1.705241e+000  -1.620389e+000  -1.509394e+000  -1.374046e+000  -1.207718e+000  -1.008486e+000  -7.891390e-001  -2.676796e-001  6.768917e-001  1.419279e+000  1.645324e+000  1.714413e+000  1.749306e+000  0.000000e+000  
-1.791485e+000  -1.762581e+000  -1.705241e+000  -1.620389e+000  -1.509394e+000  -1.374046e+000  -1.207718e+000  -1.008486e+000  -7.891390e-001  -2.676796e-001  6.768917e-001  1.419279e+000  1.645324e+000  1.714413e+000  1.749306e+000  0.000000e+000  
-1.791485e+000  -1.762581e+000  -1.705241e+000  -1.620389e+000  -1.509394e+000  -1.374046e+000  -1.207718e+000  -1.008486e+000  -7.891390e-001  -2.676796e-001  6.768917e-001  1.419279e+000  1.645324e+000  1.714413e+000  1.749306e+000  0.000000e+000  
-1.791485e+000  -1.762581e+000  -1.705241e+000  -1.620389e+000  -1.509394e+000  -1.374046e+000  -1.207718e+000  -1.008486e+000  -7.891390e-001  -2.676796e-001  6.768917e-001  1.419279e+000  1.645324e+000  1.714413e+000  1.749306e+000  0.000000e+000  
-1.791485e+000  -1.762581e+000  -1.705241e+000  -1.620389e+000  -1.509394e+000  -1.374046e+000  -1.207718e+000  -1.008486e+000  -7.891390e-001  -2.676796e-001  6.768917e-001  1.419279e+000  1.645324e+000  1.714413e+000  1.749306e+000  0.000000e+000  
-1.791485e+000  -1.762581e+000  -1.705241e+000  -1.620389e+000  -1.509394e+000  -1.374046e+000  -1.207718e+000  -1.008486e+000  -7.891390e-001  -2.676796e-001  6.768917e-001  1.419279e+000  1.645324e+000  1.714413e+000  1.749306e+000  0.000000e+000  
-1.791485e+000  -1.762581e+000  -1.705241e+000  -1.620389e+000  -1.509394e+000  -1.374046e+000  -1.207718e+000  -1.008486e+000  -7.891390e-001  -2.676796e-001  6.768917e-001  1.419279e+000  1.645324e+000  1.714413e+000  1.749306e+000  0.000000e+000  
-1.791485e+000  -1.762581e+000  -1.705241e+000  -1.620389e+000  -1.509394e+000  -1.374046e+000  -1.207718e+000  -1.008486e+000  -7.891390e-001  -2.676796e-001  6.768917e-001  1.419279e+000  1.645324e+000  1.714413e+000  1.749306e+000  0.000000e+000  
-1.791485e+000  -1.762581e+000  -1.705241e+000  -1.620389e+000  -1.509394e+000  -1.374046e+000  -1.207718e+000  -1.008486e+000  -7.891390e-001  -2.676796e-001  6.768917e-001  1.419279e+000  1.645324e+000  1.714413e+000  1.749306e+000  0.000000e+000  
-1.791485e+000  -1.762581e+000  -1.705241e+000  -1.620389e+000  -1.509394e+000  -1.374046e+000  -1.207718e+000  -1.008486e+000  -7.891390e-001  -2.676796e-001  6.768917e-001  1.419279e+000  1.645324e+000  1.714413e+000  1.749306e+000  0.000000e+000  
-1.791485e+000  -1.762581e+000  -1.705241e+000  -1.620389e+000  -1.509394e+000  -1.374046e+000  -1.207718e+000  -1.008486e+000  -7.891390e-001  -2.676796e-001  6.768917e-001  1.419279e+000  1.645324e+000  1.714413e+000  1.749306e+000  0.000000e+000  
0.000000e+000  0.000000e+000  0.000000e+000  0.000000e+000  0.000000e+000  0.000000e+000  0.000000e+000  0.000000e+000  0.000000e+000  0.000000e+000  0.000000e+000  0.000000e+000  0.000000e+000  0.000000e+000  0.000000e+000  0.000000e+000  

