Port monitor named: Port2_h2.prt

nx        = 3
ny        = 18
nz        = 29

nu        = 16
nv        = 27
iu        = 2
iv        = 2

idir      = 0
dcut      = 4.914300e-001
icut      = 3
type      = 1
frequency = 2.200000e+009

fcutoff   = 3.150656e+009
alpha     = 4.725954e+001
beta      = 0.000000e+000
accuracy  = 5.690868e-010

type          = TE
wave imp.     = 3.675555e+002
wave imp.sig. = 8.668431e-006
line imp.     = 0.000000e+000

ref. port     = 0

0.000000e+000  0.000000e+000  0.000000e+000  0.000000e+000  0.000000e+000  0.000000e+000  0.000000e+000  0.000000e+000  0.000000e+000  0.000000e+000  0.000000e+000  0.000000e+000  0.000000e+000  0.000000e+000  0.000000e+000  0.000000e+000  
0.000000e+000  0.000000e+000  0.000000e+000  0.000000e+000  0.000000e+000  0.000000e+000  0.000000e+000  0.000000e+000  0.000000e+000  0.000000e+000  0.000000e+000  0.000000e+000  0.000000e+000  0.000000e+000  0.000000e+000  0.000000e+000  
0.000000e+000  0.000000e+000  0.000000e+000  0.000000e+000  0.000000e+000  0.000000e+000  0.000000e+000  0.000000e+000  0.000000e+000  0.000000e+000  0.000000e+000  0.000000e+000  0.000000e+000  0.000000e+000  0.000000e+000  0.000000e+000  
0.000000e+000  0.000000e+000  0.000000e+000  0.000000e+000  0.000000e+000  0.000000e+000  0.000000e+000  0.000000e+000  0.000000e+000  0.000000e+000  0.000000e+000  0.000000e+000  0.000000e+000  0.000000e+000  0.000000e+000  0.000000e+000  
0.000000e+000  0.000000e+000  0.000000e+000  0.000000e+000  0.000000e+000  0.000000e+000  0.000000e+000  0.000000e+000  0.000000e+000  0.000000e+000  0.000000e+000  0.000000e+000  0.000000e+000  0.000000e+000  0.000000e+000  0.000000e+000  
0.000000e+000  0.000000e+000  0.000000e+000  0.000000e+000  0.000000e+000  0.000000e+000  0.000000e+000  0.000000e+000  0.000000e+000  0.000000e+000  0.000000e+000  0.000000e+000  0.000000e+000  0.000000e+000  0.000000e+000  0.000000e+000  
0.000000e+000  0.000000e+000  0.000000e+000  0.000000e+000  0.000000e+000  0.000000e+000  0.000000e+000  0.000000e+000  0.000000e+000  0.000000e+000  0.000000e+000  0.000000e+000  0.000000e+000  0.000000e+000  0.000000e+000  0.000000e+000  
0.000000e+000  0.000000e+000  0.000000e+000  0.000000e+000  0.000000e+000  0.000000e+000  0.000000e+000  0.000000e+000  0.000000e+000  0.000000e+000  0.000000e+000  0.000000e+000  0.000000e+000  0.000000e+000  0.000000e+000  0.000000e+000  
0.000000e+000  0.000000e+000  0.000000e+000  0.000000e+000  0.000000e+000  0.000000e+000  0.000000e+000  0.000000e+000  0.000000e+000  0.000000e+000  0.000000e+000  0.000000e+000  0.000000e+000  0.000000e+000  0.000000e+000  0.000000e+000  
0.000000e+000  0.000000e+000  0.000000e+000  0.000000e+000  0.000000e+000  0.000000e+000  0.000000e+000  0.000000e+000  0.000000e+000  0.000000e+000  0.000000e+000  0.000000e+000  0.000000e+000  0.000000e+000  0.000000e+000  0.000000e+000  
0.000000e+000  0.000000e+000  0.000000e+000  0.000000e+000  0.000000e+000  0.000000e+000  0.000000e+000  0.000000e+000  0.000000e+000  0.000000e+000  0.000000e+000  0.000000e+000  0.000000e+000  0.000000e+000  0.000000e+000  0.000000e+000  
0.000000e+000  0.000000e+000  0.000000e+000  0.000000e+000  0.000000e+000  0.000000e+000  0.000000e+000  0.000000e+000  0.000000e+000  0.000000e+000  0.000000e+000  0.000000e+000  0.000000e+000  0.000000e+000  0.000000e+000  0.000000e+000  
0.000000e+000  0.000000e+000  0.000000e+000  0.000000e+000  0.000000e+000  0.000000e+000  0.000000e+000  0.000000e+000  0.000000e+000  0.000000e+000  0.000000e+000  0.000000e+000  0.000000e+000  0.000000e+000  0.000000e+000  0.000000e+000  
0.000000e+000  0.000000e+000  0.000000e+000  0.000000e+000  0.000000e+000  0.000000e+000  0.000000e+000  0.000000e+000  0.000000e+000  0.000000e+000  0.000000e+000  0.000000e+000  0.000000e+000  0.000000e+000  0.000000e+000  0.000000e+000  
0.000000e+000  0.000000e+000  0.000000e+000  0.000000e+000  0.000000e+000  0.000000e+000  0.000000e+000  0.000000e+000  0.000000e+000  0.000000e+000  0.000000e+000  0.000000e+000  0.000000e+000  0.000000e+000  0.000000e+000  0.000000e+000  
0.000000e+000  0.000000e+000  0.000000e+000  0.000000e+000  0.000000e+000  0.000000e+000  0.000000e+000  0.000000e+000  0.000000e+000  0.000000e+000  0.000000e+000  0.000000e+000  0.000000e+000  0.000000e+000  0.000000e+000  0.000000e+000  
0.000000e+000  0.000000e+000  0.000000e+000  0.000000e+000  0.000000e+000  0.000000e+000  0.000000e+000  0.000000e+000  0.000000e+000  0.000000e+000  0.000000e+000  0.000000e+000  0.000000e+000  0.000000e+000  0.000000e+000  0.000000e+000  
0.000000e+000  0.000000e+000  0.000000e+000  0.000000e+000  0.000000e+000  0.000000e+000  0.000000e+000  0.000000e+000  0.000000e+000  0.000000e+000  0.000000e+000  0.000000e+000  0.000000e+000  0.000000e+000  0.000000e+000  0.000000e+000  
0.000000e+000  0.000000e+000  0.000000e+000  0.000000e+000  0.000000e+000  0.000000e+000  0.000000e+000  0.000000e+000  0.000000e+000  0.000000e+000  0.000000e+000  0.000000e+000  0.000000e+000  0.000000e+000  0.000000e+000  0.000000e+000  
0.000000e+000  0.000000e+000  0.000000e+000  0.000000e+000  0.000000e+000  0.000000e+000  0.000000e+000  0.000000e+000  0.000000e+000  0.000000e+000  0.000000e+000  0.000000e+000  0.000000e+000  0.000000e+000  0.000000e+000  0.000000e+000  
0.000000e+000  0.000000e+000  0.000000e+000  0.000000e+000  0.000000e+000  0.000000e+000  0.000000e+000  0.000000e+000  0.000000e+000  0.000000e+000  0.000000e+000  0.000000e+000  0.000000e+000  0.000000e+000  0.000000e+000  0.000000e+000  
0.000000e+000  0.000000e+000  0.000000e+000  0.000000e+000  0.000000e+000  0.000000e+000  0.000000e+000  0.000000e+000  0.000000e+000  0.000000e+000  0.000000e+000  0.000000e+000  0.000000e+000  0.000000e+000  0.000000e+000  0.000000e+000  
0.000000e+000  0.000000e+000  0.000000e+000  0.000000e+000  0.000000e+000  0.000000e+000  0.000000e+000  0.000000e+000  0.000000e+000  0.000000e+000  0.000000e+000  0.000000e+000  0.000000e+000  0.000000e+000  0.000000e+000  0.000000e+000  
0.000000e+000  0.000000e+000  0.000000e+000  0.000000e+000  0.000000e+000  0.000000e+000  0.000000e+000  0.000000e+000  0.000000e+000  0.000000e+000  0.000000e+000  0.000000e+000  0.000000e+000  0.000000e+000  0.000000e+000  0.000000e+000  
0.000000e+000  0.000000e+000  0.000000e+000  0.000000e+000  0.000000e+000  0.000000e+000  0.000000e+000  0.000000e+000  0.000000e+000  0.000000e+000  0.000000e+000  0.000000e+000  0.000000e+000  0.000000e+000  0.000000e+000  0.000000e+000  
0.000000e+000  0.000000e+000  0.000000e+000  0.000000e+000  0.000000e+000  0.000000e+000  0.000000e+000  0.000000e+000  0.000000e+000  0.000000e+000  0.000000e+000  0.000000e+000  0.000000e+000  0.000000e+000  0.000000e+000  0.000000e+000  
0.000000e+000  0.000000e+000  0.000000e+000  0.000000e+000  0.000000e+000  0.000000e+000  0.000000e+000  0.000000e+000  0.000000e+000  0.000000e+000  0.000000e+000  0.000000e+000  0.000000e+000  0.000000e+000  0.000000e+000  0.000000e+000  

0.000000e+000  0.000000e+000  0.000000e+000  0.000000e+000  0.000000e+000  0.000000e+000  0.000000e+000  0.000000e+000  0.000000e+000  0.000000e+000  0.000000e+000  0.000000e+000  0.000000e+000  0.000000e+000  0.000000e+000  0.000000e+000  
0.000000e+000  0.000000e+000  0.000000e+000  0.000000e+000  0.000000e+000  0.000000e+000  0.000000e+000  0.000000e+000  0.000000e+000  0.000000e+000  0.000000e+000  0.000000e+000  0.000000e+000  0.000000e+000  0.000000e+000  0.000000e+000  
0.000000e+000  0.000000e+000  0.000000e+000  0.000000e+000  0.000000e+000  0.000000e+000  0.000000e+000  0.000000e+000  0.000000e+000  0.000000e+000  0.000000e+000  0.000000e+000  0.000000e+000  0.000000e+000  0.000000e+000  0.000000e+000  
0.000000e+000  0.000000e+000  0.000000e+000  0.000000e+000  0.000000e+000  0.000000e+000  0.000000e+000  0.000000e+000  0.000000e+000  0.000000e+000  0.000000e+000  0.000000e+000  0.000000e+000  0.000000e+000  0.000000e+000  0.000000e+000  
0.000000e+000  0.000000e+000  0.000000e+000  0.000000e+000  0.000000e+000  0.000000e+000  0.000000e+000  0.000000e+000  0.000000e+000  0.000000e+000  0.000000e+000  0.000000e+000  0.000000e+000  0.000000e+000  0.000000e+000  0.000000e+000  
0.000000e+000  0.000000e+000  0.000000e+000  0.000000e+000  0.000000e+000  0.000000e+000  0.000000e+000  0.000000e+000  0.000000e+000  0.000000e+000  0.000000e+000  0.000000e+000  0.000000e+000  0.000000e+000  0.000000e+000  0.000000e+000  
0.000000e+000  0.000000e+000  0.000000e+000  0.000000e+000  0.000000e+000  0.000000e+000  0.000000e+000  0.000000e+000  0.000000e+000  0.000000e+000  0.000000e+000  0.000000e+000  0.000000e+000  0.000000e+000  0.000000e+000  0.000000e+000  
0.000000e+000  0.000000e+000  0.000000e+000  0.000000e+000  0.000000e+000  0.000000e+000  0.000000e+000  0.000000e+000  0.000000e+000  0.000000e+000  0.000000e+000  0.000000e+000  0.000000e+000  0.000000e+000  0.000000e+000  0.000000e+000  
0.000000e+000  0.000000e+000  0.000000e+000  0.000000e+000  0.000000e+000  0.000000e+000  0.000000e+000  0.000000e+000  0.000000e+000  0.000000e+000  0.000000e+000  0.000000e+000  0.000000e+000  0.000000e+000  0.000000e+000  0.000000e+000  
0.000000e+000  0.000000e+000  0.000000e+000  0.000000e+000  0.000000e+000  0.000000e+000  0.000000e+000  0.000000e+000  0.000000e+000  0.000000e+000  0.000000e+000  0.000000e+000  0.000000e+000  0.000000e+000  0.000000e+000  0.000000e+000  
0.000000e+000  0.000000e+000  0.000000e+000  0.000000e+000  0.000000e+000  0.000000e+000  0.000000e+000  0.000000e+000  0.000000e+000  0.000000e+000  0.000000e+000  0.000000e+000  0.000000e+000  0.000000e+000  0.000000e+000  0.000000e+000  
0.000000e+000  0.000000e+000  0.000000e+000  0.000000e+000  0.000000e+000  0.000000e+000  0.000000e+000  0.000000e+000  0.000000e+000  0.000000e+000  0.000000e+000  0.000000e+000  0.000000e+000  0.000000e+000  0.000000e+000  0.000000e+000  
0.000000e+000  0.000000e+000  0.000000e+000  0.000000e+000  0.000000e+000  0.000000e+000  0.000000e+000  0.000000e+000  0.000000e+000  0.000000e+000  0.000000e+000  0.000000e+000  0.000000e+000  0.000000e+000  0.000000e+000  0.000000e+000  
0.000000e+000  0.000000e+000  0.000000e+000  0.000000e+000  0.000000e+000  0.000000e+000  0.000000e+000  0.000000e+000  0.000000e+000  0.000000e+000  0.000000e+000  0.000000e+000  0.000000e+000  0.000000e+000  0.000000e+000  0.000000e+000  
0.000000e+000  0.000000e+000  0.000000e+000  0.000000e+000  0.000000e+000  0.000000e+000  0.000000e+000  0.000000e+000  0.000000e+000  0.000000e+000  0.000000e+000  0.000000e+000  0.000000e+000  0.000000e+000  0.000000e+000  0.000000e+000  
0.000000e+000  0.000000e+000  0.000000e+000  0.000000e+000  0.000000e+000  0.000000e+000  0.000000e+000  0.000000e+000  0.000000e+000  0.000000e+000  0.000000e+000  0.000000e+000  0.000000e+000  0.000000e+000  0.000000e+000  0.000000e+000  
0.000000e+000  0.000000e+000  0.000000e+000  0.000000e+000  0.000000e+000  0.000000e+000  0.000000e+000  0.000000e+000  0.000000e+000  0.000000e+000  0.000000e+000  0.000000e+000  0.000000e+000  0.000000e+000  0.000000e+000  0.000000e+000  
0.000000e+000  0.000000e+000  0.000000e+000  0.000000e+000  0.000000e+000  0.000000e+000  0.000000e+000  0.000000e+000  0.000000e+000  0.000000e+000  0.000000e+000  0.000000e+000  0.000000e+000  0.000000e+000  0.000000e+000  0.000000e+000  
0.000000e+000  0.000000e+000  0.000000e+000  0.000000e+000  0.000000e+000  0.000000e+000  0.000000e+000  0.000000e+000  0.000000e+000  0.000000e+000  0.000000e+000  0.000000e+000  0.000000e+000  0.000000e+000  0.000000e+000  0.000000e+000  
0.000000e+000  0.000000e+000  0.000000e+000  0.000000e+000  0.000000e+000  0.000000e+000  0.000000e+000  0.000000e+000  0.000000e+000  0.000000e+000  0.000000e+000  0.000000e+000  0.000000e+000  0.000000e+000  0.000000e+000  0.000000e+000  
0.000000e+000  0.000000e+000  0.000000e+000  0.000000e+000  0.000000e+000  0.000000e+000  0.000000e+000  0.000000e+000  0.000000e+000  0.000000e+000  0.000000e+000  0.000000e+000  0.000000e+000  0.000000e+000  0.000000e+000  0.000000e+000  
0.000000e+000  0.000000e+000  0.000000e+000  0.000000e+000  0.000000e+000  0.000000e+000  0.000000e+000  0.000000e+000  0.000000e+000  0.000000e+000  0.000000e+000  0.000000e+000  0.000000e+000  0.000000e+000  0.000000e+000  0.000000e+000  
0.000000e+000  0.000000e+000  0.000000e+000  0.000000e+000  0.000000e+000  0.000000e+000  0.000000e+000  0.000000e+000  0.000000e+000  0.000000e+000  0.000000e+000  0.000000e+000  0.000000e+000  0.000000e+000  0.000000e+000  0.000000e+000  
0.000000e+000  0.000000e+000  0.000000e+000  0.000000e+000  0.000000e+000  0.000000e+000  0.000000e+000  0.000000e+000  0.000000e+000  0.000000e+000  0.000000e+000  0.000000e+000  0.000000e+000  0.000000e+000  0.000000e+000  0.000000e+000  
0.000000e+000  0.000000e+000  0.000000e+000  0.000000e+000  0.000000e+000  0.000000e+000  0.000000e+000  0.000000e+000  0.000000e+000  0.000000e+000  0.000000e+000  0.000000e+000  0.000000e+000  0.000000e+000  0.000000e+000  0.000000e+000  
0.000000e+000  0.000000e+000  0.000000e+000  0.000000e+000  0.000000e+000  0.000000e+000  0.000000e+000  0.000000e+000  0.000000e+000  0.000000e+000  0.000000e+000  0.000000e+000  0.000000e+000  0.000000e+000  0.000000e+000  0.000000e+000  
0.000000e+000  0.000000e+000  0.000000e+000  0.000000e+000  0.000000e+000  0.000000e+000  0.000000e+000  0.000000e+000  0.000000e+000  0.000000e+000  0.000000e+000  0.000000e+000  0.000000e+000  0.000000e+000  0.000000e+000  0.000000e+000  

0.000000e+000  0.000000e+000  0.000000e+000  0.000000e+000  0.000000e+000  0.000000e+000  0.000000e+000  0.000000e+000  0.000000e+000  0.000000e+000  0.000000e+000  0.000000e+000  0.000000e+000  0.000000e+000  0.000000e+000  0.000000e+000  
0.000000e+000  0.000000e+000  0.000000e+000  0.000000e+000  0.000000e+000  0.000000e+000  0.000000e+000  0.000000e+000  0.000000e+000  0.000000e+000  0.000000e+000  0.000000e+000  0.000000e+000  0.000000e+000  0.000000e+000  0.000000e+000  
0.000000e+000  0.000000e+000  0.000000e+000  0.000000e+000  0.000000e+000  0.000000e+000  0.000000e+000  0.000000e+000  0.000000e+000  0.000000e+000  0.000000e+000  0.000000e+000  0.000000e+000  0.000000e+000  0.000000e+000  0.000000e+000  
0.000000e+000  0.000000e+000  0.000000e+000  0.000000e+000  0.000000e+000  0.000000e+000  0.000000e+000  0.000000e+000  0.000000e+000  0.000000e+000  0.000000e+000  0.000000e+000  0.000000e+000  0.000000e+000  0.000000e+000  0.000000e+000  
0.000000e+000  0.000000e+000  0.000000e+000  0.000000e+000  0.000000e+000  0.000000e+000  0.000000e+000  0.000000e+000  0.000000e+000  0.000000e+000  0.000000e+000  0.000000e+000  0.000000e+000  0.000000e+000  0.000000e+000  0.000000e+000  
0.000000e+000  0.000000e+000  0.000000e+000  0.000000e+000  0.000000e+000  0.000000e+000  0.000000e+000  0.000000e+000  0.000000e+000  0.000000e+000  0.000000e+000  0.000000e+000  0.000000e+000  0.000000e+000  0.000000e+000  0.000000e+000  
0.000000e+000  0.000000e+000  0.000000e+000  0.000000e+000  0.000000e+000  0.000000e+000  0.000000e+000  0.000000e+000  0.000000e+000  0.000000e+000  0.000000e+000  0.000000e+000  0.000000e+000  0.000000e+000  0.000000e+000  0.000000e+000  
0.000000e+000  0.000000e+000  0.000000e+000  0.000000e+000  0.000000e+000  0.000000e+000  0.000000e+000  0.000000e+000  0.000000e+000  0.000000e+000  0.000000e+000  0.000000e+000  0.000000e+000  0.000000e+000  0.000000e+000  0.000000e+000  
0.000000e+000  0.000000e+000  0.000000e+000  0.000000e+000  0.000000e+000  0.000000e+000  0.000000e+000  0.000000e+000  0.000000e+000  0.000000e+000  0.000000e+000  0.000000e+000  0.000000e+000  0.000000e+000  0.000000e+000  0.000000e+000  
0.000000e+000  0.000000e+000  0.000000e+000  0.000000e+000  0.000000e+000  0.000000e+000  0.000000e+000  0.000000e+000  0.000000e+000  0.000000e+000  0.000000e+000  0.000000e+000  0.000000e+000  0.000000e+000  0.000000e+000  0.000000e+000  
0.000000e+000  0.000000e+000  0.000000e+000  0.000000e+000  0.000000e+000  0.000000e+000  0.000000e+000  0.000000e+000  0.000000e+000  0.000000e+000  0.000000e+000  0.000000e+000  0.000000e+000  0.000000e+000  0.000000e+000  0.000000e+000  
0.000000e+000  0.000000e+000  0.000000e+000  0.000000e+000  0.000000e+000  0.000000e+000  0.000000e+000  0.000000e+000  0.000000e+000  0.000000e+000  0.000000e+000  0.000000e+000  0.000000e+000  0.000000e+000  0.000000e+000  0.000000e+000  
0.000000e+000  0.000000e+000  0.000000e+000  0.000000e+000  0.000000e+000  0.000000e+000  0.000000e+000  0.000000e+000  0.000000e+000  0.000000e+000  0.000000e+000  0.000000e+000  0.000000e+000  0.000000e+000  0.000000e+000  0.000000e+000  
0.000000e+000  0.000000e+000  0.000000e+000  0.000000e+000  0.000000e+000  0.000000e+000  0.000000e+000  0.000000e+000  0.000000e+000  0.000000e+000  0.000000e+000  0.000000e+000  0.000000e+000  0.000000e+000  0.000000e+000  0.000000e+000  
0.000000e+000  0.000000e+000  0.000000e+000  0.000000e+000  0.000000e+000  0.000000e+000  0.000000e+000  0.000000e+000  0.000000e+000  0.000000e+000  0.000000e+000  0.000000e+000  0.000000e+000  0.000000e+000  0.000000e+000  0.000000e+000  
0.000000e+000  0.000000e+000  0.000000e+000  0.000000e+000  0.000000e+000  0.000000e+000  0.000000e+000  0.000000e+000  0.000000e+000  0.000000e+000  0.000000e+000  0.000000e+000  0.000000e+000  0.000000e+000  0.000000e+000  0.000000e+000  
0.000000e+000  0.000000e+000  0.000000e+000  0.000000e+000  0.000000e+000  0.000000e+000  0.000000e+000  0.000000e+000  0.000000e+000  0.000000e+000  0.000000e+000  0.000000e+000  0.000000e+000  0.000000e+000  0.000000e+000  0.000000e+000  
0.000000e+000  0.000000e+000  0.000000e+000  0.000000e+000  0.000000e+000  0.000000e+000  0.000000e+000  0.000000e+000  0.000000e+000  0.000000e+000  0.000000e+000  0.000000e+000  0.000000e+000  0.000000e+000  0.000000e+000  0.000000e+000  
0.000000e+000  0.000000e+000  0.000000e+000  0.000000e+000  0.000000e+000  0.000000e+000  0.000000e+000  0.000000e+000  0.000000e+000  0.000000e+000  0.000000e+000  0.000000e+000  0.000000e+000  0.000000e+000  0.000000e+000  0.000000e+000  
0.000000e+000  0.000000e+000  0.000000e+000  0.000000e+000  0.000000e+000  0.000000e+000  0.000000e+000  0.000000e+000  0.000000e+000  0.000000e+000  0.000000e+000  0.000000e+000  0.000000e+000  0.000000e+000  0.000000e+000  0.000000e+000  
0.000000e+000  0.000000e+000  0.000000e+000  0.000000e+000  0.000000e+000  0.000000e+000  0.000000e+000  0.000000e+000  0.000000e+000  0.000000e+000  0.000000e+000  0.000000e+000  0.000000e+000  0.000000e+000  0.000000e+000  0.000000e+000  
0.000000e+000  0.000000e+000  0.000000e+000  0.000000e+000  0.000000e+000  0.000000e+000  0.000000e+000  0.000000e+000  0.000000e+000  0.000000e+000  0.000000e+000  0.000000e+000  0.000000e+000  0.000000e+000  0.000000e+000  0.000000e+000  
0.000000e+000  0.000000e+000  0.000000e+000  0.000000e+000  0.000000e+000  0.000000e+000  0.000000e+000  0.000000e+000  0.000000e+000  0.000000e+000  0.000000e+000  0.000000e+000  0.000000e+000  0.000000e+000  0.000000e+000  0.000000e+000  
0.000000e+000  0.000000e+000  0.000000e+000  0.000000e+000  0.000000e+000  0.000000e+000  0.000000e+000  0.000000e+000  0.000000e+000  0.000000e+000  0.000000e+000  0.000000e+000  0.000000e+000  0.000000e+000  0.000000e+000  0.000000e+000  
0.000000e+000  0.000000e+000  0.000000e+000  0.000000e+000  0.000000e+000  0.000000e+000  0.000000e+000  0.000000e+000  0.000000e+000  0.000000e+000  0.000000e+000  0.000000e+000  0.000000e+000  0.000000e+000  0.000000e+000  0.000000e+000  
0.000000e+000  0.000000e+000  0.000000e+000  0.000000e+000  0.000000e+000  0.000000e+000  0.000000e+000  0.000000e+000  0.000000e+000  0.000000e+000  0.000000e+000  0.000000e+000  0.000000e+000  0.000000e+000  0.000000e+000  0.000000e+000  
0.000000e+000  0.000000e+000  0.000000e+000  0.000000e+000  0.000000e+000  0.000000e+000  0.000000e+000  0.000000e+000  0.000000e+000  0.000000e+000  0.000000e+000  0.000000e+000  0.000000e+000  0.000000e+000  0.000000e+000  0.000000e+000  

-0.000000e+000  -3.526221e-009  -6.377872e-009  -9.830509e-009  -1.315473e-008  -1.604526e-008  -2.002792e-008  -1.913554e-008  -1.747012e-008  -1.660594e-008  -8.659155e-009  -8.386953e-009  -1.132212e-009  -5.439813e-010  -5.401854e-010  -0.000000e+000  
-0.000000e+000  -3.643513e-009  -5.396617e-009  -9.900662e-009  -1.252430e-008  -1.598882e-008  -1.942829e-008  -1.769577e-008  -1.867012e-008  -1.681929e-008  -8.233994e-009  -8.835490e-009  -4.458001e-010  -6.233118e-010  4.836287e-010  -0.000000e+000  
-0.000000e+000  -1.771042e-009  -7.597838e-009  -8.204766e-009  -1.200230e-008  -1.586585e-008  -1.868732e-008  -1.855116e-008  -1.678396e-008  -1.895158e-008  -6.842433e-009  -9.691435e-009  1.045388e-009  2.347627e-010  -5.111697e-010  -0.000000e+000  
-0.000000e+000  -2.594358e-009  -4.651617e-009  -7.261626e-009  -9.383060e-009  -1.158837e-008  -1.378883e-008  -1.369785e-008  -1.342114e-008  -1.264854e-008  -1.625892e-008  1.646075e-009  -1.896794e-009  -1.245164e-009  -5.545362e-010  -0.000000e+000  
-0.000000e+000  -1.507717e-009  -2.936334e-009  -4.538214e-009  -6.209254e-009  -7.978877e-009  -9.532287e-009  -7.924034e-009  -6.422063e-009  -4.963499e-009  -1.528020e-008  6.647588e-009  -3.874229e-009  -2.365308e-009  -1.274872e-009  -0.000000e+000  
-0.000000e+000  1.438294e-010  1.834695e-010  3.139063e-010  3.659407e-010  5.627890e-010  6.064919e-010  7.412300e-010  8.524871e-010  1.172094e-009  2.543478e-010  3.147021e-010  -5.471962e-010  -4.374027e-010  -1.189033e-010  -0.000000e+000  
-0.000000e+000  1.598490e-009  3.139498e-009  4.941437e-009  6.684739e-009  8.695957e-009  1.072145e-008  9.466009e-009  8.202660e-009  6.753271e-009  1.643080e-008  -7.199314e-009  2.621296e-009  1.587798e-009  7.751154e-010  -0.000000e+000  
-0.000000e+000  2.322732e-009  4.645549e-009  6.467001e-009  8.674578e-009  1.027409e-008  1.190332e-008  1.322973e-008  1.409093e-008  1.484571e-008  1.826100e-008  -3.371420e-009  -5.791217e-010  -2.953766e-010  -1.642390e-010  -0.000000e+000  
-0.000000e+000  2.010296e-009  5.794185e-009  8.770407e-009  1.169578e-008  1.508399e-008  1.792080e-008  1.772259e-008  1.839483e-008  2.003848e-008  5.662806e-009  1.150219e-008  -3.060083e-009  -5.765690e-010  -1.802960e-010  -0.000000e+000  
-0.000000e+000  4.391360e-009  6.117227e-009  8.563179e-009  1.050982e-008  1.633591e-008  1.973507e-008  1.811955e-008  1.643835e-008  1.713450e-008  7.682594e-009  1.067098e-008  9.639988e-010  -0.000000e+000  9.670127e-010  -0.000000e+000  
-0.000000e+000  4.056852e-009  1.883750e-009  1.173284e-008  1.181734e-008  1.298104e-008  1.883323e-008  1.465037e-008  1.901876e-008  1.402208e-008  7.704296e-009  1.083928e-008  5.201574e-009  1.713307e-009  -2.351983e-010  -0.000000e+000  
-0.000000e+000  -9.451285e-009  2.478648e-008  -2.744096e-009  2.019574e-008  1.780565e-008  1.901067e-008  2.485191e-008  6.927633e-009  1.481582e-008  8.984883e-009  6.271367e-009  -5.572939e-009  7.330719e-009  1.216910e-009  -0.000000e+000  
-0.000000e+000  2.129267e-008  -2.137737e-008  2.510535e-008  6.158579e-009  1.192434e-008  9.112400e-009  1.519949e-008  2.336861e-008  1.894756e-008  7.365220e-009  1.836346e-008  1.324399e-008  -6.188883e-009  -6.971061e-010  -0.000000e+000  
-0.000000e+000  -9.022357e-009  3.194138e-008  -5.957207e-009  5.090635e-009  1.314734e-008  2.341447e-008  5.862731e-009  1.671874e-008  1.078548e-008  6.526971e-009  4.661711e-009  -9.545294e-010  9.727236e-009  4.053500e-009  -0.000000e+000  
-0.000000e+000  7.372952e-009  -1.143763e-008  2.039148e-008  1.939463e-008  2.012203e-008  1.172389e-008  2.544028e-008  1.457629e-008  1.759494e-008  1.063141e-008  1.342706e-008  1.828084e-009  -4.712646e-009  -2.195958e-009  -0.000000e+000  
-0.000000e+000  1.768519e-009  1.104402e-008  4.849309e-009  1.216547e-008  1.262131e-008  2.014170e-008  1.817734e-008  1.593980e-008  1.470645e-008  7.410811e-009  9.617525e-009  4.530828e-009  2.394027e-009  2.620040e-009  -0.000000e+000  
-0.000000e+000  3.962744e-009  3.290049e-009  1.095337e-008  9.971111e-009  1.728477e-008  1.909502e-008  1.712713e-008  1.837503e-008  1.616624e-008  7.449588e-009  1.007841e-008  5.005276e-010  1.687616e-009  -1.350004e-009  -0.000000e+000  
-0.000000e+000  1.835315e-009  6.878828e-009  6.734030e-009  1.329031e-008  1.276694e-008  1.914731e-008  1.768588e-008  1.754429e-008  2.007961e-008  5.591252e-009  1.144421e-008  -3.102947e-009  -1.593770e-009  7.921459e-010  -0.000000e+000  
-0.000000e+000  2.438682e-009  4.522513e-009  6.873633e-009  8.393235e-009  1.055866e-008  1.173608e-008  1.318899e-008  1.412846e-008  1.484634e-008  1.830135e-008  -3.191204e-009  -4.315054e-010  -2.030623e-010  -1.631338e-010  -0.000000e+000  
-0.000000e+000  1.495937e-009  3.114658e-009  4.913800e-009  6.874869e-009  8.716978e-009  1.077960e-008  9.282148e-009  8.075370e-009  6.937816e-009  1.638780e-008  -7.137626e-009  2.517470e-009  1.560035e-009  6.829152e-010  -0.000000e+000  
-0.000000e+000  1.694272e-010  1.787785e-010  3.739960e-010  4.723285e-010  6.359790e-010  6.570108e-010  7.412386e-010  8.706078e-010  1.109459e-009  2.356910e-010  2.336692e-010  -3.681579e-010  -3.968442e-010  -2.106411e-010  -0.000000e+000  
-0.000000e+000  -1.498408e-009  -2.960118e-009  -4.684435e-009  -6.277549e-009  -7.916288e-009  -9.495806e-009  -7.760826e-009  -6.281746e-009  -4.929918e-009  -1.523415e-008  6.634781e-009  -3.886956e-009  -2.391753e-009  -1.190720e-009  -0.000000e+000  
-0.000000e+000  -2.246641e-009  -4.856540e-009  -6.923179e-009  -9.488406e-009  -1.165292e-008  -1.374817e-008  -1.362935e-008  -1.340095e-008  -1.266462e-008  -1.635559e-008  1.782163e-009  -2.102881e-009  -1.423536e-009  -6.764129e-010  -0.000000e+000  
-0.000000e+000  -3.343504e-009  -5.615134e-009  -8.629392e-009  -1.358808e-008  -1.410610e-008  -1.905655e-008  -1.889280e-008  -1.652146e-008  -1.867869e-008  -6.949718e-009  -1.004413e-008  1.663902e-009  3.811452e-010  -3.460540e-010  -0.000000e+000  
-0.000000e+000  -3.830344e-009  -6.417273e-009  -1.052253e-008  -1.039646e-008  -1.759707e-008  -2.044167e-008  -1.730263e-008  -1.947512e-008  -1.731078e-008  -7.977276e-009  -8.856155e-009  -5.209567e-010  -1.741414e-010  5.411896e-010  -0.000000e+000  
-0.000000e+000  -2.816391e-009  -6.551409e-009  -9.441740e-009  -1.383814e-008  -1.604370e-008  -1.919110e-008  -1.947704e-008  -1.719300e-008  -1.661472e-008  -8.613024e-009  -8.641912e-009  -1.320291e-009  -7.215477e-010  -3.832064e-010  -0.000000e+000  
-0.000000e+000  -0.000000e+000  -0.000000e+000  -0.000000e+000  -0.000000e+000  -0.000000e+000  -0.000000e+000  -0.000000e+000  -0.000000e+000  -0.000000e+000  -0.000000e+000  -0.000000e+000  -0.000000e+000  -0.000000e+000  -0.000000e+000  -0.000000e+000  

-0.000000e+000  -0.000000e+000  -0.000000e+000  -0.000000e+000  -0.000000e+000  -0.000000e+000  -0.000000e+000  -0.000000e+000  -0.000000e+000  -0.000000e+000  -0.000000e+000  -0.000000e+000  -0.000000e+000  -0.000000e+000  -0.000000e+000  -0.000000e+000  
-1.381754e-001  -1.381754e-001  -1.381754e-001  -1.381754e-001  -1.381754e-001  -1.381754e-001  -1.381754e-001  -1.381754e-001  -1.381754e-001  -1.381754e-001  -1.381754e-001  -1.381754e-001  -1.381754e-001  -1.381754e-001  -1.381754e-001  -0.000000e+000  
-2.745538e-001  -2.745538e-001  -2.745538e-001  -2.745538e-001  -2.745538e-001  -2.745538e-001  -2.745538e-001  -2.745538e-001  -2.745538e-001  -2.745538e-001  -2.745538e-001  -2.745538e-001  -2.745538e-001  -2.745538e-001  -2.745538e-001  -0.000000e+000  
-4.073615e-001  -4.073615e-001  -4.073615e-001  -4.073615e-001  -4.073615e-001  -4.073615e-001  -4.073615e-001  -4.073615e-001  -4.073615e-001  -4.073615e-001  -4.073615e-001  -4.073614e-001  -4.073615e-001  -4.073615e-001  -4.073615e-001  -0.000000e+000  
-8.572156e-001  -8.572156e-001  -8.572156e-001  -8.572156e-001  -8.572156e-001  -8.572156e-001  -8.572156e-001  -8.572156e-001  -8.572156e-001  -8.572156e-001  -8.572156e-001  -8.572156e-001  -8.572156e-001  -8.572156e-001  -8.572156e-001  -0.000000e+000  
-1.181290e+000  -1.181290e+000  -1.181290e+000  -1.181290e+000  -1.181290e+000  -1.181290e+000  -1.181290e+000  -1.181290e+000  -1.181290e+000  -1.181290e+000  -1.181290e+000  -1.181290e+000  -1.181290e+000  -1.181290e+000  -1.181290e+000  -0.000000e+000  
-1.221969e+000  -1.221969e+000  -1.221968e+000  -1.221968e+000  -1.221968e+000  -1.221968e+000  -1.221968e+000  -1.221968e+000  -1.221968e+000  -1.221968e+000  -1.221968e+000  -1.221968e+000  -1.221968e+000  -1.221968e+000  -1.221968e+000  -0.000000e+000  
-9.694918e-001  -9.694918e-001  -9.694918e-001  -9.694918e-001  -9.694918e-001  -9.694918e-001  -9.694918e-001  -9.694918e-001  -9.694918e-001  -9.694918e-001  -9.694918e-001  -9.694918e-001  -9.694918e-001  -9.694918e-001  -9.694918e-001  -0.000000e+000  
-5.600527e-001  -5.600527e-001  -5.600527e-001  -5.600527e-001  -5.600527e-001  -5.600527e-001  -5.600527e-001  -5.600527e-001  -5.600527e-001  -5.600527e-001  -5.600527e-001  -5.600527e-001  -5.600527e-001  -5.600527e-001  -5.600527e-001  -0.000000e+000  
-4.333409e-001  -4.333409e-001  -4.333409e-001  -4.333409e-001  -4.333409e-001  -4.333409e-001  -4.333409e-001  -4.333409e-001  -4.333409e-001  -4.333409e-001  -4.333409e-001  -4.333409e-001  -4.333409e-001  -4.333409e-001  -4.333409e-001  -0.000000e+000  
-3.009933e-001  -3.009933e-001  -3.009933e-001  -3.009933e-001  -3.009933e-001  -3.009933e-001  -3.009933e-001  -3.009933e-001  -3.009933e-001  -3.009933e-001  -3.009933e-001  -3.009933e-001  -3.009933e-001  -3.009933e-001  -3.009933e-001  -0.000000e+000  
-1.647311e-001  -1.647311e-001  -1.647311e-001  -1.647311e-001  -1.647311e-001  -1.647311e-001  -1.647311e-001  -1.647311e-001  -1.647311e-001  -1.647311e-001  -1.647311e-001  -1.647311e-001  -1.647311e-001  -1.647311e-001  -1.647311e-001  -0.000000e+000  
-8.255599e-002  -8.255601e-002  -8.255598e-002  -8.255601e-002  -8.255599e-002  -8.255600e-002  -8.255600e-002  -8.255599e-002  -8.255600e-002  -8.255600e-002  -8.255600e-002  -8.255600e-002  -8.255601e-002  -8.255600e-002  -8.255600e-002  -0.000000e+000  
-5.938697e-009  1.543141e-008  -1.491988e-008  5.210022e-009  1.311418e-009  2.060195e-009  -4.383162e-009  8.504549e-010  -8.921127e-010  4.335450e-010  -6.489155e-010  -0.000000e+000  4.314129e-009  -9.674380e-010  -9.296800e-010  -0.000000e+000  
8.255600e-002  8.255599e-002  8.255601e-002  8.255600e-002  8.255599e-002  8.255599e-002  8.255601e-002  8.255599e-002  8.255600e-002  8.255600e-002  8.255600e-002  8.255600e-002  8.255600e-002  8.255600e-002  8.255600e-002  -0.000000e+000  
1.647311e-001  1.647311e-001  1.647311e-001  1.647311e-001  1.647311e-001  1.647311e-001  1.647311e-001  1.647311e-001  1.647311e-001  1.647311e-001  1.647311e-001  1.647311e-001  1.647311e-001  1.647311e-001  1.647311e-001  -0.000000e+000  
3.009933e-001  3.009933e-001  3.009933e-001  3.009933e-001  3.009933e-001  3.009933e-001  3.009933e-001  3.009933e-001  3.009933e-001  3.009933e-001  3.009933e-001  3.009933e-001  3.009933e-001  3.009933e-001  3.009933e-001  -0.000000e+000  
4.333409e-001  4.333409e-001  4.333409e-001  4.333409e-001  4.333409e-001  4.333409e-001  4.333409e-001  4.333409e-001  4.333409e-001  4.333409e-001  4.333409e-001  4.333409e-001  4.333409e-001  4.333409e-001  4.333409e-001  -0.000000e+000  
5.600527e-001  5.600527e-001  5.600527e-001  5.600527e-001  5.600527e-001  5.600527e-001  5.600527e-001  5.600527e-001  5.600527e-001  5.600527e-001  5.600527e-001  5.600527e-001  5.600527e-001  5.600527e-001  5.600527e-001  -0.000000e+000  
9.694918e-001  9.694918e-001  9.694918e-001  9.694918e-001  9.694918e-001  9.694918e-001  9.694918e-001  9.694918e-001  9.694918e-001  9.694918e-001  9.694918e-001  9.694918e-001  9.694918e-001  9.694918e-001  9.694918e-001  -0.000000e+000  
1.221969e+000  1.221969e+000  1.221969e+000  1.221968e+000  1.221968e+000  1.221968e+000  1.221968e+000  1.221968e+000  1.221968e+000  1.221968e+000  1.221968e+000  1.221968e+000  1.221968e+000  1.221968e+000  1.221968e+000  -0.000000e+000  
1.181290e+000  1.181290e+000  1.181290e+000  1.181290e+000  1.181290e+000  1.181290e+000  1.181290e+000  1.181290e+000  1.181290e+000  1.181290e+000  1.181290e+000  1.181290e+000  1.181290e+000  1.181290e+000  1.181290e+000  -0.000000e+000  
8.572156e-001  8.572156e-001  8.572156e-001  8.572156e-001  8.572156e-001  8.572156e-001  8.572156e-001  8.572156e-001  8.572156e-001  8.572156e-001  8.572156e-001  8.572156e-001  8.572156e-001  8.572156e-001  8.572156e-001  -0.000000e+000  
4.073615e-001  4.073615e-001  4.073615e-001  4.073615e-001  4.073615e-001  4.073615e-001  4.073615e-001  4.073615e-001  4.073615e-001  4.073615e-001  4.073615e-001  4.073614e-001  4.073615e-001  4.073615e-001  4.073615e-001  -0.000000e+000  
2.745538e-001  2.745538e-001  2.745538e-001  2.745538e-001  2.745538e-001  2.745538e-001  2.745538e-001  2.745538e-001  2.745538e-001  2.745538e-001  2.745538e-001  2.745538e-001  2.745538e-001  2.745538e-001  2.745538e-001  -0.000000e+000  
1.381754e-001  1.381754e-001  1.381754e-001  1.381754e-001  1.381754e-001  1.381754e-001  1.381754e-001  1.381754e-001  1.381754e-001  1.381754e-001  1.381754e-001  1.381754e-001  1.381754e-001  1.381754e-001  1.381754e-001  -0.000000e+000  
-0.000000e+000  -0.000000e+000  -0.000000e+000  -0.000000e+000  -0.000000e+000  -0.000000e+000  -0.000000e+000  -0.000000e+000  -0.000000e+000  -0.000000e+000  -0.000000e+000  -0.000000e+000  -0.000000e+000  -0.000000e+000  -0.000000e+000  -0.000000e+000  

1.692712e+000  1.692712e+000  1.692712e+000  1.692712e+000  1.692712e+000  1.692712e+000  1.692712e+000  1.692712e+000  1.692712e+000  1.692712e+000  1.692712e+000  1.692712e+000  1.692712e+000  1.692712e+000  1.692712e+000  0.000000e+000  
1.670697e+000  1.670697e+000  1.670697e+000  1.670697e+000  1.670697e+000  1.670697e+000  1.670697e+000  1.670697e+000  1.670697e+000  1.670697e+000  1.670697e+000  1.670697e+000  1.670697e+000  1.670697e+000  1.670697e+000  0.000000e+000  
1.626955e+000  1.626955e+000  1.626955e+000  1.626955e+000  1.626955e+000  1.626955e+000  1.626955e+000  1.626955e+000  1.626955e+000  1.626955e+000  1.626955e+000  1.626955e+000  1.626955e+000  1.626955e+000  1.626955e+000  0.000000e+000  
1.473105e+000  1.473105e+000  1.473105e+000  1.473105e+000  1.473105e+000  1.473105e+000  1.473105e+000  1.473105e+000  1.473105e+000  1.473105e+000  1.473105e+000  1.473105e+000  1.473105e+000  1.473105e+000  1.473105e+000  0.000000e+000  
9.243571e-001  9.243571e-001  9.243571e-001  9.243571e-001  9.243571e-001  9.243571e-001  9.243571e-001  9.243571e-001  9.243571e-001  9.243571e-001  9.243571e-001  9.243571e-001  9.243571e-001  9.243571e-001  9.243571e-001  0.000000e+000  
1.160268e-001  1.160268e-001  1.160268e-001  1.160268e-001  1.160268e-001  1.160268e-001  1.160268e-001  1.160268e-001  1.160268e-001  1.160268e-001  1.160268e-001  1.160268e-001  1.160268e-001  1.160268e-001  1.160268e-001  0.000000e+000  
-7.201389e-001  -7.201389e-001  -7.201389e-001  -7.201389e-001  -7.201389e-001  -7.201389e-001  -7.201389e-001  -7.201389e-001  -7.201389e-001  -7.201389e-001  -7.201389e-001  -7.201389e-001  -7.201389e-001  -7.201389e-001  -7.201389e-001  0.000000e+000  
-1.340761e+000  -1.340761e+000  -1.340761e+000  -1.340761e+000  -1.340761e+000  -1.340761e+000  -1.340761e+000  -1.340761e+000  -1.340761e+000  -1.340761e+000  -1.340761e+000  -1.340761e+000  -1.340761e+000  -1.340761e+000  -1.340761e+000  0.000000e+000  
-1.552278e+000  -1.552278e+000  -1.552278e+000  -1.552278e+000  -1.552278e+000  -1.552278e+000  -1.552278e+000  -1.552278e+000  -1.552278e+000  -1.552278e+000  -1.552278e+000  -1.552278e+000  -1.552278e+000  -1.552278e+000  -1.552278e+000  0.000000e+000  
-1.621319e+000  -1.621319e+000  -1.621319e+000  -1.621319e+000  -1.621319e+000  -1.621319e+000  -1.621319e+000  -1.621319e+000  -1.621319e+000  -1.621319e+000  -1.621319e+000  -1.621319e+000  -1.621319e+000  -1.621319e+000  -1.621319e+000  0.000000e+000  
-1.669273e+000  -1.669273e+000  -1.669273e+000  -1.669273e+000  -1.669273e+000  -1.669273e+000  -1.669273e+000  -1.669273e+000  -1.669273e+000  -1.669273e+000  -1.669273e+000  -1.669273e+000  -1.669273e+000  -1.669273e+000  -1.669273e+000  0.000000e+000  
-1.690212e+000  -1.690212e+000  -1.690212e+000  -1.690212e+000  -1.690212e+000  -1.690212e+000  -1.690212e+000  -1.690212e+000  -1.690212e+000  -1.690212e+000  -1.690212e+000  -1.690212e+000  -1.690212e+000  -1.690212e+000  -1.690212e+000  0.000000e+000  
-1.698046e+000  -1.698046e+000  -1.698046e+000  -1.698046e+000  -1.698046e+000  -1.698046e+000  -1.698046e+000  -1.698046e+000  -1.698046e+000  -1.698046e+000  -1.698046e+000  -1.698046e+000  -1.698046e+000  -1.698046e+000  -1.698046e+000  0.000000e+000  
-1.698046e+000  -1.698046e+000  -1.698046e+000  -1.698046e+000  -1.698046e+000  -1.698046e+000  -1.698046e+000  -1.698046e+000  -1.698046e+000  -1.698046e+000  -1.698046e+000  -1.698046e+000  -1.698046e+000  -1.698046e+000  -1.698046e+000  0.000000e+000  
-1.690212e+000  -1.690212e+000  -1.690212e+000  -1.690212e+000  -1.690212e+000  -1.690212e+000  -1.690212e+000  -1.690212e+000  -1.690212e+000  -1.690212e+000  -1.690212e+000  -1.690212e+000  -1.690212e+000  -1.690212e+000  -1.690212e+000  0.000000e+000  
-1.669273e+000  -1.669273e+000  -1.669273e+000  -1.669273e+000  -1.669273e+000  -1.669273e+000  -1.669273e+000  -1.669273e+000  -1.669273e+000  -1.669273e+000  -1.669273e+000  -1.669273e+000  -1.669273e+000  -1.669273e+000  -1.669273e+000  0.000000e+000  
-1.621319e+000  -1.621319e+000  -1.621319e+000  -1.621319e+000  -1.621319e+000  -1.621319e+000  -1.621319e+000  -1.621319e+000  -1.621319e+000  -1.621319e+000  -1.621319e+000  -1.621319e+000  -1.621319e+000  -1.621319e+000  -1.621319e+000  0.000000e+000  
-1.552278e+000  -1.552278e+000  -1.552278e+000  -1.552278e+000  -1.552278e+000  -1.552278e+000  -1.552278e+000  -1.552278e+000  -1.552278e+000  -1.552278e+000  -1.552278e+000  -1.552278e+000  -1.552278e+000  -1.552278e+000  -1.552278e+000  0.000000e+000  
-1.340761e+000  -1.340761e+000  -1.340761e+000  -1.340761e+000  -1.340761e+000  -1.340761e+000  -1.340761e+000  -1.340761e+000  -1.340761e+000  -1.340761e+000  -1.340761e+000  -1.340761e+000  -1.340761e+000  -1.340761e+000  -1.340761e+000  0.000000e+000  
-7.201389e-001  -7.201389e-001  -7.201389e-001  -7.201389e-001  -7.201389e-001  -7.201389e-001  -7.201389e-001  -7.201389e-001  -7.201389e-001  -7.201389e-001  -7.201389e-001  -7.201389e-001  -7.201389e-001  -7.201389e-001  -7.201389e-001  0.000000e+000  
1.160268e-001  1.160268e-001  1.160268e-001  1.160268e-001  1.160268e-001  1.160268e-001  1.160268e-001  1.160268e-001  1.160268e-001  1.160268e-001  1.160268e-001  1.160268e-001  1.160268e-001  1.160268e-001  1.160268e-001  0.000000e+000  
9.243571e-001  9.243571e-001  9.243571e-001  9.243571e-001  9.243571e-001  9.243571e-001  9.243571e-001  9.243571e-001  9.243571e-001  9.243571e-001  9.243571e-001  9.243571e-001  9.243571e-001  9.243571e-001  9.243571e-001  0.000000e+000  
1.473105e+000  1.473105e+000  1.473105e+000  1.473105e+000  1.473105e+000  1.473105e+000  1.473105e+000  1.473105e+000  1.473105e+000  1.473105e+000  1.473105e+000  1.473105e+000  1.473105e+000  1.473105e+000  1.473105e+000  0.000000e+000  
1.626955e+000  1.626955e+000  1.626955e+000  1.626955e+000  1.626955e+000  1.626955e+000  1.626955e+000  1.626955e+000  1.626955e+000  1.626955e+000  1.626955e+000  1.626955e+000  1.626955e+000  1.626955e+000  1.626955e+000  0.000000e+000  
1.670697e+000  1.670697e+000  1.670697e+000  1.670697e+000  1.670697e+000  1.670697e+000  1.670697e+000  1.670697e+000  1.670697e+000  1.670697e+000  1.670697e+000  1.670697e+000  1.670697e+000  1.670697e+000  1.670697e+000  0.000000e+000  
1.692712e+000  1.692712e+000  1.692712e+000  1.692712e+000  1.692712e+000  1.692712e+000  1.692712e+000  1.692712e+000  1.692712e+000  1.692712e+000  1.692712e+000  1.692712e+000  1.692712e+000  1.692712e+000  1.692712e+000  0.000000e+000  
0.000000e+000  0.000000e+000  0.000000e+000  0.000000e+000  0.000000e+000  0.000000e+000  0.000000e+000  0.000000e+000  0.000000e+000  0.000000e+000  0.000000e+000  0.000000e+000  0.000000e+000  0.000000e+000  0.000000e+000  0.000000e+000  

