Port monitor named: Port2_h3.prt

nx        = 3
ny        = 18
nz        = 29

nu        = 16
nv        = 27
iu        = 2
iv        = 2

idir      = 0
dcut      = 4.914300e-001
icut      = 3
type      = 1
frequency = 2.200000e+009

fcutoff   = 3.942598e+009
alpha     = 6.855142e+001
beta      = 0.000000e+000
accuracy  = 2.310159e-009

type          = TE
wave imp.     = 2.533938e+002
wave imp.sig. = 6.979543e-006
line imp.     = 0.000000e+000

ref. port     = 0

0.000000e+000  0.000000e+000  0.000000e+000  0.000000e+000  0.000000e+000  0.000000e+000  0.000000e+000  0.000000e+000  0.000000e+000  0.000000e+000  0.000000e+000  0.000000e+000  0.000000e+000  0.000000e+000  0.000000e+000  0.000000e+000  
0.000000e+000  0.000000e+000  0.000000e+000  0.000000e+000  0.000000e+000  0.000000e+000  0.000000e+000  0.000000e+000  0.000000e+000  0.000000e+000  0.000000e+000  0.000000e+000  0.000000e+000  0.000000e+000  0.000000e+000  0.000000e+000  
0.000000e+000  0.000000e+000  0.000000e+000  0.000000e+000  0.000000e+000  0.000000e+000  0.000000e+000  0.000000e+000  0.000000e+000  0.000000e+000  0.000000e+000  0.000000e+000  0.000000e+000  0.000000e+000  0.000000e+000  0.000000e+000  
0.000000e+000  0.000000e+000  0.000000e+000  0.000000e+000  0.000000e+000  0.000000e+000  0.000000e+000  0.000000e+000  0.000000e+000  0.000000e+000  0.000000e+000  0.000000e+000  0.000000e+000  0.000000e+000  0.000000e+000  0.000000e+000  
0.000000e+000  0.000000e+000  0.000000e+000  0.000000e+000  0.000000e+000  0.000000e+000  0.000000e+000  0.000000e+000  0.000000e+000  0.000000e+000  0.000000e+000  0.000000e+000  0.000000e+000  0.000000e+000  0.000000e+000  0.000000e+000  
0.000000e+000  0.000000e+000  0.000000e+000  0.000000e+000  0.000000e+000  0.000000e+000  0.000000e+000  0.000000e+000  0.000000e+000  0.000000e+000  0.000000e+000  0.000000e+000  0.000000e+000  0.000000e+000  0.000000e+000  0.000000e+000  
0.000000e+000  0.000000e+000  0.000000e+000  0.000000e+000  0.000000e+000  0.000000e+000  0.000000e+000  0.000000e+000  0.000000e+000  0.000000e+000  0.000000e+000  0.000000e+000  0.000000e+000  0.000000e+000  0.000000e+000  0.000000e+000  
0.000000e+000  0.000000e+000  0.000000e+000  0.000000e+000  0.000000e+000  0.000000e+000  0.000000e+000  0.000000e+000  0.000000e+000  0.000000e+000  0.000000e+000  0.000000e+000  0.000000e+000  0.000000e+000  0.000000e+000  0.000000e+000  
0.000000e+000  0.000000e+000  0.000000e+000  0.000000e+000  0.000000e+000  0.000000e+000  0.000000e+000  0.000000e+000  0.000000e+000  0.000000e+000  0.000000e+000  0.000000e+000  0.000000e+000  0.000000e+000  0.000000e+000  0.000000e+000  
0.000000e+000  0.000000e+000  0.000000e+000  0.000000e+000  0.000000e+000  0.000000e+000  0.000000e+000  0.000000e+000  0.000000e+000  0.000000e+000  0.000000e+000  0.000000e+000  0.000000e+000  0.000000e+000  0.000000e+000  0.000000e+000  
0.000000e+000  0.000000e+000  0.000000e+000  0.000000e+000  0.000000e+000  0.000000e+000  0.000000e+000  0.000000e+000  0.000000e+000  0.000000e+000  0.000000e+000  0.000000e+000  0.000000e+000  0.000000e+000  0.000000e+000  0.000000e+000  
0.000000e+000  0.000000e+000  0.000000e+000  0.000000e+000  0.000000e+000  0.000000e+000  0.000000e+000  0.000000e+000  0.000000e+000  0.000000e+000  0.000000e+000  0.000000e+000  0.000000e+000  0.000000e+000  0.000000e+000  0.000000e+000  
0.000000e+000  0.000000e+000  0.000000e+000  0.000000e+000  0.000000e+000  0.000000e+000  0.000000e+000  0.000000e+000  0.000000e+000  0.000000e+000  0.000000e+000  0.000000e+000  0.000000e+000  0.000000e+000  0.000000e+000  0.000000e+000  
0.000000e+000  0.000000e+000  0.000000e+000  0.000000e+000  0.000000e+000  0.000000e+000  0.000000e+000  0.000000e+000  0.000000e+000  0.000000e+000  0.000000e+000  0.000000e+000  0.000000e+000  0.000000e+000  0.000000e+000  0.000000e+000  
0.000000e+000  0.000000e+000  0.000000e+000  0.000000e+000  0.000000e+000  0.000000e+000  0.000000e+000  0.000000e+000  0.000000e+000  0.000000e+000  0.000000e+000  0.000000e+000  0.000000e+000  0.000000e+000  0.000000e+000  0.000000e+000  
0.000000e+000  0.000000e+000  0.000000e+000  0.000000e+000  0.000000e+000  0.000000e+000  0.000000e+000  0.000000e+000  0.000000e+000  0.000000e+000  0.000000e+000  0.000000e+000  0.000000e+000  0.000000e+000  0.000000e+000  0.000000e+000  
0.000000e+000  0.000000e+000  0.000000e+000  0.000000e+000  0.000000e+000  0.000000e+000  0.000000e+000  0.000000e+000  0.000000e+000  0.000000e+000  0.000000e+000  0.000000e+000  0.000000e+000  0.000000e+000  0.000000e+000  0.000000e+000  
0.000000e+000  0.000000e+000  0.000000e+000  0.000000e+000  0.000000e+000  0.000000e+000  0.000000e+000  0.000000e+000  0.000000e+000  0.000000e+000  0.000000e+000  0.000000e+000  0.000000e+000  0.000000e+000  0.000000e+000  0.000000e+000  
0.000000e+000  0.000000e+000  0.000000e+000  0.000000e+000  0.000000e+000  0.000000e+000  0.000000e+000  0.000000e+000  0.000000e+000  0.000000e+000  0.000000e+000  0.000000e+000  0.000000e+000  0.000000e+000  0.000000e+000  0.000000e+000  
0.000000e+000  0.000000e+000  0.000000e+000  0.000000e+000  0.000000e+000  0.000000e+000  0.000000e+000  0.000000e+000  0.000000e+000  0.000000e+000  0.000000e+000  0.000000e+000  0.000000e+000  0.000000e+000  0.000000e+000  0.000000e+000  
0.000000e+000  0.000000e+000  0.000000e+000  0.000000e+000  0.000000e+000  0.000000e+000  0.000000e+000  0.000000e+000  0.000000e+000  0.000000e+000  0.000000e+000  0.000000e+000  0.000000e+000  0.000000e+000  0.000000e+000  0.000000e+000  
0.000000e+000  0.000000e+000  0.000000e+000  0.000000e+000  0.000000e+000  0.000000e+000  0.000000e+000  0.000000e+000  0.000000e+000  0.000000e+000  0.000000e+000  0.000000e+000  0.000000e+000  0.000000e+000  0.000000e+000  0.000000e+000  
0.000000e+000  0.000000e+000  0.000000e+000  0.000000e+000  0.000000e+000  0.000000e+000  0.000000e+000  0.000000e+000  0.000000e+000  0.000000e+000  0.000000e+000  0.000000e+000  0.000000e+000  0.000000e+000  0.000000e+000  0.000000e+000  
0.000000e+000  0.000000e+000  0.000000e+000  0.000000e+000  0.000000e+000  0.000000e+000  0.000000e+000  0.000000e+000  0.000000e+000  0.000000e+000  0.000000e+000  0.000000e+000  0.000000e+000  0.000000e+000  0.000000e+000  0.000000e+000  
0.000000e+000  0.000000e+000  0.000000e+000  0.000000e+000  0.000000e+000  0.000000e+000  0.000000e+000  0.000000e+000  0.000000e+000  0.000000e+000  0.000000e+000  0.000000e+000  0.000000e+000  0.000000e+000  0.000000e+000  0.000000e+000  
0.000000e+000  0.000000e+000  0.000000e+000  0.000000e+000  0.000000e+000  0.000000e+000  0.000000e+000  0.000000e+000  0.000000e+000  0.000000e+000  0.000000e+000  0.000000e+000  0.000000e+000  0.000000e+000  0.000000e+000  0.000000e+000  
0.000000e+000  0.000000e+000  0.000000e+000  0.000000e+000  0.000000e+000  0.000000e+000  0.000000e+000  0.000000e+000  0.000000e+000  0.000000e+000  0.000000e+000  0.000000e+000  0.000000e+000  0.000000e+000  0.000000e+000  0.000000e+000  

0.000000e+000  0.000000e+000  0.000000e+000  0.000000e+000  0.000000e+000  0.000000e+000  0.000000e+000  0.000000e+000  0.000000e+000  0.000000e+000  0.000000e+000  0.000000e+000  0.000000e+000  0.000000e+000  0.000000e+000  0.000000e+000  
0.000000e+000  0.000000e+000  0.000000e+000  0.000000e+000  0.000000e+000  0.000000e+000  0.000000e+000  0.000000e+000  0.000000e+000  0.000000e+000  0.000000e+000  0.000000e+000  0.000000e+000  0.000000e+000  0.000000e+000  0.000000e+000  
0.000000e+000  0.000000e+000  0.000000e+000  0.000000e+000  0.000000e+000  0.000000e+000  0.000000e+000  0.000000e+000  0.000000e+000  0.000000e+000  0.000000e+000  0.000000e+000  0.000000e+000  0.000000e+000  0.000000e+000  0.000000e+000  
0.000000e+000  0.000000e+000  0.000000e+000  0.000000e+000  0.000000e+000  0.000000e+000  0.000000e+000  0.000000e+000  0.000000e+000  0.000000e+000  0.000000e+000  0.000000e+000  0.000000e+000  0.000000e+000  0.000000e+000  0.000000e+000  
0.000000e+000  0.000000e+000  0.000000e+000  0.000000e+000  0.000000e+000  0.000000e+000  0.000000e+000  0.000000e+000  0.000000e+000  0.000000e+000  0.000000e+000  0.000000e+000  0.000000e+000  0.000000e+000  0.000000e+000  0.000000e+000  
0.000000e+000  0.000000e+000  0.000000e+000  0.000000e+000  0.000000e+000  0.000000e+000  0.000000e+000  0.000000e+000  0.000000e+000  0.000000e+000  0.000000e+000  0.000000e+000  0.000000e+000  0.000000e+000  0.000000e+000  0.000000e+000  
0.000000e+000  0.000000e+000  0.000000e+000  0.000000e+000  0.000000e+000  0.000000e+000  0.000000e+000  0.000000e+000  0.000000e+000  0.000000e+000  0.000000e+000  0.000000e+000  0.000000e+000  0.000000e+000  0.000000e+000  0.000000e+000  
0.000000e+000  0.000000e+000  0.000000e+000  0.000000e+000  0.000000e+000  0.000000e+000  0.000000e+000  0.000000e+000  0.000000e+000  0.000000e+000  0.000000e+000  0.000000e+000  0.000000e+000  0.000000e+000  0.000000e+000  0.000000e+000  
0.000000e+000  0.000000e+000  0.000000e+000  0.000000e+000  0.000000e+000  0.000000e+000  0.000000e+000  0.000000e+000  0.000000e+000  0.000000e+000  0.000000e+000  0.000000e+000  0.000000e+000  0.000000e+000  0.000000e+000  0.000000e+000  
0.000000e+000  0.000000e+000  0.000000e+000  0.000000e+000  0.000000e+000  0.000000e+000  0.000000e+000  0.000000e+000  0.000000e+000  0.000000e+000  0.000000e+000  0.000000e+000  0.000000e+000  0.000000e+000  0.000000e+000  0.000000e+000  
0.000000e+000  0.000000e+000  0.000000e+000  0.000000e+000  0.000000e+000  0.000000e+000  0.000000e+000  0.000000e+000  0.000000e+000  0.000000e+000  0.000000e+000  0.000000e+000  0.000000e+000  0.000000e+000  0.000000e+000  0.000000e+000  
0.000000e+000  0.000000e+000  0.000000e+000  0.000000e+000  0.000000e+000  0.000000e+000  0.000000e+000  0.000000e+000  0.000000e+000  0.000000e+000  0.000000e+000  0.000000e+000  0.000000e+000  0.000000e+000  0.000000e+000  0.000000e+000  
0.000000e+000  0.000000e+000  0.000000e+000  0.000000e+000  0.000000e+000  0.000000e+000  0.000000e+000  0.000000e+000  0.000000e+000  0.000000e+000  0.000000e+000  0.000000e+000  0.000000e+000  0.000000e+000  0.000000e+000  0.000000e+000  
0.000000e+000  0.000000e+000  0.000000e+000  0.000000e+000  0.000000e+000  0.000000e+000  0.000000e+000  0.000000e+000  0.000000e+000  0.000000e+000  0.000000e+000  0.000000e+000  0.000000e+000  0.000000e+000  0.000000e+000  0.000000e+000  
0.000000e+000  0.000000e+000  0.000000e+000  0.000000e+000  0.000000e+000  0.000000e+000  0.000000e+000  0.000000e+000  0.000000e+000  0.000000e+000  0.000000e+000  0.000000e+000  0.000000e+000  0.000000e+000  0.000000e+000  0.000000e+000  
0.000000e+000  0.000000e+000  0.000000e+000  0.000000e+000  0.000000e+000  0.000000e+000  0.000000e+000  0.000000e+000  0.000000e+000  0.000000e+000  0.000000e+000  0.000000e+000  0.000000e+000  0.000000e+000  0.000000e+000  0.000000e+000  
0.000000e+000  0.000000e+000  0.000000e+000  0.000000e+000  0.000000e+000  0.000000e+000  0.000000e+000  0.000000e+000  0.000000e+000  0.000000e+000  0.000000e+000  0.000000e+000  0.000000e+000  0.000000e+000  0.000000e+000  0.000000e+000  
0.000000e+000  0.000000e+000  0.000000e+000  0.000000e+000  0.000000e+000  0.000000e+000  0.000000e+000  0.000000e+000  0.000000e+000  0.000000e+000  0.000000e+000  0.000000e+000  0.000000e+000  0.000000e+000  0.000000e+000  0.000000e+000  
0.000000e+000  0.000000e+000  0.000000e+000  0.000000e+000  0.000000e+000  0.000000e+000  0.000000e+000  0.000000e+000  0.000000e+000  0.000000e+000  0.000000e+000  0.000000e+000  0.000000e+000  0.000000e+000  0.000000e+000  0.000000e+000  
0.000000e+000  0.000000e+000  0.000000e+000  0.000000e+000  0.000000e+000  0.000000e+000  0.000000e+000  0.000000e+000  0.000000e+000  0.000000e+000  0.000000e+000  0.000000e+000  0.000000e+000  0.000000e+000  0.000000e+000  0.000000e+000  
0.000000e+000  0.000000e+000  0.000000e+000  0.000000e+000  0.000000e+000  0.000000e+000  0.000000e+000  0.000000e+000  0.000000e+000  0.000000e+000  0.000000e+000  0.000000e+000  0.000000e+000  0.000000e+000  0.000000e+000  0.000000e+000  
0.000000e+000  0.000000e+000  0.000000e+000  0.000000e+000  0.000000e+000  0.000000e+000  0.000000e+000  0.000000e+000  0.000000e+000  0.000000e+000  0.000000e+000  0.000000e+000  0.000000e+000  0.000000e+000  0.000000e+000  0.000000e+000  
0.000000e+000  0.000000e+000  0.000000e+000  0.000000e+000  0.000000e+000  0.000000e+000  0.000000e+000  0.000000e+000  0.000000e+000  0.000000e+000  0.000000e+000  0.000000e+000  0.000000e+000  0.000000e+000  0.000000e+000  0.000000e+000  
0.000000e+000  0.000000e+000  0.000000e+000  0.000000e+000  0.000000e+000  0.000000e+000  0.000000e+000  0.000000e+000  0.000000e+000  0.000000e+000  0.000000e+000  0.000000e+000  0.000000e+000  0.000000e+000  0.000000e+000  0.000000e+000  
0.000000e+000  0.000000e+000  0.000000e+000  0.000000e+000  0.000000e+000  0.000000e+000  0.000000e+000  0.000000e+000  0.000000e+000  0.000000e+000  0.000000e+000  0.000000e+000  0.000000e+000  0.000000e+000  0.000000e+000  0.000000e+000  
0.000000e+000  0.000000e+000  0.000000e+000  0.000000e+000  0.000000e+000  0.000000e+000  0.000000e+000  0.000000e+000  0.000000e+000  0.000000e+000  0.000000e+000  0.000000e+000  0.000000e+000  0.000000e+000  0.000000e+000  0.000000e+000  
0.000000e+000  0.000000e+000  0.000000e+000  0.000000e+000  0.000000e+000  0.000000e+000  0.000000e+000  0.000000e+000  0.000000e+000  0.000000e+000  0.000000e+000  0.000000e+000  0.000000e+000  0.000000e+000  0.000000e+000  0.000000e+000  

0.000000e+000  0.000000e+000  0.000000e+000  0.000000e+000  0.000000e+000  0.000000e+000  0.000000e+000  0.000000e+000  0.000000e+000  0.000000e+000  0.000000e+000  0.000000e+000  0.000000e+000  0.000000e+000  0.000000e+000  0.000000e+000  
0.000000e+000  0.000000e+000  0.000000e+000  0.000000e+000  0.000000e+000  0.000000e+000  0.000000e+000  0.000000e+000  0.000000e+000  0.000000e+000  0.000000e+000  0.000000e+000  0.000000e+000  0.000000e+000  0.000000e+000  0.000000e+000  
0.000000e+000  0.000000e+000  0.000000e+000  0.000000e+000  0.000000e+000  0.000000e+000  0.000000e+000  0.000000e+000  0.000000e+000  0.000000e+000  0.000000e+000  0.000000e+000  0.000000e+000  0.000000e+000  0.000000e+000  0.000000e+000  
0.000000e+000  0.000000e+000  0.000000e+000  0.000000e+000  0.000000e+000  0.000000e+000  0.000000e+000  0.000000e+000  0.000000e+000  0.000000e+000  0.000000e+000  0.000000e+000  0.000000e+000  0.000000e+000  0.000000e+000  0.000000e+000  
0.000000e+000  0.000000e+000  0.000000e+000  0.000000e+000  0.000000e+000  0.000000e+000  0.000000e+000  0.000000e+000  0.000000e+000  0.000000e+000  0.000000e+000  0.000000e+000  0.000000e+000  0.000000e+000  0.000000e+000  0.000000e+000  
0.000000e+000  0.000000e+000  0.000000e+000  0.000000e+000  0.000000e+000  0.000000e+000  0.000000e+000  0.000000e+000  0.000000e+000  0.000000e+000  0.000000e+000  0.000000e+000  0.000000e+000  0.000000e+000  0.000000e+000  0.000000e+000  
0.000000e+000  0.000000e+000  0.000000e+000  0.000000e+000  0.000000e+000  0.000000e+000  0.000000e+000  0.000000e+000  0.000000e+000  0.000000e+000  0.000000e+000  0.000000e+000  0.000000e+000  0.000000e+000  0.000000e+000  0.000000e+000  
0.000000e+000  0.000000e+000  0.000000e+000  0.000000e+000  0.000000e+000  0.000000e+000  0.000000e+000  0.000000e+000  0.000000e+000  0.000000e+000  0.000000e+000  0.000000e+000  0.000000e+000  0.000000e+000  0.000000e+000  0.000000e+000  
0.000000e+000  0.000000e+000  0.000000e+000  0.000000e+000  0.000000e+000  0.000000e+000  0.000000e+000  0.000000e+000  0.000000e+000  0.000000e+000  0.000000e+000  0.000000e+000  0.000000e+000  0.000000e+000  0.000000e+000  0.000000e+000  
0.000000e+000  0.000000e+000  0.000000e+000  0.000000e+000  0.000000e+000  0.000000e+000  0.000000e+000  0.000000e+000  0.000000e+000  0.000000e+000  0.000000e+000  0.000000e+000  0.000000e+000  0.000000e+000  0.000000e+000  0.000000e+000  
0.000000e+000  0.000000e+000  0.000000e+000  0.000000e+000  0.000000e+000  0.000000e+000  0.000000e+000  0.000000e+000  0.000000e+000  0.000000e+000  0.000000e+000  0.000000e+000  0.000000e+000  0.000000e+000  0.000000e+000  0.000000e+000  
0.000000e+000  0.000000e+000  0.000000e+000  0.000000e+000  0.000000e+000  0.000000e+000  0.000000e+000  0.000000e+000  0.000000e+000  0.000000e+000  0.000000e+000  0.000000e+000  0.000000e+000  0.000000e+000  0.000000e+000  0.000000e+000  
0.000000e+000  0.000000e+000  0.000000e+000  0.000000e+000  0.000000e+000  0.000000e+000  0.000000e+000  0.000000e+000  0.000000e+000  0.000000e+000  0.000000e+000  0.000000e+000  0.000000e+000  0.000000e+000  0.000000e+000  0.000000e+000  
0.000000e+000  0.000000e+000  0.000000e+000  0.000000e+000  0.000000e+000  0.000000e+000  0.000000e+000  0.000000e+000  0.000000e+000  0.000000e+000  0.000000e+000  0.000000e+000  0.000000e+000  0.000000e+000  0.000000e+000  0.000000e+000  
0.000000e+000  0.000000e+000  0.000000e+000  0.000000e+000  0.000000e+000  0.000000e+000  0.000000e+000  0.000000e+000  0.000000e+000  0.000000e+000  0.000000e+000  0.000000e+000  0.000000e+000  0.000000e+000  0.000000e+000  0.000000e+000  
0.000000e+000  0.000000e+000  0.000000e+000  0.000000e+000  0.000000e+000  0.000000e+000  0.000000e+000  0.000000e+000  0.000000e+000  0.000000e+000  0.000000e+000  0.000000e+000  0.000000e+000  0.000000e+000  0.000000e+000  0.000000e+000  
0.000000e+000  0.000000e+000  0.000000e+000  0.000000e+000  0.000000e+000  0.000000e+000  0.000000e+000  0.000000e+000  0.000000e+000  0.000000e+000  0.000000e+000  0.000000e+000  0.000000e+000  0.000000e+000  0.000000e+000  0.000000e+000  
0.000000e+000  0.000000e+000  0.000000e+000  0.000000e+000  0.000000e+000  0.000000e+000  0.000000e+000  0.000000e+000  0.000000e+000  0.000000e+000  0.000000e+000  0.000000e+000  0.000000e+000  0.000000e+000  0.000000e+000  0.000000e+000  
0.000000e+000  0.000000e+000  0.000000e+000  0.000000e+000  0.000000e+000  0.000000e+000  0.000000e+000  0.000000e+000  0.000000e+000  0.000000e+000  0.000000e+000  0.000000e+000  0.000000e+000  0.000000e+000  0.000000e+000  0.000000e+000  
0.000000e+000  0.000000e+000  0.000000e+000  0.000000e+000  0.000000e+000  0.000000e+000  0.000000e+000  0.000000e+000  0.000000e+000  0.000000e+000  0.000000e+000  0.000000e+000  0.000000e+000  0.000000e+000  0.000000e+000  0.000000e+000  
0.000000e+000  0.000000e+000  0.000000e+000  0.000000e+000  0.000000e+000  0.000000e+000  0.000000e+000  0.000000e+000  0.000000e+000  0.000000e+000  0.000000e+000  0.000000e+000  0.000000e+000  0.000000e+000  0.000000e+000  0.000000e+000  
0.000000e+000  0.000000e+000  0.000000e+000  0.000000e+000  0.000000e+000  0.000000e+000  0.000000e+000  0.000000e+000  0.000000e+000  0.000000e+000  0.000000e+000  0.000000e+000  0.000000e+000  0.000000e+000  0.000000e+000  0.000000e+000  
0.000000e+000  0.000000e+000  0.000000e+000  0.000000e+000  0.000000e+000  0.000000e+000  0.000000e+000  0.000000e+000  0.000000e+000  0.000000e+000  0.000000e+000  0.000000e+000  0.000000e+000  0.000000e+000  0.000000e+000  0.000000e+000  
0.000000e+000  0.000000e+000  0.000000e+000  0.000000e+000  0.000000e+000  0.000000e+000  0.000000e+000  0.000000e+000  0.000000e+000  0.000000e+000  0.000000e+000  0.000000e+000  0.000000e+000  0.000000e+000  0.000000e+000  0.000000e+000  
0.000000e+000  0.000000e+000  0.000000e+000  0.000000e+000  0.000000e+000  0.000000e+000  0.000000e+000  0.000000e+000  0.000000e+000  0.000000e+000  0.000000e+000  0.000000e+000  0.000000e+000  0.000000e+000  0.000000e+000  0.000000e+000  
0.000000e+000  0.000000e+000  0.000000e+000  0.000000e+000  0.000000e+000  0.000000e+000  0.000000e+000  0.000000e+000  0.000000e+000  0.000000e+000  0.000000e+000  0.000000e+000  0.000000e+000  0.000000e+000  0.000000e+000  0.000000e+000  
0.000000e+000  0.000000e+000  0.000000e+000  0.000000e+000  0.000000e+000  0.000000e+000  0.000000e+000  0.000000e+000  0.000000e+000  0.000000e+000  0.000000e+000  0.000000e+000  0.000000e+000  0.000000e+000  0.000000e+000  0.000000e+000  

0.000000e+000  -1.888174e-001  -3.745885e-001  -5.543161e-001  -7.251005e-001  -8.841863e-001  -1.029007e+000  -1.170541e+000  -1.288726e+000  -1.381206e+000  -1.489002e+000  -1.170283e+000  -5.987346e-001  -4.059172e-001  -2.050031e-001  0.000000e+000  
0.000000e+000  -1.888174e-001  -3.745885e-001  -5.543161e-001  -7.251005e-001  -8.841863e-001  -1.029007e+000  -1.170541e+000  -1.288726e+000  -1.381206e+000  -1.489002e+000  -1.170283e+000  -5.987346e-001  -4.059172e-001  -2.050031e-001  0.000000e+000  
0.000000e+000  -1.888174e-001  -3.745885e-001  -5.543161e-001  -7.251005e-001  -8.841863e-001  -1.029007e+000  -1.170541e+000  -1.288726e+000  -1.381206e+000  -1.489002e+000  -1.170283e+000  -5.987346e-001  -4.059172e-001  -2.050031e-001  0.000000e+000  
0.000000e+000  -1.888174e-001  -3.745885e-001  -5.543161e-001  -7.251005e-001  -8.841863e-001  -1.029007e+000  -1.170541e+000  -1.288726e+000  -1.381206e+000  -1.489002e+000  -1.170283e+000  -5.987346e-001  -4.059172e-001  -2.050031e-001  0.000000e+000  
0.000000e+000  -1.888174e-001  -3.745885e-001  -5.543161e-001  -7.251005e-001  -8.841863e-001  -1.029007e+000  -1.170541e+000  -1.288726e+000  -1.381206e+000  -1.489002e+000  -1.170283e+000  -5.987346e-001  -4.059172e-001  -2.050031e-001  0.000000e+000  
0.000000e+000  -1.888174e-001  -3.745885e-001  -5.543161e-001  -7.251005e-001  -8.841863e-001  -1.029007e+000  -1.170541e+000  -1.288726e+000  -1.381206e+000  -1.489002e+000  -1.170283e+000  -5.987346e-001  -4.059172e-001  -2.050031e-001  0.000000e+000  
0.000000e+000  -1.888174e-001  -3.745885e-001  -5.543161e-001  -7.251005e-001  -8.841863e-001  -1.029007e+000  -1.170541e+000  -1.288726e+000  -1.381206e+000  -1.489002e+000  -1.170283e+000  -5.987346e-001  -4.059172e-001  -2.050031e-001  0.000000e+000  
0.000000e+000  -1.888174e-001  -3.745885e-001  -5.543161e-001  -7.251005e-001  -8.841863e-001  -1.029007e+000  -1.170541e+000  -1.288726e+000  -1.381206e+000  -1.489002e+000  -1.170283e+000  -5.987346e-001  -4.059172e-001  -2.050031e-001  0.000000e+000  
0.000000e+000  -1.888174e-001  -3.745885e-001  -5.543161e-001  -7.251005e-001  -8.841863e-001  -1.029007e+000  -1.170541e+000  -1.288726e+000  -1.381206e+000  -1.489002e+000  -1.170283e+000  -5.987346e-001  -4.059172e-001  -2.050031e-001  0.000000e+000  
0.000000e+000  -1.888174e-001  -3.745885e-001  -5.543161e-001  -7.251005e-001  -8.841863e-001  -1.029007e+000  -1.170541e+000  -1.288726e+000  -1.381206e+000  -1.489002e+000  -1.170283e+000  -5.987346e-001  -4.059172e-001  -2.050031e-001  0.000000e+000  
0.000000e+000  -1.888174e-001  -3.745885e-001  -5.543161e-001  -7.251005e-001  -8.841863e-001  -1.029007e+000  -1.170541e+000  -1.288726e+000  -1.381206e+000  -1.489002e+000  -1.170283e+000  -5.987346e-001  -4.059172e-001  -2.050031e-001  0.000000e+000  
0.000000e+000  -1.888175e-001  -3.745884e-001  -5.543161e-001  -7.251005e-001  -8.841864e-001  -1.029007e+000  -1.170541e+000  -1.288726e+000  -1.381206e+000  -1.489002e+000  -1.170283e+000  -5.987346e-001  -4.059172e-001  -2.050032e-001  0.000000e+000  
0.000000e+000  -1.888174e-001  -3.745886e-001  -5.543160e-001  -7.251004e-001  -8.841864e-001  -1.029007e+000  -1.170541e+000  -1.288726e+000  -1.381206e+000  -1.489002e+000  -1.170283e+000  -5.987346e-001  -4.059172e-001  -2.050031e-001  0.000000e+000  
0.000000e+000  -1.888174e-001  -3.745885e-001  -5.543161e-001  -7.251005e-001  -8.841863e-001  -1.029007e+000  -1.170541e+000  -1.288726e+000  -1.381206e+000  -1.489002e+000  -1.170283e+000  -5.987346e-001  -4.059172e-001  -2.050031e-001  0.000000e+000  
0.000000e+000  -1.888174e-001  -3.745885e-001  -5.543161e-001  -7.251005e-001  -8.841864e-001  -1.029007e+000  -1.170541e+000  -1.288726e+000  -1.381206e+000  -1.489002e+000  -1.170283e+000  -5.987346e-001  -4.059172e-001  -2.050032e-001  0.000000e+000  
0.000000e+000  -1.888174e-001  -3.745885e-001  -5.543161e-001  -7.251005e-001  -8.841863e-001  -1.029007e+000  -1.170541e+000  -1.288726e+000  -1.381206e+000  -1.489002e+000  -1.170283e+000  -5.987346e-001  -4.059172e-001  -2.050031e-001  0.000000e+000  
0.000000e+000  -1.888174e-001  -3.745885e-001  -5.543161e-001  -7.251005e-001  -8.841863e-001  -1.029007e+000  -1.170541e+000  -1.288726e+000  -1.381206e+000  -1.489002e+000  -1.170283e+000  -5.987346e-001  -4.059172e-001  -2.050031e-001  0.000000e+000  
0.000000e+000  -1.888174e-001  -3.745885e-001  -5.543161e-001  -7.251005e-001  -8.841863e-001  -1.029007e+000  -1.170541e+000  -1.288726e+000  -1.381206e+000  -1.489002e+000  -1.170283e+000  -5.987346e-001  -4.059172e-001  -2.050031e-001  0.000000e+000  
0.000000e+000  -1.888174e-001  -3.745885e-001  -5.543161e-001  -7.251005e-001  -8.841863e-001  -1.029007e+000  -1.170541e+000  -1.288726e+000  -1.381206e+000  -1.489002e+000  -1.170283e+000  -5.987346e-001  -4.059172e-001  -2.050031e-001  0.000000e+000  
0.000000e+000  -1.888174e-001  -3.745885e-001  -5.543161e-001  -7.251005e-001  -8.841863e-001  -1.029007e+000  -1.170541e+000  -1.288726e+000  -1.381206e+000  -1.489002e+000  -1.170283e+000  -5.987346e-001  -4.059172e-001  -2.050031e-001  0.000000e+000  
0.000000e+000  -1.888174e-001  -3.745885e-001  -5.543161e-001  -7.251005e-001  -8.841863e-001  -1.029007e+000  -1.170541e+000  -1.288726e+000  -1.381206e+000  -1.489002e+000  -1.170283e+000  -5.987346e-001  -4.059172e-001  -2.050031e-001  0.000000e+000  
0.000000e+000  -1.888174e-001  -3.745885e-001  -5.543161e-001  -7.251005e-001  -8.841863e-001  -1.029007e+000  -1.170541e+000  -1.288726e+000  -1.381206e+000  -1.489002e+000  -1.170283e+000  -5.987346e-001  -4.059172e-001  -2.050031e-001  0.000000e+000  
0.000000e+000  -1.888174e-001  -3.745885e-001  -5.543161e-001  -7.251005e-001  -8.841863e-001  -1.029007e+000  -1.170541e+000  -1.288726e+000  -1.381206e+000  -1.489002e+000  -1.170283e+000  -5.987346e-001  -4.059172e-001  -2.050031e-001  0.000000e+000  
0.000000e+000  -1.888174e-001  -3.745885e-001  -5.543161e-001  -7.251005e-001  -8.841863e-001  -1.029007e+000  -1.170541e+000  -1.288726e+000  -1.381206e+000  -1.489002e+000  -1.170283e+000  -5.987346e-001  -4.059172e-001  -2.050031e-001  0.000000e+000  
0.000000e+000  -1.888174e-001  -3.745885e-001  -5.543161e-001  -7.251005e-001  -8.841863e-001  -1.029007e+000  -1.170541e+000  -1.288726e+000  -1.381206e+000  -1.489002e+000  -1.170283e+000  -5.987346e-001  -4.059172e-001  -2.050031e-001  0.000000e+000  
0.000000e+000  -1.888174e-001  -3.745885e-001  -5.543161e-001  -7.251005e-001  -8.841863e-001  -1.029007e+000  -1.170541e+000  -1.288726e+000  -1.381206e+000  -1.489002e+000  -1.170283e+000  -5.987346e-001  -4.059172e-001  -2.050031e-001  0.000000e+000  
0.000000e+000  0.000000e+000  0.000000e+000  0.000000e+000  0.000000e+000  0.000000e+000  0.000000e+000  0.000000e+000  0.000000e+000  0.000000e+000  0.000000e+000  0.000000e+000  0.000000e+000  0.000000e+000  0.000000e+000  0.000000e+000  

0.000000e+000  0.000000e+000  0.000000e+000  0.000000e+000  0.000000e+000  0.000000e+000  0.000000e+000  0.000000e+000  0.000000e+000  0.000000e+000  0.000000e+000  0.000000e+000  0.000000e+000  0.000000e+000  0.000000e+000  0.000000e+000  
-1.525454e-008  1.208232e-009  -1.010476e-008  -1.812240e-009  -1.056377e-008  -8.590840e-009  -9.530053e-009  -1.459414e-008  -3.262315e-009  8.474685e-010  -3.022249e-009  -4.049019e-009  9.300935e-009  -9.471220e-010  8.018445e-009  0.000000e+000  
-1.549351e-008  -1.613861e-008  -2.486576e-010  -2.279802e-008  -5.216991e-009  -3.239845e-008  -1.170668e-008  -2.020468e-008  -2.389575e-008  1.677097e-009  -4.916716e-009  -7.640577e-009  7.941768e-009  1.403770e-008  9.023978e-009  0.000000e+000  
-2.154132e-008  -1.250460e-008  -1.730454e-008  -1.525876e-008  -3.370346e-008  -2.268693e-008  -2.919521e-008  -3.202142e-008  -4.714655e-008  5.891056e-009  -6.038258e-009  -1.254781e-008  1.588618e-008  1.252379e-008  1.972558e-008  0.000000e+000  
-5.132420e-008  -4.285897e-008  -4.704480e-008  -4.546288e-008  -4.545792e-008  -4.122646e-008  -3.048308e-008  -2.530583e-008  -1.876646e-008  -4.198579e-009  -7.148437e-009  -6.930962e-009  -3.772404e-009  -1.924069e-009  7.414248e-009  0.000000e+000  
-1.667163e-008  -1.370113e-008  -1.756831e-008  -1.319518e-008  -1.343892e-008  -1.172256e-008  -1.222447e-008  -9.708671e-009  -8.164385e-009  -5.179398e-009  -5.638754e-009  -5.229564e-009  -5.030023e-009  -4.988395e-009  -6.377134e-009  0.000000e+000  
1.829349e-008  2.040020e-008  1.603463e-008  1.355059e-008  1.567198e-008  1.438832e-008  1.531701e-008  1.070517e-008  3.739821e-009  3.628936e-009  -1.095653e-009  -5.210671e-009  -1.149423e-009  -5.496698e-009  -1.209691e-008  0.000000e+000  
5.043656e-008  5.238255e-008  4.791694e-008  5.042855e-008  4.691822e-008  4.196829e-008  3.016598e-008  2.888166e-008  2.215140e-008  5.802093e-009  2.514357e-009  -3.119465e-009  -7.978357e-009  -1.213954e-008  -1.366210e-008  0.000000e+000  
2.332526e-008  1.729838e-008  2.122595e-008  1.818691e-008  3.227463e-008  2.931186e-008  2.746320e-008  4.118250e-008  5.228141e-008  2.149968e-009  5.158029e-009  2.655054e-009  -3.003088e-008  -2.373570e-008  -2.396342e-008  0.000000e+000  
1.422832e-008  1.008716e-008  1.328029e-008  2.514768e-008  8.548668e-009  3.148501e-008  2.267497e-008  1.730406e-008  3.422800e-008  1.234620e-008  2.479660e-009  -4.200715e-009  -1.781562e-008  -2.094039e-008  -1.482812e-008  0.000000e+000  
5.212118e-009  1.056161e-008  5.443461e-009  3.968325e-009  2.501372e-008  3.124428e-009  8.465634e-009  2.180982e-008  9.099362e-009  1.994303e-008  -7.693658e-010  -8.930019e-009  -1.443434e-008  -6.006326e-009  -1.085528e-008  0.000000e+000  
-1.052882e-008  2.947509e-008  -2.926580e-008  2.617478e-008  -2.417994e-008  1.134056e-008  6.150121e-009  3.436958e-009  -1.405059e-008  3.314483e-008  -2.068336e-009  -2.135932e-008  6.139785e-009  -1.264237e-008  4.793589e-009  0.000000e+000  
2.542435e-008  -5.706850e-008  5.710078e-008  -1.317928e-008  -8.548921e-009  -6.662933e-009  5.664736e-009  7.282329e-009  1.730718e-008  7.609428e-009  -5.756460e-009  -3.456558e-009  -6.928507e-009  1.601106e-008  -1.360484e-008  0.000000e+000  
-3.185499e-009  2.472982e-008  -3.182191e-008  -1.179869e-008  4.313374e-008  -2.913497e-008  1.351994e-008  -1.715687e-008  -8.254997e-009  3.840940e-009  7.925202e-009  -6.424444e-009  7.169860e-009  -1.451639e-008  3.216776e-009  0.000000e+000  
-1.333560e-009  -1.503900e-009  -1.038288e-009  7.383317e-009  -3.328521e-008  3.776560e-008  -2.322250e-008  1.280659e-008  2.719495e-009  -1.408466e-008  -3.282411e-009  1.024290e-008  -2.454030e-009  6.798820e-009  7.883161e-009  0.000000e+000  
-5.129037e-009  -2.772009e-009  6.766224e-009  -9.377344e-009  1.345045e-008  -1.083432e-008  3.438335e-009  -5.876139e-009  5.688983e-010  -3.208070e-008  6.006721e-009  1.895414e-008  1.939830e-009  4.763808e-009  -6.043047e-009  0.000000e+000  
-5.806646e-009  -1.360842e-008  -4.989602e-009  -1.713022e-008  -1.081152e-009  -4.849065e-009  -1.934274e-008  -1.418233e-008  -1.321137e-008  -1.995565e-008  -8.708714e-010  1.273010e-008  8.055875e-009  8.739897e-009  9.756629e-009  0.000000e+000  
-1.474553e-008  -1.004642e-008  -2.671876e-008  9.493148e-011  -2.432879e-008  -2.896464e-008  -1.293979e-008  -3.108556e-008  -2.550763e-008  -1.211208e-008  -2.624456e-009  4.693212e-009  2.067699e-008  1.178127e-008  1.587191e-008  0.000000e+000  
-1.954222e-008  -2.142036e-008  -1.871999e-008  -2.449048e-008  -2.694850e-008  -3.113389e-008  -3.276052e-008  -3.638693e-008  -5.211210e-008  -2.971595e-009  -3.758135e-009  -3.578888e-009  2.843711e-008  2.702577e-008  2.283794e-008  0.000000e+000  
-5.320800e-008  -5.045660e-008  -4.962011e-008  -4.188501e-008  -4.945064e-008  -4.519506e-008  -3.611837e-008  -2.559102e-008  -1.887944e-008  -6.213593e-009  -2.182901e-009  2.525902e-009  5.198128e-009  8.871932e-009  1.980689e-008  0.000000e+000  
-1.663713e-008  -1.964027e-008  -1.928251e-008  -1.736143e-008  -1.062569e-008  -1.631155e-008  -1.286403e-008  -1.303605e-008  -2.827273e-009  -3.839624e-009  5.896623e-010  4.877831e-009  6.112806e-009  4.538612e-009  9.544301e-009  0.000000e+000  
1.629059e-008  1.579530e-008  1.434895e-008  1.535138e-008  1.577351e-008  1.240395e-008  1.041658e-008  8.877193e-009  8.236624e-009  5.164765e-009  5.203643e-009  5.632298e-009  4.855424e-009  3.258114e-009  6.285799e-009  0.000000e+000  
5.349814e-008  4.590451e-008  4.683190e-008  4.062435e-008  4.536420e-008  3.774449e-008  3.686443e-008  2.632125e-008  1.323506e-008  5.435312e-009  6.525583e-009  7.170503e-009  -1.104111e-009  -3.412117e-009  4.014802e-010  0.000000e+000  
1.610725e-008  1.334519e-008  2.080250e-008  2.596154e-008  2.207626e-008  2.847313e-008  2.417484e-008  3.583914e-008  4.613752e-008  -6.476574e-009  6.408773e-009  1.340173e-008  -1.941617e-008  -1.799089e-008  -1.477469e-008  0.000000e+000  
8.308334e-009  1.677898e-008  1.129014e-008  1.005928e-008  2.483310e-008  1.296647e-008  1.730157e-008  2.216337e-008  2.598388e-008  -1.434970e-009  3.637442e-009  7.394356e-009  -4.815819e-009  -1.866793e-008  -5.233600e-009  0.000000e+000  
9.370110e-009  2.673549e-009  5.575071e-009  1.546260e-008  -2.536342e-009  1.282671e-008  8.144087e-009  1.326082e-008  8.275434e-009  -9.994850e-011  1.938607e-009  3.835022e-009  -6.443896e-009  0.000000e+000  -8.350330e-009  0.000000e+000  
0.000000e+000  0.000000e+000  0.000000e+000  0.000000e+000  0.000000e+000  0.000000e+000  0.000000e+000  0.000000e+000  0.000000e+000  0.000000e+000  0.000000e+000  0.000000e+000  0.000000e+000  0.000000e+000  0.000000e+000  0.000000e+000  

1.791474e+000  1.762571e+000  1.705231e+000  1.620379e+000  1.509385e+000  1.374038e+000  1.207710e+000  1.008480e+000  7.891343e-001  2.676780e-001  -6.768876e-001  -1.419270e+000  -1.645314e+000  -1.714403e+000  -1.749295e+000  -0.000000e+000  
1.791474e+000  1.762571e+000  1.705231e+000  1.620379e+000  1.509385e+000  1.374038e+000  1.207710e+000  1.008480e+000  7.891343e-001  2.676780e-001  -6.768876e-001  -1.419270e+000  -1.645314e+000  -1.714403e+000  -1.749295e+000  -0.000000e+000  
1.791474e+000  1.762571e+000  1.705231e+000  1.620379e+000  1.509385e+000  1.374038e+000  1.207710e+000  1.008480e+000  7.891343e-001  2.676780e-001  -6.768876e-001  -1.419270e+000  -1.645314e+000  -1.714403e+000  -1.749295e+000  -0.000000e+000  
1.791474e+000  1.762571e+000  1.705231e+000  1.620379e+000  1.509385e+000  1.374038e+000  1.207710e+000  1.008480e+000  7.891342e-001  2.676780e-001  -6.768876e-001  -1.419270e+000  -1.645314e+000  -1.714403e+000  -1.749295e+000  -0.000000e+000  
1.791474e+000  1.762571e+000  1.705231e+000  1.620379e+000  1.509385e+000  1.374038e+000  1.207710e+000  1.008480e+000  7.891342e-001  2.676780e-001  -6.768876e-001  -1.419270e+000  -1.645314e+000  -1.714403e+000  -1.749295e+000  -0.000000e+000  
1.791474e+000  1.762571e+000  1.705231e+000  1.620379e+000  1.509385e+000  1.374038e+000  1.207710e+000  1.008480e+000  7.891342e-001  2.676780e-001  -6.768876e-001  -1.419270e+000  -1.645314e+000  -1.714403e+000  -1.749295e+000  -0.000000e+000  
1.791474e+000  1.762571e+000  1.705231e+000  1.620379e+000  1.509385e+000  1.374038e+000  1.207710e+000  1.008480e+000  7.891342e-001  2.676780e-001  -6.768876e-001  -1.419270e+000  -1.645314e+000  -1.714403e+000  -1.749295e+000  -0.000000e+000  
1.791474e+000  1.762571e+000  1.705231e+000  1.620379e+000  1.509385e+000  1.374038e+000  1.207710e+000  1.008480e+000  7.891342e-001  2.676780e-001  -6.768876e-001  -1.419270e+000  -1.645314e+000  -1.714403e+000  -1.749295e+000  -0.000000e+000  
1.791474e+000  1.762571e+000  1.705231e+000  1.620379e+000  1.509385e+000  1.374038e+000  1.207710e+000  1.008480e+000  7.891343e-001  2.676780e-001  -6.768876e-001  -1.419270e+000  -1.645314e+000  -1.714403e+000  -1.749295e+000  -0.000000e+000  
1.791474e+000  1.762571e+000  1.705231e+000  1.620379e+000  1.509385e+000  1.374038e+000  1.207710e+000  1.008480e+000  7.891343e-001  2.676780e-001  -6.768876e-001  -1.419270e+000  -1.645314e+000  -1.714403e+000  -1.749295e+000  -0.000000e+000  
1.791474e+000  1.762571e+000  1.705231e+000  1.620379e+000  1.509385e+000  1.374038e+000  1.207710e+000  1.008480e+000  7.891343e-001  2.676780e-001  -6.768876e-001  -1.419270e+000  -1.645314e+000  -1.714403e+000  -1.749295e+000  -0.000000e+000  
1.791474e+000  1.762571e+000  1.705231e+000  1.620379e+000  1.509385e+000  1.374038e+000  1.207710e+000  1.008480e+000  7.891343e-001  2.676780e-001  -6.768876e-001  -1.419270e+000  -1.645314e+000  -1.714403e+000  -1.749295e+000  -0.000000e+000  
1.791474e+000  1.762571e+000  1.705231e+000  1.620379e+000  1.509385e+000  1.374038e+000  1.207710e+000  1.008480e+000  7.891343e-001  2.676780e-001  -6.768876e-001  -1.419270e+000  -1.645314e+000  -1.714403e+000  -1.749295e+000  -0.000000e+000  
1.791474e+000  1.762571e+000  1.705231e+000  1.620379e+000  1.509385e+000  1.374038e+000  1.207710e+000  1.008480e+000  7.891343e-001  2.676780e-001  -6.768876e-001  -1.419270e+000  -1.645314e+000  -1.714403e+000  -1.749295e+000  -0.000000e+000  
1.791474e+000  1.762571e+000  1.705231e+000  1.620379e+000  1.509385e+000  1.374038e+000  1.207710e+000  1.008480e+000  7.891343e-001  2.676780e-001  -6.768876e-001  -1.419270e+000  -1.645314e+000  -1.714403e+000  -1.749295e+000  -0.000000e+000  
1.791474e+000  1.762571e+000  1.705231e+000  1.620379e+000  1.509385e+000  1.374038e+000  1.207710e+000  1.008480e+000  7.891343e-001  2.676780e-001  -6.768876e-001  -1.419270e+000  -1.645314e+000  -1.714403e+000  -1.749295e+000  -0.000000e+000  
1.791474e+000  1.762571e+000  1.705231e+000  1.620379e+000  1.509385e+000  1.374038e+000  1.207710e+000  1.008480e+000  7.891343e-001  2.676780e-001  -6.768876e-001  -1.419270e+000  -1.645314e+000  -1.714403e+000  -1.749295e+000  -0.000000e+000  
1.791474e+000  1.762571e+000  1.705231e+000  1.620379e+000  1.509385e+000  1.374038e+000  1.207710e+000  1.008480e+000  7.891343e-001  2.676780e-001  -6.768876e-001  -1.419270e+000  -1.645314e+000  -1.714403e+000  -1.749295e+000  -0.000000e+000  
1.791474e+000  1.762571e+000  1.705231e+000  1.620379e+000  1.509385e+000  1.374038e+000  1.207710e+000  1.008480e+000  7.891342e-001  2.676780e-001  -6.768876e-001  -1.419270e+000  -1.645314e+000  -1.714403e+000  -1.749295e+000  -0.000000e+000  
1.791474e+000  1.762571e+000  1.705231e+000  1.620379e+000  1.509385e+000  1.374038e+000  1.207710e+000  1.008480e+000  7.891342e-001  2.676780e-001  -6.768876e-001  -1.419270e+000  -1.645314e+000  -1.714403e+000  -1.749295e+000  -0.000000e+000  
1.791474e+000  1.762571e+000  1.705231e+000  1.620379e+000  1.509385e+000  1.374038e+000  1.207710e+000  1.008480e+000  7.891342e-001  2.676780e-001  -6.768876e-001  -1.419270e+000  -1.645314e+000  -1.714403e+000  -1.749295e+000  -0.000000e+000  
1.791474e+000  1.762571e+000  1.705231e+000  1.620379e+000  1.509385e+000  1.374038e+000  1.207710e+000  1.008480e+000  7.891342e-001  2.676780e-001  -6.768876e-001  -1.419270e+000  -1.645314e+000  -1.714403e+000  -1.749295e+000  -0.000000e+000  
1.791474e+000  1.762571e+000  1.705231e+000  1.620379e+000  1.509385e+000  1.374038e+000  1.207710e+000  1.008480e+000  7.891342e-001  2.676780e-001  -6.768876e-001  -1.419270e+000  -1.645314e+000  -1.714403e+000  -1.749295e+000  -0.000000e+000  
1.791474e+000  1.762571e+000  1.705231e+000  1.620379e+000  1.509385e+000  1.374038e+000  1.207710e+000  1.008480e+000  7.891343e-001  2.676780e-001  -6.768876e-001  -1.419270e+000  -1.645314e+000  -1.714403e+000  -1.749295e+000  -0.000000e+000  
1.791474e+000  1.762571e+000  1.705231e+000  1.620379e+000  1.509385e+000  1.374038e+000  1.207710e+000  1.008480e+000  7.891343e-001  2.676780e-001  -6.768876e-001  -1.419270e+000  -1.645314e+000  -1.714403e+000  -1.749295e+000  -0.000000e+000  
1.791474e+000  1.762571e+000  1.705231e+000  1.620379e+000  1.509385e+000  1.374038e+000  1.207710e+000  1.008480e+000  7.891343e-001  2.676780e-001  -6.768876e-001  -1.419270e+000  -1.645314e+000  -1.714403e+000  -1.749295e+000  -0.000000e+000  
-0.000000e+000  -0.000000e+000  -0.000000e+000  -0.000000e+000  -0.000000e+000  -0.000000e+000  -0.000000e+000  -0.000000e+000  -0.000000e+000  -0.000000e+000  -0.000000e+000  -0.000000e+000  -0.000000e+000  -0.000000e+000  -0.000000e+000  -0.000000e+000  

