Port monitor named: Port1_e1[2.2].prt

nx        = 84
ny        = 69
nz        = 67

nu        = 5
nv        = 5
iu        = 11
iv        = 33

idir      = 2
dcut      = 2.500000e-002
icut      = 50
type      = 0
frequency = 2.200000e+009

fcutoff   = 0.000000e+000
alpha     = 0.000000e+000
beta      = 6.454217e+001
accuracy  = 5.012170e-015

type          = TEM
wave imp.     = 2.653616e+002
wave imp.sig. = 1.360313e-010
line imp.     = 5.425568e+001

ref. port     = 0

0.000000e+000  0.000000e+000  0.000000e+000  0.000000e+000  0.000000e+000  
-2.257230e+003  -2.036314e+003  2.036314e+003  2.257230e+003  0.000000e+000  
-4.293791e+003  -8.366643e+003  8.366643e+003  4.293791e+003  0.000000e+000  
-2.257230e+003  -2.036314e+003  2.036314e+003  2.257230e+003  0.000000e+000  
0.000000e+000  0.000000e+000  0.000000e+000  0.000000e+000  0.000000e+000  

0.000000e+000  -2.257230e+003  -4.293791e+003  -2.257230e+003  0.000000e+000  
0.000000e+000  -2.036314e+003  -8.366643e+003  -2.036314e+003  0.000000e+000  
0.000000e+000  2.036314e+003  8.366643e+003  2.036314e+003  0.000000e+000  
0.000000e+000  2.257230e+003  4.293791e+003  2.257230e+003  0.000000e+000  
0.000000e+000  0.000000e+000  0.000000e+000  0.000000e+000  0.000000e+000  

0.000000e+000  0.000000e+000  0.000000e+000  0.000000e+000  0.000000e+000  
0.000000e+000  0.000000e+000  0.000000e+000  0.000000e+000  0.000000e+000  
0.000000e+000  0.000000e+000  0.000000e+000  0.000000e+000  0.000000e+000  
0.000000e+000  0.000000e+000  0.000000e+000  0.000000e+000  0.000000e+000  
0.000000e+000  0.000000e+000  0.000000e+000  0.000000e+000  0.000000e+000  

0.000000e+000  0.000000e+000  0.000000e+000  0.000000e+000  0.000000e+000  
0.000000e+000  0.000000e+000  0.000000e+000  0.000000e+000  0.000000e+000  
0.000000e+000  0.000000e+000  0.000000e+000  0.000000e+000  0.000000e+000  
0.000000e+000  0.000000e+000  0.000000e+000  0.000000e+000  0.000000e+000  
0.000000e+000  0.000000e+000  0.000000e+000  0.000000e+000  0.000000e+000  

0.000000e+000  0.000000e+000  0.000000e+000  0.000000e+000  0.000000e+000  
0.000000e+000  0.000000e+000  0.000000e+000  0.000000e+000  0.000000e+000  
0.000000e+000  0.000000e+000  0.000000e+000  0.000000e+000  0.000000e+000  
0.000000e+000  0.000000e+000  0.000000e+000  0.000000e+000  0.000000e+000  
0.000000e+000  0.000000e+000  0.000000e+000  0.000000e+000  0.000000e+000  

0.000000e+000  0.000000e+000  0.000000e+000  0.000000e+000  0.000000e+000  
0.000000e+000  9.041939e+000  3.395471e+000  9.041939e+000  0.000000e+000  
0.000000e+000  3.395471e+000  0.000000e+000  3.395471e+000  0.000000e+000  
0.000000e+000  9.041939e+000  3.395471e+000  9.041939e+000  0.000000e+000  
0.000000e+000  0.000000e+000  0.000000e+000  0.000000e+000  0.000000e+000  

