Port monitor named: Port2_e1[2.5].prt

nx        = 25
ny        = 4
nz        = 25

nu        = 23
nv        = 23
iu        = 2
iv        = 2

idir      = 1
dcut      = 2.505000e-002
icut      = 3
type      = 0
frequency = 2.500000e+009

fcutoff   = 0.000000e+000
alpha     = 0.000000e+000
beta      = 7.257460e+001
accuracy  = 4.319976e-012

type          = QTEM
wave imp.     = 2.634304e+002
wave imp.sig. = 6.233966e-003
line imp.     = 5.425678e+001

ref. port     = 0

-0.000000e+000  -0.000000e+000  -0.000000e+000  -0.000000e+000  -0.000000e+000  -0.000000e+000  -0.000000e+000  -0.000000e+000  -0.000000e+000  -0.000000e+000  -0.000000e+000  -0.000000e+000  -0.000000e+000  -0.000000e+000  -0.000000e+000  -0.000000e+000  -0.000000e+000  -0.000000e+000  -0.000000e+000  -0.000000e+000  -0.000000e+000  -0.000000e+000  -0.000000e+000  
-9.725467e+002  -9.725755e+002  -9.802823e+002  -9.651425e+002  -3.511777e+002  -3.541434e+001  3.424592e+002  5.836010e+001  -5.910407e+001  -8.666308e+001  -5.318583e+001  5.316926e+001  8.664679e+001  5.908775e+001  -5.837719e+001  -3.424789e+002  3.539898e+001  3.511671e+002  9.651447e+002  9.802969e+002  9.726156e+002  9.725543e+002  -0.000000e+000  
-1.945227e+003  -1.937635e+003  -1.492619e+003  -8.229234e+002  -7.993878e+002  -7.124573e+002  -6.066931e+002  -5.498204e+002  -4.778280e+002  -3.728338e+002  -1.680898e+002  1.680562e+002  3.728021e+002  4.777984e+002  5.497936e+002  6.066693e+002  7.124367e+002  7.993694e+002  8.229063e+002  1.492624e+003  1.937773e+003  1.945209e+003  -0.000000e+000  
-2.925823e+003  -2.449693e+003  -1.581369e+003  -1.581562e+003  -1.532548e+003  -1.464826e+003  -1.360272e+003  -1.218473e+003  -1.028553e+003  -7.850072e+002  -3.461455e+002  3.460926e+002  7.849566e+002  1.028507e+003  1.218436e+003  1.360243e+003  1.464804e+003  1.532528e+003  1.581534e+003  1.581276e+003  2.450169e+003  2.925625e+003  -0.000000e+000  
-3.890986e+003  -2.307973e+003  -2.339943e+003  -2.405727e+003  -2.405873e+003  -2.364503e+003  -2.262812e+003  -2.079596e+003  -1.793769e+003  -1.393285e+003  -6.312862e+002  6.312108e+002  1.393202e+003  1.793693e+003  2.079545e+003  2.262788e+003  2.364499e+003  2.405880e+003  2.405740e+003  2.339964e+003  2.308101e+003  3.891015e+003  -0.000000e+000  
-4.066743e+003  -2.532181e+003  -2.706539e+003  -2.842394e+003  -2.904726e+003  -2.904813e+003  -2.836359e+003  -2.664066e+003  -2.348352e+003  -1.858690e+003  -8.662907e+002  8.662076e+002  1.858575e+003  2.348235e+003  2.664004e+003  2.836348e+003  2.904832e+003  2.904756e+003  2.842429e+003  2.706580e+003  2.532263e+003  4.066798e+003  -0.000000e+000  
-4.084716e+003  -2.870745e+003  -3.082753e+003  -3.292239e+003  -3.445037e+003  -3.513655e+003  -3.513734e+003  -3.391950e+003  -3.076874e+003  -2.496029e+003  -1.203617e+003  1.203537e+003  2.495859e+003  3.076660e+003  3.391880e+003  3.513759e+003  3.513714e+003  3.445100e+003  3.292294e+003  3.082805e+003  2.870811e+003  4.084778e+003  -0.000000e+000  
-3.913636e+003  -3.345516e+003  -3.459587e+003  -3.743513e+003  -4.018583e+003  -4.191025e+003  -4.312962e+003  -4.313117e+003  -4.071154e+003  -3.414123e+003  -1.711924e+003  1.711877e+003  3.413884e+003  4.070657e+003  4.313086e+003  4.313082e+003  4.191155e+003  4.018690e+003  3.743586e+003  3.459646e+003  3.345578e+003  3.913696e+003  -0.000000e+000  
-3.884573e+003  -3.649729e+003  -3.793946e+003  -4.174066e+003  -4.603056e+003  -4.918888e+003  -5.233959e+003  -5.476388e+003  -5.480489e+003  -5.239173e+003  -0.000000e+000  -0.000000e+000  5.238429e+003  5.478987e+003  5.476710e+003  5.234315e+003  4.919120e+003  4.603205e+003  4.174151e+003  3.794007e+003  3.649788e+003  3.884632e+003  -0.000000e+000  
-3.914210e+003  -3.859165e+003  -4.069318e+003  -4.556640e+003  -5.157674e+003  -5.647495e+003  -6.227582e+003  -6.877970e+003  -7.147810e+003  -0.000000e+000  -0.000000e+000  -0.000000e+000  -0.000000e+000  7.095586e+003  6.880435e+003  6.228331e+003  5.647789e+003  5.157827e+003  4.556721e+003  4.069376e+003  3.859220e+003  3.914266e+003  -0.000000e+000  
-3.957596e+003  -4.002289e+003  -4.275386e+003  -4.860686e+003  -5.623145e+003  -6.285819e+003  -7.150883e+003  -8.297018e+003  -0.000000e+000  -0.000000e+000  -0.000000e+000  -0.000000e+000  -0.000000e+000  -0.000000e+000  8.296177e+003  7.150767e+003  6.285859e+003  5.623210e+003  4.860743e+003  4.275436e+003  4.002340e+003  3.957650e+003  -0.000000e+000  
-4.010810e+003  -4.117197e+003  -4.453328e+003  -5.145248e+003  -6.090931e+003  -6.955237e+003  -8.154207e+003  -9.854826e+003  -0.000000e+000  -0.000000e+000  -0.000000e+000  -0.000000e+000  -0.000000e+000  -0.000000e+000  9.854577e+003  8.154061e+003  6.955167e+003  6.090906e+003  5.145257e+003  4.453355e+003  4.117237e+003  4.010862e+003  -0.000000e+000  
-3.957588e+003  -4.002308e+003  -4.275426e+003  -4.860754e+003  -5.623242e+003  -6.285909e+003  -7.150833e+003  -8.296247e+003  -0.000000e+000  -0.000000e+000  -0.000000e+000  -0.000000e+000  -0.000000e+000  -0.000000e+000  8.296175e+003  7.150766e+003  6.285859e+003  5.623210e+003  4.860743e+003  4.275436e+003  4.002340e+003  3.957650e+003  -0.000000e+000  
-3.914188e+003  -3.859196e+003  -4.069376e+003  -4.556737e+003  -5.157859e+003  -5.647830e+003  -6.228379e+003  -6.880480e+003  -7.095624e+003  -0.000000e+000  -0.000000e+000  -0.000000e+000  -0.000000e+000  7.095582e+003  6.880433e+003  6.228330e+003  5.647789e+003  5.157827e+003  4.556721e+003  4.069377e+003  3.859220e+003  3.914267e+003  -0.000000e+000  
-3.884525e+003  -3.649779e+003  -3.794019e+003  -4.174174e+003  -4.603236e+003  -4.919156e+003  -5.234352e+003  -5.476744e+003  -5.479011e+003  -5.238444e+003  -0.000000e+000  -0.000000e+000  5.238423e+003  5.478984e+003  5.476709e+003  5.234314e+003  4.919120e+003  4.603206e+003  4.174152e+003  3.794008e+003  3.649788e+003  3.884632e+003  -0.000000e+000  
-3.913535e+003  -3.345604e+003  -3.459671e+003  -3.743614e+003  -4.018722e+003  -4.191188e+003  -4.313115e+003  -4.313116e+003  -4.070681e+003  -3.413897e+003  -1.711879e+003  1.711875e+003  3.413882e+003  4.070657e+003  4.313086e+003  4.313083e+003  4.191156e+003  4.018691e+003  3.743588e+003  3.459646e+003  3.345579e+003  3.913697e+003  -0.000000e+000  
-4.084517e+003  -2.870918e+003  -3.082842e+003  -3.292327e+003  -3.445133e+003  -3.513747e+003  -3.513791e+003  -3.391909e+003  -3.076686e+003  -2.495882e+003  -1.203560e+003  1.203550e+003  2.495865e+003  3.076664e+003  3.391883e+003  3.513761e+003  3.513716e+003  3.445102e+003  3.292296e+003  3.082806e+003  2.870812e+003  4.084780e+003  -0.000000e+000  
-4.066632e+003  -2.532273e+003  -2.706614e+003  -2.842465e+003  -2.904791e+003  -2.904865e+003  -2.836380e+003  -2.664034e+003  -2.348263e+003  -1.858603e+003  -8.662398e+002  8.662266e+002  1.858585e+003  2.348242e+003  2.664009e+003  2.836352e+003  2.904835e+003  2.904759e+003  2.842430e+003  2.706581e+003  2.532264e+003  4.066800e+003  -0.000000e+000  
-3.890929e+003  -2.308023e+003  -2.340001e+003  -2.405781e+003  -2.405917e+003  -2.364534e+003  -2.262820e+003  -2.079576e+003  -1.793723e+003  -1.393233e+003  -6.312459e+002  6.312310e+002  1.393215e+003  1.793702e+003  2.079551e+003  2.262793e+003  2.364503e+003  2.405883e+003  2.405742e+003  2.339966e+003  2.308102e+003  3.891017e+003  -0.000000e+000  
-2.925812e+003  -2.449716e+003  -1.581399e+003  -1.581591e+003  -1.532569e+003  -1.464839e+003  -1.360274e+003  -1.218464e+003  -1.028535e+003  -7.849847e+002  -3.461230e+002  3.461080e+002  7.849674e+002  1.028516e+003  1.218442e+003  1.360248e+003  1.464808e+003  1.532531e+003  1.581536e+003  1.581277e+003  2.450171e+003  2.925626e+003  -0.000000e+000  
-1.945229e+003  -1.937649e+003  -1.492637e+003  -8.229364e+002  -7.993967e+002  -7.124619e+002  -6.066928e+002  -5.498156e+002  -4.778195e+002  -3.728231e+002  -1.680778e+002  1.680659e+002  3.728095e+002  4.778043e+002  5.497983e+002  6.066729e+002  7.124396e+002  7.993718e+002  8.229080e+002  1.492626e+003  1.937775e+003  1.945211e+003  -0.000000e+000  
-9.725494e+002  -9.725820e+002  -9.802919e+002  -9.651523e+002  -3.511808e+002  -3.541368e+001  3.424641e+002  5.836431e+001  -5.909955e+001  -8.665811e+001  -5.318050e+001  5.317381e+001  8.665035e+001  5.909059e+001  -5.837514e+001  -3.424778e+002  3.540032e+001  3.511686e+002  9.651463e+002  9.802980e+002  9.726164e+002  9.725549e+002  -0.000000e+000  
-0.000000e+000  -0.000000e+000  -0.000000e+000  -0.000000e+000  -0.000000e+000  -0.000000e+000  -0.000000e+000  -0.000000e+000  -0.000000e+000  -0.000000e+000  -0.000000e+000  -0.000000e+000  -0.000000e+000  -0.000000e+000  -0.000000e+000  -0.000000e+000  -0.000000e+000  -0.000000e+000  -0.000000e+000  -0.000000e+000  -0.000000e+000  -0.000000e+000  -0.000000e+000  

-0.000000e+000  -9.725467e+002  -1.945158e+003  -2.925548e+003  -3.890902e+003  -4.066646e+003  -4.084558e+003  -3.913597e+003  -3.884609e+003  -3.914297e+003  -3.957719e+003  -4.010972e+003  -3.957735e+003  -3.914321e+003  -3.884642e+003  -3.913639e+003  -4.084609e+003  -4.066705e+003  -3.890966e+003  -2.925610e+003  -1.945206e+003  -9.725543e+002  -0.000000e+000  
-0.000000e+000  -9.726443e+002  -1.937704e+003  -2.450115e+003  -2.308098e+003  -2.532312e+003  -2.870955e+003  -3.345657e+003  -3.649859e+003  -3.859309e+003  -4.002458e+003  -4.117412e+003  -4.002475e+003  -3.859334e+003  -3.649890e+003  -3.345694e+003  -2.870993e+003  -2.532354e+003  -2.308143e+003  -2.450179e+003  -1.937777e+003  -9.726194e+002  -0.000000e+000  
-0.000000e+000  -9.804888e+002  -1.492472e+003  -1.581222e+003  -2.339943e+003  -2.706579e+003  -3.082826e+003  -3.459680e+003  -3.794067e+003  -4.069480e+003  -4.275604e+003  -4.453692e+003  -4.275624e+003  -4.069509e+003  -3.794104e+003  -3.459723e+003  -3.082871e+003  -2.706625e+003  -2.339989e+003  -1.581281e+003  -1.492629e+003  -9.803082e+002  -0.000000e+000  
-0.000000e+000  -9.649522e+002  -8.230298e+002  -1.581523e+003  -2.405688e+003  -2.842368e+003  -3.292232e+003  -3.743531e+003  -4.174121e+003  -4.556754e+003  -4.860913e+003  -5.146071e+003  -4.860935e+003  -4.556793e+003  -4.174174e+003  -3.743591e+003  -3.292290e+003  -2.842417e+003  -2.405723e+003  -1.581517e+003  -8.229092e+002  -9.651790e+002  -0.000000e+000  
-0.000000e+000  -3.512030e+002  -7.993998e+002  -1.532480e+003  -2.405779e+003  -2.904632e+003  -3.444950e+003  -4.018509e+003  -4.602994e+003  -5.157591e+003  -5.623008e+003  -6.093027e+003  -5.623023e+003  -5.157640e+003  -4.603084e+003  -4.018610e+003  -3.445038e+003  -2.904697e+003  -2.405821e+003  -1.532479e+003  -7.993599e+002  -3.512550e+002  -0.000000e+000  
-0.000000e+000  -3.553644e+001  -7.124233e+002  -1.464724e+003  -2.364364e+003  -2.904667e+003  -3.513509e+003  -4.190890e+003  -4.918782e+003  -5.647312e+003  -6.284658e+003  -6.959319e+003  -6.284652e+003  -5.647360e+003  -4.918926e+003  -4.191043e+003  -3.513627e+003  -2.904744e+003  -2.364409e+003  -1.464727e+003  -7.124043e+002  -3.555103e+001  -0.000000e+000  
-0.000000e+000  3.426984e+002  -6.065910e+002  -1.360130e+003  -2.262620e+003  -2.836154e+003  -3.513519e+003  -4.312747e+003  -5.233916e+003  -6.228201e+003  -7.146300e+003  -8.162920e+003  -7.146234e+003  -6.228205e+003  -5.234203e+003  -4.312994e+003  -3.513671e+003  -2.836236e+003  -2.262659e+003  -1.360131e+003  -6.065790e+002  3.427020e+002  -0.000000e+000  
-0.000000e+000  5.850914e+001  -5.496944e+002  -1.218293e+003  -2.079343e+003  -2.663800e+003  -3.391655e+003  -4.312648e+003  -5.475920e+003  -6.885257e+003  -8.281110e+003  -9.874822e+003  -8.280917e+003  -6.885004e+003  -5.476671e+003  -4.313047e+003  -3.391817e+003  -2.663860e+003  -2.079360e+003  -1.218287e+003  -5.496840e+002  5.851343e+001  -0.000000e+000  
-0.000000e+000  -5.900212e+001  -4.776972e+002  -1.028340e+003  -1.793437e+003  -2.348042e+003  -3.076641e+003  -4.070259e+003  -5.471839e+003  -7.126576e+003  -0.000000e+000  -0.000000e+000  -0.000000e+000  -7.125564e+003  -5.474415e+003  -4.070691e+003  -3.076680e+003  -2.348019e+003  -1.793411e+003  -1.028323e+003  -4.776857e+002  -5.899762e+001  -0.000000e+000  
-0.000000e+000  -8.658997e+001  -3.727115e+002  -7.847706e+002  -1.392822e+003  -1.858282e+003  -2.496598e+003  -3.419895e+003  -5.393950e+003  -0.000000e+000  -0.000000e+000  -0.000000e+000  -0.000000e+000  -0.000000e+000  -5.354540e+003  -3.418612e+003  -2.496181e+003  -1.858118e+003  -1.392747e+003  -7.847417e+002  -3.726987e+002  -8.658588e+001  -0.000000e+000  
-0.000000e+000  -5.314702e+001  -1.680046e+002  -3.459151e+002  -6.304594e+002  -8.643470e+002  -1.199052e+003  -1.700711e+003  -0.000000e+000  -0.000000e+000  -0.000000e+000  -0.000000e+000  -0.000000e+000  -0.000000e+000  -0.000000e+000  -1.700515e+003  -1.198870e+003  -8.642199e+002  -6.303772e+002  -3.458808e+002  -1.679926e+002  -5.314526e+001  -0.000000e+000  
-0.000000e+000  5.315477e+001  1.679931e+002  3.458635e+002  6.303403e+002  8.641796e+002  1.198840e+003  1.700524e+003  -0.000000e+000  -0.000000e+000  -0.000000e+000  -0.000000e+000  -0.000000e+000  -0.000000e+000  -0.000000e+000  1.700514e+003  1.198869e+003  8.642188e+002  6.303760e+002  3.458798e+002  1.679919e+002  5.314492e+001  -0.000000e+000  
-0.000000e+000  8.661797e+001  3.727156e+002  7.847395e+002  1.392732e+003  1.858104e+003  2.496176e+003  3.418626e+003  5.354569e+003  -0.000000e+000  -0.000000e+000  -0.000000e+000  -0.000000e+000  -0.000000e+000  5.354537e+003  3.418610e+003  2.496179e+003  1.858116e+003  1.392746e+003  7.847407e+002  3.726980e+002  8.658551e+001  -0.000000e+000  
-0.000000e+000  5.905657e+001  4.777146e+002  1.028329e+003  1.793406e+003  2.348015e+003  3.076681e+003  4.070702e+003  5.474437e+003  7.125584e+003  -0.000000e+000  -0.000000e+000  -0.000000e+000  7.125556e+003  5.474411e+003  4.070688e+003  3.076677e+003  2.348017e+003  1.793409e+003  1.028322e+003  4.776850e+002  5.899724e+001  -0.000000e+000  
-0.000000e+000  -5.840536e+001  5.497230e+002  1.218299e+003  2.079360e+003  2.663860e+003  3.391820e+003  4.313054e+003  5.476683e+003  6.885015e+003  8.280917e+003  9.874750e+003  8.280899e+003  6.884994e+003  5.476665e+003  4.313043e+003  3.391814e+003  2.663858e+003  2.079358e+003  1.218286e+003  5.496833e+002  -5.851385e+001  -0.000000e+000  
-0.000000e+000  -3.425005e+002  6.066176e+002  1.360145e+003  2.262662e+003  2.836238e+003  3.513674e+003  4.312998e+003  5.234208e+003  6.228207e+003  7.146227e+003  8.162872e+003  7.146216e+003  6.228194e+003  5.234196e+003  4.312990e+003  3.513668e+003  2.836233e+003  2.262657e+003  1.360130e+003  6.065784e+002  -3.427025e+002  -0.000000e+000  
-0.000000e+000  3.536014e+001  7.124082e+002  1.464738e+003  2.364412e+003  2.904746e+003  3.513628e+003  4.191044e+003  4.918927e+003  5.647359e+003  6.284645e+003  6.959293e+003  6.284639e+003  5.647351e+003  4.918920e+003  4.191038e+003  3.513624e+003  2.904742e+003  2.364407e+003  1.464727e+003  7.124038e+002  3.555064e+001  -0.000000e+000  
-0.000000e+000  3.510946e+002  7.993760e+002  1.532491e+003  2.405824e+003  2.904698e+003  3.445038e+003  4.018610e+003  4.603083e+003  5.157637e+003  5.623019e+003  6.093017e+003  5.623015e+003  5.157634e+003  4.603079e+003  4.018607e+003  3.445036e+003  2.904696e+003  2.405820e+003  1.532479e+003  7.993595e+002  3.512548e+002  -0.000000e+000  
-0.000000e+000  9.649063e+002  8.230112e+002  1.581532e+003  2.405722e+003  2.842414e+003  3.292286e+003  3.743588e+003  4.174172e+003  4.556792e+003  4.860935e+003  5.146076e+003  4.860935e+003  4.556792e+003  4.174174e+003  3.743590e+003  3.292289e+003  2.842417e+003  2.405723e+003  1.581516e+003  8.229089e+002  9.651791e+002  -0.000000e+000  
-0.000000e+000  9.804759e+002  1.492469e+003  1.581230e+003  2.339966e+003  2.706609e+003  3.082860e+003  3.459715e+003  3.794100e+003  4.069508e+003  4.275627e+003  4.453704e+003  4.275630e+003  4.069513e+003  3.794107e+003  3.459725e+003  3.082873e+003  2.706626e+003  2.339990e+003  1.581281e+003  1.492630e+003  9.803086e+002  -0.000000e+000  
-0.000000e+000  9.726433e+002  1.937710e+003  2.450130e+003  2.308116e+003  2.532334e+003  2.870979e+003  3.345684e+003  3.649885e+003  3.859333e+003  4.002479e+003  4.117426e+003  4.002484e+003  3.859341e+003  3.649896e+003  3.345698e+003  2.870997e+003  2.532356e+003  2.308144e+003  2.450181e+003  1.937779e+003  9.726200e+002  -0.000000e+000  
-0.000000e+000  9.725494e+002  1.945167e+003  2.925566e+003  3.890930e+003  4.066676e+003  4.084587e+003  3.913624e+003  3.884634e+003  3.914320e+003  3.957739e+003  4.010987e+003  3.957746e+003  3.914330e+003  3.884649e+003  3.913645e+003  4.084615e+003  4.066710e+003  3.890970e+003  2.925613e+003  1.945207e+003  9.725550e+002  -0.000000e+000  
-0.000000e+000  -0.000000e+000  -0.000000e+000  -0.000000e+000  -0.000000e+000  -0.000000e+000  -0.000000e+000  -0.000000e+000  -0.000000e+000  -0.000000e+000  -0.000000e+000  -0.000000e+000  -0.000000e+000  -0.000000e+000  -0.000000e+000  -0.000000e+000  -0.000000e+000  -0.000000e+000  -0.000000e+000  -0.000000e+000  -0.000000e+000  -0.000000e+000  -0.000000e+000  

0.000000e+000  0.000000e+000  0.000000e+000  0.000000e+000  0.000000e+000  0.000000e+000  0.000000e+000  0.000000e+000  0.000000e+000  0.000000e+000  0.000000e+000  0.000000e+000  0.000000e+000  0.000000e+000  0.000000e+000  0.000000e+000  0.000000e+000  0.000000e+000  0.000000e+000  0.000000e+000  0.000000e+000  0.000000e+000  0.000000e+000  
0.000000e+000  0.000000e+000  0.000000e+000  0.000000e+000  0.000000e+000  0.000000e+000  0.000000e+000  0.000000e+000  0.000000e+000  0.000000e+000  0.000000e+000  0.000000e+000  0.000000e+000  0.000000e+000  0.000000e+000  0.000000e+000  0.000000e+000  0.000000e+000  0.000000e+000  0.000000e+000  0.000000e+000  0.000000e+000  0.000000e+000  
0.000000e+000  0.000000e+000  0.000000e+000  0.000000e+000  0.000000e+000  0.000000e+000  0.000000e+000  0.000000e+000  0.000000e+000  0.000000e+000  0.000000e+000  0.000000e+000  0.000000e+000  0.000000e+000  0.000000e+000  0.000000e+000  0.000000e+000  0.000000e+000  0.000000e+000  0.000000e+000  0.000000e+000  0.000000e+000  0.000000e+000  
0.000000e+000  0.000000e+000  0.000000e+000  0.000000e+000  0.000000e+000  0.000000e+000  0.000000e+000  0.000000e+000  0.000000e+000  0.000000e+000  0.000000e+000  0.000000e+000  0.000000e+000  0.000000e+000  0.000000e+000  0.000000e+000  0.000000e+000  0.000000e+000  0.000000e+000  0.000000e+000  0.000000e+000  0.000000e+000  0.000000e+000  
0.000000e+000  0.000000e+000  0.000000e+000  0.000000e+000  0.000000e+000  0.000000e+000  0.000000e+000  0.000000e+000  0.000000e+000  0.000000e+000  0.000000e+000  0.000000e+000  0.000000e+000  0.000000e+000  0.000000e+000  0.000000e+000  0.000000e+000  0.000000e+000  0.000000e+000  0.000000e+000  0.000000e+000  0.000000e+000  0.000000e+000  
0.000000e+000  0.000000e+000  0.000000e+000  0.000000e+000  0.000000e+000  0.000000e+000  0.000000e+000  0.000000e+000  0.000000e+000  0.000000e+000  0.000000e+000  0.000000e+000  0.000000e+000  0.000000e+000  0.000000e+000  0.000000e+000  0.000000e+000  0.000000e+000  0.000000e+000  0.000000e+000  0.000000e+000  0.000000e+000  0.000000e+000  
0.000000e+000  0.000000e+000  0.000000e+000  0.000000e+000  0.000000e+000  0.000000e+000  0.000000e+000  0.000000e+000  0.000000e+000  0.000000e+000  0.000000e+000  0.000000e+000  0.000000e+000  0.000000e+000  0.000000e+000  0.000000e+000  0.000000e+000  0.000000e+000  0.000000e+000  0.000000e+000  0.000000e+000  0.000000e+000  0.000000e+000  
0.000000e+000  0.000000e+000  0.000000e+000  0.000000e+000  0.000000e+000  0.000000e+000  0.000000e+000  0.000000e+000  0.000000e+000  0.000000e+000  0.000000e+000  0.000000e+000  0.000000e+000  0.000000e+000  0.000000e+000  0.000000e+000  0.000000e+000  0.000000e+000  0.000000e+000  0.000000e+000  0.000000e+000  0.000000e+000  0.000000e+000  
0.000000e+000  0.000000e+000  0.000000e+000  0.000000e+000  0.000000e+000  0.000000e+000  0.000000e+000  0.000000e+000  0.000000e+000  0.000000e+000  0.000000e+000  0.000000e+000  0.000000e+000  0.000000e+000  0.000000e+000  0.000000e+000  0.000000e+000  0.000000e+000  0.000000e+000  0.000000e+000  0.000000e+000  0.000000e+000  0.000000e+000  
0.000000e+000  0.000000e+000  0.000000e+000  0.000000e+000  0.000000e+000  0.000000e+000  0.000000e+000  0.000000e+000  0.000000e+000  0.000000e+000  0.000000e+000  0.000000e+000  0.000000e+000  0.000000e+000  0.000000e+000  0.000000e+000  0.000000e+000  0.000000e+000  0.000000e+000  0.000000e+000  0.000000e+000  0.000000e+000  0.000000e+000  
0.000000e+000  0.000000e+000  0.000000e+000  0.000000e+000  0.000000e+000  0.000000e+000  0.000000e+000  0.000000e+000  0.000000e+000  0.000000e+000  0.000000e+000  0.000000e+000  0.000000e+000  0.000000e+000  0.000000e+000  0.000000e+000  0.000000e+000  0.000000e+000  0.000000e+000  0.000000e+000  0.000000e+000  0.000000e+000  0.000000e+000  
0.000000e+000  0.000000e+000  0.000000e+000  0.000000e+000  0.000000e+000  0.000000e+000  0.000000e+000  0.000000e+000  0.000000e+000  0.000000e+000  0.000000e+000  0.000000e+000  0.000000e+000  0.000000e+000  0.000000e+000  0.000000e+000  0.000000e+000  0.000000e+000  0.000000e+000  0.000000e+000  0.000000e+000  0.000000e+000  0.000000e+000  
0.000000e+000  0.000000e+000  0.000000e+000  0.000000e+000  0.000000e+000  0.000000e+000  0.000000e+000  0.000000e+000  0.000000e+000  0.000000e+000  0.000000e+000  0.000000e+000  0.000000e+000  0.000000e+000  0.000000e+000  0.000000e+000  0.000000e+000  0.000000e+000  0.000000e+000  0.000000e+000  0.000000e+000  0.000000e+000  0.000000e+000  
0.000000e+000  0.000000e+000  0.000000e+000  0.000000e+000  0.000000e+000  0.000000e+000  0.000000e+000  0.000000e+000  0.000000e+000  0.000000e+000  0.000000e+000  0.000000e+000  0.000000e+000  0.000000e+000  0.000000e+000  0.000000e+000  0.000000e+000  0.000000e+000  0.000000e+000  0.000000e+000  0.000000e+000  0.000000e+000  0.000000e+000  
0.000000e+000  0.000000e+000  0.000000e+000  0.000000e+000  0.000000e+000  0.000000e+000  0.000000e+000  0.000000e+000  0.000000e+000  0.000000e+000  0.000000e+000  0.000000e+000  0.000000e+000  0.000000e+000  0.000000e+000  0.000000e+000  0.000000e+000  0.000000e+000  0.000000e+000  0.000000e+000  0.000000e+000  0.000000e+000  0.000000e+000  
0.000000e+000  0.000000e+000  0.000000e+000  0.000000e+000  0.000000e+000  0.000000e+000  0.000000e+000  0.000000e+000  0.000000e+000  0.000000e+000  0.000000e+000  0.000000e+000  0.000000e+000  0.000000e+000  0.000000e+000  0.000000e+000  0.000000e+000  0.000000e+000  0.000000e+000  0.000000e+000  0.000000e+000  0.000000e+000  0.000000e+000  
0.000000e+000  0.000000e+000  0.000000e+000  0.000000e+000  0.000000e+000  0.000000e+000  0.000000e+000  0.000000e+000  0.000000e+000  0.000000e+000  0.000000e+000  0.000000e+000  0.000000e+000  0.000000e+000  0.000000e+000  0.000000e+000  0.000000e+000  0.000000e+000  0.000000e+000  0.000000e+000  0.000000e+000  0.000000e+000  0.000000e+000  
0.000000e+000  0.000000e+000  0.000000e+000  0.000000e+000  0.000000e+000  0.000000e+000  0.000000e+000  0.000000e+000  0.000000e+000  0.000000e+000  0.000000e+000  0.000000e+000  0.000000e+000  0.000000e+000  0.000000e+000  0.000000e+000  0.000000e+000  0.000000e+000  0.000000e+000  0.000000e+000  0.000000e+000  0.000000e+000  0.000000e+000  
0.000000e+000  0.000000e+000  0.000000e+000  0.000000e+000  0.000000e+000  0.000000e+000  0.000000e+000  0.000000e+000  0.000000e+000  0.000000e+000  0.000000e+000  0.000000e+000  0.000000e+000  0.000000e+000  0.000000e+000  0.000000e+000  0.000000e+000  0.000000e+000  0.000000e+000  0.000000e+000  0.000000e+000  0.000000e+000  0.000000e+000  
0.000000e+000  0.000000e+000  0.000000e+000  0.000000e+000  0.000000e+000  0.000000e+000  0.000000e+000  0.000000e+000  0.000000e+000  0.000000e+000  0.000000e+000  0.000000e+000  0.000000e+000  0.000000e+000  0.000000e+000  0.000000e+000  0.000000e+000  0.000000e+000  0.000000e+000  0.000000e+000  0.000000e+000  0.000000e+000  0.000000e+000  
0.000000e+000  0.000000e+000  0.000000e+000  0.000000e+000  0.000000e+000  0.000000e+000  0.000000e+000  0.000000e+000  0.000000e+000  0.000000e+000  0.000000e+000  0.000000e+000  0.000000e+000  0.000000e+000  0.000000e+000  0.000000e+000  0.000000e+000  0.000000e+000  0.000000e+000  0.000000e+000  0.000000e+000  0.000000e+000  0.000000e+000  
0.000000e+000  0.000000e+000  0.000000e+000  0.000000e+000  0.000000e+000  0.000000e+000  0.000000e+000  0.000000e+000  0.000000e+000  0.000000e+000  0.000000e+000  0.000000e+000  0.000000e+000  0.000000e+000  0.000000e+000  0.000000e+000  0.000000e+000  0.000000e+000  0.000000e+000  0.000000e+000  0.000000e+000  0.000000e+000  0.000000e+000  
0.000000e+000  0.000000e+000  0.000000e+000  0.000000e+000  0.000000e+000  0.000000e+000  0.000000e+000  0.000000e+000  0.000000e+000  0.000000e+000  0.000000e+000  0.000000e+000  0.000000e+000  0.000000e+000  0.000000e+000  0.000000e+000  0.000000e+000  0.000000e+000  0.000000e+000  0.000000e+000  0.000000e+000  0.000000e+000  0.000000e+000  

0.000000e+000  0.000000e+000  0.000000e+000  0.000000e+000  0.000000e+000  0.000000e+000  0.000000e+000  0.000000e+000  0.000000e+000  0.000000e+000  0.000000e+000  0.000000e+000  0.000000e+000  0.000000e+000  0.000000e+000  0.000000e+000  0.000000e+000  0.000000e+000  0.000000e+000  0.000000e+000  0.000000e+000  0.000000e+000  0.000000e+000  
0.000000e+000  0.000000e+000  0.000000e+000  0.000000e+000  0.000000e+000  0.000000e+000  0.000000e+000  0.000000e+000  0.000000e+000  0.000000e+000  0.000000e+000  0.000000e+000  0.000000e+000  0.000000e+000  0.000000e+000  0.000000e+000  0.000000e+000  0.000000e+000  0.000000e+000  0.000000e+000  0.000000e+000  0.000000e+000  0.000000e+000  
0.000000e+000  0.000000e+000  0.000000e+000  0.000000e+000  0.000000e+000  0.000000e+000  0.000000e+000  0.000000e+000  0.000000e+000  0.000000e+000  0.000000e+000  0.000000e+000  0.000000e+000  0.000000e+000  0.000000e+000  0.000000e+000  0.000000e+000  0.000000e+000  0.000000e+000  0.000000e+000  0.000000e+000  0.000000e+000  0.000000e+000  
0.000000e+000  0.000000e+000  0.000000e+000  0.000000e+000  0.000000e+000  0.000000e+000  0.000000e+000  0.000000e+000  0.000000e+000  0.000000e+000  0.000000e+000  0.000000e+000  0.000000e+000  0.000000e+000  0.000000e+000  0.000000e+000  0.000000e+000  0.000000e+000  0.000000e+000  0.000000e+000  0.000000e+000  0.000000e+000  0.000000e+000  
0.000000e+000  0.000000e+000  0.000000e+000  0.000000e+000  0.000000e+000  0.000000e+000  0.000000e+000  0.000000e+000  0.000000e+000  0.000000e+000  0.000000e+000  0.000000e+000  0.000000e+000  0.000000e+000  0.000000e+000  0.000000e+000  0.000000e+000  0.000000e+000  0.000000e+000  0.000000e+000  0.000000e+000  0.000000e+000  0.000000e+000  
0.000000e+000  0.000000e+000  0.000000e+000  0.000000e+000  0.000000e+000  0.000000e+000  0.000000e+000  0.000000e+000  0.000000e+000  0.000000e+000  0.000000e+000  0.000000e+000  0.000000e+000  0.000000e+000  0.000000e+000  0.000000e+000  0.000000e+000  0.000000e+000  0.000000e+000  0.000000e+000  0.000000e+000  0.000000e+000  0.000000e+000  
0.000000e+000  0.000000e+000  0.000000e+000  0.000000e+000  0.000000e+000  0.000000e+000  0.000000e+000  0.000000e+000  0.000000e+000  0.000000e+000  0.000000e+000  0.000000e+000  0.000000e+000  0.000000e+000  0.000000e+000  0.000000e+000  0.000000e+000  0.000000e+000  0.000000e+000  0.000000e+000  0.000000e+000  0.000000e+000  0.000000e+000  
0.000000e+000  0.000000e+000  0.000000e+000  0.000000e+000  0.000000e+000  0.000000e+000  0.000000e+000  0.000000e+000  0.000000e+000  0.000000e+000  0.000000e+000  0.000000e+000  0.000000e+000  0.000000e+000  0.000000e+000  0.000000e+000  0.000000e+000  0.000000e+000  0.000000e+000  0.000000e+000  0.000000e+000  0.000000e+000  0.000000e+000  
0.000000e+000  0.000000e+000  0.000000e+000  0.000000e+000  0.000000e+000  0.000000e+000  0.000000e+000  0.000000e+000  0.000000e+000  0.000000e+000  0.000000e+000  0.000000e+000  0.000000e+000  0.000000e+000  0.000000e+000  0.000000e+000  0.000000e+000  0.000000e+000  0.000000e+000  0.000000e+000  0.000000e+000  0.000000e+000  0.000000e+000  
0.000000e+000  0.000000e+000  0.000000e+000  0.000000e+000  0.000000e+000  0.000000e+000  0.000000e+000  0.000000e+000  0.000000e+000  0.000000e+000  0.000000e+000  0.000000e+000  0.000000e+000  0.000000e+000  0.000000e+000  0.000000e+000  0.000000e+000  0.000000e+000  0.000000e+000  0.000000e+000  0.000000e+000  0.000000e+000  0.000000e+000  
0.000000e+000  0.000000e+000  0.000000e+000  0.000000e+000  0.000000e+000  0.000000e+000  0.000000e+000  0.000000e+000  0.000000e+000  0.000000e+000  0.000000e+000  0.000000e+000  0.000000e+000  0.000000e+000  0.000000e+000  0.000000e+000  0.000000e+000  0.000000e+000  0.000000e+000  0.000000e+000  0.000000e+000  0.000000e+000  0.000000e+000  
0.000000e+000  0.000000e+000  0.000000e+000  0.000000e+000  0.000000e+000  0.000000e+000  0.000000e+000  0.000000e+000  0.000000e+000  0.000000e+000  0.000000e+000  0.000000e+000  0.000000e+000  0.000000e+000  0.000000e+000  0.000000e+000  0.000000e+000  0.000000e+000  0.000000e+000  0.000000e+000  0.000000e+000  0.000000e+000  0.000000e+000  
0.000000e+000  0.000000e+000  0.000000e+000  0.000000e+000  0.000000e+000  0.000000e+000  0.000000e+000  0.000000e+000  0.000000e+000  0.000000e+000  0.000000e+000  0.000000e+000  0.000000e+000  0.000000e+000  0.000000e+000  0.000000e+000  0.000000e+000  0.000000e+000  0.000000e+000  0.000000e+000  0.000000e+000  0.000000e+000  0.000000e+000  
0.000000e+000  0.000000e+000  0.000000e+000  0.000000e+000  0.000000e+000  0.000000e+000  0.000000e+000  0.000000e+000  0.000000e+000  0.000000e+000  0.000000e+000  0.000000e+000  0.000000e+000  0.000000e+000  0.000000e+000  0.000000e+000  0.000000e+000  0.000000e+000  0.000000e+000  0.000000e+000  0.000000e+000  0.000000e+000  0.000000e+000  
0.000000e+000  0.000000e+000  0.000000e+000  0.000000e+000  0.000000e+000  0.000000e+000  0.000000e+000  0.000000e+000  0.000000e+000  0.000000e+000  0.000000e+000  0.000000e+000  0.000000e+000  0.000000e+000  0.000000e+000  0.000000e+000  0.000000e+000  0.000000e+000  0.000000e+000  0.000000e+000  0.000000e+000  0.000000e+000  0.000000e+000  
0.000000e+000  0.000000e+000  0.000000e+000  0.000000e+000  0.000000e+000  0.000000e+000  0.000000e+000  0.000000e+000  0.000000e+000  0.000000e+000  0.000000e+000  0.000000e+000  0.000000e+000  0.000000e+000  0.000000e+000  0.000000e+000  0.000000e+000  0.000000e+000  0.000000e+000  0.000000e+000  0.000000e+000  0.000000e+000  0.000000e+000  
0.000000e+000  0.000000e+000  0.000000e+000  0.000000e+000  0.000000e+000  0.000000e+000  0.000000e+000  0.000000e+000  0.000000e+000  0.000000e+000  0.000000e+000  0.000000e+000  0.000000e+000  0.000000e+000  0.000000e+000  0.000000e+000  0.000000e+000  0.000000e+000  0.000000e+000  0.000000e+000  0.000000e+000  0.000000e+000  0.000000e+000  
0.000000e+000  0.000000e+000  0.000000e+000  0.000000e+000  0.000000e+000  0.000000e+000  0.000000e+000  0.000000e+000  0.000000e+000  0.000000e+000  0.000000e+000  0.000000e+000  0.000000e+000  0.000000e+000  0.000000e+000  0.000000e+000  0.000000e+000  0.000000e+000  0.000000e+000  0.000000e+000  0.000000e+000  0.000000e+000  0.000000e+000  
0.000000e+000  0.000000e+000  0.000000e+000  0.000000e+000  0.000000e+000  0.000000e+000  0.000000e+000  0.000000e+000  0.000000e+000  0.000000e+000  0.000000e+000  0.000000e+000  0.000000e+000  0.000000e+000  0.000000e+000  0.000000e+000  0.000000e+000  0.000000e+000  0.000000e+000  0.000000e+000  0.000000e+000  0.000000e+000  0.000000e+000  
0.000000e+000  0.000000e+000  0.000000e+000  0.000000e+000  0.000000e+000  0.000000e+000  0.000000e+000  0.000000e+000  0.000000e+000  0.000000e+000  0.000000e+000  0.000000e+000  0.000000e+000  0.000000e+000  0.000000e+000  0.000000e+000  0.000000e+000  0.000000e+000  0.000000e+000  0.000000e+000  0.000000e+000  0.000000e+000  0.000000e+000  
0.000000e+000  0.000000e+000  0.000000e+000  0.000000e+000  0.000000e+000  0.000000e+000  0.000000e+000  0.000000e+000  0.000000e+000  0.000000e+000  0.000000e+000  0.000000e+000  0.000000e+000  0.000000e+000  0.000000e+000  0.000000e+000  0.000000e+000  0.000000e+000  0.000000e+000  0.000000e+000  0.000000e+000  0.000000e+000  0.000000e+000  
0.000000e+000  0.000000e+000  0.000000e+000  0.000000e+000  0.000000e+000  0.000000e+000  0.000000e+000  0.000000e+000  0.000000e+000  0.000000e+000  0.000000e+000  0.000000e+000  0.000000e+000  0.000000e+000  0.000000e+000  0.000000e+000  0.000000e+000  0.000000e+000  0.000000e+000  0.000000e+000  0.000000e+000  0.000000e+000  0.000000e+000  
0.000000e+000  0.000000e+000  0.000000e+000  0.000000e+000  0.000000e+000  0.000000e+000  0.000000e+000  0.000000e+000  0.000000e+000  0.000000e+000  0.000000e+000  0.000000e+000  0.000000e+000  0.000000e+000  0.000000e+000  0.000000e+000  0.000000e+000  0.000000e+000  0.000000e+000  0.000000e+000  0.000000e+000  0.000000e+000  0.000000e+000  

0.000000e+000  0.000000e+000  0.000000e+000  0.000000e+000  0.000000e+000  0.000000e+000  0.000000e+000  0.000000e+000  0.000000e+000  0.000000e+000  0.000000e+000  0.000000e+000  0.000000e+000  0.000000e+000  0.000000e+000  0.000000e+000  0.000000e+000  0.000000e+000  0.000000e+000  0.000000e+000  0.000000e+000  0.000000e+000  0.000000e+000  
0.000000e+000  0.000000e+000  0.000000e+000  0.000000e+000  0.000000e+000  0.000000e+000  0.000000e+000  0.000000e+000  0.000000e+000  0.000000e+000  0.000000e+000  0.000000e+000  0.000000e+000  0.000000e+000  0.000000e+000  0.000000e+000  0.000000e+000  0.000000e+000  0.000000e+000  0.000000e+000  0.000000e+000  0.000000e+000  0.000000e+000  
0.000000e+000  0.000000e+000  0.000000e+000  0.000000e+000  0.000000e+000  0.000000e+000  0.000000e+000  0.000000e+000  0.000000e+000  0.000000e+000  0.000000e+000  0.000000e+000  0.000000e+000  0.000000e+000  0.000000e+000  0.000000e+000  0.000000e+000  0.000000e+000  0.000000e+000  0.000000e+000  0.000000e+000  0.000000e+000  0.000000e+000  
0.000000e+000  0.000000e+000  0.000000e+000  0.000000e+000  0.000000e+000  0.000000e+000  0.000000e+000  0.000000e+000  0.000000e+000  0.000000e+000  0.000000e+000  0.000000e+000  0.000000e+000  0.000000e+000  0.000000e+000  0.000000e+000  0.000000e+000  0.000000e+000  0.000000e+000  0.000000e+000  0.000000e+000  0.000000e+000  0.000000e+000  
0.000000e+000  0.000000e+000  0.000000e+000  0.000000e+000  0.000000e+000  0.000000e+000  0.000000e+000  0.000000e+000  0.000000e+000  0.000000e+000  0.000000e+000  0.000000e+000  0.000000e+000  0.000000e+000  0.000000e+000  0.000000e+000  0.000000e+000  0.000000e+000  0.000000e+000  0.000000e+000  0.000000e+000  0.000000e+000  0.000000e+000  
0.000000e+000  0.000000e+000  0.000000e+000  0.000000e+000  0.000000e+000  0.000000e+000  0.000000e+000  0.000000e+000  0.000000e+000  0.000000e+000  0.000000e+000  0.000000e+000  0.000000e+000  0.000000e+000  0.000000e+000  0.000000e+000  0.000000e+000  0.000000e+000  0.000000e+000  0.000000e+000  0.000000e+000  0.000000e+000  0.000000e+000  
0.000000e+000  0.000000e+000  0.000000e+000  0.000000e+000  0.000000e+000  0.000000e+000  0.000000e+000  0.000000e+000  0.000000e+000  0.000000e+000  0.000000e+000  0.000000e+000  0.000000e+000  0.000000e+000  0.000000e+000  0.000000e+000  0.000000e+000  0.000000e+000  0.000000e+000  0.000000e+000  0.000000e+000  0.000000e+000  0.000000e+000  
0.000000e+000  0.000000e+000  0.000000e+000  0.000000e+000  0.000000e+000  0.000000e+000  0.000000e+000  0.000000e+000  0.000000e+000  0.000000e+000  0.000000e+000  0.000000e+000  0.000000e+000  0.000000e+000  0.000000e+000  0.000000e+000  0.000000e+000  0.000000e+000  0.000000e+000  0.000000e+000  0.000000e+000  0.000000e+000  0.000000e+000  
0.000000e+000  0.000000e+000  0.000000e+000  0.000000e+000  0.000000e+000  0.000000e+000  0.000000e+000  0.000000e+000  0.000000e+000  0.000000e+000  0.000000e+000  0.000000e+000  0.000000e+000  0.000000e+000  0.000000e+000  0.000000e+000  0.000000e+000  0.000000e+000  0.000000e+000  0.000000e+000  0.000000e+000  0.000000e+000  0.000000e+000  
0.000000e+000  0.000000e+000  0.000000e+000  0.000000e+000  0.000000e+000  0.000000e+000  0.000000e+000  0.000000e+000  0.000000e+000  0.000000e+000  0.000000e+000  0.000000e+000  0.000000e+000  0.000000e+000  0.000000e+000  0.000000e+000  0.000000e+000  0.000000e+000  0.000000e+000  0.000000e+000  0.000000e+000  0.000000e+000  0.000000e+000  
0.000000e+000  0.000000e+000  0.000000e+000  0.000000e+000  0.000000e+000  0.000000e+000  0.000000e+000  0.000000e+000  0.000000e+000  0.000000e+000  0.000000e+000  0.000000e+000  0.000000e+000  0.000000e+000  0.000000e+000  0.000000e+000  0.000000e+000  0.000000e+000  0.000000e+000  0.000000e+000  0.000000e+000  0.000000e+000  0.000000e+000  
0.000000e+000  0.000000e+000  0.000000e+000  0.000000e+000  0.000000e+000  0.000000e+000  0.000000e+000  0.000000e+000  0.000000e+000  0.000000e+000  0.000000e+000  0.000000e+000  0.000000e+000  0.000000e+000  0.000000e+000  0.000000e+000  0.000000e+000  0.000000e+000  0.000000e+000  0.000000e+000  0.000000e+000  0.000000e+000  0.000000e+000  
0.000000e+000  0.000000e+000  0.000000e+000  0.000000e+000  0.000000e+000  0.000000e+000  0.000000e+000  0.000000e+000  0.000000e+000  0.000000e+000  0.000000e+000  0.000000e+000  0.000000e+000  0.000000e+000  0.000000e+000  0.000000e+000  0.000000e+000  0.000000e+000  0.000000e+000  0.000000e+000  0.000000e+000  0.000000e+000  0.000000e+000  
0.000000e+000  0.000000e+000  0.000000e+000  0.000000e+000  0.000000e+000  0.000000e+000  0.000000e+000  0.000000e+000  0.000000e+000  0.000000e+000  0.000000e+000  0.000000e+000  0.000000e+000  0.000000e+000  0.000000e+000  0.000000e+000  0.000000e+000  0.000000e+000  0.000000e+000  0.000000e+000  0.000000e+000  0.000000e+000  0.000000e+000  
0.000000e+000  0.000000e+000  0.000000e+000  0.000000e+000  0.000000e+000  0.000000e+000  0.000000e+000  0.000000e+000  0.000000e+000  0.000000e+000  0.000000e+000  0.000000e+000  0.000000e+000  0.000000e+000  0.000000e+000  0.000000e+000  0.000000e+000  0.000000e+000  0.000000e+000  0.000000e+000  0.000000e+000  0.000000e+000  0.000000e+000  
0.000000e+000  0.000000e+000  0.000000e+000  0.000000e+000  0.000000e+000  0.000000e+000  0.000000e+000  0.000000e+000  0.000000e+000  0.000000e+000  0.000000e+000  0.000000e+000  0.000000e+000  0.000000e+000  0.000000e+000  0.000000e+000  0.000000e+000  0.000000e+000  0.000000e+000  0.000000e+000  0.000000e+000  0.000000e+000  0.000000e+000  
0.000000e+000  0.000000e+000  0.000000e+000  0.000000e+000  0.000000e+000  0.000000e+000  0.000000e+000  0.000000e+000  0.000000e+000  0.000000e+000  0.000000e+000  0.000000e+000  0.000000e+000  0.000000e+000  0.000000e+000  0.000000e+000  0.000000e+000  0.000000e+000  0.000000e+000  0.000000e+000  0.000000e+000  0.000000e+000  0.000000e+000  
0.000000e+000  0.000000e+000  0.000000e+000  0.000000e+000  0.000000e+000  0.000000e+000  0.000000e+000  0.000000e+000  0.000000e+000  0.000000e+000  0.000000e+000  0.000000e+000  0.000000e+000  0.000000e+000  0.000000e+000  0.000000e+000  0.000000e+000  0.000000e+000  0.000000e+000  0.000000e+000  0.000000e+000  0.000000e+000  0.000000e+000  
0.000000e+000  0.000000e+000  0.000000e+000  0.000000e+000  0.000000e+000  0.000000e+000  0.000000e+000  0.000000e+000  0.000000e+000  0.000000e+000  0.000000e+000  0.000000e+000  0.000000e+000  0.000000e+000  0.000000e+000  0.000000e+000  0.000000e+000  0.000000e+000  0.000000e+000  0.000000e+000  0.000000e+000  0.000000e+000  0.000000e+000  
0.000000e+000  0.000000e+000  0.000000e+000  0.000000e+000  0.000000e+000  0.000000e+000  0.000000e+000  0.000000e+000  0.000000e+000  0.000000e+000  0.000000e+000  0.000000e+000  0.000000e+000  0.000000e+000  0.000000e+000  0.000000e+000  0.000000e+000  0.000000e+000  0.000000e+000  0.000000e+000  0.000000e+000  0.000000e+000  0.000000e+000  
0.000000e+000  0.000000e+000  0.000000e+000  0.000000e+000  0.000000e+000  0.000000e+000  0.000000e+000  0.000000e+000  0.000000e+000  0.000000e+000  0.000000e+000  0.000000e+000  0.000000e+000  0.000000e+000  0.000000e+000  0.000000e+000  0.000000e+000  0.000000e+000  0.000000e+000  0.000000e+000  0.000000e+000  0.000000e+000  0.000000e+000  
0.000000e+000  0.000000e+000  0.000000e+000  0.000000e+000  0.000000e+000  0.000000e+000  0.000000e+000  0.000000e+000  0.000000e+000  0.000000e+000  0.000000e+000  0.000000e+000  0.000000e+000  0.000000e+000  0.000000e+000  0.000000e+000  0.000000e+000  0.000000e+000  0.000000e+000  0.000000e+000  0.000000e+000  0.000000e+000  0.000000e+000  
0.000000e+000  0.000000e+000  0.000000e+000  0.000000e+000  0.000000e+000  0.000000e+000  0.000000e+000  0.000000e+000  0.000000e+000  0.000000e+000  0.000000e+000  0.000000e+000  0.000000e+000  0.000000e+000  0.000000e+000  0.000000e+000  0.000000e+000  0.000000e+000  0.000000e+000  0.000000e+000  0.000000e+000  0.000000e+000  0.000000e+000  

-0.000000e+000  -0.000000e+000  -0.000000e+000  -0.000000e+000  -0.000000e+000  -0.000000e+000  -0.000000e+000  -0.000000e+000  -0.000000e+000  -0.000000e+000  -0.000000e+000  -0.000000e+000  -0.000000e+000  -0.000000e+000  -0.000000e+000  -0.000000e+000  -0.000000e+000  -0.000000e+000  -0.000000e+000  -0.000000e+000  -0.000000e+000  -0.000000e+000  -0.000000e+000  
-0.000000e+000  6.774798e+000  1.354950e+001  2.056147e+001  2.766784e+001  2.583950e+001  2.139222e+001  1.385726e+001  9.533261e+000  6.987128e+000  5.492564e+000  4.536924e+000  5.492874e+000  6.987590e+000  9.533876e+000  1.385804e+001  2.139318e+001  2.584061e+001  2.766904e+001  2.056263e+001  1.355038e+001  6.774939e+000  -0.000000e+000  
-0.000000e+000  1.355082e+001  2.686397e+001  3.186812e+001  2.485642e+001  2.172055e+001  1.836927e+001  1.487053e+001  1.195493e+001  9.767892e+000  8.273744e+000  7.162199e+000  8.274371e+000  9.768816e+000  1.195613e+001  1.487198e+001  1.837095e+001  2.172241e+001  2.485846e+001  3.187048e+001  2.686623e+001  1.355050e+001  -0.000000e+000  
-0.000000e+000  2.056679e+001  3.186561e+001  2.646253e+001  2.105808e+001  1.846292e+001  1.593599e+001  1.355104e+001  1.146220e+001  9.776979e+000  8.552485e+000  7.563668e+000  8.553475e+000  9.778442e+000  1.146409e+001  1.355328e+001  1.593850e+001  1.846564e+001  2.106099e+001  2.646597e+001  3.187080e+001  2.056309e+001  -0.000000e+000  
-0.000000e+000  2.766987e+001  2.485639e+001  2.105797e+001  1.697400e+001  1.493213e+001  1.293457e+001  1.104696e+001  9.354804e+000  7.943056e+000  6.884227e+000  5.986419e+000  6.885637e+000  7.945236e+000  9.357692e+000  1.105033e+001  1.293816e+001  1.493576e+001  1.697757e+001  2.106130e+001  2.485933e+001  2.767041e+001  -0.000000e+000  
-0.000000e+000  2.584197e+001  2.172101e+001  1.846268e+001  1.493176e+001  1.310020e+001  1.126886e+001  9.501707e+000  7.880448e+000  6.496678e+000  5.440141e+000  4.523881e+000  5.441695e+000  6.499312e+000  7.884174e+000  9.506017e+000  1.127328e+001  1.310444e+001  1.493572e+001  1.846601e+001  2.172358e+001  2.584299e+001  -0.000000e+000  
-0.000000e+000  2.139607e+001  1.836992e+001  1.593549e+001  1.293353e+001  1.126801e+001  9.538936e+000  7.810526e+000  6.168578e+000  4.723045e+000  3.597102e+000  2.602809e+000  3.598597e+000  4.726123e+000  6.173649e+000  7.816260e+000  9.544447e+000  1.127297e+001  1.293791e+001  1.593884e+001  1.837230e+001  2.139723e+001  -0.000000e+000  
-0.000000e+000  1.385917e+001  1.487083e+001  1.355012e+001  1.104497e+001  9.499325e+000  7.808321e+000  6.032860e+000  4.260273e+000  2.629807e+000  1.334854e+000  1.842100e-001  1.335735e+000  2.632919e+000  4.268019e+000  6.040902e+000  7.815252e+000  9.505053e+000  1.104971e+001  1.355349e+001  1.487310e+001  1.386029e+001  -0.000000e+000  
-0.000000e+000  9.534103e+000  1.195479e+001  1.146082e+001  9.351754e+000  7.875971e+000  6.162138e+000  4.252300e+000  2.209834e+000  2.010471e-001  -0.000000e+000  -0.000000e+000  -0.000000e+000  2.017895e-001  2.224594e+000  4.264059e+000  6.170581e+000  7.882253e+000  9.356642e+000  1.146413e+001  1.195696e+001  9.535188e+000  -0.000000e+000  
-0.000000e+000  6.987363e+000  9.767370e+000  9.775262e+000  7.939340e+000  6.490644e+000  4.711940e+000  2.604355e+000  1.257087e-001  -0.000000e+000  -0.000000e+000  -0.000000e+000  -0.000000e+000  -0.000000e+000  1.645012e-001  2.620146e+000  4.720741e+000  6.496709e+000  7.943980e+000  9.778409e+000  9.769440e+000  6.988405e+000  -0.000000e+000  
-0.000000e+000  5.492440e+000  8.272951e+000  8.550626e+000  6.880724e+000  5.435306e+000  3.590607e+000  1.327462e+000  -0.000000e+000  -0.000000e+000  -0.000000e+000  -0.000000e+000  -0.000000e+000  -0.000000e+000  -0.000000e+000  1.331275e+000  3.595514e+000  5.439843e+000  6.884663e+000  8.553503e+000  8.274902e+000  5.493444e+000  -0.000000e+000  
-0.000000e+000  4.536489e+000  7.161164e+000  7.561959e+000  5.984359e+000  4.522423e+000  2.603250e+000  1.893983e-001  -0.000000e+000  -0.000000e+000  -0.000000e+000  -0.000000e+000  -0.000000e+000  -0.000000e+000  -0.000000e+000  1.895458e-001  2.604761e+000  4.524586e+000  5.986763e+000  7.564193e+000  7.162890e+000  4.537461e+000  -0.000000e+000  
-0.000000e+000  5.492296e+000  8.273167e+000  8.551592e+000  6.882949e+000  5.438433e+000  3.594573e+000  1.330958e+000  -0.000000e+000  -0.000000e+000  -0.000000e+000  -0.000000e+000  -0.000000e+000  -0.000000e+000  -0.000000e+000  1.331284e+000  3.595533e+000  5.439865e+000  6.884686e+000  8.553522e+000  8.274915e+000  5.493451e+000  -0.000000e+000  
-0.000000e+000  6.986958e+000  9.767548e+000  9.776518e+000  7.942405e+000  6.495431e+000  4.719850e+000  2.619700e+000  1.644728e-001  -0.000000e+000  -0.000000e+000  -0.000000e+000  -0.000000e+000  -0.000000e+000  1.645039e-001  2.620173e+000  4.720778e+000  6.496748e+000  7.944017e+000  9.778439e+000  9.769460e+000  6.988416e+000  -0.000000e+000  
-0.000000e+000  9.533191e+000  1.195480e+001  1.146219e+001  9.355115e+000  7.881016e+000  6.169680e+000  4.263511e+000  2.224362e+000  2.017750e-001  -0.000000e+000  -0.000000e+000  -0.000000e+000  2.017954e-001  2.224636e+000  4.264116e+000  6.170642e+000  7.882311e+000  9.356696e+000  1.146417e+001  1.195699e+001  9.535202e+000  -0.000000e+000  
-0.000000e+000  1.385729e+001  1.487058e+001  1.355143e+001  1.104817e+001  9.503814e+000  7.814326e+000  6.040287e+000  4.267683e+000  2.632798e+000  1.335736e+000  1.842510e-001  1.335819e+000  2.633019e+000  4.268123e+000  6.041002e+000  7.815343e+000  9.505134e+000  1.104978e+001  1.355354e+001  1.487314e+001  1.386031e+001  -0.000000e+000  
-0.000000e+000  2.139234e+001  1.836942e+001  1.593666e+001  1.293634e+001  1.127171e+001  9.543498e+000  7.815609e+000  6.173273e+000  4.725988e+000  3.598671e+000  2.603307e+000  3.598857e+000  4.726330e+000  6.173821e+000  7.816405e+000  9.544571e+000  1.127308e+001  1.293800e+001  1.593890e+001  1.837234e+001  2.139725e+001  -0.000000e+000  
-0.000000e+000  2.583989e+001  2.172066e+001  1.846373e+001  1.493412e+001  1.310317e+001  1.127231e+001  9.505354e+000  7.883791e+000  6.499195e+000  5.441840e+000  4.524627e+000  5.442086e+000  6.499608e+000  7.884406e+000  9.506204e+000  1.127343e+001  1.310457e+001  1.493582e+001  1.846608e+001  2.172363e+001  2.584302e+001  -0.000000e+000  
-0.000000e+000  2.766880e+001  2.485626e+001  2.105891e+001  1.697594e+001  1.493448e+001  1.293720e+001  1.104967e+001  9.357319e+000  7.945141e+000  6.885826e+000  5.987264e+000  6.886105e+000  7.945591e+000  9.357966e+000  1.105055e+001  1.293833e+001  1.493590e+001  1.697768e+001  2.106138e+001  2.485938e+001  2.767044e+001  -0.000000e+000  
-0.000000e+000  2.056658e+001  3.186583e+001  2.646330e+001  2.105939e+001  1.846442e+001  1.593761e+001  1.355268e+001  1.146375e+001  9.778370e+000  8.553666e+000  7.564427e+000  8.553946e+000  9.778812e+000  1.146438e+001  1.355351e+001  1.593869e+001  1.846579e+001  2.106112e+001  2.646606e+001  3.187085e+001  2.056312e+001  -0.000000e+000  
-0.000000e+000  1.355086e+001  2.686426e+001  3.186874e+001  2.485729e+001  2.172150e+001  1.837027e+001  1.487152e+001  1.195587e+001  9.768757e+000  8.274508e+000  7.162739e+000  8.274731e+000  9.769107e+000  1.195637e+001  1.487217e+001  1.837111e+001  2.172255e+001  2.485857e+001  3.187055e+001  2.686628e+001  1.355052e+001  -0.000000e+000  
-0.000000e+000  6.774848e+000  1.354967e+001  2.056182e+001  2.766837e+001  2.584006e+001  2.139277e+001  1.385777e+001  9.533727e+000  6.987552e+000  5.492942e+000  4.537201e+000  5.493067e+000  6.987750e+000  9.534009e+000  1.385815e+001  2.139328e+001  2.584070e+001  2.766912e+001  2.056268e+001  1.355041e+001  6.774951e+000  -0.000000e+000  
-0.000000e+000  -0.000000e+000  -0.000000e+000  -0.000000e+000  -0.000000e+000  -0.000000e+000  -0.000000e+000  -0.000000e+000  -0.000000e+000  -0.000000e+000  -0.000000e+000  -0.000000e+000  -0.000000e+000  -0.000000e+000  -0.000000e+000  -0.000000e+000  -0.000000e+000  -0.000000e+000  -0.000000e+000  -0.000000e+000  -0.000000e+000  -0.000000e+000  -0.000000e+000  

