Port monitor named: Port2_h1[2.5].prt

nx        = 92
ny        = 30
nz        = 33

nu        = 5
nv        = 5
iu        = 15
iv        = 76

idir      = 1
dcut      = 2.505000e-002
icut      = 25
type      = 1
frequency = 2.500000e+009

fcutoff   = 0.000000e+000
alpha     = 0.000000e+000
beta      = 7.339620e+001
accuracy  = 7.626233e-015

type          = TEM
wave imp.     = 2.655697e+002
wave imp.sig. = 1.253379e-003
line imp.     = 5.425678e+001

ref. port     = 0

-0.000000e+000  7.883697e+000  1.576976e+001  7.883697e+000  -0.000000e+000  
-0.000000e+000  7.885000e+000  3.154076e+001  7.885000e+000  -0.000000e+000  
-0.000000e+000  -7.885000e+000  -3.154076e+001  -7.885000e+000  -0.000000e+000  
-0.000000e+000  -7.883697e+000  -1.576976e+001  -7.883697e+000  -0.000000e+000  
-0.000000e+000  -0.000000e+000  -0.000000e+000  -0.000000e+000  -0.000000e+000  

-0.000000e+000  -0.000000e+000  -0.000000e+000  -0.000000e+000  -0.000000e+000  
-7.883692e+000  -7.885000e+000  7.884997e+000  7.883686e+000  -0.000000e+000  
-1.576976e+001  -3.154075e+001  3.154075e+001  1.576976e+001  -0.000000e+000  
-7.883692e+000  -7.885000e+000  7.884999e+000  7.883690e+000  -0.000000e+000  
-0.000000e+000  -0.000000e+000  -0.000000e+000  -0.000000e+000  -0.000000e+000  

0.000000e+000  0.000000e+000  0.000000e+000  0.000000e+000  0.000000e+000  
0.000000e+000  0.000000e+000  0.000000e+000  0.000000e+000  0.000000e+000  
0.000000e+000  0.000000e+000  0.000000e+000  0.000000e+000  0.000000e+000  
0.000000e+000  0.000000e+000  0.000000e+000  0.000000e+000  0.000000e+000  
0.000000e+000  0.000000e+000  0.000000e+000  0.000000e+000  0.000000e+000  

0.000000e+000  0.000000e+000  0.000000e+000  0.000000e+000  0.000000e+000  
0.000000e+000  0.000000e+000  0.000000e+000  0.000000e+000  0.000000e+000  
0.000000e+000  0.000000e+000  0.000000e+000  0.000000e+000  0.000000e+000  
0.000000e+000  0.000000e+000  0.000000e+000  0.000000e+000  0.000000e+000  
0.000000e+000  0.000000e+000  0.000000e+000  0.000000e+000  0.000000e+000  

0.000000e+000  0.000000e+000  0.000000e+000  0.000000e+000  0.000000e+000  
0.000000e+000  0.000000e+000  0.000000e+000  0.000000e+000  0.000000e+000  
0.000000e+000  0.000000e+000  0.000000e+000  0.000000e+000  0.000000e+000  
0.000000e+000  0.000000e+000  0.000000e+000  0.000000e+000  0.000000e+000  
0.000000e+000  0.000000e+000  0.000000e+000  0.000000e+000  0.000000e+000  

6.881277e-005  1.412158e-002  -1.416130e-002  -1.447018e-004  -0.000000e+000  
-1.413870e-002  -4.875810e-006  4.859246e-006  1.417101e-002  -0.000000e+000  
1.413681e-002  4.926811e-006  1.459189e-005  -1.411185e-002  -0.000000e+000  
-7.246928e-005  -1.412701e-002  1.414845e-002  9.566433e-005  -0.000000e+000  
-0.000000e+000  -0.000000e+000  -0.000000e+000  -0.000000e+000  -0.000000e+000  

