Port monitor named: Port1_h1[2.5].prt

nx        = 92
ny        = 30
nz        = 33

nu        = 5
nv        = 5
iu        = 15
iv        = 13

idir      = 1
dcut      = 2.505000e-002
icut      = 25
type      = 1
frequency = 2.500000e+009

fcutoff   = 0.000000e+000
alpha     = 0.000000e+000
beta      = 7.339637e+001
accuracy  = 5.492818e-015

type          = TEM
wave imp.     = 2.655703e+002
wave imp.sig. = 7.622208e-006
line imp.     = 5.425739e+001

ref. port     = 0

0.000000e+000  7.883706e+000  1.576978e+001  7.883706e+000  0.000000e+000  
0.000000e+000  7.885009e+000  3.154079e+001  7.885009e+000  0.000000e+000  
0.000000e+000  -7.885009e+000  -3.154079e+001  -7.885009e+000  0.000000e+000  
0.000000e+000  -7.883706e+000  -1.576978e+001  -7.883706e+000  0.000000e+000  
0.000000e+000  0.000000e+000  0.000000e+000  0.000000e+000  0.000000e+000  

0.000000e+000  0.000000e+000  0.000000e+000  0.000000e+000  0.000000e+000  
-7.883700e+000  -7.885008e+000  7.885008e+000  7.883700e+000  0.000000e+000  
-1.576978e+001  -3.154079e+001  3.154079e+001  1.576978e+001  0.000000e+000  
-7.883700e+000  -7.885008e+000  7.885008e+000  7.883700e+000  0.000000e+000  
0.000000e+000  0.000000e+000  0.000000e+000  0.000000e+000  0.000000e+000  

0.000000e+000  0.000000e+000  0.000000e+000  0.000000e+000  0.000000e+000  
0.000000e+000  0.000000e+000  0.000000e+000  0.000000e+000  0.000000e+000  
0.000000e+000  0.000000e+000  0.000000e+000  0.000000e+000  0.000000e+000  
0.000000e+000  0.000000e+000  0.000000e+000  0.000000e+000  0.000000e+000  
0.000000e+000  0.000000e+000  0.000000e+000  0.000000e+000  0.000000e+000  

0.000000e+000  0.000000e+000  0.000000e+000  0.000000e+000  0.000000e+000  
0.000000e+000  0.000000e+000  0.000000e+000  0.000000e+000  0.000000e+000  
0.000000e+000  0.000000e+000  0.000000e+000  0.000000e+000  0.000000e+000  
0.000000e+000  0.000000e+000  0.000000e+000  0.000000e+000  0.000000e+000  
0.000000e+000  0.000000e+000  0.000000e+000  0.000000e+000  0.000000e+000  

0.000000e+000  0.000000e+000  0.000000e+000  0.000000e+000  0.000000e+000  
0.000000e+000  0.000000e+000  0.000000e+000  0.000000e+000  0.000000e+000  
0.000000e+000  0.000000e+000  0.000000e+000  0.000000e+000  0.000000e+000  
0.000000e+000  0.000000e+000  0.000000e+000  0.000000e+000  0.000000e+000  
0.000000e+000  0.000000e+000  0.000000e+000  0.000000e+000  0.000000e+000  

7.734336e-005  1.413477e-002  -1.413483e-002  -7.738382e-005  0.000000e+000  
-1.413482e-002  -5.133003e-008  -1.601186e-008  1.413480e-002  0.000000e+000  
1.413482e-002  5.117097e-008  1.585196e-008  -1.413480e-002  0.000000e+000  
-7.734352e-005  -1.413477e-002  1.413483e-002  7.738366e-005  0.000000e+000  
0.000000e+000  0.000000e+000  0.000000e+000  0.000000e+000  0.000000e+000  

