Port monitor named: Port2_e1[2.5].prt

nx        = 92
ny        = 30
nz        = 33

nu        = 5
nv        = 5
iu        = 15
iv        = 76

idir      = 1
dcut      = 2.505000e-002
icut      = 25
type      = 0
frequency = 2.500000e+009

fcutoff   = 0.000000e+000
alpha     = 0.000000e+000
beta      = 7.339620e+001
accuracy  = 7.626233e-015

type          = TEM
wave imp.     = 2.655697e+002
wave imp.sig. = 1.253379e-003
line imp.     = 5.425678e+001

ref. port     = 0

-0.000000e+000  -0.000000e+000  -0.000000e+000  -0.000000e+000  -0.000000e+000  
-2.242828e+003  -2.044332e+003  2.044192e+003  2.242966e+003  -0.000000e+000  
-4.287421e+003  -8.376304e+003  8.376235e+003  4.287446e+003  -0.000000e+000  
-2.242821e+003  -2.044313e+003  2.044306e+003  2.242827e+003  -0.000000e+000  
-0.000000e+000  -0.000000e+000  -0.000000e+000  -0.000000e+000  -0.000000e+000  

-0.000000e+000  -2.242829e+003  -4.287448e+003  -2.242969e+003  -0.000000e+000  
-0.000000e+000  -2.044306e+003  -8.376236e+003  -2.044192e+003  -0.000000e+000  
-0.000000e+000  2.044313e+003  8.376305e+003  2.044332e+003  -0.000000e+000  
-0.000000e+000  2.242823e+003  4.287422e+003  2.242829e+003  -0.000000e+000  
-0.000000e+000  -0.000000e+000  -0.000000e+000  -0.000000e+000  -0.000000e+000  

0.000000e+000  0.000000e+000  0.000000e+000  0.000000e+000  0.000000e+000  
0.000000e+000  0.000000e+000  0.000000e+000  0.000000e+000  0.000000e+000  
0.000000e+000  0.000000e+000  0.000000e+000  0.000000e+000  0.000000e+000  
0.000000e+000  0.000000e+000  0.000000e+000  0.000000e+000  0.000000e+000  
0.000000e+000  0.000000e+000  0.000000e+000  0.000000e+000  0.000000e+000  

0.000000e+000  0.000000e+000  0.000000e+000  0.000000e+000  0.000000e+000  
0.000000e+000  0.000000e+000  0.000000e+000  0.000000e+000  0.000000e+000  
0.000000e+000  0.000000e+000  0.000000e+000  0.000000e+000  0.000000e+000  
0.000000e+000  0.000000e+000  0.000000e+000  0.000000e+000  0.000000e+000  
0.000000e+000  0.000000e+000  0.000000e+000  0.000000e+000  0.000000e+000  

0.000000e+000  0.000000e+000  0.000000e+000  0.000000e+000  0.000000e+000  
0.000000e+000  0.000000e+000  0.000000e+000  0.000000e+000  0.000000e+000  
0.000000e+000  0.000000e+000  0.000000e+000  0.000000e+000  0.000000e+000  
0.000000e+000  0.000000e+000  0.000000e+000  0.000000e+000  0.000000e+000  
0.000000e+000  0.000000e+000  0.000000e+000  0.000000e+000  0.000000e+000  

-0.000000e+000  -0.000000e+000  -0.000000e+000  -0.000000e+000  -0.000000e+000  
-0.000000e+000  9.255873e+000  3.497488e+000  9.266414e+000  -0.000000e+000  
-0.000000e+000  3.495532e+000  -0.000000e+000  3.497487e+000  -0.000000e+000  
-0.000000e+000  9.255358e+000  3.495518e+000  9.255869e+000  -0.000000e+000  
-0.000000e+000  -0.000000e+000  -0.000000e+000  -0.000000e+000  -0.000000e+000  

