Port monitor named: Port1_e1[2.5].prt

nx        = 81
ny        = 33
nz        = 40

nu        = 5
nv        = 5
iu        = 16
iv        = 12

idir      = 1
dcut      = 2.525000e-002
icut      = 28
type      = 0
frequency = 2.500000e+009

fcutoff   = 0.000000e+000
alpha     = 0.000000e+000
beta      = 7.339884e+001
accuracy  = 6.895527e-015

type          = TEM
wave imp.     = 2.655795e+002
wave imp.sig. = 1.897574e-003
line imp.     = 5.425747e+001

ref. port     = 0

-0.000000e+000  -0.000000e+000  -0.000000e+000  -0.000000e+000  -0.000000e+000  
-2.242248e+003  -2.044618e+003  2.044618e+003  2.242248e+003  -0.000000e+000  
-4.287125e+003  -8.376725e+003  8.376725e+003  4.287125e+003  -0.000000e+000  
-2.242091e+003  -2.044720e+003  2.044720e+003  2.242091e+003  -0.000000e+000  
-0.000000e+000  -0.000000e+000  -0.000000e+000  -0.000000e+000  -0.000000e+000  

-0.000000e+000  -2.242248e+003  -4.287152e+003  -2.242248e+003  -0.000000e+000  
-0.000000e+000  -2.044590e+003  -8.376651e+003  -2.044590e+003  -0.000000e+000  
-0.000000e+000  2.044748e+003  8.376800e+003  2.044748e+003  -0.000000e+000  
-0.000000e+000  2.242093e+003  4.287098e+003  2.242093e+003  -0.000000e+000  
-0.000000e+000  -0.000000e+000  -0.000000e+000  -0.000000e+000  -0.000000e+000  

0.000000e+000  0.000000e+000  0.000000e+000  0.000000e+000  0.000000e+000  
0.000000e+000  0.000000e+000  0.000000e+000  0.000000e+000  0.000000e+000  
0.000000e+000  0.000000e+000  0.000000e+000  0.000000e+000  0.000000e+000  
0.000000e+000  0.000000e+000  0.000000e+000  0.000000e+000  0.000000e+000  
0.000000e+000  0.000000e+000  0.000000e+000  0.000000e+000  0.000000e+000  

0.000000e+000  0.000000e+000  0.000000e+000  0.000000e+000  0.000000e+000  
0.000000e+000  0.000000e+000  0.000000e+000  0.000000e+000  0.000000e+000  
0.000000e+000  0.000000e+000  0.000000e+000  0.000000e+000  0.000000e+000  
0.000000e+000  0.000000e+000  0.000000e+000  0.000000e+000  0.000000e+000  
0.000000e+000  0.000000e+000  0.000000e+000  0.000000e+000  0.000000e+000  

0.000000e+000  0.000000e+000  0.000000e+000  0.000000e+000  0.000000e+000  
0.000000e+000  0.000000e+000  0.000000e+000  0.000000e+000  0.000000e+000  
0.000000e+000  0.000000e+000  0.000000e+000  0.000000e+000  0.000000e+000  
0.000000e+000  0.000000e+000  0.000000e+000  0.000000e+000  0.000000e+000  
0.000000e+000  0.000000e+000  0.000000e+000  0.000000e+000  0.000000e+000  

-0.000000e+000  -0.000000e+000  -0.000000e+000  -0.000000e+000  -0.000000e+000  
-0.000000e+000  9.215174e+000  3.481118e+000  9.215171e+000  -0.000000e+000  
-0.000000e+000  3.479024e+000  -0.000000e+000  3.479009e+000  -0.000000e+000  
-0.000000e+000  9.203336e+000  3.476915e+000  9.203332e+000  -0.000000e+000  
-0.000000e+000  -0.000000e+000  -0.000000e+000  -0.000000e+000  -0.000000e+000  

