Unknown:
C:\Users\ShifT\OneDrive\PhD\CAD\POP_cavity\Copper_pipe_64x137mm\Result\3d.slm
C:\Users\ShifT\OneDrive\PhD\CAD\POP_cavity\Copper_pipe_64x137mm\Result\MCalc.ddi
C:\Users\ShifT\OneDrive\PhD\CAD\POP_cavity\Copper_pipe_64x137mm\Result\MCalc.log
C:\Users\ShifT\OneDrive\PhD\CAD\POP_cavity\Copper_pipe_64x137mm\Result\Model.axg
C:\Users\ShifT\OneDrive\PhD\CAD\POP_cavity\Copper_pipe_64x137mm\Result\Model.ddi
C:\Users\ShifT\OneDrive\PhD\CAD\POP_cavity\Copper_pipe_64x137mm\Result\Model.inf
C:\Users\ShifT\OneDrive\PhD\CAD\POP_cavity\Copper_pipe_64x137mm\Result\Model.log
C:\Users\ShifT\OneDrive\PhD\CAD\POP_cavity\Copper_pipe_64x137mm\Result\Model.sa
C:\Users\ShifT\OneDrive\PhD\CAD\POP_cavity\Copper_pipe_64x137mm\Result\m^fifx.dsc
C:\Users\ShifT\OneDrive\PhD\CAD\POP_cavity\Copper_pipe_64x137mm\Result\m^fqq.dsc
C:\Users\ShifT\OneDrive\PhD\CAD\POP_cavity\Copper_pipe_64x137mm\Result\Postprocessing.log
C:\Users\ShifT\OneDrive\PhD\CAD\POP_cavity\Copper_pipe_64x137mm\Result\p^a.dsc
Mesh:
C:\Users\ShifT\OneDrive\PhD\CAD\POP_cavity\Copper_pipe_64x137mm\Result\dA.mat
C:\Users\ShifT\OneDrive\PhD\CAD\POP_cavity\Copper_pipe_64x137mm\Result\dad.mat
C:\Users\ShifT\OneDrive\PhD\CAD\POP_cavity\Copper_pipe_64x137mm\Result\ds.mat
C:\Users\ShifT\OneDrive\PhD\CAD\POP_cavity\Copper_pipe_64x137mm\Result\dsd.mat
C:\Users\ShifT\OneDrive\PhD\CAD\POP_cavity\Copper_pipe_64x137mm\Result\dsMCalc.mat
C:\Users\ShifT\OneDrive\PhD\CAD\POP_cavity\Copper_pipe_64x137mm\Result\Eps.mat
C:\Users\ShifT\OneDrive\PhD\CAD\POP_cavity\Copper_pipe_64x137mm\Result\HexMatrix_MCalc.m2h
C:\Users\ShifT\OneDrive\PhD\CAD\POP_cavity\Copper_pipe_64x137mm\Result\MCalc.fmp
C:\Users\ShifT\OneDrive\PhD\CAD\POP_cavity\Copper_pipe_64x137mm\Result\mesher_shapes.fsi
C:\Users\ShifT\OneDrive\PhD\CAD\POP_cavity\Copper_pipe_64x137mm\Result\Meta.m2h
C:\Users\ShifT\OneDrive\PhD\CAD\POP_cavity\Copper_pipe_64x137mm\Result\Meta.mat
C:\Users\ShifT\OneDrive\PhD\CAD\POP_cavity\Copper_pipe_64x137mm\Result\Model.fmf
C:\Users\ShifT\OneDrive\PhD\CAD\POP_cavity\Copper_pipe_64x137mm\Result\Model.fmm
C:\Users\ShifT\OneDrive\PhD\CAD\POP_cavity\Copper_pipe_64x137mm\Result\Model.fpc
C:\Users\ShifT\OneDrive\PhD\CAD\POP_cavity\Copper_pipe_64x137mm\Result\Model.fwf
C:\Users\ShifT\OneDrive\PhD\CAD\POP_cavity\Copper_pipe_64x137mm\Result\Model.mss
C:\Users\ShifT\OneDrive\PhD\CAD\POP_cavity\Copper_pipe_64x137mm\Result\Model.ntr
C:\Users\ShifT\OneDrive\PhD\CAD\POP_cavity\Copper_pipe_64x137mm\Result\Model.sic
C:\Users\ShifT\OneDrive\PhD\CAD\POP_cavity\Copper_pipe_64x137mm\Result\Model.spi
C:\Users\ShifT\OneDrive\PhD\CAD\POP_cavity\Copper_pipe_64x137mm\Result\Model^PEC.fpf
C:\Users\ShifT\OneDrive\PhD\CAD\POP_cavity\Copper_pipe_64x137mm\Result\Mue.mat
C:\Users\ShifT\OneDrive\PhD\CAD\POP_cavity\Copper_pipe_64x137mm\Result\m^fifx.mem
C:\Users\ShifT\OneDrive\PhD\CAD\POP_cavity\Copper_pipe_64x137mm\Result\m^fqq.mem
C:\Users\ShifT\OneDrive\PhD\CAD\POP_cavity\Copper_pipe_64x137mm\Result\PEC.mat
C:\Users\ShifT\OneDrive\PhD\CAD\POP_cavity\Copper_pipe_64x137mm\Result\p^a.mem
C:\Users\ShifT\OneDrive\PhD\CAD\POP_cavity\Copper_pipe_64x137mm\Result\p^m.mem
C:\Users\ShifT\OneDrive\PhD\CAD\POP_cavity\Copper_pipe_64x137mm\Result\Rho.mat
C:\Users\ShifT\OneDrive\PhD\CAD\POP_cavity\Copper_pipe_64x137mm\Result\S2HMatrix.m2h
