Port monitor named: Port2_e1.prt

nx        = 25
ny        = 4
nz        = 25

nu        = 23
nv        = 23
iu        = 2
iv        = 2

idir      = 1
dcut      = 2.527855e-002
icut      = 3
type      = 0
frequency = 2.350000e+009

fcutoff   = 0.000000e+000
alpha     = 0.000000e+000
beta      = 6.822007e+001
accuracy  = 2.660349e-012

type          = QTEM
wave imp.     = 2.634302e+002
wave imp.sig. = 6.235114e-003
line imp.     = 5.425588e+001

ref. port     = 0

-0.000000e+000  -0.000000e+000  -0.000000e+000  -0.000000e+000  -0.000000e+000  -0.000000e+000  -0.000000e+000  -0.000000e+000  -0.000000e+000  -0.000000e+000  -0.000000e+000  -0.000000e+000  -0.000000e+000  -0.000000e+000  -0.000000e+000  -0.000000e+000  -0.000000e+000  -0.000000e+000  -0.000000e+000  -0.000000e+000  -0.000000e+000  -0.000000e+000  -0.000000e+000  
-9.726185e+002  -9.726399e+002  -9.803339e+002  -9.651771e+002  -3.511799e+002  -3.540218e+001  3.424825e+002  5.837380e+001  -5.909558e+001  -8.665779e+001  -5.318395e+001  5.316737e+001  8.664150e+001  5.907926e+001  -5.839090e+001  -3.425022e+002  3.538682e+001  3.511694e+002  9.651792e+002  9.803485e+002  9.726800e+002  9.726260e+002  -0.000000e+000  
-1.945359e+003  -1.937751e+003  -1.492684e+003  -8.229350e+002  -7.993890e+002  -7.124519e+002  -6.066835e+002  -5.498104e+002  -4.778192e+002  -3.728271e+002  -1.680868e+002  1.680533e+002  3.727953e+002  4.777896e+002  5.497835e+002  6.066596e+002  7.124313e+002  7.993706e+002  8.229179e+002  1.492690e+003  1.937889e+003  1.945341e+003  -0.000000e+000  
-2.925994e+003  -2.449814e+003  -1.581411e+003  -1.581575e+003  -1.532548e+003  -1.464819e+003  -1.360261e+003  -1.218461e+003  -1.028541e+003  -7.849976e+002  -3.461410e+002  3.460881e+002  7.849470e+002  1.028496e+003  1.218423e+003  1.360233e+003  1.464797e+003  1.532528e+003  1.581547e+003  1.581317e+003  2.450290e+003  2.925796e+003  -0.000000e+000  
-3.891168e+003  -2.308047e+003  -2.339977e+003  -2.405733e+003  -2.405865e+003  -2.364488e+003  -2.262793e+003  -2.079575e+003  -1.793749e+003  -1.393269e+003  -6.312785e+002  6.312031e+002  1.393186e+003  1.793673e+003  2.079524e+003  2.262769e+003  2.364484e+003  2.405872e+003  2.405746e+003  2.339998e+003  2.308175e+003  3.891196e+003  -0.000000e+000  
-4.066908e+003  -2.532241e+003  -2.706566e+003  -2.842394e+003  -2.904711e+003  -2.904791e+003  -2.836332e+003  -2.664038e+003  -2.348325e+003  -1.858668e+003  -8.662801e+002  8.661970e+002  1.858553e+003  2.348208e+003  2.663976e+003  2.836321e+003  2.904810e+003  2.904742e+003  2.842428e+003  2.706607e+003  2.532324e+003  4.066962e+003  -0.000000e+000  
-4.084850e+003  -2.870795e+003  -3.082771e+003  -3.292231e+003  -3.445014e+003  -3.513625e+003  -3.513699e+003  -3.391913e+003  -3.076838e+003  -2.495999e+003  -1.203602e+003  1.203522e+003  2.495829e+003  3.076624e+003  3.391842e+003  3.513723e+003  3.513684e+003  3.445078e+003  3.292286e+003  3.082823e+003  2.870861e+003  4.084912e+003  -0.000000e+000  
-3.913727e+003  -3.345558e+003  -3.459597e+003  -3.743497e+003  -4.018552e+003  -4.190985e+003  -4.312916e+003  -4.313067e+003  -4.071105e+003  -3.414082e+003  -1.711904e+003  1.711857e+003  3.413843e+003  4.070609e+003  4.313036e+003  4.313035e+003  4.191115e+003  4.018659e+003  3.743571e+003  3.459656e+003  3.345620e+003  3.913788e+003  -0.000000e+000  
-3.884636e+003  -3.649760e+003  -3.793949e+003  -4.174043e+003  -4.603015e+003  -4.918837e+003  -5.233900e+003  -5.476324e+003  -5.480423e+003  -5.239110e+003  -0.000000e+000  -0.000000e+000  5.238366e+003  5.478922e+003  5.476646e+003  5.234256e+003  4.919069e+003  4.603165e+003  4.174128e+003  3.794010e+003  3.649819e+003  3.884694e+003  -0.000000e+000  
-3.914252e+003  -3.859185e+003  -4.069314e+003  -4.556610e+003  -5.157626e+003  -5.647435e+003  -6.227510e+003  -6.877888e+003  -7.147725e+003  -0.000000e+000  -0.000000e+000  -0.000000e+000  -0.000000e+000  7.095501e+003  6.880353e+003  6.228260e+003  5.647728e+003  5.157779e+003  4.556690e+003  4.069371e+003  3.859240e+003  3.914308e+003  -0.000000e+000  
-3.957625e+003  -4.002301e+003  -4.275375e+003  -4.860650e+003  -5.623089e+003  -6.285750e+003  -7.150800e+003  -8.296920e+003  -0.000000e+000  -0.000000e+000  -0.000000e+000  -0.000000e+000  -0.000000e+000  -0.000000e+000  8.296078e+003  7.150683e+003  6.285790e+003  5.623154e+003  4.860707e+003  4.275425e+003  4.002352e+003  3.957679e+003  -0.000000e+000  
-4.010829e+003  -4.117202e+003  -4.453312e+003  -5.145206e+003  -6.090869e+003  -6.955159e+003  -8.154111e+003  -9.854709e+003  -0.000000e+000  -0.000000e+000  -0.000000e+000  -0.000000e+000  -0.000000e+000  -0.000000e+000  9.854461e+003  8.153966e+003  6.955089e+003  6.090843e+003  5.145216e+003  4.453339e+003  4.117243e+003  4.010881e+003  -0.000000e+000  
-3.957617e+003  -4.002321e+003  -4.275415e+003  -4.860718e+003  -5.623186e+003  -6.285840e+003  -7.150750e+003  -8.296148e+003  -0.000000e+000  -0.000000e+000  -0.000000e+000  -0.000000e+000  -0.000000e+000  -0.000000e+000  8.296077e+003  7.150682e+003  6.285789e+003  5.623154e+003  4.860707e+003  4.275425e+003  4.002352e+003  3.957679e+003  -0.000000e+000  
-3.914231e+003  -3.859217e+003  -4.069371e+003  -4.556707e+003  -5.157810e+003  -5.647769e+003  -6.228307e+003  -6.880398e+003  -7.095539e+003  -0.000000e+000  -0.000000e+000  -0.000000e+000  -0.000000e+000  7.095497e+003  6.880351e+003  6.228259e+003  5.647728e+003  5.157779e+003  4.556691e+003  4.069372e+003  3.859241e+003  3.914309e+003  -0.000000e+000  
-3.884587e+003  -3.649810e+003  -3.794021e+003  -4.174150e+003  -4.603196e+003  -4.919105e+003  -5.234294e+003  -5.476680e+003  -5.478945e+003  -5.238381e+003  -0.000000e+000  -0.000000e+000  5.238361e+003  5.478918e+003  5.476644e+003  5.234256e+003  4.919070e+003  4.603165e+003  4.174128e+003  3.794011e+003  3.649819e+003  3.884695e+003  -0.000000e+000  
-3.913627e+003  -3.345646e+003  -3.459681e+003  -3.743599e+003  -4.018690e+003  -4.191148e+003  -4.313069e+003  -4.313066e+003  -4.070632e+003  -3.413856e+003  -1.711859e+003  1.711855e+003  3.413841e+003  4.070609e+003  4.313037e+003  4.313036e+003  4.191116e+003  4.018660e+003  3.743572e+003  3.459657e+003  3.345621e+003  3.913789e+003  -0.000000e+000  
-4.084651e+003  -2.870968e+003  -3.082861e+003  -3.292319e+003  -3.445111e+003  -3.513717e+003  -3.513755e+003  -3.391872e+003  -3.076650e+003  -2.495852e+003  -1.203545e+003  1.203535e+003  2.495835e+003  3.076628e+003  3.391845e+003  3.513725e+003  3.513686e+003  3.445079e+003  3.292288e+003  3.082824e+003  2.870862e+003  4.084914e+003  -0.000000e+000  
-4.066796e+003  -2.532334e+003  -2.706641e+003  -2.842464e+003  -2.904776e+003  -2.904843e+003  -2.836353e+003  -2.664006e+003  -2.348237e+003  -1.858581e+003  -8.662292e+002  8.662160e+002  1.858563e+003  2.348215e+003  2.663981e+003  2.836325e+003  2.904813e+003  2.904744e+003  2.842430e+003  2.706608e+003  2.532325e+003  4.066964e+003  -0.000000e+000  
-3.891111e+003  -2.308097e+003  -2.340034e+003  -2.405787e+003  -2.405909e+003  -2.364519e+003  -2.262801e+003  -2.079555e+003  -1.793703e+003  -1.393217e+003  -6.312382e+002  6.312233e+002  1.393198e+003  1.793682e+003  2.079530e+003  2.262773e+003  2.364488e+003  2.405875e+003  2.405748e+003  2.339999e+003  2.308176e+003  3.891198e+003  -0.000000e+000  
-2.925983e+003  -2.449837e+003  -1.581440e+003  -1.581604e+003  -1.532569e+003  -1.464832e+003  -1.360264e+003  -1.218452e+003  -1.028523e+003  -7.849752e+002  -3.461185e+002  3.461035e+002  7.849579e+002  1.028504e+003  1.218430e+003  1.360238e+003  1.464801e+003  1.532531e+003  1.581549e+003  1.581319e+003  2.450291e+003  2.925798e+003  -0.000000e+000  
-1.945361e+003  -1.937764e+003  -1.492702e+003  -8.229480e+002  -7.993979e+002  -7.124566e+002  -6.066832e+002  -5.498056e+002  -4.778107e+002  -3.728163e+002  -1.680749e+002  1.680629e+002  3.728027e+002  4.777955e+002  5.497882e+002  6.066633e+002  7.124342e+002  7.993730e+002  8.229195e+002  1.492691e+003  1.937890e+003  1.945343e+003  -0.000000e+000  
-9.726212e+002  -9.726464e+002  -9.803435e+002  -9.651868e+002  -3.511830e+002  -3.540152e+001  3.424873e+002  5.837801e+001  -5.909106e+001  -8.665282e+001  -5.317861e+001  5.317192e+001  8.664506e+001  5.908210e+001  -5.838885e+001  -3.425011e+002  3.538816e+001  3.511708e+002  9.651808e+002  9.803496e+002  9.726808e+002  9.726267e+002  -0.000000e+000  
-0.000000e+000  -0.000000e+000  -0.000000e+000  -0.000000e+000  -0.000000e+000  -0.000000e+000  -0.000000e+000  -0.000000e+000  -0.000000e+000  -0.000000e+000  -0.000000e+000  -0.000000e+000  -0.000000e+000  -0.000000e+000  -0.000000e+000  -0.000000e+000  -0.000000e+000  -0.000000e+000  -0.000000e+000  -0.000000e+000  -0.000000e+000  -0.000000e+000  -0.000000e+000  

-0.000000e+000  -9.726185e+002  -1.945290e+003  -2.925719e+003  -3.891083e+003  -4.066810e+003  -4.084692e+003  -3.913688e+003  -3.884671e+003  -3.914339e+003  -3.957748e+003  -4.010991e+003  -3.957764e+003  -3.914363e+003  -3.884704e+003  -3.913730e+003  -4.084743e+003  -4.066869e+003  -3.891147e+003  -2.925781e+003  -1.945338e+003  -9.726260e+002  -0.000000e+000  
-0.000000e+000  -9.727087e+002  -1.937819e+003  -2.450235e+003  -2.308172e+003  -2.532373e+003  -2.871005e+003  -3.345699e+003  -3.649890e+003  -3.859330e+003  -4.002470e+003  -4.117417e+003  -4.002487e+003  -3.859354e+003  -3.649921e+003  -3.345736e+003  -2.871043e+003  -2.532414e+003  -2.308217e+003  -2.450300e+003  -1.937893e+003  -9.726838e+002  -0.000000e+000  
-0.000000e+000  -9.805404e+002  -1.492537e+003  -1.581264e+003  -2.339976e+003  -2.706605e+003  -3.082845e+003  -3.459691e+003  -3.794069e+003  -4.069475e+003  -4.275594e+003  -4.453676e+003  -4.275613e+003  -4.069504e+003  -3.794106e+003  -3.459733e+003  -3.082890e+003  -2.706651e+003  -2.340023e+003  -1.581322e+003  -1.492695e+003  -9.803598e+002  -0.000000e+000  
-0.000000e+000  -9.649867e+002  -8.230413e+002  -1.581536e+003  -2.405693e+003  -2.842367e+003  -3.292224e+003  -3.743515e+003  -4.174097e+003  -4.556724e+003  -4.860877e+003  -5.146030e+003  -4.860899e+003  -4.556762e+003  -4.174151e+003  -3.743575e+003  -3.292282e+003  -2.842416e+003  -2.405729e+003  -1.581530e+003  -8.229207e+002  -9.652135e+002  -0.000000e+000  
-0.000000e+000  -3.512052e+002  -7.994010e+002  -1.532480e+003  -2.405771e+003  -2.904617e+003  -3.444927e+003  -4.018478e+003  -4.602953e+003  -5.157542e+003  -5.622952e+003  -6.092965e+003  -5.622968e+003  -5.157591e+003  -4.603043e+003  -4.018579e+003  -3.445015e+003  -2.904682e+003  -2.405813e+003  -1.532479e+003  -7.993611e+002  -3.512572e+002  -0.000000e+000  
-0.000000e+000  -3.552428e+001  -7.124179e+002  -1.464718e+003  -2.364349e+003  -2.904645e+003  -3.513479e+003  -4.190850e+003  -4.918732e+003  -5.647252e+003  -6.284589e+003  -6.959241e+003  -6.284583e+003  -5.647300e+003  -4.918876e+003  -4.191003e+003  -3.513596e+003  -2.904722e+003  -2.364394e+003  -1.464721e+003  -7.123990e+002  -3.553887e+001  -0.000000e+000  
-0.000000e+000  3.427217e+002  -6.065813e+002  -1.360119e+003  -2.262601e+003  -2.836127e+003  -3.513483e+003  -4.312700e+003  -5.233858e+003  -6.228130e+003  -7.146216e+003  -8.162824e+003  -7.146151e+003  -6.228133e+003  -5.234145e+003  -4.312948e+003  -3.513636e+003  -2.836209e+003  -2.262639e+003  -1.360121e+003  -6.065694e+002  3.427253e+002  -0.000000e+000  
-0.000000e+000  5.852284e+001  -5.496843e+002  -1.218281e+003  -2.079322e+003  -2.663772e+003  -3.391617e+003  -4.312599e+003  -5.475855e+003  -6.885175e+003  -8.281012e+003  -9.874706e+003  -8.280818e+003  -6.884922e+003  -5.476607e+003  -4.312997e+003  -3.391779e+003  -2.663832e+003  -2.079339e+003  -1.218275e+003  -5.496739e+002  5.852713e+001  -0.000000e+000  
-0.000000e+000  -5.899363e+001  -4.776884e+002  -1.028329e+003  -1.793417e+003  -2.348015e+003  -3.076605e+003  -4.070211e+003  -5.471774e+003  -7.126490e+003  -0.000000e+000  -0.000000e+000  -0.000000e+000  -7.125479e+003  -5.474349e+003  -4.070643e+003  -3.076644e+003  -2.347992e+003  -1.793391e+003  -1.028311e+003  -4.776769e+002  -5.898913e+001  -0.000000e+000  
-0.000000e+000  -8.658468e+001  -3.727047e+002  -7.847610e+002  -1.392806e+003  -1.858260e+003  -2.496568e+003  -3.419854e+003  -5.393886e+003  -0.000000e+000  -0.000000e+000  -0.000000e+000  -0.000000e+000  -0.000000e+000  -5.354476e+003  -3.418571e+003  -2.496151e+003  -1.858096e+003  -1.392731e+003  -7.847321e+002  -3.726919e+002  -8.658059e+001  -0.000000e+000  
-0.000000e+000  -5.314513e+001  -1.680016e+002  -3.459106e+002  -6.304516e+002  -8.643364e+002  -1.199037e+003  -1.700691e+003  -0.000000e+000  -0.000000e+000  -0.000000e+000  -0.000000e+000  -0.000000e+000  -0.000000e+000  -0.000000e+000  -1.700494e+003  -1.198856e+003  -8.642093e+002  -6.303694e+002  -3.458763e+002  -1.679896e+002  -5.314338e+001  -0.000000e+000  
-0.000000e+000  5.315288e+001  1.679901e+002  3.458590e+002  6.303326e+002  8.641690e+002  1.198825e+003  1.700503e+003  -0.000000e+000  -0.000000e+000  -0.000000e+000  -0.000000e+000  -0.000000e+000  -0.000000e+000  -0.000000e+000  1.700494e+003  1.198855e+003  8.642082e+002  6.303683e+002  3.458753e+002  1.679890e+002  5.314303e+001  -0.000000e+000  
-0.000000e+000  8.661267e+001  3.727089e+002  7.847299e+002  1.392716e+003  1.858082e+003  2.496146e+003  3.418585e+003  5.354505e+003  -0.000000e+000  -0.000000e+000  -0.000000e+000  -0.000000e+000  -0.000000e+000  5.354473e+003  3.418569e+003  2.496149e+003  1.858094e+003  1.392729e+003  7.847311e+002  3.726912e+002  8.658022e+001  -0.000000e+000  
-0.000000e+000  5.904808e+001  4.777057e+002  1.028317e+003  1.793386e+003  2.347988e+003  3.076645e+003  4.070654e+003  5.474371e+003  7.125499e+003  -0.000000e+000  -0.000000e+000  -0.000000e+000  7.125471e+003  5.474345e+003  4.070640e+003  3.076641e+003  2.347990e+003  1.793389e+003  1.028310e+003  4.776762e+002  5.898874e+001  -0.000000e+000  
-0.000000e+000  -5.841906e+001  5.497129e+002  1.218287e+003  2.079339e+003  2.663832e+003  3.391782e+003  4.313005e+003  5.476618e+003  6.884933e+003  8.280818e+003  9.874634e+003  8.280800e+003  6.884912e+003  5.476601e+003  4.312993e+003  3.391776e+003  2.663829e+003  2.079337e+003  1.218274e+003  5.496732e+002  -5.852756e+001  -0.000000e+000  
-0.000000e+000  -3.425238e+002  6.066080e+002  1.360134e+003  2.262643e+003  2.836211e+003  3.513638e+003  4.312952e+003  5.234149e+003  6.228135e+003  7.146143e+003  8.162776e+003  7.146132e+003  6.228122e+003  5.234138e+003  4.312943e+003  3.513632e+003  2.836207e+003  2.262638e+003  1.360120e+003  6.065687e+002  -3.427258e+002  -0.000000e+000  
-0.000000e+000  3.534797e+001  7.124028e+002  1.464732e+003  2.364397e+003  2.904724e+003  3.513598e+003  4.191004e+003  4.918877e+003  5.647298e+003  6.284576e+003  6.959214e+003  6.284569e+003  5.647290e+003  4.918870e+003  4.190999e+003  3.513593e+003  2.904720e+003  2.364392e+003  1.464720e+003  7.123984e+002  3.553848e+001  -0.000000e+000  
-0.000000e+000  3.510968e+002  7.993771e+002  1.532491e+003  2.405816e+003  2.904683e+003  3.445015e+003  4.018578e+003  4.603043e+003  5.157589e+003  5.622963e+003  6.092955e+003  5.622960e+003  5.157585e+003  4.603039e+003  4.018576e+003  3.445013e+003  2.904681e+003  2.405812e+003  1.532479e+003  7.993607e+002  3.512570e+002  -0.000000e+000  
-0.000000e+000  9.649408e+002  8.230227e+002  1.581545e+003  2.405728e+003  2.842413e+003  3.292278e+003  3.743572e+003  4.174149e+003  4.556761e+003  4.860899e+003  5.146034e+003  4.860899e+003  4.556762e+003  4.174150e+003  3.743575e+003  3.292281e+003  2.842416e+003  2.405729e+003  1.581529e+003  8.229205e+002  9.652136e+002  -0.000000e+000  
-0.000000e+000  9.805275e+002  1.492534e+003  1.581272e+003  2.340000e+003  2.706635e+003  3.082879e+003  3.459726e+003  3.794102e+003  4.069503e+003  4.275616e+003  4.453688e+003  4.275619e+003  4.069508e+003  3.794109e+003  3.459736e+003  3.082891e+003  2.706652e+003  2.340024e+003  1.581323e+003  1.492695e+003  9.803602e+002  -0.000000e+000  
-0.000000e+000  9.727077e+002  1.937826e+003  2.450250e+003  2.308190e+003  2.532394e+003  2.871029e+003  3.345726e+003  3.649915e+003  3.859353e+003  4.002491e+003  4.117432e+003  4.002496e+003  3.859362e+003  3.649927e+003  3.345740e+003  2.871046e+003  2.532416e+003  2.308218e+003  2.450301e+003  1.937894e+003  9.726844e+002  -0.000000e+000  
-0.000000e+000  9.726212e+002  1.945299e+003  2.925738e+003  3.891111e+003  4.066840e+003  4.084722e+003  3.913716e+003  3.884696e+003  3.914362e+003  3.957768e+003  4.011006e+003  3.957775e+003  3.914372e+003  3.884711e+003  3.913736e+003  4.084749e+003  4.066874e+003  3.891151e+003  2.925784e+003  1.945339e+003  9.726267e+002  -0.000000e+000  
-0.000000e+000  -0.000000e+000  -0.000000e+000  -0.000000e+000  -0.000000e+000  -0.000000e+000  -0.000000e+000  -0.000000e+000  -0.000000e+000  -0.000000e+000  -0.000000e+000  -0.000000e+000  -0.000000e+000  -0.000000e+000  -0.000000e+000  -0.000000e+000  -0.000000e+000  -0.000000e+000  -0.000000e+000  -0.000000e+000  -0.000000e+000  -0.000000e+000  -0.000000e+000  

0.000000e+000  0.000000e+000  0.000000e+000  0.000000e+000  0.000000e+000  0.000000e+000  0.000000e+000  0.000000e+000  0.000000e+000  0.000000e+000  0.000000e+000  0.000000e+000  0.000000e+000  0.000000e+000  0.000000e+000  0.000000e+000  0.000000e+000  0.000000e+000  0.000000e+000  0.000000e+000  0.000000e+000  0.000000e+000  0.000000e+000  
0.000000e+000  0.000000e+000  0.000000e+000  0.000000e+000  0.000000e+000  0.000000e+000  0.000000e+000  0.000000e+000  0.000000e+000  0.000000e+000  0.000000e+000  0.000000e+000  0.000000e+000  0.000000e+000  0.000000e+000  0.000000e+000  0.000000e+000  0.000000e+000  0.000000e+000  0.000000e+000  0.000000e+000  0.000000e+000  0.000000e+000  
0.000000e+000  0.000000e+000  0.000000e+000  0.000000e+000  0.000000e+000  0.000000e+000  0.000000e+000  0.000000e+000  0.000000e+000  0.000000e+000  0.000000e+000  0.000000e+000  0.000000e+000  0.000000e+000  0.000000e+000  0.000000e+000  0.000000e+000  0.000000e+000  0.000000e+000  0.000000e+000  0.000000e+000  0.000000e+000  0.000000e+000  
0.000000e+000  0.000000e+000  0.000000e+000  0.000000e+000  0.000000e+000  0.000000e+000  0.000000e+000  0.000000e+000  0.000000e+000  0.000000e+000  0.000000e+000  0.000000e+000  0.000000e+000  0.000000e+000  0.000000e+000  0.000000e+000  0.000000e+000  0.000000e+000  0.000000e+000  0.000000e+000  0.000000e+000  0.000000e+000  0.000000e+000  
0.000000e+000  0.000000e+000  0.000000e+000  0.000000e+000  0.000000e+000  0.000000e+000  0.000000e+000  0.000000e+000  0.000000e+000  0.000000e+000  0.000000e+000  0.000000e+000  0.000000e+000  0.000000e+000  0.000000e+000  0.000000e+000  0.000000e+000  0.000000e+000  0.000000e+000  0.000000e+000  0.000000e+000  0.000000e+000  0.000000e+000  
0.000000e+000  0.000000e+000  0.000000e+000  0.000000e+000  0.000000e+000  0.000000e+000  0.000000e+000  0.000000e+000  0.000000e+000  0.000000e+000  0.000000e+000  0.000000e+000  0.000000e+000  0.000000e+000  0.000000e+000  0.000000e+000  0.000000e+000  0.000000e+000  0.000000e+000  0.000000e+000  0.000000e+000  0.000000e+000  0.000000e+000  
0.000000e+000  0.000000e+000  0.000000e+000  0.000000e+000  0.000000e+000  0.000000e+000  0.000000e+000  0.000000e+000  0.000000e+000  0.000000e+000  0.000000e+000  0.000000e+000  0.000000e+000  0.000000e+000  0.000000e+000  0.000000e+000  0.000000e+000  0.000000e+000  0.000000e+000  0.000000e+000  0.000000e+000  0.000000e+000  0.000000e+000  
0.000000e+000  0.000000e+000  0.000000e+000  0.000000e+000  0.000000e+000  0.000000e+000  0.000000e+000  0.000000e+000  0.000000e+000  0.000000e+000  0.000000e+000  0.000000e+000  0.000000e+000  0.000000e+000  0.000000e+000  0.000000e+000  0.000000e+000  0.000000e+000  0.000000e+000  0.000000e+000  0.000000e+000  0.000000e+000  0.000000e+000  
0.000000e+000  0.000000e+000  0.000000e+000  0.000000e+000  0.000000e+000  0.000000e+000  0.000000e+000  0.000000e+000  0.000000e+000  0.000000e+000  0.000000e+000  0.000000e+000  0.000000e+000  0.000000e+000  0.000000e+000  0.000000e+000  0.000000e+000  0.000000e+000  0.000000e+000  0.000000e+000  0.000000e+000  0.000000e+000  0.000000e+000  
0.000000e+000  0.000000e+000  0.000000e+000  0.000000e+000  0.000000e+000  0.000000e+000  0.000000e+000  0.000000e+000  0.000000e+000  0.000000e+000  0.000000e+000  0.000000e+000  0.000000e+000  0.000000e+000  0.000000e+000  0.000000e+000  0.000000e+000  0.000000e+000  0.000000e+000  0.000000e+000  0.000000e+000  0.000000e+000  0.000000e+000  
0.000000e+000  0.000000e+000  0.000000e+000  0.000000e+000  0.000000e+000  0.000000e+000  0.000000e+000  0.000000e+000  0.000000e+000  0.000000e+000  0.000000e+000  0.000000e+000  0.000000e+000  0.000000e+000  0.000000e+000  0.000000e+000  0.000000e+000  0.000000e+000  0.000000e+000  0.000000e+000  0.000000e+000  0.000000e+000  0.000000e+000  
0.000000e+000  0.000000e+000  0.000000e+000  0.000000e+000  0.000000e+000  0.000000e+000  0.000000e+000  0.000000e+000  0.000000e+000  0.000000e+000  0.000000e+000  0.000000e+000  0.000000e+000  0.000000e+000  0.000000e+000  0.000000e+000  0.000000e+000  0.000000e+000  0.000000e+000  0.000000e+000  0.000000e+000  0.000000e+000  0.000000e+000  
0.000000e+000  0.000000e+000  0.000000e+000  0.000000e+000  0.000000e+000  0.000000e+000  0.000000e+000  0.000000e+000  0.000000e+000  0.000000e+000  0.000000e+000  0.000000e+000  0.000000e+000  0.000000e+000  0.000000e+000  0.000000e+000  0.000000e+000  0.000000e+000  0.000000e+000  0.000000e+000  0.000000e+000  0.000000e+000  0.000000e+000  
0.000000e+000  0.000000e+000  0.000000e+000  0.000000e+000  0.000000e+000  0.000000e+000  0.000000e+000  0.000000e+000  0.000000e+000  0.000000e+000  0.000000e+000  0.000000e+000  0.000000e+000  0.000000e+000  0.000000e+000  0.000000e+000  0.000000e+000  0.000000e+000  0.000000e+000  0.000000e+000  0.000000e+000  0.000000e+000  0.000000e+000  
0.000000e+000  0.000000e+000  0.000000e+000  0.000000e+000  0.000000e+000  0.000000e+000  0.000000e+000  0.000000e+000  0.000000e+000  0.000000e+000  0.000000e+000  0.000000e+000  0.000000e+000  0.000000e+000  0.000000e+000  0.000000e+000  0.000000e+000  0.000000e+000  0.000000e+000  0.000000e+000  0.000000e+000  0.000000e+000  0.000000e+000  
0.000000e+000  0.000000e+000  0.000000e+000  0.000000e+000  0.000000e+000  0.000000e+000  0.000000e+000  0.000000e+000  0.000000e+000  0.000000e+000  0.000000e+000  0.000000e+000  0.000000e+000  0.000000e+000  0.000000e+000  0.000000e+000  0.000000e+000  0.000000e+000  0.000000e+000  0.000000e+000  0.000000e+000  0.000000e+000  0.000000e+000  
0.000000e+000  0.000000e+000  0.000000e+000  0.000000e+000  0.000000e+000  0.000000e+000  0.000000e+000  0.000000e+000  0.000000e+000  0.000000e+000  0.000000e+000  0.000000e+000  0.000000e+000  0.000000e+000  0.000000e+000  0.000000e+000  0.000000e+000  0.000000e+000  0.000000e+000  0.000000e+000  0.000000e+000  0.000000e+000  0.000000e+000  
0.000000e+000  0.000000e+000  0.000000e+000  0.000000e+000  0.000000e+000  0.000000e+000  0.000000e+000  0.000000e+000  0.000000e+000  0.000000e+000  0.000000e+000  0.000000e+000  0.000000e+000  0.000000e+000  0.000000e+000  0.000000e+000  0.000000e+000  0.000000e+000  0.000000e+000  0.000000e+000  0.000000e+000  0.000000e+000  0.000000e+000  
0.000000e+000  0.000000e+000  0.000000e+000  0.000000e+000  0.000000e+000  0.000000e+000  0.000000e+000  0.000000e+000  0.000000e+000  0.000000e+000  0.000000e+000  0.000000e+000  0.000000e+000  0.000000e+000  0.000000e+000  0.000000e+000  0.000000e+000  0.000000e+000  0.000000e+000  0.000000e+000  0.000000e+000  0.000000e+000  0.000000e+000  
0.000000e+000  0.000000e+000  0.000000e+000  0.000000e+000  0.000000e+000  0.000000e+000  0.000000e+000  0.000000e+000  0.000000e+000  0.000000e+000  0.000000e+000  0.000000e+000  0.000000e+000  0.000000e+000  0.000000e+000  0.000000e+000  0.000000e+000  0.000000e+000  0.000000e+000  0.000000e+000  0.000000e+000  0.000000e+000  0.000000e+000  
0.000000e+000  0.000000e+000  0.000000e+000  0.000000e+000  0.000000e+000  0.000000e+000  0.000000e+000  0.000000e+000  0.000000e+000  0.000000e+000  0.000000e+000  0.000000e+000  0.000000e+000  0.000000e+000  0.000000e+000  0.000000e+000  0.000000e+000  0.000000e+000  0.000000e+000  0.000000e+000  0.000000e+000  0.000000e+000  0.000000e+000  
0.000000e+000  0.000000e+000  0.000000e+000  0.000000e+000  0.000000e+000  0.000000e+000  0.000000e+000  0.000000e+000  0.000000e+000  0.000000e+000  0.000000e+000  0.000000e+000  0.000000e+000  0.000000e+000  0.000000e+000  0.000000e+000  0.000000e+000  0.000000e+000  0.000000e+000  0.000000e+000  0.000000e+000  0.000000e+000  0.000000e+000  
0.000000e+000  0.000000e+000  0.000000e+000  0.000000e+000  0.000000e+000  0.000000e+000  0.000000e+000  0.000000e+000  0.000000e+000  0.000000e+000  0.000000e+000  0.000000e+000  0.000000e+000  0.000000e+000  0.000000e+000  0.000000e+000  0.000000e+000  0.000000e+000  0.000000e+000  0.000000e+000  0.000000e+000  0.000000e+000  0.000000e+000  

0.000000e+000  0.000000e+000  0.000000e+000  0.000000e+000  0.000000e+000  0.000000e+000  0.000000e+000  0.000000e+000  0.000000e+000  0.000000e+000  0.000000e+000  0.000000e+000  0.000000e+000  0.000000e+000  0.000000e+000  0.000000e+000  0.000000e+000  0.000000e+000  0.000000e+000  0.000000e+000  0.000000e+000  0.000000e+000  0.000000e+000  
0.000000e+000  0.000000e+000  0.000000e+000  0.000000e+000  0.000000e+000  0.000000e+000  0.000000e+000  0.000000e+000  0.000000e+000  0.000000e+000  0.000000e+000  0.000000e+000  0.000000e+000  0.000000e+000  0.000000e+000  0.000000e+000  0.000000e+000  0.000000e+000  0.000000e+000  0.000000e+000  0.000000e+000  0.000000e+000  0.000000e+000  
0.000000e+000  0.000000e+000  0.000000e+000  0.000000e+000  0.000000e+000  0.000000e+000  0.000000e+000  0.000000e+000  0.000000e+000  0.000000e+000  0.000000e+000  0.000000e+000  0.000000e+000  0.000000e+000  0.000000e+000  0.000000e+000  0.000000e+000  0.000000e+000  0.000000e+000  0.000000e+000  0.000000e+000  0.000000e+000  0.000000e+000  
0.000000e+000  0.000000e+000  0.000000e+000  0.000000e+000  0.000000e+000  0.000000e+000  0.000000e+000  0.000000e+000  0.000000e+000  0.000000e+000  0.000000e+000  0.000000e+000  0.000000e+000  0.000000e+000  0.000000e+000  0.000000e+000  0.000000e+000  0.000000e+000  0.000000e+000  0.000000e+000  0.000000e+000  0.000000e+000  0.000000e+000  
0.000000e+000  0.000000e+000  0.000000e+000  0.000000e+000  0.000000e+000  0.000000e+000  0.000000e+000  0.000000e+000  0.000000e+000  0.000000e+000  0.000000e+000  0.000000e+000  0.000000e+000  0.000000e+000  0.000000e+000  0.000000e+000  0.000000e+000  0.000000e+000  0.000000e+000  0.000000e+000  0.000000e+000  0.000000e+000  0.000000e+000  
0.000000e+000  0.000000e+000  0.000000e+000  0.000000e+000  0.000000e+000  0.000000e+000  0.000000e+000  0.000000e+000  0.000000e+000  0.000000e+000  0.000000e+000  0.000000e+000  0.000000e+000  0.000000e+000  0.000000e+000  0.000000e+000  0.000000e+000  0.000000e+000  0.000000e+000  0.000000e+000  0.000000e+000  0.000000e+000  0.000000e+000  
0.000000e+000  0.000000e+000  0.000000e+000  0.000000e+000  0.000000e+000  0.000000e+000  0.000000e+000  0.000000e+000  0.000000e+000  0.000000e+000  0.000000e+000  0.000000e+000  0.000000e+000  0.000000e+000  0.000000e+000  0.000000e+000  0.000000e+000  0.000000e+000  0.000000e+000  0.000000e+000  0.000000e+000  0.000000e+000  0.000000e+000  
0.000000e+000  0.000000e+000  0.000000e+000  0.000000e+000  0.000000e+000  0.000000e+000  0.000000e+000  0.000000e+000  0.000000e+000  0.000000e+000  0.000000e+000  0.000000e+000  0.000000e+000  0.000000e+000  0.000000e+000  0.000000e+000  0.000000e+000  0.000000e+000  0.000000e+000  0.000000e+000  0.000000e+000  0.000000e+000  0.000000e+000  
0.000000e+000  0.000000e+000  0.000000e+000  0.000000e+000  0.000000e+000  0.000000e+000  0.000000e+000  0.000000e+000  0.000000e+000  0.000000e+000  0.000000e+000  0.000000e+000  0.000000e+000  0.000000e+000  0.000000e+000  0.000000e+000  0.000000e+000  0.000000e+000  0.000000e+000  0.000000e+000  0.000000e+000  0.000000e+000  0.000000e+000  
0.000000e+000  0.000000e+000  0.000000e+000  0.000000e+000  0.000000e+000  0.000000e+000  0.000000e+000  0.000000e+000  0.000000e+000  0.000000e+000  0.000000e+000  0.000000e+000  0.000000e+000  0.000000e+000  0.000000e+000  0.000000e+000  0.000000e+000  0.000000e+000  0.000000e+000  0.000000e+000  0.000000e+000  0.000000e+000  0.000000e+000  
0.000000e+000  0.000000e+000  0.000000e+000  0.000000e+000  0.000000e+000  0.000000e+000  0.000000e+000  0.000000e+000  0.000000e+000  0.000000e+000  0.000000e+000  0.000000e+000  0.000000e+000  0.000000e+000  0.000000e+000  0.000000e+000  0.000000e+000  0.000000e+000  0.000000e+000  0.000000e+000  0.000000e+000  0.000000e+000  0.000000e+000  
0.000000e+000  0.000000e+000  0.000000e+000  0.000000e+000  0.000000e+000  0.000000e+000  0.000000e+000  0.000000e+000  0.000000e+000  0.000000e+000  0.000000e+000  0.000000e+000  0.000000e+000  0.000000e+000  0.000000e+000  0.000000e+000  0.000000e+000  0.000000e+000  0.000000e+000  0.000000e+000  0.000000e+000  0.000000e+000  0.000000e+000  
0.000000e+000  0.000000e+000  0.000000e+000  0.000000e+000  0.000000e+000  0.000000e+000  0.000000e+000  0.000000e+000  0.000000e+000  0.000000e+000  0.000000e+000  0.000000e+000  0.000000e+000  0.000000e+000  0.000000e+000  0.000000e+000  0.000000e+000  0.000000e+000  0.000000e+000  0.000000e+000  0.000000e+000  0.000000e+000  0.000000e+000  
0.000000e+000  0.000000e+000  0.000000e+000  0.000000e+000  0.000000e+000  0.000000e+000  0.000000e+000  0.000000e+000  0.000000e+000  0.000000e+000  0.000000e+000  0.000000e+000  0.000000e+000  0.000000e+000  0.000000e+000  0.000000e+000  0.000000e+000  0.000000e+000  0.000000e+000  0.000000e+000  0.000000e+000  0.000000e+000  0.000000e+000  
0.000000e+000  0.000000e+000  0.000000e+000  0.000000e+000  0.000000e+000  0.000000e+000  0.000000e+000  0.000000e+000  0.000000e+000  0.000000e+000  0.000000e+000  0.000000e+000  0.000000e+000  0.000000e+000  0.000000e+000  0.000000e+000  0.000000e+000  0.000000e+000  0.000000e+000  0.000000e+000  0.000000e+000  0.000000e+000  0.000000e+000  
0.000000e+000  0.000000e+000  0.000000e+000  0.000000e+000  0.000000e+000  0.000000e+000  0.000000e+000  0.000000e+000  0.000000e+000  0.000000e+000  0.000000e+000  0.000000e+000  0.000000e+000  0.000000e+000  0.000000e+000  0.000000e+000  0.000000e+000  0.000000e+000  0.000000e+000  0.000000e+000  0.000000e+000  0.000000e+000  0.000000e+000  
0.000000e+000  0.000000e+000  0.000000e+000  0.000000e+000  0.000000e+000  0.000000e+000  0.000000e+000  0.000000e+000  0.000000e+000  0.000000e+000  0.000000e+000  0.000000e+000  0.000000e+000  0.000000e+000  0.000000e+000  0.000000e+000  0.000000e+000  0.000000e+000  0.000000e+000  0.000000e+000  0.000000e+000  0.000000e+000  0.000000e+000  
0.000000e+000  0.000000e+000  0.000000e+000  0.000000e+000  0.000000e+000  0.000000e+000  0.000000e+000  0.000000e+000  0.000000e+000  0.000000e+000  0.000000e+000  0.000000e+000  0.000000e+000  0.000000e+000  0.000000e+000  0.000000e+000  0.000000e+000  0.000000e+000  0.000000e+000  0.000000e+000  0.000000e+000  0.000000e+000  0.000000e+000  
0.000000e+000  0.000000e+000  0.000000e+000  0.000000e+000  0.000000e+000  0.000000e+000  0.000000e+000  0.000000e+000  0.000000e+000  0.000000e+000  0.000000e+000  0.000000e+000  0.000000e+000  0.000000e+000  0.000000e+000  0.000000e+000  0.000000e+000  0.000000e+000  0.000000e+000  0.000000e+000  0.000000e+000  0.000000e+000  0.000000e+000  
0.000000e+000  0.000000e+000  0.000000e+000  0.000000e+000  0.000000e+000  0.000000e+000  0.000000e+000  0.000000e+000  0.000000e+000  0.000000e+000  0.000000e+000  0.000000e+000  0.000000e+000  0.000000e+000  0.000000e+000  0.000000e+000  0.000000e+000  0.000000e+000  0.000000e+000  0.000000e+000  0.000000e+000  0.000000e+000  0.000000e+000  
0.000000e+000  0.000000e+000  0.000000e+000  0.000000e+000  0.000000e+000  0.000000e+000  0.000000e+000  0.000000e+000  0.000000e+000  0.000000e+000  0.000000e+000  0.000000e+000  0.000000e+000  0.000000e+000  0.000000e+000  0.000000e+000  0.000000e+000  0.000000e+000  0.000000e+000  0.000000e+000  0.000000e+000  0.000000e+000  0.000000e+000  
0.000000e+000  0.000000e+000  0.000000e+000  0.000000e+000  0.000000e+000  0.000000e+000  0.000000e+000  0.000000e+000  0.000000e+000  0.000000e+000  0.000000e+000  0.000000e+000  0.000000e+000  0.000000e+000  0.000000e+000  0.000000e+000  0.000000e+000  0.000000e+000  0.000000e+000  0.000000e+000  0.000000e+000  0.000000e+000  0.000000e+000  
0.000000e+000  0.000000e+000  0.000000e+000  0.000000e+000  0.000000e+000  0.000000e+000  0.000000e+000  0.000000e+000  0.000000e+000  0.000000e+000  0.000000e+000  0.000000e+000  0.000000e+000  0.000000e+000  0.000000e+000  0.000000e+000  0.000000e+000  0.000000e+000  0.000000e+000  0.000000e+000  0.000000e+000  0.000000e+000  0.000000e+000  

0.000000e+000  0.000000e+000  0.000000e+000  0.000000e+000  0.000000e+000  0.000000e+000  0.000000e+000  0.000000e+000  0.000000e+000  0.000000e+000  0.000000e+000  0.000000e+000  0.000000e+000  0.000000e+000  0.000000e+000  0.000000e+000  0.000000e+000  0.000000e+000  0.000000e+000  0.000000e+000  0.000000e+000  0.000000e+000  0.000000e+000  
0.000000e+000  0.000000e+000  0.000000e+000  0.000000e+000  0.000000e+000  0.000000e+000  0.000000e+000  0.000000e+000  0.000000e+000  0.000000e+000  0.000000e+000  0.000000e+000  0.000000e+000  0.000000e+000  0.000000e+000  0.000000e+000  0.000000e+000  0.000000e+000  0.000000e+000  0.000000e+000  0.000000e+000  0.000000e+000  0.000000e+000  
0.000000e+000  0.000000e+000  0.000000e+000  0.000000e+000  0.000000e+000  0.000000e+000  0.000000e+000  0.000000e+000  0.000000e+000  0.000000e+000  0.000000e+000  0.000000e+000  0.000000e+000  0.000000e+000  0.000000e+000  0.000000e+000  0.000000e+000  0.000000e+000  0.000000e+000  0.000000e+000  0.000000e+000  0.000000e+000  0.000000e+000  
0.000000e+000  0.000000e+000  0.000000e+000  0.000000e+000  0.000000e+000  0.000000e+000  0.000000e+000  0.000000e+000  0.000000e+000  0.000000e+000  0.000000e+000  0.000000e+000  0.000000e+000  0.000000e+000  0.000000e+000  0.000000e+000  0.000000e+000  0.000000e+000  0.000000e+000  0.000000e+000  0.000000e+000  0.000000e+000  0.000000e+000  
0.000000e+000  0.000000e+000  0.000000e+000  0.000000e+000  0.000000e+000  0.000000e+000  0.000000e+000  0.000000e+000  0.000000e+000  0.000000e+000  0.000000e+000  0.000000e+000  0.000000e+000  0.000000e+000  0.000000e+000  0.000000e+000  0.000000e+000  0.000000e+000  0.000000e+000  0.000000e+000  0.000000e+000  0.000000e+000  0.000000e+000  
0.000000e+000  0.000000e+000  0.000000e+000  0.000000e+000  0.000000e+000  0.000000e+000  0.000000e+000  0.000000e+000  0.000000e+000  0.000000e+000  0.000000e+000  0.000000e+000  0.000000e+000  0.000000e+000  0.000000e+000  0.000000e+000  0.000000e+000  0.000000e+000  0.000000e+000  0.000000e+000  0.000000e+000  0.000000e+000  0.000000e+000  
0.000000e+000  0.000000e+000  0.000000e+000  0.000000e+000  0.000000e+000  0.000000e+000  0.000000e+000  0.000000e+000  0.000000e+000  0.000000e+000  0.000000e+000  0.000000e+000  0.000000e+000  0.000000e+000  0.000000e+000  0.000000e+000  0.000000e+000  0.000000e+000  0.000000e+000  0.000000e+000  0.000000e+000  0.000000e+000  0.000000e+000  
0.000000e+000  0.000000e+000  0.000000e+000  0.000000e+000  0.000000e+000  0.000000e+000  0.000000e+000  0.000000e+000  0.000000e+000  0.000000e+000  0.000000e+000  0.000000e+000  0.000000e+000  0.000000e+000  0.000000e+000  0.000000e+000  0.000000e+000  0.000000e+000  0.000000e+000  0.000000e+000  0.000000e+000  0.000000e+000  0.000000e+000  
0.000000e+000  0.000000e+000  0.000000e+000  0.000000e+000  0.000000e+000  0.000000e+000  0.000000e+000  0.000000e+000  0.000000e+000  0.000000e+000  0.000000e+000  0.000000e+000  0.000000e+000  0.000000e+000  0.000000e+000  0.000000e+000  0.000000e+000  0.000000e+000  0.000000e+000  0.000000e+000  0.000000e+000  0.000000e+000  0.000000e+000  
0.000000e+000  0.000000e+000  0.000000e+000  0.000000e+000  0.000000e+000  0.000000e+000  0.000000e+000  0.000000e+000  0.000000e+000  0.000000e+000  0.000000e+000  0.000000e+000  0.000000e+000  0.000000e+000  0.000000e+000  0.000000e+000  0.000000e+000  0.000000e+000  0.000000e+000  0.000000e+000  0.000000e+000  0.000000e+000  0.000000e+000  
0.000000e+000  0.000000e+000  0.000000e+000  0.000000e+000  0.000000e+000  0.000000e+000  0.000000e+000  0.000000e+000  0.000000e+000  0.000000e+000  0.000000e+000  0.000000e+000  0.000000e+000  0.000000e+000  0.000000e+000  0.000000e+000  0.000000e+000  0.000000e+000  0.000000e+000  0.000000e+000  0.000000e+000  0.000000e+000  0.000000e+000  
0.000000e+000  0.000000e+000  0.000000e+000  0.000000e+000  0.000000e+000  0.000000e+000  0.000000e+000  0.000000e+000  0.000000e+000  0.000000e+000  0.000000e+000  0.000000e+000  0.000000e+000  0.000000e+000  0.000000e+000  0.000000e+000  0.000000e+000  0.000000e+000  0.000000e+000  0.000000e+000  0.000000e+000  0.000000e+000  0.000000e+000  
0.000000e+000  0.000000e+000  0.000000e+000  0.000000e+000  0.000000e+000  0.000000e+000  0.000000e+000  0.000000e+000  0.000000e+000  0.000000e+000  0.000000e+000  0.000000e+000  0.000000e+000  0.000000e+000  0.000000e+000  0.000000e+000  0.000000e+000  0.000000e+000  0.000000e+000  0.000000e+000  0.000000e+000  0.000000e+000  0.000000e+000  
0.000000e+000  0.000000e+000  0.000000e+000  0.000000e+000  0.000000e+000  0.000000e+000  0.000000e+000  0.000000e+000  0.000000e+000  0.000000e+000  0.000000e+000  0.000000e+000  0.000000e+000  0.000000e+000  0.000000e+000  0.000000e+000  0.000000e+000  0.000000e+000  0.000000e+000  0.000000e+000  0.000000e+000  0.000000e+000  0.000000e+000  
0.000000e+000  0.000000e+000  0.000000e+000  0.000000e+000  0.000000e+000  0.000000e+000  0.000000e+000  0.000000e+000  0.000000e+000  0.000000e+000  0.000000e+000  0.000000e+000  0.000000e+000  0.000000e+000  0.000000e+000  0.000000e+000  0.000000e+000  0.000000e+000  0.000000e+000  0.000000e+000  0.000000e+000  0.000000e+000  0.000000e+000  
0.000000e+000  0.000000e+000  0.000000e+000  0.000000e+000  0.000000e+000  0.000000e+000  0.000000e+000  0.000000e+000  0.000000e+000  0.000000e+000  0.000000e+000  0.000000e+000  0.000000e+000  0.000000e+000  0.000000e+000  0.000000e+000  0.000000e+000  0.000000e+000  0.000000e+000  0.000000e+000  0.000000e+000  0.000000e+000  0.000000e+000  
0.000000e+000  0.000000e+000  0.000000e+000  0.000000e+000  0.000000e+000  0.000000e+000  0.000000e+000  0.000000e+000  0.000000e+000  0.000000e+000  0.000000e+000  0.000000e+000  0.000000e+000  0.000000e+000  0.000000e+000  0.000000e+000  0.000000e+000  0.000000e+000  0.000000e+000  0.000000e+000  0.000000e+000  0.000000e+000  0.000000e+000  
0.000000e+000  0.000000e+000  0.000000e+000  0.000000e+000  0.000000e+000  0.000000e+000  0.000000e+000  0.000000e+000  0.000000e+000  0.000000e+000  0.000000e+000  0.000000e+000  0.000000e+000  0.000000e+000  0.000000e+000  0.000000e+000  0.000000e+000  0.000000e+000  0.000000e+000  0.000000e+000  0.000000e+000  0.000000e+000  0.000000e+000  
0.000000e+000  0.000000e+000  0.000000e+000  0.000000e+000  0.000000e+000  0.000000e+000  0.000000e+000  0.000000e+000  0.000000e+000  0.000000e+000  0.000000e+000  0.000000e+000  0.000000e+000  0.000000e+000  0.000000e+000  0.000000e+000  0.000000e+000  0.000000e+000  0.000000e+000  0.000000e+000  0.000000e+000  0.000000e+000  0.000000e+000  
0.000000e+000  0.000000e+000  0.000000e+000  0.000000e+000  0.000000e+000  0.000000e+000  0.000000e+000  0.000000e+000  0.000000e+000  0.000000e+000  0.000000e+000  0.000000e+000  0.000000e+000  0.000000e+000  0.000000e+000  0.000000e+000  0.000000e+000  0.000000e+000  0.000000e+000  0.000000e+000  0.000000e+000  0.000000e+000  0.000000e+000  
0.000000e+000  0.000000e+000  0.000000e+000  0.000000e+000  0.000000e+000  0.000000e+000  0.000000e+000  0.000000e+000  0.000000e+000  0.000000e+000  0.000000e+000  0.000000e+000  0.000000e+000  0.000000e+000  0.000000e+000  0.000000e+000  0.000000e+000  0.000000e+000  0.000000e+000  0.000000e+000  0.000000e+000  0.000000e+000  0.000000e+000  
0.000000e+000  0.000000e+000  0.000000e+000  0.000000e+000  0.000000e+000  0.000000e+000  0.000000e+000  0.000000e+000  0.000000e+000  0.000000e+000  0.000000e+000  0.000000e+000  0.000000e+000  0.000000e+000  0.000000e+000  0.000000e+000  0.000000e+000  0.000000e+000  0.000000e+000  0.000000e+000  0.000000e+000  0.000000e+000  0.000000e+000  
0.000000e+000  0.000000e+000  0.000000e+000  0.000000e+000  0.000000e+000  0.000000e+000  0.000000e+000  0.000000e+000  0.000000e+000  0.000000e+000  0.000000e+000  0.000000e+000  0.000000e+000  0.000000e+000  0.000000e+000  0.000000e+000  0.000000e+000  0.000000e+000  0.000000e+000  0.000000e+000  0.000000e+000  0.000000e+000  0.000000e+000  

-0.000000e+000  -0.000000e+000  -0.000000e+000  -0.000000e+000  -0.000000e+000  -0.000000e+000  -0.000000e+000  -0.000000e+000  -0.000000e+000  -0.000000e+000  -0.000000e+000  -0.000000e+000  -0.000000e+000  -0.000000e+000  -0.000000e+000  -0.000000e+000  -0.000000e+000  -0.000000e+000  -0.000000e+000  -0.000000e+000  -0.000000e+000  -0.000000e+000  -0.000000e+000  
-0.000000e+000  6.368735e+000  1.273732e+001  1.932884e+001  2.600894e+001  2.429015e+001  2.010947e+001  1.302633e+001  8.961609e+000  6.568149e+000  5.163203e+000  4.264865e+000  5.163495e+000  6.568584e+000  8.962188e+000  1.302706e+001  2.011037e+001  2.429118e+001  2.601007e+001  1.932993e+001  1.273815e+001  6.368868e+000  -0.000000e+000  
-0.000000e+000  1.273857e+001  2.525357e+001  2.995751e+001  2.336609e+001  2.041819e+001  1.726783e+001  1.397886e+001  1.123807e+001  9.182171e+000  7.777612e+000  6.732716e+000  7.778201e+000  9.183039e+000  1.123920e+001  1.398023e+001  1.726941e+001  2.041995e+001  2.336801e+001  2.995973e+001  2.525569e+001  1.273826e+001  -0.000000e+000  
-0.000000e+000  1.933384e+001  2.995515e+001  2.487594e+001  1.979547e+001  1.735588e+001  1.498045e+001  1.273849e+001  1.077489e+001  9.190713e+000  8.039638e+000  7.110110e+000  8.040568e+000  9.192087e+000  1.077666e+001  1.274060e+001  1.498281e+001  1.735844e+001  1.979821e+001  2.487918e+001  2.996003e+001  1.933036e+001  -0.000000e+000  
-0.000000e+000  2.601085e+001  2.336606e+001  1.979537e+001  1.595623e+001  1.403678e+001  1.215899e+001  1.038456e+001  8.793858e+000  7.466757e+000  6.471416e+000  5.627441e+000  6.472741e+000  7.468807e+000  8.796572e+000  1.038772e+001  1.216236e+001  1.404020e+001  1.595959e+001  1.979850e+001  2.336882e+001  2.601136e+001  -0.000000e+000  
-0.000000e+000  2.429246e+001  2.041863e+001  1.735566e+001  1.403643e+001  1.231469e+001  1.059315e+001  8.931956e+000  7.407908e+000  6.107109e+000  5.113924e+000  4.252605e+000  5.115385e+000  6.109586e+000  7.411410e+000  8.936008e+000  1.059730e+001  1.231868e+001  1.404016e+001  1.735879e+001  2.042104e+001  2.429343e+001  -0.000000e+000  
-0.000000e+000  2.011308e+001  1.726843e+001  1.497998e+001  1.215802e+001  1.059235e+001  8.966955e+000  7.342182e+000  5.798687e+000  4.439831e+000  3.381402e+000  2.446731e+000  3.382808e+000  4.442724e+000  5.803454e+000  7.347571e+000  8.972135e+000  1.059702e+001  1.216213e+001  1.498313e+001  1.727068e+001  2.011417e+001  -0.000000e+000  
-0.000000e+000  1.302812e+001  1.397914e+001  1.273763e+001  1.038268e+001  8.929717e+000  7.340109e+000  5.671108e+000  4.004811e+000  2.472113e+000  1.254810e+000  1.731638e-001  1.255638e+000  2.475038e+000  4.012092e+000  5.678668e+000  7.346624e+000  8.935101e+000  1.038714e+001  1.274079e+001  1.398128e+001  1.302918e+001  -0.000000e+000  
-0.000000e+000  8.962401e+000  1.123794e+001  1.077359e+001  8.790991e+000  7.403700e+000  5.792633e+000  3.997316e+000  2.077325e+000  1.889916e-001  -0.000000e+000  -0.000000e+000  -0.000000e+000  1.896894e-001  2.091199e+000  4.008370e+000  5.800570e+000  7.409604e+000  8.795586e+000  1.077671e+001  1.123999e+001  8.963421e+000  -0.000000e+000  
-0.000000e+000  6.568370e+000  9.181679e+000  9.189099e+000  7.463264e+000  6.101438e+000  4.429392e+000  2.448188e+000  1.181744e-001  -0.000000e+000  -0.000000e+000  -0.000000e+000  -0.000000e+000  -0.000000e+000  1.546388e-001  2.463032e+000  4.437666e+000  6.107139e+000  7.467626e+000  9.192056e+000  9.183625e+000  6.569350e+000  -0.000000e+000  
-0.000000e+000  5.163087e+000  7.776866e+000  8.037891e+000  6.468123e+000  5.109379e+000  3.375297e+000  1.247861e+000  -0.000000e+000  -0.000000e+000  -0.000000e+000  -0.000000e+000  -0.000000e+000  -0.000000e+000  -0.000000e+000  1.251446e+000  3.379910e+000  5.113644e+000  6.471825e+000  8.040595e+000  7.778700e+000  5.164031e+000  -0.000000e+000  
-0.000000e+000  4.264457e+000  6.731743e+000  7.108504e+000  5.625505e+000  4.251235e+000  2.447145e+000  1.780410e-001  -0.000000e+000  -0.000000e+000  -0.000000e+000  -0.000000e+000  -0.000000e+000  -0.000000e+000  -0.000000e+000  1.781796e-001  2.448565e+000  4.253268e+000  5.627765e+000  7.110604e+000  6.733365e+000  4.265370e+000  -0.000000e+000  
-0.000000e+000  5.162951e+000  7.777070e+000  8.038798e+000  6.470214e+000  5.112319e+000  3.379025e+000  1.251148e+000  -0.000000e+000  -0.000000e+000  -0.000000e+000  -0.000000e+000  -0.000000e+000  -0.000000e+000  -0.000000e+000  1.251454e+000  3.379928e+000  5.113665e+000  6.471847e+000  8.040613e+000  7.778712e+000  5.164037e+000  -0.000000e+000  
-0.000000e+000  6.567990e+000  9.181847e+000  9.190279e+000  7.466145e+000  6.105938e+000  4.436828e+000  2.462612e+000  1.546121e-001  -0.000000e+000  -0.000000e+000  -0.000000e+000  -0.000000e+000  -0.000000e+000  1.546414e-001  2.463056e+000  4.437700e+000  6.107175e+000  7.467661e+000  9.192084e+000  9.183645e+000  6.569360e+000  -0.000000e+000  
-0.000000e+000  8.961543e+000  1.123796e+001  1.077488e+001  8.794150e+000  7.408442e+000  5.799723e+000  4.007854e+000  2.090981e+000  1.896758e-001  -0.000000e+000  -0.000000e+000  -0.000000e+000  1.896950e-001  2.091239e+000  4.008424e+000  5.800627e+000  7.409659e+000  8.795637e+000  1.077675e+001  1.124001e+001  8.963434e+000  -0.000000e+000  
-0.000000e+000  1.302636e+001  1.397891e+001  1.273886e+001  1.038569e+001  8.933937e+000  7.345753e+000  5.678090e+000  4.011776e+000  2.474924e+000  1.255639e+000  1.732024e-001  1.255717e+000  2.475132e+000  4.012190e+000  5.678762e+000  7.346710e+000  8.935178e+000  1.038720e+001  1.274084e+001  1.398131e+001  1.302920e+001  -0.000000e+000  
-0.000000e+000  2.010958e+001  1.726797e+001  1.498108e+001  1.216065e+001  1.059584e+001  8.971243e+000  7.346960e+000  5.803100e+000  4.442597e+000  3.382878e+000  2.447199e+000  3.383052e+000  4.442919e+000  5.803615e+000  7.347708e+000  8.972251e+000  1.059712e+001  1.216221e+001  1.498319e+001  1.727072e+001  2.011420e+001  -0.000000e+000  
-0.000000e+000  2.429051e+001  2.041830e+001  1.735665e+001  1.403865e+001  1.231748e+001  1.059640e+001  8.935385e+000  7.411051e+000  6.109476e+000  5.115521e+000  4.253306e+000  5.115753e+000  6.109864e+000  7.411628e+000  8.936184e+000  1.059745e+001  1.231880e+001  1.404025e+001  1.735886e+001  2.042109e+001  2.429345e+001  -0.000000e+000  
-0.000000e+000  2.600985e+001  2.336594e+001  1.979625e+001  1.595806e+001  1.403899e+001  1.216146e+001  1.038710e+001  8.796221e+000  7.468717e+000  6.472919e+000  5.628235e+000  6.473181e+000  7.469140e+000  8.796830e+000  1.038793e+001  1.216253e+001  1.404033e+001  1.595970e+001  1.979857e+001  2.336887e+001  2.601138e+001  -0.000000e+000  
-0.000000e+000  1.933364e+001  2.995536e+001  2.487667e+001  1.979670e+001  1.735730e+001  1.498197e+001  1.274003e+001  1.077635e+001  9.192020e+000  8.040748e+000  7.110824e+000  8.041011e+000  9.192435e+000  1.077694e+001  1.274082e+001  1.498298e+001  1.735858e+001  1.979832e+001  2.487926e+001  2.996009e+001  1.933039e+001  -0.000000e+000  
-0.000000e+000  1.273859e+001  2.525383e+001  2.995810e+001  2.336691e+001  2.041909e+001  1.726877e+001  1.397979e+001  1.123896e+001  9.182984e+000  7.778330e+000  6.733223e+000  7.778540e+000  9.183313e+000  1.123942e+001  1.398041e+001  1.726956e+001  2.042007e+001  2.336811e+001  2.995980e+001  2.525573e+001  1.273828e+001  -0.000000e+000  
-0.000000e+000  6.368783e+000  1.273748e+001  1.932916e+001  2.600944e+001  2.429067e+001  2.010999e+001  1.302681e+001  8.962048e+000  6.568548e+000  5.163558e+000  4.265126e+000  5.163676e+000  6.568734e+000  8.962312e+000  1.302717e+001  2.011047e+001  2.429127e+001  2.601014e+001  1.932997e+001  1.273818e+001  6.368880e+000  -0.000000e+000  
-0.000000e+000  -0.000000e+000  -0.000000e+000  -0.000000e+000  -0.000000e+000  -0.000000e+000  -0.000000e+000  -0.000000e+000  -0.000000e+000  -0.000000e+000  -0.000000e+000  -0.000000e+000  -0.000000e+000  -0.000000e+000  -0.000000e+000  -0.000000e+000  -0.000000e+000  -0.000000e+000  -0.000000e+000  -0.000000e+000  -0.000000e+000  -0.000000e+000  -0.000000e+000  

