Port monitor named: Port2_h1[2.35].prt

nx        = 65
ny        = 29
nz        = 31

nu        = 5
nv        = 5
iu        = 14
iv        = 50

idir      = 1
dcut      = 2.527855e-002
icut      = 24
type      = 1
frequency = 2.350000e+009

fcutoff   = 0.000000e+000
alpha     = 0.000000e+000
beta      = 6.899408e+001
accuracy  = 5.269001e-015

type          = TEM
wave imp.     = 2.655774e+002
wave imp.sig. = 7.779778e-006
line imp.     = 5.425588e+001

ref. port     = 0

0.000000e+000  7.883924e+000  1.576994e+001  7.883928e+000  0.000000e+000  
0.000000e+000  7.885076e+000  3.154097e+001  7.885077e+000  0.000000e+000  
0.000000e+000  -7.885077e+000  -3.154097e+001  -7.885076e+000  0.000000e+000  
0.000000e+000  -7.883928e+000  -1.576994e+001  -7.883924e+000  0.000000e+000  
0.000000e+000  0.000000e+000  0.000000e+000  0.000000e+000  0.000000e+000  

0.000000e+000  0.000000e+000  0.000000e+000  0.000000e+000  0.000000e+000  
-7.883928e+000  -7.885077e+000  7.885077e+000  7.883929e+000  0.000000e+000  
-1.576994e+001  -3.154097e+001  3.154097e+001  1.576994e+001  0.000000e+000  
-7.883928e+000  -7.885077e+000  7.885077e+000  7.883928e+000  0.000000e+000  
0.000000e+000  0.000000e+000  0.000000e+000  0.000000e+000  0.000000e+000  

0.000000e+000  0.000000e+000  0.000000e+000  0.000000e+000  0.000000e+000  
0.000000e+000  0.000000e+000  0.000000e+000  0.000000e+000  0.000000e+000  
0.000000e+000  0.000000e+000  0.000000e+000  0.000000e+000  0.000000e+000  
0.000000e+000  0.000000e+000  0.000000e+000  0.000000e+000  0.000000e+000  
0.000000e+000  0.000000e+000  0.000000e+000  0.000000e+000  0.000000e+000  

0.000000e+000  0.000000e+000  0.000000e+000  0.000000e+000  0.000000e+000  
0.000000e+000  0.000000e+000  0.000000e+000  0.000000e+000  0.000000e+000  
0.000000e+000  0.000000e+000  0.000000e+000  0.000000e+000  0.000000e+000  
0.000000e+000  0.000000e+000  0.000000e+000  0.000000e+000  0.000000e+000  
0.000000e+000  0.000000e+000  0.000000e+000  0.000000e+000  0.000000e+000  

0.000000e+000  0.000000e+000  0.000000e+000  0.000000e+000  0.000000e+000  
0.000000e+000  0.000000e+000  0.000000e+000  0.000000e+000  0.000000e+000  
0.000000e+000  0.000000e+000  0.000000e+000  0.000000e+000  0.000000e+000  
0.000000e+000  0.000000e+000  0.000000e+000  0.000000e+000  0.000000e+000  
0.000000e+000  0.000000e+000  0.000000e+000  0.000000e+000  0.000000e+000  

-6.287067e-005  1.326747e-002  -1.320988e-002  9.800662e-006  0.000000e+000  
-1.324789e-002  9.766365e-006  9.801458e-006  1.322949e-002  0.000000e+000  
1.322951e-002  9.864612e-006  9.829518e-006  -1.324787e-002  0.000000e+000  
9.838547e-006  -1.320983e-002  1.326752e-002  -6.283279e-005  0.000000e+000  
0.000000e+000  0.000000e+000  0.000000e+000  0.000000e+000  0.000000e+000  

