Port monitor named: Port1_e1[2.35].prt

nx        = 65
ny        = 29
nz        = 31

nu        = 5
nv        = 5
iu        = 14
iv        = 12

idir      = 1
dcut      = 2.527855e-002
icut      = 24
type      = 0
frequency = 2.350000e+009

fcutoff   = 0.000000e+000
alpha     = 0.000000e+000
beta      = 6.899408e+001
accuracy  = 7.256874e-015

type          = TEM
wave imp.     = 2.655774e+002
wave imp.sig. = 7.780039e-006
line imp.     = 5.425652e+001

ref. port     = 0

0.000000e+000  0.000000e+000  0.000000e+000  0.000000e+000  0.000000e+000  
-2.242467e+003  -2.044492e+003  2.044635e+003  2.242325e+003  0.000000e+000  
-4.287212e+003  -8.376571e+003  8.376571e+003  4.287212e+003  0.000000e+000  
-2.242325e+003  -2.044635e+003  2.044492e+003  2.242467e+003  0.000000e+000  
0.000000e+000  0.000000e+000  0.000000e+000  0.000000e+000  0.000000e+000  

0.000000e+000  -2.242466e+003  -4.287212e+003  -2.242325e+003  0.000000e+000  
0.000000e+000  -2.044492e+003  -8.376571e+003  -2.044635e+003  0.000000e+000  
0.000000e+000  2.044635e+003  8.376571e+003  2.044492e+003  0.000000e+000  
0.000000e+000  2.242325e+003  4.287212e+003  2.242466e+003  0.000000e+000  
0.000000e+000  0.000000e+000  0.000000e+000  0.000000e+000  0.000000e+000  

0.000000e+000  0.000000e+000  0.000000e+000  0.000000e+000  0.000000e+000  
0.000000e+000  0.000000e+000  0.000000e+000  0.000000e+000  0.000000e+000  
0.000000e+000  0.000000e+000  0.000000e+000  0.000000e+000  0.000000e+000  
0.000000e+000  0.000000e+000  0.000000e+000  0.000000e+000  0.000000e+000  
0.000000e+000  0.000000e+000  0.000000e+000  0.000000e+000  0.000000e+000  

0.000000e+000  0.000000e+000  0.000000e+000  0.000000e+000  0.000000e+000  
0.000000e+000  0.000000e+000  0.000000e+000  0.000000e+000  0.000000e+000  
0.000000e+000  0.000000e+000  0.000000e+000  0.000000e+000  0.000000e+000  
0.000000e+000  0.000000e+000  0.000000e+000  0.000000e+000  0.000000e+000  
0.000000e+000  0.000000e+000  0.000000e+000  0.000000e+000  0.000000e+000  

0.000000e+000  0.000000e+000  0.000000e+000  0.000000e+000  0.000000e+000  
0.000000e+000  0.000000e+000  0.000000e+000  0.000000e+000  0.000000e+000  
0.000000e+000  0.000000e+000  0.000000e+000  0.000000e+000  0.000000e+000  
0.000000e+000  0.000000e+000  0.000000e+000  0.000000e+000  0.000000e+000  
0.000000e+000  0.000000e+000  0.000000e+000  0.000000e+000  0.000000e+000  

0.000000e+000  0.000000e+000  0.000000e+000  0.000000e+000  0.000000e+000  
0.000000e+000  8.674220e+000  3.274705e+000  8.664122e+000  0.000000e+000  
0.000000e+000  3.274718e+000  0.000000e+000  3.274704e+000  0.000000e+000  
0.000000e+000  8.664126e+000  3.274705e+000  8.674216e+000  0.000000e+000  
0.000000e+000  0.000000e+000  0.000000e+000  0.000000e+000  0.000000e+000  

