Port monitor named: Port1_h1.prt

nx        = 25
ny        = 4
nz        = 25

nu        = 23
nv        = 23
iu        = 2
iv        = 2

idir      = 1
dcut      = 2.527855e-002
icut      = 3
type      = 1
frequency = 2.350000e+009

fcutoff   = 0.000000e+000
alpha     = 0.000000e+000
beta      = 6.821926e+001
accuracy  = 2.684412e-012

type          = QTEM
wave imp.     = 2.634471e+002
wave imp.sig. = 4.218249e-003
line imp.     = 5.425652e+001

ref. port     = 0

0.000000e+000  -2.241400e+000  -4.483027e+000  -6.706457e+000  -8.855938e+000  -9.862200e+000  -1.080401e+001  -1.165957e+001  -1.240465e+001  -1.301528e+001  -1.346929e+001  -1.385329e+001  -1.346929e+001  -1.301528e+001  -1.240465e+001  -1.165957e+001  -1.080401e+001  -9.862200e+000  -8.855938e+000  -6.706457e+000  -4.483027e+000  -2.241400e+000  0.000000e+000  
0.000000e+000  -2.241502e+000  -4.501885e+000  -6.781402e+000  -9.040147e+000  -1.012202e+001  -1.115114e+001  -1.210135e+001  -1.294232e+001  -1.364162e+001  -1.416782e+001  -1.462115e+001  -1.416782e+001  -1.364162e+001  -1.294232e+001  -1.210135e+001  -1.115114e+001  -1.012202e+001  -9.040147e+000  -6.781402e+000  -4.501885e+000  -2.241502e+000  0.000000e+000  
0.000000e+000  -2.223055e+000  -4.502312e+000  -6.878599e+000  -9.351496e+000  -1.059294e+001  -1.181386e+001  -1.297998e+001  -1.404652e+001  -1.496023e+001  -1.566494e+001  -1.629551e+001  -1.566494e+001  -1.496023e+001  -1.404652e+001  -1.297998e+001  -1.181386e+001  -1.059294e+001  -9.351496e+000  -6.878599e+000  -4.502312e+000  -2.223055e+000  0.000000e+000  
0.000000e+000  -2.148740e+000  -4.406784e+000  -6.879391e+000  -9.649404e+000  -1.114590e+001  -1.269559e+001  -1.425685e+001  -1.576181e+001  -1.711472e+001  -1.820035e+001  -1.923083e+001  -1.820035e+001  -1.711472e+001  -1.576181e+001  -1.425685e+001  -1.269559e+001  -1.114590e+001  -9.649404e+000  -6.879391e+000  -4.406784e+000  -2.148740e+000  0.000000e+000  
0.000000e+000  -2.011437e+000  -4.174389e+000  -6.656873e+000  -9.649765e+000  -1.140099e+001  -1.332203e+001  -1.538331e+001  -1.750429e+001  -1.953229e+001  -2.124254e+001  -2.297788e+001  -2.124254e+001  -1.953229e+001  -1.750429e+001  -1.538331e+001  -1.332203e+001  -1.140099e+001  -9.649765e+000  -6.656873e+000  -4.174390e+000  -2.011438e+000  0.000000e+000  
0.000000e+000  -1.882197e+000  -3.939565e+000  -6.380907e+000  -9.480128e+000  -1.140119e+001  -1.359937e+001  -1.607456e+001  -1.875887e+001  -2.146171e+001  -2.383232e+001  -2.634352e+001  -2.383232e+001  -2.146171e+001  -1.875887e+001  -1.607456e+001  -1.359937e+001  -1.140119e+001  -9.480128e+000  -6.380907e+000  -3.939565e+000  -1.882197e+000  0.000000e+000  
0.000000e+000  -1.709257e+000  -3.608737e+000  -5.940454e+000  -9.062830e+000  -1.112425e+001  -1.359965e+001  -1.655663e+001  -1.999487e+001  -2.372331e+001  -2.716538e+001  -3.096468e+001  -2.716538e+001  -2.372331e+001  -1.999487e+001  -1.655663e+001  -1.359965e+001  -1.112425e+001  -9.062830e+000  -5.940454e+000  -3.608737e+000  -1.709257e+000  0.000000e+000  
0.000000e+000  -1.488785e+000  -3.169839e+000  -5.302320e+000  -8.312017e+000  -1.043331e+001  -1.311833e+001  -1.655739e+001  -2.094060e+001  -2.627122e+001  -3.152663e+001  -3.748542e+001  -3.152663e+001  -2.627122e+001  -2.094060e+001  -1.655739e+001  -1.311833e+001  -1.043331e+001  -8.312017e+000  -5.302320e+000  -3.169839e+000  -1.488785e+000  0.000000e+000  
0.000000e+000  -1.220242e+000  -2.618075e+000  -4.444867e+000  -7.150217e+000  -9.178605e+000  -1.188293e+001  -1.561397e+001  -2.093887e+001  -2.720914e+001  0.000000e+000  0.000000e+000  0.000000e+000  -2.720914e+001  -2.093887e+001  -1.561397e+001  -1.188293e+001  -9.178605e+000  -7.150217e+000  -4.444867e+000  -2.618075e+000  -1.220242e+000  0.000000e+000  
0.000000e+000  -9.072989e-001  -1.959064e+000  -3.367763e+000  -5.537923e+000  -7.247940e+000  -9.620775e+000  -1.307666e+001  -2.030101e+001  0.000000e+000  0.000000e+000  0.000000e+000  0.000000e+000  0.000000e+000  -2.030101e+001  -1.307666e+001  -9.620775e+000  -7.247940e+000  -5.537923e+000  -3.367763e+000  -1.959064e+000  -9.072989e-001  0.000000e+000  
0.000000e+000  -3.837048e-001  -8.366897e-001  -1.466546e+000  -2.494520e+000  -3.357686e+000  -4.602933e+000  -6.477021e+000  0.000000e+000  0.000000e+000  0.000000e+000  0.000000e+000  0.000000e+000  0.000000e+000  0.000000e+000  -6.477021e+000  -4.602933e+000  -3.357686e+000  -2.494520e+000  -1.466546e+000  -8.366897e-001  -3.837048e-001  0.000000e+000  
0.000000e+000  3.837048e-001  8.366897e-001  1.466546e+000  2.494520e+000  3.357686e+000  4.602933e+000  6.477021e+000  0.000000e+000  0.000000e+000  0.000000e+000  0.000000e+000  0.000000e+000  0.000000e+000  0.000000e+000  6.477021e+000  4.602933e+000  3.357686e+000  2.494520e+000  1.466546e+000  8.366898e-001  3.837049e-001  0.000000e+000  
0.000000e+000  9.072989e-001  1.959064e+000  3.367763e+000  5.537923e+000  7.247940e+000  9.620775e+000  1.307666e+001  2.030101e+001  0.000000e+000  0.000000e+000  0.000000e+000  0.000000e+000  0.000000e+000  2.030101e+001  1.307666e+001  9.620775e+000  7.247940e+000  5.537923e+000  3.367763e+000  1.959064e+000  9.072989e-001  0.000000e+000  
0.000000e+000  1.220242e+000  2.618075e+000  4.444867e+000  7.150217e+000  9.178605e+000  1.188293e+001  1.561397e+001  2.093887e+001  2.720914e+001  0.000000e+000  0.000000e+000  0.000000e+000  2.720914e+001  2.093887e+001  1.561397e+001  1.188293e+001  9.178605e+000  7.150217e+000  4.444867e+000  2.618075e+000  1.220243e+000  0.000000e+000  
0.000000e+000  1.488785e+000  3.169839e+000  5.302320e+000  8.312017e+000  1.043331e+001  1.311833e+001  1.655739e+001  2.094060e+001  2.627122e+001  3.152663e+001  3.748542e+001  3.152663e+001  2.627122e+001  2.094060e+001  1.655740e+001  1.311833e+001  1.043331e+001  8.312017e+000  5.302320e+000  3.169839e+000  1.488785e+000  0.000000e+000  
0.000000e+000  1.709257e+000  3.608737e+000  5.940454e+000  9.062830e+000  1.112425e+001  1.359965e+001  1.655663e+001  1.999487e+001  2.372331e+001  2.716538e+001  3.096468e+001  2.716538e+001  2.372331e+001  1.999487e+001  1.655663e+001  1.359965e+001  1.112425e+001  9.062830e+000  5.940454e+000  3.608737e+000  1.709257e+000  0.000000e+000  
0.000000e+000  1.882197e+000  3.939565e+000  6.380907e+000  9.480128e+000  1.140119e+001  1.359937e+001  1.607456e+001  1.875887e+001  2.146171e+001  2.383232e+001  2.634352e+001  2.383232e+001  2.146171e+001  1.875887e+001  1.607456e+001  1.359937e+001  1.140119e+001  9.480128e+000  6.380907e+000  3.939565e+000  1.882198e+000  0.000000e+000  
0.000000e+000  2.011438e+000  4.174390e+000  6.656873e+000  9.649765e+000  1.140099e+001  1.332203e+001  1.538331e+001  1.750429e+001  1.953229e+001  2.124254e+001  2.297788e+001  2.124254e+001  1.953229e+001  1.750429e+001  1.538331e+001  1.332203e+001  1.140099e+001  9.649765e+000  6.656873e+000  4.174390e+000  2.011438e+000  0.000000e+000  
0.000000e+000  2.148740e+000  4.406784e+000  6.879391e+000  9.649404e+000  1.114590e+001  1.269559e+001  1.425685e+001  1.576181e+001  1.711472e+001  1.820035e+001  1.923083e+001  1.820035e+001  1.711472e+001  1.576181e+001  1.425685e+001  1.269559e+001  1.114590e+001  9.649404e+000  6.879391e+000  4.406784e+000  2.148740e+000  0.000000e+000  
0.000000e+000  2.223055e+000  4.502312e+000  6.878599e+000  9.351496e+000  1.059294e+001  1.181386e+001  1.297998e+001  1.404652e+001  1.496023e+001  1.566494e+001  1.629551e+001  1.566494e+001  1.496023e+001  1.404652e+001  1.297998e+001  1.181386e+001  1.059294e+001  9.351496e+000  6.878599e+000  4.502312e+000  2.223055e+000  0.000000e+000  
0.000000e+000  2.241502e+000  4.501885e+000  6.781402e+000  9.040147e+000  1.012202e+001  1.115114e+001  1.210135e+001  1.294232e+001  1.364162e+001  1.416782e+001  1.462115e+001  1.416782e+001  1.364162e+001  1.294232e+001  1.210135e+001  1.115114e+001  1.012202e+001  9.040147e+000  6.781402e+000  4.501885e+000  2.241502e+000  0.000000e+000  
0.000000e+000  2.241400e+000  4.483027e+000  6.706457e+000  8.855938e+000  9.862200e+000  1.080401e+001  1.165957e+001  1.240465e+001  1.301528e+001  1.346929e+001  1.385329e+001  1.346929e+001  1.301528e+001  1.240465e+001  1.165957e+001  1.080401e+001  9.862200e+000  8.855938e+000  6.706457e+000  4.483027e+000  2.241400e+000  0.000000e+000  
0.000000e+000  0.000000e+000  0.000000e+000  0.000000e+000  0.000000e+000  0.000000e+000  0.000000e+000  0.000000e+000  0.000000e+000  0.000000e+000  0.000000e+000  0.000000e+000  0.000000e+000  0.000000e+000  0.000000e+000  0.000000e+000  0.000000e+000  0.000000e+000  0.000000e+000  0.000000e+000  0.000000e+000  0.000000e+000  0.000000e+000  

0.000000e+000  0.000000e+000  0.000000e+000  0.000000e+000  0.000000e+000  0.000000e+000  0.000000e+000  0.000000e+000  0.000000e+000  0.000000e+000  0.000000e+000  0.000000e+000  0.000000e+000  0.000000e+000  0.000000e+000  0.000000e+000  0.000000e+000  0.000000e+000  0.000000e+000  0.000000e+000  0.000000e+000  0.000000e+000  0.000000e+000  
2.241400e+000  2.241511e+000  2.223081e+000  2.148793e+000  2.011515e+000  1.882294e+000  1.709371e+000  1.488914e+000  1.220378e+000  9.074262e-001  3.837864e-001  -3.837865e-001  -9.074262e-001  -1.220378e+000  -1.488914e+000  -1.709371e+000  -1.882294e+000  -2.011516e+000  -2.148793e+000  -2.223081e+000  -2.241511e+000  -2.241400e+000  0.000000e+000  
4.483018e+000  4.501893e+000  4.502355e+000  4.406882e+000  4.174541e+000  3.939758e+000  3.608977e+000  3.170128e+000  2.618407e+000  1.959408e+000  8.369552e-001  -8.369553e-001  -1.959408e+000  -2.618407e+000  -3.170129e+000  -3.608977e+000  -3.939758e+000  -4.174541e+000  -4.406882e+000  -4.502356e+000  -4.501893e+000  -4.483018e+000  0.000000e+000  
6.706422e+000  6.781392e+000  6.878643e+000  6.879514e+000  6.657075e+000  6.381175e+000  5.940811e+000  5.302802e+000  4.445514e+000  3.368577e+000  1.467422e+000  -1.467422e+000  -3.368577e+000  -4.445515e+000  -5.302802e+000  -5.940811e+000  -6.381175e+000  -6.657075e+000  -6.879514e+000  -6.878643e+000  -6.781392e+000  -6.706422e+000  0.000000e+000  
8.855849e+000  9.040092e+000  9.351513e+000  9.649527e+000  9.649965e+000  9.480379e+000  9.063159e+000  8.312532e+000  7.151173e+000  5.539708e+000  2.497844e+000  -2.497845e+000  -5.539708e+000  -7.151173e+000  -8.312532e+000  -9.063159e+000  -9.480379e+000  -9.649965e+000  -9.649527e+000  -9.351514e+000  -9.040092e+000  -8.855849e+000  0.000000e+000  
9.862072e+000  1.012192e+001  1.059294e+001  1.114603e+001  1.140119e+001  1.140139e+001  1.112441e+001  1.043346e+001  9.179130e+000  7.249914e+000  3.365497e+000  -3.365497e+000  -7.249914e+000  -9.179130e+000  -1.043346e+001  -1.112441e+001  -1.140139e+001  -1.140119e+001  -1.114603e+001  -1.059294e+001  -1.012192e+001  -9.862073e+000  0.000000e+000  
1.080384e+001  1.115100e+001  1.181381e+001  1.269572e+001  1.332228e+001  1.359957e+001  1.359958e+001  1.311775e+001  1.188195e+001  9.620497e+000  4.621083e+000  -4.621083e+000  -9.620498e+000  -1.188195e+001  -1.311775e+001  -1.359958e+001  -1.359957e+001  -1.332228e+001  -1.269572e+001  -1.181381e+001  -1.115100e+001  -1.080384e+001  0.000000e+000  
1.165934e+001  1.210115e+001  1.297988e+001  1.425700e+001  1.538374e+001  1.607498e+001  1.655655e+001  1.655598e+001  1.561038e+001  1.306255e+001  6.520727e+000  -6.520727e+000  -1.306255e+001  -1.561038e+001  -1.655598e+001  -1.655655e+001  -1.607498e+001  -1.538374e+001  -1.425700e+001  -1.297988e+001  -1.210115e+001  -1.165934e+001  0.000000e+000  
1.240435e+001  1.294204e+001  1.404632e+001  1.576194e+001  1.750508e+001  1.876003e+001  1.999563e+001  2.093918e+001  2.094099e+001  2.000307e+001  0.000000e+000  0.000000e+000  -2.000307e+001  -2.094099e+001  -2.093918e+001  -1.999563e+001  -1.876003e+001  -1.750508e+001  -1.576194e+001  -1.404632e+001  -1.294204e+001  -1.240435e+001  0.000000e+000  
1.301492e+001  1.364124e+001  1.495988e+001  1.711470e+001  1.953351e+001  2.146438e+001  2.372669e+001  2.626408e+001  2.690195e+001  0.000000e+000  0.000000e+000  0.000000e+000  0.000000e+000  -2.690195e+001  -2.626408e+001  -2.372669e+001  -2.146438e+001  -1.953351e+001  -1.711470e+001  -1.495988e+001  -1.364124e+001  -1.301492e+001  0.000000e+000  
1.346886e+001  1.416733e+001  1.566435e+001  1.819984e+001  2.124357e+001  2.383724e+001  2.718258e+001  3.158238e+001  0.000000e+000  0.000000e+000  0.000000e+000  0.000000e+000  0.000000e+000  0.000000e+000  -3.158238e+001  -2.718258e+001  -2.383724e+001  -2.124357e+001  -1.819984e+001  -1.566435e+001  -1.416733e+001  -1.346886e+001  0.000000e+000  
1.385278e+001  1.462048e+001  1.629431e+001  1.922787e+001  2.296994e+001  2.632776e+001  3.093078e+001  3.740781e+001  0.000000e+000  0.000000e+000  0.000000e+000  0.000000e+000  0.000000e+000  0.000000e+000  -3.740781e+001  -3.093078e+001  -2.632776e+001  -2.296994e+001  -1.922787e+001  -1.629431e+001  -1.462048e+001  -1.385278e+001  0.000000e+000  
1.346886e+001  1.416733e+001  1.566435e+001  1.819984e+001  2.124357e+001  2.383724e+001  2.718258e+001  3.158238e+001  0.000000e+000  0.000000e+000  0.000000e+000  0.000000e+000  0.000000e+000  0.000000e+000  -3.158238e+001  -2.718258e+001  -2.383724e+001  -2.124357e+001  -1.819984e+001  -1.566435e+001  -1.416733e+001  -1.346886e+001  0.000000e+000  
1.301492e+001  1.364124e+001  1.495988e+001  1.711470e+001  1.953351e+001  2.146438e+001  2.372669e+001  2.626408e+001  2.690195e+001  0.000000e+000  0.000000e+000  0.000000e+000  0.000000e+000  -2.690195e+001  -2.626408e+001  -2.372669e+001  -2.146438e+001  -1.953351e+001  -1.711470e+001  -1.495988e+001  -1.364124e+001  -1.301492e+001  0.000000e+000  
1.240435e+001  1.294204e+001  1.404632e+001  1.576194e+001  1.750508e+001  1.876003e+001  1.999563e+001  2.093918e+001  2.094099e+001  2.000307e+001  0.000000e+000  0.000000e+000  -2.000307e+001  -2.094099e+001  -2.093918e+001  -1.999563e+001  -1.876003e+001  -1.750508e+001  -1.576194e+001  -1.404632e+001  -1.294204e+001  -1.240435e+001  0.000000e+000  
1.165934e+001  1.210115e+001  1.297988e+001  1.425700e+001  1.538374e+001  1.607498e+001  1.655655e+001  1.655598e+001  1.561038e+001  1.306255e+001  6.520727e+000  -6.520727e+000  -1.306255e+001  -1.561038e+001  -1.655598e+001  -1.655655e+001  -1.607498e+001  -1.538374e+001  -1.425700e+001  -1.297988e+001  -1.210115e+001  -1.165934e+001  0.000000e+000  
1.080384e+001  1.115100e+001  1.181381e+001  1.269572e+001  1.332228e+001  1.359957e+001  1.359958e+001  1.311775e+001  1.188195e+001  9.620497e+000  4.621083e+000  -4.621083e+000  -9.620498e+000  -1.188195e+001  -1.311775e+001  -1.359958e+001  -1.359957e+001  -1.332228e+001  -1.269572e+001  -1.181381e+001  -1.115100e+001  -1.080384e+001  0.000000e+000  
9.862072e+000  1.012192e+001  1.059294e+001  1.114603e+001  1.140119e+001  1.140139e+001  1.112441e+001  1.043346e+001  9.179130e+000  7.249914e+000  3.365497e+000  -3.365497e+000  -7.249914e+000  -9.179130e+000  -1.043346e+001  -1.112441e+001  -1.140139e+001  -1.140119e+001  -1.114603e+001  -1.059294e+001  -1.012192e+001  -9.862073e+000  0.000000e+000  
8.855849e+000  9.040092e+000  9.351513e+000  9.649527e+000  9.649965e+000  9.480379e+000  9.063159e+000  8.312532e+000  7.151173e+000  5.539708e+000  2.497844e+000  -2.497845e+000  -5.539708e+000  -7.151173e+000  -8.312532e+000  -9.063159e+000  -9.480379e+000  -9.649965e+000  -9.649527e+000  -9.351514e+000  -9.040093e+000  -8.855850e+000  0.000000e+000  
6.706422e+000  6.781392e+000  6.878643e+000  6.879514e+000  6.657075e+000  6.381175e+000  5.940811e+000  5.302802e+000  4.445514e+000  3.368577e+000  1.467422e+000  -1.467422e+000  -3.368577e+000  -4.445515e+000  -5.302802e+000  -5.940811e+000  -6.381175e+000  -6.657075e+000  -6.879514e+000  -6.878643e+000  -6.781392e+000  -6.706422e+000  0.000000e+000  
4.483018e+000  4.501893e+000  4.502355e+000  4.406882e+000  4.174541e+000  3.939758e+000  3.608977e+000  3.170128e+000  2.618407e+000  1.959408e+000  8.369552e-001  -8.369553e-001  -1.959408e+000  -2.618407e+000  -3.170129e+000  -3.608977e+000  -3.939758e+000  -4.174541e+000  -4.406882e+000  -4.502356e+000  -4.501894e+000  -4.483018e+000  0.000000e+000  
2.241400e+000  2.241511e+000  2.223081e+000  2.148793e+000  2.011515e+000  1.882294e+000  1.709371e+000  1.488914e+000  1.220378e+000  9.074262e-001  3.837864e-001  -3.837865e-001  -9.074263e-001  -1.220378e+000  -1.488914e+000  -1.709371e+000  -1.882294e+000  -2.011516e+000  -2.148793e+000  -2.223082e+000  -2.241511e+000  -2.241400e+000  0.000000e+000  
0.000000e+000  0.000000e+000  0.000000e+000  0.000000e+000  0.000000e+000  0.000000e+000  0.000000e+000  0.000000e+000  0.000000e+000  0.000000e+000  0.000000e+000  0.000000e+000  0.000000e+000  0.000000e+000  0.000000e+000  0.000000e+000  0.000000e+000  0.000000e+000  0.000000e+000  0.000000e+000  0.000000e+000  0.000000e+000  0.000000e+000  

0.000000e+000  0.000000e+000  0.000000e+000  0.000000e+000  0.000000e+000  0.000000e+000  0.000000e+000  0.000000e+000  0.000000e+000  0.000000e+000  0.000000e+000  0.000000e+000  0.000000e+000  0.000000e+000  0.000000e+000  0.000000e+000  0.000000e+000  0.000000e+000  0.000000e+000  0.000000e+000  0.000000e+000  0.000000e+000  0.000000e+000  
0.000000e+000  0.000000e+000  0.000000e+000  0.000000e+000  0.000000e+000  0.000000e+000  0.000000e+000  0.000000e+000  0.000000e+000  0.000000e+000  0.000000e+000  0.000000e+000  0.000000e+000  0.000000e+000  0.000000e+000  0.000000e+000  0.000000e+000  0.000000e+000  0.000000e+000  0.000000e+000  0.000000e+000  0.000000e+000  0.000000e+000  
0.000000e+000  0.000000e+000  0.000000e+000  0.000000e+000  0.000000e+000  0.000000e+000  0.000000e+000  0.000000e+000  0.000000e+000  0.000000e+000  0.000000e+000  0.000000e+000  0.000000e+000  0.000000e+000  0.000000e+000  0.000000e+000  0.000000e+000  0.000000e+000  0.000000e+000  0.000000e+000  0.000000e+000  0.000000e+000  0.000000e+000  
0.000000e+000  0.000000e+000  0.000000e+000  0.000000e+000  0.000000e+000  0.000000e+000  0.000000e+000  0.000000e+000  0.000000e+000  0.000000e+000  0.000000e+000  0.000000e+000  0.000000e+000  0.000000e+000  0.000000e+000  0.000000e+000  0.000000e+000  0.000000e+000  0.000000e+000  0.000000e+000  0.000000e+000  0.000000e+000  0.000000e+000  
0.000000e+000  0.000000e+000  0.000000e+000  0.000000e+000  0.000000e+000  0.000000e+000  0.000000e+000  0.000000e+000  0.000000e+000  0.000000e+000  0.000000e+000  0.000000e+000  0.000000e+000  0.000000e+000  0.000000e+000  0.000000e+000  0.000000e+000  0.000000e+000  0.000000e+000  0.000000e+000  0.000000e+000  0.000000e+000  0.000000e+000  
0.000000e+000  0.000000e+000  0.000000e+000  0.000000e+000  0.000000e+000  0.000000e+000  0.000000e+000  0.000000e+000  0.000000e+000  0.000000e+000  0.000000e+000  0.000000e+000  0.000000e+000  0.000000e+000  0.000000e+000  0.000000e+000  0.000000e+000  0.000000e+000  0.000000e+000  0.000000e+000  0.000000e+000  0.000000e+000  0.000000e+000  
0.000000e+000  0.000000e+000  0.000000e+000  0.000000e+000  0.000000e+000  0.000000e+000  0.000000e+000  0.000000e+000  0.000000e+000  0.000000e+000  0.000000e+000  0.000000e+000  0.000000e+000  0.000000e+000  0.000000e+000  0.000000e+000  0.000000e+000  0.000000e+000  0.000000e+000  0.000000e+000  0.000000e+000  0.000000e+000  0.000000e+000  
0.000000e+000  0.000000e+000  0.000000e+000  0.000000e+000  0.000000e+000  0.000000e+000  0.000000e+000  0.000000e+000  0.000000e+000  0.000000e+000  0.000000e+000  0.000000e+000  0.000000e+000  0.000000e+000  0.000000e+000  0.000000e+000  0.000000e+000  0.000000e+000  0.000000e+000  0.000000e+000  0.000000e+000  0.000000e+000  0.000000e+000  
0.000000e+000  0.000000e+000  0.000000e+000  0.000000e+000  0.000000e+000  0.000000e+000  0.000000e+000  0.000000e+000  0.000000e+000  0.000000e+000  0.000000e+000  0.000000e+000  0.000000e+000  0.000000e+000  0.000000e+000  0.000000e+000  0.000000e+000  0.000000e+000  0.000000e+000  0.000000e+000  0.000000e+000  0.000000e+000  0.000000e+000  
0.000000e+000  0.000000e+000  0.000000e+000  0.000000e+000  0.000000e+000  0.000000e+000  0.000000e+000  0.000000e+000  0.000000e+000  0.000000e+000  0.000000e+000  0.000000e+000  0.000000e+000  0.000000e+000  0.000000e+000  0.000000e+000  0.000000e+000  0.000000e+000  0.000000e+000  0.000000e+000  0.000000e+000  0.000000e+000  0.000000e+000  
0.000000e+000  0.000000e+000  0.000000e+000  0.000000e+000  0.000000e+000  0.000000e+000  0.000000e+000  0.000000e+000  0.000000e+000  0.000000e+000  0.000000e+000  0.000000e+000  0.000000e+000  0.000000e+000  0.000000e+000  0.000000e+000  0.000000e+000  0.000000e+000  0.000000e+000  0.000000e+000  0.000000e+000  0.000000e+000  0.000000e+000  
0.000000e+000  0.000000e+000  0.000000e+000  0.000000e+000  0.000000e+000  0.000000e+000  0.000000e+000  0.000000e+000  0.000000e+000  0.000000e+000  0.000000e+000  0.000000e+000  0.000000e+000  0.000000e+000  0.000000e+000  0.000000e+000  0.000000e+000  0.000000e+000  0.000000e+000  0.000000e+000  0.000000e+000  0.000000e+000  0.000000e+000  
0.000000e+000  0.000000e+000  0.000000e+000  0.000000e+000  0.000000e+000  0.000000e+000  0.000000e+000  0.000000e+000  0.000000e+000  0.000000e+000  0.000000e+000  0.000000e+000  0.000000e+000  0.000000e+000  0.000000e+000  0.000000e+000  0.000000e+000  0.000000e+000  0.000000e+000  0.000000e+000  0.000000e+000  0.000000e+000  0.000000e+000  
0.000000e+000  0.000000e+000  0.000000e+000  0.000000e+000  0.000000e+000  0.000000e+000  0.000000e+000  0.000000e+000  0.000000e+000  0.000000e+000  0.000000e+000  0.000000e+000  0.000000e+000  0.000000e+000  0.000000e+000  0.000000e+000  0.000000e+000  0.000000e+000  0.000000e+000  0.000000e+000  0.000000e+000  0.000000e+000  0.000000e+000  
0.000000e+000  0.000000e+000  0.000000e+000  0.000000e+000  0.000000e+000  0.000000e+000  0.000000e+000  0.000000e+000  0.000000e+000  0.000000e+000  0.000000e+000  0.000000e+000  0.000000e+000  0.000000e+000  0.000000e+000  0.000000e+000  0.000000e+000  0.000000e+000  0.000000e+000  0.000000e+000  0.000000e+000  0.000000e+000  0.000000e+000  
0.000000e+000  0.000000e+000  0.000000e+000  0.000000e+000  0.000000e+000  0.000000e+000  0.000000e+000  0.000000e+000  0.000000e+000  0.000000e+000  0.000000e+000  0.000000e+000  0.000000e+000  0.000000e+000  0.000000e+000  0.000000e+000  0.000000e+000  0.000000e+000  0.000000e+000  0.000000e+000  0.000000e+000  0.000000e+000  0.000000e+000  
0.000000e+000  0.000000e+000  0.000000e+000  0.000000e+000  0.000000e+000  0.000000e+000  0.000000e+000  0.000000e+000  0.000000e+000  0.000000e+000  0.000000e+000  0.000000e+000  0.000000e+000  0.000000e+000  0.000000e+000  0.000000e+000  0.000000e+000  0.000000e+000  0.000000e+000  0.000000e+000  0.000000e+000  0.000000e+000  0.000000e+000  
0.000000e+000  0.000000e+000  0.000000e+000  0.000000e+000  0.000000e+000  0.000000e+000  0.000000e+000  0.000000e+000  0.000000e+000  0.000000e+000  0.000000e+000  0.000000e+000  0.000000e+000  0.000000e+000  0.000000e+000  0.000000e+000  0.000000e+000  0.000000e+000  0.000000e+000  0.000000e+000  0.000000e+000  0.000000e+000  0.000000e+000  
0.000000e+000  0.000000e+000  0.000000e+000  0.000000e+000  0.000000e+000  0.000000e+000  0.000000e+000  0.000000e+000  0.000000e+000  0.000000e+000  0.000000e+000  0.000000e+000  0.000000e+000  0.000000e+000  0.000000e+000  0.000000e+000  0.000000e+000  0.000000e+000  0.000000e+000  0.000000e+000  0.000000e+000  0.000000e+000  0.000000e+000  
0.000000e+000  0.000000e+000  0.000000e+000  0.000000e+000  0.000000e+000  0.000000e+000  0.000000e+000  0.000000e+000  0.000000e+000  0.000000e+000  0.000000e+000  0.000000e+000  0.000000e+000  0.000000e+000  0.000000e+000  0.000000e+000  0.000000e+000  0.000000e+000  0.000000e+000  0.000000e+000  0.000000e+000  0.000000e+000  0.000000e+000  
0.000000e+000  0.000000e+000  0.000000e+000  0.000000e+000  0.000000e+000  0.000000e+000  0.000000e+000  0.000000e+000  0.000000e+000  0.000000e+000  0.000000e+000  0.000000e+000  0.000000e+000  0.000000e+000  0.000000e+000  0.000000e+000  0.000000e+000  0.000000e+000  0.000000e+000  0.000000e+000  0.000000e+000  0.000000e+000  0.000000e+000  
0.000000e+000  0.000000e+000  0.000000e+000  0.000000e+000  0.000000e+000  0.000000e+000  0.000000e+000  0.000000e+000  0.000000e+000  0.000000e+000  0.000000e+000  0.000000e+000  0.000000e+000  0.000000e+000  0.000000e+000  0.000000e+000  0.000000e+000  0.000000e+000  0.000000e+000  0.000000e+000  0.000000e+000  0.000000e+000  0.000000e+000  
0.000000e+000  0.000000e+000  0.000000e+000  0.000000e+000  0.000000e+000  0.000000e+000  0.000000e+000  0.000000e+000  0.000000e+000  0.000000e+000  0.000000e+000  0.000000e+000  0.000000e+000  0.000000e+000  0.000000e+000  0.000000e+000  0.000000e+000  0.000000e+000  0.000000e+000  0.000000e+000  0.000000e+000  0.000000e+000  0.000000e+000  

0.000000e+000  0.000000e+000  0.000000e+000  0.000000e+000  0.000000e+000  0.000000e+000  0.000000e+000  0.000000e+000  0.000000e+000  0.000000e+000  0.000000e+000  0.000000e+000  0.000000e+000  0.000000e+000  0.000000e+000  0.000000e+000  0.000000e+000  0.000000e+000  0.000000e+000  0.000000e+000  0.000000e+000  0.000000e+000  0.000000e+000  
0.000000e+000  0.000000e+000  0.000000e+000  0.000000e+000  0.000000e+000  0.000000e+000  0.000000e+000  0.000000e+000  0.000000e+000  0.000000e+000  0.000000e+000  0.000000e+000  0.000000e+000  0.000000e+000  0.000000e+000  0.000000e+000  0.000000e+000  0.000000e+000  0.000000e+000  0.000000e+000  0.000000e+000  0.000000e+000  0.000000e+000  
0.000000e+000  0.000000e+000  0.000000e+000  0.000000e+000  0.000000e+000  0.000000e+000  0.000000e+000  0.000000e+000  0.000000e+000  0.000000e+000  0.000000e+000  0.000000e+000  0.000000e+000  0.000000e+000  0.000000e+000  0.000000e+000  0.000000e+000  0.000000e+000  0.000000e+000  0.000000e+000  0.000000e+000  0.000000e+000  0.000000e+000  
0.000000e+000  0.000000e+000  0.000000e+000  0.000000e+000  0.000000e+000  0.000000e+000  0.000000e+000  0.000000e+000  0.000000e+000  0.000000e+000  0.000000e+000  0.000000e+000  0.000000e+000  0.000000e+000  0.000000e+000  0.000000e+000  0.000000e+000  0.000000e+000  0.000000e+000  0.000000e+000  0.000000e+000  0.000000e+000  0.000000e+000  
0.000000e+000  0.000000e+000  0.000000e+000  0.000000e+000  0.000000e+000  0.000000e+000  0.000000e+000  0.000000e+000  0.000000e+000  0.000000e+000  0.000000e+000  0.000000e+000  0.000000e+000  0.000000e+000  0.000000e+000  0.000000e+000  0.000000e+000  0.000000e+000  0.000000e+000  0.000000e+000  0.000000e+000  0.000000e+000  0.000000e+000  
0.000000e+000  0.000000e+000  0.000000e+000  0.000000e+000  0.000000e+000  0.000000e+000  0.000000e+000  0.000000e+000  0.000000e+000  0.000000e+000  0.000000e+000  0.000000e+000  0.000000e+000  0.000000e+000  0.000000e+000  0.000000e+000  0.000000e+000  0.000000e+000  0.000000e+000  0.000000e+000  0.000000e+000  0.000000e+000  0.000000e+000  
0.000000e+000  0.000000e+000  0.000000e+000  0.000000e+000  0.000000e+000  0.000000e+000  0.000000e+000  0.000000e+000  0.000000e+000  0.000000e+000  0.000000e+000  0.000000e+000  0.000000e+000  0.000000e+000  0.000000e+000  0.000000e+000  0.000000e+000  0.000000e+000  0.000000e+000  0.000000e+000  0.000000e+000  0.000000e+000  0.000000e+000  
0.000000e+000  0.000000e+000  0.000000e+000  0.000000e+000  0.000000e+000  0.000000e+000  0.000000e+000  0.000000e+000  0.000000e+000  0.000000e+000  0.000000e+000  0.000000e+000  0.000000e+000  0.000000e+000  0.000000e+000  0.000000e+000  0.000000e+000  0.000000e+000  0.000000e+000  0.000000e+000  0.000000e+000  0.000000e+000  0.000000e+000  
0.000000e+000  0.000000e+000  0.000000e+000  0.000000e+000  0.000000e+000  0.000000e+000  0.000000e+000  0.000000e+000  0.000000e+000  0.000000e+000  0.000000e+000  0.000000e+000  0.000000e+000  0.000000e+000  0.000000e+000  0.000000e+000  0.000000e+000  0.000000e+000  0.000000e+000  0.000000e+000  0.000000e+000  0.000000e+000  0.000000e+000  
0.000000e+000  0.000000e+000  0.000000e+000  0.000000e+000  0.000000e+000  0.000000e+000  0.000000e+000  0.000000e+000  0.000000e+000  0.000000e+000  0.000000e+000  0.000000e+000  0.000000e+000  0.000000e+000  0.000000e+000  0.000000e+000  0.000000e+000  0.000000e+000  0.000000e+000  0.000000e+000  0.000000e+000  0.000000e+000  0.000000e+000  
0.000000e+000  0.000000e+000  0.000000e+000  0.000000e+000  0.000000e+000  0.000000e+000  0.000000e+000  0.000000e+000  0.000000e+000  0.000000e+000  0.000000e+000  0.000000e+000  0.000000e+000  0.000000e+000  0.000000e+000  0.000000e+000  0.000000e+000  0.000000e+000  0.000000e+000  0.000000e+000  0.000000e+000  0.000000e+000  0.000000e+000  
0.000000e+000  0.000000e+000  0.000000e+000  0.000000e+000  0.000000e+000  0.000000e+000  0.000000e+000  0.000000e+000  0.000000e+000  0.000000e+000  0.000000e+000  0.000000e+000  0.000000e+000  0.000000e+000  0.000000e+000  0.000000e+000  0.000000e+000  0.000000e+000  0.000000e+000  0.000000e+000  0.000000e+000  0.000000e+000  0.000000e+000  
0.000000e+000  0.000000e+000  0.000000e+000  0.000000e+000  0.000000e+000  0.000000e+000  0.000000e+000  0.000000e+000  0.000000e+000  0.000000e+000  0.000000e+000  0.000000e+000  0.000000e+000  0.000000e+000  0.000000e+000  0.000000e+000  0.000000e+000  0.000000e+000  0.000000e+000  0.000000e+000  0.000000e+000  0.000000e+000  0.000000e+000  
0.000000e+000  0.000000e+000  0.000000e+000  0.000000e+000  0.000000e+000  0.000000e+000  0.000000e+000  0.000000e+000  0.000000e+000  0.000000e+000  0.000000e+000  0.000000e+000  0.000000e+000  0.000000e+000  0.000000e+000  0.000000e+000  0.000000e+000  0.000000e+000  0.000000e+000  0.000000e+000  0.000000e+000  0.000000e+000  0.000000e+000  
0.000000e+000  0.000000e+000  0.000000e+000  0.000000e+000  0.000000e+000  0.000000e+000  0.000000e+000  0.000000e+000  0.000000e+000  0.000000e+000  0.000000e+000  0.000000e+000  0.000000e+000  0.000000e+000  0.000000e+000  0.000000e+000  0.000000e+000  0.000000e+000  0.000000e+000  0.000000e+000  0.000000e+000  0.000000e+000  0.000000e+000  
0.000000e+000  0.000000e+000  0.000000e+000  0.000000e+000  0.000000e+000  0.000000e+000  0.000000e+000  0.000000e+000  0.000000e+000  0.000000e+000  0.000000e+000  0.000000e+000  0.000000e+000  0.000000e+000  0.000000e+000  0.000000e+000  0.000000e+000  0.000000e+000  0.000000e+000  0.000000e+000  0.000000e+000  0.000000e+000  0.000000e+000  
0.000000e+000  0.000000e+000  0.000000e+000  0.000000e+000  0.000000e+000  0.000000e+000  0.000000e+000  0.000000e+000  0.000000e+000  0.000000e+000  0.000000e+000  0.000000e+000  0.000000e+000  0.000000e+000  0.000000e+000  0.000000e+000  0.000000e+000  0.000000e+000  0.000000e+000  0.000000e+000  0.000000e+000  0.000000e+000  0.000000e+000  
0.000000e+000  0.000000e+000  0.000000e+000  0.000000e+000  0.000000e+000  0.000000e+000  0.000000e+000  0.000000e+000  0.000000e+000  0.000000e+000  0.000000e+000  0.000000e+000  0.000000e+000  0.000000e+000  0.000000e+000  0.000000e+000  0.000000e+000  0.000000e+000  0.000000e+000  0.000000e+000  0.000000e+000  0.000000e+000  0.000000e+000  
0.000000e+000  0.000000e+000  0.000000e+000  0.000000e+000  0.000000e+000  0.000000e+000  0.000000e+000  0.000000e+000  0.000000e+000  0.000000e+000  0.000000e+000  0.000000e+000  0.000000e+000  0.000000e+000  0.000000e+000  0.000000e+000  0.000000e+000  0.000000e+000  0.000000e+000  0.000000e+000  0.000000e+000  0.000000e+000  0.000000e+000  
0.000000e+000  0.000000e+000  0.000000e+000  0.000000e+000  0.000000e+000  0.000000e+000  0.000000e+000  0.000000e+000  0.000000e+000  0.000000e+000  0.000000e+000  0.000000e+000  0.000000e+000  0.000000e+000  0.000000e+000  0.000000e+000  0.000000e+000  0.000000e+000  0.000000e+000  0.000000e+000  0.000000e+000  0.000000e+000  0.000000e+000  
0.000000e+000  0.000000e+000  0.000000e+000  0.000000e+000  0.000000e+000  0.000000e+000  0.000000e+000  0.000000e+000  0.000000e+000  0.000000e+000  0.000000e+000  0.000000e+000  0.000000e+000  0.000000e+000  0.000000e+000  0.000000e+000  0.000000e+000  0.000000e+000  0.000000e+000  0.000000e+000  0.000000e+000  0.000000e+000  0.000000e+000  
0.000000e+000  0.000000e+000  0.000000e+000  0.000000e+000  0.000000e+000  0.000000e+000  0.000000e+000  0.000000e+000  0.000000e+000  0.000000e+000  0.000000e+000  0.000000e+000  0.000000e+000  0.000000e+000  0.000000e+000  0.000000e+000  0.000000e+000  0.000000e+000  0.000000e+000  0.000000e+000  0.000000e+000  0.000000e+000  0.000000e+000  
0.000000e+000  0.000000e+000  0.000000e+000  0.000000e+000  0.000000e+000  0.000000e+000  0.000000e+000  0.000000e+000  0.000000e+000  0.000000e+000  0.000000e+000  0.000000e+000  0.000000e+000  0.000000e+000  0.000000e+000  0.000000e+000  0.000000e+000  0.000000e+000  0.000000e+000  0.000000e+000  0.000000e+000  0.000000e+000  0.000000e+000  

0.000000e+000  0.000000e+000  0.000000e+000  0.000000e+000  0.000000e+000  0.000000e+000  0.000000e+000  0.000000e+000  0.000000e+000  0.000000e+000  0.000000e+000  0.000000e+000  0.000000e+000  0.000000e+000  0.000000e+000  0.000000e+000  0.000000e+000  0.000000e+000  0.000000e+000  0.000000e+000  0.000000e+000  0.000000e+000  0.000000e+000  
0.000000e+000  0.000000e+000  0.000000e+000  0.000000e+000  0.000000e+000  0.000000e+000  0.000000e+000  0.000000e+000  0.000000e+000  0.000000e+000  0.000000e+000  0.000000e+000  0.000000e+000  0.000000e+000  0.000000e+000  0.000000e+000  0.000000e+000  0.000000e+000  0.000000e+000  0.000000e+000  0.000000e+000  0.000000e+000  0.000000e+000  
0.000000e+000  0.000000e+000  0.000000e+000  0.000000e+000  0.000000e+000  0.000000e+000  0.000000e+000  0.000000e+000  0.000000e+000  0.000000e+000  0.000000e+000  0.000000e+000  0.000000e+000  0.000000e+000  0.000000e+000  0.000000e+000  0.000000e+000  0.000000e+000  0.000000e+000  0.000000e+000  0.000000e+000  0.000000e+000  0.000000e+000  
0.000000e+000  0.000000e+000  0.000000e+000  0.000000e+000  0.000000e+000  0.000000e+000  0.000000e+000  0.000000e+000  0.000000e+000  0.000000e+000  0.000000e+000  0.000000e+000  0.000000e+000  0.000000e+000  0.000000e+000  0.000000e+000  0.000000e+000  0.000000e+000  0.000000e+000  0.000000e+000  0.000000e+000  0.000000e+000  0.000000e+000  
0.000000e+000  0.000000e+000  0.000000e+000  0.000000e+000  0.000000e+000  0.000000e+000  0.000000e+000  0.000000e+000  0.000000e+000  0.000000e+000  0.000000e+000  0.000000e+000  0.000000e+000  0.000000e+000  0.000000e+000  0.000000e+000  0.000000e+000  0.000000e+000  0.000000e+000  0.000000e+000  0.000000e+000  0.000000e+000  0.000000e+000  
0.000000e+000  0.000000e+000  0.000000e+000  0.000000e+000  0.000000e+000  0.000000e+000  0.000000e+000  0.000000e+000  0.000000e+000  0.000000e+000  0.000000e+000  0.000000e+000  0.000000e+000  0.000000e+000  0.000000e+000  0.000000e+000  0.000000e+000  0.000000e+000  0.000000e+000  0.000000e+000  0.000000e+000  0.000000e+000  0.000000e+000  
0.000000e+000  0.000000e+000  0.000000e+000  0.000000e+000  0.000000e+000  0.000000e+000  0.000000e+000  0.000000e+000  0.000000e+000  0.000000e+000  0.000000e+000  0.000000e+000  0.000000e+000  0.000000e+000  0.000000e+000  0.000000e+000  0.000000e+000  0.000000e+000  0.000000e+000  0.000000e+000  0.000000e+000  0.000000e+000  0.000000e+000  
0.000000e+000  0.000000e+000  0.000000e+000  0.000000e+000  0.000000e+000  0.000000e+000  0.000000e+000  0.000000e+000  0.000000e+000  0.000000e+000  0.000000e+000  0.000000e+000  0.000000e+000  0.000000e+000  0.000000e+000  0.000000e+000  0.000000e+000  0.000000e+000  0.000000e+000  0.000000e+000  0.000000e+000  0.000000e+000  0.000000e+000  
0.000000e+000  0.000000e+000  0.000000e+000  0.000000e+000  0.000000e+000  0.000000e+000  0.000000e+000  0.000000e+000  0.000000e+000  0.000000e+000  0.000000e+000  0.000000e+000  0.000000e+000  0.000000e+000  0.000000e+000  0.000000e+000  0.000000e+000  0.000000e+000  0.000000e+000  0.000000e+000  0.000000e+000  0.000000e+000  0.000000e+000  
0.000000e+000  0.000000e+000  0.000000e+000  0.000000e+000  0.000000e+000  0.000000e+000  0.000000e+000  0.000000e+000  0.000000e+000  0.000000e+000  0.000000e+000  0.000000e+000  0.000000e+000  0.000000e+000  0.000000e+000  0.000000e+000  0.000000e+000  0.000000e+000  0.000000e+000  0.000000e+000  0.000000e+000  0.000000e+000  0.000000e+000  
0.000000e+000  0.000000e+000  0.000000e+000  0.000000e+000  0.000000e+000  0.000000e+000  0.000000e+000  0.000000e+000  0.000000e+000  0.000000e+000  0.000000e+000  0.000000e+000  0.000000e+000  0.000000e+000  0.000000e+000  0.000000e+000  0.000000e+000  0.000000e+000  0.000000e+000  0.000000e+000  0.000000e+000  0.000000e+000  0.000000e+000  
0.000000e+000  0.000000e+000  0.000000e+000  0.000000e+000  0.000000e+000  0.000000e+000  0.000000e+000  0.000000e+000  0.000000e+000  0.000000e+000  0.000000e+000  0.000000e+000  0.000000e+000  0.000000e+000  0.000000e+000  0.000000e+000  0.000000e+000  0.000000e+000  0.000000e+000  0.000000e+000  0.000000e+000  0.000000e+000  0.000000e+000  
0.000000e+000  0.000000e+000  0.000000e+000  0.000000e+000  0.000000e+000  0.000000e+000  0.000000e+000  0.000000e+000  0.000000e+000  0.000000e+000  0.000000e+000  0.000000e+000  0.000000e+000  0.000000e+000  0.000000e+000  0.000000e+000  0.000000e+000  0.000000e+000  0.000000e+000  0.000000e+000  0.000000e+000  0.000000e+000  0.000000e+000  
0.000000e+000  0.000000e+000  0.000000e+000  0.000000e+000  0.000000e+000  0.000000e+000  0.000000e+000  0.000000e+000  0.000000e+000  0.000000e+000  0.000000e+000  0.000000e+000  0.000000e+000  0.000000e+000  0.000000e+000  0.000000e+000  0.000000e+000  0.000000e+000  0.000000e+000  0.000000e+000  0.000000e+000  0.000000e+000  0.000000e+000  
0.000000e+000  0.000000e+000  0.000000e+000  0.000000e+000  0.000000e+000  0.000000e+000  0.000000e+000  0.000000e+000  0.000000e+000  0.000000e+000  0.000000e+000  0.000000e+000  0.000000e+000  0.000000e+000  0.000000e+000  0.000000e+000  0.000000e+000  0.000000e+000  0.000000e+000  0.000000e+000  0.000000e+000  0.000000e+000  0.000000e+000  
0.000000e+000  0.000000e+000  0.000000e+000  0.000000e+000  0.000000e+000  0.000000e+000  0.000000e+000  0.000000e+000  0.000000e+000  0.000000e+000  0.000000e+000  0.000000e+000  0.000000e+000  0.000000e+000  0.000000e+000  0.000000e+000  0.000000e+000  0.000000e+000  0.000000e+000  0.000000e+000  0.000000e+000  0.000000e+000  0.000000e+000  
0.000000e+000  0.000000e+000  0.000000e+000  0.000000e+000  0.000000e+000  0.000000e+000  0.000000e+000  0.000000e+000  0.000000e+000  0.000000e+000  0.000000e+000  0.000000e+000  0.000000e+000  0.000000e+000  0.000000e+000  0.000000e+000  0.000000e+000  0.000000e+000  0.000000e+000  0.000000e+000  0.000000e+000  0.000000e+000  0.000000e+000  
0.000000e+000  0.000000e+000  0.000000e+000  0.000000e+000  0.000000e+000  0.000000e+000  0.000000e+000  0.000000e+000  0.000000e+000  0.000000e+000  0.000000e+000  0.000000e+000  0.000000e+000  0.000000e+000  0.000000e+000  0.000000e+000  0.000000e+000  0.000000e+000  0.000000e+000  0.000000e+000  0.000000e+000  0.000000e+000  0.000000e+000  
0.000000e+000  0.000000e+000  0.000000e+000  0.000000e+000  0.000000e+000  0.000000e+000  0.000000e+000  0.000000e+000  0.000000e+000  0.000000e+000  0.000000e+000  0.000000e+000  0.000000e+000  0.000000e+000  0.000000e+000  0.000000e+000  0.000000e+000  0.000000e+000  0.000000e+000  0.000000e+000  0.000000e+000  0.000000e+000  0.000000e+000  
0.000000e+000  0.000000e+000  0.000000e+000  0.000000e+000  0.000000e+000  0.000000e+000  0.000000e+000  0.000000e+000  0.000000e+000  0.000000e+000  0.000000e+000  0.000000e+000  0.000000e+000  0.000000e+000  0.000000e+000  0.000000e+000  0.000000e+000  0.000000e+000  0.000000e+000  0.000000e+000  0.000000e+000  0.000000e+000  0.000000e+000  
0.000000e+000  0.000000e+000  0.000000e+000  0.000000e+000  0.000000e+000  0.000000e+000  0.000000e+000  0.000000e+000  0.000000e+000  0.000000e+000  0.000000e+000  0.000000e+000  0.000000e+000  0.000000e+000  0.000000e+000  0.000000e+000  0.000000e+000  0.000000e+000  0.000000e+000  0.000000e+000  0.000000e+000  0.000000e+000  0.000000e+000  
0.000000e+000  0.000000e+000  0.000000e+000  0.000000e+000  0.000000e+000  0.000000e+000  0.000000e+000  0.000000e+000  0.000000e+000  0.000000e+000  0.000000e+000  0.000000e+000  0.000000e+000  0.000000e+000  0.000000e+000  0.000000e+000  0.000000e+000  0.000000e+000  0.000000e+000  0.000000e+000  0.000000e+000  0.000000e+000  0.000000e+000  
0.000000e+000  0.000000e+000  0.000000e+000  0.000000e+000  0.000000e+000  0.000000e+000  0.000000e+000  0.000000e+000  0.000000e+000  0.000000e+000  0.000000e+000  0.000000e+000  0.000000e+000  0.000000e+000  0.000000e+000  0.000000e+000  0.000000e+000  0.000000e+000  0.000000e+000  0.000000e+000  0.000000e+000  0.000000e+000  0.000000e+000  

-7.835034e-006  -6.630927e-003  -1.987822e-002  -3.917047e-002  -5.758042e-002  -7.572704e-002  -9.961720e-002  -7.114555e-002  -5.017975e-002  -3.357966e-002  -1.247846e-002  1.247633e-002  3.357751e-002  5.017760e-002  7.114338e-002  9.961502e-002  7.572485e-002  5.757822e-002  3.916824e-002  1.987598e-002  6.628658e-003  5.554510e-006  0.000000e+000  
6.615256e-003  -7.700332e-006  -1.383621e-002  -3.736370e-002  -4.064732e-002  -4.483681e-002  -4.674087e-002  -4.112135e-002  -3.271640e-002  -2.344880e-002  -9.298170e-003  9.296047e-003  2.344667e-002  3.271426e-002  4.111920e-002  4.673870e-002  4.483463e-002  4.064512e-002  3.736147e-002  1.383395e-002  5.422044e-006  -6.617548e-003  0.000000e+000  
1.986228e-002  1.382108e-002  -7.092673e-006  -1.503101e-002  -2.081798e-002  -2.331785e-002  -2.395831e-002  -2.223843e-002  -1.870326e-002  -1.398239e-002  -5.844452e-003  5.842352e-003  1.398028e-002  1.870114e-002  2.223630e-002  2.395617e-002  2.331569e-002  2.081581e-002  1.502880e-002  4.830907e-006  -1.382337e-002  -1.986460e-002  0.000000e+000  
3.915343e-002  3.734880e-002  1.501787e-002  -6.142053e-006  -6.420844e-003  -9.236254e-003  -1.061687e-002  -1.061642e-002  -9.432672e-003  -7.333598e-003  -3.226861e-003  3.224792e-003  7.331525e-003  9.430593e-003  1.061433e-002  1.061476e-002  9.234131e-003  6.418695e-003  3.946873e-006  -1.502013e-002  -3.735113e-002  -3.915580e-002  0.000000e+000  
5.756106e-002  4.063381e-002  2.080629e-002  6.409207e-003  -6.072621e-006  -2.979360e-003  -4.753862e-003  -5.449725e-003  -5.225620e-003  -4.263236e-003  -1.995616e-003  1.993575e-003  4.261197e-003  5.223581e-003  5.447679e-003  4.751803e-003  2.977278e-003  3.959033e-006  -6.411382e-003  -2.080856e-002  -4.063618e-002  -5.756348e-002  0.000000e+000  
7.570505e-002  4.482555e-002  2.330755e-002  9.225233e-003  2.966876e-003  -6.881911e-006  -1.923826e-003  -2.925220e-003  -3.159190e-003  -2.765702e-003  -1.416197e-003  1.414174e-003  2.763689e-003  3.157182e-003  2.923211e-003  1.921806e-003  4.838008e-006  -2.968957e-003  -9.227389e-003  -2.330984e-002  -4.482796e-002  -7.570753e-002  0.000000e+000  
9.962392e-002  4.673455e-002  2.394984e-002  1.060677e-002  4.741343e-003  1.908782e-003  -9.333762e-006  -1.168132e-003  -1.720208e-003  -1.774365e-003  -1.094522e-003  1.092513e-003  1.772378e-003  1.718237e-003  1.166170e-003  7.365519e-006  -1.910775e-003  -4.743380e-003  -1.060890e-002  -2.395214e-002  -4.673701e-002  -9.962646e-002  0.000000e+000  
7.114851e-002  4.111725e-002  2.223165e-002  1.060765e-002  5.438083e-003  2.909996e-003  1.145841e-003  -1.776422e-005  -7.791394e-004  -1.290430e-003  -1.092977e-003  1.090975e-003  1.288470e-003  7.772146e-004  1.586400e-005  -1.147739e-003  -2.911919e-003  -5.440058e-003  -1.060974e-002  -2.223396e-002  -4.111978e-002  -7.115117e-002  0.000000e+000  
5.018071e-002  3.271342e-002  1.869800e-002  9.425676e-003  5.216525e-003  3.147269e-003  1.700463e-003  7.303738e-004  -8.815333e-005  -2.145562e-003  0.000000e+000  0.000000e+000  2.143638e-003  8.628475e-005  -7.321898e-004  -1.702264e-003  -3.149096e-003  -5.218416e-003  -9.427711e-003  -1.870032e-002  -3.271604e-002  -5.018353e-002  0.000000e+000  
3.357959e-002  2.344654e-002  1.397852e-002  7.328648e-003  4.258116e-003  2.762084e-003  1.778363e-003  1.326948e-003  3.403265e-003  0.000000e+000  0.000000e+000  0.000000e+000  0.000000e+000  -3.405030e-003  -1.328642e-003  -1.780026e-003  -2.763775e-003  -4.259887e-003  -7.330604e-003  -1.398085e-002  -2.344928e-002  -3.358263e-002  0.000000e+000  
1.247769e-002  9.296743e-003  5.842465e-003  3.224659e-003  1.994034e-003  1.415858e-003  1.096785e-003  1.098829e-003  0.000000e+000  0.000000e+000  0.000000e+000  0.000000e+000  0.000000e+000  0.000000e+000  -1.100225e-003  -1.098147e-003  -1.417271e-003  -1.995564e-003  -3.226450e-003  -5.844790e-003  -9.299704e-003  -1.248116e-002  0.000000e+000  
-1.247739e-002  -9.296446e-003  -5.842172e-003  -3.224372e-003  -1.993754e-003  -1.415582e-003  -1.096512e-003  -1.098558e-003  0.000000e+000  0.000000e+000  0.000000e+000  0.000000e+000  0.000000e+000  0.000000e+000  1.098055e-003  1.095894e-003  1.414805e-003  1.992769e-003  3.222988e-003  5.839954e-003  9.293061e-003  1.247285e-002  0.000000e+000  
-3.357929e-002  -2.344624e-002  -1.397823e-002  -7.328361e-003  -4.257836e-003  -2.761810e-003  -1.778095e-003  -1.326686e-003  -3.402998e-003  0.000000e+000  0.000000e+000  0.000000e+000  0.000000e+000  3.403630e-003  1.326984e-003  1.778163e-003  2.761659e-003  4.257439e-003  7.327507e-003  1.397634e-002  2.344253e-002  3.357307e-002  0.000000e+000  
-5.018040e-002  -3.271312e-002  -1.869770e-002  -9.425388e-003  -5.216246e-003  -3.146996e-003  -1.700198e-003  -7.301195e-004  8.839513e-005  2.145776e-003  0.000000e+000  0.000000e+000  -2.144393e-003  -8.733786e-005  7.308720e-004  1.700712e-003  3.147289e-003  5.216297e-003  9.424995e-003  1.869623e-002  3.270937e-002  5.017244e-002  0.000000e+000  
-7.114820e-002  -4.111694e-002  -2.223135e-002  -1.060736e-002  -5.437801e-003  -2.909722e-003  -1.145578e-003  1.801351e-005  7.793689e-004  1.290630e-003  1.093100e-003  -1.091139e-003  -1.288999e-003  -7.779985e-004  -1.687245e-005  1.146521e-003  2.910479e-003  5.438358e-003  1.060755e-002  2.223058e-002  4.111364e-002  7.113743e-002  0.000000e+000  
-9.962361e-002  -4.673424e-002  -2.394954e-002  -1.060647e-002  -4.741059e-003  -1.908506e-003  9.599022e-006  1.168382e-003  1.720435e-003  1.774558e-003  1.094638e-003  -1.092623e-003  -1.772746e-003  -1.718783e-003  -1.166884e-003  -8.238963e-006  1.909739e-003  4.742165e-003  1.060737e-002  2.394988e-002  4.673261e-002  9.960818e-002  0.000000e+000  
-7.570474e-002  -4.482524e-002  -2.330725e-002  -9.224935e-003  -2.966586e-003  7.164303e-006  1.924098e-003  2.925477e-003  3.159426e-003  2.765908e-003  1.416337e-003  -1.414201e-003  -2.763889e-003  -3.157499e-003  -2.923638e-003  -1.922332e-003  -5.453812e-006  2.968260e-003  9.226590e-003  2.330905e-002  4.482825e-002  7.571819e-002  0.000000e+000  
-5.756074e-002  -4.063350e-002  -2.080598e-002  -6.408903e-003  6.369893e-006  2.979651e-003  4.754145e-003  5.449996e-003  5.225874e-003  4.263467e-003  1.995798e-003  -1.993502e-003  -4.261228e-003  -5.223676e-003  -5.447830e-003  -4.751991e-003  -2.977483e-003  -4.150112e-006  6.411280e-003  2.080897e-002  4.063856e-002  5.757155e-002  0.000000e+000  
-3.915311e-002  -3.734848e-002  -1.501755e-002  6.455798e-006  6.421155e-003  9.236562e-003  1.061717e-002  1.061672e-002  9.432963e-003  7.333880e-003  3.227125e-003  -3.224560e-003  -7.331307e-003  -9.430373e-003  -1.061409e-002  -1.061448e-002  -9.233763e-003  -6.418197e-003  -3.148893e-006  1.502180e-002  3.735463e-002  3.916136e-002  0.000000e+000  
-1.986195e-002  -1.382075e-002  7.419111e-006  1.503134e-002  2.081832e-002  2.331818e-002  2.395865e-002  2.223877e-002  1.870361e-002  1.398275e-002  5.844833e-003  -5.841922e-003  -1.397978e-002  -1.870057e-002  -2.223564e-002  -2.395539e-002  -2.331476e-002  -2.081467e-002  -1.502727e-002  -2.461437e-006  1.382666e-002  1.986868e-002  0.000000e+000  
-6.614928e-003  8.029870e-006  1.383654e-002  3.736404e-002  4.064767e-002  4.483716e-002  4.674123e-002  4.112173e-002  3.271680e-002  2.344923e-002  9.298644e-003  -9.295466e-003  -2.344596e-002  -3.271344e-002  -4.111824e-002  -4.673758e-002  -4.483332e-002  -4.064359e-002  -3.735953e-002  -1.383149e-002  -2.419574e-006  6.620954e-003  0.000000e+000  
8.164976e-006  6.631260e-003  1.987856e-002  3.917081e-002  5.758078e-002  7.572741e-002  9.961758e-002  7.114595e-002  5.018018e-002  3.358012e-002  1.247899e-002  -1.247566e-002  -3.357668e-002  -5.017663e-002  -7.114224e-002  -9.961365e-002  -7.572333e-002  -5.757652e-002  -3.916625e-002  -1.987354e-002  -6.625801e-003  -2.423123e-006  0.000000e+000  
0.000000e+000  0.000000e+000  0.000000e+000  0.000000e+000  0.000000e+000  0.000000e+000  0.000000e+000  0.000000e+000  0.000000e+000  0.000000e+000  0.000000e+000  0.000000e+000  0.000000e+000  0.000000e+000  0.000000e+000  0.000000e+000  0.000000e+000  0.000000e+000  0.000000e+000  0.000000e+000  0.000000e+000  0.000000e+000  0.000000e+000  

