Port monitor named: Port2_h1[2.5].prt

nx        = 25
ny        = 4
nz        = 25

nu        = 23
nv        = 23
iu        = 2
iv        = 2

idir      = 1
dcut      = 2.505000e-002
icut      = 3
type      = 1
frequency = 2.500000e+009

fcutoff   = 0.000000e+000
alpha     = 0.000000e+000
beta      = 7.257374e+001
accuracy  = 4.389942e-012

type          = QTEM
wave imp.     = 2.634473e+002
wave imp.sig. = 4.217178e-003
line imp.     = 5.425743e+001

ref. port     = 0

-0.000000e+000  2.241228e+000  4.482713e+000  6.706057e+000  8.855529e+000  9.861821e+000  1.080369e+001  1.165935e+001  1.240451e+001  1.301519e+001  1.346924e+001  1.385327e+001  1.346924e+001  1.301519e+001  1.240451e+001  1.165935e+001  1.080369e+001  9.861821e+000  8.855529e+000  6.706057e+000  4.482713e+000  2.241228e+000  -0.000000e+000  
-0.000000e+000  2.241345e+000  4.501601e+000  6.781056e+000  9.039858e+000  1.012177e+001  1.115095e+001  1.210122e+001  1.294224e+001  1.364158e+001  1.416781e+001  1.462116e+001  1.416781e+001  1.364158e+001  1.294224e+001  1.210122e+001  1.115095e+001  1.012177e+001  9.039858e+000  6.781056e+000  4.501601e+000  2.241345e+000  -0.000000e+000  
-0.000000e+000  2.222924e+000  4.502086e+000  6.878385e+000  9.351340e+000  1.059283e+001  1.181378e+001  1.297995e+001  1.404651e+001  1.496026e+001  1.566500e+001  1.629559e+001  1.566500e+001  1.496026e+001  1.404651e+001  1.297995e+001  1.181378e+001  1.059283e+001  9.351340e+000  6.878385e+000  4.502086e+000  2.222924e+000  -0.000000e+000  
-0.000000e+000  2.148641e+000  4.406655e+000  6.879286e+000  9.649349e+000  1.114588e+001  1.269560e+001  1.425690e+001  1.576189e+001  1.711483e+001  1.820049e+001  1.923099e+001  1.820049e+001  1.711483e+001  1.576189e+001  1.425690e+001  1.269560e+001  1.114588e+001  9.649349e+000  6.879286e+000  4.406655e+000  2.148641e+000  -0.000000e+000  
-0.000000e+000  2.011364e+000  4.174314e+000  6.656822e+000  9.649763e+000  1.140102e+001  1.332209e+001  1.538342e+001  1.750443e+001  1.953247e+001  2.124274e+001  2.297811e+001  2.124274e+001  1.953247e+001  1.750443e+001  1.538342e+001  1.332209e+001  1.140102e+001  9.649763e+000  6.656822e+000  4.174314e+000  2.011364e+000  -0.000000e+000  
-0.000000e+000  1.882146e+000  3.939517e+000  6.380885e+000  9.480154e+000  1.140125e+001  1.359946e+001  1.607469e+001  1.875904e+001  2.146193e+001  2.383257e+001  2.634380e+001  2.383257e+001  2.146193e+001  1.875904e+001  1.607469e+001  1.359946e+001  1.140125e+001  9.480154e+000  6.380885e+000  3.939518e+000  1.882146e+000  -0.000000e+000  
-0.000000e+000  1.709225e+000  3.608710e+000  5.940452e+000  9.062874e+000  1.112433e+001  1.359977e+001  1.655678e+001  1.999507e+001  2.372356e+001  2.716567e+001  3.096502e+001  2.716567e+001  2.372356e+001  1.999507e+001  1.655678e+001  1.359977e+001  1.112433e+001  9.062874e+000  5.940452e+000  3.608710e+000  1.709225e+000  -0.000000e+000  
-0.000000e+000  1.488768e+000  3.169826e+000  5.302331e+000  8.312070e+000  1.043339e+001  1.311845e+001  1.655756e+001  2.094082e+001  2.627151e+001  3.152698e+001  3.748583e+001  3.152698e+001  2.627151e+001  2.094082e+001  1.655756e+001  1.311845e+001  1.043339e+001  8.312070e+000  5.302331e+000  3.169826e+000  1.488768e+000  -0.000000e+000  
-0.000000e+000  1.220234e+000  2.618072e+000  4.444884e+000  7.150272e+000  9.178687e+000  1.188305e+001  1.561414e+001  2.093909e+001  2.720944e+001  -0.000000e+000  -0.000000e+000  -0.000000e+000  2.720944e+001  2.093909e+001  1.561414e+001  1.188305e+001  9.178687e+000  7.150272e+000  4.444884e+000  2.618072e+000  1.220234e+000  -0.000000e+000  
-0.000000e+000  9.072951e-001  1.959065e+000  3.367780e+000  5.537969e+000  7.248009e+000  9.620874e+000  1.307680e+001  2.030123e+001  -0.000000e+000  -0.000000e+000  -0.000000e+000  -0.000000e+000  -0.000000e+000  2.030123e+001  1.307680e+001  9.620874e+000  7.248009e+000  5.537969e+000  3.367780e+000  1.959065e+000  9.072951e-001  -0.000000e+000  
-0.000000e+000  3.837044e-001  8.366918e-001  1.466555e+000  2.494543e+000  3.357720e+000  4.602983e+000  6.477092e+000  -0.000000e+000  -0.000000e+000  -0.000000e+000  -0.000000e+000  -0.000000e+000  -0.000000e+000  -0.000000e+000  6.477093e+000  4.602983e+000  3.357720e+000  2.494543e+000  1.466555e+000  8.366918e-001  3.837044e-001  -0.000000e+000  
-0.000000e+000  -3.837044e-001  -8.366919e-001  -1.466555e+000  -2.494543e+000  -3.357720e+000  -4.602983e+000  -6.477092e+000  -0.000000e+000  -0.000000e+000  -0.000000e+000  -0.000000e+000  -0.000000e+000  -0.000000e+000  -0.000000e+000  -6.477093e+000  -4.602983e+000  -3.357720e+000  -2.494543e+000  -1.466555e+000  -8.366919e-001  -3.837044e-001  -0.000000e+000  
-0.000000e+000  -9.072951e-001  -1.959065e+000  -3.367780e+000  -5.537969e+000  -7.248009e+000  -9.620874e+000  -1.307680e+001  -2.030123e+001  -0.000000e+000  -0.000000e+000  -0.000000e+000  -0.000000e+000  -0.000000e+000  -2.030123e+001  -1.307680e+001  -9.620874e+000  -7.248009e+000  -5.537969e+000  -3.367780e+000  -1.959065e+000  -9.072951e-001  -0.000000e+000  
-0.000000e+000  -1.220234e+000  -2.618072e+000  -4.444884e+000  -7.150272e+000  -9.178687e+000  -1.188305e+001  -1.561414e+001  -2.093909e+001  -2.720944e+001  -0.000000e+000  -0.000000e+000  -0.000000e+000  -2.720944e+001  -2.093909e+001  -1.561414e+001  -1.188305e+001  -9.178687e+000  -7.150272e+000  -4.444884e+000  -2.618072e+000  -1.220234e+000  -0.000000e+000  
-0.000000e+000  -1.488768e+000  -3.169826e+000  -5.302331e+000  -8.312070e+000  -1.043339e+001  -1.311845e+001  -1.655756e+001  -2.094082e+001  -2.627151e+001  -3.152698e+001  -3.748583e+001  -3.152698e+001  -2.627151e+001  -2.094082e+001  -1.655756e+001  -1.311845e+001  -1.043339e+001  -8.312070e+000  -5.302331e+000  -3.169826e+000  -1.488768e+000  -0.000000e+000  
-0.000000e+000  -1.709225e+000  -3.608710e+000  -5.940452e+000  -9.062874e+000  -1.112433e+001  -1.359977e+001  -1.655678e+001  -1.999507e+001  -2.372356e+001  -2.716567e+001  -3.096502e+001  -2.716567e+001  -2.372356e+001  -1.999507e+001  -1.655678e+001  -1.359977e+001  -1.112433e+001  -9.062874e+000  -5.940452e+000  -3.608710e+000  -1.709225e+000  -0.000000e+000  
-0.000000e+000  -1.882146e+000  -3.939518e+000  -6.380885e+000  -9.480154e+000  -1.140125e+001  -1.359946e+001  -1.607469e+001  -1.875904e+001  -2.146193e+001  -2.383257e+001  -2.634380e+001  -2.383257e+001  -2.146193e+001  -1.875904e+001  -1.607469e+001  -1.359946e+001  -1.140125e+001  -9.480154e+000  -6.380885e+000  -3.939518e+000  -1.882146e+000  -0.000000e+000  
-0.000000e+000  -2.011364e+000  -4.174314e+000  -6.656822e+000  -9.649763e+000  -1.140102e+001  -1.332209e+001  -1.538342e+001  -1.750443e+001  -1.953247e+001  -2.124274e+001  -2.297811e+001  -2.124274e+001  -1.953247e+001  -1.750443e+001  -1.538342e+001  -1.332209e+001  -1.140102e+001  -9.649763e+000  -6.656822e+000  -4.174314e+000  -2.011364e+000  -0.000000e+000  
-0.000000e+000  -2.148641e+000  -4.406655e+000  -6.879286e+000  -9.649349e+000  -1.114588e+001  -1.269560e+001  -1.425690e+001  -1.576189e+001  -1.711483e+001  -1.820049e+001  -1.923099e+001  -1.820049e+001  -1.711483e+001  -1.576189e+001  -1.425690e+001  -1.269560e+001  -1.114588e+001  -9.649349e+000  -6.879286e+000  -4.406655e+000  -2.148641e+000  -0.000000e+000  
-0.000000e+000  -2.222924e+000  -4.502086e+000  -6.878385e+000  -9.351340e+000  -1.059283e+001  -1.181378e+001  -1.297995e+001  -1.404651e+001  -1.496026e+001  -1.566500e+001  -1.629559e+001  -1.566500e+001  -1.496026e+001  -1.404651e+001  -1.297995e+001  -1.181378e+001  -1.059283e+001  -9.351340e+000  -6.878385e+000  -4.502086e+000  -2.222924e+000  -0.000000e+000  
-0.000000e+000  -2.241345e+000  -4.501601e+000  -6.781056e+000  -9.039858e+000  -1.012177e+001  -1.115095e+001  -1.210122e+001  -1.294224e+001  -1.364158e+001  -1.416781e+001  -1.462116e+001  -1.416781e+001  -1.364158e+001  -1.294224e+001  -1.210122e+001  -1.115095e+001  -1.012177e+001  -9.039858e+000  -6.781056e+000  -4.501601e+000  -2.241345e+000  -0.000000e+000  
-0.000000e+000  -2.241228e+000  -4.482713e+000  -6.706057e+000  -8.855529e+000  -9.861821e+000  -1.080369e+001  -1.165935e+001  -1.240451e+001  -1.301519e+001  -1.346924e+001  -1.385327e+001  -1.346924e+001  -1.301519e+001  -1.240451e+001  -1.165935e+001  -1.080369e+001  -9.861821e+000  -8.855529e+000  -6.706057e+000  -4.482713e+000  -2.241228e+000  -0.000000e+000  
-0.000000e+000  -0.000000e+000  -0.000000e+000  -0.000000e+000  -0.000000e+000  -0.000000e+000  -0.000000e+000  -0.000000e+000  -0.000000e+000  -0.000000e+000  -0.000000e+000  -0.000000e+000  -0.000000e+000  -0.000000e+000  -0.000000e+000  -0.000000e+000  -0.000000e+000  -0.000000e+000  -0.000000e+000  -0.000000e+000  -0.000000e+000  -0.000000e+000  -0.000000e+000  

-0.000000e+000  -0.000000e+000  -0.000000e+000  -0.000000e+000  -0.000000e+000  -0.000000e+000  -0.000000e+000  -0.000000e+000  -0.000000e+000  -0.000000e+000  -0.000000e+000  -0.000000e+000  -0.000000e+000  -0.000000e+000  -0.000000e+000  -0.000000e+000  -0.000000e+000  -0.000000e+000  -0.000000e+000  -0.000000e+000  -0.000000e+000  -0.000000e+000  -0.000000e+000  
-2.241228e+000  -2.241353e+000  -2.222950e+000  -2.148693e+000  -2.011442e+000  -1.882242e+000  -1.709339e+000  -1.488897e+000  -1.220370e+000  -9.074224e-001  -3.837860e-001  3.837860e-001  9.074225e-001  1.220370e+000  1.488897e+000  1.709339e+000  1.882242e+000  2.011442e+000  2.148693e+000  2.222950e+000  2.241353e+000  2.241228e+000  -0.000000e+000  
-4.482704e+000  -4.501609e+000  -4.502130e+000  -4.406752e+000  -4.174465e+000  -3.939710e+000  -3.608950e+000  -3.170116e+000  -2.618403e+000  -1.959408e+000  -8.369573e-001  8.369574e-001  1.959409e+000  2.618403e+000  3.170116e+000  3.608950e+000  3.939711e+000  4.174465e+000  4.406752e+000  4.502130e+000  4.501610e+000  4.482704e+000  -0.000000e+000  
-6.706022e+000  -6.781046e+000  -6.878428e+000  -6.879409e+000  -6.657024e+000  -6.381153e+000  -5.940809e+000  -5.302813e+000  -4.445531e+000  -3.368594e+000  -1.467431e+000  1.467432e+000  3.368594e+000  4.445531e+000  5.302813e+000  5.940809e+000  6.381153e+000  6.657025e+000  6.879409e+000  6.878429e+000  6.781047e+000  6.706022e+000  -0.000000e+000  
-8.855440e+000  -9.039803e+000  -9.351358e+000  -9.649472e+000  -9.649963e+000  -9.480404e+000  -9.063203e+000  -8.312586e+000  -7.151227e+000  -5.539754e+000  -2.497867e+000  2.497868e+000  5.539754e+000  7.151227e+000  8.312586e+000  9.063203e+000  9.480404e+000  9.649963e+000  9.649472e+000  9.351358e+000  9.039803e+000  8.855440e+000  -0.000000e+000  
-9.861693e+000  -1.012168e+001  -1.059282e+001  -1.114601e+001  -1.140122e+001  -1.140145e+001  -1.112448e+001  -1.043355e+001  -9.179212e+000  -7.249983e+000  -3.365531e+000  3.365531e+000  7.249983e+000  9.179212e+000  1.043355e+001  1.112448e+001  1.140145e+001  1.140122e+001  1.114601e+001  1.059282e+001  1.012168e+001  9.861693e+000  -0.000000e+000  
-1.080352e+001  -1.115081e+001  -1.181373e+001  -1.269573e+001  -1.332234e+001  -1.359966e+001  -1.359969e+001  -1.311787e+001  -1.188206e+001  -9.620597e+000  -4.621133e+000  4.621133e+000  9.620597e+000  1.188206e+001  1.311787e+001  1.359969e+001  1.359966e+001  1.332234e+001  1.269573e+001  1.181373e+001  1.115081e+001  1.080352e+001  -0.000000e+000  
-1.165912e+001  -1.210102e+001  -1.297984e+001  -1.425705e+001  -1.538384e+001  -1.607512e+001  -1.655671e+001  -1.655614e+001  -1.561054e+001  -1.306269e+001  -6.520799e+000  6.520799e+000  1.306269e+001  1.561054e+001  1.655614e+001  1.655671e+001  1.607512e+001  1.538384e+001  1.425705e+001  1.297984e+001  1.210102e+001  1.165912e+001  -0.000000e+000  
-1.240421e+001  -1.294196e+001  -1.404631e+001  -1.576202e+001  -1.750522e+001  -1.876020e+001  -1.999583e+001  -2.093940e+001  -2.094121e+001  -2.000329e+001  -0.000000e+000  -0.000000e+000  2.000329e+001  2.094121e+001  2.093941e+001  1.999583e+001  1.876020e+001  1.750522e+001  1.576202e+001  1.404631e+001  1.294196e+001  1.240421e+001  -0.000000e+000  
-1.301482e+001  -1.364120e+001  -1.495991e+001  -1.711481e+001  -1.953369e+001  -2.146460e+001  -2.372694e+001  -2.626437e+001  -2.690224e+001  -0.000000e+000  -0.000000e+000  -0.000000e+000  -0.000000e+000  2.690224e+001  2.626437e+001  2.372694e+001  2.146460e+001  1.953369e+001  1.711481e+001  1.495991e+001  1.364120e+001  1.301482e+001  -0.000000e+000  
-1.346881e+001  -1.416732e+001  -1.566440e+001  -1.819998e+001  -2.124377e+001  -2.383749e+001  -2.718288e+001  -3.158273e+001  -0.000000e+000  -0.000000e+000  -0.000000e+000  -0.000000e+000  -0.000000e+000  -0.000000e+000  3.158273e+001  2.718288e+001  2.383749e+001  2.124377e+001  1.819998e+001  1.566440e+001  1.416732e+001  1.346881e+001  -0.000000e+000  
-1.385276e+001  -1.462049e+001  -1.629438e+001  -1.922803e+001  -2.297016e+001  -2.632804e+001  -3.093112e+001  -3.740822e+001  -0.000000e+000  -0.000000e+000  -0.000000e+000  -0.000000e+000  -0.000000e+000  -0.000000e+000  3.740822e+001  3.093112e+001  2.632804e+001  2.297016e+001  1.922803e+001  1.629438e+001  1.462049e+001  1.385276e+001  -0.000000e+000  
-1.346881e+001  -1.416732e+001  -1.566440e+001  -1.819998e+001  -2.124377e+001  -2.383749e+001  -2.718288e+001  -3.158273e+001  -0.000000e+000  -0.000000e+000  -0.000000e+000  -0.000000e+000  -0.000000e+000  -0.000000e+000  3.158273e+001  2.718288e+001  2.383749e+001  2.124377e+001  1.819998e+001  1.566440e+001  1.416732e+001  1.346881e+001  -0.000000e+000  
-1.301482e+001  -1.364120e+001  -1.495991e+001  -1.711481e+001  -1.953369e+001  -2.146460e+001  -2.372694e+001  -2.626437e+001  -2.690224e+001  -0.000000e+000  -0.000000e+000  -0.000000e+000  -0.000000e+000  2.690224e+001  2.626437e+001  2.372694e+001  2.146460e+001  1.953369e+001  1.711481e+001  1.495991e+001  1.364120e+001  1.301483e+001  -0.000000e+000  
-1.240421e+001  -1.294196e+001  -1.404631e+001  -1.576202e+001  -1.750522e+001  -1.876020e+001  -1.999583e+001  -2.093940e+001  -2.094121e+001  -2.000329e+001  -0.000000e+000  -0.000000e+000  2.000329e+001  2.094121e+001  2.093941e+001  1.999583e+001  1.876020e+001  1.750522e+001  1.576202e+001  1.404632e+001  1.294196e+001  1.240421e+001  -0.000000e+000  
-1.165912e+001  -1.210102e+001  -1.297984e+001  -1.425705e+001  -1.538384e+001  -1.607512e+001  -1.655671e+001  -1.655614e+001  -1.561054e+001  -1.306269e+001  -6.520799e+000  6.520799e+000  1.306269e+001  1.561054e+001  1.655614e+001  1.655671e+001  1.607512e+001  1.538384e+001  1.425705e+001  1.297984e+001  1.210102e+001  1.165912e+001  -0.000000e+000  
-1.080352e+001  -1.115081e+001  -1.181373e+001  -1.269573e+001  -1.332234e+001  -1.359966e+001  -1.359969e+001  -1.311787e+001  -1.188206e+001  -9.620597e+000  -4.621133e+000  4.621133e+000  9.620597e+000  1.188206e+001  1.311787e+001  1.359969e+001  1.359966e+001  1.332234e+001  1.269573e+001  1.181373e+001  1.115081e+001  1.080352e+001  -0.000000e+000  
-9.861693e+000  -1.012168e+001  -1.059282e+001  -1.114601e+001  -1.140122e+001  -1.140145e+001  -1.112448e+001  -1.043355e+001  -9.179212e+000  -7.249983e+000  -3.365531e+000  3.365531e+000  7.249984e+000  9.179212e+000  1.043355e+001  1.112448e+001  1.140145e+001  1.140122e+001  1.114601e+001  1.059282e+001  1.012168e+001  9.861694e+000  -0.000000e+000  
-8.855440e+000  -9.039803e+000  -9.351358e+000  -9.649472e+000  -9.649963e+000  -9.480404e+000  -9.063203e+000  -8.312586e+000  -7.151227e+000  -5.539754e+000  -2.497867e+000  2.497868e+000  5.539754e+000  7.151227e+000  8.312586e+000  9.063203e+000  9.480405e+000  9.649963e+000  9.649473e+000  9.351358e+000  9.039804e+000  8.855441e+000  -0.000000e+000  
-6.706022e+000  -6.781046e+000  -6.878428e+000  -6.879409e+000  -6.657024e+000  -6.381153e+000  -5.940809e+000  -5.302813e+000  -4.445531e+000  -3.368594e+000  -1.467431e+000  1.467432e+000  3.368594e+000  4.445531e+000  5.302813e+000  5.940809e+000  6.381153e+000  6.657025e+000  6.879409e+000  6.878429e+000  6.781047e+000  6.706022e+000  -0.000000e+000  
-4.482704e+000  -4.501609e+000  -4.502130e+000  -4.406752e+000  -4.174465e+000  -3.939710e+000  -3.608950e+000  -3.170116e+000  -2.618403e+000  -1.959408e+000  -8.369573e-001  8.369574e-001  1.959409e+000  2.618403e+000  3.170116e+000  3.608950e+000  3.939711e+000  4.174465e+000  4.406752e+000  4.502130e+000  4.501610e+000  4.482704e+000  -0.000000e+000  
-2.241228e+000  -2.241353e+000  -2.222950e+000  -2.148693e+000  -2.011442e+000  -1.882242e+000  -1.709339e+000  -1.488897e+000  -1.220370e+000  -9.074224e-001  -3.837860e-001  3.837860e-001  9.074225e-001  1.220370e+000  1.488897e+000  1.709339e+000  1.882242e+000  2.011442e+000  2.148693e+000  2.222950e+000  2.241353e+000  2.241228e+000  -0.000000e+000  
-0.000000e+000  -0.000000e+000  -0.000000e+000  -0.000000e+000  -0.000000e+000  -0.000000e+000  -0.000000e+000  -0.000000e+000  -0.000000e+000  -0.000000e+000  -0.000000e+000  -0.000000e+000  -0.000000e+000  -0.000000e+000  -0.000000e+000  -0.000000e+000  -0.000000e+000  -0.000000e+000  -0.000000e+000  -0.000000e+000  -0.000000e+000  -0.000000e+000  -0.000000e+000  

0.000000e+000  0.000000e+000  0.000000e+000  0.000000e+000  0.000000e+000  0.000000e+000  0.000000e+000  0.000000e+000  0.000000e+000  0.000000e+000  0.000000e+000  0.000000e+000  0.000000e+000  0.000000e+000  0.000000e+000  0.000000e+000  0.000000e+000  0.000000e+000  0.000000e+000  0.000000e+000  0.000000e+000  0.000000e+000  0.000000e+000  
0.000000e+000  0.000000e+000  0.000000e+000  0.000000e+000  0.000000e+000  0.000000e+000  0.000000e+000  0.000000e+000  0.000000e+000  0.000000e+000  0.000000e+000  0.000000e+000  0.000000e+000  0.000000e+000  0.000000e+000  0.000000e+000  0.000000e+000  0.000000e+000  0.000000e+000  0.000000e+000  0.000000e+000  0.000000e+000  0.000000e+000  
0.000000e+000  0.000000e+000  0.000000e+000  0.000000e+000  0.000000e+000  0.000000e+000  0.000000e+000  0.000000e+000  0.000000e+000  0.000000e+000  0.000000e+000  0.000000e+000  0.000000e+000  0.000000e+000  0.000000e+000  0.000000e+000  0.000000e+000  0.000000e+000  0.000000e+000  0.000000e+000  0.000000e+000  0.000000e+000  0.000000e+000  
0.000000e+000  0.000000e+000  0.000000e+000  0.000000e+000  0.000000e+000  0.000000e+000  0.000000e+000  0.000000e+000  0.000000e+000  0.000000e+000  0.000000e+000  0.000000e+000  0.000000e+000  0.000000e+000  0.000000e+000  0.000000e+000  0.000000e+000  0.000000e+000  0.000000e+000  0.000000e+000  0.000000e+000  0.000000e+000  0.000000e+000  
0.000000e+000  0.000000e+000  0.000000e+000  0.000000e+000  0.000000e+000  0.000000e+000  0.000000e+000  0.000000e+000  0.000000e+000  0.000000e+000  0.000000e+000  0.000000e+000  0.000000e+000  0.000000e+000  0.000000e+000  0.000000e+000  0.000000e+000  0.000000e+000  0.000000e+000  0.000000e+000  0.000000e+000  0.000000e+000  0.000000e+000  
0.000000e+000  0.000000e+000  0.000000e+000  0.000000e+000  0.000000e+000  0.000000e+000  0.000000e+000  0.000000e+000  0.000000e+000  0.000000e+000  0.000000e+000  0.000000e+000  0.000000e+000  0.000000e+000  0.000000e+000  0.000000e+000  0.000000e+000  0.000000e+000  0.000000e+000  0.000000e+000  0.000000e+000  0.000000e+000  0.000000e+000  
0.000000e+000  0.000000e+000  0.000000e+000  0.000000e+000  0.000000e+000  0.000000e+000  0.000000e+000  0.000000e+000  0.000000e+000  0.000000e+000  0.000000e+000  0.000000e+000  0.000000e+000  0.000000e+000  0.000000e+000  0.000000e+000  0.000000e+000  0.000000e+000  0.000000e+000  0.000000e+000  0.000000e+000  0.000000e+000  0.000000e+000  
0.000000e+000  0.000000e+000  0.000000e+000  0.000000e+000  0.000000e+000  0.000000e+000  0.000000e+000  0.000000e+000  0.000000e+000  0.000000e+000  0.000000e+000  0.000000e+000  0.000000e+000  0.000000e+000  0.000000e+000  0.000000e+000  0.000000e+000  0.000000e+000  0.000000e+000  0.000000e+000  0.000000e+000  0.000000e+000  0.000000e+000  
0.000000e+000  0.000000e+000  0.000000e+000  0.000000e+000  0.000000e+000  0.000000e+000  0.000000e+000  0.000000e+000  0.000000e+000  0.000000e+000  0.000000e+000  0.000000e+000  0.000000e+000  0.000000e+000  0.000000e+000  0.000000e+000  0.000000e+000  0.000000e+000  0.000000e+000  0.000000e+000  0.000000e+000  0.000000e+000  0.000000e+000  
0.000000e+000  0.000000e+000  0.000000e+000  0.000000e+000  0.000000e+000  0.000000e+000  0.000000e+000  0.000000e+000  0.000000e+000  0.000000e+000  0.000000e+000  0.000000e+000  0.000000e+000  0.000000e+000  0.000000e+000  0.000000e+000  0.000000e+000  0.000000e+000  0.000000e+000  0.000000e+000  0.000000e+000  0.000000e+000  0.000000e+000  
0.000000e+000  0.000000e+000  0.000000e+000  0.000000e+000  0.000000e+000  0.000000e+000  0.000000e+000  0.000000e+000  0.000000e+000  0.000000e+000  0.000000e+000  0.000000e+000  0.000000e+000  0.000000e+000  0.000000e+000  0.000000e+000  0.000000e+000  0.000000e+000  0.000000e+000  0.000000e+000  0.000000e+000  0.000000e+000  0.000000e+000  
0.000000e+000  0.000000e+000  0.000000e+000  0.000000e+000  0.000000e+000  0.000000e+000  0.000000e+000  0.000000e+000  0.000000e+000  0.000000e+000  0.000000e+000  0.000000e+000  0.000000e+000  0.000000e+000  0.000000e+000  0.000000e+000  0.000000e+000  0.000000e+000  0.000000e+000  0.000000e+000  0.000000e+000  0.000000e+000  0.000000e+000  
0.000000e+000  0.000000e+000  0.000000e+000  0.000000e+000  0.000000e+000  0.000000e+000  0.000000e+000  0.000000e+000  0.000000e+000  0.000000e+000  0.000000e+000  0.000000e+000  0.000000e+000  0.000000e+000  0.000000e+000  0.000000e+000  0.000000e+000  0.000000e+000  0.000000e+000  0.000000e+000  0.000000e+000  0.000000e+000  0.000000e+000  
0.000000e+000  0.000000e+000  0.000000e+000  0.000000e+000  0.000000e+000  0.000000e+000  0.000000e+000  0.000000e+000  0.000000e+000  0.000000e+000  0.000000e+000  0.000000e+000  0.000000e+000  0.000000e+000  0.000000e+000  0.000000e+000  0.000000e+000  0.000000e+000  0.000000e+000  0.000000e+000  0.000000e+000  0.000000e+000  0.000000e+000  
0.000000e+000  0.000000e+000  0.000000e+000  0.000000e+000  0.000000e+000  0.000000e+000  0.000000e+000  0.000000e+000  0.000000e+000  0.000000e+000  0.000000e+000  0.000000e+000  0.000000e+000  0.000000e+000  0.000000e+000  0.000000e+000  0.000000e+000  0.000000e+000  0.000000e+000  0.000000e+000  0.000000e+000  0.000000e+000  0.000000e+000  
0.000000e+000  0.000000e+000  0.000000e+000  0.000000e+000  0.000000e+000  0.000000e+000  0.000000e+000  0.000000e+000  0.000000e+000  0.000000e+000  0.000000e+000  0.000000e+000  0.000000e+000  0.000000e+000  0.000000e+000  0.000000e+000  0.000000e+000  0.000000e+000  0.000000e+000  0.000000e+000  0.000000e+000  0.000000e+000  0.000000e+000  
0.000000e+000  0.000000e+000  0.000000e+000  0.000000e+000  0.000000e+000  0.000000e+000  0.000000e+000  0.000000e+000  0.000000e+000  0.000000e+000  0.000000e+000  0.000000e+000  0.000000e+000  0.000000e+000  0.000000e+000  0.000000e+000  0.000000e+000  0.000000e+000  0.000000e+000  0.000000e+000  0.000000e+000  0.000000e+000  0.000000e+000  
0.000000e+000  0.000000e+000  0.000000e+000  0.000000e+000  0.000000e+000  0.000000e+000  0.000000e+000  0.000000e+000  0.000000e+000  0.000000e+000  0.000000e+000  0.000000e+000  0.000000e+000  0.000000e+000  0.000000e+000  0.000000e+000  0.000000e+000  0.000000e+000  0.000000e+000  0.000000e+000  0.000000e+000  0.000000e+000  0.000000e+000  
0.000000e+000  0.000000e+000  0.000000e+000  0.000000e+000  0.000000e+000  0.000000e+000  0.000000e+000  0.000000e+000  0.000000e+000  0.000000e+000  0.000000e+000  0.000000e+000  0.000000e+000  0.000000e+000  0.000000e+000  0.000000e+000  0.000000e+000  0.000000e+000  0.000000e+000  0.000000e+000  0.000000e+000  0.000000e+000  0.000000e+000  
0.000000e+000  0.000000e+000  0.000000e+000  0.000000e+000  0.000000e+000  0.000000e+000  0.000000e+000  0.000000e+000  0.000000e+000  0.000000e+000  0.000000e+000  0.000000e+000  0.000000e+000  0.000000e+000  0.000000e+000  0.000000e+000  0.000000e+000  0.000000e+000  0.000000e+000  0.000000e+000  0.000000e+000  0.000000e+000  0.000000e+000  
0.000000e+000  0.000000e+000  0.000000e+000  0.000000e+000  0.000000e+000  0.000000e+000  0.000000e+000  0.000000e+000  0.000000e+000  0.000000e+000  0.000000e+000  0.000000e+000  0.000000e+000  0.000000e+000  0.000000e+000  0.000000e+000  0.000000e+000  0.000000e+000  0.000000e+000  0.000000e+000  0.000000e+000  0.000000e+000  0.000000e+000  
0.000000e+000  0.000000e+000  0.000000e+000  0.000000e+000  0.000000e+000  0.000000e+000  0.000000e+000  0.000000e+000  0.000000e+000  0.000000e+000  0.000000e+000  0.000000e+000  0.000000e+000  0.000000e+000  0.000000e+000  0.000000e+000  0.000000e+000  0.000000e+000  0.000000e+000  0.000000e+000  0.000000e+000  0.000000e+000  0.000000e+000  
0.000000e+000  0.000000e+000  0.000000e+000  0.000000e+000  0.000000e+000  0.000000e+000  0.000000e+000  0.000000e+000  0.000000e+000  0.000000e+000  0.000000e+000  0.000000e+000  0.000000e+000  0.000000e+000  0.000000e+000  0.000000e+000  0.000000e+000  0.000000e+000  0.000000e+000  0.000000e+000  0.000000e+000  0.000000e+000  0.000000e+000  

0.000000e+000  0.000000e+000  0.000000e+000  0.000000e+000  0.000000e+000  0.000000e+000  0.000000e+000  0.000000e+000  0.000000e+000  0.000000e+000  0.000000e+000  0.000000e+000  0.000000e+000  0.000000e+000  0.000000e+000  0.000000e+000  0.000000e+000  0.000000e+000  0.000000e+000  0.000000e+000  0.000000e+000  0.000000e+000  0.000000e+000  
0.000000e+000  0.000000e+000  0.000000e+000  0.000000e+000  0.000000e+000  0.000000e+000  0.000000e+000  0.000000e+000  0.000000e+000  0.000000e+000  0.000000e+000  0.000000e+000  0.000000e+000  0.000000e+000  0.000000e+000  0.000000e+000  0.000000e+000  0.000000e+000  0.000000e+000  0.000000e+000  0.000000e+000  0.000000e+000  0.000000e+000  
0.000000e+000  0.000000e+000  0.000000e+000  0.000000e+000  0.000000e+000  0.000000e+000  0.000000e+000  0.000000e+000  0.000000e+000  0.000000e+000  0.000000e+000  0.000000e+000  0.000000e+000  0.000000e+000  0.000000e+000  0.000000e+000  0.000000e+000  0.000000e+000  0.000000e+000  0.000000e+000  0.000000e+000  0.000000e+000  0.000000e+000  
0.000000e+000  0.000000e+000  0.000000e+000  0.000000e+000  0.000000e+000  0.000000e+000  0.000000e+000  0.000000e+000  0.000000e+000  0.000000e+000  0.000000e+000  0.000000e+000  0.000000e+000  0.000000e+000  0.000000e+000  0.000000e+000  0.000000e+000  0.000000e+000  0.000000e+000  0.000000e+000  0.000000e+000  0.000000e+000  0.000000e+000  
0.000000e+000  0.000000e+000  0.000000e+000  0.000000e+000  0.000000e+000  0.000000e+000  0.000000e+000  0.000000e+000  0.000000e+000  0.000000e+000  0.000000e+000  0.000000e+000  0.000000e+000  0.000000e+000  0.000000e+000  0.000000e+000  0.000000e+000  0.000000e+000  0.000000e+000  0.000000e+000  0.000000e+000  0.000000e+000  0.000000e+000  
0.000000e+000  0.000000e+000  0.000000e+000  0.000000e+000  0.000000e+000  0.000000e+000  0.000000e+000  0.000000e+000  0.000000e+000  0.000000e+000  0.000000e+000  0.000000e+000  0.000000e+000  0.000000e+000  0.000000e+000  0.000000e+000  0.000000e+000  0.000000e+000  0.000000e+000  0.000000e+000  0.000000e+000  0.000000e+000  0.000000e+000  
0.000000e+000  0.000000e+000  0.000000e+000  0.000000e+000  0.000000e+000  0.000000e+000  0.000000e+000  0.000000e+000  0.000000e+000  0.000000e+000  0.000000e+000  0.000000e+000  0.000000e+000  0.000000e+000  0.000000e+000  0.000000e+000  0.000000e+000  0.000000e+000  0.000000e+000  0.000000e+000  0.000000e+000  0.000000e+000  0.000000e+000  
0.000000e+000  0.000000e+000  0.000000e+000  0.000000e+000  0.000000e+000  0.000000e+000  0.000000e+000  0.000000e+000  0.000000e+000  0.000000e+000  0.000000e+000  0.000000e+000  0.000000e+000  0.000000e+000  0.000000e+000  0.000000e+000  0.000000e+000  0.000000e+000  0.000000e+000  0.000000e+000  0.000000e+000  0.000000e+000  0.000000e+000  
0.000000e+000  0.000000e+000  0.000000e+000  0.000000e+000  0.000000e+000  0.000000e+000  0.000000e+000  0.000000e+000  0.000000e+000  0.000000e+000  0.000000e+000  0.000000e+000  0.000000e+000  0.000000e+000  0.000000e+000  0.000000e+000  0.000000e+000  0.000000e+000  0.000000e+000  0.000000e+000  0.000000e+000  0.000000e+000  0.000000e+000  
0.000000e+000  0.000000e+000  0.000000e+000  0.000000e+000  0.000000e+000  0.000000e+000  0.000000e+000  0.000000e+000  0.000000e+000  0.000000e+000  0.000000e+000  0.000000e+000  0.000000e+000  0.000000e+000  0.000000e+000  0.000000e+000  0.000000e+000  0.000000e+000  0.000000e+000  0.000000e+000  0.000000e+000  0.000000e+000  0.000000e+000  
0.000000e+000  0.000000e+000  0.000000e+000  0.000000e+000  0.000000e+000  0.000000e+000  0.000000e+000  0.000000e+000  0.000000e+000  0.000000e+000  0.000000e+000  0.000000e+000  0.000000e+000  0.000000e+000  0.000000e+000  0.000000e+000  0.000000e+000  0.000000e+000  0.000000e+000  0.000000e+000  0.000000e+000  0.000000e+000  0.000000e+000  
0.000000e+000  0.000000e+000  0.000000e+000  0.000000e+000  0.000000e+000  0.000000e+000  0.000000e+000  0.000000e+000  0.000000e+000  0.000000e+000  0.000000e+000  0.000000e+000  0.000000e+000  0.000000e+000  0.000000e+000  0.000000e+000  0.000000e+000  0.000000e+000  0.000000e+000  0.000000e+000  0.000000e+000  0.000000e+000  0.000000e+000  
0.000000e+000  0.000000e+000  0.000000e+000  0.000000e+000  0.000000e+000  0.000000e+000  0.000000e+000  0.000000e+000  0.000000e+000  0.000000e+000  0.000000e+000  0.000000e+000  0.000000e+000  0.000000e+000  0.000000e+000  0.000000e+000  0.000000e+000  0.000000e+000  0.000000e+000  0.000000e+000  0.000000e+000  0.000000e+000  0.000000e+000  
0.000000e+000  0.000000e+000  0.000000e+000  0.000000e+000  0.000000e+000  0.000000e+000  0.000000e+000  0.000000e+000  0.000000e+000  0.000000e+000  0.000000e+000  0.000000e+000  0.000000e+000  0.000000e+000  0.000000e+000  0.000000e+000  0.000000e+000  0.000000e+000  0.000000e+000  0.000000e+000  0.000000e+000  0.000000e+000  0.000000e+000  
0.000000e+000  0.000000e+000  0.000000e+000  0.000000e+000  0.000000e+000  0.000000e+000  0.000000e+000  0.000000e+000  0.000000e+000  0.000000e+000  0.000000e+000  0.000000e+000  0.000000e+000  0.000000e+000  0.000000e+000  0.000000e+000  0.000000e+000  0.000000e+000  0.000000e+000  0.000000e+000  0.000000e+000  0.000000e+000  0.000000e+000  
0.000000e+000  0.000000e+000  0.000000e+000  0.000000e+000  0.000000e+000  0.000000e+000  0.000000e+000  0.000000e+000  0.000000e+000  0.000000e+000  0.000000e+000  0.000000e+000  0.000000e+000  0.000000e+000  0.000000e+000  0.000000e+000  0.000000e+000  0.000000e+000  0.000000e+000  0.000000e+000  0.000000e+000  0.000000e+000  0.000000e+000  
0.000000e+000  0.000000e+000  0.000000e+000  0.000000e+000  0.000000e+000  0.000000e+000  0.000000e+000  0.000000e+000  0.000000e+000  0.000000e+000  0.000000e+000  0.000000e+000  0.000000e+000  0.000000e+000  0.000000e+000  0.000000e+000  0.000000e+000  0.000000e+000  0.000000e+000  0.000000e+000  0.000000e+000  0.000000e+000  0.000000e+000  
0.000000e+000  0.000000e+000  0.000000e+000  0.000000e+000  0.000000e+000  0.000000e+000  0.000000e+000  0.000000e+000  0.000000e+000  0.000000e+000  0.000000e+000  0.000000e+000  0.000000e+000  0.000000e+000  0.000000e+000  0.000000e+000  0.000000e+000  0.000000e+000  0.000000e+000  0.000000e+000  0.000000e+000  0.000000e+000  0.000000e+000  
0.000000e+000  0.000000e+000  0.000000e+000  0.000000e+000  0.000000e+000  0.000000e+000  0.000000e+000  0.000000e+000  0.000000e+000  0.000000e+000  0.000000e+000  0.000000e+000  0.000000e+000  0.000000e+000  0.000000e+000  0.000000e+000  0.000000e+000  0.000000e+000  0.000000e+000  0.000000e+000  0.000000e+000  0.000000e+000  0.000000e+000  
0.000000e+000  0.000000e+000  0.000000e+000  0.000000e+000  0.000000e+000  0.000000e+000  0.000000e+000  0.000000e+000  0.000000e+000  0.000000e+000  0.000000e+000  0.000000e+000  0.000000e+000  0.000000e+000  0.000000e+000  0.000000e+000  0.000000e+000  0.000000e+000  0.000000e+000  0.000000e+000  0.000000e+000  0.000000e+000  0.000000e+000  
0.000000e+000  0.000000e+000  0.000000e+000  0.000000e+000  0.000000e+000  0.000000e+000  0.000000e+000  0.000000e+000  0.000000e+000  0.000000e+000  0.000000e+000  0.000000e+000  0.000000e+000  0.000000e+000  0.000000e+000  0.000000e+000  0.000000e+000  0.000000e+000  0.000000e+000  0.000000e+000  0.000000e+000  0.000000e+000  0.000000e+000  
0.000000e+000  0.000000e+000  0.000000e+000  0.000000e+000  0.000000e+000  0.000000e+000  0.000000e+000  0.000000e+000  0.000000e+000  0.000000e+000  0.000000e+000  0.000000e+000  0.000000e+000  0.000000e+000  0.000000e+000  0.000000e+000  0.000000e+000  0.000000e+000  0.000000e+000  0.000000e+000  0.000000e+000  0.000000e+000  0.000000e+000  
0.000000e+000  0.000000e+000  0.000000e+000  0.000000e+000  0.000000e+000  0.000000e+000  0.000000e+000  0.000000e+000  0.000000e+000  0.000000e+000  0.000000e+000  0.000000e+000  0.000000e+000  0.000000e+000  0.000000e+000  0.000000e+000  0.000000e+000  0.000000e+000  0.000000e+000  0.000000e+000  0.000000e+000  0.000000e+000  0.000000e+000  

0.000000e+000  0.000000e+000  0.000000e+000  0.000000e+000  0.000000e+000  0.000000e+000  0.000000e+000  0.000000e+000  0.000000e+000  0.000000e+000  0.000000e+000  0.000000e+000  0.000000e+000  0.000000e+000  0.000000e+000  0.000000e+000  0.000000e+000  0.000000e+000  0.000000e+000  0.000000e+000  0.000000e+000  0.000000e+000  0.000000e+000  
0.000000e+000  0.000000e+000  0.000000e+000  0.000000e+000  0.000000e+000  0.000000e+000  0.000000e+000  0.000000e+000  0.000000e+000  0.000000e+000  0.000000e+000  0.000000e+000  0.000000e+000  0.000000e+000  0.000000e+000  0.000000e+000  0.000000e+000  0.000000e+000  0.000000e+000  0.000000e+000  0.000000e+000  0.000000e+000  0.000000e+000  
0.000000e+000  0.000000e+000  0.000000e+000  0.000000e+000  0.000000e+000  0.000000e+000  0.000000e+000  0.000000e+000  0.000000e+000  0.000000e+000  0.000000e+000  0.000000e+000  0.000000e+000  0.000000e+000  0.000000e+000  0.000000e+000  0.000000e+000  0.000000e+000  0.000000e+000  0.000000e+000  0.000000e+000  0.000000e+000  0.000000e+000  
0.000000e+000  0.000000e+000  0.000000e+000  0.000000e+000  0.000000e+000  0.000000e+000  0.000000e+000  0.000000e+000  0.000000e+000  0.000000e+000  0.000000e+000  0.000000e+000  0.000000e+000  0.000000e+000  0.000000e+000  0.000000e+000  0.000000e+000  0.000000e+000  0.000000e+000  0.000000e+000  0.000000e+000  0.000000e+000  0.000000e+000  
0.000000e+000  0.000000e+000  0.000000e+000  0.000000e+000  0.000000e+000  0.000000e+000  0.000000e+000  0.000000e+000  0.000000e+000  0.000000e+000  0.000000e+000  0.000000e+000  0.000000e+000  0.000000e+000  0.000000e+000  0.000000e+000  0.000000e+000  0.000000e+000  0.000000e+000  0.000000e+000  0.000000e+000  0.000000e+000  0.000000e+000  
0.000000e+000  0.000000e+000  0.000000e+000  0.000000e+000  0.000000e+000  0.000000e+000  0.000000e+000  0.000000e+000  0.000000e+000  0.000000e+000  0.000000e+000  0.000000e+000  0.000000e+000  0.000000e+000  0.000000e+000  0.000000e+000  0.000000e+000  0.000000e+000  0.000000e+000  0.000000e+000  0.000000e+000  0.000000e+000  0.000000e+000  
0.000000e+000  0.000000e+000  0.000000e+000  0.000000e+000  0.000000e+000  0.000000e+000  0.000000e+000  0.000000e+000  0.000000e+000  0.000000e+000  0.000000e+000  0.000000e+000  0.000000e+000  0.000000e+000  0.000000e+000  0.000000e+000  0.000000e+000  0.000000e+000  0.000000e+000  0.000000e+000  0.000000e+000  0.000000e+000  0.000000e+000  
0.000000e+000  0.000000e+000  0.000000e+000  0.000000e+000  0.000000e+000  0.000000e+000  0.000000e+000  0.000000e+000  0.000000e+000  0.000000e+000  0.000000e+000  0.000000e+000  0.000000e+000  0.000000e+000  0.000000e+000  0.000000e+000  0.000000e+000  0.000000e+000  0.000000e+000  0.000000e+000  0.000000e+000  0.000000e+000  0.000000e+000  
0.000000e+000  0.000000e+000  0.000000e+000  0.000000e+000  0.000000e+000  0.000000e+000  0.000000e+000  0.000000e+000  0.000000e+000  0.000000e+000  0.000000e+000  0.000000e+000  0.000000e+000  0.000000e+000  0.000000e+000  0.000000e+000  0.000000e+000  0.000000e+000  0.000000e+000  0.000000e+000  0.000000e+000  0.000000e+000  0.000000e+000  
0.000000e+000  0.000000e+000  0.000000e+000  0.000000e+000  0.000000e+000  0.000000e+000  0.000000e+000  0.000000e+000  0.000000e+000  0.000000e+000  0.000000e+000  0.000000e+000  0.000000e+000  0.000000e+000  0.000000e+000  0.000000e+000  0.000000e+000  0.000000e+000  0.000000e+000  0.000000e+000  0.000000e+000  0.000000e+000  0.000000e+000  
0.000000e+000  0.000000e+000  0.000000e+000  0.000000e+000  0.000000e+000  0.000000e+000  0.000000e+000  0.000000e+000  0.000000e+000  0.000000e+000  0.000000e+000  0.000000e+000  0.000000e+000  0.000000e+000  0.000000e+000  0.000000e+000  0.000000e+000  0.000000e+000  0.000000e+000  0.000000e+000  0.000000e+000  0.000000e+000  0.000000e+000  
0.000000e+000  0.000000e+000  0.000000e+000  0.000000e+000  0.000000e+000  0.000000e+000  0.000000e+000  0.000000e+000  0.000000e+000  0.000000e+000  0.000000e+000  0.000000e+000  0.000000e+000  0.000000e+000  0.000000e+000  0.000000e+000  0.000000e+000  0.000000e+000  0.000000e+000  0.000000e+000  0.000000e+000  0.000000e+000  0.000000e+000  
0.000000e+000  0.000000e+000  0.000000e+000  0.000000e+000  0.000000e+000  0.000000e+000  0.000000e+000  0.000000e+000  0.000000e+000  0.000000e+000  0.000000e+000  0.000000e+000  0.000000e+000  0.000000e+000  0.000000e+000  0.000000e+000  0.000000e+000  0.000000e+000  0.000000e+000  0.000000e+000  0.000000e+000  0.000000e+000  0.000000e+000  
0.000000e+000  0.000000e+000  0.000000e+000  0.000000e+000  0.000000e+000  0.000000e+000  0.000000e+000  0.000000e+000  0.000000e+000  0.000000e+000  0.000000e+000  0.000000e+000  0.000000e+000  0.000000e+000  0.000000e+000  0.000000e+000  0.000000e+000  0.000000e+000  0.000000e+000  0.000000e+000  0.000000e+000  0.000000e+000  0.000000e+000  
0.000000e+000  0.000000e+000  0.000000e+000  0.000000e+000  0.000000e+000  0.000000e+000  0.000000e+000  0.000000e+000  0.000000e+000  0.000000e+000  0.000000e+000  0.000000e+000  0.000000e+000  0.000000e+000  0.000000e+000  0.000000e+000  0.000000e+000  0.000000e+000  0.000000e+000  0.000000e+000  0.000000e+000  0.000000e+000  0.000000e+000  
0.000000e+000  0.000000e+000  0.000000e+000  0.000000e+000  0.000000e+000  0.000000e+000  0.000000e+000  0.000000e+000  0.000000e+000  0.000000e+000  0.000000e+000  0.000000e+000  0.000000e+000  0.000000e+000  0.000000e+000  0.000000e+000  0.000000e+000  0.000000e+000  0.000000e+000  0.000000e+000  0.000000e+000  0.000000e+000  0.000000e+000  
0.000000e+000  0.000000e+000  0.000000e+000  0.000000e+000  0.000000e+000  0.000000e+000  0.000000e+000  0.000000e+000  0.000000e+000  0.000000e+000  0.000000e+000  0.000000e+000  0.000000e+000  0.000000e+000  0.000000e+000  0.000000e+000  0.000000e+000  0.000000e+000  0.000000e+000  0.000000e+000  0.000000e+000  0.000000e+000  0.000000e+000  
0.000000e+000  0.000000e+000  0.000000e+000  0.000000e+000  0.000000e+000  0.000000e+000  0.000000e+000  0.000000e+000  0.000000e+000  0.000000e+000  0.000000e+000  0.000000e+000  0.000000e+000  0.000000e+000  0.000000e+000  0.000000e+000  0.000000e+000  0.000000e+000  0.000000e+000  0.000000e+000  0.000000e+000  0.000000e+000  0.000000e+000  
0.000000e+000  0.000000e+000  0.000000e+000  0.000000e+000  0.000000e+000  0.000000e+000  0.000000e+000  0.000000e+000  0.000000e+000  0.000000e+000  0.000000e+000  0.000000e+000  0.000000e+000  0.000000e+000  0.000000e+000  0.000000e+000  0.000000e+000  0.000000e+000  0.000000e+000  0.000000e+000  0.000000e+000  0.000000e+000  0.000000e+000  
0.000000e+000  0.000000e+000  0.000000e+000  0.000000e+000  0.000000e+000  0.000000e+000  0.000000e+000  0.000000e+000  0.000000e+000  0.000000e+000  0.000000e+000  0.000000e+000  0.000000e+000  0.000000e+000  0.000000e+000  0.000000e+000  0.000000e+000  0.000000e+000  0.000000e+000  0.000000e+000  0.000000e+000  0.000000e+000  0.000000e+000  
0.000000e+000  0.000000e+000  0.000000e+000  0.000000e+000  0.000000e+000  0.000000e+000  0.000000e+000  0.000000e+000  0.000000e+000  0.000000e+000  0.000000e+000  0.000000e+000  0.000000e+000  0.000000e+000  0.000000e+000  0.000000e+000  0.000000e+000  0.000000e+000  0.000000e+000  0.000000e+000  0.000000e+000  0.000000e+000  0.000000e+000  
0.000000e+000  0.000000e+000  0.000000e+000  0.000000e+000  0.000000e+000  0.000000e+000  0.000000e+000  0.000000e+000  0.000000e+000  0.000000e+000  0.000000e+000  0.000000e+000  0.000000e+000  0.000000e+000  0.000000e+000  0.000000e+000  0.000000e+000  0.000000e+000  0.000000e+000  0.000000e+000  0.000000e+000  0.000000e+000  0.000000e+000  
0.000000e+000  0.000000e+000  0.000000e+000  0.000000e+000  0.000000e+000  0.000000e+000  0.000000e+000  0.000000e+000  0.000000e+000  0.000000e+000  0.000000e+000  0.000000e+000  0.000000e+000  0.000000e+000  0.000000e+000  0.000000e+000  0.000000e+000  0.000000e+000  0.000000e+000  0.000000e+000  0.000000e+000  0.000000e+000  0.000000e+000  

8.333425e-006  7.053575e-003  2.114538e-002  4.166781e-002  6.125212e-002  8.055651e-002  1.059712e-001  7.568350e-002  5.338043e-002  3.572151e-002  1.327440e-002  -1.327213e-002  -3.571923e-002  -5.337814e-002  -7.568119e-002  -1.059689e-001  -8.055418e-002  -6.124978e-002  -4.166545e-002  -2.114299e-002  -7.051163e-003  -5.909343e-006  -0.000000e+000  
-7.036907e-003  8.190302e-006  1.471827e-002  3.974617e-002  4.323940e-002  4.769627e-002  4.972197e-002  4.374413e-002  3.480313e-002  2.494444e-002  9.891241e-003  -9.888984e-003  -2.494218e-002  -3.480086e-002  -4.374184e-002  -4.971967e-002  -4.769396e-002  -4.323706e-002  -3.974381e-002  -1.471588e-002  -5.768547e-006  7.039343e-003  -0.000000e+000  
-2.112842e-002  -1.470218e-002  7.544212e-006  1.598952e-002  2.214561e-002  2.480497e-002  2.548634e-002  2.365680e-002  1.989618e-002  1.487422e-002  6.217228e-003  -6.214995e-003  -1.487198e-002  -1.989393e-002  -2.365454e-002  -2.548406e-002  -2.480268e-002  -2.214330e-002  -1.598717e-002  -5.139910e-006  1.470462e-002  2.113088e-002  -0.000000e+000  
-4.164969e-002  -3.973032e-002  -1.597554e-002  6.533112e-006  6.830342e-003  9.825322e-003  1.129400e-002  1.129354e-002  1.003430e-002  7.801349e-003  3.432678e-003  -3.430479e-003  -7.799145e-003  -1.003209e-002  -1.129132e-002  -1.129177e-002  -9.823065e-003  -6.828057e-003  -4.199642e-006  1.597795e-002  3.973280e-002  4.165221e-002  -0.000000e+000  
-6.123151e-002  -4.322503e-002  -2.213317e-002  -6.817964e-003  6.459335e-006  3.169380e-003  5.057063e-003  5.797313e-003  5.558918e-003  4.535154e-003  2.122901e-003  -2.120731e-003  -4.532987e-003  -5.556751e-003  -5.795139e-003  -5.054874e-003  -3.167167e-003  -4.212656e-006  6.820275e-003  2.213559e-002  4.322755e-002  6.123409e-002  -0.000000e+000  
-8.053312e-002  -4.768430e-002  -2.479402e-002  -9.813600e-003  -3.156100e-003  7.320329e-006  2.046528e-003  3.111794e-003  3.360689e-003  2.942106e-003  1.506526e-003  -1.504376e-003  -2.939966e-003  -3.358555e-003  -3.109659e-003  -2.044381e-003  -5.147791e-006  3.158313e-003  9.815891e-003  2.479645e-002  4.768686e-002  8.053575e-002  -0.000000e+000  
-1.059783e-001  -4.971525e-002  -2.547733e-002  -1.128326e-002  -5.043747e-003  -2.030526e-003  9.928764e-006  1.242638e-003  1.829928e-003  1.887540e-003  1.164335e-003  -1.162199e-003  -1.885429e-003  -1.827834e-003  -1.240553e-003  -7.836694e-006  2.032645e-003  5.045912e-003  1.128552e-002  2.547977e-002  4.971787e-002  1.059810e-001  -0.000000e+000  
-7.568664e-002  -4.373977e-002  -2.364959e-002  -1.128421e-002  -5.784929e-003  -3.095600e-003  -1.218926e-003  1.889743e-005  8.288379e-004  1.372744e-003  1.162692e-003  -1.160564e-003  -1.370660e-003  -8.267921e-004  -1.687771e-005  1.220943e-003  3.097644e-003  5.787029e-003  1.128643e-002  2.365205e-002  4.374245e-002  7.568947e-002  -0.000000e+000  
-5.338144e-002  -3.479996e-002  -1.989059e-002  -1.002686e-002  -5.549245e-003  -3.348010e-003  -1.808925e-003  -7.769608e-004  9.378039e-005  2.282500e-003  -0.000000e+000  -0.000000e+000  -2.280453e-003  -9.179430e-005  7.788910e-004  1.810838e-003  3.349951e-003  5.551254e-003  1.002902e-002  1.989305e-002  3.480275e-002  5.338444e-002  -0.000000e+000  
-3.572144e-002  -2.494203e-002  -1.487010e-002  -7.796084e-003  -4.529709e-003  -2.938258e-003  -1.891796e-003  -1.411594e-003  -3.620499e-003  -0.000000e+000  -0.000000e+000  -0.000000e+000  -0.000000e+000  3.622374e-003  1.413395e-003  1.893563e-003  2.940056e-003  4.531592e-003  7.798163e-003  1.487258e-002  2.494494e-002  3.572467e-002  -0.000000e+000  
-1.327358e-002  -9.889725e-003  -6.215116e-003  -3.430337e-003  -2.121220e-003  -1.506167e-003  -1.166744e-003  -1.168920e-003  -0.000000e+000  -0.000000e+000  -0.000000e+000  -0.000000e+000  -0.000000e+000  -0.000000e+000  1.170403e-003  1.168191e-003  1.507668e-003  2.122846e-003  3.432240e-003  6.217588e-003  9.892873e-003  1.327726e-002  -0.000000e+000  
1.327325e-002  9.889407e-003  6.214803e-003  3.430031e-003  2.120920e-003  1.505871e-003  1.166452e-003  1.168629e-003  -0.000000e+000  -0.000000e+000  -0.000000e+000  -0.000000e+000  -0.000000e+000  -0.000000e+000  -1.168096e-003  -1.165796e-003  -1.505047e-003  -2.119875e-003  -3.428560e-003  -6.212444e-003  -9.885808e-003  -1.326842e-002  -0.000000e+000  
3.572112e-002  2.494171e-002  1.486979e-002  7.795777e-003  4.529410e-003  2.937965e-003  1.891510e-003  1.411314e-003  3.620212e-003  -0.000000e+000  -0.000000e+000  -0.000000e+000  -0.000000e+000  -3.620886e-003  -1.411633e-003  -1.891583e-003  -2.937806e-003  -4.528988e-003  -7.794870e-003  -1.486778e-002  -2.493777e-002  -3.571450e-002  -0.000000e+000  
5.338112e-002  3.479964e-002  1.989027e-002  1.002655e-002  5.548945e-003  3.347717e-003  1.808641e-003  7.766886e-004  -9.403928e-005  -2.282727e-003  -0.000000e+000  -0.000000e+000  2.281256e-003  9.291286e-005  -7.774908e-004  -1.809190e-003  -3.348031e-003  -5.549002e-003  -1.002613e-002  -1.988870e-002  -3.479566e-002  -5.337264e-002  -0.000000e+000  
7.568631e-002  4.373944e-002  2.364927e-002  1.128390e-002  5.784628e-003  3.095307e-003  1.218644e-003  -1.916436e-005  -8.290838e-004  -1.372958e-003  -1.162825e-003  1.160736e-003  1.371221e-003  8.276244e-004  1.794879e-005  -1.219649e-003  -3.096114e-003  -5.785222e-003  -1.128410e-002  -2.364846e-002  -4.373593e-002  -7.567486e-002  -0.000000e+000  
1.059780e-001  4.971493e-002  2.547701e-002  1.128295e-002  5.043442e-003  2.030230e-003  -1.021262e-005  -1.242905e-003  -1.830171e-003  -1.887748e-003  -1.164460e-003  1.162315e-003  1.885819e-003  1.828412e-003  1.241310e-003  8.764111e-006  -2.031544e-003  -5.044621e-003  -1.128390e-002  -2.547737e-002  -4.971320e-002  -1.059616e-001  -0.000000e+000  
8.053278e-002  4.768397e-002  2.479369e-002  9.813281e-003  3.155790e-003  -7.622446e-006  -2.046819e-003  -3.112070e-003  -3.360942e-003  -2.942326e-003  -1.506676e-003  1.504403e-003  2.940177e-003  3.358891e-003  3.110112e-003  2.044939e-003  5.801160e-006  -3.157574e-003  -9.815043e-003  -2.479561e-002  -4.768717e-002  -8.054709e-002  -0.000000e+000  
6.123118e-002  4.322469e-002  2.213284e-002  6.817639e-003  -6.777269e-006  -3.169691e-003  -5.057365e-003  -5.797603e-003  -5.559190e-003  -4.535401e-003  -2.123097e-003  2.120653e-003  4.533018e-003  5.556851e-003  5.795297e-003  5.055073e-003  3.167383e-003  4.414232e-006  -6.820169e-003  -2.213603e-002  -4.323008e-002  -6.124268e-002  -0.000000e+000  
4.164935e-002  3.972998e-002  1.597520e-002  -6.868564e-006  -6.830674e-003  -9.825652e-003  -1.129433e-002  -1.129386e-002  -1.003461e-002  -7.801650e-003  -3.432960e-003  3.430231e-003  7.798912e-003  1.003185e-002  1.129106e-002  1.129146e-002  9.822673e-003  6.827526e-003  3.349073e-006  -1.597972e-002  -3.973652e-002  -4.165813e-002  -0.000000e+000  
2.112807e-002  1.470183e-002  -7.893192e-006  -1.598987e-002  -2.214597e-002  -2.480533e-002  -2.548670e-002  -2.365717e-002  -1.989655e-002  -1.487460e-002  -6.217635e-003  6.214536e-003  1.487144e-002  1.989332e-002  2.365384e-002  2.548324e-002  2.480168e-002  2.214209e-002  1.598554e-002  2.617723e-006  -1.470812e-002  -2.113523e-002  -0.000000e+000  
7.036556e-003  -8.542545e-006  -1.471863e-002  -3.974654e-002  -4.323977e-002  -4.769665e-002  -4.972236e-002  -4.374453e-002  -3.480356e-002  -2.494490e-002  -9.891748e-003  9.888364e-003  2.494142e-002  3.479998e-002  4.374082e-002  4.971848e-002  4.769256e-002  4.323543e-002  3.974173e-002  1.471326e-002  2.573058e-006  -7.042968e-003  -0.000000e+000  
-8.686081e-006  -7.053930e-003  -2.114574e-002  -4.166818e-002  -6.125250e-002  -8.055690e-002  -1.059716e-001  -7.568392e-002  -5.338088e-002  -3.572201e-002  -1.327496e-002  1.327142e-002  3.571835e-002  5.337710e-002  7.567997e-002  1.059674e-001  8.055256e-002  6.124797e-002  4.166332e-002  2.114039e-002  7.048122e-003  2.576782e-006  -0.000000e+000  
-0.000000e+000  -0.000000e+000  -0.000000e+000  -0.000000e+000  -0.000000e+000  -0.000000e+000  -0.000000e+000  -0.000000e+000  -0.000000e+000  -0.000000e+000  -0.000000e+000  -0.000000e+000  -0.000000e+000  -0.000000e+000  -0.000000e+000  -0.000000e+000  -0.000000e+000  -0.000000e+000  -0.000000e+000  -0.000000e+000  -0.000000e+000  -0.000000e+000  -0.000000e+000  

