27/Jul/2020 14:52:25  *** Warning ***
                      
                      This software is licensed for educational purposes only.
                      
                      ------------------------------------------------------------------------------
27/Jul/2020 14:52:57  *** Warning ***
                      
                      This software is licensed for educational purposes only.
                      
                      ------------------------------------------------------------------------------
27/Jul/2020 14:52:57  
                      Solver started at: 02:52 PM Monday, 27. July 2020 (GMT Daylight Time)
                      
                        Module:  Time Domain: S-Parameter (Win 64)
                        Version: 2019.7 Release from 2019-07-05 (change 706060)
                      

                      ------------------------------------------------------------------------------

                      ------------------------------------------------------------------------------
27/Jul/2020 14:52:57  ======================================================================
                       Solver cycle: 1
                      ======================================================================
                      
                      Stimulation at port 1 (mode 1) 
                      
                      
                      
                      ------------------------------------------------------------------------------
27/Jul/2020 14:52:58  Units settings: 
                      
                        Dimensions: mm
                        Frequency:  GHz
                        Time:       ns
                      
                      ------------------------------------------------------------------------------
27/Jul/2020 14:53:20  Mesh statistics:
                      
                         Hexahedral mesh type: PBA [Version: default]
                      
                         Parallelization type: domain decomposition
                            Number of parallel working threads: 1
                            Number of calculation domains used: 1
                      
                         Used point accuracy enhancement value: 69.00%.
25/Jul/2020 11:46:09     current system memory usage reached 65%
                         PBA fill limit: 99.00% (inverse)
25/Jul/2020 11:46:07     current system memory usage reached 65%
25/Jul/2020 11:46:28     current system memory usage reached 70%
25/Jul/2020 11:52:21     current system memory usage reached 70%
                         Used point accuracy enhancement value: 70.00%.
25/Jul/2020 11:59:07     current system memory usage reached 60%
25/Jul/2020 11:59:30     current system memory usage reached 65%
25/Jul/2020 11:59:31     current system memory usage reached 65%
25/Jul/2020 12:02:08     current system memory usage reached 60%
25/Jul/2020 12:02:07     current system memory usage reached 60%
25/Jul/2020 12:03:48     current system memory usage reached 55%
25/Jul/2020 12:05:19     current system memory usage reached 55%
                         Used point accuracy enhancement value: 75.00%.
27/Jul/2020 14:50:51     current system memory usage reached 55%
27/Jul/2020 14:51:53     current system memory usage reached 55%
27/Jul/2020 14:53:12     current system memory usage reached 55%

27/Jul/2020 14:53:20  Using generalized port mode solver.
                      
                      ------------------------------------------------------------------------------
27/Jul/2020 14:53:20  Using electric shielding for port 1, 2.
                      
                      ------------------------------------------------------------------------------
27/Jul/2020 14:53:21  Boundary conditions: 
                      
                        YZsymmetry: none
                        XZsymmetry: none
                        XYsymmetry: none
                      
                        Xmin: electric
                        Xmax: electric
                      
                        Ymin: electric
                        Ymax: expanded open, 4 Layer, depth 33.5928 mm
                      
                        Zmin: electric
                        Zmax: electric
                      
                        PML-Type: Convolution PML
                      
                      ------------------------------------------------------------------------------
27/Jul/2020 14:53:21  Frequency settings: 
                      
                        Fmin:         1
                        Fmax:         4
                        Nfsteps(lin): 1001
                      
                      ------------------------------------------------------------------------------
27/Jul/2020 14:53:21  Waveguide boundaries:
                      
27/Jul/2020 14:53:21  Port: 1
                      
27/Jul/2020 14:53:21    -------------------------------- F-Calc 2.5 --------------------------------
                        Port   Mode   Type        Z-Wave        Z-Wave-Sigma  Z-Line        F-Cutoff
                        1      1      TEM         266           7.79e-006     54.3          0.0
                        ----------------------------------------------------------------------------
                      
27/Jul/2020 14:53:21  Port: 2
                      
27/Jul/2020 14:53:21    -------------------------------- F-Calc 2.5 --------------------------------
                        Port   Mode   Type        Z-Wave        Z-Wave-Sigma  Z-Line        F-Cutoff
                        2      1      TEM         266           7.79e-006     54.3          0.0
                        ----------------------------------------------------------------------------
                      
27/Jul/2020 14:53:21  Field update statistics:
                      
                        Number of components in total: 	267437
                        Number of TST elements:		112
                        Number of lossy metal components:	12231
                      
                      Subcycling state:      Automatically deactivated
                      
                      ------------------------------------------------------------------------------
27/Jul/2020 14:53:33  
                      --------------------------------------------------------------------------------
27/Jul/2020 14:53:33  Steady state energy criterion met, solver finished successfully.
                      
                      ------------------------------------------------------------------------------
27/Jul/2020 14:53:33  Frequency domain results normalized to default signal.
                      
                      
                      ------------------------------------------------------------------------------
27/Jul/2020 14:53:33  
                        ----------------------------------------------------------------------------
                                            Peak memory used (kB)         Free physical memory (kB) 
                                                                          At begin     Minimum      
                        ----------------------------------------------------------------------------
                        Matrices calc.      131835                        4022460      3908203      
                        Solver run total    51480                         4062984      3906760      
                        ----------------------------------------------------------------------------
                      
                      --------------------------------------------------------------------------------
                      Solver Statistics:
                      
                        Hardware:
                           Computer name:                 	elecpc375 
                      
                           Number of CPU threads:               2
                           Hardware info:                  	Hardware Accelerator Device not activated
                      
                        Number of mesh cells:             	42688
                        Excitation duration:              	2.36969917e+000 ns 
                        Calculation time for excitation:  	1 	s
                        Number of calculated pulse widths:	8.73828 
                        Steady state accuracy limit:      	-25	dB 
                        Simulated number of time steps:   	10160 
                        Maximum number of time steps:     	23254 
                        Time step width:
                           without subcycles:             	2.03809915e-003 ns
                           used:                          	2.03809915e-003 ns
                      
                        Matrix calculation time:          	22 	s
                        Solver setup time:                	2 	s
                        Solver loop time:                 	9 	s
                        Solver post processing time:      	0 	s
                                                          	------------
                        Total solver time:                	33 	s
                      
                      ------------------------------------------------------------------------------
27/Jul/2020 14:53:33  
                        Adaptive port meshing time:          	31     	s
                        Total solver time (all cycles):      	33     	s
                        solver initialization and clean-up:  	2      	s
                                                             	------------
                        Total simulation time:               	66     	s  ( = 0 h, 1 m, 6 s )
                      
                      ------------------------------------------------------------------------------
27/Jul/2020 14:53:33  Solver finished at: 02:53 PM Monday, 27. July 2020
                      
                      
                      
                      ------------------------------------------------------------------------------
27/Jul/2020 14:53:34  Parametric 1D storage is switched off.
                      
                      ------------------------------------------------------------------------------
