Port monitor named: Port1_e1[2.5].prt

nx        = 87
ny        = 41
nz        = 51

nu        = 5
nv        = 5
iu        = 24
iv        = 12

idir      = 1
dcut      = 2.525000e-002
icut      = 36
type      = 0
frequency = 2.500000e+009

fcutoff   = 0.000000e+000
alpha     = 0.000000e+000
beta      = 7.335988e+001
accuracy  = 4.284621e-015

type          = TEM
wave imp.     = 2.654382e+002
wave imp.sig. = 1.428356e-001
line imp.     = 5.425747e+001

ref. port     = 0

0.000000e+000  0.000000e+000  0.000000e+000  0.000000e+000  0.000000e+000  
-2.246637e+003  -2.045439e+003  2.045439e+003  2.246637e+003  0.000000e+000  
-4.279083e+003  -8.343642e+003  8.343642e+003  4.279083e+003  0.000000e+000  
-2.246637e+003  -2.045439e+003  2.045439e+003  2.246637e+003  0.000000e+000  
0.000000e+000  0.000000e+000  0.000000e+000  0.000000e+000  0.000000e+000  

0.000000e+000  -2.246600e+003  -4.292343e+003  -2.246600e+003  0.000000e+000  
0.000000e+000  -2.032149e+003  -8.383495e+003  -2.032149e+003  0.000000e+000  
0.000000e+000  2.032149e+003  8.383495e+003  2.032149e+003  0.000000e+000  
0.000000e+000  2.246600e+003  4.292343e+003  2.246600e+003  0.000000e+000  
0.000000e+000  0.000000e+000  0.000000e+000  0.000000e+000  0.000000e+000  

0.000000e+000  0.000000e+000  0.000000e+000  0.000000e+000  0.000000e+000  
0.000000e+000  0.000000e+000  0.000000e+000  0.000000e+000  0.000000e+000  
0.000000e+000  0.000000e+000  0.000000e+000  0.000000e+000  0.000000e+000  
0.000000e+000  0.000000e+000  0.000000e+000  0.000000e+000  0.000000e+000  
0.000000e+000  0.000000e+000  0.000000e+000  0.000000e+000  0.000000e+000  

0.000000e+000  0.000000e+000  0.000000e+000  0.000000e+000  0.000000e+000  
0.000000e+000  0.000000e+000  0.000000e+000  0.000000e+000  0.000000e+000  
0.000000e+000  0.000000e+000  0.000000e+000  0.000000e+000  0.000000e+000  
0.000000e+000  0.000000e+000  0.000000e+000  0.000000e+000  0.000000e+000  
0.000000e+000  0.000000e+000  0.000000e+000  0.000000e+000  0.000000e+000  

0.000000e+000  0.000000e+000  0.000000e+000  0.000000e+000  0.000000e+000  
0.000000e+000  0.000000e+000  0.000000e+000  0.000000e+000  0.000000e+000  
0.000000e+000  0.000000e+000  0.000000e+000  0.000000e+000  0.000000e+000  
0.000000e+000  0.000000e+000  0.000000e+000  0.000000e+000  0.000000e+000  
0.000000e+000  0.000000e+000  0.000000e+000  0.000000e+000  0.000000e+000  

0.000000e+000  0.000000e+000  0.000000e+000  0.000000e+000  0.000000e+000  
0.000000e+000  9.622921e+000  3.626518e+000  9.622921e+000  0.000000e+000  
0.000000e+000  3.441469e+000  0.000000e+000  3.441469e+000  0.000000e+000  
0.000000e+000  9.622921e+000  3.626518e+000  9.622921e+000  0.000000e+000  
0.000000e+000  0.000000e+000  0.000000e+000  0.000000e+000  0.000000e+000  

