Port monitor named: Port1_e1[2.2].prt

nx        = 25
ny        = 25
nz        = 3

nu        = 23
nv        = 23
iu        = 2
iv        = 2

idir      = 2
dcut      = 2.500000e-002
icut      = 3
type      = 0
frequency = 2.200000e+009

fcutoff   = 0.000000e+000
alpha     = 0.000000e+000
beta      = 6.386473e+001
accuracy  = 1.533662e-012

type          = QTEM
wave imp.     = 2.634468e+002
wave imp.sig. = 4.302125e-003
line imp.     = 5.425582e+001

ref. port     = 0

-0.000000e+000  -0.000000e+000  -0.000000e+000  -0.000000e+000  -0.000000e+000  -0.000000e+000  -0.000000e+000  -0.000000e+000  -0.000000e+000  -0.000000e+000  -0.000000e+000  -0.000000e+000  -0.000000e+000  -0.000000e+000  -0.000000e+000  -0.000000e+000  -0.000000e+000  -0.000000e+000  -0.000000e+000  -0.000000e+000  -0.000000e+000  -0.000000e+000  -0.000000e+000  
-9.726784e+002  -9.727251e+002  -9.803852e+002  -9.652223e+002  -3.512508e+002  -3.552737e+001  3.427374e+002  5.853425e+001  -5.898581e+001  -8.657990e+001  -5.314477e+001  5.314255e+001  8.657879e+001  5.898565e+001  -5.853342e+001  -3.427357e+002  3.553019e+001  3.512544e+002  9.652263e+002  9.803872e+002  9.727234e+002  9.726727e+002  -0.000000e+000  
-1.945436e+003  -1.937962e+003  -1.492716e+003  -8.229051e+002  -7.993404e+002  -7.123784e+002  -6.065528e+002  -5.496644e+002  -4.776750e+002  -3.726956e+002  -1.679962e+002  1.679903e+002  3.726926e+002  4.776745e+002  5.496667e+002  6.065576e+002  7.123851e+002  7.993485e+002  8.229142e+002  1.492723e+003  1.937959e+003  1.945420e+003  -0.000000e+000  
-2.925918e+003  -2.450359e+003  -1.581309e+003  -1.581487e+003  -1.532431e+003  -1.464677e+003  -1.360089e+003  -1.218262e+003  -1.028319e+003  -7.847552e+002  -3.459000e+002  3.458865e+002  7.847477e+002  1.028318e+003  1.218267e+003  1.360098e+003  1.464690e+003  1.532447e+003  1.581504e+003  1.581325e+003  2.450360e+003  2.925881e+003  -0.000000e+000  
-3.891331e+003  -2.308207e+003  -2.339964e+003  -2.405638e+003  -2.405710e+003  -2.364295e+003  -2.262565e+003  -2.079314e+003  -1.793437e+003  -1.392832e+003  -6.304465e+002  6.304175e+002  1.392812e+003  1.793434e+003  2.079326e+003  2.262585e+003  2.364320e+003  2.405737e+003  2.405667e+003  2.339998e+003  2.308236e+003  3.891239e+003  -0.000000e+000  
-4.067091e+003  -2.532349e+003  -2.706565e+003  -2.842296e+003  -2.904536e+003  -2.904568e+003  -2.836076e+003  -2.663773e+003  -2.348081e+003  -1.858343e+003  -8.643489e+002  8.643075e+002  1.858301e+003  2.348080e+003  2.663796e+003  2.836108e+003  2.904603e+003  2.904570e+003  2.842332e+003  2.706610e+003  2.532417e+003  4.066944e+003  -0.000000e+000  
-4.085027e+003  -2.870886e+003  -3.082780e+003  -3.292134e+003  -3.444814e+003  -3.513360e+003  -3.513389e+003  -3.391613e+003  -3.076766e+003  -2.496776e+003  -1.199082e+003  1.199028e+003  2.496670e+003  3.076783e+003  3.391665e+003  3.513441e+003  3.513406e+003  3.444855e+003  3.292173e+003  3.082834e+003  2.871032e+003  4.084793e+003  -0.000000e+000  
-3.913879e+003  -3.345655e+003  -3.459623e+003  -3.743410e+003  -4.018325e+003  -4.190661e+003  -4.312500e+003  -4.312516e+003  -4.070586e+003  -3.420341e+003  -1.700774e+003  1.700727e+003  3.420013e+003  4.070709e+003  4.312632e+003  4.312578e+003  4.190716e+003  4.018368e+003  3.743447e+003  3.459666e+003  3.345712e+003  3.913746e+003  -0.000000e+000  
-3.884777e+003  -3.649867e+003  -3.794002e+003  -4.173985e+003  -4.602765e+003  -4.918450e+003  -5.233423e+003  -5.475355e+003  -5.472712e+003  -5.377946e+003  -0.000000e+000  -0.000000e+000  5.392562e+003  5.473399e+003  5.475565e+003  5.233511e+003  4.918502e+003  4.602805e+003  4.174017e+003  3.794034e+003  3.649887e+003  3.884698e+003  -0.000000e+000  
-3.914393e+003  -3.859310e+003  -4.069411e+003  -4.556618e+003  -5.157364e+003  -5.646938e+003  -6.227373e+003  -6.882756e+003  -7.179342e+003  -0.000000e+000  -0.000000e+000  -0.000000e+000  -0.000000e+000  7.179092e+003  6.882705e+003  6.227387e+003  5.646964e+003  5.157391e+003  4.556644e+003  4.069433e+003  3.859314e+003  3.914344e+003  -0.000000e+000  
-3.957770e+003  -4.002447e+003  -4.275534e+003  -4.860794e+003  -5.622874e+003  -6.284552e+003  -7.146359e+003  -8.281892e+003  -0.000000e+000  -0.000000e+000  -0.000000e+000  -0.000000e+000  -0.000000e+000  -0.000000e+000  8.281857e+003  7.146353e+003  6.284562e+003  5.622890e+003  4.860813e+003  4.275548e+003  4.002445e+003  3.957737e+003  -0.000000e+000  
-4.010988e+003  -4.117385e+003  -4.453617e+003  -5.145975e+003  -6.092977e+003  -6.959348e+003  -8.163101e+003  -9.875205e+003  -0.000000e+000  -0.000000e+000  -0.000000e+000  -0.000000e+000  -0.000000e+000  -0.000000e+000  9.875192e+003  8.163096e+003  6.959352e+003  6.092987e+003  5.145989e+003  4.453627e+003  4.117380e+003  4.010964e+003  -0.000000e+000  
-3.957770e+003  -4.002447e+003  -4.275534e+003  -4.860794e+003  -5.622874e+003  -6.284552e+003  -7.146359e+003  -8.281892e+003  -0.000000e+000  -0.000000e+000  -0.000000e+000  -0.000000e+000  -0.000000e+000  -0.000000e+000  8.281857e+003  7.146353e+003  6.284562e+003  5.622890e+003  4.860813e+003  4.275548e+003  4.002445e+003  3.957737e+003  -0.000000e+000  
-3.914393e+003  -3.859310e+003  -4.069411e+003  -4.556618e+003  -5.157364e+003  -5.646938e+003  -6.227373e+003  -6.882756e+003  -7.179342e+003  -0.000000e+000  -0.000000e+000  -0.000000e+000  -0.000000e+000  7.179092e+003  6.882705e+003  6.227387e+003  5.646964e+003  5.157391e+003  4.556644e+003  4.069433e+003  3.859314e+003  3.914344e+003  -0.000000e+000  
-3.884777e+003  -3.649867e+003  -3.794002e+003  -4.173985e+003  -4.602765e+003  -4.918450e+003  -5.233423e+003  -5.475355e+003  -5.472712e+003  -5.377946e+003  -0.000000e+000  -0.000000e+000  5.392562e+003  5.473399e+003  5.475565e+003  5.233511e+003  4.918502e+003  4.602805e+003  4.174017e+003  3.794034e+003  3.649887e+003  3.884698e+003  -0.000000e+000  
-3.913879e+003  -3.345655e+003  -3.459623e+003  -3.743410e+003  -4.018325e+003  -4.190661e+003  -4.312500e+003  -4.312516e+003  -4.070586e+003  -3.420341e+003  -1.700774e+003  1.700727e+003  3.420013e+003  4.070709e+003  4.312632e+003  4.312578e+003  4.190716e+003  4.018368e+003  3.743447e+003  3.459666e+003  3.345712e+003  3.913746e+003  -0.000000e+000  
-4.085027e+003  -2.870886e+003  -3.082780e+003  -3.292134e+003  -3.444814e+003  -3.513360e+003  -3.513389e+003  -3.391613e+003  -3.076766e+003  -2.496776e+003  -1.199082e+003  1.199028e+003  2.496670e+003  3.076783e+003  3.391665e+003  3.513441e+003  3.513406e+003  3.444855e+003  3.292173e+003  3.082834e+003  2.871032e+003  4.084793e+003  -0.000000e+000  
-4.067091e+003  -2.532349e+003  -2.706565e+003  -2.842296e+003  -2.904536e+003  -2.904568e+003  -2.836076e+003  -2.663773e+003  -2.348081e+003  -1.858343e+003  -8.643489e+002  8.643075e+002  1.858301e+003  2.348080e+003  2.663796e+003  2.836108e+003  2.904603e+003  2.904570e+003  2.842332e+003  2.706610e+003  2.532417e+003  4.066944e+003  -0.000000e+000  
-3.891331e+003  -2.308207e+003  -2.339964e+003  -2.405638e+003  -2.405710e+003  -2.364295e+003  -2.262565e+003  -2.079314e+003  -1.793437e+003  -1.392832e+003  -6.304465e+002  6.304175e+002  1.392812e+003  1.793434e+003  2.079326e+003  2.262585e+003  2.364320e+003  2.405737e+003  2.405667e+003  2.339998e+003  2.308236e+003  3.891239e+003  -0.000000e+000  
-2.925918e+003  -2.450359e+003  -1.581309e+003  -1.581487e+003  -1.532431e+003  -1.464677e+003  -1.360089e+003  -1.218262e+003  -1.028319e+003  -7.847552e+002  -3.459000e+002  3.458865e+002  7.847477e+002  1.028318e+003  1.218267e+003  1.360098e+003  1.464690e+003  1.532447e+003  1.581504e+003  1.581325e+003  2.450360e+003  2.925881e+003  -0.000000e+000  
-1.945436e+003  -1.937962e+003  -1.492716e+003  -8.229051e+002  -7.993404e+002  -7.123784e+002  -6.065528e+002  -5.496644e+002  -4.776750e+002  -3.726956e+002  -1.679962e+002  1.679903e+002  3.726926e+002  4.776745e+002  5.496667e+002  6.065576e+002  7.123851e+002  7.993485e+002  8.229142e+002  1.492723e+003  1.937959e+003  1.945420e+003  -0.000000e+000  
-9.726784e+002  -9.727251e+002  -9.803852e+002  -9.652223e+002  -3.512508e+002  -3.552737e+001  3.427374e+002  5.853425e+001  -5.898581e+001  -8.657990e+001  -5.314477e+001  5.314255e+001  8.657879e+001  5.898565e+001  -5.853342e+001  -3.427357e+002  3.553019e+001  3.512544e+002  9.652263e+002  9.803872e+002  9.727234e+002  9.726727e+002  -0.000000e+000  
-0.000000e+000  -0.000000e+000  -0.000000e+000  -0.000000e+000  -0.000000e+000  -0.000000e+000  -0.000000e+000  -0.000000e+000  -0.000000e+000  -0.000000e+000  -0.000000e+000  -0.000000e+000  -0.000000e+000  -0.000000e+000  -0.000000e+000  -0.000000e+000  -0.000000e+000  -0.000000e+000  -0.000000e+000  -0.000000e+000  -0.000000e+000  -0.000000e+000  -0.000000e+000  

-0.000000e+000  -9.726784e+002  -1.945431e+003  -2.925899e+003  -3.891286e+003  -4.067031e+003  -4.084953e+003  -3.913793e+003  -3.884675e+003  -3.914273e+003  -3.957633e+003  -4.010830e+003  -3.957635e+003  -3.914275e+003  -3.884678e+003  -3.913795e+003  -4.084955e+003  -4.067032e+003  -3.891284e+003  -2.925894e+003  -1.945424e+003  -9.726727e+002  -0.000000e+000  
-0.000000e+000  -9.727297e+002  -1.937967e+003  -2.450356e+003  -2.308195e+003  -2.532325e+003  -2.870844e+003  -3.345587e+003  -3.649772e+003  -3.859185e+003  -4.002292e+003  -4.117183e+003  -4.002296e+003  -3.859190e+003  -3.649777e+003  -3.345591e+003  -2.870847e+003  -2.532326e+003  -2.308194e+003  -2.450349e+003  -1.937956e+003  -9.727199e+002  -0.000000e+000  
-0.000000e+000  -9.803990e+002  -1.492738e+003  -1.581330e+003  -2.339974e+003  -2.706563e+003  -3.082761e+003  -3.459579e+003  -3.793924e+003  -4.069285e+003  -4.275344e+003  -4.453273e+003  -4.275352e+003  -4.069295e+003  -3.793934e+003  -3.459588e+003  -3.082767e+003  -2.706566e+003  -2.339974e+003  -1.581321e+003  -1.492720e+003  -9.803771e+002  -0.000000e+000  
-0.000000e+000  -9.652490e+002  -8.229415e+002  -1.581534e+003  -2.405686e+003  -2.842339e+003  -3.292167e+003  -3.743427e+003  -4.173976e+003  -4.556554e+003  -4.860608e+003  -5.145168e+003  -4.860624e+003  -4.556576e+003  -4.173998e+003  -3.743447e+003  -3.292181e+003  -2.842347e+003  -2.405688e+003  -1.581524e+003  -8.229143e+002  -9.651943e+002  -0.000000e+000  
-0.000000e+000  -3.512797e+002  -7.993932e+002  -1.532507e+003  -2.405798e+003  -2.904623e+003  -3.444903e+003  -4.018423e+003  -4.602893e+003  -5.157548e+003  -5.623068e+003  -6.090881e+003  -5.623093e+003  -5.157595e+003  -4.602938e+003  -4.018456e+003  -3.444923e+003  -2.904634e+003  -2.405802e+003  -1.532500e+003  -7.993623e+002  -3.511691e+002  -0.000000e+000  
-0.000000e+000  -3.555566e+001  -7.124422e+002  -1.464775e+003  -2.364413e+003  -2.904685e+003  -3.513477e+003  -4.190795e+003  -4.918641e+003  -5.647333e+003  -6.285771e+003  -6.955242e+003  -6.285795e+003  -5.647420e+003  -4.918711e+003  -4.190836e+003  -3.513499e+003  -2.904696e+003  -2.364417e+003  -1.464773e+003  -7.124229e+002  -3.538091e+001  -0.000000e+000  
-0.000000e+000  3.427137e+002  -6.066280e+002  -1.360213e+003  -2.262720e+003  -2.836220e+003  -3.513517e+003  -4.312627e+003  -5.233533e+003  -6.227357e+003  -7.150926e+003  -8.154316e+003  -7.150915e+003  -6.227568e+003  -5.233638e+003  -4.312669e+003  -3.513532e+003  -2.836226e+003  -2.262723e+003  -1.360219e+003  -6.066546e+002  3.425100e+002  -0.000000e+000  
-0.000000e+000  5.850160e+001  -5.497514e+002  -1.218418e+003  -2.079523e+003  -2.663952e+003  -3.391735e+003  -4.312655e+003  -5.475494e+003  -6.877621e+003  -8.297313e+003  -9.855068e+003  -8.297115e+003  -6.878282e+003  -5.475591e+003  -4.312658e+003  -3.391727e+003  -2.663947e+003  -2.079522e+003  -1.218427e+003  -5.497850e+002  5.839307e+001  -0.000000e+000  
-0.000000e+000  -5.902201e+001  -4.777702e+002  -1.028509e+003  -1.793737e+003  -2.348325e+003  -3.076806e+003  -4.070753e+003  -5.478152e+003  -7.159596e+003  -0.000000e+000  -0.000000e+000  -0.000000e+000  -7.145971e+003  -5.477773e+003  -4.070635e+003  -3.076762e+003  -2.348307e+003  -1.793732e+003  -1.028518e+003  -4.777982e+002  -5.908122e+001  -0.000000e+000  
-0.000000e+000  -8.661394e+001  -3.727900e+002  -7.849764e+002  -1.393297e+003  -1.858798e+003  -2.496406e+003  -3.415388e+003  -5.277964e+003  -0.000000e+000  -0.000000e+000  -0.000000e+000  -0.000000e+000  -0.000000e+000  -5.277781e+003  -3.415336e+003  -2.496373e+003  -1.858781e+003  -1.393291e+003  -7.849826e+002  -3.728096e+002  -8.664644e+001  -0.000000e+000  
-0.000000e+000  -5.316570e+001  -1.680646e+002  -3.461240e+002  -6.312915e+002  -8.663388e+002  -1.203734e+003  -1.712103e+003  -0.000000e+000  -0.000000e+000  -0.000000e+000  -0.000000e+000  -0.000000e+000  -0.000000e+000  -0.000000e+000  -1.712094e+003  -1.203725e+003  -8.663327e+002  -6.312886e+002  -3.461263e+002  -1.680717e+002  -5.317515e+001  -0.000000e+000  
-0.000000e+000  5.316570e+001  1.680646e+002  3.461240e+002  6.312915e+002  8.663388e+002  1.203734e+003  1.712103e+003  -0.000000e+000  -0.000000e+000  -0.000000e+000  -0.000000e+000  -0.000000e+000  -0.000000e+000  -0.000000e+000  1.712094e+003  1.203725e+003  8.663327e+002  6.312886e+002  3.461263e+002  1.680717e+002  5.317515e+001  -0.000000e+000  
-0.000000e+000  8.661394e+001  3.727900e+002  7.849764e+002  1.393297e+003  1.858798e+003  2.496406e+003  3.415388e+003  5.277964e+003  -0.000000e+000  -0.000000e+000  -0.000000e+000  -0.000000e+000  -0.000000e+000  5.277781e+003  3.415336e+003  2.496373e+003  1.858781e+003  1.393291e+003  7.849826e+002  3.728096e+002  8.664644e+001  -0.000000e+000  
-0.000000e+000  5.902201e+001  4.777702e+002  1.028509e+003  1.793737e+003  2.348325e+003  3.076806e+003  4.070753e+003  5.478152e+003  7.159596e+003  -0.000000e+000  -0.000000e+000  -0.000000e+000  7.145971e+003  5.477773e+003  4.070635e+003  3.076762e+003  2.348307e+003  1.793732e+003  1.028518e+003  4.777982e+002  5.908122e+001  -0.000000e+000  
-0.000000e+000  -5.850160e+001  5.497514e+002  1.218418e+003  2.079523e+003  2.663952e+003  3.391735e+003  4.312655e+003  5.475494e+003  6.877621e+003  8.297313e+003  9.855068e+003  8.297115e+003  6.878282e+003  5.475591e+003  4.312658e+003  3.391727e+003  2.663947e+003  2.079522e+003  1.218427e+003  5.497850e+002  -5.839307e+001  -0.000000e+000  
-0.000000e+000  -3.427137e+002  6.066280e+002  1.360213e+003  2.262720e+003  2.836220e+003  3.513517e+003  4.312627e+003  5.233533e+003  6.227357e+003  7.150926e+003  8.154316e+003  7.150915e+003  6.227568e+003  5.233638e+003  4.312669e+003  3.513532e+003  2.836226e+003  2.262723e+003  1.360219e+003  6.066546e+002  -3.425100e+002  -0.000000e+000  
-0.000000e+000  3.555566e+001  7.124422e+002  1.464775e+003  2.364413e+003  2.904685e+003  3.513477e+003  4.190795e+003  4.918641e+003  5.647333e+003  6.285771e+003  6.955242e+003  6.285795e+003  5.647420e+003  4.918711e+003  4.190836e+003  3.513499e+003  2.904696e+003  2.364417e+003  1.464773e+003  7.124229e+002  3.538091e+001  -0.000000e+000  
-0.000000e+000  3.512797e+002  7.993932e+002  1.532507e+003  2.405798e+003  2.904623e+003  3.444903e+003  4.018423e+003  4.602893e+003  5.157548e+003  5.623068e+003  6.090881e+003  5.623093e+003  5.157595e+003  4.602938e+003  4.018456e+003  3.444923e+003  2.904634e+003  2.405802e+003  1.532500e+003  7.993623e+002  3.511691e+002  -0.000000e+000  
-0.000000e+000  9.652490e+002  8.229415e+002  1.581534e+003  2.405686e+003  2.842339e+003  3.292167e+003  3.743427e+003  4.173976e+003  4.556554e+003  4.860608e+003  5.145168e+003  4.860624e+003  4.556576e+003  4.173998e+003  3.743447e+003  3.292181e+003  2.842347e+003  2.405688e+003  1.581524e+003  8.229143e+002  9.651943e+002  -0.000000e+000  
-0.000000e+000  9.803990e+002  1.492738e+003  1.581330e+003  2.339974e+003  2.706563e+003  3.082761e+003  3.459579e+003  3.793924e+003  4.069285e+003  4.275344e+003  4.453273e+003  4.275352e+003  4.069295e+003  3.793934e+003  3.459588e+003  3.082767e+003  2.706566e+003  2.339974e+003  1.581321e+003  1.492720e+003  9.803771e+002  -0.000000e+000  
-0.000000e+000  9.727297e+002  1.937967e+003  2.450356e+003  2.308195e+003  2.532325e+003  2.870844e+003  3.345587e+003  3.649772e+003  3.859185e+003  4.002292e+003  4.117183e+003  4.002296e+003  3.859190e+003  3.649777e+003  3.345591e+003  2.870847e+003  2.532326e+003  2.308194e+003  2.450349e+003  1.937956e+003  9.727199e+002  -0.000000e+000  
-0.000000e+000  9.726784e+002  1.945431e+003  2.925899e+003  3.891286e+003  4.067031e+003  4.084953e+003  3.913793e+003  3.884675e+003  3.914273e+003  3.957633e+003  4.010830e+003  3.957635e+003  3.914275e+003  3.884678e+003  3.913795e+003  4.084955e+003  4.067032e+003  3.891284e+003  2.925894e+003  1.945424e+003  9.726727e+002  -0.000000e+000  
-0.000000e+000  -0.000000e+000  -0.000000e+000  -0.000000e+000  -0.000000e+000  -0.000000e+000  -0.000000e+000  -0.000000e+000  -0.000000e+000  -0.000000e+000  -0.000000e+000  -0.000000e+000  -0.000000e+000  -0.000000e+000  -0.000000e+000  -0.000000e+000  -0.000000e+000  -0.000000e+000  -0.000000e+000  -0.000000e+000  -0.000000e+000  -0.000000e+000  -0.000000e+000  

0.000000e+000  0.000000e+000  0.000000e+000  0.000000e+000  0.000000e+000  0.000000e+000  0.000000e+000  0.000000e+000  0.000000e+000  0.000000e+000  0.000000e+000  0.000000e+000  0.000000e+000  0.000000e+000  0.000000e+000  0.000000e+000  0.000000e+000  0.000000e+000  0.000000e+000  0.000000e+000  0.000000e+000  0.000000e+000  0.000000e+000  
0.000000e+000  0.000000e+000  0.000000e+000  0.000000e+000  0.000000e+000  0.000000e+000  0.000000e+000  0.000000e+000  0.000000e+000  0.000000e+000  0.000000e+000  0.000000e+000  0.000000e+000  0.000000e+000  0.000000e+000  0.000000e+000  0.000000e+000  0.000000e+000  0.000000e+000  0.000000e+000  0.000000e+000  0.000000e+000  0.000000e+000  
0.000000e+000  0.000000e+000  0.000000e+000  0.000000e+000  0.000000e+000  0.000000e+000  0.000000e+000  0.000000e+000  0.000000e+000  0.000000e+000  0.000000e+000  0.000000e+000  0.000000e+000  0.000000e+000  0.000000e+000  0.000000e+000  0.000000e+000  0.000000e+000  0.000000e+000  0.000000e+000  0.000000e+000  0.000000e+000  0.000000e+000  
0.000000e+000  0.000000e+000  0.000000e+000  0.000000e+000  0.000000e+000  0.000000e+000  0.000000e+000  0.000000e+000  0.000000e+000  0.000000e+000  0.000000e+000  0.000000e+000  0.000000e+000  0.000000e+000  0.000000e+000  0.000000e+000  0.000000e+000  0.000000e+000  0.000000e+000  0.000000e+000  0.000000e+000  0.000000e+000  0.000000e+000  
0.000000e+000  0.000000e+000  0.000000e+000  0.000000e+000  0.000000e+000  0.000000e+000  0.000000e+000  0.000000e+000  0.000000e+000  0.000000e+000  0.000000e+000  0.000000e+000  0.000000e+000  0.000000e+000  0.000000e+000  0.000000e+000  0.000000e+000  0.000000e+000  0.000000e+000  0.000000e+000  0.000000e+000  0.000000e+000  0.000000e+000  
0.000000e+000  0.000000e+000  0.000000e+000  0.000000e+000  0.000000e+000  0.000000e+000  0.000000e+000  0.000000e+000  0.000000e+000  0.000000e+000  0.000000e+000  0.000000e+000  0.000000e+000  0.000000e+000  0.000000e+000  0.000000e+000  0.000000e+000  0.000000e+000  0.000000e+000  0.000000e+000  0.000000e+000  0.000000e+000  0.000000e+000  
0.000000e+000  0.000000e+000  0.000000e+000  0.000000e+000  0.000000e+000  0.000000e+000  0.000000e+000  0.000000e+000  0.000000e+000  0.000000e+000  0.000000e+000  0.000000e+000  0.000000e+000  0.000000e+000  0.000000e+000  0.000000e+000  0.000000e+000  0.000000e+000  0.000000e+000  0.000000e+000  0.000000e+000  0.000000e+000  0.000000e+000  
0.000000e+000  0.000000e+000  0.000000e+000  0.000000e+000  0.000000e+000  0.000000e+000  0.000000e+000  0.000000e+000  0.000000e+000  0.000000e+000  0.000000e+000  0.000000e+000  0.000000e+000  0.000000e+000  0.000000e+000  0.000000e+000  0.000000e+000  0.000000e+000  0.000000e+000  0.000000e+000  0.000000e+000  0.000000e+000  0.000000e+000  
0.000000e+000  0.000000e+000  0.000000e+000  0.000000e+000  0.000000e+000  0.000000e+000  0.000000e+000  0.000000e+000  0.000000e+000  0.000000e+000  0.000000e+000  0.000000e+000  0.000000e+000  0.000000e+000  0.000000e+000  0.000000e+000  0.000000e+000  0.000000e+000  0.000000e+000  0.000000e+000  0.000000e+000  0.000000e+000  0.000000e+000  
0.000000e+000  0.000000e+000  0.000000e+000  0.000000e+000  0.000000e+000  0.000000e+000  0.000000e+000  0.000000e+000  0.000000e+000  0.000000e+000  0.000000e+000  0.000000e+000  0.000000e+000  0.000000e+000  0.000000e+000  0.000000e+000  0.000000e+000  0.000000e+000  0.000000e+000  0.000000e+000  0.000000e+000  0.000000e+000  0.000000e+000  
0.000000e+000  0.000000e+000  0.000000e+000  0.000000e+000  0.000000e+000  0.000000e+000  0.000000e+000  0.000000e+000  0.000000e+000  0.000000e+000  0.000000e+000  0.000000e+000  0.000000e+000  0.000000e+000  0.000000e+000  0.000000e+000  0.000000e+000  0.000000e+000  0.000000e+000  0.000000e+000  0.000000e+000  0.000000e+000  0.000000e+000  
0.000000e+000  0.000000e+000  0.000000e+000  0.000000e+000  0.000000e+000  0.000000e+000  0.000000e+000  0.000000e+000  0.000000e+000  0.000000e+000  0.000000e+000  0.000000e+000  0.000000e+000  0.000000e+000  0.000000e+000  0.000000e+000  0.000000e+000  0.000000e+000  0.000000e+000  0.000000e+000  0.000000e+000  0.000000e+000  0.000000e+000  
0.000000e+000  0.000000e+000  0.000000e+000  0.000000e+000  0.000000e+000  0.000000e+000  0.000000e+000  0.000000e+000  0.000000e+000  0.000000e+000  0.000000e+000  0.000000e+000  0.000000e+000  0.000000e+000  0.000000e+000  0.000000e+000  0.000000e+000  0.000000e+000  0.000000e+000  0.000000e+000  0.000000e+000  0.000000e+000  0.000000e+000  
0.000000e+000  0.000000e+000  0.000000e+000  0.000000e+000  0.000000e+000  0.000000e+000  0.000000e+000  0.000000e+000  0.000000e+000  0.000000e+000  0.000000e+000  0.000000e+000  0.000000e+000  0.000000e+000  0.000000e+000  0.000000e+000  0.000000e+000  0.000000e+000  0.000000e+000  0.000000e+000  0.000000e+000  0.000000e+000  0.000000e+000  
0.000000e+000  0.000000e+000  0.000000e+000  0.000000e+000  0.000000e+000  0.000000e+000  0.000000e+000  0.000000e+000  0.000000e+000  0.000000e+000  0.000000e+000  0.000000e+000  0.000000e+000  0.000000e+000  0.000000e+000  0.000000e+000  0.000000e+000  0.000000e+000  0.000000e+000  0.000000e+000  0.000000e+000  0.000000e+000  0.000000e+000  
0.000000e+000  0.000000e+000  0.000000e+000  0.000000e+000  0.000000e+000  0.000000e+000  0.000000e+000  0.000000e+000  0.000000e+000  0.000000e+000  0.000000e+000  0.000000e+000  0.000000e+000  0.000000e+000  0.000000e+000  0.000000e+000  0.000000e+000  0.000000e+000  0.000000e+000  0.000000e+000  0.000000e+000  0.000000e+000  0.000000e+000  
0.000000e+000  0.000000e+000  0.000000e+000  0.000000e+000  0.000000e+000  0.000000e+000  0.000000e+000  0.000000e+000  0.000000e+000  0.000000e+000  0.000000e+000  0.000000e+000  0.000000e+000  0.000000e+000  0.000000e+000  0.000000e+000  0.000000e+000  0.000000e+000  0.000000e+000  0.000000e+000  0.000000e+000  0.000000e+000  0.000000e+000  
0.000000e+000  0.000000e+000  0.000000e+000  0.000000e+000  0.000000e+000  0.000000e+000  0.000000e+000  0.000000e+000  0.000000e+000  0.000000e+000  0.000000e+000  0.000000e+000  0.000000e+000  0.000000e+000  0.000000e+000  0.000000e+000  0.000000e+000  0.000000e+000  0.000000e+000  0.000000e+000  0.000000e+000  0.000000e+000  0.000000e+000  
0.000000e+000  0.000000e+000  0.000000e+000  0.000000e+000  0.000000e+000  0.000000e+000  0.000000e+000  0.000000e+000  0.000000e+000  0.000000e+000  0.000000e+000  0.000000e+000  0.000000e+000  0.000000e+000  0.000000e+000  0.000000e+000  0.000000e+000  0.000000e+000  0.000000e+000  0.000000e+000  0.000000e+000  0.000000e+000  0.000000e+000  
0.000000e+000  0.000000e+000  0.000000e+000  0.000000e+000  0.000000e+000  0.000000e+000  0.000000e+000  0.000000e+000  0.000000e+000  0.000000e+000  0.000000e+000  0.000000e+000  0.000000e+000  0.000000e+000  0.000000e+000  0.000000e+000  0.000000e+000  0.000000e+000  0.000000e+000  0.000000e+000  0.000000e+000  0.000000e+000  0.000000e+000  
0.000000e+000  0.000000e+000  0.000000e+000  0.000000e+000  0.000000e+000  0.000000e+000  0.000000e+000  0.000000e+000  0.000000e+000  0.000000e+000  0.000000e+000  0.000000e+000  0.000000e+000  0.000000e+000  0.000000e+000  0.000000e+000  0.000000e+000  0.000000e+000  0.000000e+000  0.000000e+000  0.000000e+000  0.000000e+000  0.000000e+000  
0.000000e+000  0.000000e+000  0.000000e+000  0.000000e+000  0.000000e+000  0.000000e+000  0.000000e+000  0.000000e+000  0.000000e+000  0.000000e+000  0.000000e+000  0.000000e+000  0.000000e+000  0.000000e+000  0.000000e+000  0.000000e+000  0.000000e+000  0.000000e+000  0.000000e+000  0.000000e+000  0.000000e+000  0.000000e+000  0.000000e+000  
0.000000e+000  0.000000e+000  0.000000e+000  0.000000e+000  0.000000e+000  0.000000e+000  0.000000e+000  0.000000e+000  0.000000e+000  0.000000e+000  0.000000e+000  0.000000e+000  0.000000e+000  0.000000e+000  0.000000e+000  0.000000e+000  0.000000e+000  0.000000e+000  0.000000e+000  0.000000e+000  0.000000e+000  0.000000e+000  0.000000e+000  

0.000000e+000  0.000000e+000  0.000000e+000  0.000000e+000  0.000000e+000  0.000000e+000  0.000000e+000  0.000000e+000  0.000000e+000  0.000000e+000  0.000000e+000  0.000000e+000  0.000000e+000  0.000000e+000  0.000000e+000  0.000000e+000  0.000000e+000  0.000000e+000  0.000000e+000  0.000000e+000  0.000000e+000  0.000000e+000  0.000000e+000  
0.000000e+000  0.000000e+000  0.000000e+000  0.000000e+000  0.000000e+000  0.000000e+000  0.000000e+000  0.000000e+000  0.000000e+000  0.000000e+000  0.000000e+000  0.000000e+000  0.000000e+000  0.000000e+000  0.000000e+000  0.000000e+000  0.000000e+000  0.000000e+000  0.000000e+000  0.000000e+000  0.000000e+000  0.000000e+000  0.000000e+000  
0.000000e+000  0.000000e+000  0.000000e+000  0.000000e+000  0.000000e+000  0.000000e+000  0.000000e+000  0.000000e+000  0.000000e+000  0.000000e+000  0.000000e+000  0.000000e+000  0.000000e+000  0.000000e+000  0.000000e+000  0.000000e+000  0.000000e+000  0.000000e+000  0.000000e+000  0.000000e+000  0.000000e+000  0.000000e+000  0.000000e+000  
0.000000e+000  0.000000e+000  0.000000e+000  0.000000e+000  0.000000e+000  0.000000e+000  0.000000e+000  0.000000e+000  0.000000e+000  0.000000e+000  0.000000e+000  0.000000e+000  0.000000e+000  0.000000e+000  0.000000e+000  0.000000e+000  0.000000e+000  0.000000e+000  0.000000e+000  0.000000e+000  0.000000e+000  0.000000e+000  0.000000e+000  
0.000000e+000  0.000000e+000  0.000000e+000  0.000000e+000  0.000000e+000  0.000000e+000  0.000000e+000  0.000000e+000  0.000000e+000  0.000000e+000  0.000000e+000  0.000000e+000  0.000000e+000  0.000000e+000  0.000000e+000  0.000000e+000  0.000000e+000  0.000000e+000  0.000000e+000  0.000000e+000  0.000000e+000  0.000000e+000  0.000000e+000  
0.000000e+000  0.000000e+000  0.000000e+000  0.000000e+000  0.000000e+000  0.000000e+000  0.000000e+000  0.000000e+000  0.000000e+000  0.000000e+000  0.000000e+000  0.000000e+000  0.000000e+000  0.000000e+000  0.000000e+000  0.000000e+000  0.000000e+000  0.000000e+000  0.000000e+000  0.000000e+000  0.000000e+000  0.000000e+000  0.000000e+000  
0.000000e+000  0.000000e+000  0.000000e+000  0.000000e+000  0.000000e+000  0.000000e+000  0.000000e+000  0.000000e+000  0.000000e+000  0.000000e+000  0.000000e+000  0.000000e+000  0.000000e+000  0.000000e+000  0.000000e+000  0.000000e+000  0.000000e+000  0.000000e+000  0.000000e+000  0.000000e+000  0.000000e+000  0.000000e+000  0.000000e+000  
0.000000e+000  0.000000e+000  0.000000e+000  0.000000e+000  0.000000e+000  0.000000e+000  0.000000e+000  0.000000e+000  0.000000e+000  0.000000e+000  0.000000e+000  0.000000e+000  0.000000e+000  0.000000e+000  0.000000e+000  0.000000e+000  0.000000e+000  0.000000e+000  0.000000e+000  0.000000e+000  0.000000e+000  0.000000e+000  0.000000e+000  
0.000000e+000  0.000000e+000  0.000000e+000  0.000000e+000  0.000000e+000  0.000000e+000  0.000000e+000  0.000000e+000  0.000000e+000  0.000000e+000  0.000000e+000  0.000000e+000  0.000000e+000  0.000000e+000  0.000000e+000  0.000000e+000  0.000000e+000  0.000000e+000  0.000000e+000  0.000000e+000  0.000000e+000  0.000000e+000  0.000000e+000  
0.000000e+000  0.000000e+000  0.000000e+000  0.000000e+000  0.000000e+000  0.000000e+000  0.000000e+000  0.000000e+000  0.000000e+000  0.000000e+000  0.000000e+000  0.000000e+000  0.000000e+000  0.000000e+000  0.000000e+000  0.000000e+000  0.000000e+000  0.000000e+000  0.000000e+000  0.000000e+000  0.000000e+000  0.000000e+000  0.000000e+000  
0.000000e+000  0.000000e+000  0.000000e+000  0.000000e+000  0.000000e+000  0.000000e+000  0.000000e+000  0.000000e+000  0.000000e+000  0.000000e+000  0.000000e+000  0.000000e+000  0.000000e+000  0.000000e+000  0.000000e+000  0.000000e+000  0.000000e+000  0.000000e+000  0.000000e+000  0.000000e+000  0.000000e+000  0.000000e+000  0.000000e+000  
0.000000e+000  0.000000e+000  0.000000e+000  0.000000e+000  0.000000e+000  0.000000e+000  0.000000e+000  0.000000e+000  0.000000e+000  0.000000e+000  0.000000e+000  0.000000e+000  0.000000e+000  0.000000e+000  0.000000e+000  0.000000e+000  0.000000e+000  0.000000e+000  0.000000e+000  0.000000e+000  0.000000e+000  0.000000e+000  0.000000e+000  
0.000000e+000  0.000000e+000  0.000000e+000  0.000000e+000  0.000000e+000  0.000000e+000  0.000000e+000  0.000000e+000  0.000000e+000  0.000000e+000  0.000000e+000  0.000000e+000  0.000000e+000  0.000000e+000  0.000000e+000  0.000000e+000  0.000000e+000  0.000000e+000  0.000000e+000  0.000000e+000  0.000000e+000  0.000000e+000  0.000000e+000  
0.000000e+000  0.000000e+000  0.000000e+000  0.000000e+000  0.000000e+000  0.000000e+000  0.000000e+000  0.000000e+000  0.000000e+000  0.000000e+000  0.000000e+000  0.000000e+000  0.000000e+000  0.000000e+000  0.000000e+000  0.000000e+000  0.000000e+000  0.000000e+000  0.000000e+000  0.000000e+000  0.000000e+000  0.000000e+000  0.000000e+000  
0.000000e+000  0.000000e+000  0.000000e+000  0.000000e+000  0.000000e+000  0.000000e+000  0.000000e+000  0.000000e+000  0.000000e+000  0.000000e+000  0.000000e+000  0.000000e+000  0.000000e+000  0.000000e+000  0.000000e+000  0.000000e+000  0.000000e+000  0.000000e+000  0.000000e+000  0.000000e+000  0.000000e+000  0.000000e+000  0.000000e+000  
0.000000e+000  0.000000e+000  0.000000e+000  0.000000e+000  0.000000e+000  0.000000e+000  0.000000e+000  0.000000e+000  0.000000e+000  0.000000e+000  0.000000e+000  0.000000e+000  0.000000e+000  0.000000e+000  0.000000e+000  0.000000e+000  0.000000e+000  0.000000e+000  0.000000e+000  0.000000e+000  0.000000e+000  0.000000e+000  0.000000e+000  
0.000000e+000  0.000000e+000  0.000000e+000  0.000000e+000  0.000000e+000  0.000000e+000  0.000000e+000  0.000000e+000  0.000000e+000  0.000000e+000  0.000000e+000  0.000000e+000  0.000000e+000  0.000000e+000  0.000000e+000  0.000000e+000  0.000000e+000  0.000000e+000  0.000000e+000  0.000000e+000  0.000000e+000  0.000000e+000  0.000000e+000  
0.000000e+000  0.000000e+000  0.000000e+000  0.000000e+000  0.000000e+000  0.000000e+000  0.000000e+000  0.000000e+000  0.000000e+000  0.000000e+000  0.000000e+000  0.000000e+000  0.000000e+000  0.000000e+000  0.000000e+000  0.000000e+000  0.000000e+000  0.000000e+000  0.000000e+000  0.000000e+000  0.000000e+000  0.000000e+000  0.000000e+000  
0.000000e+000  0.000000e+000  0.000000e+000  0.000000e+000  0.000000e+000  0.000000e+000  0.000000e+000  0.000000e+000  0.000000e+000  0.000000e+000  0.000000e+000  0.000000e+000  0.000000e+000  0.000000e+000  0.000000e+000  0.000000e+000  0.000000e+000  0.000000e+000  0.000000e+000  0.000000e+000  0.000000e+000  0.000000e+000  0.000000e+000  
0.000000e+000  0.000000e+000  0.000000e+000  0.000000e+000  0.000000e+000  0.000000e+000  0.000000e+000  0.000000e+000  0.000000e+000  0.000000e+000  0.000000e+000  0.000000e+000  0.000000e+000  0.000000e+000  0.000000e+000  0.000000e+000  0.000000e+000  0.000000e+000  0.000000e+000  0.000000e+000  0.000000e+000  0.000000e+000  0.000000e+000  
0.000000e+000  0.000000e+000  0.000000e+000  0.000000e+000  0.000000e+000  0.000000e+000  0.000000e+000  0.000000e+000  0.000000e+000  0.000000e+000  0.000000e+000  0.000000e+000  0.000000e+000  0.000000e+000  0.000000e+000  0.000000e+000  0.000000e+000  0.000000e+000  0.000000e+000  0.000000e+000  0.000000e+000  0.000000e+000  0.000000e+000  
0.000000e+000  0.000000e+000  0.000000e+000  0.000000e+000  0.000000e+000  0.000000e+000  0.000000e+000  0.000000e+000  0.000000e+000  0.000000e+000  0.000000e+000  0.000000e+000  0.000000e+000  0.000000e+000  0.000000e+000  0.000000e+000  0.000000e+000  0.000000e+000  0.000000e+000  0.000000e+000  0.000000e+000  0.000000e+000  0.000000e+000  
0.000000e+000  0.000000e+000  0.000000e+000  0.000000e+000  0.000000e+000  0.000000e+000  0.000000e+000  0.000000e+000  0.000000e+000  0.000000e+000  0.000000e+000  0.000000e+000  0.000000e+000  0.000000e+000  0.000000e+000  0.000000e+000  0.000000e+000  0.000000e+000  0.000000e+000  0.000000e+000  0.000000e+000  0.000000e+000  0.000000e+000  

0.000000e+000  0.000000e+000  0.000000e+000  0.000000e+000  0.000000e+000  0.000000e+000  0.000000e+000  0.000000e+000  0.000000e+000  0.000000e+000  0.000000e+000  0.000000e+000  0.000000e+000  0.000000e+000  0.000000e+000  0.000000e+000  0.000000e+000  0.000000e+000  0.000000e+000  0.000000e+000  0.000000e+000  0.000000e+000  0.000000e+000  
0.000000e+000  0.000000e+000  0.000000e+000  0.000000e+000  0.000000e+000  0.000000e+000  0.000000e+000  0.000000e+000  0.000000e+000  0.000000e+000  0.000000e+000  0.000000e+000  0.000000e+000  0.000000e+000  0.000000e+000  0.000000e+000  0.000000e+000  0.000000e+000  0.000000e+000  0.000000e+000  0.000000e+000  0.000000e+000  0.000000e+000  
0.000000e+000  0.000000e+000  0.000000e+000  0.000000e+000  0.000000e+000  0.000000e+000  0.000000e+000  0.000000e+000  0.000000e+000  0.000000e+000  0.000000e+000  0.000000e+000  0.000000e+000  0.000000e+000  0.000000e+000  0.000000e+000  0.000000e+000  0.000000e+000  0.000000e+000  0.000000e+000  0.000000e+000  0.000000e+000  0.000000e+000  
0.000000e+000  0.000000e+000  0.000000e+000  0.000000e+000  0.000000e+000  0.000000e+000  0.000000e+000  0.000000e+000  0.000000e+000  0.000000e+000  0.000000e+000  0.000000e+000  0.000000e+000  0.000000e+000  0.000000e+000  0.000000e+000  0.000000e+000  0.000000e+000  0.000000e+000  0.000000e+000  0.000000e+000  0.000000e+000  0.000000e+000  
0.000000e+000  0.000000e+000  0.000000e+000  0.000000e+000  0.000000e+000  0.000000e+000  0.000000e+000  0.000000e+000  0.000000e+000  0.000000e+000  0.000000e+000  0.000000e+000  0.000000e+000  0.000000e+000  0.000000e+000  0.000000e+000  0.000000e+000  0.000000e+000  0.000000e+000  0.000000e+000  0.000000e+000  0.000000e+000  0.000000e+000  
0.000000e+000  0.000000e+000  0.000000e+000  0.000000e+000  0.000000e+000  0.000000e+000  0.000000e+000  0.000000e+000  0.000000e+000  0.000000e+000  0.000000e+000  0.000000e+000  0.000000e+000  0.000000e+000  0.000000e+000  0.000000e+000  0.000000e+000  0.000000e+000  0.000000e+000  0.000000e+000  0.000000e+000  0.000000e+000  0.000000e+000  
0.000000e+000  0.000000e+000  0.000000e+000  0.000000e+000  0.000000e+000  0.000000e+000  0.000000e+000  0.000000e+000  0.000000e+000  0.000000e+000  0.000000e+000  0.000000e+000  0.000000e+000  0.000000e+000  0.000000e+000  0.000000e+000  0.000000e+000  0.000000e+000  0.000000e+000  0.000000e+000  0.000000e+000  0.000000e+000  0.000000e+000  
0.000000e+000  0.000000e+000  0.000000e+000  0.000000e+000  0.000000e+000  0.000000e+000  0.000000e+000  0.000000e+000  0.000000e+000  0.000000e+000  0.000000e+000  0.000000e+000  0.000000e+000  0.000000e+000  0.000000e+000  0.000000e+000  0.000000e+000  0.000000e+000  0.000000e+000  0.000000e+000  0.000000e+000  0.000000e+000  0.000000e+000  
0.000000e+000  0.000000e+000  0.000000e+000  0.000000e+000  0.000000e+000  0.000000e+000  0.000000e+000  0.000000e+000  0.000000e+000  0.000000e+000  0.000000e+000  0.000000e+000  0.000000e+000  0.000000e+000  0.000000e+000  0.000000e+000  0.000000e+000  0.000000e+000  0.000000e+000  0.000000e+000  0.000000e+000  0.000000e+000  0.000000e+000  
0.000000e+000  0.000000e+000  0.000000e+000  0.000000e+000  0.000000e+000  0.000000e+000  0.000000e+000  0.000000e+000  0.000000e+000  0.000000e+000  0.000000e+000  0.000000e+000  0.000000e+000  0.000000e+000  0.000000e+000  0.000000e+000  0.000000e+000  0.000000e+000  0.000000e+000  0.000000e+000  0.000000e+000  0.000000e+000  0.000000e+000  
0.000000e+000  0.000000e+000  0.000000e+000  0.000000e+000  0.000000e+000  0.000000e+000  0.000000e+000  0.000000e+000  0.000000e+000  0.000000e+000  0.000000e+000  0.000000e+000  0.000000e+000  0.000000e+000  0.000000e+000  0.000000e+000  0.000000e+000  0.000000e+000  0.000000e+000  0.000000e+000  0.000000e+000  0.000000e+000  0.000000e+000  
0.000000e+000  0.000000e+000  0.000000e+000  0.000000e+000  0.000000e+000  0.000000e+000  0.000000e+000  0.000000e+000  0.000000e+000  0.000000e+000  0.000000e+000  0.000000e+000  0.000000e+000  0.000000e+000  0.000000e+000  0.000000e+000  0.000000e+000  0.000000e+000  0.000000e+000  0.000000e+000  0.000000e+000  0.000000e+000  0.000000e+000  
0.000000e+000  0.000000e+000  0.000000e+000  0.000000e+000  0.000000e+000  0.000000e+000  0.000000e+000  0.000000e+000  0.000000e+000  0.000000e+000  0.000000e+000  0.000000e+000  0.000000e+000  0.000000e+000  0.000000e+000  0.000000e+000  0.000000e+000  0.000000e+000  0.000000e+000  0.000000e+000  0.000000e+000  0.000000e+000  0.000000e+000  
0.000000e+000  0.000000e+000  0.000000e+000  0.000000e+000  0.000000e+000  0.000000e+000  0.000000e+000  0.000000e+000  0.000000e+000  0.000000e+000  0.000000e+000  0.000000e+000  0.000000e+000  0.000000e+000  0.000000e+000  0.000000e+000  0.000000e+000  0.000000e+000  0.000000e+000  0.000000e+000  0.000000e+000  0.000000e+000  0.000000e+000  
0.000000e+000  0.000000e+000  0.000000e+000  0.000000e+000  0.000000e+000  0.000000e+000  0.000000e+000  0.000000e+000  0.000000e+000  0.000000e+000  0.000000e+000  0.000000e+000  0.000000e+000  0.000000e+000  0.000000e+000  0.000000e+000  0.000000e+000  0.000000e+000  0.000000e+000  0.000000e+000  0.000000e+000  0.000000e+000  0.000000e+000  
0.000000e+000  0.000000e+000  0.000000e+000  0.000000e+000  0.000000e+000  0.000000e+000  0.000000e+000  0.000000e+000  0.000000e+000  0.000000e+000  0.000000e+000  0.000000e+000  0.000000e+000  0.000000e+000  0.000000e+000  0.000000e+000  0.000000e+000  0.000000e+000  0.000000e+000  0.000000e+000  0.000000e+000  0.000000e+000  0.000000e+000  
0.000000e+000  0.000000e+000  0.000000e+000  0.000000e+000  0.000000e+000  0.000000e+000  0.000000e+000  0.000000e+000  0.000000e+000  0.000000e+000  0.000000e+000  0.000000e+000  0.000000e+000  0.000000e+000  0.000000e+000  0.000000e+000  0.000000e+000  0.000000e+000  0.000000e+000  0.000000e+000  0.000000e+000  0.000000e+000  0.000000e+000  
0.000000e+000  0.000000e+000  0.000000e+000  0.000000e+000  0.000000e+000  0.000000e+000  0.000000e+000  0.000000e+000  0.000000e+000  0.000000e+000  0.000000e+000  0.000000e+000  0.000000e+000  0.000000e+000  0.000000e+000  0.000000e+000  0.000000e+000  0.000000e+000  0.000000e+000  0.000000e+000  0.000000e+000  0.000000e+000  0.000000e+000  
0.000000e+000  0.000000e+000  0.000000e+000  0.000000e+000  0.000000e+000  0.000000e+000  0.000000e+000  0.000000e+000  0.000000e+000  0.000000e+000  0.000000e+000  0.000000e+000  0.000000e+000  0.000000e+000  0.000000e+000  0.000000e+000  0.000000e+000  0.000000e+000  0.000000e+000  0.000000e+000  0.000000e+000  0.000000e+000  0.000000e+000  
0.000000e+000  0.000000e+000  0.000000e+000  0.000000e+000  0.000000e+000  0.000000e+000  0.000000e+000  0.000000e+000  0.000000e+000  0.000000e+000  0.000000e+000  0.000000e+000  0.000000e+000  0.000000e+000  0.000000e+000  0.000000e+000  0.000000e+000  0.000000e+000  0.000000e+000  0.000000e+000  0.000000e+000  0.000000e+000  0.000000e+000  
0.000000e+000  0.000000e+000  0.000000e+000  0.000000e+000  0.000000e+000  0.000000e+000  0.000000e+000  0.000000e+000  0.000000e+000  0.000000e+000  0.000000e+000  0.000000e+000  0.000000e+000  0.000000e+000  0.000000e+000  0.000000e+000  0.000000e+000  0.000000e+000  0.000000e+000  0.000000e+000  0.000000e+000  0.000000e+000  0.000000e+000  
0.000000e+000  0.000000e+000  0.000000e+000  0.000000e+000  0.000000e+000  0.000000e+000  0.000000e+000  0.000000e+000  0.000000e+000  0.000000e+000  0.000000e+000  0.000000e+000  0.000000e+000  0.000000e+000  0.000000e+000  0.000000e+000  0.000000e+000  0.000000e+000  0.000000e+000  0.000000e+000  0.000000e+000  0.000000e+000  0.000000e+000  
0.000000e+000  0.000000e+000  0.000000e+000  0.000000e+000  0.000000e+000  0.000000e+000  0.000000e+000  0.000000e+000  0.000000e+000  0.000000e+000  0.000000e+000  0.000000e+000  0.000000e+000  0.000000e+000  0.000000e+000  0.000000e+000  0.000000e+000  0.000000e+000  0.000000e+000  0.000000e+000  0.000000e+000  0.000000e+000  0.000000e+000  

-0.000000e+000  -0.000000e+000  -0.000000e+000  -0.000000e+000  -0.000000e+000  -0.000000e+000  -0.000000e+000  -0.000000e+000  -0.000000e+000  -0.000000e+000  -0.000000e+000  -0.000000e+000  -0.000000e+000  -0.000000e+000  -0.000000e+000  -0.000000e+000  -0.000000e+000  -0.000000e+000  -0.000000e+000  -0.000000e+000  -0.000000e+000  -0.000000e+000  -0.000000e+000  
-0.000000e+000  5.962359e+000  1.192509e+001  1.809615e+001  2.435030e+001  2.274182e+001  1.882915e+001  1.219629e+001  8.389979e+000  6.148679e+000  4.833037e+000  3.991723e+000  4.833005e+000  6.148630e+000  8.389912e+000  1.219621e+001  1.882905e+001  2.274169e+001  2.435015e+001  1.809597e+001  1.192490e+001  5.962233e+000  -0.000000e+000  
-0.000000e+000  1.192512e+001  2.364337e+001  2.804671e+001  2.187542e+001  1.911546e+001  1.616591e+001  1.308627e+001  1.051983e+001  8.594666e+000  7.279404e+000  6.300810e+000  7.279341e+000  8.594569e+000  1.051969e+001  1.308610e+001  1.616569e+001  1.911520e+001  2.187511e+001  2.804631e+001  2.364293e+001  1.192480e+001  -0.000000e+000  
-0.000000e+000  1.809629e+001  2.804685e+001  2.328940e+001  1.853182e+001  1.624731e+001  1.402284e+001  1.192332e+001  1.008446e+001  8.600972e+000  7.523126e+000  6.652710e+000  7.523040e+000  8.600838e+000  1.008427e+001  1.192308e+001  1.402253e+001  1.624692e+001  1.853135e+001  2.328876e+001  2.804605e+001  1.809558e+001  -0.000000e+000  
-0.000000e+000  2.435064e+001  2.187570e+001  1.853202e+001  1.493661e+001  1.313881e+001  1.137988e+001  9.717624e+000  8.227496e+000  6.984630e+000  6.053072e+000  5.263800e+000  6.052978e+000  6.984479e+000  8.227278e+000  9.717329e+000  1.137949e+001  1.313833e+001  1.493600e+001  1.853112e+001  2.187440e+001  2.434900e+001  -0.000000e+000  
-0.000000e+000  2.274221e+001  1.911583e+001  1.624766e+001  1.313904e+001  1.152624e+001  9.913322e+000  8.356555e+000  6.928091e+000  5.709474e+000  4.781100e+000  3.977407e+000  4.781013e+000  5.709326e+000  6.927874e+000  8.356254e+000  9.912923e+000  1.152572e+001  1.313839e+001  1.624666e+001  1.911426e+001  2.273966e+001  -0.000000e+000  
-0.000000e+000  1.882956e+001  1.616636e+001  1.402338e+001  1.138044e+001  9.913737e+000  8.390596e+000  6.867164e+000  5.418824e+000  4.144059e+000  3.158099e+000  2.289181e+000  3.158029e+000  4.143926e+000  5.418619e+000  6.866872e+000  8.390199e+000  9.913218e+000  1.137977e+001  1.402233e+001  1.616461e+001  1.882557e+001  -0.000000e+000  
-0.000000e+000  1.219664e+001  1.308679e+001  1.192405e+001  9.718624e+000  8.357657e+000  6.868141e+000  5.302664e+000  3.735967e+000  2.289829e+000  1.167423e+000  1.665070e-001  1.167388e+000  2.289720e+000  3.735791e+000  5.302398e+000  6.867764e+000  8.357154e+000  9.717977e+000  1.192305e+001  1.308525e+001  1.219431e+001  -0.000000e+000  
-0.000000e+000  8.390306e+000  1.052041e+001  1.008536e+001  8.228959e+000  6.930107e+000  5.421628e+000  3.739372e+000  1.932543e+000  1.118615e-001  -0.000000e+000  -0.000000e+000  -0.000000e+000  1.117702e-001  1.932418e+000  3.739151e+000  5.421289e+000  6.929636e+000  8.228350e+000  1.008445e+001  1.051915e+001  8.388872e+000  -0.000000e+000  
-0.000000e+000  6.149005e+000  8.595296e+000  8.601988e+000  6.986376e+000  5.712165e+000  4.148882e+000  2.300642e+000  1.429673e-001  -0.000000e+000  -0.000000e+000  -0.000000e+000  -0.000000e+000  -0.000000e+000  1.429570e-001  2.300489e+000  4.148591e+000  5.711737e+000  6.985812e+000  8.601166e+000  8.594276e+000  6.148058e+000  -0.000000e+000  
-0.000000e+000  4.833367e+000  7.280061e+000  7.524170e+000  6.054712e+000  4.783282e+000  3.161082e+000  1.171340e+000  -0.000000e+000  -0.000000e+000  -0.000000e+000  -0.000000e+000  -0.000000e+000  -0.000000e+000  -0.000000e+000  1.171254e+000  3.160837e+000  4.782893e+000  6.054191e+000  7.523427e+000  7.279210e+000  4.832689e+000  -0.000000e+000  
-0.000000e+000  3.992062e+000  6.301475e+000  6.653655e+000  5.264742e+000  3.977789e+000  2.288081e+000  1.618659e-001  -0.000000e+000  -0.000000e+000  -0.000000e+000  -0.000000e+000  -0.000000e+000  -0.000000e+000  -0.000000e+000  1.618517e-001  2.287888e+000  3.977444e+000  5.264266e+000  6.652984e+000  6.300752e+000  3.991542e+000  -0.000000e+000  
-0.000000e+000  4.833367e+000  7.280061e+000  7.524170e+000  6.054712e+000  4.783282e+000  3.161082e+000  1.171340e+000  -0.000000e+000  -0.000000e+000  -0.000000e+000  -0.000000e+000  -0.000000e+000  -0.000000e+000  -0.000000e+000  1.171254e+000  3.160837e+000  4.782893e+000  6.054191e+000  7.523427e+000  7.279210e+000  4.832689e+000  -0.000000e+000  
-0.000000e+000  6.149005e+000  8.595296e+000  8.601988e+000  6.986376e+000  5.712165e+000  4.148882e+000  2.300642e+000  1.429674e-001  -0.000000e+000  -0.000000e+000  -0.000000e+000  -0.000000e+000  -0.000000e+000  1.429570e-001  2.300489e+000  4.148591e+000  5.711737e+000  6.985812e+000  8.601166e+000  8.594276e+000  6.148058e+000  -0.000000e+000  
-0.000000e+000  8.390306e+000  1.052041e+001  1.008536e+001  8.228959e+000  6.930107e+000  5.421628e+000  3.739372e+000  1.932543e+000  1.118616e-001  -0.000000e+000  -0.000000e+000  -0.000000e+000  1.117702e-001  1.932418e+000  3.739151e+000  5.421289e+000  6.929636e+000  8.228350e+000  1.008445e+001  1.051915e+001  8.388872e+000  -0.000000e+000  
-0.000000e+000  1.219664e+001  1.308679e+001  1.192405e+001  9.718624e+000  8.357657e+000  6.868141e+000  5.302664e+000  3.735967e+000  2.289829e+000  1.167423e+000  1.665069e-001  1.167388e+000  2.289720e+000  3.735791e+000  5.302398e+000  6.867764e+000  8.357154e+000  9.717977e+000  1.192305e+001  1.308525e+001  1.219431e+001  -0.000000e+000  
-0.000000e+000  1.882956e+001  1.616636e+001  1.402338e+001  1.138044e+001  9.913737e+000  8.390596e+000  6.867164e+000  5.418824e+000  4.144059e+000  3.158099e+000  2.289181e+000  3.158029e+000  4.143926e+000  5.418619e+000  6.866872e+000  8.390199e+000  9.913218e+000  1.137977e+001  1.402233e+001  1.616461e+001  1.882557e+001  -0.000000e+000  
-0.000000e+000  2.274221e+001  1.911583e+001  1.624766e+001  1.313904e+001  1.152624e+001  9.913322e+000  8.356555e+000  6.928091e+000  5.709474e+000  4.781100e+000  3.977407e+000  4.781013e+000  5.709326e+000  6.927874e+000  8.356254e+000  9.912923e+000  1.152572e+001  1.313839e+001  1.624666e+001  1.911426e+001  2.273966e+001  -0.000000e+000  
-0.000000e+000  2.435064e+001  2.187570e+001  1.853202e+001  1.493661e+001  1.313881e+001  1.137988e+001  9.717624e+000  8.227496e+000  6.984630e+000  6.053072e+000  5.263800e+000  6.052978e+000  6.984479e+000  8.227278e+000  9.717329e+000  1.137949e+001  1.313833e+001  1.493600e+001  1.853112e+001  2.187440e+001  2.434900e+001  -0.000000e+000  
-0.000000e+000  1.809629e+001  2.804685e+001  2.328940e+001  1.853182e+001  1.624731e+001  1.402284e+001  1.192332e+001  1.008446e+001  8.600972e+000  7.523126e+000  6.652710e+000  7.523040e+000  8.600838e+000  1.008427e+001  1.192308e+001  1.402253e+001  1.624692e+001  1.853135e+001  2.328876e+001  2.804605e+001  1.809558e+001  -0.000000e+000  
-0.000000e+000  1.192512e+001  2.364337e+001  2.804671e+001  2.187542e+001  1.911546e+001  1.616591e+001  1.308627e+001  1.051983e+001  8.594666e+000  7.279404e+000  6.300810e+000  7.279341e+000  8.594569e+000  1.051969e+001  1.308610e+001  1.616569e+001  1.911520e+001  2.187511e+001  2.804631e+001  2.364293e+001  1.192480e+001  -0.000000e+000  
-0.000000e+000  5.962359e+000  1.192509e+001  1.809615e+001  2.435030e+001  2.274182e+001  1.882915e+001  1.219629e+001  8.389979e+000  6.148679e+000  4.833037e+000  3.991723e+000  4.833005e+000  6.148630e+000  8.389912e+000  1.219621e+001  1.882905e+001  2.274169e+001  2.435015e+001  1.809597e+001  1.192490e+001  5.962233e+000  -0.000000e+000  
-0.000000e+000  -0.000000e+000  -0.000000e+000  -0.000000e+000  -0.000000e+000  -0.000000e+000  -0.000000e+000  -0.000000e+000  -0.000000e+000  -0.000000e+000  -0.000000e+000  -0.000000e+000  -0.000000e+000  -0.000000e+000  -0.000000e+000  -0.000000e+000  -0.000000e+000  -0.000000e+000  -0.000000e+000  -0.000000e+000  -0.000000e+000  -0.000000e+000  -0.000000e+000  

