16/Jul/2020 14:33:26  Build version: 2019.7 Release from 2019-07-05 (change 706060)

16/Jul/2020 14:33:26  Starting adaptive port meshing.
                      
                      ------------------------------------------------------------------------------
16/Jul/2020 14:33:26  Mode calculation for port 1:
                      
                      ------------------------------------------------------------------------------

                      ------------------------------------------------------------------------------

                      ------------------------------------------------------------------------------
16/Jul/2020 14:33:28  Using generalized port mode solver.
                      
                      ------------------------------------------------------------------------------
16/Jul/2020 14:33:28  Using electric shielding for port 1.
                      
                      ------------------------------------------------------------------------------
16/Jul/2020 14:33:28    -------------------------------- F-Calc 2.2 --------------------------------
                        Port   Mode   Type        Z-Wave        Z-Wave-Sigma  Z-Line        F-Cutoff
                        1      1      TEM         266           0.0492        59.4          0.0
                        ----------------------------------------------------------------------------
                      
16/Jul/2020 14:33:29  Pass 1 successfully completed. 

                      ------------------------------------------------------------------------------

                      ------------------------------------------------------------------------------
16/Jul/2020 14:33:31    -------------------------------- F-Calc 2.2 --------------------------------
                        Port   Mode   Type        Z-Wave        Z-Wave-Sigma  Z-Line        F-Cutoff
                        1      1      QTEM        265           2.56e-005     53.9          ---
                        ----------------------------------------------------------------------------
                      
16/Jul/2020 14:33:31  Pass 2 successfully completed. Delta (Line Imp.): 10.25%

                      ------------------------------------------------------------------------------

                      ------------------------------------------------------------------------------
16/Jul/2020 14:33:33    -------------------------------- F-Calc 2.2 --------------------------------
                        Port   Mode   Type        Z-Wave        Z-Wave-Sigma  Z-Line        F-Cutoff
                        1      1      QTEM        264           6.36e-005     54            ---
                        ----------------------------------------------------------------------------
                      
16/Jul/2020 14:33:33  Pass 3 successfully completed. Delta (Line Imp.): 0.24%

                      ------------------------------------------------------------------------------

                      ------------------------------------------------------------------------------
16/Jul/2020 14:33:36    -------------------------------- F-Calc 2.2 --------------------------------
                        Port   Mode   Type        Z-Wave        Z-Wave-Sigma  Z-Line        F-Cutoff
                        1      1      QTEM        263           0.0043        54.3          ---
                        ----------------------------------------------------------------------------
                      
16/Jul/2020 14:33:37  Pass 4 successfully completed. Delta (Line Imp.): 0.50%
16/Jul/2020 14:33:37  Mode calculation for port 2:
                      
                      ------------------------------------------------------------------------------

                      ------------------------------------------------------------------------------

                      ------------------------------------------------------------------------------
16/Jul/2020 14:33:40  Using generalized port mode solver.
                      
                      ------------------------------------------------------------------------------
16/Jul/2020 14:33:41    -------------------------------- F-Calc 2.2 --------------------------------
                        Port   Mode   Type        Z-Wave        Z-Wave-Sigma  Z-Line        F-Cutoff
                        2      1      TE          539           1.17e-005     ---           1.572
                        2      2      TE          370           7.39e-006     ---           3.138
                        2      3      TE          254           5.36e-006     ---           3.941
                        ----------------------------------------------------------------------------
                      
16/Jul/2020 14:33:42  Pass 1 successfully completed. 
16/Jul/2020 14:33:42  Adaptive port meshing finished. 
                      
                      ------------------------------------------------------------------------------
16/Jul/2020 14:33:42  *** Warning ***
                      
                      This software is licensed for educational purposes only.
                      
                      ------------------------------------------------------------------------------
16/Jul/2020 14:33:42  
                      Solver started at: 02:33 PM Thursday, 16. July 2020 (GMT Daylight Time)
                      
                        Module:  Time Domain: S-Parameter (Win 64)
                        Version: 2019.7 Release from 2019-07-05 (change 706060)
                      

                      ------------------------------------------------------------------------------

                      ------------------------------------------------------------------------------
16/Jul/2020 14:33:43  ======================================================================
                       Solver cycle: 1
                      ======================================================================
                      
                      Stimulation at port 1 (mode 1) 
                      
                      
                      
                      ------------------------------------------------------------------------------
16/Jul/2020 14:33:43  Units settings: 
                      
                        Dimensions: mm
                        Frequency:  GHz
                        Time:       ns
                      
                      ------------------------------------------------------------------------------
16/Jul/2020 14:34:13  Mesh statistics:
                      
                         Hexahedral mesh type: PBA [Version: default]
                      
                         Parallelization type: domain decomposition
                            Number of parallel working threads: 2
                            Number of calculation domains used: 2
                      
                         Used point accuracy enhancement value: 75.00%.
                         PBA fill limit: 99.00% (inverse)
02/Jul/2020 09:01:56     current system memory usage reached 50%
02/Jul/2020 09:01:57     current system memory usage reached 50%
02/Jul/2020 09:03:05     current system memory usage reached 50%
02/Jul/2020 09:03:04     current system memory usage reached 50%
02/Jul/2020 09:04:14     current system memory usage reached 50%
02/Jul/2020 09:06:36     current system memory usage reached 50%
02/Jul/2020 09:07:43     current system memory usage reached 50%
02/Jul/2020 09:11:12     current system memory usage reached 50%
02/Jul/2020 09:11:13     current system memory usage reached 50%
02/Jul/2020 09:12:26     current system memory usage reached 50%
02/Jul/2020 09:12:25     current system memory usage reached 50%
02/Jul/2020 09:13:29     current system memory usage reached 50%
02/Jul/2020 09:13:28     current system memory usage reached 50%
02/Jul/2020 09:14:35     current system memory usage reached 50%
02/Jul/2020 09:14:34     current system memory usage reached 50%
02/Jul/2020 09:15:41     current system memory usage reached 50%
02/Jul/2020 09:16:50     current system memory usage reached 50%
02/Jul/2020 09:16:49     current system memory usage reached 50%
02/Jul/2020 09:17:58     current system memory usage reached 50%
02/Jul/2020 09:17:57     current system memory usage reached 50%
02/Jul/2020 09:19:05     current system memory usage reached 50%
02/Jul/2020 09:20:13     current system memory usage reached 50%
02/Jul/2020 09:32:01     current system memory usage reached 50%
09/Jul/2020 14:54:15     current system memory usage reached 65%
                         Used point accuracy enhancement value: 0.00%.
                         PBA fill limit: 96.01% (inverse)
13/Jul/2020 11:53:23     current system memory usage reached 65%
13/Jul/2020 11:53:58     current system memory usage reached 65%
13/Jul/2020 11:53:24     current system memory usage reached 65%
                         PBA fill limit: 96.20% (inverse)
13/Jul/2020 13:52:43     current system memory usage reached 60%
13/Jul/2020 13:57:54     current system memory usage reached 60%
13/Jul/2020 13:57:53     current system memory usage reached 60%
13/Jul/2020 14:02:57     current system memory usage reached 60%
13/Jul/2020 14:08:06     current system memory usage reached 60%
13/Jul/2020 14:13:14     current system memory usage reached 60%
13/Jul/2020 14:13:15     current system memory usage reached 60%
13/Jul/2020 14:18:27     current system memory usage reached 60%
13/Jul/2020 14:18:26     current system memory usage reached 60%
                         PBA fill limit: 95.83% (inverse)
13/Jul/2020 14:28:31     current system memory usage reached 60%
13/Jul/2020 14:28:30     current system memory usage reached 60%
13/Jul/2020 14:33:41     current system memory usage reached 60%
13/Jul/2020 14:38:45     current system memory usage reached 60%
13/Jul/2020 14:43:50     current system memory usage reached 60%
13/Jul/2020 15:10:08     current system memory usage reached 65%
13/Jul/2020 15:09:57     current system memory usage reached 65%
13/Jul/2020 15:10:01     current system memory usage reached 65%
13/Jul/2020 15:14:57     current system memory usage reached 65%
13/Jul/2020 15:15:17     current system memory usage reached 70%
13/Jul/2020 15:14:56     current system memory usage reached 65%
13/Jul/2020 15:22:00     current system memory usage reached 65%
13/Jul/2020 15:27:19     current system memory usage reached 65%
13/Jul/2020 15:27:06     current system memory usage reached 65%
13/Jul/2020 15:27:12     current system memory usage reached 65%
13/Jul/2020 15:32:18     current system memory usage reached 65%
13/Jul/2020 15:37:35     current system memory usage reached 65%
13/Jul/2020 15:37:23     current system memory usage reached 65%
13/Jul/2020 15:37:29     current system memory usage reached 65%
13/Jul/2020 15:42:43     current system memory usage reached 65%
13/Jul/2020 15:42:44     current system memory usage reached 65%
13/Jul/2020 15:47:31     current system memory usage reached 60%
13/Jul/2020 15:58:00     current system memory usage reached 60%
13/Jul/2020 15:57:59     current system memory usage reached 60%
13/Jul/2020 16:03:13     current system memory usage reached 60%
13/Jul/2020 16:08:22     current system memory usage reached 60%
13/Jul/2020 16:08:23     current system memory usage reached 60%
13/Jul/2020 16:13:37     current system memory usage reached 60%
                         PBA fill limit: 96.39% (inverse)
13/Jul/2020 16:18:59     current system memory usage reached 60%
13/Jul/2020 16:20:37     current system memory usage reached 60%
13/Jul/2020 16:20:36     current system memory usage reached 60%
13/Jul/2020 16:22:51     current system memory usage reached 60%
13/Jul/2020 16:28:06     current system memory usage reached 60%
13/Jul/2020 16:38:42     current system memory usage reached 60%
13/Jul/2020 16:43:57     current system memory usage reached 60%
13/Jul/2020 16:54:27     current system memory usage reached 60%
13/Jul/2020 16:59:40     current system memory usage reached 60%
13/Jul/2020 17:04:55     current system memory usage reached 60%
13/Jul/2020 17:10:13     current system memory usage reached 60%
13/Jul/2020 17:15:28     current system memory usage reached 60%
13/Jul/2020 17:15:29     current system memory usage reached 60%
13/Jul/2020 17:20:42     current system memory usage reached 60%
13/Jul/2020 17:25:58     current system memory usage reached 60%
13/Jul/2020 17:31:13     current system memory usage reached 60%
13/Jul/2020 17:36:27     current system memory usage reached 60%
13/Jul/2020 17:36:26     current system memory usage reached 60%
13/Jul/2020 17:41:43     current system memory usage reached 60%
13/Jul/2020 17:46:54     current system memory usage reached 60%
13/Jul/2020 17:46:53     current system memory usage reached 60%
13/Jul/2020 17:52:07     current system memory usage reached 60%
13/Jul/2020 17:52:06     current system memory usage reached 60%
13/Jul/2020 17:57:21     current system memory usage reached 60%
13/Jul/2020 17:57:20     current system memory usage reached 60%
13/Jul/2020 18:02:31     current system memory usage reached 60%
13/Jul/2020 18:07:44     current system memory usage reached 60%
13/Jul/2020 18:07:45     current system memory usage reached 60%
13/Jul/2020 18:12:59     current system memory usage reached 60%
13/Jul/2020 18:18:12     current system memory usage reached 60%
13/Jul/2020 18:23:27     current system memory usage reached 60%
13/Jul/2020 18:28:38     current system memory usage reached 60%
13/Jul/2020 18:28:39     current system memory usage reached 60%
13/Jul/2020 18:33:52     current system memory usage reached 60%
13/Jul/2020 18:39:36     current system memory usage reached 65%
13/Jul/2020 18:39:33     current system memory usage reached 65%
13/Jul/2020 18:44:55     current system memory usage reached 65%
13/Jul/2020 18:49:51     current system memory usage reached 65%
13/Jul/2020 18:49:44     current system memory usage reached 65%
13/Jul/2020 18:49:57     current system memory usage reached 65%
13/Jul/2020 18:55:20     current system memory usage reached 65%
13/Jul/2020 18:55:12     current system memory usage reached 65%
13/Jul/2020 19:00:27     current system memory usage reached 65%
13/Jul/2020 19:00:09     current system memory usage reached 65%
13/Jul/2020 19:00:22     current system memory usage reached 65%
13/Jul/2020 19:05:31     current system memory usage reached 65%
13/Jul/2020 19:05:24     current system memory usage reached 65%
13/Jul/2020 19:05:36     current system memory usage reached 65%
13/Jul/2020 19:10:48     current system memory usage reached 65%
13/Jul/2020 19:10:40     current system memory usage reached 65%
13/Jul/2020 19:10:33     current system memory usage reached 65%
13/Jul/2020 19:16:01     current system memory usage reached 65%
13/Jul/2020 19:15:44     current system memory usage reached 65%
13/Jul/2020 19:21:15     current system memory usage reached 65%
13/Jul/2020 19:21:06     current system memory usage reached 65%
13/Jul/2020 19:21:34     current system memory usage reached 65%
13/Jul/2020 19:20:59     current system memory usage reached 65%
                         Used point accuracy enhancement value: 51.00%.
                         PBA fill limit: 98.81% (inverse)
                         Used point accuracy enhancement value: 32.00%.
                         PBA fill limit: 98.63% (inverse)
                         Used point accuracy enhancement value: 29.00%.
                         Used point accuracy enhancement value: 27.00%.
                         PBA fill limit: 98.44% (inverse)
13/Jul/2020 19:37:19     current system memory usage reached 65%
                         Used point accuracy enhancement value: 24.00%.
                         Used point accuracy enhancement value: 21.00%.
13/Jul/2020 19:44:35     current system memory usage reached 65%
                         Used point accuracy enhancement value: 19.00%.
                         Used point accuracy enhancement value: 14.00%.
13/Jul/2020 19:53:02     current system memory usage reached 65%
                         PBA fill limit: 98.25% (inverse)
                         Used point accuracy enhancement value: 12.00%.
13/Jul/2020 19:56:50     current system memory usage reached 65%
13/Jul/2020 19:56:57     current system memory usage reached 65%
                         Used point accuracy enhancement value: 10.00%.
                         Used point accuracy enhancement value: 8.00%.
                         Used point accuracy enhancement value: 7.00%.
                         PBA fill limit: 98.07% (inverse)
                         Used point accuracy enhancement value: 5.00%.
                         Used point accuracy enhancement value: 4.00%.
                         Used point accuracy enhancement value: 2.00%.
13/Jul/2020 20:20:39     current system memory usage reached 65%
                         PBA fill limit: 97.88% (inverse)
                         Used point accuracy enhancement value: 1.00%.
                         PBA fill limit: 97.69% (inverse)
13/Jul/2020 20:42:41     current system memory usage reached 65%
13/Jul/2020 20:42:27     current system memory usage reached 65%
13/Jul/2020 20:42:35     current system memory usage reached 65%
13/Jul/2020 20:46:35     current system memory usage reached 65%
                         PBA fill limit: 97.51% (inverse)
13/Jul/2020 20:46:25     current system memory usage reached 65%
13/Jul/2020 20:46:38     current system memory usage reached 65%
13/Jul/2020 20:50:46     current system memory usage reached 65%
13/Jul/2020 20:50:36     current system memory usage reached 65%
13/Jul/2020 20:55:02     current system memory usage reached 65%
                         PBA fill limit: 97.32% (inverse)
13/Jul/2020 20:54:53     current system memory usage reached 65%
13/Jul/2020 20:59:31     current system memory usage reached 65%
13/Jul/2020 20:59:16     current system memory usage reached 65%
13/Jul/2020 20:59:34     current system memory usage reached 65%
13/Jul/2020 21:03:55     current system memory usage reached 65%
13/Jul/2020 21:03:46     current system memory usage reached 65%
13/Jul/2020 21:03:39     current system memory usage reached 65%
13/Jul/2020 21:08:26     current system memory usage reached 65%
                         PBA fill limit: 97.13% (inverse)
13/Jul/2020 21:08:07     current system memory usage reached 65%
13/Jul/2020 21:08:06     current system memory usage reached 65%
13/Jul/2020 21:13:01     current system memory usage reached 65%
13/Jul/2020 21:12:50     current system memory usage reached 65%
13/Jul/2020 21:12:44     current system memory usage reached 65%
13/Jul/2020 21:17:36     current system memory usage reached 65%
                         PBA fill limit: 96.95% (inverse)
13/Jul/2020 21:17:30     current system memory usage reached 65%
13/Jul/2020 21:22:14     current system memory usage reached 65%
13/Jul/2020 21:22:03     current system memory usage reached 65%
13/Jul/2020 21:22:07     current system memory usage reached 65%
                         PBA fill limit: 96.76% (inverse)
                         PBA fill limit: 96.57% (inverse)
13/Jul/2020 21:38:55     current system memory usage reached 65%
13/Jul/2020 21:38:56     current system memory usage reached 65%
13/Jul/2020 21:44:29     current system memory usage reached 65%
13/Jul/2020 21:44:03     current system memory usage reached 65%
13/Jul/2020 21:54:41     current system memory usage reached 65%
13/Jul/2020 21:54:34     current system memory usage reached 65%
13/Jul/2020 22:04:58     current system memory usage reached 65%
13/Jul/2020 22:10:10     current system memory usage reached 65%
13/Jul/2020 22:10:15     current system memory usage reached 65%
13/Jul/2020 22:15:32     current system memory usage reached 65%
13/Jul/2020 22:15:38     current system memory usage reached 65%
13/Jul/2020 22:20:57     current system memory usage reached 65%
13/Jul/2020 22:21:02     current system memory usage reached 65%
14/Jul/2020 13:42:08     current system memory usage reached 65%
14/Jul/2020 13:41:42     current system memory usage reached 65%
14/Jul/2020 13:41:43     current system memory usage reached 65%
14/Jul/2020 13:47:04     current system memory usage reached 65%
14/Jul/2020 13:47:41     current system memory usage reached 65%
14/Jul/2020 13:52:59     current system memory usage reached 65%
14/Jul/2020 13:57:48     current system memory usage reached 60%
                         PBA fill limit: 95.45% (inverse)
14/Jul/2020 14:03:36     current system memory usage reached 60%
14/Jul/2020 14:04:04     current system memory usage reached 60%
14/Jul/2020 14:14:41     current system memory usage reached 60%
14/Jul/2020 14:14:42     current system memory usage reached 60%
14/Jul/2020 14:15:09     current system memory usage reached 60%
14/Jul/2020 14:19:45     current system memory usage reached 60%
                         PBA fill limit: 95.27% (inverse)
14/Jul/2020 14:19:57     current system memory usage reached 60%
14/Jul/2020 14:35:32     current system memory usage reached 60%
14/Jul/2020 14:35:58     current system memory usage reached 60%
14/Jul/2020 14:40:49     current system memory usage reached 60%
14/Jul/2020 14:41:16     current system memory usage reached 60%
14/Jul/2020 14:41:11     current system memory usage reached 60%
14/Jul/2020 14:46:00     current system memory usage reached 60%
14/Jul/2020 14:45:59     current system memory usage reached 60%
14/Jul/2020 14:46:27     current system memory usage reached 60%
14/Jul/2020 14:51:17     current system memory usage reached 60%
14/Jul/2020 14:51:16     current system memory usage reached 60%
14/Jul/2020 14:51:42     current system memory usage reached 60%
14/Jul/2020 14:56:27     current system memory usage reached 60%
14/Jul/2020 15:01:40     current system memory usage reached 60%
14/Jul/2020 15:06:50     current system memory usage reached 60%
14/Jul/2020 15:06:49     current system memory usage reached 60%
14/Jul/2020 19:17:51     current system memory usage reached 65%
14/Jul/2020 19:18:19     current system memory usage reached 65%
15/Jul/2020 21:12:53     current system memory usage reached 70%
15/Jul/2020 21:18:25     current system memory usage reached 70%
15/Jul/2020 21:24:42     current system memory usage reached 70%
15/Jul/2020 21:25:09     current system memory usage reached 70%
15/Jul/2020 21:25:38     current system memory usage reached 75%
15/Jul/2020 21:25:39     current system memory usage reached 75%
15/Jul/2020 21:36:16     current system memory usage reached 65%
15/Jul/2020 21:36:15     current system memory usage reached 65%
15/Jul/2020 21:41:16     current system memory usage reached 65%
                         PBA fill limit: 94.71% (inverse)
16/Jul/2020 10:49:36     current system memory usage reached 65%
16/Jul/2020 10:49:59     current system memory usage reached 65%
                         PBA fill limit: 94.52% (inverse)
16/Jul/2020 10:55:57     current system memory usage reached 65%
16/Jul/2020 10:55:58     current system memory usage reached 65%
16/Jul/2020 10:56:31     current system memory usage reached 65%
16/Jul/2020 11:01:50     current system memory usage reached 65%
16/Jul/2020 11:02:21     current system memory usage reached 65%
16/Jul/2020 11:07:46     current system memory usage reached 65%
16/Jul/2020 11:07:45     current system memory usage reached 65%
16/Jul/2020 11:08:15     current system memory usage reached 65%
16/Jul/2020 11:13:37     current system memory usage reached 65%
16/Jul/2020 11:13:36     current system memory usage reached 65%
16/Jul/2020 11:14:08     current system memory usage reached 65%
16/Jul/2020 11:19:26     current system memory usage reached 65%
16/Jul/2020 11:19:27     current system memory usage reached 65%
16/Jul/2020 11:19:59     current system memory usage reached 65%
16/Jul/2020 11:25:19     current system memory usage reached 65%
16/Jul/2020 11:25:18     current system memory usage reached 65%
16/Jul/2020 11:25:49     current system memory usage reached 65%
16/Jul/2020 11:31:09     current system memory usage reached 65%
16/Jul/2020 11:31:10     current system memory usage reached 65%
16/Jul/2020 11:31:44     current system memory usage reached 65%
16/Jul/2020 11:37:19     current system memory usage reached 65%
16/Jul/2020 11:43:23     current system memory usage reached 65%
16/Jul/2020 11:43:24     current system memory usage reached 65%
16/Jul/2020 11:49:40     current system memory usage reached 65%
16/Jul/2020 11:49:39     current system memory usage reached 65%
16/Jul/2020 11:50:12     current system memory usage reached 65%
16/Jul/2020 11:55:52     current system memory usage reached 65%
16/Jul/2020 12:01:48     current system memory usage reached 65%
                         PBA fill limit: 94.89% (inverse)
16/Jul/2020 12:07:42     current system memory usage reached 65%
16/Jul/2020 12:07:41     current system memory usage reached 65%
16/Jul/2020 12:08:14     current system memory usage reached 65%
16/Jul/2020 12:13:35     current system memory usage reached 65%
16/Jul/2020 12:14:06     current system memory usage reached 65%
16/Jul/2020 12:19:30     current system memory usage reached 65%
16/Jul/2020 12:19:29     current system memory usage reached 65%
16/Jul/2020 12:20:01     current system memory usage reached 65%
16/Jul/2020 12:26:09     current system memory usage reached 65%
16/Jul/2020 12:25:21     current system memory usage reached 65%
16/Jul/2020 12:25:22     current system memory usage reached 65%
16/Jul/2020 12:26:08     current system memory usage reached 65%
16/Jul/2020 12:31:43     current system memory usage reached 65%
16/Jul/2020 12:31:17     current system memory usage reached 65%
16/Jul/2020 12:32:01     current system memory usage reached 65%
16/Jul/2020 12:37:23     current system memory usage reached 65%
16/Jul/2020 12:37:26     current system memory usage reached 65%
16/Jul/2020 12:43:16     current system memory usage reached 65%
16/Jul/2020 12:43:18     current system memory usage reached 65%
                         Used point accuracy enhancement value: 62.00%.
16/Jul/2020 13:56:37     current system memory usage reached 65%
16/Jul/2020 14:33:51     current system memory usage reached 65%
16/Jul/2020 14:33:50     current system memory usage reached 65%

16/Jul/2020 14:34:13  Using generalized port mode solver.
                      
                      ------------------------------------------------------------------------------
16/Jul/2020 14:34:14  Using electric shielding for port 1.
                      
                      ------------------------------------------------------------------------------
16/Jul/2020 14:34:14  Boundary conditions: 
                      
                        YZsymmetry: none
                        XZsymmetry: none
                        XYsymmetry: none
                      
                        Xmin: electric
                        Xmax: electric
                      
                        Ymin: electric
                        Ymax: electric
                      
                        Zmin: electric
                        Zmax: electric
                      
                        PML-Type: ---
                      
                      ------------------------------------------------------------------------------
16/Jul/2020 14:34:14  Frequency settings: 
                      
                        Fmin:         1
                        Fmax:         3.4
                        Nfsteps(lin): 1001
                      
                      ------------------------------------------------------------------------------
16/Jul/2020 14:34:14  Waveguide boundaries:
                      
16/Jul/2020 14:34:14  Port: 1
                      
16/Jul/2020 14:34:14    -------------------------------- F-Calc 2.2 --------------------------------
                        Port   Mode   Type        Z-Wave        Z-Wave-Sigma  Z-Line        F-Cutoff
                        1      1      TEM         266           1.30e-010     54.3          0.0
                        ----------------------------------------------------------------------------
                      
16/Jul/2020 14:34:14  Port: 2
                      
16/Jul/2020 14:34:14    -------------------------------- F-Calc 2.2 --------------------------------
                        Port   Mode   Type        Z-Wave        Z-Wave-Sigma  Z-Line        F-Cutoff
                        2      1      TE          539           1.17e-005     ---           1.572
                        2      2      TE          370           7.39e-006     ---           3.138
                        2      3      TE          254           5.36e-006     ---           3.94
                        ----------------------------------------------------------------------------
                      
16/Jul/2020 14:34:14  Field update statistics:
                      
                        Number of components in total: 	598005
                        Number of lossy metal components:	30713
                      
                      Subcycling state:      Automatically deactivated
                      
                      ------------------------------------------------------------------------------
16/Jul/2020 14:35:03  
                      --------------------------------------------------------------------------------
16/Jul/2020 14:35:03  *** Warning ***
                      
16/Jul/2020 14:35:03  Maximum number of pulse widths simulated, solver stopped.
                      Please note that the steady state energy criterion has not been satisfied. More...
                      
                      ------------------------------------------------------------------------------
16/Jul/2020 14:35:03  Frequency domain results normalized to default signal.
                      
                      
                      ------------------------------------------------------------------------------
16/Jul/2020 14:35:03  
                        ----------------------------------------------------------------------------
                                            Peak memory used (kB)         Free physical memory (kB) 
                                                                          At begin     Minimum      
                        ----------------------------------------------------------------------------
                        CAD preparation     21988                         3331824      3331824      
                        Matrices calc.      378906                        4507812      2382812      
                        Solver run total    124556                        3362300      3050252      
                        ----------------------------------------------------------------------------
                      
                      --------------------------------------------------------------------------------
                      Solver Statistics:
                      
                        Hardware:
                           Computer name:                 	elecpc375 
                      
                           Number of CPU threads:               2
                           Hardware info:                  	Hardware Accelerator Device not activated
                      
                        Number of mesh cells:             	96120
                        Excitation duration:              	2.96212396e+000 ns 
                        Calculation time for excitation:  	3 	s
                        Number of calculated pulse widths:	19.9998 
                        Steady state accuracy limit:      	-25	dB 
                        Simulated number of time steps:   	27309 
                        Maximum number of time steps:     	27309 
                        Time step width:
                           without subcycles:             	2.16931804e-003 ns
                           used:                          	2.16931804e-003 ns
                      
                        CAD preparation time:             	1      	s
                        Matrix calculation time:          	29 	s
                        Solver setup time:                	2 	s
                        Solver loop time:                 	46 	s
                        Solver post processing time:      	0 	s
                                                          	------------
                        Total solver time:                	78 	s  ( = 0 h, 1 m, 18 s )
                      
                      ------------------------------------------------------------------------------
16/Jul/2020 14:35:03  
                        Adaptive port meshing time:          	17     	s
                        Total solver time (all cycles):      	78     	s  ( = 0 h, 1 m, 18 s )
                        solver initialization and clean-up:  	2      	s
                                                             	------------
                        Total simulation time:               	97     	s  ( = 0 h, 1 m, 37 s )
                      
                      ------------------------------------------------------------------------------
16/Jul/2020 14:35:03  Solver finished at: 02:35 PM Thursday, 16. July 2020
                      
                      
                      
                      ------------------------------------------------------------------------------
16/Jul/2020 14:35:04  Creating parametric 1D results for Run ID 1
                      
                      ------------------------------------------------------------------------------
