Port monitor named: Port1_h1[2.2].prt

nx        = 90
ny        = 41
nz        = 28

nu        = 5
nv        = 5
iu        = 12
iv        = 19

idir      = 2
dcut      = 2.500000e-002
icut      = 28
type      = 1
frequency = 2.200000e+009

fcutoff   = 0.000000e+000
alpha     = 0.000000e+000
beta      = 6.458975e+001
accuracy  = 4.590991e-015

type          = TEM
wave imp.     = 2.655715e+002
wave imp.sig. = 1.298674e-010
line imp.     = 5.425582e+001

ref. port     = 0

0.000000e+000  7.884025e+000  1.576988e+001  7.884025e+000  0.000000e+000  
0.000000e+000  7.885034e+000  3.154072e+001  7.885034e+000  0.000000e+000  
0.000000e+000  -7.885034e+000  -3.154072e+001  -7.885034e+000  0.000000e+000  
0.000000e+000  -7.884025e+000  -1.576988e+001  -7.884025e+000  0.000000e+000  
0.000000e+000  0.000000e+000  0.000000e+000  0.000000e+000  0.000000e+000  

0.000000e+000  0.000000e+000  0.000000e+000  0.000000e+000  0.000000e+000  
-7.884025e+000  -7.885034e+000  7.885034e+000  7.884025e+000  0.000000e+000  
-1.576988e+001  -3.154072e+001  3.154072e+001  1.576988e+001  0.000000e+000  
-7.884025e+000  -7.885034e+000  7.885034e+000  7.884025e+000  0.000000e+000  
0.000000e+000  0.000000e+000  0.000000e+000  0.000000e+000  0.000000e+000  

0.000000e+000  0.000000e+000  0.000000e+000  0.000000e+000  0.000000e+000  
0.000000e+000  0.000000e+000  0.000000e+000  0.000000e+000  0.000000e+000  
0.000000e+000  0.000000e+000  0.000000e+000  0.000000e+000  0.000000e+000  
0.000000e+000  0.000000e+000  0.000000e+000  0.000000e+000  0.000000e+000  
0.000000e+000  0.000000e+000  0.000000e+000  0.000000e+000  0.000000e+000  

0.000000e+000  0.000000e+000  0.000000e+000  0.000000e+000  0.000000e+000  
0.000000e+000  0.000000e+000  0.000000e+000  0.000000e+000  0.000000e+000  
0.000000e+000  0.000000e+000  0.000000e+000  0.000000e+000  0.000000e+000  
0.000000e+000  0.000000e+000  0.000000e+000  0.000000e+000  0.000000e+000  
0.000000e+000  0.000000e+000  0.000000e+000  0.000000e+000  0.000000e+000  

0.000000e+000  0.000000e+000  0.000000e+000  0.000000e+000  0.000000e+000  
0.000000e+000  0.000000e+000  0.000000e+000  0.000000e+000  0.000000e+000  
0.000000e+000  0.000000e+000  0.000000e+000  0.000000e+000  0.000000e+000  
0.000000e+000  0.000000e+000  0.000000e+000  0.000000e+000  0.000000e+000  
0.000000e+000  0.000000e+000  0.000000e+000  0.000000e+000  0.000000e+000  

0.000000e+000  1.242104e-002  -1.242104e-002  0.000000e+000  0.000000e+000  
-1.242104e-002  0.000000e+000  0.000000e+000  1.242104e-002  0.000000e+000  
1.242104e-002  0.000000e+000  0.000000e+000  -1.242104e-002  0.000000e+000  
0.000000e+000  -1.242104e-002  1.242104e-002  0.000000e+000  0.000000e+000  
0.000000e+000  0.000000e+000  0.000000e+000  0.000000e+000  0.000000e+000  

