Port monitor named: Port2_e1[2.5].prt

nx        = 25
ny        = 4
nz        = 25

nu        = 23
nv        = 23
iu        = 2
iv        = 2

idir      = 1
dcut      = 2.505000e-002
icut      = 3
type      = 0
frequency = 2.500000e+009

fcutoff   = 0.000000e+000
alpha     = 0.000000e+000
beta      = 7.257417e+001
accuracy  = 4.339877e-012

type          = QTEM
wave imp.     = 2.634375e+002
wave imp.sig. = 8.020717e-003
line imp.     = 5.425726e+001

ref. port     = 0

-0.000000e+000  -0.000000e+000  -0.000000e+000  -0.000000e+000  -0.000000e+000  -0.000000e+000  -0.000000e+000  -0.000000e+000  -0.000000e+000  -0.000000e+000  -0.000000e+000  -0.000000e+000  -0.000000e+000  -0.000000e+000  -0.000000e+000  -0.000000e+000  -0.000000e+000  -0.000000e+000  -0.000000e+000  -0.000000e+000  -0.000000e+000  -0.000000e+000  -0.000000e+000  
-9.725257e+002  -9.725858e+002  -9.802650e+002  -9.651118e+002  -3.511543e+002  -3.539713e+001  3.424672e+002  5.837254e+001  -5.909124e+001  -8.665239e+001  -5.318081e+001  5.316450e+001  8.664106e+001  5.908323e+001  -5.837826e+001  -3.424727e+002  3.539611e+001  3.511567e+002  9.651200e+002  9.802730e+002  9.725933e+002  9.725327e+002  -0.000000e+000  
-1.945153e+003  -1.937715e+003  -1.492574e+003  -8.228745e+002  -7.993384e+002  -7.124097e+002  -6.066487e+002  -5.497794e+002  -4.777922e+002  -3.728059e+002  -1.680775e+002  1.680383e+002  3.727831e+002  4.777804e+002  5.497760e+002  6.066511e+002  7.124159e+002  7.993465e+002  8.228831e+002  1.492587e+003  1.937729e+003  1.945167e+003  -0.000000e+000  
-2.925544e+003  -2.450097e+003  -1.581221e+003  -1.581472e+003  -1.532464e+003  -1.464743e+003  -1.360190e+003  -1.218396e+003  -1.028484e+003  -7.849515e+002  -3.461167e+002  3.460325e+002  7.849181e+002  1.028478e+003  1.218406e+003  1.360208e+003  1.464764e+003  1.532484e+003  1.581489e+003  1.581235e+003  2.450115e+003  2.925564e+003  -0.000000e+000  
-3.890915e+003  -2.308035e+003  -2.339886e+003  -2.405643e+003  -2.405769e+003  -2.364385e+003  -2.262682e+003  -2.079464e+003  -1.793648e+003  -1.393183e+003  -6.311875e+002  6.309907e+002  1.393166e+003  1.793690e+003  2.079522e+003  2.262737e+003  2.364431e+003  2.405806e+003  2.405670e+003  2.339905e+003  2.308051e+003  3.890939e+003  -0.000000e+000  
-4.066699e+003  -2.532195e+003  -2.706493e+003  -2.842313e+003  -2.904611e+003  -2.904673e+003  -2.836191e+003  -2.663885e+003  -2.348194e+003  -1.858592e+003  -8.660388e+002  8.656962e+002  1.858671e+003  2.348326e+003  2.663996e+003  2.836273e+003  2.904732e+003  2.904656e+003  2.842342e+003  2.706513e+003  2.532211e+003  4.066722e+003  -0.000000e+000  
-4.084685e+003  -2.870739e+003  -3.082712e+003  -3.292162e+003  -3.444917e+003  -3.513494e+003  -3.513517e+003  -3.391682e+003  -3.076645e+003  -2.496094e+003  -1.202970e+003  1.202341e+003  2.496500e+003  3.076939e+003  3.391854e+003  3.513619e+003  3.513559e+003  3.444962e+003  3.292191e+003  3.082732e+003  2.870755e+003  4.084706e+003  -0.000000e+000  
-3.913614e+003  -3.345502e+003  -3.459551e+003  -3.743446e+003  -4.018470e+003  -4.190857e+003  -4.312691e+003  -4.312670e+003  -4.070599e+003  -3.415119e+003  -1.710185e+003  1.708923e+003  3.416656e+003  4.071066e+003  4.312850e+003  4.312780e+003  4.190911e+003  4.018508e+003  3.743471e+003  3.459570e+003  3.345519e+003  3.913633e+003  -0.000000e+000  
-3.884558e+003  -3.649715e+003  -3.793918e+003  -4.174017e+003  -4.602974e+003  -4.918761e+003  -5.233706e+003  -5.475693e+003  -5.477951e+003  -5.278061e+003  -0.000000e+000  -0.000000e+000  5.277599e+003  5.477805e+003  5.475688e+003  5.233727e+003  4.918784e+003  4.602996e+003  4.174035e+003  3.793934e+003  3.649731e+003  3.884576e+003  -0.000000e+000  
-3.914202e+003  -3.859155e+003  -4.069300e+003  -4.556614e+003  -5.157650e+003  -5.647490e+003  -6.227662e+003  -6.878430e+003  -7.146168e+003  -0.000000e+000  -0.000000e+000  -0.000000e+000  -0.000000e+000  7.146017e+003  6.878353e+003  6.227639e+003  5.647488e+003  5.157656e+003  4.556624e+003  4.069313e+003  3.859169e+003  3.914217e+003  -0.000000e+000  
-3.957595e+003  -4.002285e+003  -4.275377e+003  -4.860679e+003  -5.623160e+003  -6.285869e+003  -7.151003e+003  -8.297249e+003  -0.000000e+000  -0.000000e+000  -0.000000e+000  -0.000000e+000  -0.000000e+000  -0.000000e+000  8.297185e+003  7.150969e+003  6.285853e+003  5.623156e+003  4.860684e+003  4.275387e+003  4.002297e+003  3.957609e+003  -0.000000e+000  
-4.010826e+003  -4.117205e+003  -4.453332e+003  -5.145260e+003  -6.090964e+003  -6.955290e+003  -8.154287e+003  -9.854935e+003  -0.000000e+000  -0.000000e+000  -0.000000e+000  -0.000000e+000  -0.000000e+000  -0.000000e+000  9.854899e+003  8.154260e+003  6.955272e+003  6.090953e+003  5.145258e+003  4.453338e+003  4.117216e+003  4.010840e+003  -0.000000e+000  
-3.957629e+003  -4.002324e+003  -4.275433e+003  -4.860765e+003  -5.623264e+003  -6.285939e+003  -7.150869e+003  -8.296282e+003  -0.000000e+000  -0.000000e+000  -0.000000e+000  -0.000000e+000  -0.000000e+000  -0.000000e+000  8.296261e+003  7.150850e+003  6.285924e+003  5.623253e+003  4.860761e+003  4.275437e+003  4.002335e+003  3.957644e+003  -0.000000e+000  
-3.914252e+003  -3.859209e+003  -4.069379e+003  -4.556746e+003  -5.157875e+003  -5.647850e+003  -6.228401e+003  -6.880500e+003  -7.095641e+003  -0.000000e+000  -0.000000e+000  -0.000000e+000  -0.000000e+000  7.095624e+003  6.880483e+003  6.228385e+003  5.647836e+003  5.157864e+003  4.556741e+003  4.069383e+003  3.859223e+003  3.914268e+003  -0.000000e+000  
-3.884623e+003  -3.649779e+003  -3.794014e+003  -4.174177e+003  -4.603246e+003  -4.919169e+003  -5.234367e+003  -5.476757e+003  -5.479020e+003  -5.238451e+003  -0.000000e+000  -0.000000e+000  5.238441e+003  5.479008e+003  5.476742e+003  5.234352e+003  4.919155e+003  4.603235e+003  4.174170e+003  3.794018e+003  3.649796e+003  3.884642e+003  -0.000000e+000  
-3.913692e+003  -3.345569e+003  -3.459655e+003  -3.743614e+003  -4.018727e+003  -4.191196e+003  -4.313124e+003  -4.313123e+003  -4.070687e+003  -3.413901e+003  -1.711881e+003  1.711879e+003  3.413893e+003  4.070675e+003  4.313110e+003  4.313109e+003  4.191182e+003  4.018714e+003  3.743604e+003  3.459657e+003  3.345592e+003  3.913715e+003  -0.000000e+000  
-4.084781e+003  -2.870795e+003  -3.082816e+003  -3.292323e+003  -3.445136e+003  -3.513751e+003  -3.513795e+003  -3.391913e+003  -3.076689e+003  -2.495884e+003  -1.203560e+003  1.203554e+003  2.495875e+003  3.076678e+003  3.391900e+003  3.513780e+003  3.513735e+003  3.445119e+003  3.292309e+003  3.082816e+003  2.870830e+003  4.084806e+003  -0.000000e+000  
-4.066812e+003  -2.532228e+003  -2.706597e+003  -2.842462e+003  -2.904793e+003  -2.904867e+003  -2.836381e+003  -2.664035e+003  -2.348263e+003  -1.858602e+003  -8.662380e+002  8.662304e+002  1.858592e+003  2.348251e+003  2.664020e+003  2.836365e+003  2.904849e+003  2.904772e+003  2.842440e+003  2.706587e+003  2.532289e+003  4.066836e+003  -0.000000e+000  
-3.891057e+003  -2.308019e+003  -2.339994e+003  -2.405782e+003  -2.405919e+003  -2.364535e+003  -2.262820e+003  -2.079573e+003  -1.793719e+003  -1.393229e+003  -6.312426e+002  6.312339e+002  1.393218e+003  1.793706e+003  2.079558e+003  2.262802e+003  2.364513e+003  2.405893e+003  2.405749e+003  2.339962e+003  2.308139e+003  3.891061e+003  -0.000000e+000  
-2.925881e+003  -2.449746e+003  -1.581409e+003  -1.581602e+003  -1.532577e+003  -1.464841e+003  -1.360268e+003  -1.218453e+003  -1.028523e+003  -7.849741e+002  -3.461168e+002  3.461077e+002  7.849634e+002  1.028510e+003  1.218438e+003  1.360249e+003  1.464816e+003  1.532542e+003  1.581540e+003  1.581217e+003  2.450274e+003  2.925675e+003  -0.000000e+000  
-1.945270e+003  -1.937682e+003  -1.492664e+003  -8.229633e+002  -7.994267e+002  -7.124795e+002  -6.066635e+002  -5.497791e+002  -4.777885e+002  -3.728005e+002  -1.680680e+002  1.680609e+002  3.727923e+002  4.777794e+002  5.497689e+002  6.066523e+002  7.124681e+002  7.994168e+002  8.229624e+002  1.492778e+003  1.937683e+003  1.945193e+003  -0.000000e+000  
-9.725702e+002  -9.726030e+002  -9.803217e+002  -9.652125e+002  -3.512904e+002  -3.558455e+001  3.426747e+002  5.847705e+001  -5.903749e+001  -8.662348e+001  -5.316949e+001  5.316556e+001  8.661904e+001  5.903252e+001  -5.848275e+001  -3.426814e+002  3.557926e+001  3.512880e+002  9.652214e+002  9.803543e+002  9.726050e+002  9.725452e+002  -0.000000e+000  
-0.000000e+000  -0.000000e+000  -0.000000e+000  -0.000000e+000  -0.000000e+000  -0.000000e+000  -0.000000e+000  -0.000000e+000  -0.000000e+000  -0.000000e+000  -0.000000e+000  -0.000000e+000  -0.000000e+000  -0.000000e+000  -0.000000e+000  -0.000000e+000  -0.000000e+000  -0.000000e+000  -0.000000e+000  -0.000000e+000  -0.000000e+000  -0.000000e+000  -0.000000e+000  

-0.000000e+000  -9.725256e+002  -1.945147e+003  -2.925519e+003  -3.890843e+003  -4.066575e+003  -4.084478e+003  -3.913514e+003  -3.884519e+003  -3.914201e+003  -3.957617e+003  -4.010866e+003  -3.957634e+003  -3.914222e+003  -3.884545e+003  -3.913542e+003  -4.084510e+003  -4.066607e+003  -3.890873e+003  -2.925542e+003  -1.945162e+003  -9.725327e+002  -0.000000e+000  
-0.000000e+000  -9.725919e+002  -1.937721e+003  -2.450105e+003  -2.308070e+003  -2.532271e+003  -2.870899e+003  -3.345583e+003  -3.649770e+003  -3.859209e+003  -4.002349e+003  -4.117296e+003  -4.002372e+003  -3.859237e+003  -3.649800e+003  -3.345612e+003  -2.870924e+003  -2.532293e+003  -2.308089e+003  -2.450124e+003  -1.937735e+003  -9.725986e+002  -0.000000e+000  
-0.000000e+000  -9.802834e+002  -1.492591e+003  -1.581237e+003  -2.339915e+003  -2.706534e+003  -3.082764e+003  -3.459599e+003  -3.793967e+003  -4.069364e+003  -4.275474e+003  -4.453545e+003  -4.275519e+003  -4.069414e+003  -3.794015e+003  -3.459640e+003  -3.082797e+003  -2.706560e+003  -2.339935e+003  -1.581247e+003  -1.492600e+003  -9.802892e+002  -0.000000e+000  
-0.000000e+000  -9.651595e+002  -8.228961e+002  -1.581480e+003  -2.405651e+003  -2.842321e+003  -3.292167e+003  -3.743441e+003  -4.174004e+003  -4.556611e+003  -4.860747e+003  -5.145835e+003  -4.860860e+003  -4.556716e+003  -4.174084e+003  -3.743498e+003  -3.292205e+003  -2.842346e+003  -2.405668e+003  -1.581487e+003  -8.228982e+002  -9.651637e+002  -0.000000e+000  
-0.000000e+000  -3.512563e+002  -7.993558e+002  -1.532458e+003  -2.405763e+003  -2.904606e+003  -3.444901e+003  -4.018423e+003  -4.602859e+003  -5.157419e+003  -5.622839e+003  -6.092553e+003  -5.623131e+003  -5.157614e+003  -4.602964e+003  -4.018475e+003  -3.444926e+003  -2.904618e+003  -2.405768e+003  -1.532459e+003  -7.993552e+002  -3.512555e+002  -0.000000e+000  
-0.000000e+000  -3.556251e+001  -7.124091e+002  -1.464720e+003  -2.364369e+003  -2.904667e+003  -3.513488e+003  -4.190818e+003  -4.918623e+003  -5.647082e+003  -6.284592e+003  -6.958462e+003  -6.285165e+003  -5.647329e+003  -4.918707e+003  -4.190841e+003  -3.513490e+003  -2.904663e+003  -2.364365e+003  -1.464717e+003  -7.124065e+002  -3.555946e+001  -0.000000e+000  
-0.000000e+000  3.426799e+002  -6.065942e+002  -1.360144e+003  -2.262654e+003  -2.836195e+003  -3.513553e+003  -4.312727e+003  -5.233718e+003  -6.227677e+003  -7.146707e+003  -8.161142e+003  -7.147971e+003  -6.227811e+003  -5.233679e+003  -4.312680e+003  -3.513519e+003  -2.836172e+003  -2.262638e+003  -1.360136e+003  -6.065896e+002  3.426851e+002  -0.000000e+000  
-0.000000e+000  5.849489e+001  -5.497085e+002  -1.218323e+003  -2.079407e+003  -2.663897e+003  -3.391792e+003  -4.312804e+003  -5.475828e+003  -6.883182e+003  -8.283342e+003  -9.870697e+003  -8.286472e+003  -6.882245e+003  -5.475504e+003  -4.312666e+003  -3.391722e+003  -2.663857e+003  -2.079383e+003  -1.218312e+003  -5.497030e+002  5.849874e+001  -0.000000e+000  
-0.000000e+000  -5.901573e+001  -4.777184e+002  -1.028380e+003  -1.793523e+003  -2.348184e+003  -3.076904e+003  -4.070856e+003  -5.473591e+003  -7.179473e+003  -0.000000e+000  -0.000000e+000  -0.000000e+000  -7.178845e+003  -5.473407e+003  -4.070744e+003  -3.076837e+003  -2.348142e+003  -1.793497e+003  -1.028369e+003  -4.777127e+002  -5.901269e+001  -0.000000e+000  
-0.000000e+000  -8.660442e+001  -3.727370e+002  -7.848149e+002  -1.392906e+003  -1.858405e+003  -2.496776e+003  -3.420112e+003  -5.392711e+003  -0.000000e+000  -0.000000e+000  -0.000000e+000  -0.000000e+000  -0.000000e+000  -5.392597e+003  -3.420054e+003  -2.496729e+003  -1.858371e+003  -1.392883e+003  -7.848040e+002  -3.727320e+002  -8.660211e+001  -0.000000e+000  
-0.000000e+000  -5.316398e+001  -1.680337e+002  -3.459578e+002  -6.305212e+002  -8.644176e+002  -1.199124e+003  -1.700763e+003  -0.000000e+000  -0.000000e+000  -0.000000e+000  -0.000000e+000  -0.000000e+000  -0.000000e+000  -0.000000e+000  -1.700749e+003  -1.199106e+003  -8.644009e+002  -6.305076e+002  -3.459508e+002  -1.680308e+002  -5.316292e+001  -0.000000e+000  
-0.000000e+000  5.312971e+001  1.679604e+002  3.458285e+002  6.303057e+002  8.641502e+002  1.198822e+003  1.700529e+003  -0.000000e+000  -0.000000e+000  -0.000000e+000  -0.000000e+000  -0.000000e+000  -0.000000e+000  -0.000000e+000  1.700525e+003  1.198822e+003  8.641520e+002  6.303075e+002  3.458279e+002  1.679583e+002  5.312830e+001  -0.000000e+000  
-0.000000e+000  8.657373e+001  3.726764e+002  7.847082e+002  1.392708e+003  1.858086e+003  2.496167e+003  3.418630e+003  5.354581e+003  -0.000000e+000  -0.000000e+000  -0.000000e+000  -0.000000e+000  -0.000000e+000  5.354568e+003  3.418622e+003  2.496161e+003  1.858081e+003  1.392703e+003  7.847012e+002  3.726688e+002  8.656995e+001  -0.000000e+000  
-0.000000e+000  5.898724e+001  4.776703e+002  1.028300e+003  1.793386e+003  2.348001e+003  3.076674e+003  4.070704e+003  5.474445e+003  7.125595e+003  -0.000000e+000  -0.000000e+000  -0.000000e+000  7.125581e+003  5.474433e+003  4.070695e+003  3.076666e+003  2.347993e+003  1.793378e+003  1.028289e+003  4.776580e+002  5.898187e+001  -0.000000e+000  
-0.000000e+000  -5.852339e+001  5.496761e+002  1.218275e+003  2.079345e+003  2.663850e+003  3.391815e+003  4.313055e+003  5.476688e+003  6.885024e+003  8.280928e+003  9.874767e+003  8.280918e+003  6.885012e+003  5.476678e+003  4.313045e+003  3.391806e+003  2.663840e+003  2.079334e+003  1.218258e+003  5.496570e+002  -5.852994e+001  -0.000000e+000  
-0.000000e+000  -3.427146e+002  6.065802e+002  1.360128e+003  2.262651e+003  2.836230e+003  3.513669e+003  4.312998e+003  5.234211e+003  6.228214e+003  7.146236e+003  8.162885e+003  7.146229e+003  6.228206e+003  5.234203e+003  4.312990e+003  3.513660e+003  2.836219e+003  2.262637e+003  1.360105e+003  6.065509e+002  -3.427208e+002  -0.000000e+000  
-0.000000e+000  3.552759e+001  7.124193e+002  1.464733e+003  2.364405e+003  2.904740e+003  3.513624e+003  4.191043e+003  4.918929e+003  5.647364e+003  6.284653e+003  6.959304e+003  6.284649e+003  5.647359e+003  4.918924e+003  4.191036e+003  3.513616e+003  2.904730e+003  2.364390e+003  1.464703e+003  7.123723e+002  3.553254e+001  -0.000000e+000  
-0.000000e+000  3.512010e+002  7.994008e+002  1.532493e+003  2.405819e+003  2.904693e+003  3.445033e+003  4.018608e+003  4.603084e+003  5.157642e+003  5.623026e+003  6.093028e+003  5.623024e+003  5.157639e+003  4.603080e+003  4.018603e+003  3.445027e+003  2.904684e+003  2.405805e+003  1.532457e+003  7.993187e+002  3.512380e+002  -0.000000e+000  
-0.000000e+000  9.649638e+002  8.230346e+002  1.581539e+003  2.405719e+003  2.842407e+003  3.292279e+003  3.743584e+003  4.174172e+003  4.556796e+003  4.860943e+003  5.146086e+003  4.860943e+003  4.556796e+003  4.174172e+003  3.743583e+003  3.292278e+003  2.842405e+003  2.405712e+003  1.581502e+003  8.228381e+002  9.651749e+002  -0.000000e+000  
-0.000000e+000  9.805043e+002  1.492494e+003  1.581239e+003  2.339959e+003  2.706590e+003  3.082834e+003  3.459701e+003  3.794098e+003  4.069516e+003  4.275640e+003  4.453721e+003  4.275642e+003  4.069519e+003  3.794103e+003  3.459708e+003  3.082845e+003  2.706608e+003  2.339989e+003  1.581331e+003  1.492892e+003  9.803750e+002  -0.000000e+000  
-0.000000e+000  9.726639e+002  1.937743e+003  2.450160e+003  2.308113e+003  2.532291e+003  2.870859e+003  3.345655e+003  3.649894e+003  3.859358e+003  4.002509e+003  4.117458e+003  4.002513e+003  3.859363e+003  3.649901e+003  3.345664e+003  2.870871e+003  2.532305e+003  2.308131e+003  2.450188e+003  1.937690e+003  9.726119e+002  -0.000000e+000  
-0.000000e+000  9.725703e+002  1.945209e+003  2.925638e+003  3.891062e+003  4.066863e+003  4.084859e+003  3.913791e+003  3.884745e+003  3.914399e+003  3.957801e+003  4.011038e+003  3.957805e+003  3.914405e+003  3.884753e+003  3.913803e+003  4.084874e+003  4.066880e+003  3.891081e+003  2.925648e+003  1.945186e+003  9.725452e+002  -0.000000e+000  
-0.000000e+000  -0.000000e+000  -0.000000e+000  -0.000000e+000  -0.000000e+000  -0.000000e+000  -0.000000e+000  -0.000000e+000  -0.000000e+000  -0.000000e+000  -0.000000e+000  -0.000000e+000  -0.000000e+000  -0.000000e+000  -0.000000e+000  -0.000000e+000  -0.000000e+000  -0.000000e+000  -0.000000e+000  -0.000000e+000  -0.000000e+000  -0.000000e+000  -0.000000e+000  

0.000000e+000  0.000000e+000  0.000000e+000  0.000000e+000  0.000000e+000  0.000000e+000  0.000000e+000  0.000000e+000  0.000000e+000  0.000000e+000  0.000000e+000  0.000000e+000  0.000000e+000  0.000000e+000  0.000000e+000  0.000000e+000  0.000000e+000  0.000000e+000  0.000000e+000  0.000000e+000  0.000000e+000  0.000000e+000  0.000000e+000  
0.000000e+000  0.000000e+000  0.000000e+000  0.000000e+000  0.000000e+000  0.000000e+000  0.000000e+000  0.000000e+000  0.000000e+000  0.000000e+000  0.000000e+000  0.000000e+000  0.000000e+000  0.000000e+000  0.000000e+000  0.000000e+000  0.000000e+000  0.000000e+000  0.000000e+000  0.000000e+000  0.000000e+000  0.000000e+000  0.000000e+000  
0.000000e+000  0.000000e+000  0.000000e+000  0.000000e+000  0.000000e+000  0.000000e+000  0.000000e+000  0.000000e+000  0.000000e+000  0.000000e+000  0.000000e+000  0.000000e+000  0.000000e+000  0.000000e+000  0.000000e+000  0.000000e+000  0.000000e+000  0.000000e+000  0.000000e+000  0.000000e+000  0.000000e+000  0.000000e+000  0.000000e+000  
0.000000e+000  0.000000e+000  0.000000e+000  0.000000e+000  0.000000e+000  0.000000e+000  0.000000e+000  0.000000e+000  0.000000e+000  0.000000e+000  0.000000e+000  0.000000e+000  0.000000e+000  0.000000e+000  0.000000e+000  0.000000e+000  0.000000e+000  0.000000e+000  0.000000e+000  0.000000e+000  0.000000e+000  0.000000e+000  0.000000e+000  
0.000000e+000  0.000000e+000  0.000000e+000  0.000000e+000  0.000000e+000  0.000000e+000  0.000000e+000  0.000000e+000  0.000000e+000  0.000000e+000  0.000000e+000  0.000000e+000  0.000000e+000  0.000000e+000  0.000000e+000  0.000000e+000  0.000000e+000  0.000000e+000  0.000000e+000  0.000000e+000  0.000000e+000  0.000000e+000  0.000000e+000  
0.000000e+000  0.000000e+000  0.000000e+000  0.000000e+000  0.000000e+000  0.000000e+000  0.000000e+000  0.000000e+000  0.000000e+000  0.000000e+000  0.000000e+000  0.000000e+000  0.000000e+000  0.000000e+000  0.000000e+000  0.000000e+000  0.000000e+000  0.000000e+000  0.000000e+000  0.000000e+000  0.000000e+000  0.000000e+000  0.000000e+000  
0.000000e+000  0.000000e+000  0.000000e+000  0.000000e+000  0.000000e+000  0.000000e+000  0.000000e+000  0.000000e+000  0.000000e+000  0.000000e+000  0.000000e+000  0.000000e+000  0.000000e+000  0.000000e+000  0.000000e+000  0.000000e+000  0.000000e+000  0.000000e+000  0.000000e+000  0.000000e+000  0.000000e+000  0.000000e+000  0.000000e+000  
0.000000e+000  0.000000e+000  0.000000e+000  0.000000e+000  0.000000e+000  0.000000e+000  0.000000e+000  0.000000e+000  0.000000e+000  0.000000e+000  0.000000e+000  0.000000e+000  0.000000e+000  0.000000e+000  0.000000e+000  0.000000e+000  0.000000e+000  0.000000e+000  0.000000e+000  0.000000e+000  0.000000e+000  0.000000e+000  0.000000e+000  
0.000000e+000  0.000000e+000  0.000000e+000  0.000000e+000  0.000000e+000  0.000000e+000  0.000000e+000  0.000000e+000  0.000000e+000  0.000000e+000  0.000000e+000  0.000000e+000  0.000000e+000  0.000000e+000  0.000000e+000  0.000000e+000  0.000000e+000  0.000000e+000  0.000000e+000  0.000000e+000  0.000000e+000  0.000000e+000  0.000000e+000  
0.000000e+000  0.000000e+000  0.000000e+000  0.000000e+000  0.000000e+000  0.000000e+000  0.000000e+000  0.000000e+000  0.000000e+000  0.000000e+000  0.000000e+000  0.000000e+000  0.000000e+000  0.000000e+000  0.000000e+000  0.000000e+000  0.000000e+000  0.000000e+000  0.000000e+000  0.000000e+000  0.000000e+000  0.000000e+000  0.000000e+000  
0.000000e+000  0.000000e+000  0.000000e+000  0.000000e+000  0.000000e+000  0.000000e+000  0.000000e+000  0.000000e+000  0.000000e+000  0.000000e+000  0.000000e+000  0.000000e+000  0.000000e+000  0.000000e+000  0.000000e+000  0.000000e+000  0.000000e+000  0.000000e+000  0.000000e+000  0.000000e+000  0.000000e+000  0.000000e+000  0.000000e+000  
0.000000e+000  0.000000e+000  0.000000e+000  0.000000e+000  0.000000e+000  0.000000e+000  0.000000e+000  0.000000e+000  0.000000e+000  0.000000e+000  0.000000e+000  0.000000e+000  0.000000e+000  0.000000e+000  0.000000e+000  0.000000e+000  0.000000e+000  0.000000e+000  0.000000e+000  0.000000e+000  0.000000e+000  0.000000e+000  0.000000e+000  
0.000000e+000  0.000000e+000  0.000000e+000  0.000000e+000  0.000000e+000  0.000000e+000  0.000000e+000  0.000000e+000  0.000000e+000  0.000000e+000  0.000000e+000  0.000000e+000  0.000000e+000  0.000000e+000  0.000000e+000  0.000000e+000  0.000000e+000  0.000000e+000  0.000000e+000  0.000000e+000  0.000000e+000  0.000000e+000  0.000000e+000  
0.000000e+000  0.000000e+000  0.000000e+000  0.000000e+000  0.000000e+000  0.000000e+000  0.000000e+000  0.000000e+000  0.000000e+000  0.000000e+000  0.000000e+000  0.000000e+000  0.000000e+000  0.000000e+000  0.000000e+000  0.000000e+000  0.000000e+000  0.000000e+000  0.000000e+000  0.000000e+000  0.000000e+000  0.000000e+000  0.000000e+000  
0.000000e+000  0.000000e+000  0.000000e+000  0.000000e+000  0.000000e+000  0.000000e+000  0.000000e+000  0.000000e+000  0.000000e+000  0.000000e+000  0.000000e+000  0.000000e+000  0.000000e+000  0.000000e+000  0.000000e+000  0.000000e+000  0.000000e+000  0.000000e+000  0.000000e+000  0.000000e+000  0.000000e+000  0.000000e+000  0.000000e+000  
0.000000e+000  0.000000e+000  0.000000e+000  0.000000e+000  0.000000e+000  0.000000e+000  0.000000e+000  0.000000e+000  0.000000e+000  0.000000e+000  0.000000e+000  0.000000e+000  0.000000e+000  0.000000e+000  0.000000e+000  0.000000e+000  0.000000e+000  0.000000e+000  0.000000e+000  0.000000e+000  0.000000e+000  0.000000e+000  0.000000e+000  
0.000000e+000  0.000000e+000  0.000000e+000  0.000000e+000  0.000000e+000  0.000000e+000  0.000000e+000  0.000000e+000  0.000000e+000  0.000000e+000  0.000000e+000  0.000000e+000  0.000000e+000  0.000000e+000  0.000000e+000  0.000000e+000  0.000000e+000  0.000000e+000  0.000000e+000  0.000000e+000  0.000000e+000  0.000000e+000  0.000000e+000  
0.000000e+000  0.000000e+000  0.000000e+000  0.000000e+000  0.000000e+000  0.000000e+000  0.000000e+000  0.000000e+000  0.000000e+000  0.000000e+000  0.000000e+000  0.000000e+000  0.000000e+000  0.000000e+000  0.000000e+000  0.000000e+000  0.000000e+000  0.000000e+000  0.000000e+000  0.000000e+000  0.000000e+000  0.000000e+000  0.000000e+000  
0.000000e+000  0.000000e+000  0.000000e+000  0.000000e+000  0.000000e+000  0.000000e+000  0.000000e+000  0.000000e+000  0.000000e+000  0.000000e+000  0.000000e+000  0.000000e+000  0.000000e+000  0.000000e+000  0.000000e+000  0.000000e+000  0.000000e+000  0.000000e+000  0.000000e+000  0.000000e+000  0.000000e+000  0.000000e+000  0.000000e+000  
0.000000e+000  0.000000e+000  0.000000e+000  0.000000e+000  0.000000e+000  0.000000e+000  0.000000e+000  0.000000e+000  0.000000e+000  0.000000e+000  0.000000e+000  0.000000e+000  0.000000e+000  0.000000e+000  0.000000e+000  0.000000e+000  0.000000e+000  0.000000e+000  0.000000e+000  0.000000e+000  0.000000e+000  0.000000e+000  0.000000e+000  
0.000000e+000  0.000000e+000  0.000000e+000  0.000000e+000  0.000000e+000  0.000000e+000  0.000000e+000  0.000000e+000  0.000000e+000  0.000000e+000  0.000000e+000  0.000000e+000  0.000000e+000  0.000000e+000  0.000000e+000  0.000000e+000  0.000000e+000  0.000000e+000  0.000000e+000  0.000000e+000  0.000000e+000  0.000000e+000  0.000000e+000  
0.000000e+000  0.000000e+000  0.000000e+000  0.000000e+000  0.000000e+000  0.000000e+000  0.000000e+000  0.000000e+000  0.000000e+000  0.000000e+000  0.000000e+000  0.000000e+000  0.000000e+000  0.000000e+000  0.000000e+000  0.000000e+000  0.000000e+000  0.000000e+000  0.000000e+000  0.000000e+000  0.000000e+000  0.000000e+000  0.000000e+000  
0.000000e+000  0.000000e+000  0.000000e+000  0.000000e+000  0.000000e+000  0.000000e+000  0.000000e+000  0.000000e+000  0.000000e+000  0.000000e+000  0.000000e+000  0.000000e+000  0.000000e+000  0.000000e+000  0.000000e+000  0.000000e+000  0.000000e+000  0.000000e+000  0.000000e+000  0.000000e+000  0.000000e+000  0.000000e+000  0.000000e+000  

0.000000e+000  0.000000e+000  0.000000e+000  0.000000e+000  0.000000e+000  0.000000e+000  0.000000e+000  0.000000e+000  0.000000e+000  0.000000e+000  0.000000e+000  0.000000e+000  0.000000e+000  0.000000e+000  0.000000e+000  0.000000e+000  0.000000e+000  0.000000e+000  0.000000e+000  0.000000e+000  0.000000e+000  0.000000e+000  0.000000e+000  
0.000000e+000  0.000000e+000  0.000000e+000  0.000000e+000  0.000000e+000  0.000000e+000  0.000000e+000  0.000000e+000  0.000000e+000  0.000000e+000  0.000000e+000  0.000000e+000  0.000000e+000  0.000000e+000  0.000000e+000  0.000000e+000  0.000000e+000  0.000000e+000  0.000000e+000  0.000000e+000  0.000000e+000  0.000000e+000  0.000000e+000  
0.000000e+000  0.000000e+000  0.000000e+000  0.000000e+000  0.000000e+000  0.000000e+000  0.000000e+000  0.000000e+000  0.000000e+000  0.000000e+000  0.000000e+000  0.000000e+000  0.000000e+000  0.000000e+000  0.000000e+000  0.000000e+000  0.000000e+000  0.000000e+000  0.000000e+000  0.000000e+000  0.000000e+000  0.000000e+000  0.000000e+000  
0.000000e+000  0.000000e+000  0.000000e+000  0.000000e+000  0.000000e+000  0.000000e+000  0.000000e+000  0.000000e+000  0.000000e+000  0.000000e+000  0.000000e+000  0.000000e+000  0.000000e+000  0.000000e+000  0.000000e+000  0.000000e+000  0.000000e+000  0.000000e+000  0.000000e+000  0.000000e+000  0.000000e+000  0.000000e+000  0.000000e+000  
0.000000e+000  0.000000e+000  0.000000e+000  0.000000e+000  0.000000e+000  0.000000e+000  0.000000e+000  0.000000e+000  0.000000e+000  0.000000e+000  0.000000e+000  0.000000e+000  0.000000e+000  0.000000e+000  0.000000e+000  0.000000e+000  0.000000e+000  0.000000e+000  0.000000e+000  0.000000e+000  0.000000e+000  0.000000e+000  0.000000e+000  
0.000000e+000  0.000000e+000  0.000000e+000  0.000000e+000  0.000000e+000  0.000000e+000  0.000000e+000  0.000000e+000  0.000000e+000  0.000000e+000  0.000000e+000  0.000000e+000  0.000000e+000  0.000000e+000  0.000000e+000  0.000000e+000  0.000000e+000  0.000000e+000  0.000000e+000  0.000000e+000  0.000000e+000  0.000000e+000  0.000000e+000  
0.000000e+000  0.000000e+000  0.000000e+000  0.000000e+000  0.000000e+000  0.000000e+000  0.000000e+000  0.000000e+000  0.000000e+000  0.000000e+000  0.000000e+000  0.000000e+000  0.000000e+000  0.000000e+000  0.000000e+000  0.000000e+000  0.000000e+000  0.000000e+000  0.000000e+000  0.000000e+000  0.000000e+000  0.000000e+000  0.000000e+000  
0.000000e+000  0.000000e+000  0.000000e+000  0.000000e+000  0.000000e+000  0.000000e+000  0.000000e+000  0.000000e+000  0.000000e+000  0.000000e+000  0.000000e+000  0.000000e+000  0.000000e+000  0.000000e+000  0.000000e+000  0.000000e+000  0.000000e+000  0.000000e+000  0.000000e+000  0.000000e+000  0.000000e+000  0.000000e+000  0.000000e+000  
0.000000e+000  0.000000e+000  0.000000e+000  0.000000e+000  0.000000e+000  0.000000e+000  0.000000e+000  0.000000e+000  0.000000e+000  0.000000e+000  0.000000e+000  0.000000e+000  0.000000e+000  0.000000e+000  0.000000e+000  0.000000e+000  0.000000e+000  0.000000e+000  0.000000e+000  0.000000e+000  0.000000e+000  0.000000e+000  0.000000e+000  
0.000000e+000  0.000000e+000  0.000000e+000  0.000000e+000  0.000000e+000  0.000000e+000  0.000000e+000  0.000000e+000  0.000000e+000  0.000000e+000  0.000000e+000  0.000000e+000  0.000000e+000  0.000000e+000  0.000000e+000  0.000000e+000  0.000000e+000  0.000000e+000  0.000000e+000  0.000000e+000  0.000000e+000  0.000000e+000  0.000000e+000  
0.000000e+000  0.000000e+000  0.000000e+000  0.000000e+000  0.000000e+000  0.000000e+000  0.000000e+000  0.000000e+000  0.000000e+000  0.000000e+000  0.000000e+000  0.000000e+000  0.000000e+000  0.000000e+000  0.000000e+000  0.000000e+000  0.000000e+000  0.000000e+000  0.000000e+000  0.000000e+000  0.000000e+000  0.000000e+000  0.000000e+000  
0.000000e+000  0.000000e+000  0.000000e+000  0.000000e+000  0.000000e+000  0.000000e+000  0.000000e+000  0.000000e+000  0.000000e+000  0.000000e+000  0.000000e+000  0.000000e+000  0.000000e+000  0.000000e+000  0.000000e+000  0.000000e+000  0.000000e+000  0.000000e+000  0.000000e+000  0.000000e+000  0.000000e+000  0.000000e+000  0.000000e+000  
0.000000e+000  0.000000e+000  0.000000e+000  0.000000e+000  0.000000e+000  0.000000e+000  0.000000e+000  0.000000e+000  0.000000e+000  0.000000e+000  0.000000e+000  0.000000e+000  0.000000e+000  0.000000e+000  0.000000e+000  0.000000e+000  0.000000e+000  0.000000e+000  0.000000e+000  0.000000e+000  0.000000e+000  0.000000e+000  0.000000e+000  
0.000000e+000  0.000000e+000  0.000000e+000  0.000000e+000  0.000000e+000  0.000000e+000  0.000000e+000  0.000000e+000  0.000000e+000  0.000000e+000  0.000000e+000  0.000000e+000  0.000000e+000  0.000000e+000  0.000000e+000  0.000000e+000  0.000000e+000  0.000000e+000  0.000000e+000  0.000000e+000  0.000000e+000  0.000000e+000  0.000000e+000  
0.000000e+000  0.000000e+000  0.000000e+000  0.000000e+000  0.000000e+000  0.000000e+000  0.000000e+000  0.000000e+000  0.000000e+000  0.000000e+000  0.000000e+000  0.000000e+000  0.000000e+000  0.000000e+000  0.000000e+000  0.000000e+000  0.000000e+000  0.000000e+000  0.000000e+000  0.000000e+000  0.000000e+000  0.000000e+000  0.000000e+000  
0.000000e+000  0.000000e+000  0.000000e+000  0.000000e+000  0.000000e+000  0.000000e+000  0.000000e+000  0.000000e+000  0.000000e+000  0.000000e+000  0.000000e+000  0.000000e+000  0.000000e+000  0.000000e+000  0.000000e+000  0.000000e+000  0.000000e+000  0.000000e+000  0.000000e+000  0.000000e+000  0.000000e+000  0.000000e+000  0.000000e+000  
0.000000e+000  0.000000e+000  0.000000e+000  0.000000e+000  0.000000e+000  0.000000e+000  0.000000e+000  0.000000e+000  0.000000e+000  0.000000e+000  0.000000e+000  0.000000e+000  0.000000e+000  0.000000e+000  0.000000e+000  0.000000e+000  0.000000e+000  0.000000e+000  0.000000e+000  0.000000e+000  0.000000e+000  0.000000e+000  0.000000e+000  
0.000000e+000  0.000000e+000  0.000000e+000  0.000000e+000  0.000000e+000  0.000000e+000  0.000000e+000  0.000000e+000  0.000000e+000  0.000000e+000  0.000000e+000  0.000000e+000  0.000000e+000  0.000000e+000  0.000000e+000  0.000000e+000  0.000000e+000  0.000000e+000  0.000000e+000  0.000000e+000  0.000000e+000  0.000000e+000  0.000000e+000  
0.000000e+000  0.000000e+000  0.000000e+000  0.000000e+000  0.000000e+000  0.000000e+000  0.000000e+000  0.000000e+000  0.000000e+000  0.000000e+000  0.000000e+000  0.000000e+000  0.000000e+000  0.000000e+000  0.000000e+000  0.000000e+000  0.000000e+000  0.000000e+000  0.000000e+000  0.000000e+000  0.000000e+000  0.000000e+000  0.000000e+000  
0.000000e+000  0.000000e+000  0.000000e+000  0.000000e+000  0.000000e+000  0.000000e+000  0.000000e+000  0.000000e+000  0.000000e+000  0.000000e+000  0.000000e+000  0.000000e+000  0.000000e+000  0.000000e+000  0.000000e+000  0.000000e+000  0.000000e+000  0.000000e+000  0.000000e+000  0.000000e+000  0.000000e+000  0.000000e+000  0.000000e+000  
0.000000e+000  0.000000e+000  0.000000e+000  0.000000e+000  0.000000e+000  0.000000e+000  0.000000e+000  0.000000e+000  0.000000e+000  0.000000e+000  0.000000e+000  0.000000e+000  0.000000e+000  0.000000e+000  0.000000e+000  0.000000e+000  0.000000e+000  0.000000e+000  0.000000e+000  0.000000e+000  0.000000e+000  0.000000e+000  0.000000e+000  
0.000000e+000  0.000000e+000  0.000000e+000  0.000000e+000  0.000000e+000  0.000000e+000  0.000000e+000  0.000000e+000  0.000000e+000  0.000000e+000  0.000000e+000  0.000000e+000  0.000000e+000  0.000000e+000  0.000000e+000  0.000000e+000  0.000000e+000  0.000000e+000  0.000000e+000  0.000000e+000  0.000000e+000  0.000000e+000  0.000000e+000  
0.000000e+000  0.000000e+000  0.000000e+000  0.000000e+000  0.000000e+000  0.000000e+000  0.000000e+000  0.000000e+000  0.000000e+000  0.000000e+000  0.000000e+000  0.000000e+000  0.000000e+000  0.000000e+000  0.000000e+000  0.000000e+000  0.000000e+000  0.000000e+000  0.000000e+000  0.000000e+000  0.000000e+000  0.000000e+000  0.000000e+000  

0.000000e+000  0.000000e+000  0.000000e+000  0.000000e+000  0.000000e+000  0.000000e+000  0.000000e+000  0.000000e+000  0.000000e+000  0.000000e+000  0.000000e+000  0.000000e+000  0.000000e+000  0.000000e+000  0.000000e+000  0.000000e+000  0.000000e+000  0.000000e+000  0.000000e+000  0.000000e+000  0.000000e+000  0.000000e+000  0.000000e+000  
0.000000e+000  0.000000e+000  0.000000e+000  0.000000e+000  0.000000e+000  0.000000e+000  0.000000e+000  0.000000e+000  0.000000e+000  0.000000e+000  0.000000e+000  0.000000e+000  0.000000e+000  0.000000e+000  0.000000e+000  0.000000e+000  0.000000e+000  0.000000e+000  0.000000e+000  0.000000e+000  0.000000e+000  0.000000e+000  0.000000e+000  
0.000000e+000  0.000000e+000  0.000000e+000  0.000000e+000  0.000000e+000  0.000000e+000  0.000000e+000  0.000000e+000  0.000000e+000  0.000000e+000  0.000000e+000  0.000000e+000  0.000000e+000  0.000000e+000  0.000000e+000  0.000000e+000  0.000000e+000  0.000000e+000  0.000000e+000  0.000000e+000  0.000000e+000  0.000000e+000  0.000000e+000  
0.000000e+000  0.000000e+000  0.000000e+000  0.000000e+000  0.000000e+000  0.000000e+000  0.000000e+000  0.000000e+000  0.000000e+000  0.000000e+000  0.000000e+000  0.000000e+000  0.000000e+000  0.000000e+000  0.000000e+000  0.000000e+000  0.000000e+000  0.000000e+000  0.000000e+000  0.000000e+000  0.000000e+000  0.000000e+000  0.000000e+000  
0.000000e+000  0.000000e+000  0.000000e+000  0.000000e+000  0.000000e+000  0.000000e+000  0.000000e+000  0.000000e+000  0.000000e+000  0.000000e+000  0.000000e+000  0.000000e+000  0.000000e+000  0.000000e+000  0.000000e+000  0.000000e+000  0.000000e+000  0.000000e+000  0.000000e+000  0.000000e+000  0.000000e+000  0.000000e+000  0.000000e+000  
0.000000e+000  0.000000e+000  0.000000e+000  0.000000e+000  0.000000e+000  0.000000e+000  0.000000e+000  0.000000e+000  0.000000e+000  0.000000e+000  0.000000e+000  0.000000e+000  0.000000e+000  0.000000e+000  0.000000e+000  0.000000e+000  0.000000e+000  0.000000e+000  0.000000e+000  0.000000e+000  0.000000e+000  0.000000e+000  0.000000e+000  
0.000000e+000  0.000000e+000  0.000000e+000  0.000000e+000  0.000000e+000  0.000000e+000  0.000000e+000  0.000000e+000  0.000000e+000  0.000000e+000  0.000000e+000  0.000000e+000  0.000000e+000  0.000000e+000  0.000000e+000  0.000000e+000  0.000000e+000  0.000000e+000  0.000000e+000  0.000000e+000  0.000000e+000  0.000000e+000  0.000000e+000  
0.000000e+000  0.000000e+000  0.000000e+000  0.000000e+000  0.000000e+000  0.000000e+000  0.000000e+000  0.000000e+000  0.000000e+000  0.000000e+000  0.000000e+000  0.000000e+000  0.000000e+000  0.000000e+000  0.000000e+000  0.000000e+000  0.000000e+000  0.000000e+000  0.000000e+000  0.000000e+000  0.000000e+000  0.000000e+000  0.000000e+000  
0.000000e+000  0.000000e+000  0.000000e+000  0.000000e+000  0.000000e+000  0.000000e+000  0.000000e+000  0.000000e+000  0.000000e+000  0.000000e+000  0.000000e+000  0.000000e+000  0.000000e+000  0.000000e+000  0.000000e+000  0.000000e+000  0.000000e+000  0.000000e+000  0.000000e+000  0.000000e+000  0.000000e+000  0.000000e+000  0.000000e+000  
0.000000e+000  0.000000e+000  0.000000e+000  0.000000e+000  0.000000e+000  0.000000e+000  0.000000e+000  0.000000e+000  0.000000e+000  0.000000e+000  0.000000e+000  0.000000e+000  0.000000e+000  0.000000e+000  0.000000e+000  0.000000e+000  0.000000e+000  0.000000e+000  0.000000e+000  0.000000e+000  0.000000e+000  0.000000e+000  0.000000e+000  
0.000000e+000  0.000000e+000  0.000000e+000  0.000000e+000  0.000000e+000  0.000000e+000  0.000000e+000  0.000000e+000  0.000000e+000  0.000000e+000  0.000000e+000  0.000000e+000  0.000000e+000  0.000000e+000  0.000000e+000  0.000000e+000  0.000000e+000  0.000000e+000  0.000000e+000  0.000000e+000  0.000000e+000  0.000000e+000  0.000000e+000  
0.000000e+000  0.000000e+000  0.000000e+000  0.000000e+000  0.000000e+000  0.000000e+000  0.000000e+000  0.000000e+000  0.000000e+000  0.000000e+000  0.000000e+000  0.000000e+000  0.000000e+000  0.000000e+000  0.000000e+000  0.000000e+000  0.000000e+000  0.000000e+000  0.000000e+000  0.000000e+000  0.000000e+000  0.000000e+000  0.000000e+000  
0.000000e+000  0.000000e+000  0.000000e+000  0.000000e+000  0.000000e+000  0.000000e+000  0.000000e+000  0.000000e+000  0.000000e+000  0.000000e+000  0.000000e+000  0.000000e+000  0.000000e+000  0.000000e+000  0.000000e+000  0.000000e+000  0.000000e+000  0.000000e+000  0.000000e+000  0.000000e+000  0.000000e+000  0.000000e+000  0.000000e+000  
0.000000e+000  0.000000e+000  0.000000e+000  0.000000e+000  0.000000e+000  0.000000e+000  0.000000e+000  0.000000e+000  0.000000e+000  0.000000e+000  0.000000e+000  0.000000e+000  0.000000e+000  0.000000e+000  0.000000e+000  0.000000e+000  0.000000e+000  0.000000e+000  0.000000e+000  0.000000e+000  0.000000e+000  0.000000e+000  0.000000e+000  
0.000000e+000  0.000000e+000  0.000000e+000  0.000000e+000  0.000000e+000  0.000000e+000  0.000000e+000  0.000000e+000  0.000000e+000  0.000000e+000  0.000000e+000  0.000000e+000  0.000000e+000  0.000000e+000  0.000000e+000  0.000000e+000  0.000000e+000  0.000000e+000  0.000000e+000  0.000000e+000  0.000000e+000  0.000000e+000  0.000000e+000  
0.000000e+000  0.000000e+000  0.000000e+000  0.000000e+000  0.000000e+000  0.000000e+000  0.000000e+000  0.000000e+000  0.000000e+000  0.000000e+000  0.000000e+000  0.000000e+000  0.000000e+000  0.000000e+000  0.000000e+000  0.000000e+000  0.000000e+000  0.000000e+000  0.000000e+000  0.000000e+000  0.000000e+000  0.000000e+000  0.000000e+000  
0.000000e+000  0.000000e+000  0.000000e+000  0.000000e+000  0.000000e+000  0.000000e+000  0.000000e+000  0.000000e+000  0.000000e+000  0.000000e+000  0.000000e+000  0.000000e+000  0.000000e+000  0.000000e+000  0.000000e+000  0.000000e+000  0.000000e+000  0.000000e+000  0.000000e+000  0.000000e+000  0.000000e+000  0.000000e+000  0.000000e+000  
0.000000e+000  0.000000e+000  0.000000e+000  0.000000e+000  0.000000e+000  0.000000e+000  0.000000e+000  0.000000e+000  0.000000e+000  0.000000e+000  0.000000e+000  0.000000e+000  0.000000e+000  0.000000e+000  0.000000e+000  0.000000e+000  0.000000e+000  0.000000e+000  0.000000e+000  0.000000e+000  0.000000e+000  0.000000e+000  0.000000e+000  
0.000000e+000  0.000000e+000  0.000000e+000  0.000000e+000  0.000000e+000  0.000000e+000  0.000000e+000  0.000000e+000  0.000000e+000  0.000000e+000  0.000000e+000  0.000000e+000  0.000000e+000  0.000000e+000  0.000000e+000  0.000000e+000  0.000000e+000  0.000000e+000  0.000000e+000  0.000000e+000  0.000000e+000  0.000000e+000  0.000000e+000  
0.000000e+000  0.000000e+000  0.000000e+000  0.000000e+000  0.000000e+000  0.000000e+000  0.000000e+000  0.000000e+000  0.000000e+000  0.000000e+000  0.000000e+000  0.000000e+000  0.000000e+000  0.000000e+000  0.000000e+000  0.000000e+000  0.000000e+000  0.000000e+000  0.000000e+000  0.000000e+000  0.000000e+000  0.000000e+000  0.000000e+000  
0.000000e+000  0.000000e+000  0.000000e+000  0.000000e+000  0.000000e+000  0.000000e+000  0.000000e+000  0.000000e+000  0.000000e+000  0.000000e+000  0.000000e+000  0.000000e+000  0.000000e+000  0.000000e+000  0.000000e+000  0.000000e+000  0.000000e+000  0.000000e+000  0.000000e+000  0.000000e+000  0.000000e+000  0.000000e+000  0.000000e+000  
0.000000e+000  0.000000e+000  0.000000e+000  0.000000e+000  0.000000e+000  0.000000e+000  0.000000e+000  0.000000e+000  0.000000e+000  0.000000e+000  0.000000e+000  0.000000e+000  0.000000e+000  0.000000e+000  0.000000e+000  0.000000e+000  0.000000e+000  0.000000e+000  0.000000e+000  0.000000e+000  0.000000e+000  0.000000e+000  0.000000e+000  
0.000000e+000  0.000000e+000  0.000000e+000  0.000000e+000  0.000000e+000  0.000000e+000  0.000000e+000  0.000000e+000  0.000000e+000  0.000000e+000  0.000000e+000  0.000000e+000  0.000000e+000  0.000000e+000  0.000000e+000  0.000000e+000  0.000000e+000  0.000000e+000  0.000000e+000  0.000000e+000  0.000000e+000  0.000000e+000  0.000000e+000  

-0.000000e+000  -0.000000e+000  -0.000000e+000  -0.000000e+000  -0.000000e+000  -0.000000e+000  -0.000000e+000  -0.000000e+000  -0.000000e+000  -0.000000e+000  -0.000000e+000  -0.000000e+000  -0.000000e+000  -0.000000e+000  -0.000000e+000  -0.000000e+000  -0.000000e+000  -0.000000e+000  -0.000000e+000  -0.000000e+000  -0.000000e+000  -0.000000e+000  -0.000000e+000  
-0.000000e+000  6.774407e+000  1.354931e+001  2.056100e+001  2.766687e+001  2.583840e+001  2.139106e+001  1.385615e+001  9.532143e+000  6.985973e+000  5.491360e+000  4.535593e+000  5.491373e+000  6.986000e+000  9.532192e+000  1.385624e+001  2.139120e+001  2.583858e+001  2.766707e+001  2.056115e+001  1.354941e+001  6.774454e+000  -0.000000e+000  
-0.000000e+000  1.354945e+001  2.686410e+001  3.186753e+001  2.485519e+001  2.171903e+001  1.836751e+001  1.486857e+001  1.195280e+001  9.765634e+000  8.271370e+000  7.159584e+000  8.271378e+000  9.765655e+000  1.195285e+001  1.486864e+001  1.836761e+001  2.171916e+001  2.485535e+001  3.186776e+001  2.686429e+001  1.354954e+001  -0.000000e+000  
-0.000000e+000  2.056154e+001  3.186794e+001  2.646231e+001  2.105651e+001  1.846081e+001  1.593341e+001  1.354808e+001  1.145894e+001  9.773549e+000  8.548954e+000  7.559906e+000  8.548933e+000  9.773536e+000  1.145895e+001  1.354811e+001  1.593348e+001  1.846090e+001  2.105663e+001  2.646248e+001  3.186815e+001  2.056168e+001  -0.000000e+000  
-0.000000e+000  2.766843e+001  2.485622e+001  2.105692e+001  1.697171e+001  1.492915e+001  1.293088e+001  1.104262e+001  9.349991e+000  7.938135e+000  6.879577e+000  5.982060e+000  6.879476e+000  7.938045e+000  9.349934e+000  1.104260e+001  1.293090e+001  1.492920e+001  1.697179e+001  2.105706e+001  2.485638e+001  2.766860e+001  -0.000000e+000  
-0.000000e+000  2.584101e+001  2.172040e+001  1.846135e+001  1.492918e+001  1.309681e+001  1.126454e+001  9.496389e+000  7.874313e+000  6.490444e+000  5.435055e+000  4.520008e+000  5.434854e+000  6.490284e+000  7.874214e+000  9.496345e+000  1.126454e+001  1.309685e+001  1.492925e+001  1.846147e+001  2.172054e+001  2.584117e+001  -0.000000e+000  
-0.000000e+000  2.139535e+001  1.836912e+001  1.593400e+001  1.293080e+001  1.126433e+001  9.534034e+000  7.804057e+000  6.160405e+000  4.714251e+000  3.591942e+000  2.600469e+000  3.591544e+000  4.714001e+000  6.160270e+000  7.803998e+000  9.534028e+000  1.126437e+001  1.293086e+001  1.593411e+001  1.836925e+001  2.139548e+001  -0.000000e+000  
-0.000000e+000  1.385863e+001  1.487000e+001  1.354863e+001  1.104228e+001  9.495647e+000  7.803182e+000  6.025376e+000  4.248980e+000  2.614197e+000  1.331103e+000  1.852842e-001  1.330277e+000  2.613893e+000  4.248847e+000  6.025324e+000  7.803181e+000  9.495684e+000  1.104235e+001  1.354873e+001  1.487012e+001  1.385873e+001  -0.000000e+000  
-0.000000e+000  9.533687e+000  1.195402e+001  1.145945e+001  9.349369e+000  7.872765e+000  6.157647e+000  4.245267e+000  2.195929e+000  1.624473e-001  -0.000000e+000  -0.000000e+000  -0.000000e+000  1.624362e-001  2.195889e+000  4.245250e+000  6.157663e+000  7.872814e+000  9.349446e+000  1.145956e+001  1.195414e+001  9.533770e+000  -0.000000e+000  
-0.000000e+000  6.987051e+000  9.766729e+000  9.774117e+000  7.937473e+000  6.488371e+000  4.709356e+000  2.602102e+000  1.270139e-001  -0.000000e+000  -0.000000e+000  -0.000000e+000  -0.000000e+000  -0.000000e+000  1.270143e-001  2.602110e+000  4.709390e+000  6.488436e+000  7.937564e+000  9.774243e+000  9.766852e+000  6.987131e+000  -0.000000e+000  
-0.000000e+000  5.492237e+000  8.272480e+000  8.549761e+000  6.879403e+000  5.433872e+000  3.589287e+000  1.326765e+000  -0.000000e+000  -0.000000e+000  -0.000000e+000  -0.000000e+000  -0.000000e+000  -0.000000e+000  -0.000000e+000  1.326778e+000  3.589336e+000  5.433955e+000  6.879517e+000  8.549910e+000  8.272619e+000  5.492323e+000  -0.000000e+000  
-0.000000e+000  4.536554e+000  7.161126e+000  7.561700e+000  5.983906e+000  4.521980e+000  2.602934e+000  1.893704e-001  -0.000000e+000  -0.000000e+000  -0.000000e+000  -0.000000e+000  -0.000000e+000  -0.000000e+000  -0.000000e+000  1.893760e-001  2.603012e+000  4.522116e+000  5.984087e+000  7.561926e+000  7.161331e+000  4.536674e+000  -0.000000e+000  
-0.000000e+000  5.492797e+000  8.273681e+000  8.551912e+000  6.883078e+000  5.438509e+000  3.594623e+000  1.330991e+000  -0.000000e+000  -0.000000e+000  -0.000000e+000  -0.000000e+000  -0.000000e+000  -0.000000e+000  -0.000000e+000  1.331053e+000  3.594785e+000  5.438752e+000  6.883384e+000  8.552283e+000  8.274015e+000  5.492987e+000  -0.000000e+000  
-0.000000e+000  6.987860e+000  9.768415e+000  9.777127e+000  7.942784e+000  6.495724e+000  4.720070e+000  2.619840e+000  1.644858e-001  -0.000000e+000  -0.000000e+000  -0.000000e+000  -0.000000e+000  -0.000000e+000  1.644956e-001  2.619970e+000  4.720305e+000  6.496049e+000  7.943181e+000  9.777610e+000  9.768853e+000  6.988102e+000  -0.000000e+000  
-0.000000e+000  9.534727e+000  1.195608e+001  1.146308e+001  9.355723e+000  7.881514e+000  6.170079e+000  4.263805e+000  2.224531e+000  2.017916e-001  -0.000000e+000  -0.000000e+000  -0.000000e+000  2.018002e-001  2.224638e+000  4.264020e+000  6.170401e+000  7.881936e+000  9.356232e+000  1.146370e+001  1.195666e+001  9.535034e+000  -0.000000e+000  
-0.000000e+000  1.385991e+001  1.487230e+001  1.355258e+001  1.104899e+001  9.504507e+000  7.814906e+000  6.040756e+000  4.268035e+000  2.633028e+000  1.335859e+000  1.842669e-001  1.335900e+000  2.633132e+000  4.268230e+000  6.041058e+000  7.815322e+000  9.505037e+000  1.104963e+001  1.355339e+001  1.487307e+001  1.386029e+001  -0.000000e+000  
-0.000000e+000  2.139693e+001  1.837149e+001  1.593800e+001  1.293734e+001  1.127259e+001  9.544259e+000  7.816258e+000  6.173811e+000  4.726419e+000  3.599009e+000  2.603539e+000  3.599105e+000  4.726591e+000  6.174079e+000  7.816640e+000  9.544768e+000  1.127323e+001  1.293813e+001  1.593905e+001  1.837256e+001  2.139737e+001  -0.000000e+000  
-0.000000e+000  2.584290e+001  2.172264e+001  1.846517e+001  1.493527e+001  1.310421e+001  1.127325e+001  9.506184e+000  7.884512e+000  6.499812e+000  5.442367e+000  4.525043e+000  5.442499e+000  6.500031e+000  7.884836e+000  9.506632e+000  1.127384e+001  1.310497e+001  1.493621e+001  1.846651e+001  2.172417e+001  2.584331e+001  -0.000000e+000  
-0.000000e+000  2.767083e+001  2.485803e+001  2.106039e+001  1.697723e+001  1.493569e+001  1.293832e+001  1.105068e+001  9.358217e+000  7.945929e+000  6.886519e+000  5.987838e+000  6.886673e+000  7.946178e+000  9.358578e+000  1.105118e+001  1.293897e+001  1.493654e+001  1.697832e+001  2.106208e+001  2.486033e+001  2.767090e+001  -0.000000e+000  
-0.000000e+000  2.056762e+001  3.186721e+001  2.646475e+001  2.106093e+001  1.846598e+001  1.593913e+001  1.355408e+001  1.146500e+001  9.779456e+000  8.554620e+000  7.565233e+000  8.554781e+000  9.779714e+000  1.146537e+001  1.355459e+001  1.593980e+001  1.846688e+001  2.106216e+001  2.646715e+001  3.187319e+001  2.056375e+001  -0.000000e+000  
-0.000000e+000  1.355145e+001  2.686530e+001  3.187016e+001  2.485915e+001  2.172361e+001  1.837252e+001  1.487347e+001  1.195747e+001  9.770040e+000  8.275565e+000  7.163599e+000  8.275694e+000  9.770242e+000  1.195775e+001  1.487385e+001  1.837300e+001  2.172419e+001  2.485982e+001  3.187085e+001  2.686386e+001  1.355001e+001  -0.000000e+000  
-0.000000e+000  6.775148e+000  1.355027e+001  2.056289e+001  2.767047e+001  2.584318e+001  2.139748e+001  1.386054e+001  9.535454e+000  6.988700e+000  5.493764e+000  4.537814e+000  5.493835e+000  6.988811e+000  9.535610e+000  1.386075e+001  2.139775e+001  2.584349e+001  2.767081e+001  2.056306e+001  1.354983e+001  6.774678e+000  -0.000000e+000  
-0.000000e+000  -0.000000e+000  -0.000000e+000  -0.000000e+000  -0.000000e+000  -0.000000e+000  -0.000000e+000  -0.000000e+000  -0.000000e+000  -0.000000e+000  -0.000000e+000  -0.000000e+000  -0.000000e+000  -0.000000e+000  -0.000000e+000  -0.000000e+000  -0.000000e+000  -0.000000e+000  -0.000000e+000  -0.000000e+000  -0.000000e+000  -0.000000e+000  -0.000000e+000  

