<<<<<<<<<<<<<<<<<<<<<<<<<<<
2018 Jul 11 (Wed): 10:33:41
<<<<<<<<<<<<<<<<<<<<<<<<<<<

======================
Mesher selection: FPBA
======================

==========================================================================
 - desired group: 0, sockets = 0
 - pinning rule: PINNING_RULE_DEFAULT
 - skip setting processor groups: there is only 1 processor group.
 - skip pinning: + allowed number of sockets = available number of sockets
                 + hyperthreading off
==========================================================================

========================================================================
Processing CAD model (for field results)
	[Accuracy improvement for long shapes in inhomogeneous mesh regions]
Version 2016.7 (build 20161111)
2018 Jul 11 (Wed): 10:33:43
========================================================================

Shapes are ordered using 2015 backward compatibility
==================================================================================================
== CST Matrix Calculation Priority Log                                                          ==
==================================================================================================
 
Priorities are sorted in ascending order beginning with the lowest priority
 
Priority:   3, shape   3: component1:PuckSupport, material: Alumina (99.5%) (lossy)
Priority:   4, shape   2: component1:Puck, material: MorganD30
Priority:   5, shape   1: component1:InternalSpace, material: Vacuum
Priority:   6, shape   4: component1:Shield, material: Aluminum
 
==================================================================================================
 
Shapes are ordered using 2015 backward compatibility
===========================================
Finished CAD processing (for field results)
===========================================

========================================================================
Processing CAD model
	[Accuracy improvement for long shapes in inhomogeneous mesh regions]
Version 2016.7 (build 20161111)
2018 Jul 11 (Wed): 10:33:43
========================================================================

----------------------------------------------
Used point accuracy enhancement value: 75.00%.
----------------------------------------------

=============================================================================
Mesh statistics:
-----------------------------------------------------------------------------
Minimum edge length (x): 1 @ mesh line 25 (x)
Maximum edge length (x): 6.66 @ mesh line 0 (x)
Minimum face area (x): 1.45 @ mesh lines 25 | 25 (y | z)
Maximum face area (x): 53.1 @ mesh lines 0 | 0 (y | z)
Minimum edge length (y): 1 @ mesh line 25 (y)
Maximum edge length (y): 6.66 @ mesh line 0 (y)
Minimum face area (y): 1.45 @ mesh lines 25 | 25 (z | x)
Maximum face area (y): 53.1 @ mesh lines 0 | 0 (z | x)
Minimum edge length (z): 1.45 @ mesh line 25 (z)
Maximum edge length (z): 7.98 @ mesh line 0 (z)
Minimum face area (z): 1 @ mesh lines 25 | 25 (x | y)
Maximum face area (z): 44.4 @ mesh lines 0 | 0 (x | y)
Maximum mesh face aspect ratio (x): 7.98 : 1.0  @ mesh lines 25 | 0 (y | z)
Maximum mesh face aspect ratio (y): 7.98 : 1.0  @ mesh lines 0 | 25 (z | x)
Maximum mesh face aspect ratio (z): 6.66 : 1.0  @ mesh lines 25 | 0 (x | y)
=============================================================================

Shapes are ordered using 2015 backward compatibility
Shapes are ordered using 2015 backward compatibility
=======================
Finished CAD processing
=======================

------------------------------------------------------------
Parallelization Info
------------------------------------------------------------
Number of concurrent threads: 2
Number of node domains: 2
Number of mesh cells: 143360
------------------------------------------------------------
Node order
1, 0
------------------------------------------------------------

1xN000:  <<<<<<<<<<<<<<<<<<<<<<<<<<<
         2018 Jul 11 (Wed): 10:33:44
         <<<<<<<<<<<<<<<<<<<<<<<<<<<

1xN000:  ==========================================================================
          - desired group: 0, sockets = 0
          - pinning rule: PINNING_RULE_DEFAULT
          - skip setting processor groups: there is only 1 processor group.
          - skip pinning: + allowed number of sockets = available number of sockets
                          + hyperthreading off
         ==========================================================================

1xN000:  ==========================================
         Matrix computation (FPBA)
         	[FPBA accuracy enhancement is enabled]
         Version 2016.7 (build 20161111)
         2018 Jul 11 (Wed): 10:33:44
         ==========================================

1xN000:  Shapes are ordered using 2015 backward compatibility
1xN000:  ssssssssssssssssssssssssssssssssssssssssss
         # of curls with SI accuracy enhancement: 0
         ssssssssssssssssssssssssssssssssssssssssss

1xN000:  ------------------------------------------------------------------------------
         PBA fill limit is applied in inverse mode.
         PBA fill limit is applied on faces filled with at least 98.63% metal material.
         --------------------------------------------------------------
         detailed accuracy settings:
         --------------------------------------------------------------
         augmented fill limit:       true
         augmented fill limit value: 98.63
         automatic fill limit:       true
         early fill limit:           true
         inverse fill limit:         true
         model complexity:           0.00
         legacy 2015:                false
         fixed point accuracy:       false
         minimum point accuracy:     0
         mesh step inheritance:      false
         accuracy mode:
         ------------------------------------------------------------------------------

1xN000:  ==================================
         Finished matrix computation (FPBA)
         ==================================

1xN000:  >>>>>>>>>>>>>>>>>>>>>>>>>>>
         2018 Jul 11 (Wed): 10:34:06
         >>>>>>>>>>>>>>>>>>>>>>>>>>>



1xN001:  <<<<<<<<<<<<<<<<<<<<<<<<<<<
         2018 Jul 11 (Wed): 10:33:44
         <<<<<<<<<<<<<<<<<<<<<<<<<<<

1xN001:  ==========================================================================
          - desired group: 0, sockets = 0
          - pinning rule: PINNING_RULE_DEFAULT
          - skip setting processor groups: there is only 1 processor group.
          - skip pinning: + allowed number of sockets = available number of sockets
                          + hyperthreading off
         ==========================================================================

1xN001:  ==========================================
         Matrix computation (FPBA)
         	[FPBA accuracy enhancement is enabled]
         Version 2016.7 (build 20161111)
         2018 Jul 11 (Wed): 10:33:44
         ==========================================

1xN001:  Shapes are ordered using 2015 backward compatibility
1xN001:  ssssssssssssssssssssssssssssssssssssssssss
         # of curls with SI accuracy enhancement: 0
         ssssssssssssssssssssssssssssssssssssssssss

1xN001:  ------------------------------------------------------------------------------
         PBA fill limit is applied in inverse mode.
         PBA fill limit is applied on faces filled with at least 98.63% metal material.
         --------------------------------------------------------------
         detailed accuracy settings:
         --------------------------------------------------------------
         augmented fill limit:       true
         augmented fill limit value: 98.63
         automatic fill limit:       true
         early fill limit:           true
         inverse fill limit:         true
         model complexity:           0.00
         legacy 2015:                false
         fixed point accuracy:       false
         minimum point accuracy:     0
         mesh step inheritance:      false
         accuracy mode:
         ------------------------------------------------------------------------------

1xN001:  ==================================
         Finished matrix computation (FPBA)
         ==================================

1xN001:  >>>>>>>>>>>>>>>>>>>>>>>>>>>
         2018 Jul 11 (Wed): 10:34:07
         >>>>>>>>>>>>>>>>>>>>>>>>>>>



>>>>>>>>>>>>>>>>>>>>>>>>>>>
2018 Jul 11 (Wed): 10:34:09
>>>>>>>>>>>>>>>>>>>>>>>>>>>

--------------------------------
# of staircase filled cells: 0
# of staircase filled areas: 0
# of staircase filled edges: 0
# of faces above fill limit: 0
# of edges with FPBA topology: 0
--------------------------------

