Port monitor named: Port1_h1[3.05].prt

nx        = 39
ny        = 31
nz        = 139

nu        = 7
nv        = 7
iu        = 9
iv        = 17

idir      = 1
dcut      = 1.519400e-001
icut      = 31
type      = 1
frequency = 3.050000e+009

fcutoff   = 0.000000e+000
alpha     = 0.000000e+000
beta      = 9.011331e+001
accuracy  = 2.996080e-013

type          = TEM
wave imp.     = 2.672395e+002
wave imp.sig. = 5.922914e-006
line imp.     = 5.031782e+001

ref. port     = 0

0.000000e+000  7.583240e+000  1.142662e+001  1.380695e+001  1.142662e+001  7.583240e+000  0.000000e+000  
0.000000e+000  7.583240e+000  1.470724e+001  2.383943e+001  1.470724e+001  7.583240e+000  0.000000e+000  
0.000000e+000  4.478472e+000  1.470724e+001  0.000000e+000  1.470724e+001  4.478472e+000  0.000000e+000  
0.000000e+000  -4.478472e+000  -1.470724e+001  0.000000e+000  -1.470724e+001  -4.478472e+000  0.000000e+000  
0.000000e+000  -7.583240e+000  -1.470724e+001  -2.383943e+001  -1.470724e+001  -7.583240e+000  0.000000e+000  
0.000000e+000  -7.583240e+000  -1.142662e+001  -1.380695e+001  -1.142662e+001  -7.583240e+000  0.000000e+000  
0.000000e+000  0.000000e+000  0.000000e+000  0.000000e+000  0.000000e+000  0.000000e+000  0.000000e+000  

0.000000e+000  0.000000e+000  0.000000e+000  0.000000e+000  0.000000e+000  0.000000e+000  0.000000e+000  
-7.583240e+000  -7.583240e+000  -4.478472e+000  4.478472e+000  7.583240e+000  7.583240e+000  0.000000e+000  
-1.142662e+001  -1.470724e+001  -1.470724e+001  1.470724e+001  1.470724e+001  1.142662e+001  0.000000e+000  
-1.380695e+001  -2.383943e+001  0.000000e+000  0.000000e+000  2.383943e+001  1.380695e+001  0.000000e+000  
-1.142662e+001  -1.470724e+001  -1.470724e+001  1.470724e+001  1.470724e+001  1.142662e+001  0.000000e+000  
-7.583240e+000  -7.583240e+000  -4.478472e+000  4.478472e+000  7.583240e+000  7.583240e+000  0.000000e+000  
0.000000e+000  0.000000e+000  0.000000e+000  0.000000e+000  0.000000e+000  0.000000e+000  0.000000e+000  

0.000000e+000  0.000000e+000  0.000000e+000  0.000000e+000  0.000000e+000  0.000000e+000  0.000000e+000  
0.000000e+000  0.000000e+000  0.000000e+000  0.000000e+000  0.000000e+000  0.000000e+000  0.000000e+000  
0.000000e+000  0.000000e+000  0.000000e+000  0.000000e+000  0.000000e+000  0.000000e+000  0.000000e+000  
0.000000e+000  0.000000e+000  0.000000e+000  0.000000e+000  0.000000e+000  0.000000e+000  0.000000e+000  
0.000000e+000  0.000000e+000  0.000000e+000  0.000000e+000  0.000000e+000  0.000000e+000  0.000000e+000  
0.000000e+000  0.000000e+000  0.000000e+000  0.000000e+000  0.000000e+000  0.000000e+000  0.000000e+000  
0.000000e+000  0.000000e+000  0.000000e+000  0.000000e+000  0.000000e+000  0.000000e+000  0.000000e+000  

0.000000e+000  0.000000e+000  0.000000e+000  0.000000e+000  0.000000e+000  0.000000e+000  0.000000e+000  
0.000000e+000  0.000000e+000  0.000000e+000  0.000000e+000  0.000000e+000  0.000000e+000  0.000000e+000  
0.000000e+000  0.000000e+000  0.000000e+000  0.000000e+000  0.000000e+000  0.000000e+000  0.000000e+000  
0.000000e+000  0.000000e+000  0.000000e+000  0.000000e+000  0.000000e+000  0.000000e+000  0.000000e+000  
0.000000e+000  0.000000e+000  0.000000e+000  0.000000e+000  0.000000e+000  0.000000e+000  0.000000e+000  
0.000000e+000  0.000000e+000  0.000000e+000  0.000000e+000  0.000000e+000  0.000000e+000  0.000000e+000  
0.000000e+000  0.000000e+000  0.000000e+000  0.000000e+000  0.000000e+000  0.000000e+000  0.000000e+000  

0.000000e+000  0.000000e+000  0.000000e+000  0.000000e+000  0.000000e+000  0.000000e+000  0.000000e+000  
0.000000e+000  0.000000e+000  0.000000e+000  0.000000e+000  0.000000e+000  0.000000e+000  0.000000e+000  
0.000000e+000  0.000000e+000  0.000000e+000  0.000000e+000  0.000000e+000  0.000000e+000  0.000000e+000  
0.000000e+000  0.000000e+000  0.000000e+000  0.000000e+000  0.000000e+000  0.000000e+000  0.000000e+000  
0.000000e+000  0.000000e+000  0.000000e+000  0.000000e+000  0.000000e+000  0.000000e+000  0.000000e+000  
0.000000e+000  0.000000e+000  0.000000e+000  0.000000e+000  0.000000e+000  0.000000e+000  0.000000e+000  
0.000000e+000  0.000000e+000  0.000000e+000  0.000000e+000  0.000000e+000  0.000000e+000  0.000000e+000  

0.000000e+000  -9.786435e-009  -4.739268e-008  4.739524e-008  9.789180e-009  0.000000e+000  0.000000e+000  
9.789229e-009  0.000000e+000  -6.382754e-008  6.382860e-008  0.000000e+000  -9.785868e-009  0.000000e+000  
4.739568e-008  6.383027e-008  0.000000e+000  0.000000e+000  -6.382986e-008  -4.739368e-008  0.000000e+000  
-4.739338e-008  -6.382611e-008  0.000000e+000  0.000000e+000  6.383123e-008  4.739576e-008  0.000000e+000  
-9.785749e-009  0.000000e+000  6.383129e-008  -6.382831e-008  0.000000e+000  9.788758e-009  0.000000e+000  
0.000000e+000  9.789975e-009  4.739569e-008  -4.739324e-008  -9.787457e-009  0.000000e+000  0.000000e+000  
0.000000e+000  0.000000e+000  0.000000e+000  0.000000e+000  0.000000e+000  0.000000e+000  0.000000e+000  

