Port monitor named: Port2_e1[2.5].prt

nx        = 88
ny        = 80
nz        = 59

nu        = 7
nv        = 7
iu        = 27
iv        = 63

idir      = 1
dcut      = 3.060000e-002
icut      = 80
type      = 0
frequency = 2.500000e+009

fcutoff   = 0.000000e+000
alpha     = 0.000000e+000
beta      = 7.312814e+001
accuracy  = 1.131894e-014

type          = QTEM
wave imp.     = 2.658819e+002
wave imp.sig. = 8.694993e-011
line imp.     = 5.466157e+001

ref. port     = 0

-0.000000e+000  -0.000000e+000  -0.000000e+000  -0.000000e+000  -0.000000e+000  -0.000000e+000  -0.000000e+000  
-2.090488e+003  -1.260423e+003  -9.150411e+002  9.150411e+002  1.260423e+003  2.090488e+003  -0.000000e+000  
-3.351736e+003  -3.717141e+003  -3.717243e+003  3.717243e+003  3.717141e+003  3.351736e+003  -0.000000e+000  
-4.168873e+003  -6.218965e+003  -0.000000e+000  -0.000000e+000  6.218965e+003  4.168873e+003  -0.000000e+000  
-3.351736e+003  -3.717141e+003  -3.717243e+003  3.717243e+003  3.717141e+003  3.351736e+003  -0.000000e+000  
-2.090488e+003  -1.260423e+003  -9.150411e+002  9.150411e+002  1.260423e+003  2.090488e+003  -0.000000e+000  
-0.000000e+000  -0.000000e+000  -0.000000e+000  -0.000000e+000  -0.000000e+000  -0.000000e+000  -0.000000e+000  

-0.000000e+000  -2.090488e+003  -3.351736e+003  -4.168873e+003  -3.351736e+003  -2.090488e+003  -0.000000e+000  
-0.000000e+000  -1.260423e+003  -3.717141e+003  -6.218965e+003  -3.717141e+003  -1.260423e+003  -0.000000e+000  
-0.000000e+000  -9.150411e+002  -3.717243e+003  -0.000000e+000  -3.717243e+003  -9.150411e+002  -0.000000e+000  
-0.000000e+000  9.150411e+002  3.717243e+003  -0.000000e+000  3.717243e+003  9.150411e+002  -0.000000e+000  
-0.000000e+000  1.260423e+003  3.717141e+003  6.218965e+003  3.717141e+003  1.260423e+003  -0.000000e+000  
-0.000000e+000  2.090488e+003  3.351736e+003  4.168873e+003  3.351736e+003  2.090488e+003  -0.000000e+000  
-0.000000e+000  -0.000000e+000  -0.000000e+000  -0.000000e+000  -0.000000e+000  -0.000000e+000  -0.000000e+000  

0.000000e+000  0.000000e+000  0.000000e+000  0.000000e+000  0.000000e+000  0.000000e+000  0.000000e+000  
0.000000e+000  0.000000e+000  0.000000e+000  0.000000e+000  0.000000e+000  0.000000e+000  0.000000e+000  
0.000000e+000  0.000000e+000  0.000000e+000  0.000000e+000  0.000000e+000  0.000000e+000  0.000000e+000  
0.000000e+000  0.000000e+000  0.000000e+000  0.000000e+000  0.000000e+000  0.000000e+000  0.000000e+000  
0.000000e+000  0.000000e+000  0.000000e+000  0.000000e+000  0.000000e+000  0.000000e+000  0.000000e+000  
0.000000e+000  0.000000e+000  0.000000e+000  0.000000e+000  0.000000e+000  0.000000e+000  0.000000e+000  
0.000000e+000  0.000000e+000  0.000000e+000  0.000000e+000  0.000000e+000  0.000000e+000  0.000000e+000  

0.000000e+000  0.000000e+000  0.000000e+000  0.000000e+000  0.000000e+000  0.000000e+000  0.000000e+000  
0.000000e+000  0.000000e+000  0.000000e+000  0.000000e+000  0.000000e+000  0.000000e+000  0.000000e+000  
0.000000e+000  0.000000e+000  0.000000e+000  0.000000e+000  0.000000e+000  0.000000e+000  0.000000e+000  
0.000000e+000  0.000000e+000  0.000000e+000  0.000000e+000  0.000000e+000  0.000000e+000  0.000000e+000  
0.000000e+000  0.000000e+000  0.000000e+000  0.000000e+000  0.000000e+000  0.000000e+000  0.000000e+000  
0.000000e+000  0.000000e+000  0.000000e+000  0.000000e+000  0.000000e+000  0.000000e+000  0.000000e+000  
0.000000e+000  0.000000e+000  0.000000e+000  0.000000e+000  0.000000e+000  0.000000e+000  0.000000e+000  

0.000000e+000  0.000000e+000  0.000000e+000  0.000000e+000  0.000000e+000  0.000000e+000  0.000000e+000  
0.000000e+000  0.000000e+000  0.000000e+000  0.000000e+000  0.000000e+000  0.000000e+000  0.000000e+000  
0.000000e+000  0.000000e+000  0.000000e+000  0.000000e+000  0.000000e+000  0.000000e+000  0.000000e+000  
0.000000e+000  0.000000e+000  0.000000e+000  0.000000e+000  0.000000e+000  0.000000e+000  0.000000e+000  
0.000000e+000  0.000000e+000  0.000000e+000  0.000000e+000  0.000000e+000  0.000000e+000  0.000000e+000  
0.000000e+000  0.000000e+000  0.000000e+000  0.000000e+000  0.000000e+000  0.000000e+000  0.000000e+000  
0.000000e+000  0.000000e+000  0.000000e+000  0.000000e+000  0.000000e+000  0.000000e+000  0.000000e+000  

-0.000000e+000  -0.000000e+000  -0.000000e+000  -0.000000e+000  -0.000000e+000  -0.000000e+000  -0.000000e+000  
-0.000000e+000  2.602335e+001  8.842054e+000  4.920287e+000  8.842054e+000  2.602335e+001  -0.000000e+000  
-0.000000e+000  8.842054e+000  4.170674e+000  -0.000000e+000  4.170674e+000  8.842054e+000  -0.000000e+000  
-0.000000e+000  4.920287e+000  -0.000000e+000  -0.000000e+000  -0.000000e+000  4.920287e+000  -0.000000e+000  
-0.000000e+000  8.842054e+000  4.170674e+000  -0.000000e+000  4.170674e+000  8.842054e+000  -0.000000e+000  
-0.000000e+000  2.602335e+001  8.842054e+000  4.920287e+000  8.842054e+000  2.602335e+001  -0.000000e+000  
-0.000000e+000  -0.000000e+000  -0.000000e+000  -0.000000e+000  -0.000000e+000  -0.000000e+000  -0.000000e+000  

