Port monitor named: Port1_h1[2.5].prt

nx        = 88
ny        = 80
nz        = 59

nu        = 7
nv        = 7
iu        = 27
iv        = 20

idir      = 1
dcut      = 3.060000e-002
icut      = 80
type      = 1
frequency = 2.500000e+009

fcutoff   = 0.000000e+000
alpha     = 0.000000e+000
beta      = 7.312814e+001
accuracy  = 1.131894e-014

type          = QTEM
wave imp.     = 2.658819e+002
wave imp.sig. = 8.694993e-011
line imp.     = 5.466204e+001

ref. port     = 0

-0.000000e+000  5.891085e+000  1.178743e+001  1.509403e+001  1.178743e+001  5.891085e+000  -0.000000e+000  
-0.000000e+000  5.893292e+000  1.410368e+001  2.338996e+001  1.410368e+001  5.893292e+000  -0.000000e+000  
-0.000000e+000  3.702847e+000  1.410407e+001  -0.000000e+000  1.410407e+001  3.702847e+000  -0.000000e+000  
-0.000000e+000  -3.702847e+000  -1.410407e+001  -0.000000e+000  -1.410407e+001  -3.702847e+000  -0.000000e+000  
-0.000000e+000  -5.893292e+000  -1.410368e+001  -2.338996e+001  -1.410368e+001  -5.893292e+000  -0.000000e+000  
-0.000000e+000  -5.891085e+000  -1.178743e+001  -1.509403e+001  -1.178743e+001  -5.891085e+000  -0.000000e+000  
-0.000000e+000  -0.000000e+000  -0.000000e+000  -0.000000e+000  -0.000000e+000  -0.000000e+000  -0.000000e+000  

-0.000000e+000  -0.000000e+000  -0.000000e+000  -0.000000e+000  -0.000000e+000  -0.000000e+000  -0.000000e+000  
-5.891085e+000  -5.893292e+000  -3.702847e+000  3.702847e+000  5.893292e+000  5.891085e+000  -0.000000e+000  
-1.178743e+001  -1.410368e+001  -1.410407e+001  1.410407e+001  1.410368e+001  1.178743e+001  -0.000000e+000  
-1.509403e+001  -2.338996e+001  -0.000000e+000  -0.000000e+000  2.338996e+001  1.509403e+001  -0.000000e+000  
-1.178743e+001  -1.410368e+001  -1.410407e+001  1.410407e+001  1.410368e+001  1.178743e+001  -0.000000e+000  
-5.891085e+000  -5.893292e+000  -3.702847e+000  3.702847e+000  5.893292e+000  5.891085e+000  -0.000000e+000  
-0.000000e+000  -0.000000e+000  -0.000000e+000  -0.000000e+000  -0.000000e+000  -0.000000e+000  -0.000000e+000  

0.000000e+000  0.000000e+000  0.000000e+000  0.000000e+000  0.000000e+000  0.000000e+000  0.000000e+000  
0.000000e+000  0.000000e+000  0.000000e+000  0.000000e+000  0.000000e+000  0.000000e+000  0.000000e+000  
0.000000e+000  0.000000e+000  0.000000e+000  0.000000e+000  0.000000e+000  0.000000e+000  0.000000e+000  
0.000000e+000  0.000000e+000  0.000000e+000  0.000000e+000  0.000000e+000  0.000000e+000  0.000000e+000  
0.000000e+000  0.000000e+000  0.000000e+000  0.000000e+000  0.000000e+000  0.000000e+000  0.000000e+000  
0.000000e+000  0.000000e+000  0.000000e+000  0.000000e+000  0.000000e+000  0.000000e+000  0.000000e+000  
0.000000e+000  0.000000e+000  0.000000e+000  0.000000e+000  0.000000e+000  0.000000e+000  0.000000e+000  

0.000000e+000  0.000000e+000  0.000000e+000  0.000000e+000  0.000000e+000  0.000000e+000  0.000000e+000  
0.000000e+000  0.000000e+000  0.000000e+000  0.000000e+000  0.000000e+000  0.000000e+000  0.000000e+000  
0.000000e+000  0.000000e+000  0.000000e+000  0.000000e+000  0.000000e+000  0.000000e+000  0.000000e+000  
0.000000e+000  0.000000e+000  0.000000e+000  0.000000e+000  0.000000e+000  0.000000e+000  0.000000e+000  
0.000000e+000  0.000000e+000  0.000000e+000  0.000000e+000  0.000000e+000  0.000000e+000  0.000000e+000  
0.000000e+000  0.000000e+000  0.000000e+000  0.000000e+000  0.000000e+000  0.000000e+000  0.000000e+000  
0.000000e+000  0.000000e+000  0.000000e+000  0.000000e+000  0.000000e+000  0.000000e+000  0.000000e+000  

0.000000e+000  0.000000e+000  0.000000e+000  0.000000e+000  0.000000e+000  0.000000e+000  0.000000e+000  
0.000000e+000  0.000000e+000  0.000000e+000  0.000000e+000  0.000000e+000  0.000000e+000  0.000000e+000  
0.000000e+000  0.000000e+000  0.000000e+000  0.000000e+000  0.000000e+000  0.000000e+000  0.000000e+000  
0.000000e+000  0.000000e+000  0.000000e+000  0.000000e+000  0.000000e+000  0.000000e+000  0.000000e+000  
0.000000e+000  0.000000e+000  0.000000e+000  0.000000e+000  0.000000e+000  0.000000e+000  0.000000e+000  
0.000000e+000  0.000000e+000  0.000000e+000  0.000000e+000  0.000000e+000  0.000000e+000  0.000000e+000  
0.000000e+000  0.000000e+000  0.000000e+000  0.000000e+000  0.000000e+000  0.000000e+000  0.000000e+000  

-0.000000e+000  5.874243e-002  1.538559e-002  -1.538559e-002  -5.874243e-002  -0.000000e+000  -0.000000e+000  
-5.874243e-002  -0.000000e+000  2.676055e-003  -2.676055e-003  -0.000000e+000  5.874243e-002  -0.000000e+000  
-1.538559e-002  -2.676055e-003  -0.000000e+000  -0.000000e+000  2.676055e-003  1.538559e-002  -0.000000e+000  
1.538559e-002  2.676055e-003  -0.000000e+000  -0.000000e+000  -2.676055e-003  -1.538559e-002  -0.000000e+000  
5.874243e-002  -0.000000e+000  -2.676055e-003  2.676055e-003  -0.000000e+000  -5.874243e-002  -0.000000e+000  
-0.000000e+000  -5.874243e-002  -1.538559e-002  1.538559e-002  5.874243e-002  -0.000000e+000  -0.000000e+000  
-0.000000e+000  -0.000000e+000  -0.000000e+000  -0.000000e+000  -0.000000e+000  -0.000000e+000  -0.000000e+000  

