<<<<<<<<<<<<<<<<<<<<<<<<<<<
2018 Jul 04 (Wed): 16:00:02
<<<<<<<<<<<<<<<<<<<<<<<<<<<

======================
Mesher selection: FPBA
======================

==================================================================
 - desired group: 0, sockets = 0
 - pinning rule: PINNING_RULE_DEFAULT
 - skip setting processor groups: there is only 1 processor group.
 - num cores available : 8
 - hyperthreading      : on
 - used mask (uint64_t): 85
 - used mask (string)  : 10101010
==================================================================

========================================================================
Processing CAD model (for field results)
	[Accuracy improvement for long shapes in inhomogeneous mesh regions]
Version 2016.7 (build 20161111)
2018 Jul 04 (Wed): 16:00:02
========================================================================

Shapes are ordered using 2015 backward compatibility
==================================================================================================
== CST Matrix Calculation Priority Log                                                          ==
==================================================================================================
 
Priorities are sorted in ascending order beginning with the lowest priority
 
Priority:   3, shape   3: component1:PuckSupport, material: Alumina (99.5%) (lossy)
Priority:   4, shape   2: component1:Puck, material: MorganD30
Priority:   5, shape   1: component1:InternalSpace, material: Vacuum
Priority:   6, shape   4: component1:Shield, material: Aluminum
 
==================================================================================================
 
Shapes are ordered using 2015 backward compatibility
===========================================
Finished CAD processing (for field results)
===========================================

========================================================================
Processing CAD model
	[Accuracy improvement for long shapes in inhomogeneous mesh regions]
Version 2016.7 (build 20161111)
2018 Jul 04 (Wed): 16:00:03
========================================================================

----------------------------------------------
Used point accuracy enhancement value: 75.00%.
----------------------------------------------

=============================================================================
Mesh statistics:
-----------------------------------------------------------------------------
Minimum edge length (x): 2.13 @ mesh line 13 (x)
Maximum edge length (x): 8.37 @ mesh line 0 (x)
Minimum face area (x): 4.86 @ mesh lines 13 | 15 (y | z)
Maximum face area (x): 107 @ mesh lines 0 | 20 (y | z)
Minimum edge length (y): 2.13 @ mesh line 13 (y)
Maximum edge length (y): 8.37 @ mesh line 0 (y)
Minimum face area (y): 4.86 @ mesh lines 15 | 13 (z | x)
Maximum face area (y): 107 @ mesh lines 20 | 0 (z | x)
Minimum edge length (z): 2.29 @ mesh line 15 (z)
Maximum edge length (z): 12.8 @ mesh line 20 (z)
Minimum face area (z): 4.52 @ mesh lines 13 | 13 (x | y)
Maximum face area (z): 70.1 @ mesh lines 0 | 0 (x | y)
Maximum mesh face aspect ratio (x): 6.04 : 1.0  @ mesh lines 13 | 20 (y | z)
Maximum mesh face aspect ratio (y): 6.04 : 1.0  @ mesh lines 20 | 13 (z | x)
Maximum mesh face aspect ratio (z): 3.94 : 1.0  @ mesh lines 13 | 0 (x | y)
=============================================================================

Shapes are ordered using 2015 backward compatibility
Shapes are ordered using 2015 backward compatibility
=======================
Finished CAD processing
=======================

------------------------------------------------------------
Parallelization Info
------------------------------------------------------------
Number of concurrent threads: 1
Number of node domains: 1
Number of mesh cells: 40000
------------------------------------------------------------
Node order
0
------------------------------------------------------------

1xN000:  <<<<<<<<<<<<<<<<<<<<<<<<<<<
         2018 Jul 04 (Wed): 16:00:04
         <<<<<<<<<<<<<<<<<<<<<<<<<<<

1xN000:  ==================================================================
          - desired group: 0, sockets = 0
          - pinning rule: PINNING_RULE_DEFAULT
          - skip setting processor groups: there is only 1 processor group.
          - num cores available : 8
          - hyperthreading      : on
          - used mask (uint64_t): 85
          - used mask (string)  : 10101010
         ==================================================================

1xN000:  ==========================================
         Matrix computation (FPBA)
         	[FPBA accuracy enhancement is enabled]
         Version 2016.7 (build 20161111)
         2018 Jul 04 (Wed): 16:00:04
         ==========================================

1xN000:  Shapes are ordered using 2015 backward compatibility
1xN000:  ssssssssssssssssssssssssssssssssssssssssss
         # of curls with SI accuracy enhancement: 0
         ssssssssssssssssssssssssssssssssssssssssss

1xN000:  ------------------------------------------------------------------------------
         PBA fill limit is applied in inverse mode.
         PBA fill limit is applied on faces filled with at least 99.00% metal material.
         --------------------------------------------------------------
         detailed accuracy settings:
         --------------------------------------------------------------
         augmented fill limit:       true
         augmented fill limit value: 99.00
         automatic fill limit:       true
         early fill limit:           true
         inverse fill limit:         true
         model complexity:           0.00
         legacy 2015:                false
         fixed point accuracy:       false
         minimum point accuracy:     0
         mesh step inheritance:      false
         accuracy mode:
         ------------------------------------------------------------------------------

1xN000:  ==================================
         Finished matrix computation (FPBA)
         ==================================

1xN000:  >>>>>>>>>>>>>>>>>>>>>>>>>>>
         2018 Jul 04 (Wed): 16:00:25
         >>>>>>>>>>>>>>>>>>>>>>>>>>>



>>>>>>>>>>>>>>>>>>>>>>>>>>>
2018 Jul 04 (Wed): 16:00:25
>>>>>>>>>>>>>>>>>>>>>>>>>>>

--------------------------------
# of staircase filled cells: 0
# of staircase filled areas: 0
# of staircase filled edges: 0
# of faces above fill limit: 0
# of edges with FPBA topology: 0
--------------------------------

