Port monitor named: Port1_e1[2.5].prt

nx        = 165
ny        = 56
nz        = 70

nu        = 11
nv        = 11
iu        = 26
iv        = 18

idir      = 1
dcut      = 2.525000e-002
icut      = 46
type      = 0
frequency = 2.500000e+009

fcutoff   = 0.000000e+000
alpha     = 0.000000e+000
beta      = 7.283539e+001
accuracy  = 4.861139e-013

type          = QTEM
wave imp.     = 2.630858e+002
wave imp.sig. = 1.195945e-001
line imp.     = 5.440231e+001

ref. port     = 0

-0.000000e+000  -0.000000e+000  -0.000000e+000  -0.000000e+000  -0.000000e+000  -0.000000e+000  -0.000000e+000  -0.000000e+000  -0.000000e+000  -0.000000e+000  -0.000000e+000  
-1.758351e+003  -1.243879e+003  -5.399285e+002  -5.097527e+002  -2.105937e+002  2.105937e+002  5.097527e+002  5.399285e+002  1.243879e+003  1.758351e+003  -0.000000e+000  
-3.009439e+003  -2.054283e+003  -2.058134e+003  -1.632735e+003  -6.933473e+002  6.933473e+002  1.632735e+003  2.058134e+003  2.054283e+003  3.009439e+003  -0.000000e+000  
-3.544626e+003  -3.578166e+003  -4.089703e+003  -4.089804e+003  -2.173731e+003  2.173731e+003  4.089804e+003  4.089703e+003  3.578166e+003  3.544626e+003  -0.000000e+000  
-3.884171e+003  -4.331294e+003  -5.735824e+003  -8.124295e+003  -0.000000e+000  -0.000000e+000  8.124295e+003  5.735824e+003  4.331294e+003  3.884171e+003  -0.000000e+000  
-4.023184e+003  -4.655095e+003  -6.728776e+003  -0.000000e+000  -0.000000e+000  -0.000000e+000  -0.000000e+000  6.728776e+003  4.655095e+003  4.023184e+003  -0.000000e+000  
-3.878814e+003  -4.332396e+003  -5.738930e+003  -8.130997e+003  -0.000000e+000  -0.000000e+000  8.130997e+003  5.738930e+003  4.332396e+003  3.878814e+003  -0.000000e+000  
-3.531017e+003  -3.582367e+003  -4.094881e+003  -4.094356e+003  -2.175656e+003  2.175656e+003  4.094356e+003  4.094881e+003  3.582367e+003  3.531017e+003  -0.000000e+000  
-2.968638e+003  -2.077163e+003  -2.067851e+003  -1.637499e+003  -6.949080e+002  6.949080e+002  1.637499e+003  2.067851e+003  2.077163e+003  2.968638e+003  -0.000000e+000  
-1.747387e+003  -1.241457e+003  -5.469558e+002  -5.130087e+002  -2.116089e+002  2.116089e+002  5.130087e+002  5.469558e+002  1.241457e+003  1.747387e+003  -0.000000e+000  
-0.000000e+000  -0.000000e+000  -0.000000e+000  -0.000000e+000  -0.000000e+000  -0.000000e+000  -0.000000e+000  -0.000000e+000  -0.000000e+000  -0.000000e+000  -0.000000e+000  

-0.000000e+000  -1.758349e+003  -3.002460e+003  -3.543157e+003  -3.884721e+003  -4.025806e+003  -3.884721e+003  -3.543157e+003  -3.002460e+003  -1.758349e+003  -0.000000e+000  
-0.000000e+000  -1.250851e+003  -2.061254e+003  -3.579683e+003  -4.331728e+003  -4.655012e+003  -4.331728e+003  -3.579683e+003  -2.061254e+003  -1.250851e+003  -0.000000e+000  
-0.000000e+000  -5.344017e+002  -2.058050e+003  -4.089613e+003  -5.734874e+003  -6.726142e+003  -5.734874e+003  -4.089613e+003  -2.058050e+003  -5.344017e+002  -0.000000e+000  
-0.000000e+000  -5.067207e+002  -1.631310e+003  -4.089654e+003  -8.123724e+003  -0.000000e+000  -8.123724e+003  -4.089654e+003  -1.631310e+003  -5.067207e+002  -0.000000e+000  
-0.000000e+000  -2.074831e+002  -6.909954e+002  -2.173885e+003  -0.000000e+000  -0.000000e+000  -0.000000e+000  -2.173885e+003  -6.909954e+002  -2.074831e+002  -0.000000e+000  
-0.000000e+000  2.155177e+002  6.974092e+002  2.175677e+003  -0.000000e+000  -0.000000e+000  -0.000000e+000  2.175677e+003  6.974092e+002  2.155177e+002  -0.000000e+000  
-0.000000e+000  5.190842e+002  1.639069e+003  4.094332e+003  8.130914e+003  -0.000000e+000  8.130914e+003  4.094332e+003  1.639069e+003  5.190842e+002  -0.000000e+000  
-0.000000e+000  5.616465e+002  2.066635e+003  4.093669e+003  5.738791e+003  6.730303e+003  5.738791e+003  4.093669e+003  2.066635e+003  5.616465e+002  -0.000000e+000  
-0.000000e+000  1.221000e+003  2.056697e+003  3.577814e+003  4.330867e+003  4.654517e+003  4.330867e+003  3.577814e+003  2.056697e+003  1.221000e+003  -0.000000e+000  
-0.000000e+000  1.747377e+003  2.989065e+003  3.536778e+003  3.880518e+003  4.022283e+003  3.880518e+003  3.536778e+003  2.989065e+003  1.747377e+003  -0.000000e+000  
-0.000000e+000  -0.000000e+000  -0.000000e+000  -0.000000e+000  -0.000000e+000  -0.000000e+000  -0.000000e+000  -0.000000e+000  -0.000000e+000  -0.000000e+000  -0.000000e+000  

0.000000e+000  0.000000e+000  0.000000e+000  0.000000e+000  0.000000e+000  0.000000e+000  0.000000e+000  0.000000e+000  0.000000e+000  0.000000e+000  0.000000e+000  
0.000000e+000  0.000000e+000  0.000000e+000  0.000000e+000  0.000000e+000  0.000000e+000  0.000000e+000  0.000000e+000  0.000000e+000  0.000000e+000  0.000000e+000  
0.000000e+000  0.000000e+000  0.000000e+000  0.000000e+000  0.000000e+000  0.000000e+000  0.000000e+000  0.000000e+000  0.000000e+000  0.000000e+000  0.000000e+000  
0.000000e+000  0.000000e+000  0.000000e+000  0.000000e+000  0.000000e+000  0.000000e+000  0.000000e+000  0.000000e+000  0.000000e+000  0.000000e+000  0.000000e+000  
0.000000e+000  0.000000e+000  0.000000e+000  0.000000e+000  0.000000e+000  0.000000e+000  0.000000e+000  0.000000e+000  0.000000e+000  0.000000e+000  0.000000e+000  
0.000000e+000  0.000000e+000  0.000000e+000  0.000000e+000  0.000000e+000  0.000000e+000  0.000000e+000  0.000000e+000  0.000000e+000  0.000000e+000  0.000000e+000  
0.000000e+000  0.000000e+000  0.000000e+000  0.000000e+000  0.000000e+000  0.000000e+000  0.000000e+000  0.000000e+000  0.000000e+000  0.000000e+000  0.000000e+000  
0.000000e+000  0.000000e+000  0.000000e+000  0.000000e+000  0.000000e+000  0.000000e+000  0.000000e+000  0.000000e+000  0.000000e+000  0.000000e+000  0.000000e+000  
0.000000e+000  0.000000e+000  0.000000e+000  0.000000e+000  0.000000e+000  0.000000e+000  0.000000e+000  0.000000e+000  0.000000e+000  0.000000e+000  0.000000e+000  
0.000000e+000  0.000000e+000  0.000000e+000  0.000000e+000  0.000000e+000  0.000000e+000  0.000000e+000  0.000000e+000  0.000000e+000  0.000000e+000  0.000000e+000  
0.000000e+000  0.000000e+000  0.000000e+000  0.000000e+000  0.000000e+000  0.000000e+000  0.000000e+000  0.000000e+000  0.000000e+000  0.000000e+000  0.000000e+000  

0.000000e+000  0.000000e+000  0.000000e+000  0.000000e+000  0.000000e+000  0.000000e+000  0.000000e+000  0.000000e+000  0.000000e+000  0.000000e+000  0.000000e+000  
0.000000e+000  0.000000e+000  0.000000e+000  0.000000e+000  0.000000e+000  0.000000e+000  0.000000e+000  0.000000e+000  0.000000e+000  0.000000e+000  0.000000e+000  
0.000000e+000  0.000000e+000  0.000000e+000  0.000000e+000  0.000000e+000  0.000000e+000  0.000000e+000  0.000000e+000  0.000000e+000  0.000000e+000  0.000000e+000  
0.000000e+000  0.000000e+000  0.000000e+000  0.000000e+000  0.000000e+000  0.000000e+000  0.000000e+000  0.000000e+000  0.000000e+000  0.000000e+000  0.000000e+000  
0.000000e+000  0.000000e+000  0.000000e+000  0.000000e+000  0.000000e+000  0.000000e+000  0.000000e+000  0.000000e+000  0.000000e+000  0.000000e+000  0.000000e+000  
0.000000e+000  0.000000e+000  0.000000e+000  0.000000e+000  0.000000e+000  0.000000e+000  0.000000e+000  0.000000e+000  0.000000e+000  0.000000e+000  0.000000e+000  
0.000000e+000  0.000000e+000  0.000000e+000  0.000000e+000  0.000000e+000  0.000000e+000  0.000000e+000  0.000000e+000  0.000000e+000  0.000000e+000  0.000000e+000  
0.000000e+000  0.000000e+000  0.000000e+000  0.000000e+000  0.000000e+000  0.000000e+000  0.000000e+000  0.000000e+000  0.000000e+000  0.000000e+000  0.000000e+000  
0.000000e+000  0.000000e+000  0.000000e+000  0.000000e+000  0.000000e+000  0.000000e+000  0.000000e+000  0.000000e+000  0.000000e+000  0.000000e+000  0.000000e+000  
0.000000e+000  0.000000e+000  0.000000e+000  0.000000e+000  0.000000e+000  0.000000e+000  0.000000e+000  0.000000e+000  0.000000e+000  0.000000e+000  0.000000e+000  
0.000000e+000  0.000000e+000  0.000000e+000  0.000000e+000  0.000000e+000  0.000000e+000  0.000000e+000  0.000000e+000  0.000000e+000  0.000000e+000  0.000000e+000  

0.000000e+000  0.000000e+000  0.000000e+000  0.000000e+000  0.000000e+000  0.000000e+000  0.000000e+000  0.000000e+000  0.000000e+000  0.000000e+000  0.000000e+000  
0.000000e+000  0.000000e+000  0.000000e+000  0.000000e+000  0.000000e+000  0.000000e+000  0.000000e+000  0.000000e+000  0.000000e+000  0.000000e+000  0.000000e+000  
0.000000e+000  0.000000e+000  0.000000e+000  0.000000e+000  0.000000e+000  0.000000e+000  0.000000e+000  0.000000e+000  0.000000e+000  0.000000e+000  0.000000e+000  
0.000000e+000  0.000000e+000  0.000000e+000  0.000000e+000  0.000000e+000  0.000000e+000  0.000000e+000  0.000000e+000  0.000000e+000  0.000000e+000  0.000000e+000  
0.000000e+000  0.000000e+000  0.000000e+000  0.000000e+000  0.000000e+000  0.000000e+000  0.000000e+000  0.000000e+000  0.000000e+000  0.000000e+000  0.000000e+000  
0.000000e+000  0.000000e+000  0.000000e+000  0.000000e+000  0.000000e+000  0.000000e+000  0.000000e+000  0.000000e+000  0.000000e+000  0.000000e+000  0.000000e+000  
0.000000e+000  0.000000e+000  0.000000e+000  0.000000e+000  0.000000e+000  0.000000e+000  0.000000e+000  0.000000e+000  0.000000e+000  0.000000e+000  0.000000e+000  
0.000000e+000  0.000000e+000  0.000000e+000  0.000000e+000  0.000000e+000  0.000000e+000  0.000000e+000  0.000000e+000  0.000000e+000  0.000000e+000  0.000000e+000  
0.000000e+000  0.000000e+000  0.000000e+000  0.000000e+000  0.000000e+000  0.000000e+000  0.000000e+000  0.000000e+000  0.000000e+000  0.000000e+000  0.000000e+000  
0.000000e+000  0.000000e+000  0.000000e+000  0.000000e+000  0.000000e+000  0.000000e+000  0.000000e+000  0.000000e+000  0.000000e+000  0.000000e+000  0.000000e+000  
0.000000e+000  0.000000e+000  0.000000e+000  0.000000e+000  0.000000e+000  0.000000e+000  0.000000e+000  0.000000e+000  0.000000e+000  0.000000e+000  0.000000e+000  

-0.000000e+000  -0.000000e+000  -0.000000e+000  -0.000000e+000  -0.000000e+000  -0.000000e+000  -0.000000e+000  -0.000000e+000  -0.000000e+000  -0.000000e+000  -0.000000e+000  
-0.000000e+000  2.252105e+001  2.726657e+001  1.097146e+001  6.698233e+000  5.463101e+000  6.698233e+000  1.097146e+001  2.726657e+001  2.252105e+001  -0.000000e+000  
-0.000000e+000  2.750755e+001  1.872675e+001  1.006746e+001  6.620194e+000  5.416442e+000  6.620194e+000  1.006746e+001  1.872675e+001  2.750755e+001  -0.000000e+000  
-0.000000e+000  1.102172e+001  1.006480e+001  4.957282e+000  1.538092e+000  -0.000000e+000  1.538092e+000  4.957282e+000  1.006480e+001  1.102172e+001  -0.000000e+000  
-0.000000e+000  6.678464e+000  6.584690e+000  1.534647e+000  -0.000000e+000  -0.000000e+000  -0.000000e+000  1.534647e+000  6.584690e+000  6.678464e+000  -0.000000e+000  
-0.000000e+000  5.371492e+000  5.326664e+000  -0.000000e+000  -0.000000e+000  -0.000000e+000  -0.000000e+000  -0.000000e+000  5.326664e+000  5.371492e+000  -0.000000e+000  
-0.000000e+000  6.492890e+000  6.436711e+000  1.493401e+000  -0.000000e+000  -0.000000e+000  -0.000000e+000  1.493401e+000  6.436711e+000  6.492890e+000  -0.000000e+000  
-0.000000e+000  1.055052e+001  9.737845e+000  4.808477e+000  1.493957e+000  -0.000000e+000  1.493957e+000  4.808477e+000  9.737845e+000  1.055052e+001  -0.000000e+000  
-0.000000e+000  2.609602e+001  1.810422e+001  9.779851e+000  6.442442e+000  5.274655e+000  6.442442e+000  9.779851e+000  1.810422e+001  2.609602e+001  -0.000000e+000  
-0.000000e+000  2.214133e+001  2.680254e+001  1.074975e+001  6.551669e+000  5.339961e+000  6.551669e+000  1.074975e+001  2.680254e+001  2.214133e+001  -0.000000e+000  
-0.000000e+000  -0.000000e+000  -0.000000e+000  -0.000000e+000  -0.000000e+000  -0.000000e+000  -0.000000e+000  -0.000000e+000  -0.000000e+000  -0.000000e+000  -0.000000e+000  

