==========================================================================
 - pinning rule in use   : PINNING_RULE_MCALC_SKIP_ALL
 - desired group         : 0, sockets = 0
 - num cores available   : 4
 - num accessible procs  : 4
 - num logical procs     : 4
 - affinity (main thread): 1111 
 - sockets               : 0
 - potential cores       : 0,1,2,3
 - affinity              : 1111
 - active cores          : 0,1,2,3
 - allowed socket ids    : 0
 - skip pinning: + allowed number of sockets = available number of sockets
                 + hyperthreading off
==========================================================================

========================================================================
Processing CAD model (for field results)
	[Improved internal geometry representation]
	[Accuracy improvement for long shapes in inhomogeneous mesh regions]
Version 2019.7 (build 20190705)
PBA version 2018081919
2022 Nov 13 (Sun): 00:04:10
========================================================================

===========================================
Finished CAD processing (for field results)
===========================================

==========================================================================
 - pinning rule in use   : PINNING_RULE_MCALC_SKIP_ALL
 - desired group         : 0, sockets = 0
 - num cores available   : 4
 - num accessible procs  : 4
 - num logical procs     : 4
 - affinity (main thread): 1111 
 - sockets               : 0
 - potential cores       : 0,1,2,3
 - affinity              : 1111
 - active cores          : 0,1,2,3
 - allowed socket ids    : 0
 - skip pinning: + allowed number of sockets = available number of sockets
                 + hyperthreading off
==========================================================================

========================================================================
Processing CAD model
	[Improved internal geometry representation]
	[Accuracy improvement for long shapes in inhomogeneous mesh regions]
Version 2019.7 (build 20190705)
PBA version 2018081919
2022 Nov 13 (Sun): 00:04:47
========================================================================

---------------------------------------------
Used point accuracy enhancement value: 0.00%.
---------------------------------------------

=============================================================================
Mesh statistics:
-----------------------------------------------------------------------------
Minimum edge length (x): 1.03 @ mesh line 82 (x)
Maximum edge length (x): 7.08 @ mesh line 29 (x)
Minimum face area (x): 1.03 @ mesh lines 36 | 23 (y | z)
Maximum face area (x): 64.3 @ mesh lines 43 | 0 (y | z)
Minimum edge length (y): 1 @ mesh line 36 (y)
Maximum edge length (y): 8.42 @ mesh line 43 (y)
Minimum face area (y): 1.06 @ mesh lines 23 | 82 (z | x)
Maximum face area (y): 54 @ mesh lines 0 | 29 (z | x)
Minimum edge length (z): 1.03 @ mesh line 23 (z)
Maximum edge length (z): 7.63 @ mesh line 0 (z)
Minimum face area (z): 1.03 @ mesh lines 82 | 36 (x | y)
Maximum face area (z): 59.7 @ mesh lines 29 | 43 (x | y)
Maximum mesh face aspect ratio (x): 8.19 : 1.0  @ mesh lines 43 | 23 (y | z)
Maximum mesh face aspect ratio (y): 7.42 : 1.0  @ mesh lines 0 | 82 (z | x)
Maximum mesh face aspect ratio (z): 8.19 : 1.0  @ mesh lines 82 | 43 (x | y)
=============================================================================

============================================================================
Available resources to store TST cells: 2147199922 (756789.12% of mesh size)
============================================================================

==================================================================================================
== CST Matrix Calculation Priority Log                                                          ==
==================================================================================================
 
Priorities are sorted in ascending order beginning with the lowest priority
 
Priority:   1, shape  10: Waveguide:vacuum, material: Vacuum, float:   0.00e+00, wire: false, sheet: false, human: false, PEC: false, SI: false, face port:   0, feature ID:      -1
Priority:   1, shape   7: Waveguide:optical_path_front, material: Vacuum, float:   0.00e+00, wire: false, sheet: false, human: false, PEC: false, SI: false, face port:   0, feature ID:      -1
Priority:   1, shape   6: Waveguide:optical_path_back, material: Vacuum, float:   0.00e+00, wire: false, sheet: false, human: false, PEC: false, SI: false, face port:   0, feature ID:      -1
Priority:   1, shape   5: VapourCell:Vapour, material: Air, float:   0.00e+00, wire: false, sheet: false, human: false, PEC: false, SI: false, face port:   0, feature ID:      -1
Priority:   1, shape   3: Probe2:coax, material: Coax, float:   0.00e+00, wire: false, sheet: false, human: false, PEC: false, SI: false, face port:   0, feature ID:      -1
Priority:   1, shape   1: Probe1:coax, material: Coax, float:   0.00e+00, wire: false, sheet: false, human: false, PEC: false, SI: false, face port:   0, feature ID:      -1
Priority:   2, shape  11: Waveguide:walls, material: Aluminum, float:   0.00e+00, wire: false, sheet: false, human: false, PEC:  true, SI:  true, face port:   0, feature ID:      -1
Priority:   2, shape   9: Waveguide:pipe_front, material: Aluminum, float:   0.00e+00, wire: false, sheet: false, human: false, PEC:  true, SI:  true, face port:   0, feature ID:      -1
Priority:   2, shape   8: Waveguide:pipe_back, material: Aluminum, float:   0.00e+00, wire: false, sheet: false, human: false, PEC:  true, SI:  true, face port:   0, feature ID:      -1
Priority:   2, shape   4: Probe2:conductor, material: Copper (pure), float:   0.00e+00, wire: false, sheet: false, human: false, PEC:  true, SI:  true, face port:   0, feature ID:      -1
Priority:   2, shape   2: Probe1:conductor, material: Copper (pure), float:   0.00e+00, wire: false, sheet: false, human: false, PEC:  true, SI:  true, face port:   0, feature ID:      -1
 
==================================================================================================
 
====================================================
PBA version: default
Geo accuracy: 0.000000
PEC background is represented by CAD geometry: false
Watertightness check: true
Self intersection check: false
Inheritance (all): false
Normal dominance (all): false
Normal dominance (ports): false
Flanges hollow: true
One shape per flange: false
====================================================
=======================
Finished CAD processing
=======================

------------------------------------------------------------
Parallelization Info
------------------------------------------------------------
Number of concurrent threads: 2
Number of node domains: 4
Number of mesh fill domains: 12
Memory downscale: 1
CPU load: 50.00%
Emptiness: 0.00%
Hex mesh complexity: 0.27
Geometric complexity: 0.00
------------------------------------------------------------
Node order
2, 0, 3, 1
------------------------------------------------------------

------------------------------------
Mesh: # of points excl. TSTs: 283725
      # of points incl. TSTs: 283725
------------------------------------

1xN000:  <<<<<<<<<<<<<<<<<<<<<<<<
         2022 Nov13 (Sun):          <<<<<<<<<<<<<<<<<<<<<<<<

1xN000:  ==========================================================================
          - pinning rule in use   : PINNING_RULE_MCALC_SKIP_ALL
          - desired group         : 0, sockets = 0
          - num cores available   : 4
          - num accessible procs  : 4
          - num logical procs     : 4
          - affinity (main thread): 1111
          - sockets               : 0
          - potential cores       : 0,1,2,3
          - affinity              : 1111
          - active cores          : 0,1,2,3
          - allowed socket ids    : 0
          - skip pinning: + allowed number of sockets = available number of sockets
                          + hyperthreading off
         ==========================================================================

1xN000:  =======================================
         Matrix computation (PBA)
         	[Gaps between metals are preserved]
         	[PBA version: default]
         Version 2019.7 (build 20190705)
         PBA version 2018081919
         2022 Nov 13 (Sun): 00:04:48
         =======================================

1xN000:  ---------------------------------------------
         Used point accuracy enhancement value: 0.00%.
         ---------------------------------------------

1xN000:  Shapes are ordered to support shape wise matrix storage
1xN000:  ==================================================================================================
         == CST Matrix Calculation Priority Log                                                          ==
         ==================================================================================================

         Priorities are sorted in ascending order beginning with the lowest priority

         Priority:   3, shape   1: Probe1:coax, material: Coax
         Priority:   3, shape   3: Probe2:coax, material: Coax
         Priority:   3, shape   5: VapourCell:Vapour, material: Air
         Priority:   3, shape   6: Waveguide:optical_path_back, material: Vacuum
         Priority:   3, shape   7: Waveguide:optical_path_front, material: Vacuum
         Priority:   3, shape  10: Waveguide:vacuum, material: Vacuum
         Priority:   4, shape   2: Probe1:conductor, material: Copper (pure)
         Priority:   4, shape   4: Probe2:conductor, material: Copper (pure)
         Priority:   4, shape   8: Waveguide:pipe_back, material: Aluminum
         Priority:   4, shape   9: Waveguide:pipe_front, material: Aluminum
         Priority:   4, shape  11: Waveguide:walls, material: Aluminum

         ==================================================================================================

1xN000:  Gap-Detection activated for FARM-topology. Gaps are resolved, even partially.: gap tolerance value is 0.001 and mesh geometry scale is 0.001
1xN000:  cccccccccccccccccccccccccccccccccccccccccccccccccccccccccccccccccccc
         FARM/Meshfill cache is set to 8 (local FI domains: 8, dynamic: true)
         cccccccccccccccccccccccccccccccccccccccccccccccccccccccccccccccccccc

1xN000:  ssssssssssssssssssssssssssssssssssssssssss
         # of curls with SI accuracy enhancement: 0
         ssssssssssssssssssssssssssssssssssssssssss

1xN000:  ------------------------------------------------------------------------------
         PBA fill limit is applied in inverse mode.
         PBA fill limit is applied on faces filled with at least 97.13% metal material.
         --------------------------------------------------------------
         detailed accuracy settings:
         --------------------------------------------------------------
         augmented fill limit:       true
         augmented fill limit value: 97.13
         automatic fill limit:       true
         early fill limit:           true
         inverse fill limit:         true
         model complexity:           0.00
         legacy 2015:                false
         fixed point accuracy:       false
         minimum point accuracy:     0
         mesh step inheritance:      false
         accuracy mode:
         ------------------------------------------------------------------------------

1xN000:  =================================
         Finished matrix computation (PBA)
         =================================

1xN000:  >>>>>>>>>>>>>>>>>>>>>>>>
         2022 Nov13 (Sun):          >>>>>>>>>>>>>>>>>>>>>>>>



1xN001:  <<<<<<<<<<<<<<<<<<<<<<<<
         2022 Nov13 (Sun):          <<<<<<<<<<<<<<<<<<<<<<<<

1xN001:  ==========================================================================
          - pinning rule in use   : PINNING_RULE_MCALC_SKIP_ALL
          - desired group         : 0, sockets = 0
          - num cores available   : 4
          - num accessible procs  : 4
          - num logical procs     : 4
          - affinity (main thread): 1111
          - sockets               : 0
          - potential cores       : 0,1,2,3
          - affinity              : 1111
          - active cores          : 0,1,2,3
          - allowed socket ids    : 0
          - skip pinning: + allowed number of sockets = available number of sockets
                          + hyperthreading off
         ==========================================================================

1xN001:  =======================================
         Matrix computation (PBA)
         	[Gaps between metals are preserved]
         	[PBA version: default]
         Version 2019.7 (build 20190705)
         PBA version 2018081919
         2022 Nov 13 (Sun): 00:05:11
         =======================================

1xN001:  ---------------------------------------------
         Used point accuracy enhancement value: 0.00%.
         ---------------------------------------------

1xN001:  Shapes are ordered to support shape wise matrix storage
1xN001:  ==================================================================================================
         == CST Matrix Calculation Priority Log                                                          ==
         ==================================================================================================

         Priorities are sorted in ascending order beginning with the lowest priority

         Priority:   3, shape   1: Probe1:coax, material: Coax
         Priority:   3, shape   3: Probe2:coax, material: Coax
         Priority:   3, shape   5: VapourCell:Vapour, material: Air
         Priority:   3, shape   6: Waveguide:optical_path_back, material: Vacuum
         Priority:   3, shape   7: Waveguide:optical_path_front, material: Vacuum
         Priority:   3, shape  10: Waveguide:vacuum, material: Vacuum
         Priority:   4, shape   2: Probe1:conductor, material: Copper (pure)
         Priority:   4, shape   4: Probe2:conductor, material: Copper (pure)
         Priority:   4, shape   8: Waveguide:pipe_back, material: Aluminum
         Priority:   4, shape   9: Waveguide:pipe_front, material: Aluminum
         Priority:   4, shape  11: Waveguide:walls, material: Aluminum

         ==================================================================================================

1xN001:  Gap-Detection activated for FARM-topology. Gaps are resolved, even partially.: gap tolerance value is 0.001 and mesh geometry scale is 0.001
1xN001:  cccccccccccccccccccccccccccccccccccccccccccccccccccccccccccccccccccc
         FARM/Meshfill cache is set to 8 (local FI domains: 8, dynamic: true)
         cccccccccccccccccccccccccccccccccccccccccccccccccccccccccccccccccccc

1xN001:  ssssssssssssssssssssssssssssssssssssssssss
         # of curls with SI accuracy enhancement: 0
         ssssssssssssssssssssssssssssssssssssssssss

1xN001:  ------------------------------------------------------------------------------
         PBA fill limit is applied in inverse mode.
         PBA fill limit is applied on faces filled with at least 97.13% metal material.
         --------------------------------------------------------------
         detailed accuracy settings:
         --------------------------------------------------------------
         augmented fill limit:       true
         augmented fill limit value: 97.13
         automatic fill limit:       true
         early fill limit:           true
         inverse fill limit:         true
         model complexity:           0.00
         legacy 2015:                false
         fixed point accuracy:       false
         minimum point accuracy:     0
         mesh step inheritance:      false
         accuracy mode:
         ------------------------------------------------------------------------------

1xN001:  =================================
         Finished matrix computation (PBA)
         =================================

1xN001:  >>>>>>>>>>>>>>>>>>>>>>>>
         2022 Nov13 (Sun):          >>>>>>>>>>>>>>>>>>>>>>>>



1xN002:  <<<<<<<<<<<<<<<<<<<<<<<<
         2022 Nov13 (Sun):          <<<<<<<<<<<<<<<<<<<<<<<<

1xN002:  ==========================================================================
          - pinning rule in use   : PINNING_RULE_MCALC_SKIP_ALL
          - desired group         : 0, sockets = 0
          - num cores available   : 4
          - num accessible procs  : 4
          - num logical procs     : 4
          - affinity (main thread): 1111
          - sockets               : 0
          - potential cores       : 0,1,2,3
          - affinity              : 1111
          - active cores          : 0,1,2,3
          - allowed socket ids    : 0
          - skip pinning: + allowed number of sockets = available number of sockets
                          + hyperthreading off
         ==========================================================================

1xN002:  =======================================
         Matrix computation (PBA)
         	[Gaps between metals are preserved]
         	[PBA version: default]
         Version 2019.7 (build 20190705)
         PBA version 2018081919
         2022 Nov 13 (Sun): 00:04:48
         =======================================

1xN002:  ---------------------------------------------
         Used point accuracy enhancement value: 0.00%.
         ---------------------------------------------

1xN002:  Shapes are ordered to support shape wise matrix storage
1xN002:  ==================================================================================================
         == CST Matrix Calculation Priority Log                                                          ==
         ==================================================================================================

         Priorities are sorted in ascending order beginning with the lowest priority

         Priority:   3, shape   1: Probe1:coax, material: Coax
         Priority:   3, shape   3: Probe2:coax, material: Coax
         Priority:   3, shape   5: VapourCell:Vapour, material: Air
         Priority:   3, shape   6: Waveguide:optical_path_back, material: Vacuum
         Priority:   3, shape   7: Waveguide:optical_path_front, material: Vacuum
         Priority:   3, shape  10: Waveguide:vacuum, material: Vacuum
         Priority:   4, shape   2: Probe1:conductor, material: Copper (pure)
         Priority:   4, shape   4: Probe2:conductor, material: Copper (pure)
         Priority:   4, shape   8: Waveguide:pipe_back, material: Aluminum
         Priority:   4, shape   9: Waveguide:pipe_front, material: Aluminum
         Priority:   4, shape  11: Waveguide:walls, material: Aluminum

         ==================================================================================================

1xN002:  Gap-Detection activated for FARM-topology. Gaps are resolved, even partially.: gap tolerance value is 0.001 and mesh geometry scale is 0.001
1xN002:  cccccccccccccccccccccccccccccccccccccccccccccccccccccccccccccccccccc
         FARM/Meshfill cache is set to 8 (local FI domains: 8, dynamic: true)
         cccccccccccccccccccccccccccccccccccccccccccccccccccccccccccccccccccc

1xN002:  ssssssssssssssssssssssssssssssssssssssssss
         # of curls with SI accuracy enhancement: 0
         ssssssssssssssssssssssssssssssssssssssssss

1xN002:  ------------------------------------------------------------------------------
         PBA fill limit is applied in inverse mode.
         PBA fill limit is applied on faces filled with at least 97.13% metal material.
         --------------------------------------------------------------
         detailed accuracy settings:
         --------------------------------------------------------------
         augmented fill limit:       true
         augmented fill limit value: 97.13
         automatic fill limit:       true
         early fill limit:           true
         inverse fill limit:         true
         model complexity:           0.00
         legacy 2015:                false
         fixed point accuracy:       false
         minimum point accuracy:     0
         mesh step inheritance:      false
         accuracy mode:
         ------------------------------------------------------------------------------

1xN002:  =================================
         Finished matrix computation (PBA)
         =================================

1xN002:  >>>>>>>>>>>>>>>>>>>>>>>>
         2022 Nov13 (Sun):          >>>>>>>>>>>>>>>>>>>>>>>>



1xN003:  <<<<<<<<<<<<<<<<<<<<<<<<
         2022 Nov13 (Sun):          <<<<<<<<<<<<<<<<<<<<<<<<

1xN003:  ==========================================================================
          - pinning rule in use   : PINNING_RULE_MCALC_SKIP_ALL
          - desired group         : 0, sockets = 0
          - num cores available   : 4
          - num accessible procs  : 4
          - num logical procs     : 4
          - affinity (main thread): 1111
          - sockets               : 0
          - potential cores       : 0,1,2,3
          - affinity              : 1111
          - active cores          : 0,1,2,3
          - allowed socket ids    : 0
          - skip pinning: + allowed number of sockets = available number of sockets
                          + hyperthreading off
         ==========================================================================

1xN003:  =======================================
         Matrix computation (PBA)
         	[Gaps between metals are preserved]
         	[PBA version: default]
         Version 2019.7 (build 20190705)
         PBA version 2018081919
         2022 Nov 13 (Sun): 00:05:11
         =======================================

1xN003:  ---------------------------------------------
         Used point accuracy enhancement value: 0.00%.
         ---------------------------------------------

1xN003:  Shapes are ordered to support shape wise matrix storage
1xN003:  ==================================================================================================
         == CST Matrix Calculation Priority Log                                                          ==
         ==================================================================================================

         Priorities are sorted in ascending order beginning with the lowest priority

         Priority:   3, shape   1: Probe1:coax, material: Coax
         Priority:   3, shape   3: Probe2:coax, material: Coax
         Priority:   3, shape   5: VapourCell:Vapour, material: Air
         Priority:   3, shape   6: Waveguide:optical_path_back, material: Vacuum
         Priority:   3, shape   7: Waveguide:optical_path_front, material: Vacuum
         Priority:   3, shape  10: Waveguide:vacuum, material: Vacuum
         Priority:   4, shape   2: Probe1:conductor, material: Copper (pure)
         Priority:   4, shape   4: Probe2:conductor, material: Copper (pure)
         Priority:   4, shape   8: Waveguide:pipe_back, material: Aluminum
         Priority:   4, shape   9: Waveguide:pipe_front, material: Aluminum
         Priority:   4, shape  11: Waveguide:walls, material: Aluminum

         ==================================================================================================

1xN003:  Gap-Detection activated for FARM-topology. Gaps are resolved, even partially.: gap tolerance value is 0.001 and mesh geometry scale is 0.001
1xN003:  cccccccccccccccccccccccccccccccccccccccccccccccccccccccccccccccccccc
         FARM/Meshfill cache is set to 8 (local FI domains: 8, dynamic: true)
         cccccccccccccccccccccccccccccccccccccccccccccccccccccccccccccccccccc

1xN003:  ssssssssssssssssssssssssssssssssssssssssss
         # of curls with SI accuracy enhancement: 0
         ssssssssssssssssssssssssssssssssssssssssss

1xN003:  ------------------------------------------------------------------------------
         PBA fill limit is applied in inverse mode.
         PBA fill limit is applied on faces filled with at least 97.13% metal material.
         --------------------------------------------------------------
         detailed accuracy settings:
         --------------------------------------------------------------
         augmented fill limit:       true
         augmented fill limit value: 97.13
         automatic fill limit:       true
         early fill limit:           true
         inverse fill limit:         true
         model complexity:           0.00
         legacy 2015:                false
         fixed point accuracy:       false
         minimum point accuracy:     0
         mesh step inheritance:      false
         accuracy mode:
         ------------------------------------------------------------------------------

1xN003:  =================================
         Finished matrix computation (PBA)
         =================================

1xN003:  >>>>>>>>>>>>>>>>>>>>>>>>
         2022 Nov13 (Sun):          >>>>>>>>>>>>>>>>>>>>>>>>



--------------------------------
# of staircase filled cells: 0
# of staircase filled areas: 0
# of staircase filled edges: 0
# of faces above fill limit: 0
# of edges with FPBA topology: 0
--------------------------------

