Port monitor named: Port2_h1[2.5].prt

nx        = 97
ny        = 45
nz        = 65

nu        = 5
nv        = 5
iu        = 23
iv        = 82

idir      = 1
dcut      = 2.525000e-002
icut      = 40
type      = 1
frequency = 2.500000e+009

fcutoff   = 0.000000e+000
alpha     = 0.000000e+000
beta      = 7.334291e+001
accuracy  = 5.561087e-015

type          = TEM
wave imp.     = 2.653635e+002
wave imp.sig. = 1.255972e-010
line imp.     = 5.425737e+001

ref. port     = 0

0.000000e+000  7.880705e+000  1.576404e+001  7.880705e+000  0.000000e+000  
0.000000e+000  7.882153e+000  3.152945e+001  7.882153e+000  0.000000e+000  
0.000000e+000  -7.882153e+000  -3.152945e+001  -7.882153e+000  0.000000e+000  
0.000000e+000  -7.880705e+000  -1.576404e+001  -7.880705e+000  0.000000e+000  
0.000000e+000  0.000000e+000  0.000000e+000  0.000000e+000  0.000000e+000  

0.000000e+000  0.000000e+000  0.000000e+000  0.000000e+000  0.000000e+000  
-7.880705e+000  -7.882153e+000  7.882153e+000  7.880705e+000  0.000000e+000  
-1.576404e+001  -3.152945e+001  3.152945e+001  1.576404e+001  0.000000e+000  
-7.880705e+000  -7.882153e+000  7.882153e+000  7.880705e+000  0.000000e+000  
0.000000e+000  0.000000e+000  0.000000e+000  0.000000e+000  0.000000e+000  

0.000000e+000  0.000000e+000  0.000000e+000  0.000000e+000  0.000000e+000  
0.000000e+000  0.000000e+000  0.000000e+000  0.000000e+000  0.000000e+000  
0.000000e+000  0.000000e+000  0.000000e+000  0.000000e+000  0.000000e+000  
0.000000e+000  0.000000e+000  0.000000e+000  0.000000e+000  0.000000e+000  
0.000000e+000  0.000000e+000  0.000000e+000  0.000000e+000  0.000000e+000  

0.000000e+000  0.000000e+000  0.000000e+000  0.000000e+000  0.000000e+000  
0.000000e+000  0.000000e+000  0.000000e+000  0.000000e+000  0.000000e+000  
0.000000e+000  0.000000e+000  0.000000e+000  0.000000e+000  0.000000e+000  
0.000000e+000  0.000000e+000  0.000000e+000  0.000000e+000  0.000000e+000  
0.000000e+000  0.000000e+000  0.000000e+000  0.000000e+000  0.000000e+000  

0.000000e+000  0.000000e+000  0.000000e+000  0.000000e+000  0.000000e+000  
0.000000e+000  0.000000e+000  0.000000e+000  0.000000e+000  0.000000e+000  
0.000000e+000  0.000000e+000  0.000000e+000  0.000000e+000  0.000000e+000  
0.000000e+000  0.000000e+000  0.000000e+000  0.000000e+000  0.000000e+000  
0.000000e+000  0.000000e+000  0.000000e+000  0.000000e+000  0.000000e+000  

0.000000e+000  1.572441e-002  -1.572441e-002  0.000000e+000  0.000000e+000  
-1.572441e-002  0.000000e+000  0.000000e+000  1.572441e-002  0.000000e+000  
1.572441e-002  0.000000e+000  0.000000e+000  -1.572441e-002  0.000000e+000  
0.000000e+000  -1.572441e-002  1.572441e-002  0.000000e+000  0.000000e+000  
0.000000e+000  0.000000e+000  0.000000e+000  0.000000e+000  0.000000e+000  

