Unknown:
C:\SK_OneDrive\OneDrive\PhD\CST\3GHz-waveguide\3GHz-waveguide-1port-iris\Result\Hex.gap
C:\SK_OneDrive\OneDrive\PhD\CST\3GHz-waveguide\3GHz-waveguide-1port-iris\Result\MCalc-Facets-1xN.log
C:\SK_OneDrive\OneDrive\PhD\CST\3GHz-waveguide\3GHz-waveguide-1port-iris\Result\MCalc-Facets-PP.log
C:\SK_OneDrive\OneDrive\PhD\CST\3GHz-waveguide\3GHz-waveguide-1port-iris\Result\MCalc.ddi
C:\SK_OneDrive\OneDrive\PhD\CST\3GHz-waveguide\3GHz-waveguide-1port-iris\Result\MCalc.log
C:\SK_OneDrive\OneDrive\PhD\CST\3GHz-waveguide\3GHz-waveguide-1port-iris\Result\Model.axg
C:\SK_OneDrive\OneDrive\PhD\CST\3GHz-waveguide\3GHz-waveguide-1port-iris\Result\Model.coco
C:\SK_OneDrive\OneDrive\PhD\CST\3GHz-waveguide\3GHz-waveguide-1port-iris\Result\Model.ddi
C:\SK_OneDrive\OneDrive\PhD\CST\3GHz-waveguide\3GHz-waveguide-1port-iris\Result\Model.elg
C:\SK_OneDrive\OneDrive\PhD\CST\3GHz-waveguide\3GHz-waveguide-1port-iris\Result\Model.log
C:\SK_OneDrive\OneDrive\PhD\CST\3GHz-waveguide\3GHz-waveguide-1port-iris\Result\Model.sam
C:\SK_OneDrive\OneDrive\PhD\CST\3GHz-waveguide\3GHz-waveguide-1port-iris\Result\Model_m1.sam
C:\SK_OneDrive\OneDrive\PhD\CST\3GHz-waveguide\3GHz-waveguide-1port-iris\Result\m^fifx.dsc
C:\SK_OneDrive\OneDrive\PhD\CST\3GHz-waveguide\3GHz-waveguide-1port-iris\Result\m^fqq.dsc
C:\SK_OneDrive\OneDrive\PhD\CST\3GHz-waveguide\3GHz-waveguide-1port-iris\Result\Ports.web
C:\SK_OneDrive\OneDrive\PhD\CST\3GHz-waveguide\3GHz-waveguide-1port-iris\Result\p^a.dsc
C:\SK_OneDrive\OneDrive\PhD\CST\3GHz-waveguide\3GHz-waveguide-1port-iris\Result\P^m^fb.slog
C:\SK_OneDrive\OneDrive\PhD\CST\3GHz-waveguide\3GHz-waveguide-1port-iris\Result\P^m^fbqq.slog
C:\SK_OneDrive\OneDrive\PhD\CST\3GHz-waveguide\3GHz-waveguide-1port-iris\Result\P^m^fqq.slog
C:\SK_OneDrive\OneDrive\PhD\CST\3GHz-waveguide\3GHz-waveguide-1port-iris\Result\P^p^m.slog
C:\SK_OneDrive\OneDrive\PhD\CST\3GHz-waveguide\3GHz-waveguide-1port-iris\Result\P^s^pm.slog
Mesh:
C:\SK_OneDrive\OneDrive\PhD\CST\3GHz-waveguide\3GHz-waveguide-1port-iris\Result\dA.mat
C:\SK_OneDrive\OneDrive\PhD\CST\3GHz-waveguide\3GHz-waveguide-1port-iris\Result\dad.mat
C:\SK_OneDrive\OneDrive\PhD\CST\3GHz-waveguide\3GHz-waveguide-1port-iris\Result\ds.mat
C:\SK_OneDrive\OneDrive\PhD\CST\3GHz-waveguide\3GHz-waveguide-1port-iris\Result\dsd.mat
C:\SK_OneDrive\OneDrive\PhD\CST\3GHz-waveguide\3GHz-waveguide-1port-iris\Result\dsMCalc.mat
C:\SK_OneDrive\OneDrive\PhD\CST\3GHz-waveguide\3GHz-waveguide-1port-iris\Result\Eps.mat
C:\SK_OneDrive\OneDrive\PhD\CST\3GHz-waveguide\3GHz-waveguide-1port-iris\Result\HexMatrix.m2h
C:\SK_OneDrive\OneDrive\PhD\CST\3GHz-waveguide\3GHz-waveguide-1port-iris\Result\HexMatrix_MCalc.m2h
C:\SK_OneDrive\OneDrive\PhD\CST\3GHz-waveguide\3GHz-waveguide-1port-iris\Result\MCalc.fmp
C:\SK_OneDrive\OneDrive\PhD\CST\3GHz-waveguide\3GHz-waveguide-1port-iris\Result\MCalc.xcfd
C:\SK_OneDrive\OneDrive\PhD\CST\3GHz-waveguide\3GHz-waveguide-1port-iris\Result\Meta.m2h
C:\SK_OneDrive\OneDrive\PhD\CST\3GHz-waveguide\3GHz-waveguide-1port-iris\Result\Meta.mat
C:\SK_OneDrive\OneDrive\PhD\CST\3GHz-waveguide\3GHz-waveguide-1port-iris\Result\Meta.spi
C:\SK_OneDrive\OneDrive\PhD\CST\3GHz-waveguide\3GHz-waveguide-1port-iris\Result\Meta.wgi
C:\SK_OneDrive\OneDrive\PhD\CST\3GHz-waveguide\3GHz-waveguide-1port-iris\Result\Model.cct
C:\SK_OneDrive\OneDrive\PhD\CST\3GHz-waveguide\3GHz-waveguide-1port-iris\Result\Model.fmf
C:\SK_OneDrive\OneDrive\PhD\CST\3GHz-waveguide\3GHz-waveguide-1port-iris\Result\Model.fmm
C:\SK_OneDrive\OneDrive\PhD\CST\3GHz-waveguide\3GHz-waveguide-1port-iris\Result\Model.fpc
C:\SK_OneDrive\OneDrive\PhD\CST\3GHz-waveguide\3GHz-waveguide-1port-iris\Result\Model.fsi
C:\SK_OneDrive\OneDrive\PhD\CST\3GHz-waveguide\3GHz-waveguide-1port-iris\Result\Model.fwf
C:\SK_OneDrive\OneDrive\PhD\CST\3GHz-waveguide\3GHz-waveguide-1port-iris\Result\Model.mss
C:\SK_OneDrive\OneDrive\PhD\CST\3GHz-waveguide\3GHz-waveguide-1port-iris\Result\Model.sic
C:\SK_OneDrive\OneDrive\PhD\CST\3GHz-waveguide\3GHz-waveguide-1port-iris\Result\Model.spi
C:\SK_OneDrive\OneDrive\PhD\CST\3GHz-waveguide\3GHz-waveguide-1port-iris\Result\Model.xcfd
C:\SK_OneDrive\OneDrive\PhD\CST\3GHz-waveguide\3GHz-waveguide-1port-iris\Result\Model^PEC.fpf
C:\SK_OneDrive\OneDrive\PhD\CST\3GHz-waveguide\3GHz-waveguide-1port-iris\Result\Mue.mat
C:\SK_OneDrive\OneDrive\PhD\CST\3GHz-waveguide\3GHz-waveguide-1port-iris\Result\m^fifx.mem
C:\SK_OneDrive\OneDrive\PhD\CST\3GHz-waveguide\3GHz-waveguide-1port-iris\Result\m^fqq.mem
C:\SK_OneDrive\OneDrive\PhD\CST\3GHz-waveguide\3GHz-waveguide-1port-iris\Result\p1.spi
C:\SK_OneDrive\OneDrive\PhD\CST\3GHz-waveguide\3GHz-waveguide-1port-iris\Result\p2.spi
C:\SK_OneDrive\OneDrive\PhD\CST\3GHz-waveguide\3GHz-waveguide-1port-iris\Result\PEC.mat
C:\SK_OneDrive\OneDrive\PhD\CST\3GHz-waveguide\3GHz-waveguide-1port-iris\Result\Port1.wgi
C:\SK_OneDrive\OneDrive\PhD\CST\3GHz-waveguide\3GHz-waveguide-1port-iris\Result\Port2.wgi
C:\SK_OneDrive\OneDrive\PhD\CST\3GHz-waveguide\3GHz-waveguide-1port-iris\Result\PP.fsi
C:\SK_OneDrive\OneDrive\PhD\CST\3GHz-waveguide\3GHz-waveguide-1port-iris\Result\p^a.mem
C:\SK_OneDrive\OneDrive\PhD\CST\3GHz-waveguide\3GHz-waveguide-1port-iris\Result\p^m.mem
C:\SK_OneDrive\OneDrive\PhD\CST\3GHz-waveguide\3GHz-waveguide-1port-iris\Result\Rho.mat
C:\SK_OneDrive\OneDrive\PhD\CST\3GHz-waveguide\3GHz-waveguide-1port-iris\Result\S2HMatrix.m2h
C:\SK_OneDrive\OneDrive\PhD\CST\3GHz-waveguide\3GHz-waveguide-1port-iris\Result\Shapes.con
C:\SK_OneDrive\OneDrive\PhD\CST\3GHz-waveguide\3GHz-waveguide-1port-iris\Result\s^pm.mem
Port:
C:\SK_OneDrive\OneDrive\PhD\CST\3GHz-waveguide\3GHz-waveguide-1port-iris\Result\adapt_Port1_e1.prt
C:\SK_OneDrive\OneDrive\PhD\CST\3GHz-waveguide\3GHz-waveguide-1port-iris\Result\adapt_Port1_e1[2.2].prt
C:\SK_OneDrive\OneDrive\PhD\CST\3GHz-waveguide\3GHz-waveguide-1port-iris\Result\adapt_Port1_h1.prt
C:\SK_OneDrive\OneDrive\PhD\CST\3GHz-waveguide\3GHz-waveguide-1port-iris\Result\adapt_Port1_h1[2.2].prt
C:\SK_OneDrive\OneDrive\PhD\CST\3GHz-waveguide\3GHz-waveguide-1port-iris\Result\Model.pmi
C:\SK_OneDrive\OneDrive\PhD\CST\3GHz-waveguide\3GHz-waveguide-1port-iris\Result\Port1_1[2.2].m2d
C:\SK_OneDrive\OneDrive\PhD\CST\3GHz-waveguide\3GHz-waveguide-1port-iris\Result\Port1_drv.m2d
C:\SK_OneDrive\OneDrive\PhD\CST\3GHz-waveguide\3GHz-waveguide-1port-iris\Result\Port1_e1.prt
C:\SK_OneDrive\OneDrive\PhD\CST\3GHz-waveguide\3GHz-waveguide-1port-iris\Result\Port1_e1[2.2].prt
C:\SK_OneDrive\OneDrive\PhD\CST\3GHz-waveguide\3GHz-waveguide-1port-iris\Result\Port1_h1.prt
C:\SK_OneDrive\OneDrive\PhD\CST\3GHz-waveguide\3GHz-waveguide-1port-iris\Result\Port1_h1[2.2].prt
C:\SK_OneDrive\OneDrive\PhD\CST\3GHz-waveguide\3GHz-waveguide-1port-iris\Result\Port2_1[2.2].m2d
C:\SK_OneDrive\OneDrive\PhD\CST\3GHz-waveguide\3GHz-waveguide-1port-iris\Result\Port2_2[2.2].m2d
C:\SK_OneDrive\OneDrive\PhD\CST\3GHz-waveguide\3GHz-waveguide-1port-iris\Result\Port2_3[2.2].m2d
C:\SK_OneDrive\OneDrive\PhD\CST\3GHz-waveguide\3GHz-waveguide-1port-iris\Result\Port2_drv.m2d
C:\SK_OneDrive\OneDrive\PhD\CST\3GHz-waveguide\3GHz-waveguide-1port-iris\Result\Port2_e1.prt
C:\SK_OneDrive\OneDrive\PhD\CST\3GHz-waveguide\3GHz-waveguide-1port-iris\Result\Port2_e1[2.2].prt
C:\SK_OneDrive\OneDrive\PhD\CST\3GHz-waveguide\3GHz-waveguide-1port-iris\Result\Port2_e2.prt
C:\SK_OneDrive\OneDrive\PhD\CST\3GHz-waveguide\3GHz-waveguide-1port-iris\Result\Port2_e2[2.2].prt
C:\SK_OneDrive\OneDrive\PhD\CST\3GHz-waveguide\3GHz-waveguide-1port-iris\Result\Port2_e3.prt
C:\SK_OneDrive\OneDrive\PhD\CST\3GHz-waveguide\3GHz-waveguide-1port-iris\Result\Port2_e3[2.2].prt
C:\SK_OneDrive\OneDrive\PhD\CST\3GHz-waveguide\3GHz-waveguide-1port-iris\Result\Port2_h1.prt
C:\SK_OneDrive\OneDrive\PhD\CST\3GHz-waveguide\3GHz-waveguide-1port-iris\Result\Port2_h1[2.2].prt
C:\SK_OneDrive\OneDrive\PhD\CST\3GHz-waveguide\3GHz-waveguide-1port-iris\Result\Port2_h2.prt
C:\SK_OneDrive\OneDrive\PhD\CST\3GHz-waveguide\3GHz-waveguide-1port-iris\Result\Port2_h2[2.2].prt
C:\SK_OneDrive\OneDrive\PhD\CST\3GHz-waveguide\3GHz-waveguide-1port-iris\Result\Port2_h3.prt
C:\SK_OneDrive\OneDrive\PhD\CST\3GHz-waveguide\3GHz-waveguide-1port-iris\Result\Port2_h3[2.2].prt
