Port monitor named: Port2_h1[2.5].prt

nx        = 77
ny        = 30
nz        = 33

nu        = 5
nv        = 5
iu        = 15
iv        = 61

idir      = 1
dcut      = 2.505000e-002
icut      = 25
type      = 1
frequency = 2.500000e+009

fcutoff   = 0.000000e+000
alpha     = 0.000000e+000
beta      = 7.339563e+001
accuracy  = 5.276605e-015

type          = TEM
wave imp.     = 2.655677e+002
wave imp.sig. = 3.840489e-002
line imp.     = 5.425678e+001

ref. port     = 0

-0.000000e+000  7.882981e+000  1.577059e+001  7.882981e+000  -0.000000e+000  
-0.000000e+000  7.882009e+000  3.154467e+001  7.882009e+000  -0.000000e+000  
-0.000000e+000  -7.882009e+000  -3.154467e+001  -7.882009e+000  -0.000000e+000  
-0.000000e+000  -7.882981e+000  -1.577059e+001  -7.882981e+000  -0.000000e+000  
-0.000000e+000  -0.000000e+000  -0.000000e+000  -0.000000e+000  -0.000000e+000  

-0.000000e+000  -0.000000e+000  -0.000000e+000  -0.000000e+000  -0.000000e+000  
-7.882983e+000  -7.886547e+000  7.886547e+000  7.882983e+000  -0.000000e+000  
-1.576605e+001  -3.153104e+001  3.153104e+001  1.576605e+001  -0.000000e+000  
-7.882983e+000  -7.886547e+000  7.886547e+000  7.882983e+000  -0.000000e+000  
-0.000000e+000  -0.000000e+000  -0.000000e+000  -0.000000e+000  -0.000000e+000  

0.000000e+000  0.000000e+000  0.000000e+000  0.000000e+000  0.000000e+000  
0.000000e+000  0.000000e+000  0.000000e+000  0.000000e+000  0.000000e+000  
0.000000e+000  0.000000e+000  0.000000e+000  0.000000e+000  0.000000e+000  
0.000000e+000  0.000000e+000  0.000000e+000  0.000000e+000  0.000000e+000  
0.000000e+000  0.000000e+000  0.000000e+000  0.000000e+000  0.000000e+000  

0.000000e+000  0.000000e+000  0.000000e+000  0.000000e+000  0.000000e+000  
0.000000e+000  0.000000e+000  0.000000e+000  0.000000e+000  0.000000e+000  
0.000000e+000  0.000000e+000  0.000000e+000  0.000000e+000  0.000000e+000  
0.000000e+000  0.000000e+000  0.000000e+000  0.000000e+000  0.000000e+000  
0.000000e+000  0.000000e+000  0.000000e+000  0.000000e+000  0.000000e+000  

0.000000e+000  0.000000e+000  0.000000e+000  0.000000e+000  0.000000e+000  
0.000000e+000  0.000000e+000  0.000000e+000  0.000000e+000  0.000000e+000  
0.000000e+000  0.000000e+000  0.000000e+000  0.000000e+000  0.000000e+000  
0.000000e+000  0.000000e+000  0.000000e+000  0.000000e+000  0.000000e+000  
0.000000e+000  0.000000e+000  0.000000e+000  0.000000e+000  0.000000e+000  

-2.759988e-005  1.410026e-002  -1.410026e-002  2.759972e-005  -0.000000e+000  
-1.400084e-002  1.491304e-004  -1.491306e-004  1.400084e-002  -0.000000e+000  
1.400084e-002  -1.491306e-004  1.491304e-004  -1.400084e-002  -0.000000e+000  
2.759972e-005  -1.410026e-002  1.410026e-002  -2.759988e-005  -0.000000e+000  
-0.000000e+000  -0.000000e+000  -0.000000e+000  -0.000000e+000  -0.000000e+000  

