matrixcalc_AMD64 @ ELECPC375:  ----------
                               Infos #: 0
                               ----------

matrixcalc_AMD64 @ ELECPC375:  -------------
                               WARNINGS #: 0
                               -------------

matrixcalc_AMD64 @ ELECPC375:  -----------
                               ERRORS #: 0
                               -----------

matrixcalc_AMD64 @ ELECPC375:  ----------
                               Infos #: 0
                               ----------

matrixcalc_AMD64 @ ELECPC375:  -------------
                               WARNINGS #: 0
                               -------------

matrixcalc_AMD64 @ ELECPC375:  -----------
                               ERRORS #: 0
                               -----------

matrixcalc_AMD64 @ ELECPC375:  ----------
                               Infos #: 0
                               ----------

matrixcalc_AMD64 @ ELECPC375:  -------------
                               WARNINGS #: 0
                               -------------

matrixcalc_AMD64 @ ELECPC375:  -----------
                               ERRORS #: 0
                               -----------

matrixcalc_AMD64 @ ELECPC375:  ----------
                               Infos #: 0
                               ----------

matrixcalc_AMD64 @ ELECPC375:  -------------
                               WARNINGS #: 0
                               -------------

matrixcalc_AMD64 @ ELECPC375:  -----------
                               ERRORS #: 0
                               -----------

matrixcalc_AMD64 @ ELECPC375:  ----------
                               Infos #: 0
                               ----------

matrixcalc_AMD64 @ ELECPC375:  -------------
                               WARNINGS #: 0
                               -------------

matrixcalc_AMD64 @ ELECPC375:  -----------
                               ERRORS #: 0
                               -----------

matrixcalc_AMD64 @ ELECPC375:  ----------
                               Infos #: 0
                               ----------

matrixcalc_AMD64 @ ELECPC375:  -------------
                               WARNINGS #: 0
                               -------------

matrixcalc_AMD64 @ ELECPC375:  -----------
                               ERRORS #: 0
                               -----------

