Port monitor named: Port2_e1[2.2].prt

nx        = 71
ny        = 23
nz        = 31

nu        = 16
nv        = 27
iu        = 3
iv        = 3

idir      = 0
dcut      = 5.114300e-001
icut      = 71
type      = 0
frequency = 2.200000e+009

fcutoff   = 1.571433e+009
alpha     = 0.000000e+000
beta      = 3.226736e+001
accuracy  = 5.913045e-010

type          = TE
wave imp.     = 5.383304e+002
wave imp.sig. = 1.373448e-005
line imp.     = 0.000000e+000

ref. port     = 0

-0.000000e+000  -0.000000e+000  -0.000000e+000  -0.000000e+000  -0.000000e+000  -0.000000e+000  -0.000000e+000  -0.000000e+000  -0.000000e+000  -0.000000e+000  -0.000000e+000  -0.000000e+000  -0.000000e+000  -0.000000e+000  -0.000000e+000  -0.000000e+000  
3.079799e+001  3.079799e+001  3.079799e+001  3.079799e+001  3.079799e+001  3.079799e+001  3.079799e+001  3.079799e+001  3.079799e+001  3.079799e+001  3.079799e+001  3.079799e+001  3.079799e+001  3.079799e+001  3.079799e+001  -0.000000e+000  
6.149633e+001  6.149633e+001  6.149633e+001  6.149633e+001  6.149633e+001  6.149633e+001  6.149632e+001  6.149632e+001  6.149632e+001  6.149632e+001  6.149632e+001  6.149632e+001  6.149632e+001  6.149632e+001  6.149632e+001  -0.000000e+000  
9.199566e+001  9.199566e+001  9.199566e+001  9.199566e+001  9.199566e+001  9.199566e+001  9.199565e+001  9.199565e+001  9.199565e+001  9.199565e+001  9.199565e+001  9.199565e+001  9.199565e+001  9.199565e+001  9.199565e+001  -0.000000e+000  
2.034543e+002  2.034543e+002  2.034543e+002  2.034543e+002  2.034543e+002  2.034543e+002  2.034543e+002  2.034543e+002  2.034543e+002  2.034543e+002  2.034543e+002  2.034543e+002  2.034543e+002  2.034543e+002  2.034543e+002  -0.000000e+000  
3.200545e+002  3.200545e+002  3.200545e+002  3.200545e+002  3.200545e+002  3.200545e+002  3.200545e+002  3.200545e+002  3.200545e+002  3.200545e+002  3.200545e+002  3.200545e+002  3.200545e+002  3.200545e+002  3.200545e+002  -0.000000e+000  
4.175497e+002  4.175497e+002  4.175497e+002  4.175497e+002  4.175497e+002  4.175497e+002  4.175497e+002  4.175497e+002  4.175497e+002  4.175497e+002  4.175497e+002  4.175497e+002  4.175497e+002  4.175497e+002  4.175497e+002  -0.000000e+000  
4.901200e+002  4.901200e+002  4.901200e+002  4.901200e+002  4.901200e+002  4.901200e+002  4.901200e+002  4.901200e+002  4.901200e+002  4.901200e+002  4.901200e+002  4.901200e+002  4.901200e+002  4.901200e+002  4.901200e+002  -0.000000e+000  
5.294907e+002  5.294907e+002  5.294907e+002  5.294906e+002  5.294906e+002  5.294906e+002  5.294906e+002  5.294906e+002  5.294906e+002  5.294906e+002  5.294906e+002  5.294906e+002  5.294906e+002  5.294906e+002  5.294906e+002  -0.000000e+000  
5.359530e+002  5.359530e+002  5.359530e+002  5.359530e+002  5.359530e+002  5.359530e+002  5.359529e+002  5.359529e+002  5.359529e+002  5.359529e+002  5.359529e+002  5.359529e+002  5.359529e+002  5.359529e+002  5.359529e+002  -0.000000e+000  
5.406809e+002  5.406809e+002  5.406809e+002  5.406809e+002  5.406809e+002  5.406809e+002  5.406809e+002  5.406809e+002  5.406809e+002  5.406809e+002  5.406809e+002  5.406809e+002  5.406809e+002  5.406809e+002  5.406809e+002  -0.000000e+000  
5.436592e+002  5.436592e+002  5.436592e+002  5.436592e+002  5.436592e+002  5.436592e+002  5.436592e+002  5.436592e+002  5.436592e+002  5.436592e+002  5.436592e+002  5.436592e+002  5.436592e+002  5.436592e+002  5.436592e+002  -0.000000e+000  
5.445971e+002  5.445971e+002  5.445971e+002  5.445971e+002  5.445971e+002  5.445971e+002  5.445971e+002  5.445971e+002  5.445971e+002  5.445971e+002  5.445971e+002  5.445971e+002  5.445971e+002  5.445971e+002  5.445971e+002  -0.000000e+000  
5.449099e+002  5.449099e+002  5.449099e+002  5.449099e+002  5.449099e+002  5.449099e+002  5.449099e+002  5.449099e+002  5.449099e+002  5.449099e+002  5.449099e+002  5.449099e+002  5.449099e+002  5.449099e+002  5.449099e+002  -0.000000e+000  
5.445971e+002  5.445971e+002  5.445971e+002  5.445971e+002  5.445971e+002  5.445971e+002  5.445971e+002  5.445971e+002  5.445971e+002  5.445971e+002  5.445971e+002  5.445971e+002  5.445971e+002  5.445971e+002  5.445971e+002  -0.000000e+000  
5.436592e+002  5.436592e+002  5.436592e+002  5.436592e+002  5.436592e+002  5.436592e+002  5.436592e+002  5.436592e+002  5.436592e+002  5.436592e+002  5.436592e+002  5.436592e+002  5.436592e+002  5.436592e+002  5.436592e+002  -0.000000e+000  
5.406809e+002  5.406809e+002  5.406809e+002  5.406809e+002  5.406809e+002  5.406809e+002  5.406809e+002  5.406809e+002  5.406809e+002  5.406809e+002  5.406809e+002  5.406809e+002  5.406809e+002  5.406809e+002  5.406809e+002  -0.000000e+000  
5.359530e+002  5.359530e+002  5.359530e+002  5.359530e+002  5.359530e+002  5.359530e+002  5.359529e+002  5.359529e+002  5.359529e+002  5.359529e+002  5.359529e+002  5.359529e+002  5.359529e+002  5.359529e+002  5.359529e+002  -0.000000e+000  
5.294907e+002  5.294907e+002  5.294907e+002  5.294906e+002  5.294906e+002  5.294906e+002  5.294906e+002  5.294906e+002  5.294906e+002  5.294906e+002  5.294906e+002  5.294906e+002  5.294906e+002  5.294906e+002  5.294906e+002  -0.000000e+000  
4.901200e+002  4.901200e+002  4.901200e+002  4.901200e+002  4.901200e+002  4.901200e+002  4.901200e+002  4.901200e+002  4.901200e+002  4.901200e+002  4.901200e+002  4.901200e+002  4.901200e+002  4.901200e+002  4.901200e+002  -0.000000e+000  
4.175497e+002  4.175497e+002  4.175497e+002  4.175497e+002  4.175497e+002  4.175497e+002  4.175497e+002  4.175497e+002  4.175497e+002  4.175497e+002  4.175497e+002  4.175497e+002  4.175497e+002  4.175497e+002  4.175497e+002  -0.000000e+000  
3.200545e+002  3.200545e+002  3.200545e+002  3.200545e+002  3.200545e+002  3.200545e+002  3.200545e+002  3.200545e+002  3.200545e+002  3.200545e+002  3.200545e+002  3.200545e+002  3.200545e+002  3.200545e+002  3.200545e+002  -0.000000e+000  
2.034543e+002  2.034543e+002  2.034543e+002  2.034543e+002  2.034543e+002  2.034543e+002  2.034543e+002  2.034543e+002  2.034543e+002  2.034543e+002  2.034543e+002  2.034543e+002  2.034543e+002  2.034543e+002  2.034543e+002  -0.000000e+000  
9.199566e+001  9.199566e+001  9.199566e+001  9.199566e+001  9.199566e+001  9.199566e+001  9.199565e+001  9.199565e+001  9.199565e+001  9.199565e+001  9.199565e+001  9.199565e+001  9.199565e+001  9.199565e+001  9.199565e+001  -0.000000e+000  
6.149633e+001  6.149633e+001  6.149633e+001  6.149633e+001  6.149633e+001  6.149633e+001  6.149632e+001  6.149632e+001  6.149632e+001  6.149632e+001  6.149632e+001  6.149632e+001  6.149632e+001  6.149632e+001  6.149632e+001  -0.000000e+000  
3.079799e+001  3.079799e+001  3.079799e+001  3.079799e+001  3.079799e+001  3.079799e+001  3.079799e+001  3.079799e+001  3.079799e+001  3.079799e+001  3.079799e+001  3.079799e+001  3.079799e+001  3.079799e+001  3.079799e+001  -0.000000e+000  
-0.000000e+000  -0.000000e+000  -0.000000e+000  -0.000000e+000  -0.000000e+000  -0.000000e+000  -0.000000e+000  -0.000000e+000  -0.000000e+000  -0.000000e+000  -0.000000e+000  -0.000000e+000  -0.000000e+000  -0.000000e+000  -0.000000e+000  -0.000000e+000  

-0.000000e+000  -9.505376e-007  -1.893839e-006  -2.816430e-006  -3.701141e-006  -4.506205e-006  -5.167994e-006  -5.656241e-006  -6.133116e-006  -6.934300e-006  -5.333832e-006  -1.437703e-007  1.363705e-006  5.872757e-007  2.153346e-007  -0.000000e+000  
-0.000000e+000  -9.551550e-007  -1.908481e-006  -2.859015e-006  -3.787554e-006  -4.675594e-006  -5.420624e-006  -5.641433e-006  -5.782316e-006  -6.150910e-006  -5.548446e-006  9.424395e-008  5.776318e-007  1.816725e-007  5.018408e-008  -0.000000e+000  
-0.000000e+000  -9.600475e-007  -1.929231e-006  -2.906528e-006  -3.924091e-006  -5.013096e-006  -6.309355e-006  -5.693643e-006  -5.170322e-006  -4.260941e-006  -6.086226e-006  6.795563e-007  -1.304145e-006  -5.128089e-007  -1.889147e-007  -0.000000e+000  
-0.000000e+000  -9.471093e-007  -1.911507e-006  -2.915913e-006  -3.988877e-006  -5.169597e-006  -6.512104e-006  -5.530402e-006  -4.628549e-006  -3.607392e-006  -5.944157e-006  7.258678e-007  -1.822963e-006  -1.020077e-006  -4.551555e-007  -0.000000e+000  
-0.000000e+000  -5.333217e-007  -1.041991e-006  -1.499665e-006  -1.873084e-006  -2.121635e-006  -2.190348e-006  -3.779990e-006  -5.318966e-006  -7.061063e-006  -1.495307e-007  -4.238590e-006  3.199080e-006  1.840398e-006  8.367019e-007  -0.000000e+000  
-0.000000e+000  -6.306471e-007  -1.250253e-006  -1.847599e-006  -2.408110e-006  -2.911089e-006  -3.323593e-006  -2.633293e-006  -1.903403e-006  -1.262042e-006  -2.719169e-006  -1.290944e-006  -2.641369e-006  -1.882773e-006  -9.740224e-007  -0.000000e+000  
-0.000000e+000  -9.190980e-007  -1.884054e-006  -2.945869e-006  -4.167294e-006  -5.628275e-006  -7.433590e-006  -2.070143e-006  3.258934e-006  9.113606e-006  -8.641995e-006  5.089591e-006  -1.353868e-005  -8.357798e-006  -3.987836e-006  -0.000000e+000  
-0.000000e+000  -1.364880e-007  -2.540137e-007  -3.348660e-007  -3.620225e-007  -3.344786e-007  -2.936669e-007  -8.176893e-007  -1.359754e-006  -1.790622e-006  1.417179e-006  -3.138567e-006  4.689063e-007  3.217380e-007  1.380378e-007  -0.000000e+000  
-0.000000e+000  1.159330e-007  2.977647e-007  6.276712e-007  1.276606e-006  2.663390e-006  5.969239e-006  1.188935e-007  -5.054669e-006  -1.420903e-005  3.579970e-006  -4.457179e-006  1.406182e-005  5.734355e-006  2.137425e-006  -0.000000e+000  
-0.000000e+000  1.534692e-007  3.452140e-007  6.301627e-007  1.036582e-006  1.496550e-006  1.599206e-006  -1.831804e-007  -2.538306e-006  -4.846324e-006  -3.855773e-007  -1.954194e-007  4.928284e-006  3.176731e-006  1.480619e-006  -0.000000e+000  
-0.000000e+000  1.238514e-007  2.750053e-007  4.868381e-007  7.262781e-007  7.762346e-007  -7.488119e-007  9.292697e-008  -5.701497e-008  3.078217e-006  -4.007239e-006  3.668967e-006  -2.933756e-006  5.502784e-007  6.034464e-007  -0.000000e+000  
-0.000000e+000  6.971578e-008  1.782536e-007  3.181959e-007  6.725678e-007  1.787058e-006  6.993120e-006  1.131662e-006  -7.802231e-007  -5.394841e-006  -3.354943e-008  -1.350046e-007  5.505868e-006  1.251434e-006  4.341698e-007  -0.000000e+000  
-0.000000e+000  3.610086e-008  5.247646e-008  1.256198e-007  2.603692e-007  7.156566e-007  1.960618e-006  4.653414e-007  -3.227829e-007  -1.692962e-006  -2.522356e-008  -2.264486e-008  1.747297e-006  5.215578e-007  1.670879e-007  -0.000000e+000  
-0.000000e+000  -3.064090e-008  -4.782838e-008  -1.246038e-007  -2.720430e-007  -7.199031e-007  -1.958099e-006  -4.643204e-007  3.393441e-007  1.701854e-006  3.693731e-008  2.931656e-008  -1.746176e-006  -5.200205e-007  -1.644633e-007  -0.000000e+000  
-0.000000e+000  -7.159778e-008  -1.737463e-007  -3.181609e-007  -6.575239e-007  -1.780887e-006  -6.992264e-006  -1.114937e-006  7.848563e-007  5.405916e-006  4.840675e-008  1.414340e-007  -5.515067e-006  -1.252828e-006  -4.313352e-007  -0.000000e+000  
-0.000000e+000  -1.215141e-007  -2.738874e-007  -4.808373e-007  -7.249378e-007  -7.768906e-007  7.527898e-007  -8.445549e-008  7.307869e-008  -3.067734e-006  4.014845e-006  -3.659527e-006  2.934639e-006  -5.490829e-007  -6.000825e-007  -0.000000e+000  
-0.000000e+000  -1.496652e-007  -3.471171e-007  -6.302245e-007  -1.036215e-006  -1.492667e-006  -1.589220e-006  1.900146e-007  2.549299e-006  4.855303e-006  3.935023e-007  2.081769e-007  -4.931042e-006  -3.178645e-006  -1.484560e-006  -0.000000e+000  
-0.000000e+000  -1.216478e-007  -2.999874e-007  -6.316899e-007  -1.274349e-006  -2.661545e-006  -5.968586e-006  -1.104960e-007  5.061974e-006  1.421595e-005  -3.570297e-006  4.469717e-006  -1.406813e-005  -5.742447e-006  -2.139129e-006  -0.000000e+000  
-0.000000e+000  1.353007e-007  2.521459e-007  3.328203e-007  3.606944e-007  3.336752e-007  2.948317e-007  8.202821e-007  1.365217e-006  1.798112e-006  -1.407223e-006  3.141115e-006  -4.677364e-007  -3.195573e-007  -1.367216e-007  -0.000000e+000  
-0.000000e+000  9.188417e-007  1.883039e-006  2.944177e-006  4.166265e-006  5.627377e-006  7.434179e-006  2.070788e-006  -3.257283e-006  -9.111305e-006  8.645096e-006  -5.089036e-006  1.353974e-005  8.360141e-006  3.989579e-006  -0.000000e+000  
-0.000000e+000  6.305237e-007  1.251567e-006  1.850353e-006  2.412025e-006  2.914777e-006  3.326529e-006  2.636213e-006  1.906852e-006  1.265293e-006  2.720698e-006  1.291436e-006  2.639443e-006  1.882218e-006  9.741718e-007  -0.000000e+000  
-0.000000e+000  5.346579e-007  1.044072e-006  1.502445e-006  1.876196e-006  2.124971e-006  2.193275e-006  3.780450e-006  5.318398e-006  7.061095e-006  1.489556e-007  4.239031e-006  -3.199719e-006  -1.842601e-006  -8.384614e-007  -0.000000e+000  
-0.000000e+000  9.482225e-007  1.914473e-006  2.920848e-006  3.994001e-006  5.174699e-006  6.516704e-006  5.535701e-006  4.633246e-006  3.611074e-006  5.948162e-006  -7.246492e-007  1.826284e-006  1.021748e-006  4.552762e-007  -0.000000e+000  
-0.000000e+000  9.629061e-007  1.933945e-006  2.918803e-006  3.931745e-006  5.022976e-006  6.313490e-006  5.694170e-006  5.174985e-006  4.262491e-006  6.090956e-006  -6.715443e-007  1.310081e-006  5.171208e-007  1.955471e-007  -0.000000e+000  
-0.000000e+000  9.571704e-007  1.911013e-006  2.864240e-006  3.798771e-006  4.680784e-006  5.422900e-006  5.643800e-006  5.779579e-006  6.153426e-006  5.556218e-006  -8.418628e-008  -5.711091e-007  -1.711288e-007  -4.807097e-008  -0.000000e+000  
-0.000000e+000  9.481456e-007  1.894011e-006  2.818837e-006  3.705540e-006  4.509438e-006  5.172241e-006  5.655116e-006  6.135637e-006  6.937868e-006  5.345189e-006  1.505710e-007  -1.358242e-006  -5.839886e-007  -2.106035e-007  -0.000000e+000  
-0.000000e+000  -0.000000e+000  -0.000000e+000  -0.000000e+000  -0.000000e+000  -0.000000e+000  -0.000000e+000  -0.000000e+000  -0.000000e+000  -0.000000e+000  -0.000000e+000  -0.000000e+000  -0.000000e+000  -0.000000e+000  -0.000000e+000  -0.000000e+000  

0.000000e+000  0.000000e+000  0.000000e+000  0.000000e+000  0.000000e+000  0.000000e+000  0.000000e+000  0.000000e+000  0.000000e+000  0.000000e+000  0.000000e+000  0.000000e+000  0.000000e+000  0.000000e+000  0.000000e+000  0.000000e+000  
0.000000e+000  0.000000e+000  0.000000e+000  0.000000e+000  0.000000e+000  0.000000e+000  0.000000e+000  0.000000e+000  0.000000e+000  0.000000e+000  0.000000e+000  0.000000e+000  0.000000e+000  0.000000e+000  0.000000e+000  0.000000e+000  
0.000000e+000  0.000000e+000  0.000000e+000  0.000000e+000  0.000000e+000  0.000000e+000  0.000000e+000  0.000000e+000  0.000000e+000  0.000000e+000  0.000000e+000  0.000000e+000  0.000000e+000  0.000000e+000  0.000000e+000  0.000000e+000  
0.000000e+000  0.000000e+000  0.000000e+000  0.000000e+000  0.000000e+000  0.000000e+000  0.000000e+000  0.000000e+000  0.000000e+000  0.000000e+000  0.000000e+000  0.000000e+000  0.000000e+000  0.000000e+000  0.000000e+000  0.000000e+000  
0.000000e+000  0.000000e+000  0.000000e+000  0.000000e+000  0.000000e+000  0.000000e+000  0.000000e+000  0.000000e+000  0.000000e+000  0.000000e+000  0.000000e+000  0.000000e+000  0.000000e+000  0.000000e+000  0.000000e+000  0.000000e+000  
0.000000e+000  0.000000e+000  0.000000e+000  0.000000e+000  0.000000e+000  0.000000e+000  0.000000e+000  0.000000e+000  0.000000e+000  0.000000e+000  0.000000e+000  0.000000e+000  0.000000e+000  0.000000e+000  0.000000e+000  0.000000e+000  
0.000000e+000  0.000000e+000  0.000000e+000  0.000000e+000  0.000000e+000  0.000000e+000  0.000000e+000  0.000000e+000  0.000000e+000  0.000000e+000  0.000000e+000  0.000000e+000  0.000000e+000  0.000000e+000  0.000000e+000  0.000000e+000  
0.000000e+000  0.000000e+000  0.000000e+000  0.000000e+000  0.000000e+000  0.000000e+000  0.000000e+000  0.000000e+000  0.000000e+000  0.000000e+000  0.000000e+000  0.000000e+000  0.000000e+000  0.000000e+000  0.000000e+000  0.000000e+000  
0.000000e+000  0.000000e+000  0.000000e+000  0.000000e+000  0.000000e+000  0.000000e+000  0.000000e+000  0.000000e+000  0.000000e+000  0.000000e+000  0.000000e+000  0.000000e+000  0.000000e+000  0.000000e+000  0.000000e+000  0.000000e+000  
0.000000e+000  0.000000e+000  0.000000e+000  0.000000e+000  0.000000e+000  0.000000e+000  0.000000e+000  0.000000e+000  0.000000e+000  0.000000e+000  0.000000e+000  0.000000e+000  0.000000e+000  0.000000e+000  0.000000e+000  0.000000e+000  
0.000000e+000  0.000000e+000  0.000000e+000  0.000000e+000  0.000000e+000  0.000000e+000  0.000000e+000  0.000000e+000  0.000000e+000  0.000000e+000  0.000000e+000  0.000000e+000  0.000000e+000  0.000000e+000  0.000000e+000  0.000000e+000  
0.000000e+000  0.000000e+000  0.000000e+000  0.000000e+000  0.000000e+000  0.000000e+000  0.000000e+000  0.000000e+000  0.000000e+000  0.000000e+000  0.000000e+000  0.000000e+000  0.000000e+000  0.000000e+000  0.000000e+000  0.000000e+000  
0.000000e+000  0.000000e+000  0.000000e+000  0.000000e+000  0.000000e+000  0.000000e+000  0.000000e+000  0.000000e+000  0.000000e+000  0.000000e+000  0.000000e+000  0.000000e+000  0.000000e+000  0.000000e+000  0.000000e+000  0.000000e+000  
0.000000e+000  0.000000e+000  0.000000e+000  0.000000e+000  0.000000e+000  0.000000e+000  0.000000e+000  0.000000e+000  0.000000e+000  0.000000e+000  0.000000e+000  0.000000e+000  0.000000e+000  0.000000e+000  0.000000e+000  0.000000e+000  
0.000000e+000  0.000000e+000  0.000000e+000  0.000000e+000  0.000000e+000  0.000000e+000  0.000000e+000  0.000000e+000  0.000000e+000  0.000000e+000  0.000000e+000  0.000000e+000  0.000000e+000  0.000000e+000  0.000000e+000  0.000000e+000  
0.000000e+000  0.000000e+000  0.000000e+000  0.000000e+000  0.000000e+000  0.000000e+000  0.000000e+000  0.000000e+000  0.000000e+000  0.000000e+000  0.000000e+000  0.000000e+000  0.000000e+000  0.000000e+000  0.000000e+000  0.000000e+000  
0.000000e+000  0.000000e+000  0.000000e+000  0.000000e+000  0.000000e+000  0.000000e+000  0.000000e+000  0.000000e+000  0.000000e+000  0.000000e+000  0.000000e+000  0.000000e+000  0.000000e+000  0.000000e+000  0.000000e+000  0.000000e+000  
0.000000e+000  0.000000e+000  0.000000e+000  0.000000e+000  0.000000e+000  0.000000e+000  0.000000e+000  0.000000e+000  0.000000e+000  0.000000e+000  0.000000e+000  0.000000e+000  0.000000e+000  0.000000e+000  0.000000e+000  0.000000e+000  
0.000000e+000  0.000000e+000  0.000000e+000  0.000000e+000  0.000000e+000  0.000000e+000  0.000000e+000  0.000000e+000  0.000000e+000  0.000000e+000  0.000000e+000  0.000000e+000  0.000000e+000  0.000000e+000  0.000000e+000  0.000000e+000  
0.000000e+000  0.000000e+000  0.000000e+000  0.000000e+000  0.000000e+000  0.000000e+000  0.000000e+000  0.000000e+000  0.000000e+000  0.000000e+000  0.000000e+000  0.000000e+000  0.000000e+000  0.000000e+000  0.000000e+000  0.000000e+000  
0.000000e+000  0.000000e+000  0.000000e+000  0.000000e+000  0.000000e+000  0.000000e+000  0.000000e+000  0.000000e+000  0.000000e+000  0.000000e+000  0.000000e+000  0.000000e+000  0.000000e+000  0.000000e+000  0.000000e+000  0.000000e+000  
0.000000e+000  0.000000e+000  0.000000e+000  0.000000e+000  0.000000e+000  0.000000e+000  0.000000e+000  0.000000e+000  0.000000e+000  0.000000e+000  0.000000e+000  0.000000e+000  0.000000e+000  0.000000e+000  0.000000e+000  0.000000e+000  
0.000000e+000  0.000000e+000  0.000000e+000  0.000000e+000  0.000000e+000  0.000000e+000  0.000000e+000  0.000000e+000  0.000000e+000  0.000000e+000  0.000000e+000  0.000000e+000  0.000000e+000  0.000000e+000  0.000000e+000  0.000000e+000  
0.000000e+000  0.000000e+000  0.000000e+000  0.000000e+000  0.000000e+000  0.000000e+000  0.000000e+000  0.000000e+000  0.000000e+000  0.000000e+000  0.000000e+000  0.000000e+000  0.000000e+000  0.000000e+000  0.000000e+000  0.000000e+000  
0.000000e+000  0.000000e+000  0.000000e+000  0.000000e+000  0.000000e+000  0.000000e+000  0.000000e+000  0.000000e+000  0.000000e+000  0.000000e+000  0.000000e+000  0.000000e+000  0.000000e+000  0.000000e+000  0.000000e+000  0.000000e+000  
0.000000e+000  0.000000e+000  0.000000e+000  0.000000e+000  0.000000e+000  0.000000e+000  0.000000e+000  0.000000e+000  0.000000e+000  0.000000e+000  0.000000e+000  0.000000e+000  0.000000e+000  0.000000e+000  0.000000e+000  0.000000e+000  
0.000000e+000  0.000000e+000  0.000000e+000  0.000000e+000  0.000000e+000  0.000000e+000  0.000000e+000  0.000000e+000  0.000000e+000  0.000000e+000  0.000000e+000  0.000000e+000  0.000000e+000  0.000000e+000  0.000000e+000  0.000000e+000  

0.000000e+000  0.000000e+000  0.000000e+000  0.000000e+000  0.000000e+000  0.000000e+000  0.000000e+000  0.000000e+000  0.000000e+000  0.000000e+000  0.000000e+000  0.000000e+000  0.000000e+000  0.000000e+000  0.000000e+000  0.000000e+000  
0.000000e+000  0.000000e+000  0.000000e+000  0.000000e+000  0.000000e+000  0.000000e+000  0.000000e+000  0.000000e+000  0.000000e+000  0.000000e+000  0.000000e+000  0.000000e+000  0.000000e+000  0.000000e+000  0.000000e+000  0.000000e+000  
0.000000e+000  0.000000e+000  0.000000e+000  0.000000e+000  0.000000e+000  0.000000e+000  0.000000e+000  0.000000e+000  0.000000e+000  0.000000e+000  0.000000e+000  0.000000e+000  0.000000e+000  0.000000e+000  0.000000e+000  0.000000e+000  
0.000000e+000  0.000000e+000  0.000000e+000  0.000000e+000  0.000000e+000  0.000000e+000  0.000000e+000  0.000000e+000  0.000000e+000  0.000000e+000  0.000000e+000  0.000000e+000  0.000000e+000  0.000000e+000  0.000000e+000  0.000000e+000  
0.000000e+000  0.000000e+000  0.000000e+000  0.000000e+000  0.000000e+000  0.000000e+000  0.000000e+000  0.000000e+000  0.000000e+000  0.000000e+000  0.000000e+000  0.000000e+000  0.000000e+000  0.000000e+000  0.000000e+000  0.000000e+000  
0.000000e+000  0.000000e+000  0.000000e+000  0.000000e+000  0.000000e+000  0.000000e+000  0.000000e+000  0.000000e+000  0.000000e+000  0.000000e+000  0.000000e+000  0.000000e+000  0.000000e+000  0.000000e+000  0.000000e+000  0.000000e+000  
0.000000e+000  0.000000e+000  0.000000e+000  0.000000e+000  0.000000e+000  0.000000e+000  0.000000e+000  0.000000e+000  0.000000e+000  0.000000e+000  0.000000e+000  0.000000e+000  0.000000e+000  0.000000e+000  0.000000e+000  0.000000e+000  
0.000000e+000  0.000000e+000  0.000000e+000  0.000000e+000  0.000000e+000  0.000000e+000  0.000000e+000  0.000000e+000  0.000000e+000  0.000000e+000  0.000000e+000  0.000000e+000  0.000000e+000  0.000000e+000  0.000000e+000  0.000000e+000  
0.000000e+000  0.000000e+000  0.000000e+000  0.000000e+000  0.000000e+000  0.000000e+000  0.000000e+000  0.000000e+000  0.000000e+000  0.000000e+000  0.000000e+000  0.000000e+000  0.000000e+000  0.000000e+000  0.000000e+000  0.000000e+000  
0.000000e+000  0.000000e+000  0.000000e+000  0.000000e+000  0.000000e+000  0.000000e+000  0.000000e+000  0.000000e+000  0.000000e+000  0.000000e+000  0.000000e+000  0.000000e+000  0.000000e+000  0.000000e+000  0.000000e+000  0.000000e+000  
0.000000e+000  0.000000e+000  0.000000e+000  0.000000e+000  0.000000e+000  0.000000e+000  0.000000e+000  0.000000e+000  0.000000e+000  0.000000e+000  0.000000e+000  0.000000e+000  0.000000e+000  0.000000e+000  0.000000e+000  0.000000e+000  
0.000000e+000  0.000000e+000  0.000000e+000  0.000000e+000  0.000000e+000  0.000000e+000  0.000000e+000  0.000000e+000  0.000000e+000  0.000000e+000  0.000000e+000  0.000000e+000  0.000000e+000  0.000000e+000  0.000000e+000  0.000000e+000  
0.000000e+000  0.000000e+000  0.000000e+000  0.000000e+000  0.000000e+000  0.000000e+000  0.000000e+000  0.000000e+000  0.000000e+000  0.000000e+000  0.000000e+000  0.000000e+000  0.000000e+000  0.000000e+000  0.000000e+000  0.000000e+000  
0.000000e+000  0.000000e+000  0.000000e+000  0.000000e+000  0.000000e+000  0.000000e+000  0.000000e+000  0.000000e+000  0.000000e+000  0.000000e+000  0.000000e+000  0.000000e+000  0.000000e+000  0.000000e+000  0.000000e+000  0.000000e+000  
0.000000e+000  0.000000e+000  0.000000e+000  0.000000e+000  0.000000e+000  0.000000e+000  0.000000e+000  0.000000e+000  0.000000e+000  0.000000e+000  0.000000e+000  0.000000e+000  0.000000e+000  0.000000e+000  0.000000e+000  0.000000e+000  
0.000000e+000  0.000000e+000  0.000000e+000  0.000000e+000  0.000000e+000  0.000000e+000  0.000000e+000  0.000000e+000  0.000000e+000  0.000000e+000  0.000000e+000  0.000000e+000  0.000000e+000  0.000000e+000  0.000000e+000  0.000000e+000  
0.000000e+000  0.000000e+000  0.000000e+000  0.000000e+000  0.000000e+000  0.000000e+000  0.000000e+000  0.000000e+000  0.000000e+000  0.000000e+000  0.000000e+000  0.000000e+000  0.000000e+000  0.000000e+000  0.000000e+000  0.000000e+000  
0.000000e+000  0.000000e+000  0.000000e+000  0.000000e+000  0.000000e+000  0.000000e+000  0.000000e+000  0.000000e+000  0.000000e+000  0.000000e+000  0.000000e+000  0.000000e+000  0.000000e+000  0.000000e+000  0.000000e+000  0.000000e+000  
0.000000e+000  0.000000e+000  0.000000e+000  0.000000e+000  0.000000e+000  0.000000e+000  0.000000e+000  0.000000e+000  0.000000e+000  0.000000e+000  0.000000e+000  0.000000e+000  0.000000e+000  0.000000e+000  0.000000e+000  0.000000e+000  
0.000000e+000  0.000000e+000  0.000000e+000  0.000000e+000  0.000000e+000  0.000000e+000  0.000000e+000  0.000000e+000  0.000000e+000  0.000000e+000  0.000000e+000  0.000000e+000  0.000000e+000  0.000000e+000  0.000000e+000  0.000000e+000  
0.000000e+000  0.000000e+000  0.000000e+000  0.000000e+000  0.000000e+000  0.000000e+000  0.000000e+000  0.000000e+000  0.000000e+000  0.000000e+000  0.000000e+000  0.000000e+000  0.000000e+000  0.000000e+000  0.000000e+000  0.000000e+000  
0.000000e+000  0.000000e+000  0.000000e+000  0.000000e+000  0.000000e+000  0.000000e+000  0.000000e+000  0.000000e+000  0.000000e+000  0.000000e+000  0.000000e+000  0.000000e+000  0.000000e+000  0.000000e+000  0.000000e+000  0.000000e+000  
0.000000e+000  0.000000e+000  0.000000e+000  0.000000e+000  0.000000e+000  0.000000e+000  0.000000e+000  0.000000e+000  0.000000e+000  0.000000e+000  0.000000e+000  0.000000e+000  0.000000e+000  0.000000e+000  0.000000e+000  0.000000e+000  
0.000000e+000  0.000000e+000  0.000000e+000  0.000000e+000  0.000000e+000  0.000000e+000  0.000000e+000  0.000000e+000  0.000000e+000  0.000000e+000  0.000000e+000  0.000000e+000  0.000000e+000  0.000000e+000  0.000000e+000  0.000000e+000  
0.000000e+000  0.000000e+000  0.000000e+000  0.000000e+000  0.000000e+000  0.000000e+000  0.000000e+000  0.000000e+000  0.000000e+000  0.000000e+000  0.000000e+000  0.000000e+000  0.000000e+000  0.000000e+000  0.000000e+000  0.000000e+000  
0.000000e+000  0.000000e+000  0.000000e+000  0.000000e+000  0.000000e+000  0.000000e+000  0.000000e+000  0.000000e+000  0.000000e+000  0.000000e+000  0.000000e+000  0.000000e+000  0.000000e+000  0.000000e+000  0.000000e+000  0.000000e+000  
0.000000e+000  0.000000e+000  0.000000e+000  0.000000e+000  0.000000e+000  0.000000e+000  0.000000e+000  0.000000e+000  0.000000e+000  0.000000e+000  0.000000e+000  0.000000e+000  0.000000e+000  0.000000e+000  0.000000e+000  0.000000e+000  

0.000000e+000  0.000000e+000  0.000000e+000  0.000000e+000  0.000000e+000  0.000000e+000  0.000000e+000  0.000000e+000  0.000000e+000  0.000000e+000  0.000000e+000  0.000000e+000  0.000000e+000  0.000000e+000  0.000000e+000  0.000000e+000  
0.000000e+000  0.000000e+000  0.000000e+000  0.000000e+000  0.000000e+000  0.000000e+000  0.000000e+000  0.000000e+000  0.000000e+000  0.000000e+000  0.000000e+000  0.000000e+000  0.000000e+000  0.000000e+000  0.000000e+000  0.000000e+000  
0.000000e+000  0.000000e+000  0.000000e+000  0.000000e+000  0.000000e+000  0.000000e+000  0.000000e+000  0.000000e+000  0.000000e+000  0.000000e+000  0.000000e+000  0.000000e+000  0.000000e+000  0.000000e+000  0.000000e+000  0.000000e+000  
0.000000e+000  0.000000e+000  0.000000e+000  0.000000e+000  0.000000e+000  0.000000e+000  0.000000e+000  0.000000e+000  0.000000e+000  0.000000e+000  0.000000e+000  0.000000e+000  0.000000e+000  0.000000e+000  0.000000e+000  0.000000e+000  
0.000000e+000  0.000000e+000  0.000000e+000  0.000000e+000  0.000000e+000  0.000000e+000  0.000000e+000  0.000000e+000  0.000000e+000  0.000000e+000  0.000000e+000  0.000000e+000  0.000000e+000  0.000000e+000  0.000000e+000  0.000000e+000  
0.000000e+000  0.000000e+000  0.000000e+000  0.000000e+000  0.000000e+000  0.000000e+000  0.000000e+000  0.000000e+000  0.000000e+000  0.000000e+000  0.000000e+000  0.000000e+000  0.000000e+000  0.000000e+000  0.000000e+000  0.000000e+000  
0.000000e+000  0.000000e+000  0.000000e+000  0.000000e+000  0.000000e+000  0.000000e+000  0.000000e+000  0.000000e+000  0.000000e+000  0.000000e+000  0.000000e+000  0.000000e+000  0.000000e+000  0.000000e+000  0.000000e+000  0.000000e+000  
0.000000e+000  0.000000e+000  0.000000e+000  0.000000e+000  0.000000e+000  0.000000e+000  0.000000e+000  0.000000e+000  0.000000e+000  0.000000e+000  0.000000e+000  0.000000e+000  0.000000e+000  0.000000e+000  0.000000e+000  0.000000e+000  
0.000000e+000  0.000000e+000  0.000000e+000  0.000000e+000  0.000000e+000  0.000000e+000  0.000000e+000  0.000000e+000  0.000000e+000  0.000000e+000  0.000000e+000  0.000000e+000  0.000000e+000  0.000000e+000  0.000000e+000  0.000000e+000  
0.000000e+000  0.000000e+000  0.000000e+000  0.000000e+000  0.000000e+000  0.000000e+000  0.000000e+000  0.000000e+000  0.000000e+000  0.000000e+000  0.000000e+000  0.000000e+000  0.000000e+000  0.000000e+000  0.000000e+000  0.000000e+000  
0.000000e+000  0.000000e+000  0.000000e+000  0.000000e+000  0.000000e+000  0.000000e+000  0.000000e+000  0.000000e+000  0.000000e+000  0.000000e+000  0.000000e+000  0.000000e+000  0.000000e+000  0.000000e+000  0.000000e+000  0.000000e+000  
0.000000e+000  0.000000e+000  0.000000e+000  0.000000e+000  0.000000e+000  0.000000e+000  0.000000e+000  0.000000e+000  0.000000e+000  0.000000e+000  0.000000e+000  0.000000e+000  0.000000e+000  0.000000e+000  0.000000e+000  0.000000e+000  
0.000000e+000  0.000000e+000  0.000000e+000  0.000000e+000  0.000000e+000  0.000000e+000  0.000000e+000  0.000000e+000  0.000000e+000  0.000000e+000  0.000000e+000  0.000000e+000  0.000000e+000  0.000000e+000  0.000000e+000  0.000000e+000  
0.000000e+000  0.000000e+000  0.000000e+000  0.000000e+000  0.000000e+000  0.000000e+000  0.000000e+000  0.000000e+000  0.000000e+000  0.000000e+000  0.000000e+000  0.000000e+000  0.000000e+000  0.000000e+000  0.000000e+000  0.000000e+000  
0.000000e+000  0.000000e+000  0.000000e+000  0.000000e+000  0.000000e+000  0.000000e+000  0.000000e+000  0.000000e+000  0.000000e+000  0.000000e+000  0.000000e+000  0.000000e+000  0.000000e+000  0.000000e+000  0.000000e+000  0.000000e+000  
0.000000e+000  0.000000e+000  0.000000e+000  0.000000e+000  0.000000e+000  0.000000e+000  0.000000e+000  0.000000e+000  0.000000e+000  0.000000e+000  0.000000e+000  0.000000e+000  0.000000e+000  0.000000e+000  0.000000e+000  0.000000e+000  
0.000000e+000  0.000000e+000  0.000000e+000  0.000000e+000  0.000000e+000  0.000000e+000  0.000000e+000  0.000000e+000  0.000000e+000  0.000000e+000  0.000000e+000  0.000000e+000  0.000000e+000  0.000000e+000  0.000000e+000  0.000000e+000  
0.000000e+000  0.000000e+000  0.000000e+000  0.000000e+000  0.000000e+000  0.000000e+000  0.000000e+000  0.000000e+000  0.000000e+000  0.000000e+000  0.000000e+000  0.000000e+000  0.000000e+000  0.000000e+000  0.000000e+000  0.000000e+000  
0.000000e+000  0.000000e+000  0.000000e+000  0.000000e+000  0.000000e+000  0.000000e+000  0.000000e+000  0.000000e+000  0.000000e+000  0.000000e+000  0.000000e+000  0.000000e+000  0.000000e+000  0.000000e+000  0.000000e+000  0.000000e+000  
0.000000e+000  0.000000e+000  0.000000e+000  0.000000e+000  0.000000e+000  0.000000e+000  0.000000e+000  0.000000e+000  0.000000e+000  0.000000e+000  0.000000e+000  0.000000e+000  0.000000e+000  0.000000e+000  0.000000e+000  0.000000e+000  
0.000000e+000  0.000000e+000  0.000000e+000  0.000000e+000  0.000000e+000  0.000000e+000  0.000000e+000  0.000000e+000  0.000000e+000  0.000000e+000  0.000000e+000  0.000000e+000  0.000000e+000  0.000000e+000  0.000000e+000  0.000000e+000  
0.000000e+000  0.000000e+000  0.000000e+000  0.000000e+000  0.000000e+000  0.000000e+000  0.000000e+000  0.000000e+000  0.000000e+000  0.000000e+000  0.000000e+000  0.000000e+000  0.000000e+000  0.000000e+000  0.000000e+000  0.000000e+000  
0.000000e+000  0.000000e+000  0.000000e+000  0.000000e+000  0.000000e+000  0.000000e+000  0.000000e+000  0.000000e+000  0.000000e+000  0.000000e+000  0.000000e+000  0.000000e+000  0.000000e+000  0.000000e+000  0.000000e+000  0.000000e+000  
0.000000e+000  0.000000e+000  0.000000e+000  0.000000e+000  0.000000e+000  0.000000e+000  0.000000e+000  0.000000e+000  0.000000e+000  0.000000e+000  0.000000e+000  0.000000e+000  0.000000e+000  0.000000e+000  0.000000e+000  0.000000e+000  
0.000000e+000  0.000000e+000  0.000000e+000  0.000000e+000  0.000000e+000  0.000000e+000  0.000000e+000  0.000000e+000  0.000000e+000  0.000000e+000  0.000000e+000  0.000000e+000  0.000000e+000  0.000000e+000  0.000000e+000  0.000000e+000  
0.000000e+000  0.000000e+000  0.000000e+000  0.000000e+000  0.000000e+000  0.000000e+000  0.000000e+000  0.000000e+000  0.000000e+000  0.000000e+000  0.000000e+000  0.000000e+000  0.000000e+000  0.000000e+000  0.000000e+000  0.000000e+000  
0.000000e+000  0.000000e+000  0.000000e+000  0.000000e+000  0.000000e+000  0.000000e+000  0.000000e+000  0.000000e+000  0.000000e+000  0.000000e+000  0.000000e+000  0.000000e+000  0.000000e+000  0.000000e+000  0.000000e+000  0.000000e+000  

-0.000000e+000  -0.000000e+000  -0.000000e+000  -0.000000e+000  -0.000000e+000  -0.000000e+000  -0.000000e+000  -0.000000e+000  -0.000000e+000  -0.000000e+000  -0.000000e+000  -0.000000e+000  -0.000000e+000  -0.000000e+000  -0.000000e+000  -0.000000e+000  
-0.000000e+000  -2.328380e-009  1.052428e-007  2.136777e-007  2.446051e-007  3.852447e-007  3.656375e-007  3.100606e-007  2.962387e-007  1.646867e-007  2.072110e-007  1.480526e-007  1.346789e-007  6.509623e-008  1.330207e-008  -0.000000e+000  
-0.000000e+000  3.349713e-008  3.684557e-007  3.767413e-007  5.920953e-007  7.016337e-007  7.709045e-007  7.118322e-007  4.547382e-007  3.515911e-007  4.141811e-007  3.221143e-007  4.073897e-007  2.297207e-007  1.694084e-007  -0.000000e+000  
-0.000000e+000  2.644092e-007  3.879056e-007  7.090107e-007  8.774593e-007  9.677535e-007  1.200028e-006  9.408670e-007  7.551478e-007  3.893285e-007  6.327778e-007  4.023871e-007  7.598589e-007  4.879562e-007  2.584474e-007  -0.000000e+000  
-0.000000e+000  4.578853e-007  8.908691e-007  1.257636e-006  1.782593e-006  2.332925e-006  2.970216e-006  2.294739e-006  1.636271e-006  8.553827e-007  1.369607e-006  8.479095e-007  1.523310e-006  9.219115e-007  4.395559e-007  -0.000000e+000  
-0.000000e+000  3.792579e-007  8.405293e-007  1.190427e-006  1.614469e-006  1.855230e-006  2.171163e-006  2.613758e-006  3.012721e-006  3.487571e-006  8.199292e-007  2.424835e-006  -5.617534e-007  -2.972877e-007  -1.500981e-007  -0.000000e+000  
-0.000000e+000  5.890568e-007  1.244325e-006  1.782052e-006  2.349063e-006  2.752187e-006  3.118960e-006  3.676964e-006  4.092431e-006  4.594543e-006  1.384814e-006  3.262396e-006  -3.193645e-007  -1.099055e-007  -4.943682e-008  -0.000000e+000  
-0.000000e+000  1.108436e-006  2.343398e-006  3.681213e-006  4.918707e-006  6.252511e-006  7.743793e-006  5.969621e-006  4.213962e-006  2.384456e-006  3.957715e-006  2.345455e-006  4.241710e-006  2.680820e-006  1.334074e-006  -0.000000e+000  
-0.000000e+000  1.208634e-006  2.540145e-006  3.761371e-006  5.140827e-006  6.301163e-006  7.613327e-006  6.295899e-006  4.938112e-006  3.538449e-006  4.008716e-006  3.061831e-006  3.820870e-006  2.422574e-006  1.192051e-006  -0.000000e+000  
-0.000000e+000  1.095219e-006  2.521225e-006  3.715982e-006  5.027271e-006  6.294037e-006  7.439245e-006  6.537309e-006  5.559138e-006  4.704944e-006  3.435465e-006  3.806653e-006  2.530946e-006  1.747690e-006  8.964705e-007  -0.000000e+000  
-0.000000e+000  1.317085e-006  2.511294e-006  3.626852e-006  4.875927e-006  6.288920e-006  7.544677e-006  6.748076e-006  5.947988e-006  5.457470e-006  3.122705e-006  4.227930e-006  1.854715e-006  1.251281e-006  6.999813e-007  -0.000000e+000  
-0.000000e+000  1.347687e-006  2.222103e-006  3.924151e-006  4.824511e-006  6.041317e-006  7.201846e-006  6.660193e-006  6.452910e-006  5.898412e-006  2.898206e-006  4.369439e-006  1.619849e-006  9.827960e-007  4.661571e-007  -0.000000e+000  
-0.000000e+000  8.200237e-007  3.031308e-006  3.312453e-006  5.288533e-006  6.105231e-006  7.251900e-006  6.926603e-006  6.248004e-006  6.332468e-006  2.809270e-006  4.418958e-006  7.624498e-007  1.064289e-006  4.404706e-007  -0.000000e+000  
-0.000000e+000  1.661627e-006  1.837876e-006  4.014221e-006  4.924412e-006  6.081794e-006  7.049975e-006  7.014344e-006  6.570814e-006  6.483447e-006  2.675076e-006  4.680997e-006  1.271689e-006  7.230632e-007  4.652367e-007  -0.000000e+000  
-0.000000e+000  1.172073e-006  2.883153e-006  3.406030e-006  4.496420e-006  5.872662e-006  7.222054e-006  6.421475e-006  6.600115e-006  6.282769e-006  2.721362e-006  4.424778e-006  1.072051e-006  1.054481e-006  5.167965e-007  -0.000000e+000  
-0.000000e+000  1.275171e-006  2.200507e-006  3.846870e-006  4.987700e-006  6.226897e-006  7.173400e-006  6.770749e-006  6.311799e-006  5.905045e-006  3.071202e-006  4.313373e-006  1.360016e-006  9.369515e-007  4.885653e-007  -0.000000e+000  
-0.000000e+000  1.197401e-006  2.654060e-006  3.591836e-006  4.999173e-006  6.102084e-006  7.448696e-006  6.815176e-006  5.986464e-006  5.518139e-006  3.132075e-006  4.168350e-006  1.883892e-006  1.339986e-006  8.280021e-007  -0.000000e+000  
-0.000000e+000  1.323311e-006  2.448117e-006  3.841675e-006  4.911256e-006  6.376518e-006  7.545373e-006  6.522879e-006  5.653356e-006  4.769072e-006  3.414293e-006  3.805597e-006  2.575685e-006  1.860696e-006  8.780580e-007  -0.000000e+000  
-0.000000e+000  1.203431e-006  2.560739e-006  3.706207e-006  5.169933e-006  6.278708e-006  7.650115e-006  6.307368e-006  5.015420e-006  3.564077e-006  4.001209e-006  3.137571e-006  3.782724e-006  2.321829e-006  1.124669e-006  -0.000000e+000  
-0.000000e+000  1.093051e-006  2.319988e-006  3.596500e-006  4.968897e-006  6.317301e-006  7.826589e-006  5.949202e-006  4.223269e-006  2.444228e-006  3.972665e-006  2.349630e-006  4.239686e-006  2.635273e-006  1.239352e-006  -0.000000e+000  
-0.000000e+000  6.408579e-007  1.275538e-006  1.793572e-006  2.364009e-006  2.749172e-006  3.133622e-006  3.637729e-006  4.124160e-006  4.598823e-006  1.398106e-006  3.234639e-006  -3.159801e-007  -9.641323e-008  -5.121726e-008  -0.000000e+000  
-0.000000e+000  4.994162e-007  8.960584e-007  1.225682e-006  1.548346e-006  1.816684e-006  2.184568e-006  2.699113e-006  3.123555e-006  3.451345e-006  8.387216e-007  2.431682e-006  -5.919116e-007  -2.779464e-007  -8.346856e-008  -0.000000e+000  
-0.000000e+000  4.147263e-007  8.709754e-007  1.315016e-006  1.898141e-006  2.369023e-006  2.979920e-006  2.176980e-006  1.533262e-006  8.452012e-007  1.337998e-006  8.271299e-007  1.463954e-006  8.958064e-007  3.867363e-007  -0.000000e+000  
-0.000000e+000  2.532975e-007  3.150069e-007  5.673591e-007  7.161304e-007  9.895324e-007  1.261893e-006  9.969586e-007  6.442897e-007  3.719677e-007  6.448730e-007  3.466546e-007  7.070076e-007  4.973817e-007  2.601491e-007  -0.000000e+000  
-0.000000e+000  1.748115e-007  3.090955e-007  4.114913e-007  3.676129e-007  8.230398e-007  8.468457e-007  5.987455e-007  5.432775e-007  3.256163e-007  3.718207e-007  2.836348e-007  3.516854e-007  3.266525e-007  1.197376e-007  -0.000000e+000  
-0.000000e+000  4.670602e-008  1.637484e-007  2.118780e-007  3.435034e-007  3.299333e-007  3.482245e-007  3.544460e-007  1.650565e-007  1.534225e-007  1.467941e-007  2.082416e-007  1.485666e-007  1.544309e-007  1.107979e-007  -0.000000e+000  
-0.000000e+000  -0.000000e+000  -0.000000e+000  -0.000000e+000  -0.000000e+000  -0.000000e+000  -0.000000e+000  -0.000000e+000  -0.000000e+000  -0.000000e+000  -0.000000e+000  -0.000000e+000  -0.000000e+000  -0.000000e+000  -0.000000e+000  -0.000000e+000  

