Port monitor named: Port2_h1[2.2].prt

nx        = 71
ny        = 23
nz        = 31

nu        = 16
nv        = 27
iu        = 3
iv        = 3

idir      = 0
dcut      = 5.114300e-001
icut      = 71
type      = 1
frequency = 2.200000e+009

fcutoff   = 1.571433e+009
alpha     = 0.000000e+000
beta      = 3.226736e+001
accuracy  = 5.913045e-010

type          = TE
wave imp.     = 5.383304e+002
wave imp.sig. = 1.373448e-005
line imp.     = 0.000000e+000

ref. port     = 0

-0.000000e+000  1.843318e-009  -0.000000e+000  -1.889995e-009  -1.277355e-009  -4.469327e-009  -2.586489e-009  1.728282e-010  1.519346e-009  7.392189e-009  3.001852e-009  -4.667458e-009  -7.022000e-009  -3.260548e-009  -8.433566e-010  -0.000000e+000  
-0.000000e+000  5.802432e-010  -5.227580e-009  -1.239423e-010  -4.545948e-009  -1.859739e-009  -3.438041e-009  -2.911365e-009  5.458486e-009  5.196464e-009  3.408550e-009  -5.976466e-009  -1.016233e-008  -5.824333e-009  -5.296173e-009  -0.000000e+000  
-0.000000e+000  -5.912816e-009  2.935473e-009  -5.675235e-009  -2.221677e-009  4.426518e-010  -2.582271e-009  2.942856e-009  -4.081485e-010  6.657331e-009  4.020016e-009  -3.937795e-009  -9.325061e-009  -7.654279e-009  -2.616703e-009  -0.000000e+000  
-0.000000e+000  -0.000000e+000  -9.302006e-010  5.287711e-010  -6.543097e-010  -2.559576e-009  -3.674121e-009  -1.788678e-009  7.478587e-010  2.548901e-009  4.477271e-009  -5.317621e-009  -3.415415e-009  -1.971309e-009  -7.680392e-010  -0.000000e+000  
-0.000000e+000  1.600858e-009  2.326243e-009  3.307326e-009  4.784110e-009  7.648138e-009  1.026958e-008  4.546045e-009  -8.010206e-010  -7.309666e-009  4.543368e-009  -4.363642e-009  1.023787e-008  6.042494e-009  3.021569e-009  -0.000000e+000  
-0.000000e+000  -4.565908e-010  -8.110618e-010  -1.159027e-009  -1.227293e-009  -1.552925e-009  -1.181182e-009  -3.359080e-009  -4.842987e-009  -6.245942e-009  6.675058e-010  -4.101578e-009  3.025613e-009  2.043311e-009  1.028190e-009  -0.000000e+000  
-0.000000e+000  -2.323167e-009  -5.029204e-009  -9.265605e-009  -1.219976e-008  -1.670810e-008  -2.208095e-008  -1.394595e-008  -6.996889e-009  2.212852e-010  -3.912857e-009  -2.338767e-009  -1.024538e-008  -6.131138e-009  -3.328510e-009  -0.000000e+000  
-0.000000e+000  -6.391404e-010  -1.281007e-009  -9.210662e-011  -1.306429e-009  1.878713e-010  1.707868e-009  -1.387946e-009  -3.925731e-009  -6.954911e-009  -3.086923e-009  -5.521553e-010  2.878313e-009  1.703115e-009  1.008888e-009  -0.000000e+000  
-0.000000e+000  3.564709e-009  7.747496e-011  3.468388e-010  1.413361e-009  -4.709988e-009  -5.286373e-009  -8.266943e-009  -1.130898e-008  -1.248412e-008  1.245607e-008  -1.654494e-008  1.687142e-008  1.184145e-008  5.881109e-009  -0.000000e+000  
-0.000000e+000  -7.679794e-009  -3.102467e-010  1.800092e-009  3.118690e-009  -2.609433e-009  -6.484659e-009  -6.684488e-009  -8.245036e-009  -1.607884e-008  1.114039e-008  -1.367797e-008  1.338372e-008  1.064400e-008  3.798504e-009  -0.000000e+000  
-0.000000e+000  -1.250012e-009  9.127753e-009  -1.081319e-008  3.645211e-010  6.810582e-009  1.281736e-008  2.756467e-009  -1.672292e-008  -2.041446e-008  1.492628e-008  -1.153188e-008  1.327771e-008  7.926289e-009  6.672297e-009  -0.000000e+000  
-0.000000e+000  2.939855e-008  -4.561428e-008  3.363954e-008  -2.721602e-008  -6.896292e-009  -1.579136e-008  -1.701044e-008  1.291589e-008  -1.426836e-008  5.039186e-009  -2.520298e-009  3.775239e-008  -6.885010e-009  6.309038e-010  -0.000000e+000  
-0.000000e+000  -4.716321e-008  6.668703e-008  -3.950429e-008  1.989252e-008  -0.000000e+000  7.657645e-009  -5.774422e-009  -1.746483e-008  -5.303947e-009  7.556359e-009  -1.462167e-008  -3.174278e-008  1.812616e-008  -1.696295e-009  -0.000000e+000  
-0.000000e+000  2.745237e-008  -5.840486e-008  3.426581e-008  2.445582e-008  1.304034e-008  -5.992189e-009  3.403950e-008  -2.270049e-009  8.068552e-009  -2.658780e-009  1.428360e-008  1.441539e-008  -1.758017e-008  -2.579781e-009  -0.000000e+000  
-0.000000e+000  -5.636364e-009  3.852361e-008  -2.407840e-008  -2.627062e-008  -1.651486e-008  1.571150e-008  -1.747427e-008  1.467618e-008  1.109543e-008  -1.966699e-008  5.971469e-009  -5.869721e-009  8.904215e-009  2.381065e-009  -0.000000e+000  
-0.000000e+000  2.817762e-009  -1.460796e-008  9.393375e-009  9.642384e-010  5.603134e-009  -1.057386e-008  -1.323843e-009  1.070752e-008  1.859402e-008  -9.486808e-009  1.163147e-008  -2.291194e-008  -1.241298e-008  -1.019856e-008  -0.000000e+000  
-0.000000e+000  -3.918507e-009  7.508804e-009  -7.156313e-009  4.855108e-009  -6.373996e-009  -2.700698e-010  9.389148e-009  6.366771e-009  1.594686e-008  -1.013717e-008  1.170369e-008  -1.389727e-008  -1.145038e-008  1.089371e-009  -0.000000e+000  
-0.000000e+000  4.221538e-009  -3.196382e-009  5.688529e-009  -6.254377e-009  8.204041e-009  7.596199e-009  7.388120e-009  1.185901e-008  1.375446e-008  -1.292949e-008  1.396208e-008  -1.409714e-008  -4.702232e-009  -4.245805e-009  -0.000000e+000  
-0.000000e+000  7.320584e-010  1.676517e-009  3.591537e-010  1.121054e-009  -9.636729e-010  -2.119923e-009  1.667231e-009  4.521424e-009  6.636806e-009  2.868361e-009  1.185007e-009  -3.202307e-009  -2.198929e-009  -7.677580e-010  -0.000000e+000  
-0.000000e+000  1.802268e-009  4.607201e-009  8.521960e-009  1.247517e-008  1.723595e-008  2.260859e-008  1.409076e-008  6.819816e-009  2.050659e-010  3.919957e-009  2.585537e-009  1.020144e-008  5.668629e-009  2.604029e-009  -0.000000e+000  
-0.000000e+000  -7.364368e-011  6.199241e-010  9.697227e-010  1.849132e-009  1.821801e-009  1.185484e-009  2.386816e-009  4.222714e-009  6.554238e-009  -7.130314e-010  3.832128e-009  -2.761738e-009  -2.087669e-009  -1.559341e-009  -0.000000e+000  
-0.000000e+000  -3.359692e-010  -1.744815e-009  -3.484177e-009  -6.199689e-009  -8.233591e-009  -1.024629e-008  -2.970694e-009  2.461533e-009  7.107493e-009  -4.151172e-009  4.577217e-009  -1.001011e-008  -5.685730e-009  -2.091353e-009  -0.000000e+000  
-0.000000e+000  -3.232109e-010  1.396923e-009  1.235274e-009  3.111543e-009  2.677674e-009  3.200868e-009  2.299612e-010  -6.866542e-010  -2.491778e-009  -4.874087e-009  5.626760e-009  3.351300e-009  1.651655e-009  2.820723e-010  -0.000000e+000  
-0.000000e+000  8.272144e-010  -3.395461e-009  -2.269537e-010  4.312341e-009  -3.781537e-009  2.105419e-009  2.694800e-009  -6.246338e-009  -6.373113e-009  -2.213821e-009  3.347879e-009  9.409128e-009  4.729722e-009  4.316607e-009  -0.000000e+000  
-0.000000e+000  2.491662e-009  1.294465e-009  1.332422e-009  -6.253022e-009  7.740015e-009  6.545265e-009  -2.341504e-009  1.869816e-009  -5.691435e-009  -2.821170e-009  2.669205e-009  7.830745e-009  6.057957e-009  3.872522e-010  -0.000000e+000  
-0.000000e+000  -2.045806e-010  1.939353e-009  1.825541e-009  4.565419e-009  2.619816e-009  1.998234e-009  1.308607e-009  -5.896272e-009  -7.774248e-009  -5.036615e-009  6.660898e-009  7.474721e-009  6.231927e-009  4.084059e-009  -0.000000e+000  
-0.000000e+000  -0.000000e+000  -0.000000e+000  -0.000000e+000  -0.000000e+000  -0.000000e+000  -0.000000e+000  -0.000000e+000  -0.000000e+000  -0.000000e+000  -0.000000e+000  -0.000000e+000  -0.000000e+000  -0.000000e+000  -0.000000e+000  -0.000000e+000  

-0.000000e+000  -0.000000e+000  -0.000000e+000  -0.000000e+000  -0.000000e+000  -0.000000e+000  -0.000000e+000  -0.000000e+000  -0.000000e+000  -0.000000e+000  -0.000000e+000  -0.000000e+000  -0.000000e+000  -0.000000e+000  -0.000000e+000  -0.000000e+000  
5.721020e-002  5.721021e-002  5.721021e-002  5.721020e-002  5.721021e-002  5.721020e-002  5.721021e-002  5.721021e-002  5.721020e-002  5.721021e-002  5.721020e-002  5.721021e-002  5.721021e-002  5.721021e-002  5.721021e-002  -0.000000e+000  
1.142353e-001  1.142353e-001  1.142353e-001  1.142353e-001  1.142353e-001  1.142353e-001  1.142353e-001  1.142353e-001  1.142353e-001  1.142353e-001  1.142353e-001  1.142353e-001  1.142353e-001  1.142353e-001  1.142353e-001  -0.000000e+000  
1.708907e-001  1.708907e-001  1.708907e-001  1.708907e-001  1.708907e-001  1.708907e-001  1.708907e-001  1.708907e-001  1.708907e-001  1.708907e-001  1.708907e-001  1.708907e-001  1.708907e-001  1.708907e-001  1.708907e-001  -0.000000e+000  
3.779357e-001  3.779357e-001  3.779357e-001  3.779357e-001  3.779357e-001  3.779357e-001  3.779357e-001  3.779357e-001  3.779357e-001  3.779357e-001  3.779357e-001  3.779357e-001  3.779357e-001  3.779357e-001  3.779357e-001  -0.000000e+000  
5.945318e-001  5.945318e-001  5.945318e-001  5.945318e-001  5.945318e-001  5.945318e-001  5.945318e-001  5.945318e-001  5.945318e-001  5.945318e-001  5.945318e-001  5.945318e-001  5.945318e-001  5.945318e-001  5.945318e-001  -0.000000e+000  
7.756384e-001  7.756384e-001  7.756384e-001  7.756384e-001  7.756384e-001  7.756384e-001  7.756384e-001  7.756384e-001  7.756384e-001  7.756384e-001  7.756384e-001  7.756384e-001  7.756384e-001  7.756384e-001  7.756384e-001  -0.000000e+000  
9.104446e-001  9.104446e-001  9.104446e-001  9.104446e-001  9.104446e-001  9.104446e-001  9.104446e-001  9.104446e-001  9.104446e-001  9.104446e-001  9.104446e-001  9.104446e-001  9.104446e-001  9.104446e-001  9.104446e-001  -0.000000e+000  
9.835793e-001  9.835793e-001  9.835793e-001  9.835793e-001  9.835793e-001  9.835793e-001  9.835793e-001  9.835793e-001  9.835793e-001  9.835793e-001  9.835793e-001  9.835793e-001  9.835793e-001  9.835793e-001  9.835793e-001  -0.000000e+000  
9.955836e-001  9.955836e-001  9.955836e-001  9.955836e-001  9.955836e-001  9.955836e-001  9.955836e-001  9.955836e-001  9.955836e-001  9.955836e-001  9.955836e-001  9.955836e-001  9.955836e-001  9.955836e-001  9.955836e-001  -0.000000e+000  
1.004366e+000  1.004366e+000  1.004366e+000  1.004366e+000  1.004366e+000  1.004366e+000  1.004366e+000  1.004366e+000  1.004366e+000  1.004366e+000  1.004366e+000  1.004366e+000  1.004366e+000  1.004366e+000  1.004366e+000  -0.000000e+000  
1.009899e+000  1.009899e+000  1.009899e+000  1.009899e+000  1.009899e+000  1.009899e+000  1.009899e+000  1.009899e+000  1.009899e+000  1.009899e+000  1.009899e+000  1.009899e+000  1.009899e+000  1.009899e+000  1.009899e+000  -0.000000e+000  
1.011641e+000  1.011641e+000  1.011641e+000  1.011641e+000  1.011641e+000  1.011641e+000  1.011641e+000  1.011641e+000  1.011641e+000  1.011641e+000  1.011641e+000  1.011641e+000  1.011641e+000  1.011641e+000  1.011641e+000  -0.000000e+000  
1.012222e+000  1.012222e+000  1.012222e+000  1.012222e+000  1.012222e+000  1.012222e+000  1.012222e+000  1.012222e+000  1.012222e+000  1.012222e+000  1.012222e+000  1.012222e+000  1.012222e+000  1.012222e+000  1.012222e+000  -0.000000e+000  
1.011641e+000  1.011641e+000  1.011641e+000  1.011641e+000  1.011641e+000  1.011641e+000  1.011641e+000  1.011641e+000  1.011641e+000  1.011641e+000  1.011641e+000  1.011641e+000  1.011641e+000  1.011641e+000  1.011641e+000  -0.000000e+000  
1.009899e+000  1.009899e+000  1.009899e+000  1.009899e+000  1.009899e+000  1.009899e+000  1.009899e+000  1.009899e+000  1.009899e+000  1.009899e+000  1.009899e+000  1.009899e+000  1.009899e+000  1.009899e+000  1.009899e+000  -0.000000e+000  
1.004366e+000  1.004366e+000  1.004366e+000  1.004366e+000  1.004366e+000  1.004366e+000  1.004366e+000  1.004366e+000  1.004366e+000  1.004366e+000  1.004366e+000  1.004366e+000  1.004366e+000  1.004366e+000  1.004366e+000  -0.000000e+000  
9.955836e-001  9.955836e-001  9.955836e-001  9.955836e-001  9.955836e-001  9.955836e-001  9.955836e-001  9.955836e-001  9.955836e-001  9.955836e-001  9.955836e-001  9.955836e-001  9.955836e-001  9.955836e-001  9.955836e-001  -0.000000e+000  
9.835793e-001  9.835793e-001  9.835793e-001  9.835793e-001  9.835793e-001  9.835793e-001  9.835793e-001  9.835793e-001  9.835793e-001  9.835793e-001  9.835793e-001  9.835793e-001  9.835793e-001  9.835793e-001  9.835793e-001  -0.000000e+000  
9.104446e-001  9.104446e-001  9.104446e-001  9.104446e-001  9.104446e-001  9.104446e-001  9.104446e-001  9.104446e-001  9.104446e-001  9.104446e-001  9.104446e-001  9.104446e-001  9.104446e-001  9.104446e-001  9.104446e-001  -0.000000e+000  
7.756384e-001  7.756384e-001  7.756384e-001  7.756384e-001  7.756384e-001  7.756384e-001  7.756384e-001  7.756384e-001  7.756384e-001  7.756384e-001  7.756384e-001  7.756384e-001  7.756384e-001  7.756384e-001  7.756384e-001  -0.000000e+000  
5.945318e-001  5.945318e-001  5.945318e-001  5.945318e-001  5.945318e-001  5.945318e-001  5.945318e-001  5.945318e-001  5.945318e-001  5.945318e-001  5.945318e-001  5.945318e-001  5.945318e-001  5.945318e-001  5.945318e-001  -0.000000e+000  
3.779357e-001  3.779357e-001  3.779357e-001  3.779357e-001  3.779357e-001  3.779357e-001  3.779357e-001  3.779357e-001  3.779357e-001  3.779357e-001  3.779357e-001  3.779357e-001  3.779357e-001  3.779357e-001  3.779357e-001  -0.000000e+000  
1.708907e-001  1.708907e-001  1.708907e-001  1.708907e-001  1.708907e-001  1.708907e-001  1.708907e-001  1.708907e-001  1.708907e-001  1.708907e-001  1.708907e-001  1.708907e-001  1.708907e-001  1.708907e-001  1.708907e-001  -0.000000e+000  
1.142353e-001  1.142353e-001  1.142353e-001  1.142353e-001  1.142353e-001  1.142353e-001  1.142353e-001  1.142353e-001  1.142353e-001  1.142353e-001  1.142353e-001  1.142353e-001  1.142353e-001  1.142353e-001  1.142353e-001  -0.000000e+000  
5.721021e-002  5.721021e-002  5.721021e-002  5.721021e-002  5.721020e-002  5.721020e-002  5.721021e-002  5.721020e-002  5.721021e-002  5.721021e-002  5.721021e-002  5.721021e-002  5.721021e-002  5.721021e-002  5.721021e-002  -0.000000e+000  
-0.000000e+000  -0.000000e+000  -0.000000e+000  -0.000000e+000  -0.000000e+000  -0.000000e+000  -0.000000e+000  -0.000000e+000  -0.000000e+000  -0.000000e+000  -0.000000e+000  -0.000000e+000  -0.000000e+000  -0.000000e+000  -0.000000e+000  -0.000000e+000  

0.000000e+000  0.000000e+000  0.000000e+000  0.000000e+000  0.000000e+000  0.000000e+000  0.000000e+000  0.000000e+000  0.000000e+000  0.000000e+000  0.000000e+000  0.000000e+000  0.000000e+000  0.000000e+000  0.000000e+000  0.000000e+000  
0.000000e+000  0.000000e+000  0.000000e+000  0.000000e+000  0.000000e+000  0.000000e+000  0.000000e+000  0.000000e+000  0.000000e+000  0.000000e+000  0.000000e+000  0.000000e+000  0.000000e+000  0.000000e+000  0.000000e+000  0.000000e+000  
0.000000e+000  0.000000e+000  0.000000e+000  0.000000e+000  0.000000e+000  0.000000e+000  0.000000e+000  0.000000e+000  0.000000e+000  0.000000e+000  0.000000e+000  0.000000e+000  0.000000e+000  0.000000e+000  0.000000e+000  0.000000e+000  
0.000000e+000  0.000000e+000  0.000000e+000  0.000000e+000  0.000000e+000  0.000000e+000  0.000000e+000  0.000000e+000  0.000000e+000  0.000000e+000  0.000000e+000  0.000000e+000  0.000000e+000  0.000000e+000  0.000000e+000  0.000000e+000  
0.000000e+000  0.000000e+000  0.000000e+000  0.000000e+000  0.000000e+000  0.000000e+000  0.000000e+000  0.000000e+000  0.000000e+000  0.000000e+000  0.000000e+000  0.000000e+000  0.000000e+000  0.000000e+000  0.000000e+000  0.000000e+000  
0.000000e+000  0.000000e+000  0.000000e+000  0.000000e+000  0.000000e+000  0.000000e+000  0.000000e+000  0.000000e+000  0.000000e+000  0.000000e+000  0.000000e+000  0.000000e+000  0.000000e+000  0.000000e+000  0.000000e+000  0.000000e+000  
0.000000e+000  0.000000e+000  0.000000e+000  0.000000e+000  0.000000e+000  0.000000e+000  0.000000e+000  0.000000e+000  0.000000e+000  0.000000e+000  0.000000e+000  0.000000e+000  0.000000e+000  0.000000e+000  0.000000e+000  0.000000e+000  
0.000000e+000  0.000000e+000  0.000000e+000  0.000000e+000  0.000000e+000  0.000000e+000  0.000000e+000  0.000000e+000  0.000000e+000  0.000000e+000  0.000000e+000  0.000000e+000  0.000000e+000  0.000000e+000  0.000000e+000  0.000000e+000  
0.000000e+000  0.000000e+000  0.000000e+000  0.000000e+000  0.000000e+000  0.000000e+000  0.000000e+000  0.000000e+000  0.000000e+000  0.000000e+000  0.000000e+000  0.000000e+000  0.000000e+000  0.000000e+000  0.000000e+000  0.000000e+000  
0.000000e+000  0.000000e+000  0.000000e+000  0.000000e+000  0.000000e+000  0.000000e+000  0.000000e+000  0.000000e+000  0.000000e+000  0.000000e+000  0.000000e+000  0.000000e+000  0.000000e+000  0.000000e+000  0.000000e+000  0.000000e+000  
0.000000e+000  0.000000e+000  0.000000e+000  0.000000e+000  0.000000e+000  0.000000e+000  0.000000e+000  0.000000e+000  0.000000e+000  0.000000e+000  0.000000e+000  0.000000e+000  0.000000e+000  0.000000e+000  0.000000e+000  0.000000e+000  
0.000000e+000  0.000000e+000  0.000000e+000  0.000000e+000  0.000000e+000  0.000000e+000  0.000000e+000  0.000000e+000  0.000000e+000  0.000000e+000  0.000000e+000  0.000000e+000  0.000000e+000  0.000000e+000  0.000000e+000  0.000000e+000  
0.000000e+000  0.000000e+000  0.000000e+000  0.000000e+000  0.000000e+000  0.000000e+000  0.000000e+000  0.000000e+000  0.000000e+000  0.000000e+000  0.000000e+000  0.000000e+000  0.000000e+000  0.000000e+000  0.000000e+000  0.000000e+000  
0.000000e+000  0.000000e+000  0.000000e+000  0.000000e+000  0.000000e+000  0.000000e+000  0.000000e+000  0.000000e+000  0.000000e+000  0.000000e+000  0.000000e+000  0.000000e+000  0.000000e+000  0.000000e+000  0.000000e+000  0.000000e+000  
0.000000e+000  0.000000e+000  0.000000e+000  0.000000e+000  0.000000e+000  0.000000e+000  0.000000e+000  0.000000e+000  0.000000e+000  0.000000e+000  0.000000e+000  0.000000e+000  0.000000e+000  0.000000e+000  0.000000e+000  0.000000e+000  
0.000000e+000  0.000000e+000  0.000000e+000  0.000000e+000  0.000000e+000  0.000000e+000  0.000000e+000  0.000000e+000  0.000000e+000  0.000000e+000  0.000000e+000  0.000000e+000  0.000000e+000  0.000000e+000  0.000000e+000  0.000000e+000  
0.000000e+000  0.000000e+000  0.000000e+000  0.000000e+000  0.000000e+000  0.000000e+000  0.000000e+000  0.000000e+000  0.000000e+000  0.000000e+000  0.000000e+000  0.000000e+000  0.000000e+000  0.000000e+000  0.000000e+000  0.000000e+000  
0.000000e+000  0.000000e+000  0.000000e+000  0.000000e+000  0.000000e+000  0.000000e+000  0.000000e+000  0.000000e+000  0.000000e+000  0.000000e+000  0.000000e+000  0.000000e+000  0.000000e+000  0.000000e+000  0.000000e+000  0.000000e+000  
0.000000e+000  0.000000e+000  0.000000e+000  0.000000e+000  0.000000e+000  0.000000e+000  0.000000e+000  0.000000e+000  0.000000e+000  0.000000e+000  0.000000e+000  0.000000e+000  0.000000e+000  0.000000e+000  0.000000e+000  0.000000e+000  
0.000000e+000  0.000000e+000  0.000000e+000  0.000000e+000  0.000000e+000  0.000000e+000  0.000000e+000  0.000000e+000  0.000000e+000  0.000000e+000  0.000000e+000  0.000000e+000  0.000000e+000  0.000000e+000  0.000000e+000  0.000000e+000  
0.000000e+000  0.000000e+000  0.000000e+000  0.000000e+000  0.000000e+000  0.000000e+000  0.000000e+000  0.000000e+000  0.000000e+000  0.000000e+000  0.000000e+000  0.000000e+000  0.000000e+000  0.000000e+000  0.000000e+000  0.000000e+000  
0.000000e+000  0.000000e+000  0.000000e+000  0.000000e+000  0.000000e+000  0.000000e+000  0.000000e+000  0.000000e+000  0.000000e+000  0.000000e+000  0.000000e+000  0.000000e+000  0.000000e+000  0.000000e+000  0.000000e+000  0.000000e+000  
0.000000e+000  0.000000e+000  0.000000e+000  0.000000e+000  0.000000e+000  0.000000e+000  0.000000e+000  0.000000e+000  0.000000e+000  0.000000e+000  0.000000e+000  0.000000e+000  0.000000e+000  0.000000e+000  0.000000e+000  0.000000e+000  
0.000000e+000  0.000000e+000  0.000000e+000  0.000000e+000  0.000000e+000  0.000000e+000  0.000000e+000  0.000000e+000  0.000000e+000  0.000000e+000  0.000000e+000  0.000000e+000  0.000000e+000  0.000000e+000  0.000000e+000  0.000000e+000  
0.000000e+000  0.000000e+000  0.000000e+000  0.000000e+000  0.000000e+000  0.000000e+000  0.000000e+000  0.000000e+000  0.000000e+000  0.000000e+000  0.000000e+000  0.000000e+000  0.000000e+000  0.000000e+000  0.000000e+000  0.000000e+000  
0.000000e+000  0.000000e+000  0.000000e+000  0.000000e+000  0.000000e+000  0.000000e+000  0.000000e+000  0.000000e+000  0.000000e+000  0.000000e+000  0.000000e+000  0.000000e+000  0.000000e+000  0.000000e+000  0.000000e+000  0.000000e+000  
0.000000e+000  0.000000e+000  0.000000e+000  0.000000e+000  0.000000e+000  0.000000e+000  0.000000e+000  0.000000e+000  0.000000e+000  0.000000e+000  0.000000e+000  0.000000e+000  0.000000e+000  0.000000e+000  0.000000e+000  0.000000e+000  

0.000000e+000  0.000000e+000  0.000000e+000  0.000000e+000  0.000000e+000  0.000000e+000  0.000000e+000  0.000000e+000  0.000000e+000  0.000000e+000  0.000000e+000  0.000000e+000  0.000000e+000  0.000000e+000  0.000000e+000  0.000000e+000  
0.000000e+000  0.000000e+000  0.000000e+000  0.000000e+000  0.000000e+000  0.000000e+000  0.000000e+000  0.000000e+000  0.000000e+000  0.000000e+000  0.000000e+000  0.000000e+000  0.000000e+000  0.000000e+000  0.000000e+000  0.000000e+000  
0.000000e+000  0.000000e+000  0.000000e+000  0.000000e+000  0.000000e+000  0.000000e+000  0.000000e+000  0.000000e+000  0.000000e+000  0.000000e+000  0.000000e+000  0.000000e+000  0.000000e+000  0.000000e+000  0.000000e+000  0.000000e+000  
0.000000e+000  0.000000e+000  0.000000e+000  0.000000e+000  0.000000e+000  0.000000e+000  0.000000e+000  0.000000e+000  0.000000e+000  0.000000e+000  0.000000e+000  0.000000e+000  0.000000e+000  0.000000e+000  0.000000e+000  0.000000e+000  
0.000000e+000  0.000000e+000  0.000000e+000  0.000000e+000  0.000000e+000  0.000000e+000  0.000000e+000  0.000000e+000  0.000000e+000  0.000000e+000  0.000000e+000  0.000000e+000  0.000000e+000  0.000000e+000  0.000000e+000  0.000000e+000  
0.000000e+000  0.000000e+000  0.000000e+000  0.000000e+000  0.000000e+000  0.000000e+000  0.000000e+000  0.000000e+000  0.000000e+000  0.000000e+000  0.000000e+000  0.000000e+000  0.000000e+000  0.000000e+000  0.000000e+000  0.000000e+000  
0.000000e+000  0.000000e+000  0.000000e+000  0.000000e+000  0.000000e+000  0.000000e+000  0.000000e+000  0.000000e+000  0.000000e+000  0.000000e+000  0.000000e+000  0.000000e+000  0.000000e+000  0.000000e+000  0.000000e+000  0.000000e+000  
0.000000e+000  0.000000e+000  0.000000e+000  0.000000e+000  0.000000e+000  0.000000e+000  0.000000e+000  0.000000e+000  0.000000e+000  0.000000e+000  0.000000e+000  0.000000e+000  0.000000e+000  0.000000e+000  0.000000e+000  0.000000e+000  
0.000000e+000  0.000000e+000  0.000000e+000  0.000000e+000  0.000000e+000  0.000000e+000  0.000000e+000  0.000000e+000  0.000000e+000  0.000000e+000  0.000000e+000  0.000000e+000  0.000000e+000  0.000000e+000  0.000000e+000  0.000000e+000  
0.000000e+000  0.000000e+000  0.000000e+000  0.000000e+000  0.000000e+000  0.000000e+000  0.000000e+000  0.000000e+000  0.000000e+000  0.000000e+000  0.000000e+000  0.000000e+000  0.000000e+000  0.000000e+000  0.000000e+000  0.000000e+000  
0.000000e+000  0.000000e+000  0.000000e+000  0.000000e+000  0.000000e+000  0.000000e+000  0.000000e+000  0.000000e+000  0.000000e+000  0.000000e+000  0.000000e+000  0.000000e+000  0.000000e+000  0.000000e+000  0.000000e+000  0.000000e+000  
0.000000e+000  0.000000e+000  0.000000e+000  0.000000e+000  0.000000e+000  0.000000e+000  0.000000e+000  0.000000e+000  0.000000e+000  0.000000e+000  0.000000e+000  0.000000e+000  0.000000e+000  0.000000e+000  0.000000e+000  0.000000e+000  
0.000000e+000  0.000000e+000  0.000000e+000  0.000000e+000  0.000000e+000  0.000000e+000  0.000000e+000  0.000000e+000  0.000000e+000  0.000000e+000  0.000000e+000  0.000000e+000  0.000000e+000  0.000000e+000  0.000000e+000  0.000000e+000  
0.000000e+000  0.000000e+000  0.000000e+000  0.000000e+000  0.000000e+000  0.000000e+000  0.000000e+000  0.000000e+000  0.000000e+000  0.000000e+000  0.000000e+000  0.000000e+000  0.000000e+000  0.000000e+000  0.000000e+000  0.000000e+000  
0.000000e+000  0.000000e+000  0.000000e+000  0.000000e+000  0.000000e+000  0.000000e+000  0.000000e+000  0.000000e+000  0.000000e+000  0.000000e+000  0.000000e+000  0.000000e+000  0.000000e+000  0.000000e+000  0.000000e+000  0.000000e+000  
0.000000e+000  0.000000e+000  0.000000e+000  0.000000e+000  0.000000e+000  0.000000e+000  0.000000e+000  0.000000e+000  0.000000e+000  0.000000e+000  0.000000e+000  0.000000e+000  0.000000e+000  0.000000e+000  0.000000e+000  0.000000e+000  
0.000000e+000  0.000000e+000  0.000000e+000  0.000000e+000  0.000000e+000  0.000000e+000  0.000000e+000  0.000000e+000  0.000000e+000  0.000000e+000  0.000000e+000  0.000000e+000  0.000000e+000  0.000000e+000  0.000000e+000  0.000000e+000  
0.000000e+000  0.000000e+000  0.000000e+000  0.000000e+000  0.000000e+000  0.000000e+000  0.000000e+000  0.000000e+000  0.000000e+000  0.000000e+000  0.000000e+000  0.000000e+000  0.000000e+000  0.000000e+000  0.000000e+000  0.000000e+000  
0.000000e+000  0.000000e+000  0.000000e+000  0.000000e+000  0.000000e+000  0.000000e+000  0.000000e+000  0.000000e+000  0.000000e+000  0.000000e+000  0.000000e+000  0.000000e+000  0.000000e+000  0.000000e+000  0.000000e+000  0.000000e+000  
0.000000e+000  0.000000e+000  0.000000e+000  0.000000e+000  0.000000e+000  0.000000e+000  0.000000e+000  0.000000e+000  0.000000e+000  0.000000e+000  0.000000e+000  0.000000e+000  0.000000e+000  0.000000e+000  0.000000e+000  0.000000e+000  
0.000000e+000  0.000000e+000  0.000000e+000  0.000000e+000  0.000000e+000  0.000000e+000  0.000000e+000  0.000000e+000  0.000000e+000  0.000000e+000  0.000000e+000  0.000000e+000  0.000000e+000  0.000000e+000  0.000000e+000  0.000000e+000  
0.000000e+000  0.000000e+000  0.000000e+000  0.000000e+000  0.000000e+000  0.000000e+000  0.000000e+000  0.000000e+000  0.000000e+000  0.000000e+000  0.000000e+000  0.000000e+000  0.000000e+000  0.000000e+000  0.000000e+000  0.000000e+000  
0.000000e+000  0.000000e+000  0.000000e+000  0.000000e+000  0.000000e+000  0.000000e+000  0.000000e+000  0.000000e+000  0.000000e+000  0.000000e+000  0.000000e+000  0.000000e+000  0.000000e+000  0.000000e+000  0.000000e+000  0.000000e+000  
0.000000e+000  0.000000e+000  0.000000e+000  0.000000e+000  0.000000e+000  0.000000e+000  0.000000e+000  0.000000e+000  0.000000e+000  0.000000e+000  0.000000e+000  0.000000e+000  0.000000e+000  0.000000e+000  0.000000e+000  0.000000e+000  
0.000000e+000  0.000000e+000  0.000000e+000  0.000000e+000  0.000000e+000  0.000000e+000  0.000000e+000  0.000000e+000  0.000000e+000  0.000000e+000  0.000000e+000  0.000000e+000  0.000000e+000  0.000000e+000  0.000000e+000  0.000000e+000  
0.000000e+000  0.000000e+000  0.000000e+000  0.000000e+000  0.000000e+000  0.000000e+000  0.000000e+000  0.000000e+000  0.000000e+000  0.000000e+000  0.000000e+000  0.000000e+000  0.000000e+000  0.000000e+000  0.000000e+000  0.000000e+000  
0.000000e+000  0.000000e+000  0.000000e+000  0.000000e+000  0.000000e+000  0.000000e+000  0.000000e+000  0.000000e+000  0.000000e+000  0.000000e+000  0.000000e+000  0.000000e+000  0.000000e+000  0.000000e+000  0.000000e+000  0.000000e+000  

0.000000e+000  0.000000e+000  0.000000e+000  0.000000e+000  0.000000e+000  0.000000e+000  0.000000e+000  0.000000e+000  0.000000e+000  0.000000e+000  0.000000e+000  0.000000e+000  0.000000e+000  0.000000e+000  0.000000e+000  0.000000e+000  
0.000000e+000  0.000000e+000  0.000000e+000  0.000000e+000  0.000000e+000  0.000000e+000  0.000000e+000  0.000000e+000  0.000000e+000  0.000000e+000  0.000000e+000  0.000000e+000  0.000000e+000  0.000000e+000  0.000000e+000  0.000000e+000  
0.000000e+000  0.000000e+000  0.000000e+000  0.000000e+000  0.000000e+000  0.000000e+000  0.000000e+000  0.000000e+000  0.000000e+000  0.000000e+000  0.000000e+000  0.000000e+000  0.000000e+000  0.000000e+000  0.000000e+000  0.000000e+000  
0.000000e+000  0.000000e+000  0.000000e+000  0.000000e+000  0.000000e+000  0.000000e+000  0.000000e+000  0.000000e+000  0.000000e+000  0.000000e+000  0.000000e+000  0.000000e+000  0.000000e+000  0.000000e+000  0.000000e+000  0.000000e+000  
0.000000e+000  0.000000e+000  0.000000e+000  0.000000e+000  0.000000e+000  0.000000e+000  0.000000e+000  0.000000e+000  0.000000e+000  0.000000e+000  0.000000e+000  0.000000e+000  0.000000e+000  0.000000e+000  0.000000e+000  0.000000e+000  
0.000000e+000  0.000000e+000  0.000000e+000  0.000000e+000  0.000000e+000  0.000000e+000  0.000000e+000  0.000000e+000  0.000000e+000  0.000000e+000  0.000000e+000  0.000000e+000  0.000000e+000  0.000000e+000  0.000000e+000  0.000000e+000  
0.000000e+000  0.000000e+000  0.000000e+000  0.000000e+000  0.000000e+000  0.000000e+000  0.000000e+000  0.000000e+000  0.000000e+000  0.000000e+000  0.000000e+000  0.000000e+000  0.000000e+000  0.000000e+000  0.000000e+000  0.000000e+000  
0.000000e+000  0.000000e+000  0.000000e+000  0.000000e+000  0.000000e+000  0.000000e+000  0.000000e+000  0.000000e+000  0.000000e+000  0.000000e+000  0.000000e+000  0.000000e+000  0.000000e+000  0.000000e+000  0.000000e+000  0.000000e+000  
0.000000e+000  0.000000e+000  0.000000e+000  0.000000e+000  0.000000e+000  0.000000e+000  0.000000e+000  0.000000e+000  0.000000e+000  0.000000e+000  0.000000e+000  0.000000e+000  0.000000e+000  0.000000e+000  0.000000e+000  0.000000e+000  
0.000000e+000  0.000000e+000  0.000000e+000  0.000000e+000  0.000000e+000  0.000000e+000  0.000000e+000  0.000000e+000  0.000000e+000  0.000000e+000  0.000000e+000  0.000000e+000  0.000000e+000  0.000000e+000  0.000000e+000  0.000000e+000  
0.000000e+000  0.000000e+000  0.000000e+000  0.000000e+000  0.000000e+000  0.000000e+000  0.000000e+000  0.000000e+000  0.000000e+000  0.000000e+000  0.000000e+000  0.000000e+000  0.000000e+000  0.000000e+000  0.000000e+000  0.000000e+000  
0.000000e+000  0.000000e+000  0.000000e+000  0.000000e+000  0.000000e+000  0.000000e+000  0.000000e+000  0.000000e+000  0.000000e+000  0.000000e+000  0.000000e+000  0.000000e+000  0.000000e+000  0.000000e+000  0.000000e+000  0.000000e+000  
0.000000e+000  0.000000e+000  0.000000e+000  0.000000e+000  0.000000e+000  0.000000e+000  0.000000e+000  0.000000e+000  0.000000e+000  0.000000e+000  0.000000e+000  0.000000e+000  0.000000e+000  0.000000e+000  0.000000e+000  0.000000e+000  
0.000000e+000  0.000000e+000  0.000000e+000  0.000000e+000  0.000000e+000  0.000000e+000  0.000000e+000  0.000000e+000  0.000000e+000  0.000000e+000  0.000000e+000  0.000000e+000  0.000000e+000  0.000000e+000  0.000000e+000  0.000000e+000  
0.000000e+000  0.000000e+000  0.000000e+000  0.000000e+000  0.000000e+000  0.000000e+000  0.000000e+000  0.000000e+000  0.000000e+000  0.000000e+000  0.000000e+000  0.000000e+000  0.000000e+000  0.000000e+000  0.000000e+000  0.000000e+000  
0.000000e+000  0.000000e+000  0.000000e+000  0.000000e+000  0.000000e+000  0.000000e+000  0.000000e+000  0.000000e+000  0.000000e+000  0.000000e+000  0.000000e+000  0.000000e+000  0.000000e+000  0.000000e+000  0.000000e+000  0.000000e+000  
0.000000e+000  0.000000e+000  0.000000e+000  0.000000e+000  0.000000e+000  0.000000e+000  0.000000e+000  0.000000e+000  0.000000e+000  0.000000e+000  0.000000e+000  0.000000e+000  0.000000e+000  0.000000e+000  0.000000e+000  0.000000e+000  
0.000000e+000  0.000000e+000  0.000000e+000  0.000000e+000  0.000000e+000  0.000000e+000  0.000000e+000  0.000000e+000  0.000000e+000  0.000000e+000  0.000000e+000  0.000000e+000  0.000000e+000  0.000000e+000  0.000000e+000  0.000000e+000  
0.000000e+000  0.000000e+000  0.000000e+000  0.000000e+000  0.000000e+000  0.000000e+000  0.000000e+000  0.000000e+000  0.000000e+000  0.000000e+000  0.000000e+000  0.000000e+000  0.000000e+000  0.000000e+000  0.000000e+000  0.000000e+000  
0.000000e+000  0.000000e+000  0.000000e+000  0.000000e+000  0.000000e+000  0.000000e+000  0.000000e+000  0.000000e+000  0.000000e+000  0.000000e+000  0.000000e+000  0.000000e+000  0.000000e+000  0.000000e+000  0.000000e+000  0.000000e+000  
0.000000e+000  0.000000e+000  0.000000e+000  0.000000e+000  0.000000e+000  0.000000e+000  0.000000e+000  0.000000e+000  0.000000e+000  0.000000e+000  0.000000e+000  0.000000e+000  0.000000e+000  0.000000e+000  0.000000e+000  0.000000e+000  
0.000000e+000  0.000000e+000  0.000000e+000  0.000000e+000  0.000000e+000  0.000000e+000  0.000000e+000  0.000000e+000  0.000000e+000  0.000000e+000  0.000000e+000  0.000000e+000  0.000000e+000  0.000000e+000  0.000000e+000  0.000000e+000  
0.000000e+000  0.000000e+000  0.000000e+000  0.000000e+000  0.000000e+000  0.000000e+000  0.000000e+000  0.000000e+000  0.000000e+000  0.000000e+000  0.000000e+000  0.000000e+000  0.000000e+000  0.000000e+000  0.000000e+000  0.000000e+000  
0.000000e+000  0.000000e+000  0.000000e+000  0.000000e+000  0.000000e+000  0.000000e+000  0.000000e+000  0.000000e+000  0.000000e+000  0.000000e+000  0.000000e+000  0.000000e+000  0.000000e+000  0.000000e+000  0.000000e+000  0.000000e+000  
0.000000e+000  0.000000e+000  0.000000e+000  0.000000e+000  0.000000e+000  0.000000e+000  0.000000e+000  0.000000e+000  0.000000e+000  0.000000e+000  0.000000e+000  0.000000e+000  0.000000e+000  0.000000e+000  0.000000e+000  0.000000e+000  
0.000000e+000  0.000000e+000  0.000000e+000  0.000000e+000  0.000000e+000  0.000000e+000  0.000000e+000  0.000000e+000  0.000000e+000  0.000000e+000  0.000000e+000  0.000000e+000  0.000000e+000  0.000000e+000  0.000000e+000  0.000000e+000  
0.000000e+000  0.000000e+000  0.000000e+000  0.000000e+000  0.000000e+000  0.000000e+000  0.000000e+000  0.000000e+000  0.000000e+000  0.000000e+000  0.000000e+000  0.000000e+000  0.000000e+000  0.000000e+000  0.000000e+000  0.000000e+000  

1.026483e+000  1.026483e+000  1.026483e+000  1.026483e+000  1.026483e+000  1.026483e+000  1.026483e+000  1.026483e+000  1.026483e+000  1.026483e+000  1.026483e+000  1.026483e+000  1.026483e+000  1.026483e+000  1.026483e+000  -0.000000e+000  
1.023161e+000  1.023161e+000  1.023161e+000  1.023161e+000  1.023161e+000  1.023161e+000  1.023161e+000  1.023161e+000  1.023161e+000  1.023161e+000  1.023161e+000  1.023161e+000  1.023161e+000  1.023161e+000  1.023161e+000  -0.000000e+000  
1.016529e+000  1.016529e+000  1.016529e+000  1.016529e+000  1.016529e+000  1.016529e+000  1.016529e+000  1.016529e+000  1.016529e+000  1.016529e+000  1.016529e+000  1.016529e+000  1.016529e+000  1.016529e+000  1.016529e+000  -0.000000e+000  
9.930080e-001  9.930080e-001  9.930080e-001  9.930080e-001  9.930080e-001  9.930080e-001  9.930080e-001  9.930080e-001  9.930080e-001  9.930080e-001  9.930080e-001  9.930080e-001  9.930080e-001  9.930080e-001  9.930080e-001  -0.000000e+000  
9.048393e-001  9.048393e-001  9.048393e-001  9.048393e-001  9.048393e-001  9.048393e-001  9.048393e-001  9.048393e-001  9.048393e-001  9.048393e-001  9.048393e-001  9.048393e-001  9.048393e-001  9.048393e-001  9.048393e-001  -0.000000e+000  
7.565804e-001  7.565804e-001  7.565804e-001  7.565804e-001  7.565804e-001  7.565804e-001  7.565804e-001  7.565804e-001  7.565804e-001  7.565804e-001  7.565804e-001  7.565804e-001  7.565804e-001  7.565804e-001  7.565804e-001  -0.000000e+000  
5.631588e-001  5.631588e-001  5.631588e-001  5.631588e-001  5.631588e-001  5.631588e-001  5.631588e-001  5.631587e-001  5.631588e-001  5.631588e-001  5.631587e-001  5.631588e-001  5.631587e-001  5.631587e-001  5.631587e-001  -0.000000e+000  
3.507610e-001  3.507610e-001  3.507610e-001  3.507610e-001  3.507610e-001  3.507610e-001  3.507610e-001  3.507610e-001  3.507610e-001  3.507610e-001  3.507610e-001  3.507610e-001  3.507610e-001  3.507610e-001  3.507610e-001  -0.000000e+000  
2.153857e-001  2.153857e-001  2.153857e-001  2.153857e-001  2.153857e-001  2.153857e-001  2.153857e-001  2.153857e-001  2.153857e-001  2.153857e-001  2.153857e-001  2.153857e-001  2.153857e-001  2.153857e-001  2.153857e-001  -0.000000e+000  
1.575806e-001  1.575806e-001  1.575806e-001  1.575806e-001  1.575806e-001  1.575806e-001  1.575806e-001  1.575806e-001  1.575806e-001  1.575806e-001  1.575806e-001  1.575806e-001  1.575806e-001  1.575806e-001  1.575806e-001  -0.000000e+000  
9.926554e-002  9.926554e-002  9.926554e-002  9.926554e-002  9.926554e-002  9.926554e-002  9.926554e-002  9.926554e-002  9.926554e-002  9.926554e-002  9.926554e-002  9.926554e-002  9.926554e-002  9.926554e-002  9.926554e-002  -0.000000e+000  
5.248567e-002  5.248567e-002  5.248567e-002  5.248567e-002  5.248567e-002  5.248567e-002  5.248567e-002  5.248567e-002  5.248567e-002  5.248567e-002  5.248567e-002  5.248567e-002  5.248567e-002  5.248567e-002  5.248567e-002  -0.000000e+000  
1.750192e-002  1.750192e-002  1.750192e-002  1.750192e-002  1.750192e-002  1.750192e-002  1.750192e-002  1.750192e-002  1.750192e-002  1.750192e-002  1.750192e-002  1.750192e-002  1.750192e-002  1.750192e-002  1.750192e-002  -0.000000e+000  
-1.750192e-002  -1.750192e-002  -1.750192e-002  -1.750192e-002  -1.750192e-002  -1.750192e-002  -1.750192e-002  -1.750192e-002  -1.750192e-002  -1.750192e-002  -1.750192e-002  -1.750192e-002  -1.750192e-002  -1.750192e-002  -1.750192e-002  -0.000000e+000  
-5.248567e-002  -5.248567e-002  -5.248567e-002  -5.248567e-002  -5.248567e-002  -5.248567e-002  -5.248567e-002  -5.248567e-002  -5.248567e-002  -5.248567e-002  -5.248567e-002  -5.248567e-002  -5.248567e-002  -5.248567e-002  -5.248567e-002  -0.000000e+000  
-9.926554e-002  -9.926554e-002  -9.926554e-002  -9.926554e-002  -9.926554e-002  -9.926554e-002  -9.926554e-002  -9.926554e-002  -9.926554e-002  -9.926554e-002  -9.926554e-002  -9.926554e-002  -9.926554e-002  -9.926554e-002  -9.926554e-002  -0.000000e+000  
-1.575806e-001  -1.575806e-001  -1.575806e-001  -1.575806e-001  -1.575806e-001  -1.575806e-001  -1.575806e-001  -1.575806e-001  -1.575806e-001  -1.575806e-001  -1.575806e-001  -1.575806e-001  -1.575806e-001  -1.575806e-001  -1.575806e-001  -0.000000e+000  
-2.153857e-001  -2.153857e-001  -2.153857e-001  -2.153857e-001  -2.153857e-001  -2.153857e-001  -2.153857e-001  -2.153857e-001  -2.153857e-001  -2.153857e-001  -2.153857e-001  -2.153857e-001  -2.153857e-001  -2.153857e-001  -2.153857e-001  -0.000000e+000  
-3.507610e-001  -3.507610e-001  -3.507610e-001  -3.507610e-001  -3.507610e-001  -3.507610e-001  -3.507610e-001  -3.507610e-001  -3.507610e-001  -3.507610e-001  -3.507610e-001  -3.507610e-001  -3.507610e-001  -3.507610e-001  -3.507610e-001  -0.000000e+000  
-5.631588e-001  -5.631588e-001  -5.631588e-001  -5.631588e-001  -5.631588e-001  -5.631588e-001  -5.631588e-001  -5.631587e-001  -5.631588e-001  -5.631588e-001  -5.631587e-001  -5.631588e-001  -5.631587e-001  -5.631587e-001  -5.631587e-001  -0.000000e+000  
-7.565804e-001  -7.565804e-001  -7.565804e-001  -7.565804e-001  -7.565804e-001  -7.565804e-001  -7.565804e-001  -7.565804e-001  -7.565804e-001  -7.565804e-001  -7.565804e-001  -7.565804e-001  -7.565804e-001  -7.565804e-001  -7.565804e-001  -0.000000e+000  
-9.048393e-001  -9.048393e-001  -9.048393e-001  -9.048393e-001  -9.048393e-001  -9.048393e-001  -9.048393e-001  -9.048393e-001  -9.048393e-001  -9.048393e-001  -9.048393e-001  -9.048393e-001  -9.048393e-001  -9.048393e-001  -9.048393e-001  -0.000000e+000  
-9.930080e-001  -9.930080e-001  -9.930080e-001  -9.930080e-001  -9.930080e-001  -9.930080e-001  -9.930080e-001  -9.930080e-001  -9.930080e-001  -9.930080e-001  -9.930080e-001  -9.930080e-001  -9.930080e-001  -9.930080e-001  -9.930080e-001  -0.000000e+000  
-1.016529e+000  -1.016529e+000  -1.016529e+000  -1.016529e+000  -1.016529e+000  -1.016529e+000  -1.016529e+000  -1.016529e+000  -1.016529e+000  -1.016529e+000  -1.016529e+000  -1.016529e+000  -1.016529e+000  -1.016529e+000  -1.016529e+000  -0.000000e+000  
-1.023161e+000  -1.023161e+000  -1.023161e+000  -1.023161e+000  -1.023161e+000  -1.023161e+000  -1.023161e+000  -1.023161e+000  -1.023161e+000  -1.023161e+000  -1.023161e+000  -1.023161e+000  -1.023161e+000  -1.023161e+000  -1.023161e+000  -0.000000e+000  
-1.026483e+000  -1.026483e+000  -1.026483e+000  -1.026483e+000  -1.026483e+000  -1.026483e+000  -1.026483e+000  -1.026483e+000  -1.026483e+000  -1.026483e+000  -1.026483e+000  -1.026483e+000  -1.026483e+000  -1.026483e+000  -1.026483e+000  -0.000000e+000  
-0.000000e+000  -0.000000e+000  -0.000000e+000  -0.000000e+000  -0.000000e+000  -0.000000e+000  -0.000000e+000  -0.000000e+000  -0.000000e+000  -0.000000e+000  -0.000000e+000  -0.000000e+000  -0.000000e+000  -0.000000e+000  -0.000000e+000  -0.000000e+000  

