Port monitor named: Port2_e2.prt

nx        = 3
ny        = 18
nz        = 29

nu        = 16
nv        = 27
iu        = 2
iv        = 2

idir      = 0
dcut      = 5.114300e-001
icut      = 3
type      = 0
frequency = 2.200000e+009

fcutoff   = 3.150656e+009
alpha     = 4.725954e+001
beta      = 0.000000e+000
accuracy  = 5.753658e-010

type          = TE
wave imp.     = 3.675555e+002
wave imp.sig. = 9.221281e-006
line imp.     = 0.000000e+000

ref. port     = 0

-0.000000e+000  -0.000000e+000  -0.000000e+000  -0.000000e+000  -0.000000e+000  -0.000000e+000  -0.000000e+000  -0.000000e+000  -0.000000e+000  -0.000000e+000  -0.000000e+000  -0.000000e+000  -0.000000e+000  -0.000000e+000  -0.000000e+000  -0.000000e+000  
-5.078713e+001  -5.078713e+001  -5.078713e+001  -5.078713e+001  -5.078713e+001  -5.078713e+001  -5.078712e+001  -5.078712e+001  -5.078712e+001  -5.078713e+001  -5.078713e+001  -5.078712e+001  -5.078712e+001  -5.078712e+001  -5.078712e+001  -0.000000e+000  
-1.009137e+002  -1.009137e+002  -1.009137e+002  -1.009137e+002  -1.009137e+002  -1.009137e+002  -1.009137e+002  -1.009137e+002  -1.009137e+002  -1.009137e+002  -1.009137e+002  -1.009137e+002  -1.009137e+002  -1.009137e+002  -1.009137e+002  -0.000000e+000  
-1.497280e+002  -1.497280e+002  -1.497279e+002  -1.497279e+002  -1.497280e+002  -1.497280e+002  -1.497279e+002  -1.497279e+002  -1.497279e+002  -1.497279e+002  -1.497279e+002  -1.497279e+002  -1.497279e+002  -1.497279e+002  -1.497279e+002  -0.000000e+000  
-3.150743e+002  -3.150743e+002  -3.150743e+002  -3.150743e+002  -3.150743e+002  -3.150743e+002  -3.150743e+002  -3.150743e+002  -3.150743e+002  -3.150743e+002  -3.150743e+002  -3.150743e+002  -3.150743e+002  -3.150743e+002  -3.150743e+002  -0.000000e+000  
-4.341897e+002  -4.341897e+002  -4.341897e+002  -4.341897e+002  -4.341897e+002  -4.341897e+002  -4.341897e+002  -4.341897e+002  -4.341897e+002  -4.341897e+002  -4.341897e+002  -4.341897e+002  -4.341897e+002  -4.341897e+002  -4.341897e+002  -0.000000e+000  
-4.491413e+002  -4.491413e+002  -4.491413e+002  -4.491413e+002  -4.491413e+002  -4.491413e+002  -4.491412e+002  -4.491412e+002  -4.491412e+002  -4.491413e+002  -4.491412e+002  -4.491413e+002  -4.491412e+002  -4.491412e+002  -4.491412e+002  -0.000000e+000  
-3.563420e+002  -3.563420e+002  -3.563420e+002  -3.563420e+002  -3.563420e+002  -3.563420e+002  -3.563420e+002  -3.563420e+002  -3.563420e+002  -3.563420e+002  -3.563420e+002  -3.563420e+002  -3.563420e+002  -3.563420e+002  -3.563420e+002  -0.000000e+000  
-2.058505e+002  -2.058505e+002  -2.058505e+002  -2.058505e+002  -2.058505e+002  -2.058505e+002  -2.058505e+002  -2.058505e+002  -2.058505e+002  -2.058505e+002  -2.058505e+002  -2.058505e+002  -2.058505e+002  -2.058505e+002  -2.058505e+002  -0.000000e+000  
-1.592768e+002  -1.592768e+002  -1.592768e+002  -1.592768e+002  -1.592768e+002  -1.592768e+002  -1.592768e+002  -1.592768e+002  -1.592768e+002  -1.592768e+002  -1.592768e+002  -1.592768e+002  -1.592768e+002  -1.592768e+002  -1.592768e+002  -0.000000e+000  
-1.106317e+002  -1.106317e+002  -1.106317e+002  -1.106317e+002  -1.106317e+002  -1.106317e+002  -1.106317e+002  -1.106317e+002  -1.106317e+002  -1.106317e+002  -1.106317e+002  -1.106317e+002  -1.106317e+002  -1.106317e+002  -1.106317e+002  -0.000000e+000  
-6.054784e+001  -6.054784e+001  -6.054784e+001  -6.054784e+001  -6.054784e+001  -6.054784e+001  -6.054783e+001  -6.054783e+001  -6.054783e+001  -6.054784e+001  -6.054784e+001  -6.054784e+001  -6.054783e+001  -6.054783e+001  -6.054783e+001  -0.000000e+000  
-3.034391e+001  -3.034391e+001  -3.034391e+001  -3.034391e+001  -3.034391e+001  -3.034391e+001  -3.034391e+001  -3.034391e+001  -3.034391e+001  -3.034391e+001  -3.034391e+001  -3.034391e+001  -3.034391e+001  -3.034391e+001  -3.034391e+001  -0.000000e+000  
-2.784801e-009  -0.000000e+000  -0.000000e+000  -3.243345e-009  -4.480685e-009  -0.000000e+000  -2.417850e-009  -0.000000e+000  -2.565443e-009  -0.000000e+000  -0.000000e+000  -0.000000e+000  -0.000000e+000  -0.000000e+000  -0.000000e+000  -0.000000e+000  
3.034391e+001  3.034391e+001  3.034391e+001  3.034391e+001  3.034391e+001  3.034391e+001  3.034391e+001  3.034391e+001  3.034391e+001  3.034391e+001  3.034391e+001  3.034391e+001  3.034391e+001  3.034391e+001  3.034391e+001  -0.000000e+000  
6.054784e+001  6.054784e+001  6.054784e+001  6.054784e+001  6.054784e+001  6.054784e+001  6.054783e+001  6.054783e+001  6.054783e+001  6.054784e+001  6.054784e+001  6.054784e+001  6.054783e+001  6.054783e+001  6.054783e+001  -0.000000e+000  
1.106317e+002  1.106317e+002  1.106317e+002  1.106317e+002  1.106317e+002  1.106317e+002  1.106317e+002  1.106317e+002  1.106317e+002  1.106317e+002  1.106317e+002  1.106317e+002  1.106317e+002  1.106317e+002  1.106317e+002  -0.000000e+000  
1.592768e+002  1.592768e+002  1.592768e+002  1.592768e+002  1.592768e+002  1.592768e+002  1.592768e+002  1.592768e+002  1.592768e+002  1.592768e+002  1.592768e+002  1.592768e+002  1.592768e+002  1.592768e+002  1.592768e+002  -0.000000e+000  
2.058505e+002  2.058505e+002  2.058505e+002  2.058505e+002  2.058505e+002  2.058505e+002  2.058505e+002  2.058505e+002  2.058505e+002  2.058505e+002  2.058505e+002  2.058505e+002  2.058505e+002  2.058505e+002  2.058505e+002  -0.000000e+000  
3.563420e+002  3.563420e+002  3.563420e+002  3.563420e+002  3.563420e+002  3.563420e+002  3.563420e+002  3.563420e+002  3.563420e+002  3.563420e+002  3.563420e+002  3.563420e+002  3.563420e+002  3.563420e+002  3.563420e+002  -0.000000e+000  
4.491413e+002  4.491413e+002  4.491413e+002  4.491413e+002  4.491413e+002  4.491413e+002  4.491412e+002  4.491412e+002  4.491412e+002  4.491413e+002  4.491412e+002  4.491413e+002  4.491412e+002  4.491412e+002  4.491412e+002  -0.000000e+000  
4.341897e+002  4.341897e+002  4.341897e+002  4.341897e+002  4.341897e+002  4.341897e+002  4.341897e+002  4.341897e+002  4.341897e+002  4.341897e+002  4.341897e+002  4.341897e+002  4.341897e+002  4.341897e+002  4.341897e+002  -0.000000e+000  
3.150743e+002  3.150743e+002  3.150743e+002  3.150743e+002  3.150743e+002  3.150743e+002  3.150743e+002  3.150743e+002  3.150743e+002  3.150743e+002  3.150743e+002  3.150743e+002  3.150743e+002  3.150743e+002  3.150743e+002  -0.000000e+000  
1.497280e+002  1.497280e+002  1.497280e+002  1.497279e+002  1.497280e+002  1.497280e+002  1.497279e+002  1.497279e+002  1.497279e+002  1.497279e+002  1.497279e+002  1.497279e+002  1.497279e+002  1.497279e+002  1.497279e+002  -0.000000e+000  
1.009137e+002  1.009137e+002  1.009137e+002  1.009137e+002  1.009137e+002  1.009137e+002  1.009137e+002  1.009137e+002  1.009137e+002  1.009137e+002  1.009137e+002  1.009137e+002  1.009137e+002  1.009137e+002  1.009137e+002  -0.000000e+000  
5.078713e+001  5.078713e+001  5.078713e+001  5.078713e+001  5.078713e+001  5.078713e+001  5.078712e+001  5.078712e+001  5.078712e+001  5.078713e+001  5.078713e+001  5.078712e+001  5.078712e+001  5.078712e+001  5.078712e+001  -0.000000e+000  
-0.000000e+000  -0.000000e+000  -0.000000e+000  -0.000000e+000  -0.000000e+000  -0.000000e+000  -0.000000e+000  -0.000000e+000  -0.000000e+000  -0.000000e+000  -0.000000e+000  -0.000000e+000  -0.000000e+000  -0.000000e+000  -0.000000e+000  -0.000000e+000  

-0.000000e+000  1.715316e-006  3.416541e-006  5.082710e-006  6.676060e-006  8.129896e-006  9.332903e-006  1.024646e-005  1.112501e-005  1.249898e-005  9.630679e-006  4.881805e-007  -2.316437e-006  -1.037317e-006  -3.926752e-007  -0.000000e+000  
-0.000000e+000  1.711498e-006  3.417403e-006  5.107314e-006  6.766396e-006  8.341237e-006  9.669848e-006  1.015038e-005  1.047229e-005  1.113592e-005  9.905981e-006  7.593404e-008  -1.035305e-006  -3.735988e-007  -1.326726e-007  -0.000000e+000  
-0.000000e+000  1.692009e-006  3.389963e-006  5.110667e-006  6.873107e-006  8.752708e-006  1.095901e-005  1.007918e-005  9.337124e-006  7.908792e-006  1.063067e-005  -9.247641e-007  1.995152e-006  7.181220e-007  2.457960e-007  -0.000000e+000  
-0.000000e+000  1.569628e-006  3.166166e-006  4.820207e-006  6.572952e-006  8.480571e-006  1.061836e-005  9.270930e-006  8.009019e-006  6.527607e-006  9.836875e-006  -1.121636e-006  2.507669e-006  1.347945e-006  5.806898e-007  -0.000000e+000  
-0.000000e+000  5.506185e-007  1.067510e-006  1.512865e-006  1.841405e-006  1.993821e-006  1.890887e-006  4.772883e-006  7.565078e-006  1.061567e-005  -8.061914e-007  5.753561e-006  -6.398721e-006  -3.879361e-006  -1.829988e-006  -0.000000e+000  
-0.000000e+000  1.147189e-007  2.272750e-007  3.354256e-007  4.366642e-007  5.272782e-007  6.026480e-007  5.089838e-007  4.068245e-007  3.147072e-007  5.290405e-007  2.859693e-007  4.432506e-007  3.140230e-007  1.618439e-007  -0.000000e+000  
-0.000000e+000  -3.030698e-007  -5.704634e-007  -7.621971e-007  -8.295170e-007  -7.092956e-007  -3.160282e-007  -3.718538e-006  -7.042042e-006  -1.067701e-005  2.290503e-006  -5.722820e-006  7.962664e-006  4.868306e-006  2.308824e-006  -0.000000e+000  
-0.000000e+000  -1.403693e-006  -2.834333e-006  -4.323416e-006  -5.910826e-006  -7.650621e-006  -9.610067e-006  -8.228451e-006  -6.941737e-006  -5.489734e-006  -9.219032e-006  1.594133e-006  -2.497629e-006  -1.385027e-006  -6.095147e-007  -0.000000e+000  
-0.000000e+000  -1.589807e-006  -3.190531e-006  -4.822555e-006  -6.524659e-006  -8.403074e-006  -1.078796e-005  -9.077575e-006  -7.576241e-006  -5.028145e-006  -1.053295e-005  1.571311e-006  -4.192021e-006  -1.858704e-006  -7.520763e-007  -0.000000e+000  
-0.000000e+000  -1.629829e-006  -3.260467e-006  -4.883647e-006  -6.478026e-006  -7.972562e-006  -9.130290e-006  -9.104764e-006  -8.814997e-006  -8.935347e-006  -9.564254e-006  1.758961e-007  -6.216305e-007  -7.817102e-007  -4.423682e-007  -0.000000e+000  
-0.000000e+000  -1.653567e-006  -3.299076e-006  -4.913973e-006  -6.471126e-006  -7.864489e-006  -8.771641e-006  -9.284382e-006  -9.515452e-006  -1.057532e-005  -9.191996e-006  -4.887481e-007  7.998455e-007  -2.051584e-007  -2.305468e-007  -0.000000e+000  
-0.000000e+000  -1.666475e-006  -3.312877e-006  -4.955937e-006  -6.559388e-006  -8.183134e-006  -1.013316e-005  -9.550135e-006  -9.313177e-006  -8.693032e-006  -1.004848e-005  2.405089e-007  -1.187110e-006  -5.379824e-007  -2.677329e-007  -0.000000e+000  
-0.000000e+000  -1.662446e-006  -3.331957e-006  -4.967300e-006  -6.600010e-006  -8.234626e-006  -9.906735e-006  -9.588033e-006  -9.244824e-006  -8.610357e-006  -1.019020e-005  3.373084e-007  -1.303150e-006  -6.512960e-007  -2.937715e-007  -0.000000e+000  
-0.000000e+000  -1.672009e-006  -3.319622e-006  -4.972168e-006  -6.599443e-006  -8.236165e-006  -9.901071e-006  -9.591673e-006  -9.244239e-006  -8.613288e-006  -1.019029e-005  3.334593e-007  -1.306640e-006  -6.485571e-007  -2.924292e-007  -0.000000e+000  
-0.000000e+000  -1.662630e-006  -3.322823e-006  -4.950418e-006  -6.560424e-006  -8.178739e-006  -1.013667e-005  -9.548809e-006  -9.309537e-006  -8.692869e-006  -1.004809e-005  2.409547e-007  -1.186088e-006  -5.417424e-007  -2.679757e-007  -0.000000e+000  
-0.000000e+000  -1.653217e-006  -3.296770e-006  -4.915927e-006  -6.471755e-006  -7.863593e-006  -8.769122e-006  -9.280822e-006  -9.517363e-006  -1.057489e-005  -9.192743e-006  -4.908142e-007  7.989077e-007  -2.044697e-007  -2.299282e-007  -0.000000e+000  
-0.000000e+000  -1.631096e-006  -3.261856e-006  -4.883551e-006  -6.478133e-006  -7.972233e-006  -9.128785e-006  -9.105142e-006  -8.813693e-006  -8.936615e-006  -9.565572e-006  1.733716e-007  -6.227592e-007  -7.812228e-007  -4.427564e-007  -0.000000e+000  
-0.000000e+000  -1.590026e-006  -3.190677e-006  -4.824520e-006  -6.524872e-006  -8.403602e-006  -1.078798e-005  -9.077290e-006  -7.577551e-006  -5.029129e-006  -1.053409e-005  1.569740e-006  -4.192654e-006  -1.859117e-006  -7.514546e-007  -0.000000e+000  
-0.000000e+000  -1.403778e-006  -2.834686e-006  -4.323844e-006  -5.911793e-006  -7.651620e-006  -9.611111e-006  -8.229424e-006  -6.942824e-006  -5.491090e-006  -9.219205e-006  1.595294e-006  -2.496220e-006  -1.383566e-006  -6.084879e-007  -0.000000e+000  
-0.000000e+000  -3.030996e-007  -5.705769e-007  -7.625871e-007  -8.300872e-007  -7.103685e-007  -3.172219e-007  -3.719855e-006  -7.043362e-006  -1.067860e-005  2.289595e-006  -5.722643e-006  7.962422e-006  4.868288e-006  2.308932e-006  -0.000000e+000  
-0.000000e+000  1.140409e-007  2.262815e-007  3.341327e-007  4.352468e-007  5.261615e-007  6.017103e-007  5.083120e-007  4.061339e-007  3.139401e-007  5.286397e-007  2.866719e-007  4.439793e-007  3.151253e-007  1.628252e-007  -0.000000e+000  
-0.000000e+000  5.502903e-007  1.066759e-006  1.512179e-006  1.840499e-006  1.993268e-006  1.890881e-006  4.773372e-006  7.566002e-006  1.061694e-005  -8.031559e-007  5.755874e-006  -6.397940e-006  -3.878584e-006  -1.829482e-006  -0.000000e+000  
-0.000000e+000  1.569855e-006  3.166126e-006  4.820439e-006  6.573364e-006  8.481429e-006  1.061958e-005  9.272372e-006  8.010719e-006  6.529565e-006  9.839812e-006  -1.117902e-006  2.508500e-006  1.348000e-006  5.804439e-007  -0.000000e+000  
-0.000000e+000  1.691057e-006  3.390583e-006  5.109625e-006  6.872707e-006  8.753168e-006  1.095892e-005  1.007938e-005  9.338037e-006  7.911094e-006  1.063529e-005  -9.230969e-007  1.997392e-006  7.196634e-007  2.461793e-007  -0.000000e+000  
-0.000000e+000  1.711239e-006  3.416072e-006  5.108194e-006  6.767083e-006  8.340002e-006  9.669224e-006  1.014998e-005  1.047237e-005  1.113770e-005  9.911404e-006  7.744890e-008  -1.033994e-006  -3.732838e-007  -1.317250e-007  -0.000000e+000  
-0.000000e+000  1.715202e-006  3.417616e-006  5.083111e-006  6.676667e-006  8.129288e-006  9.332953e-006  1.024588e-005  1.112594e-005  1.250110e-005  9.636228e-006  4.894124e-007  -2.316308e-006  -1.037078e-006  -3.929384e-007  -0.000000e+000  
-0.000000e+000  -0.000000e+000  -0.000000e+000  -0.000000e+000  -0.000000e+000  -0.000000e+000  -0.000000e+000  -0.000000e+000  -0.000000e+000  -0.000000e+000  -0.000000e+000  -0.000000e+000  -0.000000e+000  -0.000000e+000  -0.000000e+000  -0.000000e+000  

-0.000000e+000  -0.000000e+000  -0.000000e+000  -0.000000e+000  -0.000000e+000  -0.000000e+000  -0.000000e+000  -0.000000e+000  -0.000000e+000  -0.000000e+000  -0.000000e+000  -0.000000e+000  -0.000000e+000  -0.000000e+000  -0.000000e+000  -0.000000e+000  
-0.000000e+000  -1.473089e-007  -3.159166e-007  -4.680789e-007  -6.249630e-007  -7.930379e-007  -9.209650e-007  -7.329585e-007  -5.731880e-007  -4.248971e-007  -3.946367e-007  -3.894258e-007  -4.352480e-007  -3.226089e-007  -1.590629e-007  -0.000000e+000  
-0.000000e+000  -2.865277e-007  -6.527603e-007  -9.229369e-007  -1.257968e-006  -1.580547e-006  -1.856714e-006  -1.487086e-006  -1.059651e-006  -7.505846e-007  -8.353079e-007  -7.075255e-007  -9.584068e-007  -6.727021e-007  -3.582289e-007  -0.000000e+000  
-0.000000e+000  -4.719539e-007  -9.045389e-007  -1.403598e-006  -1.880485e-006  -2.356724e-006  -2.840313e-006  -2.181320e-006  -1.516005e-006  -7.920027e-007  -1.399332e-006  -8.695951e-007  -1.693813e-006  -1.089836e-006  -5.355574e-007  -0.000000e+000  
-0.000000e+000  -9.261656e-007  -1.891100e-006  -2.899153e-006  -4.006671e-006  -5.210987e-006  -6.588766e-006  -4.853831e-006  -3.252074e-006  -1.602880e-006  -2.878174e-006  -1.684559e-006  -3.429002e-006  -2.113763e-006  -1.016823e-006  -0.000000e+000  
-0.000000e+000  -7.471571e-007  -1.503899e-006  -2.198553e-006  -2.849264e-006  -3.383825e-006  -3.832939e-006  -4.716421e-006  -5.524973e-006  -6.365080e-006  -1.103358e-006  -4.401617e-006  1.288058e-006  7.334303e-007  3.417099e-007  -0.000000e+000  
-0.000000e+000  -7.961184e-007  -1.586763e-006  -2.323648e-006  -3.001034e-006  -3.572634e-006  -4.027024e-006  -4.922208e-006  -5.732410e-006  -6.607423e-006  -1.211425e-006  -4.580125e-006  1.250421e-006  7.049149e-007  3.110749e-007  -0.000000e+000  
-0.000000e+000  -1.076583e-006  -2.181202e-006  -3.351819e-006  -4.595651e-006  -5.977310e-006  -7.543878e-006  -5.584059e-006  -3.738963e-006  -1.839614e-006  -3.360032e-006  -1.960899e-006  -4.000621e-006  -2.487662e-006  -1.200643e-006  -0.000000e+000  
-0.000000e+000  -6.468908e-007  -1.304070e-006  -1.932268e-006  -2.610822e-006  -3.253832e-006  -3.924317e-006  -3.067941e-006  -2.154305e-006  -1.201161e-006  -1.936719e-006  -1.286009e-006  -2.299203e-006  -1.481431e-006  -7.300987e-007  -0.000000e+000  
-0.000000e+000  -4.779331e-007  -1.016223e-006  -1.494215e-006  -2.009071e-006  -2.483049e-006  -2.935419e-006  -2.389294e-006  -1.812716e-006  -1.320554e-006  -1.301054e-006  -1.211431e-006  -1.397065e-006  -1.014987e-006  -5.196594e-007  -0.000000e+000  
-0.000000e+000  -3.688336e-007  -7.158938e-007  -1.020166e-006  -1.339963e-006  -1.727842e-006  -2.023074e-006  -1.678131e-006  -1.307333e-006  -1.077335e-006  -8.408564e-007  -9.265023e-007  -8.214775e-007  -6.109747e-007  -3.505467e-007  -0.000000e+000  
-0.000000e+000  -2.434870e-007  -2.776954e-007  -6.292579e-007  -7.006663e-007  -8.638525e-007  -1.035453e-006  -8.279850e-007  -8.029218e-007  -6.121788e-007  -4.448807e-007  -5.345235e-007  -4.591831e-007  -3.052290e-007  -1.623715e-007  -0.000000e+000  
-0.000000e+000  7.377872e-008  -4.248792e-007  -1.377482e-007  -4.766927e-007  -4.632723e-007  -5.488005e-007  -5.192775e-007  -2.685020e-007  -3.090909e-007  -2.244061e-007  -2.144478e-007  -8.184920e-008  -2.406930e-007  -8.297219e-008  -0.000000e+000  
-0.000000e+000  -1.583822e-007  2.537254e-007  -1.447636e-007  -5.361920e-009  3.001080e-008  8.498770e-008  -4.493410e-008  -1.972341e-008  -4.597525e-008  -1.745256e-009  -7.916919e-008  -7.177462e-008  5.633621e-008  2.760744e-008  -0.000000e+000  
-0.000000e+000  1.516061e-007  -2.107080e-008  4.035846e-007  4.850257e-007  5.014672e-007  4.629676e-007  5.963887e-007  3.479036e-007  3.631164e-007  2.359002e-007  3.011478e-007  1.921957e-007  6.881405e-008  5.323004e-008  -0.000000e+000  
-0.000000e+000  1.680374e-007  4.795503e-007  4.813958e-007  7.233653e-007  8.604404e-007  1.080005e-006  8.945173e-007  7.454647e-007  6.165341e-007  4.269331e-007  4.933301e-007  4.372248e-007  3.487465e-007  1.936282e-007  -0.000000e+000  
-0.000000e+000  3.620140e-007  6.427212e-007  1.078992e-006  1.352269e-006  1.735148e-006  2.028162e-006  1.638551e-006  1.342411e-006  1.061121e-006  8.317755e-007  9.221342e-007  8.197208e-007  6.340119e-007  2.960868e-007  -0.000000e+000  
-0.000000e+000  4.840752e-007  1.027988e-006  1.481323e-006  2.037547e-006  2.461860e-006  2.959584e-006  2.379519e-006  1.789583e-006  1.333495e-006  1.299072e-006  1.225048e-006  1.409306e-006  9.868449e-007  5.347508e-007  -0.000000e+000  
-0.000000e+000  6.582990e-007  1.283305e-006  1.980631e-006  2.591474e-006  3.302205e-006  3.911687e-006  3.059244e-006  2.156796e-006  1.212950e-006  1.936977e-006  1.301493e-006  2.312783e-006  1.483840e-006  7.159614e-007  -0.000000e+000  
-0.000000e+000  1.074999e-006  2.174359e-006  3.354666e-006  4.608178e-006  5.994039e-006  7.550340e-006  5.580230e-006  3.737570e-006  1.851746e-006  3.355812e-006  1.955803e-006  3.997200e-006  2.479269e-006  1.186067e-006  -0.000000e+000  
-0.000000e+000  8.077676e-007  1.583156e-006  2.330209e-006  2.989257e-006  3.587036e-006  4.026401e-006  4.942542e-006  5.747884e-006  6.596333e-006  1.213067e-006  4.567016e-006  -1.240376e-006  -7.097313e-007  -3.138056e-007  -0.000000e+000  
-0.000000e+000  7.557478e-007  1.501240e-006  2.197816e-006  2.824281e-006  3.389191e-006  3.826134e-006  4.736992e-006  5.538349e-006  6.362334e-006  1.107544e-006  4.398703e-006  -1.301343e-006  -7.438543e-007  -3.329664e-007  -0.000000e+000  
-0.000000e+000  9.336675e-007  1.891779e-006  2.917498e-006  3.990808e-006  5.208487e-006  6.577274e-006  4.853200e-006  3.247051e-006  1.595357e-006  2.875360e-006  1.682486e-006  3.417086e-006  2.106471e-006  1.014545e-006  -0.000000e+000  
-0.000000e+000  4.403600e-007  9.282288e-007  1.383883e-006  1.876321e-006  2.361203e-006  2.823883e-006  2.172557e-006  1.508196e-006  7.856870e-007  1.406472e-006  8.511047e-007  1.704774e-006  1.102548e-006  5.470359e-007  -0.000000e+000  
-0.000000e+000  3.021893e-007  6.169108e-007  9.160463e-007  1.301414e-006  1.532189e-006  1.851369e-006  1.488554e-006  1.043896e-006  7.358926e-007  8.452903e-007  6.994805e-007  9.506267e-007  6.808969e-007  3.647210e-007  -0.000000e+000  
-0.000000e+000  1.685975e-007  3.107975e-007  4.797766e-007  6.045079e-007  7.930349e-007  9.460767e-007  7.226645e-007  5.815775e-007  4.248073e-007  3.964734e-007  3.818771e-007  4.296154e-007  3.173006e-007  1.637515e-007  -0.000000e+000  
-0.000000e+000  -0.000000e+000  -0.000000e+000  -0.000000e+000  -0.000000e+000  -0.000000e+000  -0.000000e+000  -0.000000e+000  -0.000000e+000  -0.000000e+000  -0.000000e+000  -0.000000e+000  -0.000000e+000  -0.000000e+000  -0.000000e+000  -0.000000e+000  

0.000000e+000  0.000000e+000  0.000000e+000  0.000000e+000  0.000000e+000  0.000000e+000  0.000000e+000  0.000000e+000  0.000000e+000  0.000000e+000  0.000000e+000  0.000000e+000  0.000000e+000  0.000000e+000  0.000000e+000  0.000000e+000  
0.000000e+000  0.000000e+000  0.000000e+000  0.000000e+000  0.000000e+000  0.000000e+000  0.000000e+000  0.000000e+000  0.000000e+000  0.000000e+000  0.000000e+000  0.000000e+000  0.000000e+000  0.000000e+000  0.000000e+000  0.000000e+000  
0.000000e+000  0.000000e+000  0.000000e+000  0.000000e+000  0.000000e+000  0.000000e+000  0.000000e+000  0.000000e+000  0.000000e+000  0.000000e+000  0.000000e+000  0.000000e+000  0.000000e+000  0.000000e+000  0.000000e+000  0.000000e+000  
0.000000e+000  0.000000e+000  0.000000e+000  0.000000e+000  0.000000e+000  0.000000e+000  0.000000e+000  0.000000e+000  0.000000e+000  0.000000e+000  0.000000e+000  0.000000e+000  0.000000e+000  0.000000e+000  0.000000e+000  0.000000e+000  
0.000000e+000  0.000000e+000  0.000000e+000  0.000000e+000  0.000000e+000  0.000000e+000  0.000000e+000  0.000000e+000  0.000000e+000  0.000000e+000  0.000000e+000  0.000000e+000  0.000000e+000  0.000000e+000  0.000000e+000  0.000000e+000  
0.000000e+000  0.000000e+000  0.000000e+000  0.000000e+000  0.000000e+000  0.000000e+000  0.000000e+000  0.000000e+000  0.000000e+000  0.000000e+000  0.000000e+000  0.000000e+000  0.000000e+000  0.000000e+000  0.000000e+000  0.000000e+000  
0.000000e+000  0.000000e+000  0.000000e+000  0.000000e+000  0.000000e+000  0.000000e+000  0.000000e+000  0.000000e+000  0.000000e+000  0.000000e+000  0.000000e+000  0.000000e+000  0.000000e+000  0.000000e+000  0.000000e+000  0.000000e+000  
0.000000e+000  0.000000e+000  0.000000e+000  0.000000e+000  0.000000e+000  0.000000e+000  0.000000e+000  0.000000e+000  0.000000e+000  0.000000e+000  0.000000e+000  0.000000e+000  0.000000e+000  0.000000e+000  0.000000e+000  0.000000e+000  
0.000000e+000  0.000000e+000  0.000000e+000  0.000000e+000  0.000000e+000  0.000000e+000  0.000000e+000  0.000000e+000  0.000000e+000  0.000000e+000  0.000000e+000  0.000000e+000  0.000000e+000  0.000000e+000  0.000000e+000  0.000000e+000  
0.000000e+000  0.000000e+000  0.000000e+000  0.000000e+000  0.000000e+000  0.000000e+000  0.000000e+000  0.000000e+000  0.000000e+000  0.000000e+000  0.000000e+000  0.000000e+000  0.000000e+000  0.000000e+000  0.000000e+000  0.000000e+000  
0.000000e+000  0.000000e+000  0.000000e+000  0.000000e+000  0.000000e+000  0.000000e+000  0.000000e+000  0.000000e+000  0.000000e+000  0.000000e+000  0.000000e+000  0.000000e+000  0.000000e+000  0.000000e+000  0.000000e+000  0.000000e+000  
0.000000e+000  0.000000e+000  0.000000e+000  0.000000e+000  0.000000e+000  0.000000e+000  0.000000e+000  0.000000e+000  0.000000e+000  0.000000e+000  0.000000e+000  0.000000e+000  0.000000e+000  0.000000e+000  0.000000e+000  0.000000e+000  
0.000000e+000  0.000000e+000  0.000000e+000  0.000000e+000  0.000000e+000  0.000000e+000  0.000000e+000  0.000000e+000  0.000000e+000  0.000000e+000  0.000000e+000  0.000000e+000  0.000000e+000  0.000000e+000  0.000000e+000  0.000000e+000  
0.000000e+000  0.000000e+000  0.000000e+000  0.000000e+000  0.000000e+000  0.000000e+000  0.000000e+000  0.000000e+000  0.000000e+000  0.000000e+000  0.000000e+000  0.000000e+000  0.000000e+000  0.000000e+000  0.000000e+000  0.000000e+000  
0.000000e+000  0.000000e+000  0.000000e+000  0.000000e+000  0.000000e+000  0.000000e+000  0.000000e+000  0.000000e+000  0.000000e+000  0.000000e+000  0.000000e+000  0.000000e+000  0.000000e+000  0.000000e+000  0.000000e+000  0.000000e+000  
0.000000e+000  0.000000e+000  0.000000e+000  0.000000e+000  0.000000e+000  0.000000e+000  0.000000e+000  0.000000e+000  0.000000e+000  0.000000e+000  0.000000e+000  0.000000e+000  0.000000e+000  0.000000e+000  0.000000e+000  0.000000e+000  
0.000000e+000  0.000000e+000  0.000000e+000  0.000000e+000  0.000000e+000  0.000000e+000  0.000000e+000  0.000000e+000  0.000000e+000  0.000000e+000  0.000000e+000  0.000000e+000  0.000000e+000  0.000000e+000  0.000000e+000  0.000000e+000  
0.000000e+000  0.000000e+000  0.000000e+000  0.000000e+000  0.000000e+000  0.000000e+000  0.000000e+000  0.000000e+000  0.000000e+000  0.000000e+000  0.000000e+000  0.000000e+000  0.000000e+000  0.000000e+000  0.000000e+000  0.000000e+000  
0.000000e+000  0.000000e+000  0.000000e+000  0.000000e+000  0.000000e+000  0.000000e+000  0.000000e+000  0.000000e+000  0.000000e+000  0.000000e+000  0.000000e+000  0.000000e+000  0.000000e+000  0.000000e+000  0.000000e+000  0.000000e+000  
0.000000e+000  0.000000e+000  0.000000e+000  0.000000e+000  0.000000e+000  0.000000e+000  0.000000e+000  0.000000e+000  0.000000e+000  0.000000e+000  0.000000e+000  0.000000e+000  0.000000e+000  0.000000e+000  0.000000e+000  0.000000e+000  
0.000000e+000  0.000000e+000  0.000000e+000  0.000000e+000  0.000000e+000  0.000000e+000  0.000000e+000  0.000000e+000  0.000000e+000  0.000000e+000  0.000000e+000  0.000000e+000  0.000000e+000  0.000000e+000  0.000000e+000  0.000000e+000  
0.000000e+000  0.000000e+000  0.000000e+000  0.000000e+000  0.000000e+000  0.000000e+000  0.000000e+000  0.000000e+000  0.000000e+000  0.000000e+000  0.000000e+000  0.000000e+000  0.000000e+000  0.000000e+000  0.000000e+000  0.000000e+000  
0.000000e+000  0.000000e+000  0.000000e+000  0.000000e+000  0.000000e+000  0.000000e+000  0.000000e+000  0.000000e+000  0.000000e+000  0.000000e+000  0.000000e+000  0.000000e+000  0.000000e+000  0.000000e+000  0.000000e+000  0.000000e+000  
0.000000e+000  0.000000e+000  0.000000e+000  0.000000e+000  0.000000e+000  0.000000e+000  0.000000e+000  0.000000e+000  0.000000e+000  0.000000e+000  0.000000e+000  0.000000e+000  0.000000e+000  0.000000e+000  0.000000e+000  0.000000e+000  
0.000000e+000  0.000000e+000  0.000000e+000  0.000000e+000  0.000000e+000  0.000000e+000  0.000000e+000  0.000000e+000  0.000000e+000  0.000000e+000  0.000000e+000  0.000000e+000  0.000000e+000  0.000000e+000  0.000000e+000  0.000000e+000  
0.000000e+000  0.000000e+000  0.000000e+000  0.000000e+000  0.000000e+000  0.000000e+000  0.000000e+000  0.000000e+000  0.000000e+000  0.000000e+000  0.000000e+000  0.000000e+000  0.000000e+000  0.000000e+000  0.000000e+000  0.000000e+000  
0.000000e+000  0.000000e+000  0.000000e+000  0.000000e+000  0.000000e+000  0.000000e+000  0.000000e+000  0.000000e+000  0.000000e+000  0.000000e+000  0.000000e+000  0.000000e+000  0.000000e+000  0.000000e+000  0.000000e+000  0.000000e+000  

0.000000e+000  0.000000e+000  0.000000e+000  0.000000e+000  0.000000e+000  0.000000e+000  0.000000e+000  0.000000e+000  0.000000e+000  0.000000e+000  0.000000e+000  0.000000e+000  0.000000e+000  0.000000e+000  0.000000e+000  0.000000e+000  
0.000000e+000  0.000000e+000  0.000000e+000  0.000000e+000  0.000000e+000  0.000000e+000  0.000000e+000  0.000000e+000  0.000000e+000  0.000000e+000  0.000000e+000  0.000000e+000  0.000000e+000  0.000000e+000  0.000000e+000  0.000000e+000  
0.000000e+000  0.000000e+000  0.000000e+000  0.000000e+000  0.000000e+000  0.000000e+000  0.000000e+000  0.000000e+000  0.000000e+000  0.000000e+000  0.000000e+000  0.000000e+000  0.000000e+000  0.000000e+000  0.000000e+000  0.000000e+000  
0.000000e+000  0.000000e+000  0.000000e+000  0.000000e+000  0.000000e+000  0.000000e+000  0.000000e+000  0.000000e+000  0.000000e+000  0.000000e+000  0.000000e+000  0.000000e+000  0.000000e+000  0.000000e+000  0.000000e+000  0.000000e+000  
0.000000e+000  0.000000e+000  0.000000e+000  0.000000e+000  0.000000e+000  0.000000e+000  0.000000e+000  0.000000e+000  0.000000e+000  0.000000e+000  0.000000e+000  0.000000e+000  0.000000e+000  0.000000e+000  0.000000e+000  0.000000e+000  
0.000000e+000  0.000000e+000  0.000000e+000  0.000000e+000  0.000000e+000  0.000000e+000  0.000000e+000  0.000000e+000  0.000000e+000  0.000000e+000  0.000000e+000  0.000000e+000  0.000000e+000  0.000000e+000  0.000000e+000  0.000000e+000  
0.000000e+000  0.000000e+000  0.000000e+000  0.000000e+000  0.000000e+000  0.000000e+000  0.000000e+000  0.000000e+000  0.000000e+000  0.000000e+000  0.000000e+000  0.000000e+000  0.000000e+000  0.000000e+000  0.000000e+000  0.000000e+000  
0.000000e+000  0.000000e+000  0.000000e+000  0.000000e+000  0.000000e+000  0.000000e+000  0.000000e+000  0.000000e+000  0.000000e+000  0.000000e+000  0.000000e+000  0.000000e+000  0.000000e+000  0.000000e+000  0.000000e+000  0.000000e+000  
0.000000e+000  0.000000e+000  0.000000e+000  0.000000e+000  0.000000e+000  0.000000e+000  0.000000e+000  0.000000e+000  0.000000e+000  0.000000e+000  0.000000e+000  0.000000e+000  0.000000e+000  0.000000e+000  0.000000e+000  0.000000e+000  
0.000000e+000  0.000000e+000  0.000000e+000  0.000000e+000  0.000000e+000  0.000000e+000  0.000000e+000  0.000000e+000  0.000000e+000  0.000000e+000  0.000000e+000  0.000000e+000  0.000000e+000  0.000000e+000  0.000000e+000  0.000000e+000  
0.000000e+000  0.000000e+000  0.000000e+000  0.000000e+000  0.000000e+000  0.000000e+000  0.000000e+000  0.000000e+000  0.000000e+000  0.000000e+000  0.000000e+000  0.000000e+000  0.000000e+000  0.000000e+000  0.000000e+000  0.000000e+000  
0.000000e+000  0.000000e+000  0.000000e+000  0.000000e+000  0.000000e+000  0.000000e+000  0.000000e+000  0.000000e+000  0.000000e+000  0.000000e+000  0.000000e+000  0.000000e+000  0.000000e+000  0.000000e+000  0.000000e+000  0.000000e+000  
0.000000e+000  0.000000e+000  0.000000e+000  0.000000e+000  0.000000e+000  0.000000e+000  0.000000e+000  0.000000e+000  0.000000e+000  0.000000e+000  0.000000e+000  0.000000e+000  0.000000e+000  0.000000e+000  0.000000e+000  0.000000e+000  
0.000000e+000  0.000000e+000  0.000000e+000  0.000000e+000  0.000000e+000  0.000000e+000  0.000000e+000  0.000000e+000  0.000000e+000  0.000000e+000  0.000000e+000  0.000000e+000  0.000000e+000  0.000000e+000  0.000000e+000  0.000000e+000  
0.000000e+000  0.000000e+000  0.000000e+000  0.000000e+000  0.000000e+000  0.000000e+000  0.000000e+000  0.000000e+000  0.000000e+000  0.000000e+000  0.000000e+000  0.000000e+000  0.000000e+000  0.000000e+000  0.000000e+000  0.000000e+000  
0.000000e+000  0.000000e+000  0.000000e+000  0.000000e+000  0.000000e+000  0.000000e+000  0.000000e+000  0.000000e+000  0.000000e+000  0.000000e+000  0.000000e+000  0.000000e+000  0.000000e+000  0.000000e+000  0.000000e+000  0.000000e+000  
0.000000e+000  0.000000e+000  0.000000e+000  0.000000e+000  0.000000e+000  0.000000e+000  0.000000e+000  0.000000e+000  0.000000e+000  0.000000e+000  0.000000e+000  0.000000e+000  0.000000e+000  0.000000e+000  0.000000e+000  0.000000e+000  
0.000000e+000  0.000000e+000  0.000000e+000  0.000000e+000  0.000000e+000  0.000000e+000  0.000000e+000  0.000000e+000  0.000000e+000  0.000000e+000  0.000000e+000  0.000000e+000  0.000000e+000  0.000000e+000  0.000000e+000  0.000000e+000  
0.000000e+000  0.000000e+000  0.000000e+000  0.000000e+000  0.000000e+000  0.000000e+000  0.000000e+000  0.000000e+000  0.000000e+000  0.000000e+000  0.000000e+000  0.000000e+000  0.000000e+000  0.000000e+000  0.000000e+000  0.000000e+000  
0.000000e+000  0.000000e+000  0.000000e+000  0.000000e+000  0.000000e+000  0.000000e+000  0.000000e+000  0.000000e+000  0.000000e+000  0.000000e+000  0.000000e+000  0.000000e+000  0.000000e+000  0.000000e+000  0.000000e+000  0.000000e+000  
0.000000e+000  0.000000e+000  0.000000e+000  0.000000e+000  0.000000e+000  0.000000e+000  0.000000e+000  0.000000e+000  0.000000e+000  0.000000e+000  0.000000e+000  0.000000e+000  0.000000e+000  0.000000e+000  0.000000e+000  0.000000e+000  
0.000000e+000  0.000000e+000  0.000000e+000  0.000000e+000  0.000000e+000  0.000000e+000  0.000000e+000  0.000000e+000  0.000000e+000  0.000000e+000  0.000000e+000  0.000000e+000  0.000000e+000  0.000000e+000  0.000000e+000  0.000000e+000  
0.000000e+000  0.000000e+000  0.000000e+000  0.000000e+000  0.000000e+000  0.000000e+000  0.000000e+000  0.000000e+000  0.000000e+000  0.000000e+000  0.000000e+000  0.000000e+000  0.000000e+000  0.000000e+000  0.000000e+000  0.000000e+000  
0.000000e+000  0.000000e+000  0.000000e+000  0.000000e+000  0.000000e+000  0.000000e+000  0.000000e+000  0.000000e+000  0.000000e+000  0.000000e+000  0.000000e+000  0.000000e+000  0.000000e+000  0.000000e+000  0.000000e+000  0.000000e+000  
0.000000e+000  0.000000e+000  0.000000e+000  0.000000e+000  0.000000e+000  0.000000e+000  0.000000e+000  0.000000e+000  0.000000e+000  0.000000e+000  0.000000e+000  0.000000e+000  0.000000e+000  0.000000e+000  0.000000e+000  0.000000e+000  
0.000000e+000  0.000000e+000  0.000000e+000  0.000000e+000  0.000000e+000  0.000000e+000  0.000000e+000  0.000000e+000  0.000000e+000  0.000000e+000  0.000000e+000  0.000000e+000  0.000000e+000  0.000000e+000  0.000000e+000  0.000000e+000  
0.000000e+000  0.000000e+000  0.000000e+000  0.000000e+000  0.000000e+000  0.000000e+000  0.000000e+000  0.000000e+000  0.000000e+000  0.000000e+000  0.000000e+000  0.000000e+000  0.000000e+000  0.000000e+000  0.000000e+000  0.000000e+000  

0.000000e+000  0.000000e+000  0.000000e+000  0.000000e+000  0.000000e+000  0.000000e+000  0.000000e+000  0.000000e+000  0.000000e+000  0.000000e+000  0.000000e+000  0.000000e+000  0.000000e+000  0.000000e+000  0.000000e+000  0.000000e+000  
0.000000e+000  0.000000e+000  0.000000e+000  0.000000e+000  0.000000e+000  0.000000e+000  0.000000e+000  0.000000e+000  0.000000e+000  0.000000e+000  0.000000e+000  0.000000e+000  0.000000e+000  0.000000e+000  0.000000e+000  0.000000e+000  
0.000000e+000  0.000000e+000  0.000000e+000  0.000000e+000  0.000000e+000  0.000000e+000  0.000000e+000  0.000000e+000  0.000000e+000  0.000000e+000  0.000000e+000  0.000000e+000  0.000000e+000  0.000000e+000  0.000000e+000  0.000000e+000  
0.000000e+000  0.000000e+000  0.000000e+000  0.000000e+000  0.000000e+000  0.000000e+000  0.000000e+000  0.000000e+000  0.000000e+000  0.000000e+000  0.000000e+000  0.000000e+000  0.000000e+000  0.000000e+000  0.000000e+000  0.000000e+000  
0.000000e+000  0.000000e+000  0.000000e+000  0.000000e+000  0.000000e+000  0.000000e+000  0.000000e+000  0.000000e+000  0.000000e+000  0.000000e+000  0.000000e+000  0.000000e+000  0.000000e+000  0.000000e+000  0.000000e+000  0.000000e+000  
0.000000e+000  0.000000e+000  0.000000e+000  0.000000e+000  0.000000e+000  0.000000e+000  0.000000e+000  0.000000e+000  0.000000e+000  0.000000e+000  0.000000e+000  0.000000e+000  0.000000e+000  0.000000e+000  0.000000e+000  0.000000e+000  
0.000000e+000  0.000000e+000  0.000000e+000  0.000000e+000  0.000000e+000  0.000000e+000  0.000000e+000  0.000000e+000  0.000000e+000  0.000000e+000  0.000000e+000  0.000000e+000  0.000000e+000  0.000000e+000  0.000000e+000  0.000000e+000  
0.000000e+000  0.000000e+000  0.000000e+000  0.000000e+000  0.000000e+000  0.000000e+000  0.000000e+000  0.000000e+000  0.000000e+000  0.000000e+000  0.000000e+000  0.000000e+000  0.000000e+000  0.000000e+000  0.000000e+000  0.000000e+000  
0.000000e+000  0.000000e+000  0.000000e+000  0.000000e+000  0.000000e+000  0.000000e+000  0.000000e+000  0.000000e+000  0.000000e+000  0.000000e+000  0.000000e+000  0.000000e+000  0.000000e+000  0.000000e+000  0.000000e+000  0.000000e+000  
0.000000e+000  0.000000e+000  0.000000e+000  0.000000e+000  0.000000e+000  0.000000e+000  0.000000e+000  0.000000e+000  0.000000e+000  0.000000e+000  0.000000e+000  0.000000e+000  0.000000e+000  0.000000e+000  0.000000e+000  0.000000e+000  
0.000000e+000  0.000000e+000  0.000000e+000  0.000000e+000  0.000000e+000  0.000000e+000  0.000000e+000  0.000000e+000  0.000000e+000  0.000000e+000  0.000000e+000  0.000000e+000  0.000000e+000  0.000000e+000  0.000000e+000  0.000000e+000  
0.000000e+000  0.000000e+000  0.000000e+000  0.000000e+000  0.000000e+000  0.000000e+000  0.000000e+000  0.000000e+000  0.000000e+000  0.000000e+000  0.000000e+000  0.000000e+000  0.000000e+000  0.000000e+000  0.000000e+000  0.000000e+000  
0.000000e+000  0.000000e+000  0.000000e+000  0.000000e+000  0.000000e+000  0.000000e+000  0.000000e+000  0.000000e+000  0.000000e+000  0.000000e+000  0.000000e+000  0.000000e+000  0.000000e+000  0.000000e+000  0.000000e+000  0.000000e+000  
0.000000e+000  0.000000e+000  0.000000e+000  0.000000e+000  0.000000e+000  0.000000e+000  0.000000e+000  0.000000e+000  0.000000e+000  0.000000e+000  0.000000e+000  0.000000e+000  0.000000e+000  0.000000e+000  0.000000e+000  0.000000e+000  
0.000000e+000  0.000000e+000  0.000000e+000  0.000000e+000  0.000000e+000  0.000000e+000  0.000000e+000  0.000000e+000  0.000000e+000  0.000000e+000  0.000000e+000  0.000000e+000  0.000000e+000  0.000000e+000  0.000000e+000  0.000000e+000  
0.000000e+000  0.000000e+000  0.000000e+000  0.000000e+000  0.000000e+000  0.000000e+000  0.000000e+000  0.000000e+000  0.000000e+000  0.000000e+000  0.000000e+000  0.000000e+000  0.000000e+000  0.000000e+000  0.000000e+000  0.000000e+000  
0.000000e+000  0.000000e+000  0.000000e+000  0.000000e+000  0.000000e+000  0.000000e+000  0.000000e+000  0.000000e+000  0.000000e+000  0.000000e+000  0.000000e+000  0.000000e+000  0.000000e+000  0.000000e+000  0.000000e+000  0.000000e+000  
0.000000e+000  0.000000e+000  0.000000e+000  0.000000e+000  0.000000e+000  0.000000e+000  0.000000e+000  0.000000e+000  0.000000e+000  0.000000e+000  0.000000e+000  0.000000e+000  0.000000e+000  0.000000e+000  0.000000e+000  0.000000e+000  
0.000000e+000  0.000000e+000  0.000000e+000  0.000000e+000  0.000000e+000  0.000000e+000  0.000000e+000  0.000000e+000  0.000000e+000  0.000000e+000  0.000000e+000  0.000000e+000  0.000000e+000  0.000000e+000  0.000000e+000  0.000000e+000  
0.000000e+000  0.000000e+000  0.000000e+000  0.000000e+000  0.000000e+000  0.000000e+000  0.000000e+000  0.000000e+000  0.000000e+000  0.000000e+000  0.000000e+000  0.000000e+000  0.000000e+000  0.000000e+000  0.000000e+000  0.000000e+000  
0.000000e+000  0.000000e+000  0.000000e+000  0.000000e+000  0.000000e+000  0.000000e+000  0.000000e+000  0.000000e+000  0.000000e+000  0.000000e+000  0.000000e+000  0.000000e+000  0.000000e+000  0.000000e+000  0.000000e+000  0.000000e+000  
0.000000e+000  0.000000e+000  0.000000e+000  0.000000e+000  0.000000e+000  0.000000e+000  0.000000e+000  0.000000e+000  0.000000e+000  0.000000e+000  0.000000e+000  0.000000e+000  0.000000e+000  0.000000e+000  0.000000e+000  0.000000e+000  
0.000000e+000  0.000000e+000  0.000000e+000  0.000000e+000  0.000000e+000  0.000000e+000  0.000000e+000  0.000000e+000  0.000000e+000  0.000000e+000  0.000000e+000  0.000000e+000  0.000000e+000  0.000000e+000  0.000000e+000  0.000000e+000  
0.000000e+000  0.000000e+000  0.000000e+000  0.000000e+000  0.000000e+000  0.000000e+000  0.000000e+000  0.000000e+000  0.000000e+000  0.000000e+000  0.000000e+000  0.000000e+000  0.000000e+000  0.000000e+000  0.000000e+000  0.000000e+000  
0.000000e+000  0.000000e+000  0.000000e+000  0.000000e+000  0.000000e+000  0.000000e+000  0.000000e+000  0.000000e+000  0.000000e+000  0.000000e+000  0.000000e+000  0.000000e+000  0.000000e+000  0.000000e+000  0.000000e+000  0.000000e+000  
0.000000e+000  0.000000e+000  0.000000e+000  0.000000e+000  0.000000e+000  0.000000e+000  0.000000e+000  0.000000e+000  0.000000e+000  0.000000e+000  0.000000e+000  0.000000e+000  0.000000e+000  0.000000e+000  0.000000e+000  0.000000e+000  
0.000000e+000  0.000000e+000  0.000000e+000  0.000000e+000  0.000000e+000  0.000000e+000  0.000000e+000  0.000000e+000  0.000000e+000  0.000000e+000  0.000000e+000  0.000000e+000  0.000000e+000  0.000000e+000  0.000000e+000  0.000000e+000  

