Port monitor named: Port2_e2[2.2].prt

nx        = 71
ny        = 23
nz        = 31

nu        = 16
nv        = 27
iu        = 3
iv        = 3

idir      = 0
dcut      = 5.114300e-001
icut      = 71
type      = 0
frequency = 2.200000e+009

fcutoff   = 3.150484e+009
alpha     = 4.725834e+001
beta      = 0.000000e+000
accuracy  = 5.753818e-010

type          = TE
wave imp.     = 3.675648e+002
wave imp.sig. = 9.221517e-006
line imp.     = 0.000000e+000

ref. port     = 0

-0.000000e+000  -0.000000e+000  -0.000000e+000  -0.000000e+000  -0.000000e+000  -0.000000e+000  -0.000000e+000  -0.000000e+000  -0.000000e+000  -0.000000e+000  -0.000000e+000  -0.000000e+000  -0.000000e+000  -0.000000e+000  -0.000000e+000  -0.000000e+000  
-5.078777e+001  -5.078777e+001  -5.078777e+001  -5.078777e+001  -5.078777e+001  -5.078777e+001  -5.078777e+001  -5.078777e+001  -5.078777e+001  -5.078777e+001  -5.078777e+001  -5.078777e+001  -5.078777e+001  -5.078777e+001  -5.078777e+001  -0.000000e+000  
-1.009150e+002  -1.009150e+002  -1.009150e+002  -1.009150e+002  -1.009150e+002  -1.009150e+002  -1.009150e+002  -1.009150e+002  -1.009150e+002  -1.009150e+002  -1.009150e+002  -1.009150e+002  -1.009150e+002  -1.009150e+002  -1.009150e+002  -0.000000e+000  
-1.497299e+002  -1.497299e+002  -1.497299e+002  -1.497299e+002  -1.497299e+002  -1.497299e+002  -1.497298e+002  -1.497298e+002  -1.497298e+002  -1.497298e+002  -1.497298e+002  -1.497298e+002  -1.497298e+002  -1.497298e+002  -1.497298e+002  -0.000000e+000  
-3.150783e+002  -3.150783e+002  -3.150783e+002  -3.150783e+002  -3.150783e+002  -3.150783e+002  -3.150783e+002  -3.150783e+002  -3.150783e+002  -3.150783e+002  -3.150783e+002  -3.150783e+002  -3.150783e+002  -3.150783e+002  -3.150783e+002  -0.000000e+000  
-4.341952e+002  -4.341952e+002  -4.341952e+002  -4.341952e+002  -4.341952e+002  -4.341952e+002  -4.341952e+002  -4.341952e+002  -4.341952e+002  -4.341952e+002  -4.341952e+002  -4.341952e+002  -4.341952e+002  -4.341952e+002  -4.341952e+002  -0.000000e+000  
-4.491470e+002  -4.491470e+002  -4.491470e+002  -4.491470e+002  -4.491470e+002  -4.491470e+002  -4.491469e+002  -4.491469e+002  -4.491469e+002  -4.491470e+002  -4.491469e+002  -4.491470e+002  -4.491469e+002  -4.491469e+002  -4.491469e+002  -0.000000e+000  
-3.563466e+002  -3.563466e+002  -3.563466e+002  -3.563466e+002  -3.563466e+002  -3.563466e+002  -3.563465e+002  -3.563465e+002  -3.563465e+002  -3.563465e+002  -3.563466e+002  -3.563465e+002  -3.563465e+002  -3.563465e+002  -3.563465e+002  -0.000000e+000  
-2.058531e+002  -2.058531e+002  -2.058531e+002  -2.058531e+002  -2.058531e+002  -2.058531e+002  -2.058531e+002  -2.058531e+002  -2.058531e+002  -2.058531e+002  -2.058531e+002  -2.058531e+002  -2.058531e+002  -2.058531e+002  -2.058531e+002  -0.000000e+000  
-1.592788e+002  -1.592788e+002  -1.592788e+002  -1.592788e+002  -1.592788e+002  -1.592788e+002  -1.592788e+002  -1.592788e+002  -1.592788e+002  -1.592788e+002  -1.592788e+002  -1.592788e+002  -1.592788e+002  -1.592788e+002  -1.592788e+002  -0.000000e+000  
-1.106331e+002  -1.106331e+002  -1.106331e+002  -1.106331e+002  -1.106331e+002  -1.106331e+002  -1.106331e+002  -1.106331e+002  -1.106331e+002  -1.106331e+002  -1.106331e+002  -1.106331e+002  -1.106331e+002  -1.106331e+002  -1.106331e+002  -0.000000e+000  
-6.054860e+001  -6.054860e+001  -6.054860e+001  -6.054860e+001  -6.054860e+001  -6.054860e+001  -6.054860e+001  -6.054860e+001  -6.054860e+001  -6.054861e+001  -6.054860e+001  -6.054861e+001  -6.054860e+001  -6.054860e+001  -6.054860e+001  -0.000000e+000  
-3.034430e+001  -3.034430e+001  -3.034430e+001  -3.034430e+001  -3.034430e+001  -3.034430e+001  -3.034430e+001  -3.034430e+001  -3.034430e+001  -3.034430e+001  -3.034430e+001  -3.034430e+001  -3.034430e+001  -3.034430e+001  -3.034430e+001  -0.000000e+000  
-2.783884e-009  -0.000000e+000  -0.000000e+000  -3.242382e-009  -4.479687e-009  -0.000000e+000  -2.416561e-009  -0.000000e+000  -2.563952e-009  -0.000000e+000  -0.000000e+000  -0.000000e+000  -0.000000e+000  -0.000000e+000  -0.000000e+000  -0.000000e+000  
3.034430e+001  3.034430e+001  3.034430e+001  3.034430e+001  3.034430e+001  3.034430e+001  3.034430e+001  3.034430e+001  3.034430e+001  3.034430e+001  3.034430e+001  3.034430e+001  3.034430e+001  3.034430e+001  3.034430e+001  -0.000000e+000  
6.054860e+001  6.054860e+001  6.054860e+001  6.054860e+001  6.054860e+001  6.054860e+001  6.054860e+001  6.054860e+001  6.054860e+001  6.054861e+001  6.054860e+001  6.054861e+001  6.054860e+001  6.054860e+001  6.054860e+001  -0.000000e+000  
1.106331e+002  1.106331e+002  1.106331e+002  1.106331e+002  1.106331e+002  1.106331e+002  1.106331e+002  1.106331e+002  1.106331e+002  1.106331e+002  1.106331e+002  1.106331e+002  1.106331e+002  1.106331e+002  1.106331e+002  -0.000000e+000  
1.592788e+002  1.592788e+002  1.592788e+002  1.592788e+002  1.592788e+002  1.592788e+002  1.592788e+002  1.592788e+002  1.592788e+002  1.592788e+002  1.592788e+002  1.592788e+002  1.592788e+002  1.592788e+002  1.592788e+002  -0.000000e+000  
2.058531e+002  2.058531e+002  2.058531e+002  2.058531e+002  2.058531e+002  2.058531e+002  2.058531e+002  2.058531e+002  2.058531e+002  2.058531e+002  2.058531e+002  2.058531e+002  2.058531e+002  2.058531e+002  2.058531e+002  -0.000000e+000  
3.563466e+002  3.563466e+002  3.563466e+002  3.563466e+002  3.563466e+002  3.563466e+002  3.563465e+002  3.563465e+002  3.563465e+002  3.563465e+002  3.563466e+002  3.563465e+002  3.563465e+002  3.563465e+002  3.563465e+002  -0.000000e+000  
4.491470e+002  4.491470e+002  4.491470e+002  4.491470e+002  4.491470e+002  4.491470e+002  4.491469e+002  4.491469e+002  4.491469e+002  4.491470e+002  4.491469e+002  4.491470e+002  4.491469e+002  4.491469e+002  4.491469e+002  -0.000000e+000  
4.341952e+002  4.341952e+002  4.341952e+002  4.341952e+002  4.341952e+002  4.341952e+002  4.341952e+002  4.341952e+002  4.341952e+002  4.341952e+002  4.341952e+002  4.341952e+002  4.341952e+002  4.341952e+002  4.341952e+002  -0.000000e+000  
3.150783e+002  3.150783e+002  3.150783e+002  3.150783e+002  3.150783e+002  3.150783e+002  3.150783e+002  3.150783e+002  3.150783e+002  3.150783e+002  3.150783e+002  3.150783e+002  3.150783e+002  3.150783e+002  3.150783e+002  -0.000000e+000  
1.497299e+002  1.497299e+002  1.497299e+002  1.497299e+002  1.497299e+002  1.497299e+002  1.497298e+002  1.497298e+002  1.497298e+002  1.497298e+002  1.497298e+002  1.497298e+002  1.497298e+002  1.497298e+002  1.497298e+002  -0.000000e+000  
1.009150e+002  1.009150e+002  1.009150e+002  1.009150e+002  1.009150e+002  1.009150e+002  1.009150e+002  1.009150e+002  1.009150e+002  1.009150e+002  1.009150e+002  1.009150e+002  1.009150e+002  1.009150e+002  1.009150e+002  -0.000000e+000  
5.078777e+001  5.078777e+001  5.078777e+001  5.078777e+001  5.078777e+001  5.078777e+001  5.078777e+001  5.078777e+001  5.078777e+001  5.078777e+001  5.078777e+001  5.078777e+001  5.078777e+001  5.078777e+001  5.078777e+001  -0.000000e+000  
-0.000000e+000  -0.000000e+000  -0.000000e+000  -0.000000e+000  -0.000000e+000  -0.000000e+000  -0.000000e+000  -0.000000e+000  -0.000000e+000  -0.000000e+000  -0.000000e+000  -0.000000e+000  -0.000000e+000  -0.000000e+000  -0.000000e+000  -0.000000e+000  

-0.000000e+000  1.715338e-006  3.416584e-006  5.082775e-006  6.676145e-006  8.129999e-006  9.333021e-006  1.024659e-005  1.112516e-005  1.249914e-005  9.630802e-006  4.881868e-007  -2.316467e-006  -1.037331e-006  -3.926801e-007  -0.000000e+000  
-0.000000e+000  1.711520e-006  3.417446e-006  5.107379e-006  6.766482e-006  8.341343e-006  9.669971e-006  1.015051e-005  1.047243e-005  1.113606e-005  9.906106e-006  7.593509e-008  -1.035319e-006  -3.736035e-007  -1.326743e-007  -0.000000e+000  
-0.000000e+000  1.692030e-006  3.390006e-006  5.110732e-006  6.873194e-006  8.752819e-006  1.095915e-005  1.007931e-005  9.337243e-006  7.908892e-006  1.063081e-005  -9.247757e-007  1.995177e-006  7.181311e-007  2.457992e-007  -0.000000e+000  
-0.000000e+000  1.569648e-006  3.166206e-006  4.820268e-006  6.573036e-006  8.480679e-006  1.061850e-005  9.271048e-006  8.009120e-006  6.527690e-006  9.837000e-006  -1.121650e-006  2.507701e-006  1.347962e-006  5.806972e-007  -0.000000e+000  
-0.000000e+000  5.506255e-007  1.067524e-006  1.512884e-006  1.841428e-006  1.993847e-006  1.890911e-006  4.772944e-006  7.565174e-006  1.061581e-005  -8.062016e-007  5.753634e-006  -6.398802e-006  -3.879410e-006  -1.830011e-006  -0.000000e+000  
-0.000000e+000  1.147204e-007  2.272779e-007  3.354299e-007  4.366698e-007  5.272850e-007  6.026557e-007  5.089904e-007  4.068298e-007  3.147113e-007  5.290473e-007  2.859730e-007  4.432562e-007  3.140270e-007  1.618460e-007  -0.000000e+000  
-0.000000e+000  -3.030736e-007  -5.704707e-007  -7.622068e-007  -8.295275e-007  -7.093046e-007  -3.160322e-007  -3.718585e-006  -7.042131e-006  -1.067714e-005  2.290532e-006  -5.722893e-006  7.962765e-006  4.868368e-006  2.308853e-006  -0.000000e+000  
-0.000000e+000  -1.403711e-006  -2.834369e-006  -4.323471e-006  -5.910901e-006  -7.650719e-006  -9.610189e-006  -8.228556e-006  -6.941825e-006  -5.489803e-006  -9.219149e-006  1.594153e-006  -2.497661e-006  -1.385045e-006  -6.095225e-007  -0.000000e+000  
-0.000000e+000  -1.589827e-006  -3.190572e-006  -4.822616e-006  -6.524742e-006  -8.403181e-006  -1.078810e-005  -9.077690e-006  -7.576337e-006  -5.028209e-006  -1.053309e-005  1.571331e-006  -4.192074e-006  -1.858728e-006  -7.520858e-007  -0.000000e+000  
-0.000000e+000  -1.629849e-006  -3.260509e-006  -4.883709e-006  -6.478108e-006  -7.972663e-006  -9.130405e-006  -9.104880e-006  -8.815109e-006  -8.935461e-006  -9.564375e-006  1.758984e-007  -6.216384e-007  -7.817201e-007  -4.423739e-007  -0.000000e+000  
-0.000000e+000  -1.653588e-006  -3.299118e-006  -4.914035e-006  -6.471208e-006  -7.864589e-006  -8.771752e-006  -9.284500e-006  -9.515572e-006  -1.057546e-005  -9.192112e-006  -4.887543e-007  7.998557e-007  -2.051610e-007  -2.305498e-007  -0.000000e+000  
-0.000000e+000  -1.666496e-006  -3.312919e-006  -4.956000e-006  -6.559471e-006  -8.183238e-006  -1.013328e-005  -9.550256e-006  -9.313295e-006  -8.693143e-006  -1.004861e-005  2.405120e-007  -1.187125e-006  -5.379892e-007  -2.677363e-007  -0.000000e+000  
-0.000000e+000  -1.662467e-006  -3.332000e-006  -4.967363e-006  -6.600094e-006  -8.234731e-006  -9.906860e-006  -9.588155e-006  -9.244941e-006  -8.610466e-006  -1.019033e-005  3.373127e-007  -1.303167e-006  -6.513043e-007  -2.937752e-007  -0.000000e+000  
-0.000000e+000  -1.672031e-006  -3.319664e-006  -4.972231e-006  -6.599527e-006  -8.236270e-006  -9.901196e-006  -9.591794e-006  -9.244356e-006  -8.613397e-006  -1.019042e-005  3.334635e-007  -1.306657e-006  -6.485652e-007  -2.924330e-007  -0.000000e+000  
-0.000000e+000  -1.662651e-006  -3.322866e-006  -4.950480e-006  -6.560507e-006  -8.178843e-006  -1.013680e-005  -9.548930e-006  -9.309655e-006  -8.692979e-006  -1.004822e-005  2.409578e-007  -1.186103e-006  -5.417494e-007  -2.679791e-007  -0.000000e+000  
-0.000000e+000  -1.653238e-006  -3.296812e-006  -4.915989e-006  -6.471837e-006  -7.863693e-006  -8.769233e-006  -9.280939e-006  -9.517484e-006  -1.057502e-005  -9.192859e-006  -4.908205e-007  7.989179e-007  -2.044723e-007  -2.299311e-007  -0.000000e+000  
-0.000000e+000  -1.631117e-006  -3.261897e-006  -4.883613e-006  -6.478215e-006  -7.972334e-006  -9.128901e-006  -9.105257e-006  -8.813805e-006  -8.936728e-006  -9.565693e-006  1.733738e-007  -6.227671e-007  -7.812327e-007  -4.427620e-007  -0.000000e+000  
-0.000000e+000  -1.590046e-006  -3.190717e-006  -4.824582e-006  -6.524955e-006  -8.403709e-006  -1.078812e-005  -9.077405e-006  -7.577647e-006  -5.029193e-006  -1.053423e-005  1.569760e-006  -4.192707e-006  -1.859140e-006  -7.514641e-007  -0.000000e+000  
-0.000000e+000  -1.403795e-006  -2.834722e-006  -4.323899e-006  -5.911868e-006  -7.651717e-006  -9.611233e-006  -8.229529e-006  -6.942912e-006  -5.491160e-006  -9.219322e-006  1.595315e-006  -2.496251e-006  -1.383584e-006  -6.084957e-007  -0.000000e+000  
-0.000000e+000  -3.031034e-007  -5.705842e-007  -7.625968e-007  -8.300977e-007  -7.103776e-007  -3.172259e-007  -3.719902e-006  -7.043451e-006  -1.067873e-005  2.289624e-006  -5.722716e-006  7.962523e-006  4.868349e-006  2.308962e-006  -0.000000e+000  
-0.000000e+000  1.140423e-007  2.262844e-007  3.341370e-007  4.352524e-007  5.261682e-007  6.017180e-007  5.083185e-007  4.061391e-007  3.139441e-007  5.286464e-007  2.866756e-007  4.439849e-007  3.151293e-007  1.628273e-007  -0.000000e+000  
-0.000000e+000  5.502973e-007  1.066773e-006  1.512198e-006  1.840522e-006  1.993293e-006  1.890905e-006  4.773433e-006  7.566098e-006  1.061707e-005  -8.031660e-007  5.755947e-006  -6.398021e-006  -3.878633e-006  -1.829505e-006  -0.000000e+000  
-0.000000e+000  1.569875e-006  3.166166e-006  4.820500e-006  6.573448e-006  8.481537e-006  1.061972e-005  9.272489e-006  8.010820e-006  6.529648e-006  9.839937e-006  -1.117916e-006  2.508532e-006  1.348017e-006  5.804513e-007  -0.000000e+000  
-0.000000e+000  1.691078e-006  3.390626e-006  5.109689e-006  6.872794e-006  8.753279e-006  1.095906e-005  1.007951e-005  9.338156e-006  7.911195e-006  1.063542e-005  -9.231084e-007  1.997417e-006  7.196726e-007  2.461824e-007  -0.000000e+000  
-0.000000e+000  1.711260e-006  3.416115e-006  5.108259e-006  6.767169e-006  8.340108e-006  9.669347e-006  1.015011e-005  1.047250e-005  1.113784e-005  9.911530e-006  7.745003e-008  -1.034007e-006  -3.732885e-007  -1.317266e-007  -0.000000e+000  
-0.000000e+000  1.715224e-006  3.417659e-006  5.083175e-006  6.676752e-006  8.129391e-006  9.333071e-006  1.024601e-005  1.112608e-005  1.250126e-005  9.636350e-006  4.894188e-007  -2.316338e-006  -1.037091e-006  -3.929434e-007  -0.000000e+000  
-0.000000e+000  -0.000000e+000  -0.000000e+000  -0.000000e+000  -0.000000e+000  -0.000000e+000  -0.000000e+000  -0.000000e+000  -0.000000e+000  -0.000000e+000  -0.000000e+000  -0.000000e+000  -0.000000e+000  -0.000000e+000  -0.000000e+000  -0.000000e+000  

-0.000000e+000  -0.000000e+000  -0.000000e+000  -0.000000e+000  -0.000000e+000  -0.000000e+000  -0.000000e+000  -0.000000e+000  -0.000000e+000  -0.000000e+000  -0.000000e+000  -0.000000e+000  -0.000000e+000  -0.000000e+000  -0.000000e+000  -0.000000e+000  
-0.000000e+000  -1.473057e-007  -3.159125e-007  -4.680725e-007  -6.249544e-007  -7.930275e-007  -9.209531e-007  -7.329470e-007  -5.731816e-007  -4.248912e-007  -3.946313e-007  -3.894214e-007  -4.352431e-007  -3.226047e-007  -1.590609e-007  -0.000000e+000  
-0.000000e+000  -2.865215e-007  -6.527534e-007  -9.229234e-007  -1.257951e-006  -1.580527e-006  -1.856689e-006  -1.487066e-006  -1.059636e-006  -7.505744e-007  -8.352966e-007  -7.075173e-007  -9.583953e-007  -6.726940e-007  -3.582247e-007  -0.000000e+000  
-0.000000e+000  -4.719497e-007  -9.045265e-007  -1.403579e-006  -1.880461e-006  -2.356690e-006  -2.840277e-006  -2.181291e-006  -1.515984e-006  -7.919916e-007  -1.399314e-006  -8.695842e-007  -1.693791e-006  -1.089820e-006  -5.355512e-007  -0.000000e+000  
-0.000000e+000  -9.261536e-007  -1.891077e-006  -2.899115e-006  -4.006623e-006  -5.210918e-006  -6.588677e-006  -4.853769e-006  -3.252024e-006  -1.602856e-006  -2.878135e-006  -1.684538e-006  -3.428960e-006  -2.113734e-006  -1.016813e-006  -0.000000e+000  
-0.000000e+000  -7.471484e-007  -1.503878e-006  -2.198529e-006  -2.849227e-006  -3.383772e-006  -3.832879e-006  -4.716357e-006  -5.524893e-006  -6.364993e-006  -1.103340e-006  -4.401560e-006  1.288042e-006  7.334201e-007  3.417058e-007  -0.000000e+000  
-0.000000e+000  -7.961085e-007  -1.586746e-006  -2.323617e-006  -3.000992e-006  -3.572579e-006  -4.026965e-006  -4.922133e-006  -5.732329e-006  -6.607331e-006  -1.211407e-006  -4.580065e-006  1.250404e-006  7.049025e-007  3.110704e-007  -0.000000e+000  
-0.000000e+000  -1.076568e-006  -2.181173e-006  -3.351772e-006  -4.595590e-006  -5.977225e-006  -7.543771e-006  -5.583980e-006  -3.738909e-006  -1.839585e-006  -3.359985e-006  -1.960874e-006  -4.000571e-006  -2.487634e-006  -1.200628e-006  -0.000000e+000  
-0.000000e+000  -6.468823e-007  -1.304054e-006  -1.932240e-006  -2.610789e-006  -3.253784e-006  -3.924265e-006  -3.067898e-006  -2.154273e-006  -1.201142e-006  -1.936691e-006  -1.285992e-006  -2.299174e-006  -1.481412e-006  -7.300886e-007  -0.000000e+000  
-0.000000e+000  -4.779241e-007  -1.016212e-006  -1.494194e-006  -2.009044e-006  -2.483015e-006  -2.935376e-006  -2.389260e-006  -1.812692e-006  -1.320534e-006  -1.301035e-006  -1.211414e-006  -1.397046e-006  -1.014974e-006  -5.196542e-007  -0.000000e+000  
-0.000000e+000  -3.688296e-007  -7.158853e-007  -1.020151e-006  -1.339941e-006  -1.727820e-006  -2.023045e-006  -1.678109e-006  -1.307312e-006  -1.077319e-006  -8.408444e-007  -9.264892e-007  -8.214668e-007  -6.109659e-007  -3.505438e-007  -0.000000e+000  
-0.000000e+000  -2.434872e-007  -2.776845e-007  -6.292540e-007  -7.006524e-007  -8.638357e-007  -1.035436e-006  -8.279669e-007  -8.029144e-007  -6.121678e-007  -4.448734e-007  -5.345171e-007  -4.591804e-007  -3.052237e-007  -1.623689e-007  -0.000000e+000  
-0.000000e+000  7.379118e-008  -4.248921e-007  -1.377336e-007  -4.766938e-007  -4.632658e-007  -5.487930e-007  -5.192740e-007  -2.684890e-007  -3.090837e-007  -2.244019e-007  -2.144403e-007  -8.183854e-008  -2.406961e-007  -8.297088e-008  -0.000000e+000  
-0.000000e+000  -1.584063e-007  2.537421e-007  -1.447581e-007  -5.361297e-009  2.999626e-008  8.501082e-008  -4.495446e-008  -1.970436e-008  -4.598696e-008  -1.745619e-009  -7.917486e-008  -7.177978e-008  5.634036e-008  2.760898e-008  -0.000000e+000  
-0.000000e+000  1.516081e-007  -2.108626e-008  4.035890e-007  4.850293e-007  5.014662e-007  4.629581e-007  5.963936e-007  3.478973e-007  3.631159e-007  2.359005e-007  3.011475e-007  1.921940e-007  6.880630e-008  5.322769e-008  -0.000000e+000  
-0.000000e+000  1.680336e-007  4.795526e-007  4.813832e-007  7.233556e-007  8.604261e-007  1.079993e-006  8.945071e-007  7.454562e-007  6.165269e-007  4.269276e-007  4.933219e-007  4.372214e-007  3.487448e-007  1.936285e-007  -0.000000e+000  
-0.000000e+000  3.620103e-007  6.427089e-007  1.078982e-006  1.352249e-006  1.735129e-006  2.028138e-006  1.638529e-006  1.342395e-006  1.061107e-006  8.317661e-007  9.221227e-007  8.197104e-007  6.340052e-007  2.960800e-007  -0.000000e+000  
-0.000000e+000  4.840681e-007  1.027978e-006  1.481301e-006  2.037526e-006  2.461826e-006  2.959549e-006  2.379487e-006  1.789561e-006  1.333478e-006  1.299056e-006  1.225033e-006  1.409289e-006  9.868314e-007  5.347447e-007  -0.000000e+000  
-0.000000e+000  6.582911e-007  1.283287e-006  1.980608e-006  2.591440e-006  3.302165e-006  3.911638e-006  3.059205e-006  2.156769e-006  1.212934e-006  1.936952e-006  1.301478e-006  2.312755e-006  1.483821e-006  7.159509e-007  -0.000000e+000  
-0.000000e+000  1.074987e-006  2.174327e-006  3.354622e-006  4.608115e-006  5.993963e-006  7.550240e-006  5.580157e-006  3.737522e-006  1.851723e-006  3.355769e-006  1.955778e-006  3.997152e-006  2.479233e-006  1.186054e-006  -0.000000e+000  
-0.000000e+000  8.077600e-007  1.583137e-006  2.330175e-006  2.989217e-006  3.586988e-006  4.026346e-006  4.942477e-006  5.747808e-006  6.596247e-006  1.213050e-006  4.566956e-006  -1.240359e-006  -7.097192e-007  -3.138027e-007  -0.000000e+000  
-0.000000e+000  7.557331e-007  1.501226e-006  2.197790e-006  2.824243e-006  3.389146e-006  3.826080e-006  4.736926e-006  5.538279e-006  6.362250e-006  1.107529e-006  4.398647e-006  -1.301326e-006  -7.438471e-007  -3.329627e-007  -0.000000e+000  
-0.000000e+000  9.336541e-007  1.891754e-006  2.917460e-006  3.990758e-006  5.208421e-006  6.577182e-006  4.853132e-006  3.247004e-006  1.595335e-006  2.875322e-006  1.682463e-006  3.417041e-006  2.106446e-006  1.014532e-006  -0.000000e+000  
-0.000000e+000  4.403536e-007  9.282170e-007  1.383863e-006  1.876294e-006  2.361171e-006  2.823846e-006  2.172527e-006  1.508176e-006  7.856755e-007  1.406454e-006  8.510931e-007  1.704752e-006  1.102536e-006  5.470287e-007  -0.000000e+000  
-0.000000e+000  3.021855e-007  6.169016e-007  9.160325e-007  1.301399e-006  1.532167e-006  1.851345e-006  1.488535e-006  1.043880e-006  7.358821e-007  8.452795e-007  6.994719e-007  9.506148e-007  6.808885e-007  3.647176e-007  -0.000000e+000  
-0.000000e+000  1.685961e-007  3.107932e-007  4.797706e-007  6.044977e-007  7.930248e-007  9.460657e-007  7.226534e-007  5.815713e-007  4.248014e-007  3.964684e-007  3.818721e-007  4.296102e-007  3.172970e-007  1.637491e-007  -0.000000e+000  
-0.000000e+000  -0.000000e+000  -0.000000e+000  -0.000000e+000  -0.000000e+000  -0.000000e+000  -0.000000e+000  -0.000000e+000  -0.000000e+000  -0.000000e+000  -0.000000e+000  -0.000000e+000  -0.000000e+000  -0.000000e+000  -0.000000e+000  -0.000000e+000  

0.000000e+000  0.000000e+000  0.000000e+000  0.000000e+000  0.000000e+000  0.000000e+000  0.000000e+000  0.000000e+000  0.000000e+000  0.000000e+000  0.000000e+000  0.000000e+000  0.000000e+000  0.000000e+000  0.000000e+000  0.000000e+000  
0.000000e+000  0.000000e+000  0.000000e+000  0.000000e+000  0.000000e+000  0.000000e+000  0.000000e+000  0.000000e+000  0.000000e+000  0.000000e+000  0.000000e+000  0.000000e+000  0.000000e+000  0.000000e+000  0.000000e+000  0.000000e+000  
0.000000e+000  0.000000e+000  0.000000e+000  0.000000e+000  0.000000e+000  0.000000e+000  0.000000e+000  0.000000e+000  0.000000e+000  0.000000e+000  0.000000e+000  0.000000e+000  0.000000e+000  0.000000e+000  0.000000e+000  0.000000e+000  
0.000000e+000  0.000000e+000  0.000000e+000  0.000000e+000  0.000000e+000  0.000000e+000  0.000000e+000  0.000000e+000  0.000000e+000  0.000000e+000  0.000000e+000  0.000000e+000  0.000000e+000  0.000000e+000  0.000000e+000  0.000000e+000  
0.000000e+000  0.000000e+000  0.000000e+000  0.000000e+000  0.000000e+000  0.000000e+000  0.000000e+000  0.000000e+000  0.000000e+000  0.000000e+000  0.000000e+000  0.000000e+000  0.000000e+000  0.000000e+000  0.000000e+000  0.000000e+000  
0.000000e+000  0.000000e+000  0.000000e+000  0.000000e+000  0.000000e+000  0.000000e+000  0.000000e+000  0.000000e+000  0.000000e+000  0.000000e+000  0.000000e+000  0.000000e+000  0.000000e+000  0.000000e+000  0.000000e+000  0.000000e+000  
0.000000e+000  0.000000e+000  0.000000e+000  0.000000e+000  0.000000e+000  0.000000e+000  0.000000e+000  0.000000e+000  0.000000e+000  0.000000e+000  0.000000e+000  0.000000e+000  0.000000e+000  0.000000e+000  0.000000e+000  0.000000e+000  
0.000000e+000  0.000000e+000  0.000000e+000  0.000000e+000  0.000000e+000  0.000000e+000  0.000000e+000  0.000000e+000  0.000000e+000  0.000000e+000  0.000000e+000  0.000000e+000  0.000000e+000  0.000000e+000  0.000000e+000  0.000000e+000  
0.000000e+000  0.000000e+000  0.000000e+000  0.000000e+000  0.000000e+000  0.000000e+000  0.000000e+000  0.000000e+000  0.000000e+000  0.000000e+000  0.000000e+000  0.000000e+000  0.000000e+000  0.000000e+000  0.000000e+000  0.000000e+000  
0.000000e+000  0.000000e+000  0.000000e+000  0.000000e+000  0.000000e+000  0.000000e+000  0.000000e+000  0.000000e+000  0.000000e+000  0.000000e+000  0.000000e+000  0.000000e+000  0.000000e+000  0.000000e+000  0.000000e+000  0.000000e+000  
0.000000e+000  0.000000e+000  0.000000e+000  0.000000e+000  0.000000e+000  0.000000e+000  0.000000e+000  0.000000e+000  0.000000e+000  0.000000e+000  0.000000e+000  0.000000e+000  0.000000e+000  0.000000e+000  0.000000e+000  0.000000e+000  
0.000000e+000  0.000000e+000  0.000000e+000  0.000000e+000  0.000000e+000  0.000000e+000  0.000000e+000  0.000000e+000  0.000000e+000  0.000000e+000  0.000000e+000  0.000000e+000  0.000000e+000  0.000000e+000  0.000000e+000  0.000000e+000  
0.000000e+000  0.000000e+000  0.000000e+000  0.000000e+000  0.000000e+000  0.000000e+000  0.000000e+000  0.000000e+000  0.000000e+000  0.000000e+000  0.000000e+000  0.000000e+000  0.000000e+000  0.000000e+000  0.000000e+000  0.000000e+000  
0.000000e+000  0.000000e+000  0.000000e+000  0.000000e+000  0.000000e+000  0.000000e+000  0.000000e+000  0.000000e+000  0.000000e+000  0.000000e+000  0.000000e+000  0.000000e+000  0.000000e+000  0.000000e+000  0.000000e+000  0.000000e+000  
0.000000e+000  0.000000e+000  0.000000e+000  0.000000e+000  0.000000e+000  0.000000e+000  0.000000e+000  0.000000e+000  0.000000e+000  0.000000e+000  0.000000e+000  0.000000e+000  0.000000e+000  0.000000e+000  0.000000e+000  0.000000e+000  
0.000000e+000  0.000000e+000  0.000000e+000  0.000000e+000  0.000000e+000  0.000000e+000  0.000000e+000  0.000000e+000  0.000000e+000  0.000000e+000  0.000000e+000  0.000000e+000  0.000000e+000  0.000000e+000  0.000000e+000  0.000000e+000  
0.000000e+000  0.000000e+000  0.000000e+000  0.000000e+000  0.000000e+000  0.000000e+000  0.000000e+000  0.000000e+000  0.000000e+000  0.000000e+000  0.000000e+000  0.000000e+000  0.000000e+000  0.000000e+000  0.000000e+000  0.000000e+000  
0.000000e+000  0.000000e+000  0.000000e+000  0.000000e+000  0.000000e+000  0.000000e+000  0.000000e+000  0.000000e+000  0.000000e+000  0.000000e+000  0.000000e+000  0.000000e+000  0.000000e+000  0.000000e+000  0.000000e+000  0.000000e+000  
0.000000e+000  0.000000e+000  0.000000e+000  0.000000e+000  0.000000e+000  0.000000e+000  0.000000e+000  0.000000e+000  0.000000e+000  0.000000e+000  0.000000e+000  0.000000e+000  0.000000e+000  0.000000e+000  0.000000e+000  0.000000e+000  
0.000000e+000  0.000000e+000  0.000000e+000  0.000000e+000  0.000000e+000  0.000000e+000  0.000000e+000  0.000000e+000  0.000000e+000  0.000000e+000  0.000000e+000  0.000000e+000  0.000000e+000  0.000000e+000  0.000000e+000  0.000000e+000  
0.000000e+000  0.000000e+000  0.000000e+000  0.000000e+000  0.000000e+000  0.000000e+000  0.000000e+000  0.000000e+000  0.000000e+000  0.000000e+000  0.000000e+000  0.000000e+000  0.000000e+000  0.000000e+000  0.000000e+000  0.000000e+000  
0.000000e+000  0.000000e+000  0.000000e+000  0.000000e+000  0.000000e+000  0.000000e+000  0.000000e+000  0.000000e+000  0.000000e+000  0.000000e+000  0.000000e+000  0.000000e+000  0.000000e+000  0.000000e+000  0.000000e+000  0.000000e+000  
0.000000e+000  0.000000e+000  0.000000e+000  0.000000e+000  0.000000e+000  0.000000e+000  0.000000e+000  0.000000e+000  0.000000e+000  0.000000e+000  0.000000e+000  0.000000e+000  0.000000e+000  0.000000e+000  0.000000e+000  0.000000e+000  
0.000000e+000  0.000000e+000  0.000000e+000  0.000000e+000  0.000000e+000  0.000000e+000  0.000000e+000  0.000000e+000  0.000000e+000  0.000000e+000  0.000000e+000  0.000000e+000  0.000000e+000  0.000000e+000  0.000000e+000  0.000000e+000  
0.000000e+000  0.000000e+000  0.000000e+000  0.000000e+000  0.000000e+000  0.000000e+000  0.000000e+000  0.000000e+000  0.000000e+000  0.000000e+000  0.000000e+000  0.000000e+000  0.000000e+000  0.000000e+000  0.000000e+000  0.000000e+000  
0.000000e+000  0.000000e+000  0.000000e+000  0.000000e+000  0.000000e+000  0.000000e+000  0.000000e+000  0.000000e+000  0.000000e+000  0.000000e+000  0.000000e+000  0.000000e+000  0.000000e+000  0.000000e+000  0.000000e+000  0.000000e+000  
0.000000e+000  0.000000e+000  0.000000e+000  0.000000e+000  0.000000e+000  0.000000e+000  0.000000e+000  0.000000e+000  0.000000e+000  0.000000e+000  0.000000e+000  0.000000e+000  0.000000e+000  0.000000e+000  0.000000e+000  0.000000e+000  

0.000000e+000  0.000000e+000  0.000000e+000  0.000000e+000  0.000000e+000  0.000000e+000  0.000000e+000  0.000000e+000  0.000000e+000  0.000000e+000  0.000000e+000  0.000000e+000  0.000000e+000  0.000000e+000  0.000000e+000  0.000000e+000  
0.000000e+000  0.000000e+000  0.000000e+000  0.000000e+000  0.000000e+000  0.000000e+000  0.000000e+000  0.000000e+000  0.000000e+000  0.000000e+000  0.000000e+000  0.000000e+000  0.000000e+000  0.000000e+000  0.000000e+000  0.000000e+000  
0.000000e+000  0.000000e+000  0.000000e+000  0.000000e+000  0.000000e+000  0.000000e+000  0.000000e+000  0.000000e+000  0.000000e+000  0.000000e+000  0.000000e+000  0.000000e+000  0.000000e+000  0.000000e+000  0.000000e+000  0.000000e+000  
0.000000e+000  0.000000e+000  0.000000e+000  0.000000e+000  0.000000e+000  0.000000e+000  0.000000e+000  0.000000e+000  0.000000e+000  0.000000e+000  0.000000e+000  0.000000e+000  0.000000e+000  0.000000e+000  0.000000e+000  0.000000e+000  
0.000000e+000  0.000000e+000  0.000000e+000  0.000000e+000  0.000000e+000  0.000000e+000  0.000000e+000  0.000000e+000  0.000000e+000  0.000000e+000  0.000000e+000  0.000000e+000  0.000000e+000  0.000000e+000  0.000000e+000  0.000000e+000  
0.000000e+000  0.000000e+000  0.000000e+000  0.000000e+000  0.000000e+000  0.000000e+000  0.000000e+000  0.000000e+000  0.000000e+000  0.000000e+000  0.000000e+000  0.000000e+000  0.000000e+000  0.000000e+000  0.000000e+000  0.000000e+000  
0.000000e+000  0.000000e+000  0.000000e+000  0.000000e+000  0.000000e+000  0.000000e+000  0.000000e+000  0.000000e+000  0.000000e+000  0.000000e+000  0.000000e+000  0.000000e+000  0.000000e+000  0.000000e+000  0.000000e+000  0.000000e+000  
0.000000e+000  0.000000e+000  0.000000e+000  0.000000e+000  0.000000e+000  0.000000e+000  0.000000e+000  0.000000e+000  0.000000e+000  0.000000e+000  0.000000e+000  0.000000e+000  0.000000e+000  0.000000e+000  0.000000e+000  0.000000e+000  
0.000000e+000  0.000000e+000  0.000000e+000  0.000000e+000  0.000000e+000  0.000000e+000  0.000000e+000  0.000000e+000  0.000000e+000  0.000000e+000  0.000000e+000  0.000000e+000  0.000000e+000  0.000000e+000  0.000000e+000  0.000000e+000  
0.000000e+000  0.000000e+000  0.000000e+000  0.000000e+000  0.000000e+000  0.000000e+000  0.000000e+000  0.000000e+000  0.000000e+000  0.000000e+000  0.000000e+000  0.000000e+000  0.000000e+000  0.000000e+000  0.000000e+000  0.000000e+000  
0.000000e+000  0.000000e+000  0.000000e+000  0.000000e+000  0.000000e+000  0.000000e+000  0.000000e+000  0.000000e+000  0.000000e+000  0.000000e+000  0.000000e+000  0.000000e+000  0.000000e+000  0.000000e+000  0.000000e+000  0.000000e+000  
0.000000e+000  0.000000e+000  0.000000e+000  0.000000e+000  0.000000e+000  0.000000e+000  0.000000e+000  0.000000e+000  0.000000e+000  0.000000e+000  0.000000e+000  0.000000e+000  0.000000e+000  0.000000e+000  0.000000e+000  0.000000e+000  
0.000000e+000  0.000000e+000  0.000000e+000  0.000000e+000  0.000000e+000  0.000000e+000  0.000000e+000  0.000000e+000  0.000000e+000  0.000000e+000  0.000000e+000  0.000000e+000  0.000000e+000  0.000000e+000  0.000000e+000  0.000000e+000  
0.000000e+000  0.000000e+000  0.000000e+000  0.000000e+000  0.000000e+000  0.000000e+000  0.000000e+000  0.000000e+000  0.000000e+000  0.000000e+000  0.000000e+000  0.000000e+000  0.000000e+000  0.000000e+000  0.000000e+000  0.000000e+000  
0.000000e+000  0.000000e+000  0.000000e+000  0.000000e+000  0.000000e+000  0.000000e+000  0.000000e+000  0.000000e+000  0.000000e+000  0.000000e+000  0.000000e+000  0.000000e+000  0.000000e+000  0.000000e+000  0.000000e+000  0.000000e+000  
0.000000e+000  0.000000e+000  0.000000e+000  0.000000e+000  0.000000e+000  0.000000e+000  0.000000e+000  0.000000e+000  0.000000e+000  0.000000e+000  0.000000e+000  0.000000e+000  0.000000e+000  0.000000e+000  0.000000e+000  0.000000e+000  
0.000000e+000  0.000000e+000  0.000000e+000  0.000000e+000  0.000000e+000  0.000000e+000  0.000000e+000  0.000000e+000  0.000000e+000  0.000000e+000  0.000000e+000  0.000000e+000  0.000000e+000  0.000000e+000  0.000000e+000  0.000000e+000  
0.000000e+000  0.000000e+000  0.000000e+000  0.000000e+000  0.000000e+000  0.000000e+000  0.000000e+000  0.000000e+000  0.000000e+000  0.000000e+000  0.000000e+000  0.000000e+000  0.000000e+000  0.000000e+000  0.000000e+000  0.000000e+000  
0.000000e+000  0.000000e+000  0.000000e+000  0.000000e+000  0.000000e+000  0.000000e+000  0.000000e+000  0.000000e+000  0.000000e+000  0.000000e+000  0.000000e+000  0.000000e+000  0.000000e+000  0.000000e+000  0.000000e+000  0.000000e+000  
0.000000e+000  0.000000e+000  0.000000e+000  0.000000e+000  0.000000e+000  0.000000e+000  0.000000e+000  0.000000e+000  0.000000e+000  0.000000e+000  0.000000e+000  0.000000e+000  0.000000e+000  0.000000e+000  0.000000e+000  0.000000e+000  
0.000000e+000  0.000000e+000  0.000000e+000  0.000000e+000  0.000000e+000  0.000000e+000  0.000000e+000  0.000000e+000  0.000000e+000  0.000000e+000  0.000000e+000  0.000000e+000  0.000000e+000  0.000000e+000  0.000000e+000  0.000000e+000  
0.000000e+000  0.000000e+000  0.000000e+000  0.000000e+000  0.000000e+000  0.000000e+000  0.000000e+000  0.000000e+000  0.000000e+000  0.000000e+000  0.000000e+000  0.000000e+000  0.000000e+000  0.000000e+000  0.000000e+000  0.000000e+000  
0.000000e+000  0.000000e+000  0.000000e+000  0.000000e+000  0.000000e+000  0.000000e+000  0.000000e+000  0.000000e+000  0.000000e+000  0.000000e+000  0.000000e+000  0.000000e+000  0.000000e+000  0.000000e+000  0.000000e+000  0.000000e+000  
0.000000e+000  0.000000e+000  0.000000e+000  0.000000e+000  0.000000e+000  0.000000e+000  0.000000e+000  0.000000e+000  0.000000e+000  0.000000e+000  0.000000e+000  0.000000e+000  0.000000e+000  0.000000e+000  0.000000e+000  0.000000e+000  
0.000000e+000  0.000000e+000  0.000000e+000  0.000000e+000  0.000000e+000  0.000000e+000  0.000000e+000  0.000000e+000  0.000000e+000  0.000000e+000  0.000000e+000  0.000000e+000  0.000000e+000  0.000000e+000  0.000000e+000  0.000000e+000  
0.000000e+000  0.000000e+000  0.000000e+000  0.000000e+000  0.000000e+000  0.000000e+000  0.000000e+000  0.000000e+000  0.000000e+000  0.000000e+000  0.000000e+000  0.000000e+000  0.000000e+000  0.000000e+000  0.000000e+000  0.000000e+000  
0.000000e+000  0.000000e+000  0.000000e+000  0.000000e+000  0.000000e+000  0.000000e+000  0.000000e+000  0.000000e+000  0.000000e+000  0.000000e+000  0.000000e+000  0.000000e+000  0.000000e+000  0.000000e+000  0.000000e+000  0.000000e+000  

0.000000e+000  0.000000e+000  0.000000e+000  0.000000e+000  0.000000e+000  0.000000e+000  0.000000e+000  0.000000e+000  0.000000e+000  0.000000e+000  0.000000e+000  0.000000e+000  0.000000e+000  0.000000e+000  0.000000e+000  0.000000e+000  
0.000000e+000  0.000000e+000  0.000000e+000  0.000000e+000  0.000000e+000  0.000000e+000  0.000000e+000  0.000000e+000  0.000000e+000  0.000000e+000  0.000000e+000  0.000000e+000  0.000000e+000  0.000000e+000  0.000000e+000  0.000000e+000  
0.000000e+000  0.000000e+000  0.000000e+000  0.000000e+000  0.000000e+000  0.000000e+000  0.000000e+000  0.000000e+000  0.000000e+000  0.000000e+000  0.000000e+000  0.000000e+000  0.000000e+000  0.000000e+000  0.000000e+000  0.000000e+000  
0.000000e+000  0.000000e+000  0.000000e+000  0.000000e+000  0.000000e+000  0.000000e+000  0.000000e+000  0.000000e+000  0.000000e+000  0.000000e+000  0.000000e+000  0.000000e+000  0.000000e+000  0.000000e+000  0.000000e+000  0.000000e+000  
0.000000e+000  0.000000e+000  0.000000e+000  0.000000e+000  0.000000e+000  0.000000e+000  0.000000e+000  0.000000e+000  0.000000e+000  0.000000e+000  0.000000e+000  0.000000e+000  0.000000e+000  0.000000e+000  0.000000e+000  0.000000e+000  
0.000000e+000  0.000000e+000  0.000000e+000  0.000000e+000  0.000000e+000  0.000000e+000  0.000000e+000  0.000000e+000  0.000000e+000  0.000000e+000  0.000000e+000  0.000000e+000  0.000000e+000  0.000000e+000  0.000000e+000  0.000000e+000  
0.000000e+000  0.000000e+000  0.000000e+000  0.000000e+000  0.000000e+000  0.000000e+000  0.000000e+000  0.000000e+000  0.000000e+000  0.000000e+000  0.000000e+000  0.000000e+000  0.000000e+000  0.000000e+000  0.000000e+000  0.000000e+000  
0.000000e+000  0.000000e+000  0.000000e+000  0.000000e+000  0.000000e+000  0.000000e+000  0.000000e+000  0.000000e+000  0.000000e+000  0.000000e+000  0.000000e+000  0.000000e+000  0.000000e+000  0.000000e+000  0.000000e+000  0.000000e+000  
0.000000e+000  0.000000e+000  0.000000e+000  0.000000e+000  0.000000e+000  0.000000e+000  0.000000e+000  0.000000e+000  0.000000e+000  0.000000e+000  0.000000e+000  0.000000e+000  0.000000e+000  0.000000e+000  0.000000e+000  0.000000e+000  
0.000000e+000  0.000000e+000  0.000000e+000  0.000000e+000  0.000000e+000  0.000000e+000  0.000000e+000  0.000000e+000  0.000000e+000  0.000000e+000  0.000000e+000  0.000000e+000  0.000000e+000  0.000000e+000  0.000000e+000  0.000000e+000  
0.000000e+000  0.000000e+000  0.000000e+000  0.000000e+000  0.000000e+000  0.000000e+000  0.000000e+000  0.000000e+000  0.000000e+000  0.000000e+000  0.000000e+000  0.000000e+000  0.000000e+000  0.000000e+000  0.000000e+000  0.000000e+000  
0.000000e+000  0.000000e+000  0.000000e+000  0.000000e+000  0.000000e+000  0.000000e+000  0.000000e+000  0.000000e+000  0.000000e+000  0.000000e+000  0.000000e+000  0.000000e+000  0.000000e+000  0.000000e+000  0.000000e+000  0.000000e+000  
0.000000e+000  0.000000e+000  0.000000e+000  0.000000e+000  0.000000e+000  0.000000e+000  0.000000e+000  0.000000e+000  0.000000e+000  0.000000e+000  0.000000e+000  0.000000e+000  0.000000e+000  0.000000e+000  0.000000e+000  0.000000e+000  
0.000000e+000  0.000000e+000  0.000000e+000  0.000000e+000  0.000000e+000  0.000000e+000  0.000000e+000  0.000000e+000  0.000000e+000  0.000000e+000  0.000000e+000  0.000000e+000  0.000000e+000  0.000000e+000  0.000000e+000  0.000000e+000  
0.000000e+000  0.000000e+000  0.000000e+000  0.000000e+000  0.000000e+000  0.000000e+000  0.000000e+000  0.000000e+000  0.000000e+000  0.000000e+000  0.000000e+000  0.000000e+000  0.000000e+000  0.000000e+000  0.000000e+000  0.000000e+000  
0.000000e+000  0.000000e+000  0.000000e+000  0.000000e+000  0.000000e+000  0.000000e+000  0.000000e+000  0.000000e+000  0.000000e+000  0.000000e+000  0.000000e+000  0.000000e+000  0.000000e+000  0.000000e+000  0.000000e+000  0.000000e+000  
0.000000e+000  0.000000e+000  0.000000e+000  0.000000e+000  0.000000e+000  0.000000e+000  0.000000e+000  0.000000e+000  0.000000e+000  0.000000e+000  0.000000e+000  0.000000e+000  0.000000e+000  0.000000e+000  0.000000e+000  0.000000e+000  
0.000000e+000  0.000000e+000  0.000000e+000  0.000000e+000  0.000000e+000  0.000000e+000  0.000000e+000  0.000000e+000  0.000000e+000  0.000000e+000  0.000000e+000  0.000000e+000  0.000000e+000  0.000000e+000  0.000000e+000  0.000000e+000  
0.000000e+000  0.000000e+000  0.000000e+000  0.000000e+000  0.000000e+000  0.000000e+000  0.000000e+000  0.000000e+000  0.000000e+000  0.000000e+000  0.000000e+000  0.000000e+000  0.000000e+000  0.000000e+000  0.000000e+000  0.000000e+000  
0.000000e+000  0.000000e+000  0.000000e+000  0.000000e+000  0.000000e+000  0.000000e+000  0.000000e+000  0.000000e+000  0.000000e+000  0.000000e+000  0.000000e+000  0.000000e+000  0.000000e+000  0.000000e+000  0.000000e+000  0.000000e+000  
0.000000e+000  0.000000e+000  0.000000e+000  0.000000e+000  0.000000e+000  0.000000e+000  0.000000e+000  0.000000e+000  0.000000e+000  0.000000e+000  0.000000e+000  0.000000e+000  0.000000e+000  0.000000e+000  0.000000e+000  0.000000e+000  
0.000000e+000  0.000000e+000  0.000000e+000  0.000000e+000  0.000000e+000  0.000000e+000  0.000000e+000  0.000000e+000  0.000000e+000  0.000000e+000  0.000000e+000  0.000000e+000  0.000000e+000  0.000000e+000  0.000000e+000  0.000000e+000  
0.000000e+000  0.000000e+000  0.000000e+000  0.000000e+000  0.000000e+000  0.000000e+000  0.000000e+000  0.000000e+000  0.000000e+000  0.000000e+000  0.000000e+000  0.000000e+000  0.000000e+000  0.000000e+000  0.000000e+000  0.000000e+000  
0.000000e+000  0.000000e+000  0.000000e+000  0.000000e+000  0.000000e+000  0.000000e+000  0.000000e+000  0.000000e+000  0.000000e+000  0.000000e+000  0.000000e+000  0.000000e+000  0.000000e+000  0.000000e+000  0.000000e+000  0.000000e+000  
0.000000e+000  0.000000e+000  0.000000e+000  0.000000e+000  0.000000e+000  0.000000e+000  0.000000e+000  0.000000e+000  0.000000e+000  0.000000e+000  0.000000e+000  0.000000e+000  0.000000e+000  0.000000e+000  0.000000e+000  0.000000e+000  
0.000000e+000  0.000000e+000  0.000000e+000  0.000000e+000  0.000000e+000  0.000000e+000  0.000000e+000  0.000000e+000  0.000000e+000  0.000000e+000  0.000000e+000  0.000000e+000  0.000000e+000  0.000000e+000  0.000000e+000  0.000000e+000  
0.000000e+000  0.000000e+000  0.000000e+000  0.000000e+000  0.000000e+000  0.000000e+000  0.000000e+000  0.000000e+000  0.000000e+000  0.000000e+000  0.000000e+000  0.000000e+000  0.000000e+000  0.000000e+000  0.000000e+000  0.000000e+000  

