Port monitor named: Port2_e1.prt

nx        = 3
ny        = 18
nz        = 29

nu        = 16
nv        = 27
iu        = 2
iv        = 2

idir      = 0
dcut      = 5.114300e-001
icut      = 3
type      = 0
frequency = 2.200000e+009

fcutoff   = 1.571455e+009
alpha     = 0.000000e+000
beta      = 3.226561e+001
accuracy  = 5.912401e-010

type          = TE
wave imp.     = 5.383597e+002
wave imp.sig. = 1.373523e-005
line imp.     = 0.000000e+000

ref. port     = 0

-0.000000e+000  -0.000000e+000  -0.000000e+000  -0.000000e+000  -0.000000e+000  -0.000000e+000  -0.000000e+000  -0.000000e+000  -0.000000e+000  -0.000000e+000  -0.000000e+000  -0.000000e+000  -0.000000e+000  -0.000000e+000  -0.000000e+000  -0.000000e+000  
3.079883e+001  3.079883e+001  3.079883e+001  3.079883e+001  3.079883e+001  3.079883e+001  3.079883e+001  3.079883e+001  3.079883e+001  3.079883e+001  3.079883e+001  3.079883e+001  3.079883e+001  3.079883e+001  3.079883e+001  -0.000000e+000  
6.149800e+001  6.149800e+001  6.149800e+001  6.149800e+001  6.149800e+001  6.149800e+001  6.149800e+001  6.149800e+001  6.149800e+001  6.149800e+001  6.149800e+001  6.149800e+001  6.149800e+001  6.149800e+001  6.149800e+001  -0.000000e+000  
9.199816e+001  9.199816e+001  9.199816e+001  9.199816e+001  9.199816e+001  9.199816e+001  9.199816e+001  9.199816e+001  9.199816e+001  9.199816e+001  9.199816e+001  9.199815e+001  9.199816e+001  9.199816e+001  9.199816e+001  -0.000000e+000  
2.034598e+002  2.034598e+002  2.034598e+002  2.034598e+002  2.034598e+002  2.034598e+002  2.034598e+002  2.034598e+002  2.034598e+002  2.034598e+002  2.034598e+002  2.034598e+002  2.034598e+002  2.034598e+002  2.034598e+002  -0.000000e+000  
3.200633e+002  3.200633e+002  3.200633e+002  3.200633e+002  3.200633e+002  3.200633e+002  3.200632e+002  3.200632e+002  3.200632e+002  3.200633e+002  3.200632e+002  3.200633e+002  3.200632e+002  3.200632e+002  3.200632e+002  -0.000000e+000  
4.175611e+002  4.175611e+002  4.175611e+002  4.175611e+002  4.175611e+002  4.175611e+002  4.175611e+002  4.175611e+002  4.175611e+002  4.175611e+002  4.175611e+002  4.175611e+002  4.175611e+002  4.175611e+002  4.175611e+002  -0.000000e+000  
4.901334e+002  4.901334e+002  4.901334e+002  4.901334e+002  4.901334e+002  4.901334e+002  4.901334e+002  4.901334e+002  4.901334e+002  4.901334e+002  4.901334e+002  4.901334e+002  4.901334e+002  4.901333e+002  4.901333e+002  -0.000000e+000  
5.295051e+002  5.295051e+002  5.295051e+002  5.295051e+002  5.295051e+002  5.295051e+002  5.295050e+002  5.295050e+002  5.295050e+002  5.295050e+002  5.295051e+002  5.295050e+002  5.295050e+002  5.295050e+002  5.295050e+002  -0.000000e+000  
5.359675e+002  5.359675e+002  5.359675e+002  5.359675e+002  5.359675e+002  5.359675e+002  5.359675e+002  5.359675e+002  5.359675e+002  5.359675e+002  5.359675e+002  5.359675e+002  5.359675e+002  5.359675e+002  5.359675e+002  -0.000000e+000  
5.406956e+002  5.406956e+002  5.406956e+002  5.406956e+002  5.406956e+002  5.406956e+002  5.406956e+002  5.406956e+002  5.406956e+002  5.406956e+002  5.406956e+002  5.406956e+002  5.406956e+002  5.406956e+002  5.406956e+002  -0.000000e+000  
5.436740e+002  5.436740e+002  5.436740e+002  5.436740e+002  5.436740e+002  5.436740e+002  5.436740e+002  5.436740e+002  5.436740e+002  5.436740e+002  5.436740e+002  5.436740e+002  5.436740e+002  5.436740e+002  5.436740e+002  -0.000000e+000  
5.446120e+002  5.446120e+002  5.446120e+002  5.446120e+002  5.446120e+002  5.446120e+002  5.446119e+002  5.446119e+002  5.446119e+002  5.446119e+002  5.446119e+002  5.446119e+002  5.446119e+002  5.446119e+002  5.446119e+002  -0.000000e+000  
5.449247e+002  5.449247e+002  5.449247e+002  5.449247e+002  5.449247e+002  5.449247e+002  5.449247e+002  5.449247e+002  5.449247e+002  5.449247e+002  5.449247e+002  5.449247e+002  5.449247e+002  5.449247e+002  5.449247e+002  -0.000000e+000  
5.446120e+002  5.446120e+002  5.446120e+002  5.446120e+002  5.446120e+002  5.446120e+002  5.446119e+002  5.446119e+002  5.446119e+002  5.446119e+002  5.446119e+002  5.446119e+002  5.446119e+002  5.446119e+002  5.446119e+002  -0.000000e+000  
5.436740e+002  5.436740e+002  5.436740e+002  5.436740e+002  5.436740e+002  5.436740e+002  5.436740e+002  5.436740e+002  5.436740e+002  5.436740e+002  5.436740e+002  5.436740e+002  5.436740e+002  5.436740e+002  5.436740e+002  -0.000000e+000  
5.406956e+002  5.406956e+002  5.406956e+002  5.406956e+002  5.406956e+002  5.406956e+002  5.406956e+002  5.406956e+002  5.406956e+002  5.406956e+002  5.406956e+002  5.406956e+002  5.406956e+002  5.406956e+002  5.406956e+002  -0.000000e+000  
5.359675e+002  5.359675e+002  5.359675e+002  5.359675e+002  5.359675e+002  5.359675e+002  5.359675e+002  5.359675e+002  5.359675e+002  5.359675e+002  5.359675e+002  5.359675e+002  5.359675e+002  5.359675e+002  5.359675e+002  -0.000000e+000  
5.295051e+002  5.295051e+002  5.295051e+002  5.295051e+002  5.295051e+002  5.295051e+002  5.295050e+002  5.295050e+002  5.295050e+002  5.295050e+002  5.295051e+002  5.295050e+002  5.295050e+002  5.295050e+002  5.295050e+002  -0.000000e+000  
4.901334e+002  4.901334e+002  4.901334e+002  4.901334e+002  4.901334e+002  4.901334e+002  4.901334e+002  4.901334e+002  4.901334e+002  4.901334e+002  4.901334e+002  4.901334e+002  4.901334e+002  4.901333e+002  4.901333e+002  -0.000000e+000  
4.175611e+002  4.175611e+002  4.175611e+002  4.175611e+002  4.175611e+002  4.175611e+002  4.175611e+002  4.175611e+002  4.175611e+002  4.175611e+002  4.175611e+002  4.175611e+002  4.175611e+002  4.175611e+002  4.175611e+002  -0.000000e+000  
3.200633e+002  3.200633e+002  3.200633e+002  3.200633e+002  3.200633e+002  3.200633e+002  3.200632e+002  3.200632e+002  3.200632e+002  3.200633e+002  3.200632e+002  3.200633e+002  3.200632e+002  3.200632e+002  3.200632e+002  -0.000000e+000  
2.034598e+002  2.034598e+002  2.034598e+002  2.034598e+002  2.034598e+002  2.034598e+002  2.034598e+002  2.034598e+002  2.034598e+002  2.034598e+002  2.034598e+002  2.034598e+002  2.034598e+002  2.034598e+002  2.034598e+002  -0.000000e+000  
9.199816e+001  9.199816e+001  9.199816e+001  9.199816e+001  9.199816e+001  9.199816e+001  9.199816e+001  9.199816e+001  9.199816e+001  9.199816e+001  9.199816e+001  9.199815e+001  9.199816e+001  9.199816e+001  9.199816e+001  -0.000000e+000  
6.149800e+001  6.149800e+001  6.149800e+001  6.149800e+001  6.149800e+001  6.149800e+001  6.149800e+001  6.149800e+001  6.149800e+001  6.149800e+001  6.149800e+001  6.149800e+001  6.149800e+001  6.149800e+001  6.149800e+001  -0.000000e+000  
3.079883e+001  3.079883e+001  3.079883e+001  3.079883e+001  3.079883e+001  3.079883e+001  3.079883e+001  3.079883e+001  3.079883e+001  3.079883e+001  3.079883e+001  3.079883e+001  3.079883e+001  3.079883e+001  3.079883e+001  -0.000000e+000  
-0.000000e+000  -0.000000e+000  -0.000000e+000  -0.000000e+000  -0.000000e+000  -0.000000e+000  -0.000000e+000  -0.000000e+000  -0.000000e+000  -0.000000e+000  -0.000000e+000  -0.000000e+000  -0.000000e+000  -0.000000e+000  -0.000000e+000  -0.000000e+000  

-0.000000e+000  -9.505633e-007  -1.893891e-006  -2.816507e-006  -3.701242e-006  -4.506328e-006  -5.168135e-006  -5.656395e-006  -6.133283e-006  -6.934489e-006  -5.333978e-006  -1.437750e-007  1.363742e-006  5.872915e-007  2.153401e-007  -0.000000e+000  
-0.000000e+000  -9.551813e-007  -1.908533e-006  -2.859093e-006  -3.787658e-006  -4.675722e-006  -5.420772e-006  -5.641587e-006  -5.782473e-006  -6.151078e-006  -5.548598e-006  9.424581e-008  5.776471e-007  1.816768e-007  5.018560e-008  -0.000000e+000  
-0.000000e+000  -9.600739e-007  -1.929284e-006  -2.906608e-006  -3.924198e-006  -5.013232e-006  -6.309527e-006  -5.693798e-006  -5.170463e-006  -4.261057e-006  -6.086392e-006  6.795741e-007  -1.304181e-006  -5.128231e-007  -1.889202e-007  -0.000000e+000  
-0.000000e+000  -9.471351e-007  -1.911559e-006  -2.915993e-006  -3.988986e-006  -5.169738e-006  -6.512281e-006  -5.530553e-006  -4.628675e-006  -3.607490e-006  -5.944319e-006  7.258871e-007  -1.823013e-006  -1.020105e-006  -4.551680e-007  -0.000000e+000  
-0.000000e+000  -5.333362e-007  -1.042019e-006  -1.499705e-006  -1.873135e-006  -2.121693e-006  -2.190407e-006  -3.780093e-006  -5.319111e-006  -7.061255e-006  -1.495349e-007  -4.238705e-006  3.199167e-006  1.840448e-006  8.367247e-007  -0.000000e+000  
-0.000000e+000  -6.306643e-007  -1.250287e-006  -1.847650e-006  -2.408176e-006  -2.911169e-006  -3.323684e-006  -2.633365e-006  -1.903455e-006  -1.262077e-006  -2.719243e-006  -1.290980e-006  -2.641441e-006  -1.882825e-006  -9.740491e-007  -0.000000e+000  
-0.000000e+000  -9.191230e-007  -1.884105e-006  -2.945949e-006  -4.167407e-006  -5.628428e-006  -7.433793e-006  -2.070200e-006  3.259022e-006  9.113854e-006  -8.642230e-006  5.089729e-006  -1.353905e-005  -8.358025e-006  -3.987945e-006  -0.000000e+000  
-0.000000e+000  -1.364917e-007  -2.540206e-007  -3.348751e-007  -3.620324e-007  -3.344877e-007  -2.936751e-007  -8.177117e-007  -1.359792e-006  -1.790671e-006  1.417216e-006  -3.138653e-006  4.689188e-007  3.217466e-007  1.380414e-007  -0.000000e+000  
-0.000000e+000  1.159364e-007  2.977729e-007  6.276882e-007  1.276641e-006  2.663463e-006  5.969401e-006  1.188961e-007  -5.054807e-006  -1.420941e-005  3.580067e-006  -4.457300e-006  1.406220e-005  5.734512e-006  2.137483e-006  -0.000000e+000  
-0.000000e+000  1.534729e-007  3.452234e-007  6.301800e-007  1.036610e-006  1.496591e-006  1.599249e-006  -1.831862e-007  -2.538375e-006  -4.846457e-006  -3.855881e-007  -1.954249e-007  4.928418e-006  3.176818e-006  1.480660e-006  -0.000000e+000  
-0.000000e+000  1.238549e-007  2.750132e-007  4.868509e-007  7.262975e-007  7.762559e-007  -7.488326e-007  9.292941e-008  -5.701745e-008  3.078300e-006  -4.007348e-006  3.669067e-006  -2.933836e-006  5.502934e-007  6.034627e-007  -0.000000e+000  
-0.000000e+000  6.971800e-008  1.782573e-007  3.182050e-007  6.725851e-007  1.787106e-006  6.993309e-006  1.131692e-006  -7.802441e-007  -5.394989e-006  -3.355098e-008  -1.350085e-007  5.506018e-006  1.251468e-006  4.341816e-007  -0.000000e+000  
-0.000000e+000  3.610089e-008  5.247846e-008  1.256228e-007  2.603768e-007  7.156759e-007  1.960671e-006  4.653537e-007  -3.227923e-007  -1.693009e-006  -2.522458e-008  -2.264627e-008  1.747344e-006  5.215721e-007  1.670926e-007  -0.000000e+000  
-0.000000e+000  -3.064097e-008  -4.783105e-008  -1.246068e-007  -2.720500e-007  -7.199226e-007  -1.958153e-006  -4.643325e-007  3.393526e-007  1.701900e-006  3.693803e-008  2.931718e-008  -1.746224e-006  -5.200349e-007  -1.644678e-007  -0.000000e+000  
-0.000000e+000  -7.159962e-008  -1.737501e-007  -3.181701e-007  -6.575425e-007  -1.780937e-006  -6.992454e-006  -1.114968e-006  7.848775e-007  5.406063e-006  4.840740e-008  1.414372e-007  -5.515217e-006  -1.252862e-006  -4.313469e-007  -0.000000e+000  
-0.000000e+000  -1.215175e-007  -2.738950e-007  -4.808506e-007  -7.249574e-007  -7.769116e-007  7.528103e-007  -8.445802e-008  7.308060e-008  -3.067818e-006  4.014954e-006  -3.659628e-006  2.934719e-006  -5.490980e-007  -6.000989e-007  -0.000000e+000  
-0.000000e+000  -1.496693e-007  -3.471263e-007  -6.302416e-007  -1.036243e-006  -1.492707e-006  -1.589264e-006  1.900198e-007  2.549368e-006  4.855435e-006  3.935126e-007  2.081819e-007  -4.931176e-006  -3.178732e-006  -1.484600e-006  -0.000000e+000  
-0.000000e+000  -1.216511e-007  -2.999959e-007  -6.317069e-007  -1.274384e-006  -2.661618e-006  -5.968748e-006  -1.104995e-007  5.062111e-006  1.421634e-005  -3.570394e-006  4.469838e-006  -1.406851e-005  -5.742603e-006  -2.139187e-006  -0.000000e+000  
-0.000000e+000  1.353045e-007  2.521529e-007  3.328294e-007  3.607043e-007  3.336843e-007  2.948396e-007  8.203043e-007  1.365254e-006  1.798161e-006  -1.407261e-006  3.141201e-006  -4.677492e-007  -3.195660e-007  -1.367253e-007  -0.000000e+000  
-0.000000e+000  9.188667e-007  1.883090e-006  2.944257e-006  4.166378e-006  5.627530e-006  7.434381e-006  2.070845e-006  -3.257371e-006  -9.111553e-006  8.645331e-006  -5.089175e-006  1.354011e-005  8.360368e-006  3.989687e-006  -0.000000e+000  
-0.000000e+000  6.305408e-007  1.251601e-006  1.850403e-006  2.412091e-006  2.914856e-006  3.326619e-006  2.636285e-006  1.906904e-006  1.265327e-006  2.720772e-006  1.291471e-006  2.639515e-006  1.882270e-006  9.741984e-007  -0.000000e+000  
-0.000000e+000  5.346723e-007  1.044100e-006  1.502486e-006  1.876247e-006  2.125028e-006  2.193334e-006  3.780553e-006  5.318543e-006  7.061287e-006  1.489597e-007  4.239146e-006  -3.199806e-006  -1.842651e-006  -8.384841e-007  -0.000000e+000  
-0.000000e+000  9.482483e-007  1.914526e-006  2.920928e-006  3.994110e-006  5.174840e-006  6.516881e-006  5.535851e-006  4.633372e-006  3.611172e-006  5.948324e-006  -7.246686e-007  1.826333e-006  1.021776e-006  4.552886e-007  -0.000000e+000  
-0.000000e+000  9.629322e-007  1.933997e-006  2.918882e-006  3.931852e-006  5.023113e-006  6.313661e-006  5.694325e-006  5.175126e-006  4.262607e-006  6.091121e-006  -6.715628e-007  1.310116e-006  5.171351e-007  1.955524e-007  -0.000000e+000  
-0.000000e+000  9.571962e-007  1.911065e-006  2.864317e-006  3.798873e-006  4.680912e-006  5.423048e-006  5.643954e-006  5.779736e-006  6.153593e-006  5.556369e-006  -8.418859e-008  -5.711245e-007  -1.711337e-007  -4.807216e-008  -0.000000e+000  
-0.000000e+000  9.481714e-007  1.894062e-006  2.818913e-006  3.705641e-006  4.509560e-006  5.172381e-006  5.655270e-006  6.135803e-006  6.938057e-006  5.345334e-006  1.505749e-007  -1.358279e-006  -5.840045e-007  -2.106093e-007  -0.000000e+000  
-0.000000e+000  -0.000000e+000  -0.000000e+000  -0.000000e+000  -0.000000e+000  -0.000000e+000  -0.000000e+000  -0.000000e+000  -0.000000e+000  -0.000000e+000  -0.000000e+000  -0.000000e+000  -0.000000e+000  -0.000000e+000  -0.000000e+000  -0.000000e+000  

0.000000e+000  0.000000e+000  0.000000e+000  0.000000e+000  0.000000e+000  0.000000e+000  0.000000e+000  0.000000e+000  0.000000e+000  0.000000e+000  0.000000e+000  0.000000e+000  0.000000e+000  0.000000e+000  0.000000e+000  0.000000e+000  
0.000000e+000  0.000000e+000  0.000000e+000  0.000000e+000  0.000000e+000  0.000000e+000  0.000000e+000  0.000000e+000  0.000000e+000  0.000000e+000  0.000000e+000  0.000000e+000  0.000000e+000  0.000000e+000  0.000000e+000  0.000000e+000  
0.000000e+000  0.000000e+000  0.000000e+000  0.000000e+000  0.000000e+000  0.000000e+000  0.000000e+000  0.000000e+000  0.000000e+000  0.000000e+000  0.000000e+000  0.000000e+000  0.000000e+000  0.000000e+000  0.000000e+000  0.000000e+000  
0.000000e+000  0.000000e+000  0.000000e+000  0.000000e+000  0.000000e+000  0.000000e+000  0.000000e+000  0.000000e+000  0.000000e+000  0.000000e+000  0.000000e+000  0.000000e+000  0.000000e+000  0.000000e+000  0.000000e+000  0.000000e+000  
0.000000e+000  0.000000e+000  0.000000e+000  0.000000e+000  0.000000e+000  0.000000e+000  0.000000e+000  0.000000e+000  0.000000e+000  0.000000e+000  0.000000e+000  0.000000e+000  0.000000e+000  0.000000e+000  0.000000e+000  0.000000e+000  
0.000000e+000  0.000000e+000  0.000000e+000  0.000000e+000  0.000000e+000  0.000000e+000  0.000000e+000  0.000000e+000  0.000000e+000  0.000000e+000  0.000000e+000  0.000000e+000  0.000000e+000  0.000000e+000  0.000000e+000  0.000000e+000  
0.000000e+000  0.000000e+000  0.000000e+000  0.000000e+000  0.000000e+000  0.000000e+000  0.000000e+000  0.000000e+000  0.000000e+000  0.000000e+000  0.000000e+000  0.000000e+000  0.000000e+000  0.000000e+000  0.000000e+000  0.000000e+000  
0.000000e+000  0.000000e+000  0.000000e+000  0.000000e+000  0.000000e+000  0.000000e+000  0.000000e+000  0.000000e+000  0.000000e+000  0.000000e+000  0.000000e+000  0.000000e+000  0.000000e+000  0.000000e+000  0.000000e+000  0.000000e+000  
0.000000e+000  0.000000e+000  0.000000e+000  0.000000e+000  0.000000e+000  0.000000e+000  0.000000e+000  0.000000e+000  0.000000e+000  0.000000e+000  0.000000e+000  0.000000e+000  0.000000e+000  0.000000e+000  0.000000e+000  0.000000e+000  
0.000000e+000  0.000000e+000  0.000000e+000  0.000000e+000  0.000000e+000  0.000000e+000  0.000000e+000  0.000000e+000  0.000000e+000  0.000000e+000  0.000000e+000  0.000000e+000  0.000000e+000  0.000000e+000  0.000000e+000  0.000000e+000  
0.000000e+000  0.000000e+000  0.000000e+000  0.000000e+000  0.000000e+000  0.000000e+000  0.000000e+000  0.000000e+000  0.000000e+000  0.000000e+000  0.000000e+000  0.000000e+000  0.000000e+000  0.000000e+000  0.000000e+000  0.000000e+000  
0.000000e+000  0.000000e+000  0.000000e+000  0.000000e+000  0.000000e+000  0.000000e+000  0.000000e+000  0.000000e+000  0.000000e+000  0.000000e+000  0.000000e+000  0.000000e+000  0.000000e+000  0.000000e+000  0.000000e+000  0.000000e+000  
0.000000e+000  0.000000e+000  0.000000e+000  0.000000e+000  0.000000e+000  0.000000e+000  0.000000e+000  0.000000e+000  0.000000e+000  0.000000e+000  0.000000e+000  0.000000e+000  0.000000e+000  0.000000e+000  0.000000e+000  0.000000e+000  
0.000000e+000  0.000000e+000  0.000000e+000  0.000000e+000  0.000000e+000  0.000000e+000  0.000000e+000  0.000000e+000  0.000000e+000  0.000000e+000  0.000000e+000  0.000000e+000  0.000000e+000  0.000000e+000  0.000000e+000  0.000000e+000  
0.000000e+000  0.000000e+000  0.000000e+000  0.000000e+000  0.000000e+000  0.000000e+000  0.000000e+000  0.000000e+000  0.000000e+000  0.000000e+000  0.000000e+000  0.000000e+000  0.000000e+000  0.000000e+000  0.000000e+000  0.000000e+000  
0.000000e+000  0.000000e+000  0.000000e+000  0.000000e+000  0.000000e+000  0.000000e+000  0.000000e+000  0.000000e+000  0.000000e+000  0.000000e+000  0.000000e+000  0.000000e+000  0.000000e+000  0.000000e+000  0.000000e+000  0.000000e+000  
0.000000e+000  0.000000e+000  0.000000e+000  0.000000e+000  0.000000e+000  0.000000e+000  0.000000e+000  0.000000e+000  0.000000e+000  0.000000e+000  0.000000e+000  0.000000e+000  0.000000e+000  0.000000e+000  0.000000e+000  0.000000e+000  
0.000000e+000  0.000000e+000  0.000000e+000  0.000000e+000  0.000000e+000  0.000000e+000  0.000000e+000  0.000000e+000  0.000000e+000  0.000000e+000  0.000000e+000  0.000000e+000  0.000000e+000  0.000000e+000  0.000000e+000  0.000000e+000  
0.000000e+000  0.000000e+000  0.000000e+000  0.000000e+000  0.000000e+000  0.000000e+000  0.000000e+000  0.000000e+000  0.000000e+000  0.000000e+000  0.000000e+000  0.000000e+000  0.000000e+000  0.000000e+000  0.000000e+000  0.000000e+000  
0.000000e+000  0.000000e+000  0.000000e+000  0.000000e+000  0.000000e+000  0.000000e+000  0.000000e+000  0.000000e+000  0.000000e+000  0.000000e+000  0.000000e+000  0.000000e+000  0.000000e+000  0.000000e+000  0.000000e+000  0.000000e+000  
0.000000e+000  0.000000e+000  0.000000e+000  0.000000e+000  0.000000e+000  0.000000e+000  0.000000e+000  0.000000e+000  0.000000e+000  0.000000e+000  0.000000e+000  0.000000e+000  0.000000e+000  0.000000e+000  0.000000e+000  0.000000e+000  
0.000000e+000  0.000000e+000  0.000000e+000  0.000000e+000  0.000000e+000  0.000000e+000  0.000000e+000  0.000000e+000  0.000000e+000  0.000000e+000  0.000000e+000  0.000000e+000  0.000000e+000  0.000000e+000  0.000000e+000  0.000000e+000  
0.000000e+000  0.000000e+000  0.000000e+000  0.000000e+000  0.000000e+000  0.000000e+000  0.000000e+000  0.000000e+000  0.000000e+000  0.000000e+000  0.000000e+000  0.000000e+000  0.000000e+000  0.000000e+000  0.000000e+000  0.000000e+000  
0.000000e+000  0.000000e+000  0.000000e+000  0.000000e+000  0.000000e+000  0.000000e+000  0.000000e+000  0.000000e+000  0.000000e+000  0.000000e+000  0.000000e+000  0.000000e+000  0.000000e+000  0.000000e+000  0.000000e+000  0.000000e+000  
0.000000e+000  0.000000e+000  0.000000e+000  0.000000e+000  0.000000e+000  0.000000e+000  0.000000e+000  0.000000e+000  0.000000e+000  0.000000e+000  0.000000e+000  0.000000e+000  0.000000e+000  0.000000e+000  0.000000e+000  0.000000e+000  
0.000000e+000  0.000000e+000  0.000000e+000  0.000000e+000  0.000000e+000  0.000000e+000  0.000000e+000  0.000000e+000  0.000000e+000  0.000000e+000  0.000000e+000  0.000000e+000  0.000000e+000  0.000000e+000  0.000000e+000  0.000000e+000  
0.000000e+000  0.000000e+000  0.000000e+000  0.000000e+000  0.000000e+000  0.000000e+000  0.000000e+000  0.000000e+000  0.000000e+000  0.000000e+000  0.000000e+000  0.000000e+000  0.000000e+000  0.000000e+000  0.000000e+000  0.000000e+000  

0.000000e+000  0.000000e+000  0.000000e+000  0.000000e+000  0.000000e+000  0.000000e+000  0.000000e+000  0.000000e+000  0.000000e+000  0.000000e+000  0.000000e+000  0.000000e+000  0.000000e+000  0.000000e+000  0.000000e+000  0.000000e+000  
0.000000e+000  0.000000e+000  0.000000e+000  0.000000e+000  0.000000e+000  0.000000e+000  0.000000e+000  0.000000e+000  0.000000e+000  0.000000e+000  0.000000e+000  0.000000e+000  0.000000e+000  0.000000e+000  0.000000e+000  0.000000e+000  
0.000000e+000  0.000000e+000  0.000000e+000  0.000000e+000  0.000000e+000  0.000000e+000  0.000000e+000  0.000000e+000  0.000000e+000  0.000000e+000  0.000000e+000  0.000000e+000  0.000000e+000  0.000000e+000  0.000000e+000  0.000000e+000  
0.000000e+000  0.000000e+000  0.000000e+000  0.000000e+000  0.000000e+000  0.000000e+000  0.000000e+000  0.000000e+000  0.000000e+000  0.000000e+000  0.000000e+000  0.000000e+000  0.000000e+000  0.000000e+000  0.000000e+000  0.000000e+000  
0.000000e+000  0.000000e+000  0.000000e+000  0.000000e+000  0.000000e+000  0.000000e+000  0.000000e+000  0.000000e+000  0.000000e+000  0.000000e+000  0.000000e+000  0.000000e+000  0.000000e+000  0.000000e+000  0.000000e+000  0.000000e+000  
0.000000e+000  0.000000e+000  0.000000e+000  0.000000e+000  0.000000e+000  0.000000e+000  0.000000e+000  0.000000e+000  0.000000e+000  0.000000e+000  0.000000e+000  0.000000e+000  0.000000e+000  0.000000e+000  0.000000e+000  0.000000e+000  
0.000000e+000  0.000000e+000  0.000000e+000  0.000000e+000  0.000000e+000  0.000000e+000  0.000000e+000  0.000000e+000  0.000000e+000  0.000000e+000  0.000000e+000  0.000000e+000  0.000000e+000  0.000000e+000  0.000000e+000  0.000000e+000  
0.000000e+000  0.000000e+000  0.000000e+000  0.000000e+000  0.000000e+000  0.000000e+000  0.000000e+000  0.000000e+000  0.000000e+000  0.000000e+000  0.000000e+000  0.000000e+000  0.000000e+000  0.000000e+000  0.000000e+000  0.000000e+000  
0.000000e+000  0.000000e+000  0.000000e+000  0.000000e+000  0.000000e+000  0.000000e+000  0.000000e+000  0.000000e+000  0.000000e+000  0.000000e+000  0.000000e+000  0.000000e+000  0.000000e+000  0.000000e+000  0.000000e+000  0.000000e+000  
0.000000e+000  0.000000e+000  0.000000e+000  0.000000e+000  0.000000e+000  0.000000e+000  0.000000e+000  0.000000e+000  0.000000e+000  0.000000e+000  0.000000e+000  0.000000e+000  0.000000e+000  0.000000e+000  0.000000e+000  0.000000e+000  
0.000000e+000  0.000000e+000  0.000000e+000  0.000000e+000  0.000000e+000  0.000000e+000  0.000000e+000  0.000000e+000  0.000000e+000  0.000000e+000  0.000000e+000  0.000000e+000  0.000000e+000  0.000000e+000  0.000000e+000  0.000000e+000  
0.000000e+000  0.000000e+000  0.000000e+000  0.000000e+000  0.000000e+000  0.000000e+000  0.000000e+000  0.000000e+000  0.000000e+000  0.000000e+000  0.000000e+000  0.000000e+000  0.000000e+000  0.000000e+000  0.000000e+000  0.000000e+000  
0.000000e+000  0.000000e+000  0.000000e+000  0.000000e+000  0.000000e+000  0.000000e+000  0.000000e+000  0.000000e+000  0.000000e+000  0.000000e+000  0.000000e+000  0.000000e+000  0.000000e+000  0.000000e+000  0.000000e+000  0.000000e+000  
0.000000e+000  0.000000e+000  0.000000e+000  0.000000e+000  0.000000e+000  0.000000e+000  0.000000e+000  0.000000e+000  0.000000e+000  0.000000e+000  0.000000e+000  0.000000e+000  0.000000e+000  0.000000e+000  0.000000e+000  0.000000e+000  
0.000000e+000  0.000000e+000  0.000000e+000  0.000000e+000  0.000000e+000  0.000000e+000  0.000000e+000  0.000000e+000  0.000000e+000  0.000000e+000  0.000000e+000  0.000000e+000  0.000000e+000  0.000000e+000  0.000000e+000  0.000000e+000  
0.000000e+000  0.000000e+000  0.000000e+000  0.000000e+000  0.000000e+000  0.000000e+000  0.000000e+000  0.000000e+000  0.000000e+000  0.000000e+000  0.000000e+000  0.000000e+000  0.000000e+000  0.000000e+000  0.000000e+000  0.000000e+000  
0.000000e+000  0.000000e+000  0.000000e+000  0.000000e+000  0.000000e+000  0.000000e+000  0.000000e+000  0.000000e+000  0.000000e+000  0.000000e+000  0.000000e+000  0.000000e+000  0.000000e+000  0.000000e+000  0.000000e+000  0.000000e+000  
0.000000e+000  0.000000e+000  0.000000e+000  0.000000e+000  0.000000e+000  0.000000e+000  0.000000e+000  0.000000e+000  0.000000e+000  0.000000e+000  0.000000e+000  0.000000e+000  0.000000e+000  0.000000e+000  0.000000e+000  0.000000e+000  
0.000000e+000  0.000000e+000  0.000000e+000  0.000000e+000  0.000000e+000  0.000000e+000  0.000000e+000  0.000000e+000  0.000000e+000  0.000000e+000  0.000000e+000  0.000000e+000  0.000000e+000  0.000000e+000  0.000000e+000  0.000000e+000  
0.000000e+000  0.000000e+000  0.000000e+000  0.000000e+000  0.000000e+000  0.000000e+000  0.000000e+000  0.000000e+000  0.000000e+000  0.000000e+000  0.000000e+000  0.000000e+000  0.000000e+000  0.000000e+000  0.000000e+000  0.000000e+000  
0.000000e+000  0.000000e+000  0.000000e+000  0.000000e+000  0.000000e+000  0.000000e+000  0.000000e+000  0.000000e+000  0.000000e+000  0.000000e+000  0.000000e+000  0.000000e+000  0.000000e+000  0.000000e+000  0.000000e+000  0.000000e+000  
0.000000e+000  0.000000e+000  0.000000e+000  0.000000e+000  0.000000e+000  0.000000e+000  0.000000e+000  0.000000e+000  0.000000e+000  0.000000e+000  0.000000e+000  0.000000e+000  0.000000e+000  0.000000e+000  0.000000e+000  0.000000e+000  
0.000000e+000  0.000000e+000  0.000000e+000  0.000000e+000  0.000000e+000  0.000000e+000  0.000000e+000  0.000000e+000  0.000000e+000  0.000000e+000  0.000000e+000  0.000000e+000  0.000000e+000  0.000000e+000  0.000000e+000  0.000000e+000  
0.000000e+000  0.000000e+000  0.000000e+000  0.000000e+000  0.000000e+000  0.000000e+000  0.000000e+000  0.000000e+000  0.000000e+000  0.000000e+000  0.000000e+000  0.000000e+000  0.000000e+000  0.000000e+000  0.000000e+000  0.000000e+000  
0.000000e+000  0.000000e+000  0.000000e+000  0.000000e+000  0.000000e+000  0.000000e+000  0.000000e+000  0.000000e+000  0.000000e+000  0.000000e+000  0.000000e+000  0.000000e+000  0.000000e+000  0.000000e+000  0.000000e+000  0.000000e+000  
0.000000e+000  0.000000e+000  0.000000e+000  0.000000e+000  0.000000e+000  0.000000e+000  0.000000e+000  0.000000e+000  0.000000e+000  0.000000e+000  0.000000e+000  0.000000e+000  0.000000e+000  0.000000e+000  0.000000e+000  0.000000e+000  
0.000000e+000  0.000000e+000  0.000000e+000  0.000000e+000  0.000000e+000  0.000000e+000  0.000000e+000  0.000000e+000  0.000000e+000  0.000000e+000  0.000000e+000  0.000000e+000  0.000000e+000  0.000000e+000  0.000000e+000  0.000000e+000  

0.000000e+000  0.000000e+000  0.000000e+000  0.000000e+000  0.000000e+000  0.000000e+000  0.000000e+000  0.000000e+000  0.000000e+000  0.000000e+000  0.000000e+000  0.000000e+000  0.000000e+000  0.000000e+000  0.000000e+000  0.000000e+000  
0.000000e+000  0.000000e+000  0.000000e+000  0.000000e+000  0.000000e+000  0.000000e+000  0.000000e+000  0.000000e+000  0.000000e+000  0.000000e+000  0.000000e+000  0.000000e+000  0.000000e+000  0.000000e+000  0.000000e+000  0.000000e+000  
0.000000e+000  0.000000e+000  0.000000e+000  0.000000e+000  0.000000e+000  0.000000e+000  0.000000e+000  0.000000e+000  0.000000e+000  0.000000e+000  0.000000e+000  0.000000e+000  0.000000e+000  0.000000e+000  0.000000e+000  0.000000e+000  
0.000000e+000  0.000000e+000  0.000000e+000  0.000000e+000  0.000000e+000  0.000000e+000  0.000000e+000  0.000000e+000  0.000000e+000  0.000000e+000  0.000000e+000  0.000000e+000  0.000000e+000  0.000000e+000  0.000000e+000  0.000000e+000  
0.000000e+000  0.000000e+000  0.000000e+000  0.000000e+000  0.000000e+000  0.000000e+000  0.000000e+000  0.000000e+000  0.000000e+000  0.000000e+000  0.000000e+000  0.000000e+000  0.000000e+000  0.000000e+000  0.000000e+000  0.000000e+000  
0.000000e+000  0.000000e+000  0.000000e+000  0.000000e+000  0.000000e+000  0.000000e+000  0.000000e+000  0.000000e+000  0.000000e+000  0.000000e+000  0.000000e+000  0.000000e+000  0.000000e+000  0.000000e+000  0.000000e+000  0.000000e+000  
0.000000e+000  0.000000e+000  0.000000e+000  0.000000e+000  0.000000e+000  0.000000e+000  0.000000e+000  0.000000e+000  0.000000e+000  0.000000e+000  0.000000e+000  0.000000e+000  0.000000e+000  0.000000e+000  0.000000e+000  0.000000e+000  
0.000000e+000  0.000000e+000  0.000000e+000  0.000000e+000  0.000000e+000  0.000000e+000  0.000000e+000  0.000000e+000  0.000000e+000  0.000000e+000  0.000000e+000  0.000000e+000  0.000000e+000  0.000000e+000  0.000000e+000  0.000000e+000  
0.000000e+000  0.000000e+000  0.000000e+000  0.000000e+000  0.000000e+000  0.000000e+000  0.000000e+000  0.000000e+000  0.000000e+000  0.000000e+000  0.000000e+000  0.000000e+000  0.000000e+000  0.000000e+000  0.000000e+000  0.000000e+000  
0.000000e+000  0.000000e+000  0.000000e+000  0.000000e+000  0.000000e+000  0.000000e+000  0.000000e+000  0.000000e+000  0.000000e+000  0.000000e+000  0.000000e+000  0.000000e+000  0.000000e+000  0.000000e+000  0.000000e+000  0.000000e+000  
0.000000e+000  0.000000e+000  0.000000e+000  0.000000e+000  0.000000e+000  0.000000e+000  0.000000e+000  0.000000e+000  0.000000e+000  0.000000e+000  0.000000e+000  0.000000e+000  0.000000e+000  0.000000e+000  0.000000e+000  0.000000e+000  
0.000000e+000  0.000000e+000  0.000000e+000  0.000000e+000  0.000000e+000  0.000000e+000  0.000000e+000  0.000000e+000  0.000000e+000  0.000000e+000  0.000000e+000  0.000000e+000  0.000000e+000  0.000000e+000  0.000000e+000  0.000000e+000  
0.000000e+000  0.000000e+000  0.000000e+000  0.000000e+000  0.000000e+000  0.000000e+000  0.000000e+000  0.000000e+000  0.000000e+000  0.000000e+000  0.000000e+000  0.000000e+000  0.000000e+000  0.000000e+000  0.000000e+000  0.000000e+000  
0.000000e+000  0.000000e+000  0.000000e+000  0.000000e+000  0.000000e+000  0.000000e+000  0.000000e+000  0.000000e+000  0.000000e+000  0.000000e+000  0.000000e+000  0.000000e+000  0.000000e+000  0.000000e+000  0.000000e+000  0.000000e+000  
0.000000e+000  0.000000e+000  0.000000e+000  0.000000e+000  0.000000e+000  0.000000e+000  0.000000e+000  0.000000e+000  0.000000e+000  0.000000e+000  0.000000e+000  0.000000e+000  0.000000e+000  0.000000e+000  0.000000e+000  0.000000e+000  
0.000000e+000  0.000000e+000  0.000000e+000  0.000000e+000  0.000000e+000  0.000000e+000  0.000000e+000  0.000000e+000  0.000000e+000  0.000000e+000  0.000000e+000  0.000000e+000  0.000000e+000  0.000000e+000  0.000000e+000  0.000000e+000  
0.000000e+000  0.000000e+000  0.000000e+000  0.000000e+000  0.000000e+000  0.000000e+000  0.000000e+000  0.000000e+000  0.000000e+000  0.000000e+000  0.000000e+000  0.000000e+000  0.000000e+000  0.000000e+000  0.000000e+000  0.000000e+000  
0.000000e+000  0.000000e+000  0.000000e+000  0.000000e+000  0.000000e+000  0.000000e+000  0.000000e+000  0.000000e+000  0.000000e+000  0.000000e+000  0.000000e+000  0.000000e+000  0.000000e+000  0.000000e+000  0.000000e+000  0.000000e+000  
0.000000e+000  0.000000e+000  0.000000e+000  0.000000e+000  0.000000e+000  0.000000e+000  0.000000e+000  0.000000e+000  0.000000e+000  0.000000e+000  0.000000e+000  0.000000e+000  0.000000e+000  0.000000e+000  0.000000e+000  0.000000e+000  
0.000000e+000  0.000000e+000  0.000000e+000  0.000000e+000  0.000000e+000  0.000000e+000  0.000000e+000  0.000000e+000  0.000000e+000  0.000000e+000  0.000000e+000  0.000000e+000  0.000000e+000  0.000000e+000  0.000000e+000  0.000000e+000  
0.000000e+000  0.000000e+000  0.000000e+000  0.000000e+000  0.000000e+000  0.000000e+000  0.000000e+000  0.000000e+000  0.000000e+000  0.000000e+000  0.000000e+000  0.000000e+000  0.000000e+000  0.000000e+000  0.000000e+000  0.000000e+000  
0.000000e+000  0.000000e+000  0.000000e+000  0.000000e+000  0.000000e+000  0.000000e+000  0.000000e+000  0.000000e+000  0.000000e+000  0.000000e+000  0.000000e+000  0.000000e+000  0.000000e+000  0.000000e+000  0.000000e+000  0.000000e+000  
0.000000e+000  0.000000e+000  0.000000e+000  0.000000e+000  0.000000e+000  0.000000e+000  0.000000e+000  0.000000e+000  0.000000e+000  0.000000e+000  0.000000e+000  0.000000e+000  0.000000e+000  0.000000e+000  0.000000e+000  0.000000e+000  
0.000000e+000  0.000000e+000  0.000000e+000  0.000000e+000  0.000000e+000  0.000000e+000  0.000000e+000  0.000000e+000  0.000000e+000  0.000000e+000  0.000000e+000  0.000000e+000  0.000000e+000  0.000000e+000  0.000000e+000  0.000000e+000  
0.000000e+000  0.000000e+000  0.000000e+000  0.000000e+000  0.000000e+000  0.000000e+000  0.000000e+000  0.000000e+000  0.000000e+000  0.000000e+000  0.000000e+000  0.000000e+000  0.000000e+000  0.000000e+000  0.000000e+000  0.000000e+000  
0.000000e+000  0.000000e+000  0.000000e+000  0.000000e+000  0.000000e+000  0.000000e+000  0.000000e+000  0.000000e+000  0.000000e+000  0.000000e+000  0.000000e+000  0.000000e+000  0.000000e+000  0.000000e+000  0.000000e+000  0.000000e+000  
0.000000e+000  0.000000e+000  0.000000e+000  0.000000e+000  0.000000e+000  0.000000e+000  0.000000e+000  0.000000e+000  0.000000e+000  0.000000e+000  0.000000e+000  0.000000e+000  0.000000e+000  0.000000e+000  0.000000e+000  0.000000e+000  

-0.000000e+000  -0.000000e+000  -0.000000e+000  -0.000000e+000  -0.000000e+000  -0.000000e+000  -0.000000e+000  -0.000000e+000  -0.000000e+000  -0.000000e+000  -0.000000e+000  -0.000000e+000  -0.000000e+000  -0.000000e+000  -0.000000e+000  -0.000000e+000  
-0.000000e+000  -2.326455e-009  1.052340e-007  2.136745e-007  2.445952e-007  3.852310e-007  3.656215e-007  3.100474e-007  2.962311e-007  1.646846e-007  2.072080e-007  1.480454e-007  1.346672e-007  6.508590e-008  1.329910e-008  -0.000000e+000  
-0.000000e+000  3.349249e-008  3.684382e-007  3.767290e-007  5.920832e-007  7.016208e-007  7.708867e-007  7.118145e-007  4.547353e-007  3.515765e-007  4.141690e-007  3.221062e-007  4.073811e-007  2.297079e-007  1.694036e-007  -0.000000e+000  
-0.000000e+000  2.643981e-007  3.879015e-007  7.089959e-007  8.774367e-007  9.677245e-007  1.199983e-006  9.408379e-007  7.551303e-007  3.893185e-007  6.327581e-007  4.023752e-007  7.598405e-007  4.879367e-007  2.584486e-007  -0.000000e+000  
-0.000000e+000  4.578862e-007  8.908417e-007  1.257599e-006  1.782542e-006  2.332861e-006  2.970131e-006  2.294676e-006  1.636228e-006  8.553547e-007  1.369567e-006  8.478852e-007  1.523269e-006  9.218868e-007  4.395441e-007  -0.000000e+000  
-0.000000e+000  3.792478e-007  8.405007e-007  1.190395e-006  1.614425e-006  1.855168e-006  2.171099e-006  2.613687e-006  3.012627e-006  3.487470e-006  8.199024e-007  2.424767e-006  -5.617390e-007  -2.972756e-007  -1.500975e-007  -0.000000e+000  
-0.000000e+000  5.890444e-007  1.244290e-006  1.782001e-006  2.348997e-006  2.752102e-006  3.118867e-006  3.676859e-006  4.092305e-006  4.594407e-006  1.384774e-006  3.262308e-006  -3.193524e-007  -1.099008e-007  -4.943428e-008  -0.000000e+000  
-0.000000e+000  1.108407e-006  2.343336e-006  3.681119e-006  4.918571e-006  6.252322e-006  7.743568e-006  5.969447e-006  4.213839e-006  2.384387e-006  3.957605e-006  2.345392e-006  4.241600e-006  2.680743e-006  1.334041e-006  -0.000000e+000  
-0.000000e+000  1.208603e-006  2.540072e-006  3.761275e-006  5.140696e-006  6.300980e-006  7.613114e-006  6.295717e-006  4.937968e-006  3.538352e-006  4.008605e-006  3.061746e-006  3.820769e-006  2.422510e-006  1.192026e-006  -0.000000e+000  
-0.000000e+000  1.095197e-006  2.521147e-006  3.715879e-006  5.027123e-006  6.293858e-006  7.439043e-006  6.537127e-006  5.558984e-006  4.704809e-006  3.435366e-006  3.806550e-006  2.530874e-006  1.747628e-006  8.964495e-007  -0.000000e+000  
-0.000000e+000  1.317052e-006  2.511223e-006  3.626747e-006  4.875793e-006  6.288744e-006  7.544472e-006  6.747884e-006  5.947821e-006  5.457308e-006  3.122622e-006  4.227823e-006  1.854666e-006  1.251248e-006  6.999473e-007  -0.000000e+000  
-0.000000e+000  1.347653e-006  2.222055e-006  3.924046e-006  4.824385e-006  6.041161e-006  7.201644e-006  6.660019e-006  6.452746e-006  5.898246e-006  2.898127e-006  4.369324e-006  1.619812e-006  9.827602e-007  4.661433e-007  -0.000000e+000  
-0.000000e+000  8.199929e-007  3.031244e-006  3.312355e-006  5.288394e-006  6.105065e-006  7.251707e-006  6.926407e-006  6.247851e-006  6.332295e-006  2.809188e-006  4.418841e-006  7.624366e-007  1.064246e-006  4.404527e-007  -0.000000e+000  
-0.000000e+000  1.661581e-006  1.837824e-006  4.014115e-006  4.924296e-006  6.081637e-006  7.049781e-006  7.014160e-006  6.570634e-006  6.483255e-006  2.674998e-006  4.680858e-006  1.271662e-006  7.230491e-007  4.652097e-007  -0.000000e+000  
-0.000000e+000  1.172045e-006  2.883057e-006  3.405934e-006  4.496303e-006  5.872497e-006  7.221844e-006  6.421309e-006  6.599931e-006  6.282592e-006  2.721296e-006  4.424660e-006  1.072020e-006  1.054448e-006  5.167745e-007  -0.000000e+000  
-0.000000e+000  1.275140e-006  2.200450e-006  3.846756e-006  4.987568e-006  6.226721e-006  7.173199e-006  6.770571e-006  6.311630e-006  5.904874e-006  3.071128e-006  4.313255e-006  1.359982e-006  9.369250e-007  4.885470e-007  -0.000000e+000  
-0.000000e+000  1.197367e-006  2.653991e-006  3.591740e-006  4.999022e-006  6.101928e-006  7.448494e-006  6.814991e-006  5.986304e-006  5.517980e-006  3.131993e-006  4.168234e-006  1.883838e-006  1.339951e-006  8.279731e-007  -0.000000e+000  
-0.000000e+000  1.323277e-006  2.448056e-006  3.841572e-006  4.911109e-006  6.376353e-006  7.545170e-006  6.522704e-006  5.653201e-006  4.768937e-006  3.414199e-006  3.805493e-006  2.575625e-006  1.860640e-006  8.780523e-007  -0.000000e+000  
-0.000000e+000  1.203399e-006  2.560661e-006  3.706116e-006  5.169792e-006  6.278547e-006  7.649902e-006  6.307194e-006  5.015285e-006  3.563982e-006  4.001102e-006  3.137488e-006  3.782625e-006  2.321756e-006  1.124629e-006  -0.000000e+000  
-0.000000e+000  1.093018e-006  2.319918e-006  3.596404e-006  4.968754e-006  6.317122e-006  7.826377e-006  5.949031e-006  4.223154e-006  2.444162e-006  3.972559e-006  2.349565e-006  4.239568e-006  2.635201e-006  1.239315e-006  -0.000000e+000  
-0.000000e+000  6.408344e-007  1.275504e-006  1.793523e-006  2.363941e-006  2.749093e-006  3.133527e-006  3.637630e-006  4.124046e-006  4.598693e-006  1.398065e-006  3.234548e-006  -3.159693e-007  -9.640524e-008  -5.122092e-008  -0.000000e+000  
-0.000000e+000  4.994068e-007  8.960389e-007  1.225656e-006  1.548295e-006  1.816626e-006  2.184499e-006  2.699050e-006  3.123468e-006  3.451245e-006  8.386972e-007  2.431615e-006  -5.918987e-007  -2.779341e-007  -8.345777e-008  -0.000000e+000  
-0.000000e+000  4.147179e-007  8.709443e-007  1.314980e-006  1.898090e-006  2.368961e-006  2.979829e-006  2.176917e-006  1.533218e-006  8.451761e-007  1.337958e-006  8.271056e-007  1.463912e-006  8.957853e-007  3.867207e-007  -0.000000e+000  
-0.000000e+000  2.532943e-007  3.150013e-007  5.673343e-007  7.161018e-007  9.895077e-007  1.261865e-006  9.969290e-007  6.442694e-007  3.719526e-007  6.448558e-007  3.466438e-007  7.069867e-007  4.973752e-007  2.601402e-007  -0.000000e+000  
-0.000000e+000  1.748062e-007  3.090899e-007  4.114810e-007  3.676068e-007  8.230159e-007  8.468229e-007  5.987355e-007  5.432561e-007  3.256180e-007  3.718100e-007  2.836216e-007  3.516673e-007  3.266516e-007  1.197384e-007  -0.000000e+000  
-0.000000e+000  4.670366e-008  1.637459e-007  2.118778e-007  3.434944e-007  3.299242e-007  3.482206e-007  3.544338e-007  1.650428e-007  1.534080e-007  1.467862e-007  2.082449e-007  1.485630e-007  1.544264e-007  1.107950e-007  -0.000000e+000  
-0.000000e+000  -0.000000e+000  -0.000000e+000  -0.000000e+000  -0.000000e+000  -0.000000e+000  -0.000000e+000  -0.000000e+000  -0.000000e+000  -0.000000e+000  -0.000000e+000  -0.000000e+000  -0.000000e+000  -0.000000e+000  -0.000000e+000  -0.000000e+000  

