Port monitor named: Port2_h3[2.2].prt

nx        = 71
ny        = 23
nz        = 31

nu        = 16
nv        = 27
iu        = 3
iv        = 3

idir      = 0
dcut      = 5.114300e-001
icut      = 71
type      = 1
frequency = 2.200000e+009

fcutoff   = 3.942260e+009
alpha     = 6.855059e+001
beta      = 0.000000e+000
accuracy  = 2.335677e-009

type          = TE
wave imp.     = 2.533968e+002
wave imp.sig. = 7.675475e-006
line imp.     = 0.000000e+000

ref. port     = 0

0.000000e+000  0.000000e+000  0.000000e+000  0.000000e+000  0.000000e+000  0.000000e+000  0.000000e+000  0.000000e+000  0.000000e+000  0.000000e+000  0.000000e+000  0.000000e+000  0.000000e+000  0.000000e+000  0.000000e+000  0.000000e+000  
0.000000e+000  0.000000e+000  0.000000e+000  0.000000e+000  0.000000e+000  0.000000e+000  0.000000e+000  0.000000e+000  0.000000e+000  0.000000e+000  0.000000e+000  0.000000e+000  0.000000e+000  0.000000e+000  0.000000e+000  0.000000e+000  
0.000000e+000  0.000000e+000  0.000000e+000  0.000000e+000  0.000000e+000  0.000000e+000  0.000000e+000  0.000000e+000  0.000000e+000  0.000000e+000  0.000000e+000  0.000000e+000  0.000000e+000  0.000000e+000  0.000000e+000  0.000000e+000  
0.000000e+000  0.000000e+000  0.000000e+000  0.000000e+000  0.000000e+000  0.000000e+000  0.000000e+000  0.000000e+000  0.000000e+000  0.000000e+000  0.000000e+000  0.000000e+000  0.000000e+000  0.000000e+000  0.000000e+000  0.000000e+000  
0.000000e+000  0.000000e+000  0.000000e+000  0.000000e+000  0.000000e+000  0.000000e+000  0.000000e+000  0.000000e+000  0.000000e+000  0.000000e+000  0.000000e+000  0.000000e+000  0.000000e+000  0.000000e+000  0.000000e+000  0.000000e+000  
0.000000e+000  0.000000e+000  0.000000e+000  0.000000e+000  0.000000e+000  0.000000e+000  0.000000e+000  0.000000e+000  0.000000e+000  0.000000e+000  0.000000e+000  0.000000e+000  0.000000e+000  0.000000e+000  0.000000e+000  0.000000e+000  
0.000000e+000  0.000000e+000  0.000000e+000  0.000000e+000  0.000000e+000  0.000000e+000  0.000000e+000  0.000000e+000  0.000000e+000  0.000000e+000  0.000000e+000  0.000000e+000  0.000000e+000  0.000000e+000  0.000000e+000  0.000000e+000  
0.000000e+000  0.000000e+000  0.000000e+000  0.000000e+000  0.000000e+000  0.000000e+000  0.000000e+000  0.000000e+000  0.000000e+000  0.000000e+000  0.000000e+000  0.000000e+000  0.000000e+000  0.000000e+000  0.000000e+000  0.000000e+000  
0.000000e+000  0.000000e+000  0.000000e+000  0.000000e+000  0.000000e+000  0.000000e+000  0.000000e+000  0.000000e+000  0.000000e+000  0.000000e+000  0.000000e+000  0.000000e+000  0.000000e+000  0.000000e+000  0.000000e+000  0.000000e+000  
0.000000e+000  0.000000e+000  0.000000e+000  0.000000e+000  0.000000e+000  0.000000e+000  0.000000e+000  0.000000e+000  0.000000e+000  0.000000e+000  0.000000e+000  0.000000e+000  0.000000e+000  0.000000e+000  0.000000e+000  0.000000e+000  
0.000000e+000  0.000000e+000  0.000000e+000  0.000000e+000  0.000000e+000  0.000000e+000  0.000000e+000  0.000000e+000  0.000000e+000  0.000000e+000  0.000000e+000  0.000000e+000  0.000000e+000  0.000000e+000  0.000000e+000  0.000000e+000  
0.000000e+000  0.000000e+000  0.000000e+000  0.000000e+000  0.000000e+000  0.000000e+000  0.000000e+000  0.000000e+000  0.000000e+000  0.000000e+000  0.000000e+000  0.000000e+000  0.000000e+000  0.000000e+000  0.000000e+000  0.000000e+000  
0.000000e+000  0.000000e+000  0.000000e+000  0.000000e+000  0.000000e+000  0.000000e+000  0.000000e+000  0.000000e+000  0.000000e+000  0.000000e+000  0.000000e+000  0.000000e+000  0.000000e+000  0.000000e+000  0.000000e+000  0.000000e+000  
0.000000e+000  0.000000e+000  0.000000e+000  0.000000e+000  0.000000e+000  0.000000e+000  0.000000e+000  0.000000e+000  0.000000e+000  0.000000e+000  0.000000e+000  0.000000e+000  0.000000e+000  0.000000e+000  0.000000e+000  0.000000e+000  
0.000000e+000  0.000000e+000  0.000000e+000  0.000000e+000  0.000000e+000  0.000000e+000  0.000000e+000  0.000000e+000  0.000000e+000  0.000000e+000  0.000000e+000  0.000000e+000  0.000000e+000  0.000000e+000  0.000000e+000  0.000000e+000  
0.000000e+000  0.000000e+000  0.000000e+000  0.000000e+000  0.000000e+000  0.000000e+000  0.000000e+000  0.000000e+000  0.000000e+000  0.000000e+000  0.000000e+000  0.000000e+000  0.000000e+000  0.000000e+000  0.000000e+000  0.000000e+000  
0.000000e+000  0.000000e+000  0.000000e+000  0.000000e+000  0.000000e+000  0.000000e+000  0.000000e+000  0.000000e+000  0.000000e+000  0.000000e+000  0.000000e+000  0.000000e+000  0.000000e+000  0.000000e+000  0.000000e+000  0.000000e+000  
0.000000e+000  0.000000e+000  0.000000e+000  0.000000e+000  0.000000e+000  0.000000e+000  0.000000e+000  0.000000e+000  0.000000e+000  0.000000e+000  0.000000e+000  0.000000e+000  0.000000e+000  0.000000e+000  0.000000e+000  0.000000e+000  
0.000000e+000  0.000000e+000  0.000000e+000  0.000000e+000  0.000000e+000  0.000000e+000  0.000000e+000  0.000000e+000  0.000000e+000  0.000000e+000  0.000000e+000  0.000000e+000  0.000000e+000  0.000000e+000  0.000000e+000  0.000000e+000  
0.000000e+000  0.000000e+000  0.000000e+000  0.000000e+000  0.000000e+000  0.000000e+000  0.000000e+000  0.000000e+000  0.000000e+000  0.000000e+000  0.000000e+000  0.000000e+000  0.000000e+000  0.000000e+000  0.000000e+000  0.000000e+000  
0.000000e+000  0.000000e+000  0.000000e+000  0.000000e+000  0.000000e+000  0.000000e+000  0.000000e+000  0.000000e+000  0.000000e+000  0.000000e+000  0.000000e+000  0.000000e+000  0.000000e+000  0.000000e+000  0.000000e+000  0.000000e+000  
0.000000e+000  0.000000e+000  0.000000e+000  0.000000e+000  0.000000e+000  0.000000e+000  0.000000e+000  0.000000e+000  0.000000e+000  0.000000e+000  0.000000e+000  0.000000e+000  0.000000e+000  0.000000e+000  0.000000e+000  0.000000e+000  
0.000000e+000  0.000000e+000  0.000000e+000  0.000000e+000  0.000000e+000  0.000000e+000  0.000000e+000  0.000000e+000  0.000000e+000  0.000000e+000  0.000000e+000  0.000000e+000  0.000000e+000  0.000000e+000  0.000000e+000  0.000000e+000  
0.000000e+000  0.000000e+000  0.000000e+000  0.000000e+000  0.000000e+000  0.000000e+000  0.000000e+000  0.000000e+000  0.000000e+000  0.000000e+000  0.000000e+000  0.000000e+000  0.000000e+000  0.000000e+000  0.000000e+000  0.000000e+000  
0.000000e+000  0.000000e+000  0.000000e+000  0.000000e+000  0.000000e+000  0.000000e+000  0.000000e+000  0.000000e+000  0.000000e+000  0.000000e+000  0.000000e+000  0.000000e+000  0.000000e+000  0.000000e+000  0.000000e+000  0.000000e+000  
0.000000e+000  0.000000e+000  0.000000e+000  0.000000e+000  0.000000e+000  0.000000e+000  0.000000e+000  0.000000e+000  0.000000e+000  0.000000e+000  0.000000e+000  0.000000e+000  0.000000e+000  0.000000e+000  0.000000e+000  0.000000e+000  
0.000000e+000  0.000000e+000  0.000000e+000  0.000000e+000  0.000000e+000  0.000000e+000  0.000000e+000  0.000000e+000  0.000000e+000  0.000000e+000  0.000000e+000  0.000000e+000  0.000000e+000  0.000000e+000  0.000000e+000  0.000000e+000  

0.000000e+000  0.000000e+000  0.000000e+000  0.000000e+000  0.000000e+000  0.000000e+000  0.000000e+000  0.000000e+000  0.000000e+000  0.000000e+000  0.000000e+000  0.000000e+000  0.000000e+000  0.000000e+000  0.000000e+000  0.000000e+000  
0.000000e+000  0.000000e+000  0.000000e+000  0.000000e+000  0.000000e+000  0.000000e+000  0.000000e+000  0.000000e+000  0.000000e+000  0.000000e+000  0.000000e+000  0.000000e+000  0.000000e+000  0.000000e+000  0.000000e+000  0.000000e+000  
0.000000e+000  0.000000e+000  0.000000e+000  0.000000e+000  0.000000e+000  0.000000e+000  0.000000e+000  0.000000e+000  0.000000e+000  0.000000e+000  0.000000e+000  0.000000e+000  0.000000e+000  0.000000e+000  0.000000e+000  0.000000e+000  
0.000000e+000  0.000000e+000  0.000000e+000  0.000000e+000  0.000000e+000  0.000000e+000  0.000000e+000  0.000000e+000  0.000000e+000  0.000000e+000  0.000000e+000  0.000000e+000  0.000000e+000  0.000000e+000  0.000000e+000  0.000000e+000  
0.000000e+000  0.000000e+000  0.000000e+000  0.000000e+000  0.000000e+000  0.000000e+000  0.000000e+000  0.000000e+000  0.000000e+000  0.000000e+000  0.000000e+000  0.000000e+000  0.000000e+000  0.000000e+000  0.000000e+000  0.000000e+000  
0.000000e+000  0.000000e+000  0.000000e+000  0.000000e+000  0.000000e+000  0.000000e+000  0.000000e+000  0.000000e+000  0.000000e+000  0.000000e+000  0.000000e+000  0.000000e+000  0.000000e+000  0.000000e+000  0.000000e+000  0.000000e+000  
0.000000e+000  0.000000e+000  0.000000e+000  0.000000e+000  0.000000e+000  0.000000e+000  0.000000e+000  0.000000e+000  0.000000e+000  0.000000e+000  0.000000e+000  0.000000e+000  0.000000e+000  0.000000e+000  0.000000e+000  0.000000e+000  
0.000000e+000  0.000000e+000  0.000000e+000  0.000000e+000  0.000000e+000  0.000000e+000  0.000000e+000  0.000000e+000  0.000000e+000  0.000000e+000  0.000000e+000  0.000000e+000  0.000000e+000  0.000000e+000  0.000000e+000  0.000000e+000  
0.000000e+000  0.000000e+000  0.000000e+000  0.000000e+000  0.000000e+000  0.000000e+000  0.000000e+000  0.000000e+000  0.000000e+000  0.000000e+000  0.000000e+000  0.000000e+000  0.000000e+000  0.000000e+000  0.000000e+000  0.000000e+000  
0.000000e+000  0.000000e+000  0.000000e+000  0.000000e+000  0.000000e+000  0.000000e+000  0.000000e+000  0.000000e+000  0.000000e+000  0.000000e+000  0.000000e+000  0.000000e+000  0.000000e+000  0.000000e+000  0.000000e+000  0.000000e+000  
0.000000e+000  0.000000e+000  0.000000e+000  0.000000e+000  0.000000e+000  0.000000e+000  0.000000e+000  0.000000e+000  0.000000e+000  0.000000e+000  0.000000e+000  0.000000e+000  0.000000e+000  0.000000e+000  0.000000e+000  0.000000e+000  
0.000000e+000  0.000000e+000  0.000000e+000  0.000000e+000  0.000000e+000  0.000000e+000  0.000000e+000  0.000000e+000  0.000000e+000  0.000000e+000  0.000000e+000  0.000000e+000  0.000000e+000  0.000000e+000  0.000000e+000  0.000000e+000  
0.000000e+000  0.000000e+000  0.000000e+000  0.000000e+000  0.000000e+000  0.000000e+000  0.000000e+000  0.000000e+000  0.000000e+000  0.000000e+000  0.000000e+000  0.000000e+000  0.000000e+000  0.000000e+000  0.000000e+000  0.000000e+000  
0.000000e+000  0.000000e+000  0.000000e+000  0.000000e+000  0.000000e+000  0.000000e+000  0.000000e+000  0.000000e+000  0.000000e+000  0.000000e+000  0.000000e+000  0.000000e+000  0.000000e+000  0.000000e+000  0.000000e+000  0.000000e+000  
0.000000e+000  0.000000e+000  0.000000e+000  0.000000e+000  0.000000e+000  0.000000e+000  0.000000e+000  0.000000e+000  0.000000e+000  0.000000e+000  0.000000e+000  0.000000e+000  0.000000e+000  0.000000e+000  0.000000e+000  0.000000e+000  
0.000000e+000  0.000000e+000  0.000000e+000  0.000000e+000  0.000000e+000  0.000000e+000  0.000000e+000  0.000000e+000  0.000000e+000  0.000000e+000  0.000000e+000  0.000000e+000  0.000000e+000  0.000000e+000  0.000000e+000  0.000000e+000  
0.000000e+000  0.000000e+000  0.000000e+000  0.000000e+000  0.000000e+000  0.000000e+000  0.000000e+000  0.000000e+000  0.000000e+000  0.000000e+000  0.000000e+000  0.000000e+000  0.000000e+000  0.000000e+000  0.000000e+000  0.000000e+000  
0.000000e+000  0.000000e+000  0.000000e+000  0.000000e+000  0.000000e+000  0.000000e+000  0.000000e+000  0.000000e+000  0.000000e+000  0.000000e+000  0.000000e+000  0.000000e+000  0.000000e+000  0.000000e+000  0.000000e+000  0.000000e+000  
0.000000e+000  0.000000e+000  0.000000e+000  0.000000e+000  0.000000e+000  0.000000e+000  0.000000e+000  0.000000e+000  0.000000e+000  0.000000e+000  0.000000e+000  0.000000e+000  0.000000e+000  0.000000e+000  0.000000e+000  0.000000e+000  
0.000000e+000  0.000000e+000  0.000000e+000  0.000000e+000  0.000000e+000  0.000000e+000  0.000000e+000  0.000000e+000  0.000000e+000  0.000000e+000  0.000000e+000  0.000000e+000  0.000000e+000  0.000000e+000  0.000000e+000  0.000000e+000  
0.000000e+000  0.000000e+000  0.000000e+000  0.000000e+000  0.000000e+000  0.000000e+000  0.000000e+000  0.000000e+000  0.000000e+000  0.000000e+000  0.000000e+000  0.000000e+000  0.000000e+000  0.000000e+000  0.000000e+000  0.000000e+000  
0.000000e+000  0.000000e+000  0.000000e+000  0.000000e+000  0.000000e+000  0.000000e+000  0.000000e+000  0.000000e+000  0.000000e+000  0.000000e+000  0.000000e+000  0.000000e+000  0.000000e+000  0.000000e+000  0.000000e+000  0.000000e+000  
0.000000e+000  0.000000e+000  0.000000e+000  0.000000e+000  0.000000e+000  0.000000e+000  0.000000e+000  0.000000e+000  0.000000e+000  0.000000e+000  0.000000e+000  0.000000e+000  0.000000e+000  0.000000e+000  0.000000e+000  0.000000e+000  
0.000000e+000  0.000000e+000  0.000000e+000  0.000000e+000  0.000000e+000  0.000000e+000  0.000000e+000  0.000000e+000  0.000000e+000  0.000000e+000  0.000000e+000  0.000000e+000  0.000000e+000  0.000000e+000  0.000000e+000  0.000000e+000  
0.000000e+000  0.000000e+000  0.000000e+000  0.000000e+000  0.000000e+000  0.000000e+000  0.000000e+000  0.000000e+000  0.000000e+000  0.000000e+000  0.000000e+000  0.000000e+000  0.000000e+000  0.000000e+000  0.000000e+000  0.000000e+000  
0.000000e+000  0.000000e+000  0.000000e+000  0.000000e+000  0.000000e+000  0.000000e+000  0.000000e+000  0.000000e+000  0.000000e+000  0.000000e+000  0.000000e+000  0.000000e+000  0.000000e+000  0.000000e+000  0.000000e+000  0.000000e+000  
0.000000e+000  0.000000e+000  0.000000e+000  0.000000e+000  0.000000e+000  0.000000e+000  0.000000e+000  0.000000e+000  0.000000e+000  0.000000e+000  0.000000e+000  0.000000e+000  0.000000e+000  0.000000e+000  0.000000e+000  0.000000e+000  

0.000000e+000  0.000000e+000  0.000000e+000  0.000000e+000  0.000000e+000  0.000000e+000  0.000000e+000  0.000000e+000  0.000000e+000  0.000000e+000  0.000000e+000  0.000000e+000  0.000000e+000  0.000000e+000  0.000000e+000  0.000000e+000  
0.000000e+000  0.000000e+000  0.000000e+000  0.000000e+000  0.000000e+000  0.000000e+000  0.000000e+000  0.000000e+000  0.000000e+000  0.000000e+000  0.000000e+000  0.000000e+000  0.000000e+000  0.000000e+000  0.000000e+000  0.000000e+000  
0.000000e+000  0.000000e+000  0.000000e+000  0.000000e+000  0.000000e+000  0.000000e+000  0.000000e+000  0.000000e+000  0.000000e+000  0.000000e+000  0.000000e+000  0.000000e+000  0.000000e+000  0.000000e+000  0.000000e+000  0.000000e+000  
0.000000e+000  0.000000e+000  0.000000e+000  0.000000e+000  0.000000e+000  0.000000e+000  0.000000e+000  0.000000e+000  0.000000e+000  0.000000e+000  0.000000e+000  0.000000e+000  0.000000e+000  0.000000e+000  0.000000e+000  0.000000e+000  
0.000000e+000  0.000000e+000  0.000000e+000  0.000000e+000  0.000000e+000  0.000000e+000  0.000000e+000  0.000000e+000  0.000000e+000  0.000000e+000  0.000000e+000  0.000000e+000  0.000000e+000  0.000000e+000  0.000000e+000  0.000000e+000  
0.000000e+000  0.000000e+000  0.000000e+000  0.000000e+000  0.000000e+000  0.000000e+000  0.000000e+000  0.000000e+000  0.000000e+000  0.000000e+000  0.000000e+000  0.000000e+000  0.000000e+000  0.000000e+000  0.000000e+000  0.000000e+000  
0.000000e+000  0.000000e+000  0.000000e+000  0.000000e+000  0.000000e+000  0.000000e+000  0.000000e+000  0.000000e+000  0.000000e+000  0.000000e+000  0.000000e+000  0.000000e+000  0.000000e+000  0.000000e+000  0.000000e+000  0.000000e+000  
0.000000e+000  0.000000e+000  0.000000e+000  0.000000e+000  0.000000e+000  0.000000e+000  0.000000e+000  0.000000e+000  0.000000e+000  0.000000e+000  0.000000e+000  0.000000e+000  0.000000e+000  0.000000e+000  0.000000e+000  0.000000e+000  
0.000000e+000  0.000000e+000  0.000000e+000  0.000000e+000  0.000000e+000  0.000000e+000  0.000000e+000  0.000000e+000  0.000000e+000  0.000000e+000  0.000000e+000  0.000000e+000  0.000000e+000  0.000000e+000  0.000000e+000  0.000000e+000  
0.000000e+000  0.000000e+000  0.000000e+000  0.000000e+000  0.000000e+000  0.000000e+000  0.000000e+000  0.000000e+000  0.000000e+000  0.000000e+000  0.000000e+000  0.000000e+000  0.000000e+000  0.000000e+000  0.000000e+000  0.000000e+000  
0.000000e+000  0.000000e+000  0.000000e+000  0.000000e+000  0.000000e+000  0.000000e+000  0.000000e+000  0.000000e+000  0.000000e+000  0.000000e+000  0.000000e+000  0.000000e+000  0.000000e+000  0.000000e+000  0.000000e+000  0.000000e+000  
0.000000e+000  0.000000e+000  0.000000e+000  0.000000e+000  0.000000e+000  0.000000e+000  0.000000e+000  0.000000e+000  0.000000e+000  0.000000e+000  0.000000e+000  0.000000e+000  0.000000e+000  0.000000e+000  0.000000e+000  0.000000e+000  
0.000000e+000  0.000000e+000  0.000000e+000  0.000000e+000  0.000000e+000  0.000000e+000  0.000000e+000  0.000000e+000  0.000000e+000  0.000000e+000  0.000000e+000  0.000000e+000  0.000000e+000  0.000000e+000  0.000000e+000  0.000000e+000  
0.000000e+000  0.000000e+000  0.000000e+000  0.000000e+000  0.000000e+000  0.000000e+000  0.000000e+000  0.000000e+000  0.000000e+000  0.000000e+000  0.000000e+000  0.000000e+000  0.000000e+000  0.000000e+000  0.000000e+000  0.000000e+000  
0.000000e+000  0.000000e+000  0.000000e+000  0.000000e+000  0.000000e+000  0.000000e+000  0.000000e+000  0.000000e+000  0.000000e+000  0.000000e+000  0.000000e+000  0.000000e+000  0.000000e+000  0.000000e+000  0.000000e+000  0.000000e+000  
0.000000e+000  0.000000e+000  0.000000e+000  0.000000e+000  0.000000e+000  0.000000e+000  0.000000e+000  0.000000e+000  0.000000e+000  0.000000e+000  0.000000e+000  0.000000e+000  0.000000e+000  0.000000e+000  0.000000e+000  0.000000e+000  
0.000000e+000  0.000000e+000  0.000000e+000  0.000000e+000  0.000000e+000  0.000000e+000  0.000000e+000  0.000000e+000  0.000000e+000  0.000000e+000  0.000000e+000  0.000000e+000  0.000000e+000  0.000000e+000  0.000000e+000  0.000000e+000  
0.000000e+000  0.000000e+000  0.000000e+000  0.000000e+000  0.000000e+000  0.000000e+000  0.000000e+000  0.000000e+000  0.000000e+000  0.000000e+000  0.000000e+000  0.000000e+000  0.000000e+000  0.000000e+000  0.000000e+000  0.000000e+000  
0.000000e+000  0.000000e+000  0.000000e+000  0.000000e+000  0.000000e+000  0.000000e+000  0.000000e+000  0.000000e+000  0.000000e+000  0.000000e+000  0.000000e+000  0.000000e+000  0.000000e+000  0.000000e+000  0.000000e+000  0.000000e+000  
0.000000e+000  0.000000e+000  0.000000e+000  0.000000e+000  0.000000e+000  0.000000e+000  0.000000e+000  0.000000e+000  0.000000e+000  0.000000e+000  0.000000e+000  0.000000e+000  0.000000e+000  0.000000e+000  0.000000e+000  0.000000e+000  
0.000000e+000  0.000000e+000  0.000000e+000  0.000000e+000  0.000000e+000  0.000000e+000  0.000000e+000  0.000000e+000  0.000000e+000  0.000000e+000  0.000000e+000  0.000000e+000  0.000000e+000  0.000000e+000  0.000000e+000  0.000000e+000  
0.000000e+000  0.000000e+000  0.000000e+000  0.000000e+000  0.000000e+000  0.000000e+000  0.000000e+000  0.000000e+000  0.000000e+000  0.000000e+000  0.000000e+000  0.000000e+000  0.000000e+000  0.000000e+000  0.000000e+000  0.000000e+000  
0.000000e+000  0.000000e+000  0.000000e+000  0.000000e+000  0.000000e+000  0.000000e+000  0.000000e+000  0.000000e+000  0.000000e+000  0.000000e+000  0.000000e+000  0.000000e+000  0.000000e+000  0.000000e+000  0.000000e+000  0.000000e+000  
0.000000e+000  0.000000e+000  0.000000e+000  0.000000e+000  0.000000e+000  0.000000e+000  0.000000e+000  0.000000e+000  0.000000e+000  0.000000e+000  0.000000e+000  0.000000e+000  0.000000e+000  0.000000e+000  0.000000e+000  0.000000e+000  
0.000000e+000  0.000000e+000  0.000000e+000  0.000000e+000  0.000000e+000  0.000000e+000  0.000000e+000  0.000000e+000  0.000000e+000  0.000000e+000  0.000000e+000  0.000000e+000  0.000000e+000  0.000000e+000  0.000000e+000  0.000000e+000  
0.000000e+000  0.000000e+000  0.000000e+000  0.000000e+000  0.000000e+000  0.000000e+000  0.000000e+000  0.000000e+000  0.000000e+000  0.000000e+000  0.000000e+000  0.000000e+000  0.000000e+000  0.000000e+000  0.000000e+000  0.000000e+000  
0.000000e+000  0.000000e+000  0.000000e+000  0.000000e+000  0.000000e+000  0.000000e+000  0.000000e+000  0.000000e+000  0.000000e+000  0.000000e+000  0.000000e+000  0.000000e+000  0.000000e+000  0.000000e+000  0.000000e+000  0.000000e+000  

0.000000e+000  -1.888163e-001  -3.745863e-001  -5.543128e-001  -7.250961e-001  -8.841810e-001  -1.029001e+000  -1.170534e+000  -1.288719e+000  -1.381198e+000  -1.488993e+000  -1.170276e+000  -5.987310e-001  -4.059148e-001  -2.050019e-001  0.000000e+000  
0.000000e+000  -1.888163e-001  -3.745863e-001  -5.543128e-001  -7.250961e-001  -8.841810e-001  -1.029001e+000  -1.170534e+000  -1.288719e+000  -1.381198e+000  -1.488993e+000  -1.170276e+000  -5.987310e-001  -4.059148e-001  -2.050019e-001  0.000000e+000  
0.000000e+000  -1.888163e-001  -3.745863e-001  -5.543128e-001  -7.250962e-001  -8.841810e-001  -1.029001e+000  -1.170534e+000  -1.288719e+000  -1.381198e+000  -1.488993e+000  -1.170276e+000  -5.987310e-001  -4.059148e-001  -2.050019e-001  0.000000e+000  
0.000000e+000  -1.888163e-001  -3.745863e-001  -5.543128e-001  -7.250961e-001  -8.841810e-001  -1.029001e+000  -1.170534e+000  -1.288719e+000  -1.381198e+000  -1.488993e+000  -1.170276e+000  -5.987310e-001  -4.059147e-001  -2.050019e-001  0.000000e+000  
0.000000e+000  -1.888163e-001  -3.745863e-001  -5.543128e-001  -7.250962e-001  -8.841810e-001  -1.029001e+000  -1.170534e+000  -1.288719e+000  -1.381198e+000  -1.488993e+000  -1.170276e+000  -5.987310e-001  -4.059147e-001  -2.050019e-001  0.000000e+000  
0.000000e+000  -1.888163e-001  -3.745863e-001  -5.543128e-001  -7.250961e-001  -8.841810e-001  -1.029001e+000  -1.170534e+000  -1.288719e+000  -1.381198e+000  -1.488993e+000  -1.170276e+000  -5.987310e-001  -4.059147e-001  -2.050019e-001  0.000000e+000  
0.000000e+000  -1.888163e-001  -3.745863e-001  -5.543128e-001  -7.250962e-001  -8.841810e-001  -1.029001e+000  -1.170534e+000  -1.288719e+000  -1.381198e+000  -1.488993e+000  -1.170276e+000  -5.987310e-001  -4.059147e-001  -2.050019e-001  0.000000e+000  
0.000000e+000  -1.888163e-001  -3.745863e-001  -5.543128e-001  -7.250961e-001  -8.841810e-001  -1.029001e+000  -1.170534e+000  -1.288719e+000  -1.381198e+000  -1.488993e+000  -1.170276e+000  -5.987310e-001  -4.059147e-001  -2.050019e-001  0.000000e+000  
0.000000e+000  -1.888163e-001  -3.745863e-001  -5.543128e-001  -7.250962e-001  -8.841810e-001  -1.029001e+000  -1.170534e+000  -1.288719e+000  -1.381198e+000  -1.488993e+000  -1.170276e+000  -5.987310e-001  -4.059148e-001  -2.050019e-001  0.000000e+000  
0.000000e+000  -1.888163e-001  -3.745863e-001  -5.543128e-001  -7.250961e-001  -8.841810e-001  -1.029001e+000  -1.170534e+000  -1.288719e+000  -1.381198e+000  -1.488993e+000  -1.170276e+000  -5.987310e-001  -4.059148e-001  -2.050019e-001  0.000000e+000  
0.000000e+000  -1.888163e-001  -3.745863e-001  -5.543128e-001  -7.250962e-001  -8.841810e-001  -1.029001e+000  -1.170534e+000  -1.288719e+000  -1.381198e+000  -1.488993e+000  -1.170276e+000  -5.987310e-001  -4.059148e-001  -2.050019e-001  0.000000e+000  
0.000000e+000  -1.888163e-001  -3.745862e-001  -5.543128e-001  -7.250961e-001  -8.841810e-001  -1.029001e+000  -1.170534e+000  -1.288719e+000  -1.381198e+000  -1.488993e+000  -1.170276e+000  -5.987310e-001  -4.059147e-001  -2.050019e-001  0.000000e+000  
0.000000e+000  -1.888162e-001  -3.745863e-001  -5.543127e-001  -7.250961e-001  -8.841811e-001  -1.029001e+000  -1.170534e+000  -1.288719e+000  -1.381198e+000  -1.488993e+000  -1.170276e+000  -5.987310e-001  -4.059148e-001  -2.050019e-001  0.000000e+000  
0.000000e+000  -1.888163e-001  -3.745862e-001  -5.543128e-001  -7.250962e-001  -8.841810e-001  -1.029001e+000  -1.170534e+000  -1.288719e+000  -1.381198e+000  -1.488993e+000  -1.170276e+000  -5.987310e-001  -4.059147e-001  -2.050019e-001  0.000000e+000  
0.000000e+000  -1.888163e-001  -3.745863e-001  -5.543128e-001  -7.250961e-001  -8.841811e-001  -1.029001e+000  -1.170534e+000  -1.288719e+000  -1.381198e+000  -1.488993e+000  -1.170276e+000  -5.987310e-001  -4.059148e-001  -2.050019e-001  0.000000e+000  
0.000000e+000  -1.888163e-001  -3.745863e-001  -5.543128e-001  -7.250961e-001  -8.841810e-001  -1.029001e+000  -1.170534e+000  -1.288719e+000  -1.381198e+000  -1.488993e+000  -1.170276e+000  -5.987310e-001  -4.059148e-001  -2.050019e-001  0.000000e+000  
0.000000e+000  -1.888163e-001  -3.745863e-001  -5.543128e-001  -7.250962e-001  -8.841810e-001  -1.029001e+000  -1.170534e+000  -1.288719e+000  -1.381198e+000  -1.488993e+000  -1.170276e+000  -5.987310e-001  -4.059148e-001  -2.050019e-001  0.000000e+000  
0.000000e+000  -1.888163e-001  -3.745863e-001  -5.543128e-001  -7.250961e-001  -8.841810e-001  -1.029001e+000  -1.170534e+000  -1.288719e+000  -1.381198e+000  -1.488993e+000  -1.170276e+000  -5.987310e-001  -4.059148e-001  -2.050019e-001  0.000000e+000  
0.000000e+000  -1.888163e-001  -3.745863e-001  -5.543128e-001  -7.250962e-001  -8.841810e-001  -1.029001e+000  -1.170534e+000  -1.288719e+000  -1.381198e+000  -1.488993e+000  -1.170276e+000  -5.987310e-001  -4.059147e-001  -2.050019e-001  0.000000e+000  
0.000000e+000  -1.888163e-001  -3.745863e-001  -5.543128e-001  -7.250962e-001  -8.841810e-001  -1.029001e+000  -1.170534e+000  -1.288719e+000  -1.381198e+000  -1.488993e+000  -1.170276e+000  -5.987310e-001  -4.059147e-001  -2.050019e-001  0.000000e+000  
0.000000e+000  -1.888163e-001  -3.745863e-001  -5.543128e-001  -7.250961e-001  -8.841810e-001  -1.029001e+000  -1.170534e+000  -1.288719e+000  -1.381198e+000  -1.488993e+000  -1.170276e+000  -5.987310e-001  -4.059147e-001  -2.050019e-001  0.000000e+000  
0.000000e+000  -1.888163e-001  -3.745863e-001  -5.543128e-001  -7.250962e-001  -8.841810e-001  -1.029001e+000  -1.170534e+000  -1.288719e+000  -1.381198e+000  -1.488993e+000  -1.170276e+000  -5.987310e-001  -4.059147e-001  -2.050019e-001  0.000000e+000  
0.000000e+000  -1.888163e-001  -3.745863e-001  -5.543128e-001  -7.250961e-001  -8.841810e-001  -1.029001e+000  -1.170534e+000  -1.288719e+000  -1.381198e+000  -1.488993e+000  -1.170276e+000  -5.987310e-001  -4.059147e-001  -2.050019e-001  0.000000e+000  
0.000000e+000  -1.888163e-001  -3.745863e-001  -5.543128e-001  -7.250961e-001  -8.841810e-001  -1.029001e+000  -1.170534e+000  -1.288719e+000  -1.381198e+000  -1.488993e+000  -1.170276e+000  -5.987310e-001  -4.059148e-001  -2.050019e-001  0.000000e+000  
0.000000e+000  -1.888163e-001  -3.745863e-001  -5.543128e-001  -7.250962e-001  -8.841810e-001  -1.029001e+000  -1.170534e+000  -1.288719e+000  -1.381198e+000  -1.488993e+000  -1.170276e+000  -5.987310e-001  -4.059148e-001  -2.050019e-001  0.000000e+000  
0.000000e+000  -1.888163e-001  -3.745863e-001  -5.543128e-001  -7.250961e-001  -8.841810e-001  -1.029001e+000  -1.170534e+000  -1.288719e+000  -1.381198e+000  -1.488993e+000  -1.170276e+000  -5.987310e-001  -4.059148e-001  -2.050019e-001  0.000000e+000  
0.000000e+000  0.000000e+000  0.000000e+000  0.000000e+000  0.000000e+000  0.000000e+000  0.000000e+000  0.000000e+000  0.000000e+000  0.000000e+000  0.000000e+000  0.000000e+000  0.000000e+000  0.000000e+000  0.000000e+000  0.000000e+000  

0.000000e+000  0.000000e+000  0.000000e+000  0.000000e+000  0.000000e+000  0.000000e+000  0.000000e+000  0.000000e+000  0.000000e+000  0.000000e+000  0.000000e+000  0.000000e+000  0.000000e+000  0.000000e+000  0.000000e+000  0.000000e+000  
-1.629419e-008  3.244585e-010  -1.065904e-008  -1.831828e-009  -9.824726e-009  -6.887399e-009  -6.574686e-009  -8.830181e-009  4.088572e-009  -1.329898e-010  -1.514664e-009  6.048281e-010  1.122871e-008  1.559718e-009  1.122775e-008  0.000000e+000  
-1.774734e-008  -1.810886e-008  -1.603356e-009  -2.312080e-008  -4.012950e-009  -2.930579e-008  -7.377686e-009  -7.545783e-009  -3.890374e-009  -1.578029e-009  -1.977103e-009  2.188331e-009  9.911428e-009  1.887553e-008  1.609387e-008  0.000000e+000  
-2.532149e-008  -1.593906e-008  -1.996005e-008  -1.650018e-008  -3.251830e-008  -1.735928e-008  -3.075633e-008  -1.172199e-008  3.310939e-009  -3.181515e-009  -1.773726e-009  3.857723e-009  1.131306e-008  2.024254e-008  3.279112e-008  0.000000e+000  
-7.133826e-008  -6.322727e-008  -6.817877e-008  -6.789609e-008  -6.993431e-008  -6.882554e-008  -5.833429e-008  -5.071585e-008  -4.148339e-008  -3.891798e-008  1.737832e-008  6.272272e-008  6.612681e-008  7.042035e-008  8.116113e-008  0.000000e+000  
-2.386277e-008  -2.096265e-008  -2.496241e-008  -2.076340e-008  -2.118370e-008  -1.957456e-008  -1.998325e-008  -1.709590e-008  -1.498044e-008  -1.042185e-008  4.457177e-009  1.852796e-008  2.141759e-008  2.228978e-008  2.132617e-008  0.000000e+000  
2.826681e-008  3.041633e-008  2.612974e-008  2.374499e-008  2.595310e-008  2.468021e-008  2.541853e-008  2.035516e-008  1.278184e-008  1.116786e-008  -7.114015e-009  -2.283210e-008  -2.088995e-008  -2.589658e-008  -3.283650e-008  0.000000e+000  
7.283299e-008  7.506811e-008  7.123734e-008  7.485343e-008  7.312916e-008  7.098846e-008  5.905806e-008  5.488926e-008  4.497078e-008  3.951044e-008  -1.981519e-008  -6.732549e-008  -7.207000e-008  -7.857598e-008  -8.144776e-008  0.000000e+000  
2.965130e-008  2.319613e-008  2.617132e-008  2.143420e-008  3.266728e-008  2.496512e-008  2.927509e-008  2.064057e-008  1.505234e-010  1.554483e-009  7.372255e-010  -7.399979e-009  -2.126291e-008  -2.747126e-008  -3.295268e-008  0.000000e+000  
1.919599e-008  1.471202e-008  1.717311e-008  2.781392e-008  9.311136e-009  2.948899e-008  1.770865e-008  6.457100e-009  1.741519e-008  -2.494264e-010  -7.523020e-010  -5.830559e-009  -1.806309e-008  -2.323880e-008  -1.829767e-008  0.000000e+000  
9.152856e-009  1.431103e-008  8.828937e-009  6.852343e-009  2.721129e-008  3.586928e-009  -3.679620e-010  2.096772e-008  1.991453e-008  -4.577754e-009  -2.217597e-009  -2.158925e-009  -2.096240e-008  -7.718420e-009  -9.930335e-009  0.000000e+000  
-7.453831e-009  3.249100e-008  -2.628401e-008  2.945365e-008  -1.927217e-008  2.317534e-008  -2.452092e-008  8.872863e-009  5.233595e-008  -9.373380e-009  -6.907336e-010  -3.889088e-009  -1.757197e-008  -1.150996e-008  1.278664e-008  0.000000e+000  
2.696434e-008  -5.554906e-008  5.864257e-008  -1.142855e-008  -6.114145e-009  -3.669110e-009  -4.590816e-009  1.133518e-008  4.295983e-008  -1.234873e-008  -5.220454e-009  4.791495e-009  -1.585748e-008  1.568412e-008  -1.026145e-008  0.000000e+000  
-3.185632e-009  2.473063e-008  -3.182296e-008  -1.179886e-008  4.313498e-008  -2.913586e-008  1.352032e-008  -1.715728e-008  -8.255482e-009  3.841064e-009  7.925447e-009  -6.424625e-009  7.170087e-009  -1.451677e-008  3.216821e-009  0.000000e+000  
-2.872773e-009  -3.025187e-009  -2.578276e-009  5.632384e-009  -3.572134e-008  3.477266e-008  -1.296750e-008  8.754234e-009  -2.293241e-008  5.873380e-009  -3.818693e-009  1.995024e-009  6.474609e-009  7.126435e-009  4.539585e-009  0.000000e+000  
-8.204507e-009  -5.787086e-009  3.783637e-009  -1.265557e-008  8.542289e-009  -2.266901e-008  3.410975e-008  -1.131228e-008  -6.581785e-008  1.043749e-008  4.629247e-009  1.483835e-009  2.565188e-008  3.631103e-009  -1.403617e-008  0.000000e+000  
-9.747406e-009  -1.735799e-008  -8.375004e-009  -2.001468e-008  -3.277923e-009  -5.311668e-009  -1.050953e-008  -1.333982e-008  -2.402683e-008  4.565147e-009  5.773243e-010  5.959129e-009  1.458370e-008  1.045207e-008  8.831650e-009  0.000000e+000  
-1.971325e-008  -1.467122e-008  -3.061200e-008  -2.570665e-009  -2.509160e-008  -2.696872e-008  -7.973048e-009  -2.023907e-008  -8.694407e-009  4.835406e-010  6.075025e-010  6.323071e-009  2.092452e-008  1.407944e-008  1.934148e-008  0.000000e+000  
-2.586811e-008  -2.731824e-008  -2.366528e-008  -2.773795e-008  -2.734103e-008  -2.678718e-008  -3.457261e-008  -1.584481e-008  0.000000e+000  -2.376141e-009  6.627166e-010  6.476117e-009  1.966908e-008  3.076144e-008  3.182716e-008  0.000000e+000  
-7.560451e-008  -7.314211e-008  -7.294057e-008  -6.630964e-008  -7.566166e-008  -7.421529e-008  -6.501064e-008  -5.159855e-008  -4.169872e-008  -3.992194e-008  2.014666e-008  6.673190e-008  6.928970e-008  7.530828e-008  8.759275e-008  0.000000e+000  
-2.661038e-008  -2.965638e-008  -2.937771e-008  -2.755594e-008  -2.090669e-008  -2.660350e-008  -2.296550e-008  -2.268610e-008  -1.186928e-008  -1.137855e-008  6.608012e-009  2.249926e-008  2.585349e-008  2.493849e-008  3.028383e-008  0.000000e+000  
2.348172e-008  2.305689e-008  2.174295e-008  2.291964e-008  2.351838e-008  2.025597e-008  1.817532e-008  1.626440e-008  1.505268e-008  1.040722e-008  -4.892309e-009  -1.812519e-008  -2.159220e-008  -2.402012e-008  -2.141750e-008  0.000000e+000  
7.351229e-008  6.627290e-008  6.796588e-008  6.305745e-008  6.984056e-008  6.534346e-008  6.471582e-008  5.173132e-008  3.595181e-008  4.015475e-008  -1.800120e-008  -6.248318e-008  -7.100346e-008  -7.575668e-008  -7.334516e-008  0.000000e+000  
1.988727e-008  1.677970e-008  2.345811e-008  2.720326e-008  2.089072e-008  2.314567e-008  2.573581e-008  1.553987e-008  -4.320010e-009  2.595965e-009  2.144270e-009  -3.003774e-009  -1.484315e-008  -2.570983e-008  -2.784008e-008  0.000000e+000  
1.056195e-008  1.874928e-008  1.264523e-008  1.038160e-008  2.362978e-008  9.873145e-009  1.297273e-008  9.504530e-009  5.978562e-009  1.820197e-009  6.977567e-010  -2.434559e-009  -6.785405e-009  -2.350588e-008  -1.230338e-008  0.000000e+000  
1.040960e-008  3.557420e-009  6.129194e-009  1.548264e-008  -3.275761e-009  1.112338e-008  5.188689e-009  7.496722e-009  9.247891e-010  8.805275e-010  4.309795e-010  -8.188130e-010  -8.371579e-009  -2.511193e-009  -1.155966e-008  0.000000e+000  
0.000000e+000  0.000000e+000  0.000000e+000  0.000000e+000  0.000000e+000  0.000000e+000  0.000000e+000  0.000000e+000  0.000000e+000  0.000000e+000  0.000000e+000  0.000000e+000  0.000000e+000  0.000000e+000  0.000000e+000  0.000000e+000  

-1.791485e+000  -1.762581e+000  -1.705241e+000  -1.620389e+000  -1.509394e+000  -1.374046e+000  -1.207718e+000  -1.008486e+000  -7.891390e-001  -2.676796e-001  6.768917e-001  1.419279e+000  1.645324e+000  1.714413e+000  1.749306e+000  0.000000e+000  
-1.791485e+000  -1.762581e+000  -1.705241e+000  -1.620389e+000  -1.509394e+000  -1.374046e+000  -1.207718e+000  -1.008486e+000  -7.891390e-001  -2.676796e-001  6.768917e-001  1.419279e+000  1.645324e+000  1.714413e+000  1.749306e+000  0.000000e+000  
-1.791485e+000  -1.762581e+000  -1.705241e+000  -1.620389e+000  -1.509394e+000  -1.374046e+000  -1.207718e+000  -1.008486e+000  -7.891390e-001  -2.676796e-001  6.768917e-001  1.419279e+000  1.645324e+000  1.714413e+000  1.749306e+000  0.000000e+000  
-1.791485e+000  -1.762581e+000  -1.705241e+000  -1.620389e+000  -1.509394e+000  -1.374046e+000  -1.207718e+000  -1.008486e+000  -7.891390e-001  -2.676796e-001  6.768917e-001  1.419279e+000  1.645324e+000  1.714413e+000  1.749306e+000  0.000000e+000  
-1.791485e+000  -1.762581e+000  -1.705241e+000  -1.620389e+000  -1.509394e+000  -1.374046e+000  -1.207718e+000  -1.008486e+000  -7.891390e-001  -2.676796e-001  6.768917e-001  1.419279e+000  1.645324e+000  1.714413e+000  1.749306e+000  0.000000e+000  
-1.791485e+000  -1.762581e+000  -1.705241e+000  -1.620389e+000  -1.509394e+000  -1.374046e+000  -1.207718e+000  -1.008486e+000  -7.891389e-001  -2.676796e-001  6.768917e-001  1.419279e+000  1.645324e+000  1.714413e+000  1.749306e+000  0.000000e+000  
-1.791485e+000  -1.762581e+000  -1.705241e+000  -1.620389e+000  -1.509394e+000  -1.374046e+000  -1.207718e+000  -1.008486e+000  -7.891390e-001  -2.676796e-001  6.768917e-001  1.419279e+000  1.645324e+000  1.714413e+000  1.749306e+000  0.000000e+000  
-1.791485e+000  -1.762581e+000  -1.705241e+000  -1.620389e+000  -1.509394e+000  -1.374046e+000  -1.207718e+000  -1.008486e+000  -7.891390e-001  -2.676796e-001  6.768917e-001  1.419279e+000  1.645324e+000  1.714413e+000  1.749306e+000  0.000000e+000  
-1.791485e+000  -1.762581e+000  -1.705241e+000  -1.620389e+000  -1.509394e+000  -1.374046e+000  -1.207718e+000  -1.008486e+000  -7.891390e-001  -2.676796e-001  6.768917e-001  1.419279e+000  1.645324e+000  1.714413e+000  1.749306e+000  0.000000e+000  
-1.791485e+000  -1.762581e+000  -1.705241e+000  -1.620389e+000  -1.509394e+000  -1.374046e+000  -1.207718e+000  -1.008486e+000  -7.891390e-001  -2.676796e-001  6.768917e-001  1.419279e+000  1.645324e+000  1.714413e+000  1.749306e+000  0.000000e+000  
-1.791485e+000  -1.762581e+000  -1.705241e+000  -1.620389e+000  -1.509394e+000  -1.374046e+000  -1.207718e+000  -1.008486e+000  -7.891390e-001  -2.676796e-001  6.768917e-001  1.419279e+000  1.645324e+000  1.714413e+000  1.749306e+000  0.000000e+000  
-1.791485e+000  -1.762581e+000  -1.705241e+000  -1.620389e+000  -1.509394e+000  -1.374046e+000  -1.207718e+000  -1.008486e+000  -7.891390e-001  -2.676796e-001  6.768917e-001  1.419279e+000  1.645324e+000  1.714413e+000  1.749306e+000  0.000000e+000  
-1.791485e+000  -1.762581e+000  -1.705241e+000  -1.620389e+000  -1.509394e+000  -1.374046e+000  -1.207718e+000  -1.008486e+000  -7.891390e-001  -2.676796e-001  6.768917e-001  1.419279e+000  1.645324e+000  1.714413e+000  1.749306e+000  0.000000e+000  
-1.791485e+000  -1.762581e+000  -1.705241e+000  -1.620389e+000  -1.509394e+000  -1.374046e+000  -1.207718e+000  -1.008486e+000  -7.891390e-001  -2.676796e-001  6.768917e-001  1.419279e+000  1.645324e+000  1.714413e+000  1.749306e+000  0.000000e+000  
-1.791485e+000  -1.762581e+000  -1.705241e+000  -1.620389e+000  -1.509394e+000  -1.374046e+000  -1.207718e+000  -1.008486e+000  -7.891390e-001  -2.676796e-001  6.768917e-001  1.419279e+000  1.645324e+000  1.714413e+000  1.749306e+000  0.000000e+000  
-1.791485e+000  -1.762581e+000  -1.705241e+000  -1.620389e+000  -1.509394e+000  -1.374046e+000  -1.207718e+000  -1.008486e+000  -7.891390e-001  -2.676796e-001  6.768917e-001  1.419279e+000  1.645324e+000  1.714413e+000  1.749306e+000  0.000000e+000  
-1.791485e+000  -1.762581e+000  -1.705241e+000  -1.620389e+000  -1.509394e+000  -1.374046e+000  -1.207718e+000  -1.008486e+000  -7.891390e-001  -2.676796e-001  6.768917e-001  1.419279e+000  1.645324e+000  1.714413e+000  1.749306e+000  0.000000e+000  
-1.791485e+000  -1.762581e+000  -1.705241e+000  -1.620389e+000  -1.509394e+000  -1.374046e+000  -1.207718e+000  -1.008486e+000  -7.891390e-001  -2.676796e-001  6.768917e-001  1.419279e+000  1.645324e+000  1.714413e+000  1.749306e+000  0.000000e+000  
-1.791485e+000  -1.762581e+000  -1.705241e+000  -1.620389e+000  -1.509394e+000  -1.374046e+000  -1.207718e+000  -1.008486e+000  -7.891390e-001  -2.676796e-001  6.768917e-001  1.419279e+000  1.645324e+000  1.714413e+000  1.749306e+000  0.000000e+000  
-1.791485e+000  -1.762581e+000  -1.705241e+000  -1.620389e+000  -1.509394e+000  -1.374046e+000  -1.207718e+000  -1.008486e+000  -7.891390e-001  -2.676796e-001  6.768917e-001  1.419279e+000  1.645324e+000  1.714413e+000  1.749306e+000  0.000000e+000  
-1.791485e+000  -1.762581e+000  -1.705241e+000  -1.620389e+000  -1.509394e+000  -1.374046e+000  -1.207718e+000  -1.008486e+000  -7.891389e-001  -2.676796e-001  6.768917e-001  1.419279e+000  1.645324e+000  1.714413e+000  1.749306e+000  0.000000e+000  
-1.791485e+000  -1.762581e+000  -1.705241e+000  -1.620389e+000  -1.509394e+000  -1.374046e+000  -1.207718e+000  -1.008486e+000  -7.891390e-001  -2.676796e-001  6.768917e-001  1.419279e+000  1.645324e+000  1.714413e+000  1.749306e+000  0.000000e+000  
-1.791485e+000  -1.762581e+000  -1.705241e+000  -1.620389e+000  -1.509394e+000  -1.374046e+000  -1.207718e+000  -1.008486e+000  -7.891390e-001  -2.676796e-001  6.768917e-001  1.419279e+000  1.645324e+000  1.714413e+000  1.749306e+000  0.000000e+000  
-1.791485e+000  -1.762581e+000  -1.705241e+000  -1.620389e+000  -1.509394e+000  -1.374046e+000  -1.207718e+000  -1.008486e+000  -7.891390e-001  -2.676796e-001  6.768917e-001  1.419279e+000  1.645324e+000  1.714413e+000  1.749306e+000  0.000000e+000  
-1.791485e+000  -1.762581e+000  -1.705241e+000  -1.620389e+000  -1.509394e+000  -1.374046e+000  -1.207718e+000  -1.008486e+000  -7.891390e-001  -2.676796e-001  6.768917e-001  1.419279e+000  1.645324e+000  1.714413e+000  1.749306e+000  0.000000e+000  
-1.791485e+000  -1.762581e+000  -1.705241e+000  -1.620389e+000  -1.509394e+000  -1.374046e+000  -1.207718e+000  -1.008486e+000  -7.891390e-001  -2.676796e-001  6.768917e-001  1.419279e+000  1.645324e+000  1.714413e+000  1.749306e+000  0.000000e+000  
0.000000e+000  0.000000e+000  0.000000e+000  0.000000e+000  0.000000e+000  0.000000e+000  0.000000e+000  0.000000e+000  0.000000e+000  0.000000e+000  0.000000e+000  0.000000e+000  0.000000e+000  0.000000e+000  0.000000e+000  0.000000e+000  

