Port monitor named: Port2_h2[2.2].prt

nx        = 71
ny        = 23
nz        = 31

nu        = 16
nv        = 27
iu        = 3
iv        = 3

idir      = 0
dcut      = 5.114300e-001
icut      = 71
type      = 1
frequency = 2.200000e+009

fcutoff   = 3.150484e+009
alpha     = 4.725834e+001
beta      = 0.000000e+000
accuracy  = 5.753818e-010

type          = TE
wave imp.     = 3.675648e+002
wave imp.sig. = 9.221517e-006
line imp.     = 0.000000e+000

ref. port     = 0

0.000000e+000  0.000000e+000  0.000000e+000  0.000000e+000  0.000000e+000  0.000000e+000  0.000000e+000  0.000000e+000  0.000000e+000  0.000000e+000  0.000000e+000  0.000000e+000  0.000000e+000  0.000000e+000  0.000000e+000  0.000000e+000  
0.000000e+000  0.000000e+000  0.000000e+000  0.000000e+000  0.000000e+000  0.000000e+000  0.000000e+000  0.000000e+000  0.000000e+000  0.000000e+000  0.000000e+000  0.000000e+000  0.000000e+000  0.000000e+000  0.000000e+000  0.000000e+000  
0.000000e+000  0.000000e+000  0.000000e+000  0.000000e+000  0.000000e+000  0.000000e+000  0.000000e+000  0.000000e+000  0.000000e+000  0.000000e+000  0.000000e+000  0.000000e+000  0.000000e+000  0.000000e+000  0.000000e+000  0.000000e+000  
0.000000e+000  0.000000e+000  0.000000e+000  0.000000e+000  0.000000e+000  0.000000e+000  0.000000e+000  0.000000e+000  0.000000e+000  0.000000e+000  0.000000e+000  0.000000e+000  0.000000e+000  0.000000e+000  0.000000e+000  0.000000e+000  
0.000000e+000  0.000000e+000  0.000000e+000  0.000000e+000  0.000000e+000  0.000000e+000  0.000000e+000  0.000000e+000  0.000000e+000  0.000000e+000  0.000000e+000  0.000000e+000  0.000000e+000  0.000000e+000  0.000000e+000  0.000000e+000  
0.000000e+000  0.000000e+000  0.000000e+000  0.000000e+000  0.000000e+000  0.000000e+000  0.000000e+000  0.000000e+000  0.000000e+000  0.000000e+000  0.000000e+000  0.000000e+000  0.000000e+000  0.000000e+000  0.000000e+000  0.000000e+000  
0.000000e+000  0.000000e+000  0.000000e+000  0.000000e+000  0.000000e+000  0.000000e+000  0.000000e+000  0.000000e+000  0.000000e+000  0.000000e+000  0.000000e+000  0.000000e+000  0.000000e+000  0.000000e+000  0.000000e+000  0.000000e+000  
0.000000e+000  0.000000e+000  0.000000e+000  0.000000e+000  0.000000e+000  0.000000e+000  0.000000e+000  0.000000e+000  0.000000e+000  0.000000e+000  0.000000e+000  0.000000e+000  0.000000e+000  0.000000e+000  0.000000e+000  0.000000e+000  
0.000000e+000  0.000000e+000  0.000000e+000  0.000000e+000  0.000000e+000  0.000000e+000  0.000000e+000  0.000000e+000  0.000000e+000  0.000000e+000  0.000000e+000  0.000000e+000  0.000000e+000  0.000000e+000  0.000000e+000  0.000000e+000  
0.000000e+000  0.000000e+000  0.000000e+000  0.000000e+000  0.000000e+000  0.000000e+000  0.000000e+000  0.000000e+000  0.000000e+000  0.000000e+000  0.000000e+000  0.000000e+000  0.000000e+000  0.000000e+000  0.000000e+000  0.000000e+000  
0.000000e+000  0.000000e+000  0.000000e+000  0.000000e+000  0.000000e+000  0.000000e+000  0.000000e+000  0.000000e+000  0.000000e+000  0.000000e+000  0.000000e+000  0.000000e+000  0.000000e+000  0.000000e+000  0.000000e+000  0.000000e+000  
0.000000e+000  0.000000e+000  0.000000e+000  0.000000e+000  0.000000e+000  0.000000e+000  0.000000e+000  0.000000e+000  0.000000e+000  0.000000e+000  0.000000e+000  0.000000e+000  0.000000e+000  0.000000e+000  0.000000e+000  0.000000e+000  
0.000000e+000  0.000000e+000  0.000000e+000  0.000000e+000  0.000000e+000  0.000000e+000  0.000000e+000  0.000000e+000  0.000000e+000  0.000000e+000  0.000000e+000  0.000000e+000  0.000000e+000  0.000000e+000  0.000000e+000  0.000000e+000  
0.000000e+000  0.000000e+000  0.000000e+000  0.000000e+000  0.000000e+000  0.000000e+000  0.000000e+000  0.000000e+000  0.000000e+000  0.000000e+000  0.000000e+000  0.000000e+000  0.000000e+000  0.000000e+000  0.000000e+000  0.000000e+000  
0.000000e+000  0.000000e+000  0.000000e+000  0.000000e+000  0.000000e+000  0.000000e+000  0.000000e+000  0.000000e+000  0.000000e+000  0.000000e+000  0.000000e+000  0.000000e+000  0.000000e+000  0.000000e+000  0.000000e+000  0.000000e+000  
0.000000e+000  0.000000e+000  0.000000e+000  0.000000e+000  0.000000e+000  0.000000e+000  0.000000e+000  0.000000e+000  0.000000e+000  0.000000e+000  0.000000e+000  0.000000e+000  0.000000e+000  0.000000e+000  0.000000e+000  0.000000e+000  
0.000000e+000  0.000000e+000  0.000000e+000  0.000000e+000  0.000000e+000  0.000000e+000  0.000000e+000  0.000000e+000  0.000000e+000  0.000000e+000  0.000000e+000  0.000000e+000  0.000000e+000  0.000000e+000  0.000000e+000  0.000000e+000  
0.000000e+000  0.000000e+000  0.000000e+000  0.000000e+000  0.000000e+000  0.000000e+000  0.000000e+000  0.000000e+000  0.000000e+000  0.000000e+000  0.000000e+000  0.000000e+000  0.000000e+000  0.000000e+000  0.000000e+000  0.000000e+000  
0.000000e+000  0.000000e+000  0.000000e+000  0.000000e+000  0.000000e+000  0.000000e+000  0.000000e+000  0.000000e+000  0.000000e+000  0.000000e+000  0.000000e+000  0.000000e+000  0.000000e+000  0.000000e+000  0.000000e+000  0.000000e+000  
0.000000e+000  0.000000e+000  0.000000e+000  0.000000e+000  0.000000e+000  0.000000e+000  0.000000e+000  0.000000e+000  0.000000e+000  0.000000e+000  0.000000e+000  0.000000e+000  0.000000e+000  0.000000e+000  0.000000e+000  0.000000e+000  
0.000000e+000  0.000000e+000  0.000000e+000  0.000000e+000  0.000000e+000  0.000000e+000  0.000000e+000  0.000000e+000  0.000000e+000  0.000000e+000  0.000000e+000  0.000000e+000  0.000000e+000  0.000000e+000  0.000000e+000  0.000000e+000  
0.000000e+000  0.000000e+000  0.000000e+000  0.000000e+000  0.000000e+000  0.000000e+000  0.000000e+000  0.000000e+000  0.000000e+000  0.000000e+000  0.000000e+000  0.000000e+000  0.000000e+000  0.000000e+000  0.000000e+000  0.000000e+000  
0.000000e+000  0.000000e+000  0.000000e+000  0.000000e+000  0.000000e+000  0.000000e+000  0.000000e+000  0.000000e+000  0.000000e+000  0.000000e+000  0.000000e+000  0.000000e+000  0.000000e+000  0.000000e+000  0.000000e+000  0.000000e+000  
0.000000e+000  0.000000e+000  0.000000e+000  0.000000e+000  0.000000e+000  0.000000e+000  0.000000e+000  0.000000e+000  0.000000e+000  0.000000e+000  0.000000e+000  0.000000e+000  0.000000e+000  0.000000e+000  0.000000e+000  0.000000e+000  
0.000000e+000  0.000000e+000  0.000000e+000  0.000000e+000  0.000000e+000  0.000000e+000  0.000000e+000  0.000000e+000  0.000000e+000  0.000000e+000  0.000000e+000  0.000000e+000  0.000000e+000  0.000000e+000  0.000000e+000  0.000000e+000  
0.000000e+000  0.000000e+000  0.000000e+000  0.000000e+000  0.000000e+000  0.000000e+000  0.000000e+000  0.000000e+000  0.000000e+000  0.000000e+000  0.000000e+000  0.000000e+000  0.000000e+000  0.000000e+000  0.000000e+000  0.000000e+000  
0.000000e+000  0.000000e+000  0.000000e+000  0.000000e+000  0.000000e+000  0.000000e+000  0.000000e+000  0.000000e+000  0.000000e+000  0.000000e+000  0.000000e+000  0.000000e+000  0.000000e+000  0.000000e+000  0.000000e+000  0.000000e+000  

0.000000e+000  0.000000e+000  0.000000e+000  0.000000e+000  0.000000e+000  0.000000e+000  0.000000e+000  0.000000e+000  0.000000e+000  0.000000e+000  0.000000e+000  0.000000e+000  0.000000e+000  0.000000e+000  0.000000e+000  0.000000e+000  
0.000000e+000  0.000000e+000  0.000000e+000  0.000000e+000  0.000000e+000  0.000000e+000  0.000000e+000  0.000000e+000  0.000000e+000  0.000000e+000  0.000000e+000  0.000000e+000  0.000000e+000  0.000000e+000  0.000000e+000  0.000000e+000  
0.000000e+000  0.000000e+000  0.000000e+000  0.000000e+000  0.000000e+000  0.000000e+000  0.000000e+000  0.000000e+000  0.000000e+000  0.000000e+000  0.000000e+000  0.000000e+000  0.000000e+000  0.000000e+000  0.000000e+000  0.000000e+000  
0.000000e+000  0.000000e+000  0.000000e+000  0.000000e+000  0.000000e+000  0.000000e+000  0.000000e+000  0.000000e+000  0.000000e+000  0.000000e+000  0.000000e+000  0.000000e+000  0.000000e+000  0.000000e+000  0.000000e+000  0.000000e+000  
0.000000e+000  0.000000e+000  0.000000e+000  0.000000e+000  0.000000e+000  0.000000e+000  0.000000e+000  0.000000e+000  0.000000e+000  0.000000e+000  0.000000e+000  0.000000e+000  0.000000e+000  0.000000e+000  0.000000e+000  0.000000e+000  
0.000000e+000  0.000000e+000  0.000000e+000  0.000000e+000  0.000000e+000  0.000000e+000  0.000000e+000  0.000000e+000  0.000000e+000  0.000000e+000  0.000000e+000  0.000000e+000  0.000000e+000  0.000000e+000  0.000000e+000  0.000000e+000  
0.000000e+000  0.000000e+000  0.000000e+000  0.000000e+000  0.000000e+000  0.000000e+000  0.000000e+000  0.000000e+000  0.000000e+000  0.000000e+000  0.000000e+000  0.000000e+000  0.000000e+000  0.000000e+000  0.000000e+000  0.000000e+000  
0.000000e+000  0.000000e+000  0.000000e+000  0.000000e+000  0.000000e+000  0.000000e+000  0.000000e+000  0.000000e+000  0.000000e+000  0.000000e+000  0.000000e+000  0.000000e+000  0.000000e+000  0.000000e+000  0.000000e+000  0.000000e+000  
0.000000e+000  0.000000e+000  0.000000e+000  0.000000e+000  0.000000e+000  0.000000e+000  0.000000e+000  0.000000e+000  0.000000e+000  0.000000e+000  0.000000e+000  0.000000e+000  0.000000e+000  0.000000e+000  0.000000e+000  0.000000e+000  
0.000000e+000  0.000000e+000  0.000000e+000  0.000000e+000  0.000000e+000  0.000000e+000  0.000000e+000  0.000000e+000  0.000000e+000  0.000000e+000  0.000000e+000  0.000000e+000  0.000000e+000  0.000000e+000  0.000000e+000  0.000000e+000  
0.000000e+000  0.000000e+000  0.000000e+000  0.000000e+000  0.000000e+000  0.000000e+000  0.000000e+000  0.000000e+000  0.000000e+000  0.000000e+000  0.000000e+000  0.000000e+000  0.000000e+000  0.000000e+000  0.000000e+000  0.000000e+000  
0.000000e+000  0.000000e+000  0.000000e+000  0.000000e+000  0.000000e+000  0.000000e+000  0.000000e+000  0.000000e+000  0.000000e+000  0.000000e+000  0.000000e+000  0.000000e+000  0.000000e+000  0.000000e+000  0.000000e+000  0.000000e+000  
0.000000e+000  0.000000e+000  0.000000e+000  0.000000e+000  0.000000e+000  0.000000e+000  0.000000e+000  0.000000e+000  0.000000e+000  0.000000e+000  0.000000e+000  0.000000e+000  0.000000e+000  0.000000e+000  0.000000e+000  0.000000e+000  
0.000000e+000  0.000000e+000  0.000000e+000  0.000000e+000  0.000000e+000  0.000000e+000  0.000000e+000  0.000000e+000  0.000000e+000  0.000000e+000  0.000000e+000  0.000000e+000  0.000000e+000  0.000000e+000  0.000000e+000  0.000000e+000  
0.000000e+000  0.000000e+000  0.000000e+000  0.000000e+000  0.000000e+000  0.000000e+000  0.000000e+000  0.000000e+000  0.000000e+000  0.000000e+000  0.000000e+000  0.000000e+000  0.000000e+000  0.000000e+000  0.000000e+000  0.000000e+000  
0.000000e+000  0.000000e+000  0.000000e+000  0.000000e+000  0.000000e+000  0.000000e+000  0.000000e+000  0.000000e+000  0.000000e+000  0.000000e+000  0.000000e+000  0.000000e+000  0.000000e+000  0.000000e+000  0.000000e+000  0.000000e+000  
0.000000e+000  0.000000e+000  0.000000e+000  0.000000e+000  0.000000e+000  0.000000e+000  0.000000e+000  0.000000e+000  0.000000e+000  0.000000e+000  0.000000e+000  0.000000e+000  0.000000e+000  0.000000e+000  0.000000e+000  0.000000e+000  
0.000000e+000  0.000000e+000  0.000000e+000  0.000000e+000  0.000000e+000  0.000000e+000  0.000000e+000  0.000000e+000  0.000000e+000  0.000000e+000  0.000000e+000  0.000000e+000  0.000000e+000  0.000000e+000  0.000000e+000  0.000000e+000  
0.000000e+000  0.000000e+000  0.000000e+000  0.000000e+000  0.000000e+000  0.000000e+000  0.000000e+000  0.000000e+000  0.000000e+000  0.000000e+000  0.000000e+000  0.000000e+000  0.000000e+000  0.000000e+000  0.000000e+000  0.000000e+000  
0.000000e+000  0.000000e+000  0.000000e+000  0.000000e+000  0.000000e+000  0.000000e+000  0.000000e+000  0.000000e+000  0.000000e+000  0.000000e+000  0.000000e+000  0.000000e+000  0.000000e+000  0.000000e+000  0.000000e+000  0.000000e+000  
0.000000e+000  0.000000e+000  0.000000e+000  0.000000e+000  0.000000e+000  0.000000e+000  0.000000e+000  0.000000e+000  0.000000e+000  0.000000e+000  0.000000e+000  0.000000e+000  0.000000e+000  0.000000e+000  0.000000e+000  0.000000e+000  
0.000000e+000  0.000000e+000  0.000000e+000  0.000000e+000  0.000000e+000  0.000000e+000  0.000000e+000  0.000000e+000  0.000000e+000  0.000000e+000  0.000000e+000  0.000000e+000  0.000000e+000  0.000000e+000  0.000000e+000  0.000000e+000  
0.000000e+000  0.000000e+000  0.000000e+000  0.000000e+000  0.000000e+000  0.000000e+000  0.000000e+000  0.000000e+000  0.000000e+000  0.000000e+000  0.000000e+000  0.000000e+000  0.000000e+000  0.000000e+000  0.000000e+000  0.000000e+000  
0.000000e+000  0.000000e+000  0.000000e+000  0.000000e+000  0.000000e+000  0.000000e+000  0.000000e+000  0.000000e+000  0.000000e+000  0.000000e+000  0.000000e+000  0.000000e+000  0.000000e+000  0.000000e+000  0.000000e+000  0.000000e+000  
0.000000e+000  0.000000e+000  0.000000e+000  0.000000e+000  0.000000e+000  0.000000e+000  0.000000e+000  0.000000e+000  0.000000e+000  0.000000e+000  0.000000e+000  0.000000e+000  0.000000e+000  0.000000e+000  0.000000e+000  0.000000e+000  
0.000000e+000  0.000000e+000  0.000000e+000  0.000000e+000  0.000000e+000  0.000000e+000  0.000000e+000  0.000000e+000  0.000000e+000  0.000000e+000  0.000000e+000  0.000000e+000  0.000000e+000  0.000000e+000  0.000000e+000  0.000000e+000  
0.000000e+000  0.000000e+000  0.000000e+000  0.000000e+000  0.000000e+000  0.000000e+000  0.000000e+000  0.000000e+000  0.000000e+000  0.000000e+000  0.000000e+000  0.000000e+000  0.000000e+000  0.000000e+000  0.000000e+000  0.000000e+000  

0.000000e+000  0.000000e+000  0.000000e+000  0.000000e+000  0.000000e+000  0.000000e+000  0.000000e+000  0.000000e+000  0.000000e+000  0.000000e+000  0.000000e+000  0.000000e+000  0.000000e+000  0.000000e+000  0.000000e+000  0.000000e+000  
0.000000e+000  0.000000e+000  0.000000e+000  0.000000e+000  0.000000e+000  0.000000e+000  0.000000e+000  0.000000e+000  0.000000e+000  0.000000e+000  0.000000e+000  0.000000e+000  0.000000e+000  0.000000e+000  0.000000e+000  0.000000e+000  
0.000000e+000  0.000000e+000  0.000000e+000  0.000000e+000  0.000000e+000  0.000000e+000  0.000000e+000  0.000000e+000  0.000000e+000  0.000000e+000  0.000000e+000  0.000000e+000  0.000000e+000  0.000000e+000  0.000000e+000  0.000000e+000  
0.000000e+000  0.000000e+000  0.000000e+000  0.000000e+000  0.000000e+000  0.000000e+000  0.000000e+000  0.000000e+000  0.000000e+000  0.000000e+000  0.000000e+000  0.000000e+000  0.000000e+000  0.000000e+000  0.000000e+000  0.000000e+000  
0.000000e+000  0.000000e+000  0.000000e+000  0.000000e+000  0.000000e+000  0.000000e+000  0.000000e+000  0.000000e+000  0.000000e+000  0.000000e+000  0.000000e+000  0.000000e+000  0.000000e+000  0.000000e+000  0.000000e+000  0.000000e+000  
0.000000e+000  0.000000e+000  0.000000e+000  0.000000e+000  0.000000e+000  0.000000e+000  0.000000e+000  0.000000e+000  0.000000e+000  0.000000e+000  0.000000e+000  0.000000e+000  0.000000e+000  0.000000e+000  0.000000e+000  0.000000e+000  
0.000000e+000  0.000000e+000  0.000000e+000  0.000000e+000  0.000000e+000  0.000000e+000  0.000000e+000  0.000000e+000  0.000000e+000  0.000000e+000  0.000000e+000  0.000000e+000  0.000000e+000  0.000000e+000  0.000000e+000  0.000000e+000  
0.000000e+000  0.000000e+000  0.000000e+000  0.000000e+000  0.000000e+000  0.000000e+000  0.000000e+000  0.000000e+000  0.000000e+000  0.000000e+000  0.000000e+000  0.000000e+000  0.000000e+000  0.000000e+000  0.000000e+000  0.000000e+000  
0.000000e+000  0.000000e+000  0.000000e+000  0.000000e+000  0.000000e+000  0.000000e+000  0.000000e+000  0.000000e+000  0.000000e+000  0.000000e+000  0.000000e+000  0.000000e+000  0.000000e+000  0.000000e+000  0.000000e+000  0.000000e+000  
0.000000e+000  0.000000e+000  0.000000e+000  0.000000e+000  0.000000e+000  0.000000e+000  0.000000e+000  0.000000e+000  0.000000e+000  0.000000e+000  0.000000e+000  0.000000e+000  0.000000e+000  0.000000e+000  0.000000e+000  0.000000e+000  
0.000000e+000  0.000000e+000  0.000000e+000  0.000000e+000  0.000000e+000  0.000000e+000  0.000000e+000  0.000000e+000  0.000000e+000  0.000000e+000  0.000000e+000  0.000000e+000  0.000000e+000  0.000000e+000  0.000000e+000  0.000000e+000  
0.000000e+000  0.000000e+000  0.000000e+000  0.000000e+000  0.000000e+000  0.000000e+000  0.000000e+000  0.000000e+000  0.000000e+000  0.000000e+000  0.000000e+000  0.000000e+000  0.000000e+000  0.000000e+000  0.000000e+000  0.000000e+000  
0.000000e+000  0.000000e+000  0.000000e+000  0.000000e+000  0.000000e+000  0.000000e+000  0.000000e+000  0.000000e+000  0.000000e+000  0.000000e+000  0.000000e+000  0.000000e+000  0.000000e+000  0.000000e+000  0.000000e+000  0.000000e+000  
0.000000e+000  0.000000e+000  0.000000e+000  0.000000e+000  0.000000e+000  0.000000e+000  0.000000e+000  0.000000e+000  0.000000e+000  0.000000e+000  0.000000e+000  0.000000e+000  0.000000e+000  0.000000e+000  0.000000e+000  0.000000e+000  
0.000000e+000  0.000000e+000  0.000000e+000  0.000000e+000  0.000000e+000  0.000000e+000  0.000000e+000  0.000000e+000  0.000000e+000  0.000000e+000  0.000000e+000  0.000000e+000  0.000000e+000  0.000000e+000  0.000000e+000  0.000000e+000  
0.000000e+000  0.000000e+000  0.000000e+000  0.000000e+000  0.000000e+000  0.000000e+000  0.000000e+000  0.000000e+000  0.000000e+000  0.000000e+000  0.000000e+000  0.000000e+000  0.000000e+000  0.000000e+000  0.000000e+000  0.000000e+000  
0.000000e+000  0.000000e+000  0.000000e+000  0.000000e+000  0.000000e+000  0.000000e+000  0.000000e+000  0.000000e+000  0.000000e+000  0.000000e+000  0.000000e+000  0.000000e+000  0.000000e+000  0.000000e+000  0.000000e+000  0.000000e+000  
0.000000e+000  0.000000e+000  0.000000e+000  0.000000e+000  0.000000e+000  0.000000e+000  0.000000e+000  0.000000e+000  0.000000e+000  0.000000e+000  0.000000e+000  0.000000e+000  0.000000e+000  0.000000e+000  0.000000e+000  0.000000e+000  
0.000000e+000  0.000000e+000  0.000000e+000  0.000000e+000  0.000000e+000  0.000000e+000  0.000000e+000  0.000000e+000  0.000000e+000  0.000000e+000  0.000000e+000  0.000000e+000  0.000000e+000  0.000000e+000  0.000000e+000  0.000000e+000  
0.000000e+000  0.000000e+000  0.000000e+000  0.000000e+000  0.000000e+000  0.000000e+000  0.000000e+000  0.000000e+000  0.000000e+000  0.000000e+000  0.000000e+000  0.000000e+000  0.000000e+000  0.000000e+000  0.000000e+000  0.000000e+000  
0.000000e+000  0.000000e+000  0.000000e+000  0.000000e+000  0.000000e+000  0.000000e+000  0.000000e+000  0.000000e+000  0.000000e+000  0.000000e+000  0.000000e+000  0.000000e+000  0.000000e+000  0.000000e+000  0.000000e+000  0.000000e+000  
0.000000e+000  0.000000e+000  0.000000e+000  0.000000e+000  0.000000e+000  0.000000e+000  0.000000e+000  0.000000e+000  0.000000e+000  0.000000e+000  0.000000e+000  0.000000e+000  0.000000e+000  0.000000e+000  0.000000e+000  0.000000e+000  
0.000000e+000  0.000000e+000  0.000000e+000  0.000000e+000  0.000000e+000  0.000000e+000  0.000000e+000  0.000000e+000  0.000000e+000  0.000000e+000  0.000000e+000  0.000000e+000  0.000000e+000  0.000000e+000  0.000000e+000  0.000000e+000  
0.000000e+000  0.000000e+000  0.000000e+000  0.000000e+000  0.000000e+000  0.000000e+000  0.000000e+000  0.000000e+000  0.000000e+000  0.000000e+000  0.000000e+000  0.000000e+000  0.000000e+000  0.000000e+000  0.000000e+000  0.000000e+000  
0.000000e+000  0.000000e+000  0.000000e+000  0.000000e+000  0.000000e+000  0.000000e+000  0.000000e+000  0.000000e+000  0.000000e+000  0.000000e+000  0.000000e+000  0.000000e+000  0.000000e+000  0.000000e+000  0.000000e+000  0.000000e+000  
0.000000e+000  0.000000e+000  0.000000e+000  0.000000e+000  0.000000e+000  0.000000e+000  0.000000e+000  0.000000e+000  0.000000e+000  0.000000e+000  0.000000e+000  0.000000e+000  0.000000e+000  0.000000e+000  0.000000e+000  0.000000e+000  
0.000000e+000  0.000000e+000  0.000000e+000  0.000000e+000  0.000000e+000  0.000000e+000  0.000000e+000  0.000000e+000  0.000000e+000  0.000000e+000  0.000000e+000  0.000000e+000  0.000000e+000  0.000000e+000  0.000000e+000  0.000000e+000  

-0.000000e+000  2.428677e-010  1.234032e-009  1.772404e-009  2.666269e-009  4.312702e-009  5.303451e-009  -3.448176e-009  -1.116331e-008  -1.984384e-008  -1.304876e-008  1.165107e-008  2.080865e-008  1.357444e-008  6.369757e-009  -0.000000e+000  
-0.000000e+000  -0.000000e+000  1.929219e-009  1.264793e-009  2.688552e-009  3.553466e-009  4.879450e-009  -2.481102e-009  -1.227807e-008  -1.944198e-008  -1.226346e-008  1.039540e-008  2.025312e-008  1.268475e-008  6.998994e-009  -0.000000e+000  
-0.000000e+000  1.576887e-009  -8.313966e-010  2.115743e-009  2.048698e-009  2.056182e-009  2.966971e-009  -4.283662e-009  -1.019310e-008  -2.013658e-008  -1.012383e-008  7.917568e-009  1.908231e-008  1.194887e-008  5.241488e-009  -0.000000e+000  
-0.000000e+000  -2.238005e-010  1.753769e-010  2.099754e-010  1.059761e-009  2.356306e-009  4.506514e-009  -1.413225e-009  -6.322943e-009  -1.053513e-008  -1.358750e-008  1.031216e-008  8.636506e-009  5.454989e-009  2.707811e-009  -0.000000e+000  
-0.000000e+000  -2.887150e-009  -5.909052e-009  -9.552639e-009  -1.399141e-008  -1.960347e-008  -2.652993e-008  -1.405166e-008  -2.944000e-009  8.073597e-009  -1.157937e-008  5.431204e-009  -1.919616e-008  -1.154008e-008  -5.563609e-009  -0.000000e+000  
-0.000000e+000  -0.000000e+000  -0.000000e+000  -0.000000e+000  -0.000000e+000  -0.000000e+000  -1.334504e-010  2.120974e-010  5.029237e-010  1.024380e-009  -6.007077e-010  6.072143e-010  -9.138513e-010  -6.330426e-010  -2.025833e-010  -0.000000e+000  
-0.000000e+000  3.000960e-009  6.164883e-009  1.005234e-008  1.463119e-008  2.059023e-008  2.815086e-008  1.525287e-008  3.689577e-009  -7.950260e-009  1.044172e-008  -4.755654e-009  1.908496e-008  1.152974e-008  5.449570e-009  -0.000000e+000  
-0.000000e+000  -0.000000e+000  -1.032274e-010  -8.844374e-010  -1.601761e-009  -3.449093e-009  -6.101375e-009  -0.000000e+000  4.768130e-009  9.247579e-009  1.240127e-008  -1.034973e-008  -8.362944e-009  -5.196479e-009  -2.533861e-009  -0.000000e+000  
-0.000000e+000  -1.306003e-009  -9.133308e-010  -1.479400e-009  -2.304606e-009  -2.827619e-009  -3.609023e-009  2.078119e-009  9.227519e-009  1.765907e-008  7.470289e-009  -6.760618e-009  -1.866251e-008  -1.048928e-008  -4.967552e-009  -0.000000e+000  
-0.000000e+000  7.981107e-010  -1.139188e-009  -2.512981e-009  -4.676491e-009  -3.479824e-009  -5.567326e-009  1.068501e-009  7.138375e-009  1.620366e-008  1.068298e-008  -9.974970e-009  -1.749257e-008  -1.133866e-008  -4.432849e-009  -0.000000e+000  
-0.000000e+000  3.211606e-010  -5.629422e-009  3.407432e-010  -3.701586e-009  -7.399724e-009  -9.052045e-009  -3.075368e-009  9.076807e-009  1.326841e-008  1.181060e-008  -1.173454e-008  -1.425094e-008  -9.632089e-009  -5.644548e-009  -0.000000e+000  
-0.000000e+000  -1.322102e-008  1.725089e-008  -1.402215e-008  5.313031e-009  -1.525065e-010  3.361319e-010  8.708048e-009  -4.568620e-009  6.690054e-009  1.500074e-008  -1.856584e-008  -1.788635e-008  -2.147302e-009  -3.714707e-009  -0.000000e+000  
-0.000000e+000  1.751669e-008  -2.891131e-008  1.390734e-008  -8.419502e-009  -5.199473e-009  -8.514979e-009  -4.573077e-010  1.122988e-008  8.702809e-009  1.526405e-008  -8.487149e-009  2.982518e-009  -1.485022e-008  -5.388803e-009  -0.000000e+000  
-0.000000e+000  -1.279947e-008  2.441090e-008  -1.715802e-008  -9.487536e-009  -3.975795e-009  5.787345e-009  -9.794325e-009  4.579280e-009  5.402808e-010  1.442545e-008  -2.219007e-008  -1.121707e-008  1.066898e-009  -6.380279e-010  -0.000000e+000  
-0.000000e+000  3.604252e-009  -1.897554e-008  9.114958e-009  4.511833e-009  2.164028e-009  -6.951034e-009  9.296467e-009  3.080529e-009  9.469314e-009  1.664739e-008  -1.140963e-008  -1.048482e-008  -1.419147e-008  -7.127765e-009  -0.000000e+000  
-0.000000e+000  -1.967345e-009  3.531411e-009  -6.543224e-009  -3.353406e-009  -7.759429e-009  -7.743564e-009  4.518881e-010  5.997642e-009  1.395284e-008  1.151709e-008  -1.295640e-008  -1.492173e-008  -8.951312e-009  -2.789110e-009  -0.000000e+000  
-0.000000e+000  3.695025e-010  -3.966499e-009  -1.226850e-010  -5.215286e-009  -2.530878e-009  -6.207346e-009  7.603991e-011  9.075087e-009  1.523533e-008  1.044996e-008  -1.056756e-008  -1.795609e-008  -9.634108e-009  -6.750003e-009  -0.000000e+000  
-0.000000e+000  -1.480884e-009  1.713588e-010  -3.515878e-009  -7.098550e-010  -5.144894e-009  -2.382457e-009  2.041396e-009  8.376931e-009  1.770015e-008  7.398708e-009  -6.818568e-009  -1.870539e-008  -1.150646e-008  -3.995082e-009  -0.000000e+000  
-0.000000e+000  1.067435e-010  -2.262909e-010  -4.777464e-010  -1.883097e-009  -3.164469e-009  -6.268660e-009  -7.036159e-011  4.805688e-009  9.248194e-009  1.244163e-008  -1.016952e-008  -8.215319e-009  -5.104145e-009  -2.532770e-009  -0.000000e+000  
-0.000000e+000  2.898360e-009  6.140081e-009  1.002462e-008  1.482132e-008  2.061123e-008  2.820910e-008  1.506891e-008  3.562284e-009  -7.765719e-009  1.039872e-008  -4.693952e-009  1.898114e-008  1.150198e-008  5.357384e-009  -0.000000e+000  
-0.000000e+000  9.347330e-011  -0.000000e+000  1.182759e-010  9.607497e-011  1.037886e-010  -8.293234e-011  2.121718e-010  5.210352e-010  9.617417e-010  -6.193733e-010  5.261736e-010  -7.348007e-010  -5.925047e-010  -2.943048e-010  -0.000000e+000  
-0.000000e+000  -2.877843e-009  -5.932835e-009  -9.698868e-009  -1.405971e-008  -1.954088e-008  -2.649347e-008  -1.388842e-008  -2.803674e-009  8.107226e-009  -1.153330e-008  5.418405e-009  -1.920888e-008  -1.156656e-008  -5.479442e-009  -0.000000e+000  
-0.000000e+000  1.239031e-010  -0.000000e+000  5.484393e-010  9.544189e-010  2.291811e-009  4.547159e-009  -1.344744e-009  -6.302731e-009  -1.055119e-008  -1.368416e-008  1.044826e-008  8.430411e-009  5.276615e-009  2.585908e-009  -0.000000e+000  
-0.000000e+000  -0.000000e+000  1.151434e-009  1.691111e-009  4.628319e-010  3.816077e-009  2.597717e-009  -4.625276e-009  -9.930661e-009  -1.986367e-008  -1.023113e-008  7.564881e-009  1.970085e-008  1.209539e-008  5.406580e-009  -0.000000e+000  
-0.000000e+000  -2.031950e-010  9.085405e-010  6.428381e-010  4.816574e-009  1.945092e-009  3.866025e-009  -2.087979e-009  -1.308305e-008  -1.993352e-008  -1.200672e-008  1.037474e-008  2.017798e-008  1.313391e-008  7.056567e-009  -0.000000e+000  
-0.000000e+000  9.527783e-010  1.060484e-009  2.161206e-009  1.982804e-009  4.314265e-009  6.140306e-009  -3.789666e-009  -1.088620e-008  -1.985260e-008  -1.300263e-008  1.139611e-008  2.062056e-008  1.339688e-008  6.526727e-009  -0.000000e+000  
-0.000000e+000  -0.000000e+000  -0.000000e+000  -0.000000e+000  -0.000000e+000  -0.000000e+000  -0.000000e+000  -0.000000e+000  -0.000000e+000  -0.000000e+000  -0.000000e+000  -0.000000e+000  -0.000000e+000  -0.000000e+000  -0.000000e+000  -0.000000e+000  

-0.000000e+000  -0.000000e+000  -0.000000e+000  -0.000000e+000  -0.000000e+000  -0.000000e+000  -0.000000e+000  -0.000000e+000  -0.000000e+000  -0.000000e+000  -0.000000e+000  -0.000000e+000  -0.000000e+000  -0.000000e+000  -0.000000e+000  -0.000000e+000  
-1.381736e-001  -1.381736e-001  -1.381736e-001  -1.381736e-001  -1.381736e-001  -1.381736e-001  -1.381736e-001  -1.381736e-001  -1.381736e-001  -1.381736e-001  -1.381736e-001  -1.381736e-001  -1.381736e-001  -1.381736e-001  -1.381736e-001  -0.000000e+000  
-2.745503e-001  -2.745503e-001  -2.745503e-001  -2.745503e-001  -2.745503e-001  -2.745503e-001  -2.745503e-001  -2.745503e-001  -2.745503e-001  -2.745503e-001  -2.745503e-001  -2.745503e-001  -2.745503e-001  -2.745503e-001  -2.745503e-001  -0.000000e+000  
-4.073563e-001  -4.073563e-001  -4.073563e-001  -4.073563e-001  -4.073563e-001  -4.073563e-001  -4.073563e-001  -4.073563e-001  -4.073563e-001  -4.073563e-001  -4.073563e-001  -4.073563e-001  -4.073563e-001  -4.073563e-001  -4.073563e-001  -0.000000e+000  
-8.572047e-001  -8.572047e-001  -8.572047e-001  -8.572047e-001  -8.572047e-001  -8.572047e-001  -8.572047e-001  -8.572047e-001  -8.572047e-001  -8.572047e-001  -8.572047e-001  -8.572047e-001  -8.572047e-001  -8.572047e-001  -8.572047e-001  -0.000000e+000  
-1.181275e+000  -1.181275e+000  -1.181275e+000  -1.181275e+000  -1.181275e+000  -1.181275e+000  -1.181275e+000  -1.181275e+000  -1.181275e+000  -1.181275e+000  -1.181275e+000  -1.181275e+000  -1.181275e+000  -1.181275e+000  -1.181275e+000  -0.000000e+000  
-1.221953e+000  -1.221953e+000  -1.221953e+000  -1.221953e+000  -1.221953e+000  -1.221953e+000  -1.221953e+000  -1.221953e+000  -1.221953e+000  -1.221953e+000  -1.221953e+000  -1.221953e+000  -1.221953e+000  -1.221953e+000  -1.221953e+000  -0.000000e+000  
-9.694794e-001  -9.694794e-001  -9.694794e-001  -9.694794e-001  -9.694794e-001  -9.694795e-001  -9.694795e-001  -9.694795e-001  -9.694795e-001  -9.694795e-001  -9.694794e-001  -9.694794e-001  -9.694795e-001  -9.694795e-001  -9.694795e-001  -0.000000e+000  
-5.600456e-001  -5.600456e-001  -5.600456e-001  -5.600456e-001  -5.600456e-001  -5.600456e-001  -5.600456e-001  -5.600456e-001  -5.600456e-001  -5.600456e-001  -5.600456e-001  -5.600456e-001  -5.600456e-001  -5.600456e-001  -5.600456e-001  -0.000000e+000  
-4.333354e-001  -4.333354e-001  -4.333354e-001  -4.333354e-001  -4.333354e-001  -4.333354e-001  -4.333354e-001  -4.333354e-001  -4.333354e-001  -4.333354e-001  -4.333354e-001  -4.333354e-001  -4.333354e-001  -4.333354e-001  -4.333354e-001  -0.000000e+000  
-3.009894e-001  -3.009894e-001  -3.009894e-001  -3.009894e-001  -3.009894e-001  -3.009894e-001  -3.009894e-001  -3.009894e-001  -3.009894e-001  -3.009895e-001  -3.009894e-001  -3.009895e-001  -3.009894e-001  -3.009894e-001  -3.009894e-001  -0.000000e+000  
-1.647290e-001  -1.647290e-001  -1.647291e-001  -1.647290e-001  -1.647290e-001  -1.647290e-001  -1.647290e-001  -1.647290e-001  -1.647290e-001  -1.647291e-001  -1.647290e-001  -1.647291e-001  -1.647290e-001  -1.647290e-001  -1.647290e-001  -0.000000e+000  
-8.255494e-002  -8.255496e-002  -8.255493e-002  -8.255496e-002  -8.255494e-002  -8.255495e-002  -8.255495e-002  -8.255494e-002  -8.255495e-002  -8.255496e-002  -8.255495e-002  -8.255496e-002  -8.255496e-002  -8.255494e-002  -8.255495e-002  -0.000000e+000  
-5.938806e-009  1.543214e-008  -1.492111e-008  5.210637e-009  1.311711e-009  2.059919e-009  -4.383146e-009  8.502953e-010  -8.920401e-010  4.335553e-010  -6.489595e-010  -0.000000e+000  4.314437e-009  -9.675274e-010  -9.297304e-010  -0.000000e+000  
8.255495e-002  8.255494e-002  8.255496e-002  8.255495e-002  8.255495e-002  8.255494e-002  8.255495e-002  8.255494e-002  8.255495e-002  8.255496e-002  8.255495e-002  8.255496e-002  8.255495e-002  8.255495e-002  8.255495e-002  -0.000000e+000  
1.647290e-001  1.647291e-001  1.647290e-001  1.647290e-001  1.647290e-001  1.647290e-001  1.647290e-001  1.647290e-001  1.647290e-001  1.647291e-001  1.647290e-001  1.647291e-001  1.647290e-001  1.647290e-001  1.647290e-001  -0.000000e+000  
3.009894e-001  3.009894e-001  3.009894e-001  3.009894e-001  3.009894e-001  3.009894e-001  3.009894e-001  3.009894e-001  3.009894e-001  3.009895e-001  3.009894e-001  3.009895e-001  3.009894e-001  3.009894e-001  3.009894e-001  -0.000000e+000  
4.333354e-001  4.333354e-001  4.333354e-001  4.333354e-001  4.333354e-001  4.333354e-001  4.333354e-001  4.333354e-001  4.333354e-001  4.333354e-001  4.333354e-001  4.333354e-001  4.333354e-001  4.333354e-001  4.333354e-001  -0.000000e+000  
5.600456e-001  5.600456e-001  5.600456e-001  5.600456e-001  5.600456e-001  5.600456e-001  5.600456e-001  5.600456e-001  5.600456e-001  5.600456e-001  5.600456e-001  5.600456e-001  5.600456e-001  5.600456e-001  5.600456e-001  -0.000000e+000  
9.694794e-001  9.694794e-001  9.694794e-001  9.694794e-001  9.694794e-001  9.694795e-001  9.694795e-001  9.694795e-001  9.694795e-001  9.694795e-001  9.694794e-001  9.694794e-001  9.694795e-001  9.694795e-001  9.694795e-001  -0.000000e+000  
1.221953e+000  1.221953e+000  1.221953e+000  1.221953e+000  1.221953e+000  1.221953e+000  1.221953e+000  1.221953e+000  1.221953e+000  1.221953e+000  1.221953e+000  1.221953e+000  1.221953e+000  1.221953e+000  1.221953e+000  -0.000000e+000  
1.181275e+000  1.181275e+000  1.181275e+000  1.181275e+000  1.181275e+000  1.181275e+000  1.181275e+000  1.181275e+000  1.181275e+000  1.181275e+000  1.181275e+000  1.181275e+000  1.181275e+000  1.181275e+000  1.181275e+000  -0.000000e+000  
8.572047e-001  8.572047e-001  8.572047e-001  8.572047e-001  8.572047e-001  8.572047e-001  8.572047e-001  8.572047e-001  8.572047e-001  8.572047e-001  8.572047e-001  8.572047e-001  8.572047e-001  8.572047e-001  8.572047e-001  -0.000000e+000  
4.073563e-001  4.073563e-001  4.073563e-001  4.073563e-001  4.073563e-001  4.073563e-001  4.073563e-001  4.073563e-001  4.073563e-001  4.073563e-001  4.073563e-001  4.073563e-001  4.073563e-001  4.073563e-001  4.073563e-001  -0.000000e+000  
2.745503e-001  2.745503e-001  2.745503e-001  2.745503e-001  2.745503e-001  2.745503e-001  2.745503e-001  2.745503e-001  2.745503e-001  2.745503e-001  2.745503e-001  2.745503e-001  2.745503e-001  2.745503e-001  2.745503e-001  -0.000000e+000  
1.381736e-001  1.381736e-001  1.381736e-001  1.381736e-001  1.381736e-001  1.381736e-001  1.381736e-001  1.381736e-001  1.381736e-001  1.381736e-001  1.381736e-001  1.381736e-001  1.381736e-001  1.381736e-001  1.381736e-001  -0.000000e+000  
-0.000000e+000  -0.000000e+000  -0.000000e+000  -0.000000e+000  -0.000000e+000  -0.000000e+000  -0.000000e+000  -0.000000e+000  -0.000000e+000  -0.000000e+000  -0.000000e+000  -0.000000e+000  -0.000000e+000  -0.000000e+000  -0.000000e+000  -0.000000e+000  

-1.692733e+000  -1.692733e+000  -1.692733e+000  -1.692733e+000  -1.692733e+000  -1.692733e+000  -1.692733e+000  -1.692733e+000  -1.692733e+000  -1.692733e+000  -1.692733e+000  -1.692733e+000  -1.692733e+000  -1.692733e+000  -1.692733e+000  -0.000000e+000  
-1.670718e+000  -1.670718e+000  -1.670718e+000  -1.670718e+000  -1.670718e+000  -1.670718e+000  -1.670718e+000  -1.670718e+000  -1.670718e+000  -1.670718e+000  -1.670718e+000  -1.670718e+000  -1.670718e+000  -1.670718e+000  -1.670718e+000  -0.000000e+000  
-1.626976e+000  -1.626976e+000  -1.626976e+000  -1.626976e+000  -1.626976e+000  -1.626976e+000  -1.626976e+000  -1.626976e+000  -1.626976e+000  -1.626976e+000  -1.626975e+000  -1.626975e+000  -1.626975e+000  -1.626975e+000  -1.626975e+000  -0.000000e+000  
-1.473124e+000  -1.473124e+000  -1.473124e+000  -1.473124e+000  -1.473124e+000  -1.473124e+000  -1.473124e+000  -1.473124e+000  -1.473124e+000  -1.473124e+000  -1.473124e+000  -1.473124e+000  -1.473124e+000  -1.473124e+000  -1.473124e+000  -0.000000e+000  
-9.243688e-001  -9.243688e-001  -9.243688e-001  -9.243688e-001  -9.243688e-001  -9.243688e-001  -9.243688e-001  -9.243688e-001  -9.243688e-001  -9.243688e-001  -9.243688e-001  -9.243688e-001  -9.243688e-001  -9.243688e-001  -9.243688e-001  -0.000000e+000  
-1.160282e-001  -1.160282e-001  -1.160282e-001  -1.160282e-001  -1.160282e-001  -1.160282e-001  -1.160282e-001  -1.160282e-001  -1.160282e-001  -1.160282e-001  -1.160282e-001  -1.160282e-001  -1.160282e-001  -1.160282e-001  -1.160282e-001  -0.000000e+000  
7.201480e-001  7.201480e-001  7.201480e-001  7.201480e-001  7.201480e-001  7.201480e-001  7.201480e-001  7.201480e-001  7.201480e-001  7.201480e-001  7.201480e-001  7.201480e-001  7.201480e-001  7.201480e-001  7.201480e-001  -0.000000e+000  
1.340778e+000  1.340778e+000  1.340778e+000  1.340778e+000  1.340778e+000  1.340778e+000  1.340778e+000  1.340778e+000  1.340778e+000  1.340778e+000  1.340778e+000  1.340778e+000  1.340778e+000  1.340778e+000  1.340778e+000  -0.000000e+000  
1.552298e+000  1.552298e+000  1.552298e+000  1.552298e+000  1.552298e+000  1.552298e+000  1.552298e+000  1.552298e+000  1.552298e+000  1.552298e+000  1.552298e+000  1.552298e+000  1.552298e+000  1.552298e+000  1.552298e+000  -0.000000e+000  
1.621339e+000  1.621339e+000  1.621339e+000  1.621339e+000  1.621339e+000  1.621339e+000  1.621339e+000  1.621339e+000  1.621339e+000  1.621339e+000  1.621339e+000  1.621339e+000  1.621339e+000  1.621339e+000  1.621339e+000  -0.000000e+000  
1.669294e+000  1.669294e+000  1.669294e+000  1.669294e+000  1.669294e+000  1.669294e+000  1.669294e+000  1.669294e+000  1.669294e+000  1.669294e+000  1.669294e+000  1.669294e+000  1.669294e+000  1.669294e+000  1.669294e+000  -0.000000e+000  
1.690233e+000  1.690233e+000  1.690233e+000  1.690233e+000  1.690233e+000  1.690233e+000  1.690233e+000  1.690233e+000  1.690233e+000  1.690233e+000  1.690233e+000  1.690233e+000  1.690233e+000  1.690233e+000  1.690233e+000  -0.000000e+000  
1.698067e+000  1.698067e+000  1.698067e+000  1.698067e+000  1.698067e+000  1.698067e+000  1.698067e+000  1.698067e+000  1.698067e+000  1.698067e+000  1.698067e+000  1.698067e+000  1.698067e+000  1.698067e+000  1.698067e+000  -0.000000e+000  
1.698067e+000  1.698067e+000  1.698067e+000  1.698067e+000  1.698067e+000  1.698067e+000  1.698067e+000  1.698067e+000  1.698067e+000  1.698067e+000  1.698067e+000  1.698067e+000  1.698067e+000  1.698067e+000  1.698067e+000  -0.000000e+000  
1.690233e+000  1.690233e+000  1.690233e+000  1.690233e+000  1.690233e+000  1.690233e+000  1.690233e+000  1.690233e+000  1.690233e+000  1.690233e+000  1.690233e+000  1.690233e+000  1.690233e+000  1.690233e+000  1.690233e+000  -0.000000e+000  
1.669294e+000  1.669294e+000  1.669294e+000  1.669294e+000  1.669294e+000  1.669294e+000  1.669294e+000  1.669294e+000  1.669294e+000  1.669294e+000  1.669294e+000  1.669294e+000  1.669294e+000  1.669294e+000  1.669294e+000  -0.000000e+000  
1.621339e+000  1.621339e+000  1.621339e+000  1.621339e+000  1.621339e+000  1.621339e+000  1.621339e+000  1.621339e+000  1.621339e+000  1.621339e+000  1.621339e+000  1.621339e+000  1.621339e+000  1.621339e+000  1.621339e+000  -0.000000e+000  
1.552298e+000  1.552298e+000  1.552298e+000  1.552298e+000  1.552298e+000  1.552298e+000  1.552298e+000  1.552298e+000  1.552298e+000  1.552298e+000  1.552298e+000  1.552298e+000  1.552298e+000  1.552298e+000  1.552298e+000  -0.000000e+000  
1.340778e+000  1.340778e+000  1.340778e+000  1.340778e+000  1.340778e+000  1.340778e+000  1.340778e+000  1.340778e+000  1.340778e+000  1.340778e+000  1.340778e+000  1.340778e+000  1.340778e+000  1.340778e+000  1.340778e+000  -0.000000e+000  
7.201480e-001  7.201480e-001  7.201480e-001  7.201480e-001  7.201480e-001  7.201480e-001  7.201480e-001  7.201480e-001  7.201480e-001  7.201480e-001  7.201480e-001  7.201480e-001  7.201480e-001  7.201480e-001  7.201480e-001  -0.000000e+000  
-1.160282e-001  -1.160282e-001  -1.160282e-001  -1.160282e-001  -1.160282e-001  -1.160282e-001  -1.160282e-001  -1.160282e-001  -1.160282e-001  -1.160282e-001  -1.160282e-001  -1.160282e-001  -1.160282e-001  -1.160282e-001  -1.160282e-001  -0.000000e+000  
-9.243688e-001  -9.243688e-001  -9.243688e-001  -9.243688e-001  -9.243688e-001  -9.243688e-001  -9.243688e-001  -9.243688e-001  -9.243688e-001  -9.243688e-001  -9.243688e-001  -9.243688e-001  -9.243688e-001  -9.243688e-001  -9.243688e-001  -0.000000e+000  
-1.473124e+000  -1.473124e+000  -1.473124e+000  -1.473124e+000  -1.473124e+000  -1.473124e+000  -1.473124e+000  -1.473124e+000  -1.473124e+000  -1.473124e+000  -1.473124e+000  -1.473124e+000  -1.473124e+000  -1.473124e+000  -1.473124e+000  -0.000000e+000  
-1.626976e+000  -1.626976e+000  -1.626976e+000  -1.626976e+000  -1.626976e+000  -1.626976e+000  -1.626976e+000  -1.626976e+000  -1.626976e+000  -1.626976e+000  -1.626975e+000  -1.626975e+000  -1.626975e+000  -1.626975e+000  -1.626975e+000  -0.000000e+000  
-1.670718e+000  -1.670718e+000  -1.670718e+000  -1.670718e+000  -1.670718e+000  -1.670718e+000  -1.670718e+000  -1.670718e+000  -1.670718e+000  -1.670718e+000  -1.670718e+000  -1.670718e+000  -1.670718e+000  -1.670718e+000  -1.670718e+000  -0.000000e+000  
-1.692733e+000  -1.692733e+000  -1.692733e+000  -1.692733e+000  -1.692733e+000  -1.692733e+000  -1.692733e+000  -1.692733e+000  -1.692733e+000  -1.692733e+000  -1.692733e+000  -1.692733e+000  -1.692733e+000  -1.692733e+000  -1.692733e+000  -0.000000e+000  
-0.000000e+000  -0.000000e+000  -0.000000e+000  -0.000000e+000  -0.000000e+000  -0.000000e+000  -0.000000e+000  -0.000000e+000  -0.000000e+000  -0.000000e+000  -0.000000e+000  -0.000000e+000  -0.000000e+000  -0.000000e+000  -0.000000e+000  -0.000000e+000  

