Port monitor named: Port1_h2[2.2].prt

nx        = 71
ny        = 23
nz        = 31

nu        = 5
nv        = 5
iu        = 14
iv        = 11

idir      = 1
dcut      = 2.500000e-002
icut      = 23
type      = 1
frequency = 2.200000e+009

fcutoff   = 2.271877e+010
alpha     = 6.653897e+002
beta      = 0.000000e+000
accuracy  = 3.713508e-015

type          = TE
wave imp.     = 2.574428e+001
wave imp.sig. = 3.014578e-014
line imp.     = 0.000000e+000

ref. port     = 0

0.000000e+000  0.000000e+000  0.000000e+000  0.000000e+000  0.000000e+000  
0.000000e+000  0.000000e+000  0.000000e+000  0.000000e+000  0.000000e+000  
0.000000e+000  0.000000e+000  0.000000e+000  0.000000e+000  0.000000e+000  
0.000000e+000  0.000000e+000  0.000000e+000  0.000000e+000  0.000000e+000  
0.000000e+000  0.000000e+000  0.000000e+000  0.000000e+000  0.000000e+000  

0.000000e+000  0.000000e+000  0.000000e+000  0.000000e+000  0.000000e+000  
0.000000e+000  0.000000e+000  0.000000e+000  0.000000e+000  0.000000e+000  
0.000000e+000  0.000000e+000  0.000000e+000  0.000000e+000  0.000000e+000  
0.000000e+000  0.000000e+000  0.000000e+000  0.000000e+000  0.000000e+000  
0.000000e+000  0.000000e+000  0.000000e+000  0.000000e+000  0.000000e+000  

0.000000e+000  0.000000e+000  0.000000e+000  0.000000e+000  0.000000e+000  
0.000000e+000  0.000000e+000  0.000000e+000  0.000000e+000  0.000000e+000  
0.000000e+000  0.000000e+000  0.000000e+000  0.000000e+000  0.000000e+000  
0.000000e+000  0.000000e+000  0.000000e+000  0.000000e+000  0.000000e+000  
0.000000e+000  0.000000e+000  0.000000e+000  0.000000e+000  0.000000e+000  

0.000000e+000  3.582746e-001  1.014008e+001  1.147757e+001  0.000000e+000  
0.000000e+000  -9.235076e+000  1.378775e+001  1.886846e+001  0.000000e+000  
0.000000e+000  1.886846e+001  1.378775e+001  -9.235076e+000  0.000000e+000  
0.000000e+000  1.147757e+001  1.014008e+001  3.582746e-001  0.000000e+000  
0.000000e+000  0.000000e+000  0.000000e+000  0.000000e+000  0.000000e+000  

0.000000e+000  0.000000e+000  0.000000e+000  0.000000e+000  0.000000e+000  
4.487778e+001  3.529036e+001  3.893767e+001  4.632086e+001  0.000000e+000  
7.813228e+001  1.062386e+002  1.062386e+002  7.813228e+001  0.000000e+000  
4.632086e+001  3.893767e+001  3.529036e+001  4.487778e+001  0.000000e+000  
0.000000e+000  0.000000e+000  0.000000e+000  0.000000e+000  0.000000e+000  

6.608438e+001  6.584496e+001  5.883711e+001  5.090181e+001  0.000000e+000  
3.508945e+001  4.146677e+001  3.193998e+001  1.890810e+001  0.000000e+000  
-1.890810e+001  -3.193998e+001  -4.146677e+001  -3.508945e+001  0.000000e+000  
-5.090181e+001  -5.883711e+001  -6.584496e+001  -6.608438e+001  0.000000e+000  
0.000000e+000  0.000000e+000  0.000000e+000  0.000000e+000  0.000000e+000  

