Unknown:
C:\sek529\OneDrive\PhD\CAD\DRO\1-5gdro\Result\3d.slm
C:\sek529\OneDrive\PhD\CAD\DRO\1-5gdro\Result\e-field_m3d.coe
C:\sek529\OneDrive\PhD\CAD\DRO\1-5gdro\Result\h-field_m3d.coe
C:\sek529\OneDrive\PhD\CAD\DRO\1-5gdro\Result\MCalc.log
C:\sek529\OneDrive\PhD\CAD\DRO\1-5gdro\Result\mesh.tfo
C:\sek529\OneDrive\PhD\CAD\DRO\1-5gdro\Result\Model.axg
C:\sek529\OneDrive\PhD\CAD\DRO\1-5gdro\Result\Model.inf
C:\sek529\OneDrive\PhD\CAD\DRO\1-5gdro\Result\Model.log
C:\sek529\OneDrive\PhD\CAD\DRO\1-5gdro\Result\Model.qfr
C:\sek529\OneDrive\PhD\CAD\DRO\1-5gdro\Result\Model.sa
C:\sek529\OneDrive\PhD\CAD\DRO\1-5gdro\Result\mode_e_1_m3d.rex
C:\sek529\OneDrive\PhD\CAD\DRO\1-5gdro\Result\mode_e_1_m3d.tfo
C:\sek529\OneDrive\PhD\CAD\DRO\1-5gdro\Result\mode_h_1_m3d.rex
C:\sek529\OneDrive\PhD\CAD\DRO\1-5gdro\Result\mode_h_1_m3d.tfo
C:\sek529\OneDrive\PhD\CAD\DRO\1-5gdro\Result\mode_h_2_m3d.rex
C:\sek529\OneDrive\PhD\CAD\DRO\1-5gdro\Result\mode_h_2_m3d.tfo
C:\sek529\OneDrive\PhD\CAD\DRO\1-5gdro\Result\PECNodes.ffn
C:\sek529\OneDrive\PhD\CAD\DRO\1-5gdro\Result\Postprocessing.log
Mesh:
C:\sek529\OneDrive\PhD\CAD\DRO\1-5gdro\Result\AreaFeature_1114113.mat
C:\sek529\OneDrive\PhD\CAD\DRO\1-5gdro\Result\AreaFeature_1114114.mat
C:\sek529\OneDrive\PhD\CAD\DRO\1-5gdro\Result\AreaFeature_1114115.mat
C:\sek529\OneDrive\PhD\CAD\DRO\1-5gdro\Result\AreaFeature_1114116.mat
C:\sek529\OneDrive\PhD\CAD\DRO\1-5gdro\Result\AreaFeature_1114117.mat
C:\sek529\OneDrive\PhD\CAD\DRO\1-5gdro\Result\AreaFeature_655361.mat
C:\sek529\OneDrive\PhD\CAD\DRO\1-5gdro\Result\AreaFeature_655362.mat
C:\sek529\OneDrive\PhD\CAD\DRO\1-5gdro\Result\dA.mat
C:\sek529\OneDrive\PhD\CAD\DRO\1-5gdro\Result\dad.mat
C:\sek529\OneDrive\PhD\CAD\DRO\1-5gdro\Result\ds.mat
C:\sek529\OneDrive\PhD\CAD\DRO\1-5gdro\Result\dsd.mat
C:\sek529\OneDrive\PhD\CAD\DRO\1-5gdro\Result\dsMCalc.mat
C:\sek529\OneDrive\PhD\CAD\DRO\1-5gdro\Result\Eps.mat
C:\sek529\OneDrive\PhD\CAD\DRO\1-5gdro\Result\EpsFD.mat
C:\sek529\OneDrive\PhD\CAD\DRO\1-5gdro\Result\HexMatrix_MCalc.m2h
C:\sek529\OneDrive\PhD\CAD\DRO\1-5gdro\Result\Kappa.mat
C:\sek529\OneDrive\PhD\CAD\DRO\1-5gdro\Result\MCalc.fmp
C:\sek529\OneDrive\PhD\CAD\DRO\1-5gdro\Result\mesher_shapes.fsi
C:\sek529\OneDrive\PhD\CAD\DRO\1-5gdro\Result\Model.cd2
C:\sek529\OneDrive\PhD\CAD\DRO\1-5gdro\Result\Model.fff
C:\sek529\OneDrive\PhD\CAD\DRO\1-5gdro\Result\Model.fmf
C:\sek529\OneDrive\PhD\CAD\DRO\1-5gdro\Result\Model.fmm
C:\sek529\OneDrive\PhD\CAD\DRO\1-5gdro\Result\Model.fpc
C:\sek529\OneDrive\PhD\CAD\DRO\1-5gdro\Result\Model.fwf
C:\sek529\OneDrive\PhD\CAD\DRO\1-5gdro\Result\Model.mss
C:\sek529\OneDrive\PhD\CAD\DRO\1-5gdro\Result\Model.ntr
C:\sek529\OneDrive\PhD\CAD\DRO\1-5gdro\Result\Model.sic
C:\sek529\OneDrive\PhD\CAD\DRO\1-5gdro\Result\Model.spi
C:\sek529\OneDrive\PhD\CAD\DRO\1-5gdro\Result\Model^PEC.fpf
C:\sek529\OneDrive\PhD\CAD\DRO\1-5gdro\Result\Mue.mat
C:\sek529\OneDrive\PhD\CAD\DRO\1-5gdro\Result\m^fbqq.mem
C:\sek529\OneDrive\PhD\CAD\DRO\1-5gdro\Result\m^fifx.mem
C:\sek529\OneDrive\PhD\CAD\DRO\1-5gdro\Result\m^fqq.mem
C:\sek529\OneDrive\PhD\CAD\DRO\1-5gdro\Result\PEC.mat
C:\sek529\OneDrive\PhD\CAD\DRO\1-5gdro\Result\p^a.mem
C:\sek529\OneDrive\PhD\CAD\DRO\1-5gdro\Result\p^m.mem
C:\sek529\OneDrive\PhD\CAD\DRO\1-5gdro\Result\S2HMatrix.m2h
