======================================================
 - pinning rule in use   : PINNING_RULE_MCALC_SKIP_ALL
 - desired group         : 0, sockets = 0
 - num cores available   : 8
 - num accessible procs  : 8
 - num logical procs     : 8
 - affinity (main thread): 1111 1111 
 - sockets               : 0
 - potential cores       : 0,2,4,6
 - affinity              : 1111
 - active cores          : 0,2,4,6
 - hyperthreading        : on
 - allowed socket ids    : 0
 - allowed core ids      : 0,2,4,6
 - used mask (string)    : 1010 1010 
======================================================

========================================================================
Processing CAD model (for field results)
	[Improved internal geometry representation]
	[Accuracy improvement for long shapes in inhomogeneous mesh regions]
Version 2019.7 (build 20190705)
PBA version 2009023008
2020 Aug 07 (Fri): 17:49:34
========================================================================

===========================================
Finished CAD processing (for field results)
===========================================

========================================================================
Processing CAD model
	[Improved internal geometry representation]
	[Accuracy improvement for long shapes in inhomogeneous mesh regions]
Version 2019.7 (build 20190705)
PBA version 2009023008
2020 Aug 07 (Fri): 17:49:34
========================================================================

----------------------------------------------
Used point accuracy enhancement value: 75.00%.
----------------------------------------------

=============================================================================
Mesh statistics:
-----------------------------------------------------------------------------
Minimum edge length (x): 1.18 @ mesh line 83 (x)
Maximum edge length (x): 2.38 @ mesh line 14 (x)
Minimum face area (x): 1.38 @ mesh lines 49 | 66 (y | z)
Maximum face area (x): 6.04 @ mesh lines 21 | 0 (y | z)
Minimum edge length (y): 1.18 @ mesh line 49 (y)
Maximum edge length (y): 2.41 @ mesh line 21 (y)
Minimum face area (y): 1.38 @ mesh lines 66 | 83 (z | x)
Maximum face area (y): 5.97 @ mesh lines 0 | 14 (z | x)
Minimum edge length (z): 1.17 @ mesh line 66 (z)
Maximum edge length (z): 2.51 @ mesh line 0 (z)
Minimum face area (z): 1.39 @ mesh lines 83 | 49 (x | y)
Maximum face area (z): 5.73 @ mesh lines 14 | 21 (x | y)
Maximum mesh face aspect ratio (x): 2.13 : 1.0  @ mesh lines 49 | 0 (y | z)
Maximum mesh face aspect ratio (y): 2.13 : 1.0  @ mesh lines 0 | 83 (z | x)
Maximum mesh face aspect ratio (z): 2.04 : 1.0  @ mesh lines 83 | 21 (x | y)
=============================================================================

============================================================================
Available resources to store TST cells: 2146780339 (305240.43% of mesh size)
============================================================================

==================================================================================================
== CST Matrix Calculation Priority Log                                                          ==
==================================================================================================
 
Priorities are sorted in ascending order beginning with the lowest priority
 
Priority:   1, shape   3: Resonator:InternalSpace, material: Vacuum, float:   0.00e+00, wire: false, sheet: false, human: false, PEC: false, SI: false, face port:   0, feature ID:      -1
Priority:   2, shape   5: Resonator:Screw, material: Copper (pure), float:   0.00e+00, wire: false, sheet: false, human: false, PEC:  true, SI:  true, face port:   0, feature ID:      -1
Priority:   2, shape   4: Resonator:Pipe, material: Copper (pure), float:   0.00e+00, wire: false, sheet: false, human: false, PEC:  true, SI:  true, face port:   0, feature ID:      -1
Priority:   2, shape   2: Resonator:Endcap_top, material: Copper (pure), float:   0.00e+00, wire: false, sheet: false, human: false, PEC:  true, SI:  true, face port:   0, feature ID:      -1
Priority:   2, shape   1: Resonator:Endcap_bottom, material: Copper (pure), float:   0.00e+00, wire: false, sheet: false, human: false, PEC:  true, SI:  true, face port:   0, feature ID:      -1
 
==================================================================================================
 
====================================================
PBA version: legacy
Geo accuracy: 75.000000
PEC background is represented by CAD geometry: false
Watertightness check: true
Self intersection check: false
Inheritance (all): true
Normal dominance (all): false
Normal dominance (ports): false
Flanges hollow: true
One shape per flange: false
====================================================
=======================
Finished CAD processing
=======================

------------------------------------------------------------
Parallelization Info
------------------------------------------------------------
Number of concurrent threads: 4
Number of node domains: 8
Number of mesh fill domains: 36
Memory downscale: 1
CPU load: 100.00%
Emptiness: 0.00%
Hex mesh complexity: 0.68
Geometric complexity: 0.00
------------------------------------------------------------
Node order
7, 5, 4, 6, 1, 3, 0, 2
------------------------------------------------------------

------------------------------------
Mesh: # of points excl. TSTs: 703308
      # of points incl. TSTs: 703308
------------------------------------

1xN000:  <<<<<<<<<<<<<<<<<<<<<<<<
         2020 Aug         <<<<<<<<<<<<<<<<<<<<<<<<

1xN000:  ======================================================
          - pinning rule in use   : PINNING_RULE_MCALC_SKIP_ALL
          - desired group         : 0, sockets = 0
          - num cores available   : 8
          - num accessible procs  : 8
          - num logical procs     : 8
          - affinity (main thread): 1111 1111
          - sockets               : 0
          - potential cores       : 0,2,4,6
          - affinity              : 1111
          - active cores          : 0,2,4,6
          - hyperthreading        : on
          - allowed socket ids    : 0
          - allowed core ids      : 0,2,4,6
          - used mask (string)    : 1010 1010

         ======================================================

1xN000:  ===============================
         Matrix computation (PBA)
         	[PBA version: legacy]
         Version 2019.7 (build 20190705)
         PBA version 2009023008
         2020 Aug 07 (Fri): 17:50:34
         ===============================

1xN000:  Shapes are ordered to support shape wise matrix storage
1xN000:  ssssssssssssssssssssssssssssssssssssssssss
         # of curls with SI accuracy enhancement: 0
         ssssssssssssssssssssssssssssssssssssssssss

1xN000:  ------------------------------------------------------------------------------
         PBA fill limit is applied in inverse mode.
         PBA fill limit is applied on faces filled with at least 88.73% metal material.
         --------------------------------------------------------------
         detailed accuracy settings:
         --------------------------------------------------------------
         augmented fill limit:       true
         augmented fill limit value: 88.73
         automatic fill limit:       true
         early fill limit:           true
         inverse fill limit:         true
         model complexity:           0.00
         legacy 2015:                false
         fixed point accuracy:       false
         minimum point accuracy:     0
         mesh step inheritance:      false
         accuracy mode:
         ------------------------------------------------------------------------------

1xN000:  =================================
         Finished matrix computation (PBA)
         =================================

1xN000:  >>>>>>>>>>>>>>>>>>>>>>>>
         2020 Aug         >>>>>>>>>>>>>>>>>>>>>>>>



1xN001:  <<<<<<<<<<<<<<<<<<<<<<<<
         2020 Aug         <<<<<<<<<<<<<<<<<<<<<<<<

1xN001:  ======================================================
          - pinning rule in use   : PINNING_RULE_MCALC_SKIP_ALL
          - desired group         : 0, sockets = 0
          - num cores available   : 8
          - num accessible procs  : 8
          - num logical procs     : 8
          - affinity (main thread): 1111 1111
          - sockets               : 0
          - potential cores       : 0,2,4,6
          - affinity              : 1111
          - active cores          : 0,2,4,6
          - hyperthreading        : on
          - allowed socket ids    : 0
          - allowed core ids      : 0,2,4,6
          - used mask (string)    : 1010 1010

         ======================================================

1xN001:  ===============================
         Matrix computation (PBA)
         	[PBA version: legacy]
         Version 2019.7 (build 20190705)
         PBA version 2009023008
         2020 Aug 07 (Fri): 17:50:07
         ===============================

1xN001:  Shapes are ordered to support shape wise matrix storage
1xN001:  ssssssssssssssssssssssssssssssssssssssssss
         # of curls with SI accuracy enhancement: 0
         ssssssssssssssssssssssssssssssssssssssssss

1xN001:  ------------------------------------------------------------------------------
         PBA fill limit is applied in inverse mode.
         PBA fill limit is applied on faces filled with at least 88.73% metal material.
         --------------------------------------------------------------
         detailed accuracy settings:
         --------------------------------------------------------------
         augmented fill limit:       true
         augmented fill limit value: 88.73
         automatic fill limit:       true
         early fill limit:           true
         inverse fill limit:         true
         model complexity:           0.00
         legacy 2015:                false
         fixed point accuracy:       false
         minimum point accuracy:     0
         mesh step inheritance:      false
         accuracy mode:
         ------------------------------------------------------------------------------

1xN001:  =================================
         Finished matrix computation (PBA)
         =================================

1xN001:  >>>>>>>>>>>>>>>>>>>>>>>>
         2020 Aug         >>>>>>>>>>>>>>>>>>>>>>>>



1xN002:  <<<<<<<<<<<<<<<<<<<<<<<<
         2020 Aug         <<<<<<<<<<<<<<<<<<<<<<<<

1xN002:  ======================================================
          - pinning rule in use   : PINNING_RULE_MCALC_SKIP_ALL
          - desired group         : 0, sockets = 0
          - num cores available   : 8
          - num accessible procs  : 8
          - num logical procs     : 8
          - affinity (main thread): 1111 1111
          - sockets               : 0
          - potential cores       : 0,2,4,6
          - affinity              : 1111
          - active cores          : 0,2,4,6
          - hyperthreading        : on
          - allowed socket ids    : 0
          - allowed core ids      : 0,2,4,6
          - used mask (string)    : 1010 1010

         ======================================================

1xN002:  ===============================
         Matrix computation (PBA)
         	[PBA version: legacy]
         Version 2019.7 (build 20190705)
         PBA version 2009023008
         2020 Aug 07 (Fri): 17:50:36
         ===============================

1xN002:  Shapes are ordered to support shape wise matrix storage
1xN002:  ssssssssssssssssssssssssssssssssssssssssss
         # of curls with SI accuracy enhancement: 0
         ssssssssssssssssssssssssssssssssssssssssss

1xN002:  ------------------------------------------------------------------------------
         PBA fill limit is applied in inverse mode.
         PBA fill limit is applied on faces filled with at least 88.73% metal material.
         --------------------------------------------------------------
         detailed accuracy settings:
         --------------------------------------------------------------
         augmented fill limit:       true
         augmented fill limit value: 88.73
         automatic fill limit:       true
         early fill limit:           true
         inverse fill limit:         true
         model complexity:           0.00
         legacy 2015:                false
         fixed point accuracy:       false
         minimum point accuracy:     0
         mesh step inheritance:      false
         accuracy mode:
         ------------------------------------------------------------------------------

1xN002:  =================================
         Finished matrix computation (PBA)
         =================================

1xN002:  >>>>>>>>>>>>>>>>>>>>>>>>
         2020 Aug         >>>>>>>>>>>>>>>>>>>>>>>>



1xN003:  <<<<<<<<<<<<<<<<<<<<<<<<
         2020 Aug         <<<<<<<<<<<<<<<<<<<<<<<<

1xN003:  ======================================================
          - pinning rule in use   : PINNING_RULE_MCALC_SKIP_ALL
          - desired group         : 0, sockets = 0
          - num cores available   : 8
          - num accessible procs  : 8
          - num logical procs     : 8
          - affinity (main thread): 1111 1111
          - sockets               : 0
          - potential cores       : 0,2,4,6
          - affinity              : 1111
          - active cores          : 0,2,4,6
          - hyperthreading        : on
          - allowed socket ids    : 0
          - allowed core ids      : 0,2,4,6
          - used mask (string)    : 1010 1010

         ======================================================

1xN003:  ===============================
         Matrix computation (PBA)
         	[PBA version: legacy]
         Version 2019.7 (build 20190705)
         PBA version 2009023008
         2020 Aug 07 (Fri): 17:50:10
         ===============================

1xN003:  Shapes are ordered to support shape wise matrix storage
1xN003:  ssssssssssssssssssssssssssssssssssssssssss
         # of curls with SI accuracy enhancement: 0
         ssssssssssssssssssssssssssssssssssssssssss

1xN003:  ------------------------------------------------------------------------------
         PBA fill limit is applied in inverse mode.
         PBA fill limit is applied on faces filled with at least 88.73% metal material.
         --------------------------------------------------------------
         detailed accuracy settings:
         --------------------------------------------------------------
         augmented fill limit:       true
         augmented fill limit value: 88.73
         automatic fill limit:       true
         early fill limit:           true
         inverse fill limit:         true
         model complexity:           0.00
         legacy 2015:                false
         fixed point accuracy:       false
         minimum point accuracy:     0
         mesh step inheritance:      false
         accuracy mode:
         ------------------------------------------------------------------------------

1xN003:  =================================
         Finished matrix computation (PBA)
         =================================

1xN003:  >>>>>>>>>>>>>>>>>>>>>>>>
         2020 Aug         >>>>>>>>>>>>>>>>>>>>>>>>



1xN004:  <<<<<<<<<<<<<<<<<<<<<<<<
         2020 Aug         <<<<<<<<<<<<<<<<<<<<<<<<

1xN004:  ======================================================
          - pinning rule in use   : PINNING_RULE_MCALC_SKIP_ALL
          - desired group         : 0, sockets = 0
          - num cores available   : 8
          - num accessible procs  : 8
          - num logical procs     : 8
          - affinity (main thread): 1111 1111
          - sockets               : 0
          - potential cores       : 0,2,4,6
          - affinity              : 1111
          - active cores          : 0,2,4,6
          - hyperthreading        : on
          - allowed socket ids    : 0
          - allowed core ids      : 0,2,4,6
          - used mask (string)    : 1010 1010

         ======================================================

1xN004:  ===============================
         Matrix computation (PBA)
         	[PBA version: legacy]
         Version 2019.7 (build 20190705)
         PBA version 2009023008
         2020 Aug 07 (Fri): 17:49:36
         ===============================

1xN004:  Shapes are ordered to support shape wise matrix storage
1xN004:  ssssssssssssssssssssssssssssssssssssssssss
         # of curls with SI accuracy enhancement: 0
         ssssssssssssssssssssssssssssssssssssssssss

1xN004:  ------------------------------------------------------------------------------
         PBA fill limit is applied in inverse mode.
         PBA fill limit is applied on faces filled with at least 88.73% metal material.
         --------------------------------------------------------------
         detailed accuracy settings:
         --------------------------------------------------------------
         augmented fill limit:       true
         augmented fill limit value: 88.73
         automatic fill limit:       true
         early fill limit:           true
         inverse fill limit:         true
         model complexity:           0.00
         legacy 2015:                false
         fixed point accuracy:       false
         minimum point accuracy:     0
         mesh step inheritance:      false
         accuracy mode:
         ------------------------------------------------------------------------------

1xN004:  =================================
         Finished matrix computation (PBA)
         =================================

1xN004:  >>>>>>>>>>>>>>>>>>>>>>>>
         2020 Aug         >>>>>>>>>>>>>>>>>>>>>>>>



1xN005:  <<<<<<<<<<<<<<<<<<<<<<<<
         2020 Aug         <<<<<<<<<<<<<<<<<<<<<<<<

1xN005:  ======================================================
          - pinning rule in use   : PINNING_RULE_MCALC_SKIP_ALL
          - desired group         : 0, sockets = 0
          - num cores available   : 8
          - num accessible procs  : 8
          - num logical procs     : 8
          - affinity (main thread): 1111 1111
          - sockets               : 0
          - potential cores       : 0,2,4,6
          - affinity              : 1111
          - active cores          : 0,2,4,6
          - hyperthreading        : on
          - allowed socket ids    : 0
          - allowed core ids      : 0,2,4,6
          - used mask (string)    : 1010 1010

         ======================================================

1xN005:  ===============================
         Matrix computation (PBA)
         	[PBA version: legacy]
         Version 2019.7 (build 20190705)
         PBA version 2009023008
         2020 Aug 07 (Fri): 17:49:36
         ===============================

1xN005:  Shapes are ordered to support shape wise matrix storage
1xN005:  ssssssssssssssssssssssssssssssssssssssssss
         # of curls with SI accuracy enhancement: 0
         ssssssssssssssssssssssssssssssssssssssssss

1xN005:  ------------------------------------------------------------------------------
         PBA fill limit is applied in inverse mode.
         PBA fill limit is applied on faces filled with at least 88.73% metal material.
         --------------------------------------------------------------
         detailed accuracy settings:
         --------------------------------------------------------------
         augmented fill limit:       true
         augmented fill limit value: 88.73
         automatic fill limit:       true
         early fill limit:           true
         inverse fill limit:         true
         model complexity:           0.00
         legacy 2015:                false
         fixed point accuracy:       false
         minimum point accuracy:     0
         mesh step inheritance:      false
         accuracy mode:
         ------------------------------------------------------------------------------

1xN005:  =================================
         Finished matrix computation (PBA)
         =================================

1xN005:  >>>>>>>>>>>>>>>>>>>>>>>>
         2020 Aug         >>>>>>>>>>>>>>>>>>>>>>>>



1xN006:  <<<<<<<<<<<<<<<<<<<<<<<<
         2020 Aug         <<<<<<<<<<<<<<<<<<<<<<<<

1xN006:  ======================================================
          - pinning rule in use   : PINNING_RULE_MCALC_SKIP_ALL
          - desired group         : 0, sockets = 0
          - num cores available   : 8
          - num accessible procs  : 8
          - num logical procs     : 8
          - affinity (main thread): 1111 1111
          - sockets               : 0
          - potential cores       : 0,2,4,6
          - affinity              : 1111
          - active cores          : 0,2,4,6
          - hyperthreading        : on
          - allowed socket ids    : 0
          - allowed core ids      : 0,2,4,6
          - used mask (string)    : 1010 1010

         ======================================================

1xN006:  ===============================
         Matrix computation (PBA)
         	[PBA version: legacy]
         Version 2019.7 (build 20190705)
         PBA version 2009023008
         2020 Aug 07 (Fri): 17:49:36
         ===============================

1xN006:  Shapes are ordered to support shape wise matrix storage
1xN006:  ssssssssssssssssssssssssssssssssssssssssss
         # of curls with SI accuracy enhancement: 0
         ssssssssssssssssssssssssssssssssssssssssss

1xN006:  ------------------------------------------------------------------------------
         PBA fill limit is applied in inverse mode.
         PBA fill limit is applied on faces filled with at least 88.73% metal material.
         --------------------------------------------------------------
         detailed accuracy settings:
         --------------------------------------------------------------
         augmented fill limit:       true
         augmented fill limit value: 88.73
         automatic fill limit:       true
         early fill limit:           true
         inverse fill limit:         true
         model complexity:           0.00
         legacy 2015:                false
         fixed point accuracy:       false
         minimum point accuracy:     0
         mesh step inheritance:      false
         accuracy mode:
         ------------------------------------------------------------------------------

1xN006:  =================================
         Finished matrix computation (PBA)
         =================================

1xN006:  >>>>>>>>>>>>>>>>>>>>>>>>
         2020 Aug         >>>>>>>>>>>>>>>>>>>>>>>>



1xN007:  <<<<<<<<<<<<<<<<<<<<<<<<
         2020 Aug         <<<<<<<<<<<<<<<<<<<<<<<<

1xN007:  ======================================================
          - pinning rule in use   : PINNING_RULE_MCALC_SKIP_ALL
          - desired group         : 0, sockets = 0
          - num cores available   : 8
          - num accessible procs  : 8
          - num logical procs     : 8
          - affinity (main thread): 1111 1111
          - sockets               : 0
          - potential cores       : 0,2,4,6
          - affinity              : 1111
          - active cores          : 0,2,4,6
          - hyperthreading        : on
          - allowed socket ids    : 0
          - allowed core ids      : 0,2,4,6
          - used mask (string)    : 1010 1010

         ======================================================

1xN007:  ===============================
         Matrix computation (PBA)
         	[PBA version: legacy]
         Version 2019.7 (build 20190705)
         PBA version 2009023008
         2020 Aug 07 (Fri): 17:49:36
         ===============================

1xN007:  Shapes are ordered to support shape wise matrix storage
1xN007:  ssssssssssssssssssssssssssssssssssssssssss
         # of curls with SI accuracy enhancement: 0
         ssssssssssssssssssssssssssssssssssssssssss

1xN007:  ------------------------------------------------------------------------------
         PBA fill limit is applied in inverse mode.
         PBA fill limit is applied on faces filled with at least 88.73% metal material.
         --------------------------------------------------------------
         detailed accuracy settings:
         --------------------------------------------------------------
         augmented fill limit:       true
         augmented fill limit value: 88.73
         automatic fill limit:       true
         early fill limit:           true
         inverse fill limit:         true
         model complexity:           0.00
         legacy 2015:                false
         fixed point accuracy:       false
         minimum point accuracy:     0
         mesh step inheritance:      false
         accuracy mode:
         ------------------------------------------------------------------------------

1xN007:  =================================
         Finished matrix computation (PBA)
         =================================

1xN007:  >>>>>>>>>>>>>>>>>>>>>>>>
         2020 Aug         >>>>>>>>>>>>>>>>>>>>>>>>



