Port monitor named: Port1_h1[2.5].prt

nx        = 75
ny        = 33
nz        = 35

nu        = 5
nv        = 5
iu        = 16
iv        = 12

idir      = 1
dcut      = 2.525000e-002
icut      = 28
type      = 1
frequency = 2.500000e+009

fcutoff   = 0.000000e+000
alpha     = 0.000000e+000
beta      = 7.339634e+001
accuracy  = 3.537555e-015

type          = TEM
wave imp.     = 2.655704e+002
wave imp.sig. = 7.622295e-006
line imp.     = 5.425747e+001

ref. port     = 0

0.000000e+000  7.883704e+000  1.576978e+001  7.883705e+000  0.000000e+000  
0.000000e+000  7.885007e+000  3.154079e+001  7.885008e+000  0.000000e+000  
0.000000e+000  -7.885007e+000  -3.154079e+001  -7.885008e+000  0.000000e+000  
0.000000e+000  -7.883704e+000  -1.576978e+001  -7.883705e+000  0.000000e+000  
0.000000e+000  0.000000e+000  0.000000e+000  0.000000e+000  0.000000e+000  

0.000000e+000  0.000000e+000  0.000000e+000  0.000000e+000  0.000000e+000  
-7.883698e+000  -7.885007e+000  7.885007e+000  7.883699e+000  0.000000e+000  
-1.576977e+001  -3.154078e+001  3.154078e+001  1.576977e+001  0.000000e+000  
-7.883698e+000  -7.885007e+000  7.885007e+000  7.883699e+000  0.000000e+000  
0.000000e+000  0.000000e+000  0.000000e+000  0.000000e+000  0.000000e+000  

0.000000e+000  0.000000e+000  0.000000e+000  0.000000e+000  0.000000e+000  
0.000000e+000  0.000000e+000  0.000000e+000  0.000000e+000  0.000000e+000  
0.000000e+000  0.000000e+000  0.000000e+000  0.000000e+000  0.000000e+000  
0.000000e+000  0.000000e+000  0.000000e+000  0.000000e+000  0.000000e+000  
0.000000e+000  0.000000e+000  0.000000e+000  0.000000e+000  0.000000e+000  

0.000000e+000  0.000000e+000  0.000000e+000  0.000000e+000  0.000000e+000  
0.000000e+000  0.000000e+000  0.000000e+000  0.000000e+000  0.000000e+000  
0.000000e+000  0.000000e+000  0.000000e+000  0.000000e+000  0.000000e+000  
0.000000e+000  0.000000e+000  0.000000e+000  0.000000e+000  0.000000e+000  
0.000000e+000  0.000000e+000  0.000000e+000  0.000000e+000  0.000000e+000  

0.000000e+000  0.000000e+000  0.000000e+000  0.000000e+000  0.000000e+000  
0.000000e+000  0.000000e+000  0.000000e+000  0.000000e+000  0.000000e+000  
0.000000e+000  0.000000e+000  0.000000e+000  0.000000e+000  0.000000e+000  
0.000000e+000  0.000000e+000  0.000000e+000  0.000000e+000  0.000000e+000  
0.000000e+000  0.000000e+000  0.000000e+000  0.000000e+000  0.000000e+000  

7.734332e-005  1.413477e-002  -1.413482e-002  -7.738378e-005  0.000000e+000  
-1.413482e-002  -5.133012e-008  -1.601220e-008  1.413479e-002  0.000000e+000  
1.413482e-002  5.117093e-008  1.585209e-008  -1.413479e-002  0.000000e+000  
-7.734348e-005  -1.413477e-002  1.413482e-002  7.738362e-005  0.000000e+000  
0.000000e+000  0.000000e+000  0.000000e+000  0.000000e+000  0.000000e+000  

