07/Aug/2020 17:49:32  *** Warning ***
                      
                      This software is licensed for educational purposes only.
                      
                      ------------------------------------------------------------------------------
07/Aug/2020 17:49:33  Solver started at: 05:49 PM Friday, 07. August 2020 (GMT Summer Time)
                      
                        Module:  Eigenmodes (Win 64)
                        Version: 2019.7 Release from 2019-07-05 (change 706060)
                      
                      ------------------------------------------------------------------------------
07/Aug/2020 17:49:33  Units settings: 
                      
                        Dimensions: mm
                        Frequency:  GHz
                        Time:       ns
                      
                      ------------------------------------------------------------------------------
07/Aug/2020 17:50:55  Mesh statistics:
                      
                         Hexahedral mesh type: PBA [Version: legacy]
                      
                         Parallelization type: domain decomposition
                            Number of parallel working threads: 4
                            Number of calculation domains used: 8
                      
                         PBA fill limit: 88.73% (inverse)

07/Aug/2020 17:50:55  Boundary conditions: 
                      
                        YZsymmetry: none
                        XZsymmetry: none
                        XYsymmetry: none
                      
                        Xmin: electric
                        Xmax: electric
                      
                        Ymin: electric
                        Ymax: electric
                      
                        Zmin: electric
                        Zmax: electric
                      
                      ------------------------------------------------------------------------------
07/Aug/2020 17:50:55  Eigenmode solver settings:
                      
                        Mesh: Hexahedral
                        Method: AKS
                        Max. number of iterations: 2
                        Max. estimation iterations: 5
                        Desired accuracy: 1.000000e-12
                        Number of modes: 10
                        Consider losses: no (perturbation method)
                      
                      ------------------------------------------------------------------------------
07/Aug/2020 17:50:55  Estimation frequency: 2.35604 GHz
                      
                      ------------------------------------------------------------------------------
07/Aug/2020 17:53:44  Results after 1. iteration:
                      
                        Mode	Frequency
07/Aug/2020 17:53:44      1	2.8402e+00 GHz
07/Aug/2020 17:53:44      2	7.7155e+01 GHz
07/Aug/2020 17:53:44      3	7.8602e+01 GHz
07/Aug/2020 17:53:44      4	7.8949e+01 GHz
07/Aug/2020 17:53:44      5	7.9165e+01 GHz
07/Aug/2020 17:53:44      6	7.9292e+01 GHz
07/Aug/2020 17:53:44      7	7.9681e+01 GHz
07/Aug/2020 17:53:44      8	8.0382e+01 GHz
07/Aug/2020 17:53:44      9	8.1572e+01 GHz
07/Aug/2020 17:53:44     10	8.2517e+01 GHz

                      ------------------------------------------------------------------------------
07/Aug/2020 17:53:44  AKS Restart (1 of max. 5)
                      Estimation frequency: 75.3271 GHz
                      
                      
                      ------------------------------------------------------------------------------
07/Aug/2020 17:53:58  Results after 1. iteration:
                      
                        Mode	Frequency
07/Aug/2020 17:53:58      1	4.3369e+00 GHz
07/Aug/2020 17:53:58      2	7.8456e+00 GHz
07/Aug/2020 17:53:58      3	1.1544e+01 GHz
07/Aug/2020 17:53:58      4	1.5230e+01 GHz
07/Aug/2020 17:53:58      5	1.9098e+01 GHz
07/Aug/2020 17:53:58      6	2.3100e+01 GHz
07/Aug/2020 17:53:58      7	2.7336e+01 GHz
07/Aug/2020 17:53:58      8	3.1783e+01 GHz
07/Aug/2020 17:53:58      9	3.6696e+01 GHz
07/Aug/2020 17:53:58     10	4.3040e+01 GHz

                      ------------------------------------------------------------------------------
07/Aug/2020 17:53:58  AKS Restart (2 of max. 5)
                      Estimation frequency: 39.2896 GHz
                      
                      
                      ------------------------------------------------------------------------------
07/Aug/2020 17:54:17  Results after 1. iteration:
                      
                        Mode	Frequency
07/Aug/2020 17:54:17      1	3.0082e+00 GHz
07/Aug/2020 17:54:17      2	4.6951e+00 GHz
07/Aug/2020 17:54:17      3	6.2980e+00 GHz
07/Aug/2020 17:54:17      4	8.1811e+00 GHz
07/Aug/2020 17:54:17      5	1.0040e+01 GHz
07/Aug/2020 17:54:17      6	1.2196e+01 GHz
07/Aug/2020 17:54:17      7	1.4309e+01 GHz
07/Aug/2020 17:54:17      8	1.6523e+01 GHz
07/Aug/2020 17:54:17      9	1.9133e+01 GHz
07/Aug/2020 17:54:17     10	2.2383e+01 GHz

                      ------------------------------------------------------------------------------
07/Aug/2020 17:54:17  AKS Restart (3 of max. 5)
                      Estimation frequency: 20.4326 GHz
                      
                      
                      ------------------------------------------------------------------------------
07/Aug/2020 17:54:48  Results after 1. iteration:
                      
                        Mode	Frequency
07/Aug/2020 17:54:48      1	2.7020e+00 GHz
07/Aug/2020 17:54:48      2	3.1001e+00 GHz
07/Aug/2020 17:54:48      3	4.0784e+00 GHz
07/Aug/2020 17:54:48      4	4.6234e+00 GHz
07/Aug/2020 17:54:48      5	5.7382e+00 GHz
07/Aug/2020 17:54:48      6	6.6703e+00 GHz
07/Aug/2020 17:54:48      7	7.7792e+00 GHz
07/Aug/2020 17:54:48      8	8.8284e+00 GHz
07/Aug/2020 17:54:48      9	1.0160e+01 GHz
07/Aug/2020 17:54:48     10	1.1751e+01 GHz

                      ------------------------------------------------------------------------------
07/Aug/2020 17:54:48  AKS Restart (4 of max. 5)
                      Estimation frequency: 10.7268 GHz
                      
                      
                      ------------------------------------------------------------------------------
07/Aug/2020 17:55:51  Results after 1. iteration:
                      
                        Mode	Frequency
07/Aug/2020 17:55:51      1	2.6936e+00 GHz
07/Aug/2020 17:55:51      2	2.9593e+00 GHz
07/Aug/2020 17:55:51      3	3.0608e+00 GHz
07/Aug/2020 17:55:51      4	3.5363e+00 GHz
07/Aug/2020 17:55:51      5	4.1441e+00 GHz
07/Aug/2020 17:55:51      6	4.3321e+00 GHz
07/Aug/2020 17:55:51      7	4.7702e+00 GHz
07/Aug/2020 17:55:51      8	5.3769e+00 GHz
07/Aug/2020 17:55:51      9	5.8139e+00 GHz
07/Aug/2020 17:55:51     10	6.6317e+00 GHz

                      ------------------------------------------------------------------------------
07/Aug/2020 17:55:51  AKS Restart (5 of max. 5)
                      Estimation frequency: 6.05385 GHz
                      
                      
                      ------------------------------------------------------------------------------
07/Aug/2020 17:57:10  Results after 1. iteration:
                      
                        Mode	Frequency
07/Aug/2020 17:57:10      1	2.6936e+00 GHz
07/Aug/2020 17:57:10      2	2.9566e+00 GHz
07/Aug/2020 17:57:10      3	2.9930e+00 GHz
07/Aug/2020 17:57:10      4	3.0681e+00 GHz
07/Aug/2020 17:57:10      5	3.5294e+00 GHz
07/Aug/2020 17:57:10      6	3.6067e+00 GHz
07/Aug/2020 17:57:10      7	3.6316e+00 GHz
07/Aug/2020 17:57:10      8	4.0624e+00 GHz
07/Aug/2020 17:57:10      9	4.1767e+00 GHz
07/Aug/2020 17:57:10     10	4.6619e+00 GHz

                      ------------------------------------------------------------------------------
07/Aug/2020 17:57:55  Results after 2. iteration:
                      
                        Mode	Frequency
07/Aug/2020 17:57:55      1	1.5800e-06 GHz
07/Aug/2020 17:57:55      2	7.2921e-07 GHz
07/Aug/2020 17:57:55      3	8.0389e-05 GHz
07/Aug/2020 17:57:55      4	4.1726e-03 GHz
07/Aug/2020 17:57:55      5	4.3100e-01 GHz
07/Aug/2020 17:57:55      6	2.5725e+00 GHz
07/Aug/2020 17:57:55      7	2.9566e+00 GHz
07/Aug/2020 17:57:55      8	2.9567e+00 GHz
07/Aug/2020 17:57:55      9	2.9930e+00 GHz
07/Aug/2020 17:57:55     10	3.5294e+00 GHz
07/Aug/2020 17:57:55     11	3.6087e+00 GHz
07/Aug/2020 17:57:55     12	3.6304e+00 GHz
07/Aug/2020 17:57:55     13	4.0553e+00 GHz
07/Aug/2020 17:57:55     14	4.6305e+00 GHz
07/Aug/2020 17:57:55     15	4.6631e+00 GHz

                      ------------------------------------------------------------------------------
07/Aug/2020 17:57:57  *** Warning ***
                      
07/Aug/2020 17:57:57  Some calculated modes are incorrect solutions and thus have not been saved. This problem usually occurs when large 
                      dielectric constants are used. A possible solution is to increase the penalty factor in the solver specials dialog box 
                      by a factor of ten and restart the calculation.
                      
                      ------------------------------------------------------------------------------
07/Aug/2020 17:58:12  *** Warning ***
                      
07/Aug/2020 17:58:12  The lowest Eigenmode frequency is greater than the upper frequency range limit. Please check the frequency range.
                      
                      ------------------------------------------------------------------------------
07/Aug/2020 17:58:12  Solver Results:
                      
                      --------------------------------------------------------------------------------
                      Mode    Frequency             |                     Accuracy                    
                                                    |     |(Ax-x)/x|       max(e)         div(e)      
                      --------------------------------------------------------------------------------
                        1     2.95659485247         |      3.943e-05      1.490e-02      2.746e-05 
                        2  *  2.95665128149         |      9.810e-03      2.874e+00      6.510e-03 
                        3     2.99295235934         |      1.728e-05      2.235e-03      1.520e-05 
                        4     3.529396668           |      3.581e-05      5.766e-03      2.919e-05 
                        5  *  3.60870580659         |      2.757e-01      5.033e+01      3.302e-01 
                        6  *  3.63035124331         |      1.458e-03      1.128e-01      1.514e-03 
                        7  *  4.05534558677         |      1.965e-03      1.813e-01      2.820e-03 
                        8  *  4.63053097959         |      2.668e-01      2.048e+01      5.825e-01 
                        9  *  4.66311212036         |      1.237e-01      1.658e+01      2.124e-01 
                      --------------------------------------------------------------------------------
                      
                      * = This mode has a bad accuracy.
                      
                      Optimum guess for the highest eigenfrequency would be: 183.836.
                      
                      --------------------------------------------------------------------------------
                      
                      
                      ------------------------------------------------------------------------------
07/Aug/2020 17:58:12  Solver Statistics:
                      
                        ----------------------------------------------------------------------------
                                            Peak memory used (kB)         Free physical memory (kB) 
                                                                          At begin     Minimum      
                        ----------------------------------------------------------------------------
                        Matrices calc.      568847                        8383180      2159179      
                        Solver run total    364724                        2845892      2083116      
                      
                        Computer name       Phoenix15
                        ----------------------------------------------------------------------------
                      
                        Mesh generation time     :	82 s	 (= 0 h, 01 m, 22 s)
                        Solver time              :	420 s	 (= 0 h, 07 m, 00 s)
                      
                        Total time               :	502 s	 (= 0 h, 08 m, 22 s)
                      
                      
                      ------------------------------------------------------------------------------
