Port monitor named: Port1_h1[2.2].prt

nx        = 76
ny        = 69
nz        = 68

nu        = 5
nv        = 5
iu        = 11
iv        = 33

idir      = 2
dcut      = 2.500000e-002
icut      = 51
type      = 1
frequency = 2.200000e+009

fcutoff   = 2.577608e+010
alpha     = 7.197089e+002
beta      = 0.000000e+000
accuracy  = 5.560786e-015

type          = TM
wave imp.     = 2.959036e+003
wave imp.sig. = 1.360458e+000
line imp.     = 0.000000e+000

ref. port     = 0

0.000000e+000  0.000000e+000  0.000000e+000  0.000000e+000  0.000000e+000  
0.000000e+000  0.000000e+000  0.000000e+000  0.000000e+000  0.000000e+000  
0.000000e+000  0.000000e+000  0.000000e+000  0.000000e+000  0.000000e+000  
0.000000e+000  0.000000e+000  0.000000e+000  0.000000e+000  0.000000e+000  
0.000000e+000  0.000000e+000  0.000000e+000  0.000000e+000  0.000000e+000  

0.000000e+000  0.000000e+000  0.000000e+000  0.000000e+000  0.000000e+000  
0.000000e+000  0.000000e+000  0.000000e+000  0.000000e+000  0.000000e+000  
0.000000e+000  0.000000e+000  0.000000e+000  0.000000e+000  0.000000e+000  
0.000000e+000  0.000000e+000  0.000000e+000  0.000000e+000  0.000000e+000  
0.000000e+000  0.000000e+000  0.000000e+000  0.000000e+000  0.000000e+000  

0.000000e+000  0.000000e+000  0.000000e+000  0.000000e+000  0.000000e+000  
0.000000e+000  0.000000e+000  0.000000e+000  0.000000e+000  0.000000e+000  
0.000000e+000  0.000000e+000  0.000000e+000  0.000000e+000  0.000000e+000  
0.000000e+000  0.000000e+000  0.000000e+000  0.000000e+000  0.000000e+000  
0.000000e+000  0.000000e+000  0.000000e+000  0.000000e+000  0.000000e+000  

7.041138e-001  1.028624e+000  2.708951e+000  1.028560e+000  7.038517e-001  
1.431095e+000  3.055868e+000  1.117287e+001  3.056015e+000  1.430870e+000  
-1.431095e+000  -3.055868e+000  -1.117287e+001  -3.056015e+000  -1.430870e+000  
-7.041139e-001  -1.028624e+000  -2.708952e+000  -1.028560e+000  -7.038517e-001  
-0.000000e+000  -0.000000e+000  -0.000000e+000  -0.000000e+000  -0.000000e+000  

-6.899661e-001  -1.418475e+000  1.419268e+000  6.903914e-001  -0.000000e+000  
-1.015645e+000  -3.050693e+000  3.051470e+000  1.016210e+000  -0.000000e+000  
-2.692447e+000  -1.116168e+001  1.116317e+001  2.693267e+000  -0.000000e+000  
-1.015645e+000  -3.050693e+000  3.051470e+000  1.016210e+000  -0.000000e+000  
-6.899661e-001  -1.418474e+000  1.419268e+000  6.903914e-001  -0.000000e+000  

1.577730e-003  -6.497701e-002  6.508512e-002  -1.499978e-003  0.000000e+000  
7.027188e-002  1.701943e-003  -1.589334e-003  -7.011328e-002  0.000000e+000  
-7.027189e-002  -1.701950e-003  1.589342e-003  7.011329e-002  0.000000e+000  
-1.577736e-003  6.497700e-002  -6.508511e-002  1.499985e-003  0.000000e+000  
0.000000e+000  0.000000e+000  0.000000e+000  0.000000e+000  0.000000e+000  

