Port monitor named: Port1_e1.prt

nx        = 7
ny        = 7
nz        = 4

nu        = 5
nv        = 5
iu        = 2
iv        = 2

idir      = 2
dcut      = 2.500000e-002
icut      = 3
type      = 0
frequency = 2.200000e+009

fcutoff   = 2.515733e+010
alpha     = 6.909217e+002
beta      = 0.000000e+000
accuracy  = 6.828083e-015

type          = TM
wave imp.     = 2.840632e+003
wave imp.sig. = 5.198782e-001
line imp.     = 4.576355e+002

ref. port     = 0

-3.632478e+003  -4.148096e+003  4.148096e+003  3.632478e+003  0.000000e+000  
-3.773470e+003  -8.779464e+003  8.779464e+003  3.773470e+003  0.000000e+000  
-8.408365e+003  -3.227671e+004  3.227671e+004  8.408365e+003  0.000000e+000  
-3.773470e+003  -8.779464e+003  8.779464e+003  3.773470e+003  0.000000e+000  
-3.632479e+003  -4.148096e+003  4.148095e+003  3.632479e+003  0.000000e+000  

-3.635452e+003  -3.776444e+003  -8.407647e+003  -3.776444e+003  -3.635452e+003  
-4.154261e+003  -8.789318e+003  -3.226126e+004  -8.789318e+003  -4.154261e+003  
4.154261e+003  8.789318e+003  3.226126e+004  8.789318e+003  4.154261e+003  
3.635452e+003  3.776444e+003  8.407647e+003  3.776444e+003  3.635452e+003  
0.000000e+000  0.000000e+000  0.000000e+000  0.000000e+000  0.000000e+000  

-2.045041e+004  -1.785700e+004  -1.488540e+004  -1.785700e+004  -2.045041e+004  
-1.785487e+004  -1.515134e+004  -8.856007e+003  -1.515134e+004  -1.785487e+004  
-1.487887e+004  -8.848968e+003  0.000000e+000  -8.848968e+003  -1.487887e+004  
-1.785487e+004  -1.515134e+004  -8.856007e+003  -1.515134e+004  -1.785487e+004  
-2.045041e+004  -1.785700e+004  -1.488540e+004  -1.785700e+004  -2.045041e+004  

0.000000e+000  0.000000e+000  0.000000e+000  0.000000e+000  0.000000e+000  
0.000000e+000  0.000000e+000  0.000000e+000  0.000000e+000  0.000000e+000  
0.000000e+000  0.000000e+000  0.000000e+000  0.000000e+000  0.000000e+000  
0.000000e+000  0.000000e+000  0.000000e+000  0.000000e+000  0.000000e+000  
0.000000e+000  0.000000e+000  0.000000e+000  0.000000e+000  0.000000e+000  

0.000000e+000  0.000000e+000  0.000000e+000  0.000000e+000  0.000000e+000  
0.000000e+000  0.000000e+000  0.000000e+000  0.000000e+000  0.000000e+000  
0.000000e+000  0.000000e+000  0.000000e+000  0.000000e+000  0.000000e+000  
0.000000e+000  0.000000e+000  0.000000e+000  0.000000e+000  0.000000e+000  
0.000000e+000  0.000000e+000  0.000000e+000  0.000000e+000  0.000000e+000  

0.000000e+000  0.000000e+000  0.000000e+000  0.000000e+000  0.000000e+000  
0.000000e+000  0.000000e+000  0.000000e+000  0.000000e+000  0.000000e+000  
0.000000e+000  0.000000e+000  0.000000e+000  0.000000e+000  0.000000e+000  
0.000000e+000  0.000000e+000  0.000000e+000  0.000000e+000  0.000000e+000  
0.000000e+000  0.000000e+000  0.000000e+000  0.000000e+000  0.000000e+000  

