Port monitor named: Port1_e1[2.2].prt

nx        = 76
ny        = 69
nz        = 68

nu        = 5
nv        = 5
iu        = 11
iv        = 33

idir      = 2
dcut      = 2.500000e-002
icut      = 51
type      = 0
frequency = 2.200000e+009

fcutoff   = 2.577608e+010
alpha     = 7.197089e+002
beta      = 0.000000e+000
accuracy  = 5.560786e-015

type          = TM
wave imp.     = 2.959036e+003
wave imp.sig. = 1.360458e+000
line imp.     = 0.000000e+000

ref. port     = 0

-4.082402e+003  -5.465674e+003  5.467880e+003  4.083668e+003  0.000000e+000  
-3.636227e+003  -9.293596e+003  9.295879e+003  3.637725e+003  0.000000e+000  
-7.405361e+003  -3.301420e+004  3.301952e+004  7.409055e+003  0.000000e+000  
-3.636227e+003  -9.293596e+003  9.295879e+003  3.637725e+003  0.000000e+000  
-4.082402e+003  -5.465674e+003  5.467879e+003  4.083668e+003  0.000000e+000  

-4.115475e+003  -3.669328e+003  -7.496088e+003  -3.669252e+003  -4.115168e+003  
-5.546077e+003  -9.316466e+003  -3.307407e+004  -9.316717e+003  -5.544134e+003  
5.546077e+003  9.316467e+003  3.307407e+004  9.316717e+003  5.544134e+003  
4.115475e+003  3.669328e+003  7.496089e+003  3.669252e+003  4.115168e+003  
0.000000e+000  0.000000e+000  0.000000e+000  0.000000e+000  0.000000e+000  

-2.214444e+004  -1.910950e+004  -1.503736e+004  -1.911115e+004  -2.214703e+004  
-1.908476e+004  -1.637434e+004  -9.438846e+003  -1.637605e+004  -1.908758e+004  
-1.495287e+004  -9.421821e+003  0.000000e+000  -9.423336e+003  -1.495713e+004  
-1.908476e+004  -1.637434e+004  -9.438846e+003  -1.637605e+004  -1.908758e+004  
-2.214444e+004  -1.910950e+004  -1.503736e+004  -1.911115e+004  -2.214703e+004  

0.000000e+000  0.000000e+000  0.000000e+000  0.000000e+000  0.000000e+000  
0.000000e+000  0.000000e+000  0.000000e+000  0.000000e+000  0.000000e+000  
0.000000e+000  0.000000e+000  0.000000e+000  0.000000e+000  0.000000e+000  
0.000000e+000  0.000000e+000  0.000000e+000  0.000000e+000  0.000000e+000  
0.000000e+000  0.000000e+000  0.000000e+000  0.000000e+000  0.000000e+000  

0.000000e+000  0.000000e+000  0.000000e+000  0.000000e+000  0.000000e+000  
0.000000e+000  0.000000e+000  0.000000e+000  0.000000e+000  0.000000e+000  
0.000000e+000  0.000000e+000  0.000000e+000  0.000000e+000  0.000000e+000  
0.000000e+000  0.000000e+000  0.000000e+000  0.000000e+000  0.000000e+000  
0.000000e+000  0.000000e+000  0.000000e+000  0.000000e+000  0.000000e+000  

0.000000e+000  0.000000e+000  0.000000e+000  0.000000e+000  0.000000e+000  
0.000000e+000  0.000000e+000  0.000000e+000  0.000000e+000  0.000000e+000  
0.000000e+000  0.000000e+000  0.000000e+000  0.000000e+000  0.000000e+000  
0.000000e+000  0.000000e+000  0.000000e+000  0.000000e+000  0.000000e+000  
0.000000e+000  0.000000e+000  0.000000e+000  0.000000e+000  0.000000e+000  

