Port monitor named: Port1_h1.prt

nx        = 7
ny        = 7
nz        = 4

nu        = 5
nv        = 5
iu        = 2
iv        = 2

idir      = 2
dcut      = 2.500000e-002
icut      = 3
type      = 1
frequency = 2.200000e+009

fcutoff   = 2.515733e+010
alpha     = 6.909217e+002
beta      = 0.000000e+000
accuracy  = 6.828083e-015

type          = TM
wave imp.     = 2.840632e+003
wave imp.sig. = 5.198782e-001
line imp.     = 4.576355e+002

ref. port     = 0

0.000000e+000  0.000000e+000  0.000000e+000  0.000000e+000  0.000000e+000  
0.000000e+000  0.000000e+000  0.000000e+000  0.000000e+000  0.000000e+000  
0.000000e+000  0.000000e+000  0.000000e+000  0.000000e+000  0.000000e+000  
0.000000e+000  0.000000e+000  0.000000e+000  0.000000e+000  0.000000e+000  
0.000000e+000  0.000000e+000  0.000000e+000  0.000000e+000  0.000000e+000  

0.000000e+000  0.000000e+000  0.000000e+000  0.000000e+000  0.000000e+000  
0.000000e+000  0.000000e+000  0.000000e+000  0.000000e+000  0.000000e+000  
0.000000e+000  0.000000e+000  0.000000e+000  0.000000e+000  0.000000e+000  
0.000000e+000  0.000000e+000  0.000000e+000  0.000000e+000  0.000000e+000  
0.000000e+000  0.000000e+000  0.000000e+000  0.000000e+000  0.000000e+000  

0.000000e+000  0.000000e+000  0.000000e+000  0.000000e+000  0.000000e+000  
0.000000e+000  0.000000e+000  0.000000e+000  0.000000e+000  0.000000e+000  
0.000000e+000  0.000000e+000  0.000000e+000  0.000000e+000  0.000000e+000  
0.000000e+000  0.000000e+000  0.000000e+000  0.000000e+000  0.000000e+000  
0.000000e+000  0.000000e+000  0.000000e+000  0.000000e+000  0.000000e+000  

6.440566e-001  1.198652e+000  2.985865e+000  1.198652e+000  6.440566e-001  
1.299301e+000  3.080447e+000  1.135887e+001  3.080447e+000  1.299301e+000  
-1.299301e+000  -3.080447e+000  -1.135887e+001  -3.080447e+000  -1.299301e+000  
-6.440565e-001  -1.198652e+000  -2.985865e+000  -1.198652e+000  -6.440565e-001  
-0.000000e+000  -0.000000e+000  -0.000000e+000  -0.000000e+000  -0.000000e+000  

-6.433993e-001  -1.297907e+000  1.297907e+000  6.433993e-001  -0.000000e+000  
-1.198011e+000  -3.078531e+000  3.078531e+000  1.198011e+000  -0.000000e+000  
-2.985622e+000  -1.136071e+001  1.136071e+001  2.985622e+000  -0.000000e+000  
-1.198011e+000  -3.078531e+000  3.078531e+000  1.198011e+000  -0.000000e+000  
-6.433993e-001  -1.297907e+000  1.297907e+000  6.433994e-001  -0.000000e+000  

-2.319413e-005  9.270359e-003  -9.270358e-003  2.319534e-005  -0.000000e+000  
-9.093972e-003  6.398931e-004  -6.398917e-004  9.093973e-003  -0.000000e+000  
9.093970e-003  -6.398941e-004  6.398945e-004  -9.093969e-003  -0.000000e+000  
2.319216e-005  -9.270360e-003  9.270359e-003  -2.318916e-005  -0.000000e+000  
-0.000000e+000  -0.000000e+000  -0.000000e+000  -0.000000e+000  -0.000000e+000  

