Port monitor named: Port2_e1[2.5].prt

nx        = 38
ny        = 30
nz        = 33

nu        = 5
nv        = 5
iu        = 15
iv        = 22

idir      = 1
dcut      = 2.505000e-002
icut      = 25
type      = 0
frequency = 2.500000e+009

fcutoff   = 0.000000e+000
alpha     = 0.000000e+000
beta      = 7.339817e+001
accuracy  = 6.644617e-015

type          = TEM
wave imp.     = 2.655768e+002
wave imp.sig. = 7.786284e-006
line imp.     = 5.425739e+001

ref. port     = 0

0.000000e+000  0.000000e+000  0.000000e+000  0.000000e+000  0.000000e+000  
-2.242426e+003  -2.044495e+003  2.044637e+003  2.242284e+003  0.000000e+000  
-4.287207e+003  -8.376602e+003  8.376602e+003  4.287207e+003  0.000000e+000  
-2.242284e+003  -2.044637e+003  2.044495e+003  2.242426e+003  0.000000e+000  
0.000000e+000  0.000000e+000  0.000000e+000  0.000000e+000  0.000000e+000  

0.000000e+000  -2.242425e+003  -4.287207e+003  -2.242284e+003  0.000000e+000  
0.000000e+000  -2.044495e+003  -8.376602e+003  -2.044637e+003  0.000000e+000  
0.000000e+000  2.044637e+003  8.376602e+003  2.044495e+003  0.000000e+000  
0.000000e+000  2.242284e+003  4.287207e+003  2.242425e+003  0.000000e+000  
0.000000e+000  0.000000e+000  0.000000e+000  0.000000e+000  0.000000e+000  

0.000000e+000  0.000000e+000  0.000000e+000  0.000000e+000  0.000000e+000  
0.000000e+000  0.000000e+000  0.000000e+000  0.000000e+000  0.000000e+000  
0.000000e+000  0.000000e+000  0.000000e+000  0.000000e+000  0.000000e+000  
0.000000e+000  0.000000e+000  0.000000e+000  0.000000e+000  0.000000e+000  
0.000000e+000  0.000000e+000  0.000000e+000  0.000000e+000  0.000000e+000  

0.000000e+000  0.000000e+000  0.000000e+000  0.000000e+000  0.000000e+000  
0.000000e+000  0.000000e+000  0.000000e+000  0.000000e+000  0.000000e+000  
0.000000e+000  0.000000e+000  0.000000e+000  0.000000e+000  0.000000e+000  
0.000000e+000  0.000000e+000  0.000000e+000  0.000000e+000  0.000000e+000  
0.000000e+000  0.000000e+000  0.000000e+000  0.000000e+000  0.000000e+000  

0.000000e+000  0.000000e+000  0.000000e+000  0.000000e+000  0.000000e+000  
0.000000e+000  0.000000e+000  0.000000e+000  0.000000e+000  0.000000e+000  
0.000000e+000  0.000000e+000  0.000000e+000  0.000000e+000  0.000000e+000  
0.000000e+000  0.000000e+000  0.000000e+000  0.000000e+000  0.000000e+000  
0.000000e+000  0.000000e+000  0.000000e+000  0.000000e+000  0.000000e+000  

0.000000e+000  0.000000e+000  0.000000e+000  0.000000e+000  0.000000e+000  
0.000000e+000  9.227779e+000  3.483694e+000  9.217038e+000  0.000000e+000  
0.000000e+000  3.483708e+000  0.000000e+000  3.483694e+000  0.000000e+000  
0.000000e+000  9.217041e+000  3.483694e+000  9.227776e+000  0.000000e+000  
0.000000e+000  0.000000e+000  0.000000e+000  0.000000e+000  0.000000e+000  

