Port monitor named: Port1_e1[2.25].prt

nx        = 80
ny        = 27
nz        = 31

nu        = 5
nv        = 5
iu        = 14
iv        = 12

idir      = 1
dcut      = 2.840000e-002
icut      = 27
type      = 0
frequency = 2.250000e+009

fcutoff   = 0.000000e+000
alpha     = 0.000000e+000
beta      = 6.605625e+001
accuracy  = 5.825013e-015

type          = TEM
wave imp.     = 2.655668e+002
wave imp.sig. = 3.840459e-002
line imp.     = 5.425606e+001

ref. port     = 0

-0.000000e+000  -0.000000e+000  -0.000000e+000  -0.000000e+000  -0.000000e+000  
-2.241776e+003  -2.045331e+003  2.045331e+003  2.241776e+003  -0.000000e+000  
-4.285433e+003  -8.372496e+003  8.372496e+003  4.285433e+003  -0.000000e+000  
-2.241776e+003  -2.045331e+003  2.045331e+003  2.241776e+003  -0.000000e+000  
-0.000000e+000  -0.000000e+000  -0.000000e+000  -0.000000e+000  -0.000000e+000  

-0.000000e+000  -2.241775e+003  -4.287338e+003  -2.241775e+003  -0.000000e+000  
-0.000000e+000  -2.043427e+003  -8.378212e+003  -2.043427e+003  -0.000000e+000  
-0.000000e+000  2.043427e+003  8.378212e+003  2.043427e+003  -0.000000e+000  
-0.000000e+000  2.241775e+003  4.287338e+003  2.241775e+003  -0.000000e+000  
-0.000000e+000  -0.000000e+000  -0.000000e+000  -0.000000e+000  -0.000000e+000  

0.000000e+000  0.000000e+000  0.000000e+000  0.000000e+000  0.000000e+000  
0.000000e+000  0.000000e+000  0.000000e+000  0.000000e+000  0.000000e+000  
0.000000e+000  0.000000e+000  0.000000e+000  0.000000e+000  0.000000e+000  
0.000000e+000  0.000000e+000  0.000000e+000  0.000000e+000  0.000000e+000  
0.000000e+000  0.000000e+000  0.000000e+000  0.000000e+000  0.000000e+000  

0.000000e+000  0.000000e+000  0.000000e+000  0.000000e+000  0.000000e+000  
0.000000e+000  0.000000e+000  0.000000e+000  0.000000e+000  0.000000e+000  
0.000000e+000  0.000000e+000  0.000000e+000  0.000000e+000  0.000000e+000  
0.000000e+000  0.000000e+000  0.000000e+000  0.000000e+000  0.000000e+000  
0.000000e+000  0.000000e+000  0.000000e+000  0.000000e+000  0.000000e+000  

0.000000e+000  0.000000e+000  0.000000e+000  0.000000e+000  0.000000e+000  
0.000000e+000  0.000000e+000  0.000000e+000  0.000000e+000  0.000000e+000  
0.000000e+000  0.000000e+000  0.000000e+000  0.000000e+000  0.000000e+000  
0.000000e+000  0.000000e+000  0.000000e+000  0.000000e+000  0.000000e+000  
0.000000e+000  0.000000e+000  0.000000e+000  0.000000e+000  0.000000e+000  

-0.000000e+000  -0.000000e+000  -0.000000e+000  -0.000000e+000  -0.000000e+000  
-0.000000e+000  8.266763e+000  3.123439e+000  8.266763e+000  -0.000000e+000  
-0.000000e+000  3.076955e+000  -0.000000e+000  3.076955e+000  -0.000000e+000  
-0.000000e+000  8.266763e+000  3.123439e+000  8.266763e+000  -0.000000e+000  
-0.000000e+000  -0.000000e+000  -0.000000e+000  -0.000000e+000  -0.000000e+000  

