Port monitor named: Port2_h3[2.25].prt

nx        = 80
ny        = 27
nz        = 31

nu        = 5
nv        = 5
iu        = 14
iv        = 65

idir      = 1
dcut      = 2.840000e-002
icut      = 27
type      = 1
frequency = 2.250000e+009

fcutoff   = 2.272211e+010
alpha     = 6.653078e+002
beta      = 0.000000e+000
accuracy  = 5.537264e-015

type          = TE
wave imp.     = 2.632839e+001
wave imp.sig. = 3.596768e-010
line imp.     = 0.000000e+000

ref. port     = 0

0.000000e+000  0.000000e+000  0.000000e+000  0.000000e+000  0.000000e+000  
0.000000e+000  0.000000e+000  0.000000e+000  0.000000e+000  0.000000e+000  
0.000000e+000  0.000000e+000  0.000000e+000  0.000000e+000  0.000000e+000  
0.000000e+000  0.000000e+000  0.000000e+000  0.000000e+000  0.000000e+000  
0.000000e+000  0.000000e+000  0.000000e+000  0.000000e+000  0.000000e+000  

0.000000e+000  0.000000e+000  0.000000e+000  0.000000e+000  0.000000e+000  
0.000000e+000  0.000000e+000  0.000000e+000  0.000000e+000  0.000000e+000  
0.000000e+000  0.000000e+000  0.000000e+000  0.000000e+000  0.000000e+000  
0.000000e+000  0.000000e+000  0.000000e+000  0.000000e+000  0.000000e+000  
0.000000e+000  0.000000e+000  0.000000e+000  0.000000e+000  0.000000e+000  

0.000000e+000  0.000000e+000  0.000000e+000  0.000000e+000  0.000000e+000  
0.000000e+000  0.000000e+000  0.000000e+000  0.000000e+000  0.000000e+000  
0.000000e+000  0.000000e+000  0.000000e+000  0.000000e+000  0.000000e+000  
0.000000e+000  0.000000e+000  0.000000e+000  0.000000e+000  0.000000e+000  
0.000000e+000  0.000000e+000  0.000000e+000  0.000000e+000  0.000000e+000  

0.000000e+000  -4.775395e+000  1.306619e+000  6.300739e+000  0.000000e+000  
0.000000e+000  -1.337597e+001  1.776315e+000  1.461773e+001  0.000000e+000  
0.000000e+000  1.461773e+001  1.776316e+000  -1.337597e+001  0.000000e+000  
0.000000e+000  6.300739e+000  1.306619e+000  -4.775395e+000  0.000000e+000  
0.000000e+000  0.000000e+000  0.000000e+000  0.000000e+000  0.000000e+000  

0.000000e+000  0.000000e+000  0.000000e+000  0.000000e+000  0.000000e+000  
4.536672e+001  3.677310e+001  3.724275e+001  4.555254e+001  0.000000e+000  
7.788202e+001  1.058786e+002  1.058786e+002  7.788202e+001  0.000000e+000  
4.555254e+001  3.724275e+001  3.677310e+001  4.536672e+001  0.000000e+000  
0.000000e+000  0.000000e+000  0.000000e+000  0.000000e+000  0.000000e+000  

5.930630e+001  6.261383e+001  6.171053e+001  5.734918e+001  0.000000e+000  
2.796369e+001  3.720406e+001  3.597632e+001  2.587791e+001  0.000000e+000  
-2.587791e+001  -3.597632e+001  -3.720406e+001  -2.796369e+001  0.000000e+000  
-5.734918e+001  -6.171053e+001  -6.261383e+001  -5.930630e+001  0.000000e+000  
0.000000e+000  0.000000e+000  0.000000e+000  0.000000e+000  0.000000e+000  

