Port monitor named: Port1_h1[2.35].prt

nx        = 25
ny        = 4
nz        = 25

nu        = 23
nv        = 23
iu        = 2
iv        = 2

idir      = 1
dcut      = 2.505000e-002
icut      = 3
type      = 1
frequency = 2.350000e+009

fcutoff   = 0.000000e+000
alpha     = 0.000000e+000
beta      = 6.821931e+001
accuracy  = 2.586559e-012

type          = QTEM
wave imp.     = 2.634473e+002
wave imp.sig. = 4.406387e-003
line imp.     = 5.425648e+001

ref. port     = 0

-0.000000e+000  2.241400e+000  4.483029e+000  6.706460e+000  8.855941e+000  9.862204e+000  1.080402e+001  1.165957e+001  1.240466e+001  1.301529e+001  1.346929e+001  1.385330e+001  1.346929e+001  1.301529e+001  1.240466e+001  1.165957e+001  1.080402e+001  9.862204e+000  8.855941e+000  6.706460e+000  4.483029e+000  2.241400e+000  -0.000000e+000  
-0.000000e+000  2.241503e+000  4.501886e+000  6.781404e+000  9.040150e+000  1.012202e+001  1.115115e+001  1.210136e+001  1.294233e+001  1.364163e+001  1.416783e+001  1.462116e+001  1.416783e+001  1.364163e+001  1.294233e+001  1.210136e+001  1.115115e+001  1.012202e+001  9.040150e+000  6.781404e+000  4.501886e+000  2.241503e+000  -0.000000e+000  
-0.000000e+000  2.223056e+000  4.502313e+000  6.878602e+000  9.351499e+000  1.059295e+001  1.181386e+001  1.297999e+001  1.404652e+001  1.496024e+001  1.566495e+001  1.629552e+001  1.566495e+001  1.496024e+001  1.404652e+001  1.297999e+001  1.181386e+001  1.059295e+001  9.351499e+000  6.878602e+000  4.502313e+000  2.223056e+000  -0.000000e+000  
-0.000000e+000  2.148741e+000  4.406786e+000  6.879393e+000  9.649407e+000  1.114591e+001  1.269559e+001  1.425686e+001  1.576182e+001  1.711473e+001  1.820036e+001  1.923084e+001  1.820036e+001  1.711473e+001  1.576182e+001  1.425686e+001  1.269559e+001  1.114591e+001  9.649407e+000  6.879393e+000  4.406786e+000  2.148741e+000  -0.000000e+000  
-0.000000e+000  2.011438e+000  4.174391e+000  6.656875e+000  9.649768e+000  1.140099e+001  1.332203e+001  1.538332e+001  1.750430e+001  1.953230e+001  2.124255e+001  2.297789e+001  2.124255e+001  1.953230e+001  1.750430e+001  1.538332e+001  1.332203e+001  1.140099e+001  9.649768e+000  6.656875e+000  4.174391e+000  2.011438e+000  -0.000000e+000  
-0.000000e+000  1.882198e+000  3.939567e+000  6.380909e+000  9.480132e+000  1.140120e+001  1.359937e+001  1.607456e+001  1.875888e+001  2.146172e+001  2.383233e+001  2.634353e+001  2.383233e+001  2.146172e+001  1.875888e+001  1.607456e+001  1.359937e+001  1.140120e+001  9.480132e+000  6.380909e+000  3.939567e+000  1.882198e+000  -0.000000e+000  
-0.000000e+000  1.709257e+000  3.608738e+000  5.940456e+000  9.062834e+000  1.112426e+001  1.359966e+001  1.655664e+001  1.999487e+001  2.372332e+001  2.716539e+001  3.096470e+001  2.716539e+001  2.372332e+001  1.999487e+001  1.655664e+001  1.359966e+001  1.112426e+001  9.062834e+000  5.940456e+000  3.608738e+000  1.709257e+000  -0.000000e+000  
-0.000000e+000  1.488786e+000  3.169840e+000  5.302322e+000  8.312020e+000  1.043331e+001  1.311834e+001  1.655740e+001  2.094061e+001  2.627123e+001  3.152665e+001  3.748543e+001  3.152665e+001  2.627123e+001  2.094061e+001  1.655740e+001  1.311834e+001  1.043331e+001  8.312020e+000  5.302322e+000  3.169840e+000  1.488786e+000  -0.000000e+000  
-0.000000e+000  1.220243e+000  2.618076e+000  4.444869e+000  7.150220e+000  9.178608e+000  1.188293e+001  1.561398e+001  2.093887e+001  2.720915e+001  -0.000000e+000  -0.000000e+000  -0.000000e+000  2.720915e+001  2.093887e+001  1.561398e+001  1.188293e+001  9.178608e+000  7.150220e+000  4.444869e+000  2.618076e+000  1.220243e+000  -0.000000e+000  
-0.000000e+000  9.072993e-001  1.959065e+000  3.367765e+000  5.537925e+000  7.247943e+000  9.620778e+000  1.307666e+001  2.030101e+001  -0.000000e+000  -0.000000e+000  -0.000000e+000  -0.000000e+000  -0.000000e+000  2.030102e+001  1.307666e+001  9.620778e+000  7.247943e+000  5.537925e+000  3.367765e+000  1.959065e+000  9.072993e-001  -0.000000e+000  
-0.000000e+000  3.837050e-001  8.366901e-001  1.466546e+000  2.494521e+000  3.357687e+000  4.602935e+000  6.477024e+000  -0.000000e+000  -0.000000e+000  -0.000000e+000  -0.000000e+000  -0.000000e+000  -0.000000e+000  -0.000000e+000  6.477024e+000  4.602935e+000  3.357687e+000  2.494521e+000  1.466546e+000  8.366901e-001  3.837050e-001  -0.000000e+000  
-0.000000e+000  -3.837050e-001  -8.366901e-001  -1.466546e+000  -2.494521e+000  -3.357687e+000  -4.602935e+000  -6.477024e+000  -0.000000e+000  -0.000000e+000  -0.000000e+000  -0.000000e+000  -0.000000e+000  -0.000000e+000  -0.000000e+000  -6.477024e+000  -4.602935e+000  -3.357687e+000  -2.494521e+000  -1.466546e+000  -8.366901e-001  -3.837050e-001  -0.000000e+000  
-0.000000e+000  -9.072993e-001  -1.959065e+000  -3.367765e+000  -5.537925e+000  -7.247943e+000  -9.620778e+000  -1.307666e+001  -2.030102e+001  -0.000000e+000  -0.000000e+000  -0.000000e+000  -0.000000e+000  -0.000000e+000  -2.030102e+001  -1.307666e+001  -9.620778e+000  -7.247943e+000  -5.537925e+000  -3.367765e+000  -1.959065e+000  -9.072993e-001  -0.000000e+000  
-0.000000e+000  -1.220243e+000  -2.618076e+000  -4.444869e+000  -7.150220e+000  -9.178608e+000  -1.188293e+001  -1.561398e+001  -2.093887e+001  -2.720915e+001  -0.000000e+000  -0.000000e+000  -0.000000e+000  -2.720915e+001  -2.093887e+001  -1.561398e+001  -1.188293e+001  -9.178608e+000  -7.150220e+000  -4.444869e+000  -2.618076e+000  -1.220243e+000  -0.000000e+000  
-0.000000e+000  -1.488786e+000  -3.169840e+000  -5.302322e+000  -8.312020e+000  -1.043331e+001  -1.311834e+001  -1.655740e+001  -2.094061e+001  -2.627123e+001  -3.152665e+001  -3.748543e+001  -3.152665e+001  -2.627123e+001  -2.094061e+001  -1.655740e+001  -1.311834e+001  -1.043331e+001  -8.312020e+000  -5.302322e+000  -3.169840e+000  -1.488786e+000  -0.000000e+000  
-0.000000e+000  -1.709257e+000  -3.608738e+000  -5.940456e+000  -9.062834e+000  -1.112426e+001  -1.359966e+001  -1.655664e+001  -1.999487e+001  -2.372332e+001  -2.716539e+001  -3.096470e+001  -2.716539e+001  -2.372332e+001  -1.999487e+001  -1.655664e+001  -1.359966e+001  -1.112426e+001  -9.062834e+000  -5.940456e+000  -3.608738e+000  -1.709257e+000  -0.000000e+000  
-0.000000e+000  -1.882198e+000  -3.939567e+000  -6.380909e+000  -9.480132e+000  -1.140120e+001  -1.359937e+001  -1.607456e+001  -1.875888e+001  -2.146172e+001  -2.383233e+001  -2.634353e+001  -2.383233e+001  -2.146172e+001  -1.875888e+001  -1.607456e+001  -1.359937e+001  -1.140120e+001  -9.480132e+000  -6.380909e+000  -3.939567e+000  -1.882198e+000  -0.000000e+000  
-0.000000e+000  -2.011438e+000  -4.174391e+000  -6.656875e+000  -9.649768e+000  -1.140099e+001  -1.332203e+001  -1.538332e+001  -1.750430e+001  -1.953230e+001  -2.124255e+001  -2.297789e+001  -2.124255e+001  -1.953230e+001  -1.750430e+001  -1.538332e+001  -1.332203e+001  -1.140099e+001  -9.649768e+000  -6.656875e+000  -4.174391e+000  -2.011438e+000  -0.000000e+000  
-0.000000e+000  -2.148741e+000  -4.406786e+000  -6.879393e+000  -9.649407e+000  -1.114591e+001  -1.269559e+001  -1.425686e+001  -1.576182e+001  -1.711473e+001  -1.820036e+001  -1.923084e+001  -1.820036e+001  -1.711473e+001  -1.576182e+001  -1.425686e+001  -1.269559e+001  -1.114591e+001  -9.649407e+000  -6.879393e+000  -4.406786e+000  -2.148741e+000  -0.000000e+000  
-0.000000e+000  -2.223056e+000  -4.502313e+000  -6.878602e+000  -9.351499e+000  -1.059295e+001  -1.181386e+001  -1.297999e+001  -1.404652e+001  -1.496024e+001  -1.566495e+001  -1.629552e+001  -1.566495e+001  -1.496024e+001  -1.404652e+001  -1.297999e+001  -1.181386e+001  -1.059295e+001  -9.351499e+000  -6.878602e+000  -4.502313e+000  -2.223056e+000  -0.000000e+000  
-0.000000e+000  -2.241503e+000  -4.501886e+000  -6.781404e+000  -9.040150e+000  -1.012202e+001  -1.115115e+001  -1.210136e+001  -1.294233e+001  -1.364163e+001  -1.416783e+001  -1.462116e+001  -1.416783e+001  -1.364163e+001  -1.294233e+001  -1.210136e+001  -1.115115e+001  -1.012202e+001  -9.040150e+000  -6.781404e+000  -4.501886e+000  -2.241503e+000  -0.000000e+000  
-0.000000e+000  -2.241400e+000  -4.483029e+000  -6.706460e+000  -8.855941e+000  -9.862204e+000  -1.080402e+001  -1.165957e+001  -1.240466e+001  -1.301529e+001  -1.346929e+001  -1.385330e+001  -1.346929e+001  -1.301529e+001  -1.240466e+001  -1.165957e+001  -1.080402e+001  -9.862204e+000  -8.855941e+000  -6.706460e+000  -4.483029e+000  -2.241400e+000  -0.000000e+000  
-0.000000e+000  -0.000000e+000  -0.000000e+000  -0.000000e+000  -0.000000e+000  -0.000000e+000  -0.000000e+000  -0.000000e+000  -0.000000e+000  -0.000000e+000  -0.000000e+000  -0.000000e+000  -0.000000e+000  -0.000000e+000  -0.000000e+000  -0.000000e+000  -0.000000e+000  -0.000000e+000  -0.000000e+000  -0.000000e+000  -0.000000e+000  -0.000000e+000  -0.000000e+000  

-0.000000e+000  -0.000000e+000  -0.000000e+000  -0.000000e+000  -0.000000e+000  -0.000000e+000  -0.000000e+000  -0.000000e+000  -0.000000e+000  -0.000000e+000  -0.000000e+000  -0.000000e+000  -0.000000e+000  -0.000000e+000  -0.000000e+000  -0.000000e+000  -0.000000e+000  -0.000000e+000  -0.000000e+000  -0.000000e+000  -0.000000e+000  -0.000000e+000  -0.000000e+000  
-2.241400e+000  -2.241512e+000  -2.223082e+000  -2.148794e+000  -2.011516e+000  -1.882294e+000  -1.709371e+000  -1.488915e+000  -1.220379e+000  -9.074266e-001  -3.837866e-001  3.837866e-001  9.074266e-001  1.220379e+000  1.488915e+000  1.709371e+000  1.882294e+000  2.011516e+000  2.148794e+000  2.223082e+000  2.241512e+000  2.241400e+000  -0.000000e+000  
-4.483020e+000  -4.501895e+000  -4.502357e+000  -4.406883e+000  -4.174542e+000  -3.939760e+000  -3.608978e+000  -3.170130e+000  -2.618408e+000  -1.959408e+000  -8.369556e-001  8.369556e-001  1.959408e+000  2.618408e+000  3.170130e+000  3.608978e+000  3.939760e+000  4.174542e+000  4.406883e+000  4.502357e+000  4.501895e+000  4.483020e+000  -0.000000e+000  
-6.706424e+000  -6.781395e+000  -6.878646e+000  -6.879517e+000  -6.657077e+000  -6.381178e+000  -5.940813e+000  -5.302804e+000  -4.445516e+000  -3.368579e+000  -1.467423e+000  1.467423e+000  3.368579e+000  4.445516e+000  5.302804e+000  5.940813e+000  6.381178e+000  6.657077e+000  6.879517e+000  6.878646e+000  6.781395e+000  6.706424e+000  -0.000000e+000  
-8.855853e+000  -9.040096e+000  -9.351517e+000  -9.649530e+000  -9.649969e+000  -9.480383e+000  -9.063163e+000  -8.312536e+000  -7.151175e+000  -5.539710e+000  -2.497845e+000  2.497845e+000  5.539710e+000  7.151175e+000  8.312535e+000  9.063163e+000  9.480383e+000  9.649969e+000  9.649530e+000  9.351517e+000  9.040096e+000  8.855853e+000  -0.000000e+000  
-9.862077e+000  -1.012193e+001  -1.059294e+001  -1.114603e+001  -1.140119e+001  -1.140140e+001  -1.112441e+001  -1.043347e+001  -9.179133e+000  -7.249917e+000  -3.365498e+000  3.365498e+000  7.249917e+000  9.179133e+000  1.043347e+001  1.112441e+001  1.140140e+001  1.140119e+001  1.114603e+001  1.059294e+001  1.012193e+001  9.862077e+000  -0.000000e+000  
-1.080384e+001  -1.115101e+001  -1.181382e+001  -1.269572e+001  -1.332228e+001  -1.359957e+001  -1.359958e+001  -1.311775e+001  -1.188195e+001  -9.620501e+000  -4.621085e+000  4.621085e+000  9.620501e+000  1.188195e+001  1.311775e+001  1.359958e+001  1.359957e+001  1.332228e+001  1.269572e+001  1.181382e+001  1.115101e+001  1.080384e+001  -0.000000e+000  
-1.165934e+001  -1.210116e+001  -1.297989e+001  -1.425701e+001  -1.538375e+001  -1.607499e+001  -1.655656e+001  -1.655598e+001  -1.561038e+001  -1.306255e+001  -6.520729e+000  6.520729e+000  1.306255e+001  1.561038e+001  1.655598e+001  1.655656e+001  1.607499e+001  1.538375e+001  1.425701e+001  1.297989e+001  1.210116e+001  1.165934e+001  -0.000000e+000  
-1.240436e+001  -1.294204e+001  -1.404632e+001  -1.576195e+001  -1.750509e+001  -1.876004e+001  -1.999563e+001  -2.093919e+001  -2.094100e+001  -2.000308e+001  -0.000000e+000  -0.000000e+000  2.000308e+001  2.094100e+001  2.093919e+001  1.999563e+001  1.876004e+001  1.750509e+001  1.576195e+001  1.404632e+001  1.294204e+001  1.240436e+001  -0.000000e+000  
-1.301492e+001  -1.364125e+001  -1.495988e+001  -1.711471e+001  -1.953352e+001  -2.146439e+001  -2.372669e+001  -2.626409e+001  -2.690196e+001  -0.000000e+000  -0.000000e+000  -0.000000e+000  -0.000000e+000  2.690196e+001  2.626409e+001  2.372669e+001  2.146439e+001  1.953352e+001  1.711471e+001  1.495988e+001  1.364125e+001  1.301492e+001  -0.000000e+000  
-1.346887e+001  -1.416734e+001  -1.566436e+001  -1.819985e+001  -2.124358e+001  -2.383725e+001  -2.718259e+001  -3.158239e+001  -0.000000e+000  -0.000000e+000  -0.000000e+000  -0.000000e+000  -0.000000e+000  -0.000000e+000  3.158239e+001  2.718259e+001  2.383725e+001  2.124358e+001  1.819985e+001  1.566436e+001  1.416734e+001  1.346887e+001  -0.000000e+000  
-1.385279e+001  -1.462048e+001  -1.629431e+001  -1.922788e+001  -2.296994e+001  -2.632777e+001  -3.093079e+001  -3.740782e+001  -0.000000e+000  -0.000000e+000  -0.000000e+000  -0.000000e+000  -0.000000e+000  -0.000000e+000  3.740782e+001  3.093079e+001  2.632777e+001  2.296994e+001  1.922788e+001  1.629431e+001  1.462048e+001  1.385279e+001  -0.000000e+000  
-1.346887e+001  -1.416734e+001  -1.566436e+001  -1.819985e+001  -2.124358e+001  -2.383725e+001  -2.718259e+001  -3.158239e+001  -0.000000e+000  -0.000000e+000  -0.000000e+000  -0.000000e+000  -0.000000e+000  -0.000000e+000  3.158239e+001  2.718259e+001  2.383725e+001  2.124358e+001  1.819985e+001  1.566436e+001  1.416734e+001  1.346887e+001  -0.000000e+000  
-1.301492e+001  -1.364125e+001  -1.495988e+001  -1.711471e+001  -1.953352e+001  -2.146439e+001  -2.372669e+001  -2.626409e+001  -2.690196e+001  -0.000000e+000  -0.000000e+000  -0.000000e+000  -0.000000e+000  2.690196e+001  2.626409e+001  2.372669e+001  2.146439e+001  1.953352e+001  1.711471e+001  1.495988e+001  1.364125e+001  1.301492e+001  -0.000000e+000  
-1.240436e+001  -1.294204e+001  -1.404632e+001  -1.576195e+001  -1.750509e+001  -1.876004e+001  -1.999563e+001  -2.093919e+001  -2.094100e+001  -2.000308e+001  -0.000000e+000  -0.000000e+000  2.000308e+001  2.094100e+001  2.093919e+001  1.999563e+001  1.876004e+001  1.750509e+001  1.576195e+001  1.404632e+001  1.294204e+001  1.240436e+001  -0.000000e+000  
-1.165934e+001  -1.210116e+001  -1.297989e+001  -1.425701e+001  -1.538375e+001  -1.607499e+001  -1.655656e+001  -1.655598e+001  -1.561038e+001  -1.306255e+001  -6.520729e+000  6.520729e+000  1.306255e+001  1.561038e+001  1.655598e+001  1.655656e+001  1.607499e+001  1.538375e+001  1.425701e+001  1.297989e+001  1.210116e+001  1.165934e+001  -0.000000e+000  
-1.080384e+001  -1.115101e+001  -1.181382e+001  -1.269572e+001  -1.332228e+001  -1.359957e+001  -1.359958e+001  -1.311775e+001  -1.188195e+001  -9.620501e+000  -4.621085e+000  4.621085e+000  9.620501e+000  1.188195e+001  1.311775e+001  1.359958e+001  1.359957e+001  1.332228e+001  1.269572e+001  1.181382e+001  1.115101e+001  1.080384e+001  -0.000000e+000  
-9.862077e+000  -1.012193e+001  -1.059294e+001  -1.114603e+001  -1.140119e+001  -1.140140e+001  -1.112441e+001  -1.043347e+001  -9.179133e+000  -7.249917e+000  -3.365498e+000  3.365498e+000  7.249917e+000  9.179133e+000  1.043347e+001  1.112441e+001  1.140140e+001  1.140119e+001  1.114603e+001  1.059294e+001  1.012193e+001  9.862077e+000  -0.000000e+000  
-8.855853e+000  -9.040096e+000  -9.351517e+000  -9.649530e+000  -9.649969e+000  -9.480383e+000  -9.063163e+000  -8.312536e+000  -7.151175e+000  -5.539710e+000  -2.497845e+000  2.497845e+000  5.539710e+000  7.151175e+000  8.312536e+000  9.063163e+000  9.480383e+000  9.649969e+000  9.649530e+000  9.351517e+000  9.040096e+000  8.855853e+000  -0.000000e+000  
-6.706424e+000  -6.781395e+000  -6.878646e+000  -6.879517e+000  -6.657077e+000  -6.381178e+000  -5.940813e+000  -5.302804e+000  -4.445516e+000  -3.368579e+000  -1.467423e+000  1.467423e+000  3.368579e+000  4.445516e+000  5.302804e+000  5.940813e+000  6.381178e+000  6.657077e+000  6.879517e+000  6.878646e+000  6.781395e+000  6.706424e+000  -0.000000e+000  
-4.483020e+000  -4.501895e+000  -4.502357e+000  -4.406883e+000  -4.174543e+000  -3.939760e+000  -3.608978e+000  -3.170130e+000  -2.618408e+000  -1.959408e+000  -8.369556e-001  8.369556e-001  1.959408e+000  2.618408e+000  3.170130e+000  3.608978e+000  3.939760e+000  4.174542e+000  4.406883e+000  4.502357e+000  4.501895e+000  4.483020e+000  -0.000000e+000  
-2.241400e+000  -2.241512e+000  -2.223082e+000  -2.148794e+000  -2.011516e+000  -1.882294e+000  -1.709371e+000  -1.488915e+000  -1.220379e+000  -9.074266e-001  -3.837866e-001  3.837866e-001  9.074266e-001  1.220379e+000  1.488915e+000  1.709371e+000  1.882294e+000  2.011516e+000  2.148794e+000  2.223082e+000  2.241512e+000  2.241400e+000  -0.000000e+000  
-0.000000e+000  -0.000000e+000  -0.000000e+000  -0.000000e+000  -0.000000e+000  -0.000000e+000  -0.000000e+000  -0.000000e+000  -0.000000e+000  -0.000000e+000  -0.000000e+000  -0.000000e+000  -0.000000e+000  -0.000000e+000  -0.000000e+000  -0.000000e+000  -0.000000e+000  -0.000000e+000  -0.000000e+000  -0.000000e+000  -0.000000e+000  -0.000000e+000  -0.000000e+000  

0.000000e+000  0.000000e+000  0.000000e+000  0.000000e+000  0.000000e+000  0.000000e+000  0.000000e+000  0.000000e+000  0.000000e+000  0.000000e+000  0.000000e+000  0.000000e+000  0.000000e+000  0.000000e+000  0.000000e+000  0.000000e+000  0.000000e+000  0.000000e+000  0.000000e+000  0.000000e+000  0.000000e+000  0.000000e+000  0.000000e+000  
0.000000e+000  0.000000e+000  0.000000e+000  0.000000e+000  0.000000e+000  0.000000e+000  0.000000e+000  0.000000e+000  0.000000e+000  0.000000e+000  0.000000e+000  0.000000e+000  0.000000e+000  0.000000e+000  0.000000e+000  0.000000e+000  0.000000e+000  0.000000e+000  0.000000e+000  0.000000e+000  0.000000e+000  0.000000e+000  0.000000e+000  
0.000000e+000  0.000000e+000  0.000000e+000  0.000000e+000  0.000000e+000  0.000000e+000  0.000000e+000  0.000000e+000  0.000000e+000  0.000000e+000  0.000000e+000  0.000000e+000  0.000000e+000  0.000000e+000  0.000000e+000  0.000000e+000  0.000000e+000  0.000000e+000  0.000000e+000  0.000000e+000  0.000000e+000  0.000000e+000  0.000000e+000  
0.000000e+000  0.000000e+000  0.000000e+000  0.000000e+000  0.000000e+000  0.000000e+000  0.000000e+000  0.000000e+000  0.000000e+000  0.000000e+000  0.000000e+000  0.000000e+000  0.000000e+000  0.000000e+000  0.000000e+000  0.000000e+000  0.000000e+000  0.000000e+000  0.000000e+000  0.000000e+000  0.000000e+000  0.000000e+000  0.000000e+000  
0.000000e+000  0.000000e+000  0.000000e+000  0.000000e+000  0.000000e+000  0.000000e+000  0.000000e+000  0.000000e+000  0.000000e+000  0.000000e+000  0.000000e+000  0.000000e+000  0.000000e+000  0.000000e+000  0.000000e+000  0.000000e+000  0.000000e+000  0.000000e+000  0.000000e+000  0.000000e+000  0.000000e+000  0.000000e+000  0.000000e+000  
0.000000e+000  0.000000e+000  0.000000e+000  0.000000e+000  0.000000e+000  0.000000e+000  0.000000e+000  0.000000e+000  0.000000e+000  0.000000e+000  0.000000e+000  0.000000e+000  0.000000e+000  0.000000e+000  0.000000e+000  0.000000e+000  0.000000e+000  0.000000e+000  0.000000e+000  0.000000e+000  0.000000e+000  0.000000e+000  0.000000e+000  
0.000000e+000  0.000000e+000  0.000000e+000  0.000000e+000  0.000000e+000  0.000000e+000  0.000000e+000  0.000000e+000  0.000000e+000  0.000000e+000  0.000000e+000  0.000000e+000  0.000000e+000  0.000000e+000  0.000000e+000  0.000000e+000  0.000000e+000  0.000000e+000  0.000000e+000  0.000000e+000  0.000000e+000  0.000000e+000  0.000000e+000  
0.000000e+000  0.000000e+000  0.000000e+000  0.000000e+000  0.000000e+000  0.000000e+000  0.000000e+000  0.000000e+000  0.000000e+000  0.000000e+000  0.000000e+000  0.000000e+000  0.000000e+000  0.000000e+000  0.000000e+000  0.000000e+000  0.000000e+000  0.000000e+000  0.000000e+000  0.000000e+000  0.000000e+000  0.000000e+000  0.000000e+000  
0.000000e+000  0.000000e+000  0.000000e+000  0.000000e+000  0.000000e+000  0.000000e+000  0.000000e+000  0.000000e+000  0.000000e+000  0.000000e+000  0.000000e+000  0.000000e+000  0.000000e+000  0.000000e+000  0.000000e+000  0.000000e+000  0.000000e+000  0.000000e+000  0.000000e+000  0.000000e+000  0.000000e+000  0.000000e+000  0.000000e+000  
0.000000e+000  0.000000e+000  0.000000e+000  0.000000e+000  0.000000e+000  0.000000e+000  0.000000e+000  0.000000e+000  0.000000e+000  0.000000e+000  0.000000e+000  0.000000e+000  0.000000e+000  0.000000e+000  0.000000e+000  0.000000e+000  0.000000e+000  0.000000e+000  0.000000e+000  0.000000e+000  0.000000e+000  0.000000e+000  0.000000e+000  
0.000000e+000  0.000000e+000  0.000000e+000  0.000000e+000  0.000000e+000  0.000000e+000  0.000000e+000  0.000000e+000  0.000000e+000  0.000000e+000  0.000000e+000  0.000000e+000  0.000000e+000  0.000000e+000  0.000000e+000  0.000000e+000  0.000000e+000  0.000000e+000  0.000000e+000  0.000000e+000  0.000000e+000  0.000000e+000  0.000000e+000  
0.000000e+000  0.000000e+000  0.000000e+000  0.000000e+000  0.000000e+000  0.000000e+000  0.000000e+000  0.000000e+000  0.000000e+000  0.000000e+000  0.000000e+000  0.000000e+000  0.000000e+000  0.000000e+000  0.000000e+000  0.000000e+000  0.000000e+000  0.000000e+000  0.000000e+000  0.000000e+000  0.000000e+000  0.000000e+000  0.000000e+000  
0.000000e+000  0.000000e+000  0.000000e+000  0.000000e+000  0.000000e+000  0.000000e+000  0.000000e+000  0.000000e+000  0.000000e+000  0.000000e+000  0.000000e+000  0.000000e+000  0.000000e+000  0.000000e+000  0.000000e+000  0.000000e+000  0.000000e+000  0.000000e+000  0.000000e+000  0.000000e+000  0.000000e+000  0.000000e+000  0.000000e+000  
0.000000e+000  0.000000e+000  0.000000e+000  0.000000e+000  0.000000e+000  0.000000e+000  0.000000e+000  0.000000e+000  0.000000e+000  0.000000e+000  0.000000e+000  0.000000e+000  0.000000e+000  0.000000e+000  0.000000e+000  0.000000e+000  0.000000e+000  0.000000e+000  0.000000e+000  0.000000e+000  0.000000e+000  0.000000e+000  0.000000e+000  
0.000000e+000  0.000000e+000  0.000000e+000  0.000000e+000  0.000000e+000  0.000000e+000  0.000000e+000  0.000000e+000  0.000000e+000  0.000000e+000  0.000000e+000  0.000000e+000  0.000000e+000  0.000000e+000  0.000000e+000  0.000000e+000  0.000000e+000  0.000000e+000  0.000000e+000  0.000000e+000  0.000000e+000  0.000000e+000  0.000000e+000  
0.000000e+000  0.000000e+000  0.000000e+000  0.000000e+000  0.000000e+000  0.000000e+000  0.000000e+000  0.000000e+000  0.000000e+000  0.000000e+000  0.000000e+000  0.000000e+000  0.000000e+000  0.000000e+000  0.000000e+000  0.000000e+000  0.000000e+000  0.000000e+000  0.000000e+000  0.000000e+000  0.000000e+000  0.000000e+000  0.000000e+000  
0.000000e+000  0.000000e+000  0.000000e+000  0.000000e+000  0.000000e+000  0.000000e+000  0.000000e+000  0.000000e+000  0.000000e+000  0.000000e+000  0.000000e+000  0.000000e+000  0.000000e+000  0.000000e+000  0.000000e+000  0.000000e+000  0.000000e+000  0.000000e+000  0.000000e+000  0.000000e+000  0.000000e+000  0.000000e+000  0.000000e+000  
0.000000e+000  0.000000e+000  0.000000e+000  0.000000e+000  0.000000e+000  0.000000e+000  0.000000e+000  0.000000e+000  0.000000e+000  0.000000e+000  0.000000e+000  0.000000e+000  0.000000e+000  0.000000e+000  0.000000e+000  0.000000e+000  0.000000e+000  0.000000e+000  0.000000e+000  0.000000e+000  0.000000e+000  0.000000e+000  0.000000e+000  
0.000000e+000  0.000000e+000  0.000000e+000  0.000000e+000  0.000000e+000  0.000000e+000  0.000000e+000  0.000000e+000  0.000000e+000  0.000000e+000  0.000000e+000  0.000000e+000  0.000000e+000  0.000000e+000  0.000000e+000  0.000000e+000  0.000000e+000  0.000000e+000  0.000000e+000  0.000000e+000  0.000000e+000  0.000000e+000  0.000000e+000  
0.000000e+000  0.000000e+000  0.000000e+000  0.000000e+000  0.000000e+000  0.000000e+000  0.000000e+000  0.000000e+000  0.000000e+000  0.000000e+000  0.000000e+000  0.000000e+000  0.000000e+000  0.000000e+000  0.000000e+000  0.000000e+000  0.000000e+000  0.000000e+000  0.000000e+000  0.000000e+000  0.000000e+000  0.000000e+000  0.000000e+000  
0.000000e+000  0.000000e+000  0.000000e+000  0.000000e+000  0.000000e+000  0.000000e+000  0.000000e+000  0.000000e+000  0.000000e+000  0.000000e+000  0.000000e+000  0.000000e+000  0.000000e+000  0.000000e+000  0.000000e+000  0.000000e+000  0.000000e+000  0.000000e+000  0.000000e+000  0.000000e+000  0.000000e+000  0.000000e+000  0.000000e+000  
0.000000e+000  0.000000e+000  0.000000e+000  0.000000e+000  0.000000e+000  0.000000e+000  0.000000e+000  0.000000e+000  0.000000e+000  0.000000e+000  0.000000e+000  0.000000e+000  0.000000e+000  0.000000e+000  0.000000e+000  0.000000e+000  0.000000e+000  0.000000e+000  0.000000e+000  0.000000e+000  0.000000e+000  0.000000e+000  0.000000e+000  
0.000000e+000  0.000000e+000  0.000000e+000  0.000000e+000  0.000000e+000  0.000000e+000  0.000000e+000  0.000000e+000  0.000000e+000  0.000000e+000  0.000000e+000  0.000000e+000  0.000000e+000  0.000000e+000  0.000000e+000  0.000000e+000  0.000000e+000  0.000000e+000  0.000000e+000  0.000000e+000  0.000000e+000  0.000000e+000  0.000000e+000  

0.000000e+000  0.000000e+000  0.000000e+000  0.000000e+000  0.000000e+000  0.000000e+000  0.000000e+000  0.000000e+000  0.000000e+000  0.000000e+000  0.000000e+000  0.000000e+000  0.000000e+000  0.000000e+000  0.000000e+000  0.000000e+000  0.000000e+000  0.000000e+000  0.000000e+000  0.000000e+000  0.000000e+000  0.000000e+000  0.000000e+000  
0.000000e+000  0.000000e+000  0.000000e+000  0.000000e+000  0.000000e+000  0.000000e+000  0.000000e+000  0.000000e+000  0.000000e+000  0.000000e+000  0.000000e+000  0.000000e+000  0.000000e+000  0.000000e+000  0.000000e+000  0.000000e+000  0.000000e+000  0.000000e+000  0.000000e+000  0.000000e+000  0.000000e+000  0.000000e+000  0.000000e+000  
0.000000e+000  0.000000e+000  0.000000e+000  0.000000e+000  0.000000e+000  0.000000e+000  0.000000e+000  0.000000e+000  0.000000e+000  0.000000e+000  0.000000e+000  0.000000e+000  0.000000e+000  0.000000e+000  0.000000e+000  0.000000e+000  0.000000e+000  0.000000e+000  0.000000e+000  0.000000e+000  0.000000e+000  0.000000e+000  0.000000e+000  
0.000000e+000  0.000000e+000  0.000000e+000  0.000000e+000  0.000000e+000  0.000000e+000  0.000000e+000  0.000000e+000  0.000000e+000  0.000000e+000  0.000000e+000  0.000000e+000  0.000000e+000  0.000000e+000  0.000000e+000  0.000000e+000  0.000000e+000  0.000000e+000  0.000000e+000  0.000000e+000  0.000000e+000  0.000000e+000  0.000000e+000  
0.000000e+000  0.000000e+000  0.000000e+000  0.000000e+000  0.000000e+000  0.000000e+000  0.000000e+000  0.000000e+000  0.000000e+000  0.000000e+000  0.000000e+000  0.000000e+000  0.000000e+000  0.000000e+000  0.000000e+000  0.000000e+000  0.000000e+000  0.000000e+000  0.000000e+000  0.000000e+000  0.000000e+000  0.000000e+000  0.000000e+000  
0.000000e+000  0.000000e+000  0.000000e+000  0.000000e+000  0.000000e+000  0.000000e+000  0.000000e+000  0.000000e+000  0.000000e+000  0.000000e+000  0.000000e+000  0.000000e+000  0.000000e+000  0.000000e+000  0.000000e+000  0.000000e+000  0.000000e+000  0.000000e+000  0.000000e+000  0.000000e+000  0.000000e+000  0.000000e+000  0.000000e+000  
0.000000e+000  0.000000e+000  0.000000e+000  0.000000e+000  0.000000e+000  0.000000e+000  0.000000e+000  0.000000e+000  0.000000e+000  0.000000e+000  0.000000e+000  0.000000e+000  0.000000e+000  0.000000e+000  0.000000e+000  0.000000e+000  0.000000e+000  0.000000e+000  0.000000e+000  0.000000e+000  0.000000e+000  0.000000e+000  0.000000e+000  
0.000000e+000  0.000000e+000  0.000000e+000  0.000000e+000  0.000000e+000  0.000000e+000  0.000000e+000  0.000000e+000  0.000000e+000  0.000000e+000  0.000000e+000  0.000000e+000  0.000000e+000  0.000000e+000  0.000000e+000  0.000000e+000  0.000000e+000  0.000000e+000  0.000000e+000  0.000000e+000  0.000000e+000  0.000000e+000  0.000000e+000  
0.000000e+000  0.000000e+000  0.000000e+000  0.000000e+000  0.000000e+000  0.000000e+000  0.000000e+000  0.000000e+000  0.000000e+000  0.000000e+000  0.000000e+000  0.000000e+000  0.000000e+000  0.000000e+000  0.000000e+000  0.000000e+000  0.000000e+000  0.000000e+000  0.000000e+000  0.000000e+000  0.000000e+000  0.000000e+000  0.000000e+000  
0.000000e+000  0.000000e+000  0.000000e+000  0.000000e+000  0.000000e+000  0.000000e+000  0.000000e+000  0.000000e+000  0.000000e+000  0.000000e+000  0.000000e+000  0.000000e+000  0.000000e+000  0.000000e+000  0.000000e+000  0.000000e+000  0.000000e+000  0.000000e+000  0.000000e+000  0.000000e+000  0.000000e+000  0.000000e+000  0.000000e+000  
0.000000e+000  0.000000e+000  0.000000e+000  0.000000e+000  0.000000e+000  0.000000e+000  0.000000e+000  0.000000e+000  0.000000e+000  0.000000e+000  0.000000e+000  0.000000e+000  0.000000e+000  0.000000e+000  0.000000e+000  0.000000e+000  0.000000e+000  0.000000e+000  0.000000e+000  0.000000e+000  0.000000e+000  0.000000e+000  0.000000e+000  
0.000000e+000  0.000000e+000  0.000000e+000  0.000000e+000  0.000000e+000  0.000000e+000  0.000000e+000  0.000000e+000  0.000000e+000  0.000000e+000  0.000000e+000  0.000000e+000  0.000000e+000  0.000000e+000  0.000000e+000  0.000000e+000  0.000000e+000  0.000000e+000  0.000000e+000  0.000000e+000  0.000000e+000  0.000000e+000  0.000000e+000  
0.000000e+000  0.000000e+000  0.000000e+000  0.000000e+000  0.000000e+000  0.000000e+000  0.000000e+000  0.000000e+000  0.000000e+000  0.000000e+000  0.000000e+000  0.000000e+000  0.000000e+000  0.000000e+000  0.000000e+000  0.000000e+000  0.000000e+000  0.000000e+000  0.000000e+000  0.000000e+000  0.000000e+000  0.000000e+000  0.000000e+000  
0.000000e+000  0.000000e+000  0.000000e+000  0.000000e+000  0.000000e+000  0.000000e+000  0.000000e+000  0.000000e+000  0.000000e+000  0.000000e+000  0.000000e+000  0.000000e+000  0.000000e+000  0.000000e+000  0.000000e+000  0.000000e+000  0.000000e+000  0.000000e+000  0.000000e+000  0.000000e+000  0.000000e+000  0.000000e+000  0.000000e+000  
0.000000e+000  0.000000e+000  0.000000e+000  0.000000e+000  0.000000e+000  0.000000e+000  0.000000e+000  0.000000e+000  0.000000e+000  0.000000e+000  0.000000e+000  0.000000e+000  0.000000e+000  0.000000e+000  0.000000e+000  0.000000e+000  0.000000e+000  0.000000e+000  0.000000e+000  0.000000e+000  0.000000e+000  0.000000e+000  0.000000e+000  
0.000000e+000  0.000000e+000  0.000000e+000  0.000000e+000  0.000000e+000  0.000000e+000  0.000000e+000  0.000000e+000  0.000000e+000  0.000000e+000  0.000000e+000  0.000000e+000  0.000000e+000  0.000000e+000  0.000000e+000  0.000000e+000  0.000000e+000  0.000000e+000  0.000000e+000  0.000000e+000  0.000000e+000  0.000000e+000  0.000000e+000  
0.000000e+000  0.000000e+000  0.000000e+000  0.000000e+000  0.000000e+000  0.000000e+000  0.000000e+000  0.000000e+000  0.000000e+000  0.000000e+000  0.000000e+000  0.000000e+000  0.000000e+000  0.000000e+000  0.000000e+000  0.000000e+000  0.000000e+000  0.000000e+000  0.000000e+000  0.000000e+000  0.000000e+000  0.000000e+000  0.000000e+000  
0.000000e+000  0.000000e+000  0.000000e+000  0.000000e+000  0.000000e+000  0.000000e+000  0.000000e+000  0.000000e+000  0.000000e+000  0.000000e+000  0.000000e+000  0.000000e+000  0.000000e+000  0.000000e+000  0.000000e+000  0.000000e+000  0.000000e+000  0.000000e+000  0.000000e+000  0.000000e+000  0.000000e+000  0.000000e+000  0.000000e+000  
0.000000e+000  0.000000e+000  0.000000e+000  0.000000e+000  0.000000e+000  0.000000e+000  0.000000e+000  0.000000e+000  0.000000e+000  0.000000e+000  0.000000e+000  0.000000e+000  0.000000e+000  0.000000e+000  0.000000e+000  0.000000e+000  0.000000e+000  0.000000e+000  0.000000e+000  0.000000e+000  0.000000e+000  0.000000e+000  0.000000e+000  
0.000000e+000  0.000000e+000  0.000000e+000  0.000000e+000  0.000000e+000  0.000000e+000  0.000000e+000  0.000000e+000  0.000000e+000  0.000000e+000  0.000000e+000  0.000000e+000  0.000000e+000  0.000000e+000  0.000000e+000  0.000000e+000  0.000000e+000  0.000000e+000  0.000000e+000  0.000000e+000  0.000000e+000  0.000000e+000  0.000000e+000  
0.000000e+000  0.000000e+000  0.000000e+000  0.000000e+000  0.000000e+000  0.000000e+000  0.000000e+000  0.000000e+000  0.000000e+000  0.000000e+000  0.000000e+000  0.000000e+000  0.000000e+000  0.000000e+000  0.000000e+000  0.000000e+000  0.000000e+000  0.000000e+000  0.000000e+000  0.000000e+000  0.000000e+000  0.000000e+000  0.000000e+000  
0.000000e+000  0.000000e+000  0.000000e+000  0.000000e+000  0.000000e+000  0.000000e+000  0.000000e+000  0.000000e+000  0.000000e+000  0.000000e+000  0.000000e+000  0.000000e+000  0.000000e+000  0.000000e+000  0.000000e+000  0.000000e+000  0.000000e+000  0.000000e+000  0.000000e+000  0.000000e+000  0.000000e+000  0.000000e+000  0.000000e+000  
0.000000e+000  0.000000e+000  0.000000e+000  0.000000e+000  0.000000e+000  0.000000e+000  0.000000e+000  0.000000e+000  0.000000e+000  0.000000e+000  0.000000e+000  0.000000e+000  0.000000e+000  0.000000e+000  0.000000e+000  0.000000e+000  0.000000e+000  0.000000e+000  0.000000e+000  0.000000e+000  0.000000e+000  0.000000e+000  0.000000e+000  

0.000000e+000  0.000000e+000  0.000000e+000  0.000000e+000  0.000000e+000  0.000000e+000  0.000000e+000  0.000000e+000  0.000000e+000  0.000000e+000  0.000000e+000  0.000000e+000  0.000000e+000  0.000000e+000  0.000000e+000  0.000000e+000  0.000000e+000  0.000000e+000  0.000000e+000  0.000000e+000  0.000000e+000  0.000000e+000  0.000000e+000  
0.000000e+000  0.000000e+000  0.000000e+000  0.000000e+000  0.000000e+000  0.000000e+000  0.000000e+000  0.000000e+000  0.000000e+000  0.000000e+000  0.000000e+000  0.000000e+000  0.000000e+000  0.000000e+000  0.000000e+000  0.000000e+000  0.000000e+000  0.000000e+000  0.000000e+000  0.000000e+000  0.000000e+000  0.000000e+000  0.000000e+000  
0.000000e+000  0.000000e+000  0.000000e+000  0.000000e+000  0.000000e+000  0.000000e+000  0.000000e+000  0.000000e+000  0.000000e+000  0.000000e+000  0.000000e+000  0.000000e+000  0.000000e+000  0.000000e+000  0.000000e+000  0.000000e+000  0.000000e+000  0.000000e+000  0.000000e+000  0.000000e+000  0.000000e+000  0.000000e+000  0.000000e+000  
0.000000e+000  0.000000e+000  0.000000e+000  0.000000e+000  0.000000e+000  0.000000e+000  0.000000e+000  0.000000e+000  0.000000e+000  0.000000e+000  0.000000e+000  0.000000e+000  0.000000e+000  0.000000e+000  0.000000e+000  0.000000e+000  0.000000e+000  0.000000e+000  0.000000e+000  0.000000e+000  0.000000e+000  0.000000e+000  0.000000e+000  
0.000000e+000  0.000000e+000  0.000000e+000  0.000000e+000  0.000000e+000  0.000000e+000  0.000000e+000  0.000000e+000  0.000000e+000  0.000000e+000  0.000000e+000  0.000000e+000  0.000000e+000  0.000000e+000  0.000000e+000  0.000000e+000  0.000000e+000  0.000000e+000  0.000000e+000  0.000000e+000  0.000000e+000  0.000000e+000  0.000000e+000  
0.000000e+000  0.000000e+000  0.000000e+000  0.000000e+000  0.000000e+000  0.000000e+000  0.000000e+000  0.000000e+000  0.000000e+000  0.000000e+000  0.000000e+000  0.000000e+000  0.000000e+000  0.000000e+000  0.000000e+000  0.000000e+000  0.000000e+000  0.000000e+000  0.000000e+000  0.000000e+000  0.000000e+000  0.000000e+000  0.000000e+000  
0.000000e+000  0.000000e+000  0.000000e+000  0.000000e+000  0.000000e+000  0.000000e+000  0.000000e+000  0.000000e+000  0.000000e+000  0.000000e+000  0.000000e+000  0.000000e+000  0.000000e+000  0.000000e+000  0.000000e+000  0.000000e+000  0.000000e+000  0.000000e+000  0.000000e+000  0.000000e+000  0.000000e+000  0.000000e+000  0.000000e+000  
0.000000e+000  0.000000e+000  0.000000e+000  0.000000e+000  0.000000e+000  0.000000e+000  0.000000e+000  0.000000e+000  0.000000e+000  0.000000e+000  0.000000e+000  0.000000e+000  0.000000e+000  0.000000e+000  0.000000e+000  0.000000e+000  0.000000e+000  0.000000e+000  0.000000e+000  0.000000e+000  0.000000e+000  0.000000e+000  0.000000e+000  
0.000000e+000  0.000000e+000  0.000000e+000  0.000000e+000  0.000000e+000  0.000000e+000  0.000000e+000  0.000000e+000  0.000000e+000  0.000000e+000  0.000000e+000  0.000000e+000  0.000000e+000  0.000000e+000  0.000000e+000  0.000000e+000  0.000000e+000  0.000000e+000  0.000000e+000  0.000000e+000  0.000000e+000  0.000000e+000  0.000000e+000  
0.000000e+000  0.000000e+000  0.000000e+000  0.000000e+000  0.000000e+000  0.000000e+000  0.000000e+000  0.000000e+000  0.000000e+000  0.000000e+000  0.000000e+000  0.000000e+000  0.000000e+000  0.000000e+000  0.000000e+000  0.000000e+000  0.000000e+000  0.000000e+000  0.000000e+000  0.000000e+000  0.000000e+000  0.000000e+000  0.000000e+000  
0.000000e+000  0.000000e+000  0.000000e+000  0.000000e+000  0.000000e+000  0.000000e+000  0.000000e+000  0.000000e+000  0.000000e+000  0.000000e+000  0.000000e+000  0.000000e+000  0.000000e+000  0.000000e+000  0.000000e+000  0.000000e+000  0.000000e+000  0.000000e+000  0.000000e+000  0.000000e+000  0.000000e+000  0.000000e+000  0.000000e+000  
0.000000e+000  0.000000e+000  0.000000e+000  0.000000e+000  0.000000e+000  0.000000e+000  0.000000e+000  0.000000e+000  0.000000e+000  0.000000e+000  0.000000e+000  0.000000e+000  0.000000e+000  0.000000e+000  0.000000e+000  0.000000e+000  0.000000e+000  0.000000e+000  0.000000e+000  0.000000e+000  0.000000e+000  0.000000e+000  0.000000e+000  
0.000000e+000  0.000000e+000  0.000000e+000  0.000000e+000  0.000000e+000  0.000000e+000  0.000000e+000  0.000000e+000  0.000000e+000  0.000000e+000  0.000000e+000  0.000000e+000  0.000000e+000  0.000000e+000  0.000000e+000  0.000000e+000  0.000000e+000  0.000000e+000  0.000000e+000  0.000000e+000  0.000000e+000  0.000000e+000  0.000000e+000  
0.000000e+000  0.000000e+000  0.000000e+000  0.000000e+000  0.000000e+000  0.000000e+000  0.000000e+000  0.000000e+000  0.000000e+000  0.000000e+000  0.000000e+000  0.000000e+000  0.000000e+000  0.000000e+000  0.000000e+000  0.000000e+000  0.000000e+000  0.000000e+000  0.000000e+000  0.000000e+000  0.000000e+000  0.000000e+000  0.000000e+000  
0.000000e+000  0.000000e+000  0.000000e+000  0.000000e+000  0.000000e+000  0.000000e+000  0.000000e+000  0.000000e+000  0.000000e+000  0.000000e+000  0.000000e+000  0.000000e+000  0.000000e+000  0.000000e+000  0.000000e+000  0.000000e+000  0.000000e+000  0.000000e+000  0.000000e+000  0.000000e+000  0.000000e+000  0.000000e+000  0.000000e+000  
0.000000e+000  0.000000e+000  0.000000e+000  0.000000e+000  0.000000e+000  0.000000e+000  0.000000e+000  0.000000e+000  0.000000e+000  0.000000e+000  0.000000e+000  0.000000e+000  0.000000e+000  0.000000e+000  0.000000e+000  0.000000e+000  0.000000e+000  0.000000e+000  0.000000e+000  0.000000e+000  0.000000e+000  0.000000e+000  0.000000e+000  
0.000000e+000  0.000000e+000  0.000000e+000  0.000000e+000  0.000000e+000  0.000000e+000  0.000000e+000  0.000000e+000  0.000000e+000  0.000000e+000  0.000000e+000  0.000000e+000  0.000000e+000  0.000000e+000  0.000000e+000  0.000000e+000  0.000000e+000  0.000000e+000  0.000000e+000  0.000000e+000  0.000000e+000  0.000000e+000  0.000000e+000  
0.000000e+000  0.000000e+000  0.000000e+000  0.000000e+000  0.000000e+000  0.000000e+000  0.000000e+000  0.000000e+000  0.000000e+000  0.000000e+000  0.000000e+000  0.000000e+000  0.000000e+000  0.000000e+000  0.000000e+000  0.000000e+000  0.000000e+000  0.000000e+000  0.000000e+000  0.000000e+000  0.000000e+000  0.000000e+000  0.000000e+000  
0.000000e+000  0.000000e+000  0.000000e+000  0.000000e+000  0.000000e+000  0.000000e+000  0.000000e+000  0.000000e+000  0.000000e+000  0.000000e+000  0.000000e+000  0.000000e+000  0.000000e+000  0.000000e+000  0.000000e+000  0.000000e+000  0.000000e+000  0.000000e+000  0.000000e+000  0.000000e+000  0.000000e+000  0.000000e+000  0.000000e+000  
0.000000e+000  0.000000e+000  0.000000e+000  0.000000e+000  0.000000e+000  0.000000e+000  0.000000e+000  0.000000e+000  0.000000e+000  0.000000e+000  0.000000e+000  0.000000e+000  0.000000e+000  0.000000e+000  0.000000e+000  0.000000e+000  0.000000e+000  0.000000e+000  0.000000e+000  0.000000e+000  0.000000e+000  0.000000e+000  0.000000e+000  
0.000000e+000  0.000000e+000  0.000000e+000  0.000000e+000  0.000000e+000  0.000000e+000  0.000000e+000  0.000000e+000  0.000000e+000  0.000000e+000  0.000000e+000  0.000000e+000  0.000000e+000  0.000000e+000  0.000000e+000  0.000000e+000  0.000000e+000  0.000000e+000  0.000000e+000  0.000000e+000  0.000000e+000  0.000000e+000  0.000000e+000  
0.000000e+000  0.000000e+000  0.000000e+000  0.000000e+000  0.000000e+000  0.000000e+000  0.000000e+000  0.000000e+000  0.000000e+000  0.000000e+000  0.000000e+000  0.000000e+000  0.000000e+000  0.000000e+000  0.000000e+000  0.000000e+000  0.000000e+000  0.000000e+000  0.000000e+000  0.000000e+000  0.000000e+000  0.000000e+000  0.000000e+000  
0.000000e+000  0.000000e+000  0.000000e+000  0.000000e+000  0.000000e+000  0.000000e+000  0.000000e+000  0.000000e+000  0.000000e+000  0.000000e+000  0.000000e+000  0.000000e+000  0.000000e+000  0.000000e+000  0.000000e+000  0.000000e+000  0.000000e+000  0.000000e+000  0.000000e+000  0.000000e+000  0.000000e+000  0.000000e+000  0.000000e+000  

1.822153e-006  6.625272e-003  1.987315e-002  3.916607e-002  5.757655e-002  7.572351e-002  9.961398e-002  7.114279e-002  5.017741e-002  3.357769e-002  1.247705e-002  -1.247705e-002  -3.357769e-002  -5.017741e-002  -7.114279e-002  -9.961398e-002  -7.572351e-002  -5.757655e-002  -3.916607e-002  -1.987315e-002  -6.625272e-003  -1.822227e-006  -0.000000e+000  
-6.621628e-003  1.820531e-006  1.383104e-002  3.735928e-002  4.064357e-002  4.483346e-002  4.673790e-002  4.111875e-002  3.271417e-002  2.344692e-002  9.296785e-003  -9.296785e-003  -2.344692e-002  -3.271417e-002  -4.111875e-002  -4.673790e-002  -4.483346e-002  -4.064357e-002  -3.735928e-002  -1.383104e-002  -1.820608e-006  6.621628e-003  -0.000000e+000  
-1.986950e-002  -1.382740e-002  1.875539e-006  1.502692e-002  2.081454e-002  2.331480e-002  2.395561e-002  2.223606e-002  1.870120e-002  1.398063e-002  5.843122e-003  -5.843122e-003  -1.398063e-002  -1.870120e-002  -2.223606e-002  -2.395561e-002  -2.331480e-002  -2.081454e-002  -1.502692e-002  -1.875601e-006  1.382740e-002  1.986950e-002  -0.000000e+000  
-3.916241e-002  -3.735558e-002  -1.502258e-002  2.614028e-006  6.417896e-003  9.233634e-003  1.061453e-002  1.061435e-002  9.430841e-003  7.331999e-003  3.225602e-003  -3.225602e-003  -7.332000e-003  -9.430841e-003  -1.061435e-002  -1.061453e-002  -9.233634e-003  -6.417896e-003  -2.614100e-006  1.502258e-002  3.735558e-002  3.916241e-002  -0.000000e+000  
-5.757284e-002  -4.063974e-002  -2.080996e-002  -6.411999e-003  3.676468e-006  2.977186e-003  4.751884e-003  5.447927e-003  5.223993e-003  4.261777e-003  1.994413e-003  -1.994413e-003  -4.261777e-003  -5.223993e-003  -5.447927e-003  -4.751884e-003  -2.977186e-003  -3.676546e-006  6.411999e-003  2.080996e-002  4.063974e-002  5.757284e-002  -0.000000e+000  
-7.571965e-002  -4.482961e-002  -2.331019e-002  -9.227445e-003  -2.968863e-003  5.031421e-006  1.922102e-003  2.923615e-003  3.157700e-003  2.764333e-003  1.415026e-003  -1.415026e-003  -2.764333e-003  -3.157701e-003  -2.923615e-003  -1.922102e-003  -5.031528e-006  2.968863e-003  9.227445e-003  2.331019e-002  4.482961e-002  7.571965e-002  -0.000000e+000  
-9.960983e-002  -4.673418e-002  -2.395120e-002  -1.060837e-002  -4.742908e-003  -1.910299e-003  7.871233e-006  1.166724e-003  1.718852e-003  1.773072e-003  1.093370e-003  -1.093370e-003  -1.773072e-003  -1.718852e-003  -1.166724e-003  -7.871298e-006  1.910299e-003  4.742907e-003  1.060837e-002  2.395120e-002  4.673418e-002  9.960983e-002  -0.000000e+000  
-7.113939e-002  -4.111544e-002  -2.223209e-002  -1.060871e-002  -5.439248e-003  -2.911187e-003  -1.147042e-003  1.655270e-005  7.779081e-004  1.289185e-003  1.091816e-003  -1.091816e-003  -1.289185e-003  -7.779081e-004  -1.655274e-005  1.147041e-003  2.911187e-003  5.439248e-003  1.060870e-002  2.223209e-002  4.111544e-002  7.113939e-002  -0.000000e+000  
-5.017474e-002  -3.271145e-002  -1.869794e-002  -9.426314e-003  -5.217338e-003  -3.148151e-003  -1.701400e-003  -7.313795e-004  8.704001e-005  2.144375e-003  -0.000000e+000  -0.000000e+000  -2.144372e-003  -8.704000e-005  7.313794e-004  1.701400e-003  3.148151e-003  5.217338e-003  9.426314e-003  1.869794e-002  3.271145e-002  5.017474e-002  -0.000000e+000  
-3.357577e-002  -2.344492e-002  -1.397826e-002  -7.328979e-003  -4.258622e-003  -2.762669e-003  -1.779023e-003  -1.327709e-003  -3.404182e-003  -0.000000e+000  -0.000000e+000  -0.000000e+000  -0.000000e+000  3.404178e-003  1.327709e-003  1.779023e-003  2.762669e-003  4.258621e-003  7.328979e-003  1.397826e-002  2.344492e-002  3.357577e-002  -0.000000e+000  
-1.247627e-002  -9.295966e-003  -5.842201e-003  -3.224663e-003  -1.994135e-003  -1.416009e-003  -1.096987e-003  -1.099098e-003  -0.000000e+000  -0.000000e+000  -0.000000e+000  -0.000000e+000  -0.000000e+000  -0.000000e+000  1.099098e-003  1.096987e-003  1.416009e-003  1.994135e-003  3.224663e-003  5.842201e-003  9.295966e-003  1.247627e-002  -0.000000e+000  
1.247627e-002  9.295966e-003  5.842202e-003  3.224663e-003  1.994135e-003  1.416010e-003  1.096987e-003  1.099098e-003  -0.000000e+000  -0.000000e+000  -0.000000e+000  -0.000000e+000  -0.000000e+000  -0.000000e+000  -1.099098e-003  -1.096987e-003  -1.416010e-003  -1.994135e-003  -3.224664e-003  -5.842202e-003  -9.295966e-003  -1.247627e-002  -0.000000e+000  
3.357577e-002  2.344492e-002  1.397827e-002  7.328979e-003  4.258622e-003  2.762670e-003  1.779023e-003  1.327710e-003  3.404170e-003  -0.000000e+000  -0.000000e+000  -0.000000e+000  -0.000000e+000  -3.404172e-003  -1.327710e-003  -1.779023e-003  -2.762670e-003  -4.258622e-003  -7.328979e-003  -1.397827e-002  -2.344492e-002  -3.357577e-002  -0.000000e+000  
5.017474e-002  3.271145e-002  1.869794e-002  9.426314e-003  5.217338e-003  3.148151e-003  1.701400e-003  7.313799e-004  -8.703994e-005  -2.144371e-003  -0.000000e+000  -0.000000e+000  2.144374e-003  8.703980e-005  -7.313800e-004  -1.701400e-003  -3.148151e-003  -5.217338e-003  -9.426314e-003  -1.869794e-002  -3.271145e-002  -5.017474e-002  -0.000000e+000  
7.113939e-002  4.111544e-002  2.223209e-002  1.060871e-002  5.439249e-003  2.911187e-003  1.147042e-003  -1.655245e-005  -7.779078e-004  -1.289185e-003  -1.091815e-003  1.091815e-003  1.289185e-003  7.779078e-004  1.655232e-005  -1.147042e-003  -2.911187e-003  -5.439249e-003  -1.060871e-002  -2.223209e-002  -4.111544e-002  -7.113939e-002  -0.000000e+000  
9.960983e-002  4.673418e-002  2.395120e-002  1.060837e-002  4.742908e-003  1.910300e-003  -7.870886e-006  -1.166723e-003  -1.718852e-003  -1.773072e-003  -1.093369e-003  1.093369e-003  1.773072e-003  1.718852e-003  1.166723e-003  7.870799e-006  -1.910300e-003  -4.742908e-003  -1.060837e-002  -2.395120e-002  -4.673418e-002  -9.960983e-002  -0.000000e+000  
7.571965e-002  4.482961e-002  2.331020e-002  9.227445e-003  2.968863e-003  -5.031173e-006  -1.922102e-003  -2.923615e-003  -3.157700e-003  -2.764333e-003  -1.415026e-003  1.415026e-003  2.764333e-003  3.157700e-003  2.923615e-003  1.922101e-003  5.031109e-006  -2.968863e-003  -9.227445e-003  -2.331020e-002  -4.482961e-002  -7.571965e-002  -0.000000e+000  
5.757284e-002  4.063974e-002  2.080996e-002  6.411999e-003  -3.676221e-006  -2.977186e-003  -4.751884e-003  -5.447927e-003  -5.223992e-003  -4.261777e-003  -1.994413e-003  1.994413e-003  4.261777e-003  5.223992e-003  5.447927e-003  4.751884e-003  2.977185e-003  3.676196e-006  -6.411999e-003  -2.080996e-002  -4.063974e-002  -5.757284e-002  -0.000000e+000  
3.916241e-002  3.735558e-002  1.502258e-002  -2.613788e-006  -6.417896e-003  -9.233633e-003  -1.061453e-002  -1.061435e-002  -9.430841e-003  -7.331999e-003  -3.225602e-003  3.225602e-003  7.331999e-003  9.430841e-003  1.061435e-002  1.061453e-002  9.233633e-003  6.417896e-003  2.613737e-006  -1.502258e-002  -3.735558e-002  -3.916241e-002  -0.000000e+000  
1.986950e-002  1.382740e-002  -1.875320e-006  -1.502692e-002  -2.081454e-002  -2.331480e-002  -2.395561e-002  -2.223606e-002  -1.870120e-002  -1.398063e-002  -5.843122e-003  5.843122e-003  1.398063e-002  1.870120e-002  2.223606e-002  2.395561e-002  2.331480e-002  2.081454e-002  1.502692e-002  1.875249e-006  -1.382740e-002  -1.986950e-002  -0.000000e+000  
6.621628e-003  -1.820317e-006  -1.383104e-002  -3.735928e-002  -4.064357e-002  -4.483346e-002  -4.673790e-002  -4.111875e-002  -3.271417e-002  -2.344692e-002  -9.296785e-003  9.296785e-003  2.344692e-002  3.271417e-002  4.111875e-002  4.673790e-002  4.483346e-002  4.064357e-002  3.735928e-002  1.383104e-002  1.820250e-006  -6.621628e-003  -0.000000e+000  
-1.821922e-006  -6.625272e-003  -1.987315e-002  -3.916607e-002  -5.757655e-002  -7.572351e-002  -9.961398e-002  -7.114279e-002  -5.017741e-002  -3.357769e-002  -1.247705e-002  1.247705e-002  3.357769e-002  5.017741e-002  7.114279e-002  9.961398e-002  7.572351e-002  5.757655e-002  3.916607e-002  1.987315e-002  6.625272e-003  1.821881e-006  -0.000000e+000  
-0.000000e+000  -0.000000e+000  -0.000000e+000  -0.000000e+000  -0.000000e+000  -0.000000e+000  -0.000000e+000  -0.000000e+000  -0.000000e+000  -0.000000e+000  -0.000000e+000  -0.000000e+000  -0.000000e+000  -0.000000e+000  -0.000000e+000  -0.000000e+000  -0.000000e+000  -0.000000e+000  -0.000000e+000  -0.000000e+000  -0.000000e+000  -0.000000e+000  -0.000000e+000  

