Port monitor named: Port1_e1.prt

nx        = 25
ny        = 4
nz        = 25

nu        = 23
nv        = 23
iu        = 2
iv        = 2

idir      = 1
dcut      = 2.505000e-002
icut      = 3
type      = 0
frequency = 2.350000e+009

fcutoff   = 0.000000e+000
alpha     = 0.000000e+000
beta      = 6.821931e+001
accuracy  = 2.586559e-012

type          = QTEM
wave imp.     = 2.634473e+002
wave imp.sig. = 4.406387e-003
line imp.     = 5.425648e+001

ref. port     = 0

-0.000000e+000  -0.000000e+000  -0.000000e+000  -0.000000e+000  -0.000000e+000  -0.000000e+000  -0.000000e+000  -0.000000e+000  -0.000000e+000  -0.000000e+000  -0.000000e+000  -0.000000e+000  -0.000000e+000  -0.000000e+000  -0.000000e+000  -0.000000e+000  -0.000000e+000  -0.000000e+000  -0.000000e+000  -0.000000e+000  -0.000000e+000  -0.000000e+000  -0.000000e+000  
-9.725951e+002  -9.726532e+002  -9.803260e+002  -9.651612e+002  -3.511695e+002  -3.539582e+001  3.424838e+002  5.837738e+001  -5.909104e+001  -8.665258e+001  -5.317734e+001  5.317734e+001  8.665258e+001  5.909104e+001  -5.837738e+001  -3.424838e+002  3.539582e+001  3.511695e+002  9.651612e+002  9.803260e+002  9.726532e+002  9.725951e+002  -0.000000e+000  
-1.945275e+003  -1.937835e+003  -1.492658e+003  -8.229083e+002  -7.993659e+002  -7.124324e+002  -6.066677e+002  -5.497977e+002  -4.778089e+002  -3.728177e+002  -1.680751e+002  1.680751e+002  3.728177e+002  4.778089e+002  5.497977e+002  6.066677e+002  7.124324e+002  7.993659e+002  8.229083e+002  1.492658e+003  1.937835e+003  1.945275e+003  -0.000000e+000  
-2.925683e+003  -2.450226e+003  -1.581290e+003  -1.581521e+003  -1.532508e+003  -1.464785e+003  -1.360234e+003  -1.218442e+003  -1.028532e+003  -7.849936e+002  -3.461313e+002  3.461313e+002  7.849936e+002  1.028532e+003  1.218442e+003  1.360234e+003  1.464785e+003  1.532508e+003  1.581521e+003  1.581290e+003  2.450226e+003  2.925683e+003  -0.000000e+000  
-3.891005e+003  -2.308142e+003  -2.339963e+003  -2.405697e+003  -2.405820e+003  -2.364440e+003  -2.262747e+003  -2.079546e+003  -1.793753e+003  -1.393308e+003  -6.312965e+002  6.312965e+002  1.393308e+003  1.793753e+003  2.079546e+003  2.262747e+003  2.364440e+003  2.405820e+003  2.405697e+003  2.339963e+003  2.308142e+003  3.891005e+003  -0.000000e+000  
-4.066713e+003  -2.532325e+003  -2.706573e+003  -2.842364e+003  -2.904659e+003  -2.904725e+003  -2.836257e+003  -2.663978e+003  -2.348335e+003  -1.858803e+003  -8.663431e+002  8.663431e+002  1.858803e+003  2.348335e+003  2.663978e+003  2.836257e+003  2.904725e+003  2.904659e+003  2.842364e+003  2.706573e+003  2.532325e+003  4.066713e+003  -0.000000e+000  
-4.084578e+003  -2.870934e+003  -3.082789e+003  -3.292206e+003  -3.444956e+003  -3.513536e+003  -3.513571e+003  -3.391766e+003  -3.076798e+003  -2.496402e+003  -1.203739e+003  1.203739e+003  2.496402e+003  3.076798e+003  3.391766e+003  3.513571e+003  3.513536e+003  3.444956e+003  3.292206e+003  3.082789e+003  2.870934e+003  4.084578e+003  -0.000000e+000  
-3.913562e+003  -3.345596e+003  -3.459606e+003  -3.743477e+003  -4.018495e+003  -4.190881e+003  -4.312717e+003  -4.312708e+003  -4.070682e+003  -3.415374e+003  -1.712113e+003  1.712113e+003  3.415374e+003  4.070682e+003  4.312708e+003  4.312717e+003  4.190881e+003  4.018495e+003  3.743477e+003  3.459606e+003  3.345596e+003  3.913562e+003  -0.000000e+000  
-3.884527e+003  -3.649755e+003  -3.793948e+003  -4.174032e+003  -4.602983e+003  -4.918764e+003  -5.233696e+003  -5.475654e+003  -5.477835e+003  -5.277840e+003  -0.000000e+000  -0.000000e+000  5.277840e+003  5.477835e+003  5.475654e+003  5.233696e+003  4.918764e+003  4.602983e+003  4.174032e+003  3.793948e+003  3.649755e+003  3.884527e+003  -0.000000e+000  
-3.914174e+003  -3.859162e+003  -4.069307e+003  -4.556613e+003  -5.157646e+003  -5.647481e+003  -6.227636e+003  -6.878360e+003  -7.146052e+003  -0.000000e+000  -0.000000e+000  -0.000000e+000  -0.000000e+000  7.146052e+003  6.878360e+003  6.227636e+003  5.647481e+003  5.157646e+003  4.556613e+003  4.069307e+003  3.859162e+003  3.914174e+003  -0.000000e+000  
-3.957563e+003  -4.002270e+003  -4.275364e+003  -4.860664e+003  -5.623149e+003  -6.285861e+003  -7.150991e+003  -8.297206e+003  -0.000000e+000  -0.000000e+000  -0.000000e+000  -0.000000e+000  -0.000000e+000  -0.000000e+000  8.297206e+003  7.150991e+003  6.285861e+003  5.623149e+003  4.860664e+003  4.275364e+003  4.002270e+003  3.957563e+003  -0.000000e+000  
-4.010778e+003  -4.117163e+003  -4.453289e+003  -5.145216e+003  -6.090945e+003  -6.955312e+003  -8.154385e+003  -9.855133e+003  -0.000000e+000  -0.000000e+000  -0.000000e+000  -0.000000e+000  -0.000000e+000  -0.000000e+000  9.855133e+003  8.154385e+003  6.955312e+003  6.090945e+003  5.145216e+003  4.453289e+003  4.117163e+003  4.010778e+003  -0.000000e+000  
-3.957563e+003  -4.002270e+003  -4.275364e+003  -4.860664e+003  -5.623149e+003  -6.285861e+003  -7.150991e+003  -8.297206e+003  -0.000000e+000  -0.000000e+000  -0.000000e+000  -0.000000e+000  -0.000000e+000  -0.000000e+000  8.297206e+003  7.150991e+003  6.285861e+003  5.623149e+003  4.860664e+003  4.275364e+003  4.002270e+003  3.957563e+003  -0.000000e+000  
-3.914174e+003  -3.859162e+003  -4.069307e+003  -4.556613e+003  -5.157646e+003  -5.647481e+003  -6.227636e+003  -6.878360e+003  -7.146052e+003  -0.000000e+000  -0.000000e+000  -0.000000e+000  -0.000000e+000  7.146052e+003  6.878360e+003  6.227636e+003  5.647481e+003  5.157646e+003  4.556613e+003  4.069307e+003  3.859162e+003  3.914174e+003  -0.000000e+000  
-3.884527e+003  -3.649755e+003  -3.793948e+003  -4.174032e+003  -4.602983e+003  -4.918764e+003  -5.233696e+003  -5.475654e+003  -5.477835e+003  -5.277840e+003  -0.000000e+000  -0.000000e+000  5.277840e+003  5.477835e+003  5.475654e+003  5.233696e+003  4.918764e+003  4.602983e+003  4.174032e+003  3.793948e+003  3.649755e+003  3.884527e+003  -0.000000e+000  
-3.913562e+003  -3.345596e+003  -3.459606e+003  -3.743477e+003  -4.018495e+003  -4.190881e+003  -4.312717e+003  -4.312708e+003  -4.070682e+003  -3.415374e+003  -1.712113e+003  1.712113e+003  3.415374e+003  4.070682e+003  4.312708e+003  4.312717e+003  4.190881e+003  4.018495e+003  3.743477e+003  3.459606e+003  3.345596e+003  3.913562e+003  -0.000000e+000  
-4.084578e+003  -2.870934e+003  -3.082789e+003  -3.292206e+003  -3.444956e+003  -3.513536e+003  -3.513571e+003  -3.391766e+003  -3.076798e+003  -2.496402e+003  -1.203739e+003  1.203739e+003  2.496402e+003  3.076798e+003  3.391766e+003  3.513571e+003  3.513536e+003  3.444956e+003  3.292206e+003  3.082789e+003  2.870934e+003  4.084578e+003  -0.000000e+000  
-4.066713e+003  -2.532325e+003  -2.706573e+003  -2.842364e+003  -2.904659e+003  -2.904725e+003  -2.836257e+003  -2.663978e+003  -2.348335e+003  -1.858803e+003  -8.663431e+002  8.663431e+002  1.858803e+003  2.348335e+003  2.663978e+003  2.836257e+003  2.904725e+003  2.904659e+003  2.842364e+003  2.706573e+003  2.532325e+003  4.066713e+003  -0.000000e+000  
-3.891005e+003  -2.308142e+003  -2.339963e+003  -2.405697e+003  -2.405820e+003  -2.364440e+003  -2.262747e+003  -2.079546e+003  -1.793753e+003  -1.393308e+003  -6.312965e+002  6.312965e+002  1.393308e+003  1.793753e+003  2.079546e+003  2.262747e+003  2.364440e+003  2.405820e+003  2.405697e+003  2.339963e+003  2.308142e+003  3.891005e+003  -0.000000e+000  
-2.925683e+003  -2.450226e+003  -1.581290e+003  -1.581521e+003  -1.532508e+003  -1.464785e+003  -1.360234e+003  -1.218442e+003  -1.028532e+003  -7.849936e+002  -3.461313e+002  3.461313e+002  7.849936e+002  1.028532e+003  1.218442e+003  1.360234e+003  1.464785e+003  1.532508e+003  1.581521e+003  1.581290e+003  2.450226e+003  2.925683e+003  -0.000000e+000  
-1.945275e+003  -1.937835e+003  -1.492658e+003  -8.229083e+002  -7.993659e+002  -7.124324e+002  -6.066677e+002  -5.497977e+002  -4.778089e+002  -3.728177e+002  -1.680751e+002  1.680751e+002  3.728177e+002  4.778089e+002  5.497977e+002  6.066677e+002  7.124324e+002  7.993659e+002  8.229083e+002  1.492658e+003  1.937835e+003  1.945275e+003  -0.000000e+000  
-9.725951e+002  -9.726532e+002  -9.803260e+002  -9.651612e+002  -3.511695e+002  -3.539582e+001  3.424838e+002  5.837737e+001  -5.909104e+001  -8.665258e+001  -5.317734e+001  5.317734e+001  8.665258e+001  5.909104e+001  -5.837738e+001  -3.424838e+002  3.539582e+001  3.511695e+002  9.651612e+002  9.803260e+002  9.726532e+002  9.725951e+002  -0.000000e+000  
-0.000000e+000  -0.000000e+000  -0.000000e+000  -0.000000e+000  -0.000000e+000  -0.000000e+000  -0.000000e+000  -0.000000e+000  -0.000000e+000  -0.000000e+000  -0.000000e+000  -0.000000e+000  -0.000000e+000  -0.000000e+000  -0.000000e+000  -0.000000e+000  -0.000000e+000  -0.000000e+000  -0.000000e+000  -0.000000e+000  -0.000000e+000  -0.000000e+000  -0.000000e+000  

-0.000000e+000  -9.725951e+002  -1.945280e+003  -2.925701e+003  -3.891049e+003  -4.066771e+003  -4.084650e+003  -3.913645e+003  -3.884626e+003  -3.914292e+003  -3.957698e+003  -4.010935e+003  -3.957698e+003  -3.914292e+003  -3.884626e+003  -3.913645e+003  -4.084650e+003  -4.066771e+003  -3.891049e+003  -2.925701e+003  -1.945280e+003  -9.725951e+002  -0.000000e+000  
-0.000000e+000  -9.726487e+002  -1.937831e+003  -2.450228e+003  -2.308154e+003  -2.532349e+003  -2.870974e+003  -3.345661e+003  -3.649847e+003  -3.859284e+003  -4.002422e+003  -4.117364e+003  -4.002422e+003  -3.859284e+003  -3.649847e+003  -3.345661e+003  -2.870974e+003  -2.532349e+003  -2.308154e+003  -2.450228e+003  -1.937831e+003  -9.726487e+002  -0.000000e+000  
-0.000000e+000  -9.803126e+002  -1.492637e+003  -1.581269e+003  -2.339953e+003  -2.706574e+003  -3.082806e+003  -3.459646e+003  -3.794022e+003  -4.069427e+003  -4.275549e+003  -4.453633e+003  -4.275549e+003  -4.069427e+003  -3.794022e+003  -3.459646e+003  -3.082806e+003  -2.706574e+003  -2.339953e+003  -1.581269e+003  -1.492637e+003  -9.803126e+002  -0.000000e+000  
-0.000000e+000  -9.651354e+002  -8.228733e+002  -1.581475e+003  -2.405651e+003  -2.842323e+003  -3.292172e+003  -3.743454e+003  -4.174031e+003  -4.556665e+003  -4.860839e+003  -5.146020e+003  -4.860839e+003  -4.556665e+003  -4.174031e+003  -3.743454e+003  -3.292172e+003  -2.842323e+003  -2.405651e+003  -1.581475e+003  -8.228733e+002  -9.651354e+002  -0.000000e+000  
-0.000000e+000  -3.511414e+002  -7.993148e+002  -1.532435e+003  -2.405738e+003  -2.904578e+003  -3.444870e+003  -4.018392e+003  -4.602837e+003  -5.157431e+003  -5.622936e+003  -6.093039e+003  -5.622936e+003  -5.157431e+003  -4.602837e+003  -4.018392e+003  -3.444870e+003  -2.904578e+003  -2.405738e+003  -1.532435e+003  -7.993148e+002  -3.511414e+002  -0.000000e+000  
-0.000000e+000  -3.536811e+001  -7.123704e+002  -1.464691e+003  -2.364331e+003  -2.904620e+003  -3.513431e+003  -4.190749e+003  -4.918545e+003  -5.647016e+003  -6.284621e+003  -6.959419e+003  -6.284621e+003  -5.647016e+003  -4.918545e+003  -4.190749e+003  -3.513431e+003  -2.904620e+003  -2.364331e+003  -1.464691e+003  -7.123704e+002  -3.536811e+001  -0.000000e+000  
-0.000000e+000  3.425072e+002  -6.065942e+002  -1.360114e+003  -2.262605e+003  -2.836133e+003  -3.513474e+003  -4.312619e+003  -5.233563e+003  -6.227451e+003  -7.146426e+003  -8.163180e+003  -7.146426e+003  -6.227451e+003  -5.233563e+003  -4.312619e+003  -3.513474e+003  -2.836133e+003  -2.262605e+003  -1.360114e+003  -6.065942e+002  3.425072e+002  -0.000000e+000  
-0.000000e+000  5.840989e+001  -5.497119e+002  -1.218290e+003  -2.079350e+003  -2.663826e+003  -3.391702e+003  -4.312678e+003  -5.475624e+003  -6.882780e+003  -8.281944e+003  -9.875294e+003  -8.281944e+003  -6.882780e+003  -5.475624e+003  -4.312678e+003  -3.391702e+003  -2.663826e+003  -2.079350e+003  -1.218290e+003  -5.497119e+002  5.840989e+001  -0.000000e+000  
-0.000000e+000  -5.905469e+001  -4.777138e+002  -1.028343e+003  -1.793460e+003  -2.348110e+003  -3.076820e+003  -4.070756e+003  -5.473460e+003  -7.179173e+003  -0.000000e+000  -0.000000e+000  -0.000000e+000  -7.179173e+003  -5.473460e+003  -4.070756e+003  -3.076820e+003  -2.348110e+003  -1.793460e+003  -1.028343e+003  -4.777138e+002  -5.905469e+001  -0.000000e+000  
-0.000000e+000  -8.661800e+001  -3.727221e+002  -7.847700e+002  -1.392837e+003  -1.858330e+003  -2.496703e+003  -3.420053e+003  -5.392623e+003  -0.000000e+000  -0.000000e+000  -0.000000e+000  -0.000000e+000  -0.000000e+000  -5.392623e+003  -3.420053e+003  -2.496703e+003  -1.858330e+003  -1.392837e+003  -7.847700e+002  -3.727221e+002  -8.661800e+001  -0.000000e+000  
-0.000000e+000  -5.315534e+001  -1.680039e+002  -3.459009e+002  -6.304368e+002  -8.643298e+002  -1.199052e+003  -1.700747e+003  -0.000000e+000  -0.000000e+000  -0.000000e+000  -0.000000e+000  -0.000000e+000  -0.000000e+000  -0.000000e+000  -1.700747e+003  -1.199052e+003  -8.643298e+002  -6.304368e+002  -3.459009e+002  -1.680039e+002  -5.315534e+001  -0.000000e+000  
-0.000000e+000  5.315534e+001  1.680039e+002  3.459009e+002  6.304368e+002  8.643298e+002  1.199052e+003  1.700747e+003  -0.000000e+000  -0.000000e+000  -0.000000e+000  -0.000000e+000  -0.000000e+000  -0.000000e+000  -0.000000e+000  1.700747e+003  1.199052e+003  8.643298e+002  6.304368e+002  3.459009e+002  1.680039e+002  5.315534e+001  -0.000000e+000  
-0.000000e+000  8.661800e+001  3.727221e+002  7.847700e+002  1.392837e+003  1.858330e+003  2.496703e+003  3.420053e+003  5.392623e+003  -0.000000e+000  -0.000000e+000  -0.000000e+000  -0.000000e+000  -0.000000e+000  5.392623e+003  3.420053e+003  2.496703e+003  1.858330e+003  1.392837e+003  7.847700e+002  3.727221e+002  8.661800e+001  -0.000000e+000  
-0.000000e+000  5.905469e+001  4.777138e+002  1.028343e+003  1.793460e+003  2.348110e+003  3.076820e+003  4.070756e+003  5.473460e+003  7.179173e+003  -0.000000e+000  -0.000000e+000  -0.000000e+000  7.179173e+003  5.473460e+003  4.070756e+003  3.076820e+003  2.348110e+003  1.793460e+003  1.028343e+003  4.777138e+002  5.905469e+001  -0.000000e+000  
-0.000000e+000  -5.840989e+001  5.497119e+002  1.218290e+003  2.079350e+003  2.663826e+003  3.391702e+003  4.312678e+003  5.475624e+003  6.882780e+003  8.281944e+003  9.875293e+003  8.281944e+003  6.882780e+003  5.475624e+003  4.312678e+003  3.391702e+003  2.663826e+003  2.079350e+003  1.218290e+003  5.497119e+002  -5.840989e+001  -0.000000e+000  
-0.000000e+000  -3.425072e+002  6.065942e+002  1.360114e+003  2.262605e+003  2.836133e+003  3.513474e+003  4.312619e+003  5.233563e+003  6.227451e+003  7.146426e+003  8.163180e+003  7.146426e+003  6.227451e+003  5.233563e+003  4.312619e+003  3.513474e+003  2.836133e+003  2.262605e+003  1.360114e+003  6.065942e+002  -3.425072e+002  -0.000000e+000  
-0.000000e+000  3.536811e+001  7.123704e+002  1.464691e+003  2.364331e+003  2.904620e+003  3.513431e+003  4.190749e+003  4.918545e+003  5.647016e+003  6.284621e+003  6.959419e+003  6.284621e+003  5.647016e+003  4.918545e+003  4.190749e+003  3.513431e+003  2.904620e+003  2.364331e+003  1.464691e+003  7.123704e+002  3.536811e+001  -0.000000e+000  
-0.000000e+000  3.511414e+002  7.993148e+002  1.532435e+003  2.405738e+003  2.904578e+003  3.444870e+003  4.018392e+003  4.602837e+003  5.157431e+003  5.622936e+003  6.093039e+003  5.622936e+003  5.157431e+003  4.602837e+003  4.018392e+003  3.444870e+003  2.904578e+003  2.405738e+003  1.532435e+003  7.993148e+002  3.511414e+002  -0.000000e+000  
-0.000000e+000  9.651354e+002  8.228733e+002  1.581475e+003  2.405651e+003  2.842323e+003  3.292172e+003  3.743454e+003  4.174031e+003  4.556665e+003  4.860839e+003  5.146020e+003  4.860839e+003  4.556665e+003  4.174031e+003  3.743454e+003  3.292172e+003  2.842323e+003  2.405651e+003  1.581475e+003  8.228733e+002  9.651354e+002  -0.000000e+000  
-0.000000e+000  9.803126e+002  1.492637e+003  1.581269e+003  2.339953e+003  2.706574e+003  3.082806e+003  3.459646e+003  3.794022e+003  4.069427e+003  4.275549e+003  4.453633e+003  4.275549e+003  4.069427e+003  3.794022e+003  3.459646e+003  3.082806e+003  2.706574e+003  2.339953e+003  1.581269e+003  1.492637e+003  9.803126e+002  -0.000000e+000  
-0.000000e+000  9.726487e+002  1.937831e+003  2.450228e+003  2.308154e+003  2.532349e+003  2.870974e+003  3.345661e+003  3.649847e+003  3.859284e+003  4.002422e+003  4.117364e+003  4.002422e+003  3.859284e+003  3.649847e+003  3.345661e+003  2.870974e+003  2.532349e+003  2.308154e+003  2.450228e+003  1.937831e+003  9.726487e+002  -0.000000e+000  
-0.000000e+000  9.725951e+002  1.945280e+003  2.925701e+003  3.891049e+003  4.066771e+003  4.084650e+003  3.913645e+003  3.884626e+003  3.914292e+003  3.957698e+003  4.010935e+003  3.957698e+003  3.914292e+003  3.884626e+003  3.913645e+003  4.084650e+003  4.066771e+003  3.891049e+003  2.925701e+003  1.945280e+003  9.725951e+002  -0.000000e+000  
-0.000000e+000  -0.000000e+000  -0.000000e+000  -0.000000e+000  -0.000000e+000  -0.000000e+000  -0.000000e+000  -0.000000e+000  -0.000000e+000  -0.000000e+000  -0.000000e+000  -0.000000e+000  -0.000000e+000  -0.000000e+000  -0.000000e+000  -0.000000e+000  -0.000000e+000  -0.000000e+000  -0.000000e+000  -0.000000e+000  -0.000000e+000  -0.000000e+000  -0.000000e+000  

0.000000e+000  0.000000e+000  0.000000e+000  0.000000e+000  0.000000e+000  0.000000e+000  0.000000e+000  0.000000e+000  0.000000e+000  0.000000e+000  0.000000e+000  0.000000e+000  0.000000e+000  0.000000e+000  0.000000e+000  0.000000e+000  0.000000e+000  0.000000e+000  0.000000e+000  0.000000e+000  0.000000e+000  0.000000e+000  0.000000e+000  
0.000000e+000  0.000000e+000  0.000000e+000  0.000000e+000  0.000000e+000  0.000000e+000  0.000000e+000  0.000000e+000  0.000000e+000  0.000000e+000  0.000000e+000  0.000000e+000  0.000000e+000  0.000000e+000  0.000000e+000  0.000000e+000  0.000000e+000  0.000000e+000  0.000000e+000  0.000000e+000  0.000000e+000  0.000000e+000  0.000000e+000  
0.000000e+000  0.000000e+000  0.000000e+000  0.000000e+000  0.000000e+000  0.000000e+000  0.000000e+000  0.000000e+000  0.000000e+000  0.000000e+000  0.000000e+000  0.000000e+000  0.000000e+000  0.000000e+000  0.000000e+000  0.000000e+000  0.000000e+000  0.000000e+000  0.000000e+000  0.000000e+000  0.000000e+000  0.000000e+000  0.000000e+000  
0.000000e+000  0.000000e+000  0.000000e+000  0.000000e+000  0.000000e+000  0.000000e+000  0.000000e+000  0.000000e+000  0.000000e+000  0.000000e+000  0.000000e+000  0.000000e+000  0.000000e+000  0.000000e+000  0.000000e+000  0.000000e+000  0.000000e+000  0.000000e+000  0.000000e+000  0.000000e+000  0.000000e+000  0.000000e+000  0.000000e+000  
0.000000e+000  0.000000e+000  0.000000e+000  0.000000e+000  0.000000e+000  0.000000e+000  0.000000e+000  0.000000e+000  0.000000e+000  0.000000e+000  0.000000e+000  0.000000e+000  0.000000e+000  0.000000e+000  0.000000e+000  0.000000e+000  0.000000e+000  0.000000e+000  0.000000e+000  0.000000e+000  0.000000e+000  0.000000e+000  0.000000e+000  
0.000000e+000  0.000000e+000  0.000000e+000  0.000000e+000  0.000000e+000  0.000000e+000  0.000000e+000  0.000000e+000  0.000000e+000  0.000000e+000  0.000000e+000  0.000000e+000  0.000000e+000  0.000000e+000  0.000000e+000  0.000000e+000  0.000000e+000  0.000000e+000  0.000000e+000  0.000000e+000  0.000000e+000  0.000000e+000  0.000000e+000  
0.000000e+000  0.000000e+000  0.000000e+000  0.000000e+000  0.000000e+000  0.000000e+000  0.000000e+000  0.000000e+000  0.000000e+000  0.000000e+000  0.000000e+000  0.000000e+000  0.000000e+000  0.000000e+000  0.000000e+000  0.000000e+000  0.000000e+000  0.000000e+000  0.000000e+000  0.000000e+000  0.000000e+000  0.000000e+000  0.000000e+000  
0.000000e+000  0.000000e+000  0.000000e+000  0.000000e+000  0.000000e+000  0.000000e+000  0.000000e+000  0.000000e+000  0.000000e+000  0.000000e+000  0.000000e+000  0.000000e+000  0.000000e+000  0.000000e+000  0.000000e+000  0.000000e+000  0.000000e+000  0.000000e+000  0.000000e+000  0.000000e+000  0.000000e+000  0.000000e+000  0.000000e+000  
0.000000e+000  0.000000e+000  0.000000e+000  0.000000e+000  0.000000e+000  0.000000e+000  0.000000e+000  0.000000e+000  0.000000e+000  0.000000e+000  0.000000e+000  0.000000e+000  0.000000e+000  0.000000e+000  0.000000e+000  0.000000e+000  0.000000e+000  0.000000e+000  0.000000e+000  0.000000e+000  0.000000e+000  0.000000e+000  0.000000e+000  
0.000000e+000  0.000000e+000  0.000000e+000  0.000000e+000  0.000000e+000  0.000000e+000  0.000000e+000  0.000000e+000  0.000000e+000  0.000000e+000  0.000000e+000  0.000000e+000  0.000000e+000  0.000000e+000  0.000000e+000  0.000000e+000  0.000000e+000  0.000000e+000  0.000000e+000  0.000000e+000  0.000000e+000  0.000000e+000  0.000000e+000  
0.000000e+000  0.000000e+000  0.000000e+000  0.000000e+000  0.000000e+000  0.000000e+000  0.000000e+000  0.000000e+000  0.000000e+000  0.000000e+000  0.000000e+000  0.000000e+000  0.000000e+000  0.000000e+000  0.000000e+000  0.000000e+000  0.000000e+000  0.000000e+000  0.000000e+000  0.000000e+000  0.000000e+000  0.000000e+000  0.000000e+000  
0.000000e+000  0.000000e+000  0.000000e+000  0.000000e+000  0.000000e+000  0.000000e+000  0.000000e+000  0.000000e+000  0.000000e+000  0.000000e+000  0.000000e+000  0.000000e+000  0.000000e+000  0.000000e+000  0.000000e+000  0.000000e+000  0.000000e+000  0.000000e+000  0.000000e+000  0.000000e+000  0.000000e+000  0.000000e+000  0.000000e+000  
0.000000e+000  0.000000e+000  0.000000e+000  0.000000e+000  0.000000e+000  0.000000e+000  0.000000e+000  0.000000e+000  0.000000e+000  0.000000e+000  0.000000e+000  0.000000e+000  0.000000e+000  0.000000e+000  0.000000e+000  0.000000e+000  0.000000e+000  0.000000e+000  0.000000e+000  0.000000e+000  0.000000e+000  0.000000e+000  0.000000e+000  
0.000000e+000  0.000000e+000  0.000000e+000  0.000000e+000  0.000000e+000  0.000000e+000  0.000000e+000  0.000000e+000  0.000000e+000  0.000000e+000  0.000000e+000  0.000000e+000  0.000000e+000  0.000000e+000  0.000000e+000  0.000000e+000  0.000000e+000  0.000000e+000  0.000000e+000  0.000000e+000  0.000000e+000  0.000000e+000  0.000000e+000  
0.000000e+000  0.000000e+000  0.000000e+000  0.000000e+000  0.000000e+000  0.000000e+000  0.000000e+000  0.000000e+000  0.000000e+000  0.000000e+000  0.000000e+000  0.000000e+000  0.000000e+000  0.000000e+000  0.000000e+000  0.000000e+000  0.000000e+000  0.000000e+000  0.000000e+000  0.000000e+000  0.000000e+000  0.000000e+000  0.000000e+000  
0.000000e+000  0.000000e+000  0.000000e+000  0.000000e+000  0.000000e+000  0.000000e+000  0.000000e+000  0.000000e+000  0.000000e+000  0.000000e+000  0.000000e+000  0.000000e+000  0.000000e+000  0.000000e+000  0.000000e+000  0.000000e+000  0.000000e+000  0.000000e+000  0.000000e+000  0.000000e+000  0.000000e+000  0.000000e+000  0.000000e+000  
0.000000e+000  0.000000e+000  0.000000e+000  0.000000e+000  0.000000e+000  0.000000e+000  0.000000e+000  0.000000e+000  0.000000e+000  0.000000e+000  0.000000e+000  0.000000e+000  0.000000e+000  0.000000e+000  0.000000e+000  0.000000e+000  0.000000e+000  0.000000e+000  0.000000e+000  0.000000e+000  0.000000e+000  0.000000e+000  0.000000e+000  
0.000000e+000  0.000000e+000  0.000000e+000  0.000000e+000  0.000000e+000  0.000000e+000  0.000000e+000  0.000000e+000  0.000000e+000  0.000000e+000  0.000000e+000  0.000000e+000  0.000000e+000  0.000000e+000  0.000000e+000  0.000000e+000  0.000000e+000  0.000000e+000  0.000000e+000  0.000000e+000  0.000000e+000  0.000000e+000  0.000000e+000  
0.000000e+000  0.000000e+000  0.000000e+000  0.000000e+000  0.000000e+000  0.000000e+000  0.000000e+000  0.000000e+000  0.000000e+000  0.000000e+000  0.000000e+000  0.000000e+000  0.000000e+000  0.000000e+000  0.000000e+000  0.000000e+000  0.000000e+000  0.000000e+000  0.000000e+000  0.000000e+000  0.000000e+000  0.000000e+000  0.000000e+000  
0.000000e+000  0.000000e+000  0.000000e+000  0.000000e+000  0.000000e+000  0.000000e+000  0.000000e+000  0.000000e+000  0.000000e+000  0.000000e+000  0.000000e+000  0.000000e+000  0.000000e+000  0.000000e+000  0.000000e+000  0.000000e+000  0.000000e+000  0.000000e+000  0.000000e+000  0.000000e+000  0.000000e+000  0.000000e+000  0.000000e+000  
0.000000e+000  0.000000e+000  0.000000e+000  0.000000e+000  0.000000e+000  0.000000e+000  0.000000e+000  0.000000e+000  0.000000e+000  0.000000e+000  0.000000e+000  0.000000e+000  0.000000e+000  0.000000e+000  0.000000e+000  0.000000e+000  0.000000e+000  0.000000e+000  0.000000e+000  0.000000e+000  0.000000e+000  0.000000e+000  0.000000e+000  
0.000000e+000  0.000000e+000  0.000000e+000  0.000000e+000  0.000000e+000  0.000000e+000  0.000000e+000  0.000000e+000  0.000000e+000  0.000000e+000  0.000000e+000  0.000000e+000  0.000000e+000  0.000000e+000  0.000000e+000  0.000000e+000  0.000000e+000  0.000000e+000  0.000000e+000  0.000000e+000  0.000000e+000  0.000000e+000  0.000000e+000  
0.000000e+000  0.000000e+000  0.000000e+000  0.000000e+000  0.000000e+000  0.000000e+000  0.000000e+000  0.000000e+000  0.000000e+000  0.000000e+000  0.000000e+000  0.000000e+000  0.000000e+000  0.000000e+000  0.000000e+000  0.000000e+000  0.000000e+000  0.000000e+000  0.000000e+000  0.000000e+000  0.000000e+000  0.000000e+000  0.000000e+000  

0.000000e+000  0.000000e+000  0.000000e+000  0.000000e+000  0.000000e+000  0.000000e+000  0.000000e+000  0.000000e+000  0.000000e+000  0.000000e+000  0.000000e+000  0.000000e+000  0.000000e+000  0.000000e+000  0.000000e+000  0.000000e+000  0.000000e+000  0.000000e+000  0.000000e+000  0.000000e+000  0.000000e+000  0.000000e+000  0.000000e+000  
0.000000e+000  0.000000e+000  0.000000e+000  0.000000e+000  0.000000e+000  0.000000e+000  0.000000e+000  0.000000e+000  0.000000e+000  0.000000e+000  0.000000e+000  0.000000e+000  0.000000e+000  0.000000e+000  0.000000e+000  0.000000e+000  0.000000e+000  0.000000e+000  0.000000e+000  0.000000e+000  0.000000e+000  0.000000e+000  0.000000e+000  
0.000000e+000  0.000000e+000  0.000000e+000  0.000000e+000  0.000000e+000  0.000000e+000  0.000000e+000  0.000000e+000  0.000000e+000  0.000000e+000  0.000000e+000  0.000000e+000  0.000000e+000  0.000000e+000  0.000000e+000  0.000000e+000  0.000000e+000  0.000000e+000  0.000000e+000  0.000000e+000  0.000000e+000  0.000000e+000  0.000000e+000  
0.000000e+000  0.000000e+000  0.000000e+000  0.000000e+000  0.000000e+000  0.000000e+000  0.000000e+000  0.000000e+000  0.000000e+000  0.000000e+000  0.000000e+000  0.000000e+000  0.000000e+000  0.000000e+000  0.000000e+000  0.000000e+000  0.000000e+000  0.000000e+000  0.000000e+000  0.000000e+000  0.000000e+000  0.000000e+000  0.000000e+000  
0.000000e+000  0.000000e+000  0.000000e+000  0.000000e+000  0.000000e+000  0.000000e+000  0.000000e+000  0.000000e+000  0.000000e+000  0.000000e+000  0.000000e+000  0.000000e+000  0.000000e+000  0.000000e+000  0.000000e+000  0.000000e+000  0.000000e+000  0.000000e+000  0.000000e+000  0.000000e+000  0.000000e+000  0.000000e+000  0.000000e+000  
0.000000e+000  0.000000e+000  0.000000e+000  0.000000e+000  0.000000e+000  0.000000e+000  0.000000e+000  0.000000e+000  0.000000e+000  0.000000e+000  0.000000e+000  0.000000e+000  0.000000e+000  0.000000e+000  0.000000e+000  0.000000e+000  0.000000e+000  0.000000e+000  0.000000e+000  0.000000e+000  0.000000e+000  0.000000e+000  0.000000e+000  
0.000000e+000  0.000000e+000  0.000000e+000  0.000000e+000  0.000000e+000  0.000000e+000  0.000000e+000  0.000000e+000  0.000000e+000  0.000000e+000  0.000000e+000  0.000000e+000  0.000000e+000  0.000000e+000  0.000000e+000  0.000000e+000  0.000000e+000  0.000000e+000  0.000000e+000  0.000000e+000  0.000000e+000  0.000000e+000  0.000000e+000  
0.000000e+000  0.000000e+000  0.000000e+000  0.000000e+000  0.000000e+000  0.000000e+000  0.000000e+000  0.000000e+000  0.000000e+000  0.000000e+000  0.000000e+000  0.000000e+000  0.000000e+000  0.000000e+000  0.000000e+000  0.000000e+000  0.000000e+000  0.000000e+000  0.000000e+000  0.000000e+000  0.000000e+000  0.000000e+000  0.000000e+000  
0.000000e+000  0.000000e+000  0.000000e+000  0.000000e+000  0.000000e+000  0.000000e+000  0.000000e+000  0.000000e+000  0.000000e+000  0.000000e+000  0.000000e+000  0.000000e+000  0.000000e+000  0.000000e+000  0.000000e+000  0.000000e+000  0.000000e+000  0.000000e+000  0.000000e+000  0.000000e+000  0.000000e+000  0.000000e+000  0.000000e+000  
0.000000e+000  0.000000e+000  0.000000e+000  0.000000e+000  0.000000e+000  0.000000e+000  0.000000e+000  0.000000e+000  0.000000e+000  0.000000e+000  0.000000e+000  0.000000e+000  0.000000e+000  0.000000e+000  0.000000e+000  0.000000e+000  0.000000e+000  0.000000e+000  0.000000e+000  0.000000e+000  0.000000e+000  0.000000e+000  0.000000e+000  
0.000000e+000  0.000000e+000  0.000000e+000  0.000000e+000  0.000000e+000  0.000000e+000  0.000000e+000  0.000000e+000  0.000000e+000  0.000000e+000  0.000000e+000  0.000000e+000  0.000000e+000  0.000000e+000  0.000000e+000  0.000000e+000  0.000000e+000  0.000000e+000  0.000000e+000  0.000000e+000  0.000000e+000  0.000000e+000  0.000000e+000  
0.000000e+000  0.000000e+000  0.000000e+000  0.000000e+000  0.000000e+000  0.000000e+000  0.000000e+000  0.000000e+000  0.000000e+000  0.000000e+000  0.000000e+000  0.000000e+000  0.000000e+000  0.000000e+000  0.000000e+000  0.000000e+000  0.000000e+000  0.000000e+000  0.000000e+000  0.000000e+000  0.000000e+000  0.000000e+000  0.000000e+000  
0.000000e+000  0.000000e+000  0.000000e+000  0.000000e+000  0.000000e+000  0.000000e+000  0.000000e+000  0.000000e+000  0.000000e+000  0.000000e+000  0.000000e+000  0.000000e+000  0.000000e+000  0.000000e+000  0.000000e+000  0.000000e+000  0.000000e+000  0.000000e+000  0.000000e+000  0.000000e+000  0.000000e+000  0.000000e+000  0.000000e+000  
0.000000e+000  0.000000e+000  0.000000e+000  0.000000e+000  0.000000e+000  0.000000e+000  0.000000e+000  0.000000e+000  0.000000e+000  0.000000e+000  0.000000e+000  0.000000e+000  0.000000e+000  0.000000e+000  0.000000e+000  0.000000e+000  0.000000e+000  0.000000e+000  0.000000e+000  0.000000e+000  0.000000e+000  0.000000e+000  0.000000e+000  
0.000000e+000  0.000000e+000  0.000000e+000  0.000000e+000  0.000000e+000  0.000000e+000  0.000000e+000  0.000000e+000  0.000000e+000  0.000000e+000  0.000000e+000  0.000000e+000  0.000000e+000  0.000000e+000  0.000000e+000  0.000000e+000  0.000000e+000  0.000000e+000  0.000000e+000  0.000000e+000  0.000000e+000  0.000000e+000  0.000000e+000  
0.000000e+000  0.000000e+000  0.000000e+000  0.000000e+000  0.000000e+000  0.000000e+000  0.000000e+000  0.000000e+000  0.000000e+000  0.000000e+000  0.000000e+000  0.000000e+000  0.000000e+000  0.000000e+000  0.000000e+000  0.000000e+000  0.000000e+000  0.000000e+000  0.000000e+000  0.000000e+000  0.000000e+000  0.000000e+000  0.000000e+000  
0.000000e+000  0.000000e+000  0.000000e+000  0.000000e+000  0.000000e+000  0.000000e+000  0.000000e+000  0.000000e+000  0.000000e+000  0.000000e+000  0.000000e+000  0.000000e+000  0.000000e+000  0.000000e+000  0.000000e+000  0.000000e+000  0.000000e+000  0.000000e+000  0.000000e+000  0.000000e+000  0.000000e+000  0.000000e+000  0.000000e+000  
0.000000e+000  0.000000e+000  0.000000e+000  0.000000e+000  0.000000e+000  0.000000e+000  0.000000e+000  0.000000e+000  0.000000e+000  0.000000e+000  0.000000e+000  0.000000e+000  0.000000e+000  0.000000e+000  0.000000e+000  0.000000e+000  0.000000e+000  0.000000e+000  0.000000e+000  0.000000e+000  0.000000e+000  0.000000e+000  0.000000e+000  
0.000000e+000  0.000000e+000  0.000000e+000  0.000000e+000  0.000000e+000  0.000000e+000  0.000000e+000  0.000000e+000  0.000000e+000  0.000000e+000  0.000000e+000  0.000000e+000  0.000000e+000  0.000000e+000  0.000000e+000  0.000000e+000  0.000000e+000  0.000000e+000  0.000000e+000  0.000000e+000  0.000000e+000  0.000000e+000  0.000000e+000  
0.000000e+000  0.000000e+000  0.000000e+000  0.000000e+000  0.000000e+000  0.000000e+000  0.000000e+000  0.000000e+000  0.000000e+000  0.000000e+000  0.000000e+000  0.000000e+000  0.000000e+000  0.000000e+000  0.000000e+000  0.000000e+000  0.000000e+000  0.000000e+000  0.000000e+000  0.000000e+000  0.000000e+000  0.000000e+000  0.000000e+000  
0.000000e+000  0.000000e+000  0.000000e+000  0.000000e+000  0.000000e+000  0.000000e+000  0.000000e+000  0.000000e+000  0.000000e+000  0.000000e+000  0.000000e+000  0.000000e+000  0.000000e+000  0.000000e+000  0.000000e+000  0.000000e+000  0.000000e+000  0.000000e+000  0.000000e+000  0.000000e+000  0.000000e+000  0.000000e+000  0.000000e+000  
0.000000e+000  0.000000e+000  0.000000e+000  0.000000e+000  0.000000e+000  0.000000e+000  0.000000e+000  0.000000e+000  0.000000e+000  0.000000e+000  0.000000e+000  0.000000e+000  0.000000e+000  0.000000e+000  0.000000e+000  0.000000e+000  0.000000e+000  0.000000e+000  0.000000e+000  0.000000e+000  0.000000e+000  0.000000e+000  0.000000e+000  
0.000000e+000  0.000000e+000  0.000000e+000  0.000000e+000  0.000000e+000  0.000000e+000  0.000000e+000  0.000000e+000  0.000000e+000  0.000000e+000  0.000000e+000  0.000000e+000  0.000000e+000  0.000000e+000  0.000000e+000  0.000000e+000  0.000000e+000  0.000000e+000  0.000000e+000  0.000000e+000  0.000000e+000  0.000000e+000  0.000000e+000  

0.000000e+000  0.000000e+000  0.000000e+000  0.000000e+000  0.000000e+000  0.000000e+000  0.000000e+000  0.000000e+000  0.000000e+000  0.000000e+000  0.000000e+000  0.000000e+000  0.000000e+000  0.000000e+000  0.000000e+000  0.000000e+000  0.000000e+000  0.000000e+000  0.000000e+000  0.000000e+000  0.000000e+000  0.000000e+000  0.000000e+000  
0.000000e+000  0.000000e+000  0.000000e+000  0.000000e+000  0.000000e+000  0.000000e+000  0.000000e+000  0.000000e+000  0.000000e+000  0.000000e+000  0.000000e+000  0.000000e+000  0.000000e+000  0.000000e+000  0.000000e+000  0.000000e+000  0.000000e+000  0.000000e+000  0.000000e+000  0.000000e+000  0.000000e+000  0.000000e+000  0.000000e+000  
0.000000e+000  0.000000e+000  0.000000e+000  0.000000e+000  0.000000e+000  0.000000e+000  0.000000e+000  0.000000e+000  0.000000e+000  0.000000e+000  0.000000e+000  0.000000e+000  0.000000e+000  0.000000e+000  0.000000e+000  0.000000e+000  0.000000e+000  0.000000e+000  0.000000e+000  0.000000e+000  0.000000e+000  0.000000e+000  0.000000e+000  
0.000000e+000  0.000000e+000  0.000000e+000  0.000000e+000  0.000000e+000  0.000000e+000  0.000000e+000  0.000000e+000  0.000000e+000  0.000000e+000  0.000000e+000  0.000000e+000  0.000000e+000  0.000000e+000  0.000000e+000  0.000000e+000  0.000000e+000  0.000000e+000  0.000000e+000  0.000000e+000  0.000000e+000  0.000000e+000  0.000000e+000  
0.000000e+000  0.000000e+000  0.000000e+000  0.000000e+000  0.000000e+000  0.000000e+000  0.000000e+000  0.000000e+000  0.000000e+000  0.000000e+000  0.000000e+000  0.000000e+000  0.000000e+000  0.000000e+000  0.000000e+000  0.000000e+000  0.000000e+000  0.000000e+000  0.000000e+000  0.000000e+000  0.000000e+000  0.000000e+000  0.000000e+000  
0.000000e+000  0.000000e+000  0.000000e+000  0.000000e+000  0.000000e+000  0.000000e+000  0.000000e+000  0.000000e+000  0.000000e+000  0.000000e+000  0.000000e+000  0.000000e+000  0.000000e+000  0.000000e+000  0.000000e+000  0.000000e+000  0.000000e+000  0.000000e+000  0.000000e+000  0.000000e+000  0.000000e+000  0.000000e+000  0.000000e+000  
0.000000e+000  0.000000e+000  0.000000e+000  0.000000e+000  0.000000e+000  0.000000e+000  0.000000e+000  0.000000e+000  0.000000e+000  0.000000e+000  0.000000e+000  0.000000e+000  0.000000e+000  0.000000e+000  0.000000e+000  0.000000e+000  0.000000e+000  0.000000e+000  0.000000e+000  0.000000e+000  0.000000e+000  0.000000e+000  0.000000e+000  
0.000000e+000  0.000000e+000  0.000000e+000  0.000000e+000  0.000000e+000  0.000000e+000  0.000000e+000  0.000000e+000  0.000000e+000  0.000000e+000  0.000000e+000  0.000000e+000  0.000000e+000  0.000000e+000  0.000000e+000  0.000000e+000  0.000000e+000  0.000000e+000  0.000000e+000  0.000000e+000  0.000000e+000  0.000000e+000  0.000000e+000  
0.000000e+000  0.000000e+000  0.000000e+000  0.000000e+000  0.000000e+000  0.000000e+000  0.000000e+000  0.000000e+000  0.000000e+000  0.000000e+000  0.000000e+000  0.000000e+000  0.000000e+000  0.000000e+000  0.000000e+000  0.000000e+000  0.000000e+000  0.000000e+000  0.000000e+000  0.000000e+000  0.000000e+000  0.000000e+000  0.000000e+000  
0.000000e+000  0.000000e+000  0.000000e+000  0.000000e+000  0.000000e+000  0.000000e+000  0.000000e+000  0.000000e+000  0.000000e+000  0.000000e+000  0.000000e+000  0.000000e+000  0.000000e+000  0.000000e+000  0.000000e+000  0.000000e+000  0.000000e+000  0.000000e+000  0.000000e+000  0.000000e+000  0.000000e+000  0.000000e+000  0.000000e+000  
0.000000e+000  0.000000e+000  0.000000e+000  0.000000e+000  0.000000e+000  0.000000e+000  0.000000e+000  0.000000e+000  0.000000e+000  0.000000e+000  0.000000e+000  0.000000e+000  0.000000e+000  0.000000e+000  0.000000e+000  0.000000e+000  0.000000e+000  0.000000e+000  0.000000e+000  0.000000e+000  0.000000e+000  0.000000e+000  0.000000e+000  
0.000000e+000  0.000000e+000  0.000000e+000  0.000000e+000  0.000000e+000  0.000000e+000  0.000000e+000  0.000000e+000  0.000000e+000  0.000000e+000  0.000000e+000  0.000000e+000  0.000000e+000  0.000000e+000  0.000000e+000  0.000000e+000  0.000000e+000  0.000000e+000  0.000000e+000  0.000000e+000  0.000000e+000  0.000000e+000  0.000000e+000  
0.000000e+000  0.000000e+000  0.000000e+000  0.000000e+000  0.000000e+000  0.000000e+000  0.000000e+000  0.000000e+000  0.000000e+000  0.000000e+000  0.000000e+000  0.000000e+000  0.000000e+000  0.000000e+000  0.000000e+000  0.000000e+000  0.000000e+000  0.000000e+000  0.000000e+000  0.000000e+000  0.000000e+000  0.000000e+000  0.000000e+000  
0.000000e+000  0.000000e+000  0.000000e+000  0.000000e+000  0.000000e+000  0.000000e+000  0.000000e+000  0.000000e+000  0.000000e+000  0.000000e+000  0.000000e+000  0.000000e+000  0.000000e+000  0.000000e+000  0.000000e+000  0.000000e+000  0.000000e+000  0.000000e+000  0.000000e+000  0.000000e+000  0.000000e+000  0.000000e+000  0.000000e+000  
0.000000e+000  0.000000e+000  0.000000e+000  0.000000e+000  0.000000e+000  0.000000e+000  0.000000e+000  0.000000e+000  0.000000e+000  0.000000e+000  0.000000e+000  0.000000e+000  0.000000e+000  0.000000e+000  0.000000e+000  0.000000e+000  0.000000e+000  0.000000e+000  0.000000e+000  0.000000e+000  0.000000e+000  0.000000e+000  0.000000e+000  
0.000000e+000  0.000000e+000  0.000000e+000  0.000000e+000  0.000000e+000  0.000000e+000  0.000000e+000  0.000000e+000  0.000000e+000  0.000000e+000  0.000000e+000  0.000000e+000  0.000000e+000  0.000000e+000  0.000000e+000  0.000000e+000  0.000000e+000  0.000000e+000  0.000000e+000  0.000000e+000  0.000000e+000  0.000000e+000  0.000000e+000  
0.000000e+000  0.000000e+000  0.000000e+000  0.000000e+000  0.000000e+000  0.000000e+000  0.000000e+000  0.000000e+000  0.000000e+000  0.000000e+000  0.000000e+000  0.000000e+000  0.000000e+000  0.000000e+000  0.000000e+000  0.000000e+000  0.000000e+000  0.000000e+000  0.000000e+000  0.000000e+000  0.000000e+000  0.000000e+000  0.000000e+000  
0.000000e+000  0.000000e+000  0.000000e+000  0.000000e+000  0.000000e+000  0.000000e+000  0.000000e+000  0.000000e+000  0.000000e+000  0.000000e+000  0.000000e+000  0.000000e+000  0.000000e+000  0.000000e+000  0.000000e+000  0.000000e+000  0.000000e+000  0.000000e+000  0.000000e+000  0.000000e+000  0.000000e+000  0.000000e+000  0.000000e+000  
0.000000e+000  0.000000e+000  0.000000e+000  0.000000e+000  0.000000e+000  0.000000e+000  0.000000e+000  0.000000e+000  0.000000e+000  0.000000e+000  0.000000e+000  0.000000e+000  0.000000e+000  0.000000e+000  0.000000e+000  0.000000e+000  0.000000e+000  0.000000e+000  0.000000e+000  0.000000e+000  0.000000e+000  0.000000e+000  0.000000e+000  
0.000000e+000  0.000000e+000  0.000000e+000  0.000000e+000  0.000000e+000  0.000000e+000  0.000000e+000  0.000000e+000  0.000000e+000  0.000000e+000  0.000000e+000  0.000000e+000  0.000000e+000  0.000000e+000  0.000000e+000  0.000000e+000  0.000000e+000  0.000000e+000  0.000000e+000  0.000000e+000  0.000000e+000  0.000000e+000  0.000000e+000  
0.000000e+000  0.000000e+000  0.000000e+000  0.000000e+000  0.000000e+000  0.000000e+000  0.000000e+000  0.000000e+000  0.000000e+000  0.000000e+000  0.000000e+000  0.000000e+000  0.000000e+000  0.000000e+000  0.000000e+000  0.000000e+000  0.000000e+000  0.000000e+000  0.000000e+000  0.000000e+000  0.000000e+000  0.000000e+000  0.000000e+000  
0.000000e+000  0.000000e+000  0.000000e+000  0.000000e+000  0.000000e+000  0.000000e+000  0.000000e+000  0.000000e+000  0.000000e+000  0.000000e+000  0.000000e+000  0.000000e+000  0.000000e+000  0.000000e+000  0.000000e+000  0.000000e+000  0.000000e+000  0.000000e+000  0.000000e+000  0.000000e+000  0.000000e+000  0.000000e+000  0.000000e+000  
0.000000e+000  0.000000e+000  0.000000e+000  0.000000e+000  0.000000e+000  0.000000e+000  0.000000e+000  0.000000e+000  0.000000e+000  0.000000e+000  0.000000e+000  0.000000e+000  0.000000e+000  0.000000e+000  0.000000e+000  0.000000e+000  0.000000e+000  0.000000e+000  0.000000e+000  0.000000e+000  0.000000e+000  0.000000e+000  0.000000e+000  

-0.000000e+000  -0.000000e+000  -0.000000e+000  -0.000000e+000  -0.000000e+000  -0.000000e+000  -0.000000e+000  -0.000000e+000  -0.000000e+000  -0.000000e+000  -0.000000e+000  -0.000000e+000  -0.000000e+000  -0.000000e+000  -0.000000e+000  -0.000000e+000  -0.000000e+000  -0.000000e+000  -0.000000e+000  -0.000000e+000  -0.000000e+000  -0.000000e+000  -0.000000e+000  
-0.000000e+000  6.368194e+000  1.273687e+001  1.932812e+001  2.600782e+001  2.428892e+001  2.010821e+001  1.302512e+001  8.960390e+000  6.566901e+000  5.161912e+000  4.263458e+000  5.161912e+000  6.566901e+000  8.960390e+000  1.302512e+001  2.010821e+001  2.428892e+001  2.600782e+001  1.932812e+001  1.273687e+001  6.368194e+000  -0.000000e+000  
-0.000000e+000  1.273684e+001  2.525306e+001  2.995637e+001  2.336443e+001  2.041631e+001  1.726576e+001  1.397664e+001  1.123573e+001  9.179724e+000  7.775072e+000  6.729959e+000  7.775072e+000  9.179724e+000  1.123573e+001  1.397664e+001  1.726576e+001  2.041631e+001  2.336443e+001  2.995637e+001  2.525306e+001  1.273684e+001  -0.000000e+000  
-0.000000e+000  1.932798e+001  2.995622e+001  2.487476e+001  1.979320e+001  1.735320e+001  1.497741e+001  1.273515e+001  1.077133e+001  9.187032e+000  8.035889e+000  7.106161e+000  8.035889e+000  9.187032e+000  1.077133e+001  1.273515e+001  1.497741e+001  1.735320e+001  1.979320e+001  2.487476e+001  2.995622e+001  1.932798e+001  -0.000000e+000  
-0.000000e+000  2.600747e+001  2.336414e+001  1.979299e+001  1.595301e+001  1.403305e+001  1.215472e+001  1.037979e+001  8.788744e+000  7.461602e+000  6.466544e+000  5.622828e+000  6.466544e+000  7.461602e+000  8.788744e+000  1.037979e+001  1.215472e+001  1.403305e+001  1.595301e+001  1.979299e+001  2.336414e+001  2.600747e+001  -0.000000e+000  
-0.000000e+000  2.428851e+001  2.041593e+001  1.735283e+001  1.403281e+001  1.231048e+001  1.058823e+001  8.926249e+000  7.401550e+000  6.100732e+000  5.108645e+000  4.248351e+000  5.108645e+000  6.100732e+000  7.401550e+000  8.926249e+000  1.058823e+001  1.231048e+001  1.403281e+001  1.735283e+001  2.041593e+001  2.428851e+001  -0.000000e+000  
-0.000000e+000  2.010779e+001  1.726529e+001  1.497685e+001  1.215413e+001  1.058779e+001  8.961450e+000  7.335395e+000  5.790455e+000  4.431112e+000  3.376106e+000  2.443714e+000  3.376106e+000  4.431112e+000  5.790455e+000  7.335395e+000  8.961450e+000  1.058779e+001  1.215413e+001  1.497685e+001  1.726529e+001  2.010779e+001  -0.000000e+000  
-0.000000e+000  1.302476e+001  1.397610e+001  1.273440e+001  1.037874e+001  8.925079e+000  7.334354e+000  5.663405e+000  3.993748e+000  2.457143e+000  1.251018e+000  1.728754e-001  1.251018e+000  2.457143e+000  3.993748e+000  5.663405e+000  7.334354e+000  8.925079e+000  1.037874e+001  1.273440e+001  1.397610e+001  1.302476e+001  -0.000000e+000  
-0.000000e+000  8.960056e+000  1.123513e+001  1.077040e+001  8.787199e+000  7.399408e+000  5.787462e+000  3.990107e+000  2.063979e+000  1.526857e-001  -0.000000e+000  -0.000000e+000  -0.000000e+000  1.526857e-001  2.063979e+000  3.990107e+000  5.787462e+000  7.399408e+000  8.787199e+000  1.077040e+001  1.123513e+001  8.960056e+000  -0.000000e+000  
-0.000000e+000  6.566571e+000  9.179081e+000  9.185980e+000  7.459764e+000  6.097873e+000  4.425962e+000  2.445569e+000  1.193697e-001  -0.000000e+000  -0.000000e+000  -0.000000e+000  -0.000000e+000  -0.000000e+000  1.193698e-001  2.445569e+000  4.425962e+000  6.097873e+000  7.459764e+000  9.185980e+000  9.179081e+000  6.566571e+000  -0.000000e+000  
-0.000000e+000  5.161583e+000  7.774409e+000  8.034819e+000  6.464830e+000  5.106342e+000  3.372933e+000  1.246832e+000  -0.000000e+000  -0.000000e+000  -0.000000e+000  -0.000000e+000  -0.000000e+000  -0.000000e+000  -0.000000e+000  1.246832e+000  3.372933e+000  5.106342e+000  6.464830e+000  8.034819e+000  7.774409e+000  5.161583e+000  -0.000000e+000  
-0.000000e+000  4.263132e+000  6.729314e+000  7.105231e+000  5.621894e+000  4.248000e+000  2.444923e+000  1.778347e-001  -0.000000e+000  -0.000000e+000  -0.000000e+000  -0.000000e+000  -0.000000e+000  -0.000000e+000  -0.000000e+000  1.778347e-001  2.444923e+000  4.248000e+000  5.621894e+000  7.105231e+000  6.729314e+000  4.263132e+000  -0.000000e+000  
-0.000000e+000  5.161583e+000  7.774409e+000  8.034819e+000  6.464830e+000  5.106342e+000  3.372933e+000  1.246832e+000  -0.000000e+000  -0.000000e+000  -0.000000e+000  -0.000000e+000  -0.000000e+000  -0.000000e+000  -0.000000e+000  1.246832e+000  3.372933e+000  5.106342e+000  6.464830e+000  8.034819e+000  7.774409e+000  5.161583e+000  -0.000000e+000  
-0.000000e+000  6.566571e+000  9.179081e+000  9.185980e+000  7.459764e+000  6.097873e+000  4.425962e+000  2.445569e+000  1.193697e-001  -0.000000e+000  -0.000000e+000  -0.000000e+000  -0.000000e+000  -0.000000e+000  1.193696e-001  2.445569e+000  4.425962e+000  6.097873e+000  7.459764e+000  9.185980e+000  9.179081e+000  6.566571e+000  -0.000000e+000  
-0.000000e+000  8.960056e+000  1.123513e+001  1.077040e+001  8.787199e+000  7.399408e+000  5.787462e+000  3.990106e+000  2.063979e+000  1.526858e-001  -0.000000e+000  -0.000000e+000  -0.000000e+000  1.526857e-001  2.063979e+000  3.990106e+000  5.787462e+000  7.399408e+000  8.787199e+000  1.077040e+001  1.123513e+001  8.960056e+000  -0.000000e+000  
-0.000000e+000  1.302476e+001  1.397610e+001  1.273440e+001  1.037874e+001  8.925079e+000  7.334354e+000  5.663405e+000  3.993748e+000  2.457143e+000  1.251018e+000  1.728748e-001  1.251018e+000  2.457143e+000  3.993748e+000  5.663405e+000  7.334354e+000  8.925079e+000  1.037874e+001  1.273440e+001  1.397610e+001  1.302476e+001  -0.000000e+000  
-0.000000e+000  2.010779e+001  1.726529e+001  1.497685e+001  1.215413e+001  1.058779e+001  8.961450e+000  7.335395e+000  5.790455e+000  4.431112e+000  3.376106e+000  2.443714e+000  3.376106e+000  4.431112e+000  5.790455e+000  7.335395e+000  8.961450e+000  1.058779e+001  1.215413e+001  1.497685e+001  1.726529e+001  2.010779e+001  -0.000000e+000  
-0.000000e+000  2.428851e+001  2.041593e+001  1.735283e+001  1.403281e+001  1.231048e+001  1.058823e+001  8.926249e+000  7.401550e+000  6.100732e+000  5.108645e+000  4.248351e+000  5.108645e+000  6.100732e+000  7.401550e+000  8.926249e+000  1.058823e+001  1.231048e+001  1.403281e+001  1.735283e+001  2.041593e+001  2.428851e+001  -0.000000e+000  
-0.000000e+000  2.600747e+001  2.336414e+001  1.979299e+001  1.595301e+001  1.403305e+001  1.215472e+001  1.037979e+001  8.788744e+000  7.461602e+000  6.466544e+000  5.622828e+000  6.466544e+000  7.461602e+000  8.788744e+000  1.037979e+001  1.215472e+001  1.403305e+001  1.595301e+001  1.979299e+001  2.336414e+001  2.600747e+001  -0.000000e+000  
-0.000000e+000  1.932798e+001  2.995622e+001  2.487476e+001  1.979320e+001  1.735320e+001  1.497741e+001  1.273515e+001  1.077133e+001  9.187032e+000  8.035889e+000  7.106161e+000  8.035889e+000  9.187032e+000  1.077133e+001  1.273515e+001  1.497741e+001  1.735320e+001  1.979320e+001  2.487476e+001  2.995622e+001  1.932798e+001  -0.000000e+000  
-0.000000e+000  1.273684e+001  2.525306e+001  2.995637e+001  2.336443e+001  2.041631e+001  1.726576e+001  1.397664e+001  1.123573e+001  9.179724e+000  7.775072e+000  6.729959e+000  7.775072e+000  9.179724e+000  1.123573e+001  1.397664e+001  1.726576e+001  2.041631e+001  2.336443e+001  2.995637e+001  2.525306e+001  1.273684e+001  -0.000000e+000  
-0.000000e+000  6.368194e+000  1.273687e+001  1.932812e+001  2.600782e+001  2.428892e+001  2.010821e+001  1.302512e+001  8.960390e+000  6.566901e+000  5.161912e+000  4.263458e+000  5.161912e+000  6.566901e+000  8.960390e+000  1.302512e+001  2.010821e+001  2.428892e+001  2.600782e+001  1.932812e+001  1.273687e+001  6.368194e+000  -0.000000e+000  
-0.000000e+000  -0.000000e+000  -0.000000e+000  -0.000000e+000  -0.000000e+000  -0.000000e+000  -0.000000e+000  -0.000000e+000  -0.000000e+000  -0.000000e+000  -0.000000e+000  -0.000000e+000  -0.000000e+000  -0.000000e+000  -0.000000e+000  -0.000000e+000  -0.000000e+000  -0.000000e+000  -0.000000e+000  -0.000000e+000  -0.000000e+000  -0.000000e+000  -0.000000e+000  

