Port monitor named: Port1_e1.prt

nx        = 25
ny        = 3
nz        = 25

nu        = 23
nv        = 23
iu        = 2
iv        = 2

idir      = 1
dcut      = 2.500000e-002
icut      = 3
type      = 0
frequency = 2.200000e+009

fcutoff   = 0.000000e+000
alpha     = 0.000000e+000
beta      = 6.386479e+001
accuracy  = 1.565860e-012

type          = QTEM
wave imp.     = 2.634471e+002
wave imp.sig. = 4.312900e-003
line imp.     = 5.425586e+001

ref. port     = 0

-0.000000e+000  -0.000000e+000  -0.000000e+000  -0.000000e+000  -0.000000e+000  -0.000000e+000  -0.000000e+000  -0.000000e+000  -0.000000e+000  -0.000000e+000  -0.000000e+000  -0.000000e+000  -0.000000e+000  -0.000000e+000  -0.000000e+000  -0.000000e+000  -0.000000e+000  -0.000000e+000  -0.000000e+000  -0.000000e+000  -0.000000e+000  -0.000000e+000  -0.000000e+000  
-9.726607e+002  -9.727120e+002  -9.803732e+002  -9.651931e+002  -3.511723e+002  -3.538575e+001  3.425037e+002  5.838839e+001  -5.908489e+001  -8.664934e+001  -5.317702e+001  5.317463e+001  8.664664e+001  5.908186e+001  -5.839196e+001  -3.425081e+002  3.538166e+001  3.511688e+002  9.651917e+002  9.803740e+002  9.727168e+002  9.726694e+002  -0.000000e+000  
-1.945396e+003  -1.937940e+003  -1.492717e+003  -8.229191e+002  -7.993680e+002  -7.124292e+002  -6.066615e+002  -5.497918e+002  -4.778046e+002  -3.728151e+002  -1.680754e+002  1.680710e+002  3.728103e+002  4.777993e+002  5.497860e+002  6.066551e+002  7.124225e+002  7.993611e+002  8.229123e+002  1.492715e+003  1.937949e+003  1.945417e+003  -0.000000e+000  
-2.925838e+003  -2.450334e+003  -1.581326e+003  -1.581531e+003  -1.532508e+003  -1.464782e+003  -1.360228e+003  -1.218437e+003  -1.028528e+003  -7.849922e+002  -3.461324e+002  3.461267e+002  7.849857e+002  1.028521e+003  1.218429e+003  1.360219e+003  1.464772e+003  1.532497e+003  1.581520e+003  1.581316e+003  2.450341e+003  2.925884e+003  -0.000000e+000  
-3.891167e+003  -2.308206e+003  -2.339990e+003  -2.405698e+003  -2.405810e+003  -2.364427e+003  -2.262735e+003  -2.079539e+003  -1.793752e+003  -1.393310e+003  -6.312987e+002  6.312928e+002  1.393302e+003  1.793743e+003  2.079529e+003  2.262724e+003  2.364413e+003  2.405794e+003  2.405679e+003  2.339965e+003  2.308185e+003  3.891271e+003  -0.000000e+000  
-4.066859e+003  -2.532377e+003  -2.706591e+003  -2.842357e+003  -2.904640e+003  -2.904702e+003  -2.836238e+003  -2.663970e+003  -2.348341e+003  -1.858811e+003  -8.663460e+002  8.663406e+002  1.858803e+003  2.348331e+003  2.663959e+003  2.836225e+003  2.904687e+003  2.904622e+003  2.842334e+003  2.706556e+003  2.532317e+003  4.067018e+003  -0.000000e+000  
-4.084695e+003  -2.870974e+003  -3.082799e+003  -3.292189e+003  -3.444923e+003  -3.513497e+003  -3.513537e+003  -3.391754e+003  -3.076824e+003  -2.496420e+003  -1.203741e+003  1.203737e+003  2.496413e+003  3.076815e+003  3.391743e+003  3.513523e+003  3.513481e+003  3.444904e+003  3.292165e+003  3.082755e+003  2.870837e+003  4.084942e+003  -0.000000e+000  
-3.913640e+003  -3.345628e+003  -3.459607e+003  -3.743449e+003  -4.018445e+003  -4.190818e+003  -4.312651e+003  -4.312678e+003  -4.070774e+003  -3.415406e+003  -1.712110e+003  1.712109e+003  3.415399e+003  4.070764e+003  4.312666e+003  4.312636e+003  4.190801e+003  4.018427e+003  3.743427e+003  3.459574e+003  3.345580e+003  3.913783e+003  -0.000000e+000  
-3.884577e+003  -3.649776e+003  -3.793941e+003  -4.173996e+003  -4.602916e+003  -4.918667e+003  -5.233561e+003  -5.475522e+003  -5.478180e+003  -5.277990e+003  -0.000000e+000  -0.000000e+000  5.277982e+003  5.478168e+003  5.475508e+003  5.233545e+003  4.918650e+003  4.602898e+003  4.173976e+003  3.793920e+003  3.649766e+003  3.884666e+003  -0.000000e+000  
-3.914206e+003  -3.859174e+003  -4.069294e+003  -4.556572e+003  -5.157572e+003  -5.647362e+003  -6.227391e+003  -6.877658e+003  -7.159633e+003  -0.000000e+000  -0.000000e+000  -0.000000e+000  -0.000000e+000  7.159617e+003  6.877640e+003  6.227373e+003  5.647344e+003  5.157555e+003  4.556556e+003  4.069282e+003  3.859179e+003  3.914264e+003  -0.000000e+000  
-3.957583e+003  -4.002275e+003  -4.275347e+003  -4.860624e+003  -5.623094e+003  -6.285804e+003  -7.150967e+003  -8.297359e+003  -0.000000e+000  -0.000000e+000  -0.000000e+000  -0.000000e+000  -0.000000e+000  -0.000000e+000  8.297337e+003  7.150947e+003  6.285785e+003  5.623077e+003  4.860609e+003  4.275340e+003  4.002285e+003  3.957624e+003  -0.000000e+000  
-4.010789e+003  -4.117162e+003  -4.453269e+003  -5.145178e+003  -6.090905e+003  -6.955281e+003  -8.154379e+003  -9.855163e+003  -0.000000e+000  -0.000000e+000  -0.000000e+000  -0.000000e+000  -0.000000e+000  -0.000000e+000  9.855136e+003  8.154357e+003  6.955262e+003  6.090889e+003  5.145166e+003  4.453266e+003  4.117174e+003  4.010821e+003  -0.000000e+000  
-3.957583e+003  -4.002275e+003  -4.275347e+003  -4.860624e+003  -5.623094e+003  -6.285804e+003  -7.150967e+003  -8.297359e+003  -0.000000e+000  -0.000000e+000  -0.000000e+000  -0.000000e+000  -0.000000e+000  -0.000000e+000  8.297337e+003  7.150947e+003  6.285785e+003  5.623077e+003  4.860609e+003  4.275340e+003  4.002285e+003  3.957624e+003  -0.000000e+000  
-3.914206e+003  -3.859174e+003  -4.069294e+003  -4.556572e+003  -5.157572e+003  -5.647362e+003  -6.227391e+003  -6.877658e+003  -7.159634e+003  -0.000000e+000  -0.000000e+000  -0.000000e+000  -0.000000e+000  7.159617e+003  6.877640e+003  6.227373e+003  5.647344e+003  5.157555e+003  4.556556e+003  4.069282e+003  3.859179e+003  3.914264e+003  -0.000000e+000  
-3.884577e+003  -3.649776e+003  -3.793941e+003  -4.173996e+003  -4.602916e+003  -4.918667e+003  -5.233561e+003  -5.475522e+003  -5.478180e+003  -5.277990e+003  -0.000000e+000  -0.000000e+000  5.277982e+003  5.478168e+003  5.475508e+003  5.233545e+003  4.918650e+003  4.602898e+003  4.173976e+003  3.793920e+003  3.649766e+003  3.884666e+003  -0.000000e+000  
-3.913640e+003  -3.345628e+003  -3.459607e+003  -3.743449e+003  -4.018445e+003  -4.190818e+003  -4.312651e+003  -4.312678e+003  -4.070774e+003  -3.415406e+003  -1.712110e+003  1.712109e+003  3.415399e+003  4.070764e+003  4.312666e+003  4.312636e+003  4.190801e+003  4.018427e+003  3.743427e+003  3.459574e+003  3.345580e+003  3.913783e+003  -0.000000e+000  
-4.084695e+003  -2.870974e+003  -3.082799e+003  -3.292189e+003  -3.444923e+003  -3.513497e+003  -3.513537e+003  -3.391754e+003  -3.076824e+003  -2.496420e+003  -1.203741e+003  1.203737e+003  2.496413e+003  3.076815e+003  3.391743e+003  3.513523e+003  3.513481e+003  3.444904e+003  3.292165e+003  3.082755e+003  2.870837e+003  4.084942e+003  -0.000000e+000  
-4.066859e+003  -2.532377e+003  -2.706591e+003  -2.842357e+003  -2.904640e+003  -2.904702e+003  -2.836238e+003  -2.663970e+003  -2.348341e+003  -1.858811e+003  -8.663460e+002  8.663406e+002  1.858803e+003  2.348331e+003  2.663959e+003  2.836225e+003  2.904687e+003  2.904622e+003  2.842334e+003  2.706556e+003  2.532317e+003  4.067018e+003  -0.000000e+000  
-3.891167e+003  -2.308206e+003  -2.339990e+003  -2.405698e+003  -2.405810e+003  -2.364427e+003  -2.262735e+003  -2.079539e+003  -1.793752e+003  -1.393310e+003  -6.312987e+002  6.312928e+002  1.393302e+003  1.793743e+003  2.079529e+003  2.262724e+003  2.364413e+003  2.405794e+003  2.405679e+003  2.339965e+003  2.308185e+003  3.891271e+003  -0.000000e+000  
-2.925838e+003  -2.450334e+003  -1.581326e+003  -1.581531e+003  -1.532508e+003  -1.464782e+003  -1.360228e+003  -1.218437e+003  -1.028528e+003  -7.849922e+002  -3.461324e+002  3.461267e+002  7.849857e+002  1.028521e+003  1.218429e+003  1.360219e+003  1.464772e+003  1.532497e+003  1.581520e+003  1.581316e+003  2.450341e+003  2.925884e+003  -0.000000e+000  
-1.945396e+003  -1.937940e+003  -1.492717e+003  -8.229191e+002  -7.993680e+002  -7.124292e+002  -6.066615e+002  -5.497918e+002  -4.778046e+002  -3.728151e+002  -1.680754e+002  1.680710e+002  3.728103e+002  4.777993e+002  5.497860e+002  6.066551e+002  7.124225e+002  7.993611e+002  8.229123e+002  1.492715e+003  1.937949e+003  1.945417e+003  -0.000000e+000  
-9.726607e+002  -9.727120e+002  -9.803732e+002  -9.651931e+002  -3.511723e+002  -3.538575e+001  3.425037e+002  5.838839e+001  -5.908489e+001  -8.664934e+001  -5.317702e+001  5.317463e+001  8.664664e+001  5.908185e+001  -5.839196e+001  -3.425081e+002  3.538166e+001  3.511688e+002  9.651917e+002  9.803740e+002  9.727168e+002  9.726694e+002  -0.000000e+000  
-0.000000e+000  -0.000000e+000  -0.000000e+000  -0.000000e+000  -0.000000e+000  -0.000000e+000  -0.000000e+000  -0.000000e+000  -0.000000e+000  -0.000000e+000  -0.000000e+000  -0.000000e+000  -0.000000e+000  -0.000000e+000  -0.000000e+000  -0.000000e+000  -0.000000e+000  -0.000000e+000  -0.000000e+000  -0.000000e+000  -0.000000e+000  -0.000000e+000  -0.000000e+000  

-0.000000e+000  -9.726607e+002  -1.945400e+003  -2.925857e+003  -3.891214e+003  -4.066920e+003  -4.084771e+003  -3.913728e+003  -3.884683e+003  -3.914330e+003  -3.957725e+003  -4.010954e+003  -3.957727e+003  -3.914334e+003  -3.884688e+003  -3.913735e+003  -4.084781e+003  -4.066931e+003  -3.891227e+003  -2.925871e+003  -1.945414e+003  -9.726695e+002  -0.000000e+000  
-0.000000e+000  -9.727073e+002  -1.937935e+003  -2.450337e+003  -2.308219e+003  -2.532402e+003  -2.871017e+003  -3.345698e+003  -3.649874e+003  -3.859302e+003  -4.002434e+003  -4.117371e+003  -4.002436e+003  -3.859305e+003  -3.649878e+003  -3.345703e+003  -2.871024e+003  -2.532409e+003  -2.308228e+003  -2.450351e+003  -1.937953e+003  -9.727201e+002  -0.000000e+000  
-0.000000e+000  -9.803589e+002  -1.492695e+003  -1.581305e+003  -2.339980e+003  -2.706593e+003  -3.082818e+003  -3.459652e+003  -3.794021e+003  -4.069422e+003  -4.275540e+003  -4.453621e+003  -4.275541e+003  -4.069424e+003  -3.794024e+003  -3.459656e+003  -3.082824e+003  -2.706601e+003  -2.339989e+003  -1.581319e+003  -1.492718e+003  -9.803838e+002  -0.000000e+000  
-0.000000e+000  -9.651657e+002  -8.228818e+002  -1.581482e+003  -2.405649e+003  -2.842313e+003  -3.292155e+003  -3.743431e+003  -4.174004e+003  -4.556636e+003  -4.860810e+003  -5.145989e+003  -4.860810e+003  -4.556636e+003  -4.174005e+003  -3.743433e+003  -3.292159e+003  -2.842319e+003  -2.405657e+003  -1.581497e+003  -8.229112e+002  -9.652230e+002  -0.000000e+000  
-0.000000e+000  -3.511425e+002  -7.993137e+002  -1.532430e+003  -2.405720e+003  -2.904550e+003  -3.444832e+003  -4.018344e+003  -4.602786e+003  -5.157385e+003  -5.622895e+003  -6.092998e+003  -5.622894e+003  -5.157384e+003  -4.602785e+003  -4.018344e+003  -3.444833e+003  -2.904553e+003  -2.405725e+003  -1.532440e+003  -7.993460e+002  -3.512535e+002  -0.000000e+000  
-0.000000e+000  -3.535654e+001  -7.123635e+002  -1.464680e+003  -2.364306e+003  -2.904583e+003  -3.513378e+003  -4.190681e+003  -4.918472e+003  -5.646962e+003  -6.284578e+003  -6.959374e+003  -6.284575e+003  -5.646959e+003  -4.918469e+003  -4.190679e+003  -3.513377e+003  -2.904583e+003  -2.364307e+003  -1.464685e+003  -7.123834e+002  -3.553060e+001  -0.000000e+000  
-0.000000e+000  3.425282e+002  -6.065840e+002  -1.360101e+003  -2.262577e+003  -2.836090e+003  -3.513406e+003  -4.312520e+003  -5.233447e+003  -6.227400e+003  -7.146389e+003  -8.163132e+003  -7.146385e+003  -6.227395e+003  -5.233442e+003  -4.312516e+003  -3.513403e+003  -2.836087e+003  -2.262574e+003  -1.360095e+003  -6.065570e+002  3.427338e+002  -0.000000e+000  
-0.000000e+000  5.842232e+001  -5.497020e+002  -1.218277e+003  -2.079326e+003  -2.663786e+003  -3.391629e+003  -4.312537e+003  -5.475381e+003  -6.882788e+003  -8.281929e+003  -9.875243e+003  -8.281921e+003  -6.882779e+003  -5.475373e+003  -4.312531e+003  -3.391624e+003  -2.663781e+003  -2.079321e+003  -1.218266e+003  -5.496673e+002  5.853208e+001  -0.000000e+000  
-0.000000e+000  -5.904708e+001  -4.777059e+002  -1.028333e+003  -1.793447e+003  -2.348092e+003  -3.076780e+003  -4.070606e+003  -5.472740e+003  -7.179377e+003  -0.000000e+000  -0.000000e+000  -0.000000e+000  -7.179365e+003  -5.472729e+003  -4.070598e+003  -3.076774e+003  -2.348086e+003  -1.793440e+003  -1.028321e+003  -4.776764e+002  -5.898694e+001  -0.000000e+000  
-0.000000e+000  -8.661338e+001  -3.727166e+002  -7.847646e+002  -1.392837e+003  -1.858349e+003  -2.496785e+003  -3.420358e+003  -5.377974e+003  -0.000000e+000  -0.000000e+000  -0.000000e+000  -0.000000e+000  -0.000000e+000  -5.377962e+003  -3.420350e+003  -2.496779e+003  -1.858344e+003  -1.392831e+003  -7.847547e+002  -3.726956e+002  -8.658019e+001  -0.000000e+000  
-0.000000e+000  -5.315382e+001  -1.680020e+002  -3.458999e+002  -6.304414e+002  -8.643431e+002  -1.199079e+003  -1.700783e+003  -0.000000e+000  -0.000000e+000  -0.000000e+000  -0.000000e+000  -0.000000e+000  -0.000000e+000  -0.000000e+000  -1.700778e+003  -1.199076e+003  -8.643404e+002  -6.304386e+002  -3.458954e+002  -1.679941e+002  -5.314404e+001  -0.000000e+000  
-0.000000e+000  5.315382e+001  1.680020e+002  3.458999e+002  6.304414e+002  8.643431e+002  1.199079e+003  1.700783e+003  -0.000000e+000  -0.000000e+000  -0.000000e+000  -0.000000e+000  -0.000000e+000  -0.000000e+000  -0.000000e+000  1.700778e+003  1.199076e+003  8.643404e+002  6.304386e+002  3.458954e+002  1.679941e+002  5.314404e+001  -0.000000e+000  
-0.000000e+000  8.661338e+001  3.727166e+002  7.847646e+002  1.392837e+003  1.858349e+003  2.496785e+003  3.420358e+003  5.377974e+003  -0.000000e+000  -0.000000e+000  -0.000000e+000  -0.000000e+000  -0.000000e+000  5.377962e+003  3.420350e+003  2.496779e+003  1.858344e+003  1.392832e+003  7.847547e+002  3.726956e+002  8.658019e+001  -0.000000e+000  
-0.000000e+000  5.904708e+001  4.777059e+002  1.028333e+003  1.793447e+003  2.348092e+003  3.076780e+003  4.070606e+003  5.472740e+003  7.179377e+003  -0.000000e+000  -0.000000e+000  -0.000000e+000  7.179365e+003  5.472729e+003  4.070598e+003  3.076774e+003  2.348086e+003  1.793440e+003  1.028321e+003  4.776764e+002  5.898695e+001  -0.000000e+000  
-0.000000e+000  -5.842232e+001  5.497020e+002  1.218277e+003  2.079326e+003  2.663786e+003  3.391629e+003  4.312537e+003  5.475381e+003  6.882788e+003  8.281929e+003  9.875243e+003  8.281921e+003  6.882779e+003  5.475373e+003  4.312531e+003  3.391624e+003  2.663781e+003  2.079321e+003  1.218266e+003  5.496673e+002  -5.853208e+001  -0.000000e+000  
-0.000000e+000  -3.425282e+002  6.065840e+002  1.360101e+003  2.262577e+003  2.836090e+003  3.513406e+003  4.312520e+003  5.233447e+003  6.227400e+003  7.146389e+003  8.163132e+003  7.146385e+003  6.227395e+003  5.233442e+003  4.312516e+003  3.513403e+003  2.836087e+003  2.262574e+003  1.360095e+003  6.065570e+002  -3.427338e+002  -0.000000e+000  
-0.000000e+000  3.535654e+001  7.123635e+002  1.464680e+003  2.364306e+003  2.904583e+003  3.513378e+003  4.190681e+003  4.918472e+003  5.646962e+003  6.284578e+003  6.959374e+003  6.284575e+003  5.646959e+003  4.918469e+003  4.190679e+003  3.513377e+003  2.904583e+003  2.364307e+003  1.464685e+003  7.123834e+002  3.553060e+001  -0.000000e+000  
-0.000000e+000  3.511425e+002  7.993137e+002  1.532430e+003  2.405720e+003  2.904550e+003  3.444832e+003  4.018344e+003  4.602786e+003  5.157385e+003  5.622895e+003  6.092998e+003  5.622894e+003  5.157384e+003  4.602785e+003  4.018344e+003  3.444833e+003  2.904553e+003  2.405725e+003  1.532440e+003  7.993460e+002  3.512535e+002  -0.000000e+000  
-0.000000e+000  9.651657e+002  8.228818e+002  1.581482e+003  2.405649e+003  2.842313e+003  3.292155e+003  3.743431e+003  4.174004e+003  4.556636e+003  4.860810e+003  5.145989e+003  4.860810e+003  4.556636e+003  4.174005e+003  3.743433e+003  3.292159e+003  2.842319e+003  2.405657e+003  1.581497e+003  8.229112e+002  9.652230e+002  -0.000000e+000  
-0.000000e+000  9.803589e+002  1.492695e+003  1.581305e+003  2.339980e+003  2.706593e+003  3.082818e+003  3.459652e+003  3.794021e+003  4.069422e+003  4.275540e+003  4.453621e+003  4.275541e+003  4.069424e+003  3.794024e+003  3.459656e+003  3.082824e+003  2.706601e+003  2.339989e+003  1.581319e+003  1.492718e+003  9.803838e+002  -0.000000e+000  
-0.000000e+000  9.727073e+002  1.937935e+003  2.450337e+003  2.308219e+003  2.532402e+003  2.871017e+003  3.345698e+003  3.649874e+003  3.859302e+003  4.002434e+003  4.117371e+003  4.002436e+003  3.859305e+003  3.649878e+003  3.345703e+003  2.871024e+003  2.532409e+003  2.308228e+003  2.450351e+003  1.937953e+003  9.727201e+002  -0.000000e+000  
-0.000000e+000  9.726607e+002  1.945400e+003  2.925857e+003  3.891214e+003  4.066920e+003  4.084771e+003  3.913728e+003  3.884683e+003  3.914330e+003  3.957725e+003  4.010954e+003  3.957727e+003  3.914334e+003  3.884688e+003  3.913735e+003  4.084781e+003  4.066931e+003  3.891227e+003  2.925871e+003  1.945414e+003  9.726695e+002  -0.000000e+000  
-0.000000e+000  -0.000000e+000  -0.000000e+000  -0.000000e+000  -0.000000e+000  -0.000000e+000  -0.000000e+000  -0.000000e+000  -0.000000e+000  -0.000000e+000  -0.000000e+000  -0.000000e+000  -0.000000e+000  -0.000000e+000  -0.000000e+000  -0.000000e+000  -0.000000e+000  -0.000000e+000  -0.000000e+000  -0.000000e+000  -0.000000e+000  -0.000000e+000  -0.000000e+000  

0.000000e+000  0.000000e+000  0.000000e+000  0.000000e+000  0.000000e+000  0.000000e+000  0.000000e+000  0.000000e+000  0.000000e+000  0.000000e+000  0.000000e+000  0.000000e+000  0.000000e+000  0.000000e+000  0.000000e+000  0.000000e+000  0.000000e+000  0.000000e+000  0.000000e+000  0.000000e+000  0.000000e+000  0.000000e+000  0.000000e+000  
0.000000e+000  0.000000e+000  0.000000e+000  0.000000e+000  0.000000e+000  0.000000e+000  0.000000e+000  0.000000e+000  0.000000e+000  0.000000e+000  0.000000e+000  0.000000e+000  0.000000e+000  0.000000e+000  0.000000e+000  0.000000e+000  0.000000e+000  0.000000e+000  0.000000e+000  0.000000e+000  0.000000e+000  0.000000e+000  0.000000e+000  
0.000000e+000  0.000000e+000  0.000000e+000  0.000000e+000  0.000000e+000  0.000000e+000  0.000000e+000  0.000000e+000  0.000000e+000  0.000000e+000  0.000000e+000  0.000000e+000  0.000000e+000  0.000000e+000  0.000000e+000  0.000000e+000  0.000000e+000  0.000000e+000  0.000000e+000  0.000000e+000  0.000000e+000  0.000000e+000  0.000000e+000  
0.000000e+000  0.000000e+000  0.000000e+000  0.000000e+000  0.000000e+000  0.000000e+000  0.000000e+000  0.000000e+000  0.000000e+000  0.000000e+000  0.000000e+000  0.000000e+000  0.000000e+000  0.000000e+000  0.000000e+000  0.000000e+000  0.000000e+000  0.000000e+000  0.000000e+000  0.000000e+000  0.000000e+000  0.000000e+000  0.000000e+000  
0.000000e+000  0.000000e+000  0.000000e+000  0.000000e+000  0.000000e+000  0.000000e+000  0.000000e+000  0.000000e+000  0.000000e+000  0.000000e+000  0.000000e+000  0.000000e+000  0.000000e+000  0.000000e+000  0.000000e+000  0.000000e+000  0.000000e+000  0.000000e+000  0.000000e+000  0.000000e+000  0.000000e+000  0.000000e+000  0.000000e+000  
0.000000e+000  0.000000e+000  0.000000e+000  0.000000e+000  0.000000e+000  0.000000e+000  0.000000e+000  0.000000e+000  0.000000e+000  0.000000e+000  0.000000e+000  0.000000e+000  0.000000e+000  0.000000e+000  0.000000e+000  0.000000e+000  0.000000e+000  0.000000e+000  0.000000e+000  0.000000e+000  0.000000e+000  0.000000e+000  0.000000e+000  
0.000000e+000  0.000000e+000  0.000000e+000  0.000000e+000  0.000000e+000  0.000000e+000  0.000000e+000  0.000000e+000  0.000000e+000  0.000000e+000  0.000000e+000  0.000000e+000  0.000000e+000  0.000000e+000  0.000000e+000  0.000000e+000  0.000000e+000  0.000000e+000  0.000000e+000  0.000000e+000  0.000000e+000  0.000000e+000  0.000000e+000  
0.000000e+000  0.000000e+000  0.000000e+000  0.000000e+000  0.000000e+000  0.000000e+000  0.000000e+000  0.000000e+000  0.000000e+000  0.000000e+000  0.000000e+000  0.000000e+000  0.000000e+000  0.000000e+000  0.000000e+000  0.000000e+000  0.000000e+000  0.000000e+000  0.000000e+000  0.000000e+000  0.000000e+000  0.000000e+000  0.000000e+000  
0.000000e+000  0.000000e+000  0.000000e+000  0.000000e+000  0.000000e+000  0.000000e+000  0.000000e+000  0.000000e+000  0.000000e+000  0.000000e+000  0.000000e+000  0.000000e+000  0.000000e+000  0.000000e+000  0.000000e+000  0.000000e+000  0.000000e+000  0.000000e+000  0.000000e+000  0.000000e+000  0.000000e+000  0.000000e+000  0.000000e+000  
0.000000e+000  0.000000e+000  0.000000e+000  0.000000e+000  0.000000e+000  0.000000e+000  0.000000e+000  0.000000e+000  0.000000e+000  0.000000e+000  0.000000e+000  0.000000e+000  0.000000e+000  0.000000e+000  0.000000e+000  0.000000e+000  0.000000e+000  0.000000e+000  0.000000e+000  0.000000e+000  0.000000e+000  0.000000e+000  0.000000e+000  
0.000000e+000  0.000000e+000  0.000000e+000  0.000000e+000  0.000000e+000  0.000000e+000  0.000000e+000  0.000000e+000  0.000000e+000  0.000000e+000  0.000000e+000  0.000000e+000  0.000000e+000  0.000000e+000  0.000000e+000  0.000000e+000  0.000000e+000  0.000000e+000  0.000000e+000  0.000000e+000  0.000000e+000  0.000000e+000  0.000000e+000  
0.000000e+000  0.000000e+000  0.000000e+000  0.000000e+000  0.000000e+000  0.000000e+000  0.000000e+000  0.000000e+000  0.000000e+000  0.000000e+000  0.000000e+000  0.000000e+000  0.000000e+000  0.000000e+000  0.000000e+000  0.000000e+000  0.000000e+000  0.000000e+000  0.000000e+000  0.000000e+000  0.000000e+000  0.000000e+000  0.000000e+000  
0.000000e+000  0.000000e+000  0.000000e+000  0.000000e+000  0.000000e+000  0.000000e+000  0.000000e+000  0.000000e+000  0.000000e+000  0.000000e+000  0.000000e+000  0.000000e+000  0.000000e+000  0.000000e+000  0.000000e+000  0.000000e+000  0.000000e+000  0.000000e+000  0.000000e+000  0.000000e+000  0.000000e+000  0.000000e+000  0.000000e+000  
0.000000e+000  0.000000e+000  0.000000e+000  0.000000e+000  0.000000e+000  0.000000e+000  0.000000e+000  0.000000e+000  0.000000e+000  0.000000e+000  0.000000e+000  0.000000e+000  0.000000e+000  0.000000e+000  0.000000e+000  0.000000e+000  0.000000e+000  0.000000e+000  0.000000e+000  0.000000e+000  0.000000e+000  0.000000e+000  0.000000e+000  
0.000000e+000  0.000000e+000  0.000000e+000  0.000000e+000  0.000000e+000  0.000000e+000  0.000000e+000  0.000000e+000  0.000000e+000  0.000000e+000  0.000000e+000  0.000000e+000  0.000000e+000  0.000000e+000  0.000000e+000  0.000000e+000  0.000000e+000  0.000000e+000  0.000000e+000  0.000000e+000  0.000000e+000  0.000000e+000  0.000000e+000  
0.000000e+000  0.000000e+000  0.000000e+000  0.000000e+000  0.000000e+000  0.000000e+000  0.000000e+000  0.000000e+000  0.000000e+000  0.000000e+000  0.000000e+000  0.000000e+000  0.000000e+000  0.000000e+000  0.000000e+000  0.000000e+000  0.000000e+000  0.000000e+000  0.000000e+000  0.000000e+000  0.000000e+000  0.000000e+000  0.000000e+000  
0.000000e+000  0.000000e+000  0.000000e+000  0.000000e+000  0.000000e+000  0.000000e+000  0.000000e+000  0.000000e+000  0.000000e+000  0.000000e+000  0.000000e+000  0.000000e+000  0.000000e+000  0.000000e+000  0.000000e+000  0.000000e+000  0.000000e+000  0.000000e+000  0.000000e+000  0.000000e+000  0.000000e+000  0.000000e+000  0.000000e+000  
0.000000e+000  0.000000e+000  0.000000e+000  0.000000e+000  0.000000e+000  0.000000e+000  0.000000e+000  0.000000e+000  0.000000e+000  0.000000e+000  0.000000e+000  0.000000e+000  0.000000e+000  0.000000e+000  0.000000e+000  0.000000e+000  0.000000e+000  0.000000e+000  0.000000e+000  0.000000e+000  0.000000e+000  0.000000e+000  0.000000e+000  
0.000000e+000  0.000000e+000  0.000000e+000  0.000000e+000  0.000000e+000  0.000000e+000  0.000000e+000  0.000000e+000  0.000000e+000  0.000000e+000  0.000000e+000  0.000000e+000  0.000000e+000  0.000000e+000  0.000000e+000  0.000000e+000  0.000000e+000  0.000000e+000  0.000000e+000  0.000000e+000  0.000000e+000  0.000000e+000  0.000000e+000  
0.000000e+000  0.000000e+000  0.000000e+000  0.000000e+000  0.000000e+000  0.000000e+000  0.000000e+000  0.000000e+000  0.000000e+000  0.000000e+000  0.000000e+000  0.000000e+000  0.000000e+000  0.000000e+000  0.000000e+000  0.000000e+000  0.000000e+000  0.000000e+000  0.000000e+000  0.000000e+000  0.000000e+000  0.000000e+000  0.000000e+000  
0.000000e+000  0.000000e+000  0.000000e+000  0.000000e+000  0.000000e+000  0.000000e+000  0.000000e+000  0.000000e+000  0.000000e+000  0.000000e+000  0.000000e+000  0.000000e+000  0.000000e+000  0.000000e+000  0.000000e+000  0.000000e+000  0.000000e+000  0.000000e+000  0.000000e+000  0.000000e+000  0.000000e+000  0.000000e+000  0.000000e+000  
0.000000e+000  0.000000e+000  0.000000e+000  0.000000e+000  0.000000e+000  0.000000e+000  0.000000e+000  0.000000e+000  0.000000e+000  0.000000e+000  0.000000e+000  0.000000e+000  0.000000e+000  0.000000e+000  0.000000e+000  0.000000e+000  0.000000e+000  0.000000e+000  0.000000e+000  0.000000e+000  0.000000e+000  0.000000e+000  0.000000e+000  
0.000000e+000  0.000000e+000  0.000000e+000  0.000000e+000  0.000000e+000  0.000000e+000  0.000000e+000  0.000000e+000  0.000000e+000  0.000000e+000  0.000000e+000  0.000000e+000  0.000000e+000  0.000000e+000  0.000000e+000  0.000000e+000  0.000000e+000  0.000000e+000  0.000000e+000  0.000000e+000  0.000000e+000  0.000000e+000  0.000000e+000  

0.000000e+000  0.000000e+000  0.000000e+000  0.000000e+000  0.000000e+000  0.000000e+000  0.000000e+000  0.000000e+000  0.000000e+000  0.000000e+000  0.000000e+000  0.000000e+000  0.000000e+000  0.000000e+000  0.000000e+000  0.000000e+000  0.000000e+000  0.000000e+000  0.000000e+000  0.000000e+000  0.000000e+000  0.000000e+000  0.000000e+000  
0.000000e+000  0.000000e+000  0.000000e+000  0.000000e+000  0.000000e+000  0.000000e+000  0.000000e+000  0.000000e+000  0.000000e+000  0.000000e+000  0.000000e+000  0.000000e+000  0.000000e+000  0.000000e+000  0.000000e+000  0.000000e+000  0.000000e+000  0.000000e+000  0.000000e+000  0.000000e+000  0.000000e+000  0.000000e+000  0.000000e+000  
0.000000e+000  0.000000e+000  0.000000e+000  0.000000e+000  0.000000e+000  0.000000e+000  0.000000e+000  0.000000e+000  0.000000e+000  0.000000e+000  0.000000e+000  0.000000e+000  0.000000e+000  0.000000e+000  0.000000e+000  0.000000e+000  0.000000e+000  0.000000e+000  0.000000e+000  0.000000e+000  0.000000e+000  0.000000e+000  0.000000e+000  
0.000000e+000  0.000000e+000  0.000000e+000  0.000000e+000  0.000000e+000  0.000000e+000  0.000000e+000  0.000000e+000  0.000000e+000  0.000000e+000  0.000000e+000  0.000000e+000  0.000000e+000  0.000000e+000  0.000000e+000  0.000000e+000  0.000000e+000  0.000000e+000  0.000000e+000  0.000000e+000  0.000000e+000  0.000000e+000  0.000000e+000  
0.000000e+000  0.000000e+000  0.000000e+000  0.000000e+000  0.000000e+000  0.000000e+000  0.000000e+000  0.000000e+000  0.000000e+000  0.000000e+000  0.000000e+000  0.000000e+000  0.000000e+000  0.000000e+000  0.000000e+000  0.000000e+000  0.000000e+000  0.000000e+000  0.000000e+000  0.000000e+000  0.000000e+000  0.000000e+000  0.000000e+000  
0.000000e+000  0.000000e+000  0.000000e+000  0.000000e+000  0.000000e+000  0.000000e+000  0.000000e+000  0.000000e+000  0.000000e+000  0.000000e+000  0.000000e+000  0.000000e+000  0.000000e+000  0.000000e+000  0.000000e+000  0.000000e+000  0.000000e+000  0.000000e+000  0.000000e+000  0.000000e+000  0.000000e+000  0.000000e+000  0.000000e+000  
0.000000e+000  0.000000e+000  0.000000e+000  0.000000e+000  0.000000e+000  0.000000e+000  0.000000e+000  0.000000e+000  0.000000e+000  0.000000e+000  0.000000e+000  0.000000e+000  0.000000e+000  0.000000e+000  0.000000e+000  0.000000e+000  0.000000e+000  0.000000e+000  0.000000e+000  0.000000e+000  0.000000e+000  0.000000e+000  0.000000e+000  
0.000000e+000  0.000000e+000  0.000000e+000  0.000000e+000  0.000000e+000  0.000000e+000  0.000000e+000  0.000000e+000  0.000000e+000  0.000000e+000  0.000000e+000  0.000000e+000  0.000000e+000  0.000000e+000  0.000000e+000  0.000000e+000  0.000000e+000  0.000000e+000  0.000000e+000  0.000000e+000  0.000000e+000  0.000000e+000  0.000000e+000  
0.000000e+000  0.000000e+000  0.000000e+000  0.000000e+000  0.000000e+000  0.000000e+000  0.000000e+000  0.000000e+000  0.000000e+000  0.000000e+000  0.000000e+000  0.000000e+000  0.000000e+000  0.000000e+000  0.000000e+000  0.000000e+000  0.000000e+000  0.000000e+000  0.000000e+000  0.000000e+000  0.000000e+000  0.000000e+000  0.000000e+000  
0.000000e+000  0.000000e+000  0.000000e+000  0.000000e+000  0.000000e+000  0.000000e+000  0.000000e+000  0.000000e+000  0.000000e+000  0.000000e+000  0.000000e+000  0.000000e+000  0.000000e+000  0.000000e+000  0.000000e+000  0.000000e+000  0.000000e+000  0.000000e+000  0.000000e+000  0.000000e+000  0.000000e+000  0.000000e+000  0.000000e+000  
0.000000e+000  0.000000e+000  0.000000e+000  0.000000e+000  0.000000e+000  0.000000e+000  0.000000e+000  0.000000e+000  0.000000e+000  0.000000e+000  0.000000e+000  0.000000e+000  0.000000e+000  0.000000e+000  0.000000e+000  0.000000e+000  0.000000e+000  0.000000e+000  0.000000e+000  0.000000e+000  0.000000e+000  0.000000e+000  0.000000e+000  
0.000000e+000  0.000000e+000  0.000000e+000  0.000000e+000  0.000000e+000  0.000000e+000  0.000000e+000  0.000000e+000  0.000000e+000  0.000000e+000  0.000000e+000  0.000000e+000  0.000000e+000  0.000000e+000  0.000000e+000  0.000000e+000  0.000000e+000  0.000000e+000  0.000000e+000  0.000000e+000  0.000000e+000  0.000000e+000  0.000000e+000  
0.000000e+000  0.000000e+000  0.000000e+000  0.000000e+000  0.000000e+000  0.000000e+000  0.000000e+000  0.000000e+000  0.000000e+000  0.000000e+000  0.000000e+000  0.000000e+000  0.000000e+000  0.000000e+000  0.000000e+000  0.000000e+000  0.000000e+000  0.000000e+000  0.000000e+000  0.000000e+000  0.000000e+000  0.000000e+000  0.000000e+000  
0.000000e+000  0.000000e+000  0.000000e+000  0.000000e+000  0.000000e+000  0.000000e+000  0.000000e+000  0.000000e+000  0.000000e+000  0.000000e+000  0.000000e+000  0.000000e+000  0.000000e+000  0.000000e+000  0.000000e+000  0.000000e+000  0.000000e+000  0.000000e+000  0.000000e+000  0.000000e+000  0.000000e+000  0.000000e+000  0.000000e+000  
0.000000e+000  0.000000e+000  0.000000e+000  0.000000e+000  0.000000e+000  0.000000e+000  0.000000e+000  0.000000e+000  0.000000e+000  0.000000e+000  0.000000e+000  0.000000e+000  0.000000e+000  0.000000e+000  0.000000e+000  0.000000e+000  0.000000e+000  0.000000e+000  0.000000e+000  0.000000e+000  0.000000e+000  0.000000e+000  0.000000e+000  
0.000000e+000  0.000000e+000  0.000000e+000  0.000000e+000  0.000000e+000  0.000000e+000  0.000000e+000  0.000000e+000  0.000000e+000  0.000000e+000  0.000000e+000  0.000000e+000  0.000000e+000  0.000000e+000  0.000000e+000  0.000000e+000  0.000000e+000  0.000000e+000  0.000000e+000  0.000000e+000  0.000000e+000  0.000000e+000  0.000000e+000  
0.000000e+000  0.000000e+000  0.000000e+000  0.000000e+000  0.000000e+000  0.000000e+000  0.000000e+000  0.000000e+000  0.000000e+000  0.000000e+000  0.000000e+000  0.000000e+000  0.000000e+000  0.000000e+000  0.000000e+000  0.000000e+000  0.000000e+000  0.000000e+000  0.000000e+000  0.000000e+000  0.000000e+000  0.000000e+000  0.000000e+000  
0.000000e+000  0.000000e+000  0.000000e+000  0.000000e+000  0.000000e+000  0.000000e+000  0.000000e+000  0.000000e+000  0.000000e+000  0.000000e+000  0.000000e+000  0.000000e+000  0.000000e+000  0.000000e+000  0.000000e+000  0.000000e+000  0.000000e+000  0.000000e+000  0.000000e+000  0.000000e+000  0.000000e+000  0.000000e+000  0.000000e+000  
0.000000e+000  0.000000e+000  0.000000e+000  0.000000e+000  0.000000e+000  0.000000e+000  0.000000e+000  0.000000e+000  0.000000e+000  0.000000e+000  0.000000e+000  0.000000e+000  0.000000e+000  0.000000e+000  0.000000e+000  0.000000e+000  0.000000e+000  0.000000e+000  0.000000e+000  0.000000e+000  0.000000e+000  0.000000e+000  0.000000e+000  
0.000000e+000  0.000000e+000  0.000000e+000  0.000000e+000  0.000000e+000  0.000000e+000  0.000000e+000  0.000000e+000  0.000000e+000  0.000000e+000  0.000000e+000  0.000000e+000  0.000000e+000  0.000000e+000  0.000000e+000  0.000000e+000  0.000000e+000  0.000000e+000  0.000000e+000  0.000000e+000  0.000000e+000  0.000000e+000  0.000000e+000  
0.000000e+000  0.000000e+000  0.000000e+000  0.000000e+000  0.000000e+000  0.000000e+000  0.000000e+000  0.000000e+000  0.000000e+000  0.000000e+000  0.000000e+000  0.000000e+000  0.000000e+000  0.000000e+000  0.000000e+000  0.000000e+000  0.000000e+000  0.000000e+000  0.000000e+000  0.000000e+000  0.000000e+000  0.000000e+000  0.000000e+000  
0.000000e+000  0.000000e+000  0.000000e+000  0.000000e+000  0.000000e+000  0.000000e+000  0.000000e+000  0.000000e+000  0.000000e+000  0.000000e+000  0.000000e+000  0.000000e+000  0.000000e+000  0.000000e+000  0.000000e+000  0.000000e+000  0.000000e+000  0.000000e+000  0.000000e+000  0.000000e+000  0.000000e+000  0.000000e+000  0.000000e+000  
0.000000e+000  0.000000e+000  0.000000e+000  0.000000e+000  0.000000e+000  0.000000e+000  0.000000e+000  0.000000e+000  0.000000e+000  0.000000e+000  0.000000e+000  0.000000e+000  0.000000e+000  0.000000e+000  0.000000e+000  0.000000e+000  0.000000e+000  0.000000e+000  0.000000e+000  0.000000e+000  0.000000e+000  0.000000e+000  0.000000e+000  

0.000000e+000  0.000000e+000  0.000000e+000  0.000000e+000  0.000000e+000  0.000000e+000  0.000000e+000  0.000000e+000  0.000000e+000  0.000000e+000  0.000000e+000  0.000000e+000  0.000000e+000  0.000000e+000  0.000000e+000  0.000000e+000  0.000000e+000  0.000000e+000  0.000000e+000  0.000000e+000  0.000000e+000  0.000000e+000  0.000000e+000  
0.000000e+000  0.000000e+000  0.000000e+000  0.000000e+000  0.000000e+000  0.000000e+000  0.000000e+000  0.000000e+000  0.000000e+000  0.000000e+000  0.000000e+000  0.000000e+000  0.000000e+000  0.000000e+000  0.000000e+000  0.000000e+000  0.000000e+000  0.000000e+000  0.000000e+000  0.000000e+000  0.000000e+000  0.000000e+000  0.000000e+000  
0.000000e+000  0.000000e+000  0.000000e+000  0.000000e+000  0.000000e+000  0.000000e+000  0.000000e+000  0.000000e+000  0.000000e+000  0.000000e+000  0.000000e+000  0.000000e+000  0.000000e+000  0.000000e+000  0.000000e+000  0.000000e+000  0.000000e+000  0.000000e+000  0.000000e+000  0.000000e+000  0.000000e+000  0.000000e+000  0.000000e+000  
0.000000e+000  0.000000e+000  0.000000e+000  0.000000e+000  0.000000e+000  0.000000e+000  0.000000e+000  0.000000e+000  0.000000e+000  0.000000e+000  0.000000e+000  0.000000e+000  0.000000e+000  0.000000e+000  0.000000e+000  0.000000e+000  0.000000e+000  0.000000e+000  0.000000e+000  0.000000e+000  0.000000e+000  0.000000e+000  0.000000e+000  
0.000000e+000  0.000000e+000  0.000000e+000  0.000000e+000  0.000000e+000  0.000000e+000  0.000000e+000  0.000000e+000  0.000000e+000  0.000000e+000  0.000000e+000  0.000000e+000  0.000000e+000  0.000000e+000  0.000000e+000  0.000000e+000  0.000000e+000  0.000000e+000  0.000000e+000  0.000000e+000  0.000000e+000  0.000000e+000  0.000000e+000  
0.000000e+000  0.000000e+000  0.000000e+000  0.000000e+000  0.000000e+000  0.000000e+000  0.000000e+000  0.000000e+000  0.000000e+000  0.000000e+000  0.000000e+000  0.000000e+000  0.000000e+000  0.000000e+000  0.000000e+000  0.000000e+000  0.000000e+000  0.000000e+000  0.000000e+000  0.000000e+000  0.000000e+000  0.000000e+000  0.000000e+000  
0.000000e+000  0.000000e+000  0.000000e+000  0.000000e+000  0.000000e+000  0.000000e+000  0.000000e+000  0.000000e+000  0.000000e+000  0.000000e+000  0.000000e+000  0.000000e+000  0.000000e+000  0.000000e+000  0.000000e+000  0.000000e+000  0.000000e+000  0.000000e+000  0.000000e+000  0.000000e+000  0.000000e+000  0.000000e+000  0.000000e+000  
0.000000e+000  0.000000e+000  0.000000e+000  0.000000e+000  0.000000e+000  0.000000e+000  0.000000e+000  0.000000e+000  0.000000e+000  0.000000e+000  0.000000e+000  0.000000e+000  0.000000e+000  0.000000e+000  0.000000e+000  0.000000e+000  0.000000e+000  0.000000e+000  0.000000e+000  0.000000e+000  0.000000e+000  0.000000e+000  0.000000e+000  
0.000000e+000  0.000000e+000  0.000000e+000  0.000000e+000  0.000000e+000  0.000000e+000  0.000000e+000  0.000000e+000  0.000000e+000  0.000000e+000  0.000000e+000  0.000000e+000  0.000000e+000  0.000000e+000  0.000000e+000  0.000000e+000  0.000000e+000  0.000000e+000  0.000000e+000  0.000000e+000  0.000000e+000  0.000000e+000  0.000000e+000  
0.000000e+000  0.000000e+000  0.000000e+000  0.000000e+000  0.000000e+000  0.000000e+000  0.000000e+000  0.000000e+000  0.000000e+000  0.000000e+000  0.000000e+000  0.000000e+000  0.000000e+000  0.000000e+000  0.000000e+000  0.000000e+000  0.000000e+000  0.000000e+000  0.000000e+000  0.000000e+000  0.000000e+000  0.000000e+000  0.000000e+000  
0.000000e+000  0.000000e+000  0.000000e+000  0.000000e+000  0.000000e+000  0.000000e+000  0.000000e+000  0.000000e+000  0.000000e+000  0.000000e+000  0.000000e+000  0.000000e+000  0.000000e+000  0.000000e+000  0.000000e+000  0.000000e+000  0.000000e+000  0.000000e+000  0.000000e+000  0.000000e+000  0.000000e+000  0.000000e+000  0.000000e+000  
0.000000e+000  0.000000e+000  0.000000e+000  0.000000e+000  0.000000e+000  0.000000e+000  0.000000e+000  0.000000e+000  0.000000e+000  0.000000e+000  0.000000e+000  0.000000e+000  0.000000e+000  0.000000e+000  0.000000e+000  0.000000e+000  0.000000e+000  0.000000e+000  0.000000e+000  0.000000e+000  0.000000e+000  0.000000e+000  0.000000e+000  
0.000000e+000  0.000000e+000  0.000000e+000  0.000000e+000  0.000000e+000  0.000000e+000  0.000000e+000  0.000000e+000  0.000000e+000  0.000000e+000  0.000000e+000  0.000000e+000  0.000000e+000  0.000000e+000  0.000000e+000  0.000000e+000  0.000000e+000  0.000000e+000  0.000000e+000  0.000000e+000  0.000000e+000  0.000000e+000  0.000000e+000  
0.000000e+000  0.000000e+000  0.000000e+000  0.000000e+000  0.000000e+000  0.000000e+000  0.000000e+000  0.000000e+000  0.000000e+000  0.000000e+000  0.000000e+000  0.000000e+000  0.000000e+000  0.000000e+000  0.000000e+000  0.000000e+000  0.000000e+000  0.000000e+000  0.000000e+000  0.000000e+000  0.000000e+000  0.000000e+000  0.000000e+000  
0.000000e+000  0.000000e+000  0.000000e+000  0.000000e+000  0.000000e+000  0.000000e+000  0.000000e+000  0.000000e+000  0.000000e+000  0.000000e+000  0.000000e+000  0.000000e+000  0.000000e+000  0.000000e+000  0.000000e+000  0.000000e+000  0.000000e+000  0.000000e+000  0.000000e+000  0.000000e+000  0.000000e+000  0.000000e+000  0.000000e+000  
0.000000e+000  0.000000e+000  0.000000e+000  0.000000e+000  0.000000e+000  0.000000e+000  0.000000e+000  0.000000e+000  0.000000e+000  0.000000e+000  0.000000e+000  0.000000e+000  0.000000e+000  0.000000e+000  0.000000e+000  0.000000e+000  0.000000e+000  0.000000e+000  0.000000e+000  0.000000e+000  0.000000e+000  0.000000e+000  0.000000e+000  
0.000000e+000  0.000000e+000  0.000000e+000  0.000000e+000  0.000000e+000  0.000000e+000  0.000000e+000  0.000000e+000  0.000000e+000  0.000000e+000  0.000000e+000  0.000000e+000  0.000000e+000  0.000000e+000  0.000000e+000  0.000000e+000  0.000000e+000  0.000000e+000  0.000000e+000  0.000000e+000  0.000000e+000  0.000000e+000  0.000000e+000  
0.000000e+000  0.000000e+000  0.000000e+000  0.000000e+000  0.000000e+000  0.000000e+000  0.000000e+000  0.000000e+000  0.000000e+000  0.000000e+000  0.000000e+000  0.000000e+000  0.000000e+000  0.000000e+000  0.000000e+000  0.000000e+000  0.000000e+000  0.000000e+000  0.000000e+000  0.000000e+000  0.000000e+000  0.000000e+000  0.000000e+000  
0.000000e+000  0.000000e+000  0.000000e+000  0.000000e+000  0.000000e+000  0.000000e+000  0.000000e+000  0.000000e+000  0.000000e+000  0.000000e+000  0.000000e+000  0.000000e+000  0.000000e+000  0.000000e+000  0.000000e+000  0.000000e+000  0.000000e+000  0.000000e+000  0.000000e+000  0.000000e+000  0.000000e+000  0.000000e+000  0.000000e+000  
0.000000e+000  0.000000e+000  0.000000e+000  0.000000e+000  0.000000e+000  0.000000e+000  0.000000e+000  0.000000e+000  0.000000e+000  0.000000e+000  0.000000e+000  0.000000e+000  0.000000e+000  0.000000e+000  0.000000e+000  0.000000e+000  0.000000e+000  0.000000e+000  0.000000e+000  0.000000e+000  0.000000e+000  0.000000e+000  0.000000e+000  
0.000000e+000  0.000000e+000  0.000000e+000  0.000000e+000  0.000000e+000  0.000000e+000  0.000000e+000  0.000000e+000  0.000000e+000  0.000000e+000  0.000000e+000  0.000000e+000  0.000000e+000  0.000000e+000  0.000000e+000  0.000000e+000  0.000000e+000  0.000000e+000  0.000000e+000  0.000000e+000  0.000000e+000  0.000000e+000  0.000000e+000  
0.000000e+000  0.000000e+000  0.000000e+000  0.000000e+000  0.000000e+000  0.000000e+000  0.000000e+000  0.000000e+000  0.000000e+000  0.000000e+000  0.000000e+000  0.000000e+000  0.000000e+000  0.000000e+000  0.000000e+000  0.000000e+000  0.000000e+000  0.000000e+000  0.000000e+000  0.000000e+000  0.000000e+000  0.000000e+000  0.000000e+000  
0.000000e+000  0.000000e+000  0.000000e+000  0.000000e+000  0.000000e+000  0.000000e+000  0.000000e+000  0.000000e+000  0.000000e+000  0.000000e+000  0.000000e+000  0.000000e+000  0.000000e+000  0.000000e+000  0.000000e+000  0.000000e+000  0.000000e+000  0.000000e+000  0.000000e+000  0.000000e+000  0.000000e+000  0.000000e+000  0.000000e+000  

-0.000000e+000  -0.000000e+000  -0.000000e+000  -0.000000e+000  -0.000000e+000  -0.000000e+000  -0.000000e+000  -0.000000e+000  -0.000000e+000  -0.000000e+000  -0.000000e+000  -0.000000e+000  -0.000000e+000  -0.000000e+000  -0.000000e+000  -0.000000e+000  -0.000000e+000  -0.000000e+000  -0.000000e+000  -0.000000e+000  -0.000000e+000  -0.000000e+000  -0.000000e+000  
-0.000000e+000  5.962074e+000  1.192455e+001  1.809530e+001  2.434873e+001  2.273942e+001  1.882537e+001  1.219416e+001  8.388753e+000  6.147965e+000  4.832615e+000  3.991494e+000  4.832654e+000  6.148026e+000  8.388839e+000  1.219428e+001  1.882552e+001  2.273960e+001  2.434894e+001  1.809554e+001  1.192477e+001  5.962218e+000  -0.000000e+000  
-0.000000e+000  1.192451e+001  2.364237e+001  2.804551e+001  2.187398e+001  1.911389e+001  1.616430e+001  1.308500e+001  1.051895e+001  8.594113e+000  7.279079e+000  6.300667e+000  7.279151e+000  8.594224e+000  1.051910e+001  1.308521e+001  1.616456e+001  1.911420e+001  2.187434e+001  2.804598e+001  2.364287e+001  1.192487e+001  -0.000000e+000  
-0.000000e+000  1.809516e+001  2.804536e+001  2.328799e+001  1.853055e+001  1.624618e+001  1.402194e+001  1.192272e+001  1.008419e+001  8.600962e+000  7.523267e+000  6.652884e+000  7.523360e+000  8.601108e+000  1.008439e+001  1.192300e+001  1.402228e+001  1.624661e+001  1.853106e+001  2.328870e+001  2.804624e+001  1.809592e+001  -0.000000e+000  
-0.000000e+000  2.434839e+001  2.187369e+001  1.853034e+001  1.493531e+001  1.313783e+001  1.137932e+001  9.717623e+000  8.228077e+000  6.985606e+000  6.054037e+000  5.264177e+000  6.054134e+000  6.985764e+000  8.228305e+000  9.717934e+000  1.137973e+001  1.313835e+001  1.493595e+001  1.853129e+001  2.187505e+001  2.435009e+001  -0.000000e+000  
-0.000000e+000  2.273902e+001  1.911352e+001  1.624582e+001  1.313760e+001  1.152514e+001  9.912764e+000  8.356807e+000  6.929379e+000  5.711550e+000  4.782761e+000  3.977375e+000  4.782849e+000  5.711698e+000  6.929601e+000  8.357118e+000  9.913180e+000  1.152568e+001  1.313828e+001  1.624687e+001  1.911515e+001  2.274163e+001  -0.000000e+000  
-0.000000e+000  1.882495e+001  1.616385e+001  1.402140e+001  1.137876e+001  9.912348e+000  8.389760e+000  6.867442e+000  5.421065e+000  4.148442e+000  3.160743e+000  2.287847e+000  3.160809e+000  4.148565e+000  5.421265e+000  6.867738e+000  8.390168e+000  9.912886e+000  1.137945e+001  1.402248e+001  1.616564e+001  1.882900e+001  -0.000000e+000  
-0.000000e+000  1.219381e+001  1.308448e+001  1.192200e+001  9.716621e+000  8.355704e+000  6.866465e+000  5.302120e+000  3.738983e+000  2.300398e+000  1.171216e+000  1.618496e-001  1.171245e+000  2.300479e+000  3.739144e+000  5.302384e+000  6.866848e+000  8.356222e+000  9.717289e+000  1.192303e+001  1.308605e+001  1.219617e+001  -0.000000e+000  
-0.000000e+000  8.388422e+000  1.051836e+001  1.008328e+001  8.226612e+000  6.927362e+000  5.418259e+000  3.735578e+000  1.932339e+000  1.429481e-001  -0.000000e+000  -0.000000e+000  -0.000000e+000  1.429555e-001  1.932437e+000  3.735793e+000  5.418603e+000  6.927844e+000  8.227238e+000  1.008422e+001  1.051965e+001  8.389879e+000  -0.000000e+000  
-0.000000e+000  6.147635e+000  8.593478e+000  8.599942e+000  6.983858e+000  5.708858e+000  4.143618e+000  2.289585e+000  1.118423e-001  -0.000000e+000  -0.000000e+000  -0.000000e+000  -0.000000e+000  -0.000000e+000  1.118528e-001  2.289737e+000  4.143914e+000  5.709296e+000  6.984436e+000  8.600784e+000  8.594520e+000  6.148599e+000  -0.000000e+000  
-0.000000e+000  4.832282e+000  7.278417e+000  7.522217e+000  6.052394e+000  4.780578e+000  3.157759e+000  1.167298e+000  -0.000000e+000  -0.000000e+000  -0.000000e+000  -0.000000e+000  -0.000000e+000  -0.000000e+000  -0.000000e+000  1.167385e+000  3.158008e+000  4.780975e+000  6.052927e+000  7.522978e+000  7.279286e+000  4.832972e+000  -0.000000e+000  
-0.000000e+000  3.991149e+000  6.299994e+000  6.651931e+000  5.263231e+000  3.976990e+000  2.288946e+000  1.664903e-001  -0.000000e+000  -0.000000e+000  -0.000000e+000  -0.000000e+000  -0.000000e+000  -0.000000e+000  -0.000000e+000  1.665043e-001  2.289143e+000  3.977343e+000  5.263718e+000  6.652618e+000  6.300733e+000  3.991679e+000  -0.000000e+000  
-0.000000e+000  4.832282e+000  7.278417e+000  7.522217e+000  6.052394e+000  4.780578e+000  3.157759e+000  1.167298e+000  -0.000000e+000  -0.000000e+000  -0.000000e+000  -0.000000e+000  -0.000000e+000  -0.000000e+000  -0.000000e+000  1.167385e+000  3.158008e+000  4.780975e+000  6.052927e+000  7.522978e+000  7.279286e+000  4.832972e+000  -0.000000e+000  
-0.000000e+000  6.147635e+000  8.593478e+000  8.599942e+000  6.983858e+000  5.708858e+000  4.143618e+000  2.289585e+000  1.118423e-001  -0.000000e+000  -0.000000e+000  -0.000000e+000  -0.000000e+000  -0.000000e+000  1.118526e-001  2.289737e+000  4.143914e+000  5.709295e+000  6.984436e+000  8.600784e+000  8.594520e+000  6.148599e+000  -0.000000e+000  
-0.000000e+000  8.388422e+000  1.051836e+001  1.008328e+001  8.226612e+000  6.927362e+000  5.418259e+000  3.735578e+000  1.932339e+000  1.429481e-001  -0.000000e+000  -0.000000e+000  -0.000000e+000  1.429555e-001  1.932437e+000  3.735793e+000  5.418603e+000  6.927844e+000  8.227238e+000  1.008422e+001  1.051965e+001  8.389879e+000  -0.000000e+000  
-0.000000e+000  1.219381e+001  1.308448e+001  1.192200e+001  9.716621e+000  8.355704e+000  6.866465e+000  5.302120e+000  3.738983e+000  2.300398e+000  1.171215e+000  1.618486e-001  1.171245e+000  2.300479e+000  3.739143e+000  5.302384e+000  6.866848e+000  8.356222e+000  9.717289e+000  1.192303e+001  1.308605e+001  1.219617e+001  -0.000000e+000  
-0.000000e+000  1.882495e+001  1.616385e+001  1.402140e+001  1.137876e+001  9.912348e+000  8.389760e+000  6.867442e+000  5.421065e+000  4.148441e+000  3.160743e+000  2.287847e+000  3.160809e+000  4.148565e+000  5.421265e+000  6.867738e+000  8.390168e+000  9.912886e+000  1.137945e+001  1.402248e+001  1.616564e+001  1.882900e+001  -0.000000e+000  
-0.000000e+000  2.273902e+001  1.911352e+001  1.624582e+001  1.313760e+001  1.152514e+001  9.912764e+000  8.356807e+000  6.929379e+000  5.711550e+000  4.782761e+000  3.977374e+000  4.782848e+000  5.711698e+000  6.929601e+000  8.357118e+000  9.913180e+000  1.152568e+001  1.313828e+001  1.624687e+001  1.911515e+001  2.274163e+001  -0.000000e+000  
-0.000000e+000  2.434839e+001  2.187369e+001  1.853034e+001  1.493531e+001  1.313783e+001  1.137932e+001  9.717623e+000  8.228077e+000  6.985606e+000  6.054037e+000  5.264177e+000  6.054134e+000  6.985763e+000  8.228305e+000  9.717934e+000  1.137973e+001  1.313835e+001  1.493595e+001  1.853129e+001  2.187505e+001  2.435009e+001  -0.000000e+000  
-0.000000e+000  1.809516e+001  2.804536e+001  2.328799e+001  1.853055e+001  1.624618e+001  1.402194e+001  1.192272e+001  1.008419e+001  8.600962e+000  7.523266e+000  6.652884e+000  7.523359e+000  8.601108e+000  1.008439e+001  1.192300e+001  1.402228e+001  1.624661e+001  1.853106e+001  2.328870e+001  2.804624e+001  1.809592e+001  -0.000000e+000  
-0.000000e+000  1.192451e+001  2.364237e+001  2.804551e+001  2.187398e+001  1.911389e+001  1.616430e+001  1.308500e+001  1.051895e+001  8.594113e+000  7.279079e+000  6.300667e+000  7.279151e+000  8.594224e+000  1.051910e+001  1.308520e+001  1.616456e+001  1.911420e+001  2.187434e+001  2.804598e+001  2.364287e+001  1.192487e+001  -0.000000e+000  
-0.000000e+000  5.962074e+000  1.192455e+001  1.809530e+001  2.434873e+001  2.273942e+001  1.882537e+001  1.219416e+001  8.388753e+000  6.147965e+000  4.832615e+000  3.991494e+000  4.832654e+000  6.148026e+000  8.388839e+000  1.219428e+001  1.882552e+001  2.273960e+001  2.434894e+001  1.809554e+001  1.192477e+001  5.962218e+000  -0.000000e+000  
-0.000000e+000  -0.000000e+000  -0.000000e+000  -0.000000e+000  -0.000000e+000  -0.000000e+000  -0.000000e+000  -0.000000e+000  -0.000000e+000  -0.000000e+000  -0.000000e+000  -0.000000e+000  -0.000000e+000  -0.000000e+000  -0.000000e+000  -0.000000e+000  -0.000000e+000  -0.000000e+000  -0.000000e+000  -0.000000e+000  -0.000000e+000  -0.000000e+000  -0.000000e+000  

