Port monitor named: Port1_h1[2.2].prt

nx        = 69
ny        = 23
nz        = 31

nu        = 5
nv        = 5
iu        = 14
iv        = 11

idir      = 1
dcut      = 2.500000e-002
icut      = 23
type      = 1
frequency = 2.200000e+009

fcutoff   = 0.000000e+000
alpha     = 0.000000e+000
beta      = 6.459069e+001
accuracy  = 2.803480e-015

type          = TEM
wave imp.     = 2.655754e+002
wave imp.sig. = 6.948869e-008
line imp.     = 5.425586e+001

ref. port     = 0

0.000000e+000  7.884081e+000  1.577000e+001  7.884084e+000  0.000000e+000  
0.000000e+000  7.885091e+000  3.154095e+001  7.885092e+000  0.000000e+000  
0.000000e+000  -7.885092e+000  -3.154095e+001  -7.885091e+000  0.000000e+000  
0.000000e+000  -7.884084e+000  -1.577000e+001  -7.884081e+000  0.000000e+000  
0.000000e+000  0.000000e+000  0.000000e+000  0.000000e+000  0.000000e+000  

0.000000e+000  0.000000e+000  0.000000e+000  0.000000e+000  0.000000e+000  
-7.884085e+000  -7.885092e+000  7.885092e+000  7.884085e+000  0.000000e+000  
-1.577000e+001  -3.154095e+001  3.154095e+001  1.577000e+001  0.000000e+000  
-7.884085e+000  -7.885092e+000  7.885092e+000  7.884085e+000  0.000000e+000  
0.000000e+000  0.000000e+000  0.000000e+000  0.000000e+000  0.000000e+000  

0.000000e+000  0.000000e+000  0.000000e+000  0.000000e+000  0.000000e+000  
0.000000e+000  0.000000e+000  0.000000e+000  0.000000e+000  0.000000e+000  
0.000000e+000  0.000000e+000  0.000000e+000  0.000000e+000  0.000000e+000  
0.000000e+000  0.000000e+000  0.000000e+000  0.000000e+000  0.000000e+000  
0.000000e+000  0.000000e+000  0.000000e+000  0.000000e+000  0.000000e+000  

0.000000e+000  0.000000e+000  0.000000e+000  0.000000e+000  0.000000e+000  
0.000000e+000  0.000000e+000  0.000000e+000  0.000000e+000  0.000000e+000  
0.000000e+000  0.000000e+000  0.000000e+000  0.000000e+000  0.000000e+000  
0.000000e+000  0.000000e+000  0.000000e+000  0.000000e+000  0.000000e+000  
0.000000e+000  0.000000e+000  0.000000e+000  0.000000e+000  0.000000e+000  

0.000000e+000  0.000000e+000  0.000000e+000  0.000000e+000  0.000000e+000  
0.000000e+000  0.000000e+000  0.000000e+000  0.000000e+000  0.000000e+000  
0.000000e+000  0.000000e+000  0.000000e+000  0.000000e+000  0.000000e+000  
0.000000e+000  0.000000e+000  0.000000e+000  0.000000e+000  0.000000e+000  
0.000000e+000  0.000000e+000  0.000000e+000  0.000000e+000  0.000000e+000  

-5.883713e-005  1.242097e-002  -1.236701e-002  9.187786e-006  0.000000e+000  
-1.240259e-002  9.188891e-006  9.189365e-006  1.238539e-002  0.000000e+000  
1.238539e-002  9.189365e-006  9.188891e-006  -1.240259e-002  0.000000e+000  
9.187786e-006  -1.236701e-002  1.242097e-002  -5.883713e-005  0.000000e+000  
0.000000e+000  0.000000e+000  0.000000e+000  0.000000e+000  0.000000e+000  

