Port monitor named: Port2_e2.prt

nx        = 3
ny        = 18
nz        = 29

nu        = 16
nv        = 27
iu        = 2
iv        = 2

idir      = 0
dcut      = 4.914300e-001
icut      = 3
type      = 0
frequency = 2.200000e+009

fcutoff   = 3.150656e+009
alpha     = 4.725954e+001
beta      = 0.000000e+000
accuracy  = 5.690868e-010

type          = TE
wave imp.     = 3.675555e+002
wave imp.sig. = 8.668431e-006
line imp.     = 0.000000e+000

ref. port     = 0

-0.000000e+000  -0.000000e+000  -0.000000e+000  -0.000000e+000  -0.000000e+000  -0.000000e+000  -0.000000e+000  -0.000000e+000  -0.000000e+000  -0.000000e+000  -0.000000e+000  -0.000000e+000  -0.000000e+000  -0.000000e+000  -0.000000e+000  -0.000000e+000  
-5.078713e+001  -5.078713e+001  -5.078713e+001  -5.078713e+001  -5.078713e+001  -5.078713e+001  -5.078712e+001  -5.078712e+001  -5.078712e+001  -5.078713e+001  -5.078713e+001  -5.078713e+001  -5.078712e+001  -5.078712e+001  -5.078713e+001  -0.000000e+000  
-1.009137e+002  -1.009137e+002  -1.009137e+002  -1.009138e+002  -1.009138e+002  -1.009138e+002  -1.009137e+002  -1.009137e+002  -1.009137e+002  -1.009137e+002  -1.009137e+002  -1.009137e+002  -1.009137e+002  -1.009137e+002  -1.009137e+002  -0.000000e+000  
-1.497280e+002  -1.497280e+002  -1.497280e+002  -1.497280e+002  -1.497280e+002  -1.497280e+002  -1.497279e+002  -1.497279e+002  -1.497279e+002  -1.497279e+002  -1.497279e+002  -1.497279e+002  -1.497279e+002  -1.497279e+002  -1.497279e+002  -0.000000e+000  
-3.150743e+002  -3.150743e+002  -3.150743e+002  -3.150743e+002  -3.150743e+002  -3.150743e+002  -3.150743e+002  -3.150743e+002  -3.150743e+002  -3.150743e+002  -3.150743e+002  -3.150743e+002  -3.150743e+002  -3.150743e+002  -3.150743e+002  -0.000000e+000  
-4.341897e+002  -4.341897e+002  -4.341897e+002  -4.341897e+002  -4.341897e+002  -4.341897e+002  -4.341897e+002  -4.341897e+002  -4.341897e+002  -4.341897e+002  -4.341897e+002  -4.341897e+002  -4.341897e+002  -4.341897e+002  -4.341897e+002  -0.000000e+000  
-4.491413e+002  -4.491413e+002  -4.491413e+002  -4.491413e+002  -4.491412e+002  -4.491412e+002  -4.491412e+002  -4.491412e+002  -4.491412e+002  -4.491413e+002  -4.491413e+002  -4.491413e+002  -4.491412e+002  -4.491412e+002  -4.491412e+002  -0.000000e+000  
-3.563420e+002  -3.563420e+002  -3.563420e+002  -3.563420e+002  -3.563420e+002  -3.563420e+002  -3.563420e+002  -3.563420e+002  -3.563420e+002  -3.563420e+002  -3.563420e+002  -3.563420e+002  -3.563420e+002  -3.563420e+002  -3.563420e+002  -0.000000e+000  
-2.058505e+002  -2.058505e+002  -2.058505e+002  -2.058505e+002  -2.058505e+002  -2.058505e+002  -2.058505e+002  -2.058505e+002  -2.058505e+002  -2.058505e+002  -2.058505e+002  -2.058505e+002  -2.058505e+002  -2.058505e+002  -2.058505e+002  -0.000000e+000  
-1.592768e+002  -1.592768e+002  -1.592768e+002  -1.592768e+002  -1.592768e+002  -1.592768e+002  -1.592768e+002  -1.592768e+002  -1.592768e+002  -1.592768e+002  -1.592768e+002  -1.592768e+002  -1.592768e+002  -1.592768e+002  -1.592768e+002  -0.000000e+000  
-1.106317e+002  -1.106317e+002  -1.106317e+002  -1.106317e+002  -1.106317e+002  -1.106317e+002  -1.106317e+002  -1.106317e+002  -1.106317e+002  -1.106317e+002  -1.106317e+002  -1.106317e+002  -1.106317e+002  -1.106317e+002  -1.106317e+002  -0.000000e+000  
-6.054784e+001  -6.054784e+001  -6.054784e+001  -6.054784e+001  -6.054784e+001  -6.054784e+001  -6.054784e+001  -6.054784e+001  -6.054784e+001  -6.054784e+001  -6.054784e+001  -6.054784e+001  -6.054784e+001  -6.054784e+001  -6.054784e+001  -0.000000e+000  
-3.034391e+001  -3.034391e+001  -3.034391e+001  -3.034391e+001  -3.034391e+001  -3.034391e+001  -3.034391e+001  -3.034391e+001  -3.034391e+001  -3.034391e+001  -3.034391e+001  -3.034391e+001  -3.034391e+001  -3.034391e+001  -3.034391e+001  -0.000000e+000  
-2.783270e-009  -0.000000e+000  -0.000000e+000  -3.241753e-009  -4.479055e-009  -0.000000e+000  -2.416125e-009  -0.000000e+000  -2.563612e-009  -0.000000e+000  -0.000000e+000  -0.000000e+000  -0.000000e+000  -0.000000e+000  -0.000000e+000  -0.000000e+000  
3.034391e+001  3.034391e+001  3.034391e+001  3.034391e+001  3.034391e+001  3.034391e+001  3.034391e+001  3.034391e+001  3.034391e+001  3.034391e+001  3.034391e+001  3.034391e+001  3.034391e+001  3.034391e+001  3.034391e+001  -0.000000e+000  
6.054784e+001  6.054784e+001  6.054784e+001  6.054784e+001  6.054784e+001  6.054784e+001  6.054784e+001  6.054784e+001  6.054784e+001  6.054784e+001  6.054784e+001  6.054784e+001  6.054784e+001  6.054784e+001  6.054784e+001  -0.000000e+000  
1.106317e+002  1.106317e+002  1.106317e+002  1.106317e+002  1.106317e+002  1.106317e+002  1.106317e+002  1.106317e+002  1.106317e+002  1.106317e+002  1.106317e+002  1.106317e+002  1.106317e+002  1.106317e+002  1.106317e+002  -0.000000e+000  
1.592768e+002  1.592768e+002  1.592768e+002  1.592768e+002  1.592768e+002  1.592768e+002  1.592768e+002  1.592768e+002  1.592768e+002  1.592768e+002  1.592768e+002  1.592768e+002  1.592768e+002  1.592768e+002  1.592768e+002  -0.000000e+000  
2.058505e+002  2.058505e+002  2.058505e+002  2.058505e+002  2.058505e+002  2.058505e+002  2.058505e+002  2.058505e+002  2.058505e+002  2.058505e+002  2.058505e+002  2.058505e+002  2.058505e+002  2.058505e+002  2.058505e+002  -0.000000e+000  
3.563420e+002  3.563420e+002  3.563420e+002  3.563420e+002  3.563420e+002  3.563420e+002  3.563420e+002  3.563420e+002  3.563420e+002  3.563420e+002  3.563420e+002  3.563420e+002  3.563420e+002  3.563420e+002  3.563420e+002  -0.000000e+000  
4.491413e+002  4.491413e+002  4.491413e+002  4.491413e+002  4.491412e+002  4.491412e+002  4.491412e+002  4.491412e+002  4.491412e+002  4.491413e+002  4.491413e+002  4.491413e+002  4.491412e+002  4.491412e+002  4.491412e+002  -0.000000e+000  
4.341897e+002  4.341897e+002  4.341897e+002  4.341897e+002  4.341897e+002  4.341897e+002  4.341897e+002  4.341897e+002  4.341897e+002  4.341897e+002  4.341897e+002  4.341897e+002  4.341897e+002  4.341897e+002  4.341897e+002  -0.000000e+000  
3.150743e+002  3.150743e+002  3.150743e+002  3.150743e+002  3.150743e+002  3.150743e+002  3.150743e+002  3.150743e+002  3.150743e+002  3.150743e+002  3.150743e+002  3.150743e+002  3.150743e+002  3.150743e+002  3.150743e+002  -0.000000e+000  
1.497280e+002  1.497280e+002  1.497280e+002  1.497280e+002  1.497280e+002  1.497280e+002  1.497279e+002  1.497279e+002  1.497279e+002  1.497279e+002  1.497279e+002  1.497279e+002  1.497279e+002  1.497279e+002  1.497279e+002  -0.000000e+000  
1.009137e+002  1.009137e+002  1.009137e+002  1.009138e+002  1.009138e+002  1.009138e+002  1.009137e+002  1.009137e+002  1.009137e+002  1.009137e+002  1.009137e+002  1.009137e+002  1.009137e+002  1.009137e+002  1.009137e+002  -0.000000e+000  
5.078713e+001  5.078713e+001  5.078713e+001  5.078713e+001  5.078713e+001  5.078713e+001  5.078712e+001  5.078712e+001  5.078712e+001  5.078713e+001  5.078713e+001  5.078713e+001  5.078712e+001  5.078712e+001  5.078713e+001  -0.000000e+000  
-0.000000e+000  -0.000000e+000  -0.000000e+000  -0.000000e+000  -0.000000e+000  -0.000000e+000  -0.000000e+000  -0.000000e+000  -0.000000e+000  -0.000000e+000  -0.000000e+000  -0.000000e+000  -0.000000e+000  -0.000000e+000  -0.000000e+000  -0.000000e+000  

-0.000000e+000  2.204282e-006  4.356585e-006  6.389954e-006  8.201436e-006  9.623085e-006  1.038753e-005  1.209259e-005  1.330230e-005  1.476298e-005  9.894133e-006  4.289065e-006  -1.027523e-006  -1.501975e-007  5.951713e-008  -0.000000e+000  
-0.000000e+000  2.241920e-006  4.451085e-006  6.585691e-006  8.587856e-006  1.032789e-005  1.145146e-005  1.244242e-005  1.287082e-005  1.347361e-005  9.886395e-006  4.147764e-006  2.900287e-007  5.358068e-007  3.312631e-007  -0.000000e+000  
-0.000000e+000  2.291269e-006  4.577752e-006  6.869193e-006  9.191474e-006  1.167426e-005  1.473886e-005  1.319968e-005  1.209650e-005  1.037546e-005  9.980914e-006  3.743466e-006  3.365283e-006  1.668143e-006  7.342922e-007  -0.000000e+000  
-0.000000e+000  2.345704e-006  4.735874e-006  7.221209e-006  9.868107e-006  1.276498e-005  1.602506e-005  1.353743e-005  1.137315e-005  9.274304e-006  6.266736e-006  6.297357e-006  3.972738e-006  2.465174e-006  1.177615e-006  -0.000000e+000  
-0.000000e+000  1.141611e-006  2.263245e-006  3.341030e-006  4.343888e-006  5.226816e-006  5.924504e-006  6.498376e-006  6.924476e-006  7.370998e-006  7.222779e-006  9.873157e-008  -2.644803e-007  -5.074148e-008  9.746688e-009  -0.000000e+000  
-0.000000e+000  4.596017e-008  9.179558e-008  1.375028e-007  1.832273e-007  2.285530e-007  2.730700e-007  1.959773e-007  1.204793e-007  5.056780e-008  1.504707e-007  1.349124e-007  2.300688e-007  1.580268e-007  8.006866e-008  -0.000000e+000  
-0.000000e+000  -1.062530e-006  -2.104236e-006  -3.100046e-006  -4.016141e-006  -4.804146e-006  -5.392756e-006  -6.184949e-006  -6.821537e-006  -7.487178e-006  -7.131849e-006  3.162912e-007  8.754040e-007  4.443257e-007  1.829048e-007  -0.000000e+000  
-0.000000e+000  -2.315398e-006  -4.683753e-006  -7.164963e-006  -9.831494e-006  -1.277367e-005  -1.609064e-005  -1.350530e-005  -1.127157e-005  -9.178133e-006  -5.519554e-006  -6.691598e-006  -3.789323e-006  -2.375006e-006  -1.138090e-006  -0.000000e+000  
-0.000000e+000  -2.195074e-006  -4.403877e-006  -6.659878e-006  -9.046665e-006  -1.180548e-005  -1.566536e-005  -1.307995e-005  -1.132483e-005  -8.608070e-006  -1.001540e-005  -3.434911e-006  -4.737856e-006  -2.154171e-006  -8.853888e-007  -0.000000e+000  
-0.000000e+000  -2.094403e-006  -4.169639e-006  -6.196829e-006  -8.130195e-006  -9.854451e-006  -1.099502e-005  -1.188326e-005  -1.218276e-005  -1.261744e-005  -9.644592e-006  -4.161817e-006  -6.402357e-007  -6.903025e-007  -3.777629e-007  -0.000000e+000  
-0.000000e+000  -1.996621e-006  -3.943475e-006  -5.767999e-006  -7.369876e-006  -8.512971e-006  -8.623151e-006  -1.113412e-005  -1.273924e-005  -1.474268e-005  -9.407758e-006  -4.620140e-006  1.640475e-006  4.116006e-007  6.972666e-008  -0.000000e+000  
-0.000000e+000  -1.951016e-006  -3.831704e-006  -5.600825e-006  -7.144759e-006  -8.391347e-006  -9.253024e-006  -1.114807e-005  -1.273926e-005  -1.414543e-005  -1.005701e-005  -4.061336e-006  1.116217e-006  5.669285e-007  2.042373e-007  -0.000000e+000  
-0.000000e+000  -1.924490e-006  -3.803098e-006  -5.536167e-006  -7.090935e-006  -8.431596e-006  -9.782605e-006  -1.122595e-005  -1.273436e-005  -1.408228e-005  -1.020375e-005  -3.945014e-006  1.086878e-006  6.081748e-007  2.459099e-007  -0.000000e+000  
-0.000000e+000  -1.934054e-006  -3.790762e-006  -5.541035e-006  -7.090368e-006  -8.433135e-006  -9.776941e-006  -1.122959e-005  -1.273378e-005  -1.408521e-005  -1.020383e-005  -3.948863e-006  1.083389e-006  6.109137e-007  2.472522e-007  -0.000000e+000  
-0.000000e+000  -1.947171e-006  -3.841650e-006  -5.595306e-006  -7.145794e-006  -8.386952e-006  -9.256538e-006  -1.114674e-005  -1.273562e-005  -1.414526e-005  -1.005662e-005  -4.060890e-006  1.117239e-006  5.631685e-007  2.039944e-007  -0.000000e+000  
-0.000000e+000  -1.996270e-006  -3.941169e-006  -5.769952e-006  -7.370505e-006  -8.512076e-006  -8.620632e-006  -1.113056e-005  -1.274115e-005  -1.474224e-005  -9.408505e-006  -4.622206e-006  1.639537e-006  4.122893e-007  7.034525e-008  -0.000000e+000  
-0.000000e+000  -2.095671e-006  -4.171028e-006  -6.196733e-006  -8.130302e-006  -9.854122e-006  -1.099351e-005  -1.188363e-005  -1.218145e-005  -1.261871e-005  -9.645910e-006  -4.164341e-006  -6.413644e-007  -6.898151e-007  -3.781510e-007  -0.000000e+000  
-0.000000e+000  -2.195292e-006  -4.404022e-006  -6.661844e-006  -9.046878e-006  -1.180601e-005  -1.566538e-005  -1.307966e-005  -1.132614e-005  -8.609054e-006  -1.001654e-005  -3.436482e-006  -4.738490e-006  -2.154583e-006  -8.847671e-007  -0.000000e+000  
-0.000000e+000  -2.315483e-006  -4.684106e-006  -7.165390e-006  -9.832461e-006  -1.277467e-005  -1.609168e-005  -1.350627e-005  -1.127265e-005  -9.179490e-006  -5.519727e-006  -6.690437e-006  -3.787913e-006  -2.373545e-006  -1.137063e-006  -0.000000e+000  
-0.000000e+000  -1.062560e-006  -2.104349e-006  -3.100436e-006  -4.016711e-006  -4.805218e-006  -5.393949e-006  -6.186267e-006  -6.822856e-006  -7.488771e-006  -7.132757e-006  3.164678e-007  8.751621e-007  4.443069e-007  1.830130e-007  -0.000000e+000  
-0.000000e+000  4.528217e-008  9.080206e-008  1.362099e-007  1.818099e-007  2.274364e-007  2.721323e-007  1.953055e-007  1.197887e-007  4.980068e-008  1.500698e-007  1.356150e-007  2.307975e-007  1.591291e-007  8.104998e-008  -0.000000e+000  
-0.000000e+000  1.141282e-006  2.262494e-006  3.340344e-006  4.342982e-006  5.226263e-006  5.924498e-006  6.498865e-006  6.925400e-006  7.372265e-006  7.225814e-006  1.010450e-007  -2.636992e-007  -4.996388e-008  1.025305e-008  -0.000000e+000  
-0.000000e+000  2.345930e-006  4.735835e-006  7.221442e-006  9.868519e-006  1.276584e-005  1.602628e-005  1.353887e-005  1.137485e-005  9.276262e-006  6.269672e-006  6.301091e-006  3.973569e-006  2.465229e-006  1.177369e-006  -0.000000e+000  
-0.000000e+000  2.290317e-006  4.578371e-006  6.868150e-006  9.191074e-006  1.167472e-005  1.473877e-005  1.319988e-005  1.209741e-005  1.037777e-005  9.985527e-006  3.745134e-006  3.367524e-006  1.669684e-006  7.346755e-007  -0.000000e+000  
-0.000000e+000  2.241660e-006  4.449754e-006  6.586571e-006  8.588544e-006  1.032665e-005  1.145083e-005  1.244202e-005  1.287089e-005  1.347539e-005  9.891818e-006  4.149279e-006  2.913396e-007  5.361217e-007  3.322108e-007  -0.000000e+000  
-0.000000e+000  2.204167e-006  4.357660e-006  6.390354e-006  8.202043e-006  9.622477e-006  1.038758e-005  1.209200e-005  1.330323e-005  1.476510e-005  9.899682e-006  4.290296e-006  -1.027393e-006  -1.499580e-007  5.925391e-008  -0.000000e+000  
-0.000000e+000  -0.000000e+000  -0.000000e+000  -0.000000e+000  -0.000000e+000  -0.000000e+000  -0.000000e+000  -0.000000e+000  -0.000000e+000  -0.000000e+000  -0.000000e+000  -0.000000e+000  -0.000000e+000  -0.000000e+000  -0.000000e+000  -0.000000e+000  

-0.000000e+000  -0.000000e+000  -0.000000e+000  -0.000000e+000  -0.000000e+000  -0.000000e+000  -0.000000e+000  -0.000000e+000  -0.000000e+000  -0.000000e+000  -0.000000e+000  -0.000000e+000  -0.000000e+000  -0.000000e+000  -0.000000e+000  -0.000000e+000  
-0.000000e+000  -7.413600e-008  -1.642684e-007  -2.266606e-007  -2.747933e-007  -3.041162e-007  -2.470236e-007  -4.129815e-007  -5.616987e-007  -7.068615e-007  -5.478500e-007  -9.847743e-008  1.178465e-007  2.858186e-008  1.134904e-008  -0.000000e+000  
-0.000000e+000  -1.478252e-007  -3.656918e-007  -4.671944e-007  -6.000449e-007  -6.674585e-007  -5.988863e-007  -8.977176e-007  -1.052171e-006  -1.302071e-006  -1.107825e-006  -1.719629e-007  1.075471e-007  3.545638e-009  -3.020234e-008  -0.000000e+000  
-0.000000e+000  -2.817233e-007  -5.114108e-007  -7.817529e-007  -9.902314e-007  -1.144394e-006  -1.241330e-006  -1.418604e-006  -1.536028e-006  -1.580404e-006  -1.717266e-006  -1.867645e-007  -1.985249e-007  -1.396679e-007  -7.480550e-008  -0.000000e+000  
-0.000000e+000  -7.068504e-007  -1.435530e-006  -2.171883e-006  -2.950549e-006  -3.741821e-006  -4.587329e-006  -4.015146e-006  -3.502705e-006  -2.992858e-006  -1.806034e-006  -2.294601e-006  -1.198810e-006  -7.527166e-007  -3.721803e-007  -0.000000e+000  
-0.000000e+000  -9.128039e-007  -1.850627e-006  -2.758422e-006  -3.673349e-006  -4.546133e-006  -5.436069e-006  -5.272327e-006  -5.102822e-006  -4.937478e-006  -2.369249e-006  -3.185843e-006  -6.068396e-007  -4.301264e-007  -2.113136e-007  -0.000000e+000  
-0.000000e+000  -9.474516e-007  -1.906452e-006  -2.847081e-006  -3.784744e-006  -4.698785e-006  -5.609960e-006  -5.436553e-006  -5.254916e-006  -5.106247e-006  -2.454780e-006  -3.273696e-006  -6.169871e-007  -4.291647e-007  -2.240630e-007  -0.000000e+000  
-0.000000e+000  -7.809205e-007  -1.573283e-006  -2.396990e-006  -3.238122e-006  -4.135064e-006  -5.100887e-006  -4.487961e-006  -3.920341e-006  -3.351530e-006  -2.071714e-006  -2.456862e-006  -1.261687e-006  -7.895512e-007  -3.880721e-007  -0.000000e+000  
-0.000000e+000  -3.345600e-007  -6.643999e-007  -9.348449e-007  -1.209463e-006  -1.387464e-006  -1.523226e-006  -1.848689e-006  -2.059865e-006  -2.215062e-006  -2.435840e-006  -3.497394e-008  -3.950802e-008  -3.112235e-008  -2.208968e-008  -0.000000e+000  
-0.000000e+000  -2.156927e-007  -4.787585e-007  -6.543438e-007  -8.219006e-007  -8.763585e-007  -7.821547e-007  -1.312717e-006  -1.687332e-006  -2.113611e-006  -1.788190e-006  -9.968855e-008  4.390543e-007  1.620208e-007  5.559376e-008  -0.000000e+000  
-0.000000e+000  -1.764832e-007  -3.219302e-007  -4.054236e-007  -4.735663e-007  -5.620767e-007  -4.767553e-007  -8.863394e-007  -1.186064e-006  -1.597748e-006  -1.231410e-006  -8.012681e-008  4.623932e-007  2.188760e-007  5.741671e-008  -0.000000e+000  
-0.000000e+000  -1.352192e-007  -5.654475e-008  -2.866093e-007  -2.265267e-007  -2.566416e-007  -3.379120e-007  -4.170264e-007  -7.167925e-007  -8.150188e-007  -6.946132e-007  -2.820200e-008  1.724169e-007  1.338722e-007  5.878171e-008  -0.000000e+000  
-0.000000e+000  1.285293e-007  -3.131860e-007  3.472970e-008  -2.400571e-007  -1.668543e-007  -2.277652e-007  -3.191283e-007  -2.212282e-007  -3.920502e-007  -3.662178e-007  5.718430e-008  2.177362e-007  -2.469014e-008  2.710597e-008  -0.000000e+000  
-0.000000e+000  -1.584034e-007  2.537256e-007  -1.447418e-007  -5.361409e-009  2.998829e-008  8.501022e-008  -4.495558e-008  -1.970074e-008  -4.598552e-008  -1.745231e-009  -7.916921e-008  -7.177480e-008  5.633622e-008  2.760748e-008  -0.000000e+000  
-0.000000e+000  9.685552e-008  -1.327637e-007  2.311083e-007  2.483907e-007  2.050509e-007  1.419336e-007  3.962412e-007  3.006309e-007  4.460773e-007  3.777109e-007  2.951327e-008  -1.073899e-007  -1.471901e-007  -5.684915e-008  -0.000000e+000  
-0.000000e+000  5.976960e-008  2.583999e-007  1.387486e-007  2.492266e-007  2.532309e-007  3.824654e-007  4.835608e-007  6.593374e-007  8.193754e-007  6.766642e-007  -1.299361e-008  -1.943758e-007  -9.035584e-008  -2.752544e-008  -0.000000e+000  
-0.000000e+000  1.696628e-007  2.487579e-007  4.642517e-007  4.858725e-007  5.693860e-007  4.818446e-007  8.467619e-007  1.221145e-006  1.581535e-006  1.222327e-006  7.575667e-008  -4.641509e-007  -1.958398e-007  -1.118778e-007  -0.000000e+000  
-0.000000e+000  2.218357e-007  4.905246e-007  6.414500e-007  8.503785e-007  8.551721e-007  8.063248e-007  1.302946e-006  1.664198e-006  2.126553e-006  1.786206e-006  1.133034e-007  -4.268141e-007  -1.901647e-007  -4.050477e-008  -0.000000e+000  
-0.000000e+000  3.459709e-007  6.436348e-007  9.832098e-007  1.190117e-006  1.435840e-006  1.510599e-006  1.839997e-006  2.062358e-006  2.226850e-006  2.436096e-006  5.045661e-008  5.308590e-008  3.353160e-008  7.951341e-009  -0.000000e+000  
-0.000000e+000  7.793427e-007  1.566436e-006  2.399843e-006  3.250651e-006  4.151805e-006  5.107349e-006  4.484139e-006  3.918954e-006  3.363662e-006  2.067493e-006  2.451762e-006  1.258265e-006  7.811526e-007  3.734962e-007  -0.000000e+000  
-0.000000e+000  9.590994e-007  1.902845e-006  2.853632e-006  3.772972e-006  4.713193e-006  5.609348e-006  5.456885e-006  5.270394e-006  5.095156e-006  2.456419e-006  3.260585e-006  6.270297e-007  4.243504e-007  2.213304e-007  -0.000000e+000  
-0.000000e+000  9.213909e-007  1.847973e-006  2.757684e-006  3.648364e-006  4.551501e-006  5.429275e-006  5.292894e-006  5.116207e-006  4.934728e-006  2.373433e-006  3.182928e-006  5.935553e-007  4.196991e-007  2.200585e-007  -0.000000e+000  
-0.000000e+000  7.143528e-007  1.436204e-006  2.190228e-006  2.934682e-006  3.739318e-006  4.575836e-006  4.014511e-006  3.497684e-006  2.985336e-006  1.803220e-006  2.292525e-006  1.186891e-006  7.454245e-007  3.699035e-007  -0.000000e+000  
-0.000000e+000  2.501276e-007  5.350985e-007  7.620383e-007  9.860635e-007  1.148873e-006  1.224901e-006  1.409839e-006  1.528222e-006  1.574089e-006  1.724406e-006  1.682733e-007  2.094849e-007  1.523800e-007  8.628361e-008  -0.000000e+000  
-0.000000e+000  1.634864e-007  3.298410e-007  4.603051e-007  6.434884e-007  6.191020e-007  5.935422e-007  8.991866e-007  1.036415e-006  1.287380e-006  1.117807e-006  1.639175e-007  -1.153275e-007  4.648663e-009  3.669514e-008  -0.000000e+000  
-0.000000e+000  9.542398e-008  1.591495e-007  2.383577e-007  2.543381e-007  3.041134e-007  2.721352e-007  4.026875e-007  5.700889e-007  7.067713e-007  5.496870e-007  9.092837e-008  -1.234790e-007  -3.388991e-008  -6.660625e-009  -0.000000e+000  
-0.000000e+000  -0.000000e+000  -0.000000e+000  -0.000000e+000  -0.000000e+000  -0.000000e+000  -0.000000e+000  -0.000000e+000  -0.000000e+000  -0.000000e+000  -0.000000e+000  -0.000000e+000  -0.000000e+000  -0.000000e+000  -0.000000e+000  -0.000000e+000  

0.000000e+000  0.000000e+000  0.000000e+000  0.000000e+000  0.000000e+000  0.000000e+000  0.000000e+000  0.000000e+000  0.000000e+000  0.000000e+000  0.000000e+000  0.000000e+000  0.000000e+000  0.000000e+000  0.000000e+000  0.000000e+000  
0.000000e+000  0.000000e+000  0.000000e+000  0.000000e+000  0.000000e+000  0.000000e+000  0.000000e+000  0.000000e+000  0.000000e+000  0.000000e+000  0.000000e+000  0.000000e+000  0.000000e+000  0.000000e+000  0.000000e+000  0.000000e+000  
0.000000e+000  0.000000e+000  0.000000e+000  0.000000e+000  0.000000e+000  0.000000e+000  0.000000e+000  0.000000e+000  0.000000e+000  0.000000e+000  0.000000e+000  0.000000e+000  0.000000e+000  0.000000e+000  0.000000e+000  0.000000e+000  
0.000000e+000  0.000000e+000  0.000000e+000  0.000000e+000  0.000000e+000  0.000000e+000  0.000000e+000  0.000000e+000  0.000000e+000  0.000000e+000  0.000000e+000  0.000000e+000  0.000000e+000  0.000000e+000  0.000000e+000  0.000000e+000  
0.000000e+000  0.000000e+000  0.000000e+000  0.000000e+000  0.000000e+000  0.000000e+000  0.000000e+000  0.000000e+000  0.000000e+000  0.000000e+000  0.000000e+000  0.000000e+000  0.000000e+000  0.000000e+000  0.000000e+000  0.000000e+000  
0.000000e+000  0.000000e+000  0.000000e+000  0.000000e+000  0.000000e+000  0.000000e+000  0.000000e+000  0.000000e+000  0.000000e+000  0.000000e+000  0.000000e+000  0.000000e+000  0.000000e+000  0.000000e+000  0.000000e+000  0.000000e+000  
0.000000e+000  0.000000e+000  0.000000e+000  0.000000e+000  0.000000e+000  0.000000e+000  0.000000e+000  0.000000e+000  0.000000e+000  0.000000e+000  0.000000e+000  0.000000e+000  0.000000e+000  0.000000e+000  0.000000e+000  0.000000e+000  
0.000000e+000  0.000000e+000  0.000000e+000  0.000000e+000  0.000000e+000  0.000000e+000  0.000000e+000  0.000000e+000  0.000000e+000  0.000000e+000  0.000000e+000  0.000000e+000  0.000000e+000  0.000000e+000  0.000000e+000  0.000000e+000  
0.000000e+000  0.000000e+000  0.000000e+000  0.000000e+000  0.000000e+000  0.000000e+000  0.000000e+000  0.000000e+000  0.000000e+000  0.000000e+000  0.000000e+000  0.000000e+000  0.000000e+000  0.000000e+000  0.000000e+000  0.000000e+000  
0.000000e+000  0.000000e+000  0.000000e+000  0.000000e+000  0.000000e+000  0.000000e+000  0.000000e+000  0.000000e+000  0.000000e+000  0.000000e+000  0.000000e+000  0.000000e+000  0.000000e+000  0.000000e+000  0.000000e+000  0.000000e+000  
0.000000e+000  0.000000e+000  0.000000e+000  0.000000e+000  0.000000e+000  0.000000e+000  0.000000e+000  0.000000e+000  0.000000e+000  0.000000e+000  0.000000e+000  0.000000e+000  0.000000e+000  0.000000e+000  0.000000e+000  0.000000e+000  
0.000000e+000  0.000000e+000  0.000000e+000  0.000000e+000  0.000000e+000  0.000000e+000  0.000000e+000  0.000000e+000  0.000000e+000  0.000000e+000  0.000000e+000  0.000000e+000  0.000000e+000  0.000000e+000  0.000000e+000  0.000000e+000  
0.000000e+000  0.000000e+000  0.000000e+000  0.000000e+000  0.000000e+000  0.000000e+000  0.000000e+000  0.000000e+000  0.000000e+000  0.000000e+000  0.000000e+000  0.000000e+000  0.000000e+000  0.000000e+000  0.000000e+000  0.000000e+000  
0.000000e+000  0.000000e+000  0.000000e+000  0.000000e+000  0.000000e+000  0.000000e+000  0.000000e+000  0.000000e+000  0.000000e+000  0.000000e+000  0.000000e+000  0.000000e+000  0.000000e+000  0.000000e+000  0.000000e+000  0.000000e+000  
0.000000e+000  0.000000e+000  0.000000e+000  0.000000e+000  0.000000e+000  0.000000e+000  0.000000e+000  0.000000e+000  0.000000e+000  0.000000e+000  0.000000e+000  0.000000e+000  0.000000e+000  0.000000e+000  0.000000e+000  0.000000e+000  
0.000000e+000  0.000000e+000  0.000000e+000  0.000000e+000  0.000000e+000  0.000000e+000  0.000000e+000  0.000000e+000  0.000000e+000  0.000000e+000  0.000000e+000  0.000000e+000  0.000000e+000  0.000000e+000  0.000000e+000  0.000000e+000  
0.000000e+000  0.000000e+000  0.000000e+000  0.000000e+000  0.000000e+000  0.000000e+000  0.000000e+000  0.000000e+000  0.000000e+000  0.000000e+000  0.000000e+000  0.000000e+000  0.000000e+000  0.000000e+000  0.000000e+000  0.000000e+000  
0.000000e+000  0.000000e+000  0.000000e+000  0.000000e+000  0.000000e+000  0.000000e+000  0.000000e+000  0.000000e+000  0.000000e+000  0.000000e+000  0.000000e+000  0.000000e+000  0.000000e+000  0.000000e+000  0.000000e+000  0.000000e+000  
0.000000e+000  0.000000e+000  0.000000e+000  0.000000e+000  0.000000e+000  0.000000e+000  0.000000e+000  0.000000e+000  0.000000e+000  0.000000e+000  0.000000e+000  0.000000e+000  0.000000e+000  0.000000e+000  0.000000e+000  0.000000e+000  
0.000000e+000  0.000000e+000  0.000000e+000  0.000000e+000  0.000000e+000  0.000000e+000  0.000000e+000  0.000000e+000  0.000000e+000  0.000000e+000  0.000000e+000  0.000000e+000  0.000000e+000  0.000000e+000  0.000000e+000  0.000000e+000  
0.000000e+000  0.000000e+000  0.000000e+000  0.000000e+000  0.000000e+000  0.000000e+000  0.000000e+000  0.000000e+000  0.000000e+000  0.000000e+000  0.000000e+000  0.000000e+000  0.000000e+000  0.000000e+000  0.000000e+000  0.000000e+000  
0.000000e+000  0.000000e+000  0.000000e+000  0.000000e+000  0.000000e+000  0.000000e+000  0.000000e+000  0.000000e+000  0.000000e+000  0.000000e+000  0.000000e+000  0.000000e+000  0.000000e+000  0.000000e+000  0.000000e+000  0.000000e+000  
0.000000e+000  0.000000e+000  0.000000e+000  0.000000e+000  0.000000e+000  0.000000e+000  0.000000e+000  0.000000e+000  0.000000e+000  0.000000e+000  0.000000e+000  0.000000e+000  0.000000e+000  0.000000e+000  0.000000e+000  0.000000e+000  
0.000000e+000  0.000000e+000  0.000000e+000  0.000000e+000  0.000000e+000  0.000000e+000  0.000000e+000  0.000000e+000  0.000000e+000  0.000000e+000  0.000000e+000  0.000000e+000  0.000000e+000  0.000000e+000  0.000000e+000  0.000000e+000  
0.000000e+000  0.000000e+000  0.000000e+000  0.000000e+000  0.000000e+000  0.000000e+000  0.000000e+000  0.000000e+000  0.000000e+000  0.000000e+000  0.000000e+000  0.000000e+000  0.000000e+000  0.000000e+000  0.000000e+000  0.000000e+000  
0.000000e+000  0.000000e+000  0.000000e+000  0.000000e+000  0.000000e+000  0.000000e+000  0.000000e+000  0.000000e+000  0.000000e+000  0.000000e+000  0.000000e+000  0.000000e+000  0.000000e+000  0.000000e+000  0.000000e+000  0.000000e+000  
0.000000e+000  0.000000e+000  0.000000e+000  0.000000e+000  0.000000e+000  0.000000e+000  0.000000e+000  0.000000e+000  0.000000e+000  0.000000e+000  0.000000e+000  0.000000e+000  0.000000e+000  0.000000e+000  0.000000e+000  0.000000e+000  

0.000000e+000  0.000000e+000  0.000000e+000  0.000000e+000  0.000000e+000  0.000000e+000  0.000000e+000  0.000000e+000  0.000000e+000  0.000000e+000  0.000000e+000  0.000000e+000  0.000000e+000  0.000000e+000  0.000000e+000  0.000000e+000  
0.000000e+000  0.000000e+000  0.000000e+000  0.000000e+000  0.000000e+000  0.000000e+000  0.000000e+000  0.000000e+000  0.000000e+000  0.000000e+000  0.000000e+000  0.000000e+000  0.000000e+000  0.000000e+000  0.000000e+000  0.000000e+000  
0.000000e+000  0.000000e+000  0.000000e+000  0.000000e+000  0.000000e+000  0.000000e+000  0.000000e+000  0.000000e+000  0.000000e+000  0.000000e+000  0.000000e+000  0.000000e+000  0.000000e+000  0.000000e+000  0.000000e+000  0.000000e+000  
0.000000e+000  0.000000e+000  0.000000e+000  0.000000e+000  0.000000e+000  0.000000e+000  0.000000e+000  0.000000e+000  0.000000e+000  0.000000e+000  0.000000e+000  0.000000e+000  0.000000e+000  0.000000e+000  0.000000e+000  0.000000e+000  
0.000000e+000  0.000000e+000  0.000000e+000  0.000000e+000  0.000000e+000  0.000000e+000  0.000000e+000  0.000000e+000  0.000000e+000  0.000000e+000  0.000000e+000  0.000000e+000  0.000000e+000  0.000000e+000  0.000000e+000  0.000000e+000  
0.000000e+000  0.000000e+000  0.000000e+000  0.000000e+000  0.000000e+000  0.000000e+000  0.000000e+000  0.000000e+000  0.000000e+000  0.000000e+000  0.000000e+000  0.000000e+000  0.000000e+000  0.000000e+000  0.000000e+000  0.000000e+000  
0.000000e+000  0.000000e+000  0.000000e+000  0.000000e+000  0.000000e+000  0.000000e+000  0.000000e+000  0.000000e+000  0.000000e+000  0.000000e+000  0.000000e+000  0.000000e+000  0.000000e+000  0.000000e+000  0.000000e+000  0.000000e+000  
0.000000e+000  0.000000e+000  0.000000e+000  0.000000e+000  0.000000e+000  0.000000e+000  0.000000e+000  0.000000e+000  0.000000e+000  0.000000e+000  0.000000e+000  0.000000e+000  0.000000e+000  0.000000e+000  0.000000e+000  0.000000e+000  
0.000000e+000  0.000000e+000  0.000000e+000  0.000000e+000  0.000000e+000  0.000000e+000  0.000000e+000  0.000000e+000  0.000000e+000  0.000000e+000  0.000000e+000  0.000000e+000  0.000000e+000  0.000000e+000  0.000000e+000  0.000000e+000  
0.000000e+000  0.000000e+000  0.000000e+000  0.000000e+000  0.000000e+000  0.000000e+000  0.000000e+000  0.000000e+000  0.000000e+000  0.000000e+000  0.000000e+000  0.000000e+000  0.000000e+000  0.000000e+000  0.000000e+000  0.000000e+000  
0.000000e+000  0.000000e+000  0.000000e+000  0.000000e+000  0.000000e+000  0.000000e+000  0.000000e+000  0.000000e+000  0.000000e+000  0.000000e+000  0.000000e+000  0.000000e+000  0.000000e+000  0.000000e+000  0.000000e+000  0.000000e+000  
0.000000e+000  0.000000e+000  0.000000e+000  0.000000e+000  0.000000e+000  0.000000e+000  0.000000e+000  0.000000e+000  0.000000e+000  0.000000e+000  0.000000e+000  0.000000e+000  0.000000e+000  0.000000e+000  0.000000e+000  0.000000e+000  
0.000000e+000  0.000000e+000  0.000000e+000  0.000000e+000  0.000000e+000  0.000000e+000  0.000000e+000  0.000000e+000  0.000000e+000  0.000000e+000  0.000000e+000  0.000000e+000  0.000000e+000  0.000000e+000  0.000000e+000  0.000000e+000  
0.000000e+000  0.000000e+000  0.000000e+000  0.000000e+000  0.000000e+000  0.000000e+000  0.000000e+000  0.000000e+000  0.000000e+000  0.000000e+000  0.000000e+000  0.000000e+000  0.000000e+000  0.000000e+000  0.000000e+000  0.000000e+000  
0.000000e+000  0.000000e+000  0.000000e+000  0.000000e+000  0.000000e+000  0.000000e+000  0.000000e+000  0.000000e+000  0.000000e+000  0.000000e+000  0.000000e+000  0.000000e+000  0.000000e+000  0.000000e+000  0.000000e+000  0.000000e+000  
0.000000e+000  0.000000e+000  0.000000e+000  0.000000e+000  0.000000e+000  0.000000e+000  0.000000e+000  0.000000e+000  0.000000e+000  0.000000e+000  0.000000e+000  0.000000e+000  0.000000e+000  0.000000e+000  0.000000e+000  0.000000e+000  
0.000000e+000  0.000000e+000  0.000000e+000  0.000000e+000  0.000000e+000  0.000000e+000  0.000000e+000  0.000000e+000  0.000000e+000  0.000000e+000  0.000000e+000  0.000000e+000  0.000000e+000  0.000000e+000  0.000000e+000  0.000000e+000  
0.000000e+000  0.000000e+000  0.000000e+000  0.000000e+000  0.000000e+000  0.000000e+000  0.000000e+000  0.000000e+000  0.000000e+000  0.000000e+000  0.000000e+000  0.000000e+000  0.000000e+000  0.000000e+000  0.000000e+000  0.000000e+000  
0.000000e+000  0.000000e+000  0.000000e+000  0.000000e+000  0.000000e+000  0.000000e+000  0.000000e+000  0.000000e+000  0.000000e+000  0.000000e+000  0.000000e+000  0.000000e+000  0.000000e+000  0.000000e+000  0.000000e+000  0.000000e+000  
0.000000e+000  0.000000e+000  0.000000e+000  0.000000e+000  0.000000e+000  0.000000e+000  0.000000e+000  0.000000e+000  0.000000e+000  0.000000e+000  0.000000e+000  0.000000e+000  0.000000e+000  0.000000e+000  0.000000e+000  0.000000e+000  
0.000000e+000  0.000000e+000  0.000000e+000  0.000000e+000  0.000000e+000  0.000000e+000  0.000000e+000  0.000000e+000  0.000000e+000  0.000000e+000  0.000000e+000  0.000000e+000  0.000000e+000  0.000000e+000  0.000000e+000  0.000000e+000  
0.000000e+000  0.000000e+000  0.000000e+000  0.000000e+000  0.000000e+000  0.000000e+000  0.000000e+000  0.000000e+000  0.000000e+000  0.000000e+000  0.000000e+000  0.000000e+000  0.000000e+000  0.000000e+000  0.000000e+000  0.000000e+000  
0.000000e+000  0.000000e+000  0.000000e+000  0.000000e+000  0.000000e+000  0.000000e+000  0.000000e+000  0.000000e+000  0.000000e+000  0.000000e+000  0.000000e+000  0.000000e+000  0.000000e+000  0.000000e+000  0.000000e+000  0.000000e+000  
0.000000e+000  0.000000e+000  0.000000e+000  0.000000e+000  0.000000e+000  0.000000e+000  0.000000e+000  0.000000e+000  0.000000e+000  0.000000e+000  0.000000e+000  0.000000e+000  0.000000e+000  0.000000e+000  0.000000e+000  0.000000e+000  
0.000000e+000  0.000000e+000  0.000000e+000  0.000000e+000  0.000000e+000  0.000000e+000  0.000000e+000  0.000000e+000  0.000000e+000  0.000000e+000  0.000000e+000  0.000000e+000  0.000000e+000  0.000000e+000  0.000000e+000  0.000000e+000  
0.000000e+000  0.000000e+000  0.000000e+000  0.000000e+000  0.000000e+000  0.000000e+000  0.000000e+000  0.000000e+000  0.000000e+000  0.000000e+000  0.000000e+000  0.000000e+000  0.000000e+000  0.000000e+000  0.000000e+000  0.000000e+000  
0.000000e+000  0.000000e+000  0.000000e+000  0.000000e+000  0.000000e+000  0.000000e+000  0.000000e+000  0.000000e+000  0.000000e+000  0.000000e+000  0.000000e+000  0.000000e+000  0.000000e+000  0.000000e+000  0.000000e+000  0.000000e+000  

0.000000e+000  0.000000e+000  0.000000e+000  0.000000e+000  0.000000e+000  0.000000e+000  0.000000e+000  0.000000e+000  0.000000e+000  0.000000e+000  0.000000e+000  0.000000e+000  0.000000e+000  0.000000e+000  0.000000e+000  0.000000e+000  
0.000000e+000  0.000000e+000  0.000000e+000  0.000000e+000  0.000000e+000  0.000000e+000  0.000000e+000  0.000000e+000  0.000000e+000  0.000000e+000  0.000000e+000  0.000000e+000  0.000000e+000  0.000000e+000  0.000000e+000  0.000000e+000  
0.000000e+000  0.000000e+000  0.000000e+000  0.000000e+000  0.000000e+000  0.000000e+000  0.000000e+000  0.000000e+000  0.000000e+000  0.000000e+000  0.000000e+000  0.000000e+000  0.000000e+000  0.000000e+000  0.000000e+000  0.000000e+000  
0.000000e+000  0.000000e+000  0.000000e+000  0.000000e+000  0.000000e+000  0.000000e+000  0.000000e+000  0.000000e+000  0.000000e+000  0.000000e+000  0.000000e+000  0.000000e+000  0.000000e+000  0.000000e+000  0.000000e+000  0.000000e+000  
0.000000e+000  0.000000e+000  0.000000e+000  0.000000e+000  0.000000e+000  0.000000e+000  0.000000e+000  0.000000e+000  0.000000e+000  0.000000e+000  0.000000e+000  0.000000e+000  0.000000e+000  0.000000e+000  0.000000e+000  0.000000e+000  
0.000000e+000  0.000000e+000  0.000000e+000  0.000000e+000  0.000000e+000  0.000000e+000  0.000000e+000  0.000000e+000  0.000000e+000  0.000000e+000  0.000000e+000  0.000000e+000  0.000000e+000  0.000000e+000  0.000000e+000  0.000000e+000  
0.000000e+000  0.000000e+000  0.000000e+000  0.000000e+000  0.000000e+000  0.000000e+000  0.000000e+000  0.000000e+000  0.000000e+000  0.000000e+000  0.000000e+000  0.000000e+000  0.000000e+000  0.000000e+000  0.000000e+000  0.000000e+000  
0.000000e+000  0.000000e+000  0.000000e+000  0.000000e+000  0.000000e+000  0.000000e+000  0.000000e+000  0.000000e+000  0.000000e+000  0.000000e+000  0.000000e+000  0.000000e+000  0.000000e+000  0.000000e+000  0.000000e+000  0.000000e+000  
0.000000e+000  0.000000e+000  0.000000e+000  0.000000e+000  0.000000e+000  0.000000e+000  0.000000e+000  0.000000e+000  0.000000e+000  0.000000e+000  0.000000e+000  0.000000e+000  0.000000e+000  0.000000e+000  0.000000e+000  0.000000e+000  
0.000000e+000  0.000000e+000  0.000000e+000  0.000000e+000  0.000000e+000  0.000000e+000  0.000000e+000  0.000000e+000  0.000000e+000  0.000000e+000  0.000000e+000  0.000000e+000  0.000000e+000  0.000000e+000  0.000000e+000  0.000000e+000  
0.000000e+000  0.000000e+000  0.000000e+000  0.000000e+000  0.000000e+000  0.000000e+000  0.000000e+000  0.000000e+000  0.000000e+000  0.000000e+000  0.000000e+000  0.000000e+000  0.000000e+000  0.000000e+000  0.000000e+000  0.000000e+000  
0.000000e+000  0.000000e+000  0.000000e+000  0.000000e+000  0.000000e+000  0.000000e+000  0.000000e+000  0.000000e+000  0.000000e+000  0.000000e+000  0.000000e+000  0.000000e+000  0.000000e+000  0.000000e+000  0.000000e+000  0.000000e+000  
0.000000e+000  0.000000e+000  0.000000e+000  0.000000e+000  0.000000e+000  0.000000e+000  0.000000e+000  0.000000e+000  0.000000e+000  0.000000e+000  0.000000e+000  0.000000e+000  0.000000e+000  0.000000e+000  0.000000e+000  0.000000e+000  
0.000000e+000  0.000000e+000  0.000000e+000  0.000000e+000  0.000000e+000  0.000000e+000  0.000000e+000  0.000000e+000  0.000000e+000  0.000000e+000  0.000000e+000  0.000000e+000  0.000000e+000  0.000000e+000  0.000000e+000  0.000000e+000  
0.000000e+000  0.000000e+000  0.000000e+000  0.000000e+000  0.000000e+000  0.000000e+000  0.000000e+000  0.000000e+000  0.000000e+000  0.000000e+000  0.000000e+000  0.000000e+000  0.000000e+000  0.000000e+000  0.000000e+000  0.000000e+000  
0.000000e+000  0.000000e+000  0.000000e+000  0.000000e+000  0.000000e+000  0.000000e+000  0.000000e+000  0.000000e+000  0.000000e+000  0.000000e+000  0.000000e+000  0.000000e+000  0.000000e+000  0.000000e+000  0.000000e+000  0.000000e+000  
0.000000e+000  0.000000e+000  0.000000e+000  0.000000e+000  0.000000e+000  0.000000e+000  0.000000e+000  0.000000e+000  0.000000e+000  0.000000e+000  0.000000e+000  0.000000e+000  0.000000e+000  0.000000e+000  0.000000e+000  0.000000e+000  
0.000000e+000  0.000000e+000  0.000000e+000  0.000000e+000  0.000000e+000  0.000000e+000  0.000000e+000  0.000000e+000  0.000000e+000  0.000000e+000  0.000000e+000  0.000000e+000  0.000000e+000  0.000000e+000  0.000000e+000  0.000000e+000  
0.000000e+000  0.000000e+000  0.000000e+000  0.000000e+000  0.000000e+000  0.000000e+000  0.000000e+000  0.000000e+000  0.000000e+000  0.000000e+000  0.000000e+000  0.000000e+000  0.000000e+000  0.000000e+000  0.000000e+000  0.000000e+000  
0.000000e+000  0.000000e+000  0.000000e+000  0.000000e+000  0.000000e+000  0.000000e+000  0.000000e+000  0.000000e+000  0.000000e+000  0.000000e+000  0.000000e+000  0.000000e+000  0.000000e+000  0.000000e+000  0.000000e+000  0.000000e+000  
0.000000e+000  0.000000e+000  0.000000e+000  0.000000e+000  0.000000e+000  0.000000e+000  0.000000e+000  0.000000e+000  0.000000e+000  0.000000e+000  0.000000e+000  0.000000e+000  0.000000e+000  0.000000e+000  0.000000e+000  0.000000e+000  
0.000000e+000  0.000000e+000  0.000000e+000  0.000000e+000  0.000000e+000  0.000000e+000  0.000000e+000  0.000000e+000  0.000000e+000  0.000000e+000  0.000000e+000  0.000000e+000  0.000000e+000  0.000000e+000  0.000000e+000  0.000000e+000  
0.000000e+000  0.000000e+000  0.000000e+000  0.000000e+000  0.000000e+000  0.000000e+000  0.000000e+000  0.000000e+000  0.000000e+000  0.000000e+000  0.000000e+000  0.000000e+000  0.000000e+000  0.000000e+000  0.000000e+000  0.000000e+000  
0.000000e+000  0.000000e+000  0.000000e+000  0.000000e+000  0.000000e+000  0.000000e+000  0.000000e+000  0.000000e+000  0.000000e+000  0.000000e+000  0.000000e+000  0.000000e+000  0.000000e+000  0.000000e+000  0.000000e+000  0.000000e+000  
0.000000e+000  0.000000e+000  0.000000e+000  0.000000e+000  0.000000e+000  0.000000e+000  0.000000e+000  0.000000e+000  0.000000e+000  0.000000e+000  0.000000e+000  0.000000e+000  0.000000e+000  0.000000e+000  0.000000e+000  0.000000e+000  
0.000000e+000  0.000000e+000  0.000000e+000  0.000000e+000  0.000000e+000  0.000000e+000  0.000000e+000  0.000000e+000  0.000000e+000  0.000000e+000  0.000000e+000  0.000000e+000  0.000000e+000  0.000000e+000  0.000000e+000  0.000000e+000  
0.000000e+000  0.000000e+000  0.000000e+000  0.000000e+000  0.000000e+000  0.000000e+000  0.000000e+000  0.000000e+000  0.000000e+000  0.000000e+000  0.000000e+000  0.000000e+000  0.000000e+000  0.000000e+000  0.000000e+000  0.000000e+000  

