Port monitor named: Port2_h1.prt

nx        = 25
ny        = 4
nz        = 25

nu        = 23
nv        = 23
iu        = 2
iv        = 2

idir      = 1
dcut      = 2.505000e-002
icut      = 3
type      = 1
frequency = 2.500000e+009

fcutoff   = 0.000000e+000
alpha     = 0.000000e+000
beta      = 7.257368e+001
accuracy  = 4.298546e-012

type          = QTEM
wave imp.     = 2.634472e+002
wave imp.sig. = 4.287924e-003
line imp.     = 5.425747e+001

ref. port     = 0

0.000000e+000  -2.241227e+000  -4.482711e+000  -6.706055e+000  -8.855525e+000  -9.861817e+000  -1.080369e+001  -1.165935e+001  -1.240450e+001  -1.301518e+001  -1.346923e+001  -1.385326e+001  -1.346923e+001  -1.301518e+001  -1.240450e+001  -1.165935e+001  -1.080369e+001  -9.861817e+000  -8.855526e+000  -6.706055e+000  -4.482711e+000  -2.241227e+000  0.000000e+000  
0.000000e+000  -2.241344e+000  -4.501599e+000  -6.781054e+000  -9.039854e+000  -1.012177e+001  -1.115095e+001  -1.210122e+001  -1.294223e+001  -1.364158e+001  -1.416780e+001  -1.462116e+001  -1.416780e+001  -1.364158e+001  -1.294223e+001  -1.210122e+001  -1.115095e+001  -1.012177e+001  -9.039854e+000  -6.781054e+000  -4.501599e+000  -2.241344e+000  0.000000e+000  
0.000000e+000  -2.222923e+000  -4.502085e+000  -6.878382e+000  -9.351337e+000  -1.059282e+001  -1.181377e+001  -1.297994e+001  -1.404651e+001  -1.496026e+001  -1.566499e+001  -1.629558e+001  -1.566499e+001  -1.496026e+001  -1.404651e+001  -1.297994e+001  -1.181377e+001  -1.059282e+001  -9.351337e+000  -6.878382e+000  -4.502085e+000  -2.222923e+000  0.000000e+000  
0.000000e+000  -2.148640e+000  -4.406653e+000  -6.879283e+000  -9.649346e+000  -1.114588e+001  -1.269559e+001  -1.425690e+001  -1.576189e+001  -1.711483e+001  -1.820048e+001  -1.923098e+001  -1.820048e+001  -1.711483e+001  -1.576189e+001  -1.425690e+001  -1.269559e+001  -1.114588e+001  -9.649346e+000  -6.879283e+000  -4.406653e+000  -2.148640e+000  0.000000e+000  
0.000000e+000  -2.011363e+000  -4.174313e+000  -6.656820e+000  -9.649760e+000  -1.140101e+001  -1.332209e+001  -1.538341e+001  -1.750442e+001  -1.953246e+001  -2.124273e+001  -2.297810e+001  -2.124273e+001  -1.953246e+001  -1.750442e+001  -1.538341e+001  -1.332209e+001  -1.140101e+001  -9.649760e+000  -6.656820e+000  -4.174313e+000  -2.011363e+000  0.000000e+000  
0.000000e+000  -1.882145e+000  -3.939516e+000  -6.380882e+000  -9.480150e+000  -1.140124e+001  -1.359945e+001  -1.607468e+001  -1.875904e+001  -2.146192e+001  -2.383256e+001  -2.634379e+001  -2.383256e+001  -2.146192e+001  -1.875904e+001  -1.607468e+001  -1.359945e+001  -1.140124e+001  -9.480150e+000  -6.380882e+000  -3.939516e+000  -1.882145e+000  0.000000e+000  
0.000000e+000  -1.709225e+000  -3.608709e+000  -5.940450e+000  -9.062871e+000  -1.112432e+001  -1.359976e+001  -1.655678e+001  -1.999506e+001  -2.372355e+001  -2.716566e+001  -3.096501e+001  -2.716566e+001  -2.372355e+001  -1.999506e+001  -1.655678e+001  -1.359976e+001  -1.112432e+001  -9.062871e+000  -5.940450e+000  -3.608709e+000  -1.709225e+000  0.000000e+000  
0.000000e+000  -1.488768e+000  -3.169825e+000  -5.302329e+000  -8.312067e+000  -1.043339e+001  -1.311845e+001  -1.655756e+001  -2.094082e+001  -2.627150e+001  -3.152697e+001  -3.748582e+001  -3.152697e+001  -2.627150e+001  -2.094082e+001  -1.655756e+001  -1.311845e+001  -1.043339e+001  -8.312067e+000  -5.302329e+000  -3.169825e+000  -1.488768e+000  0.000000e+000  
0.000000e+000  -1.220234e+000  -2.618071e+000  -4.444882e+000  -7.150269e+000  -9.178684e+000  -1.188304e+001  -1.561413e+001  -2.093908e+001  -2.720943e+001  0.000000e+000  0.000000e+000  0.000000e+000  -2.720943e+001  -2.093908e+001  -1.561413e+001  -1.188304e+001  -9.178684e+000  -7.150269e+000  -4.444882e+000  -2.618071e+000  -1.220234e+000  0.000000e+000  
0.000000e+000  -9.072948e-001  -1.959065e+000  -3.367779e+000  -5.537967e+000  -7.248006e+000  -9.620871e+000  -1.307679e+001  -2.030122e+001  0.000000e+000  0.000000e+000  0.000000e+000  0.000000e+000  0.000000e+000  -2.030122e+001  -1.307679e+001  -9.620871e+000  -7.248006e+000  -5.537967e+000  -3.367779e+000  -1.959065e+000  -9.072948e-001  0.000000e+000  
0.000000e+000  -3.837043e-001  -8.366916e-001  -1.466554e+000  -2.494542e+000  -3.357718e+000  -4.602981e+000  -6.477090e+000  0.000000e+000  0.000000e+000  0.000000e+000  0.000000e+000  0.000000e+000  0.000000e+000  0.000000e+000  -6.477090e+000  -4.602981e+000  -3.357718e+000  -2.494542e+000  -1.466554e+000  -8.366916e-001  -3.837043e-001  0.000000e+000  
0.000000e+000  3.837042e-001  8.366915e-001  1.466554e+000  2.494542e+000  3.357718e+000  4.602981e+000  6.477090e+000  0.000000e+000  0.000000e+000  0.000000e+000  0.000000e+000  0.000000e+000  0.000000e+000  0.000000e+000  6.477090e+000  4.602981e+000  3.357718e+000  2.494542e+000  1.466554e+000  8.366915e-001  3.837042e-001  0.000000e+000  
0.000000e+000  9.072947e-001  1.959064e+000  3.367778e+000  5.537967e+000  7.248006e+000  9.620870e+000  1.307679e+001  2.030122e+001  0.000000e+000  0.000000e+000  0.000000e+000  0.000000e+000  0.000000e+000  2.030122e+001  1.307679e+001  9.620870e+000  7.248006e+000  5.537967e+000  3.367778e+000  1.959064e+000  9.072947e-001  0.000000e+000  
0.000000e+000  1.220234e+000  2.618071e+000  4.444882e+000  7.150269e+000  9.178683e+000  1.188304e+001  1.561413e+001  2.093908e+001  2.720943e+001  0.000000e+000  0.000000e+000  0.000000e+000  2.720943e+001  2.093908e+001  1.561413e+001  1.188304e+001  9.178683e+000  7.150269e+000  4.444882e+000  2.618071e+000  1.220234e+000  0.000000e+000  
0.000000e+000  1.488768e+000  3.169825e+000  5.302328e+000  8.312067e+000  1.043339e+001  1.311845e+001  1.655756e+001  2.094082e+001  2.627150e+001  3.152697e+001  3.748581e+001  3.152697e+001  2.627150e+001  2.094082e+001  1.655756e+001  1.311845e+001  1.043339e+001  8.312067e+000  5.302328e+000  3.169825e+000  1.488768e+000  0.000000e+000  
0.000000e+000  1.709225e+000  3.608708e+000  5.940450e+000  9.062871e+000  1.112432e+001  1.359976e+001  1.655678e+001  1.999506e+001  2.372355e+001  2.716566e+001  3.096501e+001  2.716566e+001  2.372355e+001  1.999506e+001  1.655678e+001  1.359976e+001  1.112432e+001  9.062871e+000  5.940450e+000  3.608708e+000  1.709225e+000  0.000000e+000  
0.000000e+000  1.882145e+000  3.939516e+000  6.380882e+000  9.480150e+000  1.140124e+001  1.359945e+001  1.607468e+001  1.875904e+001  2.146192e+001  2.383256e+001  2.634379e+001  2.383256e+001  2.146192e+001  1.875904e+001  1.607468e+001  1.359945e+001  1.140124e+001  9.480150e+000  6.380882e+000  3.939516e+000  1.882145e+000  0.000000e+000  
0.000000e+000  2.011363e+000  4.174312e+000  6.656820e+000  9.649759e+000  1.140101e+001  1.332208e+001  1.538341e+001  1.750442e+001  1.953246e+001  2.124273e+001  2.297810e+001  2.124273e+001  1.953246e+001  1.750442e+001  1.538341e+001  1.332208e+001  1.140101e+001  9.649759e+000  6.656820e+000  4.174312e+000  2.011363e+000  0.000000e+000  
0.000000e+000  2.148640e+000  4.406653e+000  6.879283e+000  9.649345e+000  1.114588e+001  1.269559e+001  1.425690e+001  1.576189e+001  1.711483e+001  1.820048e+001  1.923098e+001  1.820048e+001  1.711483e+001  1.576189e+001  1.425690e+001  1.269559e+001  1.114588e+001  9.649345e+000  6.879283e+000  4.406653e+000  2.148640e+000  0.000000e+000  
0.000000e+000  2.222923e+000  4.502084e+000  6.878382e+000  9.351336e+000  1.059282e+001  1.181377e+001  1.297994e+001  1.404651e+001  1.496026e+001  1.566499e+001  1.629558e+001  1.566499e+001  1.496026e+001  1.404651e+001  1.297994e+001  1.181377e+001  1.059282e+001  9.351336e+000  6.878382e+000  4.502084e+000  2.222923e+000  0.000000e+000  
0.000000e+000  2.241344e+000  4.501599e+000  6.781053e+000  9.039854e+000  1.012177e+001  1.115095e+001  1.210122e+001  1.294223e+001  1.364157e+001  1.416780e+001  1.462116e+001  1.416780e+001  1.364157e+001  1.294223e+001  1.210122e+001  1.115095e+001  1.012177e+001  9.039854e+000  6.781053e+000  4.501599e+000  2.241344e+000  0.000000e+000  
0.000000e+000  2.241227e+000  4.482711e+000  6.706054e+000  8.855525e+000  9.861816e+000  1.080369e+001  1.165935e+001  1.240450e+001  1.301518e+001  1.346923e+001  1.385326e+001  1.346923e+001  1.301518e+001  1.240450e+001  1.165935e+001  1.080369e+001  9.861816e+000  8.855525e+000  6.706054e+000  4.482711e+000  2.241227e+000  0.000000e+000  
0.000000e+000  0.000000e+000  0.000000e+000  0.000000e+000  0.000000e+000  0.000000e+000  0.000000e+000  0.000000e+000  0.000000e+000  0.000000e+000  0.000000e+000  0.000000e+000  0.000000e+000  0.000000e+000  0.000000e+000  0.000000e+000  0.000000e+000  0.000000e+000  0.000000e+000  0.000000e+000  0.000000e+000  0.000000e+000  0.000000e+000  

0.000000e+000  0.000000e+000  0.000000e+000  0.000000e+000  0.000000e+000  0.000000e+000  0.000000e+000  0.000000e+000  0.000000e+000  0.000000e+000  0.000000e+000  0.000000e+000  0.000000e+000  0.000000e+000  0.000000e+000  0.000000e+000  0.000000e+000  0.000000e+000  0.000000e+000  0.000000e+000  0.000000e+000  0.000000e+000  0.000000e+000  
2.241227e+000  2.241352e+000  2.222949e+000  2.148692e+000  2.011441e+000  1.882241e+000  1.709339e+000  1.488896e+000  1.220369e+000  9.074221e-001  3.837859e-001  -3.837859e-001  -9.074221e-001  -1.220369e+000  -1.488896e+000  -1.709339e+000  -1.882241e+000  -2.011441e+000  -2.148692e+000  -2.222949e+000  -2.241352e+000  -2.241227e+000  0.000000e+000  
4.482702e+000  4.501608e+000  4.502128e+000  4.406751e+000  4.174464e+000  3.939709e+000  3.608949e+000  3.170115e+000  2.618402e+000  1.959408e+000  8.369570e-001  -8.369570e-001  -1.959408e+000  -2.618402e+000  -3.170115e+000  -3.608949e+000  -3.939709e+000  -4.174464e+000  -4.406751e+000  -4.502128e+000  -4.501608e+000  -4.482702e+000  0.000000e+000  
6.706019e+000  6.781044e+000  6.878426e+000  6.879406e+000  6.657022e+000  6.381150e+000  5.940807e+000  5.302811e+000  4.445530e+000  3.368593e+000  1.467431e+000  -1.467431e+000  -3.368593e+000  -4.445530e+000  -5.302811e+000  -5.940807e+000  -6.381150e+000  -6.657022e+000  -6.879406e+000  -6.878426e+000  -6.781044e+000  -6.706019e+000  0.000000e+000  
8.855437e+000  9.039800e+000  9.351354e+000  9.649469e+000  9.649960e+000  9.480401e+000  9.063200e+000  8.312583e+000  7.151224e+000  5.539752e+000  2.497867e+000  -2.497867e+000  -5.539752e+000  -7.151224e+000  -8.312583e+000  -9.063200e+000  -9.480401e+000  -9.649960e+000  -9.649469e+000  -9.351354e+000  -9.039800e+000  -8.855437e+000  0.000000e+000  
9.861689e+000  1.012168e+001  1.059281e+001  1.114600e+001  1.140121e+001  1.140144e+001  1.112448e+001  1.043354e+001  9.179209e+000  7.249981e+000  3.365530e+000  -3.365530e+000  -7.249981e+000  -9.179209e+000  -1.043354e+001  -1.112448e+001  -1.140144e+001  -1.140121e+001  -1.114600e+001  -1.059281e+001  -1.012168e+001  -9.861689e+000  0.000000e+000  
1.080351e+001  1.115081e+001  1.181373e+001  1.269573e+001  1.332233e+001  1.359965e+001  1.359969e+001  1.311787e+001  1.188206e+001  9.620593e+000  4.621131e+000  -4.621131e+000  -9.620593e+000  -1.188206e+001  -1.311787e+001  -1.359969e+001  -1.359965e+001  -1.332233e+001  -1.269573e+001  -1.181373e+001  -1.115081e+001  -1.080351e+001  0.000000e+000  
1.165911e+001  1.210101e+001  1.297984e+001  1.425704e+001  1.538384e+001  1.607511e+001  1.655670e+001  1.655614e+001  1.561053e+001  1.306268e+001  6.520796e+000  -6.520796e+000  -1.306268e+001  -1.561053e+001  -1.655614e+001  -1.655670e+001  -1.607511e+001  -1.538384e+001  -1.425704e+001  -1.297984e+001  -1.210101e+001  -1.165911e+001  0.000000e+000  
1.240420e+001  1.294195e+001  1.404631e+001  1.576202e+001  1.750521e+001  1.876020e+001  1.999582e+001  2.093940e+001  2.094121e+001  2.000328e+001  0.000000e+000  0.000000e+000  -2.000328e+001  -2.094121e+001  -2.093940e+001  -1.999582e+001  -1.876020e+001  -1.750521e+001  -1.576202e+001  -1.404631e+001  -1.294195e+001  -1.240420e+001  0.000000e+000  
1.301482e+001  1.364119e+001  1.495990e+001  1.711480e+001  1.953368e+001  2.146459e+001  2.372693e+001  2.626436e+001  2.690223e+001  0.000000e+000  0.000000e+000  0.000000e+000  0.000000e+000  -2.690223e+001  -2.626436e+001  -2.372693e+001  -2.146459e+001  -1.953368e+001  -1.711480e+001  -1.495990e+001  -1.364119e+001  -1.301482e+001  0.000000e+000  
1.346880e+001  1.416731e+001  1.566440e+001  1.819997e+001  2.124376e+001  2.383748e+001  2.718287e+001  3.158272e+001  0.000000e+000  0.000000e+000  0.000000e+000  0.000000e+000  0.000000e+000  0.000000e+000  -3.158272e+001  -2.718287e+001  -2.383748e+001  -2.124376e+001  -1.819997e+001  -1.566440e+001  -1.416731e+001  -1.346880e+001  0.000000e+000  
1.385275e+001  1.462048e+001  1.629438e+001  1.922802e+001  2.297015e+001  2.632803e+001  3.093111e+001  3.740820e+001  0.000000e+000  0.000000e+000  0.000000e+000  0.000000e+000  0.000000e+000  0.000000e+000  -3.740820e+001  -3.093111e+001  -2.632803e+001  -2.297015e+001  -1.922802e+001  -1.629438e+001  -1.462048e+001  -1.385275e+001  0.000000e+000  
1.346880e+001  1.416731e+001  1.566440e+001  1.819997e+001  2.124376e+001  2.383748e+001  2.718287e+001  3.158272e+001  0.000000e+000  0.000000e+000  0.000000e+000  0.000000e+000  0.000000e+000  0.000000e+000  -3.158272e+001  -2.718287e+001  -2.383748e+001  -2.124376e+001  -1.819997e+001  -1.566440e+001  -1.416731e+001  -1.346880e+001  0.000000e+000  
1.301482e+001  1.364119e+001  1.495990e+001  1.711480e+001  1.953368e+001  2.146459e+001  2.372693e+001  2.626436e+001  2.690223e+001  0.000000e+000  0.000000e+000  0.000000e+000  0.000000e+000  -2.690223e+001  -2.626436e+001  -2.372693e+001  -2.146459e+001  -1.953368e+001  -1.711480e+001  -1.495990e+001  -1.364119e+001  -1.301482e+001  0.000000e+000  
1.240420e+001  1.294195e+001  1.404631e+001  1.576202e+001  1.750521e+001  1.876020e+001  1.999582e+001  2.093940e+001  2.094121e+001  2.000328e+001  0.000000e+000  0.000000e+000  -2.000328e+001  -2.094121e+001  -2.093940e+001  -1.999582e+001  -1.876020e+001  -1.750521e+001  -1.576202e+001  -1.404631e+001  -1.294195e+001  -1.240420e+001  0.000000e+000  
1.165911e+001  1.210101e+001  1.297984e+001  1.425704e+001  1.538384e+001  1.607511e+001  1.655670e+001  1.655614e+001  1.561053e+001  1.306268e+001  6.520796e+000  -6.520796e+000  -1.306268e+001  -1.561053e+001  -1.655614e+001  -1.655670e+001  -1.607511e+001  -1.538384e+001  -1.425704e+001  -1.297984e+001  -1.210101e+001  -1.165911e+001  0.000000e+000  
1.080351e+001  1.115081e+001  1.181373e+001  1.269573e+001  1.332233e+001  1.359965e+001  1.359969e+001  1.311787e+001  1.188206e+001  9.620593e+000  4.621131e+000  -4.621131e+000  -9.620593e+000  -1.188206e+001  -1.311787e+001  -1.359969e+001  -1.359965e+001  -1.332233e+001  -1.269573e+001  -1.181373e+001  -1.115081e+001  -1.080351e+001  0.000000e+000  
9.861689e+000  1.012168e+001  1.059281e+001  1.114600e+001  1.140121e+001  1.140144e+001  1.112448e+001  1.043354e+001  9.179209e+000  7.249981e+000  3.365530e+000  -3.365530e+000  -7.249981e+000  -9.179209e+000  -1.043354e+001  -1.112448e+001  -1.140144e+001  -1.140121e+001  -1.114600e+001  -1.059281e+001  -1.012168e+001  -9.861689e+000  0.000000e+000  
8.855437e+000  9.039800e+000  9.351354e+000  9.649469e+000  9.649960e+000  9.480401e+000  9.063200e+000  8.312583e+000  7.151224e+000  5.539752e+000  2.497867e+000  -2.497867e+000  -5.539752e+000  -7.151224e+000  -8.312583e+000  -9.063200e+000  -9.480401e+000  -9.649960e+000  -9.649469e+000  -9.351354e+000  -9.039800e+000  -8.855437e+000  0.000000e+000  
6.706019e+000  6.781044e+000  6.878426e+000  6.879406e+000  6.657022e+000  6.381150e+000  5.940807e+000  5.302811e+000  4.445529e+000  3.368593e+000  1.467431e+000  -1.467431e+000  -3.368593e+000  -4.445529e+000  -5.302811e+000  -5.940807e+000  -6.381150e+000  -6.657022e+000  -6.879406e+000  -6.878426e+000  -6.781044e+000  -6.706019e+000  0.000000e+000  
4.482702e+000  4.501608e+000  4.502128e+000  4.406751e+000  4.174464e+000  3.939709e+000  3.608949e+000  3.170115e+000  2.618402e+000  1.959408e+000  8.369570e-001  -8.369570e-001  -1.959408e+000  -2.618402e+000  -3.170115e+000  -3.608949e+000  -3.939709e+000  -4.174464e+000  -4.406751e+000  -4.502128e+000  -4.501608e+000  -4.482702e+000  0.000000e+000  
2.241227e+000  2.241352e+000  2.222949e+000  2.148692e+000  2.011441e+000  1.882241e+000  1.709339e+000  1.488896e+000  1.220369e+000  9.074221e-001  3.837859e-001  -3.837859e-001  -9.074221e-001  -1.220369e+000  -1.488896e+000  -1.709339e+000  -1.882241e+000  -2.011441e+000  -2.148692e+000  -2.222949e+000  -2.241352e+000  -2.241227e+000  0.000000e+000  
0.000000e+000  0.000000e+000  0.000000e+000  0.000000e+000  0.000000e+000  0.000000e+000  0.000000e+000  0.000000e+000  0.000000e+000  0.000000e+000  0.000000e+000  0.000000e+000  0.000000e+000  0.000000e+000  0.000000e+000  0.000000e+000  0.000000e+000  0.000000e+000  0.000000e+000  0.000000e+000  0.000000e+000  0.000000e+000  0.000000e+000  

0.000000e+000  0.000000e+000  0.000000e+000  0.000000e+000  0.000000e+000  0.000000e+000  0.000000e+000  0.000000e+000  0.000000e+000  0.000000e+000  0.000000e+000  0.000000e+000  0.000000e+000  0.000000e+000  0.000000e+000  0.000000e+000  0.000000e+000  0.000000e+000  0.000000e+000  0.000000e+000  0.000000e+000  0.000000e+000  0.000000e+000  
0.000000e+000  0.000000e+000  0.000000e+000  0.000000e+000  0.000000e+000  0.000000e+000  0.000000e+000  0.000000e+000  0.000000e+000  0.000000e+000  0.000000e+000  0.000000e+000  0.000000e+000  0.000000e+000  0.000000e+000  0.000000e+000  0.000000e+000  0.000000e+000  0.000000e+000  0.000000e+000  0.000000e+000  0.000000e+000  0.000000e+000  
0.000000e+000  0.000000e+000  0.000000e+000  0.000000e+000  0.000000e+000  0.000000e+000  0.000000e+000  0.000000e+000  0.000000e+000  0.000000e+000  0.000000e+000  0.000000e+000  0.000000e+000  0.000000e+000  0.000000e+000  0.000000e+000  0.000000e+000  0.000000e+000  0.000000e+000  0.000000e+000  0.000000e+000  0.000000e+000  0.000000e+000  
0.000000e+000  0.000000e+000  0.000000e+000  0.000000e+000  0.000000e+000  0.000000e+000  0.000000e+000  0.000000e+000  0.000000e+000  0.000000e+000  0.000000e+000  0.000000e+000  0.000000e+000  0.000000e+000  0.000000e+000  0.000000e+000  0.000000e+000  0.000000e+000  0.000000e+000  0.000000e+000  0.000000e+000  0.000000e+000  0.000000e+000  
0.000000e+000  0.000000e+000  0.000000e+000  0.000000e+000  0.000000e+000  0.000000e+000  0.000000e+000  0.000000e+000  0.000000e+000  0.000000e+000  0.000000e+000  0.000000e+000  0.000000e+000  0.000000e+000  0.000000e+000  0.000000e+000  0.000000e+000  0.000000e+000  0.000000e+000  0.000000e+000  0.000000e+000  0.000000e+000  0.000000e+000  
0.000000e+000  0.000000e+000  0.000000e+000  0.000000e+000  0.000000e+000  0.000000e+000  0.000000e+000  0.000000e+000  0.000000e+000  0.000000e+000  0.000000e+000  0.000000e+000  0.000000e+000  0.000000e+000  0.000000e+000  0.000000e+000  0.000000e+000  0.000000e+000  0.000000e+000  0.000000e+000  0.000000e+000  0.000000e+000  0.000000e+000  
0.000000e+000  0.000000e+000  0.000000e+000  0.000000e+000  0.000000e+000  0.000000e+000  0.000000e+000  0.000000e+000  0.000000e+000  0.000000e+000  0.000000e+000  0.000000e+000  0.000000e+000  0.000000e+000  0.000000e+000  0.000000e+000  0.000000e+000  0.000000e+000  0.000000e+000  0.000000e+000  0.000000e+000  0.000000e+000  0.000000e+000  
0.000000e+000  0.000000e+000  0.000000e+000  0.000000e+000  0.000000e+000  0.000000e+000  0.000000e+000  0.000000e+000  0.000000e+000  0.000000e+000  0.000000e+000  0.000000e+000  0.000000e+000  0.000000e+000  0.000000e+000  0.000000e+000  0.000000e+000  0.000000e+000  0.000000e+000  0.000000e+000  0.000000e+000  0.000000e+000  0.000000e+000  
0.000000e+000  0.000000e+000  0.000000e+000  0.000000e+000  0.000000e+000  0.000000e+000  0.000000e+000  0.000000e+000  0.000000e+000  0.000000e+000  0.000000e+000  0.000000e+000  0.000000e+000  0.000000e+000  0.000000e+000  0.000000e+000  0.000000e+000  0.000000e+000  0.000000e+000  0.000000e+000  0.000000e+000  0.000000e+000  0.000000e+000  
0.000000e+000  0.000000e+000  0.000000e+000  0.000000e+000  0.000000e+000  0.000000e+000  0.000000e+000  0.000000e+000  0.000000e+000  0.000000e+000  0.000000e+000  0.000000e+000  0.000000e+000  0.000000e+000  0.000000e+000  0.000000e+000  0.000000e+000  0.000000e+000  0.000000e+000  0.000000e+000  0.000000e+000  0.000000e+000  0.000000e+000  
0.000000e+000  0.000000e+000  0.000000e+000  0.000000e+000  0.000000e+000  0.000000e+000  0.000000e+000  0.000000e+000  0.000000e+000  0.000000e+000  0.000000e+000  0.000000e+000  0.000000e+000  0.000000e+000  0.000000e+000  0.000000e+000  0.000000e+000  0.000000e+000  0.000000e+000  0.000000e+000  0.000000e+000  0.000000e+000  0.000000e+000  
0.000000e+000  0.000000e+000  0.000000e+000  0.000000e+000  0.000000e+000  0.000000e+000  0.000000e+000  0.000000e+000  0.000000e+000  0.000000e+000  0.000000e+000  0.000000e+000  0.000000e+000  0.000000e+000  0.000000e+000  0.000000e+000  0.000000e+000  0.000000e+000  0.000000e+000  0.000000e+000  0.000000e+000  0.000000e+000  0.000000e+000  
0.000000e+000  0.000000e+000  0.000000e+000  0.000000e+000  0.000000e+000  0.000000e+000  0.000000e+000  0.000000e+000  0.000000e+000  0.000000e+000  0.000000e+000  0.000000e+000  0.000000e+000  0.000000e+000  0.000000e+000  0.000000e+000  0.000000e+000  0.000000e+000  0.000000e+000  0.000000e+000  0.000000e+000  0.000000e+000  0.000000e+000  
0.000000e+000  0.000000e+000  0.000000e+000  0.000000e+000  0.000000e+000  0.000000e+000  0.000000e+000  0.000000e+000  0.000000e+000  0.000000e+000  0.000000e+000  0.000000e+000  0.000000e+000  0.000000e+000  0.000000e+000  0.000000e+000  0.000000e+000  0.000000e+000  0.000000e+000  0.000000e+000  0.000000e+000  0.000000e+000  0.000000e+000  
0.000000e+000  0.000000e+000  0.000000e+000  0.000000e+000  0.000000e+000  0.000000e+000  0.000000e+000  0.000000e+000  0.000000e+000  0.000000e+000  0.000000e+000  0.000000e+000  0.000000e+000  0.000000e+000  0.000000e+000  0.000000e+000  0.000000e+000  0.000000e+000  0.000000e+000  0.000000e+000  0.000000e+000  0.000000e+000  0.000000e+000  
0.000000e+000  0.000000e+000  0.000000e+000  0.000000e+000  0.000000e+000  0.000000e+000  0.000000e+000  0.000000e+000  0.000000e+000  0.000000e+000  0.000000e+000  0.000000e+000  0.000000e+000  0.000000e+000  0.000000e+000  0.000000e+000  0.000000e+000  0.000000e+000  0.000000e+000  0.000000e+000  0.000000e+000  0.000000e+000  0.000000e+000  
0.000000e+000  0.000000e+000  0.000000e+000  0.000000e+000  0.000000e+000  0.000000e+000  0.000000e+000  0.000000e+000  0.000000e+000  0.000000e+000  0.000000e+000  0.000000e+000  0.000000e+000  0.000000e+000  0.000000e+000  0.000000e+000  0.000000e+000  0.000000e+000  0.000000e+000  0.000000e+000  0.000000e+000  0.000000e+000  0.000000e+000  
0.000000e+000  0.000000e+000  0.000000e+000  0.000000e+000  0.000000e+000  0.000000e+000  0.000000e+000  0.000000e+000  0.000000e+000  0.000000e+000  0.000000e+000  0.000000e+000  0.000000e+000  0.000000e+000  0.000000e+000  0.000000e+000  0.000000e+000  0.000000e+000  0.000000e+000  0.000000e+000  0.000000e+000  0.000000e+000  0.000000e+000  
0.000000e+000  0.000000e+000  0.000000e+000  0.000000e+000  0.000000e+000  0.000000e+000  0.000000e+000  0.000000e+000  0.000000e+000  0.000000e+000  0.000000e+000  0.000000e+000  0.000000e+000  0.000000e+000  0.000000e+000  0.000000e+000  0.000000e+000  0.000000e+000  0.000000e+000  0.000000e+000  0.000000e+000  0.000000e+000  0.000000e+000  
0.000000e+000  0.000000e+000  0.000000e+000  0.000000e+000  0.000000e+000  0.000000e+000  0.000000e+000  0.000000e+000  0.000000e+000  0.000000e+000  0.000000e+000  0.000000e+000  0.000000e+000  0.000000e+000  0.000000e+000  0.000000e+000  0.000000e+000  0.000000e+000  0.000000e+000  0.000000e+000  0.000000e+000  0.000000e+000  0.000000e+000  
0.000000e+000  0.000000e+000  0.000000e+000  0.000000e+000  0.000000e+000  0.000000e+000  0.000000e+000  0.000000e+000  0.000000e+000  0.000000e+000  0.000000e+000  0.000000e+000  0.000000e+000  0.000000e+000  0.000000e+000  0.000000e+000  0.000000e+000  0.000000e+000  0.000000e+000  0.000000e+000  0.000000e+000  0.000000e+000  0.000000e+000  
0.000000e+000  0.000000e+000  0.000000e+000  0.000000e+000  0.000000e+000  0.000000e+000  0.000000e+000  0.000000e+000  0.000000e+000  0.000000e+000  0.000000e+000  0.000000e+000  0.000000e+000  0.000000e+000  0.000000e+000  0.000000e+000  0.000000e+000  0.000000e+000  0.000000e+000  0.000000e+000  0.000000e+000  0.000000e+000  0.000000e+000  
0.000000e+000  0.000000e+000  0.000000e+000  0.000000e+000  0.000000e+000  0.000000e+000  0.000000e+000  0.000000e+000  0.000000e+000  0.000000e+000  0.000000e+000  0.000000e+000  0.000000e+000  0.000000e+000  0.000000e+000  0.000000e+000  0.000000e+000  0.000000e+000  0.000000e+000  0.000000e+000  0.000000e+000  0.000000e+000  0.000000e+000  

0.000000e+000  0.000000e+000  0.000000e+000  0.000000e+000  0.000000e+000  0.000000e+000  0.000000e+000  0.000000e+000  0.000000e+000  0.000000e+000  0.000000e+000  0.000000e+000  0.000000e+000  0.000000e+000  0.000000e+000  0.000000e+000  0.000000e+000  0.000000e+000  0.000000e+000  0.000000e+000  0.000000e+000  0.000000e+000  0.000000e+000  
0.000000e+000  0.000000e+000  0.000000e+000  0.000000e+000  0.000000e+000  0.000000e+000  0.000000e+000  0.000000e+000  0.000000e+000  0.000000e+000  0.000000e+000  0.000000e+000  0.000000e+000  0.000000e+000  0.000000e+000  0.000000e+000  0.000000e+000  0.000000e+000  0.000000e+000  0.000000e+000  0.000000e+000  0.000000e+000  0.000000e+000  
0.000000e+000  0.000000e+000  0.000000e+000  0.000000e+000  0.000000e+000  0.000000e+000  0.000000e+000  0.000000e+000  0.000000e+000  0.000000e+000  0.000000e+000  0.000000e+000  0.000000e+000  0.000000e+000  0.000000e+000  0.000000e+000  0.000000e+000  0.000000e+000  0.000000e+000  0.000000e+000  0.000000e+000  0.000000e+000  0.000000e+000  
0.000000e+000  0.000000e+000  0.000000e+000  0.000000e+000  0.000000e+000  0.000000e+000  0.000000e+000  0.000000e+000  0.000000e+000  0.000000e+000  0.000000e+000  0.000000e+000  0.000000e+000  0.000000e+000  0.000000e+000  0.000000e+000  0.000000e+000  0.000000e+000  0.000000e+000  0.000000e+000  0.000000e+000  0.000000e+000  0.000000e+000  
0.000000e+000  0.000000e+000  0.000000e+000  0.000000e+000  0.000000e+000  0.000000e+000  0.000000e+000  0.000000e+000  0.000000e+000  0.000000e+000  0.000000e+000  0.000000e+000  0.000000e+000  0.000000e+000  0.000000e+000  0.000000e+000  0.000000e+000  0.000000e+000  0.000000e+000  0.000000e+000  0.000000e+000  0.000000e+000  0.000000e+000  
0.000000e+000  0.000000e+000  0.000000e+000  0.000000e+000  0.000000e+000  0.000000e+000  0.000000e+000  0.000000e+000  0.000000e+000  0.000000e+000  0.000000e+000  0.000000e+000  0.000000e+000  0.000000e+000  0.000000e+000  0.000000e+000  0.000000e+000  0.000000e+000  0.000000e+000  0.000000e+000  0.000000e+000  0.000000e+000  0.000000e+000  
0.000000e+000  0.000000e+000  0.000000e+000  0.000000e+000  0.000000e+000  0.000000e+000  0.000000e+000  0.000000e+000  0.000000e+000  0.000000e+000  0.000000e+000  0.000000e+000  0.000000e+000  0.000000e+000  0.000000e+000  0.000000e+000  0.000000e+000  0.000000e+000  0.000000e+000  0.000000e+000  0.000000e+000  0.000000e+000  0.000000e+000  
0.000000e+000  0.000000e+000  0.000000e+000  0.000000e+000  0.000000e+000  0.000000e+000  0.000000e+000  0.000000e+000  0.000000e+000  0.000000e+000  0.000000e+000  0.000000e+000  0.000000e+000  0.000000e+000  0.000000e+000  0.000000e+000  0.000000e+000  0.000000e+000  0.000000e+000  0.000000e+000  0.000000e+000  0.000000e+000  0.000000e+000  
0.000000e+000  0.000000e+000  0.000000e+000  0.000000e+000  0.000000e+000  0.000000e+000  0.000000e+000  0.000000e+000  0.000000e+000  0.000000e+000  0.000000e+000  0.000000e+000  0.000000e+000  0.000000e+000  0.000000e+000  0.000000e+000  0.000000e+000  0.000000e+000  0.000000e+000  0.000000e+000  0.000000e+000  0.000000e+000  0.000000e+000  
0.000000e+000  0.000000e+000  0.000000e+000  0.000000e+000  0.000000e+000  0.000000e+000  0.000000e+000  0.000000e+000  0.000000e+000  0.000000e+000  0.000000e+000  0.000000e+000  0.000000e+000  0.000000e+000  0.000000e+000  0.000000e+000  0.000000e+000  0.000000e+000  0.000000e+000  0.000000e+000  0.000000e+000  0.000000e+000  0.000000e+000  
0.000000e+000  0.000000e+000  0.000000e+000  0.000000e+000  0.000000e+000  0.000000e+000  0.000000e+000  0.000000e+000  0.000000e+000  0.000000e+000  0.000000e+000  0.000000e+000  0.000000e+000  0.000000e+000  0.000000e+000  0.000000e+000  0.000000e+000  0.000000e+000  0.000000e+000  0.000000e+000  0.000000e+000  0.000000e+000  0.000000e+000  
0.000000e+000  0.000000e+000  0.000000e+000  0.000000e+000  0.000000e+000  0.000000e+000  0.000000e+000  0.000000e+000  0.000000e+000  0.000000e+000  0.000000e+000  0.000000e+000  0.000000e+000  0.000000e+000  0.000000e+000  0.000000e+000  0.000000e+000  0.000000e+000  0.000000e+000  0.000000e+000  0.000000e+000  0.000000e+000  0.000000e+000  
0.000000e+000  0.000000e+000  0.000000e+000  0.000000e+000  0.000000e+000  0.000000e+000  0.000000e+000  0.000000e+000  0.000000e+000  0.000000e+000  0.000000e+000  0.000000e+000  0.000000e+000  0.000000e+000  0.000000e+000  0.000000e+000  0.000000e+000  0.000000e+000  0.000000e+000  0.000000e+000  0.000000e+000  0.000000e+000  0.000000e+000  
0.000000e+000  0.000000e+000  0.000000e+000  0.000000e+000  0.000000e+000  0.000000e+000  0.000000e+000  0.000000e+000  0.000000e+000  0.000000e+000  0.000000e+000  0.000000e+000  0.000000e+000  0.000000e+000  0.000000e+000  0.000000e+000  0.000000e+000  0.000000e+000  0.000000e+000  0.000000e+000  0.000000e+000  0.000000e+000  0.000000e+000  
0.000000e+000  0.000000e+000  0.000000e+000  0.000000e+000  0.000000e+000  0.000000e+000  0.000000e+000  0.000000e+000  0.000000e+000  0.000000e+000  0.000000e+000  0.000000e+000  0.000000e+000  0.000000e+000  0.000000e+000  0.000000e+000  0.000000e+000  0.000000e+000  0.000000e+000  0.000000e+000  0.000000e+000  0.000000e+000  0.000000e+000  
0.000000e+000  0.000000e+000  0.000000e+000  0.000000e+000  0.000000e+000  0.000000e+000  0.000000e+000  0.000000e+000  0.000000e+000  0.000000e+000  0.000000e+000  0.000000e+000  0.000000e+000  0.000000e+000  0.000000e+000  0.000000e+000  0.000000e+000  0.000000e+000  0.000000e+000  0.000000e+000  0.000000e+000  0.000000e+000  0.000000e+000  
0.000000e+000  0.000000e+000  0.000000e+000  0.000000e+000  0.000000e+000  0.000000e+000  0.000000e+000  0.000000e+000  0.000000e+000  0.000000e+000  0.000000e+000  0.000000e+000  0.000000e+000  0.000000e+000  0.000000e+000  0.000000e+000  0.000000e+000  0.000000e+000  0.000000e+000  0.000000e+000  0.000000e+000  0.000000e+000  0.000000e+000  
0.000000e+000  0.000000e+000  0.000000e+000  0.000000e+000  0.000000e+000  0.000000e+000  0.000000e+000  0.000000e+000  0.000000e+000  0.000000e+000  0.000000e+000  0.000000e+000  0.000000e+000  0.000000e+000  0.000000e+000  0.000000e+000  0.000000e+000  0.000000e+000  0.000000e+000  0.000000e+000  0.000000e+000  0.000000e+000  0.000000e+000  
0.000000e+000  0.000000e+000  0.000000e+000  0.000000e+000  0.000000e+000  0.000000e+000  0.000000e+000  0.000000e+000  0.000000e+000  0.000000e+000  0.000000e+000  0.000000e+000  0.000000e+000  0.000000e+000  0.000000e+000  0.000000e+000  0.000000e+000  0.000000e+000  0.000000e+000  0.000000e+000  0.000000e+000  0.000000e+000  0.000000e+000  
0.000000e+000  0.000000e+000  0.000000e+000  0.000000e+000  0.000000e+000  0.000000e+000  0.000000e+000  0.000000e+000  0.000000e+000  0.000000e+000  0.000000e+000  0.000000e+000  0.000000e+000  0.000000e+000  0.000000e+000  0.000000e+000  0.000000e+000  0.000000e+000  0.000000e+000  0.000000e+000  0.000000e+000  0.000000e+000  0.000000e+000  
0.000000e+000  0.000000e+000  0.000000e+000  0.000000e+000  0.000000e+000  0.000000e+000  0.000000e+000  0.000000e+000  0.000000e+000  0.000000e+000  0.000000e+000  0.000000e+000  0.000000e+000  0.000000e+000  0.000000e+000  0.000000e+000  0.000000e+000  0.000000e+000  0.000000e+000  0.000000e+000  0.000000e+000  0.000000e+000  0.000000e+000  
0.000000e+000  0.000000e+000  0.000000e+000  0.000000e+000  0.000000e+000  0.000000e+000  0.000000e+000  0.000000e+000  0.000000e+000  0.000000e+000  0.000000e+000  0.000000e+000  0.000000e+000  0.000000e+000  0.000000e+000  0.000000e+000  0.000000e+000  0.000000e+000  0.000000e+000  0.000000e+000  0.000000e+000  0.000000e+000  0.000000e+000  
0.000000e+000  0.000000e+000  0.000000e+000  0.000000e+000  0.000000e+000  0.000000e+000  0.000000e+000  0.000000e+000  0.000000e+000  0.000000e+000  0.000000e+000  0.000000e+000  0.000000e+000  0.000000e+000  0.000000e+000  0.000000e+000  0.000000e+000  0.000000e+000  0.000000e+000  0.000000e+000  0.000000e+000  0.000000e+000  0.000000e+000  

0.000000e+000  0.000000e+000  0.000000e+000  0.000000e+000  0.000000e+000  0.000000e+000  0.000000e+000  0.000000e+000  0.000000e+000  0.000000e+000  0.000000e+000  0.000000e+000  0.000000e+000  0.000000e+000  0.000000e+000  0.000000e+000  0.000000e+000  0.000000e+000  0.000000e+000  0.000000e+000  0.000000e+000  0.000000e+000  0.000000e+000  
0.000000e+000  0.000000e+000  0.000000e+000  0.000000e+000  0.000000e+000  0.000000e+000  0.000000e+000  0.000000e+000  0.000000e+000  0.000000e+000  0.000000e+000  0.000000e+000  0.000000e+000  0.000000e+000  0.000000e+000  0.000000e+000  0.000000e+000  0.000000e+000  0.000000e+000  0.000000e+000  0.000000e+000  0.000000e+000  0.000000e+000  
0.000000e+000  0.000000e+000  0.000000e+000  0.000000e+000  0.000000e+000  0.000000e+000  0.000000e+000  0.000000e+000  0.000000e+000  0.000000e+000  0.000000e+000  0.000000e+000  0.000000e+000  0.000000e+000  0.000000e+000  0.000000e+000  0.000000e+000  0.000000e+000  0.000000e+000  0.000000e+000  0.000000e+000  0.000000e+000  0.000000e+000  
0.000000e+000  0.000000e+000  0.000000e+000  0.000000e+000  0.000000e+000  0.000000e+000  0.000000e+000  0.000000e+000  0.000000e+000  0.000000e+000  0.000000e+000  0.000000e+000  0.000000e+000  0.000000e+000  0.000000e+000  0.000000e+000  0.000000e+000  0.000000e+000  0.000000e+000  0.000000e+000  0.000000e+000  0.000000e+000  0.000000e+000  
0.000000e+000  0.000000e+000  0.000000e+000  0.000000e+000  0.000000e+000  0.000000e+000  0.000000e+000  0.000000e+000  0.000000e+000  0.000000e+000  0.000000e+000  0.000000e+000  0.000000e+000  0.000000e+000  0.000000e+000  0.000000e+000  0.000000e+000  0.000000e+000  0.000000e+000  0.000000e+000  0.000000e+000  0.000000e+000  0.000000e+000  
0.000000e+000  0.000000e+000  0.000000e+000  0.000000e+000  0.000000e+000  0.000000e+000  0.000000e+000  0.000000e+000  0.000000e+000  0.000000e+000  0.000000e+000  0.000000e+000  0.000000e+000  0.000000e+000  0.000000e+000  0.000000e+000  0.000000e+000  0.000000e+000  0.000000e+000  0.000000e+000  0.000000e+000  0.000000e+000  0.000000e+000  
0.000000e+000  0.000000e+000  0.000000e+000  0.000000e+000  0.000000e+000  0.000000e+000  0.000000e+000  0.000000e+000  0.000000e+000  0.000000e+000  0.000000e+000  0.000000e+000  0.000000e+000  0.000000e+000  0.000000e+000  0.000000e+000  0.000000e+000  0.000000e+000  0.000000e+000  0.000000e+000  0.000000e+000  0.000000e+000  0.000000e+000  
0.000000e+000  0.000000e+000  0.000000e+000  0.000000e+000  0.000000e+000  0.000000e+000  0.000000e+000  0.000000e+000  0.000000e+000  0.000000e+000  0.000000e+000  0.000000e+000  0.000000e+000  0.000000e+000  0.000000e+000  0.000000e+000  0.000000e+000  0.000000e+000  0.000000e+000  0.000000e+000  0.000000e+000  0.000000e+000  0.000000e+000  
0.000000e+000  0.000000e+000  0.000000e+000  0.000000e+000  0.000000e+000  0.000000e+000  0.000000e+000  0.000000e+000  0.000000e+000  0.000000e+000  0.000000e+000  0.000000e+000  0.000000e+000  0.000000e+000  0.000000e+000  0.000000e+000  0.000000e+000  0.000000e+000  0.000000e+000  0.000000e+000  0.000000e+000  0.000000e+000  0.000000e+000  
0.000000e+000  0.000000e+000  0.000000e+000  0.000000e+000  0.000000e+000  0.000000e+000  0.000000e+000  0.000000e+000  0.000000e+000  0.000000e+000  0.000000e+000  0.000000e+000  0.000000e+000  0.000000e+000  0.000000e+000  0.000000e+000  0.000000e+000  0.000000e+000  0.000000e+000  0.000000e+000  0.000000e+000  0.000000e+000  0.000000e+000  
0.000000e+000  0.000000e+000  0.000000e+000  0.000000e+000  0.000000e+000  0.000000e+000  0.000000e+000  0.000000e+000  0.000000e+000  0.000000e+000  0.000000e+000  0.000000e+000  0.000000e+000  0.000000e+000  0.000000e+000  0.000000e+000  0.000000e+000  0.000000e+000  0.000000e+000  0.000000e+000  0.000000e+000  0.000000e+000  0.000000e+000  
0.000000e+000  0.000000e+000  0.000000e+000  0.000000e+000  0.000000e+000  0.000000e+000  0.000000e+000  0.000000e+000  0.000000e+000  0.000000e+000  0.000000e+000  0.000000e+000  0.000000e+000  0.000000e+000  0.000000e+000  0.000000e+000  0.000000e+000  0.000000e+000  0.000000e+000  0.000000e+000  0.000000e+000  0.000000e+000  0.000000e+000  
0.000000e+000  0.000000e+000  0.000000e+000  0.000000e+000  0.000000e+000  0.000000e+000  0.000000e+000  0.000000e+000  0.000000e+000  0.000000e+000  0.000000e+000  0.000000e+000  0.000000e+000  0.000000e+000  0.000000e+000  0.000000e+000  0.000000e+000  0.000000e+000  0.000000e+000  0.000000e+000  0.000000e+000  0.000000e+000  0.000000e+000  
0.000000e+000  0.000000e+000  0.000000e+000  0.000000e+000  0.000000e+000  0.000000e+000  0.000000e+000  0.000000e+000  0.000000e+000  0.000000e+000  0.000000e+000  0.000000e+000  0.000000e+000  0.000000e+000  0.000000e+000  0.000000e+000  0.000000e+000  0.000000e+000  0.000000e+000  0.000000e+000  0.000000e+000  0.000000e+000  0.000000e+000  
0.000000e+000  0.000000e+000  0.000000e+000  0.000000e+000  0.000000e+000  0.000000e+000  0.000000e+000  0.000000e+000  0.000000e+000  0.000000e+000  0.000000e+000  0.000000e+000  0.000000e+000  0.000000e+000  0.000000e+000  0.000000e+000  0.000000e+000  0.000000e+000  0.000000e+000  0.000000e+000  0.000000e+000  0.000000e+000  0.000000e+000  
0.000000e+000  0.000000e+000  0.000000e+000  0.000000e+000  0.000000e+000  0.000000e+000  0.000000e+000  0.000000e+000  0.000000e+000  0.000000e+000  0.000000e+000  0.000000e+000  0.000000e+000  0.000000e+000  0.000000e+000  0.000000e+000  0.000000e+000  0.000000e+000  0.000000e+000  0.000000e+000  0.000000e+000  0.000000e+000  0.000000e+000  
0.000000e+000  0.000000e+000  0.000000e+000  0.000000e+000  0.000000e+000  0.000000e+000  0.000000e+000  0.000000e+000  0.000000e+000  0.000000e+000  0.000000e+000  0.000000e+000  0.000000e+000  0.000000e+000  0.000000e+000  0.000000e+000  0.000000e+000  0.000000e+000  0.000000e+000  0.000000e+000  0.000000e+000  0.000000e+000  0.000000e+000  
0.000000e+000  0.000000e+000  0.000000e+000  0.000000e+000  0.000000e+000  0.000000e+000  0.000000e+000  0.000000e+000  0.000000e+000  0.000000e+000  0.000000e+000  0.000000e+000  0.000000e+000  0.000000e+000  0.000000e+000  0.000000e+000  0.000000e+000  0.000000e+000  0.000000e+000  0.000000e+000  0.000000e+000  0.000000e+000  0.000000e+000  
0.000000e+000  0.000000e+000  0.000000e+000  0.000000e+000  0.000000e+000  0.000000e+000  0.000000e+000  0.000000e+000  0.000000e+000  0.000000e+000  0.000000e+000  0.000000e+000  0.000000e+000  0.000000e+000  0.000000e+000  0.000000e+000  0.000000e+000  0.000000e+000  0.000000e+000  0.000000e+000  0.000000e+000  0.000000e+000  0.000000e+000  
0.000000e+000  0.000000e+000  0.000000e+000  0.000000e+000  0.000000e+000  0.000000e+000  0.000000e+000  0.000000e+000  0.000000e+000  0.000000e+000  0.000000e+000  0.000000e+000  0.000000e+000  0.000000e+000  0.000000e+000  0.000000e+000  0.000000e+000  0.000000e+000  0.000000e+000  0.000000e+000  0.000000e+000  0.000000e+000  0.000000e+000  
0.000000e+000  0.000000e+000  0.000000e+000  0.000000e+000  0.000000e+000  0.000000e+000  0.000000e+000  0.000000e+000  0.000000e+000  0.000000e+000  0.000000e+000  0.000000e+000  0.000000e+000  0.000000e+000  0.000000e+000  0.000000e+000  0.000000e+000  0.000000e+000  0.000000e+000  0.000000e+000  0.000000e+000  0.000000e+000  0.000000e+000  
0.000000e+000  0.000000e+000  0.000000e+000  0.000000e+000  0.000000e+000  0.000000e+000  0.000000e+000  0.000000e+000  0.000000e+000  0.000000e+000  0.000000e+000  0.000000e+000  0.000000e+000  0.000000e+000  0.000000e+000  0.000000e+000  0.000000e+000  0.000000e+000  0.000000e+000  0.000000e+000  0.000000e+000  0.000000e+000  0.000000e+000  
0.000000e+000  0.000000e+000  0.000000e+000  0.000000e+000  0.000000e+000  0.000000e+000  0.000000e+000  0.000000e+000  0.000000e+000  0.000000e+000  0.000000e+000  0.000000e+000  0.000000e+000  0.000000e+000  0.000000e+000  0.000000e+000  0.000000e+000  0.000000e+000  0.000000e+000  0.000000e+000  0.000000e+000  0.000000e+000  0.000000e+000  

-9.163898e-006  -7.054341e-003  -2.114601e-002  -4.166826e-002  -6.125237e-002  -8.055663e-002  -1.059711e-001  -7.568328e-002  -5.338002e-002  -3.572090e-002  -1.327348e-002  1.327348e-002  3.572090e-002  5.338002e-002  7.568328e-002  1.059711e-001  8.055663e-002  6.125237e-002  4.166826e-002  2.114601e-002  7.054341e-003  9.164008e-006  0.000000e+000  
7.036011e-003  -9.020383e-006  -1.471897e-002  -3.974668e-002  -4.323970e-002  -4.769643e-002  -4.972197e-002  -4.374394e-002  -3.480275e-002  -2.494385e-002  -9.890334e-003  9.890334e-003  2.494385e-002  3.480275e-002  4.374394e-002  4.972197e-002  4.769643e-002  4.323970e-002  3.974668e-002  1.471897e-002  9.020495e-006  -7.036011e-003  0.000000e+000  
2.112739e-002  1.470122e-002  -8.370940e-006  -1.599014e-002  -2.214603e-002  -2.480523e-002  -2.548642e-002  -2.365670e-002  -1.989586e-002  -1.487369e-002  -6.216352e-003  6.216352e-003  1.487369e-002  1.989586e-002  2.365670e-002  2.548643e-002  2.480523e-002  2.214603e-002  1.599014e-002  8.371010e-006  -1.470122e-002  -2.112739e-002  0.000000e+000  
4.164847e-002  3.972917e-002  1.597451e-002  -7.345332e-006  -6.830938e-003  -9.825754e-003  -1.129425e-002  -1.129358e-002  -1.003411e-002  -7.800914e-003  -3.431853e-003  3.431853e-003  7.800914e-003  1.003411e-002  1.129358e-002  1.129425e-002  9.825754e-003  6.830938e-003  7.345450e-006  -1.597451e-002  -3.972917e-002  -4.164847e-002  0.000000e+000  
6.123010e-002  4.322367e-002  2.213195e-002  6.816950e-003  -7.252661e-006  -3.170003e-003  -5.057491e-003  -5.797520e-003  -5.558876e-003  -4.534836e-003  -2.122136e-003  2.122136e-003  4.534836e-003  5.558876e-003  5.797520e-003  5.057491e-003  3.170003e-003  7.252796e-006  -6.816950e-003  -2.213195e-002  -4.322367e-002  -6.123010e-002  0.000000e+000  
8.053155e-002  4.768279e-002  2.479264e-002  9.812431e-003  3.155152e-003  -8.096565e-006  -2.047105e-003  -3.112141e-003  -3.360771e-003  -2.941888e-003  -1.505812e-003  1.505813e-003  2.941888e-003  3.360771e-003  3.112141e-003  2.047105e-003  8.096745e-006  -3.155152e-003  -9.812431e-003  -2.479264e-002  -4.768279e-002  -8.053155e-002  0.000000e+000  
1.059766e-001  4.971357e-002  2.547578e-002  1.128192e-002  5.042620e-003  2.029569e-003  -1.068541e-005  -1.243159e-003  -1.830170e-003  -1.887454e-003  -1.163687e-003  1.163688e-003  1.887454e-003  1.830170e-003  1.243159e-003  1.068553e-005  -2.029569e-003  -5.042619e-003  -1.128192e-002  -2.547578e-002  -4.971357e-002  -1.059766e-001  0.000000e+000  
7.568471e-002  4.373789e-002  2.364785e-002  1.128266e-002  5.783598e-003  3.094433e-003  1.217953e-003  -1.963558e-005  -8.292880e-004  -1.372835e-003  -1.162134e-003  1.162134e-003  1.372835e-003  8.292881e-004  1.963565e-005  -1.217953e-003  -3.094433e-003  -5.783598e-003  -1.128266e-002  -2.364785e-002  -4.373789e-002  -7.568471e-002  0.000000e+000  
5.337929e-002  3.479787e-002  1.988863e-002  1.002510e-002  5.547685e-003  3.346603e-003  1.807697e-003  7.759512e-004  -9.450970e-005  -2.282862e-003  0.000000e+000  0.000000e+000  2.282857e-003  9.450971e-005  -7.759511e-004  -1.807697e-003  -3.346603e-003  -5.547685e-003  -1.002510e-002  -1.988863e-002  -3.479787e-002  -5.337929e-002  0.000000e+000  
3.571905e-002  2.493971e-002  1.486792e-002  7.794092e-003  4.527901e-003  2.936586e-003  1.890276e-003  1.410251e-003  3.619421e-003  0.000000e+000  0.000000e+000  0.000000e+000  0.000000e+000  -3.619413e-003  -1.410250e-003  -1.890276e-003  -2.936586e-003  -4.527900e-003  -7.794092e-003  -1.486792e-002  -2.493971e-002  -3.571905e-002  0.000000e+000  
1.327080e-002  9.887028e-003  6.212562e-003  3.427976e-003  2.119020e-003  1.504072e-003  1.164746e-003  1.167003e-003  0.000000e+000  0.000000e+000  0.000000e+000  0.000000e+000  0.000000e+000  0.000000e+000  -1.167003e-003  -1.164746e-003  -1.504072e-003  -2.119020e-003  -3.427976e-003  -6.212562e-003  -9.887028e-003  -1.327080e-002  0.000000e+000  
-1.327661e-002  -9.892669e-003  -6.217894e-003  -3.432905e-003  -2.123634e-003  -1.508497e-003  -1.169027e-003  -1.171221e-003  0.000000e+000  0.000000e+000  0.000000e+000  0.000000e+000  0.000000e+000  0.000000e+000  1.171221e-003  1.169027e-003  1.508497e-003  2.123634e-003  3.432905e-003  6.217895e-003  9.892669e-003  1.327661e-002  0.000000e+000  
-3.572499e-002  -2.494545e-002  -1.487332e-002  -7.799035e-003  -4.532451e-003  -2.940875e-003  -1.894318e-003  -1.414072e-003  -3.622917e-003  0.000000e+000  0.000000e+000  0.000000e+000  0.000000e+000  3.622920e-003  1.414073e-003  1.894318e-003  2.940876e-003  4.532451e-003  7.799035e-003  1.487332e-002  2.494545e-002  3.572499e-002  0.000000e+000  
-5.338536e-002  -3.480373e-002  -1.989411e-002  -1.003007e-002  -5.552193e-003  -3.350789e-003  -1.811551e-003  -7.794573e-004  9.139696e-005  2.280311e-003  0.000000e+000  0.000000e+000  -2.280317e-003  -9.139668e-005  7.794574e-004  1.811551e-003  3.350789e-003  5.552193e-003  1.003007e-002  1.989411e-002  3.480373e-002  5.338536e-002  0.000000e+000  
-7.569096e-002  -4.374389e-002  -2.365344e-002  -1.128768e-002  -5.788078e-003  -3.098527e-003  -1.221634e-003  1.640012e-005  8.265552e-004  1.370715e-003  1.161181e-003  -1.161181e-003  -1.370715e-003  -8.265552e-004  -1.639986e-005  1.221635e-003  3.098527e-003  5.788078e-003  1.128768e-002  2.365344e-002  4.374389e-002  7.569096e-002  0.000000e+000  
-1.059831e-001  -4.971976e-002  -2.548152e-002  -1.128702e-002  -5.047101e-003  -2.033597e-003  7.144389e-006  1.240136e-003  1.827707e-003  1.885613e-003  1.162895e-003  -1.162895e-003  -1.885613e-003  -1.827707e-003  -1.240136e-003  -7.144200e-006  2.033597e-003  5.047101e-003  1.128702e-002  2.548152e-002  4.971976e-002  1.059831e-001  0.000000e+000  
-8.053823e-002  -4.768920e-002  -2.479858e-002  -9.817667e-003  -3.159673e-003  4.102335e-006  2.043672e-003  3.109290e-003  3.358517e-003  2.940249e-003  1.505135e-003  -1.505135e-003  -2.940249e-003  -3.358516e-003  -3.109290e-003  -2.043672e-003  -4.102180e-006  3.159674e-003  9.817668e-003  2.479858e-002  4.768920e-002  8.053823e-002  0.000000e+000  
-6.123697e-002  -4.323035e-002  -2.213814e-002  -6.822383e-003  2.642508e-006  3.166007e-003  5.054146e-003  5.794825e-003  5.556810e-003  4.533374e-003  2.121555e-003  -2.121555e-003  -4.533374e-003  -5.556810e-003  -5.794825e-003  -5.054146e-003  -3.166007e-003  -2.642415e-006  6.822383e-003  2.213814e-002  4.323035e-002  6.123697e-002  0.000000e+000  
-4.165569e-002  -3.973633e-002  -1.598120e-002  1.491962e-006  6.826095e-003  9.821699e-003  1.129104e-002  1.129115e-002  1.003236e-002  7.799741e-003  3.431420e-003  -3.431420e-003  -7.799741e-003  -1.003236e-002  -1.129115e-002  -1.129104e-002  -9.821699e-003  -6.826095e-003  -1.491831e-006  1.598120e-002  3.973633e-002  4.165569e-002  0.000000e+000  
-2.113513e-002  -1.470899e-002  6.907995e-007  1.598321e-002  2.214042e-002  2.480088e-002  2.548362e-002  2.365506e-002  1.989497e-002  1.487322e-002  6.216239e-003  -6.216239e-003  -1.487322e-002  -1.989497e-002  -2.365506e-002  -2.548362e-002  -2.480088e-002  -2.214042e-002  -1.598321e-002  -6.906681e-007  1.470899e-002  2.113513e-002  0.000000e+000  
-7.044232e-003  6.287408e-007  1.471024e-002  3.973766e-002  4.323180e-002  4.769067e-002  4.972108e-002  4.374476e-002  3.480395e-002  2.494488e-002  9.890786e-003  -9.890786e-003  -2.494488e-002  -3.480395e-002  -4.374476e-002  -4.972108e-002  -4.769067e-002  -4.323180e-002  -3.973766e-002  -1.471024e-002  -6.285923e-007  7.044232e-003  0.000000e+000  
6.300539e-007  7.045492e-003  2.113639e-002  4.165697e-002  6.123829e-002  8.053969e-002  1.059849e-001  7.569191e-002  5.338549e-002  3.572429e-002  1.327462e-002  -1.327462e-002  -3.572429e-002  -5.338549e-002  -7.569190e-002  -1.059849e-001  -8.053969e-002  -6.123829e-002  -4.165697e-002  -2.113639e-002  -7.045492e-003  -6.299424e-007  0.000000e+000  
0.000000e+000  0.000000e+000  0.000000e+000  0.000000e+000  0.000000e+000  0.000000e+000  0.000000e+000  0.000000e+000  0.000000e+000  0.000000e+000  0.000000e+000  0.000000e+000  0.000000e+000  0.000000e+000  0.000000e+000  0.000000e+000  0.000000e+000  0.000000e+000  0.000000e+000  0.000000e+000  0.000000e+000  0.000000e+000  0.000000e+000  

