Port monitor named: Port2_h1[2.5].prt

nx        = 81
ny        = 33
nz        = 40

nu        = 5
nv        = 5
iu        = 16
iv        = 66

idir      = 1
dcut      = 2.525000e-002
icut      = 28
type      = 1
frequency = 2.500000e+009

fcutoff   = 0.000000e+000
alpha     = 0.000000e+000
beta      = 7.339884e+001
accuracy  = 3.184585e-015

type          = TEM
wave imp.     = 2.655795e+002
wave imp.sig. = 1.891463e-003
line imp.     = 5.425737e+001

ref. port     = 0

-0.000000e+000  7.883838e+000  1.577004e+001  7.883839e+000  -0.000000e+000  
-0.000000e+000  7.885139e+000  3.154131e+001  7.885139e+000  -0.000000e+000  
-0.000000e+000  -7.885143e+000  -3.154132e+001  -7.885143e+000  -0.000000e+000  
-0.000000e+000  -7.883847e+000  -1.577005e+001  -7.883847e+000  -0.000000e+000  
-0.000000e+000  -0.000000e+000  -0.000000e+000  -0.000000e+000  -0.000000e+000  

-0.000000e+000  -0.000000e+000  -0.000000e+000  -0.000000e+000  -0.000000e+000  
-7.883840e+000  -7.885140e+000  7.885139e+000  7.883840e+000  -0.000000e+000  
-1.577004e+001  -3.154131e+001  3.154131e+001  1.577004e+001  -0.000000e+000  
-7.883840e+000  -7.885141e+000  7.885141e+000  7.883840e+000  -0.000000e+000  
-0.000000e+000  -0.000000e+000  -0.000000e+000  -0.000000e+000  -0.000000e+000  

0.000000e+000  0.000000e+000  0.000000e+000  0.000000e+000  0.000000e+000  
0.000000e+000  0.000000e+000  0.000000e+000  0.000000e+000  0.000000e+000  
0.000000e+000  0.000000e+000  0.000000e+000  0.000000e+000  0.000000e+000  
0.000000e+000  0.000000e+000  0.000000e+000  0.000000e+000  0.000000e+000  
0.000000e+000  0.000000e+000  0.000000e+000  0.000000e+000  0.000000e+000  

0.000000e+000  0.000000e+000  0.000000e+000  0.000000e+000  0.000000e+000  
0.000000e+000  0.000000e+000  0.000000e+000  0.000000e+000  0.000000e+000  
0.000000e+000  0.000000e+000  0.000000e+000  0.000000e+000  0.000000e+000  
0.000000e+000  0.000000e+000  0.000000e+000  0.000000e+000  0.000000e+000  
0.000000e+000  0.000000e+000  0.000000e+000  0.000000e+000  0.000000e+000  

0.000000e+000  0.000000e+000  0.000000e+000  0.000000e+000  0.000000e+000  
0.000000e+000  0.000000e+000  0.000000e+000  0.000000e+000  0.000000e+000  
0.000000e+000  0.000000e+000  0.000000e+000  0.000000e+000  0.000000e+000  
0.000000e+000  0.000000e+000  0.000000e+000  0.000000e+000  0.000000e+000  
0.000000e+000  0.000000e+000  0.000000e+000  0.000000e+000  0.000000e+000  

-1.436824e-005  1.406700e-002  -1.406705e-002  1.432794e-005  -0.000000e+000  
-1.409574e-002  -1.040198e-005  1.033479e-005  1.409571e-002  -0.000000e+000  
1.403037e-002  -1.037221e-005  1.043939e-005  -1.403035e-002  -0.000000e+000  
-9.165420e-005  -1.405906e-002  1.405912e-002  9.169450e-005  -0.000000e+000  
-0.000000e+000  -0.000000e+000  -0.000000e+000  -0.000000e+000  -0.000000e+000  

