Port monitor named: Port2_e1[2.5].prt

nx        = 25
ny        = 4
nz        = 25

nu        = 23
nv        = 23
iu        = 2
iv        = 2

idir      = 1
dcut      = 2.505000e-002
icut      = 3
type      = 0
frequency = 2.500000e+009

fcutoff   = 0.000000e+000
alpha     = 0.000000e+000
beta      = 7.257442e+001
accuracy  = 4.276717e-012

type          = QTEM
wave imp.     = 2.634326e+002
wave imp.sig. = 6.480538e-003
line imp.     = 5.425692e+001

ref. port     = 0

-0.000000e+000  -0.000000e+000  -0.000000e+000  -0.000000e+000  -0.000000e+000  -0.000000e+000  -0.000000e+000  -0.000000e+000  -0.000000e+000  -0.000000e+000  -0.000000e+000  -0.000000e+000  -0.000000e+000  -0.000000e+000  -0.000000e+000  -0.000000e+000  -0.000000e+000  -0.000000e+000  -0.000000e+000  -0.000000e+000  -0.000000e+000  -0.000000e+000  -0.000000e+000  
-9.725324e+002  -9.725939e+002  -9.802760e+002  -9.651269e+002  -3.511665e+002  -3.540728e+001  3.424609e+002  5.836097e+001  -5.910519e+001  -8.666642e+001  -5.319193e+001  5.316271e+001  8.664128e+001  5.908315e+001  -5.838075e+001  -3.424813e+002  3.539663e+001  3.511650e+002  9.651431e+002  9.802962e+002  9.726154e+002  9.725543e+002  -0.000000e+000  
-1.945166e+003  -1.937729e+003  -1.492591e+003  -8.228914e+002  -7.993613e+002  -7.124365e+002  -6.066793e+002  -5.498140e+002  -4.778293e+002  -3.728420e+002  -1.681052e+002  1.680413e+002  3.727902e+002  4.777887e+002  5.497859e+002  6.066634e+002  7.124322e+002  7.993661e+002  8.229043e+002  1.492623e+003  1.937773e+003  1.945210e+003  -0.000000e+000  
-2.925559e+003  -2.450112e+003  -1.581237e+003  -1.581496e+003  -1.532499e+003  -1.464786e+003  -1.360244e+003  -1.218460e+003  -1.028558e+003  -7.850287e+002  -3.461803e+002  3.460657e+002  7.849376e+002  1.028493e+003  1.218425e+003  1.360236e+003  1.464798e+003  1.532524e+003  1.581532e+003  1.581275e+003  2.450170e+003  2.925626e+003  -0.000000e+000  
-3.890930e+003  -2.308047e+003  -2.339902e+003  -2.405668e+003  -2.405808e+003  -2.364439e+003  -2.262756e+003  -2.079565e+003  -1.793783e+003  -1.393351e+003  -6.313657e+002  6.311693e+002  1.393179e+003  1.793677e+003  2.079535e+003  2.262782e+003  2.364495e+003  2.405878e+003  2.405740e+003  2.339965e+003  2.308102e+003  3.891018e+003  -0.000000e+000  
-4.066712e+003  -2.532205e+003  -2.706507e+003  -2.842335e+003  -2.904647e+003  -2.904723e+003  -2.836264e+003  -2.663994e+003  -2.348361e+003  -1.858843e+003  -8.664136e+002  8.661641e+002  1.858554e+003  2.348223e+003  2.663997e+003  2.836344e+003  2.904829e+003  2.904755e+003  2.842429e+003  2.706581e+003  2.532265e+003  4.066801e+003  -0.000000e+000  
-4.084695e+003  -2.870747e+003  -3.082722e+003  -3.292179e+003  -3.444944e+003  -3.513532e+003  -3.513575e+003  -3.391777e+003  -3.076817e+003  -2.496430e+003  -1.203793e+003  1.203504e+003  2.495848e+003  3.076655e+003  3.391878e+003  3.513758e+003  3.513714e+003  3.445101e+003  3.292296e+003  3.082807e+003  2.870813e+003  4.084782e+003  -0.000000e+000  
-3.913620e+003  -3.345508e+003  -3.459558e+003  -3.743455e+003  -4.018484e+003  -4.190875e+003  -4.312716e+003  -4.312712e+003  -4.070690e+003  -3.415381e+003  -1.712115e+003  1.711883e+003  3.413891e+003  4.070663e+003  4.313090e+003  4.313085e+003  4.191158e+003  4.018693e+003  3.743589e+003  3.459648e+003  3.345581e+003  3.913700e+003  -0.000000e+000  
-3.884562e+003  -3.649718e+003  -3.793921e+003  -4.174018e+003  -4.602973e+003  -4.918755e+003  -5.233690e+003  -5.475651e+003  -5.477837e+003  -5.277839e+003  -0.000000e+000  -0.000000e+000  5.238448e+003  5.479002e+003  5.476720e+003  5.234322e+003  4.919125e+003  4.603210e+003  4.174155e+003  3.794011e+003  3.649792e+003  3.884636e+003  -0.000000e+000  
-3.914203e+003  -3.859155e+003  -4.069298e+003  -4.556608e+003  -5.157636e+003  -5.647466e+003  -6.227619e+003  -6.878350e+003  -7.146047e+003  -0.000000e+000  -0.000000e+000  -0.000000e+000  -0.000000e+000  7.095602e+003  6.880449e+003  6.228341e+003  5.647796e+003  5.157833e+003  4.556726e+003  4.069381e+003  3.859225e+003  3.914271e+003  -0.000000e+000  
-3.957593e+003  -4.002282e+003  -4.275371e+003  -4.860667e+003  -5.623138e+003  -6.285836e+003  -7.150953e+003  -8.297174e+003  -0.000000e+000  -0.000000e+000  -0.000000e+000  -0.000000e+000  -0.000000e+000  -0.000000e+000  8.296191e+003  7.150777e+003  6.285867e+003  5.623216e+003  4.860749e+003  4.275441e+003  4.002345e+003  3.957655e+003  -0.000000e+000  
-4.010821e+003  -4.117198e+003  -4.453322e+003  -5.145243e+003  -6.090938e+003  -6.955256e+003  -8.154244e+003  -9.854880e+003  -0.000000e+000  -0.000000e+000  -0.000000e+000  -0.000000e+000  -0.000000e+000  -0.000000e+000  9.854587e+003  8.154070e+003  6.955175e+003  6.090913e+003  5.145263e+003  4.453362e+003  4.117244e+003  4.010869e+003  -0.000000e+000  
-3.957622e+003  -4.002315e+003  -4.275421e+003  -4.860749e+003  -5.623242e+003  -6.285913e+003  -7.150838e+003  -8.296248e+003  -0.000000e+000  -0.000000e+000  -0.000000e+000  -0.000000e+000  -0.000000e+000  -0.000000e+000  8.296178e+003  7.150769e+003  6.285864e+003  5.623215e+003  4.860750e+003  4.275443e+003  4.002348e+003  3.957659e+003  -0.000000e+000  
-3.914243e+003  -3.859200e+003  -4.069368e+003  -4.556730e+003  -5.157855e+003  -5.647828e+003  -6.228377e+003  -6.880474e+003  -7.095614e+003  -0.000000e+000  -0.000000e+000  -0.000000e+000  -0.000000e+000  7.095579e+003  6.880432e+003  6.228332e+003  5.647792e+003  5.157833e+003  4.556728e+003  4.069385e+003  3.859229e+003  3.914276e+003  -0.000000e+000  
-3.884614e+003  -3.649770e+003  -3.794003e+003  -4.174163e+003  -4.603229e+003  -4.919150e+003  -5.234347e+003  -5.476737e+003  -5.479001e+003  -5.238433e+003  -0.000000e+000  -0.000000e+000  5.238418e+003  5.478980e+003  5.476708e+003  5.234316e+003  4.919123e+003  4.603211e+003  4.174159e+003  3.794017e+003  3.649798e+003  3.884644e+003  -0.000000e+000  
-3.913683e+003  -3.345560e+003  -3.459644e+003  -3.743601e+003  -4.018713e+003  -4.191181e+003  -4.313108e+003  -4.313108e+003  -4.070672e+003  -3.413889e+003  -1.711876e+003  1.711873e+003  3.413878e+003  4.070655e+003  4.313086e+003  4.313084e+003  4.191159e+003  4.018696e+003  3.743595e+003  3.459656e+003  3.345589e+003  3.913710e+003  -0.000000e+000  
-4.084770e+003  -2.870787e+003  -3.082807e+003  -3.292312e+003  -3.445124e+003  -3.513739e+003  -3.513782e+003  -3.391901e+003  -3.076678e+003  -2.495875e+003  -1.203556e+003  1.203549e+003  2.495863e+003  3.076662e+003  3.391882e+003  3.513763e+003  3.513720e+003  3.445108e+003  3.292304e+003  3.082816e+003  2.870823e+003  4.084795e+003  -0.000000e+000  
-4.066802e+003  -2.532221e+003  -2.706588e+003  -2.842453e+003  -2.904783e+003  -2.904857e+003  -2.836371e+003  -2.664025e+003  -2.348255e+003  -1.858596e+003  -8.662354e+002  8.662262e+002  1.858583e+003  2.348240e+003  2.664008e+003  2.836353e+003  2.904839e+003  2.904765e+003  2.842440e+003  2.706592e+003  2.532276e+003  4.066817e+003  -0.000000e+000  
-3.891046e+003  -2.308012e+003  -2.339987e+003  -2.405774e+003  -2.405911e+003  -2.364527e+003  -2.262812e+003  -2.079566e+003  -1.793713e+003  -1.393225e+003  -6.312410e+002  6.312305e+002  1.393212e+003  1.793699e+003  2.079550e+003  2.262794e+003  2.364507e+003  2.405891e+003  2.405754e+003  2.339978e+003  2.308115e+003  3.891036e+003  -0.000000e+000  
-2.925873e+003  -2.449739e+003  -1.581404e+003  -1.581597e+003  -1.532572e+003  -1.464836e+003  -1.360263e+003  -1.218449e+003  -1.028520e+003  -7.849718e+002  -3.461162e+002  3.461056e+002  7.849596e+002  1.028506e+003  1.218433e+003  1.360245e+003  1.464814e+003  1.532544e+003  1.581553e+003  1.581293e+003  2.450189e+003  2.925645e+003  -0.000000e+000  
-1.945264e+003  -1.937677e+003  -1.492659e+003  -8.229606e+002  -7.994240e+002  -7.124772e+002  -6.066615e+002  -5.497773e+002  -4.777870e+002  -3.727995e+002  -1.680679e+002  1.680595e+002  3.727898e+002  4.777761e+002  5.497648e+002  6.066471e+002  7.124607e+002  7.994054e+002  8.229386e+002  1.492651e+003  1.937795e+003  1.945227e+003  -0.000000e+000  
-9.725674e+002  -9.726002e+002  -9.803187e+002  -9.652095e+002  -3.512892e+002  -3.558434e+001  3.426737e+002  5.847691e+001  -5.903734e+001  -8.662332e+001  -5.316958e+001  5.316483e+001  8.661777e+001  5.903090e+001  -5.848474e+001  -3.426838e+002  3.557455e+001  3.512802e+002  9.652051e+002  9.803244e+002  9.726306e+002  9.725651e+002  -0.000000e+000  
-0.000000e+000  -0.000000e+000  -0.000000e+000  -0.000000e+000  -0.000000e+000  -0.000000e+000  -0.000000e+000  -0.000000e+000  -0.000000e+000  -0.000000e+000  -0.000000e+000  -0.000000e+000  -0.000000e+000  -0.000000e+000  -0.000000e+000  -0.000000e+000  -0.000000e+000  -0.000000e+000  -0.000000e+000  -0.000000e+000  -0.000000e+000  -0.000000e+000  -0.000000e+000  

-0.000000e+000  -9.725324e+002  -1.945162e+003  -2.925545e+003  -3.890884e+003  -4.066623e+003  -4.084531e+003  -3.913569e+003  -3.884581e+003  -3.914269e+003  -3.957693e+003  -4.010952e+003  -3.957722e+003  -3.914311e+003  -3.884634e+003  -3.913632e+003  -4.084604e+003  -4.066701e+003  -3.890963e+003  -2.925609e+003  -1.945205e+003  -9.725543e+002  -0.000000e+000  
-0.000000e+000  -9.725974e+002  -1.937733e+003  -2.450123e+003  -2.308089e+003  -2.532296e+003  -2.870932e+003  -3.345628e+003  -3.649827e+003  -3.859277e+003  -4.002428e+003  -4.117392e+003  -4.002463e+003  -3.859325e+003  -3.649884e+003  -3.345690e+003  -2.870991e+003  -2.532353e+003  -2.308142e+003  -2.450179e+003  -1.937778e+003  -9.726197e+002  -0.000000e+000  
-0.000000e+000  -9.802864e+002  -1.492595e+003  -1.581241e+003  -2.339926e+003  -2.706551e+003  -3.082789e+003  -3.459636e+003  -3.794019e+003  -4.069434e+003  -4.275565e+003  -4.453672e+003  -4.275616e+003  -4.069505e+003  -3.794102e+003  -3.459722e+003  -3.082872e+003  -2.706626e+003  -2.339991e+003  -1.581282e+003  -1.492631e+003  -9.803090e+002  -0.000000e+000  
-0.000000e+000  -9.651594e+002  -8.228919e+002  -1.581476e+003  -2.405648e+003  -2.842321e+003  -3.292172e+003  -3.743456e+003  -4.174037e+003  -4.556675e+003  -4.860856e+003  -5.146059e+003  -4.860938e+003  -4.556798e+003  -4.174180e+003  -3.743597e+003  -3.292295e+003  -2.842422e+003  -2.405727e+003  -1.581519e+003  -8.229109e+002  -9.651802e+002  -0.000000e+000  
-0.000000e+000  -3.512522e+002  -7.993484e+002  -1.532446e+003  -2.405745e+003  -2.904584e+003  -3.444877e+003  -4.018398e+003  -4.602841e+003  -5.157434e+003  -5.622937e+003  -6.093044e+003  -5.623044e+003  -5.157657e+003  -4.603098e+003  -4.018621e+003  -3.445046e+003  -2.904704e+003  -2.405827e+003  -1.532483e+003  -7.993621e+002  -3.512561e+002  -0.000000e+000  
-0.000000e+000  -3.555704e+001  -7.123998e+002  -1.464705e+003  -2.364343e+003  -2.904631e+003  -3.513440e+003  -4.190757e+003  -4.918548e+003  -5.647012e+003  -6.284608e+003  -6.959375e+003  -6.284688e+003  -5.647386e+003  -4.918945e+003  -4.191057e+003  -3.513637e+003  -2.904753e+003  -2.364415e+003  -1.464732e+003  -7.124067e+002  -3.555199e+001  -0.000000e+000  
-0.000000e+000  3.426862e+002  -6.065835e+002  -1.360125e+003  -2.262621e+003  -2.836148e+003  -3.513486e+003  -4.312627e+003  -5.233565e+003  -6.227443e+003  -7.146399e+003  -8.163048e+003  -7.146284e+003  -6.228237e+003  -5.234225e+003  -4.313010e+003  -3.513683e+003  -2.836245e+003  -2.262666e+003  -1.360136e+003  -6.065815e+002  3.427013e+002  -0.000000e+000  
-0.000000e+000  5.850069e+001  -5.496973e+002  -1.218303e+003  -2.079371e+003  -2.663846e+003  -3.391718e+003  -4.312688e+003  -5.475627e+003  -6.882776e+003  -8.281922e+003  -9.875048e+003  -8.280968e+003  -6.885034e+003  -5.476692e+003  -4.313062e+003  -3.391828e+003  -2.663869e+003  -2.079366e+003  -1.218292e+003  -5.496866e+002  5.851243e+001  -0.000000e+000  
-0.000000e+000  -5.901038e+001  -4.777074e+002  -1.028361e+003  -1.793489e+003  -2.348138e+003  -3.076840e+003  -4.070766e+003  -5.473462e+003  -7.179171e+003  -0.000000e+000  -0.000000e+000  -0.000000e+000  -7.125590e+003  -5.474430e+003  -4.070703e+003  -3.076689e+003  -2.348027e+003  -1.793417e+003  -1.028327e+003  -4.776884e+002  -5.899881e+001  -0.000000e+000  
-0.000000e+000  -8.659959e+001  -3.727270e+002  -7.847976e+002  -1.392878e+003  -1.858368e+003  -2.496730e+003  -3.420059e+003  -5.392620e+003  -0.000000e+000  -0.000000e+000  -0.000000e+000  -0.000000e+000  -0.000000e+000  -5.354552e+003  -3.418620e+003  -2.496188e+003  -1.858125e+003  -1.392753e+003  -7.847459e+002  -3.727014e+002  -8.658718e+001  -0.000000e+000  
-0.000000e+000  -5.316009e+001  -1.680258e+002  -3.459452e+002  -6.305034e+002  -8.643979e+002  -1.199104e+003  -1.700747e+003  -0.000000e+000  -0.000000e+000  -0.000000e+000  -0.000000e+000  -0.000000e+000  -0.000000e+000  -0.000000e+000  -1.700518e+003  -1.198874e+003  -8.642244e+002  -6.303817e+002  -3.458846e+002  -1.679953e+002  -5.314670e+001  -0.000000e+000  
-0.000000e+000  5.313216e+001  1.679650e+002  3.458345e+002  6.303115e+002  8.641541e+002  1.198822e+003  1.700522e+003  -0.000000e+000  -0.000000e+000  -0.000000e+000  -0.000000e+000  -0.000000e+000  -0.000000e+000  -0.000000e+000  1.700514e+003  1.198867e+003  8.642154e+002  6.303720e+002  3.458758e+002  1.679888e+002  5.314321e+001  -0.000000e+000  
-0.000000e+000  8.657535e+001  3.726789e+002  7.847105e+002  1.392708e+003  1.858084e+003  2.496161e+003  3.418618e+003  5.354561e+003  -0.000000e+000  -0.000000e+000  -0.000000e+000  -0.000000e+000  -0.000000e+000  5.354535e+003  3.418608e+003  2.496176e+003  1.858112e+003  1.392741e+003  7.847360e+002  3.726943e+002  8.658334e+001  -0.000000e+000  
-0.000000e+000  5.898851e+001  4.776716e+002  1.028301e+003  1.793384e+003  2.347996e+003  3.076665e+003  4.070691e+003  5.474426e+003  7.125570e+003  -0.000000e+000  -0.000000e+000  -0.000000e+000  7.125549e+003  5.474406e+003  4.070684e+003  3.076672e+003  2.348011e+003  1.793403e+003  1.028316e+003  4.776808e+002  5.899457e+001  -0.000000e+000  
-0.000000e+000  -5.852218e+001  5.496765e+002  1.218274e+003  2.079341e+003  2.663843e+003  3.391805e+003  4.313041e+003  5.476669e+003  6.885000e+003  8.280899e+003  9.874732e+003  8.280886e+003  6.884985e+003  5.476658e+003  4.313035e+003  3.391807e+003  2.663850e+003  2.079351e+003  1.218280e+003  5.496786e+002  -5.851731e+001  -0.000000e+000  
-0.000000e+000  -3.427129e+002  6.065800e+002  1.360126e+003  2.262646e+003  2.836222e+003  3.513659e+003  4.312984e+003  5.234194e+003  6.228193e+003  7.146212e+003  8.162857e+003  7.146204e+003  6.228184e+003  5.234187e+003  4.312980e+003  3.513659e+003  2.836224e+003  2.262649e+003  1.360124e+003  6.065731e+002  -3.427073e+002  -0.000000e+000  
-0.000000e+000  3.552811e+001  7.124184e+002  1.464730e+003  2.364399e+003  2.904732e+003  3.513614e+003  4.191030e+003  4.918913e+003  5.647345e+003  6.284632e+003  6.959280e+003  6.284627e+003  5.647340e+003  4.918909e+003  4.191027e+003  3.513613e+003  2.904731e+003  2.364397e+003  1.464719e+003  7.123982e+002  3.554669e+001  -0.000000e+000  
-0.000000e+000  3.512005e+002  7.993993e+002  1.532489e+003  2.405813e+003  2.904684e+003  3.445023e+003  4.018595e+003  4.603069e+003  5.157625e+003  5.623008e+003  6.093007e+003  5.623005e+003  5.157623e+003  4.603067e+003  4.018594e+003  3.445022e+003  2.904682e+003  2.405808e+003  1.532470e+003  7.993539e+002  3.512518e+002  -0.000000e+000  
-0.000000e+000  9.649614e+002  8.230327e+002  1.581535e+003  2.405712e+003  2.842399e+003  3.292269e+003  3.743572e+003  4.174159e+003  4.556781e+003  4.860928e+003  5.146070e+003  4.860928e+003  4.556782e+003  4.174160e+003  3.743573e+003  3.292270e+003  2.842398e+003  2.405707e+003  1.581507e+003  8.229033e+002  9.651791e+002  -0.000000e+000  
-0.000000e+000  9.805017e+002  1.492489e+003  1.581234e+003  2.339952e+003  2.706582e+003  3.082825e+003  3.459690e+003  3.794086e+003  4.069503e+003  4.275627e+003  4.453707e+003  4.275629e+003  4.069507e+003  3.794091e+003  3.459697e+003  3.082834e+003  2.706594e+003  2.339968e+003  1.581273e+003  1.492630e+003  9.803109e+002  -0.000000e+000  
-0.000000e+000  9.726612e+002  1.937738e+003  2.450153e+003  2.308106e+003  2.532283e+003  2.870851e+003  3.345644e+003  3.649883e+003  3.859346e+003  4.002497e+003  4.117446e+003  4.002501e+003  3.859352e+003  3.649891e+003  3.345655e+003  2.870863e+003  2.532299e+003  2.308127e+003  2.450191e+003  1.937791e+003  9.726261e+002  -0.000000e+000  
-0.000000e+000  9.725675e+002  1.945203e+003  2.925629e+003  3.891051e+003  4.066851e+003  4.084847e+003  3.913779e+003  3.884733e+003  3.914387e+003  3.957790e+003  4.011027e+003  3.957794e+003  3.914395e+003  3.884744e+003  3.913794e+003  4.084867e+003  4.066875e+003  3.891080e+003  2.925663e+003  1.945232e+003  9.725651e+002  -0.000000e+000  
-0.000000e+000  -0.000000e+000  -0.000000e+000  -0.000000e+000  -0.000000e+000  -0.000000e+000  -0.000000e+000  -0.000000e+000  -0.000000e+000  -0.000000e+000  -0.000000e+000  -0.000000e+000  -0.000000e+000  -0.000000e+000  -0.000000e+000  -0.000000e+000  -0.000000e+000  -0.000000e+000  -0.000000e+000  -0.000000e+000  -0.000000e+000  -0.000000e+000  -0.000000e+000  

0.000000e+000  0.000000e+000  0.000000e+000  0.000000e+000  0.000000e+000  0.000000e+000  0.000000e+000  0.000000e+000  0.000000e+000  0.000000e+000  0.000000e+000  0.000000e+000  0.000000e+000  0.000000e+000  0.000000e+000  0.000000e+000  0.000000e+000  0.000000e+000  0.000000e+000  0.000000e+000  0.000000e+000  0.000000e+000  0.000000e+000  
0.000000e+000  0.000000e+000  0.000000e+000  0.000000e+000  0.000000e+000  0.000000e+000  0.000000e+000  0.000000e+000  0.000000e+000  0.000000e+000  0.000000e+000  0.000000e+000  0.000000e+000  0.000000e+000  0.000000e+000  0.000000e+000  0.000000e+000  0.000000e+000  0.000000e+000  0.000000e+000  0.000000e+000  0.000000e+000  0.000000e+000  
0.000000e+000  0.000000e+000  0.000000e+000  0.000000e+000  0.000000e+000  0.000000e+000  0.000000e+000  0.000000e+000  0.000000e+000  0.000000e+000  0.000000e+000  0.000000e+000  0.000000e+000  0.000000e+000  0.000000e+000  0.000000e+000  0.000000e+000  0.000000e+000  0.000000e+000  0.000000e+000  0.000000e+000  0.000000e+000  0.000000e+000  
0.000000e+000  0.000000e+000  0.000000e+000  0.000000e+000  0.000000e+000  0.000000e+000  0.000000e+000  0.000000e+000  0.000000e+000  0.000000e+000  0.000000e+000  0.000000e+000  0.000000e+000  0.000000e+000  0.000000e+000  0.000000e+000  0.000000e+000  0.000000e+000  0.000000e+000  0.000000e+000  0.000000e+000  0.000000e+000  0.000000e+000  
0.000000e+000  0.000000e+000  0.000000e+000  0.000000e+000  0.000000e+000  0.000000e+000  0.000000e+000  0.000000e+000  0.000000e+000  0.000000e+000  0.000000e+000  0.000000e+000  0.000000e+000  0.000000e+000  0.000000e+000  0.000000e+000  0.000000e+000  0.000000e+000  0.000000e+000  0.000000e+000  0.000000e+000  0.000000e+000  0.000000e+000  
0.000000e+000  0.000000e+000  0.000000e+000  0.000000e+000  0.000000e+000  0.000000e+000  0.000000e+000  0.000000e+000  0.000000e+000  0.000000e+000  0.000000e+000  0.000000e+000  0.000000e+000  0.000000e+000  0.000000e+000  0.000000e+000  0.000000e+000  0.000000e+000  0.000000e+000  0.000000e+000  0.000000e+000  0.000000e+000  0.000000e+000  
0.000000e+000  0.000000e+000  0.000000e+000  0.000000e+000  0.000000e+000  0.000000e+000  0.000000e+000  0.000000e+000  0.000000e+000  0.000000e+000  0.000000e+000  0.000000e+000  0.000000e+000  0.000000e+000  0.000000e+000  0.000000e+000  0.000000e+000  0.000000e+000  0.000000e+000  0.000000e+000  0.000000e+000  0.000000e+000  0.000000e+000  
0.000000e+000  0.000000e+000  0.000000e+000  0.000000e+000  0.000000e+000  0.000000e+000  0.000000e+000  0.000000e+000  0.000000e+000  0.000000e+000  0.000000e+000  0.000000e+000  0.000000e+000  0.000000e+000  0.000000e+000  0.000000e+000  0.000000e+000  0.000000e+000  0.000000e+000  0.000000e+000  0.000000e+000  0.000000e+000  0.000000e+000  
0.000000e+000  0.000000e+000  0.000000e+000  0.000000e+000  0.000000e+000  0.000000e+000  0.000000e+000  0.000000e+000  0.000000e+000  0.000000e+000  0.000000e+000  0.000000e+000  0.000000e+000  0.000000e+000  0.000000e+000  0.000000e+000  0.000000e+000  0.000000e+000  0.000000e+000  0.000000e+000  0.000000e+000  0.000000e+000  0.000000e+000  
0.000000e+000  0.000000e+000  0.000000e+000  0.000000e+000  0.000000e+000  0.000000e+000  0.000000e+000  0.000000e+000  0.000000e+000  0.000000e+000  0.000000e+000  0.000000e+000  0.000000e+000  0.000000e+000  0.000000e+000  0.000000e+000  0.000000e+000  0.000000e+000  0.000000e+000  0.000000e+000  0.000000e+000  0.000000e+000  0.000000e+000  
0.000000e+000  0.000000e+000  0.000000e+000  0.000000e+000  0.000000e+000  0.000000e+000  0.000000e+000  0.000000e+000  0.000000e+000  0.000000e+000  0.000000e+000  0.000000e+000  0.000000e+000  0.000000e+000  0.000000e+000  0.000000e+000  0.000000e+000  0.000000e+000  0.000000e+000  0.000000e+000  0.000000e+000  0.000000e+000  0.000000e+000  
0.000000e+000  0.000000e+000  0.000000e+000  0.000000e+000  0.000000e+000  0.000000e+000  0.000000e+000  0.000000e+000  0.000000e+000  0.000000e+000  0.000000e+000  0.000000e+000  0.000000e+000  0.000000e+000  0.000000e+000  0.000000e+000  0.000000e+000  0.000000e+000  0.000000e+000  0.000000e+000  0.000000e+000  0.000000e+000  0.000000e+000  
0.000000e+000  0.000000e+000  0.000000e+000  0.000000e+000  0.000000e+000  0.000000e+000  0.000000e+000  0.000000e+000  0.000000e+000  0.000000e+000  0.000000e+000  0.000000e+000  0.000000e+000  0.000000e+000  0.000000e+000  0.000000e+000  0.000000e+000  0.000000e+000  0.000000e+000  0.000000e+000  0.000000e+000  0.000000e+000  0.000000e+000  
0.000000e+000  0.000000e+000  0.000000e+000  0.000000e+000  0.000000e+000  0.000000e+000  0.000000e+000  0.000000e+000  0.000000e+000  0.000000e+000  0.000000e+000  0.000000e+000  0.000000e+000  0.000000e+000  0.000000e+000  0.000000e+000  0.000000e+000  0.000000e+000  0.000000e+000  0.000000e+000  0.000000e+000  0.000000e+000  0.000000e+000  
0.000000e+000  0.000000e+000  0.000000e+000  0.000000e+000  0.000000e+000  0.000000e+000  0.000000e+000  0.000000e+000  0.000000e+000  0.000000e+000  0.000000e+000  0.000000e+000  0.000000e+000  0.000000e+000  0.000000e+000  0.000000e+000  0.000000e+000  0.000000e+000  0.000000e+000  0.000000e+000  0.000000e+000  0.000000e+000  0.000000e+000  
0.000000e+000  0.000000e+000  0.000000e+000  0.000000e+000  0.000000e+000  0.000000e+000  0.000000e+000  0.000000e+000  0.000000e+000  0.000000e+000  0.000000e+000  0.000000e+000  0.000000e+000  0.000000e+000  0.000000e+000  0.000000e+000  0.000000e+000  0.000000e+000  0.000000e+000  0.000000e+000  0.000000e+000  0.000000e+000  0.000000e+000  
0.000000e+000  0.000000e+000  0.000000e+000  0.000000e+000  0.000000e+000  0.000000e+000  0.000000e+000  0.000000e+000  0.000000e+000  0.000000e+000  0.000000e+000  0.000000e+000  0.000000e+000  0.000000e+000  0.000000e+000  0.000000e+000  0.000000e+000  0.000000e+000  0.000000e+000  0.000000e+000  0.000000e+000  0.000000e+000  0.000000e+000  
0.000000e+000  0.000000e+000  0.000000e+000  0.000000e+000  0.000000e+000  0.000000e+000  0.000000e+000  0.000000e+000  0.000000e+000  0.000000e+000  0.000000e+000  0.000000e+000  0.000000e+000  0.000000e+000  0.000000e+000  0.000000e+000  0.000000e+000  0.000000e+000  0.000000e+000  0.000000e+000  0.000000e+000  0.000000e+000  0.000000e+000  
0.000000e+000  0.000000e+000  0.000000e+000  0.000000e+000  0.000000e+000  0.000000e+000  0.000000e+000  0.000000e+000  0.000000e+000  0.000000e+000  0.000000e+000  0.000000e+000  0.000000e+000  0.000000e+000  0.000000e+000  0.000000e+000  0.000000e+000  0.000000e+000  0.000000e+000  0.000000e+000  0.000000e+000  0.000000e+000  0.000000e+000  
0.000000e+000  0.000000e+000  0.000000e+000  0.000000e+000  0.000000e+000  0.000000e+000  0.000000e+000  0.000000e+000  0.000000e+000  0.000000e+000  0.000000e+000  0.000000e+000  0.000000e+000  0.000000e+000  0.000000e+000  0.000000e+000  0.000000e+000  0.000000e+000  0.000000e+000  0.000000e+000  0.000000e+000  0.000000e+000  0.000000e+000  
0.000000e+000  0.000000e+000  0.000000e+000  0.000000e+000  0.000000e+000  0.000000e+000  0.000000e+000  0.000000e+000  0.000000e+000  0.000000e+000  0.000000e+000  0.000000e+000  0.000000e+000  0.000000e+000  0.000000e+000  0.000000e+000  0.000000e+000  0.000000e+000  0.000000e+000  0.000000e+000  0.000000e+000  0.000000e+000  0.000000e+000  
0.000000e+000  0.000000e+000  0.000000e+000  0.000000e+000  0.000000e+000  0.000000e+000  0.000000e+000  0.000000e+000  0.000000e+000  0.000000e+000  0.000000e+000  0.000000e+000  0.000000e+000  0.000000e+000  0.000000e+000  0.000000e+000  0.000000e+000  0.000000e+000  0.000000e+000  0.000000e+000  0.000000e+000  0.000000e+000  0.000000e+000  
0.000000e+000  0.000000e+000  0.000000e+000  0.000000e+000  0.000000e+000  0.000000e+000  0.000000e+000  0.000000e+000  0.000000e+000  0.000000e+000  0.000000e+000  0.000000e+000  0.000000e+000  0.000000e+000  0.000000e+000  0.000000e+000  0.000000e+000  0.000000e+000  0.000000e+000  0.000000e+000  0.000000e+000  0.000000e+000  0.000000e+000  

0.000000e+000  0.000000e+000  0.000000e+000  0.000000e+000  0.000000e+000  0.000000e+000  0.000000e+000  0.000000e+000  0.000000e+000  0.000000e+000  0.000000e+000  0.000000e+000  0.000000e+000  0.000000e+000  0.000000e+000  0.000000e+000  0.000000e+000  0.000000e+000  0.000000e+000  0.000000e+000  0.000000e+000  0.000000e+000  0.000000e+000  
0.000000e+000  0.000000e+000  0.000000e+000  0.000000e+000  0.000000e+000  0.000000e+000  0.000000e+000  0.000000e+000  0.000000e+000  0.000000e+000  0.000000e+000  0.000000e+000  0.000000e+000  0.000000e+000  0.000000e+000  0.000000e+000  0.000000e+000  0.000000e+000  0.000000e+000  0.000000e+000  0.000000e+000  0.000000e+000  0.000000e+000  
0.000000e+000  0.000000e+000  0.000000e+000  0.000000e+000  0.000000e+000  0.000000e+000  0.000000e+000  0.000000e+000  0.000000e+000  0.000000e+000  0.000000e+000  0.000000e+000  0.000000e+000  0.000000e+000  0.000000e+000  0.000000e+000  0.000000e+000  0.000000e+000  0.000000e+000  0.000000e+000  0.000000e+000  0.000000e+000  0.000000e+000  
0.000000e+000  0.000000e+000  0.000000e+000  0.000000e+000  0.000000e+000  0.000000e+000  0.000000e+000  0.000000e+000  0.000000e+000  0.000000e+000  0.000000e+000  0.000000e+000  0.000000e+000  0.000000e+000  0.000000e+000  0.000000e+000  0.000000e+000  0.000000e+000  0.000000e+000  0.000000e+000  0.000000e+000  0.000000e+000  0.000000e+000  
0.000000e+000  0.000000e+000  0.000000e+000  0.000000e+000  0.000000e+000  0.000000e+000  0.000000e+000  0.000000e+000  0.000000e+000  0.000000e+000  0.000000e+000  0.000000e+000  0.000000e+000  0.000000e+000  0.000000e+000  0.000000e+000  0.000000e+000  0.000000e+000  0.000000e+000  0.000000e+000  0.000000e+000  0.000000e+000  0.000000e+000  
0.000000e+000  0.000000e+000  0.000000e+000  0.000000e+000  0.000000e+000  0.000000e+000  0.000000e+000  0.000000e+000  0.000000e+000  0.000000e+000  0.000000e+000  0.000000e+000  0.000000e+000  0.000000e+000  0.000000e+000  0.000000e+000  0.000000e+000  0.000000e+000  0.000000e+000  0.000000e+000  0.000000e+000  0.000000e+000  0.000000e+000  
0.000000e+000  0.000000e+000  0.000000e+000  0.000000e+000  0.000000e+000  0.000000e+000  0.000000e+000  0.000000e+000  0.000000e+000  0.000000e+000  0.000000e+000  0.000000e+000  0.000000e+000  0.000000e+000  0.000000e+000  0.000000e+000  0.000000e+000  0.000000e+000  0.000000e+000  0.000000e+000  0.000000e+000  0.000000e+000  0.000000e+000  
0.000000e+000  0.000000e+000  0.000000e+000  0.000000e+000  0.000000e+000  0.000000e+000  0.000000e+000  0.000000e+000  0.000000e+000  0.000000e+000  0.000000e+000  0.000000e+000  0.000000e+000  0.000000e+000  0.000000e+000  0.000000e+000  0.000000e+000  0.000000e+000  0.000000e+000  0.000000e+000  0.000000e+000  0.000000e+000  0.000000e+000  
0.000000e+000  0.000000e+000  0.000000e+000  0.000000e+000  0.000000e+000  0.000000e+000  0.000000e+000  0.000000e+000  0.000000e+000  0.000000e+000  0.000000e+000  0.000000e+000  0.000000e+000  0.000000e+000  0.000000e+000  0.000000e+000  0.000000e+000  0.000000e+000  0.000000e+000  0.000000e+000  0.000000e+000  0.000000e+000  0.000000e+000  
0.000000e+000  0.000000e+000  0.000000e+000  0.000000e+000  0.000000e+000  0.000000e+000  0.000000e+000  0.000000e+000  0.000000e+000  0.000000e+000  0.000000e+000  0.000000e+000  0.000000e+000  0.000000e+000  0.000000e+000  0.000000e+000  0.000000e+000  0.000000e+000  0.000000e+000  0.000000e+000  0.000000e+000  0.000000e+000  0.000000e+000  
0.000000e+000  0.000000e+000  0.000000e+000  0.000000e+000  0.000000e+000  0.000000e+000  0.000000e+000  0.000000e+000  0.000000e+000  0.000000e+000  0.000000e+000  0.000000e+000  0.000000e+000  0.000000e+000  0.000000e+000  0.000000e+000  0.000000e+000  0.000000e+000  0.000000e+000  0.000000e+000  0.000000e+000  0.000000e+000  0.000000e+000  
0.000000e+000  0.000000e+000  0.000000e+000  0.000000e+000  0.000000e+000  0.000000e+000  0.000000e+000  0.000000e+000  0.000000e+000  0.000000e+000  0.000000e+000  0.000000e+000  0.000000e+000  0.000000e+000  0.000000e+000  0.000000e+000  0.000000e+000  0.000000e+000  0.000000e+000  0.000000e+000  0.000000e+000  0.000000e+000  0.000000e+000  
0.000000e+000  0.000000e+000  0.000000e+000  0.000000e+000  0.000000e+000  0.000000e+000  0.000000e+000  0.000000e+000  0.000000e+000  0.000000e+000  0.000000e+000  0.000000e+000  0.000000e+000  0.000000e+000  0.000000e+000  0.000000e+000  0.000000e+000  0.000000e+000  0.000000e+000  0.000000e+000  0.000000e+000  0.000000e+000  0.000000e+000  
0.000000e+000  0.000000e+000  0.000000e+000  0.000000e+000  0.000000e+000  0.000000e+000  0.000000e+000  0.000000e+000  0.000000e+000  0.000000e+000  0.000000e+000  0.000000e+000  0.000000e+000  0.000000e+000  0.000000e+000  0.000000e+000  0.000000e+000  0.000000e+000  0.000000e+000  0.000000e+000  0.000000e+000  0.000000e+000  0.000000e+000  
0.000000e+000  0.000000e+000  0.000000e+000  0.000000e+000  0.000000e+000  0.000000e+000  0.000000e+000  0.000000e+000  0.000000e+000  0.000000e+000  0.000000e+000  0.000000e+000  0.000000e+000  0.000000e+000  0.000000e+000  0.000000e+000  0.000000e+000  0.000000e+000  0.000000e+000  0.000000e+000  0.000000e+000  0.000000e+000  0.000000e+000  
0.000000e+000  0.000000e+000  0.000000e+000  0.000000e+000  0.000000e+000  0.000000e+000  0.000000e+000  0.000000e+000  0.000000e+000  0.000000e+000  0.000000e+000  0.000000e+000  0.000000e+000  0.000000e+000  0.000000e+000  0.000000e+000  0.000000e+000  0.000000e+000  0.000000e+000  0.000000e+000  0.000000e+000  0.000000e+000  0.000000e+000  
0.000000e+000  0.000000e+000  0.000000e+000  0.000000e+000  0.000000e+000  0.000000e+000  0.000000e+000  0.000000e+000  0.000000e+000  0.000000e+000  0.000000e+000  0.000000e+000  0.000000e+000  0.000000e+000  0.000000e+000  0.000000e+000  0.000000e+000  0.000000e+000  0.000000e+000  0.000000e+000  0.000000e+000  0.000000e+000  0.000000e+000  
0.000000e+000  0.000000e+000  0.000000e+000  0.000000e+000  0.000000e+000  0.000000e+000  0.000000e+000  0.000000e+000  0.000000e+000  0.000000e+000  0.000000e+000  0.000000e+000  0.000000e+000  0.000000e+000  0.000000e+000  0.000000e+000  0.000000e+000  0.000000e+000  0.000000e+000  0.000000e+000  0.000000e+000  0.000000e+000  0.000000e+000  
0.000000e+000  0.000000e+000  0.000000e+000  0.000000e+000  0.000000e+000  0.000000e+000  0.000000e+000  0.000000e+000  0.000000e+000  0.000000e+000  0.000000e+000  0.000000e+000  0.000000e+000  0.000000e+000  0.000000e+000  0.000000e+000  0.000000e+000  0.000000e+000  0.000000e+000  0.000000e+000  0.000000e+000  0.000000e+000  0.000000e+000  
0.000000e+000  0.000000e+000  0.000000e+000  0.000000e+000  0.000000e+000  0.000000e+000  0.000000e+000  0.000000e+000  0.000000e+000  0.000000e+000  0.000000e+000  0.000000e+000  0.000000e+000  0.000000e+000  0.000000e+000  0.000000e+000  0.000000e+000  0.000000e+000  0.000000e+000  0.000000e+000  0.000000e+000  0.000000e+000  0.000000e+000  
0.000000e+000  0.000000e+000  0.000000e+000  0.000000e+000  0.000000e+000  0.000000e+000  0.000000e+000  0.000000e+000  0.000000e+000  0.000000e+000  0.000000e+000  0.000000e+000  0.000000e+000  0.000000e+000  0.000000e+000  0.000000e+000  0.000000e+000  0.000000e+000  0.000000e+000  0.000000e+000  0.000000e+000  0.000000e+000  0.000000e+000  
0.000000e+000  0.000000e+000  0.000000e+000  0.000000e+000  0.000000e+000  0.000000e+000  0.000000e+000  0.000000e+000  0.000000e+000  0.000000e+000  0.000000e+000  0.000000e+000  0.000000e+000  0.000000e+000  0.000000e+000  0.000000e+000  0.000000e+000  0.000000e+000  0.000000e+000  0.000000e+000  0.000000e+000  0.000000e+000  0.000000e+000  
0.000000e+000  0.000000e+000  0.000000e+000  0.000000e+000  0.000000e+000  0.000000e+000  0.000000e+000  0.000000e+000  0.000000e+000  0.000000e+000  0.000000e+000  0.000000e+000  0.000000e+000  0.000000e+000  0.000000e+000  0.000000e+000  0.000000e+000  0.000000e+000  0.000000e+000  0.000000e+000  0.000000e+000  0.000000e+000  0.000000e+000  

0.000000e+000  0.000000e+000  0.000000e+000  0.000000e+000  0.000000e+000  0.000000e+000  0.000000e+000  0.000000e+000  0.000000e+000  0.000000e+000  0.000000e+000  0.000000e+000  0.000000e+000  0.000000e+000  0.000000e+000  0.000000e+000  0.000000e+000  0.000000e+000  0.000000e+000  0.000000e+000  0.000000e+000  0.000000e+000  0.000000e+000  
0.000000e+000  0.000000e+000  0.000000e+000  0.000000e+000  0.000000e+000  0.000000e+000  0.000000e+000  0.000000e+000  0.000000e+000  0.000000e+000  0.000000e+000  0.000000e+000  0.000000e+000  0.000000e+000  0.000000e+000  0.000000e+000  0.000000e+000  0.000000e+000  0.000000e+000  0.000000e+000  0.000000e+000  0.000000e+000  0.000000e+000  
0.000000e+000  0.000000e+000  0.000000e+000  0.000000e+000  0.000000e+000  0.000000e+000  0.000000e+000  0.000000e+000  0.000000e+000  0.000000e+000  0.000000e+000  0.000000e+000  0.000000e+000  0.000000e+000  0.000000e+000  0.000000e+000  0.000000e+000  0.000000e+000  0.000000e+000  0.000000e+000  0.000000e+000  0.000000e+000  0.000000e+000  
0.000000e+000  0.000000e+000  0.000000e+000  0.000000e+000  0.000000e+000  0.000000e+000  0.000000e+000  0.000000e+000  0.000000e+000  0.000000e+000  0.000000e+000  0.000000e+000  0.000000e+000  0.000000e+000  0.000000e+000  0.000000e+000  0.000000e+000  0.000000e+000  0.000000e+000  0.000000e+000  0.000000e+000  0.000000e+000  0.000000e+000  
0.000000e+000  0.000000e+000  0.000000e+000  0.000000e+000  0.000000e+000  0.000000e+000  0.000000e+000  0.000000e+000  0.000000e+000  0.000000e+000  0.000000e+000  0.000000e+000  0.000000e+000  0.000000e+000  0.000000e+000  0.000000e+000  0.000000e+000  0.000000e+000  0.000000e+000  0.000000e+000  0.000000e+000  0.000000e+000  0.000000e+000  
0.000000e+000  0.000000e+000  0.000000e+000  0.000000e+000  0.000000e+000  0.000000e+000  0.000000e+000  0.000000e+000  0.000000e+000  0.000000e+000  0.000000e+000  0.000000e+000  0.000000e+000  0.000000e+000  0.000000e+000  0.000000e+000  0.000000e+000  0.000000e+000  0.000000e+000  0.000000e+000  0.000000e+000  0.000000e+000  0.000000e+000  
0.000000e+000  0.000000e+000  0.000000e+000  0.000000e+000  0.000000e+000  0.000000e+000  0.000000e+000  0.000000e+000  0.000000e+000  0.000000e+000  0.000000e+000  0.000000e+000  0.000000e+000  0.000000e+000  0.000000e+000  0.000000e+000  0.000000e+000  0.000000e+000  0.000000e+000  0.000000e+000  0.000000e+000  0.000000e+000  0.000000e+000  
0.000000e+000  0.000000e+000  0.000000e+000  0.000000e+000  0.000000e+000  0.000000e+000  0.000000e+000  0.000000e+000  0.000000e+000  0.000000e+000  0.000000e+000  0.000000e+000  0.000000e+000  0.000000e+000  0.000000e+000  0.000000e+000  0.000000e+000  0.000000e+000  0.000000e+000  0.000000e+000  0.000000e+000  0.000000e+000  0.000000e+000  
0.000000e+000  0.000000e+000  0.000000e+000  0.000000e+000  0.000000e+000  0.000000e+000  0.000000e+000  0.000000e+000  0.000000e+000  0.000000e+000  0.000000e+000  0.000000e+000  0.000000e+000  0.000000e+000  0.000000e+000  0.000000e+000  0.000000e+000  0.000000e+000  0.000000e+000  0.000000e+000  0.000000e+000  0.000000e+000  0.000000e+000  
0.000000e+000  0.000000e+000  0.000000e+000  0.000000e+000  0.000000e+000  0.000000e+000  0.000000e+000  0.000000e+000  0.000000e+000  0.000000e+000  0.000000e+000  0.000000e+000  0.000000e+000  0.000000e+000  0.000000e+000  0.000000e+000  0.000000e+000  0.000000e+000  0.000000e+000  0.000000e+000  0.000000e+000  0.000000e+000  0.000000e+000  
0.000000e+000  0.000000e+000  0.000000e+000  0.000000e+000  0.000000e+000  0.000000e+000  0.000000e+000  0.000000e+000  0.000000e+000  0.000000e+000  0.000000e+000  0.000000e+000  0.000000e+000  0.000000e+000  0.000000e+000  0.000000e+000  0.000000e+000  0.000000e+000  0.000000e+000  0.000000e+000  0.000000e+000  0.000000e+000  0.000000e+000  
0.000000e+000  0.000000e+000  0.000000e+000  0.000000e+000  0.000000e+000  0.000000e+000  0.000000e+000  0.000000e+000  0.000000e+000  0.000000e+000  0.000000e+000  0.000000e+000  0.000000e+000  0.000000e+000  0.000000e+000  0.000000e+000  0.000000e+000  0.000000e+000  0.000000e+000  0.000000e+000  0.000000e+000  0.000000e+000  0.000000e+000  
0.000000e+000  0.000000e+000  0.000000e+000  0.000000e+000  0.000000e+000  0.000000e+000  0.000000e+000  0.000000e+000  0.000000e+000  0.000000e+000  0.000000e+000  0.000000e+000  0.000000e+000  0.000000e+000  0.000000e+000  0.000000e+000  0.000000e+000  0.000000e+000  0.000000e+000  0.000000e+000  0.000000e+000  0.000000e+000  0.000000e+000  
0.000000e+000  0.000000e+000  0.000000e+000  0.000000e+000  0.000000e+000  0.000000e+000  0.000000e+000  0.000000e+000  0.000000e+000  0.000000e+000  0.000000e+000  0.000000e+000  0.000000e+000  0.000000e+000  0.000000e+000  0.000000e+000  0.000000e+000  0.000000e+000  0.000000e+000  0.000000e+000  0.000000e+000  0.000000e+000  0.000000e+000  
0.000000e+000  0.000000e+000  0.000000e+000  0.000000e+000  0.000000e+000  0.000000e+000  0.000000e+000  0.000000e+000  0.000000e+000  0.000000e+000  0.000000e+000  0.000000e+000  0.000000e+000  0.000000e+000  0.000000e+000  0.000000e+000  0.000000e+000  0.000000e+000  0.000000e+000  0.000000e+000  0.000000e+000  0.000000e+000  0.000000e+000  
0.000000e+000  0.000000e+000  0.000000e+000  0.000000e+000  0.000000e+000  0.000000e+000  0.000000e+000  0.000000e+000  0.000000e+000  0.000000e+000  0.000000e+000  0.000000e+000  0.000000e+000  0.000000e+000  0.000000e+000  0.000000e+000  0.000000e+000  0.000000e+000  0.000000e+000  0.000000e+000  0.000000e+000  0.000000e+000  0.000000e+000  
0.000000e+000  0.000000e+000  0.000000e+000  0.000000e+000  0.000000e+000  0.000000e+000  0.000000e+000  0.000000e+000  0.000000e+000  0.000000e+000  0.000000e+000  0.000000e+000  0.000000e+000  0.000000e+000  0.000000e+000  0.000000e+000  0.000000e+000  0.000000e+000  0.000000e+000  0.000000e+000  0.000000e+000  0.000000e+000  0.000000e+000  
0.000000e+000  0.000000e+000  0.000000e+000  0.000000e+000  0.000000e+000  0.000000e+000  0.000000e+000  0.000000e+000  0.000000e+000  0.000000e+000  0.000000e+000  0.000000e+000  0.000000e+000  0.000000e+000  0.000000e+000  0.000000e+000  0.000000e+000  0.000000e+000  0.000000e+000  0.000000e+000  0.000000e+000  0.000000e+000  0.000000e+000  
0.000000e+000  0.000000e+000  0.000000e+000  0.000000e+000  0.000000e+000  0.000000e+000  0.000000e+000  0.000000e+000  0.000000e+000  0.000000e+000  0.000000e+000  0.000000e+000  0.000000e+000  0.000000e+000  0.000000e+000  0.000000e+000  0.000000e+000  0.000000e+000  0.000000e+000  0.000000e+000  0.000000e+000  0.000000e+000  0.000000e+000  
0.000000e+000  0.000000e+000  0.000000e+000  0.000000e+000  0.000000e+000  0.000000e+000  0.000000e+000  0.000000e+000  0.000000e+000  0.000000e+000  0.000000e+000  0.000000e+000  0.000000e+000  0.000000e+000  0.000000e+000  0.000000e+000  0.000000e+000  0.000000e+000  0.000000e+000  0.000000e+000  0.000000e+000  0.000000e+000  0.000000e+000  
0.000000e+000  0.000000e+000  0.000000e+000  0.000000e+000  0.000000e+000  0.000000e+000  0.000000e+000  0.000000e+000  0.000000e+000  0.000000e+000  0.000000e+000  0.000000e+000  0.000000e+000  0.000000e+000  0.000000e+000  0.000000e+000  0.000000e+000  0.000000e+000  0.000000e+000  0.000000e+000  0.000000e+000  0.000000e+000  0.000000e+000  
0.000000e+000  0.000000e+000  0.000000e+000  0.000000e+000  0.000000e+000  0.000000e+000  0.000000e+000  0.000000e+000  0.000000e+000  0.000000e+000  0.000000e+000  0.000000e+000  0.000000e+000  0.000000e+000  0.000000e+000  0.000000e+000  0.000000e+000  0.000000e+000  0.000000e+000  0.000000e+000  0.000000e+000  0.000000e+000  0.000000e+000  
0.000000e+000  0.000000e+000  0.000000e+000  0.000000e+000  0.000000e+000  0.000000e+000  0.000000e+000  0.000000e+000  0.000000e+000  0.000000e+000  0.000000e+000  0.000000e+000  0.000000e+000  0.000000e+000  0.000000e+000  0.000000e+000  0.000000e+000  0.000000e+000  0.000000e+000  0.000000e+000  0.000000e+000  0.000000e+000  0.000000e+000  

-0.000000e+000  -0.000000e+000  -0.000000e+000  -0.000000e+000  -0.000000e+000  -0.000000e+000  -0.000000e+000  -0.000000e+000  -0.000000e+000  -0.000000e+000  -0.000000e+000  -0.000000e+000  -0.000000e+000  -0.000000e+000  -0.000000e+000  -0.000000e+000  -0.000000e+000  -0.000000e+000  -0.000000e+000  -0.000000e+000  -0.000000e+000  -0.000000e+000  -0.000000e+000  
-0.000000e+000  6.774500e+000  1.354951e+001  2.056134e+001  2.766738e+001  2.583894e+001  2.139159e+001  1.385664e+001  9.532633e+000  6.986514e+000  5.491982e+000  4.536456e+000  5.492530e+000  6.987297e+000  9.533623e+000  1.385781e+001  2.139296e+001  2.584041e+001  2.766886e+001  2.056252e+001  1.355032e+001  6.774907e+000  -0.000000e+000  
-0.000000e+000  1.354962e+001  2.686446e+001  3.186805e+001  2.485575e+001  2.171962e+001  1.836815e+001  1.486928e+001  1.195361e+001  9.766588e+000  8.272515e+000  7.161256e+000  8.273710e+000  9.768270e+000  1.195568e+001  1.487161e+001  1.837063e+001  2.172214e+001  2.485822e+001  3.187029e+001  2.686610e+001  1.355044e+001  -0.000000e+000  
-0.000000e+000  2.056177e+001  3.186834e+001  2.646277e+001  2.105706e+001  1.846142e+001  1.593410e+001  1.354888e+001  1.145991e+001  9.774726e+000  8.550426e+000  7.562252e+000  8.552570e+000  9.777723e+000  1.146351e+001  1.355282e+001  1.593812e+001  1.846533e+001  2.106073e+001  2.646579e+001  3.187065e+001  2.056302e+001  -0.000000e+000  
-0.000000e+000  2.766869e+001  2.485654e+001  2.105731e+001  1.697218e+001  1.492968e+001  1.293149e+001  1.104334e+001  9.350861e+000  7.939226e+000  6.880999e+000  5.984663e+000  6.884672e+000  7.944510e+000  9.357131e+000  1.104989e+001  1.293781e+001  1.493547e+001  1.697733e+001  2.106113e+001  2.485920e+001  2.767032e+001  -0.000000e+000  
-0.000000e+000  2.584125e+001  2.172068e+001  1.846170e+001  1.492960e+001  1.309728e+001  1.126507e+001  9.496998e+000  7.875034e+000  6.491326e+000  5.436193e+000  4.522210e+000  5.440857e+000  6.498690e+000  7.883692e+000  9.505633e+000  1.127296e+001  1.310418e+001  1.493550e+001  1.846586e+001  2.172347e+001  2.584291e+001  -0.000000e+000  
-0.000000e+000  2.139554e+001  1.836936e+001  1.593430e+001  1.293115e+001  1.126472e+001  9.534461e+000  7.804527e+000  6.160925e+000  4.714832e+000  3.592610e+000  2.601585e+000  3.598021e+000  4.725679e+000  6.173288e+000  7.815960e+000  9.544195e+000  1.127276e+001  1.293773e+001  1.593871e+001  1.837221e+001  2.139716e+001  -0.000000e+000  
-0.000000e+000  1.385877e+001  1.487020e+001  1.354888e+001  1.104257e+001  9.495956e+000  7.803503e+000  6.025699e+000  4.249287e+000  2.614451e+000  1.331211e+000  1.840871e-001  1.335547e+000  2.632703e+000  4.267802e+000  6.040698e+000  7.815067e+000  9.504890e+000  1.104957e+001  1.355339e+001  1.487303e+001  1.386025e+001  -0.000000e+000  
-0.000000e+000  9.533792e+000  1.195419e+001  1.145966e+001  9.349602e+000  7.872998e+000  6.157870e+000  4.245460e+000  2.196061e+000  1.624648e-001  -0.000000e+000  -0.000000e+000  -0.000000e+000  2.017769e-001  2.224506e+000  4.263944e+000  6.170462e+000  7.882141e+000  9.356543e+000  1.146406e+001  1.195692e+001  9.535160e+000  -0.000000e+000  
-0.000000e+000  6.987132e+000  9.766864e+000  9.774285e+000  7.937650e+000  6.488539e+000  4.709499e+000  2.602199e+000  1.270244e-001  -0.000000e+000  -0.000000e+000  -0.000000e+000  -0.000000e+000  -0.000000e+000  1.644954e-001  2.620096e+000  4.720676e+000  6.496643e+000  7.943919e+000  9.778367e+000  9.769413e+000  6.988391e+000  -0.000000e+000  
-0.000000e+000  5.492300e+000  8.272588e+000  8.549894e+000  6.879536e+000  5.433989e+000  3.589375e+000  1.326802e+000  -0.000000e+000  -0.000000e+000  -0.000000e+000  -0.000000e+000  -0.000000e+000  -0.000000e+000  -0.000000e+000  1.331261e+000  3.595488e+000  5.439816e+000  6.884640e+000  8.553492e+000  8.274898e+000  5.493443e+000  -0.000000e+000  
-0.000000e+000  4.536594e+000  7.161195e+000  7.561782e+000  5.983981e+000  4.522040e+000  2.602971e+000  1.893731e-001  -0.000000e+000  -0.000000e+000  -0.000000e+000  -0.000000e+000  -0.000000e+000  -0.000000e+000  -0.000000e+000  1.895474e-001  2.604782e+000  4.524623e+000  5.986811e+000  7.564247e+000  7.162935e+000  4.537486e+000  -0.000000e+000  
-0.000000e+000  5.492823e+000  8.273726e+000  8.551964e+000  6.883124e+000  5.438546e+000  3.594647e+000  1.330999e+000  -0.000000e+000  -0.000000e+000  -0.000000e+000  -0.000000e+000  -0.000000e+000  -0.000000e+000  -0.000000e+000  1.331322e+000  3.595622e+000  5.439985e+000  6.884822e+000  8.553658e+000  8.275020e+000  5.493509e+000  -0.000000e+000  
-0.000000e+000  6.987882e+000  9.768452e+000  9.777170e+000  7.942822e+000  6.495755e+000  4.720092e+000  2.619851e+000  1.644865e-001  -0.000000e+000  -0.000000e+000  -0.000000e+000  -0.000000e+000  -0.000000e+000  1.645129e-001  2.620270e+000  4.720929e+000  6.496932e+000  7.944216e+000  9.778625e+000  9.769602e+000  6.988493e+000  -0.000000e+000  
-0.000000e+000  9.534747e+000  1.195611e+001  1.146311e+001  9.355755e+000  7.881541e+000  6.170099e+000  4.263818e+000  2.224537e+000  2.017922e-001  -0.000000e+000  -0.000000e+000  -0.000000e+000  2.018077e-001  2.224752e+000  4.264306e+000  6.170880e+000  7.882576e+000  9.356970e+000  1.146442e+001  1.195718e+001  9.535302e+000  -0.000000e+000  
-0.000000e+000  1.385993e+001  1.487232e+001  1.355261e+001  1.104902e+001  9.504532e+000  7.814927e+000  6.040772e+000  4.268046e+000  2.633036e+000  1.335864e+000  1.842684e-001  1.335924e+000  2.633198e+000  4.268374e+000  6.041310e+000  7.815689e+000  9.505498e+000  1.105014e+001  1.355385e+001  1.487337e+001  1.386044e+001  -0.000000e+000  
-0.000000e+000  2.139695e+001  1.837152e+001  1.593803e+001  1.293737e+001  1.127261e+001  9.544280e+000  7.816277e+000  6.173827e+000  4.726433e+000  3.599024e+000  2.603559e+000  3.599157e+000  4.726680e+000  6.174223e+000  7.816851e+000  9.545043e+000  1.127356e+001  1.293847e+001  1.593930e+001  1.837263e+001  2.139741e+001  -0.000000e+000  
-0.000000e+000  2.584293e+001  2.172267e+001  1.846520e+001  1.493530e+001  1.310423e+001  1.127327e+001  9.506204e+000  7.884532e+000  6.499832e+000  5.442389e+000  4.525076e+000  5.442565e+000  6.500126e+000  7.884968e+000  9.506804e+000  1.127405e+001  1.310518e+001  1.493641e+001  1.846656e+001  2.172397e+001  2.584321e+001  -0.000000e+000  
-0.000000e+000  2.767085e+001  2.485806e+001  2.106041e+001  1.697726e+001  1.493571e+001  1.293834e+001  1.105071e+001  9.358239e+000  7.945953e+000  6.886546e+000  5.987879e+000  6.886744e+000  7.946271e+000  9.358696e+000  1.105132e+001  1.293912e+001  1.493668e+001  1.697842e+001  2.106196e+001  2.485978e+001  2.767066e+001  -0.000000e+000  
-0.000000e+000  2.056763e+001  3.186723e+001  2.646478e+001  2.106095e+001  1.846600e+001  1.593915e+001  1.355410e+001  1.146502e+001  9.779482e+000  8.554649e+000  7.565277e+000  8.554848e+000  9.779796e+000  1.146546e+001  1.355470e+001  1.593991e+001  1.846697e+001  2.106219e+001  2.646684e+001  3.187137e+001  2.056337e+001  -0.000000e+000  
-0.000000e+000  1.355146e+001  2.686532e+001  3.187018e+001  2.485917e+001  2.172363e+001  1.837253e+001  1.487349e+001  1.195749e+001  9.770062e+000  8.275591e+000  7.163635e+000  8.275750e+000  9.770313e+000  1.195784e+001  1.487396e+001  1.837314e+001  2.172439e+001  2.486010e+001  3.187153e+001  2.686683e+001  1.355076e+001  -0.000000e+000  
-0.000000e+000  6.775152e+000  1.355028e+001  2.056290e+001  2.767049e+001  2.584319e+001  2.139750e+001  1.386055e+001  9.535466e+000  6.988713e+000  5.493779e+000  4.537835e+000  5.493869e+000  6.988855e+000  9.535669e+000  1.386083e+001  2.139787e+001  2.584365e+001  2.767103e+001  2.056353e+001  1.355080e+001  6.775109e+000  -0.000000e+000  
-0.000000e+000  -0.000000e+000  -0.000000e+000  -0.000000e+000  -0.000000e+000  -0.000000e+000  -0.000000e+000  -0.000000e+000  -0.000000e+000  -0.000000e+000  -0.000000e+000  -0.000000e+000  -0.000000e+000  -0.000000e+000  -0.000000e+000  -0.000000e+000  -0.000000e+000  -0.000000e+000  -0.000000e+000  -0.000000e+000  -0.000000e+000  -0.000000e+000  -0.000000e+000  

