14/Aug/2020 20:40:54  *** Warning ***
                      
                      This software is licensed for educational purposes only.
                      
                      ------------------------------------------------------------------------------
14/Aug/2020 20:41:01  Solver started at: 08:41 PM Friday, 14. August 2020 (GMT Summer Time)
                      
                        Module:  Eigenmodes (Win 64)
                        Version: 2019.7 Release from 2019-07-05 (change 706060)
                      
                      ------------------------------------------------------------------------------
14/Aug/2020 20:41:01  Units settings: 
                      
                        Dimensions: mm
                        Frequency:  GHz
                        Time:       ns
                      
                      ------------------------------------------------------------------------------
14/Aug/2020 20:42:19  Mesh statistics:
                      
                         Hexahedral mesh type: PBA [Version: legacy]
                      
                         Parallelization type: domain decomposition
                            Number of parallel working threads: 4
                            Number of calculation domains used: 8
                      
                         PBA fill limit: 88.17% (inverse)
14/Aug/2020 20:41:33     current system memory usage reached 80%
14/Aug/2020 20:41:31     current system memory usage reached 80%

14/Aug/2020 20:42:20  Boundary conditions: 
                      
                        YZsymmetry: none
                        XZsymmetry: none
                        XYsymmetry: none
                      
                        Xmin: electric
                        Xmax: electric
                      
                        Ymin: electric
                        Ymax: electric
                      
                        Zmin: electric
                        Zmax: electric
                      
                      ------------------------------------------------------------------------------
14/Aug/2020 20:42:21  Eigenmode solver settings:
                      
                        Mesh: Hexahedral
                        Method: AKS
                        Max. number of iterations: 2
                        Max. estimation iterations: 5
                        Desired accuracy: 1.000000e-12
                        Number of modes: 10
                        Consider losses: no (perturbation method)
                      
                      ------------------------------------------------------------------------------
14/Aug/2020 20:42:21  Estimation frequency: 2.35604 GHz
                      
                      ------------------------------------------------------------------------------
14/Aug/2020 20:44:26  Results after 1. iteration:
                      
                        Mode	Frequency
14/Aug/2020 20:44:26      1	8.6686e+01 GHz
14/Aug/2020 20:44:26      2	8.7027e+01 GHz
14/Aug/2020 20:44:26      3	8.7265e+01 GHz
14/Aug/2020 20:44:26      4	8.7616e+01 GHz
14/Aug/2020 20:44:26      5	8.7632e+01 GHz
14/Aug/2020 20:44:26      6	8.7759e+01 GHz
14/Aug/2020 20:44:26      7	8.7820e+01 GHz
14/Aug/2020 20:44:26      8	8.7891e+01 GHz
14/Aug/2020 20:44:26      9	8.8900e+01 GHz
14/Aug/2020 20:44:26     10	8.9099e+01 GHz

                      ------------------------------------------------------------------------------
14/Aug/2020 20:44:26  AKS Restart (1 of max. 5)
                      Estimation frequency: 81.336 GHz
                      
                      
                      ------------------------------------------------------------------------------
14/Aug/2020 20:44:37  Results after 1. iteration:
                      
                        Mode	Frequency
14/Aug/2020 20:44:37      1	4.8208e+00 GHz
14/Aug/2020 20:44:37      2	8.1738e+00 GHz
14/Aug/2020 20:44:37      3	1.1943e+01 GHz
14/Aug/2020 20:44:37      4	1.6076e+01 GHz
14/Aug/2020 20:44:37      5	2.0098e+01 GHz
14/Aug/2020 20:44:37      6	2.4338e+01 GHz
14/Aug/2020 20:44:37      7	2.8760e+01 GHz
14/Aug/2020 20:44:37      8	3.3568e+01 GHz
14/Aug/2020 20:44:37      9	3.8736e+01 GHz
14/Aug/2020 20:44:37     10	4.5376e+01 GHz

                      ------------------------------------------------------------------------------
14/Aug/2020 20:44:37  AKS Restart (2 of max. 5)
                      Estimation frequency: 41.4226 GHz
                      
                      
                      ------------------------------------------------------------------------------
14/Aug/2020 20:44:51  Results after 1. iteration:
                      
                        Mode	Frequency
14/Aug/2020 20:44:51      1	3.3341e+00 GHz
14/Aug/2020 20:44:51      2	4.6175e+00 GHz
14/Aug/2020 20:44:51      3	6.4110e+00 GHz
14/Aug/2020 20:44:51      4	8.2785e+00 GHz
14/Aug/2020 20:44:51      5	1.0290e+01 GHz
14/Aug/2020 20:44:51      6	1.2509e+01 GHz
14/Aug/2020 20:44:51      7	1.4735e+01 GHz
14/Aug/2020 20:44:51      8	1.7147e+01 GHz
14/Aug/2020 20:44:51      9	1.9810e+01 GHz
14/Aug/2020 20:44:51     10	2.3245e+01 GHz

                      ------------------------------------------------------------------------------
14/Aug/2020 20:44:51  AKS Restart (3 of max. 5)
                      Estimation frequency: 21.2196 GHz
                      
                      
                      ------------------------------------------------------------------------------
14/Aug/2020 20:45:09  Results after 1. iteration:
                      
                        Mode	Frequency
14/Aug/2020 20:45:09      1	2.9686e+00 GHz
14/Aug/2020 20:45:09      2	3.5280e+00 GHz
14/Aug/2020 20:45:09      3	4.3024e+00 GHz
14/Aug/2020 20:45:09      4	5.0794e+00 GHz
14/Aug/2020 20:45:09      5	5.9333e+00 GHz
14/Aug/2020 20:45:09      6	6.8680e+00 GHz
14/Aug/2020 20:45:09      7	8.0844e+00 GHz
14/Aug/2020 20:45:09      8	9.2695e+00 GHz
14/Aug/2020 20:45:09      9	1.0497e+01 GHz
14/Aug/2020 20:45:09     10	1.2219e+01 GHz

                      ------------------------------------------------------------------------------
14/Aug/2020 20:45:09  AKS Restart (4 of max. 5)
                      Estimation frequency: 11.1546 GHz
                      
                      
                      ------------------------------------------------------------------------------
14/Aug/2020 20:45:41  Results after 1. iteration:
                      
                        Mode	Frequency
14/Aug/2020 20:45:41      1	2.9573e+00 GHz
14/Aug/2020 20:45:41      2	2.9946e+00 GHz
14/Aug/2020 20:45:41      3	3.4856e+00 GHz
14/Aug/2020 20:45:41      4	3.5819e+00 GHz
14/Aug/2020 20:45:41      5	4.1981e+00 GHz
14/Aug/2020 20:45:41      6	4.6541e+00 GHz
14/Aug/2020 20:45:41      7	4.9458e+00 GHz
14/Aug/2020 20:45:41      8	5.5567e+00 GHz
14/Aug/2020 20:45:41      9	6.3283e+00 GHz
14/Aug/2020 20:45:41     10	6.9371e+00 GHz

                      ------------------------------------------------------------------------------
14/Aug/2020 20:45:41  AKS Restart (5 of max. 5)
                      Estimation frequency: 6.33266 GHz
                      
                      
                      ------------------------------------------------------------------------------
14/Aug/2020 20:46:29  Results after 1. iteration:
                      
                        Mode	Frequency
14/Aug/2020 20:46:29      1	2.9570e+00 GHz
14/Aug/2020 20:46:29      2	2.9924e+00 GHz
14/Aug/2020 20:46:29      3	3.4503e+00 GHz
14/Aug/2020 20:46:29      4	3.5298e+00 GHz
14/Aug/2020 20:46:29      5	3.6306e+00 GHz
14/Aug/2020 20:46:29      6	3.9301e+00 GHz
14/Aug/2020 20:46:29      7	4.0555e+00 GHz
14/Aug/2020 20:46:29      8	4.2313e+00 GHz
14/Aug/2020 20:46:29      9	4.6488e+00 GHz
14/Aug/2020 20:46:29     10	4.8599e+00 GHz

                      ------------------------------------------------------------------------------
14/Aug/2020 20:47:06  Results after 2. iteration:
                      
                        Mode	Frequency
14/Aug/2020 20:47:06      1	1.6330e-06 GHz
14/Aug/2020 20:47:06      2	5.6322e-05 GHz
14/Aug/2020 20:47:06      3	2.1391e-01 GHz
14/Aug/2020 20:47:06      4	1.4076e+00 GHz
14/Aug/2020 20:47:06      5	2.9570e+00 GHz
14/Aug/2020 20:47:06      6	2.9570e+00 GHz
14/Aug/2020 20:47:06      7	2.9924e+00 GHz
14/Aug/2020 20:47:06      8	3.5298e+00 GHz
14/Aug/2020 20:47:06      9	3.5306e+00 GHz
14/Aug/2020 20:47:06     10	3.6306e+00 GHz
14/Aug/2020 20:47:06     11	4.0556e+00 GHz
14/Aug/2020 20:47:06     12	4.2313e+00 GHz
14/Aug/2020 20:47:06     13	4.6620e+00 GHz
14/Aug/2020 20:47:06     14	4.8487e+00 GHz
14/Aug/2020 20:47:06     15	5.0199e+00 GHz

                      ------------------------------------------------------------------------------
14/Aug/2020 20:47:22  *** Warning ***
                      
14/Aug/2020 20:47:22  The lowest Eigenmode frequency is greater than the upper frequency range limit. Please check the frequency range.
                      
                      ------------------------------------------------------------------------------
14/Aug/2020 20:47:22  Solver Results:
                      
                      --------------------------------------------------------------------------------
                      Mode    Frequency             |                     Accuracy                    
                                                    |     |(Ax-x)/x|       max(e)         div(e)      
                      --------------------------------------------------------------------------------
                        1  *  2.95702852016         |      1.001e-03      2.466e-01      2.734e-04 
                        2     2.9570292556          |      2.322e-05      6.916e-03      1.008e-05 
                        3     2.99241189073         |      3.913e-05      3.098e-03      1.286e-05 
                        4     3.52976680308         |      2.558e-05      4.894e-03      8.987e-06 
                        5  *  3.53061178875         |      2.355e-02      4.178e+00      5.695e-03 
                        6     3.63055292159         |      5.485e-05      5.120e-03      2.249e-05 
                        7     4.05560116521         |      1.045e-04      9.871e-03      4.553e-05 
                        8     4.23132406937         |      2.313e-04      1.588e-02      1.052e-04 
                        9  *  4.66202731283         |      2.077e-03      6.905e-01      7.494e-04 
                       10  *  4.84870009455         |      8.361e-03      6.728e-01      4.440e-03 
                      --------------------------------------------------------------------------------
                      
                      * = This mode has a bad accuracy.
                      
                      Optimum guess for the highest eigenfrequency would be: 4.8487.
                      
                      --------------------------------------------------------------------------------
                      
                      
                      ------------------------------------------------------------------------------
14/Aug/2020 20:47:22  Solver Statistics:
                      
                        ----------------------------------------------------------------------------
                                            Peak memory used (kB)         Free physical memory (kB) 
                                                                          At begin     Minimum      
                        ----------------------------------------------------------------------------
                        Matrices calc.      592773                        8383180      2159179      
                        Solver run total    379360                        4585296      3663488      
                      
                        Computer name       Phoenix15
                        ----------------------------------------------------------------------------
                      
                        Mesh generation time     :	79 s	 (= 0 h, 01 m, 19 s)
                        Solver time              :	286 s	 (= 0 h, 04 m, 46 s)
                      
                        Total time               :	365 s	 (= 0 h, 06 m, 05 s)
                      
                      
                      ------------------------------------------------------------------------------
