Port monitor named: Port2_e1[2.35].prt

nx        = 65
ny        = 29
nz        = 31

nu        = 5
nv        = 5
iu        = 14
iv        = 50

idir      = 1
dcut      = 2.505000e-002
icut      = 24
type      = 0
frequency = 2.350000e+009

fcutoff   = 0.000000e+000
alpha     = 0.000000e+000
beta      = 6.899409e+001
accuracy  = 4.458819e-015

type          = TEM
wave imp.     = 2.655774e+002
wave imp.sig. = 7.779895e-006
line imp.     = 5.425588e+001

ref. port     = 0

0.000000e+000  0.000000e+000  0.000000e+000  0.000000e+000  0.000000e+000  
-2.242467e+003  -2.044492e+003  2.044634e+003  2.242325e+003  0.000000e+000  
-4.287212e+003  -8.376571e+003  8.376571e+003  4.287212e+003  0.000000e+000  
-2.242325e+003  -2.044634e+003  2.044492e+003  2.242467e+003  0.000000e+000  
0.000000e+000  0.000000e+000  0.000000e+000  0.000000e+000  0.000000e+000  

0.000000e+000  -2.242466e+003  -4.287211e+003  -2.242325e+003  0.000000e+000  
0.000000e+000  -2.044492e+003  -8.376570e+003  -2.044634e+003  0.000000e+000  
0.000000e+000  2.044634e+003  8.376570e+003  2.044492e+003  0.000000e+000  
0.000000e+000  2.242325e+003  4.287211e+003  2.242466e+003  0.000000e+000  
0.000000e+000  0.000000e+000  0.000000e+000  0.000000e+000  0.000000e+000  

0.000000e+000  0.000000e+000  0.000000e+000  0.000000e+000  0.000000e+000  
0.000000e+000  0.000000e+000  0.000000e+000  0.000000e+000  0.000000e+000  
0.000000e+000  0.000000e+000  0.000000e+000  0.000000e+000  0.000000e+000  
0.000000e+000  0.000000e+000  0.000000e+000  0.000000e+000  0.000000e+000  
0.000000e+000  0.000000e+000  0.000000e+000  0.000000e+000  0.000000e+000  

0.000000e+000  0.000000e+000  0.000000e+000  0.000000e+000  0.000000e+000  
0.000000e+000  0.000000e+000  0.000000e+000  0.000000e+000  0.000000e+000  
0.000000e+000  0.000000e+000  0.000000e+000  0.000000e+000  0.000000e+000  
0.000000e+000  0.000000e+000  0.000000e+000  0.000000e+000  0.000000e+000  
0.000000e+000  0.000000e+000  0.000000e+000  0.000000e+000  0.000000e+000  

0.000000e+000  0.000000e+000  0.000000e+000  0.000000e+000  0.000000e+000  
0.000000e+000  0.000000e+000  0.000000e+000  0.000000e+000  0.000000e+000  
0.000000e+000  0.000000e+000  0.000000e+000  0.000000e+000  0.000000e+000  
0.000000e+000  0.000000e+000  0.000000e+000  0.000000e+000  0.000000e+000  
0.000000e+000  0.000000e+000  0.000000e+000  0.000000e+000  0.000000e+000  

0.000000e+000  0.000000e+000  0.000000e+000  0.000000e+000  0.000000e+000  
0.000000e+000  8.674220e+000  3.274705e+000  8.664123e+000  0.000000e+000  
0.000000e+000  3.274718e+000  0.000000e+000  3.274704e+000  0.000000e+000  
0.000000e+000  8.664126e+000  3.274705e+000  8.674217e+000  0.000000e+000  
0.000000e+000  0.000000e+000  0.000000e+000  0.000000e+000  0.000000e+000  

