10/Nov/2022 11:20:04  *** Warning ***
                      
                      This software is licensed for educational purposes only.
                      
                      ------------------------------------------------------------------------------
10/Nov/2022 11:20:48  *** Warning ***
                      
                      This software is licensed for educational purposes only.
                      
                      ------------------------------------------------------------------------------
10/Nov/2022 11:20:49  
                      Solver started at: 11:20 AM Thursday, 10. November 2022 (GMT Standard Time)
                      
                        Module:  Time Domain: S-Parameter (Win 64)
                        Version: 2019.7 Release from 2019-07-05 (change 706060)
                      

                      ------------------------------------------------------------------------------

                      ------------------------------------------------------------------------------
10/Nov/2022 11:20:49  ======================================================================
                       Solver cycle: 1
                      ======================================================================
                      
                      Stimulation at port 1 (mode 1) 
                      
                      
                      
                      ------------------------------------------------------------------------------
10/Nov/2022 11:20:49  Units settings: 
                      
                        Dimensions: mm
                        Frequency:  GHz
                        Time:       ns
                      
                      ------------------------------------------------------------------------------
10/Nov/2022 11:21:18  Mesh statistics:
                      
                         Hexahedral mesh type: PBA [Version: default]
                      
                         Parallelization type: domain decomposition
                            Number of parallel working threads: 2
                            Number of calculation domains used: 2
                      
                         Used point accuracy enhancement value: 67.00%.
                         PBA fill limit: 99.00% (inverse)
                         Used point accuracy enhancement value: 62.00%.
                         PBA fill limit: 98.81% (inverse)
                         Used point accuracy enhancement value: 55.00%.

10/Nov/2022 11:10:45     *** Warning ***  current system memory usage reached 90%

10/Nov/2022 11:10:51     *** Warning ***  current system memory usage reached 90%


10/Nov/2022 11:21:19  Using generalized port mode solver.
                      
                      ------------------------------------------------------------------------------
10/Nov/2022 11:21:19  Using electric shielding for port 1, 2.
                      
                      ------------------------------------------------------------------------------
10/Nov/2022 11:21:19  Boundary conditions: 
                      
                        YZsymmetry: none
                        XZsymmetry: none
                        XYsymmetry: none
                      
                        Xmin: electric
                        Xmax: electric
                      
                        Ymin: electric
                        Ymax: expanded open, 4 Layer, depth 33.8292 mm
                      
                        Zmin: electric
                        Zmax: electric
                      
                        PML-Type: Convolution PML
                      
                      ------------------------------------------------------------------------------
10/Nov/2022 11:21:19  Frequency settings: 
                      
                        Fmin:         1
                        Fmax:         4
                        Nfsteps(lin): 1001
                      
                      ------------------------------------------------------------------------------
10/Nov/2022 11:21:19  Waveguide boundaries:
                      
10/Nov/2022 11:21:19  Port: 1
                      
10/Nov/2022 11:21:19    -------------------------------- F-Calc 2.5 --------------------------------
                        Port   Mode   Type        Z-Wave        Z-Wave-Sigma  Z-Line        F-Cutoff
                        1      1      TEM         266           1.12e-010     54.3          0.0
                        ----------------------------------------------------------------------------
                      
10/Nov/2022 11:21:19  Port: 2
                      
10/Nov/2022 11:21:19    -------------------------------- F-Calc 2.5 --------------------------------
                        Port   Mode   Type        Z-Wave        Z-Wave-Sigma  Z-Line        F-Cutoff
                        2      1      TEM         266           1.59e-009     54.3          0.0
                        ----------------------------------------------------------------------------
                      
10/Nov/2022 11:21:20  Number of time steps considered by the port signal processing was limited to 1048577 for port 1.
                      
                      ------------------------------------------------------------------------------
10/Nov/2022 11:21:20  Number of time steps considered by the port signal processing was limited to 1048577 for port 2.
                      
                      ------------------------------------------------------------------------------
10/Nov/2022 11:21:20  Field update statistics:
                      
                        Number of components in total: 	689282
                        Number of TST elements:		112
                        Number of lossy metal components:	25030
                      
                      Subcycling state:      Automatically deactivated
                      
                      ------------------------------------------------------------------------------
10/Nov/2022 11:31:01  
                      --------------------------------------------------------------------------------
10/Nov/2022 11:31:01  Steady state energy criterion met, solver finished successfully.
                      
                      ------------------------------------------------------------------------------
10/Nov/2022 11:31:01  Frequency domain results normalized to default signal.
                      
                      
                      ------------------------------------------------------------------------------
10/Nov/2022 11:31:01  
                        ----------------------------------------------------------------------------
                                            Peak memory used (kB)         Free physical memory (kB) 
                                                                          At begin     Minimum      
                        ----------------------------------------------------------------------------
                        Matrices calc.      538085                        5173828      1070312      
                        Solver run total    77980                         1353568      349708       
                        ----------------------------------------------------------------------------
                      
                      --------------------------------------------------------------------------------
                      Solver Statistics:
                      
                        Hardware:
                           Computer name:                 	elecpc375 
                      
                           Number of CPU threads:               2
                           Hardware info:                  	Hardware Accelerator Device not activated
                      
                        Number of mesh cells:             	111112
                        Excitation duration:              	2.36969917e+000 ns 
                        Calculation time for excitation:  	3 	s
                        Number of calculated pulse widths:	252.307 
                        Steady state accuracy limit:      	-40	dB 
                        Simulated number of time steps:   	292200 
                        Maximum number of time steps:     	4887180 
                        Time step width:
                           without subcycles:             	2.04616949e-003 ns
                           used:                          	2.04616949e-003 ns
                      
                        Matrix calculation time:          	28 	s
                        Solver setup time:                	2 	s
                        Solver loop time:                 	578 	s
                        Solver post processing time:      	2 	s
                                                          	------------
                        Total solver time:                	610 	s  ( = 0 h, 10 m, 10 s )
                      
                      ------------------------------------------------------------------------------
10/Nov/2022 11:31:02  
                        Adaptive port meshing time:          	44     	s
                        Total solver time (all cycles):      	610    	s  ( = 0 h, 10 m, 10 s )
                        solver initialization and clean-up:  	2      	s
                                                             	------------
                        Total simulation time:               	656    	s  ( = 0 h, 10 m, 56 s )
                      
                      ------------------------------------------------------------------------------
10/Nov/2022 11:31:02  Solver finished at: 11:31 AM Thursday, 10. November 2022
                      
                      
                      
                      ------------------------------------------------------------------------------
10/Nov/2022 11:31:09  Creating parametric 1D results for Run ID 53
                      
                      ------------------------------------------------------------------------------
