Port monitor named: Port1_h1[2.5].prt

nx        = 91
ny        = 44
nz        = 35

nu        = 5
nv        = 5
iu        = 16
iv        = 12

idir      = 1
dcut      = 2.525000e-002
icut      = 39
type      = 1
frequency = 2.500000e+009

fcutoff   = 0.000000e+000
alpha     = 0.000000e+000
beta      = 7.337311e+001
accuracy  = 3.585640e-015

type          = TEM
wave imp.     = 2.654772e+002
wave imp.sig. = 3.994008e-002
line imp.     = 5.425747e+001

ref. port     = 0

0.000000e+000  7.882645e+000  1.576786e+001  7.882645e+000  0.000000e+000  
0.000000e+000  7.883914e+000  3.153708e+001  7.883914e+000  0.000000e+000  
0.000000e+000  -7.884938e+000  -3.152659e+001  -7.884938e+000  0.000000e+000  
0.000000e+000  -7.881585e+000  -1.576365e+001  -7.881585e+000  0.000000e+000  
0.000000e+000  0.000000e+000  0.000000e+000  0.000000e+000  0.000000e+000  

0.000000e+000  0.000000e+000  0.000000e+000  0.000000e+000  0.000000e+000  
-7.882639e+000  -7.884095e+000  7.884095e+000  7.882639e+000  0.000000e+000  
-1.576766e+001  -3.153755e+001  3.153755e+001  1.576766e+001  0.000000e+000  
-7.881595e+000  -7.880962e+000  7.880962e+000  7.881595e+000  0.000000e+000  
0.000000e+000  0.000000e+000  0.000000e+000  0.000000e+000  0.000000e+000  

0.000000e+000  0.000000e+000  0.000000e+000  0.000000e+000  0.000000e+000  
0.000000e+000  0.000000e+000  0.000000e+000  0.000000e+000  0.000000e+000  
0.000000e+000  0.000000e+000  0.000000e+000  0.000000e+000  0.000000e+000  
0.000000e+000  0.000000e+000  0.000000e+000  0.000000e+000  0.000000e+000  
0.000000e+000  0.000000e+000  0.000000e+000  0.000000e+000  0.000000e+000  

0.000000e+000  0.000000e+000  0.000000e+000  0.000000e+000  0.000000e+000  
0.000000e+000  0.000000e+000  0.000000e+000  0.000000e+000  0.000000e+000  
0.000000e+000  0.000000e+000  0.000000e+000  0.000000e+000  0.000000e+000  
0.000000e+000  0.000000e+000  0.000000e+000  0.000000e+000  0.000000e+000  
0.000000e+000  0.000000e+000  0.000000e+000  0.000000e+000  0.000000e+000  

0.000000e+000  0.000000e+000  0.000000e+000  0.000000e+000  0.000000e+000  
0.000000e+000  0.000000e+000  0.000000e+000  0.000000e+000  0.000000e+000  
0.000000e+000  0.000000e+000  0.000000e+000  0.000000e+000  0.000000e+000  
0.000000e+000  0.000000e+000  0.000000e+000  0.000000e+000  0.000000e+000  
0.000000e+000  0.000000e+000  0.000000e+000  0.000000e+000  0.000000e+000  

7.039114e-005  1.480999e-002  -1.480999e-002  -7.039097e-005  0.000000e+000  
-1.466917e-002  7.732984e-005  -7.732967e-005  1.466917e-002  0.000000e+000  
1.493694e-002  2.682528e-004  -2.682526e-004  -1.493694e-002  0.000000e+000  
1.340200e-004  -1.466884e-002  1.466884e-002  -1.340198e-004  0.000000e+000  
0.000000e+000  0.000000e+000  0.000000e+000  0.000000e+000  0.000000e+000  

