Port monitor named: Port2_h1.prt

nx        = 3
ny        = 23
nz        = 41

nu        = 21
nv        = 39
iu        = 2
iv        = 2

idir      = 0
dcut      = 5.114300e-001
icut      = 3
type      = 1
frequency = 3.050000e+009

fcutoff   = 1.573419e+009
alpha     = 0.000000e+000
beta      = 5.475781e+001
accuracy  = 1.143822e-010

type          = TE
wave imp.     = 4.397881e+002
wave imp.sig. = 8.302688e-006
line imp.     = 0.000000e+000

ref. port     = 0

-0.000000e+000  6.276365e-010  -4.906314e-009  2.659564e-009  -1.635240e-009  -9.398557e-010  -8.276338e-009  -7.332031e-010  -6.286271e-009  -3.119484e-009  -6.217919e-009  -3.443915e-009  -9.179095e-009  -4.767180e-009  -2.009075e-009  1.505883e-009  4.347315e-009  -2.106904e-009  3.311717e-009  2.395390e-010  -0.000000e+000  
-0.000000e+000  -2.593490e-009  6.241774e-009  -5.013678e-009  -1.321851e-009  -7.037042e-009  2.779185e-009  -7.284985e-009  1.647292e-009  -6.900513e-009  3.693300e-009  -1.988911e-009  -5.651359e-009  -4.192394e-009  -1.819889e-010  2.818436e-009  6.244517e-009  2.965050e-009  -6.470785e-009  -3.001209e-009  -0.000000e+000  
-0.000000e+000  2.073596e-009  -4.268359e-009  4.322079e-010  -1.937107e-009  -3.954343e-010  -4.952955e-009  -1.692458e-009  -7.748286e-009  5.566945e-010  -8.918620e-009  -3.041338e-009  -9.622627e-009  -4.573722e-009  -3.075109e-009  1.002996e-009  3.893733e-009  -3.367795e-009  2.960365e-009  1.673812e-009  -0.000000e+000  
-0.000000e+000  -3.708511e-010  -1.394217e-009  -1.349161e-009  -2.216306e-009  -2.448734e-009  -2.728224e-009  -2.698815e-009  -2.874020e-009  -3.859136e-009  -2.601276e-009  -3.471865e-009  -7.008889e-009  -4.620482e-009  -1.107829e-009  1.495507e-009  3.955886e-009  5.418497e-011  -8.962651e-011  -2.730474e-010  -0.000000e+000  
-0.000000e+000  -3.565626e-009  -6.530936e-009  -1.072568e-008  -2.021797e-009  6.380442e-009  3.186687e-009  -2.316125e-009  -5.386023e-009  -5.241464e-009  -5.437784e-009  -5.120050e-009  -9.485860e-009  -4.489689e-009  -1.262098e-009  2.140652e-009  6.562691e-009  1.406469e-009  6.594406e-010  8.193824e-010  -0.000000e+000  
-0.000000e+000  -2.875099e-009  -4.981306e-009  -7.591016e-009  -1.234837e-009  3.920175e-009  1.762209e-009  -9.267014e-010  -3.023634e-009  -3.017311e-009  -4.035048e-009  -3.997073e-009  -5.406515e-009  -3.368325e-009  -8.715685e-010  1.308678e-009  3.280826e-009  1.368801e-009  1.041880e-009  4.303470e-010  -0.000000e+000  
-0.000000e+000  -1.431549e-009  -4.128083e-009  -5.687845e-009  -1.160595e-009  4.744789e-009  2.002552e-009  1.472230e-009  -1.651894e-009  -2.055669e-009  -2.182525e-009  -3.112940e-009  -3.238809e-009  -1.788311e-009  -4.905705e-010  8.614388e-010  2.012144e-009  1.428666e-009  1.010358e-009  5.079163e-010  -0.000000e+000  
-0.000000e+000  -2.082389e-009  -3.125582e-009  -5.313611e-009  -9.224508e-011  4.647959e-009  3.252013e-009  1.524163e-009  -2.504952e-010  -1.041417e-010  -6.633343e-010  -1.000343e-009  -1.284026e-009  -5.123434e-010  1.053796e-010  7.737002e-010  1.432254e-009  9.353267e-010  7.366296e-010  2.810010e-010  -0.000000e+000  
-0.000000e+000  -1.069206e-009  -2.817273e-009  -3.860530e-009  9.107194e-010  5.874967e-009  4.174713e-009  2.354482e-009  1.191450e-009  4.355214e-010  1.219064e-009  1.176481e-009  8.282279e-010  1.077738e-009  7.542230e-010  3.477945e-010  6.146596e-010  4.395680e-010  2.999554e-010  -1.262480e-010  -0.000000e+000  
-0.000000e+000  -5.817440e-010  -1.627744e-009  -2.346175e-009  1.771814e-009  6.170699e-009  5.035583e-009  4.307879e-009  3.274626e-009  3.391454e-009  3.593022e-009  3.603532e-009  4.125458e-009  3.058179e-009  1.185778e-009  -4.879329e-010  -1.209918e-009  -1.877800e-010  -5.055932e-010  1.961910e-010  -0.000000e+000  
-0.000000e+000  -2.220027e-010  7.428133e-010  5.300908e-011  3.388565e-009  5.749704e-009  5.863002e-009  5.387343e-009  5.518251e-009  6.554310e-009  6.574759e-009  7.290891e-009  9.993879e-009  5.897717e-009  1.609059e-009  -2.519053e-009  -5.805538e-009  -1.863601e-009  -1.007651e-009  -5.136212e-010  -0.000000e+000  
-0.000000e+000  6.096767e-009  1.171439e-008  1.903441e-008  4.532129e-009  -8.285995e-009  -8.098566e-010  7.782743e-009  1.482648e-008  1.299563e-008  1.112866e-008  9.697918e-009  2.417472e-008  8.802062e-009  1.491647e-009  -5.295878e-009  -1.928145e-008  -1.392700e-009  -1.007655e-009  -7.024243e-010  -0.000000e+000  
-0.000000e+000  1.008412e-009  2.249391e-009  2.194037e-009  2.870374e-009  2.685470e-009  3.279350e-009  2.776726e-009  4.888565e-009  6.926707e-009  1.060040e-008  1.331273e-008  4.027885e-009  3.712439e-009  1.143552e-009  -9.802125e-010  -4.315426e-010  -8.839423e-009  -5.770425e-009  -2.759345e-009  -0.000000e+000  
-0.000000e+000  -1.937196e-009  9.292058e-009  1.104476e-008  -1.090984e-009  -7.607592e-009  -1.793579e-009  -1.013941e-010  5.741422e-009  5.221247e-009  6.577892e-009  9.018213e-009  -4.041501e-010  1.162789e-010  1.636973e-009  4.408631e-010  1.771269e-009  -5.533480e-009  -1.069349e-008  -2.904720e-009  -0.000000e+000  
-0.000000e+000  5.517669e-009  3.389196e-010  3.512934e-009  3.635475e-009  -5.685485e-009  -1.102908e-009  -4.145609e-010  -2.033381e-009  9.292680e-009  1.098760e-008  1.491720e-008  -1.784757e-009  2.486165e-010  -6.406731e-010  -2.426828e-010  5.355967e-009  -1.484977e-008  -6.472184e-010  -5.752603e-009  -0.000000e+000  
-0.000000e+000  -1.958330e-009  7.662446e-009  3.112038e-009  -3.729554e-010  1.786326e-009  -6.279282e-009  -8.593219e-010  3.902380e-009  7.728413e-009  1.382161e-008  2.229509e-008  -7.973912e-009  1.256610e-009  -2.081771e-009  -2.678872e-009  5.940486e-009  -2.277356e-008  -1.621062e-008  -5.075979e-009  -0.000000e+000  
-0.000000e+000  4.779218e-009  -7.335930e-009  9.962439e-009  6.012480e-010  -8.765333e-009  -1.454938e-009  -9.166092e-010  -1.570135e-008  -1.080240e-008  6.781442e-009  1.878503e-008  -8.403339e-010  -3.240162e-009  5.659293e-009  7.079944e-009  3.899753e-009  -1.932279e-008  -1.188456e-008  -1.511821e-009  -0.000000e+000  
-0.000000e+000  4.527960e-009  7.123396e-009  -1.001559e-009  2.247714e-009  -5.575468e-009  3.440963e-009  -3.764182e-009  2.973762e-010  8.692039e-009  1.616380e-009  1.159705e-008  6.461903e-009  3.771539e-009  -3.186558e-009  -1.243304e-009  -1.968350e-009  -2.213710e-009  2.398168e-010  -2.638791e-009  -0.000000e+000  
-0.000000e+000  -1.021601e-008  -1.006674e-008  4.063846e-009  -4.813594e-009  7.172145e-009  -1.293893e-008  1.279742e-009  -2.804126e-009  7.453218e-009  2.747477e-009  6.431868e-009  -1.689806e-008  5.338448e-009  2.112010e-009  -6.973624e-009  3.414619e-009  -1.579119e-008  -3.950224e-009  -5.770264e-009  -0.000000e+000  
-0.000000e+000  1.759884e-008  1.521532e-008  -1.001957e-009  7.802359e-009  -5.106969e-009  8.429023e-009  -5.993763e-009  -4.774738e-010  -9.930095e-009  -1.347102e-009  -1.572109e-008  1.432035e-008  -5.981897e-009  -8.947045e-010  9.874221e-009  5.235215e-010  1.189496e-008  -7.938853e-009  1.545258e-009  -0.000000e+000  
-0.000000e+000  -1.552204e-008  -9.780412e-009  -5.368757e-009  -7.945683e-009  7.863410e-009  -5.495726e-009  1.153570e-008  -1.080313e-010  3.634034e-009  -1.533147e-009  1.005700e-009  -2.347253e-009  -3.213799e-009  2.056818e-009  -7.836852e-009  -6.515280e-009  8.530882e-009  1.498783e-008  8.880426e-009  -0.000000e+000  
-0.000000e+000  6.758878e-009  3.093454e-009  -5.114558e-009  2.888025e-009  -1.521905e-009  7.796257e-009  -8.348643e-010  1.725545e-008  -7.398036e-009  -6.780867e-009  -2.323331e-008  5.355051e-010  8.802468e-009  -4.881555e-010  3.901366e-009  -3.240056e-009  1.401253e-008  5.645763e-009  -1.781191e-009  -0.000000e+000  
-0.000000e+000  -7.194050e-009  -7.558005e-009  -3.490256e-009  -1.109021e-009  3.067342e-009  6.557821e-009  2.736304e-010  -1.077207e-009  -2.275558e-009  -1.474416e-008  -2.356278e-008  6.306607e-009  -5.169781e-009  -1.446851e-009  -2.518584e-009  -3.834382e-009  2.437335e-008  1.524241e-008  4.710422e-009  -0.000000e+000  
-0.000000e+000  1.932072e-009  -1.805850e-009  -1.800067e-009  -1.459550e-009  5.632823e-009  -6.312372e-009  2.603820e-009  1.203431e-009  -7.260611e-009  -8.817001e-009  -1.441206e-008  8.219316e-010  -6.669756e-010  -2.299340e-009  -1.008033e-010  -4.633461e-009  1.526909e-008  5.548881e-009  7.876184e-009  -0.000000e+000  
-0.000000e+000  -4.028895e-009  -3.639565e-009  -1.428714e-008  2.849253e-010  6.748477e-009  1.019487e-008  -2.202546e-009  -7.996468e-009  -1.356623e-009  -1.148115e-008  -8.700251e-009  6.938514e-010  -1.458350e-009  -1.234184e-009  1.374488e-009  -1.127655e-010  6.444793e-009  7.748285e-009  1.232514e-009  -0.000000e+000  
-0.000000e+000  -8.453060e-010  -2.920647e-009  -2.301722e-009  -2.971566e-009  -2.876330e-009  -3.141496e-009  -3.726652e-009  -4.623943e-009  -8.120449e-009  -1.005889e-008  -1.340505e-008  -3.826600e-009  -3.633531e-009  -8.572586e-010  7.804077e-010  8.791149e-011  8.427470e-009  5.840498e-009  2.468975e-009  -0.000000e+000  
-0.000000e+000  -6.127548e-009  -1.105901e-008  -1.871705e-008  -4.787905e-009  8.695439e-009  -2.335248e-010  -6.820047e-009  -1.478118e-008  -1.306434e-008  -1.133920e-008  -9.896476e-009  -2.428843e-008  -8.776618e-009  -1.541403e-009  5.404489e-009  1.935526e-008  1.647844e-009  1.059988e-009  9.076485e-010  -0.000000e+000  
-0.000000e+000  -2.956479e-010  -6.044338e-010  -3.402893e-010  -2.921475e-009  -5.829434e-009  -5.478740e-009  -5.526007e-009  -6.171785e-009  -5.953873e-009  -6.747916e-009  -6.879445e-009  -9.867890e-009  -5.896957e-009  -1.431420e-009  2.532139e-009  5.833717e-009  1.673182e-009  1.196278e-009  2.976213e-010  -0.000000e+000  
-0.000000e+000  1.356609e-009  6.058886e-010  2.465459e-009  -1.838979e-009  -6.165954e-009  -4.545539e-009  -4.347917e-009  -2.604807e-009  -3.077614e-009  -3.453968e-009  -3.628433e-009  -4.095298e-009  -2.897522e-009  -1.269625e-009  6.136906e-010  1.128633e-009  4.746035e-010  3.296938e-010  2.860365e-010  -0.000000e+000  
-0.000000e+000  9.252849e-010  3.603328e-009  4.145821e-009  -9.260292e-010  -5.842378e-009  -4.364109e-009  -2.839668e-009  -1.221721e-009  -1.189290e-009  -9.092926e-010  -1.014014e-009  -8.241210e-010  -1.111713e-009  -5.810304e-010  -4.676058e-010  -5.511784e-010  -5.848948e-010  -5.546679e-010  -1.158915e-010  -0.000000e+000  
-0.000000e+000  1.893720e-009  2.932577e-009  5.076878e-009  3.212262e-010  -4.734161e-009  -3.498397e-009  -1.851281e-009  2.073166e-010  6.004726e-011  5.734198e-010  1.077402e-009  1.245643e-009  5.928551e-010  -1.913541e-010  -6.174483e-010  -1.502825e-009  -9.120135e-010  -3.793637e-010  -3.416886e-010  -0.000000e+000  
-0.000000e+000  2.289868e-009  3.600452e-009  6.009871e-009  4.525719e-010  -4.282506e-009  -2.799810e-009  7.415044e-010  1.507795e-009  2.036793e-009  2.591763e-009  2.465618e-009  3.232695e-009  1.733215e-009  4.893339e-010  -1.023077e-009  -1.999265e-009  -1.418369e-009  -1.424507e-009  -7.263199e-011  -0.000000e+000  
-0.000000e+000  2.189055e-009  5.341972e-009  7.255598e-009  1.691821e-009  -4.557462e-009  -1.047931e-009  -3.055197e-010  3.264315e-009  3.089729e-009  3.825522e-009  4.178082e-009  5.365712e-009  3.241268e-009  7.832541e-010  -1.388438e-009  -3.269376e-009  -1.541897e-009  -7.346282e-010  -7.296610e-010  -0.000000e+000  
-0.000000e+000  3.479299e-009  6.696723e-009  1.072186e-008  2.104934e-009  -6.212433e-009  -2.900374e-009  2.053808e-009  5.111790e-009  5.740004e-009  4.716036e-009  5.251119e-009  9.443389e-009  4.519241e-009  1.218931e-009  -1.954436e-009  -6.594534e-009  -1.153838e-009  -1.172067e-009  -7.078025e-011  -0.000000e+000  
-0.000000e+000  6.227002e-010  1.617817e-009  1.764857e-009  1.699446e-009  2.167098e-009  3.400291e-009  2.212738e-009  3.769447e-009  3.140293e-009  3.658587e-009  3.361851e-009  7.269648e-009  4.547469e-009  1.420422e-009  -1.798477e-009  -3.917136e-009  5.091199e-011  6.383118e-010  -3.936913e-010  -0.000000e+000  
-0.000000e+000  -2.607659e-010  -2.025076e-010  -7.327793e-011  2.799552e-009  4.236085e-009  1.469293e-009  7.281681e-009  1.582607e-009  4.164249e-009  -2.808552e-010  2.238635e-009  7.797026e-009  7.044842e-009  1.182202e-009  5.701142e-010  -3.507968e-009  1.629929e-009  -1.527503e-009  2.614271e-010  -0.000000e+000  
-0.000000e+000  2.530189e-009  9.324181e-010  1.828773e-009  9.702298e-010  1.216209e-009  2.311431e-009  -1.019304e-009  3.398354e-009  4.356111e-009  7.134535e-009  4.560530e-009  9.124946e-009  5.452673e-010  2.324862e-009  -4.843735e-009  -6.913522e-009  -1.623734e-009  4.312664e-009  -1.813765e-010  -0.000000e+000  
-0.000000e+000  -2.193306e-009  -7.784938e-011  -1.106487e-009  2.609387e-009  4.700823e-009  3.643350e-009  5.513393e-009  4.621598e-009  1.495474e-009  2.995664e-009  2.724513e-009  7.089209e-009  6.641237e-009  1.017620e-009  1.237458e-011  -3.836129e-009  1.413867e-009  -2.728119e-009  7.314503e-010  -0.000000e+000  
-0.000000e+000  -0.000000e+000  -0.000000e+000  -0.000000e+000  -0.000000e+000  -0.000000e+000  -0.000000e+000  -0.000000e+000  -0.000000e+000  -0.000000e+000  -0.000000e+000  -0.000000e+000  -0.000000e+000  -0.000000e+000  -0.000000e+000  -0.000000e+000  -0.000000e+000  -0.000000e+000  -0.000000e+000  -0.000000e+000  -0.000000e+000  

-0.000000e+000  -0.000000e+000  -0.000000e+000  -0.000000e+000  -0.000000e+000  -0.000000e+000  -0.000000e+000  -0.000000e+000  -0.000000e+000  -0.000000e+000  -0.000000e+000  -0.000000e+000  -0.000000e+000  -0.000000e+000  -0.000000e+000  -0.000000e+000  -0.000000e+000  -0.000000e+000  -0.000000e+000  -0.000000e+000  -0.000000e+000  
-3.222450e-002  -3.222449e-002  -3.222450e-002  -3.222449e-002  -3.222450e-002  -3.222449e-002  -3.222450e-002  -3.222449e-002  -3.222450e-002  -3.222449e-002  -3.222450e-002  -3.222449e-002  -3.222449e-002  -3.222449e-002  -3.222449e-002  -3.222449e-002  -3.222449e-002  -3.222450e-002  -3.222449e-002  -3.222449e-002  -0.000000e+000  
-6.442218e-002  -6.442219e-002  -6.442218e-002  -6.442219e-002  -6.442218e-002  -6.442219e-002  -6.442218e-002  -6.442219e-002  -6.442218e-002  -6.442219e-002  -6.442218e-002  -6.442218e-002  -6.442218e-002  -6.442218e-002  -6.442218e-002  -6.442218e-002  -6.442218e-002  -6.442218e-002  -6.442218e-002  -6.442218e-002  -0.000000e+000  
-9.656628e-002  -9.656628e-002  -9.656628e-002  -9.656628e-002  -9.656628e-002  -9.656628e-002  -9.656628e-002  -9.656628e-002  -9.656628e-002  -9.656628e-002  -9.656628e-002  -9.656628e-002  -9.656628e-002  -9.656628e-002  -9.656628e-002  -9.656628e-002  -9.656628e-002  -9.656628e-002  -9.656628e-002  -9.656628e-002  -0.000000e+000  
-2.320890e-001  -2.320890e-001  -2.320890e-001  -2.320890e-001  -2.320890e-001  -2.320890e-001  -2.320890e-001  -2.320890e-001  -2.320890e-001  -2.320890e-001  -2.320890e-001  -2.320890e-001  -2.320890e-001  -2.320890e-001  -2.320890e-001  -2.320890e-001  -2.320890e-001  -2.320890e-001  -2.320890e-001  -2.320890e-001  -0.000000e+000  
-3.780492e-001  -3.780492e-001  -3.780492e-001  -3.780492e-001  -3.780492e-001  -3.780492e-001  -3.780492e-001  -3.780492e-001  -3.780492e-001  -3.780492e-001  -3.780492e-001  -3.780492e-001  -3.780492e-001  -3.780492e-001  -3.780492e-001  -3.780492e-001  -3.780492e-001  -3.780492e-001  -3.780492e-001  -3.780492e-001  -0.000000e+000  
-5.170691e-001  -5.170691e-001  -5.170691e-001  -5.170691e-001  -5.170691e-001  -5.170691e-001  -5.170691e-001  -5.170691e-001  -5.170691e-001  -5.170691e-001  -5.170691e-001  -5.170691e-001  -5.170691e-001  -5.170691e-001  -5.170690e-001  -5.170690e-001  -5.170690e-001  -5.170690e-001  -5.170690e-001  -5.170690e-001  -0.000000e+000  
-6.465963e-001  -6.465963e-001  -6.465963e-001  -6.465963e-001  -6.465963e-001  -6.465963e-001  -6.465963e-001  -6.465963e-001  -6.465963e-001  -6.465963e-001  -6.465963e-001  -6.465963e-001  -6.465962e-001  -6.465962e-001  -6.465962e-001  -6.465962e-001  -6.465962e-001  -6.465962e-001  -6.465962e-001  -6.465962e-001  -0.000000e+000  
-7.642529e-001  -7.642529e-001  -7.642529e-001  -7.642529e-001  -7.642529e-001  -7.642529e-001  -7.642529e-001  -7.642529e-001  -7.642529e-001  -7.642529e-001  -7.642529e-001  -7.642529e-001  -7.642529e-001  -7.642529e-001  -7.642529e-001  -7.642529e-001  -7.642529e-001  -7.642529e-001  -7.642529e-001  -7.642529e-001  -0.000000e+000  
-8.678790e-001  -8.678790e-001  -8.678790e-001  -8.678790e-001  -8.678790e-001  -8.678790e-001  -8.678790e-001  -8.678790e-001  -8.678790e-001  -8.678790e-001  -8.678789e-001  -8.678789e-001  -8.678789e-001  -8.678789e-001  -8.678789e-001  -8.678789e-001  -8.678789e-001  -8.678789e-001  -8.678789e-001  -8.678789e-001  -0.000000e+000  
-9.555720e-001  -9.555720e-001  -9.555720e-001  -9.555720e-001  -9.555720e-001  -9.555720e-001  -9.555720e-001  -9.555720e-001  -9.555720e-001  -9.555720e-001  -9.555720e-001  -9.555720e-001  -9.555720e-001  -9.555720e-001  -9.555720e-001  -9.555720e-001  -9.555720e-001  -9.555720e-001  -9.555720e-001  -9.555720e-001  -0.000000e+000  
-1.025722e+000  -1.025722e+000  -1.025722e+000  -1.025722e+000  -1.025722e+000  -1.025722e+000  -1.025722e+000  -1.025722e+000  -1.025722e+000  -1.025722e+000  -1.025722e+000  -1.025722e+000  -1.025722e+000  -1.025722e+000  -1.025722e+000  -1.025722e+000  -1.025722e+000  -1.025722e+000  -1.025722e+000  -1.025722e+000  -0.000000e+000  
-1.077042e+000  -1.077042e+000  -1.077042e+000  -1.077042e+000  -1.077042e+000  -1.077042e+000  -1.077042e+000  -1.077042e+000  -1.077042e+000  -1.077042e+000  -1.077042e+000  -1.077042e+000  -1.077042e+000  -1.077042e+000  -1.077042e+000  -1.077042e+000  -1.077042e+000  -1.077042e+000  -1.077042e+000  -1.077042e+000  -0.000000e+000  
-1.106403e+000  -1.106403e+000  -1.106403e+000  -1.106403e+000  -1.106403e+000  -1.106403e+000  -1.106403e+000  -1.106403e+000  -1.106403e+000  -1.106403e+000  -1.106403e+000  -1.106403e+000  -1.106403e+000  -1.106403e+000  -1.106403e+000  -1.106403e+000  -1.106403e+000  -1.106403e+000  -1.106403e+000  -1.106403e+000  -0.000000e+000  
-1.110909e+000  -1.110909e+000  -1.110909e+000  -1.110909e+000  -1.110909e+000  -1.110909e+000  -1.110909e+000  -1.110909e+000  -1.110909e+000  -1.110909e+000  -1.110909e+000  -1.110909e+000  -1.110909e+000  -1.110909e+000  -1.110909e+000  -1.110909e+000  -1.110909e+000  -1.110909e+000  -1.110909e+000  -1.110909e+000  -0.000000e+000  
-1.114490e+000  -1.114490e+000  -1.114490e+000  -1.114490e+000  -1.114490e+000  -1.114490e+000  -1.114490e+000  -1.114490e+000  -1.114490e+000  -1.114490e+000  -1.114490e+000  -1.114490e+000  -1.114490e+000  -1.114490e+000  -1.114490e+000  -1.114490e+000  -1.114490e+000  -1.114490e+000  -1.114490e+000  -1.114490e+000  -0.000000e+000  
-1.117144e+000  -1.117144e+000  -1.117144e+000  -1.117144e+000  -1.117144e+000  -1.117144e+000  -1.117144e+000  -1.117144e+000  -1.117144e+000  -1.117144e+000  -1.117144e+000  -1.117144e+000  -1.117144e+000  -1.117144e+000  -1.117144e+000  -1.117144e+000  -1.117144e+000  -1.117144e+000  -1.117144e+000  -1.117144e+000  -0.000000e+000  
-1.118617e+000  -1.118617e+000  -1.118617e+000  -1.118617e+000  -1.118617e+000  -1.118617e+000  -1.118617e+000  -1.118617e+000  -1.118617e+000  -1.118617e+000  -1.118617e+000  -1.118617e+000  -1.118617e+000  -1.118617e+000  -1.118617e+000  -1.118617e+000  -1.118617e+000  -1.118617e+000  -1.118617e+000  -1.118617e+000  -0.000000e+000  
-1.119475e+000  -1.119475e+000  -1.119475e+000  -1.119475e+000  -1.119475e+000  -1.119475e+000  -1.119475e+000  -1.119475e+000  -1.119475e+000  -1.119475e+000  -1.119475e+000  -1.119475e+000  -1.119475e+000  -1.119475e+000  -1.119475e+000  -1.119475e+000  -1.119475e+000  -1.119475e+000  -1.119475e+000  -1.119475e+000  -0.000000e+000  
-1.119720e+000  -1.119720e+000  -1.119720e+000  -1.119720e+000  -1.119720e+000  -1.119720e+000  -1.119720e+000  -1.119720e+000  -1.119720e+000  -1.119720e+000  -1.119720e+000  -1.119720e+000  -1.119720e+000  -1.119720e+000  -1.119720e+000  -1.119720e+000  -1.119720e+000  -1.119720e+000  -1.119720e+000  -1.119720e+000  -0.000000e+000  
-1.119475e+000  -1.119475e+000  -1.119475e+000  -1.119475e+000  -1.119475e+000  -1.119475e+000  -1.119475e+000  -1.119475e+000  -1.119475e+000  -1.119475e+000  -1.119475e+000  -1.119475e+000  -1.119475e+000  -1.119475e+000  -1.119475e+000  -1.119475e+000  -1.119475e+000  -1.119475e+000  -1.119475e+000  -1.119475e+000  -0.000000e+000  
-1.118617e+000  -1.118617e+000  -1.118617e+000  -1.118617e+000  -1.118617e+000  -1.118617e+000  -1.118617e+000  -1.118617e+000  -1.118617e+000  -1.118617e+000  -1.118617e+000  -1.118617e+000  -1.118617e+000  -1.118617e+000  -1.118617e+000  -1.118617e+000  -1.118617e+000  -1.118617e+000  -1.118617e+000  -1.118617e+000  -0.000000e+000  
-1.117144e+000  -1.117144e+000  -1.117144e+000  -1.117144e+000  -1.117144e+000  -1.117144e+000  -1.117144e+000  -1.117144e+000  -1.117144e+000  -1.117144e+000  -1.117144e+000  -1.117144e+000  -1.117144e+000  -1.117144e+000  -1.117144e+000  -1.117144e+000  -1.117144e+000  -1.117144e+000  -1.117144e+000  -1.117144e+000  -0.000000e+000  
-1.114490e+000  -1.114490e+000  -1.114490e+000  -1.114490e+000  -1.114490e+000  -1.114490e+000  -1.114490e+000  -1.114490e+000  -1.114490e+000  -1.114490e+000  -1.114490e+000  -1.114490e+000  -1.114490e+000  -1.114490e+000  -1.114490e+000  -1.114490e+000  -1.114490e+000  -1.114490e+000  -1.114490e+000  -1.114490e+000  -0.000000e+000  
-1.110909e+000  -1.110909e+000  -1.110909e+000  -1.110909e+000  -1.110909e+000  -1.110909e+000  -1.110909e+000  -1.110909e+000  -1.110909e+000  -1.110909e+000  -1.110909e+000  -1.110909e+000  -1.110909e+000  -1.110909e+000  -1.110909e+000  -1.110909e+000  -1.110909e+000  -1.110909e+000  -1.110909e+000  -1.110909e+000  -0.000000e+000  
-1.106403e+000  -1.106403e+000  -1.106403e+000  -1.106403e+000  -1.106403e+000  -1.106403e+000  -1.106403e+000  -1.106403e+000  -1.106403e+000  -1.106403e+000  -1.106403e+000  -1.106403e+000  -1.106403e+000  -1.106403e+000  -1.106403e+000  -1.106403e+000  -1.106403e+000  -1.106403e+000  -1.106403e+000  -1.106403e+000  -0.000000e+000  
-1.077042e+000  -1.077042e+000  -1.077042e+000  -1.077042e+000  -1.077042e+000  -1.077042e+000  -1.077042e+000  -1.077042e+000  -1.077042e+000  -1.077042e+000  -1.077042e+000  -1.077042e+000  -1.077042e+000  -1.077042e+000  -1.077042e+000  -1.077042e+000  -1.077042e+000  -1.077042e+000  -1.077042e+000  -1.077042e+000  -0.000000e+000  
-1.025722e+000  -1.025722e+000  -1.025722e+000  -1.025722e+000  -1.025722e+000  -1.025722e+000  -1.025722e+000  -1.025722e+000  -1.025722e+000  -1.025722e+000  -1.025722e+000  -1.025722e+000  -1.025722e+000  -1.025722e+000  -1.025722e+000  -1.025722e+000  -1.025722e+000  -1.025722e+000  -1.025722e+000  -1.025722e+000  -0.000000e+000  
-9.555720e-001  -9.555720e-001  -9.555720e-001  -9.555720e-001  -9.555720e-001  -9.555720e-001  -9.555720e-001  -9.555720e-001  -9.555720e-001  -9.555720e-001  -9.555720e-001  -9.555720e-001  -9.555720e-001  -9.555720e-001  -9.555720e-001  -9.555720e-001  -9.555720e-001  -9.555720e-001  -9.555720e-001  -9.555720e-001  -0.000000e+000  
-8.678790e-001  -8.678790e-001  -8.678790e-001  -8.678790e-001  -8.678790e-001  -8.678790e-001  -8.678790e-001  -8.678790e-001  -8.678790e-001  -8.678789e-001  -8.678789e-001  -8.678789e-001  -8.678789e-001  -8.678789e-001  -8.678789e-001  -8.678789e-001  -8.678789e-001  -8.678789e-001  -8.678789e-001  -8.678789e-001  -0.000000e+000  
-7.642529e-001  -7.642529e-001  -7.642529e-001  -7.642529e-001  -7.642529e-001  -7.642529e-001  -7.642529e-001  -7.642529e-001  -7.642529e-001  -7.642529e-001  -7.642529e-001  -7.642529e-001  -7.642529e-001  -7.642529e-001  -7.642529e-001  -7.642529e-001  -7.642529e-001  -7.642529e-001  -7.642529e-001  -7.642529e-001  -0.000000e+000  
-6.465963e-001  -6.465963e-001  -6.465963e-001  -6.465963e-001  -6.465963e-001  -6.465963e-001  -6.465963e-001  -6.465963e-001  -6.465963e-001  -6.465963e-001  -6.465963e-001  -6.465963e-001  -6.465962e-001  -6.465962e-001  -6.465962e-001  -6.465962e-001  -6.465962e-001  -6.465962e-001  -6.465962e-001  -6.465962e-001  -0.000000e+000  
-5.170691e-001  -5.170691e-001  -5.170691e-001  -5.170691e-001  -5.170691e-001  -5.170691e-001  -5.170691e-001  -5.170691e-001  -5.170691e-001  -5.170691e-001  -5.170691e-001  -5.170691e-001  -5.170691e-001  -5.170691e-001  -5.170690e-001  -5.170690e-001  -5.170690e-001  -5.170690e-001  -5.170691e-001  -5.170690e-001  -0.000000e+000  
-3.780492e-001  -3.780492e-001  -3.780492e-001  -3.780492e-001  -3.780492e-001  -3.780492e-001  -3.780492e-001  -3.780492e-001  -3.780492e-001  -3.780492e-001  -3.780492e-001  -3.780492e-001  -3.780492e-001  -3.780492e-001  -3.780492e-001  -3.780492e-001  -3.780492e-001  -3.780492e-001  -3.780492e-001  -3.780492e-001  -0.000000e+000  
-2.320890e-001  -2.320890e-001  -2.320890e-001  -2.320890e-001  -2.320890e-001  -2.320890e-001  -2.320890e-001  -2.320890e-001  -2.320890e-001  -2.320890e-001  -2.320890e-001  -2.320890e-001  -2.320890e-001  -2.320890e-001  -2.320890e-001  -2.320890e-001  -2.320890e-001  -2.320890e-001  -2.320890e-001  -2.320890e-001  -0.000000e+000  
-9.656628e-002  -9.656628e-002  -9.656628e-002  -9.656628e-002  -9.656628e-002  -9.656629e-002  -9.656628e-002  -9.656628e-002  -9.656628e-002  -9.656628e-002  -9.656628e-002  -9.656628e-002  -9.656628e-002  -9.656628e-002  -9.656628e-002  -9.656628e-002  -9.656628e-002  -9.656628e-002  -9.656628e-002  -9.656628e-002  -0.000000e+000  
-6.442218e-002  -6.442218e-002  -6.442218e-002  -6.442219e-002  -6.442219e-002  -6.442218e-002  -6.442218e-002  -6.442218e-002  -6.442218e-002  -6.442218e-002  -6.442218e-002  -6.442218e-002  -6.442218e-002  -6.442218e-002  -6.442218e-002  -6.442218e-002  -6.442218e-002  -6.442218e-002  -6.442218e-002  -6.442218e-002  -0.000000e+000  
-3.222450e-002  -3.222449e-002  -3.222450e-002  -3.222450e-002  -3.222450e-002  -3.222450e-002  -3.222449e-002  -3.222450e-002  -3.222450e-002  -3.222449e-002  -3.222449e-002  -3.222449e-002  -3.222449e-002  -3.222449e-002  -3.222449e-002  -3.222449e-002  -3.222449e-002  -3.222450e-002  -3.222449e-002  -3.222449e-002  -0.000000e+000  
-0.000000e+000  -0.000000e+000  -0.000000e+000  -0.000000e+000  -0.000000e+000  -0.000000e+000  -0.000000e+000  -0.000000e+000  -0.000000e+000  -0.000000e+000  -0.000000e+000  -0.000000e+000  -0.000000e+000  -0.000000e+000  -0.000000e+000  -0.000000e+000  -0.000000e+000  -0.000000e+000  -0.000000e+000  -0.000000e+000  -0.000000e+000  

0.000000e+000  0.000000e+000  0.000000e+000  0.000000e+000  0.000000e+000  0.000000e+000  0.000000e+000  0.000000e+000  0.000000e+000  0.000000e+000  0.000000e+000  0.000000e+000  0.000000e+000  0.000000e+000  0.000000e+000  0.000000e+000  0.000000e+000  0.000000e+000  0.000000e+000  0.000000e+000  0.000000e+000  
0.000000e+000  0.000000e+000  0.000000e+000  0.000000e+000  0.000000e+000  0.000000e+000  0.000000e+000  0.000000e+000  0.000000e+000  0.000000e+000  0.000000e+000  0.000000e+000  0.000000e+000  0.000000e+000  0.000000e+000  0.000000e+000  0.000000e+000  0.000000e+000  0.000000e+000  0.000000e+000  0.000000e+000  
0.000000e+000  0.000000e+000  0.000000e+000  0.000000e+000  0.000000e+000  0.000000e+000  0.000000e+000  0.000000e+000  0.000000e+000  0.000000e+000  0.000000e+000  0.000000e+000  0.000000e+000  0.000000e+000  0.000000e+000  0.000000e+000  0.000000e+000  0.000000e+000  0.000000e+000  0.000000e+000  0.000000e+000  
0.000000e+000  0.000000e+000  0.000000e+000  0.000000e+000  0.000000e+000  0.000000e+000  0.000000e+000  0.000000e+000  0.000000e+000  0.000000e+000  0.000000e+000  0.000000e+000  0.000000e+000  0.000000e+000  0.000000e+000  0.000000e+000  0.000000e+000  0.000000e+000  0.000000e+000  0.000000e+000  0.000000e+000  
0.000000e+000  0.000000e+000  0.000000e+000  0.000000e+000  0.000000e+000  0.000000e+000  0.000000e+000  0.000000e+000  0.000000e+000  0.000000e+000  0.000000e+000  0.000000e+000  0.000000e+000  0.000000e+000  0.000000e+000  0.000000e+000  0.000000e+000  0.000000e+000  0.000000e+000  0.000000e+000  0.000000e+000  
0.000000e+000  0.000000e+000  0.000000e+000  0.000000e+000  0.000000e+000  0.000000e+000  0.000000e+000  0.000000e+000  0.000000e+000  0.000000e+000  0.000000e+000  0.000000e+000  0.000000e+000  0.000000e+000  0.000000e+000  0.000000e+000  0.000000e+000  0.000000e+000  0.000000e+000  0.000000e+000  0.000000e+000  
0.000000e+000  0.000000e+000  0.000000e+000  0.000000e+000  0.000000e+000  0.000000e+000  0.000000e+000  0.000000e+000  0.000000e+000  0.000000e+000  0.000000e+000  0.000000e+000  0.000000e+000  0.000000e+000  0.000000e+000  0.000000e+000  0.000000e+000  0.000000e+000  0.000000e+000  0.000000e+000  0.000000e+000  
0.000000e+000  0.000000e+000  0.000000e+000  0.000000e+000  0.000000e+000  0.000000e+000  0.000000e+000  0.000000e+000  0.000000e+000  0.000000e+000  0.000000e+000  0.000000e+000  0.000000e+000  0.000000e+000  0.000000e+000  0.000000e+000  0.000000e+000  0.000000e+000  0.000000e+000  0.000000e+000  0.000000e+000  
0.000000e+000  0.000000e+000  0.000000e+000  0.000000e+000  0.000000e+000  0.000000e+000  0.000000e+000  0.000000e+000  0.000000e+000  0.000000e+000  0.000000e+000  0.000000e+000  0.000000e+000  0.000000e+000  0.000000e+000  0.000000e+000  0.000000e+000  0.000000e+000  0.000000e+000  0.000000e+000  0.000000e+000  
0.000000e+000  0.000000e+000  0.000000e+000  0.000000e+000  0.000000e+000  0.000000e+000  0.000000e+000  0.000000e+000  0.000000e+000  0.000000e+000  0.000000e+000  0.000000e+000  0.000000e+000  0.000000e+000  0.000000e+000  0.000000e+000  0.000000e+000  0.000000e+000  0.000000e+000  0.000000e+000  0.000000e+000  
0.000000e+000  0.000000e+000  0.000000e+000  0.000000e+000  0.000000e+000  0.000000e+000  0.000000e+000  0.000000e+000  0.000000e+000  0.000000e+000  0.000000e+000  0.000000e+000  0.000000e+000  0.000000e+000  0.000000e+000  0.000000e+000  0.000000e+000  0.000000e+000  0.000000e+000  0.000000e+000  0.000000e+000  
0.000000e+000  0.000000e+000  0.000000e+000  0.000000e+000  0.000000e+000  0.000000e+000  0.000000e+000  0.000000e+000  0.000000e+000  0.000000e+000  0.000000e+000  0.000000e+000  0.000000e+000  0.000000e+000  0.000000e+000  0.000000e+000  0.000000e+000  0.000000e+000  0.000000e+000  0.000000e+000  0.000000e+000  
0.000000e+000  0.000000e+000  0.000000e+000  0.000000e+000  0.000000e+000  0.000000e+000  0.000000e+000  0.000000e+000  0.000000e+000  0.000000e+000  0.000000e+000  0.000000e+000  0.000000e+000  0.000000e+000  0.000000e+000  0.000000e+000  0.000000e+000  0.000000e+000  0.000000e+000  0.000000e+000  0.000000e+000  
0.000000e+000  0.000000e+000  0.000000e+000  0.000000e+000  0.000000e+000  0.000000e+000  0.000000e+000  0.000000e+000  0.000000e+000  0.000000e+000  0.000000e+000  0.000000e+000  0.000000e+000  0.000000e+000  0.000000e+000  0.000000e+000  0.000000e+000  0.000000e+000  0.000000e+000  0.000000e+000  0.000000e+000  
0.000000e+000  0.000000e+000  0.000000e+000  0.000000e+000  0.000000e+000  0.000000e+000  0.000000e+000  0.000000e+000  0.000000e+000  0.000000e+000  0.000000e+000  0.000000e+000  0.000000e+000  0.000000e+000  0.000000e+000  0.000000e+000  0.000000e+000  0.000000e+000  0.000000e+000  0.000000e+000  0.000000e+000  
0.000000e+000  0.000000e+000  0.000000e+000  0.000000e+000  0.000000e+000  0.000000e+000  0.000000e+000  0.000000e+000  0.000000e+000  0.000000e+000  0.000000e+000  0.000000e+000  0.000000e+000  0.000000e+000  0.000000e+000  0.000000e+000  0.000000e+000  0.000000e+000  0.000000e+000  0.000000e+000  0.000000e+000  
0.000000e+000  0.000000e+000  0.000000e+000  0.000000e+000  0.000000e+000  0.000000e+000  0.000000e+000  0.000000e+000  0.000000e+000  0.000000e+000  0.000000e+000  0.000000e+000  0.000000e+000  0.000000e+000  0.000000e+000  0.000000e+000  0.000000e+000  0.000000e+000  0.000000e+000  0.000000e+000  0.000000e+000  
0.000000e+000  0.000000e+000  0.000000e+000  0.000000e+000  0.000000e+000  0.000000e+000  0.000000e+000  0.000000e+000  0.000000e+000  0.000000e+000  0.000000e+000  0.000000e+000  0.000000e+000  0.000000e+000  0.000000e+000  0.000000e+000  0.000000e+000  0.000000e+000  0.000000e+000  0.000000e+000  0.000000e+000  
0.000000e+000  0.000000e+000  0.000000e+000  0.000000e+000  0.000000e+000  0.000000e+000  0.000000e+000  0.000000e+000  0.000000e+000  0.000000e+000  0.000000e+000  0.000000e+000  0.000000e+000  0.000000e+000  0.000000e+000  0.000000e+000  0.000000e+000  0.000000e+000  0.000000e+000  0.000000e+000  0.000000e+000  
0.000000e+000  0.000000e+000  0.000000e+000  0.000000e+000  0.000000e+000  0.000000e+000  0.000000e+000  0.000000e+000  0.000000e+000  0.000000e+000  0.000000e+000  0.000000e+000  0.000000e+000  0.000000e+000  0.000000e+000  0.000000e+000  0.000000e+000  0.000000e+000  0.000000e+000  0.000000e+000  0.000000e+000  
0.000000e+000  0.000000e+000  0.000000e+000  0.000000e+000  0.000000e+000  0.000000e+000  0.000000e+000  0.000000e+000  0.000000e+000  0.000000e+000  0.000000e+000  0.000000e+000  0.000000e+000  0.000000e+000  0.000000e+000  0.000000e+000  0.000000e+000  0.000000e+000  0.000000e+000  0.000000e+000  0.000000e+000  
0.000000e+000  0.000000e+000  0.000000e+000  0.000000e+000  0.000000e+000  0.000000e+000  0.000000e+000  0.000000e+000  0.000000e+000  0.000000e+000  0.000000e+000  0.000000e+000  0.000000e+000  0.000000e+000  0.000000e+000  0.000000e+000  0.000000e+000  0.000000e+000  0.000000e+000  0.000000e+000  0.000000e+000  
0.000000e+000  0.000000e+000  0.000000e+000  0.000000e+000  0.000000e+000  0.000000e+000  0.000000e+000  0.000000e+000  0.000000e+000  0.000000e+000  0.000000e+000  0.000000e+000  0.000000e+000  0.000000e+000  0.000000e+000  0.000000e+000  0.000000e+000  0.000000e+000  0.000000e+000  0.000000e+000  0.000000e+000  
0.000000e+000  0.000000e+000  0.000000e+000  0.000000e+000  0.000000e+000  0.000000e+000  0.000000e+000  0.000000e+000  0.000000e+000  0.000000e+000  0.000000e+000  0.000000e+000  0.000000e+000  0.000000e+000  0.000000e+000  0.000000e+000  0.000000e+000  0.000000e+000  0.000000e+000  0.000000e+000  0.000000e+000  
0.000000e+000  0.000000e+000  0.000000e+000  0.000000e+000  0.000000e+000  0.000000e+000  0.000000e+000  0.000000e+000  0.000000e+000  0.000000e+000  0.000000e+000  0.000000e+000  0.000000e+000  0.000000e+000  0.000000e+000  0.000000e+000  0.000000e+000  0.000000e+000  0.000000e+000  0.000000e+000  0.000000e+000  
0.000000e+000  0.000000e+000  0.000000e+000  0.000000e+000  0.000000e+000  0.000000e+000  0.000000e+000  0.000000e+000  0.000000e+000  0.000000e+000  0.000000e+000  0.000000e+000  0.000000e+000  0.000000e+000  0.000000e+000  0.000000e+000  0.000000e+000  0.000000e+000  0.000000e+000  0.000000e+000  0.000000e+000  
0.000000e+000  0.000000e+000  0.000000e+000  0.000000e+000  0.000000e+000  0.000000e+000  0.000000e+000  0.000000e+000  0.000000e+000  0.000000e+000  0.000000e+000  0.000000e+000  0.000000e+000  0.000000e+000  0.000000e+000  0.000000e+000  0.000000e+000  0.000000e+000  0.000000e+000  0.000000e+000  0.000000e+000  
0.000000e+000  0.000000e+000  0.000000e+000  0.000000e+000  0.000000e+000  0.000000e+000  0.000000e+000  0.000000e+000  0.000000e+000  0.000000e+000  0.000000e+000  0.000000e+000  0.000000e+000  0.000000e+000  0.000000e+000  0.000000e+000  0.000000e+000  0.000000e+000  0.000000e+000  0.000000e+000  0.000000e+000  
0.000000e+000  0.000000e+000  0.000000e+000  0.000000e+000  0.000000e+000  0.000000e+000  0.000000e+000  0.000000e+000  0.000000e+000  0.000000e+000  0.000000e+000  0.000000e+000  0.000000e+000  0.000000e+000  0.000000e+000  0.000000e+000  0.000000e+000  0.000000e+000  0.000000e+000  0.000000e+000  0.000000e+000  
0.000000e+000  0.000000e+000  0.000000e+000  0.000000e+000  0.000000e+000  0.000000e+000  0.000000e+000  0.000000e+000  0.000000e+000  0.000000e+000  0.000000e+000  0.000000e+000  0.000000e+000  0.000000e+000  0.000000e+000  0.000000e+000  0.000000e+000  0.000000e+000  0.000000e+000  0.000000e+000  0.000000e+000  
0.000000e+000  0.000000e+000  0.000000e+000  0.000000e+000  0.000000e+000  0.000000e+000  0.000000e+000  0.000000e+000  0.000000e+000  0.000000e+000  0.000000e+000  0.000000e+000  0.000000e+000  0.000000e+000  0.000000e+000  0.000000e+000  0.000000e+000  0.000000e+000  0.000000e+000  0.000000e+000  0.000000e+000  
0.000000e+000  0.000000e+000  0.000000e+000  0.000000e+000  0.000000e+000  0.000000e+000  0.000000e+000  0.000000e+000  0.000000e+000  0.000000e+000  0.000000e+000  0.000000e+000  0.000000e+000  0.000000e+000  0.000000e+000  0.000000e+000  0.000000e+000  0.000000e+000  0.000000e+000  0.000000e+000  0.000000e+000  
0.000000e+000  0.000000e+000  0.000000e+000  0.000000e+000  0.000000e+000  0.000000e+000  0.000000e+000  0.000000e+000  0.000000e+000  0.000000e+000  0.000000e+000  0.000000e+000  0.000000e+000  0.000000e+000  0.000000e+000  0.000000e+000  0.000000e+000  0.000000e+000  0.000000e+000  0.000000e+000  0.000000e+000  
0.000000e+000  0.000000e+000  0.000000e+000  0.000000e+000  0.000000e+000  0.000000e+000  0.000000e+000  0.000000e+000  0.000000e+000  0.000000e+000  0.000000e+000  0.000000e+000  0.000000e+000  0.000000e+000  0.000000e+000  0.000000e+000  0.000000e+000  0.000000e+000  0.000000e+000  0.000000e+000  0.000000e+000  
0.000000e+000  0.000000e+000  0.000000e+000  0.000000e+000  0.000000e+000  0.000000e+000  0.000000e+000  0.000000e+000  0.000000e+000  0.000000e+000  0.000000e+000  0.000000e+000  0.000000e+000  0.000000e+000  0.000000e+000  0.000000e+000  0.000000e+000  0.000000e+000  0.000000e+000  0.000000e+000  0.000000e+000  
0.000000e+000  0.000000e+000  0.000000e+000  0.000000e+000  0.000000e+000  0.000000e+000  0.000000e+000  0.000000e+000  0.000000e+000  0.000000e+000  0.000000e+000  0.000000e+000  0.000000e+000  0.000000e+000  0.000000e+000  0.000000e+000  0.000000e+000  0.000000e+000  0.000000e+000  0.000000e+000  0.000000e+000  
0.000000e+000  0.000000e+000  0.000000e+000  0.000000e+000  0.000000e+000  0.000000e+000  0.000000e+000  0.000000e+000  0.000000e+000  0.000000e+000  0.000000e+000  0.000000e+000  0.000000e+000  0.000000e+000  0.000000e+000  0.000000e+000  0.000000e+000  0.000000e+000  0.000000e+000  0.000000e+000  0.000000e+000  
0.000000e+000  0.000000e+000  0.000000e+000  0.000000e+000  0.000000e+000  0.000000e+000  0.000000e+000  0.000000e+000  0.000000e+000  0.000000e+000  0.000000e+000  0.000000e+000  0.000000e+000  0.000000e+000  0.000000e+000  0.000000e+000  0.000000e+000  0.000000e+000  0.000000e+000  0.000000e+000  0.000000e+000  
0.000000e+000  0.000000e+000  0.000000e+000  0.000000e+000  0.000000e+000  0.000000e+000  0.000000e+000  0.000000e+000  0.000000e+000  0.000000e+000  0.000000e+000  0.000000e+000  0.000000e+000  0.000000e+000  0.000000e+000  0.000000e+000  0.000000e+000  0.000000e+000  0.000000e+000  0.000000e+000  0.000000e+000  

0.000000e+000  0.000000e+000  0.000000e+000  0.000000e+000  0.000000e+000  0.000000e+000  0.000000e+000  0.000000e+000  0.000000e+000  0.000000e+000  0.000000e+000  0.000000e+000  0.000000e+000  0.000000e+000  0.000000e+000  0.000000e+000  0.000000e+000  0.000000e+000  0.000000e+000  0.000000e+000  0.000000e+000  
0.000000e+000  0.000000e+000  0.000000e+000  0.000000e+000  0.000000e+000  0.000000e+000  0.000000e+000  0.000000e+000  0.000000e+000  0.000000e+000  0.000000e+000  0.000000e+000  0.000000e+000  0.000000e+000  0.000000e+000  0.000000e+000  0.000000e+000  0.000000e+000  0.000000e+000  0.000000e+000  0.000000e+000  
0.000000e+000  0.000000e+000  0.000000e+000  0.000000e+000  0.000000e+000  0.000000e+000  0.000000e+000  0.000000e+000  0.000000e+000  0.000000e+000  0.000000e+000  0.000000e+000  0.000000e+000  0.000000e+000  0.000000e+000  0.000000e+000  0.000000e+000  0.000000e+000  0.000000e+000  0.000000e+000  0.000000e+000  
0.000000e+000  0.000000e+000  0.000000e+000  0.000000e+000  0.000000e+000  0.000000e+000  0.000000e+000  0.000000e+000  0.000000e+000  0.000000e+000  0.000000e+000  0.000000e+000  0.000000e+000  0.000000e+000  0.000000e+000  0.000000e+000  0.000000e+000  0.000000e+000  0.000000e+000  0.000000e+000  0.000000e+000  
0.000000e+000  0.000000e+000  0.000000e+000  0.000000e+000  0.000000e+000  0.000000e+000  0.000000e+000  0.000000e+000  0.000000e+000  0.000000e+000  0.000000e+000  0.000000e+000  0.000000e+000  0.000000e+000  0.000000e+000  0.000000e+000  0.000000e+000  0.000000e+000  0.000000e+000  0.000000e+000  0.000000e+000  
0.000000e+000  0.000000e+000  0.000000e+000  0.000000e+000  0.000000e+000  0.000000e+000  0.000000e+000  0.000000e+000  0.000000e+000  0.000000e+000  0.000000e+000  0.000000e+000  0.000000e+000  0.000000e+000  0.000000e+000  0.000000e+000  0.000000e+000  0.000000e+000  0.000000e+000  0.000000e+000  0.000000e+000  
0.000000e+000  0.000000e+000  0.000000e+000  0.000000e+000  0.000000e+000  0.000000e+000  0.000000e+000  0.000000e+000  0.000000e+000  0.000000e+000  0.000000e+000  0.000000e+000  0.000000e+000  0.000000e+000  0.000000e+000  0.000000e+000  0.000000e+000  0.000000e+000  0.000000e+000  0.000000e+000  0.000000e+000  
0.000000e+000  0.000000e+000  0.000000e+000  0.000000e+000  0.000000e+000  0.000000e+000  0.000000e+000  0.000000e+000  0.000000e+000  0.000000e+000  0.000000e+000  0.000000e+000  0.000000e+000  0.000000e+000  0.000000e+000  0.000000e+000  0.000000e+000  0.000000e+000  0.000000e+000  0.000000e+000  0.000000e+000  
0.000000e+000  0.000000e+000  0.000000e+000  0.000000e+000  0.000000e+000  0.000000e+000  0.000000e+000  0.000000e+000  0.000000e+000  0.000000e+000  0.000000e+000  0.000000e+000  0.000000e+000  0.000000e+000  0.000000e+000  0.000000e+000  0.000000e+000  0.000000e+000  0.000000e+000  0.000000e+000  0.000000e+000  
0.000000e+000  0.000000e+000  0.000000e+000  0.000000e+000  0.000000e+000  0.000000e+000  0.000000e+000  0.000000e+000  0.000000e+000  0.000000e+000  0.000000e+000  0.000000e+000  0.000000e+000  0.000000e+000  0.000000e+000  0.000000e+000  0.000000e+000  0.000000e+000  0.000000e+000  0.000000e+000  0.000000e+000  
0.000000e+000  0.000000e+000  0.000000e+000  0.000000e+000  0.000000e+000  0.000000e+000  0.000000e+000  0.000000e+000  0.000000e+000  0.000000e+000  0.000000e+000  0.000000e+000  0.000000e+000  0.000000e+000  0.000000e+000  0.000000e+000  0.000000e+000  0.000000e+000  0.000000e+000  0.000000e+000  0.000000e+000  
0.000000e+000  0.000000e+000  0.000000e+000  0.000000e+000  0.000000e+000  0.000000e+000  0.000000e+000  0.000000e+000  0.000000e+000  0.000000e+000  0.000000e+000  0.000000e+000  0.000000e+000  0.000000e+000  0.000000e+000  0.000000e+000  0.000000e+000  0.000000e+000  0.000000e+000  0.000000e+000  0.000000e+000  
0.000000e+000  0.000000e+000  0.000000e+000  0.000000e+000  0.000000e+000  0.000000e+000  0.000000e+000  0.000000e+000  0.000000e+000  0.000000e+000  0.000000e+000  0.000000e+000  0.000000e+000  0.000000e+000  0.000000e+000  0.000000e+000  0.000000e+000  0.000000e+000  0.000000e+000  0.000000e+000  0.000000e+000  
0.000000e+000  0.000000e+000  0.000000e+000  0.000000e+000  0.000000e+000  0.000000e+000  0.000000e+000  0.000000e+000  0.000000e+000  0.000000e+000  0.000000e+000  0.000000e+000  0.000000e+000  0.000000e+000  0.000000e+000  0.000000e+000  0.000000e+000  0.000000e+000  0.000000e+000  0.000000e+000  0.000000e+000  
0.000000e+000  0.000000e+000  0.000000e+000  0.000000e+000  0.000000e+000  0.000000e+000  0.000000e+000  0.000000e+000  0.000000e+000  0.000000e+000  0.000000e+000  0.000000e+000  0.000000e+000  0.000000e+000  0.000000e+000  0.000000e+000  0.000000e+000  0.000000e+000  0.000000e+000  0.000000e+000  0.000000e+000  
0.000000e+000  0.000000e+000  0.000000e+000  0.000000e+000  0.000000e+000  0.000000e+000  0.000000e+000  0.000000e+000  0.000000e+000  0.000000e+000  0.000000e+000  0.000000e+000  0.000000e+000  0.000000e+000  0.000000e+000  0.000000e+000  0.000000e+000  0.000000e+000  0.000000e+000  0.000000e+000  0.000000e+000  
0.000000e+000  0.000000e+000  0.000000e+000  0.000000e+000  0.000000e+000  0.000000e+000  0.000000e+000  0.000000e+000  0.000000e+000  0.000000e+000  0.000000e+000  0.000000e+000  0.000000e+000  0.000000e+000  0.000000e+000  0.000000e+000  0.000000e+000  0.000000e+000  0.000000e+000  0.000000e+000  0.000000e+000  
0.000000e+000  0.000000e+000  0.000000e+000  0.000000e+000  0.000000e+000  0.000000e+000  0.000000e+000  0.000000e+000  0.000000e+000  0.000000e+000  0.000000e+000  0.000000e+000  0.000000e+000  0.000000e+000  0.000000e+000  0.000000e+000  0.000000e+000  0.000000e+000  0.000000e+000  0.000000e+000  0.000000e+000  
0.000000e+000  0.000000e+000  0.000000e+000  0.000000e+000  0.000000e+000  0.000000e+000  0.000000e+000  0.000000e+000  0.000000e+000  0.000000e+000  0.000000e+000  0.000000e+000  0.000000e+000  0.000000e+000  0.000000e+000  0.000000e+000  0.000000e+000  0.000000e+000  0.000000e+000  0.000000e+000  0.000000e+000  
0.000000e+000  0.000000e+000  0.000000e+000  0.000000e+000  0.000000e+000  0.000000e+000  0.000000e+000  0.000000e+000  0.000000e+000  0.000000e+000  0.000000e+000  0.000000e+000  0.000000e+000  0.000000e+000  0.000000e+000  0.000000e+000  0.000000e+000  0.000000e+000  0.000000e+000  0.000000e+000  0.000000e+000  
0.000000e+000  0.000000e+000  0.000000e+000  0.000000e+000  0.000000e+000  0.000000e+000  0.000000e+000  0.000000e+000  0.000000e+000  0.000000e+000  0.000000e+000  0.000000e+000  0.000000e+000  0.000000e+000  0.000000e+000  0.000000e+000  0.000000e+000  0.000000e+000  0.000000e+000  0.000000e+000  0.000000e+000  
0.000000e+000  0.000000e+000  0.000000e+000  0.000000e+000  0.000000e+000  0.000000e+000  0.000000e+000  0.000000e+000  0.000000e+000  0.000000e+000  0.000000e+000  0.000000e+000  0.000000e+000  0.000000e+000  0.000000e+000  0.000000e+000  0.000000e+000  0.000000e+000  0.000000e+000  0.000000e+000  0.000000e+000  
0.000000e+000  0.000000e+000  0.000000e+000  0.000000e+000  0.000000e+000  0.000000e+000  0.000000e+000  0.000000e+000  0.000000e+000  0.000000e+000  0.000000e+000  0.000000e+000  0.000000e+000  0.000000e+000  0.000000e+000  0.000000e+000  0.000000e+000  0.000000e+000  0.000000e+000  0.000000e+000  0.000000e+000  
0.000000e+000  0.000000e+000  0.000000e+000  0.000000e+000  0.000000e+000  0.000000e+000  0.000000e+000  0.000000e+000  0.000000e+000  0.000000e+000  0.000000e+000  0.000000e+000  0.000000e+000  0.000000e+000  0.000000e+000  0.000000e+000  0.000000e+000  0.000000e+000  0.000000e+000  0.000000e+000  0.000000e+000  
0.000000e+000  0.000000e+000  0.000000e+000  0.000000e+000  0.000000e+000  0.000000e+000  0.000000e+000  0.000000e+000  0.000000e+000  0.000000e+000  0.000000e+000  0.000000e+000  0.000000e+000  0.000000e+000  0.000000e+000  0.000000e+000  0.000000e+000  0.000000e+000  0.000000e+000  0.000000e+000  0.000000e+000  
0.000000e+000  0.000000e+000  0.000000e+000  0.000000e+000  0.000000e+000  0.000000e+000  0.000000e+000  0.000000e+000  0.000000e+000  0.000000e+000  0.000000e+000  0.000000e+000  0.000000e+000  0.000000e+000  0.000000e+000  0.000000e+000  0.000000e+000  0.000000e+000  0.000000e+000  0.000000e+000  0.000000e+000  
0.000000e+000  0.000000e+000  0.000000e+000  0.000000e+000  0.000000e+000  0.000000e+000  0.000000e+000  0.000000e+000  0.000000e+000  0.000000e+000  0.000000e+000  0.000000e+000  0.000000e+000  0.000000e+000  0.000000e+000  0.000000e+000  0.000000e+000  0.000000e+000  0.000000e+000  0.000000e+000  0.000000e+000  
0.000000e+000  0.000000e+000  0.000000e+000  0.000000e+000  0.000000e+000  0.000000e+000  0.000000e+000  0.000000e+000  0.000000e+000  0.000000e+000  0.000000e+000  0.000000e+000  0.000000e+000  0.000000e+000  0.000000e+000  0.000000e+000  0.000000e+000  0.000000e+000  0.000000e+000  0.000000e+000  0.000000e+000  
0.000000e+000  0.000000e+000  0.000000e+000  0.000000e+000  0.000000e+000  0.000000e+000  0.000000e+000  0.000000e+000  0.000000e+000  0.000000e+000  0.000000e+000  0.000000e+000  0.000000e+000  0.000000e+000  0.000000e+000  0.000000e+000  0.000000e+000  0.000000e+000  0.000000e+000  0.000000e+000  0.000000e+000  
0.000000e+000  0.000000e+000  0.000000e+000  0.000000e+000  0.000000e+000  0.000000e+000  0.000000e+000  0.000000e+000  0.000000e+000  0.000000e+000  0.000000e+000  0.000000e+000  0.000000e+000  0.000000e+000  0.000000e+000  0.000000e+000  0.000000e+000  0.000000e+000  0.000000e+000  0.000000e+000  0.000000e+000  
0.000000e+000  0.000000e+000  0.000000e+000  0.000000e+000  0.000000e+000  0.000000e+000  0.000000e+000  0.000000e+000  0.000000e+000  0.000000e+000  0.000000e+000  0.000000e+000  0.000000e+000  0.000000e+000  0.000000e+000  0.000000e+000  0.000000e+000  0.000000e+000  0.000000e+000  0.000000e+000  0.000000e+000  
0.000000e+000  0.000000e+000  0.000000e+000  0.000000e+000  0.000000e+000  0.000000e+000  0.000000e+000  0.000000e+000  0.000000e+000  0.000000e+000  0.000000e+000  0.000000e+000  0.000000e+000  0.000000e+000  0.000000e+000  0.000000e+000  0.000000e+000  0.000000e+000  0.000000e+000  0.000000e+000  0.000000e+000  
0.000000e+000  0.000000e+000  0.000000e+000  0.000000e+000  0.000000e+000  0.000000e+000  0.000000e+000  0.000000e+000  0.000000e+000  0.000000e+000  0.000000e+000  0.000000e+000  0.000000e+000  0.000000e+000  0.000000e+000  0.000000e+000  0.000000e+000  0.000000e+000  0.000000e+000  0.000000e+000  0.000000e+000  
0.000000e+000  0.000000e+000  0.000000e+000  0.000000e+000  0.000000e+000  0.000000e+000  0.000000e+000  0.000000e+000  0.000000e+000  0.000000e+000  0.000000e+000  0.000000e+000  0.000000e+000  0.000000e+000  0.000000e+000  0.000000e+000  0.000000e+000  0.000000e+000  0.000000e+000  0.000000e+000  0.000000e+000  
0.000000e+000  0.000000e+000  0.000000e+000  0.000000e+000  0.000000e+000  0.000000e+000  0.000000e+000  0.000000e+000  0.000000e+000  0.000000e+000  0.000000e+000  0.000000e+000  0.000000e+000  0.000000e+000  0.000000e+000  0.000000e+000  0.000000e+000  0.000000e+000  0.000000e+000  0.000000e+000  0.000000e+000  
0.000000e+000  0.000000e+000  0.000000e+000  0.000000e+000  0.000000e+000  0.000000e+000  0.000000e+000  0.000000e+000  0.000000e+000  0.000000e+000  0.000000e+000  0.000000e+000  0.000000e+000  0.000000e+000  0.000000e+000  0.000000e+000  0.000000e+000  0.000000e+000  0.000000e+000  0.000000e+000  0.000000e+000  
0.000000e+000  0.000000e+000  0.000000e+000  0.000000e+000  0.000000e+000  0.000000e+000  0.000000e+000  0.000000e+000  0.000000e+000  0.000000e+000  0.000000e+000  0.000000e+000  0.000000e+000  0.000000e+000  0.000000e+000  0.000000e+000  0.000000e+000  0.000000e+000  0.000000e+000  0.000000e+000  0.000000e+000  
0.000000e+000  0.000000e+000  0.000000e+000  0.000000e+000  0.000000e+000  0.000000e+000  0.000000e+000  0.000000e+000  0.000000e+000  0.000000e+000  0.000000e+000  0.000000e+000  0.000000e+000  0.000000e+000  0.000000e+000  0.000000e+000  0.000000e+000  0.000000e+000  0.000000e+000  0.000000e+000  0.000000e+000  
0.000000e+000  0.000000e+000  0.000000e+000  0.000000e+000  0.000000e+000  0.000000e+000  0.000000e+000  0.000000e+000  0.000000e+000  0.000000e+000  0.000000e+000  0.000000e+000  0.000000e+000  0.000000e+000  0.000000e+000  0.000000e+000  0.000000e+000  0.000000e+000  0.000000e+000  0.000000e+000  0.000000e+000  

0.000000e+000  0.000000e+000  0.000000e+000  0.000000e+000  0.000000e+000  0.000000e+000  0.000000e+000  0.000000e+000  0.000000e+000  0.000000e+000  0.000000e+000  0.000000e+000  0.000000e+000  0.000000e+000  0.000000e+000  0.000000e+000  0.000000e+000  0.000000e+000  0.000000e+000  0.000000e+000  0.000000e+000  
0.000000e+000  0.000000e+000  0.000000e+000  0.000000e+000  0.000000e+000  0.000000e+000  0.000000e+000  0.000000e+000  0.000000e+000  0.000000e+000  0.000000e+000  0.000000e+000  0.000000e+000  0.000000e+000  0.000000e+000  0.000000e+000  0.000000e+000  0.000000e+000  0.000000e+000  0.000000e+000  0.000000e+000  
0.000000e+000  0.000000e+000  0.000000e+000  0.000000e+000  0.000000e+000  0.000000e+000  0.000000e+000  0.000000e+000  0.000000e+000  0.000000e+000  0.000000e+000  0.000000e+000  0.000000e+000  0.000000e+000  0.000000e+000  0.000000e+000  0.000000e+000  0.000000e+000  0.000000e+000  0.000000e+000  0.000000e+000  
0.000000e+000  0.000000e+000  0.000000e+000  0.000000e+000  0.000000e+000  0.000000e+000  0.000000e+000  0.000000e+000  0.000000e+000  0.000000e+000  0.000000e+000  0.000000e+000  0.000000e+000  0.000000e+000  0.000000e+000  0.000000e+000  0.000000e+000  0.000000e+000  0.000000e+000  0.000000e+000  0.000000e+000  
0.000000e+000  0.000000e+000  0.000000e+000  0.000000e+000  0.000000e+000  0.000000e+000  0.000000e+000  0.000000e+000  0.000000e+000  0.000000e+000  0.000000e+000  0.000000e+000  0.000000e+000  0.000000e+000  0.000000e+000  0.000000e+000  0.000000e+000  0.000000e+000  0.000000e+000  0.000000e+000  0.000000e+000  
0.000000e+000  0.000000e+000  0.000000e+000  0.000000e+000  0.000000e+000  0.000000e+000  0.000000e+000  0.000000e+000  0.000000e+000  0.000000e+000  0.000000e+000  0.000000e+000  0.000000e+000  0.000000e+000  0.000000e+000  0.000000e+000  0.000000e+000  0.000000e+000  0.000000e+000  0.000000e+000  0.000000e+000  
0.000000e+000  0.000000e+000  0.000000e+000  0.000000e+000  0.000000e+000  0.000000e+000  0.000000e+000  0.000000e+000  0.000000e+000  0.000000e+000  0.000000e+000  0.000000e+000  0.000000e+000  0.000000e+000  0.000000e+000  0.000000e+000  0.000000e+000  0.000000e+000  0.000000e+000  0.000000e+000  0.000000e+000  
0.000000e+000  0.000000e+000  0.000000e+000  0.000000e+000  0.000000e+000  0.000000e+000  0.000000e+000  0.000000e+000  0.000000e+000  0.000000e+000  0.000000e+000  0.000000e+000  0.000000e+000  0.000000e+000  0.000000e+000  0.000000e+000  0.000000e+000  0.000000e+000  0.000000e+000  0.000000e+000  0.000000e+000  
0.000000e+000  0.000000e+000  0.000000e+000  0.000000e+000  0.000000e+000  0.000000e+000  0.000000e+000  0.000000e+000  0.000000e+000  0.000000e+000  0.000000e+000  0.000000e+000  0.000000e+000  0.000000e+000  0.000000e+000  0.000000e+000  0.000000e+000  0.000000e+000  0.000000e+000  0.000000e+000  0.000000e+000  
0.000000e+000  0.000000e+000  0.000000e+000  0.000000e+000  0.000000e+000  0.000000e+000  0.000000e+000  0.000000e+000  0.000000e+000  0.000000e+000  0.000000e+000  0.000000e+000  0.000000e+000  0.000000e+000  0.000000e+000  0.000000e+000  0.000000e+000  0.000000e+000  0.000000e+000  0.000000e+000  0.000000e+000  
0.000000e+000  0.000000e+000  0.000000e+000  0.000000e+000  0.000000e+000  0.000000e+000  0.000000e+000  0.000000e+000  0.000000e+000  0.000000e+000  0.000000e+000  0.000000e+000  0.000000e+000  0.000000e+000  0.000000e+000  0.000000e+000  0.000000e+000  0.000000e+000  0.000000e+000  0.000000e+000  0.000000e+000  
0.000000e+000  0.000000e+000  0.000000e+000  0.000000e+000  0.000000e+000  0.000000e+000  0.000000e+000  0.000000e+000  0.000000e+000  0.000000e+000  0.000000e+000  0.000000e+000  0.000000e+000  0.000000e+000  0.000000e+000  0.000000e+000  0.000000e+000  0.000000e+000  0.000000e+000  0.000000e+000  0.000000e+000  
0.000000e+000  0.000000e+000  0.000000e+000  0.000000e+000  0.000000e+000  0.000000e+000  0.000000e+000  0.000000e+000  0.000000e+000  0.000000e+000  0.000000e+000  0.000000e+000  0.000000e+000  0.000000e+000  0.000000e+000  0.000000e+000  0.000000e+000  0.000000e+000  0.000000e+000  0.000000e+000  0.000000e+000  
0.000000e+000  0.000000e+000  0.000000e+000  0.000000e+000  0.000000e+000  0.000000e+000  0.000000e+000  0.000000e+000  0.000000e+000  0.000000e+000  0.000000e+000  0.000000e+000  0.000000e+000  0.000000e+000  0.000000e+000  0.000000e+000  0.000000e+000  0.000000e+000  0.000000e+000  0.000000e+000  0.000000e+000  
0.000000e+000  0.000000e+000  0.000000e+000  0.000000e+000  0.000000e+000  0.000000e+000  0.000000e+000  0.000000e+000  0.000000e+000  0.000000e+000  0.000000e+000  0.000000e+000  0.000000e+000  0.000000e+000  0.000000e+000  0.000000e+000  0.000000e+000  0.000000e+000  0.000000e+000  0.000000e+000  0.000000e+000  
0.000000e+000  0.000000e+000  0.000000e+000  0.000000e+000  0.000000e+000  0.000000e+000  0.000000e+000  0.000000e+000  0.000000e+000  0.000000e+000  0.000000e+000  0.000000e+000  0.000000e+000  0.000000e+000  0.000000e+000  0.000000e+000  0.000000e+000  0.000000e+000  0.000000e+000  0.000000e+000  0.000000e+000  
0.000000e+000  0.000000e+000  0.000000e+000  0.000000e+000  0.000000e+000  0.000000e+000  0.000000e+000  0.000000e+000  0.000000e+000  0.000000e+000  0.000000e+000  0.000000e+000  0.000000e+000  0.000000e+000  0.000000e+000  0.000000e+000  0.000000e+000  0.000000e+000  0.000000e+000  0.000000e+000  0.000000e+000  
0.000000e+000  0.000000e+000  0.000000e+000  0.000000e+000  0.000000e+000  0.000000e+000  0.000000e+000  0.000000e+000  0.000000e+000  0.000000e+000  0.000000e+000  0.000000e+000  0.000000e+000  0.000000e+000  0.000000e+000  0.000000e+000  0.000000e+000  0.000000e+000  0.000000e+000  0.000000e+000  0.000000e+000  
0.000000e+000  0.000000e+000  0.000000e+000  0.000000e+000  0.000000e+000  0.000000e+000  0.000000e+000  0.000000e+000  0.000000e+000  0.000000e+000  0.000000e+000  0.000000e+000  0.000000e+000  0.000000e+000  0.000000e+000  0.000000e+000  0.000000e+000  0.000000e+000  0.000000e+000  0.000000e+000  0.000000e+000  
0.000000e+000  0.000000e+000  0.000000e+000  0.000000e+000  0.000000e+000  0.000000e+000  0.000000e+000  0.000000e+000  0.000000e+000  0.000000e+000  0.000000e+000  0.000000e+000  0.000000e+000  0.000000e+000  0.000000e+000  0.000000e+000  0.000000e+000  0.000000e+000  0.000000e+000  0.000000e+000  0.000000e+000  
0.000000e+000  0.000000e+000  0.000000e+000  0.000000e+000  0.000000e+000  0.000000e+000  0.000000e+000  0.000000e+000  0.000000e+000  0.000000e+000  0.000000e+000  0.000000e+000  0.000000e+000  0.000000e+000  0.000000e+000  0.000000e+000  0.000000e+000  0.000000e+000  0.000000e+000  0.000000e+000  0.000000e+000  
0.000000e+000  0.000000e+000  0.000000e+000  0.000000e+000  0.000000e+000  0.000000e+000  0.000000e+000  0.000000e+000  0.000000e+000  0.000000e+000  0.000000e+000  0.000000e+000  0.000000e+000  0.000000e+000  0.000000e+000  0.000000e+000  0.000000e+000  0.000000e+000  0.000000e+000  0.000000e+000  0.000000e+000  
0.000000e+000  0.000000e+000  0.000000e+000  0.000000e+000  0.000000e+000  0.000000e+000  0.000000e+000  0.000000e+000  0.000000e+000  0.000000e+000  0.000000e+000  0.000000e+000  0.000000e+000  0.000000e+000  0.000000e+000  0.000000e+000  0.000000e+000  0.000000e+000  0.000000e+000  0.000000e+000  0.000000e+000  
0.000000e+000  0.000000e+000  0.000000e+000  0.000000e+000  0.000000e+000  0.000000e+000  0.000000e+000  0.000000e+000  0.000000e+000  0.000000e+000  0.000000e+000  0.000000e+000  0.000000e+000  0.000000e+000  0.000000e+000  0.000000e+000  0.000000e+000  0.000000e+000  0.000000e+000  0.000000e+000  0.000000e+000  
0.000000e+000  0.000000e+000  0.000000e+000  0.000000e+000  0.000000e+000  0.000000e+000  0.000000e+000  0.000000e+000  0.000000e+000  0.000000e+000  0.000000e+000  0.000000e+000  0.000000e+000  0.000000e+000  0.000000e+000  0.000000e+000  0.000000e+000  0.000000e+000  0.000000e+000  0.000000e+000  0.000000e+000  
0.000000e+000  0.000000e+000  0.000000e+000  0.000000e+000  0.000000e+000  0.000000e+000  0.000000e+000  0.000000e+000  0.000000e+000  0.000000e+000  0.000000e+000  0.000000e+000  0.000000e+000  0.000000e+000  0.000000e+000  0.000000e+000  0.000000e+000  0.000000e+000  0.000000e+000  0.000000e+000  0.000000e+000  
0.000000e+000  0.000000e+000  0.000000e+000  0.000000e+000  0.000000e+000  0.000000e+000  0.000000e+000  0.000000e+000  0.000000e+000  0.000000e+000  0.000000e+000  0.000000e+000  0.000000e+000  0.000000e+000  0.000000e+000  0.000000e+000  0.000000e+000  0.000000e+000  0.000000e+000  0.000000e+000  0.000000e+000  
0.000000e+000  0.000000e+000  0.000000e+000  0.000000e+000  0.000000e+000  0.000000e+000  0.000000e+000  0.000000e+000  0.000000e+000  0.000000e+000  0.000000e+000  0.000000e+000  0.000000e+000  0.000000e+000  0.000000e+000  0.000000e+000  0.000000e+000  0.000000e+000  0.000000e+000  0.000000e+000  0.000000e+000  
0.000000e+000  0.000000e+000  0.000000e+000  0.000000e+000  0.000000e+000  0.000000e+000  0.000000e+000  0.000000e+000  0.000000e+000  0.000000e+000  0.000000e+000  0.000000e+000  0.000000e+000  0.000000e+000  0.000000e+000  0.000000e+000  0.000000e+000  0.000000e+000  0.000000e+000  0.000000e+000  0.000000e+000  
0.000000e+000  0.000000e+000  0.000000e+000  0.000000e+000  0.000000e+000  0.000000e+000  0.000000e+000  0.000000e+000  0.000000e+000  0.000000e+000  0.000000e+000  0.000000e+000  0.000000e+000  0.000000e+000  0.000000e+000  0.000000e+000  0.000000e+000  0.000000e+000  0.000000e+000  0.000000e+000  0.000000e+000  
0.000000e+000  0.000000e+000  0.000000e+000  0.000000e+000  0.000000e+000  0.000000e+000  0.000000e+000  0.000000e+000  0.000000e+000  0.000000e+000  0.000000e+000  0.000000e+000  0.000000e+000  0.000000e+000  0.000000e+000  0.000000e+000  0.000000e+000  0.000000e+000  0.000000e+000  0.000000e+000  0.000000e+000  
0.000000e+000  0.000000e+000  0.000000e+000  0.000000e+000  0.000000e+000  0.000000e+000  0.000000e+000  0.000000e+000  0.000000e+000  0.000000e+000  0.000000e+000  0.000000e+000  0.000000e+000  0.000000e+000  0.000000e+000  0.000000e+000  0.000000e+000  0.000000e+000  0.000000e+000  0.000000e+000  0.000000e+000  
0.000000e+000  0.000000e+000  0.000000e+000  0.000000e+000  0.000000e+000  0.000000e+000  0.000000e+000  0.000000e+000  0.000000e+000  0.000000e+000  0.000000e+000  0.000000e+000  0.000000e+000  0.000000e+000  0.000000e+000  0.000000e+000  0.000000e+000  0.000000e+000  0.000000e+000  0.000000e+000  0.000000e+000  
0.000000e+000  0.000000e+000  0.000000e+000  0.000000e+000  0.000000e+000  0.000000e+000  0.000000e+000  0.000000e+000  0.000000e+000  0.000000e+000  0.000000e+000  0.000000e+000  0.000000e+000  0.000000e+000  0.000000e+000  0.000000e+000  0.000000e+000  0.000000e+000  0.000000e+000  0.000000e+000  0.000000e+000  
0.000000e+000  0.000000e+000  0.000000e+000  0.000000e+000  0.000000e+000  0.000000e+000  0.000000e+000  0.000000e+000  0.000000e+000  0.000000e+000  0.000000e+000  0.000000e+000  0.000000e+000  0.000000e+000  0.000000e+000  0.000000e+000  0.000000e+000  0.000000e+000  0.000000e+000  0.000000e+000  0.000000e+000  
0.000000e+000  0.000000e+000  0.000000e+000  0.000000e+000  0.000000e+000  0.000000e+000  0.000000e+000  0.000000e+000  0.000000e+000  0.000000e+000  0.000000e+000  0.000000e+000  0.000000e+000  0.000000e+000  0.000000e+000  0.000000e+000  0.000000e+000  0.000000e+000  0.000000e+000  0.000000e+000  0.000000e+000  
0.000000e+000  0.000000e+000  0.000000e+000  0.000000e+000  0.000000e+000  0.000000e+000  0.000000e+000  0.000000e+000  0.000000e+000  0.000000e+000  0.000000e+000  0.000000e+000  0.000000e+000  0.000000e+000  0.000000e+000  0.000000e+000  0.000000e+000  0.000000e+000  0.000000e+000  0.000000e+000  0.000000e+000  
0.000000e+000  0.000000e+000  0.000000e+000  0.000000e+000  0.000000e+000  0.000000e+000  0.000000e+000  0.000000e+000  0.000000e+000  0.000000e+000  0.000000e+000  0.000000e+000  0.000000e+000  0.000000e+000  0.000000e+000  0.000000e+000  0.000000e+000  0.000000e+000  0.000000e+000  0.000000e+000  0.000000e+000  
0.000000e+000  0.000000e+000  0.000000e+000  0.000000e+000  0.000000e+000  0.000000e+000  0.000000e+000  0.000000e+000  0.000000e+000  0.000000e+000  0.000000e+000  0.000000e+000  0.000000e+000  0.000000e+000  0.000000e+000  0.000000e+000  0.000000e+000  0.000000e+000  0.000000e+000  0.000000e+000  0.000000e+000  

-6.728353e-001  -6.728353e-001  -6.728353e-001  -6.728353e-001  -6.728353e-001  -6.728353e-001  -6.728353e-001  -6.728353e-001  -6.728353e-001  -6.728353e-001  -6.728353e-001  -6.728353e-001  -6.728353e-001  -6.728353e-001  -6.728353e-001  -6.728353e-001  -6.728353e-001  -6.728353e-001  -6.728353e-001  -6.728353e-001  -0.000000e+000  
-6.722756e-001  -6.722756e-001  -6.722756e-001  -6.722756e-001  -6.722756e-001  -6.722756e-001  -6.722756e-001  -6.722756e-001  -6.722756e-001  -6.722756e-001  -6.722756e-001  -6.722756e-001  -6.722756e-001  -6.722756e-001  -6.722756e-001  -6.722756e-001  -6.722756e-001  -6.722756e-001  -6.722756e-001  -6.722756e-001  -0.000000e+000  
-6.711566e-001  -6.711566e-001  -6.711566e-001  -6.711566e-001  -6.711566e-001  -6.711566e-001  -6.711566e-001  -6.711566e-001  -6.711566e-001  -6.711566e-001  -6.711566e-001  -6.711566e-001  -6.711566e-001  -6.711566e-001  -6.711566e-001  -6.711566e-001  -6.711566e-001  -6.711566e-001  -6.711566e-001  -6.711566e-001  -0.000000e+000  
-6.667588e-001  -6.667588e-001  -6.667588e-001  -6.667588e-001  -6.667588e-001  -6.667588e-001  -6.667588e-001  -6.667588e-001  -6.667588e-001  -6.667588e-001  -6.667588e-001  -6.667588e-001  -6.667588e-001  -6.667588e-001  -6.667588e-001  -6.667588e-001  -6.667588e-001  -6.667588e-001  -6.667588e-001  -6.667588e-001  -0.000000e+000  
-6.487360e-001  -6.487360e-001  -6.487360e-001  -6.487360e-001  -6.487360e-001  -6.487360e-001  -6.487360e-001  -6.487359e-001  -6.487359e-001  -6.487359e-001  -6.487359e-001  -6.487359e-001  -6.487359e-001  -6.487359e-001  -6.487359e-001  -6.487359e-001  -6.487359e-001  -6.487359e-001  -6.487359e-001  -6.487359e-001  -0.000000e+000  
-6.178885e-001  -6.178885e-001  -6.178885e-001  -6.178885e-001  -6.178885e-001  -6.178885e-001  -6.178885e-001  -6.178885e-001  -6.178885e-001  -6.178885e-001  -6.178885e-001  -6.178884e-001  -6.178884e-001  -6.178884e-001  -6.178884e-001  -6.178884e-001  -6.178884e-001  -6.178884e-001  -6.178884e-001  -6.178884e-001  -0.000000e+000  
-5.756974e-001  -5.756974e-001  -5.756974e-001  -5.756974e-001  -5.756974e-001  -5.756974e-001  -5.756974e-001  -5.756974e-001  -5.756974e-001  -5.756974e-001  -5.756974e-001  -5.756974e-001  -5.756974e-001  -5.756974e-001  -5.756974e-001  -5.756974e-001  -5.756974e-001  -5.756974e-001  -5.756974e-001  -5.756974e-001  -0.000000e+000  
-5.229374e-001  -5.229374e-001  -5.229374e-001  -5.229374e-001  -5.229374e-001  -5.229374e-001  -5.229374e-001  -5.229374e-001  -5.229374e-001  -5.229374e-001  -5.229374e-001  -5.229374e-001  -5.229374e-001  -5.229374e-001  -5.229374e-001  -5.229374e-001  -5.229374e-001  -5.229374e-001  -5.229374e-001  -5.229374e-001  -0.000000e+000  
-4.605771e-001  -4.605771e-001  -4.605771e-001  -4.605771e-001  -4.605771e-001  -4.605771e-001  -4.605771e-001  -4.605771e-001  -4.605771e-001  -4.605771e-001  -4.605771e-001  -4.605771e-001  -4.605771e-001  -4.605771e-001  -4.605771e-001  -4.605771e-001  -4.605771e-001  -4.605771e-001  -4.605771e-001  -4.605771e-001  -0.000000e+000  
-3.897612e-001  -3.897612e-001  -3.897612e-001  -3.897612e-001  -3.897612e-001  -3.897612e-001  -3.897612e-001  -3.897612e-001  -3.897612e-001  -3.897612e-001  -3.897612e-001  -3.897612e-001  -3.897612e-001  -3.897612e-001  -3.897612e-001  -3.897612e-001  -3.897612e-001  -3.897612e-001  -3.897612e-001  -3.897612e-001  -0.000000e+000  
-3.117899e-001  -3.117899e-001  -3.117899e-001  -3.117899e-001  -3.117899e-001  -3.117899e-001  -3.117899e-001  -3.117899e-001  -3.117899e-001  -3.117899e-001  -3.117899e-001  -3.117899e-001  -3.117899e-001  -3.117899e-001  -3.117899e-001  -3.117899e-001  -3.117899e-001  -3.117899e-001  -3.117899e-001  -3.117899e-001  -0.000000e+000  
-2.280945e-001  -2.280945e-001  -2.280945e-001  -2.280945e-001  -2.280945e-001  -2.280945e-001  -2.280945e-001  -2.280945e-001  -2.280945e-001  -2.280945e-001  -2.280945e-001  -2.280945e-001  -2.280945e-001  -2.280945e-001  -2.280945e-001  -2.280945e-001  -2.280945e-001  -2.280945e-001  -2.280945e-001  -2.280945e-001  -0.000000e+000  
-1.444568e-001  -1.444568e-001  -1.444568e-001  -1.444568e-001  -1.444568e-001  -1.444568e-001  -1.444568e-001  -1.444568e-001  -1.444568e-001  -1.444568e-001  -1.444568e-001  -1.444568e-001  -1.444568e-001  -1.444568e-001  -1.444568e-001  -1.444568e-001  -1.444568e-001  -1.444568e-001  -1.444568e-001  -1.444568e-001  -0.000000e+000  
-9.406951e-002  -9.406951e-002  -9.406951e-002  -9.406951e-002  -9.406952e-002  -9.406952e-002  -9.406952e-002  -9.406952e-002  -9.406952e-002  -9.406952e-002  -9.406952e-002  -9.406951e-002  -9.406951e-002  -9.406951e-002  -9.406951e-002  -9.406951e-002  -9.406951e-002  -9.406952e-002  -9.406952e-002  -9.406952e-002  -0.000000e+000  
-7.477381e-002  -7.477381e-002  -7.477381e-002  -7.477382e-002  -7.477382e-002  -7.477382e-002  -7.477382e-002  -7.477382e-002  -7.477382e-002  -7.477382e-002  -7.477382e-002  -7.477381e-002  -7.477381e-002  -7.477381e-002  -7.477381e-002  -7.477381e-002  -7.477381e-002  -7.477382e-002  -7.477382e-002  -7.477382e-002  -0.000000e+000  
-5.541591e-002  -5.541591e-002  -5.541591e-002  -5.541591e-002  -5.541591e-002  -5.541591e-002  -5.541591e-002  -5.541591e-002  -5.541591e-002  -5.541591e-002  -5.541591e-002  -5.541591e-002  -5.541591e-002  -5.541591e-002  -5.541591e-002  -5.541591e-002  -5.541591e-002  -5.541591e-002  -5.541591e-002  -5.541591e-002  -0.000000e+000  
-3.782436e-002  -3.782436e-002  -3.782436e-002  -3.782436e-002  -3.782436e-002  -3.782436e-002  -3.782436e-002  -3.782436e-002  -3.782436e-002  -3.782436e-002  -3.782436e-002  -3.782436e-002  -3.782436e-002  -3.782436e-002  -3.782436e-002  -3.782436e-002  -3.782436e-002  -3.782436e-002  -3.782436e-002  -3.782436e-002  -0.000000e+000  
-2.202445e-002  -2.202445e-002  -2.202445e-002  -2.202445e-002  -2.202445e-002  -2.202445e-002  -2.202445e-002  -2.202445e-002  -2.202445e-002  -2.202445e-002  -2.202445e-002  -2.202445e-002  -2.202445e-002  -2.202445e-002  -2.202445e-002  -2.202445e-002  -2.202445e-002  -2.202445e-002  -2.202445e-002  -2.202445e-002  -0.000000e+000  
-7.059992e-003  -7.059991e-003  -7.059991e-003  -7.059992e-003  -7.059992e-003  -7.059992e-003  -7.059991e-003  -7.059992e-003  -7.059991e-003  -7.059991e-003  -7.059991e-003  -7.059990e-003  -7.059993e-003  -7.059993e-003  -7.059993e-003  -7.059992e-003  -7.059990e-003  -7.059991e-003  -7.059991e-003  -7.059991e-003  -0.000000e+000  
7.059991e-003  7.059991e-003  7.059991e-003  7.059993e-003  7.059992e-003  7.059991e-003  7.059991e-003  7.059991e-003  7.059991e-003  7.059992e-003  7.059991e-003  7.059990e-003  7.059993e-003  7.059993e-003  7.059993e-003  7.059992e-003  7.059990e-003  7.059991e-003  7.059991e-003  7.059991e-003  -0.000000e+000  
2.202445e-002  2.202445e-002  2.202445e-002  2.202445e-002  2.202445e-002  2.202445e-002  2.202445e-002  2.202445e-002  2.202445e-002  2.202445e-002  2.202445e-002  2.202445e-002  2.202445e-002  2.202445e-002  2.202445e-002  2.202445e-002  2.202445e-002  2.202445e-002  2.202445e-002  2.202445e-002  -0.000000e+000  
3.782436e-002  3.782436e-002  3.782436e-002  3.782436e-002  3.782436e-002  3.782436e-002  3.782436e-002  3.782436e-002  3.782436e-002  3.782436e-002  3.782436e-002  3.782436e-002  3.782436e-002  3.782436e-002  3.782436e-002  3.782436e-002  3.782436e-002  3.782436e-002  3.782436e-002  3.782436e-002  -0.000000e+000  
5.541591e-002  5.541591e-002  5.541591e-002  5.541591e-002  5.541591e-002  5.541591e-002  5.541591e-002  5.541591e-002  5.541591e-002  5.541591e-002  5.541591e-002  5.541591e-002  5.541591e-002  5.541591e-002  5.541591e-002  5.541591e-002  5.541591e-002  5.541591e-002  5.541591e-002  5.541591e-002  -0.000000e+000  
7.477381e-002  7.477381e-002  7.477381e-002  7.477382e-002  7.477382e-002  7.477382e-002  7.477382e-002  7.477382e-002  7.477382e-002  7.477382e-002  7.477382e-002  7.477381e-002  7.477381e-002  7.477381e-002  7.477381e-002  7.477381e-002  7.477381e-002  7.477382e-002  7.477382e-002  7.477382e-002  -0.000000e+000  
9.406951e-002  9.406951e-002  9.406951e-002  9.406951e-002  9.406952e-002  9.406952e-002  9.406952e-002  9.406952e-002  9.406952e-002  9.406952e-002  9.406952e-002  9.406951e-002  9.406951e-002  9.406951e-002  9.406951e-002  9.406951e-002  9.406951e-002  9.406952e-002  9.406952e-002  9.406952e-002  -0.000000e+000  
1.444568e-001  1.444568e-001  1.444568e-001  1.444568e-001  1.444568e-001  1.444568e-001  1.444568e-001  1.444568e-001  1.444568e-001  1.444568e-001  1.444568e-001  1.444568e-001  1.444568e-001  1.444568e-001  1.444568e-001  1.444568e-001  1.444568e-001  1.444568e-001  1.444568e-001  1.444568e-001  -0.000000e+000  
2.280945e-001  2.280945e-001  2.280945e-001  2.280945e-001  2.280945e-001  2.280945e-001  2.280945e-001  2.280945e-001  2.280945e-001  2.280945e-001  2.280945e-001  2.280945e-001  2.280945e-001  2.280945e-001  2.280945e-001  2.280945e-001  2.280945e-001  2.280945e-001  2.280945e-001  2.280945e-001  -0.000000e+000  
3.117899e-001  3.117899e-001  3.117899e-001  3.117899e-001  3.117899e-001  3.117899e-001  3.117899e-001  3.117899e-001  3.117899e-001  3.117899e-001  3.117899e-001  3.117899e-001  3.117899e-001  3.117899e-001  3.117899e-001  3.117899e-001  3.117899e-001  3.117899e-001  3.117899e-001  3.117899e-001  -0.000000e+000  
3.897612e-001  3.897612e-001  3.897612e-001  3.897612e-001  3.897612e-001  3.897612e-001  3.897612e-001  3.897612e-001  3.897612e-001  3.897612e-001  3.897612e-001  3.897612e-001  3.897612e-001  3.897612e-001  3.897612e-001  3.897612e-001  3.897612e-001  3.897612e-001  3.897612e-001  3.897612e-001  -0.000000e+000  
4.605771e-001  4.605771e-001  4.605771e-001  4.605771e-001  4.605771e-001  4.605771e-001  4.605771e-001  4.605771e-001  4.605771e-001  4.605771e-001  4.605771e-001  4.605771e-001  4.605771e-001  4.605771e-001  4.605771e-001  4.605771e-001  4.605771e-001  4.605771e-001  4.605771e-001  4.605771e-001  -0.000000e+000  
5.229374e-001  5.229374e-001  5.229374e-001  5.229374e-001  5.229374e-001  5.229374e-001  5.229374e-001  5.229374e-001  5.229374e-001  5.229374e-001  5.229374e-001  5.229374e-001  5.229374e-001  5.229374e-001  5.229374e-001  5.229374e-001  5.229374e-001  5.229374e-001  5.229374e-001  5.229374e-001  -0.000000e+000  
5.756974e-001  5.756974e-001  5.756974e-001  5.756974e-001  5.756974e-001  5.756974e-001  5.756974e-001  5.756974e-001  5.756974e-001  5.756974e-001  5.756974e-001  5.756974e-001  5.756974e-001  5.756974e-001  5.756974e-001  5.756974e-001  5.756974e-001  5.756974e-001  5.756974e-001  5.756974e-001  -0.000000e+000  
6.178885e-001  6.178885e-001  6.178885e-001  6.178885e-001  6.178885e-001  6.178885e-001  6.178885e-001  6.178885e-001  6.178885e-001  6.178885e-001  6.178885e-001  6.178884e-001  6.178884e-001  6.178884e-001  6.178884e-001  6.178884e-001  6.178884e-001  6.178884e-001  6.178884e-001  6.178884e-001  -0.000000e+000  
6.487360e-001  6.487360e-001  6.487360e-001  6.487360e-001  6.487360e-001  6.487360e-001  6.487360e-001  6.487359e-001  6.487359e-001  6.487359e-001  6.487359e-001  6.487359e-001  6.487359e-001  6.487359e-001  6.487359e-001  6.487359e-001  6.487359e-001  6.487359e-001  6.487359e-001  6.487359e-001  -0.000000e+000  
6.667588e-001  6.667588e-001  6.667588e-001  6.667588e-001  6.667588e-001  6.667588e-001  6.667588e-001  6.667588e-001  6.667588e-001  6.667588e-001  6.667588e-001  6.667588e-001  6.667588e-001  6.667588e-001  6.667588e-001  6.667588e-001  6.667588e-001  6.667588e-001  6.667588e-001  6.667588e-001  -0.000000e+000  
6.711566e-001  6.711566e-001  6.711566e-001  6.711566e-001  6.711566e-001  6.711566e-001  6.711566e-001  6.711566e-001  6.711566e-001  6.711566e-001  6.711566e-001  6.711566e-001  6.711566e-001  6.711566e-001  6.711566e-001  6.711566e-001  6.711566e-001  6.711566e-001  6.711566e-001  6.711566e-001  -0.000000e+000  
6.722756e-001  6.722756e-001  6.722756e-001  6.722756e-001  6.722756e-001  6.722756e-001  6.722756e-001  6.722756e-001  6.722756e-001  6.722756e-001  6.722756e-001  6.722756e-001  6.722756e-001  6.722756e-001  6.722756e-001  6.722756e-001  6.722756e-001  6.722756e-001  6.722756e-001  6.722756e-001  -0.000000e+000  
6.728353e-001  6.728353e-001  6.728353e-001  6.728353e-001  6.728353e-001  6.728353e-001  6.728353e-001  6.728353e-001  6.728353e-001  6.728353e-001  6.728353e-001  6.728353e-001  6.728353e-001  6.728353e-001  6.728353e-001  6.728353e-001  6.728353e-001  6.728353e-001  6.728353e-001  6.728353e-001  -0.000000e+000  
-0.000000e+000  -0.000000e+000  -0.000000e+000  -0.000000e+000  -0.000000e+000  -0.000000e+000  -0.000000e+000  -0.000000e+000  -0.000000e+000  -0.000000e+000  -0.000000e+000  -0.000000e+000  -0.000000e+000  -0.000000e+000  -0.000000e+000  -0.000000e+000  -0.000000e+000  -0.000000e+000  -0.000000e+000  -0.000000e+000  -0.000000e+000  

