Port monitor named: Port2_h1[3.05].prt

nx        = 132
ny        = 41
nz        = 47

nu        = 21
nv        = 39
iu        = 5
iv        = 5

idir      = 0
dcut      = 5.114300e-001
icut      = 132
type      = 1
frequency = 3.050000e+009

fcutoff   = 1.573410e+009
alpha     = 0.000000e+000
beta      = 5.475935e+001
accuracy  = 1.144488e-010

type          = TE
wave imp.     = 4.397757e+002
wave imp.sig. = 8.302550e-006
line imp.     = 0.000000e+000

ref. port     = 0

0.000000e+000  -6.276172e-010  4.909171e-009  -2.661049e-009  1.635627e-009  9.383838e-010  8.278899e-009  7.313784e-010  6.286924e-009  3.119145e-009  6.219661e-009  3.444622e-009  9.180545e-009  4.767073e-009  2.010417e-009  -1.505359e-009  -4.346853e-009  2.108597e-009  -3.313212e-009  -2.393960e-010  0.000000e+000  
0.000000e+000  2.594093e-009  -6.245446e-009  5.016286e-009  1.321867e-009  7.039592e-009  -2.781922e-009  7.286704e-009  -1.650291e-009  6.901604e-009  -3.697431e-009  1.987930e-009  5.649309e-009  4.192264e-009  1.805099e-010  -2.819278e-009  -6.245693e-009  -2.967614e-009  6.473930e-009  3.003113e-009  0.000000e+000  
0.000000e+000  -2.075687e-009  4.269196e-009  -4.336469e-010  1.936864e-009  3.944209e-010  4.954320e-009  1.692466e-009  7.751140e-009  -5.582509e-010  8.922189e-009  3.041760e-009  9.623599e-009  4.574398e-009  3.075030e-009  -1.002535e-009  -3.893026e-009  3.368765e-009  -2.963116e-009  -1.675642e-009  0.000000e+000  
0.000000e+000  3.709214e-010  1.394665e-009  1.349137e-009  2.216304e-009  2.448682e-009  2.728267e-009  2.698656e-009  2.873951e-009  3.859716e-009  2.600851e-009  3.471940e-009  7.008985e-009  4.620478e-009  1.107928e-009  -1.495570e-009  -3.955986e-009  -5.413005e-011  8.954213e-011  2.730620e-010  0.000000e+000  
0.000000e+000  3.565549e-009  6.530694e-009  1.072610e-008  2.021790e-009  -6.380323e-009  -3.187239e-009  2.316650e-009  5.385938e-009  5.241256e-009  5.437914e-009  5.120096e-009  9.485995e-009  4.489782e-009  1.262086e-009  -2.140704e-009  -6.562784e-009  -1.406527e-009  -6.591092e-010  -8.195324e-010  0.000000e+000  
0.000000e+000  2.875406e-009  4.981191e-009  7.590981e-009  1.234985e-009  -3.920308e-009  -1.762397e-009  9.268165e-010  3.023667e-009  3.017120e-009  4.035468e-009  3.997131e-009  5.406583e-009  3.368355e-009  8.716117e-010  -1.308691e-009  -3.280863e-009  -1.368901e-009  -1.041900e-009  -4.302262e-010  0.000000e+000  
0.000000e+000  1.431497e-009  4.128595e-009  5.687887e-009  1.160512e-009  -4.744874e-009  -2.002058e-009  -1.472692e-009  1.652183e-009  2.055972e-009  2.182246e-009  3.112942e-009  3.238843e-009  1.788340e-009  4.905865e-010  -8.614429e-010  -2.012198e-009  -1.428636e-009  -1.010384e-009  -5.078376e-010  0.000000e+000  
0.000000e+000  2.082601e-009  3.125344e-009  5.313684e-009  9.226559e-011  -4.648075e-009  -3.252252e-009  -1.524126e-009  2.507670e-010  1.040913e-010  6.633659e-010  1.000336e-009  1.284036e-009  5.123387e-010  -1.053933e-010  -7.737139e-010  -1.432256e-009  -9.353598e-010  -7.366167e-010  -2.809364e-010  0.000000e+000  
0.000000e+000  1.069047e-009  2.817450e-009  3.860546e-009  -9.107213e-010  -5.874997e-009  -4.174638e-009  -2.354494e-009  -1.191855e-009  -4.354874e-010  -1.219282e-009  -1.176385e-009  -8.282346e-010  -1.077752e-009  -7.542297e-010  -3.477875e-010  -6.146846e-010  -4.394955e-010  -3.002215e-010  1.262221e-010  0.000000e+000  
0.000000e+000  5.818209e-010  1.628030e-009  2.346162e-009  -1.771888e-009  -6.170816e-009  -5.035588e-009  -4.308002e-009  -3.274744e-009  -3.391424e-009  -3.593132e-009  -3.603609e-009  -4.125485e-009  -3.058219e-009  -1.185831e-009  4.879479e-010  1.209964e-009  1.877615e-010  5.059019e-010  -1.964958e-010  0.000000e+000  
0.000000e+000  2.222412e-010  -7.432825e-010  -5.303891e-011  -3.388559e-009  -5.749727e-009  -5.863363e-009  -5.387254e-009  -5.518268e-009  -6.554571e-009  -6.574655e-009  -7.290976e-009  -9.994048e-009  -5.897783e-009  -1.609057e-009  2.519059e-009  5.805618e-009  1.863533e-009  1.007729e-009  5.139194e-010  0.000000e+000  
0.000000e+000  -6.097015e-009  -1.171426e-008  -1.903461e-008  -4.532230e-009  8.286025e-009  8.102574e-010  -7.783125e-009  -1.482650e-008  -1.299586e-008  -1.112873e-008  -9.698131e-009  -2.417503e-008  -8.802194e-009  -1.491677e-009  5.295986e-009  1.928172e-008  1.392802e-009  1.007537e-009  7.023851e-010  0.000000e+000  
0.000000e+000  -1.008480e-009  -2.249745e-009  -2.193948e-009  -2.870421e-009  -2.685248e-009  -3.279760e-009  -2.776603e-009  -4.889081e-009  -6.926550e-009  -1.060069e-008  -1.331279e-008  -4.027881e-009  -3.712512e-009  -1.143541e-009  9.802743e-010  4.315562e-010  8.839586e-009  5.770609e-009  2.759380e-009  0.000000e+000  
0.000000e+000  1.939488e-009  -9.294172e-009  -1.104450e-008  1.092479e-009  7.605888e-009  1.792543e-009  1.027655e-010  -5.741951e-009  -5.220369e-009  -6.576053e-009  -9.018402e-009  4.038761e-010  -1.157919e-010  -1.637666e-009  -4.417708e-010  -1.770781e-009  5.532074e-009  1.069540e-008  2.904143e-009  0.000000e+000  
0.000000e+000  -5.519323e-009  -3.381635e-010  -3.512197e-009  -3.638019e-009  5.686707e-009  1.102938e-009  4.148632e-010  2.036700e-009  -9.294843e-009  -1.098829e-008  -1.491815e-008  1.784191e-009  -2.493452e-010  6.417709e-010  2.432983e-010  -5.356667e-009  1.485144e-008  6.422053e-010  5.753537e-009  0.000000e+000  
0.000000e+000  1.959354e-009  -7.664549e-009  -3.114173e-009  3.735499e-010  -1.787099e-009  6.281869e-009  8.593035e-010  -3.905026e-009  -7.730344e-009  -1.382330e-008  -2.229471e-008  7.975510e-009  -1.257894e-009  2.082469e-009  2.680645e-009  -5.939701e-009  2.277492e-008  1.621357e-008  5.076339e-009  0.000000e+000  
0.000000e+000  -4.780237e-009  7.341499e-009  -9.962065e-009  -6.007208e-010  8.766237e-009  1.453496e-009  9.141882e-010  1.570302e-008  1.080870e-008  -6.779600e-009  -1.878474e-008  8.381287e-010  3.242493e-009  -5.663526e-009  -7.084498e-009  -3.899527e-009  1.932232e-008  1.188653e-008  1.510386e-009  0.000000e+000  
0.000000e+000  -4.529499e-009  -7.124972e-009  1.003800e-009  -2.247663e-009  5.576778e-009  -3.443137e-009  3.764426e-009  -2.989485e-010  -8.695568e-009  -1.614829e-009  -1.159916e-008  -6.463982e-009  -3.771328e-009  3.188588e-009  1.244499e-009  1.968213e-009  2.210001e-009  -2.427995e-010  2.638655e-009  0.000000e+000  
0.000000e+000  1.022019e-008  1.007096e-008  -4.069297e-009  4.816280e-009  -7.172828e-009  1.294501e-008  -1.279039e-009  2.808981e-009  -7.456644e-009  -2.747613e-009  -6.433673e-009  1.690610e-008  -5.339119e-009  -2.111348e-009  6.978531e-009  -3.415845e-009  1.579820e-008  3.951850e-009  5.773295e-009  0.000000e+000  
0.000000e+000  -1.760761e-008  -1.522288e-008  1.005911e-009  -7.806488e-009  5.104193e-009  -8.433685e-009  5.995750e-009  4.746103e-010  9.933767e-009  1.347441e-009  1.572857e-008  -1.432524e-008  5.979411e-009  8.966397e-010  -9.878940e-009  -5.263933e-010  -1.190048e-008  7.942729e-009  -1.545708e-009  0.000000e+000  
0.000000e+000  1.552964e-008  9.784630e-009  5.370324e-009  7.948576e-009  -7.866171e-009  5.499014e-009  -1.154078e-008  1.084937e-010  -3.636580e-009  1.529380e-009  -1.010777e-009  2.347140e-009  3.219176e-009  -2.057515e-009  7.840244e-009  6.519855e-009  -8.531493e-009  -1.499342e-008  -8.884786e-009  0.000000e+000  
0.000000e+000  -6.762376e-009  -3.096284e-009  5.111932e-009  -2.890820e-009  1.527986e-009  -7.797763e-009  8.372811e-010  -1.725703e-008  7.402145e-009  6.779266e-009  2.323447e-008  -5.348342e-010  -8.808459e-009  4.876077e-010  -3.904792e-009  3.239642e-009  -1.400914e-008  -5.643746e-009  1.784238e-009  0.000000e+000  
0.000000e+000  7.197653e-009  7.561020e-009  3.491078e-009  1.108755e-009  -3.068901e-009  -6.560660e-009  -2.725734e-010  1.078025e-009  2.275486e-009  1.474687e-008  2.356336e-008  -6.307983e-009  5.171956e-009  1.446780e-009  2.519173e-009  3.831913e-009  -2.437439e-008  -1.524451e-008  -4.711052e-009  0.000000e+000  
0.000000e+000  -1.934008e-009  1.804301e-009  1.797630e-009  1.460642e-009  -5.634255e-009  6.317508e-009  -2.604002e-009  -1.205924e-009  7.261740e-009  8.816622e-009  1.441225e-008  -8.207954e-010  6.670688e-010  2.299522e-009  1.016350e-010  4.634605e-009  -1.527039e-008  -5.547223e-009  -7.877799e-009  0.000000e+000  
0.000000e+000  4.029629e-009  3.638476e-009  1.429024e-008  -2.842949e-010  -6.747327e-009  -1.019978e-008  2.202718e-009  7.999278e-009  1.353797e-009  1.148308e-008  8.700080e-009  -6.938659e-010  1.458164e-009  1.233637e-009  -1.374475e-009  1.134587e-010  -6.444076e-009  -7.747700e-009  -1.230827e-009  0.000000e+000  
0.000000e+000  8.450401e-010  2.921071e-009  2.301479e-009  2.971503e-009  2.876567e-009  3.141610e-009  3.726578e-009  4.624223e-009  8.120678e-009  1.005864e-008  1.340528e-008  3.826618e-009  3.633598e-009  8.573408e-010  -7.805199e-010  -8.805035e-011  -8.427590e-009  -5.841067e-009  -2.468968e-009  0.000000e+000  
0.000000e+000  6.127832e-009  1.105877e-008  1.871748e-008  4.787953e-009  -8.695722e-009  2.341734e-010  6.819934e-009  1.478092e-008  1.306461e-008  1.133947e-008  9.896579e-009  2.428880e-008  8.776788e-009  1.541382e-009  -5.404589e-009  -1.935554e-008  -1.647881e-009  -1.059827e-009  -9.077156e-010  0.000000e+000  
0.000000e+000  2.956366e-010  6.044653e-010  3.402812e-010  2.921486e-009  5.829569e-009  5.478666e-009  5.525983e-009  6.172071e-009  5.953596e-009  6.747935e-009  6.879610e-009  9.868005e-009  5.897030e-009  1.431456e-009  -2.532196e-009  -5.833809e-009  -1.673184e-009  -1.196528e-009  -2.976217e-010  0.000000e+000  
0.000000e+000  -1.357232e-009  -6.054226e-010  -2.465640e-009  1.839036e-009  6.166107e-009  4.545231e-009  4.348314e-009  2.604906e-009  3.077714e-009  3.454100e-009  3.628386e-009  4.095328e-009  2.897575e-009  1.269643e-009  -6.136793e-010  -1.128642e-009  -4.745973e-010  -3.295286e-010  -2.859649e-010  0.000000e+000  
0.000000e+000  -9.248423e-010  -3.603732e-009  -4.145691e-009  9.260145e-010  5.842408e-009  4.364080e-009  2.839647e-009  1.221750e-009  1.189523e-009  9.093997e-010  1.014030e-009  8.241684e-010  1.111697e-009  5.810414e-010  4.675869e-010  5.512056e-010  5.848886e-010  5.547569e-010  1.157225e-010  0.000000e+000  
0.000000e+000  -1.893877e-009  -2.932427e-009  -5.077090e-009  -3.211108e-010  4.734226e-009  3.498679e-009  1.851311e-009  -2.077392e-010  -5.993670e-011  -5.732725e-010  -1.077423e-009  -1.245678e-009  -5.928438e-010  1.913393e-010  6.174830e-010  1.502841e-009  9.120064e-010  3.793147e-010  3.419178e-010  0.000000e+000  
0.000000e+000  -2.290173e-009  -3.600307e-009  -6.010013e-009  -4.526786e-010  4.282476e-009  2.800319e-009  -7.419901e-010  -1.507374e-009  -2.036770e-009  -2.592214e-009  -2.465620e-009  -3.232743e-009  -1.733271e-009  -4.893191e-010  1.023065e-009  1.999311e-009  1.418294e-009  1.424856e-009  7.235225e-011  0.000000e+000  
0.000000e+000  -2.189089e-009  -5.342396e-009  -7.255465e-009  -1.691816e-009  4.557509e-009  1.047414e-009  3.062761e-010  -3.264486e-009  -3.089826e-009  -3.825881e-009  -4.178046e-009  -5.365771e-009  -3.241278e-009  -7.832733e-010  1.388468e-009  3.269421e-009  1.541991e-009  7.344509e-010  7.298500e-010  0.000000e+000  
0.000000e+000  -3.479009e-009  -6.696452e-009  -1.072231e-008  -2.104906e-009  6.212440e-009  2.900767e-009  -2.054203e-009  -5.111715e-009  -5.740318e-009  -4.715543e-009  -5.251288e-009  -9.443517e-009  -4.519322e-009  -1.218946e-009  1.954493e-009  6.594605e-009  1.153822e-009  1.172330e-009  7.044026e-011  0.000000e+000  
0.000000e+000  -6.225920e-010  -1.617932e-009  -1.764850e-009  -1.699552e-009  -2.166792e-009  -3.400804e-009  -2.212355e-009  -3.769707e-009  -3.140105e-009  -3.658749e-009  -3.361904e-009  -7.269806e-009  -4.547437e-009  -1.420466e-009  1.798501e-009  3.917245e-009  -5.084214e-011  -6.386595e-010  3.941168e-010  0.000000e+000  
0.000000e+000  2.610194e-010  2.032297e-010  7.463547e-011  -2.800080e-009  -4.237469e-009  -1.469046e-009  -7.284509e-009  -1.582369e-009  -4.165304e-009  2.824428e-010  -2.238198e-009  -7.795843e-009  -7.047082e-009  -1.181703e-009  -5.715293e-010  3.506818e-009  -1.630493e-009  1.528337e-009  -2.614811e-010  0.000000e+000  
0.000000e+000  -2.532019e-009  -9.334272e-010  -1.829752e-009  -9.693033e-010  -1.214780e-009  -2.310337e-009  1.021807e-009  -3.398282e-009  -4.357126e-009  -7.137225e-009  -4.561728e-009  -9.125729e-009  -5.420558e-010  -2.325351e-009  4.846570e-009  6.915312e-009  1.625072e-009  -4.314832e-009  1.812785e-010  0.000000e+000  
0.000000e+000  2.194142e-009  7.739206e-011  1.106757e-009  -2.609740e-009  -4.701772e-009  -3.643604e-009  -5.514517e-009  -4.621941e-009  -1.493764e-009  -2.994983e-009  -2.723552e-009  -7.089701e-009  -6.642744e-009  -1.017563e-009  -1.382288e-011  3.835518e-009  -1.414827e-009  2.729787e-009  -7.317228e-010  0.000000e+000  
0.000000e+000  0.000000e+000  0.000000e+000  0.000000e+000  0.000000e+000  0.000000e+000  0.000000e+000  0.000000e+000  0.000000e+000  0.000000e+000  0.000000e+000  0.000000e+000  0.000000e+000  0.000000e+000  0.000000e+000  0.000000e+000  0.000000e+000  0.000000e+000  0.000000e+000  0.000000e+000  0.000000e+000  

0.000000e+000  0.000000e+000  0.000000e+000  0.000000e+000  0.000000e+000  0.000000e+000  0.000000e+000  0.000000e+000  0.000000e+000  0.000000e+000  0.000000e+000  0.000000e+000  0.000000e+000  0.000000e+000  0.000000e+000  0.000000e+000  0.000000e+000  0.000000e+000  0.000000e+000  0.000000e+000  0.000000e+000  
3.222495e-002  3.222494e-002  3.222496e-002  3.222495e-002  3.222495e-002  3.222494e-002  3.222496e-002  3.222494e-002  3.222495e-002  3.222494e-002  3.222495e-002  3.222495e-002  3.222495e-002  3.222495e-002  3.222495e-002  3.222495e-002  3.222495e-002  3.222495e-002  3.222494e-002  3.222495e-002  0.000000e+000  
6.442309e-002  6.442309e-002  6.442308e-002  6.442309e-002  6.442309e-002  6.442309e-002  6.442309e-002  6.442309e-002  6.442308e-002  6.442309e-002  6.442308e-002  6.442309e-002  6.442308e-002  6.442308e-002  6.442308e-002  6.442308e-002  6.442309e-002  6.442308e-002  6.442309e-002  6.442309e-002  0.000000e+000  
9.656764e-002  9.656764e-002  9.656764e-002  9.656764e-002  9.656764e-002  9.656764e-002  9.656764e-002  9.656764e-002  9.656764e-002  9.656764e-002  9.656764e-002  9.656764e-002  9.656764e-002  9.656763e-002  9.656763e-002  9.656763e-002  9.656764e-002  9.656764e-002  9.656763e-002  9.656764e-002  0.000000e+000  
2.320922e-001  2.320922e-001  2.320922e-001  2.320922e-001  2.320922e-001  2.320922e-001  2.320922e-001  2.320922e-001  2.320922e-001  2.320922e-001  2.320922e-001  2.320922e-001  2.320922e-001  2.320922e-001  2.320922e-001  2.320922e-001  2.320922e-001  2.320922e-001  2.320922e-001  2.320922e-001  0.000000e+000  
3.780546e-001  3.780546e-001  3.780546e-001  3.780546e-001  3.780546e-001  3.780546e-001  3.780545e-001  3.780546e-001  3.780545e-001  3.780545e-001  3.780545e-001  3.780545e-001  3.780545e-001  3.780545e-001  3.780545e-001  3.780545e-001  3.780545e-001  3.780545e-001  3.780545e-001  3.780545e-001  0.000000e+000  
5.170763e-001  5.170763e-001  5.170763e-001  5.170763e-001  5.170763e-001  5.170763e-001  5.170763e-001  5.170763e-001  5.170763e-001  5.170763e-001  5.170763e-001  5.170763e-001  5.170763e-001  5.170763e-001  5.170763e-001  5.170763e-001  5.170763e-001  5.170763e-001  5.170763e-001  5.170763e-001  0.000000e+000  
6.466054e-001  6.466053e-001  6.466054e-001  6.466053e-001  6.466053e-001  6.466053e-001  6.466053e-001  6.466053e-001  6.466053e-001  6.466053e-001  6.466053e-001  6.466053e-001  6.466053e-001  6.466053e-001  6.466053e-001  6.466053e-001  6.466053e-001  6.466053e-001  6.466053e-001  6.466053e-001  0.000000e+000  
7.642636e-001  7.642636e-001  7.642636e-001  7.642636e-001  7.642636e-001  7.642636e-001  7.642636e-001  7.642636e-001  7.642636e-001  7.642636e-001  7.642636e-001  7.642636e-001  7.642636e-001  7.642636e-001  7.642636e-001  7.642636e-001  7.642636e-001  7.642636e-001  7.642636e-001  7.642636e-001  0.000000e+000  
8.678912e-001  8.678912e-001  8.678912e-001  8.678912e-001  8.678912e-001  8.678911e-001  8.678911e-001  8.678911e-001  8.678911e-001  8.678911e-001  8.678911e-001  8.678911e-001  8.678911e-001  8.678911e-001  8.678911e-001  8.678911e-001  8.678911e-001  8.678911e-001  8.678911e-001  8.678911e-001  0.000000e+000  
9.555855e-001  9.555855e-001  9.555855e-001  9.555855e-001  9.555855e-001  9.555854e-001  9.555854e-001  9.555854e-001  9.555854e-001  9.555854e-001  9.555854e-001  9.555854e-001  9.555854e-001  9.555854e-001  9.555854e-001  9.555854e-001  9.555854e-001  9.555854e-001  9.555854e-001  9.555854e-001  0.000000e+000  
1.025737e+000  1.025737e+000  1.025737e+000  1.025737e+000  1.025737e+000  1.025737e+000  1.025737e+000  1.025737e+000  1.025737e+000  1.025737e+000  1.025737e+000  1.025737e+000  1.025737e+000  1.025737e+000  1.025737e+000  1.025737e+000  1.025737e+000  1.025737e+000  1.025737e+000  1.025737e+000  0.000000e+000  
1.077057e+000  1.077057e+000  1.077057e+000  1.077057e+000  1.077057e+000  1.077057e+000  1.077057e+000  1.077057e+000  1.077057e+000  1.077057e+000  1.077057e+000  1.077057e+000  1.077057e+000  1.077057e+000  1.077057e+000  1.077057e+000  1.077057e+000  1.077057e+000  1.077057e+000  1.077057e+000  0.000000e+000  
1.106419e+000  1.106419e+000  1.106419e+000  1.106419e+000  1.106419e+000  1.106419e+000  1.106419e+000  1.106419e+000  1.106419e+000  1.106419e+000  1.106419e+000  1.106419e+000  1.106419e+000  1.106419e+000  1.106419e+000  1.106419e+000  1.106419e+000  1.106419e+000  1.106419e+000  1.106419e+000  0.000000e+000  
1.110924e+000  1.110924e+000  1.110924e+000  1.110924e+000  1.110924e+000  1.110924e+000  1.110924e+000  1.110924e+000  1.110924e+000  1.110924e+000  1.110924e+000  1.110924e+000  1.110924e+000  1.110924e+000  1.110924e+000  1.110924e+000  1.110924e+000  1.110924e+000  1.110924e+000  1.110924e+000  0.000000e+000  
1.114505e+000  1.114505e+000  1.114505e+000  1.114505e+000  1.114505e+000  1.114505e+000  1.114505e+000  1.114505e+000  1.114505e+000  1.114505e+000  1.114505e+000  1.114505e+000  1.114505e+000  1.114505e+000  1.114505e+000  1.114505e+000  1.114505e+000  1.114505e+000  1.114505e+000  1.114505e+000  0.000000e+000  
1.117160e+000  1.117160e+000  1.117160e+000  1.117160e+000  1.117160e+000  1.117160e+000  1.117160e+000  1.117160e+000  1.117160e+000  1.117160e+000  1.117160e+000  1.117160e+000  1.117160e+000  1.117160e+000  1.117160e+000  1.117160e+000  1.117160e+000  1.117160e+000  1.117160e+000  1.117160e+000  0.000000e+000  
1.118633e+000  1.118633e+000  1.118633e+000  1.118633e+000  1.118633e+000  1.118633e+000  1.118633e+000  1.118633e+000  1.118633e+000  1.118633e+000  1.118633e+000  1.118633e+000  1.118633e+000  1.118633e+000  1.118633e+000  1.118633e+000  1.118633e+000  1.118633e+000  1.118633e+000  1.118633e+000  0.000000e+000  
1.119491e+000  1.119491e+000  1.119491e+000  1.119491e+000  1.119491e+000  1.119491e+000  1.119491e+000  1.119491e+000  1.119491e+000  1.119491e+000  1.119491e+000  1.119491e+000  1.119491e+000  1.119491e+000  1.119491e+000  1.119491e+000  1.119491e+000  1.119490e+000  1.119490e+000  1.119490e+000  0.000000e+000  
1.119736e+000  1.119736e+000  1.119736e+000  1.119736e+000  1.119736e+000  1.119736e+000  1.119736e+000  1.119736e+000  1.119736e+000  1.119736e+000  1.119736e+000  1.119736e+000  1.119736e+000  1.119736e+000  1.119736e+000  1.119736e+000  1.119736e+000  1.119736e+000  1.119736e+000  1.119736e+000  0.000000e+000  
1.119491e+000  1.119491e+000  1.119491e+000  1.119491e+000  1.119491e+000  1.119491e+000  1.119491e+000  1.119491e+000  1.119491e+000  1.119491e+000  1.119491e+000  1.119491e+000  1.119491e+000  1.119491e+000  1.119491e+000  1.119491e+000  1.119491e+000  1.119490e+000  1.119490e+000  1.119490e+000  0.000000e+000  
1.118633e+000  1.118633e+000  1.118633e+000  1.118633e+000  1.118633e+000  1.118633e+000  1.118633e+000  1.118633e+000  1.118633e+000  1.118633e+000  1.118633e+000  1.118633e+000  1.118633e+000  1.118633e+000  1.118633e+000  1.118633e+000  1.118633e+000  1.118633e+000  1.118633e+000  1.118633e+000  0.000000e+000  
1.117160e+000  1.117160e+000  1.117160e+000  1.117160e+000  1.117160e+000  1.117160e+000  1.117160e+000  1.117160e+000  1.117160e+000  1.117160e+000  1.117160e+000  1.117160e+000  1.117160e+000  1.117160e+000  1.117160e+000  1.117160e+000  1.117160e+000  1.117160e+000  1.117160e+000  1.117160e+000  0.000000e+000  
1.114505e+000  1.114505e+000  1.114505e+000  1.114505e+000  1.114505e+000  1.114505e+000  1.114505e+000  1.114505e+000  1.114505e+000  1.114505e+000  1.114505e+000  1.114505e+000  1.114505e+000  1.114505e+000  1.114505e+000  1.114505e+000  1.114505e+000  1.114505e+000  1.114505e+000  1.114505e+000  0.000000e+000  
1.110924e+000  1.110924e+000  1.110924e+000  1.110924e+000  1.110924e+000  1.110924e+000  1.110924e+000  1.110924e+000  1.110924e+000  1.110924e+000  1.110924e+000  1.110924e+000  1.110924e+000  1.110924e+000  1.110924e+000  1.110924e+000  1.110924e+000  1.110924e+000  1.110924e+000  1.110924e+000  0.000000e+000  
1.106419e+000  1.106419e+000  1.106419e+000  1.106419e+000  1.106419e+000  1.106419e+000  1.106419e+000  1.106419e+000  1.106419e+000  1.106419e+000  1.106419e+000  1.106419e+000  1.106419e+000  1.106419e+000  1.106419e+000  1.106419e+000  1.106419e+000  1.106419e+000  1.106419e+000  1.106419e+000  0.000000e+000  
1.077057e+000  1.077057e+000  1.077057e+000  1.077057e+000  1.077057e+000  1.077057e+000  1.077057e+000  1.077057e+000  1.077057e+000  1.077057e+000  1.077057e+000  1.077057e+000  1.077057e+000  1.077057e+000  1.077057e+000  1.077057e+000  1.077057e+000  1.077057e+000  1.077057e+000  1.077057e+000  0.000000e+000  
1.025737e+000  1.025737e+000  1.025737e+000  1.025737e+000  1.025737e+000  1.025737e+000  1.025737e+000  1.025737e+000  1.025737e+000  1.025737e+000  1.025737e+000  1.025737e+000  1.025737e+000  1.025737e+000  1.025737e+000  1.025737e+000  1.025737e+000  1.025737e+000  1.025737e+000  1.025737e+000  0.000000e+000  
9.555855e-001  9.555855e-001  9.555855e-001  9.555855e-001  9.555855e-001  9.555854e-001  9.555854e-001  9.555854e-001  9.555854e-001  9.555854e-001  9.555854e-001  9.555854e-001  9.555854e-001  9.555854e-001  9.555854e-001  9.555854e-001  9.555854e-001  9.555854e-001  9.555854e-001  9.555854e-001  0.000000e+000  
8.678912e-001  8.678911e-001  8.678912e-001  8.678912e-001  8.678912e-001  8.678911e-001  8.678911e-001  8.678911e-001  8.678911e-001  8.678911e-001  8.678911e-001  8.678911e-001  8.678911e-001  8.678911e-001  8.678911e-001  8.678911e-001  8.678911e-001  8.678911e-001  8.678911e-001  8.678911e-001  0.000000e+000  
7.642636e-001  7.642636e-001  7.642636e-001  7.642636e-001  7.642636e-001  7.642636e-001  7.642636e-001  7.642636e-001  7.642636e-001  7.642636e-001  7.642636e-001  7.642636e-001  7.642636e-001  7.642636e-001  7.642636e-001  7.642636e-001  7.642636e-001  7.642636e-001  7.642636e-001  7.642636e-001  0.000000e+000  
6.466054e-001  6.466053e-001  6.466054e-001  6.466054e-001  6.466053e-001  6.466053e-001  6.466053e-001  6.466053e-001  6.466053e-001  6.466053e-001  6.466053e-001  6.466053e-001  6.466053e-001  6.466053e-001  6.466053e-001  6.466053e-001  6.466053e-001  6.466053e-001  6.466053e-001  6.466053e-001  0.000000e+000  
5.170763e-001  5.170763e-001  5.170763e-001  5.170763e-001  5.170763e-001  5.170763e-001  5.170763e-001  5.170763e-001  5.170763e-001  5.170763e-001  5.170763e-001  5.170763e-001  5.170763e-001  5.170763e-001  5.170763e-001  5.170763e-001  5.170763e-001  5.170763e-001  5.170763e-001  5.170763e-001  0.000000e+000  
3.780546e-001  3.780546e-001  3.780546e-001  3.780546e-001  3.780546e-001  3.780546e-001  3.780545e-001  3.780546e-001  3.780545e-001  3.780545e-001  3.780545e-001  3.780545e-001  3.780545e-001  3.780545e-001  3.780545e-001  3.780545e-001  3.780545e-001  3.780545e-001  3.780545e-001  3.780545e-001  0.000000e+000  
2.320922e-001  2.320922e-001  2.320922e-001  2.320922e-001  2.320922e-001  2.320922e-001  2.320922e-001  2.320922e-001  2.320922e-001  2.320922e-001  2.320922e-001  2.320922e-001  2.320922e-001  2.320922e-001  2.320922e-001  2.320922e-001  2.320922e-001  2.320922e-001  2.320922e-001  2.320922e-001  0.000000e+000  
9.656764e-002  9.656764e-002  9.656764e-002  9.656764e-002  9.656764e-002  9.656764e-002  9.656763e-002  9.656764e-002  9.656764e-002  9.656764e-002  9.656764e-002  9.656764e-002  9.656764e-002  9.656764e-002  9.656763e-002  9.656763e-002  9.656764e-002  9.656764e-002  9.656763e-002  9.656764e-002  0.000000e+000  
6.442309e-002  6.442309e-002  6.442309e-002  6.442309e-002  6.442309e-002  6.442309e-002  6.442309e-002  6.442308e-002  6.442309e-002  6.442308e-002  6.442309e-002  6.442309e-002  6.442309e-002  6.442308e-002  6.442308e-002  6.442308e-002  6.442308e-002  6.442308e-002  6.442309e-002  6.442309e-002  0.000000e+000  
3.222495e-002  3.222495e-002  3.222495e-002  3.222495e-002  3.222495e-002  3.222495e-002  3.222495e-002  3.222495e-002  3.222495e-002  3.222495e-002  3.222495e-002  3.222495e-002  3.222495e-002  3.222495e-002  3.222495e-002  3.222495e-002  3.222495e-002  3.222495e-002  3.222494e-002  3.222495e-002  0.000000e+000  
0.000000e+000  0.000000e+000  0.000000e+000  0.000000e+000  0.000000e+000  0.000000e+000  0.000000e+000  0.000000e+000  0.000000e+000  0.000000e+000  0.000000e+000  0.000000e+000  0.000000e+000  0.000000e+000  0.000000e+000  0.000000e+000  0.000000e+000  0.000000e+000  0.000000e+000  0.000000e+000  0.000000e+000  

0.000000e+000  0.000000e+000  0.000000e+000  0.000000e+000  0.000000e+000  0.000000e+000  0.000000e+000  0.000000e+000  0.000000e+000  0.000000e+000  0.000000e+000  0.000000e+000  0.000000e+000  0.000000e+000  0.000000e+000  0.000000e+000  0.000000e+000  0.000000e+000  0.000000e+000  0.000000e+000  0.000000e+000  
0.000000e+000  0.000000e+000  0.000000e+000  0.000000e+000  0.000000e+000  0.000000e+000  0.000000e+000  0.000000e+000  0.000000e+000  0.000000e+000  0.000000e+000  0.000000e+000  0.000000e+000  0.000000e+000  0.000000e+000  0.000000e+000  0.000000e+000  0.000000e+000  0.000000e+000  0.000000e+000  0.000000e+000  
0.000000e+000  0.000000e+000  0.000000e+000  0.000000e+000  0.000000e+000  0.000000e+000  0.000000e+000  0.000000e+000  0.000000e+000  0.000000e+000  0.000000e+000  0.000000e+000  0.000000e+000  0.000000e+000  0.000000e+000  0.000000e+000  0.000000e+000  0.000000e+000  0.000000e+000  0.000000e+000  0.000000e+000  
0.000000e+000  0.000000e+000  0.000000e+000  0.000000e+000  0.000000e+000  0.000000e+000  0.000000e+000  0.000000e+000  0.000000e+000  0.000000e+000  0.000000e+000  0.000000e+000  0.000000e+000  0.000000e+000  0.000000e+000  0.000000e+000  0.000000e+000  0.000000e+000  0.000000e+000  0.000000e+000  0.000000e+000  
0.000000e+000  0.000000e+000  0.000000e+000  0.000000e+000  0.000000e+000  0.000000e+000  0.000000e+000  0.000000e+000  0.000000e+000  0.000000e+000  0.000000e+000  0.000000e+000  0.000000e+000  0.000000e+000  0.000000e+000  0.000000e+000  0.000000e+000  0.000000e+000  0.000000e+000  0.000000e+000  0.000000e+000  
0.000000e+000  0.000000e+000  0.000000e+000  0.000000e+000  0.000000e+000  0.000000e+000  0.000000e+000  0.000000e+000  0.000000e+000  0.000000e+000  0.000000e+000  0.000000e+000  0.000000e+000  0.000000e+000  0.000000e+000  0.000000e+000  0.000000e+000  0.000000e+000  0.000000e+000  0.000000e+000  0.000000e+000  
0.000000e+000  0.000000e+000  0.000000e+000  0.000000e+000  0.000000e+000  0.000000e+000  0.000000e+000  0.000000e+000  0.000000e+000  0.000000e+000  0.000000e+000  0.000000e+000  0.000000e+000  0.000000e+000  0.000000e+000  0.000000e+000  0.000000e+000  0.000000e+000  0.000000e+000  0.000000e+000  0.000000e+000  
0.000000e+000  0.000000e+000  0.000000e+000  0.000000e+000  0.000000e+000  0.000000e+000  0.000000e+000  0.000000e+000  0.000000e+000  0.000000e+000  0.000000e+000  0.000000e+000  0.000000e+000  0.000000e+000  0.000000e+000  0.000000e+000  0.000000e+000  0.000000e+000  0.000000e+000  0.000000e+000  0.000000e+000  
0.000000e+000  0.000000e+000  0.000000e+000  0.000000e+000  0.000000e+000  0.000000e+000  0.000000e+000  0.000000e+000  0.000000e+000  0.000000e+000  0.000000e+000  0.000000e+000  0.000000e+000  0.000000e+000  0.000000e+000  0.000000e+000  0.000000e+000  0.000000e+000  0.000000e+000  0.000000e+000  0.000000e+000  
0.000000e+000  0.000000e+000  0.000000e+000  0.000000e+000  0.000000e+000  0.000000e+000  0.000000e+000  0.000000e+000  0.000000e+000  0.000000e+000  0.000000e+000  0.000000e+000  0.000000e+000  0.000000e+000  0.000000e+000  0.000000e+000  0.000000e+000  0.000000e+000  0.000000e+000  0.000000e+000  0.000000e+000  
0.000000e+000  0.000000e+000  0.000000e+000  0.000000e+000  0.000000e+000  0.000000e+000  0.000000e+000  0.000000e+000  0.000000e+000  0.000000e+000  0.000000e+000  0.000000e+000  0.000000e+000  0.000000e+000  0.000000e+000  0.000000e+000  0.000000e+000  0.000000e+000  0.000000e+000  0.000000e+000  0.000000e+000  
0.000000e+000  0.000000e+000  0.000000e+000  0.000000e+000  0.000000e+000  0.000000e+000  0.000000e+000  0.000000e+000  0.000000e+000  0.000000e+000  0.000000e+000  0.000000e+000  0.000000e+000  0.000000e+000  0.000000e+000  0.000000e+000  0.000000e+000  0.000000e+000  0.000000e+000  0.000000e+000  0.000000e+000  
0.000000e+000  0.000000e+000  0.000000e+000  0.000000e+000  0.000000e+000  0.000000e+000  0.000000e+000  0.000000e+000  0.000000e+000  0.000000e+000  0.000000e+000  0.000000e+000  0.000000e+000  0.000000e+000  0.000000e+000  0.000000e+000  0.000000e+000  0.000000e+000  0.000000e+000  0.000000e+000  0.000000e+000  
0.000000e+000  0.000000e+000  0.000000e+000  0.000000e+000  0.000000e+000  0.000000e+000  0.000000e+000  0.000000e+000  0.000000e+000  0.000000e+000  0.000000e+000  0.000000e+000  0.000000e+000  0.000000e+000  0.000000e+000  0.000000e+000  0.000000e+000  0.000000e+000  0.000000e+000  0.000000e+000  0.000000e+000  
0.000000e+000  0.000000e+000  0.000000e+000  0.000000e+000  0.000000e+000  0.000000e+000  0.000000e+000  0.000000e+000  0.000000e+000  0.000000e+000  0.000000e+000  0.000000e+000  0.000000e+000  0.000000e+000  0.000000e+000  0.000000e+000  0.000000e+000  0.000000e+000  0.000000e+000  0.000000e+000  0.000000e+000  
0.000000e+000  0.000000e+000  0.000000e+000  0.000000e+000  0.000000e+000  0.000000e+000  0.000000e+000  0.000000e+000  0.000000e+000  0.000000e+000  0.000000e+000  0.000000e+000  0.000000e+000  0.000000e+000  0.000000e+000  0.000000e+000  0.000000e+000  0.000000e+000  0.000000e+000  0.000000e+000  0.000000e+000  
0.000000e+000  0.000000e+000  0.000000e+000  0.000000e+000  0.000000e+000  0.000000e+000  0.000000e+000  0.000000e+000  0.000000e+000  0.000000e+000  0.000000e+000  0.000000e+000  0.000000e+000  0.000000e+000  0.000000e+000  0.000000e+000  0.000000e+000  0.000000e+000  0.000000e+000  0.000000e+000  0.000000e+000  
0.000000e+000  0.000000e+000  0.000000e+000  0.000000e+000  0.000000e+000  0.000000e+000  0.000000e+000  0.000000e+000  0.000000e+000  0.000000e+000  0.000000e+000  0.000000e+000  0.000000e+000  0.000000e+000  0.000000e+000  0.000000e+000  0.000000e+000  0.000000e+000  0.000000e+000  0.000000e+000  0.000000e+000  
0.000000e+000  0.000000e+000  0.000000e+000  0.000000e+000  0.000000e+000  0.000000e+000  0.000000e+000  0.000000e+000  0.000000e+000  0.000000e+000  0.000000e+000  0.000000e+000  0.000000e+000  0.000000e+000  0.000000e+000  0.000000e+000  0.000000e+000  0.000000e+000  0.000000e+000  0.000000e+000  0.000000e+000  
0.000000e+000  0.000000e+000  0.000000e+000  0.000000e+000  0.000000e+000  0.000000e+000  0.000000e+000  0.000000e+000  0.000000e+000  0.000000e+000  0.000000e+000  0.000000e+000  0.000000e+000  0.000000e+000  0.000000e+000  0.000000e+000  0.000000e+000  0.000000e+000  0.000000e+000  0.000000e+000  0.000000e+000  
0.000000e+000  0.000000e+000  0.000000e+000  0.000000e+000  0.000000e+000  0.000000e+000  0.000000e+000  0.000000e+000  0.000000e+000  0.000000e+000  0.000000e+000  0.000000e+000  0.000000e+000  0.000000e+000  0.000000e+000  0.000000e+000  0.000000e+000  0.000000e+000  0.000000e+000  0.000000e+000  0.000000e+000  
0.000000e+000  0.000000e+000  0.000000e+000  0.000000e+000  0.000000e+000  0.000000e+000  0.000000e+000  0.000000e+000  0.000000e+000  0.000000e+000  0.000000e+000  0.000000e+000  0.000000e+000  0.000000e+000  0.000000e+000  0.000000e+000  0.000000e+000  0.000000e+000  0.000000e+000  0.000000e+000  0.000000e+000  
0.000000e+000  0.000000e+000  0.000000e+000  0.000000e+000  0.000000e+000  0.000000e+000  0.000000e+000  0.000000e+000  0.000000e+000  0.000000e+000  0.000000e+000  0.000000e+000  0.000000e+000  0.000000e+000  0.000000e+000  0.000000e+000  0.000000e+000  0.000000e+000  0.000000e+000  0.000000e+000  0.000000e+000  
0.000000e+000  0.000000e+000  0.000000e+000  0.000000e+000  0.000000e+000  0.000000e+000  0.000000e+000  0.000000e+000  0.000000e+000  0.000000e+000  0.000000e+000  0.000000e+000  0.000000e+000  0.000000e+000  0.000000e+000  0.000000e+000  0.000000e+000  0.000000e+000  0.000000e+000  0.000000e+000  0.000000e+000  
0.000000e+000  0.000000e+000  0.000000e+000  0.000000e+000  0.000000e+000  0.000000e+000  0.000000e+000  0.000000e+000  0.000000e+000  0.000000e+000  0.000000e+000  0.000000e+000  0.000000e+000  0.000000e+000  0.000000e+000  0.000000e+000  0.000000e+000  0.000000e+000  0.000000e+000  0.000000e+000  0.000000e+000  
0.000000e+000  0.000000e+000  0.000000e+000  0.000000e+000  0.000000e+000  0.000000e+000  0.000000e+000  0.000000e+000  0.000000e+000  0.000000e+000  0.000000e+000  0.000000e+000  0.000000e+000  0.000000e+000  0.000000e+000  0.000000e+000  0.000000e+000  0.000000e+000  0.000000e+000  0.000000e+000  0.000000e+000  
0.000000e+000  0.000000e+000  0.000000e+000  0.000000e+000  0.000000e+000  0.000000e+000  0.000000e+000  0.000000e+000  0.000000e+000  0.000000e+000  0.000000e+000  0.000000e+000  0.000000e+000  0.000000e+000  0.000000e+000  0.000000e+000  0.000000e+000  0.000000e+000  0.000000e+000  0.000000e+000  0.000000e+000  
0.000000e+000  0.000000e+000  0.000000e+000  0.000000e+000  0.000000e+000  0.000000e+000  0.000000e+000  0.000000e+000  0.000000e+000  0.000000e+000  0.000000e+000  0.000000e+000  0.000000e+000  0.000000e+000  0.000000e+000  0.000000e+000  0.000000e+000  0.000000e+000  0.000000e+000  0.000000e+000  0.000000e+000  
0.000000e+000  0.000000e+000  0.000000e+000  0.000000e+000  0.000000e+000  0.000000e+000  0.000000e+000  0.000000e+000  0.000000e+000  0.000000e+000  0.000000e+000  0.000000e+000  0.000000e+000  0.000000e+000  0.000000e+000  0.000000e+000  0.000000e+000  0.000000e+000  0.000000e+000  0.000000e+000  0.000000e+000  
0.000000e+000  0.000000e+000  0.000000e+000  0.000000e+000  0.000000e+000  0.000000e+000  0.000000e+000  0.000000e+000  0.000000e+000  0.000000e+000  0.000000e+000  0.000000e+000  0.000000e+000  0.000000e+000  0.000000e+000  0.000000e+000  0.000000e+000  0.000000e+000  0.000000e+000  0.000000e+000  0.000000e+000  
0.000000e+000  0.000000e+000  0.000000e+000  0.000000e+000  0.000000e+000  0.000000e+000  0.000000e+000  0.000000e+000  0.000000e+000  0.000000e+000  0.000000e+000  0.000000e+000  0.000000e+000  0.000000e+000  0.000000e+000  0.000000e+000  0.000000e+000  0.000000e+000  0.000000e+000  0.000000e+000  0.000000e+000  
0.000000e+000  0.000000e+000  0.000000e+000  0.000000e+000  0.000000e+000  0.000000e+000  0.000000e+000  0.000000e+000  0.000000e+000  0.000000e+000  0.000000e+000  0.000000e+000  0.000000e+000  0.000000e+000  0.000000e+000  0.000000e+000  0.000000e+000  0.000000e+000  0.000000e+000  0.000000e+000  0.000000e+000  
0.000000e+000  0.000000e+000  0.000000e+000  0.000000e+000  0.000000e+000  0.000000e+000  0.000000e+000  0.000000e+000  0.000000e+000  0.000000e+000  0.000000e+000  0.000000e+000  0.000000e+000  0.000000e+000  0.000000e+000  0.000000e+000  0.000000e+000  0.000000e+000  0.000000e+000  0.000000e+000  0.000000e+000  
0.000000e+000  0.000000e+000  0.000000e+000  0.000000e+000  0.000000e+000  0.000000e+000  0.000000e+000  0.000000e+000  0.000000e+000  0.000000e+000  0.000000e+000  0.000000e+000  0.000000e+000  0.000000e+000  0.000000e+000  0.000000e+000  0.000000e+000  0.000000e+000  0.000000e+000  0.000000e+000  0.000000e+000  
0.000000e+000  0.000000e+000  0.000000e+000  0.000000e+000  0.000000e+000  0.000000e+000  0.000000e+000  0.000000e+000  0.000000e+000  0.000000e+000  0.000000e+000  0.000000e+000  0.000000e+000  0.000000e+000  0.000000e+000  0.000000e+000  0.000000e+000  0.000000e+000  0.000000e+000  0.000000e+000  0.000000e+000  
0.000000e+000  0.000000e+000  0.000000e+000  0.000000e+000  0.000000e+000  0.000000e+000  0.000000e+000  0.000000e+000  0.000000e+000  0.000000e+000  0.000000e+000  0.000000e+000  0.000000e+000  0.000000e+000  0.000000e+000  0.000000e+000  0.000000e+000  0.000000e+000  0.000000e+000  0.000000e+000  0.000000e+000  
0.000000e+000  0.000000e+000  0.000000e+000  0.000000e+000  0.000000e+000  0.000000e+000  0.000000e+000  0.000000e+000  0.000000e+000  0.000000e+000  0.000000e+000  0.000000e+000  0.000000e+000  0.000000e+000  0.000000e+000  0.000000e+000  0.000000e+000  0.000000e+000  0.000000e+000  0.000000e+000  0.000000e+000  
0.000000e+000  0.000000e+000  0.000000e+000  0.000000e+000  0.000000e+000  0.000000e+000  0.000000e+000  0.000000e+000  0.000000e+000  0.000000e+000  0.000000e+000  0.000000e+000  0.000000e+000  0.000000e+000  0.000000e+000  0.000000e+000  0.000000e+000  0.000000e+000  0.000000e+000  0.000000e+000  0.000000e+000  
0.000000e+000  0.000000e+000  0.000000e+000  0.000000e+000  0.000000e+000  0.000000e+000  0.000000e+000  0.000000e+000  0.000000e+000  0.000000e+000  0.000000e+000  0.000000e+000  0.000000e+000  0.000000e+000  0.000000e+000  0.000000e+000  0.000000e+000  0.000000e+000  0.000000e+000  0.000000e+000  0.000000e+000  

0.000000e+000  0.000000e+000  0.000000e+000  0.000000e+000  0.000000e+000  0.000000e+000  0.000000e+000  0.000000e+000  0.000000e+000  0.000000e+000  0.000000e+000  0.000000e+000  0.000000e+000  0.000000e+000  0.000000e+000  0.000000e+000  0.000000e+000  0.000000e+000  0.000000e+000  0.000000e+000  0.000000e+000  
0.000000e+000  0.000000e+000  0.000000e+000  0.000000e+000  0.000000e+000  0.000000e+000  0.000000e+000  0.000000e+000  0.000000e+000  0.000000e+000  0.000000e+000  0.000000e+000  0.000000e+000  0.000000e+000  0.000000e+000  0.000000e+000  0.000000e+000  0.000000e+000  0.000000e+000  0.000000e+000  0.000000e+000  
0.000000e+000  0.000000e+000  0.000000e+000  0.000000e+000  0.000000e+000  0.000000e+000  0.000000e+000  0.000000e+000  0.000000e+000  0.000000e+000  0.000000e+000  0.000000e+000  0.000000e+000  0.000000e+000  0.000000e+000  0.000000e+000  0.000000e+000  0.000000e+000  0.000000e+000  0.000000e+000  0.000000e+000  
0.000000e+000  0.000000e+000  0.000000e+000  0.000000e+000  0.000000e+000  0.000000e+000  0.000000e+000  0.000000e+000  0.000000e+000  0.000000e+000  0.000000e+000  0.000000e+000  0.000000e+000  0.000000e+000  0.000000e+000  0.000000e+000  0.000000e+000  0.000000e+000  0.000000e+000  0.000000e+000  0.000000e+000  
0.000000e+000  0.000000e+000  0.000000e+000  0.000000e+000  0.000000e+000  0.000000e+000  0.000000e+000  0.000000e+000  0.000000e+000  0.000000e+000  0.000000e+000  0.000000e+000  0.000000e+000  0.000000e+000  0.000000e+000  0.000000e+000  0.000000e+000  0.000000e+000  0.000000e+000  0.000000e+000  0.000000e+000  
0.000000e+000  0.000000e+000  0.000000e+000  0.000000e+000  0.000000e+000  0.000000e+000  0.000000e+000  0.000000e+000  0.000000e+000  0.000000e+000  0.000000e+000  0.000000e+000  0.000000e+000  0.000000e+000  0.000000e+000  0.000000e+000  0.000000e+000  0.000000e+000  0.000000e+000  0.000000e+000  0.000000e+000  
0.000000e+000  0.000000e+000  0.000000e+000  0.000000e+000  0.000000e+000  0.000000e+000  0.000000e+000  0.000000e+000  0.000000e+000  0.000000e+000  0.000000e+000  0.000000e+000  0.000000e+000  0.000000e+000  0.000000e+000  0.000000e+000  0.000000e+000  0.000000e+000  0.000000e+000  0.000000e+000  0.000000e+000  
0.000000e+000  0.000000e+000  0.000000e+000  0.000000e+000  0.000000e+000  0.000000e+000  0.000000e+000  0.000000e+000  0.000000e+000  0.000000e+000  0.000000e+000  0.000000e+000  0.000000e+000  0.000000e+000  0.000000e+000  0.000000e+000  0.000000e+000  0.000000e+000  0.000000e+000  0.000000e+000  0.000000e+000  
0.000000e+000  0.000000e+000  0.000000e+000  0.000000e+000  0.000000e+000  0.000000e+000  0.000000e+000  0.000000e+000  0.000000e+000  0.000000e+000  0.000000e+000  0.000000e+000  0.000000e+000  0.000000e+000  0.000000e+000  0.000000e+000  0.000000e+000  0.000000e+000  0.000000e+000  0.000000e+000  0.000000e+000  
0.000000e+000  0.000000e+000  0.000000e+000  0.000000e+000  0.000000e+000  0.000000e+000  0.000000e+000  0.000000e+000  0.000000e+000  0.000000e+000  0.000000e+000  0.000000e+000  0.000000e+000  0.000000e+000  0.000000e+000  0.000000e+000  0.000000e+000  0.000000e+000  0.000000e+000  0.000000e+000  0.000000e+000  
0.000000e+000  0.000000e+000  0.000000e+000  0.000000e+000  0.000000e+000  0.000000e+000  0.000000e+000  0.000000e+000  0.000000e+000  0.000000e+000  0.000000e+000  0.000000e+000  0.000000e+000  0.000000e+000  0.000000e+000  0.000000e+000  0.000000e+000  0.000000e+000  0.000000e+000  0.000000e+000  0.000000e+000  
0.000000e+000  0.000000e+000  0.000000e+000  0.000000e+000  0.000000e+000  0.000000e+000  0.000000e+000  0.000000e+000  0.000000e+000  0.000000e+000  0.000000e+000  0.000000e+000  0.000000e+000  0.000000e+000  0.000000e+000  0.000000e+000  0.000000e+000  0.000000e+000  0.000000e+000  0.000000e+000  0.000000e+000  
0.000000e+000  0.000000e+000  0.000000e+000  0.000000e+000  0.000000e+000  0.000000e+000  0.000000e+000  0.000000e+000  0.000000e+000  0.000000e+000  0.000000e+000  0.000000e+000  0.000000e+000  0.000000e+000  0.000000e+000  0.000000e+000  0.000000e+000  0.000000e+000  0.000000e+000  0.000000e+000  0.000000e+000  
0.000000e+000  0.000000e+000  0.000000e+000  0.000000e+000  0.000000e+000  0.000000e+000  0.000000e+000  0.000000e+000  0.000000e+000  0.000000e+000  0.000000e+000  0.000000e+000  0.000000e+000  0.000000e+000  0.000000e+000  0.000000e+000  0.000000e+000  0.000000e+000  0.000000e+000  0.000000e+000  0.000000e+000  
0.000000e+000  0.000000e+000  0.000000e+000  0.000000e+000  0.000000e+000  0.000000e+000  0.000000e+000  0.000000e+000  0.000000e+000  0.000000e+000  0.000000e+000  0.000000e+000  0.000000e+000  0.000000e+000  0.000000e+000  0.000000e+000  0.000000e+000  0.000000e+000  0.000000e+000  0.000000e+000  0.000000e+000  
0.000000e+000  0.000000e+000  0.000000e+000  0.000000e+000  0.000000e+000  0.000000e+000  0.000000e+000  0.000000e+000  0.000000e+000  0.000000e+000  0.000000e+000  0.000000e+000  0.000000e+000  0.000000e+000  0.000000e+000  0.000000e+000  0.000000e+000  0.000000e+000  0.000000e+000  0.000000e+000  0.000000e+000  
0.000000e+000  0.000000e+000  0.000000e+000  0.000000e+000  0.000000e+000  0.000000e+000  0.000000e+000  0.000000e+000  0.000000e+000  0.000000e+000  0.000000e+000  0.000000e+000  0.000000e+000  0.000000e+000  0.000000e+000  0.000000e+000  0.000000e+000  0.000000e+000  0.000000e+000  0.000000e+000  0.000000e+000  
0.000000e+000  0.000000e+000  0.000000e+000  0.000000e+000  0.000000e+000  0.000000e+000  0.000000e+000  0.000000e+000  0.000000e+000  0.000000e+000  0.000000e+000  0.000000e+000  0.000000e+000  0.000000e+000  0.000000e+000  0.000000e+000  0.000000e+000  0.000000e+000  0.000000e+000  0.000000e+000  0.000000e+000  
0.000000e+000  0.000000e+000  0.000000e+000  0.000000e+000  0.000000e+000  0.000000e+000  0.000000e+000  0.000000e+000  0.000000e+000  0.000000e+000  0.000000e+000  0.000000e+000  0.000000e+000  0.000000e+000  0.000000e+000  0.000000e+000  0.000000e+000  0.000000e+000  0.000000e+000  0.000000e+000  0.000000e+000  
0.000000e+000  0.000000e+000  0.000000e+000  0.000000e+000  0.000000e+000  0.000000e+000  0.000000e+000  0.000000e+000  0.000000e+000  0.000000e+000  0.000000e+000  0.000000e+000  0.000000e+000  0.000000e+000  0.000000e+000  0.000000e+000  0.000000e+000  0.000000e+000  0.000000e+000  0.000000e+000  0.000000e+000  
0.000000e+000  0.000000e+000  0.000000e+000  0.000000e+000  0.000000e+000  0.000000e+000  0.000000e+000  0.000000e+000  0.000000e+000  0.000000e+000  0.000000e+000  0.000000e+000  0.000000e+000  0.000000e+000  0.000000e+000  0.000000e+000  0.000000e+000  0.000000e+000  0.000000e+000  0.000000e+000  0.000000e+000  
0.000000e+000  0.000000e+000  0.000000e+000  0.000000e+000  0.000000e+000  0.000000e+000  0.000000e+000  0.000000e+000  0.000000e+000  0.000000e+000  0.000000e+000  0.000000e+000  0.000000e+000  0.000000e+000  0.000000e+000  0.000000e+000  0.000000e+000  0.000000e+000  0.000000e+000  0.000000e+000  0.000000e+000  
0.000000e+000  0.000000e+000  0.000000e+000  0.000000e+000  0.000000e+000  0.000000e+000  0.000000e+000  0.000000e+000  0.000000e+000  0.000000e+000  0.000000e+000  0.000000e+000  0.000000e+000  0.000000e+000  0.000000e+000  0.000000e+000  0.000000e+000  0.000000e+000  0.000000e+000  0.000000e+000  0.000000e+000  
0.000000e+000  0.000000e+000  0.000000e+000  0.000000e+000  0.000000e+000  0.000000e+000  0.000000e+000  0.000000e+000  0.000000e+000  0.000000e+000  0.000000e+000  0.000000e+000  0.000000e+000  0.000000e+000  0.000000e+000  0.000000e+000  0.000000e+000  0.000000e+000  0.000000e+000  0.000000e+000  0.000000e+000  
0.000000e+000  0.000000e+000  0.000000e+000  0.000000e+000  0.000000e+000  0.000000e+000  0.000000e+000  0.000000e+000  0.000000e+000  0.000000e+000  0.000000e+000  0.000000e+000  0.000000e+000  0.000000e+000  0.000000e+000  0.000000e+000  0.000000e+000  0.000000e+000  0.000000e+000  0.000000e+000  0.000000e+000  
0.000000e+000  0.000000e+000  0.000000e+000  0.000000e+000  0.000000e+000  0.000000e+000  0.000000e+000  0.000000e+000  0.000000e+000  0.000000e+000  0.000000e+000  0.000000e+000  0.000000e+000  0.000000e+000  0.000000e+000  0.000000e+000  0.000000e+000  0.000000e+000  0.000000e+000  0.000000e+000  0.000000e+000  
0.000000e+000  0.000000e+000  0.000000e+000  0.000000e+000  0.000000e+000  0.000000e+000  0.000000e+000  0.000000e+000  0.000000e+000  0.000000e+000  0.000000e+000  0.000000e+000  0.000000e+000  0.000000e+000  0.000000e+000  0.000000e+000  0.000000e+000  0.000000e+000  0.000000e+000  0.000000e+000  0.000000e+000  
0.000000e+000  0.000000e+000  0.000000e+000  0.000000e+000  0.000000e+000  0.000000e+000  0.000000e+000  0.000000e+000  0.000000e+000  0.000000e+000  0.000000e+000  0.000000e+000  0.000000e+000  0.000000e+000  0.000000e+000  0.000000e+000  0.000000e+000  0.000000e+000  0.000000e+000  0.000000e+000  0.000000e+000  
0.000000e+000  0.000000e+000  0.000000e+000  0.000000e+000  0.000000e+000  0.000000e+000  0.000000e+000  0.000000e+000  0.000000e+000  0.000000e+000  0.000000e+000  0.000000e+000  0.000000e+000  0.000000e+000  0.000000e+000  0.000000e+000  0.000000e+000  0.000000e+000  0.000000e+000  0.000000e+000  0.000000e+000  
0.000000e+000  0.000000e+000  0.000000e+000  0.000000e+000  0.000000e+000  0.000000e+000  0.000000e+000  0.000000e+000  0.000000e+000  0.000000e+000  0.000000e+000  0.000000e+000  0.000000e+000  0.000000e+000  0.000000e+000  0.000000e+000  0.000000e+000  0.000000e+000  0.000000e+000  0.000000e+000  0.000000e+000  
0.000000e+000  0.000000e+000  0.000000e+000  0.000000e+000  0.000000e+000  0.000000e+000  0.000000e+000  0.000000e+000  0.000000e+000  0.000000e+000  0.000000e+000  0.000000e+000  0.000000e+000  0.000000e+000  0.000000e+000  0.000000e+000  0.000000e+000  0.000000e+000  0.000000e+000  0.000000e+000  0.000000e+000  
0.000000e+000  0.000000e+000  0.000000e+000  0.000000e+000  0.000000e+000  0.000000e+000  0.000000e+000  0.000000e+000  0.000000e+000  0.000000e+000  0.000000e+000  0.000000e+000  0.000000e+000  0.000000e+000  0.000000e+000  0.000000e+000  0.000000e+000  0.000000e+000  0.000000e+000  0.000000e+000  0.000000e+000  
0.000000e+000  0.000000e+000  0.000000e+000  0.000000e+000  0.000000e+000  0.000000e+000  0.000000e+000  0.000000e+000  0.000000e+000  0.000000e+000  0.000000e+000  0.000000e+000  0.000000e+000  0.000000e+000  0.000000e+000  0.000000e+000  0.000000e+000  0.000000e+000  0.000000e+000  0.000000e+000  0.000000e+000  
0.000000e+000  0.000000e+000  0.000000e+000  0.000000e+000  0.000000e+000  0.000000e+000  0.000000e+000  0.000000e+000  0.000000e+000  0.000000e+000  0.000000e+000  0.000000e+000  0.000000e+000  0.000000e+000  0.000000e+000  0.000000e+000  0.000000e+000  0.000000e+000  0.000000e+000  0.000000e+000  0.000000e+000  
0.000000e+000  0.000000e+000  0.000000e+000  0.000000e+000  0.000000e+000  0.000000e+000  0.000000e+000  0.000000e+000  0.000000e+000  0.000000e+000  0.000000e+000  0.000000e+000  0.000000e+000  0.000000e+000  0.000000e+000  0.000000e+000  0.000000e+000  0.000000e+000  0.000000e+000  0.000000e+000  0.000000e+000  
0.000000e+000  0.000000e+000  0.000000e+000  0.000000e+000  0.000000e+000  0.000000e+000  0.000000e+000  0.000000e+000  0.000000e+000  0.000000e+000  0.000000e+000  0.000000e+000  0.000000e+000  0.000000e+000  0.000000e+000  0.000000e+000  0.000000e+000  0.000000e+000  0.000000e+000  0.000000e+000  0.000000e+000  
0.000000e+000  0.000000e+000  0.000000e+000  0.000000e+000  0.000000e+000  0.000000e+000  0.000000e+000  0.000000e+000  0.000000e+000  0.000000e+000  0.000000e+000  0.000000e+000  0.000000e+000  0.000000e+000  0.000000e+000  0.000000e+000  0.000000e+000  0.000000e+000  0.000000e+000  0.000000e+000  0.000000e+000  
0.000000e+000  0.000000e+000  0.000000e+000  0.000000e+000  0.000000e+000  0.000000e+000  0.000000e+000  0.000000e+000  0.000000e+000  0.000000e+000  0.000000e+000  0.000000e+000  0.000000e+000  0.000000e+000  0.000000e+000  0.000000e+000  0.000000e+000  0.000000e+000  0.000000e+000  0.000000e+000  0.000000e+000  
0.000000e+000  0.000000e+000  0.000000e+000  0.000000e+000  0.000000e+000  0.000000e+000  0.000000e+000  0.000000e+000  0.000000e+000  0.000000e+000  0.000000e+000  0.000000e+000  0.000000e+000  0.000000e+000  0.000000e+000  0.000000e+000  0.000000e+000  0.000000e+000  0.000000e+000  0.000000e+000  0.000000e+000  

0.000000e+000  0.000000e+000  0.000000e+000  0.000000e+000  0.000000e+000  0.000000e+000  0.000000e+000  0.000000e+000  0.000000e+000  0.000000e+000  0.000000e+000  0.000000e+000  0.000000e+000  0.000000e+000  0.000000e+000  0.000000e+000  0.000000e+000  0.000000e+000  0.000000e+000  0.000000e+000  0.000000e+000  
0.000000e+000  0.000000e+000  0.000000e+000  0.000000e+000  0.000000e+000  0.000000e+000  0.000000e+000  0.000000e+000  0.000000e+000  0.000000e+000  0.000000e+000  0.000000e+000  0.000000e+000  0.000000e+000  0.000000e+000  0.000000e+000  0.000000e+000  0.000000e+000  0.000000e+000  0.000000e+000  0.000000e+000  
0.000000e+000  0.000000e+000  0.000000e+000  0.000000e+000  0.000000e+000  0.000000e+000  0.000000e+000  0.000000e+000  0.000000e+000  0.000000e+000  0.000000e+000  0.000000e+000  0.000000e+000  0.000000e+000  0.000000e+000  0.000000e+000  0.000000e+000  0.000000e+000  0.000000e+000  0.000000e+000  0.000000e+000  
0.000000e+000  0.000000e+000  0.000000e+000  0.000000e+000  0.000000e+000  0.000000e+000  0.000000e+000  0.000000e+000  0.000000e+000  0.000000e+000  0.000000e+000  0.000000e+000  0.000000e+000  0.000000e+000  0.000000e+000  0.000000e+000  0.000000e+000  0.000000e+000  0.000000e+000  0.000000e+000  0.000000e+000  
0.000000e+000  0.000000e+000  0.000000e+000  0.000000e+000  0.000000e+000  0.000000e+000  0.000000e+000  0.000000e+000  0.000000e+000  0.000000e+000  0.000000e+000  0.000000e+000  0.000000e+000  0.000000e+000  0.000000e+000  0.000000e+000  0.000000e+000  0.000000e+000  0.000000e+000  0.000000e+000  0.000000e+000  
0.000000e+000  0.000000e+000  0.000000e+000  0.000000e+000  0.000000e+000  0.000000e+000  0.000000e+000  0.000000e+000  0.000000e+000  0.000000e+000  0.000000e+000  0.000000e+000  0.000000e+000  0.000000e+000  0.000000e+000  0.000000e+000  0.000000e+000  0.000000e+000  0.000000e+000  0.000000e+000  0.000000e+000  
0.000000e+000  0.000000e+000  0.000000e+000  0.000000e+000  0.000000e+000  0.000000e+000  0.000000e+000  0.000000e+000  0.000000e+000  0.000000e+000  0.000000e+000  0.000000e+000  0.000000e+000  0.000000e+000  0.000000e+000  0.000000e+000  0.000000e+000  0.000000e+000  0.000000e+000  0.000000e+000  0.000000e+000  
0.000000e+000  0.000000e+000  0.000000e+000  0.000000e+000  0.000000e+000  0.000000e+000  0.000000e+000  0.000000e+000  0.000000e+000  0.000000e+000  0.000000e+000  0.000000e+000  0.000000e+000  0.000000e+000  0.000000e+000  0.000000e+000  0.000000e+000  0.000000e+000  0.000000e+000  0.000000e+000  0.000000e+000  
0.000000e+000  0.000000e+000  0.000000e+000  0.000000e+000  0.000000e+000  0.000000e+000  0.000000e+000  0.000000e+000  0.000000e+000  0.000000e+000  0.000000e+000  0.000000e+000  0.000000e+000  0.000000e+000  0.000000e+000  0.000000e+000  0.000000e+000  0.000000e+000  0.000000e+000  0.000000e+000  0.000000e+000  
0.000000e+000  0.000000e+000  0.000000e+000  0.000000e+000  0.000000e+000  0.000000e+000  0.000000e+000  0.000000e+000  0.000000e+000  0.000000e+000  0.000000e+000  0.000000e+000  0.000000e+000  0.000000e+000  0.000000e+000  0.000000e+000  0.000000e+000  0.000000e+000  0.000000e+000  0.000000e+000  0.000000e+000  
0.000000e+000  0.000000e+000  0.000000e+000  0.000000e+000  0.000000e+000  0.000000e+000  0.000000e+000  0.000000e+000  0.000000e+000  0.000000e+000  0.000000e+000  0.000000e+000  0.000000e+000  0.000000e+000  0.000000e+000  0.000000e+000  0.000000e+000  0.000000e+000  0.000000e+000  0.000000e+000  0.000000e+000  
0.000000e+000  0.000000e+000  0.000000e+000  0.000000e+000  0.000000e+000  0.000000e+000  0.000000e+000  0.000000e+000  0.000000e+000  0.000000e+000  0.000000e+000  0.000000e+000  0.000000e+000  0.000000e+000  0.000000e+000  0.000000e+000  0.000000e+000  0.000000e+000  0.000000e+000  0.000000e+000  0.000000e+000  
0.000000e+000  0.000000e+000  0.000000e+000  0.000000e+000  0.000000e+000  0.000000e+000  0.000000e+000  0.000000e+000  0.000000e+000  0.000000e+000  0.000000e+000  0.000000e+000  0.000000e+000  0.000000e+000  0.000000e+000  0.000000e+000  0.000000e+000  0.000000e+000  0.000000e+000  0.000000e+000  0.000000e+000  
0.000000e+000  0.000000e+000  0.000000e+000  0.000000e+000  0.000000e+000  0.000000e+000  0.000000e+000  0.000000e+000  0.000000e+000  0.000000e+000  0.000000e+000  0.000000e+000  0.000000e+000  0.000000e+000  0.000000e+000  0.000000e+000  0.000000e+000  0.000000e+000  0.000000e+000  0.000000e+000  0.000000e+000  
0.000000e+000  0.000000e+000  0.000000e+000  0.000000e+000  0.000000e+000  0.000000e+000  0.000000e+000  0.000000e+000  0.000000e+000  0.000000e+000  0.000000e+000  0.000000e+000  0.000000e+000  0.000000e+000  0.000000e+000  0.000000e+000  0.000000e+000  0.000000e+000  0.000000e+000  0.000000e+000  0.000000e+000  
0.000000e+000  0.000000e+000  0.000000e+000  0.000000e+000  0.000000e+000  0.000000e+000  0.000000e+000  0.000000e+000  0.000000e+000  0.000000e+000  0.000000e+000  0.000000e+000  0.000000e+000  0.000000e+000  0.000000e+000  0.000000e+000  0.000000e+000  0.000000e+000  0.000000e+000  0.000000e+000  0.000000e+000  
0.000000e+000  0.000000e+000  0.000000e+000  0.000000e+000  0.000000e+000  0.000000e+000  0.000000e+000  0.000000e+000  0.000000e+000  0.000000e+000  0.000000e+000  0.000000e+000  0.000000e+000  0.000000e+000  0.000000e+000  0.000000e+000  0.000000e+000  0.000000e+000  0.000000e+000  0.000000e+000  0.000000e+000  
0.000000e+000  0.000000e+000  0.000000e+000  0.000000e+000  0.000000e+000  0.000000e+000  0.000000e+000  0.000000e+000  0.000000e+000  0.000000e+000  0.000000e+000  0.000000e+000  0.000000e+000  0.000000e+000  0.000000e+000  0.000000e+000  0.000000e+000  0.000000e+000  0.000000e+000  0.000000e+000  0.000000e+000  
0.000000e+000  0.000000e+000  0.000000e+000  0.000000e+000  0.000000e+000  0.000000e+000  0.000000e+000  0.000000e+000  0.000000e+000  0.000000e+000  0.000000e+000  0.000000e+000  0.000000e+000  0.000000e+000  0.000000e+000  0.000000e+000  0.000000e+000  0.000000e+000  0.000000e+000  0.000000e+000  0.000000e+000  
0.000000e+000  0.000000e+000  0.000000e+000  0.000000e+000  0.000000e+000  0.000000e+000  0.000000e+000  0.000000e+000  0.000000e+000  0.000000e+000  0.000000e+000  0.000000e+000  0.000000e+000  0.000000e+000  0.000000e+000  0.000000e+000  0.000000e+000  0.000000e+000  0.000000e+000  0.000000e+000  0.000000e+000  
0.000000e+000  0.000000e+000  0.000000e+000  0.000000e+000  0.000000e+000  0.000000e+000  0.000000e+000  0.000000e+000  0.000000e+000  0.000000e+000  0.000000e+000  0.000000e+000  0.000000e+000  0.000000e+000  0.000000e+000  0.000000e+000  0.000000e+000  0.000000e+000  0.000000e+000  0.000000e+000  0.000000e+000  
0.000000e+000  0.000000e+000  0.000000e+000  0.000000e+000  0.000000e+000  0.000000e+000  0.000000e+000  0.000000e+000  0.000000e+000  0.000000e+000  0.000000e+000  0.000000e+000  0.000000e+000  0.000000e+000  0.000000e+000  0.000000e+000  0.000000e+000  0.000000e+000  0.000000e+000  0.000000e+000  0.000000e+000  
0.000000e+000  0.000000e+000  0.000000e+000  0.000000e+000  0.000000e+000  0.000000e+000  0.000000e+000  0.000000e+000  0.000000e+000  0.000000e+000  0.000000e+000  0.000000e+000  0.000000e+000  0.000000e+000  0.000000e+000  0.000000e+000  0.000000e+000  0.000000e+000  0.000000e+000  0.000000e+000  0.000000e+000  
0.000000e+000  0.000000e+000  0.000000e+000  0.000000e+000  0.000000e+000  0.000000e+000  0.000000e+000  0.000000e+000  0.000000e+000  0.000000e+000  0.000000e+000  0.000000e+000  0.000000e+000  0.000000e+000  0.000000e+000  0.000000e+000  0.000000e+000  0.000000e+000  0.000000e+000  0.000000e+000  0.000000e+000  
0.000000e+000  0.000000e+000  0.000000e+000  0.000000e+000  0.000000e+000  0.000000e+000  0.000000e+000  0.000000e+000  0.000000e+000  0.000000e+000  0.000000e+000  0.000000e+000  0.000000e+000  0.000000e+000  0.000000e+000  0.000000e+000  0.000000e+000  0.000000e+000  0.000000e+000  0.000000e+000  0.000000e+000  
0.000000e+000  0.000000e+000  0.000000e+000  0.000000e+000  0.000000e+000  0.000000e+000  0.000000e+000  0.000000e+000  0.000000e+000  0.000000e+000  0.000000e+000  0.000000e+000  0.000000e+000  0.000000e+000  0.000000e+000  0.000000e+000  0.000000e+000  0.000000e+000  0.000000e+000  0.000000e+000  0.000000e+000  
0.000000e+000  0.000000e+000  0.000000e+000  0.000000e+000  0.000000e+000  0.000000e+000  0.000000e+000  0.000000e+000  0.000000e+000  0.000000e+000  0.000000e+000  0.000000e+000  0.000000e+000  0.000000e+000  0.000000e+000  0.000000e+000  0.000000e+000  0.000000e+000  0.000000e+000  0.000000e+000  0.000000e+000  
0.000000e+000  0.000000e+000  0.000000e+000  0.000000e+000  0.000000e+000  0.000000e+000  0.000000e+000  0.000000e+000  0.000000e+000  0.000000e+000  0.000000e+000  0.000000e+000  0.000000e+000  0.000000e+000  0.000000e+000  0.000000e+000  0.000000e+000  0.000000e+000  0.000000e+000  0.000000e+000  0.000000e+000  
0.000000e+000  0.000000e+000  0.000000e+000  0.000000e+000  0.000000e+000  0.000000e+000  0.000000e+000  0.000000e+000  0.000000e+000  0.000000e+000  0.000000e+000  0.000000e+000  0.000000e+000  0.000000e+000  0.000000e+000  0.000000e+000  0.000000e+000  0.000000e+000  0.000000e+000  0.000000e+000  0.000000e+000  
0.000000e+000  0.000000e+000  0.000000e+000  0.000000e+000  0.000000e+000  0.000000e+000  0.000000e+000  0.000000e+000  0.000000e+000  0.000000e+000  0.000000e+000  0.000000e+000  0.000000e+000  0.000000e+000  0.000000e+000  0.000000e+000  0.000000e+000  0.000000e+000  0.000000e+000  0.000000e+000  0.000000e+000  
0.000000e+000  0.000000e+000  0.000000e+000  0.000000e+000  0.000000e+000  0.000000e+000  0.000000e+000  0.000000e+000  0.000000e+000  0.000000e+000  0.000000e+000  0.000000e+000  0.000000e+000  0.000000e+000  0.000000e+000  0.000000e+000  0.000000e+000  0.000000e+000  0.000000e+000  0.000000e+000  0.000000e+000  
0.000000e+000  0.000000e+000  0.000000e+000  0.000000e+000  0.000000e+000  0.000000e+000  0.000000e+000  0.000000e+000  0.000000e+000  0.000000e+000  0.000000e+000  0.000000e+000  0.000000e+000  0.000000e+000  0.000000e+000  0.000000e+000  0.000000e+000  0.000000e+000  0.000000e+000  0.000000e+000  0.000000e+000  
0.000000e+000  0.000000e+000  0.000000e+000  0.000000e+000  0.000000e+000  0.000000e+000  0.000000e+000  0.000000e+000  0.000000e+000  0.000000e+000  0.000000e+000  0.000000e+000  0.000000e+000  0.000000e+000  0.000000e+000  0.000000e+000  0.000000e+000  0.000000e+000  0.000000e+000  0.000000e+000  0.000000e+000  
0.000000e+000  0.000000e+000  0.000000e+000  0.000000e+000  0.000000e+000  0.000000e+000  0.000000e+000  0.000000e+000  0.000000e+000  0.000000e+000  0.000000e+000  0.000000e+000  0.000000e+000  0.000000e+000  0.000000e+000  0.000000e+000  0.000000e+000  0.000000e+000  0.000000e+000  0.000000e+000  0.000000e+000  
0.000000e+000  0.000000e+000  0.000000e+000  0.000000e+000  0.000000e+000  0.000000e+000  0.000000e+000  0.000000e+000  0.000000e+000  0.000000e+000  0.000000e+000  0.000000e+000  0.000000e+000  0.000000e+000  0.000000e+000  0.000000e+000  0.000000e+000  0.000000e+000  0.000000e+000  0.000000e+000  0.000000e+000  
0.000000e+000  0.000000e+000  0.000000e+000  0.000000e+000  0.000000e+000  0.000000e+000  0.000000e+000  0.000000e+000  0.000000e+000  0.000000e+000  0.000000e+000  0.000000e+000  0.000000e+000  0.000000e+000  0.000000e+000  0.000000e+000  0.000000e+000  0.000000e+000  0.000000e+000  0.000000e+000  0.000000e+000  
0.000000e+000  0.000000e+000  0.000000e+000  0.000000e+000  0.000000e+000  0.000000e+000  0.000000e+000  0.000000e+000  0.000000e+000  0.000000e+000  0.000000e+000  0.000000e+000  0.000000e+000  0.000000e+000  0.000000e+000  0.000000e+000  0.000000e+000  0.000000e+000  0.000000e+000  0.000000e+000  0.000000e+000  
0.000000e+000  0.000000e+000  0.000000e+000  0.000000e+000  0.000000e+000  0.000000e+000  0.000000e+000  0.000000e+000  0.000000e+000  0.000000e+000  0.000000e+000  0.000000e+000  0.000000e+000  0.000000e+000  0.000000e+000  0.000000e+000  0.000000e+000  0.000000e+000  0.000000e+000  0.000000e+000  0.000000e+000  
0.000000e+000  0.000000e+000  0.000000e+000  0.000000e+000  0.000000e+000  0.000000e+000  0.000000e+000  0.000000e+000  0.000000e+000  0.000000e+000  0.000000e+000  0.000000e+000  0.000000e+000  0.000000e+000  0.000000e+000  0.000000e+000  0.000000e+000  0.000000e+000  0.000000e+000  0.000000e+000  0.000000e+000  

6.728259e-001  6.728259e-001  6.728259e-001  6.728259e-001  6.728259e-001  6.728259e-001  6.728258e-001  6.728258e-001  6.728258e-001  6.728258e-001  6.728258e-001  6.728258e-001  6.728258e-001  6.728258e-001  6.728258e-001  6.728258e-001  6.728258e-001  6.728258e-001  6.728258e-001  6.728258e-001  0.000000e+000  
6.722661e-001  6.722661e-001  6.722661e-001  6.722661e-001  6.722661e-001  6.722661e-001  6.722661e-001  6.722661e-001  6.722661e-001  6.722661e-001  6.722661e-001  6.722661e-001  6.722661e-001  6.722661e-001  6.722661e-001  6.722661e-001  6.722661e-001  6.722661e-001  6.722661e-001  6.722661e-001  0.000000e+000  
6.711472e-001  6.711472e-001  6.711472e-001  6.711472e-001  6.711472e-001  6.711472e-001  6.711472e-001  6.711472e-001  6.711472e-001  6.711472e-001  6.711472e-001  6.711472e-001  6.711472e-001  6.711472e-001  6.711472e-001  6.711472e-001  6.711472e-001  6.711472e-001  6.711472e-001  6.711472e-001  0.000000e+000  
6.667495e-001  6.667495e-001  6.667495e-001  6.667495e-001  6.667495e-001  6.667495e-001  6.667495e-001  6.667495e-001  6.667495e-001  6.667495e-001  6.667495e-001  6.667495e-001  6.667495e-001  6.667495e-001  6.667495e-001  6.667495e-001  6.667495e-001  6.667495e-001  6.667495e-001  6.667495e-001  0.000000e+000  
6.487268e-001  6.487268e-001  6.487268e-001  6.487268e-001  6.487268e-001  6.487268e-001  6.487268e-001  6.487268e-001  6.487268e-001  6.487268e-001  6.487268e-001  6.487268e-001  6.487268e-001  6.487268e-001  6.487268e-001  6.487268e-001  6.487268e-001  6.487268e-001  6.487268e-001  6.487268e-001  0.000000e+000  
6.178798e-001  6.178798e-001  6.178798e-001  6.178798e-001  6.178798e-001  6.178798e-001  6.178798e-001  6.178798e-001  6.178798e-001  6.178798e-001  6.178798e-001  6.178798e-001  6.178798e-001  6.178798e-001  6.178798e-001  6.178798e-001  6.178798e-001  6.178798e-001  6.178798e-001  6.178798e-001  0.000000e+000  
5.756894e-001  5.756894e-001  5.756894e-001  5.756894e-001  5.756893e-001  5.756893e-001  5.756893e-001  5.756893e-001  5.756893e-001  5.756893e-001  5.756893e-001  5.756893e-001  5.756893e-001  5.756893e-001  5.756893e-001  5.756893e-001  5.756893e-001  5.756893e-001  5.756893e-001  5.756893e-001  0.000000e+000  
5.229301e-001  5.229301e-001  5.229301e-001  5.229301e-001  5.229301e-001  5.229301e-001  5.229301e-001  5.229301e-001  5.229301e-001  5.229301e-001  5.229301e-001  5.229301e-001  5.229301e-001  5.229301e-001  5.229301e-001  5.229301e-001  5.229301e-001  5.229301e-001  5.229301e-001  5.229301e-001  0.000000e+000  
4.605706e-001  4.605706e-001  4.605706e-001  4.605706e-001  4.605706e-001  4.605706e-001  4.605706e-001  4.605706e-001  4.605706e-001  4.605706e-001  4.605706e-001  4.605706e-001  4.605706e-001  4.605706e-001  4.605706e-001  4.605706e-001  4.605706e-001  4.605706e-001  4.605706e-001  4.605706e-001  0.000000e+000  
3.897557e-001  3.897557e-001  3.897557e-001  3.897557e-001  3.897557e-001  3.897557e-001  3.897557e-001  3.897557e-001  3.897557e-001  3.897557e-001  3.897557e-001  3.897557e-001  3.897557e-001  3.897557e-001  3.897557e-001  3.897557e-001  3.897557e-001  3.897557e-001  3.897557e-001  3.897557e-001  0.000000e+000  
3.117855e-001  3.117855e-001  3.117855e-001  3.117855e-001  3.117855e-001  3.117855e-001  3.117855e-001  3.117855e-001  3.117855e-001  3.117855e-001  3.117855e-001  3.117855e-001  3.117855e-001  3.117855e-001  3.117855e-001  3.117855e-001  3.117855e-001  3.117855e-001  3.117855e-001  3.117855e-001  0.000000e+000  
2.280913e-001  2.280913e-001  2.280913e-001  2.280913e-001  2.280913e-001  2.280913e-001  2.280913e-001  2.280913e-001  2.280913e-001  2.280913e-001  2.280913e-001  2.280913e-001  2.280913e-001  2.280913e-001  2.280913e-001  2.280913e-001  2.280913e-001  2.280913e-001  2.280913e-001  2.280913e-001  0.000000e+000  
1.444547e-001  1.444547e-001  1.444547e-001  1.444547e-001  1.444547e-001  1.444547e-001  1.444547e-001  1.444547e-001  1.444547e-001  1.444547e-001  1.444547e-001  1.444547e-001  1.444547e-001  1.444547e-001  1.444547e-001  1.444547e-001  1.444547e-001  1.444547e-001  1.444547e-001  1.444547e-001  0.000000e+000  
9.406819e-002  9.406819e-002  9.406819e-002  9.406819e-002  9.406819e-002  9.406819e-002  9.406819e-002  9.406820e-002  9.406820e-002  9.406820e-002  9.406820e-002  9.406819e-002  9.406819e-002  9.406819e-002  9.406819e-002  9.406819e-002  9.406819e-002  9.406820e-002  9.406820e-002  9.406820e-002  0.000000e+000  
7.477276e-002  7.477276e-002  7.477276e-002  7.477277e-002  7.477277e-002  7.477277e-002  7.477277e-002  7.477277e-002  7.477277e-002  7.477277e-002  7.477277e-002  7.477276e-002  7.477276e-002  7.477276e-002  7.477276e-002  7.477276e-002  7.477276e-002  7.477277e-002  7.477277e-002  7.477277e-002  0.000000e+000  
5.541513e-002  5.541513e-002  5.541513e-002  5.541513e-002  5.541514e-002  5.541513e-002  5.541513e-002  5.541513e-002  5.541513e-002  5.541513e-002  5.541513e-002  5.541513e-002  5.541513e-002  5.541513e-002  5.541513e-002  5.541513e-002  5.541513e-002  5.541513e-002  5.541513e-002  5.541514e-002  0.000000e+000  
3.782383e-002  3.782383e-002  3.782383e-002  3.782383e-002  3.782383e-002  3.782383e-002  3.782383e-002  3.782383e-002  3.782383e-002  3.782383e-002  3.782383e-002  3.782383e-002  3.782383e-002  3.782383e-002  3.782383e-002  3.782383e-002  3.782383e-002  3.782383e-002  3.782383e-002  3.782383e-002  0.000000e+000  
2.202414e-002  2.202414e-002  2.202414e-002  2.202414e-002  2.202414e-002  2.202414e-002  2.202414e-002  2.202414e-002  2.202414e-002  2.202414e-002  2.202414e-002  2.202414e-002  2.202414e-002  2.202414e-002  2.202414e-002  2.202414e-002  2.202414e-002  2.202414e-002  2.202414e-002  2.202414e-002  0.000000e+000  
7.059892e-003  7.059892e-003  7.059892e-003  7.059893e-003  7.059893e-003  7.059892e-003  7.059892e-003  7.059893e-003  7.059892e-003  7.059892e-003  7.059892e-003  7.059891e-003  7.059893e-003  7.059893e-003  7.059893e-003  7.059893e-003  7.059891e-003  7.059892e-003  7.059892e-003  7.059892e-003  0.000000e+000  
-7.059892e-003  -7.059892e-003  -7.059892e-003  -7.059893e-003  -7.059893e-003  -7.059892e-003  -7.059892e-003  -7.059892e-003  -7.059892e-003  -7.059892e-003  -7.059892e-003  -7.059891e-003  -7.059893e-003  -7.059893e-003  -7.059893e-003  -7.059893e-003  -7.059891e-003  -7.059892e-003  -7.059892e-003  -7.059892e-003  0.000000e+000  
-2.202414e-002  -2.202414e-002  -2.202414e-002  -2.202414e-002  -2.202414e-002  -2.202414e-002  -2.202414e-002  -2.202414e-002  -2.202414e-002  -2.202414e-002  -2.202414e-002  -2.202414e-002  -2.202414e-002  -2.202414e-002  -2.202414e-002  -2.202414e-002  -2.202414e-002  -2.202414e-002  -2.202414e-002  -2.202414e-002  0.000000e+000  
-3.782383e-002  -3.782383e-002  -3.782383e-002  -3.782383e-002  -3.782383e-002  -3.782383e-002  -3.782383e-002  -3.782383e-002  -3.782383e-002  -3.782383e-002  -3.782383e-002  -3.782383e-002  -3.782383e-002  -3.782383e-002  -3.782383e-002  -3.782383e-002  -3.782383e-002  -3.782383e-002  -3.782383e-002  -3.782383e-002  0.000000e+000  
-5.541513e-002  -5.541513e-002  -5.541513e-002  -5.541514e-002  -5.541514e-002  -5.541513e-002  -5.541513e-002  -5.541513e-002  -5.541513e-002  -5.541513e-002  -5.541513e-002  -5.541513e-002  -5.541513e-002  -5.541513e-002  -5.541513e-002  -5.541513e-002  -5.541513e-002  -5.541513e-002  -5.541513e-002  -5.541513e-002  0.000000e+000  
-7.477276e-002  -7.477276e-002  -7.477276e-002  -7.477277e-002  -7.477277e-002  -7.477277e-002  -7.477277e-002  -7.477277e-002  -7.477277e-002  -7.477277e-002  -7.477277e-002  -7.477276e-002  -7.477276e-002  -7.477276e-002  -7.477276e-002  -7.477276e-002  -7.477276e-002  -7.477277e-002  -7.477277e-002  -7.477277e-002  0.000000e+000  
-9.406819e-002  -9.406819e-002  -9.406819e-002  -9.406819e-002  -9.406819e-002  -9.406819e-002  -9.406819e-002  -9.406820e-002  -9.406820e-002  -9.406820e-002  -9.406820e-002  -9.406819e-002  -9.406819e-002  -9.406819e-002  -9.406819e-002  -9.406819e-002  -9.406819e-002  -9.406820e-002  -9.406820e-002  -9.406820e-002  0.000000e+000  
-1.444547e-001  -1.444547e-001  -1.444547e-001  -1.444547e-001  -1.444547e-001  -1.444547e-001  -1.444547e-001  -1.444547e-001  -1.444547e-001  -1.444547e-001  -1.444547e-001  -1.444547e-001  -1.444547e-001  -1.444547e-001  -1.444547e-001  -1.444547e-001  -1.444547e-001  -1.444547e-001  -1.444547e-001  -1.444547e-001  0.000000e+000  
-2.280913e-001  -2.280913e-001  -2.280913e-001  -2.280913e-001  -2.280913e-001  -2.280913e-001  -2.280913e-001  -2.280913e-001  -2.280913e-001  -2.280913e-001  -2.280913e-001  -2.280913e-001  -2.280913e-001  -2.280913e-001  -2.280913e-001  -2.280913e-001  -2.280913e-001  -2.280913e-001  -2.280913e-001  -2.280913e-001  0.000000e+000  
-3.117855e-001  -3.117855e-001  -3.117855e-001  -3.117855e-001  -3.117855e-001  -3.117855e-001  -3.117855e-001  -3.117855e-001  -3.117855e-001  -3.117855e-001  -3.117855e-001  -3.117855e-001  -3.117855e-001  -3.117855e-001  -3.117855e-001  -3.117855e-001  -3.117855e-001  -3.117855e-001  -3.117855e-001  -3.117855e-001  0.000000e+000  
-3.897557e-001  -3.897557e-001  -3.897557e-001  -3.897557e-001  -3.897557e-001  -3.897557e-001  -3.897557e-001  -3.897557e-001  -3.897557e-001  -3.897557e-001  -3.897557e-001  -3.897557e-001  -3.897557e-001  -3.897557e-001  -3.897557e-001  -3.897557e-001  -3.897557e-001  -3.897557e-001  -3.897557e-001  -3.897557e-001  0.000000e+000  
-4.605706e-001  -4.605706e-001  -4.605706e-001  -4.605706e-001  -4.605706e-001  -4.605706e-001  -4.605706e-001  -4.605706e-001  -4.605706e-001  -4.605706e-001  -4.605706e-001  -4.605706e-001  -4.605706e-001  -4.605706e-001  -4.605706e-001  -4.605706e-001  -4.605706e-001  -4.605706e-001  -4.605706e-001  -4.605706e-001  0.000000e+000  
-5.229301e-001  -5.229301e-001  -5.229301e-001  -5.229301e-001  -5.229301e-001  -5.229301e-001  -5.229301e-001  -5.229301e-001  -5.229301e-001  -5.229301e-001  -5.229301e-001  -5.229301e-001  -5.229301e-001  -5.229301e-001  -5.229301e-001  -5.229301e-001  -5.229301e-001  -5.229301e-001  -5.229301e-001  -5.229301e-001  0.000000e+000  
-5.756894e-001  -5.756894e-001  -5.756894e-001  -5.756894e-001  -5.756893e-001  -5.756893e-001  -5.756893e-001  -5.756893e-001  -5.756893e-001  -5.756893e-001  -5.756893e-001  -5.756893e-001  -5.756893e-001  -5.756893e-001  -5.756893e-001  -5.756893e-001  -5.756893e-001  -5.756893e-001  -5.756893e-001  -5.756893e-001  0.000000e+000  
-6.178798e-001  -6.178798e-001  -6.178798e-001  -6.178798e-001  -6.178798e-001  -6.178798e-001  -6.178798e-001  -6.178798e-001  -6.178798e-001  -6.178798e-001  -6.178798e-001  -6.178798e-001  -6.178798e-001  -6.178798e-001  -6.178798e-001  -6.178798e-001  -6.178798e-001  -6.178798e-001  -6.178798e-001  -6.178798e-001  0.000000e+000  
-6.487268e-001  -6.487268e-001  -6.487268e-001  -6.487268e-001  -6.487268e-001  -6.487268e-001  -6.487268e-001  -6.487268e-001  -6.487268e-001  -6.487268e-001  -6.487268e-001  -6.487268e-001  -6.487268e-001  -6.487268e-001  -6.487268e-001  -6.487268e-001  -6.487268e-001  -6.487268e-001  -6.487268e-001  -6.487268e-001  0.000000e+000  
-6.667495e-001  -6.667495e-001  -6.667495e-001  -6.667495e-001  -6.667495e-001  -6.667495e-001  -6.667495e-001  -6.667495e-001  -6.667495e-001  -6.667495e-001  -6.667495e-001  -6.667495e-001  -6.667495e-001  -6.667495e-001  -6.667495e-001  -6.667495e-001  -6.667495e-001  -6.667495e-001  -6.667495e-001  -6.667495e-001  0.000000e+000  
-6.711472e-001  -6.711472e-001  -6.711472e-001  -6.711472e-001  -6.711472e-001  -6.711472e-001  -6.711472e-001  -6.711472e-001  -6.711472e-001  -6.711472e-001  -6.711472e-001  -6.711472e-001  -6.711472e-001  -6.711472e-001  -6.711472e-001  -6.711472e-001  -6.711472e-001  -6.711472e-001  -6.711472e-001  -6.711472e-001  0.000000e+000  
-6.722661e-001  -6.722661e-001  -6.722661e-001  -6.722661e-001  -6.722661e-001  -6.722661e-001  -6.722661e-001  -6.722661e-001  -6.722661e-001  -6.722661e-001  -6.722661e-001  -6.722661e-001  -6.722661e-001  -6.722661e-001  -6.722661e-001  -6.722661e-001  -6.722661e-001  -6.722661e-001  -6.722661e-001  -6.722661e-001  0.000000e+000  
-6.728259e-001  -6.728259e-001  -6.728259e-001  -6.728259e-001  -6.728259e-001  -6.728259e-001  -6.728258e-001  -6.728258e-001  -6.728258e-001  -6.728258e-001  -6.728258e-001  -6.728258e-001  -6.728258e-001  -6.728258e-001  -6.728258e-001  -6.728258e-001  -6.728258e-001  -6.728258e-001  -6.728258e-001  -6.728258e-001  0.000000e+000  
0.000000e+000  0.000000e+000  0.000000e+000  0.000000e+000  0.000000e+000  0.000000e+000  0.000000e+000  0.000000e+000  0.000000e+000  0.000000e+000  0.000000e+000  0.000000e+000  0.000000e+000  0.000000e+000  0.000000e+000  0.000000e+000  0.000000e+000  0.000000e+000  0.000000e+000  0.000000e+000  0.000000e+000  

