Port monitor named: Port2_h1[2.5].prt

nx        = 25
ny        = 4
nz        = 25

nu        = 23
nv        = 23
iu        = 2
iv        = 2

idir      = 1
dcut      = 2.525000e-002
icut      = 3
type      = 1
frequency = 2.500000e+009

fcutoff   = 0.000000e+000
alpha     = 0.000000e+000
beta      = 7.257395e+001
accuracy  = 4.511770e-012

type          = QTEM
wave imp.     = 2.634427e+002
wave imp.sig. = 2.811228e-003
line imp.     = 5.425737e+001

ref. port     = 0

-0.000000e+000  2.241224e+000  4.482705e+000  6.706047e+000  8.855517e+000  9.861809e+000  1.080368e+001  1.165934e+001  1.240450e+001  1.301518e+001  1.346923e+001  1.385327e+001  1.346923e+001  1.301518e+001  1.240450e+001  1.165934e+001  1.080368e+001  9.861809e+000  8.855517e+000  6.706047e+000  4.482705e+000  2.241224e+000  -0.000000e+000  
-0.000000e+000  2.241340e+000  4.501592e+000  6.781044e+000  9.039844e+000  1.012176e+001  1.115094e+001  1.210121e+001  1.294223e+001  1.364158e+001  1.416781e+001  1.462116e+001  1.416781e+001  1.364158e+001  1.294223e+001  1.210121e+001  1.115094e+001  1.012176e+001  9.039843e+000  6.781044e+000  4.501592e+000  2.241340e+000  -0.000000e+000  
-0.000000e+000  2.222919e+000  4.502076e+000  6.878369e+000  9.351321e+000  1.059281e+001  1.181376e+001  1.297993e+001  1.404651e+001  1.496026e+001  1.566500e+001  1.629560e+001  1.566500e+001  1.496026e+001  1.404650e+001  1.297993e+001  1.181376e+001  1.059281e+001  9.351321e+000  6.878369e+000  4.502076e+000  2.222919e+000  -0.000000e+000  
-0.000000e+000  2.148635e+000  4.406644e+000  6.879266e+000  9.649320e+000  1.114585e+001  1.269556e+001  1.425687e+001  1.576188e+001  1.711484e+001  1.820051e+001  1.923102e+001  1.820051e+001  1.711484e+001  1.576187e+001  1.425687e+001  1.269556e+001  1.114585e+001  9.649320e+000  6.879266e+000  4.406644e+000  2.148635e+000  -0.000000e+000  
-0.000000e+000  2.011359e+000  4.174303e+000  6.656802e+000  9.649725e+000  1.140097e+001  1.332203e+001  1.538335e+001  1.750439e+001  1.953247e+001  2.124279e+001  2.297818e+001  2.124279e+001  1.953247e+001  1.750439e+001  1.538335e+001  1.332203e+001  1.140097e+001  9.649725e+000  6.656802e+000  4.174303e+000  2.011359e+000  -0.000000e+000  
-0.000000e+000  1.882141e+000  3.939508e+000  6.380865e+000  9.480112e+000  1.140118e+001  1.359937e+001  1.607458e+001  1.875895e+001  2.146195e+001  2.383266e+001  2.634392e+001  2.383266e+001  2.146195e+001  1.875895e+001  1.607458e+001  1.359937e+001  1.140118e+001  9.480112e+000  6.380865e+000  3.939508e+000  1.882141e+000  -0.000000e+000  
-0.000000e+000  1.709222e+000  3.608702e+000  5.940436e+000  9.062836e+000  1.112426e+001  1.359964e+001  1.655658e+001  1.999485e+001  2.372363e+001  2.716584e+001  3.096520e+001  2.716584e+001  2.372363e+001  1.999485e+001  1.655658e+001  1.359964e+001  1.112426e+001  9.062836e+000  5.940436e+000  3.608702e+000  1.709222e+000  -0.000000e+000  
-0.000000e+000  1.488766e+000  3.169822e+000  5.302322e+000  8.312049e+000  1.043334e+001  1.311831e+001  1.655721e+001  2.094015e+001  2.627183e+001  3.152728e+001  3.748607e+001  3.152728e+001  2.627183e+001  2.094015e+001  1.655721e+001  1.311831e+001  1.043334e+001  8.312049e+000  5.302322e+000  3.169822e+000  1.488766e+000  -0.000000e+000  
-0.000000e+000  1.220233e+000  2.618070e+000  4.444885e+000  7.150285e+000  9.178705e+000  1.188302e+001  1.561375e+001  2.093665e+001  2.721050e+001  -0.000000e+000  -0.000000e+000  -0.000000e+000  2.721050e+001  2.093665e+001  1.561375e+001  1.188302e+001  9.178705e+000  7.150285e+000  4.444885e+000  2.618070e+000  1.220233e+000  -0.000000e+000  
-0.000000e+000  9.072953e-001  1.959067e+000  3.367788e+000  5.538016e+000  7.248148e+000  9.621276e+000  1.307807e+001  2.024577e+001  -0.000000e+000  -0.000000e+000  -0.000000e+000  -0.000000e+000  -0.000000e+000  2.024577e+001  1.307807e+001  9.621276e+000  7.248148e+000  5.538016e+000  3.367788e+000  1.959067e+000  9.072953e-001  -0.000000e+000  
-0.000000e+000  3.837059e-001  8.366951e-001  1.466562e+000  2.494570e+000  3.357782e+000  4.603110e+000  6.477298e+000  -0.000000e+000  -0.000000e+000  -0.000000e+000  -0.000000e+000  -0.000000e+000  -0.000000e+000  -0.000000e+000  6.477298e+000  4.603110e+000  3.357782e+000  2.494570e+000  1.466562e+000  8.366951e-001  3.837059e-001  -0.000000e+000  
-0.000000e+000  -3.837014e-001  -8.366887e-001  -1.466564e+000  -2.494611e+000  -3.357876e+000  -4.603278e+000  -6.477500e+000  -0.000000e+000  -0.000000e+000  -0.000000e+000  -0.000000e+000  -0.000000e+000  -0.000000e+000  -0.000000e+000  -6.477500e+000  -4.603278e+000  -3.357876e+000  -2.494611e+000  -1.466564e+000  -8.366887e-001  -3.837014e-001  -0.000000e+000  
-0.000000e+000  -9.072889e-001  -1.959053e+000  -3.367766e+000  -5.537991e+000  -7.248175e+000  -9.621569e+000  -1.307962e+001  -2.031075e+001  -0.000000e+000  -0.000000e+000  -0.000000e+000  -0.000000e+000  -0.000000e+000  -2.031075e+001  -1.307962e+001  -9.621569e+000  -7.248175e+000  -5.537991e+000  -3.367766e+000  -1.959053e+000  -9.072889e-001  -0.000000e+000  
-0.000000e+000  -1.220226e+000  -2.618052e+000  -4.444845e+000  -7.150180e+000  -9.178475e+000  -1.188241e+001  -1.561168e+001  -2.092820e+001  -2.723910e+001  -0.000000e+000  -0.000000e+000  -0.000000e+000  -2.723910e+001  -2.092820e+001  -1.561168e+001  -1.188241e+001  -9.178475e+000  -7.150180e+000  -4.444845e+000  -2.618052e+000  -1.220226e+000  -0.000000e+000  
-0.000000e+000  -1.488758e+000  -3.169802e+000  -5.302276e+000  -8.311927e+000  -1.043311e+001  -1.311787e+001  -1.655646e+001  -2.093973e+001  -2.627889e+001  -3.152533e+001  -3.748514e+001  -3.152533e+001  -2.627889e+001  -2.093973e+001  -1.655646e+001  -1.311787e+001  -1.043311e+001  -8.311927e+000  -5.302276e+000  -3.169802e+000  -1.488758e+000  -0.000000e+000  
-0.000000e+000  -1.709215e+000  -3.608684e+000  -5.940396e+000  -9.062744e+000  -1.112412e+001  -1.359947e+001  -1.655650e+001  -1.999532e+001  -2.372564e+001  -2.716562e+001  -3.096471e+001  -2.716562e+001  -2.372564e+001  -1.999532e+001  -1.655650e+001  -1.359947e+001  -1.112412e+001  -9.062744e+000  -5.940395e+000  -3.608684e+000  -1.709215e+000  -0.000000e+000  
-0.000000e+000  -1.882136e+000  -3.939494e+000  -6.380837e+000  -9.480063e+000  -1.140114e+001  -1.359935e+001  -1.607468e+001  -1.875934e+001  -2.146266e+001  -2.383278e+001  -2.634374e+001  -2.383278e+001  -2.146266e+001  -1.875934e+001  -1.607468e+001  -1.359935e+001  -1.140114e+001  -9.480063e+000  -6.380837e+000  -3.939494e+000  -1.882136e+000  -0.000000e+000  
-0.000000e+000  -2.011356e+000  -4.174296e+000  -6.656789e+000  -9.649712e+000  -1.140097e+001  -1.332207e+001  -1.538349e+001  -1.750465e+001  -1.953282e+001  -2.124296e+001  -2.297817e+001  -2.124296e+001  -1.953282e+001  -1.750465e+001  -1.538349e+001  -1.332207e+001  -1.140097e+001  -9.649712e+000  -6.656789e+000  -4.174296e+000  -2.011356e+000  -0.000000e+000  
-0.000000e+000  -2.148636e+000  -4.406646e+000  -6.879274e+000  -9.649345e+000  -1.114589e+001  -1.269564e+001  -1.425699e+001  -1.576203e+001  -1.711501e+001  -1.820065e+001  -1.923111e+001  -1.820065e+001  -1.711501e+001  -1.576203e+001  -1.425699e+001  -1.269564e+001  -1.114589e+001  -9.649345e+000  -6.879274e+000  -4.406646e+000  -2.148636e+000  -0.000000e+000  
-0.000000e+000  -2.222924e+000  -4.502089e+000  -6.878393e+000  -9.351364e+000  -1.059286e+001  -1.181383e+001  -1.298002e+001  -1.404661e+001  -1.496038e+001  -1.566512e+001  -1.629570e+001  -1.566512e+001  -1.496038e+001  -1.404661e+001  -1.298002e+001  -1.181383e+001  -1.059286e+001  -9.351364e+000  -6.878393e+000  -4.502089e+000  -2.222924e+000  -0.000000e+000  
-0.000000e+000  -2.241349e+000  -4.501611e+000  -6.781075e+000  -9.039892e+000  -1.012182e+001  -1.115101e+001  -1.210129e+001  -1.294232e+001  -1.364167e+001  -1.416790e+001  -1.462126e+001  -1.416790e+001  -1.364167e+001  -1.294232e+001  -1.210129e+001  -1.115101e+001  -1.012182e+001  -9.039892e+000  -6.781075e+000  -4.501610e+000  -2.241349e+000  -0.000000e+000  
-0.000000e+000  -2.241233e+000  -4.482726e+000  -6.706081e+000  -8.855567e+000  -9.861868e+000  -1.080375e+001  -1.165942e+001  -1.240458e+001  -1.301527e+001  -1.346932e+001  -1.385336e+001  -1.346932e+001  -1.301527e+001  -1.240458e+001  -1.165942e+001  -1.080375e+001  -9.861868e+000  -8.855567e+000  -6.706081e+000  -4.482726e+000  -2.241233e+000  -0.000000e+000  
-0.000000e+000  -0.000000e+000  -0.000000e+000  -0.000000e+000  -0.000000e+000  -0.000000e+000  -0.000000e+000  -0.000000e+000  -0.000000e+000  -0.000000e+000  -0.000000e+000  -0.000000e+000  -0.000000e+000  -0.000000e+000  -0.000000e+000  -0.000000e+000  -0.000000e+000  -0.000000e+000  -0.000000e+000  -0.000000e+000  -0.000000e+000  -0.000000e+000  -0.000000e+000  

-0.000000e+000  -0.000000e+000  -0.000000e+000  -0.000000e+000  -0.000000e+000  -0.000000e+000  -0.000000e+000  -0.000000e+000  -0.000000e+000  -0.000000e+000  -0.000000e+000  -0.000000e+000  -0.000000e+000  -0.000000e+000  -0.000000e+000  -0.000000e+000  -0.000000e+000  -0.000000e+000  -0.000000e+000  -0.000000e+000  -0.000000e+000  -0.000000e+000  -0.000000e+000  
-2.241224e+000  -2.241350e+000  -2.222947e+000  -2.148692e+000  -2.011442e+000  -1.882244e+000  -1.709342e+000  -1.488901e+000  -1.220374e+000  -9.074259e-001  -3.837878e-001  3.837878e-001  9.074259e-001  1.220374e+000  1.488901e+000  1.709342e+000  1.882244e+000  2.011442e+000  2.148692e+000  2.222947e+000  2.241350e+000  2.241224e+000  -0.000000e+000  
-4.482696e+000  -4.501602e+000  -4.502124e+000  -4.406749e+000  -4.174466e+000  -3.939715e+000  -3.608957e+000  -3.170126e+000  -2.618414e+000  -1.959418e+000  -8.369623e-001  8.369623e-001  1.959418e+000  2.618414e+000  3.170126e+000  3.608957e+000  3.939715e+000  4.174466e+000  4.406749e+000  4.502124e+000  4.501602e+000  4.482696e+000  -0.000000e+000  
-6.706009e+000  -6.781034e+000  -6.878418e+000  -6.879402e+000  -6.657025e+000  -6.381159e+000  -5.940823e+000  -5.302834e+000  -4.445556e+000  -3.368617e+000  -1.467444e+000  1.467444e+000  3.368617e+000  4.445556e+000  5.302834e+000  5.940823e+000  6.381159e+000  6.657024e+000  6.879402e+000  6.878418e+000  6.781034e+000  6.706009e+000  -0.000000e+000  
-8.855422e+000  -9.039785e+000  -9.351339e+000  -9.649456e+000  -9.649956e+000  -9.480409e+000  -9.063226e+000  -8.312632e+000  -7.151290e+000  -5.539813e+000  -2.497896e+000  2.497896e+000  5.539813e+000  7.151290e+000  8.312632e+000  9.063226e+000  9.480408e+000  9.649955e+000  9.649455e+000  9.351339e+000  9.039785e+000  8.855422e+000  -0.000000e+000  
-9.861673e+000  -1.012166e+001  -1.059279e+001  -1.114598e+001  -1.140120e+001  -1.140144e+001  -1.112450e+001  -1.043361e+001  -9.179326e+000  -7.250085e+000  -3.365574e+000  3.365574e+000  7.250085e+000  9.179326e+000  1.043361e+001  1.112450e+001  1.140144e+001  1.140120e+001  1.114598e+001  1.059279e+001  1.012166e+001  9.861673e+000  -0.000000e+000  
-1.080350e+001  -1.115079e+001  -1.181370e+001  -1.269570e+001  -1.332230e+001  -1.359962e+001  -1.359969e+001  -1.311796e+001  -1.188229e+001  -9.620768e+000  -4.621191e+000  4.621191e+000  9.620768e+000  1.188229e+001  1.311796e+001  1.359969e+001  1.359962e+001  1.332230e+001  1.269569e+001  1.181370e+001  1.115079e+001  1.080349e+001  -0.000000e+000  
-1.165910e+001  -1.210099e+001  -1.297981e+001  -1.425700e+001  -1.538377e+001  -1.607503e+001  -1.655663e+001  -1.655621e+001  -1.561106e+001  -1.306295e+001  -6.520864e+000  6.520864e+000  1.306295e+001  1.561106e+001  1.655621e+001  1.655663e+001  1.607503e+001  1.538377e+001  1.425700e+001  1.297981e+001  1.210099e+001  1.165909e+001  -0.000000e+000  
-1.240418e+001  -1.294193e+001  -1.404628e+001  -1.576197e+001  -1.750511e+001  -1.876003e+001  -1.999554e+001  -2.093915e+001  -2.094273e+001  -2.000407e+001  -0.000000e+000  -0.000000e+000  2.000407e+001  2.094273e+001  2.093915e+001  1.999554e+001  1.876003e+001  1.750511e+001  1.576197e+001  1.404628e+001  1.294193e+001  1.240418e+001  -0.000000e+000  
-1.301480e+001  -1.364117e+001  -1.495987e+001  -1.711476e+001  -1.953359e+001  -2.146438e+001  -2.372629e+001  -2.626206e+001  -2.695295e+001  -0.000000e+000  -0.000000e+000  -0.000000e+000  -0.000000e+000  2.695295e+001  2.626206e+001  2.372629e+001  2.146438e+001  1.953359e+001  1.711476e+001  1.495987e+001  1.364117e+001  1.301480e+001  -0.000000e+000  
-1.346878e+001  -1.416729e+001  -1.566437e+001  -1.819995e+001  -2.124376e+001  -2.383753e+001  -2.718310e+001  -3.158367e+001  -0.000000e+000  -0.000000e+000  -0.000000e+000  -0.000000e+000  -0.000000e+000  -0.000000e+000  3.158367e+001  2.718310e+001  2.383753e+001  2.124376e+001  1.819995e+001  1.566437e+001  1.416729e+001  1.346878e+001  -0.000000e+000  
-1.385273e+001  -1.462046e+001  -1.629436e+001  -1.922802e+001  -2.297023e+001  -2.632822e+001  -3.093150e+001  -3.740891e+001  -0.000000e+000  -0.000000e+000  -0.000000e+000  -0.000000e+000  -0.000000e+000  -0.000000e+000  3.740891e+001  3.093150e+001  2.632821e+001  2.297023e+001  1.922802e+001  1.629436e+001  1.462046e+001  1.385273e+001  -0.000000e+000  
-1.346879e+001  -1.416729e+001  -1.566437e+001  -1.819991e+001  -2.124366e+001  -2.383738e+001  -2.718304e+001  -3.158450e+001  -0.000000e+000  -0.000000e+000  -0.000000e+000  -0.000000e+000  -0.000000e+000  -0.000000e+000  3.158450e+001  2.718304e+001  2.383738e+001  2.124366e+001  1.819991e+001  1.566437e+001  1.416729e+001  1.346879e+001  -0.000000e+000  
-1.301481e+001  -1.364118e+001  -1.495987e+001  -1.711472e+001  -1.953343e+001  -2.146396e+001  -2.372497e+001  -2.625713e+001  -2.687459e+001  -0.000000e+000  -0.000000e+000  -0.000000e+000  -0.000000e+000  2.687459e+001  2.625713e+001  2.372497e+001  2.146396e+001  1.953343e+001  1.711472e+001  1.495987e+001  1.364118e+001  1.301481e+001  -0.000000e+000  
-1.240420e+001  -1.294194e+001  -1.404629e+001  -1.576196e+001  -1.750508e+001  -1.876000e+001  -1.999568e+001  -2.094060e+001  -2.095221e+001  -1.999200e+001  -0.000000e+000  -0.000000e+000  1.999200e+001  2.095221e+001  2.094060e+001  1.999568e+001  1.876000e+001  1.750508e+001  1.576196e+001  1.404629e+001  1.294194e+001  1.240420e+001  -0.000000e+000  
-1.165911e+001  -1.210101e+001  -1.297983e+001  -1.425703e+001  -1.538385e+001  -1.607520e+001  -1.655708e+001  -1.655733e+001  -1.561307e+001  -1.305991e+001  -6.520418e+000  6.520418e+000  1.305991e+001  1.561306e+001  1.655733e+001  1.655708e+001  1.607520e+001  1.538385e+001  1.425703e+001  1.297983e+001  1.210101e+001  1.165911e+001  -0.000000e+000  
-1.080351e+001  -1.115081e+001  -1.181374e+001  -1.269575e+001  -1.332242e+001  -1.359983e+001  -1.360005e+001  -1.311852e+001  -1.188276e+001  -9.619949e+000  -4.620881e+000  4.620881e+000  9.619949e+000  1.188276e+001  1.311852e+001  1.360005e+001  1.359983e+001  1.332242e+001  1.269575e+001  1.181374e+001  1.115081e+001  1.080351e+001  -0.000000e+000  
-9.861695e+000  -1.012169e+001  -1.059283e+001  -1.114605e+001  -1.140132e+001  -1.140162e+001  -1.112474e+001  -1.043388e+001  -9.179473e+000  -7.249860e+000  -3.365414e+000  3.365414e+000  7.249860e+000  9.179473e+000  1.043388e+001  1.112474e+001  1.140162e+001  1.140132e+001  1.114605e+001  1.059283e+001  1.012169e+001  9.861695e+000  -0.000000e+000  
-8.855446e+000  -9.039814e+000  -9.351382e+000  -9.649526e+000  -9.650063e+000  -9.480544e+000  -9.063380e+000  -8.312774e+000  -7.151359e+000  -5.539767e+000  -2.497828e+000  2.497827e+000  5.539767e+000  7.151359e+000  8.312773e+000  9.063380e+000  9.480543e+000  9.650063e+000  9.649525e+000  9.351381e+000  9.039814e+000  8.855446e+000  -0.000000e+000  
-6.706032e+000  -6.781062e+000  -6.878455e+000  -6.879455e+000  -6.657092e+000  -6.381233e+000  -5.940897e+000  -5.302896e+000  -4.445595e+000  -3.368628e+000  -1.467434e+000  1.467434e+000  3.368628e+000  4.445595e+000  5.302896e+000  5.940896e+000  6.381233e+000  6.657092e+000  6.879455e+000  6.878455e+000  6.781062e+000  6.706032e+000  -0.000000e+000  
-4.482714e+000  -4.501623e+000  -4.502151e+000  -4.406783e+000  -4.174505e+000  -3.939754e+000  -3.608995e+000  -3.170158e+000  -2.618437e+000  -1.959431e+000  -8.369642e-001  8.369642e-001  1.959431e+000  2.618437e+000  3.170158e+000  3.608995e+000  3.939754e+000  4.174505e+000  4.406783e+000  4.502150e+000  4.501622e+000  4.482713e+000  -0.000000e+000  
-2.241234e+000  -2.241361e+000  -2.222961e+000  -2.148708e+000  -2.011460e+000  -1.882261e+000  -1.709359e+000  -1.488915e+000  -1.220384e+000  -9.074331e-001  -3.837900e-001  3.837899e-001  9.074330e-001  1.220384e+000  1.488915e+000  1.709358e+000  1.882261e+000  2.011460e+000  2.148708e+000  2.222960e+000  2.241361e+000  2.241233e+000  -0.000000e+000  
-0.000000e+000  -0.000000e+000  -0.000000e+000  -0.000000e+000  -0.000000e+000  -0.000000e+000  -0.000000e+000  -0.000000e+000  -0.000000e+000  -0.000000e+000  -0.000000e+000  -0.000000e+000  -0.000000e+000  -0.000000e+000  -0.000000e+000  -0.000000e+000  -0.000000e+000  -0.000000e+000  -0.000000e+000  -0.000000e+000  -0.000000e+000  -0.000000e+000  -0.000000e+000  

0.000000e+000  0.000000e+000  0.000000e+000  0.000000e+000  0.000000e+000  0.000000e+000  0.000000e+000  0.000000e+000  0.000000e+000  0.000000e+000  0.000000e+000  0.000000e+000  0.000000e+000  0.000000e+000  0.000000e+000  0.000000e+000  0.000000e+000  0.000000e+000  0.000000e+000  0.000000e+000  0.000000e+000  0.000000e+000  0.000000e+000  
0.000000e+000  0.000000e+000  0.000000e+000  0.000000e+000  0.000000e+000  0.000000e+000  0.000000e+000  0.000000e+000  0.000000e+000  0.000000e+000  0.000000e+000  0.000000e+000  0.000000e+000  0.000000e+000  0.000000e+000  0.000000e+000  0.000000e+000  0.000000e+000  0.000000e+000  0.000000e+000  0.000000e+000  0.000000e+000  0.000000e+000  
0.000000e+000  0.000000e+000  0.000000e+000  0.000000e+000  0.000000e+000  0.000000e+000  0.000000e+000  0.000000e+000  0.000000e+000  0.000000e+000  0.000000e+000  0.000000e+000  0.000000e+000  0.000000e+000  0.000000e+000  0.000000e+000  0.000000e+000  0.000000e+000  0.000000e+000  0.000000e+000  0.000000e+000  0.000000e+000  0.000000e+000  
0.000000e+000  0.000000e+000  0.000000e+000  0.000000e+000  0.000000e+000  0.000000e+000  0.000000e+000  0.000000e+000  0.000000e+000  0.000000e+000  0.000000e+000  0.000000e+000  0.000000e+000  0.000000e+000  0.000000e+000  0.000000e+000  0.000000e+000  0.000000e+000  0.000000e+000  0.000000e+000  0.000000e+000  0.000000e+000  0.000000e+000  
0.000000e+000  0.000000e+000  0.000000e+000  0.000000e+000  0.000000e+000  0.000000e+000  0.000000e+000  0.000000e+000  0.000000e+000  0.000000e+000  0.000000e+000  0.000000e+000  0.000000e+000  0.000000e+000  0.000000e+000  0.000000e+000  0.000000e+000  0.000000e+000  0.000000e+000  0.000000e+000  0.000000e+000  0.000000e+000  0.000000e+000  
0.000000e+000  0.000000e+000  0.000000e+000  0.000000e+000  0.000000e+000  0.000000e+000  0.000000e+000  0.000000e+000  0.000000e+000  0.000000e+000  0.000000e+000  0.000000e+000  0.000000e+000  0.000000e+000  0.000000e+000  0.000000e+000  0.000000e+000  0.000000e+000  0.000000e+000  0.000000e+000  0.000000e+000  0.000000e+000  0.000000e+000  
0.000000e+000  0.000000e+000  0.000000e+000  0.000000e+000  0.000000e+000  0.000000e+000  0.000000e+000  0.000000e+000  0.000000e+000  0.000000e+000  0.000000e+000  0.000000e+000  0.000000e+000  0.000000e+000  0.000000e+000  0.000000e+000  0.000000e+000  0.000000e+000  0.000000e+000  0.000000e+000  0.000000e+000  0.000000e+000  0.000000e+000  
0.000000e+000  0.000000e+000  0.000000e+000  0.000000e+000  0.000000e+000  0.000000e+000  0.000000e+000  0.000000e+000  0.000000e+000  0.000000e+000  0.000000e+000  0.000000e+000  0.000000e+000  0.000000e+000  0.000000e+000  0.000000e+000  0.000000e+000  0.000000e+000  0.000000e+000  0.000000e+000  0.000000e+000  0.000000e+000  0.000000e+000  
0.000000e+000  0.000000e+000  0.000000e+000  0.000000e+000  0.000000e+000  0.000000e+000  0.000000e+000  0.000000e+000  0.000000e+000  0.000000e+000  0.000000e+000  0.000000e+000  0.000000e+000  0.000000e+000  0.000000e+000  0.000000e+000  0.000000e+000  0.000000e+000  0.000000e+000  0.000000e+000  0.000000e+000  0.000000e+000  0.000000e+000  
0.000000e+000  0.000000e+000  0.000000e+000  0.000000e+000  0.000000e+000  0.000000e+000  0.000000e+000  0.000000e+000  0.000000e+000  0.000000e+000  0.000000e+000  0.000000e+000  0.000000e+000  0.000000e+000  0.000000e+000  0.000000e+000  0.000000e+000  0.000000e+000  0.000000e+000  0.000000e+000  0.000000e+000  0.000000e+000  0.000000e+000  
0.000000e+000  0.000000e+000  0.000000e+000  0.000000e+000  0.000000e+000  0.000000e+000  0.000000e+000  0.000000e+000  0.000000e+000  0.000000e+000  0.000000e+000  0.000000e+000  0.000000e+000  0.000000e+000  0.000000e+000  0.000000e+000  0.000000e+000  0.000000e+000  0.000000e+000  0.000000e+000  0.000000e+000  0.000000e+000  0.000000e+000  
0.000000e+000  0.000000e+000  0.000000e+000  0.000000e+000  0.000000e+000  0.000000e+000  0.000000e+000  0.000000e+000  0.000000e+000  0.000000e+000  0.000000e+000  0.000000e+000  0.000000e+000  0.000000e+000  0.000000e+000  0.000000e+000  0.000000e+000  0.000000e+000  0.000000e+000  0.000000e+000  0.000000e+000  0.000000e+000  0.000000e+000  
0.000000e+000  0.000000e+000  0.000000e+000  0.000000e+000  0.000000e+000  0.000000e+000  0.000000e+000  0.000000e+000  0.000000e+000  0.000000e+000  0.000000e+000  0.000000e+000  0.000000e+000  0.000000e+000  0.000000e+000  0.000000e+000  0.000000e+000  0.000000e+000  0.000000e+000  0.000000e+000  0.000000e+000  0.000000e+000  0.000000e+000  
0.000000e+000  0.000000e+000  0.000000e+000  0.000000e+000  0.000000e+000  0.000000e+000  0.000000e+000  0.000000e+000  0.000000e+000  0.000000e+000  0.000000e+000  0.000000e+000  0.000000e+000  0.000000e+000  0.000000e+000  0.000000e+000  0.000000e+000  0.000000e+000  0.000000e+000  0.000000e+000  0.000000e+000  0.000000e+000  0.000000e+000  
0.000000e+000  0.000000e+000  0.000000e+000  0.000000e+000  0.000000e+000  0.000000e+000  0.000000e+000  0.000000e+000  0.000000e+000  0.000000e+000  0.000000e+000  0.000000e+000  0.000000e+000  0.000000e+000  0.000000e+000  0.000000e+000  0.000000e+000  0.000000e+000  0.000000e+000  0.000000e+000  0.000000e+000  0.000000e+000  0.000000e+000  
0.000000e+000  0.000000e+000  0.000000e+000  0.000000e+000  0.000000e+000  0.000000e+000  0.000000e+000  0.000000e+000  0.000000e+000  0.000000e+000  0.000000e+000  0.000000e+000  0.000000e+000  0.000000e+000  0.000000e+000  0.000000e+000  0.000000e+000  0.000000e+000  0.000000e+000  0.000000e+000  0.000000e+000  0.000000e+000  0.000000e+000  
0.000000e+000  0.000000e+000  0.000000e+000  0.000000e+000  0.000000e+000  0.000000e+000  0.000000e+000  0.000000e+000  0.000000e+000  0.000000e+000  0.000000e+000  0.000000e+000  0.000000e+000  0.000000e+000  0.000000e+000  0.000000e+000  0.000000e+000  0.000000e+000  0.000000e+000  0.000000e+000  0.000000e+000  0.000000e+000  0.000000e+000  
0.000000e+000  0.000000e+000  0.000000e+000  0.000000e+000  0.000000e+000  0.000000e+000  0.000000e+000  0.000000e+000  0.000000e+000  0.000000e+000  0.000000e+000  0.000000e+000  0.000000e+000  0.000000e+000  0.000000e+000  0.000000e+000  0.000000e+000  0.000000e+000  0.000000e+000  0.000000e+000  0.000000e+000  0.000000e+000  0.000000e+000  
0.000000e+000  0.000000e+000  0.000000e+000  0.000000e+000  0.000000e+000  0.000000e+000  0.000000e+000  0.000000e+000  0.000000e+000  0.000000e+000  0.000000e+000  0.000000e+000  0.000000e+000  0.000000e+000  0.000000e+000  0.000000e+000  0.000000e+000  0.000000e+000  0.000000e+000  0.000000e+000  0.000000e+000  0.000000e+000  0.000000e+000  
0.000000e+000  0.000000e+000  0.000000e+000  0.000000e+000  0.000000e+000  0.000000e+000  0.000000e+000  0.000000e+000  0.000000e+000  0.000000e+000  0.000000e+000  0.000000e+000  0.000000e+000  0.000000e+000  0.000000e+000  0.000000e+000  0.000000e+000  0.000000e+000  0.000000e+000  0.000000e+000  0.000000e+000  0.000000e+000  0.000000e+000  
0.000000e+000  0.000000e+000  0.000000e+000  0.000000e+000  0.000000e+000  0.000000e+000  0.000000e+000  0.000000e+000  0.000000e+000  0.000000e+000  0.000000e+000  0.000000e+000  0.000000e+000  0.000000e+000  0.000000e+000  0.000000e+000  0.000000e+000  0.000000e+000  0.000000e+000  0.000000e+000  0.000000e+000  0.000000e+000  0.000000e+000  
0.000000e+000  0.000000e+000  0.000000e+000  0.000000e+000  0.000000e+000  0.000000e+000  0.000000e+000  0.000000e+000  0.000000e+000  0.000000e+000  0.000000e+000  0.000000e+000  0.000000e+000  0.000000e+000  0.000000e+000  0.000000e+000  0.000000e+000  0.000000e+000  0.000000e+000  0.000000e+000  0.000000e+000  0.000000e+000  0.000000e+000  
0.000000e+000  0.000000e+000  0.000000e+000  0.000000e+000  0.000000e+000  0.000000e+000  0.000000e+000  0.000000e+000  0.000000e+000  0.000000e+000  0.000000e+000  0.000000e+000  0.000000e+000  0.000000e+000  0.000000e+000  0.000000e+000  0.000000e+000  0.000000e+000  0.000000e+000  0.000000e+000  0.000000e+000  0.000000e+000  0.000000e+000  

0.000000e+000  0.000000e+000  0.000000e+000  0.000000e+000  0.000000e+000  0.000000e+000  0.000000e+000  0.000000e+000  0.000000e+000  0.000000e+000  0.000000e+000  0.000000e+000  0.000000e+000  0.000000e+000  0.000000e+000  0.000000e+000  0.000000e+000  0.000000e+000  0.000000e+000  0.000000e+000  0.000000e+000  0.000000e+000  0.000000e+000  
0.000000e+000  0.000000e+000  0.000000e+000  0.000000e+000  0.000000e+000  0.000000e+000  0.000000e+000  0.000000e+000  0.000000e+000  0.000000e+000  0.000000e+000  0.000000e+000  0.000000e+000  0.000000e+000  0.000000e+000  0.000000e+000  0.000000e+000  0.000000e+000  0.000000e+000  0.000000e+000  0.000000e+000  0.000000e+000  0.000000e+000  
0.000000e+000  0.000000e+000  0.000000e+000  0.000000e+000  0.000000e+000  0.000000e+000  0.000000e+000  0.000000e+000  0.000000e+000  0.000000e+000  0.000000e+000  0.000000e+000  0.000000e+000  0.000000e+000  0.000000e+000  0.000000e+000  0.000000e+000  0.000000e+000  0.000000e+000  0.000000e+000  0.000000e+000  0.000000e+000  0.000000e+000  
0.000000e+000  0.000000e+000  0.000000e+000  0.000000e+000  0.000000e+000  0.000000e+000  0.000000e+000  0.000000e+000  0.000000e+000  0.000000e+000  0.000000e+000  0.000000e+000  0.000000e+000  0.000000e+000  0.000000e+000  0.000000e+000  0.000000e+000  0.000000e+000  0.000000e+000  0.000000e+000  0.000000e+000  0.000000e+000  0.000000e+000  
0.000000e+000  0.000000e+000  0.000000e+000  0.000000e+000  0.000000e+000  0.000000e+000  0.000000e+000  0.000000e+000  0.000000e+000  0.000000e+000  0.000000e+000  0.000000e+000  0.000000e+000  0.000000e+000  0.000000e+000  0.000000e+000  0.000000e+000  0.000000e+000  0.000000e+000  0.000000e+000  0.000000e+000  0.000000e+000  0.000000e+000  
0.000000e+000  0.000000e+000  0.000000e+000  0.000000e+000  0.000000e+000  0.000000e+000  0.000000e+000  0.000000e+000  0.000000e+000  0.000000e+000  0.000000e+000  0.000000e+000  0.000000e+000  0.000000e+000  0.000000e+000  0.000000e+000  0.000000e+000  0.000000e+000  0.000000e+000  0.000000e+000  0.000000e+000  0.000000e+000  0.000000e+000  
0.000000e+000  0.000000e+000  0.000000e+000  0.000000e+000  0.000000e+000  0.000000e+000  0.000000e+000  0.000000e+000  0.000000e+000  0.000000e+000  0.000000e+000  0.000000e+000  0.000000e+000  0.000000e+000  0.000000e+000  0.000000e+000  0.000000e+000  0.000000e+000  0.000000e+000  0.000000e+000  0.000000e+000  0.000000e+000  0.000000e+000  
0.000000e+000  0.000000e+000  0.000000e+000  0.000000e+000  0.000000e+000  0.000000e+000  0.000000e+000  0.000000e+000  0.000000e+000  0.000000e+000  0.000000e+000  0.000000e+000  0.000000e+000  0.000000e+000  0.000000e+000  0.000000e+000  0.000000e+000  0.000000e+000  0.000000e+000  0.000000e+000  0.000000e+000  0.000000e+000  0.000000e+000  
0.000000e+000  0.000000e+000  0.000000e+000  0.000000e+000  0.000000e+000  0.000000e+000  0.000000e+000  0.000000e+000  0.000000e+000  0.000000e+000  0.000000e+000  0.000000e+000  0.000000e+000  0.000000e+000  0.000000e+000  0.000000e+000  0.000000e+000  0.000000e+000  0.000000e+000  0.000000e+000  0.000000e+000  0.000000e+000  0.000000e+000  
0.000000e+000  0.000000e+000  0.000000e+000  0.000000e+000  0.000000e+000  0.000000e+000  0.000000e+000  0.000000e+000  0.000000e+000  0.000000e+000  0.000000e+000  0.000000e+000  0.000000e+000  0.000000e+000  0.000000e+000  0.000000e+000  0.000000e+000  0.000000e+000  0.000000e+000  0.000000e+000  0.000000e+000  0.000000e+000  0.000000e+000  
0.000000e+000  0.000000e+000  0.000000e+000  0.000000e+000  0.000000e+000  0.000000e+000  0.000000e+000  0.000000e+000  0.000000e+000  0.000000e+000  0.000000e+000  0.000000e+000  0.000000e+000  0.000000e+000  0.000000e+000  0.000000e+000  0.000000e+000  0.000000e+000  0.000000e+000  0.000000e+000  0.000000e+000  0.000000e+000  0.000000e+000  
0.000000e+000  0.000000e+000  0.000000e+000  0.000000e+000  0.000000e+000  0.000000e+000  0.000000e+000  0.000000e+000  0.000000e+000  0.000000e+000  0.000000e+000  0.000000e+000  0.000000e+000  0.000000e+000  0.000000e+000  0.000000e+000  0.000000e+000  0.000000e+000  0.000000e+000  0.000000e+000  0.000000e+000  0.000000e+000  0.000000e+000  
0.000000e+000  0.000000e+000  0.000000e+000  0.000000e+000  0.000000e+000  0.000000e+000  0.000000e+000  0.000000e+000  0.000000e+000  0.000000e+000  0.000000e+000  0.000000e+000  0.000000e+000  0.000000e+000  0.000000e+000  0.000000e+000  0.000000e+000  0.000000e+000  0.000000e+000  0.000000e+000  0.000000e+000  0.000000e+000  0.000000e+000  
0.000000e+000  0.000000e+000  0.000000e+000  0.000000e+000  0.000000e+000  0.000000e+000  0.000000e+000  0.000000e+000  0.000000e+000  0.000000e+000  0.000000e+000  0.000000e+000  0.000000e+000  0.000000e+000  0.000000e+000  0.000000e+000  0.000000e+000  0.000000e+000  0.000000e+000  0.000000e+000  0.000000e+000  0.000000e+000  0.000000e+000  
0.000000e+000  0.000000e+000  0.000000e+000  0.000000e+000  0.000000e+000  0.000000e+000  0.000000e+000  0.000000e+000  0.000000e+000  0.000000e+000  0.000000e+000  0.000000e+000  0.000000e+000  0.000000e+000  0.000000e+000  0.000000e+000  0.000000e+000  0.000000e+000  0.000000e+000  0.000000e+000  0.000000e+000  0.000000e+000  0.000000e+000  
0.000000e+000  0.000000e+000  0.000000e+000  0.000000e+000  0.000000e+000  0.000000e+000  0.000000e+000  0.000000e+000  0.000000e+000  0.000000e+000  0.000000e+000  0.000000e+000  0.000000e+000  0.000000e+000  0.000000e+000  0.000000e+000  0.000000e+000  0.000000e+000  0.000000e+000  0.000000e+000  0.000000e+000  0.000000e+000  0.000000e+000  
0.000000e+000  0.000000e+000  0.000000e+000  0.000000e+000  0.000000e+000  0.000000e+000  0.000000e+000  0.000000e+000  0.000000e+000  0.000000e+000  0.000000e+000  0.000000e+000  0.000000e+000  0.000000e+000  0.000000e+000  0.000000e+000  0.000000e+000  0.000000e+000  0.000000e+000  0.000000e+000  0.000000e+000  0.000000e+000  0.000000e+000  
0.000000e+000  0.000000e+000  0.000000e+000  0.000000e+000  0.000000e+000  0.000000e+000  0.000000e+000  0.000000e+000  0.000000e+000  0.000000e+000  0.000000e+000  0.000000e+000  0.000000e+000  0.000000e+000  0.000000e+000  0.000000e+000  0.000000e+000  0.000000e+000  0.000000e+000  0.000000e+000  0.000000e+000  0.000000e+000  0.000000e+000  
0.000000e+000  0.000000e+000  0.000000e+000  0.000000e+000  0.000000e+000  0.000000e+000  0.000000e+000  0.000000e+000  0.000000e+000  0.000000e+000  0.000000e+000  0.000000e+000  0.000000e+000  0.000000e+000  0.000000e+000  0.000000e+000  0.000000e+000  0.000000e+000  0.000000e+000  0.000000e+000  0.000000e+000  0.000000e+000  0.000000e+000  
0.000000e+000  0.000000e+000  0.000000e+000  0.000000e+000  0.000000e+000  0.000000e+000  0.000000e+000  0.000000e+000  0.000000e+000  0.000000e+000  0.000000e+000  0.000000e+000  0.000000e+000  0.000000e+000  0.000000e+000  0.000000e+000  0.000000e+000  0.000000e+000  0.000000e+000  0.000000e+000  0.000000e+000  0.000000e+000  0.000000e+000  
0.000000e+000  0.000000e+000  0.000000e+000  0.000000e+000  0.000000e+000  0.000000e+000  0.000000e+000  0.000000e+000  0.000000e+000  0.000000e+000  0.000000e+000  0.000000e+000  0.000000e+000  0.000000e+000  0.000000e+000  0.000000e+000  0.000000e+000  0.000000e+000  0.000000e+000  0.000000e+000  0.000000e+000  0.000000e+000  0.000000e+000  
0.000000e+000  0.000000e+000  0.000000e+000  0.000000e+000  0.000000e+000  0.000000e+000  0.000000e+000  0.000000e+000  0.000000e+000  0.000000e+000  0.000000e+000  0.000000e+000  0.000000e+000  0.000000e+000  0.000000e+000  0.000000e+000  0.000000e+000  0.000000e+000  0.000000e+000  0.000000e+000  0.000000e+000  0.000000e+000  0.000000e+000  
0.000000e+000  0.000000e+000  0.000000e+000  0.000000e+000  0.000000e+000  0.000000e+000  0.000000e+000  0.000000e+000  0.000000e+000  0.000000e+000  0.000000e+000  0.000000e+000  0.000000e+000  0.000000e+000  0.000000e+000  0.000000e+000  0.000000e+000  0.000000e+000  0.000000e+000  0.000000e+000  0.000000e+000  0.000000e+000  0.000000e+000  

0.000000e+000  0.000000e+000  0.000000e+000  0.000000e+000  0.000000e+000  0.000000e+000  0.000000e+000  0.000000e+000  0.000000e+000  0.000000e+000  0.000000e+000  0.000000e+000  0.000000e+000  0.000000e+000  0.000000e+000  0.000000e+000  0.000000e+000  0.000000e+000  0.000000e+000  0.000000e+000  0.000000e+000  0.000000e+000  0.000000e+000  
0.000000e+000  0.000000e+000  0.000000e+000  0.000000e+000  0.000000e+000  0.000000e+000  0.000000e+000  0.000000e+000  0.000000e+000  0.000000e+000  0.000000e+000  0.000000e+000  0.000000e+000  0.000000e+000  0.000000e+000  0.000000e+000  0.000000e+000  0.000000e+000  0.000000e+000  0.000000e+000  0.000000e+000  0.000000e+000  0.000000e+000  
0.000000e+000  0.000000e+000  0.000000e+000  0.000000e+000  0.000000e+000  0.000000e+000  0.000000e+000  0.000000e+000  0.000000e+000  0.000000e+000  0.000000e+000  0.000000e+000  0.000000e+000  0.000000e+000  0.000000e+000  0.000000e+000  0.000000e+000  0.000000e+000  0.000000e+000  0.000000e+000  0.000000e+000  0.000000e+000  0.000000e+000  
0.000000e+000  0.000000e+000  0.000000e+000  0.000000e+000  0.000000e+000  0.000000e+000  0.000000e+000  0.000000e+000  0.000000e+000  0.000000e+000  0.000000e+000  0.000000e+000  0.000000e+000  0.000000e+000  0.000000e+000  0.000000e+000  0.000000e+000  0.000000e+000  0.000000e+000  0.000000e+000  0.000000e+000  0.000000e+000  0.000000e+000  
0.000000e+000  0.000000e+000  0.000000e+000  0.000000e+000  0.000000e+000  0.000000e+000  0.000000e+000  0.000000e+000  0.000000e+000  0.000000e+000  0.000000e+000  0.000000e+000  0.000000e+000  0.000000e+000  0.000000e+000  0.000000e+000  0.000000e+000  0.000000e+000  0.000000e+000  0.000000e+000  0.000000e+000  0.000000e+000  0.000000e+000  
0.000000e+000  0.000000e+000  0.000000e+000  0.000000e+000  0.000000e+000  0.000000e+000  0.000000e+000  0.000000e+000  0.000000e+000  0.000000e+000  0.000000e+000  0.000000e+000  0.000000e+000  0.000000e+000  0.000000e+000  0.000000e+000  0.000000e+000  0.000000e+000  0.000000e+000  0.000000e+000  0.000000e+000  0.000000e+000  0.000000e+000  
0.000000e+000  0.000000e+000  0.000000e+000  0.000000e+000  0.000000e+000  0.000000e+000  0.000000e+000  0.000000e+000  0.000000e+000  0.000000e+000  0.000000e+000  0.000000e+000  0.000000e+000  0.000000e+000  0.000000e+000  0.000000e+000  0.000000e+000  0.000000e+000  0.000000e+000  0.000000e+000  0.000000e+000  0.000000e+000  0.000000e+000  
0.000000e+000  0.000000e+000  0.000000e+000  0.000000e+000  0.000000e+000  0.000000e+000  0.000000e+000  0.000000e+000  0.000000e+000  0.000000e+000  0.000000e+000  0.000000e+000  0.000000e+000  0.000000e+000  0.000000e+000  0.000000e+000  0.000000e+000  0.000000e+000  0.000000e+000  0.000000e+000  0.000000e+000  0.000000e+000  0.000000e+000  
0.000000e+000  0.000000e+000  0.000000e+000  0.000000e+000  0.000000e+000  0.000000e+000  0.000000e+000  0.000000e+000  0.000000e+000  0.000000e+000  0.000000e+000  0.000000e+000  0.000000e+000  0.000000e+000  0.000000e+000  0.000000e+000  0.000000e+000  0.000000e+000  0.000000e+000  0.000000e+000  0.000000e+000  0.000000e+000  0.000000e+000  
0.000000e+000  0.000000e+000  0.000000e+000  0.000000e+000  0.000000e+000  0.000000e+000  0.000000e+000  0.000000e+000  0.000000e+000  0.000000e+000  0.000000e+000  0.000000e+000  0.000000e+000  0.000000e+000  0.000000e+000  0.000000e+000  0.000000e+000  0.000000e+000  0.000000e+000  0.000000e+000  0.000000e+000  0.000000e+000  0.000000e+000  
0.000000e+000  0.000000e+000  0.000000e+000  0.000000e+000  0.000000e+000  0.000000e+000  0.000000e+000  0.000000e+000  0.000000e+000  0.000000e+000  0.000000e+000  0.000000e+000  0.000000e+000  0.000000e+000  0.000000e+000  0.000000e+000  0.000000e+000  0.000000e+000  0.000000e+000  0.000000e+000  0.000000e+000  0.000000e+000  0.000000e+000  
0.000000e+000  0.000000e+000  0.000000e+000  0.000000e+000  0.000000e+000  0.000000e+000  0.000000e+000  0.000000e+000  0.000000e+000  0.000000e+000  0.000000e+000  0.000000e+000  0.000000e+000  0.000000e+000  0.000000e+000  0.000000e+000  0.000000e+000  0.000000e+000  0.000000e+000  0.000000e+000  0.000000e+000  0.000000e+000  0.000000e+000  
0.000000e+000  0.000000e+000  0.000000e+000  0.000000e+000  0.000000e+000  0.000000e+000  0.000000e+000  0.000000e+000  0.000000e+000  0.000000e+000  0.000000e+000  0.000000e+000  0.000000e+000  0.000000e+000  0.000000e+000  0.000000e+000  0.000000e+000  0.000000e+000  0.000000e+000  0.000000e+000  0.000000e+000  0.000000e+000  0.000000e+000  
0.000000e+000  0.000000e+000  0.000000e+000  0.000000e+000  0.000000e+000  0.000000e+000  0.000000e+000  0.000000e+000  0.000000e+000  0.000000e+000  0.000000e+000  0.000000e+000  0.000000e+000  0.000000e+000  0.000000e+000  0.000000e+000  0.000000e+000  0.000000e+000  0.000000e+000  0.000000e+000  0.000000e+000  0.000000e+000  0.000000e+000  
0.000000e+000  0.000000e+000  0.000000e+000  0.000000e+000  0.000000e+000  0.000000e+000  0.000000e+000  0.000000e+000  0.000000e+000  0.000000e+000  0.000000e+000  0.000000e+000  0.000000e+000  0.000000e+000  0.000000e+000  0.000000e+000  0.000000e+000  0.000000e+000  0.000000e+000  0.000000e+000  0.000000e+000  0.000000e+000  0.000000e+000  
0.000000e+000  0.000000e+000  0.000000e+000  0.000000e+000  0.000000e+000  0.000000e+000  0.000000e+000  0.000000e+000  0.000000e+000  0.000000e+000  0.000000e+000  0.000000e+000  0.000000e+000  0.000000e+000  0.000000e+000  0.000000e+000  0.000000e+000  0.000000e+000  0.000000e+000  0.000000e+000  0.000000e+000  0.000000e+000  0.000000e+000  
0.000000e+000  0.000000e+000  0.000000e+000  0.000000e+000  0.000000e+000  0.000000e+000  0.000000e+000  0.000000e+000  0.000000e+000  0.000000e+000  0.000000e+000  0.000000e+000  0.000000e+000  0.000000e+000  0.000000e+000  0.000000e+000  0.000000e+000  0.000000e+000  0.000000e+000  0.000000e+000  0.000000e+000  0.000000e+000  0.000000e+000  
0.000000e+000  0.000000e+000  0.000000e+000  0.000000e+000  0.000000e+000  0.000000e+000  0.000000e+000  0.000000e+000  0.000000e+000  0.000000e+000  0.000000e+000  0.000000e+000  0.000000e+000  0.000000e+000  0.000000e+000  0.000000e+000  0.000000e+000  0.000000e+000  0.000000e+000  0.000000e+000  0.000000e+000  0.000000e+000  0.000000e+000  
0.000000e+000  0.000000e+000  0.000000e+000  0.000000e+000  0.000000e+000  0.000000e+000  0.000000e+000  0.000000e+000  0.000000e+000  0.000000e+000  0.000000e+000  0.000000e+000  0.000000e+000  0.000000e+000  0.000000e+000  0.000000e+000  0.000000e+000  0.000000e+000  0.000000e+000  0.000000e+000  0.000000e+000  0.000000e+000  0.000000e+000  
0.000000e+000  0.000000e+000  0.000000e+000  0.000000e+000  0.000000e+000  0.000000e+000  0.000000e+000  0.000000e+000  0.000000e+000  0.000000e+000  0.000000e+000  0.000000e+000  0.000000e+000  0.000000e+000  0.000000e+000  0.000000e+000  0.000000e+000  0.000000e+000  0.000000e+000  0.000000e+000  0.000000e+000  0.000000e+000  0.000000e+000  
0.000000e+000  0.000000e+000  0.000000e+000  0.000000e+000  0.000000e+000  0.000000e+000  0.000000e+000  0.000000e+000  0.000000e+000  0.000000e+000  0.000000e+000  0.000000e+000  0.000000e+000  0.000000e+000  0.000000e+000  0.000000e+000  0.000000e+000  0.000000e+000  0.000000e+000  0.000000e+000  0.000000e+000  0.000000e+000  0.000000e+000  
0.000000e+000  0.000000e+000  0.000000e+000  0.000000e+000  0.000000e+000  0.000000e+000  0.000000e+000  0.000000e+000  0.000000e+000  0.000000e+000  0.000000e+000  0.000000e+000  0.000000e+000  0.000000e+000  0.000000e+000  0.000000e+000  0.000000e+000  0.000000e+000  0.000000e+000  0.000000e+000  0.000000e+000  0.000000e+000  0.000000e+000  
0.000000e+000  0.000000e+000  0.000000e+000  0.000000e+000  0.000000e+000  0.000000e+000  0.000000e+000  0.000000e+000  0.000000e+000  0.000000e+000  0.000000e+000  0.000000e+000  0.000000e+000  0.000000e+000  0.000000e+000  0.000000e+000  0.000000e+000  0.000000e+000  0.000000e+000  0.000000e+000  0.000000e+000  0.000000e+000  0.000000e+000  

-4.817619e-006  7.040432e-003  2.113345e-002  4.165746e-002  6.124300e-002  8.054817e-002  1.059636e-001  7.567707e-002  5.337507e-002  3.571718e-002  1.327156e-002  -1.327301e-002  -3.571863e-002  -5.337653e-002  -7.567853e-002  -1.059651e-001  -8.054964e-002  -6.124446e-002  -4.165894e-002  -2.113493e-002  -7.041923e-003  3.322578e-006  -0.000000e+000  
-7.050068e-003  -6.159806e-006  1.470598e-002  3.973577e-002  4.323054e-002  4.768834e-002  4.971494e-002  4.373802e-002  3.479797e-002  2.494022e-002  9.888444e-003  -9.889884e-003  -2.494167e-002  -3.479941e-002  -4.373947e-002  -4.971640e-002  -4.768980e-002  -4.323200e-002  -3.973725e-002  -1.470746e-002  4.665310e-006  7.048569e-003  -0.000000e+000  
-2.114040e-002  -1.472098e-002  -4.680206e-006  1.598020e-002  2.213752e-002  2.479762e-002  2.547973e-002  2.365098e-002  1.989118e-002  1.487010e-002  6.214464e-003  -6.215896e-003  -1.487153e-002  -1.989262e-002  -2.365242e-002  -2.548118e-002  -2.479907e-002  -2.213898e-002  -1.598167e-002  3.190700e-006  1.471948e-002  2.113890e-002  -0.000000e+000  
-4.165369e-002  -3.972580e-002  -1.598044e-002  -4.529900e-007  6.823318e-003  9.818546e-003  1.128767e-002  1.128782e-002  1.002931e-002  7.797195e-003  3.429892e-003  -3.431313e-003  -7.798618e-003  -1.003073e-002  -1.128924e-002  -1.128911e-002  -9.819987e-003  -6.824769e-003  -1.014666e-006  1.597895e-002  3.972429e-002  4.165216e-002  -0.000000e+000  
-6.123530e-002  -4.322623e-002  -2.213810e-002  -6.824719e-003  -5.775391e-007  3.162437e-003  5.050460e-003  5.791270e-003  5.553621e-003  4.530751e-003  2.120004e-003  -2.121415e-003  -4.532161e-003  -5.555032e-003  -5.792683e-003  -5.051879e-003  -3.163864e-003  -8.619832e-007  6.823256e-003  2.213660e-002  4.322470e-002  6.123376e-002  -0.000000e+000  
-8.053718e-002  -4.768756e-002  -2.479944e-002  -9.820563e-003  -3.163428e-003  1.993993e-008  2.039526e-003  3.105353e-003  3.355041e-003  2.937425e-003  1.503503e-003  -1.504908e-003  -2.938826e-003  -3.356440e-003  -3.106753e-003  -2.040931e-003  -1.434351e-006  3.161999e-003  9.819106e-003  2.479794e-002  4.768602e-002  8.053562e-002  -0.000000e+000  
-1.059828e-001  -4.971980e-002  -2.548340e-002  -1.129070e-002  -5.051636e-003  -2.038455e-003  2.264457e-006  1.235567e-003  1.823753e-003  1.882445e-003  1.161115e-003  -1.162514e-003  -1.883836e-003  -1.825138e-003  -1.236950e-003  -3.650323e-006  2.037058e-003  5.050221e-003  1.128925e-002  2.548189e-002  4.971825e-002  1.059812e-001  -0.000000e+000  
-7.569177e-002  -4.374525e-002  -2.365634e-002  -1.129231e-002  -5.793642e-003  -3.104462e-003  -1.227581e-003  1.089360e-005  8.219537e-004  1.367063e-003  1.159175e-003  -1.160572e-003  -1.368444e-003  -8.233218e-004  -1.225286e-005  1.226221e-003  3.103090e-003  5.792248e-003  1.129087e-002  2.365483e-002  4.374367e-002  7.569015e-002  -0.000000e+000  
-5.338714e-002  -3.480616e-002  -1.989800e-002  -1.003575e-002  -5.559042e-003  -3.358160e-003  -1.819016e-003  -7.863656e-004  8.610301e-005  2.276028e-003  -0.000000e+000  -0.000000e+000  -2.277389e-003  -8.744955e-005  7.850388e-004  1.817693e-003  3.356824e-003  5.557678e-003  1.003433e-002  1.989647e-002  3.480455e-002  5.338548e-002  -0.000000e+000  
-3.572759e-002  -2.494876e-002  -1.487811e-002  -7.805843e-003  -4.540840e-003  -2.950109e-003  -1.903951e-003  -1.423441e-003  -3.630177e-003  -0.000000e+000  -0.000000e+000  -0.000000e+000  -0.000000e+000  3.628860e-003  1.422162e-003  1.902683e-003  2.948824e-003  4.539516e-003  7.804436e-003  1.487657e-002  2.494710e-002  3.572587e-002  -0.000000e+000  
-1.328018e-002  -9.897004e-003  -6.223832e-003  -3.441364e-003  -2.134646e-003  -1.521191e-003  -1.182910e-003  -1.184736e-003  -0.000000e+000  -0.000000e+000  -0.000000e+000  -0.000000e+000  -0.000000e+000  -0.000000e+000  1.183581e-003  1.181768e-003  1.520017e-003  2.133407e-003  3.439996e-003  6.222259e-003  9.895258e-003  1.327834e-002  -0.000000e+000  
1.326672e-002  9.882165e-003  6.206015e-003  3.418201e-003  2.104429e-003  1.484788e-003  1.138976e-003  1.134336e-003  -0.000000e+000  -0.000000e+000  -0.000000e+000  -0.000000e+000  -0.000000e+000  -0.000000e+000  -1.135055e-003  -1.139767e-003  -1.485689e-003  -2.105470e-003  -3.419484e-003  -6.207657e-003  -9.884105e-003  -1.326880e-002  -0.000000e+000  
3.571516e-002  2.493513e-002  1.486207e-002  7.785725e-003  4.515074e-003  2.917736e-003  1.856828e-003  1.333069e-003  2.213922e-003  -0.000000e+000  -0.000000e+000  -0.000000e+000  -0.000000e+000  -2.213902e-003  -1.333299e-003  -1.857242e-003  -2.918346e-003  -4.515902e-003  -7.786916e-003  -1.486381e-002  -2.493733e-002  -3.571753e-002  -0.000000e+000  
5.337569e-002  3.479363e-002  1.988356e-002  1.001853e-002  5.539086e-003  3.336616e-003  1.798266e-003  7.802980e-004  -3.852543e-006  -2.272314e-003  -0.000000e+000  -0.000000e+000  2.272984e-003  4.205894e-006  -7.802119e-004  -1.798416e-003  -3.337010e-003  -5.539748e-003  -1.001964e-002  -1.988539e-002  -3.479608e-002  -5.337831e-002  -0.000000e+000  
7.568158e-002  4.373403e-002  2.364373e-002  1.127819e-002  5.779263e-003  3.091366e-003  1.219316e-003  -6.293492e-006  -7.928762e-004  -1.349719e-003  -1.153241e-003  1.154501e-003  1.350614e-003  7.934995e-004  6.664026e-006  -1.219196e-003  -3.091518e-003  -5.779726e-003  -1.127919e-002  -2.364567e-002  -4.373684e-002  -7.568447e-002  -0.000000e+000  
1.059741e-001  4.970998e-002  2.547263e-002  1.127940e-002  5.041375e-003  2.030261e-003  -6.080055e-006  -1.231911e-003  -1.811638e-003  -1.872127e-003  -1.156848e-003  1.158168e-003  1.873201e-003  1.812511e-003  1.232564e-003  6.491047e-006  -2.030132e-003  -5.041588e-003  -1.128025e-002  -2.547470e-002  -4.971334e-002  -1.059773e-001  -0.000000e+000  
8.052935e-002  4.767909e-002  2.479042e-002  9.811607e-003  3.155911e-003  -5.624375e-006  -2.041986e-003  -3.103628e-003  -3.349632e-003  -2.931895e-003  -1.500768e-003  1.502228e-003  2.933185e-003  3.350773e-003  3.104587e-003  2.042728e-003  6.093858e-006  -3.155795e-003  -9.812194e-003  -2.479261e-002  -4.768335e-002  -8.053269e-002  -0.000000e+000  
6.122837e-002  4.321906e-002  2.213067e-002  6.817641e-003  -5.150736e-006  -3.166683e-003  -5.052605e-003  -5.790972e-003  -5.551359e-003  -4.528022e-003  -2.118379e-003  2.120036e-003  4.529567e-003  5.552798e-003  5.792275e-003  5.053732e-003  3.167574e-003  5.710984e-006  -6.817803e-003  -2.213287e-002  -4.322501e-002  -6.123171e-002  -0.000000e+000  
4.164815e-002  3.972057e-002  1.597516e-002  -4.348541e-006  -6.827236e-003  -9.821684e-003  -1.128986e-002  -1.128894e-002  -1.002952e-002  -7.796867e-003  -3.429358e-003  3.431368e-003  7.798838e-003  1.003145e-002  1.129082e-002  1.129165e-002  9.823352e-003  6.828689e-003  5.227058e-006  -1.597673e-002  -3.973171e-002  -4.165086e-002  -0.000000e+000  
2.113644e-002  1.471741e-002  1.731327e-006  -1.598266e-002  -2.213979e-002  -2.479999e-002  -2.548237e-002  -2.365346e-002  -1.989316e-002  -1.487138e-002  -6.214628e-003  6.217160e-003  1.487397e-002  1.989581e-002  2.365621e-002  2.548524e-002  2.480304e-002  2.214310e-002  1.598661e-002  4.643661e-006  -1.470473e-002  -2.113071e-002  -0.000000e+000  
7.047294e-003  3.909072e-006  -1.470718e-002  -3.973568e-002  -4.323023e-002  -4.768925e-002  -4.971970e-002  -4.374331e-002  -3.480242e-002  -2.494332e-002  -9.889244e-003  9.892221e-003  2.494644e-002  3.480569e-002  4.374678e-002  4.972344e-002  4.769333e-002  4.323477e-002  3.974113e-002  1.471403e-002  4.666143e-006  -7.040062e-003  -0.000000e+000  
2.706250e-006  -7.041881e-003  -2.113343e-002  -4.165476e-002  -6.123653e-002  -8.053824e-002  -1.059838e-001  -7.569063e-002  -5.338410e-002  -3.572282e-002  -1.327307e-002  1.327630e-002  3.572625e-002  5.338773e-002  7.569456e-002  1.059881e-001  8.054287e-002  6.124152e-002  4.166040e-002  2.114011e-002  7.049428e-003  4.682346e-006  -0.000000e+000  
-0.000000e+000  -0.000000e+000  -0.000000e+000  -0.000000e+000  -0.000000e+000  -0.000000e+000  -0.000000e+000  -0.000000e+000  -0.000000e+000  -0.000000e+000  -0.000000e+000  -0.000000e+000  -0.000000e+000  -0.000000e+000  -0.000000e+000  -0.000000e+000  -0.000000e+000  -0.000000e+000  -0.000000e+000  -0.000000e+000  -0.000000e+000  -0.000000e+000  -0.000000e+000  

