Port monitor named: Port1_h1[2.5].prt

nx        = 81
ny        = 33
nz        = 40

nu        = 5
nv        = 5
iu        = 16
iv        = 12

idir      = 1
dcut      = 2.525000e-002
icut      = 28
type      = 1
frequency = 2.500000e+009

fcutoff   = 0.000000e+000
alpha     = 0.000000e+000
beta      = 7.339884e+001
accuracy  = 6.895527e-015

type          = TEM
wave imp.     = 2.655795e+002
wave imp.sig. = 1.897574e-003
line imp.     = 5.425747e+001

ref. port     = 0

-0.000000e+000  7.883839e+000  1.577004e+001  7.883839e+000  -0.000000e+000  
-0.000000e+000  7.885138e+000  3.154131e+001  7.885139e+000  -0.000000e+000  
-0.000000e+000  -7.885143e+000  -3.154132e+001  -7.885143e+000  -0.000000e+000  
-0.000000e+000  -7.883847e+000  -1.577005e+001  -7.883847e+000  -0.000000e+000  
-0.000000e+000  -0.000000e+000  -0.000000e+000  -0.000000e+000  -0.000000e+000  

-0.000000e+000  -0.000000e+000  -0.000000e+000  -0.000000e+000  -0.000000e+000  
-7.883840e+000  -7.885140e+000  7.885140e+000  7.883840e+000  -0.000000e+000  
-1.577004e+001  -3.154131e+001  3.154131e+001  1.577004e+001  -0.000000e+000  
-7.883840e+000  -7.885141e+000  7.885141e+000  7.883840e+000  -0.000000e+000  
-0.000000e+000  -0.000000e+000  -0.000000e+000  -0.000000e+000  -0.000000e+000  

0.000000e+000  0.000000e+000  0.000000e+000  0.000000e+000  0.000000e+000  
0.000000e+000  0.000000e+000  0.000000e+000  0.000000e+000  0.000000e+000  
0.000000e+000  0.000000e+000  0.000000e+000  0.000000e+000  0.000000e+000  
0.000000e+000  0.000000e+000  0.000000e+000  0.000000e+000  0.000000e+000  
0.000000e+000  0.000000e+000  0.000000e+000  0.000000e+000  0.000000e+000  

0.000000e+000  0.000000e+000  0.000000e+000  0.000000e+000  0.000000e+000  
0.000000e+000  0.000000e+000  0.000000e+000  0.000000e+000  0.000000e+000  
0.000000e+000  0.000000e+000  0.000000e+000  0.000000e+000  0.000000e+000  
0.000000e+000  0.000000e+000  0.000000e+000  0.000000e+000  0.000000e+000  
0.000000e+000  0.000000e+000  0.000000e+000  0.000000e+000  0.000000e+000  

0.000000e+000  0.000000e+000  0.000000e+000  0.000000e+000  0.000000e+000  
0.000000e+000  0.000000e+000  0.000000e+000  0.000000e+000  0.000000e+000  
0.000000e+000  0.000000e+000  0.000000e+000  0.000000e+000  0.000000e+000  
0.000000e+000  0.000000e+000  0.000000e+000  0.000000e+000  0.000000e+000  
0.000000e+000  0.000000e+000  0.000000e+000  0.000000e+000  0.000000e+000  

-1.439451e-005  1.406698e-002  -1.406703e-002  1.435421e-005  -0.000000e+000  
-1.409577e-002  -1.045393e-005  1.038675e-005  1.409575e-002  -0.000000e+000  
1.403035e-002  -1.038744e-005  1.045463e-005  -1.403033e-002  -0.000000e+000  
-9.166823e-005  -1.405907e-002  1.405912e-002  9.170853e-005  -0.000000e+000  
-0.000000e+000  -0.000000e+000  -0.000000e+000  -0.000000e+000  -0.000000e+000  

