Port monitor named: Port1_e1[2.5].prt

nx        = 95
ny        = 44
nz        = 51

nu        = 5
nv        = 5
iu        = 24
iv        = 12

idir      = 1
dcut      = 2.525000e-002
icut      = 39
type      = 0
frequency = 2.500000e+009

fcutoff   = 0.000000e+000
alpha     = 0.000000e+000
beta      = 7.334358e+001
accuracy  = 4.649988e-015

type          = TEM
wave imp.     = 2.653610e+002
wave imp.sig. = 1.354507e-010
line imp.     = 5.425747e+001

ref. port     = 0

0.000000e+000  0.000000e+000  0.000000e+000  0.000000e+000  0.000000e+000  
-2.257145e+003  -2.036323e+003  2.036323e+003  2.257145e+003  0.000000e+000  
-4.293788e+003  -8.366725e+003  8.366725e+003  4.293788e+003  0.000000e+000  
-2.257145e+003  -2.036323e+003  2.036323e+003  2.257145e+003  0.000000e+000  
0.000000e+000  0.000000e+000  0.000000e+000  0.000000e+000  0.000000e+000  

0.000000e+000  -2.257145e+003  -4.293788e+003  -2.257145e+003  0.000000e+000  
0.000000e+000  -2.036323e+003  -8.366725e+003  -2.036323e+003  0.000000e+000  
0.000000e+000  2.036323e+003  8.366725e+003  2.036323e+003  0.000000e+000  
0.000000e+000  2.257145e+003  4.293788e+003  2.257145e+003  0.000000e+000  
0.000000e+000  0.000000e+000  0.000000e+000  0.000000e+000  0.000000e+000  

0.000000e+000  0.000000e+000  0.000000e+000  0.000000e+000  0.000000e+000  
0.000000e+000  0.000000e+000  0.000000e+000  0.000000e+000  0.000000e+000  
0.000000e+000  0.000000e+000  0.000000e+000  0.000000e+000  0.000000e+000  
0.000000e+000  0.000000e+000  0.000000e+000  0.000000e+000  0.000000e+000  
0.000000e+000  0.000000e+000  0.000000e+000  0.000000e+000  0.000000e+000  

0.000000e+000  0.000000e+000  0.000000e+000  0.000000e+000  0.000000e+000  
0.000000e+000  0.000000e+000  0.000000e+000  0.000000e+000  0.000000e+000  
0.000000e+000  0.000000e+000  0.000000e+000  0.000000e+000  0.000000e+000  
0.000000e+000  0.000000e+000  0.000000e+000  0.000000e+000  0.000000e+000  
0.000000e+000  0.000000e+000  0.000000e+000  0.000000e+000  0.000000e+000  

0.000000e+000  0.000000e+000  0.000000e+000  0.000000e+000  0.000000e+000  
0.000000e+000  0.000000e+000  0.000000e+000  0.000000e+000  0.000000e+000  
0.000000e+000  0.000000e+000  0.000000e+000  0.000000e+000  0.000000e+000  
0.000000e+000  0.000000e+000  0.000000e+000  0.000000e+000  0.000000e+000  
0.000000e+000  0.000000e+000  0.000000e+000  0.000000e+000  0.000000e+000  

0.000000e+000  0.000000e+000  0.000000e+000  0.000000e+000  0.000000e+000  
0.000000e+000  1.027464e+001  3.858385e+000  1.027464e+001  0.000000e+000  
0.000000e+000  3.858385e+000  0.000000e+000  3.858385e+000  0.000000e+000  
0.000000e+000  1.027464e+001  3.858385e+000  1.027464e+001  0.000000e+000  
0.000000e+000  0.000000e+000  0.000000e+000  0.000000e+000  0.000000e+000  

