07/Aug/2020 16:42:31  *** Warning ***
                      
                      This software is licensed for educational purposes only.
                      
                      ------------------------------------------------------------------------------
07/Aug/2020 16:42:32  Solver started at: 04:42 PM Friday, 07. August 2020 (GMT Summer Time)
                      
                        Module:  Eigenmodes (Win 64)
                        Version: 2019.7 Release from 2019-07-05 (change 706060)
                      
                      ------------------------------------------------------------------------------
07/Aug/2020 16:42:32  Units settings: 
                      
                        Dimensions: mm
                        Frequency:  GHz
                        Time:       ns
                      
                      ------------------------------------------------------------------------------
07/Aug/2020 16:43:03  Mesh statistics:
                      
                         Hexahedral mesh type: PBA [Version: legacy]
                      
                         Parallelization type: domain decomposition
                            Number of parallel working threads: 4
                            Number of calculation domains used: 4
                      
                         PBA fill limit: 97.69% (inverse)

07/Aug/2020 16:42:39     *** Warning ***  current system memory usage reached 85%


07/Aug/2020 16:43:03  Boundary conditions: 
                      
                        YZsymmetry: none
                        XZsymmetry: none
                        XYsymmetry: none
                      
                        Xmin: electric
                        Xmax: electric
                      
                        Ymin: electric
                        Ymax: electric
                      
                        Zmin: electric
                        Zmax: electric
                      
                      ------------------------------------------------------------------------------
07/Aug/2020 16:43:03  Eigenmode solver settings:
                      
                        Mesh: Hexahedral
                        Method: AKS
                        Max. number of iterations: 2
                        Max. estimation iterations: 5
                        Desired accuracy: 1.000000e-12
                        Number of modes: 50
                        Consider losses: no (perturbation method)
                      
                      ------------------------------------------------------------------------------
07/Aug/2020 16:43:03  Estimation frequency: 7.74009 GHz
                      
                      ------------------------------------------------------------------------------
07/Aug/2020 16:44:27  Results after 1. iteration:
                      
                        Mode	Frequency
07/Aug/2020 16:44:27      1	2.9422e+00 GHz
07/Aug/2020 16:44:27      2	2.9422e+00 GHz
07/Aug/2020 16:44:27      3	3.4974e+00 GHz
07/Aug/2020 16:44:27      4	3.4974e+00 GHz
07/Aug/2020 16:44:27      5	3.5641e+00 GHz
07/Aug/2020 16:44:27      6	3.5691e+00 GHz
07/Aug/2020 16:44:27      7	3.7324e+00 GHz
07/Aug/2020 16:44:27      8	3.9951e+00 GHz
07/Aug/2020 16:44:27      9	4.1836e+00 GHz
07/Aug/2020 16:44:27     10	4.2637e+00 GHz
07/Aug/2020 16:44:27     11	4.2638e+00 GHz
07/Aug/2020 16:44:27     12	4.6238e+00 GHz
07/Aug/2020 16:44:27     13	4.6582e+00 GHz
07/Aug/2020 16:44:27     14	4.6608e+00 GHz
07/Aug/2020 16:44:27     15	4.8420e+00 GHz
07/Aug/2020 16:44:27     16	5.0271e+00 GHz
07/Aug/2020 16:44:27     17	5.0298e+00 GHz
07/Aug/2020 16:44:27     18	5.1462e+00 GHz
07/Aug/2020 16:44:27     19	5.1462e+00 GHz
07/Aug/2020 16:44:27     20	5.3802e+00 GHz
07/Aug/2020 16:44:27     21	5.5277e+00 GHz
07/Aug/2020 16:44:27     22	5.5277e+00 GHz
07/Aug/2020 16:44:27     23	5.5870e+00 GHz
07/Aug/2020 16:44:27     24	5.5898e+00 GHz
07/Aug/2020 16:44:27     25	5.6340e+00 GHz
07/Aug/2020 16:44:27     26	5.6846e+00 GHz
07/Aug/2020 16:44:27     27	5.6846e+00 GHz
07/Aug/2020 16:44:27     28	5.7886e+00 GHz
07/Aug/2020 16:44:27     29	5.7886e+00 GHz
07/Aug/2020 16:44:27     30	5.8066e+00 GHz
07/Aug/2020 16:44:27     31	5.8148e+00 GHz
07/Aug/2020 16:44:27     32	5.8149e+00 GHz
07/Aug/2020 16:44:27     33	6.0895e+00 GHz
07/Aug/2020 16:44:27     34	6.0901e+00 GHz
07/Aug/2020 16:44:27     35	6.0927e+00 GHz
07/Aug/2020 16:44:27     36	6.2161e+00 GHz
07/Aug/2020 16:44:27     37	6.2636e+00 GHz
07/Aug/2020 16:44:27     38	6.2858e+00 GHz
07/Aug/2020 16:44:27     39	6.2889e+00 GHz
07/Aug/2020 16:44:27     40	6.3223e+00 GHz
07/Aug/2020 16:44:27     41	6.5093e+00 GHz
07/Aug/2020 16:44:27     42	6.5598e+00 GHz
07/Aug/2020 16:44:27     43	6.5644e+00 GHz
07/Aug/2020 16:44:27     44	6.5988e+00 GHz
07/Aug/2020 16:44:27     45	6.8410e+00 GHz
07/Aug/2020 16:44:27     46	7.0347e+00 GHz
07/Aug/2020 16:44:27     47	7.0778e+00 GHz
07/Aug/2020 16:44:27     48	7.1031e+00 GHz
07/Aug/2020 16:44:27     49	7.1906e+00 GHz
07/Aug/2020 16:44:27     50	7.3656e+00 GHz

                      ------------------------------------------------------------------------------
07/Aug/2020 16:44:27  AKS Restart (1 of max. 5)
                      Estimation frequency: 6.7238 GHz
                      
                      
                      ------------------------------------------------------------------------------
07/Aug/2020 16:45:55  Results after 1. iteration:
                      
                        Mode	Frequency
07/Aug/2020 16:45:55      1	2.9422e+00 GHz
07/Aug/2020 16:45:55      2	2.9422e+00 GHz
07/Aug/2020 16:45:55      3	3.4974e+00 GHz
07/Aug/2020 16:45:55      4	3.4974e+00 GHz
07/Aug/2020 16:45:55      5	3.5641e+00 GHz
07/Aug/2020 16:45:55      6	3.5691e+00 GHz
07/Aug/2020 16:45:55      7	3.7324e+00 GHz
07/Aug/2020 16:45:55      8	3.9951e+00 GHz
07/Aug/2020 16:45:55      9	4.1836e+00 GHz
07/Aug/2020 16:45:55     10	4.2637e+00 GHz
07/Aug/2020 16:45:55     11	4.2638e+00 GHz
07/Aug/2020 16:45:55     12	4.6238e+00 GHz
07/Aug/2020 16:45:55     13	4.6582e+00 GHz
07/Aug/2020 16:45:55     14	4.6608e+00 GHz
07/Aug/2020 16:45:55     15	4.8420e+00 GHz
07/Aug/2020 16:45:55     16	5.0271e+00 GHz
07/Aug/2020 16:45:55     17	5.0298e+00 GHz
07/Aug/2020 16:45:55     18	5.1462e+00 GHz
07/Aug/2020 16:45:55     19	5.1462e+00 GHz
07/Aug/2020 16:45:55     20	5.3802e+00 GHz
07/Aug/2020 16:45:55     21	5.5277e+00 GHz
07/Aug/2020 16:45:55     22	5.5277e+00 GHz
07/Aug/2020 16:45:55     23	5.5870e+00 GHz
07/Aug/2020 16:45:55     24	5.5898e+00 GHz
07/Aug/2020 16:45:55     25	5.6340e+00 GHz
07/Aug/2020 16:45:55     26	5.6846e+00 GHz
07/Aug/2020 16:45:55     27	5.6846e+00 GHz
07/Aug/2020 16:45:55     28	5.7886e+00 GHz
07/Aug/2020 16:45:55     29	5.7886e+00 GHz
07/Aug/2020 16:45:55     30	5.7887e+00 GHz
07/Aug/2020 16:45:55     31	5.8148e+00 GHz
07/Aug/2020 16:45:55     32	5.8149e+00 GHz
07/Aug/2020 16:45:55     33	6.0893e+00 GHz
07/Aug/2020 16:45:55     34	6.0897e+00 GHz
07/Aug/2020 16:45:55     35	6.0927e+00 GHz
07/Aug/2020 16:45:55     36	6.0928e+00 GHz
07/Aug/2020 16:45:55     37	6.2161e+00 GHz
07/Aug/2020 16:45:55     38	6.2635e+00 GHz
07/Aug/2020 16:45:55     39	6.2636e+00 GHz
07/Aug/2020 16:45:55     40	6.2857e+00 GHz
07/Aug/2020 16:45:55     41	6.2889e+00 GHz
07/Aug/2020 16:45:55     42	6.3222e+00 GHz
07/Aug/2020 16:45:55     43	6.3224e+00 GHz
07/Aug/2020 16:45:55     44	6.5093e+00 GHz
07/Aug/2020 16:45:55     45	6.5594e+00 GHz
07/Aug/2020 16:45:55     46	6.5608e+00 GHz
07/Aug/2020 16:45:55     47	6.5989e+00 GHz
07/Aug/2020 16:45:55     48	6.6168e+00 GHz
07/Aug/2020 16:45:55     49	6.8409e+00 GHz
07/Aug/2020 16:45:55     50	7.0480e+00 GHz

                      ------------------------------------------------------------------------------
07/Aug/2020 16:45:55  AKS Restart (2 of max. 5)
                      Estimation frequency: 6.4339 GHz
                      
                      
                      ------------------------------------------------------------------------------
07/Aug/2020 16:47:19  Results after 1. iteration:
                      
                        Mode	Frequency
07/Aug/2020 16:47:19      1	2.9422e+00 GHz
07/Aug/2020 16:47:19      2	2.9422e+00 GHz
07/Aug/2020 16:47:19      3	3.4974e+00 GHz
07/Aug/2020 16:47:19      4	3.4974e+00 GHz
07/Aug/2020 16:47:19      5	3.5641e+00 GHz
07/Aug/2020 16:47:19      6	3.5691e+00 GHz
07/Aug/2020 16:47:19      7	3.7324e+00 GHz
07/Aug/2020 16:47:19      8	3.9951e+00 GHz
07/Aug/2020 16:47:19      9	4.1836e+00 GHz
07/Aug/2020 16:47:19     10	4.2637e+00 GHz
07/Aug/2020 16:47:19     11	4.2638e+00 GHz
07/Aug/2020 16:47:19     12	4.6238e+00 GHz
07/Aug/2020 16:47:19     13	4.6582e+00 GHz
07/Aug/2020 16:47:19     14	4.6608e+00 GHz
07/Aug/2020 16:47:19     15	4.8420e+00 GHz
07/Aug/2020 16:47:19     16	5.0271e+00 GHz
07/Aug/2020 16:47:19     17	5.0298e+00 GHz
07/Aug/2020 16:47:19     18	5.1462e+00 GHz
07/Aug/2020 16:47:19     19	5.1462e+00 GHz
07/Aug/2020 16:47:19     20	5.3802e+00 GHz
07/Aug/2020 16:47:19     21	5.5277e+00 GHz
07/Aug/2020 16:47:19     22	5.5277e+00 GHz
07/Aug/2020 16:47:19     23	5.5870e+00 GHz
07/Aug/2020 16:47:19     24	5.5898e+00 GHz
07/Aug/2020 16:47:19     25	5.6340e+00 GHz
07/Aug/2020 16:47:19     26	5.6846e+00 GHz
07/Aug/2020 16:47:19     27	5.6846e+00 GHz
07/Aug/2020 16:47:19     28	5.7886e+00 GHz
07/Aug/2020 16:47:19     29	5.7886e+00 GHz
07/Aug/2020 16:47:19     30	5.7887e+00 GHz
07/Aug/2020 16:47:19     31	5.8148e+00 GHz
07/Aug/2020 16:47:19     32	5.8149e+00 GHz
07/Aug/2020 16:47:19     33	6.0893e+00 GHz
07/Aug/2020 16:47:19     34	6.0893e+00 GHz
07/Aug/2020 16:47:19     35	6.0897e+00 GHz
07/Aug/2020 16:47:19     36	6.0927e+00 GHz
07/Aug/2020 16:47:19     37	6.0928e+00 GHz
07/Aug/2020 16:47:19     38	6.2161e+00 GHz
07/Aug/2020 16:47:19     39	6.2635e+00 GHz
07/Aug/2020 16:47:19     40	6.2636e+00 GHz
07/Aug/2020 16:47:19     41	6.2858e+00 GHz
07/Aug/2020 16:47:19     42	6.2889e+00 GHz
07/Aug/2020 16:47:19     43	6.3223e+00 GHz
07/Aug/2020 16:47:19     44	6.3224e+00 GHz
07/Aug/2020 16:47:19     45	6.5093e+00 GHz
07/Aug/2020 16:47:19     46	6.5591e+00 GHz
07/Aug/2020 16:47:19     47	6.5602e+00 GHz
07/Aug/2020 16:47:19     48	6.5988e+00 GHz
07/Aug/2020 16:47:19     49	6.6003e+00 GHz
07/Aug/2020 16:47:19     50	6.8410e+00 GHz

                      ------------------------------------------------------------------------------
07/Aug/2020 16:48:24  Results after 2. iteration:
                      
                        Mode	Frequency
07/Aug/2020 16:48:24      1	3.7255e-07 GHz
07/Aug/2020 16:48:24      2	7.4009e-08 GHz
07/Aug/2020 16:48:24      3	3.7108e-08 GHz
07/Aug/2020 16:48:24      4	1.4429e-09 GHz
07/Aug/2020 16:48:24      5	7.1697e-10 GHz
07/Aug/2020 16:48:24      6	2.7639e-10 GHz
07/Aug/2020 16:48:24      7	1.1361e-10 GHz
07/Aug/2020 16:48:24      8	5.2972e-12 GHz
07/Aug/2020 16:48:24      9	2.3573e-12 GHz
07/Aug/2020 16:48:24     10	2.3573e-12 GHz
07/Aug/2020 16:48:24     11	2.1447e-12 GHz
07/Aug/2020 16:48:24     12	2.2509e-12 GHz
07/Aug/2020 16:48:24     13	9.7793e-13 GHz
07/Aug/2020 16:48:24     14	2.5898e+00 GHz
07/Aug/2020 16:48:24     15	2.9422e+00 GHz
07/Aug/2020 16:48:24     16	2.9422e+00 GHz
07/Aug/2020 16:48:24     17	3.4974e+00 GHz
07/Aug/2020 16:48:24     18	3.4974e+00 GHz
07/Aug/2020 16:48:24     19	3.5691e+00 GHz
07/Aug/2020 16:48:24     20	3.7324e+00 GHz
07/Aug/2020 16:48:24     21	4.1836e+00 GHz
07/Aug/2020 16:48:24     22	4.2637e+00 GHz
07/Aug/2020 16:48:24     23	4.2638e+00 GHz
07/Aug/2020 16:48:24     24	4.6582e+00 GHz
07/Aug/2020 16:48:24     25	4.6608e+00 GHz
07/Aug/2020 16:48:24     26	4.8420e+00 GHz
07/Aug/2020 16:48:24     27	5.0271e+00 GHz
07/Aug/2020 16:48:24     28	5.0298e+00 GHz
07/Aug/2020 16:48:24     29	5.1462e+00 GHz
07/Aug/2020 16:48:24     30	5.1462e+00 GHz
07/Aug/2020 16:48:24     31	5.5870e+00 GHz
07/Aug/2020 16:48:24     32	5.5898e+00 GHz
07/Aug/2020 16:48:24     33	5.6340e+00 GHz
07/Aug/2020 16:48:24     34	5.6846e+00 GHz
07/Aug/2020 16:48:24     35	5.6846e+00 GHz
07/Aug/2020 16:48:24     36	5.7886e+00 GHz
07/Aug/2020 16:48:24     37	5.7886e+00 GHz
07/Aug/2020 16:48:24     38	5.7887e+00 GHz
07/Aug/2020 16:48:24     39	6.0893e+00 GHz
07/Aug/2020 16:48:24     40	6.0893e+00 GHz
07/Aug/2020 16:48:24     41	6.0897e+00 GHz
07/Aug/2020 16:48:24     42	6.0927e+00 GHz
07/Aug/2020 16:48:24     43	6.0928e+00 GHz
07/Aug/2020 16:48:24     44	6.2858e+00 GHz
07/Aug/2020 16:48:24     45	6.2889e+00 GHz
07/Aug/2020 16:48:24     46	6.3223e+00 GHz
07/Aug/2020 16:48:24     47	6.3224e+00 GHz
07/Aug/2020 16:48:24     48	6.5093e+00 GHz
07/Aug/2020 16:48:24     49	6.5591e+00 GHz
07/Aug/2020 16:48:24     50	6.5591e+00 GHz
07/Aug/2020 16:48:24     51	6.5602e+00 GHz
07/Aug/2020 16:48:24     52	6.5988e+00 GHz
07/Aug/2020 16:48:24     53	6.5989e+00 GHz
07/Aug/2020 16:48:24     54	7.0348e+00 GHz
07/Aug/2020 16:48:24     55	7.0753e+00 GHz
07/Aug/2020 16:48:24     56	7.0803e+00 GHz
07/Aug/2020 16:48:24     57	7.1641e+00 GHz

                      ------------------------------------------------------------------------------
07/Aug/2020 16:48:26  *** Warning ***
                      
07/Aug/2020 16:48:26  Some calculated modes are incorrect solutions and thus have not been saved. This problem usually occurs when large 
                      dielectric constants are used. A possible solution is to increase the penalty factor in the solver specials dialog box 
                      by a factor of ten and restart the calculation.
                      
                      ------------------------------------------------------------------------------
07/Aug/2020 16:48:46  *** Warning ***
                      
07/Aug/2020 16:48:46  The lowest Eigenmode frequency is greater than the upper frequency range limit. Please check the frequency range.
                      
                      ------------------------------------------------------------------------------
07/Aug/2020 16:48:46  Solver Results:
                      
                      --------------------------------------------------------------------------------
                      Mode    Frequency             |                     Accuracy                    
                                                    |     |(Ax-x)/x|       max(e)         div(e)      
                      --------------------------------------------------------------------------------
                        1     2.94221416169         |      7.456e-12      3.297e-03      4.285e-07 
                        2     2.94222861785         |      2.117e-13      3.302e-03      4.290e-07 
                        3     3.49737102656         |      9.426e-12      2.344e-03      4.306e-07 
                        4     3.49741184544         |      3.840e-12      2.329e-03      4.285e-07 
                        5     3.56908742722         |      1.282e-12      2.587e-03      2.096e-07 
                        6     3.73241374996         |      6.757e-13      1.754e-03      2.620e-07 
                        7     4.18362575693         |      2.584e-13      1.379e-03      3.334e-07 
                        8     4.26369405371         |      2.561e-13      1.570e-03      4.282e-07 
                        9     4.26376158987         |      8.514e-13      1.578e-03      4.294e-07 
                       10     4.65821296416         |      1.922e-12      2.069e-03      4.458e-07 
                       11     4.66083756977         |      1.530e-13      1.375e-03      4.324e-07 
                       12     4.84201174814         |      9.158e-13      1.092e-03      3.616e-07 
                       13     5.02705376916         |      4.041e-13      1.783e-03      4.457e-07 
                       14     5.02978756915         |      4.238e-13      1.179e-03      4.323e-07 
                       15     5.14616575054         |      3.746e-13      1.073e-03      4.283e-07 
                       16     5.14624896182         |      3.348e-13      1.082e-03      4.322e-07 
                       17     5.58696027346         |      7.657e-14      1.446e-03      4.474e-07 
                       18     5.58984031261         |      8.261e-14      9.583e-04      4.336e-07 
                       19     5.63401792776         |      8.512e-14      8.675e-04      3.936e-07 
                       20     5.68459398665         |      8.755e-14      9.378e-04      1.983e-07 
                       21     5.68460985674         |      7.598e-14      9.361e-04      1.986e-07 
                       22     5.78855436224         |      7.714e-14      8.484e-04      4.062e-07 
                       23     5.78862792929         |      6.091e-14      6.907e-04      2.258e-07 
                       24     5.78865235664         |      1.002e-13      6.935e-04      2.247e-07 
                       25     6.0893123773          |      2.590e-12      6.203e-04      2.710e-07 
                       26     6.08931782762         |      1.145e-11      6.200e-04      2.708e-07 
                       27     6.08973594772         |      5.798e-14      7.692e-04      4.085e-07 
                       28     6.0926859646          |      1.751e-13      7.706e-04      4.298e-07 
                       29     6.09277024283         |      3.849e-13      7.693e-04      4.294e-07 
                       30     6.28580156045         |      8.268e-14      1.138e-03      4.476e-07 
                       31     6.28886121721         |      1.633e-13      7.537e-04      4.315e-07 
                       32     6.32225377433         |      1.309e-13      6.625e-04      4.121e-07 
                       33     6.32237922471         |      9.376e-13      6.627e-04      4.123e-07 
                       34     6.50932612521         |      1.161e-13      6.975e-04      4.164e-07 
                       35     6.55907746344         |      1.594e-08      5.345e-04      3.049e-07 
                       36     6.55910862356         |      1.018e-08      5.346e-04      3.037e-07 
                       37     6.56021299002         |      1.538e-10      6.669e-04      4.094e-07 
                       38     6.59879653511         |      1.309e-11      6.145e-04      4.144e-07 
                       39     6.59889194597         |      1.178e-11      6.090e-04      4.132e-07 
                       40     7.03476563187         |      1.548e-05      2.253e-03      1.151e-05 
                       41  *  7.07529784009         |      1.102e-03      2.356e-01      1.196e-03 
                       42  *  7.08027365485         |      3.059e-03      4.976e-01      2.518e-03 
                       43     7.16405701398         |      9.497e-04      1.291e-01      1.714e-03 
                      --------------------------------------------------------------------------------
                      
                      * = This mode has a bad accuracy.
                      
                      Optimum guess for the highest eigenfrequency would be: 209.438.
                      
                      --------------------------------------------------------------------------------
                      
                      
                      ------------------------------------------------------------------------------
07/Aug/2020 16:48:46  Solver Statistics:
                      
                        ----------------------------------------------------------------------------
                                            Peak memory used (kB)         Free physical memory (kB) 
                                                                          At begin     Minimum      
                        ----------------------------------------------------------------------------
                        Matrices calc.      633789                        8383180      2344726      
                        Solver run total    140148                        3223304      2135816      
                      
                        Computer name       Phoenix15
                        ----------------------------------------------------------------------------
                      
                        Mesh generation time     :	31 s
                        Solver time              :	322 s	 (= 0 h, 05 m, 22 s)
                      
                        Total time               :	353 s	 (= 0 h, 05 m, 53 s)
                      
                      
                      ------------------------------------------------------------------------------
