Port monitor named: Port2_h1.prt

nx        = 25
ny        = 4
nz        = 25

nu        = 23
nv        = 23
iu        = 2
iv        = 2

idir      = 1
dcut      = 2.505000e-002
icut      = 3
type      = 1
frequency = 2.500000e+009

fcutoff   = 0.000000e+000
alpha     = 0.000000e+000
beta      = 7.257417e+001
accuracy  = 4.291061e-012

type          = QTEM
wave imp.     = 2.634374e+002
wave imp.sig. = 7.991356e-003
line imp.     = 5.425693e+001

ref. port     = 0

0.000000e+000  -2.241236e+000  -4.482730e+000  -6.706086e+000  -8.855573e+000  -9.861874e+000  -1.080376e+001  -1.165943e+001  -1.240460e+001  -1.301530e+001  -1.346936e+001  -1.385343e+001  -1.346942e+001  -1.301537e+001  -1.240468e+001  -1.165952e+001  -1.080385e+001  -9.861955e+000  -8.855646e+000  -6.706140e+000  -4.482765e+000  -2.241253e+000  0.000000e+000  
0.000000e+000  -2.241352e+000  -4.501616e+000  -6.781081e+000  -9.039896e+000  -1.012182e+001  -1.115101e+001  -1.210129e+001  -1.294233e+001  -1.364169e+001  -1.416793e+001  -1.462134e+001  -1.416802e+001  -1.364179e+001  -1.294244e+001  -1.210140e+001  -1.115111e+001  -1.012191e+001  -9.039974e+000  -6.781135e+000  -4.501649e+000  -2.241367e+000  0.000000e+000  
0.000000e+000  -2.222929e+000  -4.502098e+000  -6.878403e+000  -9.351368e+000  -1.059286e+001  -1.181382e+001  -1.298000e+001  -1.404658e+001  -1.496035e+001  -1.566511e+001  -1.629578e+001  -1.566528e+001  -1.496054e+001  -1.404676e+001  -1.298016e+001  -1.181395e+001  -1.059296e+001  -9.351449e+000  -6.878452e+000  -4.502126e+000  -2.222942e+000  0.000000e+000  
0.000000e+000  -2.148644e+000  -4.406661e+000  -6.879295e+000  -9.649362e+000  -1.114590e+001  -1.269561e+001  -1.425692e+001  -1.576192e+001  -1.711488e+001  -1.820056e+001  -1.923120e+001  -1.820099e+001  -1.711528e+001  -1.576223e+001  -1.425714e+001  -1.269576e+001  -1.114600e+001  -9.649429e+000  -6.879329e+000  -4.406679e+000  -2.148652e+000  0.000000e+000  
0.000000e+000  -2.011365e+000  -4.174317e+000  -6.656825e+000  -9.649763e+000  -1.140101e+001  -1.332208e+001  -1.538340e+001  -1.750440e+001  -1.953243e+001  -2.124271e+001  -2.297822e+001  -2.124382e+001  -1.953317e+001  -1.750480e+001  -1.538360e+001  -1.332218e+001  -1.140106e+001  -9.649789e+000  -6.656835e+000  -4.174322e+000  -2.011368e+000  0.000000e+000  
0.000000e+000  -1.882146e+000  -3.939518e+000  -6.380884e+000  -9.480147e+000  -1.140124e+001  -1.359944e+001  -1.607465e+001  -1.875898e+001  -2.146182e+001  -2.383242e+001  -2.634364e+001  -2.383460e+001  -2.146276e+001  -1.875930e+001  -1.607474e+001  -1.359945e+001  -1.140123e+001  -9.480134e+000  -6.380875e+000  -3.939514e+000  -1.882145e+000  0.000000e+000  
0.000000e+000  -1.709225e+000  -3.608709e+000  -5.940448e+000  -9.062863e+000  -1.112431e+001  -1.359974e+001  -1.655673e+001  -1.999498e+001  -2.372340e+001  -2.716537e+001  -3.096404e+001  -2.717019e+001  -2.372392e+001  -1.999484e+001  -1.655656e+001  -1.359961e+001  -1.112422e+001  -9.062806e+000  -5.940421e+000  -3.608696e+000  -1.709220e+000  0.000000e+000  
0.000000e+000  -1.488767e+000  -3.169824e+000  -5.302325e+000  -8.312058e+000  -1.043337e+001  -1.311842e+001  -1.655751e+001  -2.094075e+001  -2.627137e+001  -3.152667e+001  -3.748247e+001  -3.153858e+001  -2.626781e+001  -2.093952e+001  -1.655699e+001  -1.311816e+001  -1.043322e+001  -8.311967e+000  -5.302284e+000  -3.169805e+000  -1.488759e+000  0.000000e+000  
0.000000e+000  -1.220233e+000  -2.618068e+000  -4.444877e+000  -7.150259e+000  -9.178670e+000  -1.188302e+001  -1.561411e+001  -2.093905e+001  -2.720934e+001  0.000000e+000  0.000000e+000  0.000000e+000  -2.720697e+001  -2.093836e+001  -1.561369e+001  -1.188277e+001  -9.178511e+000  -7.150157e+000  -4.444829e+000  -2.618045e+000  -1.220223e+000  0.000000e+000  
0.000000e+000  -9.072933e-001  -1.959061e+000  -3.367773e+000  -5.537958e+000  -7.247996e+000  -9.620860e+000  -1.307679e+001  -2.030121e+001  0.000000e+000  0.000000e+000  0.000000e+000  0.000000e+000  0.000000e+000  -2.030079e+001  -1.307657e+001  -9.620683e+000  -7.247866e+000  -5.537865e+000  -3.367724e+000  -1.959036e+000  -9.072826e-001  0.000000e+000  
0.000000e+000  -3.837022e-001  -8.366873e-001  -1.466548e+000  -2.494534e+000  -3.357711e+000  -4.602977e+000  -6.477093e+000  0.000000e+000  0.000000e+000  0.000000e+000  0.000000e+000  0.000000e+000  0.000000e+000  0.000000e+000  -6.477042e+000  -4.602905e+000  -3.357640e+000  -2.494471e+000  -1.466507e+000  -8.366635e-001  -3.836914e-001  0.000000e+000  
0.000000e+000  3.837070e-001  8.366971e-001  1.466563e+000  2.494553e+000  3.357730e+000  4.602993e+000  6.477101e+000  0.000000e+000  0.000000e+000  0.000000e+000  0.000000e+000  0.000000e+000  0.000000e+000  0.000000e+000  6.477097e+000  4.603010e+000  3.357757e+000  2.494584e+000  1.466589e+000  8.367147e-001  3.837156e-001  0.000000e+000  
0.000000e+000  9.072980e-001  1.959071e+000  3.367789e+000  5.537981e+000  7.248022e+000  9.620890e+000  1.307682e+001  2.030126e+001  0.000000e+000  0.000000e+000  0.000000e+000  0.000000e+000  0.000000e+000  2.030125e+001  1.307681e+001  9.620898e+000  7.248038e+000  5.538000e+000  3.367807e+000  1.959084e+000  9.073048e-001  0.000000e+000  
0.000000e+000  1.220237e+000  2.618078e+000  4.444894e+000  7.150285e+000  9.178703e+000  1.188307e+001  1.561416e+001  2.093912e+001  2.720948e+001  0.000000e+000  0.000000e+000  0.000000e+000  2.720947e+001  2.093912e+001  1.561416e+001  1.188307e+001  9.178713e+000  7.150298e+000  4.444908e+000  2.618089e+000  1.220243e+000  0.000000e+000  
0.000000e+000  1.488771e+000  3.169833e+000  5.302341e+000  8.312085e+000  1.043341e+001  1.311847e+001  1.655759e+001  2.094085e+001  2.627154e+001  3.152703e+001  3.748588e+001  3.152702e+001  2.627154e+001  2.094085e+001  1.655759e+001  1.311848e+001  1.043342e+001  8.312094e+000  5.302351e+000  3.169841e+000  1.488776e+000  0.000000e+000  
0.000000e+000  1.709228e+000  3.608716e+000  5.940462e+000  9.062889e+000  1.112435e+001  1.359979e+001  1.655681e+001  1.999510e+001  2.372360e+001  2.716571e+001  3.096507e+001  2.716571e+001  2.372359e+001  1.999510e+001  1.655681e+001  1.359979e+001  1.112435e+001  9.062897e+000  5.940471e+000  3.608723e+000  1.709232e+000  0.000000e+000  
0.000000e+000  1.882149e+000  3.939524e+000  6.380895e+000  9.480169e+000  1.140127e+001  1.359948e+001  1.607471e+001  1.875907e+001  2.146196e+001  2.383260e+001  2.634384e+001  2.383260e+001  2.146196e+001  1.875907e+001  1.607471e+001  1.359948e+001  1.140127e+001  9.480175e+000  6.380902e+000  3.939530e+000  1.882152e+000  0.000000e+000  
0.000000e+000  2.011367e+000  4.174321e+000  6.656833e+000  9.649778e+000  1.140103e+001  1.332211e+001  1.538344e+001  1.750446e+001  1.953250e+001  2.124277e+001  2.297814e+001  2.124277e+001  1.953250e+001  1.750446e+001  1.538344e+001  1.332211e+001  1.140104e+001  9.649783e+000  6.656838e+000  4.174325e+000  2.011369e+000  0.000000e+000  
0.000000e+000  2.148644e+000  4.406662e+000  6.879296e+000  9.649364e+000  1.114590e+001  1.269562e+001  1.425692e+001  1.576192e+001  1.711486e+001  1.820051e+001  1.923101e+001  1.820051e+001  1.711486e+001  1.576192e+001  1.425692e+001  1.269562e+001  1.114590e+001  9.649367e+000  6.879300e+000  4.406665e+000  2.148646e+000  0.000000e+000  
0.000000e+000  2.222927e+000  4.502093e+000  6.878395e+000  9.351354e+000  1.059284e+001  1.181380e+001  1.297996e+001  1.404654e+001  1.496029e+001  1.566502e+001  1.629561e+001  1.566502e+001  1.496029e+001  1.404654e+001  1.297997e+001  1.181380e+001  1.059284e+001  9.351356e+000  6.878397e+000  4.502095e+000  2.222928e+000  0.000000e+000  
0.000000e+000  2.241348e+000  4.501608e+000  6.781066e+000  9.039871e+000  1.012179e+001  1.115097e+001  1.210124e+001  1.294226e+001  1.364160e+001  1.416783e+001  1.462118e+001  1.416783e+001  1.364160e+001  1.294226e+001  1.210124e+001  1.115097e+001  1.012179e+001  9.039872e+000  6.781067e+000  4.501609e+000  2.241349e+000  0.000000e+000  
0.000000e+000  2.241231e+000  4.482719e+000  6.706067e+000  8.855541e+000  9.861835e+000  1.080371e+001  1.165937e+001  1.240452e+001  1.301521e+001  1.346925e+001  1.385329e+001  1.346926e+001  1.301521e+001  1.240453e+001  1.165937e+001  1.080371e+001  9.861836e+000  8.855543e+000  6.706068e+000  4.482720e+000  2.241232e+000  0.000000e+000  
0.000000e+000  0.000000e+000  0.000000e+000  0.000000e+000  0.000000e+000  0.000000e+000  0.000000e+000  0.000000e+000  0.000000e+000  0.000000e+000  0.000000e+000  0.000000e+000  0.000000e+000  0.000000e+000  0.000000e+000  0.000000e+000  0.000000e+000  0.000000e+000  0.000000e+000  0.000000e+000  0.000000e+000  0.000000e+000  0.000000e+000  

0.000000e+000  0.000000e+000  0.000000e+000  0.000000e+000  0.000000e+000  0.000000e+000  0.000000e+000  0.000000e+000  0.000000e+000  0.000000e+000  0.000000e+000  0.000000e+000  0.000000e+000  0.000000e+000  0.000000e+000  0.000000e+000  0.000000e+000  0.000000e+000  0.000000e+000  0.000000e+000  0.000000e+000  0.000000e+000  0.000000e+000  
2.241236e+000  2.241363e+000  2.222962e+000  2.148708e+000  2.011461e+000  1.882264e+000  1.709365e+000  1.488926e+000  1.220402e+000  9.074571e-001  3.838211e-001  -3.837638e-001  -9.074209e-001  -1.220381e+000  -1.488920e+000  -1.709369e+000  -1.882276e+000  -2.011477e+000  -2.148728e+000  -2.222981e+000  -2.241381e+000  -2.241253e+000  0.000000e+000  
4.482720e+000  4.501627e+000  4.502152e+000  4.406781e+000  4.174502e+000  3.939754e+000  3.609002e+000  3.170177e+000  2.618472e+000  1.959485e+000  8.370408e-001  -8.368981e-001  -1.959407e+000  -2.618437e+000  -3.170175e+000  -3.609023e+000  -3.939789e+000  -4.174544e+000  -4.406825e+000  -4.502192e+000  -4.501662e+000  -4.482752e+000  0.000000e+000  
6.706044e+000  6.781071e+000  6.878458e+000  6.879447e+000  6.657075e+000  6.381213e+000  5.940882e+000  5.302903e+000  4.445642e+000  3.368727e+000  1.467596e+000  -1.467282e+000  -3.368607e+000  -4.445626e+000  -5.302951e+000  -5.940960e+000  -6.381301e+000  -6.657160e+000  -6.879523e+000  -6.878518e+000  -6.781121e+000  -6.706089e+000  0.000000e+000  
8.855466e+000  9.039831e+000  9.351391e+000  9.649514e+000  9.650017e+000  9.480470e+000  9.063285e+000  8.312692e+000  7.151369e+000  5.539949e+000  2.498171e+000  -2.497428e+000  -5.539889e+000  -7.151537e+000  -8.312921e+000  -9.063502e+000  -9.480654e+000  -9.650168e+000  -9.649623e+000  -9.351467e+000  -9.039891e+000  -8.855518e+000  0.000000e+000  
9.861719e+000  1.012171e+001  1.059285e+001  1.114605e+001  1.140127e+001  1.140151e+001  1.112455e+001  1.043364e+001  9.179345e+000  7.250182e+000  3.365907e+000  -3.364608e+000  -7.250491e+000  -9.179853e+000  -1.043407e+001  -1.112487e+001  -1.140174e+001  -1.140144e+001  -1.114616e+001  -1.059293e+001  -1.012177e+001  -9.861773e+000  0.000000e+000  
1.080354e+001  1.115084e+001  1.181377e+001  1.269577e+001  1.332238e+001  1.359971e+001  1.359975e+001  1.311794e+001  1.188216e+001  9.620746e+000  4.621504e+000  -4.619112e+000  -9.622299e+000  -1.188329e+001  -1.311860e+001  -1.360015e+001  -1.359997e+001  -1.332256e+001  -1.269588e+001  -1.181384e+001  -1.115090e+001  -1.080360e+001  0.000000e+000  
1.165915e+001  1.210105e+001  1.297987e+001  1.425708e+001  1.538388e+001  1.607515e+001  1.655675e+001  1.655618e+001  1.561057e+001  1.306270e+001  6.520826e+000  -6.516027e+000  -1.306855e+001  -1.561235e+001  -1.655687e+001  -1.655709e+001  -1.607537e+001  -1.538403e+001  -1.425718e+001  -1.297994e+001  -1.210110e+001  -1.165920e+001  0.000000e+000  
1.240424e+001  1.294198e+001  1.404634e+001  1.576205e+001  1.750525e+001  1.876023e+001  1.999585e+001  2.093941e+001  2.094118e+001  2.000321e+001  0.000000e+000  0.000000e+000  -2.000147e+001  -2.094063e+001  -2.093940e+001  -1.999594e+001  -1.876033e+001  -1.750534e+001  -1.576213e+001  -1.404640e+001  -1.294203e+001  -1.240428e+001  0.000000e+000  
1.301485e+001  1.364123e+001  1.495993e+001  1.711484e+001  1.953371e+001  2.146462e+001  2.372695e+001  2.626436e+001  2.690221e+001  0.000000e+000  0.000000e+000  0.000000e+000  0.000000e+000  -2.690166e+001  -2.626408e+001  -2.372687e+001  -2.146462e+001  -1.953375e+001  -1.711489e+001  -1.495998e+001  -1.364127e+001  -1.301489e+001  0.000000e+000  
1.346883e+001  1.416734e+001  1.566443e+001  1.820000e+001  2.124380e+001  2.383751e+001  2.718289e+001  3.158274e+001  0.000000e+000  0.000000e+000  0.000000e+000  0.000000e+000  0.000000e+000  0.000000e+000  -3.158251e+001  -2.718278e+001  -2.383747e+001  -2.124379e+001  -1.820003e+001  -1.566447e+001  -1.416738e+001  -1.346887e+001  0.000000e+000  
1.385278e+001  1.462051e+001  1.629441e+001  1.922805e+001  2.297019e+001  2.632807e+001  3.093115e+001  3.740825e+001  0.000000e+000  0.000000e+000  0.000000e+000  0.000000e+000  0.000000e+000  0.000000e+000  -3.740815e+001  -3.093108e+001  -2.632803e+001  -2.297017e+001  -1.922806e+001  -1.629442e+001  -1.462054e+001  -1.385281e+001  0.000000e+000  
1.346883e+001  1.416734e+001  1.566443e+001  1.820000e+001  2.124380e+001  2.383752e+001  2.718291e+001  3.158277e+001  0.000000e+000  0.000000e+000  0.000000e+000  0.000000e+000  0.000000e+000  0.000000e+000  -3.158274e+001  -2.718288e+001  -2.383750e+001  -2.124378e+001  -1.820000e+001  -1.566443e+001  -1.416735e+001  -1.346884e+001  0.000000e+000  
1.301484e+001  1.364122e+001  1.495993e+001  1.711483e+001  1.953371e+001  2.146462e+001  2.372697e+001  2.626440e+001  2.690228e+001  0.000000e+000  0.000000e+000  0.000000e+000  0.000000e+000  -2.690226e+001  -2.626439e+001  -2.372695e+001  -2.146461e+001  -1.953370e+001  -1.711483e+001  -1.495993e+001  -1.364123e+001  -1.301486e+001  0.000000e+000  
1.240423e+001  1.294197e+001  1.404633e+001  1.576204e+001  1.750524e+001  1.876023e+001  1.999586e+001  2.093943e+001  2.094124e+001  2.000332e+001  0.000000e+000  0.000000e+000  -2.000331e+001  -2.094124e+001  -2.093942e+001  -1.999584e+001  -1.876022e+001  -1.750523e+001  -1.576204e+001  -1.404634e+001  -1.294198e+001  -1.240424e+001  0.000000e+000  
1.165914e+001  1.210104e+001  1.297986e+001  1.425707e+001  1.538386e+001  1.607514e+001  1.655673e+001  1.655617e+001  1.561056e+001  1.306271e+001  6.520808e+000  -6.520807e+000  -1.306270e+001  -1.561056e+001  -1.655616e+001  -1.655672e+001  -1.607513e+001  -1.538386e+001  -1.425707e+001  -1.297986e+001  -1.210104e+001  -1.165914e+001  0.000000e+000  
1.080353e+001  1.115083e+001  1.181375e+001  1.269575e+001  1.332236e+001  1.359968e+001  1.359971e+001  1.311789e+001  1.188208e+001  9.620611e+000  4.621140e+000  -4.621138e+000  -9.620608e+000  -1.188208e+001  -1.311788e+001  -1.359970e+001  -1.359967e+001  -1.332235e+001  -1.269575e+001  -1.181375e+001  -1.115083e+001  -1.080354e+001  0.000000e+000  
9.861707e+000  1.012170e+001  1.059283e+001  1.114602e+001  1.140123e+001  1.140146e+001  1.112450e+001  1.043356e+001  9.179225e+000  7.249994e+000  3.365537e+000  -3.365535e+000  -7.249991e+000  -9.179222e+000  -1.043356e+001  -1.112449e+001  -1.140146e+001  -1.140123e+001  -1.114602e+001  -1.059283e+001  -1.012170e+001  -9.861712e+000  0.000000e+000  
8.855453e+000  9.039816e+000  9.351371e+000  9.649486e+000  9.649977e+000  9.480418e+000  9.063216e+000  8.312598e+000  7.151237e+000  5.539762e+000  2.497872e+000  -2.497870e+000  -5.539760e+000  -7.151235e+000  -8.312595e+000  -9.063213e+000  -9.480415e+000  -9.649975e+000  -9.649485e+000  -9.351372e+000  -9.039819e+000  -8.855457e+000  0.000000e+000  
6.706031e+000  6.781057e+000  6.878438e+000  6.879418e+000  6.657034e+000  6.381162e+000  5.940817e+000  5.302820e+000  4.445538e+000  3.368599e+000  1.467434e+000  -1.467433e+000  -3.368597e+000  -4.445536e+000  -5.302819e+000  -5.940816e+000  -6.381160e+000  -6.657033e+000  -6.879418e+000  -6.878439e+000  -6.781058e+000  -6.706034e+000  0.000000e+000  
4.482710e+000  4.501616e+000  4.502137e+000  4.406758e+000  4.174471e+000  3.939716e+000  3.608955e+000  3.170121e+000  2.618407e+000  1.959412e+000  8.369589e-001  -8.369579e-001  -1.959410e+000  -2.618406e+000  -3.170120e+000  -3.608954e+000  -3.939715e+000  -4.174471e+000  -4.406758e+000  -4.502137e+000  -4.501617e+000  -4.482711e+000  0.000000e+000  
2.241231e+000  2.241357e+000  2.222953e+000  2.148696e+000  2.011445e+000  1.882245e+000  1.709342e+000  1.488899e+000  1.220371e+000  9.074239e-001  3.837868e-001  -3.837862e-001  -9.074233e-001  -1.220371e+000  -1.488899e+000  -1.709341e+000  -1.882244e+000  -2.011444e+000  -2.148696e+000  -2.222953e+000  -2.241357e+000  -2.241231e+000  0.000000e+000  
0.000000e+000  0.000000e+000  0.000000e+000  0.000000e+000  0.000000e+000  0.000000e+000  0.000000e+000  0.000000e+000  0.000000e+000  0.000000e+000  0.000000e+000  0.000000e+000  0.000000e+000  0.000000e+000  0.000000e+000  0.000000e+000  0.000000e+000  0.000000e+000  0.000000e+000  0.000000e+000  0.000000e+000  0.000000e+000  0.000000e+000  

0.000000e+000  0.000000e+000  0.000000e+000  0.000000e+000  0.000000e+000  0.000000e+000  0.000000e+000  0.000000e+000  0.000000e+000  0.000000e+000  0.000000e+000  0.000000e+000  0.000000e+000  0.000000e+000  0.000000e+000  0.000000e+000  0.000000e+000  0.000000e+000  0.000000e+000  0.000000e+000  0.000000e+000  0.000000e+000  0.000000e+000  
0.000000e+000  0.000000e+000  0.000000e+000  0.000000e+000  0.000000e+000  0.000000e+000  0.000000e+000  0.000000e+000  0.000000e+000  0.000000e+000  0.000000e+000  0.000000e+000  0.000000e+000  0.000000e+000  0.000000e+000  0.000000e+000  0.000000e+000  0.000000e+000  0.000000e+000  0.000000e+000  0.000000e+000  0.000000e+000  0.000000e+000  
0.000000e+000  0.000000e+000  0.000000e+000  0.000000e+000  0.000000e+000  0.000000e+000  0.000000e+000  0.000000e+000  0.000000e+000  0.000000e+000  0.000000e+000  0.000000e+000  0.000000e+000  0.000000e+000  0.000000e+000  0.000000e+000  0.000000e+000  0.000000e+000  0.000000e+000  0.000000e+000  0.000000e+000  0.000000e+000  0.000000e+000  
0.000000e+000  0.000000e+000  0.000000e+000  0.000000e+000  0.000000e+000  0.000000e+000  0.000000e+000  0.000000e+000  0.000000e+000  0.000000e+000  0.000000e+000  0.000000e+000  0.000000e+000  0.000000e+000  0.000000e+000  0.000000e+000  0.000000e+000  0.000000e+000  0.000000e+000  0.000000e+000  0.000000e+000  0.000000e+000  0.000000e+000  
0.000000e+000  0.000000e+000  0.000000e+000  0.000000e+000  0.000000e+000  0.000000e+000  0.000000e+000  0.000000e+000  0.000000e+000  0.000000e+000  0.000000e+000  0.000000e+000  0.000000e+000  0.000000e+000  0.000000e+000  0.000000e+000  0.000000e+000  0.000000e+000  0.000000e+000  0.000000e+000  0.000000e+000  0.000000e+000  0.000000e+000  
0.000000e+000  0.000000e+000  0.000000e+000  0.000000e+000  0.000000e+000  0.000000e+000  0.000000e+000  0.000000e+000  0.000000e+000  0.000000e+000  0.000000e+000  0.000000e+000  0.000000e+000  0.000000e+000  0.000000e+000  0.000000e+000  0.000000e+000  0.000000e+000  0.000000e+000  0.000000e+000  0.000000e+000  0.000000e+000  0.000000e+000  
0.000000e+000  0.000000e+000  0.000000e+000  0.000000e+000  0.000000e+000  0.000000e+000  0.000000e+000  0.000000e+000  0.000000e+000  0.000000e+000  0.000000e+000  0.000000e+000  0.000000e+000  0.000000e+000  0.000000e+000  0.000000e+000  0.000000e+000  0.000000e+000  0.000000e+000  0.000000e+000  0.000000e+000  0.000000e+000  0.000000e+000  
0.000000e+000  0.000000e+000  0.000000e+000  0.000000e+000  0.000000e+000  0.000000e+000  0.000000e+000  0.000000e+000  0.000000e+000  0.000000e+000  0.000000e+000  0.000000e+000  0.000000e+000  0.000000e+000  0.000000e+000  0.000000e+000  0.000000e+000  0.000000e+000  0.000000e+000  0.000000e+000  0.000000e+000  0.000000e+000  0.000000e+000  
0.000000e+000  0.000000e+000  0.000000e+000  0.000000e+000  0.000000e+000  0.000000e+000  0.000000e+000  0.000000e+000  0.000000e+000  0.000000e+000  0.000000e+000  0.000000e+000  0.000000e+000  0.000000e+000  0.000000e+000  0.000000e+000  0.000000e+000  0.000000e+000  0.000000e+000  0.000000e+000  0.000000e+000  0.000000e+000  0.000000e+000  
0.000000e+000  0.000000e+000  0.000000e+000  0.000000e+000  0.000000e+000  0.000000e+000  0.000000e+000  0.000000e+000  0.000000e+000  0.000000e+000  0.000000e+000  0.000000e+000  0.000000e+000  0.000000e+000  0.000000e+000  0.000000e+000  0.000000e+000  0.000000e+000  0.000000e+000  0.000000e+000  0.000000e+000  0.000000e+000  0.000000e+000  
0.000000e+000  0.000000e+000  0.000000e+000  0.000000e+000  0.000000e+000  0.000000e+000  0.000000e+000  0.000000e+000  0.000000e+000  0.000000e+000  0.000000e+000  0.000000e+000  0.000000e+000  0.000000e+000  0.000000e+000  0.000000e+000  0.000000e+000  0.000000e+000  0.000000e+000  0.000000e+000  0.000000e+000  0.000000e+000  0.000000e+000  
0.000000e+000  0.000000e+000  0.000000e+000  0.000000e+000  0.000000e+000  0.000000e+000  0.000000e+000  0.000000e+000  0.000000e+000  0.000000e+000  0.000000e+000  0.000000e+000  0.000000e+000  0.000000e+000  0.000000e+000  0.000000e+000  0.000000e+000  0.000000e+000  0.000000e+000  0.000000e+000  0.000000e+000  0.000000e+000  0.000000e+000  
0.000000e+000  0.000000e+000  0.000000e+000  0.000000e+000  0.000000e+000  0.000000e+000  0.000000e+000  0.000000e+000  0.000000e+000  0.000000e+000  0.000000e+000  0.000000e+000  0.000000e+000  0.000000e+000  0.000000e+000  0.000000e+000  0.000000e+000  0.000000e+000  0.000000e+000  0.000000e+000  0.000000e+000  0.000000e+000  0.000000e+000  
0.000000e+000  0.000000e+000  0.000000e+000  0.000000e+000  0.000000e+000  0.000000e+000  0.000000e+000  0.000000e+000  0.000000e+000  0.000000e+000  0.000000e+000  0.000000e+000  0.000000e+000  0.000000e+000  0.000000e+000  0.000000e+000  0.000000e+000  0.000000e+000  0.000000e+000  0.000000e+000  0.000000e+000  0.000000e+000  0.000000e+000  
0.000000e+000  0.000000e+000  0.000000e+000  0.000000e+000  0.000000e+000  0.000000e+000  0.000000e+000  0.000000e+000  0.000000e+000  0.000000e+000  0.000000e+000  0.000000e+000  0.000000e+000  0.000000e+000  0.000000e+000  0.000000e+000  0.000000e+000  0.000000e+000  0.000000e+000  0.000000e+000  0.000000e+000  0.000000e+000  0.000000e+000  
0.000000e+000  0.000000e+000  0.000000e+000  0.000000e+000  0.000000e+000  0.000000e+000  0.000000e+000  0.000000e+000  0.000000e+000  0.000000e+000  0.000000e+000  0.000000e+000  0.000000e+000  0.000000e+000  0.000000e+000  0.000000e+000  0.000000e+000  0.000000e+000  0.000000e+000  0.000000e+000  0.000000e+000  0.000000e+000  0.000000e+000  
0.000000e+000  0.000000e+000  0.000000e+000  0.000000e+000  0.000000e+000  0.000000e+000  0.000000e+000  0.000000e+000  0.000000e+000  0.000000e+000  0.000000e+000  0.000000e+000  0.000000e+000  0.000000e+000  0.000000e+000  0.000000e+000  0.000000e+000  0.000000e+000  0.000000e+000  0.000000e+000  0.000000e+000  0.000000e+000  0.000000e+000  
0.000000e+000  0.000000e+000  0.000000e+000  0.000000e+000  0.000000e+000  0.000000e+000  0.000000e+000  0.000000e+000  0.000000e+000  0.000000e+000  0.000000e+000  0.000000e+000  0.000000e+000  0.000000e+000  0.000000e+000  0.000000e+000  0.000000e+000  0.000000e+000  0.000000e+000  0.000000e+000  0.000000e+000  0.000000e+000  0.000000e+000  
0.000000e+000  0.000000e+000  0.000000e+000  0.000000e+000  0.000000e+000  0.000000e+000  0.000000e+000  0.000000e+000  0.000000e+000  0.000000e+000  0.000000e+000  0.000000e+000  0.000000e+000  0.000000e+000  0.000000e+000  0.000000e+000  0.000000e+000  0.000000e+000  0.000000e+000  0.000000e+000  0.000000e+000  0.000000e+000  0.000000e+000  
0.000000e+000  0.000000e+000  0.000000e+000  0.000000e+000  0.000000e+000  0.000000e+000  0.000000e+000  0.000000e+000  0.000000e+000  0.000000e+000  0.000000e+000  0.000000e+000  0.000000e+000  0.000000e+000  0.000000e+000  0.000000e+000  0.000000e+000  0.000000e+000  0.000000e+000  0.000000e+000  0.000000e+000  0.000000e+000  0.000000e+000  
0.000000e+000  0.000000e+000  0.000000e+000  0.000000e+000  0.000000e+000  0.000000e+000  0.000000e+000  0.000000e+000  0.000000e+000  0.000000e+000  0.000000e+000  0.000000e+000  0.000000e+000  0.000000e+000  0.000000e+000  0.000000e+000  0.000000e+000  0.000000e+000  0.000000e+000  0.000000e+000  0.000000e+000  0.000000e+000  0.000000e+000  
0.000000e+000  0.000000e+000  0.000000e+000  0.000000e+000  0.000000e+000  0.000000e+000  0.000000e+000  0.000000e+000  0.000000e+000  0.000000e+000  0.000000e+000  0.000000e+000  0.000000e+000  0.000000e+000  0.000000e+000  0.000000e+000  0.000000e+000  0.000000e+000  0.000000e+000  0.000000e+000  0.000000e+000  0.000000e+000  0.000000e+000  
0.000000e+000  0.000000e+000  0.000000e+000  0.000000e+000  0.000000e+000  0.000000e+000  0.000000e+000  0.000000e+000  0.000000e+000  0.000000e+000  0.000000e+000  0.000000e+000  0.000000e+000  0.000000e+000  0.000000e+000  0.000000e+000  0.000000e+000  0.000000e+000  0.000000e+000  0.000000e+000  0.000000e+000  0.000000e+000  0.000000e+000  

0.000000e+000  0.000000e+000  0.000000e+000  0.000000e+000  0.000000e+000  0.000000e+000  0.000000e+000  0.000000e+000  0.000000e+000  0.000000e+000  0.000000e+000  0.000000e+000  0.000000e+000  0.000000e+000  0.000000e+000  0.000000e+000  0.000000e+000  0.000000e+000  0.000000e+000  0.000000e+000  0.000000e+000  0.000000e+000  0.000000e+000  
0.000000e+000  0.000000e+000  0.000000e+000  0.000000e+000  0.000000e+000  0.000000e+000  0.000000e+000  0.000000e+000  0.000000e+000  0.000000e+000  0.000000e+000  0.000000e+000  0.000000e+000  0.000000e+000  0.000000e+000  0.000000e+000  0.000000e+000  0.000000e+000  0.000000e+000  0.000000e+000  0.000000e+000  0.000000e+000  0.000000e+000  
0.000000e+000  0.000000e+000  0.000000e+000  0.000000e+000  0.000000e+000  0.000000e+000  0.000000e+000  0.000000e+000  0.000000e+000  0.000000e+000  0.000000e+000  0.000000e+000  0.000000e+000  0.000000e+000  0.000000e+000  0.000000e+000  0.000000e+000  0.000000e+000  0.000000e+000  0.000000e+000  0.000000e+000  0.000000e+000  0.000000e+000  
0.000000e+000  0.000000e+000  0.000000e+000  0.000000e+000  0.000000e+000  0.000000e+000  0.000000e+000  0.000000e+000  0.000000e+000  0.000000e+000  0.000000e+000  0.000000e+000  0.000000e+000  0.000000e+000  0.000000e+000  0.000000e+000  0.000000e+000  0.000000e+000  0.000000e+000  0.000000e+000  0.000000e+000  0.000000e+000  0.000000e+000  
0.000000e+000  0.000000e+000  0.000000e+000  0.000000e+000  0.000000e+000  0.000000e+000  0.000000e+000  0.000000e+000  0.000000e+000  0.000000e+000  0.000000e+000  0.000000e+000  0.000000e+000  0.000000e+000  0.000000e+000  0.000000e+000  0.000000e+000  0.000000e+000  0.000000e+000  0.000000e+000  0.000000e+000  0.000000e+000  0.000000e+000  
0.000000e+000  0.000000e+000  0.000000e+000  0.000000e+000  0.000000e+000  0.000000e+000  0.000000e+000  0.000000e+000  0.000000e+000  0.000000e+000  0.000000e+000  0.000000e+000  0.000000e+000  0.000000e+000  0.000000e+000  0.000000e+000  0.000000e+000  0.000000e+000  0.000000e+000  0.000000e+000  0.000000e+000  0.000000e+000  0.000000e+000  
0.000000e+000  0.000000e+000  0.000000e+000  0.000000e+000  0.000000e+000  0.000000e+000  0.000000e+000  0.000000e+000  0.000000e+000  0.000000e+000  0.000000e+000  0.000000e+000  0.000000e+000  0.000000e+000  0.000000e+000  0.000000e+000  0.000000e+000  0.000000e+000  0.000000e+000  0.000000e+000  0.000000e+000  0.000000e+000  0.000000e+000  
0.000000e+000  0.000000e+000  0.000000e+000  0.000000e+000  0.000000e+000  0.000000e+000  0.000000e+000  0.000000e+000  0.000000e+000  0.000000e+000  0.000000e+000  0.000000e+000  0.000000e+000  0.000000e+000  0.000000e+000  0.000000e+000  0.000000e+000  0.000000e+000  0.000000e+000  0.000000e+000  0.000000e+000  0.000000e+000  0.000000e+000  
0.000000e+000  0.000000e+000  0.000000e+000  0.000000e+000  0.000000e+000  0.000000e+000  0.000000e+000  0.000000e+000  0.000000e+000  0.000000e+000  0.000000e+000  0.000000e+000  0.000000e+000  0.000000e+000  0.000000e+000  0.000000e+000  0.000000e+000  0.000000e+000  0.000000e+000  0.000000e+000  0.000000e+000  0.000000e+000  0.000000e+000  
0.000000e+000  0.000000e+000  0.000000e+000  0.000000e+000  0.000000e+000  0.000000e+000  0.000000e+000  0.000000e+000  0.000000e+000  0.000000e+000  0.000000e+000  0.000000e+000  0.000000e+000  0.000000e+000  0.000000e+000  0.000000e+000  0.000000e+000  0.000000e+000  0.000000e+000  0.000000e+000  0.000000e+000  0.000000e+000  0.000000e+000  
0.000000e+000  0.000000e+000  0.000000e+000  0.000000e+000  0.000000e+000  0.000000e+000  0.000000e+000  0.000000e+000  0.000000e+000  0.000000e+000  0.000000e+000  0.000000e+000  0.000000e+000  0.000000e+000  0.000000e+000  0.000000e+000  0.000000e+000  0.000000e+000  0.000000e+000  0.000000e+000  0.000000e+000  0.000000e+000  0.000000e+000  
0.000000e+000  0.000000e+000  0.000000e+000  0.000000e+000  0.000000e+000  0.000000e+000  0.000000e+000  0.000000e+000  0.000000e+000  0.000000e+000  0.000000e+000  0.000000e+000  0.000000e+000  0.000000e+000  0.000000e+000  0.000000e+000  0.000000e+000  0.000000e+000  0.000000e+000  0.000000e+000  0.000000e+000  0.000000e+000  0.000000e+000  
0.000000e+000  0.000000e+000  0.000000e+000  0.000000e+000  0.000000e+000  0.000000e+000  0.000000e+000  0.000000e+000  0.000000e+000  0.000000e+000  0.000000e+000  0.000000e+000  0.000000e+000  0.000000e+000  0.000000e+000  0.000000e+000  0.000000e+000  0.000000e+000  0.000000e+000  0.000000e+000  0.000000e+000  0.000000e+000  0.000000e+000  
0.000000e+000  0.000000e+000  0.000000e+000  0.000000e+000  0.000000e+000  0.000000e+000  0.000000e+000  0.000000e+000  0.000000e+000  0.000000e+000  0.000000e+000  0.000000e+000  0.000000e+000  0.000000e+000  0.000000e+000  0.000000e+000  0.000000e+000  0.000000e+000  0.000000e+000  0.000000e+000  0.000000e+000  0.000000e+000  0.000000e+000  
0.000000e+000  0.000000e+000  0.000000e+000  0.000000e+000  0.000000e+000  0.000000e+000  0.000000e+000  0.000000e+000  0.000000e+000  0.000000e+000  0.000000e+000  0.000000e+000  0.000000e+000  0.000000e+000  0.000000e+000  0.000000e+000  0.000000e+000  0.000000e+000  0.000000e+000  0.000000e+000  0.000000e+000  0.000000e+000  0.000000e+000  
0.000000e+000  0.000000e+000  0.000000e+000  0.000000e+000  0.000000e+000  0.000000e+000  0.000000e+000  0.000000e+000  0.000000e+000  0.000000e+000  0.000000e+000  0.000000e+000  0.000000e+000  0.000000e+000  0.000000e+000  0.000000e+000  0.000000e+000  0.000000e+000  0.000000e+000  0.000000e+000  0.000000e+000  0.000000e+000  0.000000e+000  
0.000000e+000  0.000000e+000  0.000000e+000  0.000000e+000  0.000000e+000  0.000000e+000  0.000000e+000  0.000000e+000  0.000000e+000  0.000000e+000  0.000000e+000  0.000000e+000  0.000000e+000  0.000000e+000  0.000000e+000  0.000000e+000  0.000000e+000  0.000000e+000  0.000000e+000  0.000000e+000  0.000000e+000  0.000000e+000  0.000000e+000  
0.000000e+000  0.000000e+000  0.000000e+000  0.000000e+000  0.000000e+000  0.000000e+000  0.000000e+000  0.000000e+000  0.000000e+000  0.000000e+000  0.000000e+000  0.000000e+000  0.000000e+000  0.000000e+000  0.000000e+000  0.000000e+000  0.000000e+000  0.000000e+000  0.000000e+000  0.000000e+000  0.000000e+000  0.000000e+000  0.000000e+000  
0.000000e+000  0.000000e+000  0.000000e+000  0.000000e+000  0.000000e+000  0.000000e+000  0.000000e+000  0.000000e+000  0.000000e+000  0.000000e+000  0.000000e+000  0.000000e+000  0.000000e+000  0.000000e+000  0.000000e+000  0.000000e+000  0.000000e+000  0.000000e+000  0.000000e+000  0.000000e+000  0.000000e+000  0.000000e+000  0.000000e+000  
0.000000e+000  0.000000e+000  0.000000e+000  0.000000e+000  0.000000e+000  0.000000e+000  0.000000e+000  0.000000e+000  0.000000e+000  0.000000e+000  0.000000e+000  0.000000e+000  0.000000e+000  0.000000e+000  0.000000e+000  0.000000e+000  0.000000e+000  0.000000e+000  0.000000e+000  0.000000e+000  0.000000e+000  0.000000e+000  0.000000e+000  
0.000000e+000  0.000000e+000  0.000000e+000  0.000000e+000  0.000000e+000  0.000000e+000  0.000000e+000  0.000000e+000  0.000000e+000  0.000000e+000  0.000000e+000  0.000000e+000  0.000000e+000  0.000000e+000  0.000000e+000  0.000000e+000  0.000000e+000  0.000000e+000  0.000000e+000  0.000000e+000  0.000000e+000  0.000000e+000  0.000000e+000  
0.000000e+000  0.000000e+000  0.000000e+000  0.000000e+000  0.000000e+000  0.000000e+000  0.000000e+000  0.000000e+000  0.000000e+000  0.000000e+000  0.000000e+000  0.000000e+000  0.000000e+000  0.000000e+000  0.000000e+000  0.000000e+000  0.000000e+000  0.000000e+000  0.000000e+000  0.000000e+000  0.000000e+000  0.000000e+000  0.000000e+000  
0.000000e+000  0.000000e+000  0.000000e+000  0.000000e+000  0.000000e+000  0.000000e+000  0.000000e+000  0.000000e+000  0.000000e+000  0.000000e+000  0.000000e+000  0.000000e+000  0.000000e+000  0.000000e+000  0.000000e+000  0.000000e+000  0.000000e+000  0.000000e+000  0.000000e+000  0.000000e+000  0.000000e+000  0.000000e+000  0.000000e+000  

0.000000e+000  0.000000e+000  0.000000e+000  0.000000e+000  0.000000e+000  0.000000e+000  0.000000e+000  0.000000e+000  0.000000e+000  0.000000e+000  0.000000e+000  0.000000e+000  0.000000e+000  0.000000e+000  0.000000e+000  0.000000e+000  0.000000e+000  0.000000e+000  0.000000e+000  0.000000e+000  0.000000e+000  0.000000e+000  0.000000e+000  
0.000000e+000  0.000000e+000  0.000000e+000  0.000000e+000  0.000000e+000  0.000000e+000  0.000000e+000  0.000000e+000  0.000000e+000  0.000000e+000  0.000000e+000  0.000000e+000  0.000000e+000  0.000000e+000  0.000000e+000  0.000000e+000  0.000000e+000  0.000000e+000  0.000000e+000  0.000000e+000  0.000000e+000  0.000000e+000  0.000000e+000  
0.000000e+000  0.000000e+000  0.000000e+000  0.000000e+000  0.000000e+000  0.000000e+000  0.000000e+000  0.000000e+000  0.000000e+000  0.000000e+000  0.000000e+000  0.000000e+000  0.000000e+000  0.000000e+000  0.000000e+000  0.000000e+000  0.000000e+000  0.000000e+000  0.000000e+000  0.000000e+000  0.000000e+000  0.000000e+000  0.000000e+000  
0.000000e+000  0.000000e+000  0.000000e+000  0.000000e+000  0.000000e+000  0.000000e+000  0.000000e+000  0.000000e+000  0.000000e+000  0.000000e+000  0.000000e+000  0.000000e+000  0.000000e+000  0.000000e+000  0.000000e+000  0.000000e+000  0.000000e+000  0.000000e+000  0.000000e+000  0.000000e+000  0.000000e+000  0.000000e+000  0.000000e+000  
0.000000e+000  0.000000e+000  0.000000e+000  0.000000e+000  0.000000e+000  0.000000e+000  0.000000e+000  0.000000e+000  0.000000e+000  0.000000e+000  0.000000e+000  0.000000e+000  0.000000e+000  0.000000e+000  0.000000e+000  0.000000e+000  0.000000e+000  0.000000e+000  0.000000e+000  0.000000e+000  0.000000e+000  0.000000e+000  0.000000e+000  
0.000000e+000  0.000000e+000  0.000000e+000  0.000000e+000  0.000000e+000  0.000000e+000  0.000000e+000  0.000000e+000  0.000000e+000  0.000000e+000  0.000000e+000  0.000000e+000  0.000000e+000  0.000000e+000  0.000000e+000  0.000000e+000  0.000000e+000  0.000000e+000  0.000000e+000  0.000000e+000  0.000000e+000  0.000000e+000  0.000000e+000  
0.000000e+000  0.000000e+000  0.000000e+000  0.000000e+000  0.000000e+000  0.000000e+000  0.000000e+000  0.000000e+000  0.000000e+000  0.000000e+000  0.000000e+000  0.000000e+000  0.000000e+000  0.000000e+000  0.000000e+000  0.000000e+000  0.000000e+000  0.000000e+000  0.000000e+000  0.000000e+000  0.000000e+000  0.000000e+000  0.000000e+000  
0.000000e+000  0.000000e+000  0.000000e+000  0.000000e+000  0.000000e+000  0.000000e+000  0.000000e+000  0.000000e+000  0.000000e+000  0.000000e+000  0.000000e+000  0.000000e+000  0.000000e+000  0.000000e+000  0.000000e+000  0.000000e+000  0.000000e+000  0.000000e+000  0.000000e+000  0.000000e+000  0.000000e+000  0.000000e+000  0.000000e+000  
0.000000e+000  0.000000e+000  0.000000e+000  0.000000e+000  0.000000e+000  0.000000e+000  0.000000e+000  0.000000e+000  0.000000e+000  0.000000e+000  0.000000e+000  0.000000e+000  0.000000e+000  0.000000e+000  0.000000e+000  0.000000e+000  0.000000e+000  0.000000e+000  0.000000e+000  0.000000e+000  0.000000e+000  0.000000e+000  0.000000e+000  
0.000000e+000  0.000000e+000  0.000000e+000  0.000000e+000  0.000000e+000  0.000000e+000  0.000000e+000  0.000000e+000  0.000000e+000  0.000000e+000  0.000000e+000  0.000000e+000  0.000000e+000  0.000000e+000  0.000000e+000  0.000000e+000  0.000000e+000  0.000000e+000  0.000000e+000  0.000000e+000  0.000000e+000  0.000000e+000  0.000000e+000  
0.000000e+000  0.000000e+000  0.000000e+000  0.000000e+000  0.000000e+000  0.000000e+000  0.000000e+000  0.000000e+000  0.000000e+000  0.000000e+000  0.000000e+000  0.000000e+000  0.000000e+000  0.000000e+000  0.000000e+000  0.000000e+000  0.000000e+000  0.000000e+000  0.000000e+000  0.000000e+000  0.000000e+000  0.000000e+000  0.000000e+000  
0.000000e+000  0.000000e+000  0.000000e+000  0.000000e+000  0.000000e+000  0.000000e+000  0.000000e+000  0.000000e+000  0.000000e+000  0.000000e+000  0.000000e+000  0.000000e+000  0.000000e+000  0.000000e+000  0.000000e+000  0.000000e+000  0.000000e+000  0.000000e+000  0.000000e+000  0.000000e+000  0.000000e+000  0.000000e+000  0.000000e+000  
0.000000e+000  0.000000e+000  0.000000e+000  0.000000e+000  0.000000e+000  0.000000e+000  0.000000e+000  0.000000e+000  0.000000e+000  0.000000e+000  0.000000e+000  0.000000e+000  0.000000e+000  0.000000e+000  0.000000e+000  0.000000e+000  0.000000e+000  0.000000e+000  0.000000e+000  0.000000e+000  0.000000e+000  0.000000e+000  0.000000e+000  
0.000000e+000  0.000000e+000  0.000000e+000  0.000000e+000  0.000000e+000  0.000000e+000  0.000000e+000  0.000000e+000  0.000000e+000  0.000000e+000  0.000000e+000  0.000000e+000  0.000000e+000  0.000000e+000  0.000000e+000  0.000000e+000  0.000000e+000  0.000000e+000  0.000000e+000  0.000000e+000  0.000000e+000  0.000000e+000  0.000000e+000  
0.000000e+000  0.000000e+000  0.000000e+000  0.000000e+000  0.000000e+000  0.000000e+000  0.000000e+000  0.000000e+000  0.000000e+000  0.000000e+000  0.000000e+000  0.000000e+000  0.000000e+000  0.000000e+000  0.000000e+000  0.000000e+000  0.000000e+000  0.000000e+000  0.000000e+000  0.000000e+000  0.000000e+000  0.000000e+000  0.000000e+000  
0.000000e+000  0.000000e+000  0.000000e+000  0.000000e+000  0.000000e+000  0.000000e+000  0.000000e+000  0.000000e+000  0.000000e+000  0.000000e+000  0.000000e+000  0.000000e+000  0.000000e+000  0.000000e+000  0.000000e+000  0.000000e+000  0.000000e+000  0.000000e+000  0.000000e+000  0.000000e+000  0.000000e+000  0.000000e+000  0.000000e+000  
0.000000e+000  0.000000e+000  0.000000e+000  0.000000e+000  0.000000e+000  0.000000e+000  0.000000e+000  0.000000e+000  0.000000e+000  0.000000e+000  0.000000e+000  0.000000e+000  0.000000e+000  0.000000e+000  0.000000e+000  0.000000e+000  0.000000e+000  0.000000e+000  0.000000e+000  0.000000e+000  0.000000e+000  0.000000e+000  0.000000e+000  
0.000000e+000  0.000000e+000  0.000000e+000  0.000000e+000  0.000000e+000  0.000000e+000  0.000000e+000  0.000000e+000  0.000000e+000  0.000000e+000  0.000000e+000  0.000000e+000  0.000000e+000  0.000000e+000  0.000000e+000  0.000000e+000  0.000000e+000  0.000000e+000  0.000000e+000  0.000000e+000  0.000000e+000  0.000000e+000  0.000000e+000  
0.000000e+000  0.000000e+000  0.000000e+000  0.000000e+000  0.000000e+000  0.000000e+000  0.000000e+000  0.000000e+000  0.000000e+000  0.000000e+000  0.000000e+000  0.000000e+000  0.000000e+000  0.000000e+000  0.000000e+000  0.000000e+000  0.000000e+000  0.000000e+000  0.000000e+000  0.000000e+000  0.000000e+000  0.000000e+000  0.000000e+000  
0.000000e+000  0.000000e+000  0.000000e+000  0.000000e+000  0.000000e+000  0.000000e+000  0.000000e+000  0.000000e+000  0.000000e+000  0.000000e+000  0.000000e+000  0.000000e+000  0.000000e+000  0.000000e+000  0.000000e+000  0.000000e+000  0.000000e+000  0.000000e+000  0.000000e+000  0.000000e+000  0.000000e+000  0.000000e+000  0.000000e+000  
0.000000e+000  0.000000e+000  0.000000e+000  0.000000e+000  0.000000e+000  0.000000e+000  0.000000e+000  0.000000e+000  0.000000e+000  0.000000e+000  0.000000e+000  0.000000e+000  0.000000e+000  0.000000e+000  0.000000e+000  0.000000e+000  0.000000e+000  0.000000e+000  0.000000e+000  0.000000e+000  0.000000e+000  0.000000e+000  0.000000e+000  
0.000000e+000  0.000000e+000  0.000000e+000  0.000000e+000  0.000000e+000  0.000000e+000  0.000000e+000  0.000000e+000  0.000000e+000  0.000000e+000  0.000000e+000  0.000000e+000  0.000000e+000  0.000000e+000  0.000000e+000  0.000000e+000  0.000000e+000  0.000000e+000  0.000000e+000  0.000000e+000  0.000000e+000  0.000000e+000  0.000000e+000  
0.000000e+000  0.000000e+000  0.000000e+000  0.000000e+000  0.000000e+000  0.000000e+000  0.000000e+000  0.000000e+000  0.000000e+000  0.000000e+000  0.000000e+000  0.000000e+000  0.000000e+000  0.000000e+000  0.000000e+000  0.000000e+000  0.000000e+000  0.000000e+000  0.000000e+000  0.000000e+000  0.000000e+000  0.000000e+000  0.000000e+000  

7.185481e-006  -7.038456e-003  -2.113108e-002  -4.165478e-002  -6.124039e-002  -8.054578e-002  -1.059616e-001  -7.567507e-002  -5.337326e-002  -3.571569e-002  -1.327066e-002  1.327302e-002  3.571811e-002  5.337576e-002  7.567769e-002  1.059644e-001  8.054836e-002  6.124279e-002  4.165698e-002  2.113308e-002  7.040338e-003  -5.362133e-006  0.000000e+000  
7.052828e-003  7.349153e-006  -1.470352e-002  -3.973266e-002  -4.322721e-002  -4.768509e-002  -4.971193e-002  -4.373532e-002  -3.479567e-002  -2.493841e-002  -9.887441e-003  9.889708e-003  2.494070e-002  3.479799e-002  4.373767e-002  4.971428e-002  4.768740e-002  4.322944e-002  3.973482e-002  1.470546e-002  -5.531747e-006  -7.051063e-003  0.000000e+000  
2.114513e-002  1.471855e-002  8.106439e-006  -1.597506e-002  -2.213247e-002  -2.479286e-002  -2.547542e-002  -2.364722e-002  -1.988808e-002  -1.486772e-002  -6.213268e-003  6.215409e-003  1.486986e-002  1.989022e-002  2.364936e-002  2.547754e-002  2.479495e-002  2.213451e-002  1.597701e-002  -6.316282e-006  -1.471686e-002  -2.114347e-002  0.000000e+000  
4.166753e-002  3.974790e-002  1.599255e-002  9.444528e-006  -6.815635e-003  -9.811662e-003  -1.128160e-002  -1.128262e-002  -1.002508e-002  -7.794015e-003  -3.428398e-003  3.430409e-003  7.796014e-003  1.002707e-002  1.128459e-002  1.128355e-002  9.813575e-003  6.817510e-003  -7.639270e-006  -1.599087e-002  -3.974641e-002  -4.166602e-002  0.000000e+000  
6.125040e-002  4.324377e-002  2.215156e-002  6.835573e-003  1.001690e-005  -3.153911e-003  -5.042892e-003  -5.784755e-003  -5.548290e-003  -4.526746e-003  -2.118172e-003  2.120098e-003  4.528652e-003  5.550177e-003  5.786618e-003  5.044728e-003  3.155717e-003  -8.242001e-006  -6.833851e-003  -2.214993e-002  -4.324228e-002  -6.124899e-002  0.000000e+000  
8.055275e-002  4.770388e-002  2.481343e-002  9.832480e-003  3.174008e-003  9.645554e-006  -2.030860e-003  -3.097826e-003  -3.348833e-003  -2.932747e-003  -1.501384e-003  1.503259e-003  2.934598e-003  3.350658e-003  3.099621e-003  2.032626e-003  -7.907282e-006  -3.172296e-003  -9.830808e-003  -2.481183e-002  -4.770239e-002  -8.055143e-002  0.000000e+000  
1.059987e-001  4.973570e-002  2.549785e-002  1.130361e-002  5.063379e-003  2.049345e-003  7.636803e-006  -1.226845e-003  -1.816459e-003  -1.876917e-003  -1.158621e-003  1.160453e-003  1.878724e-003  1.818226e-003  1.228573e-003  -5.942926e-006  -2.047677e-003  -5.061730e-003  -1.130198e-002  -2.549626e-002  -4.973421e-002  -1.059975e-001  0.000000e+000  
7.570774e-002  4.376108e-002  2.367130e-002  1.130620e-002  5.806626e-003  3.116712e-003  1.238908e-003  -7.288933e-007  -8.132328e-004  -1.360430e-003  -1.156177e-003  1.157975e-003  1.362213e-003  8.149433e-004  2.382395e-006  -1.237294e-003  -3.115120e-003  -5.805043e-003  -1.130462e-002  -2.366970e-002  -4.375952e-002  -7.570631e-002  0.000000e+000  
5.340317e-002  3.482210e-002  1.991349e-002  1.005068e-002  5.573392e-003  3.371959e-003  1.832008e-003  7.982543e-004  -7.531139e-005  -2.267561e-003  0.000000e+000  0.000000e+000  2.269150e-003  7.695001e-005  -7.966921e-004  -1.830491e-003  -3.370458e-003  -5.571885e-003  -1.004914e-002  -1.991188e-002  -3.482046e-002  -5.340157e-002  0.000000e+000  
3.574371e-002  2.496490e-002  1.489417e-002  7.821856e-003  4.556719e-003  2.965712e-003  1.918906e-003  1.437047e-003  3.642917e-003  0.000000e+000  0.000000e+000  0.000000e+000  0.000000e+000  -3.641324e-003  -1.435607e-003  -1.917516e-003  -2.964325e-003  -4.555305e-003  -7.820365e-003  -1.489254e-002  -2.496316e-002  -3.574194e-002  0.000000e+000  
1.329642e-002  9.913463e-003  6.240740e-003  3.459051e-003  2.153101e-003  1.540056e-003  1.201863e-003  1.203094e-003  0.000000e+000  0.000000e+000  0.000000e+000  0.000000e+000  0.000000e+000  0.000000e+000  -1.201926e-003  -1.200729e-003  -1.538890e-003  -2.151859e-003  -3.457648e-003  -6.239068e-003  -9.911557e-003  -1.329439e-002  0.000000e+000  
-1.325052e-002  -9.865504e-003  -6.188309e-003  -3.398528e-003  -2.082136e-003  -1.460287e-003  -1.111950e-003  -1.105137e-003  0.000000e+000  0.000000e+000  0.000000e+000  0.000000e+000  0.000000e+000  0.000000e+000  1.105567e-003  1.112488e-003  1.460980e-003  2.083024e-003  3.399757e-003  6.190074e-003  9.867749e-003  1.325303e-002  0.000000e+000  
-3.569935e-002  -2.491875e-002  -1.484445e-002  -7.765708e-003  -4.491283e-003  -2.889962e-003  -1.822689e-003  -1.289380e-003  -2.142175e-003  0.000000e+000  0.000000e+000  0.000000e+000  0.000000e+000  2.141500e-003  1.289066e-003  1.822637e-003  2.890184e-003  4.491808e-003  7.766748e-003  1.484633e-002  2.492141e-002  3.570241e-002  0.000000e+000  
-5.336029e-002  -3.477760e-002  -1.986630e-002  -9.998939e-003  -5.515763e-003  -3.309044e-003  -1.762569e-003  -7.257588e-004  1.140631e-004  7.862729e-004  0.000000e+000  0.000000e+000  -7.878583e-004  -1.152146e-004  7.249805e-004  1.762115e-003  3.308920e-003  5.516007e-003  9.999815e-003  1.986826e-002  3.478064e-002  5.336382e-002  0.000000e+000  
-7.566674e-002  -4.371850e-002  -2.362710e-002  -1.125969e-002  -5.758169e-003  -3.067873e-003  -1.192779e-003  3.485356e-005  8.110967e-004  1.280472e-003  1.134140e-003  -1.136514e-003  -1.282367e-003  -8.126267e-004  -3.604679e-005  1.191915e-003  3.067366e-003  5.758076e-003  1.126034e-002  2.362915e-002  4.372206e-002  7.567086e-002  0.000000e+000  
-1.059600e-001  -4.969505e-002  -2.545683e-002  -1.126238e-002  -5.023180e-003  -2.011489e-003  2.447799e-005  1.246854e-003  1.814996e-003  1.850188e-003  1.145314e-003  -1.147767e-003  -1.852326e-003  -1.816876e-003  -1.248456e-003  -2.577708e-005  2.010543e-003  5.022669e-003  1.126271e-002  2.545894e-002  4.969937e-002  1.059649e-001  0.000000e+000  
-8.051552e-002  -4.766476e-002  -2.477553e-002  -9.796163e-003  -3.140407e-003  2.062402e-005  2.055326e-003  3.113084e-003  3.351841e-003  2.925030e-003  1.494785e-003  -1.497421e-003  -2.927459e-003  -3.354089e-003  -3.115121e-003  -2.057110e-003  -2.209355e-005  3.139357e-003  9.795990e-003  2.477760e-002  4.767027e-002  8.052077e-002  0.000000e+000  
-6.121488e-002  -4.320535e-002  -2.211669e-002  -6.803653e-003  1.850897e-005  3.179066e-003  5.063109e-003  5.798308e-003  5.554241e-003  4.526572e-003  2.115543e-003  -2.118431e-003  -4.529334e-003  -5.556890e-003  -5.800817e-003  -5.065443e-003  -3.181164e-003  -2.026023e-005  6.802713e-003  2.211842e-002  4.321299e-002  6.122050e-002  0.000000e+000  
-4.163528e-002  -3.970781e-002  -1.596246e-002  1.647397e-005  6.838208e-003  9.831499e-003  1.129804e-002  1.129503e-002  1.003323e-002  7.798427e-003  3.428886e-003  -3.432214e-003  -7.801733e-003  -1.003652e-002  -1.129830e-002  -1.130129e-002  -9.834704e-003  -6.841304e-003  -1.915739e-005  1.596246e-002  3.972183e-002  4.164097e-002  0.000000e+000  
-2.112432e-002  -1.470547e-002  9.774716e-006  1.599327e-002  2.214913e-002  2.480826e-002  2.548935e-002  2.365896e-002  1.989707e-002  1.487377e-002  6.214974e-003  -6.218918e-003  -1.487781e-002  -1.990122e-002  -2.366327e-002  -2.549391e-002  -2.481320e-002  -2.215468e-002  -1.600041e-002  -2.342273e-005  1.469910e-002  2.112259e-002  0.000000e+000  
-7.035717e-003  7.410070e-006  1.471795e-002  3.974555e-002  4.323884e-002  4.769690e-002  4.972625e-002  4.374859e-002  3.480635e-002  2.494588e-002  9.889786e-003  -9.894221e-003  -2.495048e-002  -3.481112e-002  -4.375361e-002  -4.973159e-002  -4.770264e-002  -4.324509e-002  -3.975275e-002  -1.472629e-002  -1.379486e-005  7.031207e-003  0.000000e+000  
8.581044e-006  7.052880e-003  2.114383e-002  4.166417e-002  6.124489e-002  8.054584e-002  1.059906e-001  7.569602e-002  5.338810e-002  3.572545e-002  1.327366e-002  -1.327837e-002  -3.573035e-002  -5.339321e-002  -7.570143e-002  -1.059964e-001  -8.055191e-002  -6.125126e-002  -4.167102e-002  -2.115099e-002  -7.059203e-003  -1.399669e-005  0.000000e+000  
0.000000e+000  0.000000e+000  0.000000e+000  0.000000e+000  0.000000e+000  0.000000e+000  0.000000e+000  0.000000e+000  0.000000e+000  0.000000e+000  0.000000e+000  0.000000e+000  0.000000e+000  0.000000e+000  0.000000e+000  0.000000e+000  0.000000e+000  0.000000e+000  0.000000e+000  0.000000e+000  0.000000e+000  0.000000e+000  0.000000e+000  

