Port monitor named: Port2_e1[2.5].prt

nx        = 85
ny        = 30
nz        = 33

nu        = 5
nv        = 5
iu        = 15
iv        = 69

idir      = 1
dcut      = 2.505000e-002
icut      = 25
type      = 0
frequency = 2.500000e+009

fcutoff   = 0.000000e+000
alpha     = 0.000000e+000
beta      = 7.339603e+001
accuracy  = 5.045947e-015

type          = TEM
wave imp.     = 2.655692e+002
wave imp.sig. = 7.572197e-006
line imp.     = 5.425693e+001

ref. port     = 0

-0.000000e+000  -0.000000e+000  -0.000000e+000  -0.000000e+000  -0.000000e+000  
-2.242838e+003  -2.044328e+003  2.044195e+003  2.242970e+003  -0.000000e+000  
-4.287453e+003  -8.376241e+003  8.376241e+003  4.287453e+003  -0.000000e+000  
-2.242970e+003  -2.044195e+003  2.044328e+003  2.242838e+003  -0.000000e+000  
-0.000000e+000  -0.000000e+000  -0.000000e+000  -0.000000e+000  -0.000000e+000  

-0.000000e+000  -2.242840e+003  -4.287455e+003  -2.242973e+003  -0.000000e+000  
-0.000000e+000  -2.044329e+003  -8.376242e+003  -2.044196e+003  -0.000000e+000  
-0.000000e+000  2.044196e+003  8.376242e+003  2.044329e+003  -0.000000e+000  
-0.000000e+000  2.242973e+003  4.287455e+003  2.242840e+003  -0.000000e+000  
-0.000000e+000  -0.000000e+000  -0.000000e+000  -0.000000e+000  -0.000000e+000  

0.000000e+000  0.000000e+000  0.000000e+000  0.000000e+000  0.000000e+000  
0.000000e+000  0.000000e+000  0.000000e+000  0.000000e+000  0.000000e+000  
0.000000e+000  0.000000e+000  0.000000e+000  0.000000e+000  0.000000e+000  
0.000000e+000  0.000000e+000  0.000000e+000  0.000000e+000  0.000000e+000  
0.000000e+000  0.000000e+000  0.000000e+000  0.000000e+000  0.000000e+000  

0.000000e+000  0.000000e+000  0.000000e+000  0.000000e+000  0.000000e+000  
0.000000e+000  0.000000e+000  0.000000e+000  0.000000e+000  0.000000e+000  
0.000000e+000  0.000000e+000  0.000000e+000  0.000000e+000  0.000000e+000  
0.000000e+000  0.000000e+000  0.000000e+000  0.000000e+000  0.000000e+000  
0.000000e+000  0.000000e+000  0.000000e+000  0.000000e+000  0.000000e+000  

0.000000e+000  0.000000e+000  0.000000e+000  0.000000e+000  0.000000e+000  
0.000000e+000  0.000000e+000  0.000000e+000  0.000000e+000  0.000000e+000  
0.000000e+000  0.000000e+000  0.000000e+000  0.000000e+000  0.000000e+000  
0.000000e+000  0.000000e+000  0.000000e+000  0.000000e+000  0.000000e+000  
0.000000e+000  0.000000e+000  0.000000e+000  0.000000e+000  0.000000e+000  

-0.000000e+000  -0.000000e+000  -0.000000e+000  -0.000000e+000  -0.000000e+000  
-0.000000e+000  9.256436e+000  3.497597e+000  9.266463e+000  -0.000000e+000  
-0.000000e+000  3.497610e+000  -0.000000e+000  3.497596e+000  -0.000000e+000  
-0.000000e+000  9.266467e+000  3.497597e+000  9.256433e+000  -0.000000e+000  
-0.000000e+000  -0.000000e+000  -0.000000e+000  -0.000000e+000  -0.000000e+000  

