Port monitor named: Port2_h1[2.5].prt

nx        = 85
ny        = 30
nz        = 33

nu        = 5
nv        = 5
iu        = 15
iv        = 69

idir      = 1
dcut      = 2.505000e-002
icut      = 25
type      = 1
frequency = 2.500000e+009

fcutoff   = 0.000000e+000
alpha     = 0.000000e+000
beta      = 7.339603e+001
accuracy  = 5.045947e-015

type          = TEM
wave imp.     = 2.655692e+002
wave imp.sig. = 7.572197e-006
line imp.     = 5.425693e+001

ref. port     = 0

-0.000000e+000  7.883688e+000  1.576975e+001  7.883688e+000  -0.000000e+000  
-0.000000e+000  7.884991e+000  3.154072e+001  7.884991e+000  -0.000000e+000  
-0.000000e+000  -7.884991e+000  -3.154072e+001  -7.884991e+000  -0.000000e+000  
-0.000000e+000  -7.883688e+000  -1.576975e+001  -7.883688e+000  -0.000000e+000  
-0.000000e+000  -0.000000e+000  -0.000000e+000  -0.000000e+000  -0.000000e+000  

-0.000000e+000  -0.000000e+000  -0.000000e+000  -0.000000e+000  -0.000000e+000  
-7.883681e+000  -7.884990e+000  7.884989e+000  7.883678e+000  -0.000000e+000  
-1.576974e+001  -3.154071e+001  3.154072e+001  1.576974e+001  -0.000000e+000  
-7.883677e+000  -7.884989e+000  7.884990e+000  7.883682e+000  -0.000000e+000  
-0.000000e+000  -0.000000e+000  -0.000000e+000  -0.000000e+000  -0.000000e+000  

0.000000e+000  0.000000e+000  0.000000e+000  0.000000e+000  0.000000e+000  
0.000000e+000  0.000000e+000  0.000000e+000  0.000000e+000  0.000000e+000  
0.000000e+000  0.000000e+000  0.000000e+000  0.000000e+000  0.000000e+000  
0.000000e+000  0.000000e+000  0.000000e+000  0.000000e+000  0.000000e+000  
0.000000e+000  0.000000e+000  0.000000e+000  0.000000e+000  0.000000e+000  

0.000000e+000  0.000000e+000  0.000000e+000  0.000000e+000  0.000000e+000  
0.000000e+000  0.000000e+000  0.000000e+000  0.000000e+000  0.000000e+000  
0.000000e+000  0.000000e+000  0.000000e+000  0.000000e+000  0.000000e+000  
0.000000e+000  0.000000e+000  0.000000e+000  0.000000e+000  0.000000e+000  
0.000000e+000  0.000000e+000  0.000000e+000  0.000000e+000  0.000000e+000  

0.000000e+000  0.000000e+000  0.000000e+000  0.000000e+000  0.000000e+000  
0.000000e+000  0.000000e+000  0.000000e+000  0.000000e+000  0.000000e+000  
0.000000e+000  0.000000e+000  0.000000e+000  0.000000e+000  0.000000e+000  
0.000000e+000  0.000000e+000  0.000000e+000  0.000000e+000  0.000000e+000  
0.000000e+000  0.000000e+000  0.000000e+000  0.000000e+000  0.000000e+000  

8.709362e-005  1.413521e-002  -1.415353e-002  -1.398274e-004  -0.000000e+000  
-1.411576e-002  9.700413e-006  9.735078e-006  1.417300e-002  -0.000000e+000  
1.417303e-002  9.802259e-006  9.767596e-006  -1.411573e-002  -0.000000e+000  
-1.397871e-004  -1.415348e-002  1.413526e-002  8.713392e-005  -0.000000e+000  
-0.000000e+000  -0.000000e+000  -0.000000e+000  -0.000000e+000  -0.000000e+000  

