07/Aug/2020 16:59:34  *** Warning ***
                      
                      This software is licensed for educational purposes only.
                      
                      ------------------------------------------------------------------------------
07/Aug/2020 16:59:35  Solver started at: 04:59 PM Friday, 07. August 2020 (GMT Summer Time)
                      
                        Module:  Eigenmodes (Win 64)
                        Version: 2019.7 Release from 2019-07-05 (change 706060)
                      
                      ------------------------------------------------------------------------------
07/Aug/2020 16:59:35  Units settings: 
                      
                        Dimensions: mm
                        Frequency:  GHz
                        Time:       ns
                      
                      ------------------------------------------------------------------------------
07/Aug/2020 17:00:59  Mesh statistics:
                      
                         Hexahedral mesh type: PBA [Version: legacy]
                      
                         Parallelization type: domain decomposition
                            Number of parallel working threads: 4
                            Number of calculation domains used: 8
                      
                         PBA fill limit: 86.49% (inverse)

07/Aug/2020 17:00:59  Boundary conditions: 
                      
                        YZsymmetry: none
                        XZsymmetry: none
                        XYsymmetry: none
                      
                        Xmin: electric
                        Xmax: electric
                      
                        Ymin: electric
                        Ymax: electric
                      
                        Zmin: electric
                        Zmax: electric
                      
                      ------------------------------------------------------------------------------
07/Aug/2020 17:00:59  Eigenmode solver settings:
                      
                        Mesh: Hexahedral
                        Method: AKS
                        Max. number of iterations: 2
                        Max. estimation iterations: 5
                        Desired accuracy: 1.000000e-12
                        Number of modes: 50
                        Consider losses: no (perturbation method)
                      
                      ------------------------------------------------------------------------------
07/Aug/2020 17:01:00  Estimation frequency: 5.09962 GHz
                      
                      ------------------------------------------------------------------------------
07/Aug/2020 17:06:09  Results after 1. iteration:
                      
                        Mode	Frequency
07/Aug/2020 17:06:09      1	1.5161e+00 GHz
07/Aug/2020 17:06:09      2	1.7654e+00 GHz
07/Aug/2020 17:06:09      3	1.7703e+00 GHz
07/Aug/2020 17:06:09      4	1.7703e+00 GHz
07/Aug/2020 17:06:09      5	2.0824e+00 GHz
07/Aug/2020 17:06:09      6	2.1037e+00 GHz
07/Aug/2020 17:06:09      7	2.1883e+00 GHz
07/Aug/2020 17:06:09      8	2.1883e+00 GHz
07/Aug/2020 17:06:09      9	2.5154e+00 GHz
07/Aug/2020 17:06:09     10	2.5160e+00 GHz
07/Aug/2020 17:06:09     11	2.6127e+00 GHz
07/Aug/2020 17:06:09     12	2.6128e+00 GHz
07/Aug/2020 17:06:09     13	2.6565e+00 GHz
07/Aug/2020 17:06:09     14	2.6565e+00 GHz
07/Aug/2020 17:06:09     15	2.7795e+00 GHz
07/Aug/2020 17:06:10     16	2.8125e+00 GHz
07/Aug/2020 17:06:10     17	2.8125e+00 GHz
07/Aug/2020 17:06:10     18	2.8386e+00 GHz
07/Aug/2020 17:06:10     19	2.8392e+00 GHz
07/Aug/2020 17:06:10     20	2.8892e+00 GHz
07/Aug/2020 17:06:10     21	3.0339e+00 GHz
07/Aug/2020 17:06:10     22	3.0355e+00 GHz
07/Aug/2020 17:06:10     23	3.0364e+00 GHz
07/Aug/2020 17:06:10     24	3.0402e+00 GHz
07/Aug/2020 17:06:10     25	3.1774e+00 GHz
07/Aug/2020 17:06:10     26	3.1778e+00 GHz
07/Aug/2020 17:06:10     27	3.1962e+00 GHz
07/Aug/2020 17:06:10     28	3.2016e+00 GHz
07/Aug/2020 17:06:10     29	3.2021e+00 GHz
07/Aug/2020 17:06:10     30	3.2867e+00 GHz
07/Aug/2020 17:06:10     31	3.2868e+00 GHz
07/Aug/2020 17:06:10     32	3.3530e+00 GHz
07/Aug/2020 17:06:10     33	3.4736e+00 GHz
07/Aug/2020 17:06:10     34	3.5161e+00 GHz
07/Aug/2020 17:06:10     35	3.5295e+00 GHz
07/Aug/2020 17:06:10     36	3.6249e+00 GHz
07/Aug/2020 17:06:10     37	3.6718e+00 GHz
07/Aug/2020 17:06:10     38	3.6851e+00 GHz
07/Aug/2020 17:06:10     39	3.7552e+00 GHz
07/Aug/2020 17:06:10     40	3.7790e+00 GHz
07/Aug/2020 17:06:10     41	3.8110e+00 GHz
07/Aug/2020 17:06:10     42	3.8521e+00 GHz
07/Aug/2020 17:06:10     43	3.9307e+00 GHz
07/Aug/2020 17:06:10     44	3.9410e+00 GHz
07/Aug/2020 17:06:10     45	4.0628e+00 GHz
07/Aug/2020 17:06:10     46	4.0955e+00 GHz
07/Aug/2020 17:06:10     47	4.1848e+00 GHz
07/Aug/2020 17:06:10     48	4.2731e+00 GHz
07/Aug/2020 17:06:10     49	4.3800e+00 GHz
07/Aug/2020 17:06:10     50	4.4534e+00 GHz

                      ------------------------------------------------------------------------------
07/Aug/2020 17:06:10  AKS Restart (1 of max. 5)
                      Estimation frequency: 4.06534 GHz
                      
                      
                      ------------------------------------------------------------------------------
07/Aug/2020 17:12:55  Results after 1. iteration:
                      
                        Mode	Frequency
07/Aug/2020 17:12:55      1	1.5161e+00 GHz
07/Aug/2020 17:12:55      2	1.7654e+00 GHz
07/Aug/2020 17:12:55      3	1.7703e+00 GHz
07/Aug/2020 17:12:55      4	1.7703e+00 GHz
07/Aug/2020 17:12:55      5	2.0824e+00 GHz
07/Aug/2020 17:12:55      6	2.1037e+00 GHz
07/Aug/2020 17:12:55      7	2.1883e+00 GHz
07/Aug/2020 17:12:55      8	2.1883e+00 GHz
07/Aug/2020 17:12:55      9	2.5154e+00 GHz
07/Aug/2020 17:12:55     10	2.5160e+00 GHz
07/Aug/2020 17:12:55     11	2.6127e+00 GHz
07/Aug/2020 17:12:55     12	2.6128e+00 GHz
07/Aug/2020 17:12:55     13	2.6565e+00 GHz
07/Aug/2020 17:12:55     14	2.6565e+00 GHz
07/Aug/2020 17:12:55     15	2.7795e+00 GHz
07/Aug/2020 17:12:55     16	2.8125e+00 GHz
07/Aug/2020 17:12:55     17	2.8125e+00 GHz
07/Aug/2020 17:12:55     18	2.8386e+00 GHz
07/Aug/2020 17:12:55     19	2.8392e+00 GHz
07/Aug/2020 17:12:55     20	2.8892e+00 GHz
07/Aug/2020 17:12:55     21	3.0339e+00 GHz
07/Aug/2020 17:12:55     22	3.0355e+00 GHz
07/Aug/2020 17:12:55     23	3.0364e+00 GHz
07/Aug/2020 17:12:55     24	3.0364e+00 GHz
07/Aug/2020 17:12:55     25	3.1774e+00 GHz
07/Aug/2020 17:12:55     26	3.1778e+00 GHz
07/Aug/2020 17:12:55     27	3.1962e+00 GHz
07/Aug/2020 17:12:55     28	3.1962e+00 GHz
07/Aug/2020 17:12:55     29	3.2016e+00 GHz
07/Aug/2020 17:12:55     30	3.2020e+00 GHz
07/Aug/2020 17:12:55     31	3.2867e+00 GHz
07/Aug/2020 17:12:55     32	3.2868e+00 GHz
07/Aug/2020 17:12:55     33	3.3530e+00 GHz
07/Aug/2020 17:12:55     34	3.4736e+00 GHz
07/Aug/2020 17:12:55     35	3.4736e+00 GHz
07/Aug/2020 17:12:55     36	3.5295e+00 GHz
07/Aug/2020 17:12:55     37	3.6246e+00 GHz
07/Aug/2020 17:12:55     38	3.6251e+00 GHz
07/Aug/2020 17:12:55     39	3.6722e+00 GHz
07/Aug/2020 17:12:55     40	3.6726e+00 GHz
07/Aug/2020 17:12:55     41	3.6855e+00 GHz
07/Aug/2020 17:12:55     42	3.7555e+00 GHz
07/Aug/2020 17:12:55     43	3.7694e+00 GHz
07/Aug/2020 17:12:55     44	3.8005e+00 GHz
07/Aug/2020 17:12:55     45	3.8169e+00 GHz
07/Aug/2020 17:12:55     46	3.8371e+00 GHz
07/Aug/2020 17:12:55     47	3.8660e+00 GHz
07/Aug/2020 17:12:55     48	3.9392e+00 GHz
07/Aug/2020 17:12:55     49	3.9820e+00 GHz
07/Aug/2020 17:12:55     50	4.0687e+00 GHz

                      ------------------------------------------------------------------------------
07/Aug/2020 17:12:55  AKS Restart (2 of max. 5)
                      Estimation frequency: 3.71417 GHz
                      
                      
                      ------------------------------------------------------------------------------
07/Aug/2020 17:21:48  Results after 1. iteration:
                      
                        Mode	Frequency
07/Aug/2020 17:21:48      1	1.5161e+00 GHz
07/Aug/2020 17:21:48      2	1.7654e+00 GHz
07/Aug/2020 17:21:48      3	1.7703e+00 GHz
07/Aug/2020 17:21:48      4	1.7703e+00 GHz
07/Aug/2020 17:21:48      5	2.0824e+00 GHz
07/Aug/2020 17:21:48      6	2.1037e+00 GHz
07/Aug/2020 17:21:48      7	2.1883e+00 GHz
07/Aug/2020 17:21:48      8	2.1883e+00 GHz
07/Aug/2020 17:21:48      9	2.5154e+00 GHz
07/Aug/2020 17:21:48     10	2.5160e+00 GHz
07/Aug/2020 17:21:48     11	2.6127e+00 GHz
07/Aug/2020 17:21:48     12	2.6128e+00 GHz
07/Aug/2020 17:21:48     13	2.6565e+00 GHz
07/Aug/2020 17:21:48     14	2.6565e+00 GHz
07/Aug/2020 17:21:48     15	2.7795e+00 GHz
07/Aug/2020 17:21:48     16	2.8125e+00 GHz
07/Aug/2020 17:21:48     17	2.8125e+00 GHz
07/Aug/2020 17:21:48     18	2.8386e+00 GHz
07/Aug/2020 17:21:48     19	2.8392e+00 GHz
07/Aug/2020 17:21:48     20	2.8892e+00 GHz
07/Aug/2020 17:21:48     21	3.0339e+00 GHz
07/Aug/2020 17:21:48     22	3.0355e+00 GHz
07/Aug/2020 17:21:48     23	3.0364e+00 GHz
07/Aug/2020 17:21:48     24	3.0364e+00 GHz
07/Aug/2020 17:21:48     25	3.1774e+00 GHz
07/Aug/2020 17:21:48     26	3.1778e+00 GHz
07/Aug/2020 17:21:48     27	3.1962e+00 GHz
07/Aug/2020 17:21:48     28	3.1962e+00 GHz
07/Aug/2020 17:21:48     29	3.2016e+00 GHz
07/Aug/2020 17:21:48     30	3.2020e+00 GHz
07/Aug/2020 17:21:48     31	3.2867e+00 GHz
07/Aug/2020 17:21:48     32	3.2868e+00 GHz
07/Aug/2020 17:21:48     33	3.3530e+00 GHz
07/Aug/2020 17:21:48     34	3.4736e+00 GHz
07/Aug/2020 17:21:48     35	3.4736e+00 GHz
07/Aug/2020 17:21:48     36	3.5295e+00 GHz
07/Aug/2020 17:21:48     37	3.6246e+00 GHz
07/Aug/2020 17:21:48     38	3.6251e+00 GHz
07/Aug/2020 17:21:48     39	3.6252e+00 GHz
07/Aug/2020 17:21:48     40	3.6722e+00 GHz
07/Aug/2020 17:21:48     41	3.6726e+00 GHz
07/Aug/2020 17:21:48     42	3.6855e+00 GHz
07/Aug/2020 17:21:48     43	3.6933e+00 GHz
07/Aug/2020 17:21:48     44	3.7555e+00 GHz
07/Aug/2020 17:21:48     45	3.7694e+00 GHz
07/Aug/2020 17:21:48     46	3.8006e+00 GHz
07/Aug/2020 17:21:48     47	3.8344e+00 GHz
07/Aug/2020 17:21:48     48	3.8386e+00 GHz
07/Aug/2020 17:21:48     49	3.8642e+00 GHz
07/Aug/2020 17:21:48     50	3.9363e+00 GHz

                      ------------------------------------------------------------------------------
07/Aug/2020 17:21:48  AKS Restart (3 of max. 5)
                      Estimation frequency: 3.59336 GHz
                      
                      
                      ------------------------------------------------------------------------------
07/Aug/2020 17:31:56  Results after 1. iteration:
                      
                        Mode	Frequency
07/Aug/2020 17:31:56      1	1.5161e+00 GHz
07/Aug/2020 17:31:56      2	1.7654e+00 GHz
07/Aug/2020 17:31:56      3	1.7703e+00 GHz
07/Aug/2020 17:31:56      4	1.7703e+00 GHz
07/Aug/2020 17:31:56      5	2.0824e+00 GHz
07/Aug/2020 17:31:56      6	2.1037e+00 GHz
07/Aug/2020 17:31:56      7	2.1883e+00 GHz
07/Aug/2020 17:31:56      8	2.1883e+00 GHz
07/Aug/2020 17:31:56      9	2.5154e+00 GHz
07/Aug/2020 17:31:56     10	2.5160e+00 GHz
07/Aug/2020 17:31:56     11	2.6127e+00 GHz
07/Aug/2020 17:31:56     12	2.6128e+00 GHz
07/Aug/2020 17:31:56     13	2.6565e+00 GHz
07/Aug/2020 17:31:56     14	2.6565e+00 GHz
07/Aug/2020 17:31:56     15	2.7795e+00 GHz
07/Aug/2020 17:31:56     16	2.8125e+00 GHz
07/Aug/2020 17:31:56     17	2.8125e+00 GHz
07/Aug/2020 17:31:56     18	2.8386e+00 GHz
07/Aug/2020 17:31:56     19	2.8392e+00 GHz
07/Aug/2020 17:31:56     20	2.8892e+00 GHz
07/Aug/2020 17:31:56     21	3.0339e+00 GHz
07/Aug/2020 17:31:56     22	3.0355e+00 GHz
07/Aug/2020 17:31:56     23	3.0364e+00 GHz
07/Aug/2020 17:31:56     24	3.0364e+00 GHz
07/Aug/2020 17:31:56     25	3.1774e+00 GHz
07/Aug/2020 17:31:56     26	3.1778e+00 GHz
07/Aug/2020 17:31:56     27	3.1962e+00 GHz
07/Aug/2020 17:31:56     28	3.1962e+00 GHz
07/Aug/2020 17:31:56     29	3.2016e+00 GHz
07/Aug/2020 17:31:56     30	3.2020e+00 GHz
07/Aug/2020 17:31:56     31	3.2867e+00 GHz
07/Aug/2020 17:31:56     32	3.2868e+00 GHz
07/Aug/2020 17:31:56     33	3.3530e+00 GHz
07/Aug/2020 17:31:56     34	3.4736e+00 GHz
07/Aug/2020 17:31:56     35	3.4736e+00 GHz
07/Aug/2020 17:31:56     36	3.5295e+00 GHz
07/Aug/2020 17:31:56     37	3.6246e+00 GHz
07/Aug/2020 17:31:56     38	3.6251e+00 GHz
07/Aug/2020 17:31:56     39	3.6252e+00 GHz
07/Aug/2020 17:31:56     40	3.6722e+00 GHz
07/Aug/2020 17:31:56     41	3.6726e+00 GHz
07/Aug/2020 17:31:56     42	3.6854e+00 GHz
07/Aug/2020 17:31:56     43	3.6855e+00 GHz
07/Aug/2020 17:31:56     44	3.7555e+00 GHz
07/Aug/2020 17:31:56     45	3.7694e+00 GHz
07/Aug/2020 17:31:56     46	3.8006e+00 GHz
07/Aug/2020 17:31:56     47	3.8151e+00 GHz
07/Aug/2020 17:31:56     48	3.8286e+00 GHz
07/Aug/2020 17:31:56     49	3.8411e+00 GHz
07/Aug/2020 17:31:56     50	3.8654e+00 GHz

                      ------------------------------------------------------------------------------
07/Aug/2020 17:31:56  AKS Restart (4 of max. 5)
                      Estimation frequency: 3.52862 GHz
                      
                      
                      ------------------------------------------------------------------------------
07/Aug/2020 17:42:22  Results after 1. iteration:
                      
                        Mode	Frequency
07/Aug/2020 17:42:22      1	1.5161e+00 GHz
07/Aug/2020 17:42:22      2	1.7654e+00 GHz
07/Aug/2020 17:42:22      3	1.7703e+00 GHz
07/Aug/2020 17:42:22      4	1.7703e+00 GHz
07/Aug/2020 17:42:22      5	2.0824e+00 GHz
07/Aug/2020 17:42:22      6	2.1037e+00 GHz
07/Aug/2020 17:42:22      7	2.1883e+00 GHz
07/Aug/2020 17:42:22      8	2.1883e+00 GHz
07/Aug/2020 17:42:22      9	2.5154e+00 GHz
07/Aug/2020 17:42:22     10	2.5160e+00 GHz
07/Aug/2020 17:42:22     11	2.6127e+00 GHz
07/Aug/2020 17:42:22     12	2.6128e+00 GHz
07/Aug/2020 17:42:22     13	2.6565e+00 GHz
07/Aug/2020 17:42:22     14	2.6565e+00 GHz
07/Aug/2020 17:42:22     15	2.7795e+00 GHz
07/Aug/2020 17:42:22     16	2.8125e+00 GHz
07/Aug/2020 17:42:22     17	2.8125e+00 GHz
07/Aug/2020 17:42:22     18	2.8386e+00 GHz
07/Aug/2020 17:42:22     19	2.8392e+00 GHz
07/Aug/2020 17:42:22     20	2.8892e+00 GHz
07/Aug/2020 17:42:22     21	3.0339e+00 GHz
07/Aug/2020 17:42:22     22	3.0355e+00 GHz
07/Aug/2020 17:42:22     23	3.0364e+00 GHz
07/Aug/2020 17:42:22     24	3.0364e+00 GHz
07/Aug/2020 17:42:22     25	3.1774e+00 GHz
07/Aug/2020 17:42:22     26	3.1778e+00 GHz
07/Aug/2020 17:42:22     27	3.1962e+00 GHz
07/Aug/2020 17:42:22     28	3.1962e+00 GHz
07/Aug/2020 17:42:22     29	3.2016e+00 GHz
07/Aug/2020 17:42:22     30	3.2020e+00 GHz
07/Aug/2020 17:42:22     31	3.2867e+00 GHz
07/Aug/2020 17:42:22     32	3.2868e+00 GHz
07/Aug/2020 17:42:22     33	3.3530e+00 GHz
07/Aug/2020 17:42:22     34	3.4736e+00 GHz
07/Aug/2020 17:42:22     35	3.4736e+00 GHz
07/Aug/2020 17:42:22     36	3.5295e+00 GHz
07/Aug/2020 17:42:22     37	3.6246e+00 GHz
07/Aug/2020 17:42:22     38	3.6251e+00 GHz
07/Aug/2020 17:42:22     39	3.6252e+00 GHz
07/Aug/2020 17:42:22     40	3.6722e+00 GHz
07/Aug/2020 17:42:22     41	3.6726e+00 GHz
07/Aug/2020 17:42:22     42	3.6854e+00 GHz
07/Aug/2020 17:42:22     43	3.6855e+00 GHz
07/Aug/2020 17:42:22     44	3.7555e+00 GHz
07/Aug/2020 17:42:22     45	3.7677e+00 GHz
07/Aug/2020 17:42:22     46	3.7691e+00 GHz
07/Aug/2020 17:42:22     47	3.8006e+00 GHz
07/Aug/2020 17:42:22     48	3.8374e+00 GHz
07/Aug/2020 17:42:22     49	3.8538e+00 GHz
07/Aug/2020 17:42:22     50	3.8635e+00 GHz

                      ------------------------------------------------------------------------------
07/Aug/2020 17:42:22  AKS Restart (5 of max. 5)
                      Estimation frequency: 3.52684 GHz
                      
                      
                      ------------------------------------------------------------------------------
07/Aug/2020 17:51:59  Results after 1. iteration:
                      
                        Mode	Frequency
07/Aug/2020 17:51:59      1	1.5161e+00 GHz
07/Aug/2020 17:51:59      2	1.7654e+00 GHz
07/Aug/2020 17:51:59      3	1.7703e+00 GHz
07/Aug/2020 17:51:59      4	1.7703e+00 GHz
07/Aug/2020 17:51:59      5	2.0824e+00 GHz
07/Aug/2020 17:51:59      6	2.1037e+00 GHz
07/Aug/2020 17:51:59      7	2.1883e+00 GHz
07/Aug/2020 17:51:59      8	2.1883e+00 GHz
07/Aug/2020 17:51:59      9	2.5154e+00 GHz
07/Aug/2020 17:51:59     10	2.5160e+00 GHz
07/Aug/2020 17:51:59     11	2.6127e+00 GHz
07/Aug/2020 17:51:59     12	2.6128e+00 GHz
07/Aug/2020 17:51:59     13	2.6565e+00 GHz
07/Aug/2020 17:51:59     14	2.6565e+00 GHz
07/Aug/2020 17:51:59     15	2.7795e+00 GHz
07/Aug/2020 17:51:59     16	2.8125e+00 GHz
07/Aug/2020 17:51:59     17	2.8125e+00 GHz
07/Aug/2020 17:51:59     18	2.8386e+00 GHz
07/Aug/2020 17:51:59     19	2.8392e+00 GHz
07/Aug/2020 17:51:59     20	2.8892e+00 GHz
07/Aug/2020 17:51:59     21	3.0339e+00 GHz
07/Aug/2020 17:51:59     22	3.0355e+00 GHz
07/Aug/2020 17:51:59     23	3.0364e+00 GHz
07/Aug/2020 17:51:59     24	3.0364e+00 GHz
07/Aug/2020 17:51:59     25	3.1774e+00 GHz
07/Aug/2020 17:51:59     26	3.1778e+00 GHz
07/Aug/2020 17:51:59     27	3.1962e+00 GHz
07/Aug/2020 17:51:59     28	3.1962e+00 GHz
07/Aug/2020 17:51:59     29	3.2016e+00 GHz
07/Aug/2020 17:51:59     30	3.2020e+00 GHz
07/Aug/2020 17:51:59     31	3.2867e+00 GHz
07/Aug/2020 17:51:59     32	3.2868e+00 GHz
07/Aug/2020 17:51:59     33	3.3530e+00 GHz
07/Aug/2020 17:51:59     34	3.4736e+00 GHz
07/Aug/2020 17:51:59     35	3.4736e+00 GHz
07/Aug/2020 17:51:59     36	3.5295e+00 GHz
07/Aug/2020 17:51:59     37	3.6246e+00 GHz
07/Aug/2020 17:51:59     38	3.6251e+00 GHz
07/Aug/2020 17:51:59     39	3.6252e+00 GHz
07/Aug/2020 17:51:59     40	3.6722e+00 GHz
07/Aug/2020 17:51:59     41	3.6726e+00 GHz
07/Aug/2020 17:51:59     42	3.6854e+00 GHz
07/Aug/2020 17:51:59     43	3.6855e+00 GHz
07/Aug/2020 17:51:59     44	3.7555e+00 GHz
07/Aug/2020 17:51:59     45	3.7692e+00 GHz
07/Aug/2020 17:51:59     46	3.7699e+00 GHz
07/Aug/2020 17:51:59     47	3.8006e+00 GHz
07/Aug/2020 17:51:59     48	3.8258e+00 GHz
07/Aug/2020 17:51:59     49	3.8375e+00 GHz
07/Aug/2020 17:51:59     50	3.8606e+00 GHz

                      ------------------------------------------------------------------------------
07/Aug/2020 17:58:38  Results after 2. iteration:
                      
                        Mode	Frequency
07/Aug/2020 17:58:38      1	6.4351e-08 GHz
07/Aug/2020 17:58:38      2	4.3411e-07 GHz
07/Aug/2020 17:58:38      3	1.1463e-07 GHz
07/Aug/2020 17:58:38      4	3.1935e-08 GHz
07/Aug/2020 17:58:38      5	4.7305e-09 GHz
07/Aug/2020 17:58:38      6	3.5624e-09 GHz
07/Aug/2020 17:58:38      7	8.1233e-10 GHz
07/Aug/2020 17:58:38      8	3.1503e-10 GHz
07/Aug/2020 17:58:38      9	4.9201e-11 GHz
07/Aug/2020 17:58:38     10	3.6028e-11 GHz
07/Aug/2020 17:58:38     11	6.3781e-12 GHz
07/Aug/2020 17:58:38     12	1.4572e-12 GHz
07/Aug/2020 17:58:38     13	1.2103e-12 GHz
07/Aug/2020 17:58:38     14	1.2103e-12 GHz
07/Aug/2020 17:58:38     15	7.3065e-13 GHz
07/Aug/2020 17:58:38     16	7.3065e-13 GHz
07/Aug/2020 17:58:38     17	5.2476e-13 GHz
07/Aug/2020 17:58:38     18	2.4304e-13 GHz
07/Aug/2020 17:58:38     19	2.4304e-13 GHz
07/Aug/2020 17:58:38     20	2.6889e-13 GHz
07/Aug/2020 17:58:38     21	2.6889e-13 GHz
07/Aug/2020 17:58:38     22	3.8035e-13 GHz
07/Aug/2020 17:58:38     23	1.0548e-13 GHz
07/Aug/2020 17:58:38     24	1.0548e-13 GHz
07/Aug/2020 17:58:38     25	1.3455e-13 GHz
07/Aug/2020 17:58:38     26	4.7549e-03 GHz
07/Aug/2020 17:58:38     27	1.7654e+00 GHz
07/Aug/2020 17:58:38     28	1.7703e+00 GHz
07/Aug/2020 17:58:38     29	1.7703e+00 GHz
07/Aug/2020 17:58:38     30	2.1037e+00 GHz
07/Aug/2020 17:58:38     31	2.5154e+00 GHz
07/Aug/2020 17:58:38     32	2.5160e+00 GHz
07/Aug/2020 17:58:38     33	2.6565e+00 GHz
07/Aug/2020 17:58:38     34	2.6565e+00 GHz
07/Aug/2020 17:58:38     35	2.8125e+00 GHz
07/Aug/2020 17:58:38     36	2.8125e+00 GHz
07/Aug/2020 17:58:38     37	2.8892e+00 GHz
07/Aug/2020 17:58:38     38	3.0355e+00 GHz
07/Aug/2020 17:58:38     39	3.0364e+00 GHz
07/Aug/2020 17:58:38     40	3.0364e+00 GHz
07/Aug/2020 17:58:38     41	3.2016e+00 GHz
07/Aug/2020 17:58:38     42	3.2020e+00 GHz
07/Aug/2020 17:58:38     43	3.2867e+00 GHz
07/Aug/2020 17:58:38     44	3.2868e+00 GHz
07/Aug/2020 17:58:38     45	3.6246e+00 GHz
07/Aug/2020 17:58:38     46	3.6251e+00 GHz
07/Aug/2020 17:58:38     47	3.6252e+00 GHz
07/Aug/2020 17:58:38     48	3.6854e+00 GHz
07/Aug/2020 17:58:38     49	3.6855e+00 GHz
07/Aug/2020 17:58:38     50	3.7689e+00 GHz
07/Aug/2020 17:58:38     51	3.7694e+00 GHz
07/Aug/2020 17:58:38     52	3.8369e+00 GHz
07/Aug/2020 17:58:38     53	3.8374e+00 GHz
07/Aug/2020 17:58:38     54	3.8565e+00 GHz
07/Aug/2020 17:58:38     55	3.9017e+00 GHz
07/Aug/2020 17:58:38     56	3.9391e+00 GHz

                      ------------------------------------------------------------------------------
07/Aug/2020 17:58:49  *** Warning ***
                      
07/Aug/2020 17:58:49  Some calculated modes are incorrect solutions and thus have not been saved. This problem usually occurs when large 
                      dielectric constants are used. A possible solution is to increase the penalty factor in the solver specials dialog box 
                      by a factor of ten and restart the calculation.
                      
                      ------------------------------------------------------------------------------
07/Aug/2020 17:59:59  Solver Results:
                      
                      --------------------------------------------------------------------------------
                      Mode    Frequency             |                     Accuracy                    
                                                    |     |(Ax-x)/x|       max(e)         div(e)      
                      --------------------------------------------------------------------------------
                        1     1.76535625767         |      2.065e-11      2.042e-02      4.211e-07 
                        2     1.77027775908         |      1.058e-11      1.744e-02      8.396e-07 
                        3     1.7702891465          |      8.221e-11      1.744e-02      8.377e-07 
                        4     2.10366515521         |      1.598e-11      1.058e-02      6.681e-07 
                        5     2.51538780747         |      1.273e-12      9.059e-03      8.472e-07 
                        6     2.51600113069         |      3.285e-12      1.355e-02      8.808e-07 
                        7     2.65646637457         |      3.705e-13      7.762e-03      8.414e-07 
                        8     2.65648527512         |      7.707e-13      7.728e-03      8.375e-07 
                        9     2.8125443851          |      6.656e-13      7.356e-03      3.958e-07 
                       10     2.81254654016         |      4.661e-13      7.352e-03      3.960e-07 
                       11     2.88924891894         |      3.438e-13      6.529e-03      7.997e-07 
                       12     3.03545053388         |      2.947e-13      5.948e-03      7.927e-07 
                       13     3.03636353938         |      3.057e-13      4.847e-03      5.479e-07 
                       14     3.03636563897         |      3.419e-13      4.845e-03      5.471e-07 
                       15     3.20157298796         |      3.208e-13      5.605e-03      8.491e-07 
                       16     3.20201830534         |      6.216e-13      8.351e-03      8.809e-07 
                       17     3.28672994342         |      3.526e-13      4.713e-03      8.147e-07 
                       18     3.28676508818         |      2.675e-13      4.709e-03      8.124e-07 
                       19     3.62456000305         |      1.745e-12      4.173e-03      7.921e-07 
                       20     3.62514888676         |      1.006e-10      3.422e-03      6.851e-07 
                       21     3.62515823659         |      3.037e-10      3.416e-03      6.840e-07 
                       22     3.68544438132         |      8.247e-10      4.015e-03      8.395e-07 
                       23     3.68547207767         |      1.356e-09      4.021e-03      8.409e-07 
                       24     3.76891457157         |      2.479e-06      4.205e-03      1.143e-05 
                       25     3.76943202869         |      2.233e-06      4.164e-03      7.620e-06 
                       26  *  3.83694043125         |      3.070e-02      7.621e+00      6.024e-02 
                       27     3.83737254299         |      9.260e-04      4.815e-01      3.793e-03 
                       28     3.8565033725          |      4.046e-04      2.313e-01      1.778e-03 
                       29  *  3.90173449855         |      1.868e-01      2.215e+01      4.831e-01 
                       30     3.93911751812         |      7.618e-04      1.333e-01      2.846e-03 
                      --------------------------------------------------------------------------------
                      
                      * = This mode has a bad accuracy.
                      
                      Optimum guess for the highest eigenfrequency would be: 169.835.
                      
                      --------------------------------------------------------------------------------
                      
                      
                      ------------------------------------------------------------------------------
07/Aug/2020 17:59:59  Solver Statistics:
                      
                        ----------------------------------------------------------------------------
                                            Peak memory used (kB)         Free physical memory (kB) 
                                                                          At begin     Minimum      
                        ----------------------------------------------------------------------------
                        Matrices calc.      566406                        2885742      2166015      
                        Solver run total    419900                        2926536      1822896      
                      
                        Computer name       Phoenix15
                        ----------------------------------------------------------------------------
                      
                        Mesh generation time     :	84 s	 (= 0 h, 01 m, 24 s)
                        Solver time              :	3466 s	 (= 0 h, 57 m, 46 s)
                      
                        Total time               :	3550 s	 (= 0 h, 59 m, 10 s)
                      
                      
                      ------------------------------------------------------------------------------
