Port monitor named: Port1_h1[2.2].prt

nx        = 58
ny        = 15
nz        = 21

nu        = 11
nv        = 17
iu        = 3
iv        = 3

idir      = 0
dcut      = 1.143000e-002
icut      = 1
type      = 1
frequency = 2.200000e+009

fcutoff   = 1.572071e+009
alpha     = 0.000000e+000
beta      = 3.224772e+001
accuracy  = 1.751648e-010

type          = TE
wave imp.     = 5.386583e+002
wave imp.sig. = 9.229761e-006
line imp.     = 0.000000e+000

ref. port     = 0

-0.000000e+000  9.855056e-010  6.818175e-009  6.341991e-009  1.054583e-008  8.887445e-011  -7.227183e-009  -5.501360e-009  -4.209079e-009  -6.503199e-010  -0.000000e+000  
-0.000000e+000  3.899647e-009  2.956808e-009  9.277636e-009  9.351758e-009  -8.887445e-011  -1.353317e-008  -8.625925e-009  1.484018e-009  -8.309420e-009  -0.000000e+000  
-0.000000e+000  -9.653376e-011  3.879521e-009  3.862717e-009  9.591485e-009  3.212081e-011  -8.565389e-009  -6.483072e-009  -1.082630e-008  3.122919e-009  -0.000000e+000  
-0.000000e+000  6.756496e-010  6.992026e-010  1.870129e-009  7.693781e-009  -2.793876e-011  -7.768946e-009  -1.288973e-009  -1.490777e-009  -8.254660e-010  -0.000000e+000  
-0.000000e+000  -3.468914e-010  -1.968312e-009  -3.705512e-009  1.246736e-008  -6.718241e-011  -1.238019e-008  3.248873e-009  2.784093e-009  1.065200e-009  -0.000000e+000  
-0.000000e+000  -1.888508e-009  -2.388199e-009  -3.154691e-009  7.231188e-009  3.082275e-011  -7.285503e-009  3.395716e-009  2.063177e-009  1.382537e-009  -0.000000e+000  
-0.000000e+000  -7.885251e-010  -1.661594e-009  -2.299823e-009  4.212095e-009  9.094044e-011  -4.223472e-009  2.363526e-009  1.493320e-009  7.798108e-010  -0.000000e+000  
-0.000000e+000  2.986302e-010  -4.622151e-010  -9.421432e-010  1.367900e-009  -3.558799e-011  -1.325409e-009  8.747292e-010  5.284433e-010  1.945794e-010  -0.000000e+000  
-0.000000e+000  -3.032232e-010  8.163133e-010  8.322169e-010  -1.337190e-009  2.128960e-011  1.428538e-009  -8.674435e-010  -4.671584e-010  -5.310443e-011  -0.000000e+000  
-0.000000e+000  1.516782e-009  1.326115e-009  2.180772e-009  -4.168535e-009  -5.645684e-011  4.080562e-009  -2.598485e-009  -1.132796e-009  -8.593792e-010  -0.000000e+000  
-0.000000e+000  6.384247e-010  2.048621e-009  3.634961e-009  -7.249417e-009  -0.000000e+000  7.272558e-009  -3.200755e-009  -2.233683e-009  -1.253143e-009  -0.000000e+000  
-0.000000e+000  4.790520e-010  2.708103e-009  3.532927e-009  -1.258440e-008  2.823135e-011  1.246374e-008  -3.301882e-009  -2.844751e-009  -1.202009e-009  -0.000000e+000  
-0.000000e+000  5.069559e-010  -1.589962e-009  -1.848920e-009  -7.734407e-009  1.457094e-011  7.554903e-009  1.571292e-009  1.458079e-009  5.953175e-010  -0.000000e+000  
-0.000000e+000  -2.987419e-009  -4.799462e-009  -6.915447e-009  -7.653266e-009  1.522637e-010  1.182899e-008  6.702382e-009  4.729652e-009  -3.402863e-010  -0.000000e+000  
-0.000000e+000  -3.611780e-009  6.294811e-010  -5.800649e-009  -1.050978e-008  1.324857e-011  8.222082e-009  4.210201e-009  1.976617e-009  5.155960e-009  -0.000000e+000  
-0.000000e+000  -1.576747e-009  -7.558087e-009  -7.232767e-009  -1.082358e-008  -1.655123e-010  1.007505e-008  8.841813e-009  6.037058e-009  1.755363e-009  -0.000000e+000  
-0.000000e+000  -0.000000e+000  -0.000000e+000  -0.000000e+000  -0.000000e+000  -0.000000e+000  -0.000000e+000  -0.000000e+000  -0.000000e+000  -0.000000e+000  -0.000000e+000  

-0.000000e+000  -0.000000e+000  -0.000000e+000  -0.000000e+000  -0.000000e+000  -0.000000e+000  -0.000000e+000  -0.000000e+000  -0.000000e+000  -0.000000e+000  -0.000000e+000  
5.821122e-002  5.821122e-002  5.821123e-002  5.821122e-002  5.821122e-002  5.821122e-002  5.821122e-002  5.821122e-002  5.821122e-002  5.821123e-002  -0.000000e+000  
1.162270e-001  1.162270e-001  1.162270e-001  1.162270e-001  1.162270e-001  1.162270e-001  1.162270e-001  1.162270e-001  1.162270e-001  1.162270e-001  -0.000000e+000  
1.738525e-001  1.738525e-001  1.738525e-001  1.738525e-001  1.738525e-001  1.738525e-001  1.738525e-001  1.738525e-001  1.738525e-001  1.738525e-001  -0.000000e+000  
4.247530e-001  4.247530e-001  4.247530e-001  4.247530e-001  4.247530e-001  4.247530e-001  4.247530e-001  4.247530e-001  4.247530e-001  4.247530e-001  -0.000000e+000  
6.663482e-001  6.663482e-001  6.663482e-001  6.663482e-001  6.663482e-001  6.663482e-001  6.663482e-001  6.663482e-001  6.663482e-001  6.663482e-001  -0.000000e+000  
8.543046e-001  8.543046e-001  8.543046e-001  8.543046e-001  8.543046e-001  8.543046e-001  8.543046e-001  8.543046e-001  8.543046e-001  8.543046e-001  -0.000000e+000  
9.734922e-001  9.734922e-001  9.734922e-001  9.734922e-001  9.734922e-001  9.734922e-001  9.734922e-001  9.734922e-001  9.734922e-001  9.734922e-001  -0.000000e+000  
1.014317e+000  1.014317e+000  1.014317e+000  1.014317e+000  1.014317e+000  1.014317e+000  1.014317e+000  1.014317e+000  1.014317e+000  1.014317e+000  -0.000000e+000  
9.734922e-001  9.734922e-001  9.734922e-001  9.734922e-001  9.734922e-001  9.734922e-001  9.734922e-001  9.734922e-001  9.734922e-001  9.734922e-001  -0.000000e+000  
8.543046e-001  8.543046e-001  8.543046e-001  8.543046e-001  8.543046e-001  8.543046e-001  8.543046e-001  8.543046e-001  8.543046e-001  8.543046e-001  -0.000000e+000  
6.663482e-001  6.663482e-001  6.663482e-001  6.663482e-001  6.663482e-001  6.663482e-001  6.663482e-001  6.663482e-001  6.663482e-001  6.663482e-001  -0.000000e+000  
4.247530e-001  4.247530e-001  4.247530e-001  4.247530e-001  4.247530e-001  4.247530e-001  4.247530e-001  4.247530e-001  4.247530e-001  4.247530e-001  -0.000000e+000  
1.738525e-001  1.738525e-001  1.738525e-001  1.738525e-001  1.738525e-001  1.738525e-001  1.738525e-001  1.738525e-001  1.738525e-001  1.738525e-001  -0.000000e+000  
1.162270e-001  1.162270e-001  1.162270e-001  1.162270e-001  1.162270e-001  1.162270e-001  1.162270e-001  1.162270e-001  1.162270e-001  1.162270e-001  -0.000000e+000  
5.821122e-002  5.821122e-002  5.821123e-002  5.821122e-002  5.821122e-002  5.821122e-002  5.821122e-002  5.821122e-002  5.821122e-002  5.821122e-002  -0.000000e+000  
-0.000000e+000  -0.000000e+000  -0.000000e+000  -0.000000e+000  -0.000000e+000  -0.000000e+000  -0.000000e+000  -0.000000e+000  -0.000000e+000  -0.000000e+000  -0.000000e+000  

0.000000e+000  0.000000e+000  0.000000e+000  0.000000e+000  0.000000e+000  0.000000e+000  0.000000e+000  0.000000e+000  0.000000e+000  0.000000e+000  0.000000e+000  
0.000000e+000  0.000000e+000  0.000000e+000  0.000000e+000  0.000000e+000  0.000000e+000  0.000000e+000  0.000000e+000  0.000000e+000  0.000000e+000  0.000000e+000  
0.000000e+000  0.000000e+000  0.000000e+000  0.000000e+000  0.000000e+000  0.000000e+000  0.000000e+000  0.000000e+000  0.000000e+000  0.000000e+000  0.000000e+000  
0.000000e+000  0.000000e+000  0.000000e+000  0.000000e+000  0.000000e+000  0.000000e+000  0.000000e+000  0.000000e+000  0.000000e+000  0.000000e+000  0.000000e+000  
0.000000e+000  0.000000e+000  0.000000e+000  0.000000e+000  0.000000e+000  0.000000e+000  0.000000e+000  0.000000e+000  0.000000e+000  0.000000e+000  0.000000e+000  
0.000000e+000  0.000000e+000  0.000000e+000  0.000000e+000  0.000000e+000  0.000000e+000  0.000000e+000  0.000000e+000  0.000000e+000  0.000000e+000  0.000000e+000  
0.000000e+000  0.000000e+000  0.000000e+000  0.000000e+000  0.000000e+000  0.000000e+000  0.000000e+000  0.000000e+000  0.000000e+000  0.000000e+000  0.000000e+000  
0.000000e+000  0.000000e+000  0.000000e+000  0.000000e+000  0.000000e+000  0.000000e+000  0.000000e+000  0.000000e+000  0.000000e+000  0.000000e+000  0.000000e+000  
0.000000e+000  0.000000e+000  0.000000e+000  0.000000e+000  0.000000e+000  0.000000e+000  0.000000e+000  0.000000e+000  0.000000e+000  0.000000e+000  0.000000e+000  
0.000000e+000  0.000000e+000  0.000000e+000  0.000000e+000  0.000000e+000  0.000000e+000  0.000000e+000  0.000000e+000  0.000000e+000  0.000000e+000  0.000000e+000  
0.000000e+000  0.000000e+000  0.000000e+000  0.000000e+000  0.000000e+000  0.000000e+000  0.000000e+000  0.000000e+000  0.000000e+000  0.000000e+000  0.000000e+000  
0.000000e+000  0.000000e+000  0.000000e+000  0.000000e+000  0.000000e+000  0.000000e+000  0.000000e+000  0.000000e+000  0.000000e+000  0.000000e+000  0.000000e+000  
0.000000e+000  0.000000e+000  0.000000e+000  0.000000e+000  0.000000e+000  0.000000e+000  0.000000e+000  0.000000e+000  0.000000e+000  0.000000e+000  0.000000e+000  
0.000000e+000  0.000000e+000  0.000000e+000  0.000000e+000  0.000000e+000  0.000000e+000  0.000000e+000  0.000000e+000  0.000000e+000  0.000000e+000  0.000000e+000  
0.000000e+000  0.000000e+000  0.000000e+000  0.000000e+000  0.000000e+000  0.000000e+000  0.000000e+000  0.000000e+000  0.000000e+000  0.000000e+000  0.000000e+000  
0.000000e+000  0.000000e+000  0.000000e+000  0.000000e+000  0.000000e+000  0.000000e+000  0.000000e+000  0.000000e+000  0.000000e+000  0.000000e+000  0.000000e+000  
0.000000e+000  0.000000e+000  0.000000e+000  0.000000e+000  0.000000e+000  0.000000e+000  0.000000e+000  0.000000e+000  0.000000e+000  0.000000e+000  0.000000e+000  

0.000000e+000  0.000000e+000  0.000000e+000  0.000000e+000  0.000000e+000  0.000000e+000  0.000000e+000  0.000000e+000  0.000000e+000  0.000000e+000  0.000000e+000  
0.000000e+000  0.000000e+000  0.000000e+000  0.000000e+000  0.000000e+000  0.000000e+000  0.000000e+000  0.000000e+000  0.000000e+000  0.000000e+000  0.000000e+000  
0.000000e+000  0.000000e+000  0.000000e+000  0.000000e+000  0.000000e+000  0.000000e+000  0.000000e+000  0.000000e+000  0.000000e+000  0.000000e+000  0.000000e+000  
0.000000e+000  0.000000e+000  0.000000e+000  0.000000e+000  0.000000e+000  0.000000e+000  0.000000e+000  0.000000e+000  0.000000e+000  0.000000e+000  0.000000e+000  
0.000000e+000  0.000000e+000  0.000000e+000  0.000000e+000  0.000000e+000  0.000000e+000  0.000000e+000  0.000000e+000  0.000000e+000  0.000000e+000  0.000000e+000  
0.000000e+000  0.000000e+000  0.000000e+000  0.000000e+000  0.000000e+000  0.000000e+000  0.000000e+000  0.000000e+000  0.000000e+000  0.000000e+000  0.000000e+000  
0.000000e+000  0.000000e+000  0.000000e+000  0.000000e+000  0.000000e+000  0.000000e+000  0.000000e+000  0.000000e+000  0.000000e+000  0.000000e+000  0.000000e+000  
0.000000e+000  0.000000e+000  0.000000e+000  0.000000e+000  0.000000e+000  0.000000e+000  0.000000e+000  0.000000e+000  0.000000e+000  0.000000e+000  0.000000e+000  
0.000000e+000  0.000000e+000  0.000000e+000  0.000000e+000  0.000000e+000  0.000000e+000  0.000000e+000  0.000000e+000  0.000000e+000  0.000000e+000  0.000000e+000  
0.000000e+000  0.000000e+000  0.000000e+000  0.000000e+000  0.000000e+000  0.000000e+000  0.000000e+000  0.000000e+000  0.000000e+000  0.000000e+000  0.000000e+000  
0.000000e+000  0.000000e+000  0.000000e+000  0.000000e+000  0.000000e+000  0.000000e+000  0.000000e+000  0.000000e+000  0.000000e+000  0.000000e+000  0.000000e+000  
0.000000e+000  0.000000e+000  0.000000e+000  0.000000e+000  0.000000e+000  0.000000e+000  0.000000e+000  0.000000e+000  0.000000e+000  0.000000e+000  0.000000e+000  
0.000000e+000  0.000000e+000  0.000000e+000  0.000000e+000  0.000000e+000  0.000000e+000  0.000000e+000  0.000000e+000  0.000000e+000  0.000000e+000  0.000000e+000  
0.000000e+000  0.000000e+000  0.000000e+000  0.000000e+000  0.000000e+000  0.000000e+000  0.000000e+000  0.000000e+000  0.000000e+000  0.000000e+000  0.000000e+000  
0.000000e+000  0.000000e+000  0.000000e+000  0.000000e+000  0.000000e+000  0.000000e+000  0.000000e+000  0.000000e+000  0.000000e+000  0.000000e+000  0.000000e+000  
0.000000e+000  0.000000e+000  0.000000e+000  0.000000e+000  0.000000e+000  0.000000e+000  0.000000e+000  0.000000e+000  0.000000e+000  0.000000e+000  0.000000e+000  
0.000000e+000  0.000000e+000  0.000000e+000  0.000000e+000  0.000000e+000  0.000000e+000  0.000000e+000  0.000000e+000  0.000000e+000  0.000000e+000  0.000000e+000  

0.000000e+000  0.000000e+000  0.000000e+000  0.000000e+000  0.000000e+000  0.000000e+000  0.000000e+000  0.000000e+000  0.000000e+000  0.000000e+000  0.000000e+000  
0.000000e+000  0.000000e+000  0.000000e+000  0.000000e+000  0.000000e+000  0.000000e+000  0.000000e+000  0.000000e+000  0.000000e+000  0.000000e+000  0.000000e+000  
0.000000e+000  0.000000e+000  0.000000e+000  0.000000e+000  0.000000e+000  0.000000e+000  0.000000e+000  0.000000e+000  0.000000e+000  0.000000e+000  0.000000e+000  
0.000000e+000  0.000000e+000  0.000000e+000  0.000000e+000  0.000000e+000  0.000000e+000  0.000000e+000  0.000000e+000  0.000000e+000  0.000000e+000  0.000000e+000  
0.000000e+000  0.000000e+000  0.000000e+000  0.000000e+000  0.000000e+000  0.000000e+000  0.000000e+000  0.000000e+000  0.000000e+000  0.000000e+000  0.000000e+000  
0.000000e+000  0.000000e+000  0.000000e+000  0.000000e+000  0.000000e+000  0.000000e+000  0.000000e+000  0.000000e+000  0.000000e+000  0.000000e+000  0.000000e+000  
0.000000e+000  0.000000e+000  0.000000e+000  0.000000e+000  0.000000e+000  0.000000e+000  0.000000e+000  0.000000e+000  0.000000e+000  0.000000e+000  0.000000e+000  
0.000000e+000  0.000000e+000  0.000000e+000  0.000000e+000  0.000000e+000  0.000000e+000  0.000000e+000  0.000000e+000  0.000000e+000  0.000000e+000  0.000000e+000  
0.000000e+000  0.000000e+000  0.000000e+000  0.000000e+000  0.000000e+000  0.000000e+000  0.000000e+000  0.000000e+000  0.000000e+000  0.000000e+000  0.000000e+000  
0.000000e+000  0.000000e+000  0.000000e+000  0.000000e+000  0.000000e+000  0.000000e+000  0.000000e+000  0.000000e+000  0.000000e+000  0.000000e+000  0.000000e+000  
0.000000e+000  0.000000e+000  0.000000e+000  0.000000e+000  0.000000e+000  0.000000e+000  0.000000e+000  0.000000e+000  0.000000e+000  0.000000e+000  0.000000e+000  
0.000000e+000  0.000000e+000  0.000000e+000  0.000000e+000  0.000000e+000  0.000000e+000  0.000000e+000  0.000000e+000  0.000000e+000  0.000000e+000  0.000000e+000  
0.000000e+000  0.000000e+000  0.000000e+000  0.000000e+000  0.000000e+000  0.000000e+000  0.000000e+000  0.000000e+000  0.000000e+000  0.000000e+000  0.000000e+000  
0.000000e+000  0.000000e+000  0.000000e+000  0.000000e+000  0.000000e+000  0.000000e+000  0.000000e+000  0.000000e+000  0.000000e+000  0.000000e+000  0.000000e+000  
0.000000e+000  0.000000e+000  0.000000e+000  0.000000e+000  0.000000e+000  0.000000e+000  0.000000e+000  0.000000e+000  0.000000e+000  0.000000e+000  0.000000e+000  
0.000000e+000  0.000000e+000  0.000000e+000  0.000000e+000  0.000000e+000  0.000000e+000  0.000000e+000  0.000000e+000  0.000000e+000  0.000000e+000  0.000000e+000  
0.000000e+000  0.000000e+000  0.000000e+000  0.000000e+000  0.000000e+000  0.000000e+000  0.000000e+000  0.000000e+000  0.000000e+000  0.000000e+000  0.000000e+000  

1.026331e+000  1.026331e+000  1.026331e+000  1.026331e+000  1.026331e+000  1.026331e+000  1.026331e+000  1.026331e+000  1.026331e+000  1.026331e+000  -0.000000e+000  
1.022885e+000  1.022885e+000  1.022885e+000  1.022885e+000  1.022885e+000  1.022885e+000  1.022885e+000  1.022885e+000  1.022885e+000  1.022885e+000  -0.000000e+000  
1.016005e+000  1.016005e+000  1.016005e+000  1.016005e+000  1.016005e+000  1.016005e+000  1.016005e+000  1.016005e+000  1.016005e+000  1.016005e+000  -0.000000e+000  
9.878144e-001  9.878144e-001  9.878144e-001  9.878144e-001  9.878144e-001  9.878144e-001  9.878144e-001  9.878144e-001  9.878144e-001  9.878144e-001  -0.000000e+000  
8.699530e-001  8.699530e-001  8.699530e-001  8.699530e-001  8.699530e-001  8.699530e-001  8.699530e-001  8.699530e-001  8.699530e-001  8.699530e-001  -0.000000e+000  
6.768064e-001  6.768064e-001  6.768064e-001  6.768064e-001  6.768064e-001  6.768064e-001  6.768064e-001  6.768064e-001  6.768064e-001  6.768064e-001  -0.000000e+000  
4.291790e-001  4.291790e-001  4.291790e-001  4.291790e-001  4.291790e-001  4.291790e-001  4.291790e-001  4.291790e-001  4.291790e-001  4.291790e-001  -0.000000e+000  
1.470041e-001  1.470041e-001  1.470041e-001  1.470041e-001  1.470041e-001  1.470041e-001  1.470041e-001  1.470041e-001  1.470041e-001  1.470041e-001  -0.000000e+000  
-1.470041e-001  -1.470041e-001  -1.470041e-001  -1.470041e-001  -1.470041e-001  -1.470041e-001  -1.470041e-001  -1.470041e-001  -1.470041e-001  -1.470041e-001  -0.000000e+000  
-4.291790e-001  -4.291790e-001  -4.291790e-001  -4.291790e-001  -4.291790e-001  -4.291790e-001  -4.291790e-001  -4.291790e-001  -4.291790e-001  -4.291790e-001  -0.000000e+000  
-6.768064e-001  -6.768064e-001  -6.768064e-001  -6.768064e-001  -6.768064e-001  -6.768064e-001  -6.768064e-001  -6.768064e-001  -6.768064e-001  -6.768064e-001  -0.000000e+000  
-8.699530e-001  -8.699530e-001  -8.699530e-001  -8.699530e-001  -8.699530e-001  -8.699530e-001  -8.699530e-001  -8.699530e-001  -8.699530e-001  -8.699530e-001  -0.000000e+000  
-9.878144e-001  -9.878144e-001  -9.878144e-001  -9.878144e-001  -9.878144e-001  -9.878144e-001  -9.878144e-001  -9.878144e-001  -9.878144e-001  -9.878144e-001  -0.000000e+000  
-1.016005e+000  -1.016005e+000  -1.016005e+000  -1.016005e+000  -1.016005e+000  -1.016005e+000  -1.016005e+000  -1.016005e+000  -1.016005e+000  -1.016005e+000  -0.000000e+000  
-1.022885e+000  -1.022885e+000  -1.022885e+000  -1.022885e+000  -1.022885e+000  -1.022885e+000  -1.022885e+000  -1.022885e+000  -1.022885e+000  -1.022885e+000  -0.000000e+000  
-1.026331e+000  -1.026331e+000  -1.026331e+000  -1.026331e+000  -1.026331e+000  -1.026331e+000  -1.026331e+000  -1.026331e+000  -1.026331e+000  -1.026331e+000  -0.000000e+000  
-0.000000e+000  -0.000000e+000  -0.000000e+000  -0.000000e+000  -0.000000e+000  -0.000000e+000  -0.000000e+000  -0.000000e+000  -0.000000e+000  -0.000000e+000  -0.000000e+000  

