Port monitor named: Port2_h2[2.2].prt

nx        = 58
ny        = 15
nz        = 21

nu        = 11
nv        = 17
iu        = 3
iv        = 3

idir      = 0
dcut      = 5.114300e-001
icut      = 58
type      = 1
frequency = 2.200000e+009

fcutoff   = 3.126690e+009
alpha     = 4.654194e+001
beta      = 0.000000e+000
accuracy  = 1.041651e-009

type          = TE
wave imp.     = 3.732226e+002
wave imp.sig. = 6.910764e-006
line imp.     = 0.000000e+000

ref. port     = 0

0.000000e+000  0.000000e+000  0.000000e+000  0.000000e+000  0.000000e+000  0.000000e+000  0.000000e+000  0.000000e+000  0.000000e+000  0.000000e+000  0.000000e+000  
0.000000e+000  0.000000e+000  0.000000e+000  0.000000e+000  0.000000e+000  0.000000e+000  0.000000e+000  0.000000e+000  0.000000e+000  0.000000e+000  0.000000e+000  
0.000000e+000  0.000000e+000  0.000000e+000  0.000000e+000  0.000000e+000  0.000000e+000  0.000000e+000  0.000000e+000  0.000000e+000  0.000000e+000  0.000000e+000  
0.000000e+000  0.000000e+000  0.000000e+000  0.000000e+000  0.000000e+000  0.000000e+000  0.000000e+000  0.000000e+000  0.000000e+000  0.000000e+000  0.000000e+000  
0.000000e+000  0.000000e+000  0.000000e+000  0.000000e+000  0.000000e+000  0.000000e+000  0.000000e+000  0.000000e+000  0.000000e+000  0.000000e+000  0.000000e+000  
0.000000e+000  0.000000e+000  0.000000e+000  0.000000e+000  0.000000e+000  0.000000e+000  0.000000e+000  0.000000e+000  0.000000e+000  0.000000e+000  0.000000e+000  
0.000000e+000  0.000000e+000  0.000000e+000  0.000000e+000  0.000000e+000  0.000000e+000  0.000000e+000  0.000000e+000  0.000000e+000  0.000000e+000  0.000000e+000  
0.000000e+000  0.000000e+000  0.000000e+000  0.000000e+000  0.000000e+000  0.000000e+000  0.000000e+000  0.000000e+000  0.000000e+000  0.000000e+000  0.000000e+000  
0.000000e+000  0.000000e+000  0.000000e+000  0.000000e+000  0.000000e+000  0.000000e+000  0.000000e+000  0.000000e+000  0.000000e+000  0.000000e+000  0.000000e+000  
0.000000e+000  0.000000e+000  0.000000e+000  0.000000e+000  0.000000e+000  0.000000e+000  0.000000e+000  0.000000e+000  0.000000e+000  0.000000e+000  0.000000e+000  
0.000000e+000  0.000000e+000  0.000000e+000  0.000000e+000  0.000000e+000  0.000000e+000  0.000000e+000  0.000000e+000  0.000000e+000  0.000000e+000  0.000000e+000  
0.000000e+000  0.000000e+000  0.000000e+000  0.000000e+000  0.000000e+000  0.000000e+000  0.000000e+000  0.000000e+000  0.000000e+000  0.000000e+000  0.000000e+000  
0.000000e+000  0.000000e+000  0.000000e+000  0.000000e+000  0.000000e+000  0.000000e+000  0.000000e+000  0.000000e+000  0.000000e+000  0.000000e+000  0.000000e+000  
0.000000e+000  0.000000e+000  0.000000e+000  0.000000e+000  0.000000e+000  0.000000e+000  0.000000e+000  0.000000e+000  0.000000e+000  0.000000e+000  0.000000e+000  
0.000000e+000  0.000000e+000  0.000000e+000  0.000000e+000  0.000000e+000  0.000000e+000  0.000000e+000  0.000000e+000  0.000000e+000  0.000000e+000  0.000000e+000  
0.000000e+000  0.000000e+000  0.000000e+000  0.000000e+000  0.000000e+000  0.000000e+000  0.000000e+000  0.000000e+000  0.000000e+000  0.000000e+000  0.000000e+000  
0.000000e+000  0.000000e+000  0.000000e+000  0.000000e+000  0.000000e+000  0.000000e+000  0.000000e+000  0.000000e+000  0.000000e+000  0.000000e+000  0.000000e+000  

0.000000e+000  0.000000e+000  0.000000e+000  0.000000e+000  0.000000e+000  0.000000e+000  0.000000e+000  0.000000e+000  0.000000e+000  0.000000e+000  0.000000e+000  
0.000000e+000  0.000000e+000  0.000000e+000  0.000000e+000  0.000000e+000  0.000000e+000  0.000000e+000  0.000000e+000  0.000000e+000  0.000000e+000  0.000000e+000  
0.000000e+000  0.000000e+000  0.000000e+000  0.000000e+000  0.000000e+000  0.000000e+000  0.000000e+000  0.000000e+000  0.000000e+000  0.000000e+000  0.000000e+000  
0.000000e+000  0.000000e+000  0.000000e+000  0.000000e+000  0.000000e+000  0.000000e+000  0.000000e+000  0.000000e+000  0.000000e+000  0.000000e+000  0.000000e+000  
0.000000e+000  0.000000e+000  0.000000e+000  0.000000e+000  0.000000e+000  0.000000e+000  0.000000e+000  0.000000e+000  0.000000e+000  0.000000e+000  0.000000e+000  
0.000000e+000  0.000000e+000  0.000000e+000  0.000000e+000  0.000000e+000  0.000000e+000  0.000000e+000  0.000000e+000  0.000000e+000  0.000000e+000  0.000000e+000  
0.000000e+000  0.000000e+000  0.000000e+000  0.000000e+000  0.000000e+000  0.000000e+000  0.000000e+000  0.000000e+000  0.000000e+000  0.000000e+000  0.000000e+000  
0.000000e+000  0.000000e+000  0.000000e+000  0.000000e+000  0.000000e+000  0.000000e+000  0.000000e+000  0.000000e+000  0.000000e+000  0.000000e+000  0.000000e+000  
0.000000e+000  0.000000e+000  0.000000e+000  0.000000e+000  0.000000e+000  0.000000e+000  0.000000e+000  0.000000e+000  0.000000e+000  0.000000e+000  0.000000e+000  
0.000000e+000  0.000000e+000  0.000000e+000  0.000000e+000  0.000000e+000  0.000000e+000  0.000000e+000  0.000000e+000  0.000000e+000  0.000000e+000  0.000000e+000  
0.000000e+000  0.000000e+000  0.000000e+000  0.000000e+000  0.000000e+000  0.000000e+000  0.000000e+000  0.000000e+000  0.000000e+000  0.000000e+000  0.000000e+000  
0.000000e+000  0.000000e+000  0.000000e+000  0.000000e+000  0.000000e+000  0.000000e+000  0.000000e+000  0.000000e+000  0.000000e+000  0.000000e+000  0.000000e+000  
0.000000e+000  0.000000e+000  0.000000e+000  0.000000e+000  0.000000e+000  0.000000e+000  0.000000e+000  0.000000e+000  0.000000e+000  0.000000e+000  0.000000e+000  
0.000000e+000  0.000000e+000  0.000000e+000  0.000000e+000  0.000000e+000  0.000000e+000  0.000000e+000  0.000000e+000  0.000000e+000  0.000000e+000  0.000000e+000  
0.000000e+000  0.000000e+000  0.000000e+000  0.000000e+000  0.000000e+000  0.000000e+000  0.000000e+000  0.000000e+000  0.000000e+000  0.000000e+000  0.000000e+000  
0.000000e+000  0.000000e+000  0.000000e+000  0.000000e+000  0.000000e+000  0.000000e+000  0.000000e+000  0.000000e+000  0.000000e+000  0.000000e+000  0.000000e+000  
0.000000e+000  0.000000e+000  0.000000e+000  0.000000e+000  0.000000e+000  0.000000e+000  0.000000e+000  0.000000e+000  0.000000e+000  0.000000e+000  0.000000e+000  

0.000000e+000  0.000000e+000  0.000000e+000  0.000000e+000  0.000000e+000  0.000000e+000  0.000000e+000  0.000000e+000  0.000000e+000  0.000000e+000  0.000000e+000  
0.000000e+000  0.000000e+000  0.000000e+000  0.000000e+000  0.000000e+000  0.000000e+000  0.000000e+000  0.000000e+000  0.000000e+000  0.000000e+000  0.000000e+000  
0.000000e+000  0.000000e+000  0.000000e+000  0.000000e+000  0.000000e+000  0.000000e+000  0.000000e+000  0.000000e+000  0.000000e+000  0.000000e+000  0.000000e+000  
0.000000e+000  0.000000e+000  0.000000e+000  0.000000e+000  0.000000e+000  0.000000e+000  0.000000e+000  0.000000e+000  0.000000e+000  0.000000e+000  0.000000e+000  
0.000000e+000  0.000000e+000  0.000000e+000  0.000000e+000  0.000000e+000  0.000000e+000  0.000000e+000  0.000000e+000  0.000000e+000  0.000000e+000  0.000000e+000  
0.000000e+000  0.000000e+000  0.000000e+000  0.000000e+000  0.000000e+000  0.000000e+000  0.000000e+000  0.000000e+000  0.000000e+000  0.000000e+000  0.000000e+000  
0.000000e+000  0.000000e+000  0.000000e+000  0.000000e+000  0.000000e+000  0.000000e+000  0.000000e+000  0.000000e+000  0.000000e+000  0.000000e+000  0.000000e+000  
0.000000e+000  0.000000e+000  0.000000e+000  0.000000e+000  0.000000e+000  0.000000e+000  0.000000e+000  0.000000e+000  0.000000e+000  0.000000e+000  0.000000e+000  
0.000000e+000  0.000000e+000  0.000000e+000  0.000000e+000  0.000000e+000  0.000000e+000  0.000000e+000  0.000000e+000  0.000000e+000  0.000000e+000  0.000000e+000  
0.000000e+000  0.000000e+000  0.000000e+000  0.000000e+000  0.000000e+000  0.000000e+000  0.000000e+000  0.000000e+000  0.000000e+000  0.000000e+000  0.000000e+000  
0.000000e+000  0.000000e+000  0.000000e+000  0.000000e+000  0.000000e+000  0.000000e+000  0.000000e+000  0.000000e+000  0.000000e+000  0.000000e+000  0.000000e+000  
0.000000e+000  0.000000e+000  0.000000e+000  0.000000e+000  0.000000e+000  0.000000e+000  0.000000e+000  0.000000e+000  0.000000e+000  0.000000e+000  0.000000e+000  
0.000000e+000  0.000000e+000  0.000000e+000  0.000000e+000  0.000000e+000  0.000000e+000  0.000000e+000  0.000000e+000  0.000000e+000  0.000000e+000  0.000000e+000  
0.000000e+000  0.000000e+000  0.000000e+000  0.000000e+000  0.000000e+000  0.000000e+000  0.000000e+000  0.000000e+000  0.000000e+000  0.000000e+000  0.000000e+000  
0.000000e+000  0.000000e+000  0.000000e+000  0.000000e+000  0.000000e+000  0.000000e+000  0.000000e+000  0.000000e+000  0.000000e+000  0.000000e+000  0.000000e+000  
0.000000e+000  0.000000e+000  0.000000e+000  0.000000e+000  0.000000e+000  0.000000e+000  0.000000e+000  0.000000e+000  0.000000e+000  0.000000e+000  0.000000e+000  
0.000000e+000  0.000000e+000  0.000000e+000  0.000000e+000  0.000000e+000  0.000000e+000  0.000000e+000  0.000000e+000  0.000000e+000  0.000000e+000  0.000000e+000  

-0.000000e+000  7.598100e-009  -1.892758e-008  -1.348386e-008  -1.989489e-008  5.725847e-009  2.740129e-008  2.066941e-008  3.499480e-010  7.832444e-009  -0.000000e+000  
-0.000000e+000  -5.411121e-009  -1.098312e-008  -2.015918e-008  -2.698156e-008  -9.361995e-009  1.947364e-008  1.217298e-008  1.187144e-008  1.603643e-008  -0.000000e+000  
-0.000000e+000  -1.946570e-008  -7.128202e-010  -1.961483e-008  -2.500118e-008  6.369919e-010  2.276067e-008  1.627161e-008  2.609424e-008  -1.333713e-008  -0.000000e+000  
-0.000000e+000  -2.987618e-010  -2.739734e-009  -5.070456e-009  -1.677071e-008  5.441084e-010  1.680968e-008  5.829184e-009  1.182879e-009  2.872029e-009  -0.000000e+000  
-0.000000e+000  7.756357e-010  6.552417e-010  1.869541e-009  -2.065565e-008  -3.799622e-010  2.065219e-008  -1.761183e-009  -8.058621e-010  -1.204133e-009  -0.000000e+000  
-0.000000e+000  -4.118394e-009  -2.440047e-009  -3.426512e-009  -0.000000e+000  -9.069102e-011  -2.738326e-010  3.169025e-009  3.176020e-009  2.556273e-009  -0.000000e+000  
-0.000000e+000  -1.814315e-009  -9.739795e-009  -1.035451e-008  1.362109e-008  -1.778578e-010  -1.378955e-008  1.048876e-008  7.131229e-009  1.929967e-009  -0.000000e+000  
-0.000000e+000  -3.934272e-009  -8.255034e-009  -1.468129e-008  2.107135e-008  4.294199e-010  -2.082980e-008  1.465736e-008  8.634237e-009  6.093284e-009  -0.000000e+000  
-0.000000e+000  -4.264090e-009  -1.030015e-008  -1.457082e-008  2.109765e-008  7.041289e-011  -2.116312e-008  1.455702e-008  1.080435e-008  3.447419e-009  -0.000000e+000  
-0.000000e+000  -6.299615e-009  -4.563346e-009  -1.058316e-008  1.353425e-008  -1.995985e-010  -1.392381e-008  1.026914e-008  9.029546e-009  4.383457e-009  -0.000000e+000  
-0.000000e+000  5.483034e-010  -5.854295e-009  -3.706395e-009  4.362919e-011  -7.336534e-010  4.974876e-010  3.651665e-009  -1.178279e-009  2.899578e-009  -0.000000e+000  
-0.000000e+000  8.995132e-010  1.970975e-009  1.944130e-009  -2.106617e-008  3.824120e-010  2.015780e-008  -1.494134e-009  8.350194e-010  -1.187956e-009  -0.000000e+000  
-0.000000e+000  -3.880197e-009  -2.848859e-009  -5.674507e-009  -1.631664e-008  -9.102577e-010  1.613546e-008  5.087109e-009  3.025107e-009  1.901613e-009  -0.000000e+000  
-0.000000e+000  -1.045439e-008  1.650287e-009  -2.171306e-008  -2.627482e-008  9.200216e-009  3.285098e-008  1.208526e-008  2.215353e-008  -1.021764e-008  -0.000000e+000  
-0.000000e+000  1.319141e-009  -2.031487e-008  -4.788797e-009  -2.066969e-008  -1.577274e-008  1.989765e-008  3.065963e-008  -3.708194e-009  1.462107e-008  -0.000000e+000  
-0.000000e+000  -5.567913e-009  -1.509371e-008  -2.259797e-008  -2.578302e-008  9.868414e-009  2.060049e-008  6.105622e-009  1.583832e-008  9.770600e-009  -0.000000e+000  
-0.000000e+000  -0.000000e+000  -0.000000e+000  -0.000000e+000  -0.000000e+000  -0.000000e+000  -0.000000e+000  -0.000000e+000  -0.000000e+000  -0.000000e+000  -0.000000e+000  

-0.000000e+000  -0.000000e+000  -0.000000e+000  -0.000000e+000  -0.000000e+000  -0.000000e+000  -0.000000e+000  -0.000000e+000  -0.000000e+000  -0.000000e+000  -0.000000e+000  
-1.365385e-001  -1.365385e-001  -1.365385e-001  -1.365385e-001  -1.365385e-001  -1.365385e-001  -1.365385e-001  -1.365385e-001  -1.365385e-001  -1.365385e-001  -0.000000e+000  
-2.712645e-001  -2.712644e-001  -2.712644e-001  -2.712644e-001  -2.712644e-001  -2.712644e-001  -2.712644e-001  -2.712644e-001  -2.712645e-001  -2.712644e-001  -0.000000e+000  
-4.023892e-001  -4.023892e-001  -4.023892e-001  -4.023892e-001  -4.023892e-001  -4.023892e-001  -4.023892e-001  -4.023892e-001  -4.023892e-001  -4.023892e-001  -0.000000e+000  
-9.240715e-001  -9.240715e-001  -9.240715e-001  -9.240715e-001  -9.240715e-001  -9.240715e-001  -9.240715e-001  -9.240715e-001  -9.240715e-001  -9.240715e-001  -0.000000e+000  
-1.212917e+000  -1.212917e+000  -1.212917e+000  -1.212917e+000  -1.212917e+000  -1.212917e+000  -1.212917e+000  -1.212917e+000  -1.212917e+000  -1.212917e+000  -0.000000e+000  
-1.115730e+000  -1.115730e+000  -1.115730e+000  -1.115730e+000  -1.115730e+000  -1.115730e+000  -1.115730e+000  -1.115730e+000  -1.115730e+000  -1.115730e+000  -0.000000e+000  
-6.634411e-001  -6.634411e-001  -6.634411e-001  -6.634411e-001  -6.634411e-001  -6.634411e-001  -6.634411e-001  -6.634411e-001  -6.634411e-001  -6.634411e-001  -0.000000e+000  
-6.893141e-009  7.688532e-009  -8.414713e-010  -5.852268e-011  -5.297179e-011  2.113598e-010  -1.097183e-010  6.381089e-009  -5.438637e-009  -6.940720e-011  -0.000000e+000  
6.634411e-001  6.634411e-001  6.634411e-001  6.634411e-001  6.634411e-001  6.634411e-001  6.634411e-001  6.634411e-001  6.634411e-001  6.634411e-001  -0.000000e+000  
1.115730e+000  1.115730e+000  1.115730e+000  1.115730e+000  1.115730e+000  1.115730e+000  1.115730e+000  1.115730e+000  1.115730e+000  1.115730e+000  -0.000000e+000  
1.212917e+000  1.212917e+000  1.212917e+000  1.212917e+000  1.212917e+000  1.212917e+000  1.212917e+000  1.212917e+000  1.212917e+000  1.212917e+000  -0.000000e+000  
9.240715e-001  9.240715e-001  9.240715e-001  9.240715e-001  9.240715e-001  9.240715e-001  9.240715e-001  9.240715e-001  9.240715e-001  9.240715e-001  -0.000000e+000  
4.023892e-001  4.023892e-001  4.023892e-001  4.023892e-001  4.023892e-001  4.023892e-001  4.023892e-001  4.023892e-001  4.023892e-001  4.023892e-001  -0.000000e+000  
2.712644e-001  2.712644e-001  2.712645e-001  2.712644e-001  2.712644e-001  2.712644e-001  2.712644e-001  2.712644e-001  2.712645e-001  2.712644e-001  -0.000000e+000  
1.365385e-001  1.365385e-001  1.365385e-001  1.365385e-001  1.365385e-001  1.365385e-001  1.365385e-001  1.365385e-001  1.365385e-001  1.365385e-001  -0.000000e+000  
-0.000000e+000  -0.000000e+000  -0.000000e+000  -0.000000e+000  -0.000000e+000  -0.000000e+000  -0.000000e+000  -0.000000e+000  -0.000000e+000  -0.000000e+000  -0.000000e+000  

-1.667979e+000  -1.667979e+000  -1.667979e+000  -1.667979e+000  -1.667979e+000  -1.667979e+000  -1.667979e+000  -1.667979e+000  -1.667979e+000  -1.667979e+000  -0.000000e+000  
-1.645836e+000  -1.645836e+000  -1.645836e+000  -1.645836e+000  -1.645836e+000  -1.645836e+000  -1.645836e+000  -1.645836e+000  -1.645836e+000  -1.645836e+000  -0.000000e+000  
-1.601844e+000  -1.601844e+000  -1.601844e+000  -1.601844e+000  -1.601844e+000  -1.601844e+000  -1.601844e+000  -1.601844e+000  -1.601844e+000  -1.601844e+000  -0.000000e+000  
-1.423097e+000  -1.423097e+000  -1.423097e+000  -1.423097e+000  -1.423097e+000  -1.423097e+000  -1.423097e+000  -1.423097e+000  -1.423097e+000  -1.423097e+000  -0.000000e+000  
-7.206559e-001  -7.206559e-001  -7.206559e-001  -7.206559e-001  -7.206559e-001  -7.206559e-001  -7.206559e-001  -7.206559e-001  -7.206559e-001  -7.206559e-001  -0.000000e+000  
2.424777e-001  2.424777e-001  2.424777e-001  2.424777e-001  2.424777e-001  2.424777e-001  2.424777e-001  2.424777e-001  2.424777e-001  2.424777e-001  -0.000000e+000  
1.128438e+000  1.128438e+000  1.128438e+000  1.128438e+000  1.128438e+000  1.128438e+000  1.128438e+000  1.128438e+000  1.128438e+000  1.128438e+000  -0.000000e+000  
1.655253e+000  1.655253e+000  1.655253e+000  1.655253e+000  1.655253e+000  1.655253e+000  1.655253e+000  1.655253e+000  1.655253e+000  1.655253e+000  -0.000000e+000  
1.655253e+000  1.655253e+000  1.655253e+000  1.655253e+000  1.655253e+000  1.655253e+000  1.655253e+000  1.655253e+000  1.655253e+000  1.655253e+000  -0.000000e+000  
1.128438e+000  1.128438e+000  1.128438e+000  1.128438e+000  1.128438e+000  1.128438e+000  1.128438e+000  1.128438e+000  1.128438e+000  1.128438e+000  -0.000000e+000  
2.424777e-001  2.424777e-001  2.424777e-001  2.424777e-001  2.424777e-001  2.424777e-001  2.424777e-001  2.424777e-001  2.424777e-001  2.424777e-001  -0.000000e+000  
-7.206559e-001  -7.206559e-001  -7.206559e-001  -7.206559e-001  -7.206559e-001  -7.206559e-001  -7.206559e-001  -7.206559e-001  -7.206559e-001  -7.206559e-001  -0.000000e+000  
-1.423097e+000  -1.423097e+000  -1.423097e+000  -1.423097e+000  -1.423097e+000  -1.423097e+000  -1.423097e+000  -1.423097e+000  -1.423097e+000  -1.423097e+000  -0.000000e+000  
-1.601844e+000  -1.601844e+000  -1.601844e+000  -1.601844e+000  -1.601844e+000  -1.601844e+000  -1.601844e+000  -1.601844e+000  -1.601844e+000  -1.601844e+000  -0.000000e+000  
-1.645836e+000  -1.645836e+000  -1.645836e+000  -1.645836e+000  -1.645836e+000  -1.645836e+000  -1.645836e+000  -1.645836e+000  -1.645836e+000  -1.645836e+000  -0.000000e+000  
-1.667979e+000  -1.667979e+000  -1.667979e+000  -1.667979e+000  -1.667979e+000  -1.667979e+000  -1.667979e+000  -1.667979e+000  -1.667979e+000  -1.667979e+000  -0.000000e+000  
-0.000000e+000  -0.000000e+000  -0.000000e+000  -0.000000e+000  -0.000000e+000  -0.000000e+000  -0.000000e+000  -0.000000e+000  -0.000000e+000  -0.000000e+000  -0.000000e+000  

