Port monitor named: Port1_h1.prt

nx        = 3
ny        = 13
nz        = 19

nu        = 11
nv        = 17
iu        = 2
iv        = 2

idir      = 0
dcut      = 1.143000e-002
icut      = 1
type      = 1
frequency = 2.200000e+009

fcutoff   = 1.572048e+009
alpha     = 0.000000e+000
beta      = 3.224961e+001
accuracy  = 1.752182e-010

type          = TE
wave imp.     = 5.386268e+002
wave imp.sig. = 9.229248e-006
line imp.     = 0.000000e+000

ref. port     = 0

-0.000000e+000  9.849304e-010  6.818986e-009  6.341229e-009  1.054639e-008  8.891172e-011  -7.226538e-009  -5.501437e-009  -4.209994e-009  -6.507863e-010  -0.000000e+000  
-0.000000e+000  3.900748e-009  2.956879e-009  9.278737e-009  9.351416e-009  -8.891172e-011  -1.353565e-008  -8.626762e-009  1.485393e-009  -8.310467e-009  -0.000000e+000  
-0.000000e+000  -9.740343e-011  3.879431e-009  3.862926e-009  9.592260e-009  3.216579e-011  -8.564184e-009  -6.482572e-009  -1.082721e-008  3.124557e-009  -0.000000e+000  
-0.000000e+000  6.758709e-010  6.991592e-010  1.870164e-009  7.693979e-009  -2.793581e-011  -7.769233e-009  -1.289110e-009  -1.490878e-009  -8.253055e-010  -0.000000e+000  
-0.000000e+000  -3.470079e-010  -1.968560e-009  -3.705541e-009  1.246773e-008  -6.717968e-011  -1.238055e-008  3.249002e-009  2.784302e-009  1.064901e-009  -0.000000e+000  
-0.000000e+000  -1.888387e-009  -2.388111e-009  -3.154856e-009  7.231400e-009  3.083051e-011  -7.285708e-009  3.395848e-009  2.063014e-009  1.382823e-009  -0.000000e+000  
-0.000000e+000  -7.885599e-010  -1.661581e-009  -2.299893e-009  4.212231e-009  9.092555e-011  -4.223601e-009  2.363563e-009  1.493457e-009  7.797711e-010  -0.000000e+000  
-0.000000e+000  2.985019e-010  -4.623353e-010  -9.420968e-010  1.367942e-009  -3.559548e-011  -1.325424e-009  8.747738e-010  5.284904e-010  1.946474e-010  -0.000000e+000  
-0.000000e+000  -3.033287e-010  8.166033e-010  8.321833e-010  -1.337226e-009  2.130257e-011  1.428569e-009  -8.674201e-010  -4.672905e-010  -5.321805e-011  -0.000000e+000  
-0.000000e+000  1.516896e-009  1.325787e-009  2.180890e-009  -4.168658e-009  -5.644632e-011  4.080678e-009  -2.598584e-009  -1.132681e-009  -8.595950e-010  -0.000000e+000  
-0.000000e+000  6.386215e-010  2.048801e-009  3.634986e-009  -7.249642e-009  -0.000000e+000  7.272767e-009  -3.200866e-009  -2.233645e-009  -1.253162e-009  -0.000000e+000  
-0.000000e+000  4.788504e-010  2.708500e-009  3.532999e-009  -1.258479e-008  2.823209e-011  1.246410e-008  -3.302025e-009  -2.844854e-009  -1.201805e-009  -0.000000e+000  
-0.000000e+000  5.071581e-010  -1.590441e-009  -1.848861e-009  -7.734589e-009  1.455832e-011  7.555110e-009  1.571280e-009  1.458045e-009  5.952097e-010  -0.000000e+000  
-0.000000e+000  -2.988174e-009  -4.800333e-009  -6.916022e-009  -7.653873e-009  1.522636e-010  1.183007e-008  6.703670e-009  4.730891e-009  -3.406559e-010  -0.000000e+000  
-0.000000e+000  -3.612069e-009  6.315541e-010  -5.800281e-009  -1.051059e-008  1.324999e-011  8.220636e-009  4.209387e-009  1.975401e-009  5.156760e-009  -0.000000e+000  
-0.000000e+000  -1.576491e-009  -7.559082e-009  -7.233354e-009  -1.082318e-008  -1.655136e-010  1.007633e-008  8.842350e-009  6.037358e-009  1.755206e-009  -0.000000e+000  
-0.000000e+000  -0.000000e+000  -0.000000e+000  -0.000000e+000  -0.000000e+000  -0.000000e+000  -0.000000e+000  -0.000000e+000  -0.000000e+000  -0.000000e+000  -0.000000e+000  

-0.000000e+000  -0.000000e+000  -0.000000e+000  -0.000000e+000  -0.000000e+000  -0.000000e+000  -0.000000e+000  -0.000000e+000  -0.000000e+000  -0.000000e+000  -0.000000e+000  
5.821293e-002  5.821292e-002  5.821293e-002  5.821293e-002  5.821293e-002  5.821293e-002  5.821293e-002  5.821293e-002  5.821293e-002  5.821293e-002  -0.000000e+000  
1.162304e-001  1.162304e-001  1.162304e-001  1.162304e-001  1.162304e-001  1.162304e-001  1.162304e-001  1.162304e-001  1.162304e-001  1.162304e-001  -0.000000e+000  
1.738576e-001  1.738576e-001  1.738576e-001  1.738576e-001  1.738576e-001  1.738576e-001  1.738576e-001  1.738576e-001  1.738576e-001  1.738576e-001  -0.000000e+000  
4.247654e-001  4.247654e-001  4.247654e-001  4.247654e-001  4.247654e-001  4.247654e-001  4.247654e-001  4.247654e-001  4.247654e-001  4.247654e-001  -0.000000e+000  
6.663677e-001  6.663677e-001  6.663677e-001  6.663677e-001  6.663677e-001  6.663677e-001  6.663677e-001  6.663677e-001  6.663677e-001  6.663677e-001  -0.000000e+000  
8.543296e-001  8.543296e-001  8.543296e-001  8.543296e-001  8.543296e-001  8.543296e-001  8.543296e-001  8.543296e-001  8.543296e-001  8.543296e-001  -0.000000e+000  
9.735207e-001  9.735207e-001  9.735207e-001  9.735207e-001  9.735207e-001  9.735207e-001  9.735207e-001  9.735207e-001  9.735207e-001  9.735207e-001  -0.000000e+000  
1.014347e+000  1.014347e+000  1.014347e+000  1.014347e+000  1.014347e+000  1.014347e+000  1.014347e+000  1.014347e+000  1.014347e+000  1.014347e+000  -0.000000e+000  
9.735207e-001  9.735207e-001  9.735207e-001  9.735207e-001  9.735207e-001  9.735207e-001  9.735207e-001  9.735207e-001  9.735207e-001  9.735207e-001  -0.000000e+000  
8.543296e-001  8.543296e-001  8.543296e-001  8.543296e-001  8.543296e-001  8.543296e-001  8.543296e-001  8.543296e-001  8.543296e-001  8.543296e-001  -0.000000e+000  
6.663677e-001  6.663677e-001  6.663677e-001  6.663677e-001  6.663677e-001  6.663677e-001  6.663677e-001  6.663677e-001  6.663677e-001  6.663677e-001  -0.000000e+000  
4.247654e-001  4.247654e-001  4.247654e-001  4.247654e-001  4.247654e-001  4.247654e-001  4.247654e-001  4.247654e-001  4.247654e-001  4.247654e-001  -0.000000e+000  
1.738576e-001  1.738576e-001  1.738576e-001  1.738576e-001  1.738576e-001  1.738576e-001  1.738576e-001  1.738576e-001  1.738576e-001  1.738576e-001  -0.000000e+000  
1.162304e-001  1.162304e-001  1.162304e-001  1.162304e-001  1.162304e-001  1.162304e-001  1.162304e-001  1.162304e-001  1.162304e-001  1.162304e-001  -0.000000e+000  
5.821293e-002  5.821292e-002  5.821293e-002  5.821293e-002  5.821293e-002  5.821293e-002  5.821293e-002  5.821293e-002  5.821292e-002  5.821293e-002  -0.000000e+000  
-0.000000e+000  -0.000000e+000  -0.000000e+000  -0.000000e+000  -0.000000e+000  -0.000000e+000  -0.000000e+000  -0.000000e+000  -0.000000e+000  -0.000000e+000  -0.000000e+000  

0.000000e+000  0.000000e+000  0.000000e+000  0.000000e+000  0.000000e+000  0.000000e+000  0.000000e+000  0.000000e+000  0.000000e+000  0.000000e+000  0.000000e+000  
0.000000e+000  0.000000e+000  0.000000e+000  0.000000e+000  0.000000e+000  0.000000e+000  0.000000e+000  0.000000e+000  0.000000e+000  0.000000e+000  0.000000e+000  
0.000000e+000  0.000000e+000  0.000000e+000  0.000000e+000  0.000000e+000  0.000000e+000  0.000000e+000  0.000000e+000  0.000000e+000  0.000000e+000  0.000000e+000  
0.000000e+000  0.000000e+000  0.000000e+000  0.000000e+000  0.000000e+000  0.000000e+000  0.000000e+000  0.000000e+000  0.000000e+000  0.000000e+000  0.000000e+000  
0.000000e+000  0.000000e+000  0.000000e+000  0.000000e+000  0.000000e+000  0.000000e+000  0.000000e+000  0.000000e+000  0.000000e+000  0.000000e+000  0.000000e+000  
0.000000e+000  0.000000e+000  0.000000e+000  0.000000e+000  0.000000e+000  0.000000e+000  0.000000e+000  0.000000e+000  0.000000e+000  0.000000e+000  0.000000e+000  
0.000000e+000  0.000000e+000  0.000000e+000  0.000000e+000  0.000000e+000  0.000000e+000  0.000000e+000  0.000000e+000  0.000000e+000  0.000000e+000  0.000000e+000  
0.000000e+000  0.000000e+000  0.000000e+000  0.000000e+000  0.000000e+000  0.000000e+000  0.000000e+000  0.000000e+000  0.000000e+000  0.000000e+000  0.000000e+000  
0.000000e+000  0.000000e+000  0.000000e+000  0.000000e+000  0.000000e+000  0.000000e+000  0.000000e+000  0.000000e+000  0.000000e+000  0.000000e+000  0.000000e+000  
0.000000e+000  0.000000e+000  0.000000e+000  0.000000e+000  0.000000e+000  0.000000e+000  0.000000e+000  0.000000e+000  0.000000e+000  0.000000e+000  0.000000e+000  
0.000000e+000  0.000000e+000  0.000000e+000  0.000000e+000  0.000000e+000  0.000000e+000  0.000000e+000  0.000000e+000  0.000000e+000  0.000000e+000  0.000000e+000  
0.000000e+000  0.000000e+000  0.000000e+000  0.000000e+000  0.000000e+000  0.000000e+000  0.000000e+000  0.000000e+000  0.000000e+000  0.000000e+000  0.000000e+000  
0.000000e+000  0.000000e+000  0.000000e+000  0.000000e+000  0.000000e+000  0.000000e+000  0.000000e+000  0.000000e+000  0.000000e+000  0.000000e+000  0.000000e+000  
0.000000e+000  0.000000e+000  0.000000e+000  0.000000e+000  0.000000e+000  0.000000e+000  0.000000e+000  0.000000e+000  0.000000e+000  0.000000e+000  0.000000e+000  
0.000000e+000  0.000000e+000  0.000000e+000  0.000000e+000  0.000000e+000  0.000000e+000  0.000000e+000  0.000000e+000  0.000000e+000  0.000000e+000  0.000000e+000  
0.000000e+000  0.000000e+000  0.000000e+000  0.000000e+000  0.000000e+000  0.000000e+000  0.000000e+000  0.000000e+000  0.000000e+000  0.000000e+000  0.000000e+000  
0.000000e+000  0.000000e+000  0.000000e+000  0.000000e+000  0.000000e+000  0.000000e+000  0.000000e+000  0.000000e+000  0.000000e+000  0.000000e+000  0.000000e+000  

0.000000e+000  0.000000e+000  0.000000e+000  0.000000e+000  0.000000e+000  0.000000e+000  0.000000e+000  0.000000e+000  0.000000e+000  0.000000e+000  0.000000e+000  
0.000000e+000  0.000000e+000  0.000000e+000  0.000000e+000  0.000000e+000  0.000000e+000  0.000000e+000  0.000000e+000  0.000000e+000  0.000000e+000  0.000000e+000  
0.000000e+000  0.000000e+000  0.000000e+000  0.000000e+000  0.000000e+000  0.000000e+000  0.000000e+000  0.000000e+000  0.000000e+000  0.000000e+000  0.000000e+000  
0.000000e+000  0.000000e+000  0.000000e+000  0.000000e+000  0.000000e+000  0.000000e+000  0.000000e+000  0.000000e+000  0.000000e+000  0.000000e+000  0.000000e+000  
0.000000e+000  0.000000e+000  0.000000e+000  0.000000e+000  0.000000e+000  0.000000e+000  0.000000e+000  0.000000e+000  0.000000e+000  0.000000e+000  0.000000e+000  
0.000000e+000  0.000000e+000  0.000000e+000  0.000000e+000  0.000000e+000  0.000000e+000  0.000000e+000  0.000000e+000  0.000000e+000  0.000000e+000  0.000000e+000  
0.000000e+000  0.000000e+000  0.000000e+000  0.000000e+000  0.000000e+000  0.000000e+000  0.000000e+000  0.000000e+000  0.000000e+000  0.000000e+000  0.000000e+000  
0.000000e+000  0.000000e+000  0.000000e+000  0.000000e+000  0.000000e+000  0.000000e+000  0.000000e+000  0.000000e+000  0.000000e+000  0.000000e+000  0.000000e+000  
0.000000e+000  0.000000e+000  0.000000e+000  0.000000e+000  0.000000e+000  0.000000e+000  0.000000e+000  0.000000e+000  0.000000e+000  0.000000e+000  0.000000e+000  
0.000000e+000  0.000000e+000  0.000000e+000  0.000000e+000  0.000000e+000  0.000000e+000  0.000000e+000  0.000000e+000  0.000000e+000  0.000000e+000  0.000000e+000  
0.000000e+000  0.000000e+000  0.000000e+000  0.000000e+000  0.000000e+000  0.000000e+000  0.000000e+000  0.000000e+000  0.000000e+000  0.000000e+000  0.000000e+000  
0.000000e+000  0.000000e+000  0.000000e+000  0.000000e+000  0.000000e+000  0.000000e+000  0.000000e+000  0.000000e+000  0.000000e+000  0.000000e+000  0.000000e+000  
0.000000e+000  0.000000e+000  0.000000e+000  0.000000e+000  0.000000e+000  0.000000e+000  0.000000e+000  0.000000e+000  0.000000e+000  0.000000e+000  0.000000e+000  
0.000000e+000  0.000000e+000  0.000000e+000  0.000000e+000  0.000000e+000  0.000000e+000  0.000000e+000  0.000000e+000  0.000000e+000  0.000000e+000  0.000000e+000  
0.000000e+000  0.000000e+000  0.000000e+000  0.000000e+000  0.000000e+000  0.000000e+000  0.000000e+000  0.000000e+000  0.000000e+000  0.000000e+000  0.000000e+000  
0.000000e+000  0.000000e+000  0.000000e+000  0.000000e+000  0.000000e+000  0.000000e+000  0.000000e+000  0.000000e+000  0.000000e+000  0.000000e+000  0.000000e+000  
0.000000e+000  0.000000e+000  0.000000e+000  0.000000e+000  0.000000e+000  0.000000e+000  0.000000e+000  0.000000e+000  0.000000e+000  0.000000e+000  0.000000e+000  

0.000000e+000  0.000000e+000  0.000000e+000  0.000000e+000  0.000000e+000  0.000000e+000  0.000000e+000  0.000000e+000  0.000000e+000  0.000000e+000  0.000000e+000  
0.000000e+000  0.000000e+000  0.000000e+000  0.000000e+000  0.000000e+000  0.000000e+000  0.000000e+000  0.000000e+000  0.000000e+000  0.000000e+000  0.000000e+000  
0.000000e+000  0.000000e+000  0.000000e+000  0.000000e+000  0.000000e+000  0.000000e+000  0.000000e+000  0.000000e+000  0.000000e+000  0.000000e+000  0.000000e+000  
0.000000e+000  0.000000e+000  0.000000e+000  0.000000e+000  0.000000e+000  0.000000e+000  0.000000e+000  0.000000e+000  0.000000e+000  0.000000e+000  0.000000e+000  
0.000000e+000  0.000000e+000  0.000000e+000  0.000000e+000  0.000000e+000  0.000000e+000  0.000000e+000  0.000000e+000  0.000000e+000  0.000000e+000  0.000000e+000  
0.000000e+000  0.000000e+000  0.000000e+000  0.000000e+000  0.000000e+000  0.000000e+000  0.000000e+000  0.000000e+000  0.000000e+000  0.000000e+000  0.000000e+000  
0.000000e+000  0.000000e+000  0.000000e+000  0.000000e+000  0.000000e+000  0.000000e+000  0.000000e+000  0.000000e+000  0.000000e+000  0.000000e+000  0.000000e+000  
0.000000e+000  0.000000e+000  0.000000e+000  0.000000e+000  0.000000e+000  0.000000e+000  0.000000e+000  0.000000e+000  0.000000e+000  0.000000e+000  0.000000e+000  
0.000000e+000  0.000000e+000  0.000000e+000  0.000000e+000  0.000000e+000  0.000000e+000  0.000000e+000  0.000000e+000  0.000000e+000  0.000000e+000  0.000000e+000  
0.000000e+000  0.000000e+000  0.000000e+000  0.000000e+000  0.000000e+000  0.000000e+000  0.000000e+000  0.000000e+000  0.000000e+000  0.000000e+000  0.000000e+000  
0.000000e+000  0.000000e+000  0.000000e+000  0.000000e+000  0.000000e+000  0.000000e+000  0.000000e+000  0.000000e+000  0.000000e+000  0.000000e+000  0.000000e+000  
0.000000e+000  0.000000e+000  0.000000e+000  0.000000e+000  0.000000e+000  0.000000e+000  0.000000e+000  0.000000e+000  0.000000e+000  0.000000e+000  0.000000e+000  
0.000000e+000  0.000000e+000  0.000000e+000  0.000000e+000  0.000000e+000  0.000000e+000  0.000000e+000  0.000000e+000  0.000000e+000  0.000000e+000  0.000000e+000  
0.000000e+000  0.000000e+000  0.000000e+000  0.000000e+000  0.000000e+000  0.000000e+000  0.000000e+000  0.000000e+000  0.000000e+000  0.000000e+000  0.000000e+000  
0.000000e+000  0.000000e+000  0.000000e+000  0.000000e+000  0.000000e+000  0.000000e+000  0.000000e+000  0.000000e+000  0.000000e+000  0.000000e+000  0.000000e+000  
0.000000e+000  0.000000e+000  0.000000e+000  0.000000e+000  0.000000e+000  0.000000e+000  0.000000e+000  0.000000e+000  0.000000e+000  0.000000e+000  0.000000e+000  
0.000000e+000  0.000000e+000  0.000000e+000  0.000000e+000  0.000000e+000  0.000000e+000  0.000000e+000  0.000000e+000  0.000000e+000  0.000000e+000  0.000000e+000  

-1.026301e+000  -1.026301e+000  -1.026301e+000  -1.026301e+000  -1.026301e+000  -1.026301e+000  -1.026301e+000  -1.026301e+000  -1.026301e+000  -1.026301e+000  0.000000e+000  
-1.022856e+000  -1.022856e+000  -1.022856e+000  -1.022856e+000  -1.022856e+000  -1.022856e+000  -1.022856e+000  -1.022856e+000  -1.022856e+000  -1.022856e+000  0.000000e+000  
-1.015975e+000  -1.015975e+000  -1.015975e+000  -1.015975e+000  -1.015975e+000  -1.015975e+000  -1.015975e+000  -1.015975e+000  -1.015975e+000  -1.015975e+000  0.000000e+000  
-9.877855e-001  -9.877855e-001  -9.877855e-001  -9.877855e-001  -9.877855e-001  -9.877855e-001  -9.877855e-001  -9.877855e-001  -9.877855e-001  -9.877855e-001  0.000000e+000  
-8.699275e-001  -8.699275e-001  -8.699275e-001  -8.699275e-001  -8.699276e-001  -8.699276e-001  -8.699275e-001  -8.699275e-001  -8.699275e-001  -8.699275e-001  0.000000e+000  
-6.767866e-001  -6.767866e-001  -6.767866e-001  -6.767866e-001  -6.767866e-001  -6.767866e-001  -6.767866e-001  -6.767866e-001  -6.767866e-001  -6.767866e-001  0.000000e+000  
-4.291665e-001  -4.291665e-001  -4.291665e-001  -4.291665e-001  -4.291665e-001  -4.291665e-001  -4.291665e-001  -4.291665e-001  -4.291665e-001  -4.291665e-001  0.000000e+000  
-1.469998e-001  -1.469998e-001  -1.469998e-001  -1.469998e-001  -1.469998e-001  -1.469998e-001  -1.469998e-001  -1.469998e-001  -1.469998e-001  -1.469998e-001  0.000000e+000  
1.469998e-001  1.469998e-001  1.469998e-001  1.469998e-001  1.469998e-001  1.469998e-001  1.469998e-001  1.469998e-001  1.469998e-001  1.469998e-001  0.000000e+000  
4.291665e-001  4.291665e-001  4.291665e-001  4.291665e-001  4.291665e-001  4.291665e-001  4.291665e-001  4.291665e-001  4.291665e-001  4.291665e-001  0.000000e+000  
6.767866e-001  6.767866e-001  6.767866e-001  6.767866e-001  6.767866e-001  6.767866e-001  6.767866e-001  6.767866e-001  6.767866e-001  6.767866e-001  0.000000e+000  
8.699275e-001  8.699275e-001  8.699275e-001  8.699275e-001  8.699276e-001  8.699276e-001  8.699275e-001  8.699275e-001  8.699275e-001  8.699275e-001  0.000000e+000  
9.877855e-001  9.877855e-001  9.877855e-001  9.877855e-001  9.877855e-001  9.877855e-001  9.877855e-001  9.877855e-001  9.877855e-001  9.877855e-001  0.000000e+000  
1.015975e+000  1.015975e+000  1.015975e+000  1.015975e+000  1.015975e+000  1.015975e+000  1.015975e+000  1.015975e+000  1.015975e+000  1.015975e+000  0.000000e+000  
1.022856e+000  1.022856e+000  1.022856e+000  1.022856e+000  1.022856e+000  1.022856e+000  1.022856e+000  1.022856e+000  1.022856e+000  1.022856e+000  0.000000e+000  
1.026301e+000  1.026301e+000  1.026301e+000  1.026301e+000  1.026301e+000  1.026301e+000  1.026301e+000  1.026301e+000  1.026301e+000  1.026301e+000  0.000000e+000  
0.000000e+000  0.000000e+000  0.000000e+000  0.000000e+000  0.000000e+000  0.000000e+000  0.000000e+000  0.000000e+000  0.000000e+000  0.000000e+000  0.000000e+000  

