Port monitor named: Port2_h2.prt

nx        = 3
ny        = 13
nz        = 19

nu        = 11
nv        = 17
iu        = 2
iv        = 2

idir      = 0
dcut      = 5.114300e-001
icut      = 3
type      = 1
frequency = 2.200000e+009

fcutoff   = 3.126509e+009
alpha     = 4.654063e+001
beta      = 0.000000e+000
accuracy  = 7.954614e-010

type          = TE
wave imp.     = 3.732331e+002
wave imp.sig. = 6.496604e-006
line imp.     = 0.000000e+000

ref. port     = 0

0.000000e+000  0.000000e+000  0.000000e+000  0.000000e+000  0.000000e+000  0.000000e+000  0.000000e+000  0.000000e+000  0.000000e+000  0.000000e+000  0.000000e+000  
0.000000e+000  0.000000e+000  0.000000e+000  0.000000e+000  0.000000e+000  0.000000e+000  0.000000e+000  0.000000e+000  0.000000e+000  0.000000e+000  0.000000e+000  
0.000000e+000  0.000000e+000  0.000000e+000  0.000000e+000  0.000000e+000  0.000000e+000  0.000000e+000  0.000000e+000  0.000000e+000  0.000000e+000  0.000000e+000  
0.000000e+000  0.000000e+000  0.000000e+000  0.000000e+000  0.000000e+000  0.000000e+000  0.000000e+000  0.000000e+000  0.000000e+000  0.000000e+000  0.000000e+000  
0.000000e+000  0.000000e+000  0.000000e+000  0.000000e+000  0.000000e+000  0.000000e+000  0.000000e+000  0.000000e+000  0.000000e+000  0.000000e+000  0.000000e+000  
0.000000e+000  0.000000e+000  0.000000e+000  0.000000e+000  0.000000e+000  0.000000e+000  0.000000e+000  0.000000e+000  0.000000e+000  0.000000e+000  0.000000e+000  
0.000000e+000  0.000000e+000  0.000000e+000  0.000000e+000  0.000000e+000  0.000000e+000  0.000000e+000  0.000000e+000  0.000000e+000  0.000000e+000  0.000000e+000  
0.000000e+000  0.000000e+000  0.000000e+000  0.000000e+000  0.000000e+000  0.000000e+000  0.000000e+000  0.000000e+000  0.000000e+000  0.000000e+000  0.000000e+000  
0.000000e+000  0.000000e+000  0.000000e+000  0.000000e+000  0.000000e+000  0.000000e+000  0.000000e+000  0.000000e+000  0.000000e+000  0.000000e+000  0.000000e+000  
0.000000e+000  0.000000e+000  0.000000e+000  0.000000e+000  0.000000e+000  0.000000e+000  0.000000e+000  0.000000e+000  0.000000e+000  0.000000e+000  0.000000e+000  
0.000000e+000  0.000000e+000  0.000000e+000  0.000000e+000  0.000000e+000  0.000000e+000  0.000000e+000  0.000000e+000  0.000000e+000  0.000000e+000  0.000000e+000  
0.000000e+000  0.000000e+000  0.000000e+000  0.000000e+000  0.000000e+000  0.000000e+000  0.000000e+000  0.000000e+000  0.000000e+000  0.000000e+000  0.000000e+000  
0.000000e+000  0.000000e+000  0.000000e+000  0.000000e+000  0.000000e+000  0.000000e+000  0.000000e+000  0.000000e+000  0.000000e+000  0.000000e+000  0.000000e+000  
0.000000e+000  0.000000e+000  0.000000e+000  0.000000e+000  0.000000e+000  0.000000e+000  0.000000e+000  0.000000e+000  0.000000e+000  0.000000e+000  0.000000e+000  
0.000000e+000  0.000000e+000  0.000000e+000  0.000000e+000  0.000000e+000  0.000000e+000  0.000000e+000  0.000000e+000  0.000000e+000  0.000000e+000  0.000000e+000  
0.000000e+000  0.000000e+000  0.000000e+000  0.000000e+000  0.000000e+000  0.000000e+000  0.000000e+000  0.000000e+000  0.000000e+000  0.000000e+000  0.000000e+000  
0.000000e+000  0.000000e+000  0.000000e+000  0.000000e+000  0.000000e+000  0.000000e+000  0.000000e+000  0.000000e+000  0.000000e+000  0.000000e+000  0.000000e+000  

0.000000e+000  0.000000e+000  0.000000e+000  0.000000e+000  0.000000e+000  0.000000e+000  0.000000e+000  0.000000e+000  0.000000e+000  0.000000e+000  0.000000e+000  
0.000000e+000  0.000000e+000  0.000000e+000  0.000000e+000  0.000000e+000  0.000000e+000  0.000000e+000  0.000000e+000  0.000000e+000  0.000000e+000  0.000000e+000  
0.000000e+000  0.000000e+000  0.000000e+000  0.000000e+000  0.000000e+000  0.000000e+000  0.000000e+000  0.000000e+000  0.000000e+000  0.000000e+000  0.000000e+000  
0.000000e+000  0.000000e+000  0.000000e+000  0.000000e+000  0.000000e+000  0.000000e+000  0.000000e+000  0.000000e+000  0.000000e+000  0.000000e+000  0.000000e+000  
0.000000e+000  0.000000e+000  0.000000e+000  0.000000e+000  0.000000e+000  0.000000e+000  0.000000e+000  0.000000e+000  0.000000e+000  0.000000e+000  0.000000e+000  
0.000000e+000  0.000000e+000  0.000000e+000  0.000000e+000  0.000000e+000  0.000000e+000  0.000000e+000  0.000000e+000  0.000000e+000  0.000000e+000  0.000000e+000  
0.000000e+000  0.000000e+000  0.000000e+000  0.000000e+000  0.000000e+000  0.000000e+000  0.000000e+000  0.000000e+000  0.000000e+000  0.000000e+000  0.000000e+000  
0.000000e+000  0.000000e+000  0.000000e+000  0.000000e+000  0.000000e+000  0.000000e+000  0.000000e+000  0.000000e+000  0.000000e+000  0.000000e+000  0.000000e+000  
0.000000e+000  0.000000e+000  0.000000e+000  0.000000e+000  0.000000e+000  0.000000e+000  0.000000e+000  0.000000e+000  0.000000e+000  0.000000e+000  0.000000e+000  
0.000000e+000  0.000000e+000  0.000000e+000  0.000000e+000  0.000000e+000  0.000000e+000  0.000000e+000  0.000000e+000  0.000000e+000  0.000000e+000  0.000000e+000  
0.000000e+000  0.000000e+000  0.000000e+000  0.000000e+000  0.000000e+000  0.000000e+000  0.000000e+000  0.000000e+000  0.000000e+000  0.000000e+000  0.000000e+000  
0.000000e+000  0.000000e+000  0.000000e+000  0.000000e+000  0.000000e+000  0.000000e+000  0.000000e+000  0.000000e+000  0.000000e+000  0.000000e+000  0.000000e+000  
0.000000e+000  0.000000e+000  0.000000e+000  0.000000e+000  0.000000e+000  0.000000e+000  0.000000e+000  0.000000e+000  0.000000e+000  0.000000e+000  0.000000e+000  
0.000000e+000  0.000000e+000  0.000000e+000  0.000000e+000  0.000000e+000  0.000000e+000  0.000000e+000  0.000000e+000  0.000000e+000  0.000000e+000  0.000000e+000  
0.000000e+000  0.000000e+000  0.000000e+000  0.000000e+000  0.000000e+000  0.000000e+000  0.000000e+000  0.000000e+000  0.000000e+000  0.000000e+000  0.000000e+000  
0.000000e+000  0.000000e+000  0.000000e+000  0.000000e+000  0.000000e+000  0.000000e+000  0.000000e+000  0.000000e+000  0.000000e+000  0.000000e+000  0.000000e+000  
0.000000e+000  0.000000e+000  0.000000e+000  0.000000e+000  0.000000e+000  0.000000e+000  0.000000e+000  0.000000e+000  0.000000e+000  0.000000e+000  0.000000e+000  

0.000000e+000  0.000000e+000  0.000000e+000  0.000000e+000  0.000000e+000  0.000000e+000  0.000000e+000  0.000000e+000  0.000000e+000  0.000000e+000  0.000000e+000  
0.000000e+000  0.000000e+000  0.000000e+000  0.000000e+000  0.000000e+000  0.000000e+000  0.000000e+000  0.000000e+000  0.000000e+000  0.000000e+000  0.000000e+000  
0.000000e+000  0.000000e+000  0.000000e+000  0.000000e+000  0.000000e+000  0.000000e+000  0.000000e+000  0.000000e+000  0.000000e+000  0.000000e+000  0.000000e+000  
0.000000e+000  0.000000e+000  0.000000e+000  0.000000e+000  0.000000e+000  0.000000e+000  0.000000e+000  0.000000e+000  0.000000e+000  0.000000e+000  0.000000e+000  
0.000000e+000  0.000000e+000  0.000000e+000  0.000000e+000  0.000000e+000  0.000000e+000  0.000000e+000  0.000000e+000  0.000000e+000  0.000000e+000  0.000000e+000  
0.000000e+000  0.000000e+000  0.000000e+000  0.000000e+000  0.000000e+000  0.000000e+000  0.000000e+000  0.000000e+000  0.000000e+000  0.000000e+000  0.000000e+000  
0.000000e+000  0.000000e+000  0.000000e+000  0.000000e+000  0.000000e+000  0.000000e+000  0.000000e+000  0.000000e+000  0.000000e+000  0.000000e+000  0.000000e+000  
0.000000e+000  0.000000e+000  0.000000e+000  0.000000e+000  0.000000e+000  0.000000e+000  0.000000e+000  0.000000e+000  0.000000e+000  0.000000e+000  0.000000e+000  
0.000000e+000  0.000000e+000  0.000000e+000  0.000000e+000  0.000000e+000  0.000000e+000  0.000000e+000  0.000000e+000  0.000000e+000  0.000000e+000  0.000000e+000  
0.000000e+000  0.000000e+000  0.000000e+000  0.000000e+000  0.000000e+000  0.000000e+000  0.000000e+000  0.000000e+000  0.000000e+000  0.000000e+000  0.000000e+000  
0.000000e+000  0.000000e+000  0.000000e+000  0.000000e+000  0.000000e+000  0.000000e+000  0.000000e+000  0.000000e+000  0.000000e+000  0.000000e+000  0.000000e+000  
0.000000e+000  0.000000e+000  0.000000e+000  0.000000e+000  0.000000e+000  0.000000e+000  0.000000e+000  0.000000e+000  0.000000e+000  0.000000e+000  0.000000e+000  
0.000000e+000  0.000000e+000  0.000000e+000  0.000000e+000  0.000000e+000  0.000000e+000  0.000000e+000  0.000000e+000  0.000000e+000  0.000000e+000  0.000000e+000  
0.000000e+000  0.000000e+000  0.000000e+000  0.000000e+000  0.000000e+000  0.000000e+000  0.000000e+000  0.000000e+000  0.000000e+000  0.000000e+000  0.000000e+000  
0.000000e+000  0.000000e+000  0.000000e+000  0.000000e+000  0.000000e+000  0.000000e+000  0.000000e+000  0.000000e+000  0.000000e+000  0.000000e+000  0.000000e+000  
0.000000e+000  0.000000e+000  0.000000e+000  0.000000e+000  0.000000e+000  0.000000e+000  0.000000e+000  0.000000e+000  0.000000e+000  0.000000e+000  0.000000e+000  
0.000000e+000  0.000000e+000  0.000000e+000  0.000000e+000  0.000000e+000  0.000000e+000  0.000000e+000  0.000000e+000  0.000000e+000  0.000000e+000  0.000000e+000  

0.000000e+000  -1.076228e-008  -3.570146e-009  -2.320558e-008  -2.563414e-008  0.000000e+000  2.648047e-008  1.765485e-008  6.443672e-009  7.633330e-009  0.000000e+000  
0.000000e+000  -1.320565e-009  -2.303311e-008  -1.006826e-008  -2.320714e-008  -9.019221e-011  1.678963e-008  1.278617e-008  2.803634e-008  -8.082301e-009  0.000000e+000  
0.000000e+000  -4.785309e-009  -2.437350e-009  -1.708602e-008  -2.188001e-008  5.889223e-010  2.863819e-008  2.112059e-008  -1.320634e-009  1.735559e-008  0.000000e+000  
0.000000e+000  -1.347356e-009  -4.240125e-009  -5.133185e-009  -1.686688e-008  -2.294937e-010  1.671351e-008  4.486488e-009  3.330980e-009  2.262746e-009  0.000000e+000  
0.000000e+000  1.190988e-010  2.001633e-010  2.279734e-009  -2.054099e-008  7.504580e-011  2.040274e-008  -1.434778e-009  -7.684790e-010  -9.857994e-010  0.000000e+000  
0.000000e+000  -1.419028e-009  -1.514753e-009  -4.458953e-009  4.609994e-011  1.827923e-011  1.393918e-010  3.950735e-009  2.295052e-009  1.660628e-009  0.000000e+000  
0.000000e+000  -2.481042e-009  -7.511493e-009  -1.027944e-008  1.365569e-008  0.000000e+000  -1.380091e-008  1.023678e-008  6.900843e-009  3.096920e-009  0.000000e+000  
0.000000e+000  -5.602935e-009  -9.801169e-009  -1.460750e-008  2.088263e-008  -9.918935e-011  -2.103641e-008  1.457789e-008  9.507602e-009  5.634203e-009  0.000000e+000  
0.000000e+000  -5.339990e-009  -8.895476e-009  -1.475936e-008  2.107817e-008  8.250066e-011  -2.092879e-008  1.471366e-008  9.970719e-009  4.321632e-009  0.000000e+000  
0.000000e+000  -3.155851e-009  -8.437083e-009  -9.779768e-009  1.357241e-008  -1.142344e-010  -1.384354e-008  1.042923e-008  7.051485e-009  2.789286e-009  0.000000e+000  
0.000000e+000  -8.855358e-010  -1.844056e-009  -4.202909e-009  4.992180e-011  3.643737e-011  1.623964e-010  3.748260e-009  2.767649e-009  1.419592e-009  0.000000e+000  
0.000000e+000  -5.920803e-010  1.637475e-009  1.295123e-009  -2.045437e-008  -1.344427e-010  2.036820e-008  -1.872837e-009  -7.982021e-010  7.129888e-010  0.000000e+000  
0.000000e+000  -9.170724e-010  -5.018195e-009  -4.238558e-009  -1.693919e-008  3.530127e-011  1.691788e-008  4.784734e-009  3.861942e-009  1.418107e-009  0.000000e+000  
0.000000e+000  -3.048588e-009  -1.336160e-008  -1.589452e-008  -2.239662e-008  2.242301e-009  2.434247e-008  2.038865e-008  1.333047e-008  -6.361632e-009  0.000000e+000  
0.000000e+000  -1.310343e-008  1.920203e-009  -1.801183e-008  -2.639713e-008  1.788333e-010  1.977637e-008  1.082091e-008  4.355129e-009  2.210995e-008  0.000000e+000  
0.000000e+000  -1.455098e-009  -1.799413e-008  -1.781341e-008  -2.182303e-008  -1.485032e-009  2.694654e-008  2.047595e-008  1.295270e-008  -1.186611e-009  0.000000e+000  
0.000000e+000  0.000000e+000  0.000000e+000  0.000000e+000  0.000000e+000  0.000000e+000  0.000000e+000  0.000000e+000  0.000000e+000  0.000000e+000  0.000000e+000  

0.000000e+000  0.000000e+000  0.000000e+000  0.000000e+000  0.000000e+000  0.000000e+000  0.000000e+000  0.000000e+000  0.000000e+000  0.000000e+000  0.000000e+000  
-1.365366e-001  -1.365366e-001  -1.365366e-001  -1.365366e-001  -1.365366e-001  -1.365366e-001  -1.365366e-001  -1.365366e-001  -1.365366e-001  -1.365366e-001  0.000000e+000  
-2.712606e-001  -2.712606e-001  -2.712606e-001  -2.712606e-001  -2.712606e-001  -2.712606e-001  -2.712606e-001  -2.712606e-001  -2.712606e-001  -2.712606e-001  0.000000e+000  
-4.023836e-001  -4.023836e-001  -4.023836e-001  -4.023836e-001  -4.023836e-001  -4.023836e-001  -4.023836e-001  -4.023836e-001  -4.023836e-001  -4.023836e-001  0.000000e+000  
-9.240585e-001  -9.240585e-001  -9.240585e-001  -9.240585e-001  -9.240585e-001  -9.240585e-001  -9.240585e-001  -9.240585e-001  -9.240585e-001  -9.240585e-001  0.000000e+000  
-1.212900e+000  -1.212900e+000  -1.212900e+000  -1.212900e+000  -1.212900e+000  -1.212900e+000  -1.212900e+000  -1.212900e+000  -1.212900e+000  -1.212900e+000  0.000000e+000  
-1.115714e+000  -1.115714e+000  -1.115714e+000  -1.115714e+000  -1.115714e+000  -1.115714e+000  -1.115714e+000  -1.115714e+000  -1.115714e+000  -1.115714e+000  0.000000e+000  
-6.634318e-001  -6.634318e-001  -6.634318e-001  -6.634318e-001  -6.634318e-001  -6.634318e-001  -6.634318e-001  -6.634318e-001  -6.634318e-001  -6.634318e-001  0.000000e+000  
-8.876216e-010  1.570216e-009  -3.392620e-010  -5.064270e-011  0.000000e+000  -1.367359e-010  -9.883784e-011  2.590582e-009  -6.127239e-009  3.482672e-009  0.000000e+000  
6.634318e-001  6.634318e-001  6.634318e-001  6.634318e-001  6.634318e-001  6.634318e-001  6.634318e-001  6.634318e-001  6.634318e-001  6.634318e-001  0.000000e+000  
1.115714e+000  1.115714e+000  1.115714e+000  1.115714e+000  1.115714e+000  1.115714e+000  1.115714e+000  1.115714e+000  1.115714e+000  1.115714e+000  0.000000e+000  
1.212900e+000  1.212900e+000  1.212900e+000  1.212900e+000  1.212900e+000  1.212900e+000  1.212900e+000  1.212900e+000  1.212900e+000  1.212900e+000  0.000000e+000  
9.240585e-001  9.240585e-001  9.240585e-001  9.240585e-001  9.240585e-001  9.240585e-001  9.240585e-001  9.240585e-001  9.240585e-001  9.240585e-001  0.000000e+000  
4.023836e-001  4.023836e-001  4.023836e-001  4.023836e-001  4.023836e-001  4.023836e-001  4.023836e-001  4.023836e-001  4.023836e-001  4.023836e-001  0.000000e+000  
2.712606e-001  2.712606e-001  2.712606e-001  2.712606e-001  2.712606e-001  2.712606e-001  2.712606e-001  2.712606e-001  2.712606e-001  2.712606e-001  0.000000e+000  
1.365366e-001  1.365366e-001  1.365366e-001  1.365366e-001  1.365366e-001  1.365366e-001  1.365366e-001  1.365366e-001  1.365366e-001  1.365366e-001  0.000000e+000  
0.000000e+000  0.000000e+000  0.000000e+000  0.000000e+000  0.000000e+000  0.000000e+000  0.000000e+000  0.000000e+000  0.000000e+000  0.000000e+000  0.000000e+000  

1.668003e+000  1.668003e+000  1.668003e+000  1.668003e+000  1.668003e+000  1.668003e+000  1.668003e+000  1.668003e+000  1.668003e+000  1.668003e+000  -0.000000e+000  
1.645860e+000  1.645860e+000  1.645860e+000  1.645860e+000  1.645859e+000  1.645859e+000  1.645860e+000  1.645860e+000  1.645860e+000  1.645860e+000  -0.000000e+000  
1.601867e+000  1.601867e+000  1.601867e+000  1.601867e+000  1.601867e+000  1.601867e+000  1.601867e+000  1.601867e+000  1.601867e+000  1.601867e+000  -0.000000e+000  
1.423117e+000  1.423117e+000  1.423117e+000  1.423117e+000  1.423117e+000  1.423117e+000  1.423117e+000  1.423117e+000  1.423117e+000  1.423117e+000  -0.000000e+000  
7.206660e-001  7.206660e-001  7.206660e-001  7.206660e-001  7.206660e-001  7.206660e-001  7.206660e-001  7.206660e-001  7.206660e-001  7.206660e-001  -0.000000e+000  
-2.424811e-001  -2.424811e-001  -2.424811e-001  -2.424811e-001  -2.424811e-001  -2.424811e-001  -2.424811e-001  -2.424811e-001  -2.424811e-001  -2.424811e-001  -0.000000e+000  
-1.128454e+000  -1.128454e+000  -1.128454e+000  -1.128454e+000  -1.128454e+000  -1.128454e+000  -1.128454e+000  -1.128454e+000  -1.128454e+000  -1.128454e+000  -0.000000e+000  
-1.655276e+000  -1.655276e+000  -1.655276e+000  -1.655276e+000  -1.655276e+000  -1.655276e+000  -1.655276e+000  -1.655276e+000  -1.655276e+000  -1.655276e+000  -0.000000e+000  
-1.655276e+000  -1.655276e+000  -1.655276e+000  -1.655276e+000  -1.655276e+000  -1.655276e+000  -1.655276e+000  -1.655276e+000  -1.655276e+000  -1.655276e+000  -0.000000e+000  
-1.128454e+000  -1.128454e+000  -1.128454e+000  -1.128454e+000  -1.128454e+000  -1.128454e+000  -1.128454e+000  -1.128454e+000  -1.128454e+000  -1.128454e+000  -0.000000e+000  
-2.424811e-001  -2.424811e-001  -2.424811e-001  -2.424811e-001  -2.424811e-001  -2.424811e-001  -2.424811e-001  -2.424811e-001  -2.424811e-001  -2.424811e-001  -0.000000e+000  
7.206660e-001  7.206660e-001  7.206660e-001  7.206660e-001  7.206660e-001  7.206660e-001  7.206660e-001  7.206660e-001  7.206660e-001  7.206660e-001  -0.000000e+000  
1.423117e+000  1.423117e+000  1.423117e+000  1.423117e+000  1.423117e+000  1.423117e+000  1.423117e+000  1.423117e+000  1.423117e+000  1.423117e+000  -0.000000e+000  
1.601867e+000  1.601867e+000  1.601867e+000  1.601867e+000  1.601867e+000  1.601867e+000  1.601867e+000  1.601867e+000  1.601867e+000  1.601867e+000  -0.000000e+000  
1.645860e+000  1.645860e+000  1.645860e+000  1.645860e+000  1.645859e+000  1.645859e+000  1.645860e+000  1.645860e+000  1.645860e+000  1.645860e+000  -0.000000e+000  
1.668003e+000  1.668003e+000  1.668003e+000  1.668003e+000  1.668003e+000  1.668003e+000  1.668003e+000  1.668003e+000  1.668003e+000  1.668003e+000  -0.000000e+000  
-0.000000e+000  -0.000000e+000  -0.000000e+000  -0.000000e+000  -0.000000e+000  -0.000000e+000  -0.000000e+000  -0.000000e+000  -0.000000e+000  -0.000000e+000  -0.000000e+000  

