Port monitor named: Port1_e2[2.2].prt

nx        = 58
ny        = 15
nz        = 21

nu        = 11
nv        = 17
iu        = 3
iv        = 3

idir      = 0
dcut      = 1.143000e-002
icut      = 1
type      = 0
frequency = 2.200000e+009

fcutoff   = 3.126690e+009
alpha     = 4.654194e+001
beta      = 0.000000e+000
accuracy  = 7.954284e-010

type          = TE
wave imp.     = 3.732226e+002
wave imp.sig. = 6.496401e-006
line imp.     = 0.000000e+000

ref. port     = 0

-0.000000e+000  -0.000000e+000  -0.000000e+000  -0.000000e+000  -0.000000e+000  -0.000000e+000  -0.000000e+000  -0.000000e+000  -0.000000e+000  -0.000000e+000  -0.000000e+000  
-5.095926e+001  -5.095926e+001  -5.095926e+001  -5.095926e+001  -5.095926e+001  -5.095926e+001  -5.095926e+001  -5.095926e+001  -5.095926e+001  -5.095926e+001  -0.000000e+000  
-1.012420e+002  -1.012420e+002  -1.012420e+002  -1.012420e+002  -1.012420e+002  -1.012420e+002  -1.012420e+002  -1.012420e+002  -1.012420e+002  -1.012420e+002  -0.000000e+000  
-1.501807e+002  -1.501807e+002  -1.501807e+002  -1.501807e+002  -1.501807e+002  -1.501807e+002  -1.501807e+002  -1.501807e+002  -1.501807e+002  -1.501807e+002  -0.000000e+000  
-3.448844e+002  -3.448844e+002  -3.448844e+002  -3.448844e+002  -3.448843e+002  -3.448843e+002  -3.448844e+002  -3.448844e+002  -3.448844e+002  -3.448844e+002  -0.000000e+000  
-4.526881e+002  -4.526881e+002  -4.526881e+002  -4.526881e+002  -4.526881e+002  -4.526881e+002  -4.526881e+002  -4.526881e+002  -4.526881e+002  -4.526881e+002  -0.000000e+000  
-4.164156e+002  -4.164156e+002  -4.164156e+002  -4.164156e+002  -4.164156e+002  -4.164156e+002  -4.164156e+002  -4.164156e+002  -4.164156e+002  -4.164156e+002  -0.000000e+000  
-2.476112e+002  -2.476112e+002  -2.476112e+002  -2.476112e+002  -2.476112e+002  -2.476112e+002  -2.476112e+002  -2.476112e+002  -2.476112e+002  -2.476112e+002  -0.000000e+000  
-2.062684e-008  -2.296829e-008  -2.168930e-008  -1.981521e-008  -1.580031e-008  -1.182352e-008  -1.057873e-008  -1.114968e-008  -5.681043e-009  -1.419854e-008  -0.000000e+000  
2.476112e+002  2.476112e+002  2.476112e+002  2.476112e+002  2.476112e+002  2.476112e+002  2.476112e+002  2.476112e+002  2.476112e+002  2.476112e+002  -0.000000e+000  
4.164156e+002  4.164156e+002  4.164156e+002  4.164156e+002  4.164156e+002  4.164156e+002  4.164156e+002  4.164156e+002  4.164156e+002  4.164156e+002  -0.000000e+000  
4.526881e+002  4.526881e+002  4.526881e+002  4.526881e+002  4.526881e+002  4.526881e+002  4.526881e+002  4.526881e+002  4.526881e+002  4.526881e+002  -0.000000e+000  
3.448844e+002  3.448844e+002  3.448844e+002  3.448844e+002  3.448843e+002  3.448843e+002  3.448844e+002  3.448844e+002  3.448844e+002  3.448844e+002  -0.000000e+000  
1.501807e+002  1.501807e+002  1.501807e+002  1.501807e+002  1.501807e+002  1.501807e+002  1.501807e+002  1.501807e+002  1.501807e+002  1.501807e+002  -0.000000e+000  
1.012420e+002  1.012420e+002  1.012420e+002  1.012420e+002  1.012420e+002  1.012420e+002  1.012420e+002  1.012420e+002  1.012420e+002  1.012420e+002  -0.000000e+000  
5.095926e+001  5.095926e+001  5.095926e+001  5.095926e+001  5.095926e+001  5.095926e+001  5.095926e+001  5.095926e+001  5.095926e+001  5.095926e+001  -0.000000e+000  
-0.000000e+000  -0.000000e+000  -0.000000e+000  -0.000000e+000  -0.000000e+000  -0.000000e+000  -0.000000e+000  -0.000000e+000  -0.000000e+000  -0.000000e+000  -0.000000e+000  

-0.000000e+000  1.289035e-006  2.542211e-006  3.607096e-006  2.790823e-006  -0.000000e+000  -2.799873e-006  -3.621583e-006  -2.538560e-006  -1.293662e-006  -0.000000e+000  
-0.000000e+000  1.319549e-006  2.669194e-006  4.025563e-006  2.286214e-006  -0.000000e+000  -2.297281e-006  -4.022014e-006  -2.681211e-006  -1.316904e-006  -0.000000e+000  
-0.000000e+000  1.281159e-006  2.821422e-006  5.045988e-006  1.192431e-006  -0.000000e+000  -1.188725e-006  -5.045491e-006  -2.800528e-006  -1.277778e-006  -0.000000e+000  
-0.000000e+000  4.725463e-007  9.890968e-007  1.595876e-006  4.407675e-006  -3.420224e-009  -4.411386e-006  -1.602476e-006  -9.919149e-007  -4.717308e-007  -0.000000e+000  
-0.000000e+000  -2.079326e-006  -4.335650e-006  -6.956615e-006  -4.965632e-006  -0.000000e+000  4.966012e-006  6.955133e-006  4.335128e-006  2.080273e-006  -0.000000e+000  
-0.000000e+000  2.780448e-007  5.659048e-007  8.769062e-007  -4.386256e-007  1.124645e-009  4.419187e-007  -8.753873e-007  -5.648115e-007  -2.779553e-007  -0.000000e+000  
-0.000000e+000  2.350006e-006  4.707304e-006  7.074157e-006  2.279945e-006  -9.284276e-010  -2.280705e-006  -7.072780e-006  -4.705782e-006  -2.351071e-006  -0.000000e+000  
-0.000000e+000  3.535010e-006  7.070644e-006  1.061056e-005  3.680107e-006  -0.000000e+000  -3.677470e-006  -1.060997e-005  -7.071742e-006  -3.533850e-006  -0.000000e+000  
-0.000000e+000  3.536679e-006  7.073876e-006  1.061285e-005  3.681462e-006  3.614581e-009  -3.676195e-006  -1.060912e-005  -7.067860e-006  -3.533702e-006  -0.000000e+000  
-0.000000e+000  2.351013e-006  4.708064e-006  7.075246e-006  2.284589e-006  2.034023e-009  -2.279978e-006  -7.073404e-006  -4.705485e-006  -2.348951e-006  -0.000000e+000  
-0.000000e+000  2.809765e-007  5.668525e-007  8.805941e-007  -4.356541e-007  3.607095e-009  4.429162e-007  -8.781306e-007  -5.658873e-007  -2.789506e-007  -0.000000e+000  
-0.000000e+000  -2.081550e-006  -4.334272e-006  -6.956164e-006  -4.965170e-006  -0.000000e+000  4.965243e-006  6.955413e-006  4.334010e-006  2.080469e-006  -0.000000e+000  
-0.000000e+000  4.724011e-007  9.942754e-007  1.604703e-006  4.412771e-006  4.628284e-009  -4.407144e-006  -1.598838e-006  -9.890458e-007  -4.718312e-007  -0.000000e+000  
-0.000000e+000  1.283844e-006  2.802976e-006  5.048775e-006  1.197310e-006  9.129969e-009  -1.189651e-006  -5.045639e-006  -2.811356e-006  -1.282930e-006  -0.000000e+000  
-0.000000e+000  1.317549e-006  2.690015e-006  4.021455e-006  2.293346e-006  4.641684e-009  -2.289028e-006  -4.028625e-006  -2.673399e-006  -1.317485e-006  -0.000000e+000  
-0.000000e+000  1.296389e-006  2.530991e-006  3.619999e-006  2.807775e-006  -0.000000e+000  -2.789828e-006  -3.615521e-006  -2.536373e-006  -1.291271e-006  -0.000000e+000  
-0.000000e+000  -0.000000e+000  -0.000000e+000  -0.000000e+000  -0.000000e+000  -0.000000e+000  -0.000000e+000  -0.000000e+000  -0.000000e+000  -0.000000e+000  -0.000000e+000  

-0.000000e+000  -0.000000e+000  -0.000000e+000  -0.000000e+000  -0.000000e+000  -0.000000e+000  -0.000000e+000  -0.000000e+000  -0.000000e+000  -0.000000e+000  -0.000000e+000  
-0.000000e+000  2.232743e-007  -9.900575e-008  4.136870e-007  5.547158e-007  -0.000000e+000  -5.798289e-007  -2.429320e-007  1.092065e-008  -1.273080e-007  -0.000000e+000  
-0.000000e+000  1.556174e-007  3.861708e-007  3.917847e-007  1.076593e-006  2.755243e-009  -9.047522e-007  -3.043491e-007  -6.261094e-007  2.273780e-007  -0.000000e+000  
-0.000000e+000  1.969421e-007  2.297008e-007  5.007330e-007  1.647464e-006  -1.523537e-008  -1.682381e-006  -5.365907e-007  -3.565507e-007  -1.982297e-007  -0.000000e+000  
-0.000000e+000  2.080656e-007  4.472331e-007  6.180306e-007  2.339391e-006  1.741400e-008  -2.351967e-006  -5.629945e-007  -4.486779e-007  -3.348820e-007  -0.000000e+000  
-0.000000e+000  1.023657e-006  2.155052e-006  3.065281e-006  7.402458e-006  6.188512e-009  -7.394507e-006  -3.136040e-006  -2.071272e-006  -1.021217e-006  -0.000000e+000  
-0.000000e+000  1.124492e-006  2.154845e-006  3.380828e-006  7.571368e-006  3.003884e-009  -7.592484e-006  -3.376181e-006  -2.188221e-006  -1.158226e-006  -0.000000e+000  
-0.000000e+000  5.537476e-007  1.391774e-006  2.083175e-006  4.614745e-006  5.717077e-009  -4.613832e-006  -2.072697e-006  -1.334421e-006  -6.791740e-007  -0.000000e+000  
-0.000000e+000  -2.496629e-008  2.397684e-008  1.554529e-008  1.582006e-008  2.055376e-008  7.037675e-009  -8.748016e-010  7.772702e-008  -1.056049e-007  -0.000000e+000  
-0.000000e+000  -6.436827e-007  -1.480582e-006  -2.030289e-006  -4.612896e-006  6.764587e-009  4.611300e-006  2.050299e-006  1.419044e-006  6.642420e-007  -0.000000e+000  
-0.000000e+000  -1.113890e-006  -2.105512e-006  -3.403118e-006  -7.558923e-006  2.303652e-008  7.596035e-006  3.325247e-006  2.250194e-006  1.188456e-006  -0.000000e+000  
-0.000000e+000  -1.094032e-006  -2.056843e-006  -3.127346e-006  -7.391776e-006  1.614209e-008  7.394218e-006  3.116494e-006  2.062984e-006  1.087905e-006  -0.000000e+000  
-0.000000e+000  -1.711706e-007  -5.645690e-007  -5.329984e-007  -2.341851e-006  3.624971e-008  2.357154e-006  6.088595e-007  4.452784e-007  1.473855e-007  -0.000000e+000  
-0.000000e+000  -2.188562e-007  -2.424871e-007  -5.413290e-007  -1.641900e-006  2.972452e-008  1.658053e-006  5.403185e-007  2.794641e-007  1.263233e-007  -0.000000e+000  
-0.000000e+000  -2.308084e-007  -6.372368e-008  -4.690078e-007  -1.055648e-006  -3.952308e-008  1.011730e-006  3.304495e-007  1.023385e-007  4.256705e-007  -0.000000e+000  
-0.000000e+000  6.165208e-008  -3.425518e-007  -2.479051e-007  -4.369023e-007  -4.536467e-008  5.948891e-007  3.296102e-007  1.881013e-007  -1.419363e-007  -0.000000e+000  
-0.000000e+000  -0.000000e+000  -0.000000e+000  -0.000000e+000  -0.000000e+000  -0.000000e+000  -0.000000e+000  -0.000000e+000  -0.000000e+000  -0.000000e+000  -0.000000e+000  

0.000000e+000  0.000000e+000  0.000000e+000  0.000000e+000  0.000000e+000  0.000000e+000  0.000000e+000  0.000000e+000  0.000000e+000  0.000000e+000  0.000000e+000  
0.000000e+000  0.000000e+000  0.000000e+000  0.000000e+000  0.000000e+000  0.000000e+000  0.000000e+000  0.000000e+000  0.000000e+000  0.000000e+000  0.000000e+000  
0.000000e+000  0.000000e+000  0.000000e+000  0.000000e+000  0.000000e+000  0.000000e+000  0.000000e+000  0.000000e+000  0.000000e+000  0.000000e+000  0.000000e+000  
0.000000e+000  0.000000e+000  0.000000e+000  0.000000e+000  0.000000e+000  0.000000e+000  0.000000e+000  0.000000e+000  0.000000e+000  0.000000e+000  0.000000e+000  
0.000000e+000  0.000000e+000  0.000000e+000  0.000000e+000  0.000000e+000  0.000000e+000  0.000000e+000  0.000000e+000  0.000000e+000  0.000000e+000  0.000000e+000  
0.000000e+000  0.000000e+000  0.000000e+000  0.000000e+000  0.000000e+000  0.000000e+000  0.000000e+000  0.000000e+000  0.000000e+000  0.000000e+000  0.000000e+000  
0.000000e+000  0.000000e+000  0.000000e+000  0.000000e+000  0.000000e+000  0.000000e+000  0.000000e+000  0.000000e+000  0.000000e+000  0.000000e+000  0.000000e+000  
0.000000e+000  0.000000e+000  0.000000e+000  0.000000e+000  0.000000e+000  0.000000e+000  0.000000e+000  0.000000e+000  0.000000e+000  0.000000e+000  0.000000e+000  
0.000000e+000  0.000000e+000  0.000000e+000  0.000000e+000  0.000000e+000  0.000000e+000  0.000000e+000  0.000000e+000  0.000000e+000  0.000000e+000  0.000000e+000  
0.000000e+000  0.000000e+000  0.000000e+000  0.000000e+000  0.000000e+000  0.000000e+000  0.000000e+000  0.000000e+000  0.000000e+000  0.000000e+000  0.000000e+000  
0.000000e+000  0.000000e+000  0.000000e+000  0.000000e+000  0.000000e+000  0.000000e+000  0.000000e+000  0.000000e+000  0.000000e+000  0.000000e+000  0.000000e+000  
0.000000e+000  0.000000e+000  0.000000e+000  0.000000e+000  0.000000e+000  0.000000e+000  0.000000e+000  0.000000e+000  0.000000e+000  0.000000e+000  0.000000e+000  
0.000000e+000  0.000000e+000  0.000000e+000  0.000000e+000  0.000000e+000  0.000000e+000  0.000000e+000  0.000000e+000  0.000000e+000  0.000000e+000  0.000000e+000  
0.000000e+000  0.000000e+000  0.000000e+000  0.000000e+000  0.000000e+000  0.000000e+000  0.000000e+000  0.000000e+000  0.000000e+000  0.000000e+000  0.000000e+000  
0.000000e+000  0.000000e+000  0.000000e+000  0.000000e+000  0.000000e+000  0.000000e+000  0.000000e+000  0.000000e+000  0.000000e+000  0.000000e+000  0.000000e+000  
0.000000e+000  0.000000e+000  0.000000e+000  0.000000e+000  0.000000e+000  0.000000e+000  0.000000e+000  0.000000e+000  0.000000e+000  0.000000e+000  0.000000e+000  
0.000000e+000  0.000000e+000  0.000000e+000  0.000000e+000  0.000000e+000  0.000000e+000  0.000000e+000  0.000000e+000  0.000000e+000  0.000000e+000  0.000000e+000  

0.000000e+000  0.000000e+000  0.000000e+000  0.000000e+000  0.000000e+000  0.000000e+000  0.000000e+000  0.000000e+000  0.000000e+000  0.000000e+000  0.000000e+000  
0.000000e+000  0.000000e+000  0.000000e+000  0.000000e+000  0.000000e+000  0.000000e+000  0.000000e+000  0.000000e+000  0.000000e+000  0.000000e+000  0.000000e+000  
0.000000e+000  0.000000e+000  0.000000e+000  0.000000e+000  0.000000e+000  0.000000e+000  0.000000e+000  0.000000e+000  0.000000e+000  0.000000e+000  0.000000e+000  
0.000000e+000  0.000000e+000  0.000000e+000  0.000000e+000  0.000000e+000  0.000000e+000  0.000000e+000  0.000000e+000  0.000000e+000  0.000000e+000  0.000000e+000  
0.000000e+000  0.000000e+000  0.000000e+000  0.000000e+000  0.000000e+000  0.000000e+000  0.000000e+000  0.000000e+000  0.000000e+000  0.000000e+000  0.000000e+000  
0.000000e+000  0.000000e+000  0.000000e+000  0.000000e+000  0.000000e+000  0.000000e+000  0.000000e+000  0.000000e+000  0.000000e+000  0.000000e+000  0.000000e+000  
0.000000e+000  0.000000e+000  0.000000e+000  0.000000e+000  0.000000e+000  0.000000e+000  0.000000e+000  0.000000e+000  0.000000e+000  0.000000e+000  0.000000e+000  
0.000000e+000  0.000000e+000  0.000000e+000  0.000000e+000  0.000000e+000  0.000000e+000  0.000000e+000  0.000000e+000  0.000000e+000  0.000000e+000  0.000000e+000  
0.000000e+000  0.000000e+000  0.000000e+000  0.000000e+000  0.000000e+000  0.000000e+000  0.000000e+000  0.000000e+000  0.000000e+000  0.000000e+000  0.000000e+000  
0.000000e+000  0.000000e+000  0.000000e+000  0.000000e+000  0.000000e+000  0.000000e+000  0.000000e+000  0.000000e+000  0.000000e+000  0.000000e+000  0.000000e+000  
0.000000e+000  0.000000e+000  0.000000e+000  0.000000e+000  0.000000e+000  0.000000e+000  0.000000e+000  0.000000e+000  0.000000e+000  0.000000e+000  0.000000e+000  
0.000000e+000  0.000000e+000  0.000000e+000  0.000000e+000  0.000000e+000  0.000000e+000  0.000000e+000  0.000000e+000  0.000000e+000  0.000000e+000  0.000000e+000  
0.000000e+000  0.000000e+000  0.000000e+000  0.000000e+000  0.000000e+000  0.000000e+000  0.000000e+000  0.000000e+000  0.000000e+000  0.000000e+000  0.000000e+000  
0.000000e+000  0.000000e+000  0.000000e+000  0.000000e+000  0.000000e+000  0.000000e+000  0.000000e+000  0.000000e+000  0.000000e+000  0.000000e+000  0.000000e+000  
0.000000e+000  0.000000e+000  0.000000e+000  0.000000e+000  0.000000e+000  0.000000e+000  0.000000e+000  0.000000e+000  0.000000e+000  0.000000e+000  0.000000e+000  
0.000000e+000  0.000000e+000  0.000000e+000  0.000000e+000  0.000000e+000  0.000000e+000  0.000000e+000  0.000000e+000  0.000000e+000  0.000000e+000  0.000000e+000  
0.000000e+000  0.000000e+000  0.000000e+000  0.000000e+000  0.000000e+000  0.000000e+000  0.000000e+000  0.000000e+000  0.000000e+000  0.000000e+000  0.000000e+000  

0.000000e+000  0.000000e+000  0.000000e+000  0.000000e+000  0.000000e+000  0.000000e+000  0.000000e+000  0.000000e+000  0.000000e+000  0.000000e+000  0.000000e+000  
0.000000e+000  0.000000e+000  0.000000e+000  0.000000e+000  0.000000e+000  0.000000e+000  0.000000e+000  0.000000e+000  0.000000e+000  0.000000e+000  0.000000e+000  
0.000000e+000  0.000000e+000  0.000000e+000  0.000000e+000  0.000000e+000  0.000000e+000  0.000000e+000  0.000000e+000  0.000000e+000  0.000000e+000  0.000000e+000  
0.000000e+000  0.000000e+000  0.000000e+000  0.000000e+000  0.000000e+000  0.000000e+000  0.000000e+000  0.000000e+000  0.000000e+000  0.000000e+000  0.000000e+000  
0.000000e+000  0.000000e+000  0.000000e+000  0.000000e+000  0.000000e+000  0.000000e+000  0.000000e+000  0.000000e+000  0.000000e+000  0.000000e+000  0.000000e+000  
0.000000e+000  0.000000e+000  0.000000e+000  0.000000e+000  0.000000e+000  0.000000e+000  0.000000e+000  0.000000e+000  0.000000e+000  0.000000e+000  0.000000e+000  
0.000000e+000  0.000000e+000  0.000000e+000  0.000000e+000  0.000000e+000  0.000000e+000  0.000000e+000  0.000000e+000  0.000000e+000  0.000000e+000  0.000000e+000  
0.000000e+000  0.000000e+000  0.000000e+000  0.000000e+000  0.000000e+000  0.000000e+000  0.000000e+000  0.000000e+000  0.000000e+000  0.000000e+000  0.000000e+000  
0.000000e+000  0.000000e+000  0.000000e+000  0.000000e+000  0.000000e+000  0.000000e+000  0.000000e+000  0.000000e+000  0.000000e+000  0.000000e+000  0.000000e+000  
0.000000e+000  0.000000e+000  0.000000e+000  0.000000e+000  0.000000e+000  0.000000e+000  0.000000e+000  0.000000e+000  0.000000e+000  0.000000e+000  0.000000e+000  
0.000000e+000  0.000000e+000  0.000000e+000  0.000000e+000  0.000000e+000  0.000000e+000  0.000000e+000  0.000000e+000  0.000000e+000  0.000000e+000  0.000000e+000  
0.000000e+000  0.000000e+000  0.000000e+000  0.000000e+000  0.000000e+000  0.000000e+000  0.000000e+000  0.000000e+000  0.000000e+000  0.000000e+000  0.000000e+000  
0.000000e+000  0.000000e+000  0.000000e+000  0.000000e+000  0.000000e+000  0.000000e+000  0.000000e+000  0.000000e+000  0.000000e+000  0.000000e+000  0.000000e+000  
0.000000e+000  0.000000e+000  0.000000e+000  0.000000e+000  0.000000e+000  0.000000e+000  0.000000e+000  0.000000e+000  0.000000e+000  0.000000e+000  0.000000e+000  
0.000000e+000  0.000000e+000  0.000000e+000  0.000000e+000  0.000000e+000  0.000000e+000  0.000000e+000  0.000000e+000  0.000000e+000  0.000000e+000  0.000000e+000  
0.000000e+000  0.000000e+000  0.000000e+000  0.000000e+000  0.000000e+000  0.000000e+000  0.000000e+000  0.000000e+000  0.000000e+000  0.000000e+000  0.000000e+000  
0.000000e+000  0.000000e+000  0.000000e+000  0.000000e+000  0.000000e+000  0.000000e+000  0.000000e+000  0.000000e+000  0.000000e+000  0.000000e+000  0.000000e+000  

