Port monitor named: Port2_e2.prt

nx        = 3
ny        = 13
nz        = 19

nu        = 11
nv        = 17
iu        = 2
iv        = 2

idir      = 0
dcut      = 5.114300e-001
icut      = 3
type      = 0
frequency = 2.200000e+009

fcutoff   = 3.126509e+009
alpha     = 4.654063e+001
beta      = 0.000000e+000
accuracy  = 7.954614e-010

type          = TE
wave imp.     = 3.732331e+002
wave imp.sig. = 6.496604e-006
line imp.     = 0.000000e+000

ref. port     = 0

0.000000e+000  0.000000e+000  0.000000e+000  0.000000e+000  0.000000e+000  0.000000e+000  0.000000e+000  0.000000e+000  0.000000e+000  0.000000e+000  0.000000e+000  
-5.095997e+001  -5.095997e+001  -5.095997e+001  -5.095998e+001  -5.095997e+001  -5.095997e+001  -5.095998e+001  -5.095997e+001  -5.095997e+001  -5.095997e+001  0.000000e+000  
-1.012434e+002  -1.012434e+002  -1.012434e+002  -1.012434e+002  -1.012434e+002  -1.012434e+002  -1.012434e+002  -1.012434e+002  -1.012434e+002  -1.012434e+002  0.000000e+000  
-1.501829e+002  -1.501829e+002  -1.501829e+002  -1.501829e+002  -1.501828e+002  -1.501828e+002  -1.501829e+002  -1.501829e+002  -1.501829e+002  -1.501829e+002  0.000000e+000  
-3.448892e+002  -3.448892e+002  -3.448892e+002  -3.448892e+002  -3.448892e+002  -3.448892e+002  -3.448892e+002  -3.448892e+002  -3.448892e+002  -3.448892e+002  0.000000e+000  
-4.526945e+002  -4.526945e+002  -4.526945e+002  -4.526945e+002  -4.526944e+002  -4.526944e+002  -4.526945e+002  -4.526945e+002  -4.526945e+002  -4.526945e+002  0.000000e+000  
-4.164214e+002  -4.164214e+002  -4.164214e+002  -4.164215e+002  -4.164214e+002  -4.164214e+002  -4.164215e+002  -4.164214e+002  -4.164214e+002  -4.164214e+002  0.000000e+000  
-2.476147e+002  -2.476147e+002  -2.476147e+002  -2.476147e+002  -2.476147e+002  -2.476147e+002  -2.476147e+002  -2.476147e+002  -2.476147e+002  -2.476147e+002  0.000000e+000  
-2.062786e-008  -2.296944e-008  -2.169028e-008  -1.981613e-008  -1.580099e-008  -1.182405e-008  -1.057920e-008  -1.115013e-008  -5.681273e-009  -1.419915e-008  0.000000e+000  
2.476147e+002  2.476147e+002  2.476147e+002  2.476147e+002  2.476147e+002  2.476147e+002  2.476147e+002  2.476147e+002  2.476147e+002  2.476147e+002  0.000000e+000  
4.164214e+002  4.164214e+002  4.164214e+002  4.164215e+002  4.164214e+002  4.164214e+002  4.164215e+002  4.164214e+002  4.164214e+002  4.164214e+002  0.000000e+000  
4.526945e+002  4.526945e+002  4.526945e+002  4.526945e+002  4.526944e+002  4.526944e+002  4.526945e+002  4.526945e+002  4.526945e+002  4.526945e+002  0.000000e+000  
3.448892e+002  3.448892e+002  3.448892e+002  3.448892e+002  3.448892e+002  3.448892e+002  3.448892e+002  3.448892e+002  3.448892e+002  3.448892e+002  0.000000e+000  
1.501829e+002  1.501829e+002  1.501829e+002  1.501829e+002  1.501828e+002  1.501828e+002  1.501829e+002  1.501829e+002  1.501829e+002  1.501829e+002  0.000000e+000  
1.012434e+002  1.012434e+002  1.012434e+002  1.012434e+002  1.012434e+002  1.012434e+002  1.012434e+002  1.012434e+002  1.012434e+002  1.012434e+002  0.000000e+000  
5.095997e+001  5.095997e+001  5.095997e+001  5.095998e+001  5.095997e+001  5.095997e+001  5.095998e+001  5.095997e+001  5.095997e+001  5.095997e+001  0.000000e+000  
0.000000e+000  0.000000e+000  0.000000e+000  0.000000e+000  0.000000e+000  0.000000e+000  0.000000e+000  0.000000e+000  0.000000e+000  0.000000e+000  0.000000e+000  

0.000000e+000  1.289053e-006  2.542247e-006  3.607146e-006  2.790862e-006  0.000000e+000  -2.799913e-006  -3.621634e-006  -2.538596e-006  -1.293680e-006  0.000000e+000  
0.000000e+000  1.319567e-006  2.669231e-006  4.025619e-006  2.286246e-006  0.000000e+000  -2.297314e-006  -4.022071e-006  -2.681248e-006  -1.316922e-006  0.000000e+000  
0.000000e+000  1.281177e-006  2.821462e-006  5.046059e-006  1.192448e-006  0.000000e+000  -1.188742e-006  -5.045562e-006  -2.800567e-006  -1.277796e-006  0.000000e+000  
0.000000e+000  4.725529e-007  9.891106e-007  1.595898e-006  4.407737e-006  -3.420413e-009  -4.411448e-006  -1.602499e-006  -9.919289e-007  -4.717375e-007  0.000000e+000  
0.000000e+000  -2.079355e-006  -4.335711e-006  -6.956712e-006  -4.965702e-006  0.000000e+000  4.966082e-006  6.955231e-006  4.335188e-006  2.080303e-006  0.000000e+000  
0.000000e+000  2.780487e-007  5.659128e-007  8.769185e-007  -4.386318e-007  1.124687e-009  4.419249e-007  -8.753995e-007  -5.648194e-007  -2.779592e-007  0.000000e+000  
0.000000e+000  2.350039e-006  4.707370e-006  7.074257e-006  2.279977e-006  -9.284727e-010  -2.280737e-006  -7.072880e-006  -4.705848e-006  -2.351104e-006  0.000000e+000  
0.000000e+000  3.535059e-006  7.070743e-006  1.061071e-005  3.680159e-006  0.000000e+000  -3.677521e-006  -1.061012e-005  -7.071842e-006  -3.533899e-006  0.000000e+000  
0.000000e+000  3.536729e-006  7.073976e-006  1.061300e-005  3.681514e-006  3.614802e-009  -3.676246e-006  -1.060927e-005  -7.067959e-006  -3.533752e-006  0.000000e+000  
0.000000e+000  2.351046e-006  4.708131e-006  7.075345e-006  2.284622e-006  2.034176e-009  -2.280010e-006  -7.073503e-006  -4.705551e-006  -2.348984e-006  0.000000e+000  
0.000000e+000  2.809805e-007  5.668605e-007  8.806066e-007  -4.356600e-007  3.607362e-009  4.429226e-007  -8.781429e-007  -5.658953e-007  -2.789545e-007  0.000000e+000  
0.000000e+000  -2.081579e-006  -4.334333e-006  -6.956261e-006  -4.965240e-006  0.000000e+000  4.965313e-006  6.955511e-006  4.334071e-006  2.080498e-006  0.000000e+000  
0.000000e+000  4.724078e-007  9.942895e-007  1.604726e-006  4.412833e-006  4.628624e-009  -4.407205e-006  -1.598860e-006  -9.890596e-007  -4.718378e-007  0.000000e+000  
0.000000e+000  1.283862e-006  2.803015e-006  5.048846e-006  1.197327e-006  9.130576e-009  -1.189668e-006  -5.045710e-006  -2.811395e-006  -1.282948e-006  0.000000e+000  
0.000000e+000  1.317567e-006  2.690053e-006  4.021511e-006  2.293378e-006  4.642057e-009  -2.289060e-006  -4.028682e-006  -2.673436e-006  -1.317503e-006  0.000000e+000  
0.000000e+000  1.296407e-006  2.531026e-006  3.620050e-006  2.807815e-006  0.000000e+000  -2.789866e-006  -3.615571e-006  -2.536408e-006  -1.291289e-006  0.000000e+000  
0.000000e+000  0.000000e+000  0.000000e+000  0.000000e+000  0.000000e+000  0.000000e+000  0.000000e+000  0.000000e+000  0.000000e+000  0.000000e+000  0.000000e+000  

0.000000e+000  0.000000e+000  0.000000e+000  0.000000e+000  0.000000e+000  0.000000e+000  0.000000e+000  0.000000e+000  0.000000e+000  0.000000e+000  0.000000e+000  
0.000000e+000  2.232865e-007  -9.902574e-008  4.136972e-007  5.547116e-007  0.000000e+000  -5.798272e-007  -2.429284e-007  1.093639e-008  -1.273137e-007  0.000000e+000  
0.000000e+000  1.556168e-007  3.861766e-007  3.917752e-007  1.076581e-006  2.755507e-009  -9.047256e-007  -3.043328e-007  -6.261386e-007  2.274111e-007  0.000000e+000  
0.000000e+000  1.969427e-007  2.296868e-007  5.007267e-007  1.647438e-006  -1.523695e-008  -1.682359e-006  -5.365872e-007  -3.565471e-007  -1.982323e-007  0.000000e+000  
0.000000e+000  2.080589e-007  4.472267e-007  6.180210e-007  2.339358e-006  1.741548e-008  -2.351935e-006  -5.629830e-007  -4.486677e-007  -3.348881e-007  0.000000e+000  
0.000000e+000  1.023645e-006  2.155029e-006  3.065231e-006  7.402354e-006  6.189287e-009  -7.394403e-006  -3.135997e-006  -2.071246e-006  -1.021203e-006  0.000000e+000  
0.000000e+000  1.124477e-006  2.154806e-006  3.380784e-006  7.571260e-006  3.004104e-009  -7.592377e-006  -3.376134e-006  -2.188187e-006  -1.158213e-006  0.000000e+000  
0.000000e+000  5.537275e-007  1.391753e-006  2.083148e-006  4.614680e-006  5.717486e-009  -4.613767e-006  -2.072667e-006  -1.334396e-006  -6.791662e-007  0.000000e+000  
0.000000e+000  -2.496848e-008  2.398007e-008  1.554637e-008  1.582144e-008  2.055534e-008  7.038298e-009  -8.745818e-010  7.773243e-008  -1.056125e-007  0.000000e+000  
0.000000e+000  -6.436680e-007  -1.480572e-006  -2.030256e-006  -4.612831e-006  6.765160e-009  4.611234e-006  2.050268e-006  1.419027e-006  6.642311e-007  0.000000e+000  
0.000000e+000  -1.113876e-006  -2.105470e-006  -3.403075e-006  -7.558815e-006  2.303833e-008  7.595930e-006  3.325196e-006  2.250163e-006  1.188447e-006  0.000000e+000  
0.000000e+000  -1.094024e-006  -2.056812e-006  -3.127303e-006  -7.391672e-006  1.614180e-008  7.394114e-006  3.116447e-006  2.062957e-006  1.087893e-006  0.000000e+000  
0.000000e+000  -1.711605e-007  -5.645710e-007  -5.329841e-007  -2.341819e-006  3.625323e-008  2.357121e-006  6.088502e-007  4.452733e-007  1.473764e-007  0.000000e+000  
0.000000e+000  -2.188611e-007  -2.424764e-007  -5.413258e-007  -1.641874e-006  2.972670e-008  1.658029e-006  5.403156e-007  2.794563e-007  1.263181e-007  0.000000e+000  
0.000000e+000  -2.308144e-007  -6.370410e-008  -4.690045e-007  -1.055633e-006  -3.952633e-008  1.011712e-006  3.304351e-007  1.023212e-007  4.256929e-007  0.000000e+000  
0.000000e+000  6.166375e-008  -3.425671e-007  -2.479023e-007  -4.368887e-007  -4.536994e-008  5.948889e-007  3.296132e-007  1.881032e-007  -1.419529e-007  0.000000e+000  
0.000000e+000  0.000000e+000  0.000000e+000  0.000000e+000  0.000000e+000  0.000000e+000  0.000000e+000  0.000000e+000  0.000000e+000  0.000000e+000  0.000000e+000  

0.000000e+000  0.000000e+000  0.000000e+000  0.000000e+000  0.000000e+000  0.000000e+000  0.000000e+000  0.000000e+000  0.000000e+000  0.000000e+000  0.000000e+000  
0.000000e+000  0.000000e+000  0.000000e+000  0.000000e+000  0.000000e+000  0.000000e+000  0.000000e+000  0.000000e+000  0.000000e+000  0.000000e+000  0.000000e+000  
0.000000e+000  0.000000e+000  0.000000e+000  0.000000e+000  0.000000e+000  0.000000e+000  0.000000e+000  0.000000e+000  0.000000e+000  0.000000e+000  0.000000e+000  
0.000000e+000  0.000000e+000  0.000000e+000  0.000000e+000  0.000000e+000  0.000000e+000  0.000000e+000  0.000000e+000  0.000000e+000  0.000000e+000  0.000000e+000  
0.000000e+000  0.000000e+000  0.000000e+000  0.000000e+000  0.000000e+000  0.000000e+000  0.000000e+000  0.000000e+000  0.000000e+000  0.000000e+000  0.000000e+000  
0.000000e+000  0.000000e+000  0.000000e+000  0.000000e+000  0.000000e+000  0.000000e+000  0.000000e+000  0.000000e+000  0.000000e+000  0.000000e+000  0.000000e+000  
0.000000e+000  0.000000e+000  0.000000e+000  0.000000e+000  0.000000e+000  0.000000e+000  0.000000e+000  0.000000e+000  0.000000e+000  0.000000e+000  0.000000e+000  
0.000000e+000  0.000000e+000  0.000000e+000  0.000000e+000  0.000000e+000  0.000000e+000  0.000000e+000  0.000000e+000  0.000000e+000  0.000000e+000  0.000000e+000  
0.000000e+000  0.000000e+000  0.000000e+000  0.000000e+000  0.000000e+000  0.000000e+000  0.000000e+000  0.000000e+000  0.000000e+000  0.000000e+000  0.000000e+000  
0.000000e+000  0.000000e+000  0.000000e+000  0.000000e+000  0.000000e+000  0.000000e+000  0.000000e+000  0.000000e+000  0.000000e+000  0.000000e+000  0.000000e+000  
0.000000e+000  0.000000e+000  0.000000e+000  0.000000e+000  0.000000e+000  0.000000e+000  0.000000e+000  0.000000e+000  0.000000e+000  0.000000e+000  0.000000e+000  
0.000000e+000  0.000000e+000  0.000000e+000  0.000000e+000  0.000000e+000  0.000000e+000  0.000000e+000  0.000000e+000  0.000000e+000  0.000000e+000  0.000000e+000  
0.000000e+000  0.000000e+000  0.000000e+000  0.000000e+000  0.000000e+000  0.000000e+000  0.000000e+000  0.000000e+000  0.000000e+000  0.000000e+000  0.000000e+000  
0.000000e+000  0.000000e+000  0.000000e+000  0.000000e+000  0.000000e+000  0.000000e+000  0.000000e+000  0.000000e+000  0.000000e+000  0.000000e+000  0.000000e+000  
0.000000e+000  0.000000e+000  0.000000e+000  0.000000e+000  0.000000e+000  0.000000e+000  0.000000e+000  0.000000e+000  0.000000e+000  0.000000e+000  0.000000e+000  
0.000000e+000  0.000000e+000  0.000000e+000  0.000000e+000  0.000000e+000  0.000000e+000  0.000000e+000  0.000000e+000  0.000000e+000  0.000000e+000  0.000000e+000  
0.000000e+000  0.000000e+000  0.000000e+000  0.000000e+000  0.000000e+000  0.000000e+000  0.000000e+000  0.000000e+000  0.000000e+000  0.000000e+000  0.000000e+000  

0.000000e+000  0.000000e+000  0.000000e+000  0.000000e+000  0.000000e+000  0.000000e+000  0.000000e+000  0.000000e+000  0.000000e+000  0.000000e+000  0.000000e+000  
0.000000e+000  0.000000e+000  0.000000e+000  0.000000e+000  0.000000e+000  0.000000e+000  0.000000e+000  0.000000e+000  0.000000e+000  0.000000e+000  0.000000e+000  
0.000000e+000  0.000000e+000  0.000000e+000  0.000000e+000  0.000000e+000  0.000000e+000  0.000000e+000  0.000000e+000  0.000000e+000  0.000000e+000  0.000000e+000  
0.000000e+000  0.000000e+000  0.000000e+000  0.000000e+000  0.000000e+000  0.000000e+000  0.000000e+000  0.000000e+000  0.000000e+000  0.000000e+000  0.000000e+000  
0.000000e+000  0.000000e+000  0.000000e+000  0.000000e+000  0.000000e+000  0.000000e+000  0.000000e+000  0.000000e+000  0.000000e+000  0.000000e+000  0.000000e+000  
0.000000e+000  0.000000e+000  0.000000e+000  0.000000e+000  0.000000e+000  0.000000e+000  0.000000e+000  0.000000e+000  0.000000e+000  0.000000e+000  0.000000e+000  
0.000000e+000  0.000000e+000  0.000000e+000  0.000000e+000  0.000000e+000  0.000000e+000  0.000000e+000  0.000000e+000  0.000000e+000  0.000000e+000  0.000000e+000  
0.000000e+000  0.000000e+000  0.000000e+000  0.000000e+000  0.000000e+000  0.000000e+000  0.000000e+000  0.000000e+000  0.000000e+000  0.000000e+000  0.000000e+000  
0.000000e+000  0.000000e+000  0.000000e+000  0.000000e+000  0.000000e+000  0.000000e+000  0.000000e+000  0.000000e+000  0.000000e+000  0.000000e+000  0.000000e+000  
0.000000e+000  0.000000e+000  0.000000e+000  0.000000e+000  0.000000e+000  0.000000e+000  0.000000e+000  0.000000e+000  0.000000e+000  0.000000e+000  0.000000e+000  
0.000000e+000  0.000000e+000  0.000000e+000  0.000000e+000  0.000000e+000  0.000000e+000  0.000000e+000  0.000000e+000  0.000000e+000  0.000000e+000  0.000000e+000  
0.000000e+000  0.000000e+000  0.000000e+000  0.000000e+000  0.000000e+000  0.000000e+000  0.000000e+000  0.000000e+000  0.000000e+000  0.000000e+000  0.000000e+000  
0.000000e+000  0.000000e+000  0.000000e+000  0.000000e+000  0.000000e+000  0.000000e+000  0.000000e+000  0.000000e+000  0.000000e+000  0.000000e+000  0.000000e+000  
0.000000e+000  0.000000e+000  0.000000e+000  0.000000e+000  0.000000e+000  0.000000e+000  0.000000e+000  0.000000e+000  0.000000e+000  0.000000e+000  0.000000e+000  
0.000000e+000  0.000000e+000  0.000000e+000  0.000000e+000  0.000000e+000  0.000000e+000  0.000000e+000  0.000000e+000  0.000000e+000  0.000000e+000  0.000000e+000  
0.000000e+000  0.000000e+000  0.000000e+000  0.000000e+000  0.000000e+000  0.000000e+000  0.000000e+000  0.000000e+000  0.000000e+000  0.000000e+000  0.000000e+000  
0.000000e+000  0.000000e+000  0.000000e+000  0.000000e+000  0.000000e+000  0.000000e+000  0.000000e+000  0.000000e+000  0.000000e+000  0.000000e+000  0.000000e+000  

0.000000e+000  0.000000e+000  0.000000e+000  0.000000e+000  0.000000e+000  0.000000e+000  0.000000e+000  0.000000e+000  0.000000e+000  0.000000e+000  0.000000e+000  
0.000000e+000  0.000000e+000  0.000000e+000  0.000000e+000  0.000000e+000  0.000000e+000  0.000000e+000  0.000000e+000  0.000000e+000  0.000000e+000  0.000000e+000  
0.000000e+000  0.000000e+000  0.000000e+000  0.000000e+000  0.000000e+000  0.000000e+000  0.000000e+000  0.000000e+000  0.000000e+000  0.000000e+000  0.000000e+000  
0.000000e+000  0.000000e+000  0.000000e+000  0.000000e+000  0.000000e+000  0.000000e+000  0.000000e+000  0.000000e+000  0.000000e+000  0.000000e+000  0.000000e+000  
0.000000e+000  0.000000e+000  0.000000e+000  0.000000e+000  0.000000e+000  0.000000e+000  0.000000e+000  0.000000e+000  0.000000e+000  0.000000e+000  0.000000e+000  
0.000000e+000  0.000000e+000  0.000000e+000  0.000000e+000  0.000000e+000  0.000000e+000  0.000000e+000  0.000000e+000  0.000000e+000  0.000000e+000  0.000000e+000  
0.000000e+000  0.000000e+000  0.000000e+000  0.000000e+000  0.000000e+000  0.000000e+000  0.000000e+000  0.000000e+000  0.000000e+000  0.000000e+000  0.000000e+000  
0.000000e+000  0.000000e+000  0.000000e+000  0.000000e+000  0.000000e+000  0.000000e+000  0.000000e+000  0.000000e+000  0.000000e+000  0.000000e+000  0.000000e+000  
0.000000e+000  0.000000e+000  0.000000e+000  0.000000e+000  0.000000e+000  0.000000e+000  0.000000e+000  0.000000e+000  0.000000e+000  0.000000e+000  0.000000e+000  
0.000000e+000  0.000000e+000  0.000000e+000  0.000000e+000  0.000000e+000  0.000000e+000  0.000000e+000  0.000000e+000  0.000000e+000  0.000000e+000  0.000000e+000  
0.000000e+000  0.000000e+000  0.000000e+000  0.000000e+000  0.000000e+000  0.000000e+000  0.000000e+000  0.000000e+000  0.000000e+000  0.000000e+000  0.000000e+000  
0.000000e+000  0.000000e+000  0.000000e+000  0.000000e+000  0.000000e+000  0.000000e+000  0.000000e+000  0.000000e+000  0.000000e+000  0.000000e+000  0.000000e+000  
0.000000e+000  0.000000e+000  0.000000e+000  0.000000e+000  0.000000e+000  0.000000e+000  0.000000e+000  0.000000e+000  0.000000e+000  0.000000e+000  0.000000e+000  
0.000000e+000  0.000000e+000  0.000000e+000  0.000000e+000  0.000000e+000  0.000000e+000  0.000000e+000  0.000000e+000  0.000000e+000  0.000000e+000  0.000000e+000  
0.000000e+000  0.000000e+000  0.000000e+000  0.000000e+000  0.000000e+000  0.000000e+000  0.000000e+000  0.000000e+000  0.000000e+000  0.000000e+000  0.000000e+000  
0.000000e+000  0.000000e+000  0.000000e+000  0.000000e+000  0.000000e+000  0.000000e+000  0.000000e+000  0.000000e+000  0.000000e+000  0.000000e+000  0.000000e+000  
0.000000e+000  0.000000e+000  0.000000e+000  0.000000e+000  0.000000e+000  0.000000e+000  0.000000e+000  0.000000e+000  0.000000e+000  0.000000e+000  0.000000e+000  

