Port monitor named: Port2_e1[2.2].prt

nx        = 58
ny        = 15
nz        = 21

nu        = 11
nv        = 17
iu        = 3
iv        = 3

idir      = 0
dcut      = 5.114300e-001
icut      = 58
type      = 0
frequency = 2.200000e+009

fcutoff   = 1.572071e+009
alpha     = 0.000000e+000
beta      = 3.224772e+001
accuracy  = 4.317831e-011

type          = TE
wave imp.     = 5.386583e+002
wave imp.sig. = 9.139938e-006
line imp.     = 0.000000e+000

ref. port     = 0

-0.000000e+000  -0.000000e+000  -0.000000e+000  -0.000000e+000  -0.000000e+000  -0.000000e+000  -0.000000e+000  -0.000000e+000  -0.000000e+000  -0.000000e+000  -0.000000e+000  
3.135596e+001  3.135596e+001  3.135596e+001  3.135596e+001  3.135595e+001  3.135595e+001  3.135596e+001  3.135596e+001  3.135596e+001  3.135596e+001  -0.000000e+000  
6.260663e+001  6.260663e+001  6.260663e+001  6.260663e+001  6.260663e+001  6.260663e+001  6.260663e+001  6.260663e+001  6.260663e+001  6.260663e+001  -0.000000e+000  
9.364710e+001  9.364710e+001  9.364710e+001  9.364710e+001  9.364709e+001  9.364709e+001  9.364710e+001  9.364710e+001  9.364710e+001  9.364710e+001  -0.000000e+000  
2.287967e+002  2.287967e+002  2.287967e+002  2.287967e+002  2.287967e+002  2.287967e+002  2.287967e+002  2.287967e+002  2.287967e+002  2.287967e+002  -0.000000e+000  
3.589340e+002  3.589340e+002  3.589340e+002  3.589340e+002  3.589340e+002  3.589340e+002  3.589340e+002  3.589340e+002  3.589340e+002  3.589340e+002  -0.000000e+000  
4.601782e+002  4.601782e+002  4.601782e+002  4.601782e+002  4.601782e+002  4.601782e+002  4.601782e+002  4.601782e+002  4.601782e+002  4.601782e+002  -0.000000e+000  
5.243796e+002  5.243796e+002  5.243796e+002  5.243796e+002  5.243796e+002  5.243796e+002  5.243796e+002  5.243796e+002  5.243796e+002  5.243796e+002  -0.000000e+000  
5.463702e+002  5.463702e+002  5.463702e+002  5.463702e+002  5.463701e+002  5.463701e+002  5.463702e+002  5.463702e+002  5.463702e+002  5.463702e+002  -0.000000e+000  
5.243796e+002  5.243796e+002  5.243796e+002  5.243796e+002  5.243796e+002  5.243796e+002  5.243796e+002  5.243796e+002  5.243796e+002  5.243796e+002  -0.000000e+000  
4.601782e+002  4.601782e+002  4.601782e+002  4.601782e+002  4.601782e+002  4.601782e+002  4.601782e+002  4.601782e+002  4.601782e+002  4.601782e+002  -0.000000e+000  
3.589340e+002  3.589340e+002  3.589340e+002  3.589340e+002  3.589340e+002  3.589340e+002  3.589340e+002  3.589340e+002  3.589340e+002  3.589340e+002  -0.000000e+000  
2.287967e+002  2.287967e+002  2.287967e+002  2.287967e+002  2.287967e+002  2.287967e+002  2.287967e+002  2.287967e+002  2.287967e+002  2.287967e+002  -0.000000e+000  
9.364710e+001  9.364710e+001  9.364710e+001  9.364710e+001  9.364709e+001  9.364709e+001  9.364710e+001  9.364710e+001  9.364710e+001  9.364710e+001  -0.000000e+000  
6.260663e+001  6.260663e+001  6.260663e+001  6.260663e+001  6.260663e+001  6.260663e+001  6.260663e+001  6.260663e+001  6.260663e+001  6.260663e+001  -0.000000e+000  
3.135596e+001  3.135596e+001  3.135596e+001  3.135596e+001  3.135595e+001  3.135595e+001  3.135596e+001  3.135596e+001  3.135596e+001  3.135596e+001  -0.000000e+000  
-0.000000e+000  -0.000000e+000  -0.000000e+000  -0.000000e+000  -0.000000e+000  -0.000000e+000  -0.000000e+000  -0.000000e+000  -0.000000e+000  -0.000000e+000  -0.000000e+000  

-0.000000e+000  -6.509949e-007  -1.290827e-006  -1.857564e-006  -1.335829e-006  -0.000000e+000  1.335098e-006  1.857162e-006  1.291442e-006  6.507475e-007  -0.000000e+000  
-0.000000e+000  -6.596287e-007  -1.364268e-006  -2.089049e-006  -1.016016e-006  -0.000000e+000  1.016752e-006  2.089026e-006  1.363678e-006  6.602574e-007  -0.000000e+000  
-0.000000e+000  -6.217057e-007  -1.407839e-006  -2.684893e-006  -3.228557e-007  -0.000000e+000  3.231933e-007  2.685138e-006  1.408153e-006  6.219230e-007  -0.000000e+000  
-0.000000e+000  -3.583379e-008  -1.297008e-007  -3.387399e-007  -2.250088e-006  -0.000000e+000  2.249918e-006  3.383718e-007  1.294128e-007  3.543596e-008  -0.000000e+000  
-0.000000e+000  2.233046e-006  4.579222e-006  7.163410e-006  4.204708e-006  -0.000000e+000  -4.204683e-006  -7.163551e-006  -4.579293e-006  -2.233095e-006  -0.000000e+000  
-0.000000e+000  1.607518e-006  3.210059e-006  4.798549e-006  2.166638e-006  -0.000000e+000  -2.166607e-006  -4.798635e-006  -3.210144e-006  -1.607440e-006  -0.000000e+000  
-0.000000e+000  9.678041e-007  1.932895e-006  2.891958e-006  1.153016e-006  -0.000000e+000  -1.152822e-006  -2.891748e-006  -1.932850e-006  -9.679765e-007  -0.000000e+000  
-0.000000e+000  3.258956e-007  6.508709e-007  9.745612e-007  3.718814e-007  -0.000000e+000  -3.721980e-007  -9.746393e-007  -6.507558e-007  -3.255682e-007  -0.000000e+000  
-0.000000e+000  -3.255469e-007  -6.506150e-007  -9.743550e-007  -3.718201e-007  -0.000000e+000  3.718620e-007  9.746400e-007  6.507793e-007  3.258142e-007  -0.000000e+000  
-0.000000e+000  -9.680729e-007  -1.932813e-006  -2.891664e-006  -1.152782e-006  -0.000000e+000  1.152764e-006  2.891621e-006  1.932651e-006  9.677657e-007  -0.000000e+000  
-0.000000e+000  -1.607434e-006  -3.210107e-006  -4.798567e-006  -2.166404e-006  -0.000000e+000  2.166765e-006  4.798568e-006  3.209836e-006  1.607106e-006  -0.000000e+000  
-0.000000e+000  -2.233099e-006  -4.579482e-006  -7.163673e-006  -4.204777e-006  -0.000000e+000  4.204786e-006  7.163559e-006  4.579231e-006  2.232974e-006  -0.000000e+000  
-0.000000e+000  3.587838e-008  1.296307e-007  3.385938e-007  2.249798e-006  -0.000000e+000  -2.250112e-006  -3.384738e-007  -1.292255e-007  -3.540323e-008  -0.000000e+000  
-0.000000e+000  6.217817e-007  1.408753e-006  2.684768e-006  3.227959e-007  -0.000000e+000  -3.234515e-007  -2.684706e-006  -1.408070e-006  -6.204977e-007  -0.000000e+000  
-0.000000e+000  6.592343e-007  1.363655e-006  2.089581e-006  1.016091e-006  -0.000000e+000  -1.016517e-006  -2.088991e-006  -1.362991e-006  -6.582509e-007  -0.000000e+000  
-0.000000e+000  6.516735e-007  1.290888e-006  1.857323e-006  1.335132e-006  -0.000000e+000  -1.335076e-006  -1.857485e-006  -1.290430e-006  -6.502722e-007  -0.000000e+000  
-0.000000e+000  -0.000000e+000  -0.000000e+000  -0.000000e+000  -0.000000e+000  -0.000000e+000  -0.000000e+000  -0.000000e+000  -0.000000e+000  -0.000000e+000  -0.000000e+000  

0.000000e+000  0.000000e+000  0.000000e+000  0.000000e+000  0.000000e+000  0.000000e+000  0.000000e+000  0.000000e+000  0.000000e+000  0.000000e+000  0.000000e+000  
0.000000e+000  0.000000e+000  0.000000e+000  0.000000e+000  0.000000e+000  0.000000e+000  0.000000e+000  0.000000e+000  0.000000e+000  0.000000e+000  0.000000e+000  
0.000000e+000  0.000000e+000  0.000000e+000  0.000000e+000  0.000000e+000  0.000000e+000  0.000000e+000  0.000000e+000  0.000000e+000  0.000000e+000  0.000000e+000  
0.000000e+000  0.000000e+000  0.000000e+000  0.000000e+000  0.000000e+000  0.000000e+000  0.000000e+000  0.000000e+000  0.000000e+000  0.000000e+000  0.000000e+000  
0.000000e+000  0.000000e+000  0.000000e+000  0.000000e+000  0.000000e+000  0.000000e+000  0.000000e+000  0.000000e+000  0.000000e+000  0.000000e+000  0.000000e+000  
0.000000e+000  0.000000e+000  0.000000e+000  0.000000e+000  0.000000e+000  0.000000e+000  0.000000e+000  0.000000e+000  0.000000e+000  0.000000e+000  0.000000e+000  
0.000000e+000  0.000000e+000  0.000000e+000  0.000000e+000  0.000000e+000  0.000000e+000  0.000000e+000  0.000000e+000  0.000000e+000  0.000000e+000  0.000000e+000  
0.000000e+000  0.000000e+000  0.000000e+000  0.000000e+000  0.000000e+000  0.000000e+000  0.000000e+000  0.000000e+000  0.000000e+000  0.000000e+000  0.000000e+000  
0.000000e+000  0.000000e+000  0.000000e+000  0.000000e+000  0.000000e+000  0.000000e+000  0.000000e+000  0.000000e+000  0.000000e+000  0.000000e+000  0.000000e+000  
0.000000e+000  0.000000e+000  0.000000e+000  0.000000e+000  0.000000e+000  0.000000e+000  0.000000e+000  0.000000e+000  0.000000e+000  0.000000e+000  0.000000e+000  
0.000000e+000  0.000000e+000  0.000000e+000  0.000000e+000  0.000000e+000  0.000000e+000  0.000000e+000  0.000000e+000  0.000000e+000  0.000000e+000  0.000000e+000  
0.000000e+000  0.000000e+000  0.000000e+000  0.000000e+000  0.000000e+000  0.000000e+000  0.000000e+000  0.000000e+000  0.000000e+000  0.000000e+000  0.000000e+000  
0.000000e+000  0.000000e+000  0.000000e+000  0.000000e+000  0.000000e+000  0.000000e+000  0.000000e+000  0.000000e+000  0.000000e+000  0.000000e+000  0.000000e+000  
0.000000e+000  0.000000e+000  0.000000e+000  0.000000e+000  0.000000e+000  0.000000e+000  0.000000e+000  0.000000e+000  0.000000e+000  0.000000e+000  0.000000e+000  
0.000000e+000  0.000000e+000  0.000000e+000  0.000000e+000  0.000000e+000  0.000000e+000  0.000000e+000  0.000000e+000  0.000000e+000  0.000000e+000  0.000000e+000  
0.000000e+000  0.000000e+000  0.000000e+000  0.000000e+000  0.000000e+000  0.000000e+000  0.000000e+000  0.000000e+000  0.000000e+000  0.000000e+000  0.000000e+000  
0.000000e+000  0.000000e+000  0.000000e+000  0.000000e+000  0.000000e+000  0.000000e+000  0.000000e+000  0.000000e+000  0.000000e+000  0.000000e+000  0.000000e+000  

0.000000e+000  0.000000e+000  0.000000e+000  0.000000e+000  0.000000e+000  0.000000e+000  0.000000e+000  0.000000e+000  0.000000e+000  0.000000e+000  0.000000e+000  
0.000000e+000  0.000000e+000  0.000000e+000  0.000000e+000  0.000000e+000  0.000000e+000  0.000000e+000  0.000000e+000  0.000000e+000  0.000000e+000  0.000000e+000  
0.000000e+000  0.000000e+000  0.000000e+000  0.000000e+000  0.000000e+000  0.000000e+000  0.000000e+000  0.000000e+000  0.000000e+000  0.000000e+000  0.000000e+000  
0.000000e+000  0.000000e+000  0.000000e+000  0.000000e+000  0.000000e+000  0.000000e+000  0.000000e+000  0.000000e+000  0.000000e+000  0.000000e+000  0.000000e+000  
0.000000e+000  0.000000e+000  0.000000e+000  0.000000e+000  0.000000e+000  0.000000e+000  0.000000e+000  0.000000e+000  0.000000e+000  0.000000e+000  0.000000e+000  
0.000000e+000  0.000000e+000  0.000000e+000  0.000000e+000  0.000000e+000  0.000000e+000  0.000000e+000  0.000000e+000  0.000000e+000  0.000000e+000  0.000000e+000  
0.000000e+000  0.000000e+000  0.000000e+000  0.000000e+000  0.000000e+000  0.000000e+000  0.000000e+000  0.000000e+000  0.000000e+000  0.000000e+000  0.000000e+000  
0.000000e+000  0.000000e+000  0.000000e+000  0.000000e+000  0.000000e+000  0.000000e+000  0.000000e+000  0.000000e+000  0.000000e+000  0.000000e+000  0.000000e+000  
0.000000e+000  0.000000e+000  0.000000e+000  0.000000e+000  0.000000e+000  0.000000e+000  0.000000e+000  0.000000e+000  0.000000e+000  0.000000e+000  0.000000e+000  
0.000000e+000  0.000000e+000  0.000000e+000  0.000000e+000  0.000000e+000  0.000000e+000  0.000000e+000  0.000000e+000  0.000000e+000  0.000000e+000  0.000000e+000  
0.000000e+000  0.000000e+000  0.000000e+000  0.000000e+000  0.000000e+000  0.000000e+000  0.000000e+000  0.000000e+000  0.000000e+000  0.000000e+000  0.000000e+000  
0.000000e+000  0.000000e+000  0.000000e+000  0.000000e+000  0.000000e+000  0.000000e+000  0.000000e+000  0.000000e+000  0.000000e+000  0.000000e+000  0.000000e+000  
0.000000e+000  0.000000e+000  0.000000e+000  0.000000e+000  0.000000e+000  0.000000e+000  0.000000e+000  0.000000e+000  0.000000e+000  0.000000e+000  0.000000e+000  
0.000000e+000  0.000000e+000  0.000000e+000  0.000000e+000  0.000000e+000  0.000000e+000  0.000000e+000  0.000000e+000  0.000000e+000  0.000000e+000  0.000000e+000  
0.000000e+000  0.000000e+000  0.000000e+000  0.000000e+000  0.000000e+000  0.000000e+000  0.000000e+000  0.000000e+000  0.000000e+000  0.000000e+000  0.000000e+000  
0.000000e+000  0.000000e+000  0.000000e+000  0.000000e+000  0.000000e+000  0.000000e+000  0.000000e+000  0.000000e+000  0.000000e+000  0.000000e+000  0.000000e+000  
0.000000e+000  0.000000e+000  0.000000e+000  0.000000e+000  0.000000e+000  0.000000e+000  0.000000e+000  0.000000e+000  0.000000e+000  0.000000e+000  0.000000e+000  

0.000000e+000  0.000000e+000  0.000000e+000  0.000000e+000  0.000000e+000  0.000000e+000  0.000000e+000  0.000000e+000  0.000000e+000  0.000000e+000  0.000000e+000  
0.000000e+000  0.000000e+000  0.000000e+000  0.000000e+000  0.000000e+000  0.000000e+000  0.000000e+000  0.000000e+000  0.000000e+000  0.000000e+000  0.000000e+000  
0.000000e+000  0.000000e+000  0.000000e+000  0.000000e+000  0.000000e+000  0.000000e+000  0.000000e+000  0.000000e+000  0.000000e+000  0.000000e+000  0.000000e+000  
0.000000e+000  0.000000e+000  0.000000e+000  0.000000e+000  0.000000e+000  0.000000e+000  0.000000e+000  0.000000e+000  0.000000e+000  0.000000e+000  0.000000e+000  
0.000000e+000  0.000000e+000  0.000000e+000  0.000000e+000  0.000000e+000  0.000000e+000  0.000000e+000  0.000000e+000  0.000000e+000  0.000000e+000  0.000000e+000  
0.000000e+000  0.000000e+000  0.000000e+000  0.000000e+000  0.000000e+000  0.000000e+000  0.000000e+000  0.000000e+000  0.000000e+000  0.000000e+000  0.000000e+000  
0.000000e+000  0.000000e+000  0.000000e+000  0.000000e+000  0.000000e+000  0.000000e+000  0.000000e+000  0.000000e+000  0.000000e+000  0.000000e+000  0.000000e+000  
0.000000e+000  0.000000e+000  0.000000e+000  0.000000e+000  0.000000e+000  0.000000e+000  0.000000e+000  0.000000e+000  0.000000e+000  0.000000e+000  0.000000e+000  
0.000000e+000  0.000000e+000  0.000000e+000  0.000000e+000  0.000000e+000  0.000000e+000  0.000000e+000  0.000000e+000  0.000000e+000  0.000000e+000  0.000000e+000  
0.000000e+000  0.000000e+000  0.000000e+000  0.000000e+000  0.000000e+000  0.000000e+000  0.000000e+000  0.000000e+000  0.000000e+000  0.000000e+000  0.000000e+000  
0.000000e+000  0.000000e+000  0.000000e+000  0.000000e+000  0.000000e+000  0.000000e+000  0.000000e+000  0.000000e+000  0.000000e+000  0.000000e+000  0.000000e+000  
0.000000e+000  0.000000e+000  0.000000e+000  0.000000e+000  0.000000e+000  0.000000e+000  0.000000e+000  0.000000e+000  0.000000e+000  0.000000e+000  0.000000e+000  
0.000000e+000  0.000000e+000  0.000000e+000  0.000000e+000  0.000000e+000  0.000000e+000  0.000000e+000  0.000000e+000  0.000000e+000  0.000000e+000  0.000000e+000  
0.000000e+000  0.000000e+000  0.000000e+000  0.000000e+000  0.000000e+000  0.000000e+000  0.000000e+000  0.000000e+000  0.000000e+000  0.000000e+000  0.000000e+000  
0.000000e+000  0.000000e+000  0.000000e+000  0.000000e+000  0.000000e+000  0.000000e+000  0.000000e+000  0.000000e+000  0.000000e+000  0.000000e+000  0.000000e+000  
0.000000e+000  0.000000e+000  0.000000e+000  0.000000e+000  0.000000e+000  0.000000e+000  0.000000e+000  0.000000e+000  0.000000e+000  0.000000e+000  0.000000e+000  
0.000000e+000  0.000000e+000  0.000000e+000  0.000000e+000  0.000000e+000  0.000000e+000  0.000000e+000  0.000000e+000  0.000000e+000  0.000000e+000  0.000000e+000  

-0.000000e+000  -0.000000e+000  -0.000000e+000  -0.000000e+000  -0.000000e+000  -0.000000e+000  -0.000000e+000  -0.000000e+000  -0.000000e+000  -0.000000e+000  -0.000000e+000  
-0.000000e+000  -2.949340e-008  -4.633022e-008  -1.042948e-007  -2.348736e-007  -0.000000e+000  2.109405e-007  9.547062e-008  7.120534e-008  1.718989e-008  -0.000000e+000  
-0.000000e+000  -6.611074e-008  -1.168738e-007  -2.016695e-007  -4.644137e-007  -0.000000e+000  4.733079e-007  1.898347e-007  1.360538e-007  3.779474e-008  -0.000000e+000  
-0.000000e+000  -6.953966e-008  -1.621313e-007  -2.375567e-007  -7.506725e-007  -0.000000e+000  7.531044e-007  2.406737e-007  1.412713e-007  1.000072e-007  -0.000000e+000  
-0.000000e+000  -1.355606e-007  -2.728507e-007  -3.824607e-007  -1.229334e-006  -0.000000e+000  1.229179e-006  3.760182e-007  2.821013e-007  1.320717e-007  -0.000000e+000  
-0.000000e+000  -6.002963e-007  -1.210390e-006  -1.850808e-006  -4.258204e-006  2.088762e-009  4.255716e-006  1.850011e-006  1.210974e-006  5.944234e-007  -0.000000e+000  
-0.000000e+000  -8.767553e-007  -1.763111e-006  -2.674667e-006  -5.950019e-006  1.387019e-009  5.946976e-006  2.676186e-006  1.773403e-006  8.664603e-007  -0.000000e+000  
-0.000000e+000  -1.042670e-006  -2.086331e-006  -3.115883e-006  -6.890969e-006  -0.000000e+000  6.891798e-006  3.119473e-006  2.074287e-006  1.041420e-006  -0.000000e+000  
-0.000000e+000  -1.078925e-006  -2.175609e-006  -3.266061e-006  -7.201282e-006  -0.000000e+000  7.198813e-006  3.261757e-006  2.178464e-006  1.091739e-006  -0.000000e+000  
-0.000000e+000  -1.047368e-006  -2.065459e-006  -3.118940e-006  -6.887952e-006  -9.875579e-010  6.891587e-006  3.116835e-006  2.091897e-006  1.032711e-006  -0.000000e+000  
-0.000000e+000  -8.755996e-007  -1.777023e-006  -2.670507e-006  -5.946573e-006  -0.000000e+000  5.947772e-006  2.673247e-006  1.761444e-006  9.055978e-007  -0.000000e+000  
-0.000000e+000  -6.023960e-007  -1.210457e-006  -1.844823e-006  -4.256754e-006  -0.000000e+000  4.257785e-006  1.851528e-006  1.205690e-006  6.036804e-007  -0.000000e+000  
-0.000000e+000  -1.614941e-007  -2.906996e-007  -3.700018e-007  -1.228075e-006  -1.060220e-009  1.228064e-006  3.752736e-007  2.837568e-007  1.379519e-007  -0.000000e+000  
-0.000000e+000  -8.189020e-008  -1.591518e-007  -2.354544e-007  -7.507954e-007  -0.000000e+000  7.521811e-007  2.368905e-007  1.486827e-007  8.840342e-008  -0.000000e+000  
-0.000000e+000  -4.548886e-008  -1.047934e-007  -2.113508e-007  -4.681280e-007  -0.000000e+000  4.630444e-007  1.992430e-007  1.078234e-007  3.867360e-008  -0.000000e+000  
-0.000000e+000  -4.649385e-008  -6.664273e-008  -9.356760e-008  -2.233126e-007  -0.000000e+000  2.141192e-007  1.031203e-007  6.173242e-008  5.478848e-008  -0.000000e+000  
-0.000000e+000  -0.000000e+000  -0.000000e+000  -0.000000e+000  -0.000000e+000  -0.000000e+000  -0.000000e+000  -0.000000e+000  -0.000000e+000  -0.000000e+000  -0.000000e+000  

