Port monitor named: Port1_e1.prt

nx        = 3
ny        = 13
nz        = 19

nu        = 11
nv        = 17
iu        = 2
iv        = 2

idir      = 0
dcut      = 1.143000e-002
icut      = 1
type      = 0
frequency = 2.200000e+009

fcutoff   = 1.572048e+009
alpha     = 0.000000e+000
beta      = 3.224961e+001
accuracy  = 1.752182e-010

type          = TE
wave imp.     = 5.386268e+002
wave imp.sig. = 9.229248e-006
line imp.     = 0.000000e+000

ref. port     = 0

-0.000000e+000  -0.000000e+000  -0.000000e+000  -0.000000e+000  -0.000000e+000  -0.000000e+000  -0.000000e+000  -0.000000e+000  -0.000000e+000  -0.000000e+000  -0.000000e+000  
3.135504e+001  3.135504e+001  3.135504e+001  3.135504e+001  3.135504e+001  3.135504e+001  3.135504e+001  3.135504e+001  3.135504e+001  3.135504e+001  -0.000000e+000  
6.260480e+001  6.260480e+001  6.260480e+001  6.260480e+001  6.260480e+001  6.260480e+001  6.260480e+001  6.260480e+001  6.260480e+001  6.260480e+001  -0.000000e+000  
9.364436e+001  9.364436e+001  9.364436e+001  9.364436e+001  9.364435e+001  9.364435e+001  9.364436e+001  9.364436e+001  9.364436e+001  9.364436e+001  -0.000000e+000  
2.287900e+002  2.287900e+002  2.287900e+002  2.287900e+002  2.287900e+002  2.287900e+002  2.287900e+002  2.287900e+002  2.287900e+002  2.287900e+002  -0.000000e+000  
3.589235e+002  3.589235e+002  3.589235e+002  3.589235e+002  3.589235e+002  3.589235e+002  3.589235e+002  3.589235e+002  3.589235e+002  3.589235e+002  -0.000000e+000  
4.601648e+002  4.601648e+002  4.601648e+002  4.601648e+002  4.601647e+002  4.601647e+002  4.601648e+002  4.601648e+002  4.601648e+002  4.601648e+002  -0.000000e+000  
5.243643e+002  5.243643e+002  5.243643e+002  5.243643e+002  5.243643e+002  5.243643e+002  5.243643e+002  5.243643e+002  5.243643e+002  5.243643e+002  -0.000000e+000  
5.463542e+002  5.463542e+002  5.463542e+002  5.463542e+002  5.463541e+002  5.463541e+002  5.463542e+002  5.463542e+002  5.463542e+002  5.463542e+002  -0.000000e+000  
5.243643e+002  5.243643e+002  5.243643e+002  5.243643e+002  5.243643e+002  5.243643e+002  5.243643e+002  5.243643e+002  5.243643e+002  5.243643e+002  -0.000000e+000  
4.601648e+002  4.601648e+002  4.601648e+002  4.601648e+002  4.601647e+002  4.601647e+002  4.601648e+002  4.601648e+002  4.601648e+002  4.601648e+002  -0.000000e+000  
3.589235e+002  3.589235e+002  3.589235e+002  3.589235e+002  3.589235e+002  3.589235e+002  3.589235e+002  3.589235e+002  3.589235e+002  3.589235e+002  -0.000000e+000  
2.287900e+002  2.287900e+002  2.287900e+002  2.287900e+002  2.287900e+002  2.287900e+002  2.287900e+002  2.287900e+002  2.287900e+002  2.287900e+002  -0.000000e+000  
9.364436e+001  9.364436e+001  9.364436e+001  9.364436e+001  9.364435e+001  9.364435e+001  9.364436e+001  9.364436e+001  9.364436e+001  9.364436e+001  -0.000000e+000  
6.260480e+001  6.260480e+001  6.260480e+001  6.260480e+001  6.260480e+001  6.260480e+001  6.260480e+001  6.260480e+001  6.260480e+001  6.260480e+001  -0.000000e+000  
3.135504e+001  3.135504e+001  3.135504e+001  3.135504e+001  3.135504e+001  3.135504e+001  3.135504e+001  3.135504e+001  3.135504e+001  3.135504e+001  -0.000000e+000  
-0.000000e+000  -0.000000e+000  -0.000000e+000  -0.000000e+000  -0.000000e+000  -0.000000e+000  -0.000000e+000  -0.000000e+000  -0.000000e+000  -0.000000e+000  -0.000000e+000  

-0.000000e+000  -6.495366e-007  -1.293856e-006  -1.859526e-006  -1.337701e-006  -0.000000e+000  1.333753e-006  1.857609e-006  1.290869e-006  6.518013e-007  -0.000000e+000  
-0.000000e+000  -6.583703e-007  -1.361679e-006  -2.091305e-006  -1.017365e-006  -0.000000e+000  1.019179e-006  2.090674e-006  1.365844e-006  6.617440e-007  -0.000000e+000  
-0.000000e+000  -6.169786e-007  -1.409325e-006  -2.682312e-006  -3.237415e-007  -0.000000e+000  3.238111e-007  2.687625e-006  1.411831e-006  6.219724e-007  -0.000000e+000  
-0.000000e+000  -3.531352e-008  -1.290001e-007  -3.390335e-007  -2.250996e-006  -0.000000e+000  2.251377e-006  3.392217e-007  1.306213e-007  3.663545e-008  -0.000000e+000  
-0.000000e+000  2.232894e-006  4.578933e-006  7.162687e-006  4.203003e-006  -0.000000e+000  -4.203439e-006  -7.162865e-006  -4.578601e-006  -2.232808e-006  -0.000000e+000  
-0.000000e+000  1.607168e-006  3.209424e-006  4.798086e-006  2.165689e-006  -0.000000e+000  -2.165785e-006  -4.797809e-006  -3.209238e-006  -1.606749e-006  -0.000000e+000  
-0.000000e+000  9.678281e-007  1.932715e-006  2.891374e-006  1.152099e-006  -0.000000e+000  -1.152645e-006  -2.891587e-006  -1.933265e-006  -9.681590e-007  -0.000000e+000  
-0.000000e+000  3.260371e-007  6.509310e-007  9.738821e-007  3.712686e-007  -0.000000e+000  -3.724171e-007  -9.751379e-007  -6.515937e-007  -3.268856e-007  -0.000000e+000  
-0.000000e+000  -3.246627e-007  -6.495798e-007  -9.741703e-007  -3.715235e-007  -0.000000e+000  3.715146e-007  9.742055e-007  6.501452e-007  3.260580e-007  -0.000000e+000  
-0.000000e+000  -9.676904e-007  -1.932680e-006  -2.891375e-006  -1.151138e-006  1.362463e-009  1.153405e-006  2.891743e-006  1.933334e-006  9.684802e-007  -0.000000e+000  
-0.000000e+000  -1.608011e-006  -3.209817e-006  -4.798618e-006  -2.166208e-006  -0.000000e+000  2.165919e-006  4.797327e-006  3.209384e-006  1.607127e-006  -0.000000e+000  
-0.000000e+000  -2.232620e-006  -4.579386e-006  -7.162890e-006  -4.204004e-006  -0.000000e+000  4.203843e-006  7.163301e-006  4.579426e-006  2.232956e-006  -0.000000e+000  
-0.000000e+000  3.525326e-008  1.296740e-007  3.394236e-007  2.250082e-006  -0.000000e+000  -2.250798e-006  -3.382000e-007  -1.295626e-007  -3.516243e-008  -0.000000e+000  
-0.000000e+000  6.220055e-007  1.409078e-006  2.683986e-006  3.205484e-007  -0.000000e+000  -3.255344e-007  -2.685414e-006  -1.405941e-006  -6.201314e-007  -0.000000e+000  
-0.000000e+000  6.597372e-007  1.361890e-006  2.087527e-006  1.016785e-006  -0.000000e+000  -1.016142e-006  -2.086966e-006  -1.363567e-006  -6.573681e-007  -0.000000e+000  
-0.000000e+000  6.505240e-007  1.294612e-006  1.857439e-006  1.337791e-006  -0.000000e+000  -1.335691e-006  -1.857939e-006  -1.290470e-006  -6.487507e-007  -0.000000e+000  
-0.000000e+000  -0.000000e+000  -0.000000e+000  -0.000000e+000  -0.000000e+000  -0.000000e+000  -0.000000e+000  -0.000000e+000  -0.000000e+000  -0.000000e+000  -0.000000e+000  

0.000000e+000  0.000000e+000  0.000000e+000  0.000000e+000  0.000000e+000  0.000000e+000  0.000000e+000  0.000000e+000  0.000000e+000  0.000000e+000  0.000000e+000  
0.000000e+000  0.000000e+000  0.000000e+000  0.000000e+000  0.000000e+000  0.000000e+000  0.000000e+000  0.000000e+000  0.000000e+000  0.000000e+000  0.000000e+000  
0.000000e+000  0.000000e+000  0.000000e+000  0.000000e+000  0.000000e+000  0.000000e+000  0.000000e+000  0.000000e+000  0.000000e+000  0.000000e+000  0.000000e+000  
0.000000e+000  0.000000e+000  0.000000e+000  0.000000e+000  0.000000e+000  0.000000e+000  0.000000e+000  0.000000e+000  0.000000e+000  0.000000e+000  0.000000e+000  
0.000000e+000  0.000000e+000  0.000000e+000  0.000000e+000  0.000000e+000  0.000000e+000  0.000000e+000  0.000000e+000  0.000000e+000  0.000000e+000  0.000000e+000  
0.000000e+000  0.000000e+000  0.000000e+000  0.000000e+000  0.000000e+000  0.000000e+000  0.000000e+000  0.000000e+000  0.000000e+000  0.000000e+000  0.000000e+000  
0.000000e+000  0.000000e+000  0.000000e+000  0.000000e+000  0.000000e+000  0.000000e+000  0.000000e+000  0.000000e+000  0.000000e+000  0.000000e+000  0.000000e+000  
0.000000e+000  0.000000e+000  0.000000e+000  0.000000e+000  0.000000e+000  0.000000e+000  0.000000e+000  0.000000e+000  0.000000e+000  0.000000e+000  0.000000e+000  
0.000000e+000  0.000000e+000  0.000000e+000  0.000000e+000  0.000000e+000  0.000000e+000  0.000000e+000  0.000000e+000  0.000000e+000  0.000000e+000  0.000000e+000  
0.000000e+000  0.000000e+000  0.000000e+000  0.000000e+000  0.000000e+000  0.000000e+000  0.000000e+000  0.000000e+000  0.000000e+000  0.000000e+000  0.000000e+000  
0.000000e+000  0.000000e+000  0.000000e+000  0.000000e+000  0.000000e+000  0.000000e+000  0.000000e+000  0.000000e+000  0.000000e+000  0.000000e+000  0.000000e+000  
0.000000e+000  0.000000e+000  0.000000e+000  0.000000e+000  0.000000e+000  0.000000e+000  0.000000e+000  0.000000e+000  0.000000e+000  0.000000e+000  0.000000e+000  
0.000000e+000  0.000000e+000  0.000000e+000  0.000000e+000  0.000000e+000  0.000000e+000  0.000000e+000  0.000000e+000  0.000000e+000  0.000000e+000  0.000000e+000  
0.000000e+000  0.000000e+000  0.000000e+000  0.000000e+000  0.000000e+000  0.000000e+000  0.000000e+000  0.000000e+000  0.000000e+000  0.000000e+000  0.000000e+000  
0.000000e+000  0.000000e+000  0.000000e+000  0.000000e+000  0.000000e+000  0.000000e+000  0.000000e+000  0.000000e+000  0.000000e+000  0.000000e+000  0.000000e+000  
0.000000e+000  0.000000e+000  0.000000e+000  0.000000e+000  0.000000e+000  0.000000e+000  0.000000e+000  0.000000e+000  0.000000e+000  0.000000e+000  0.000000e+000  
0.000000e+000  0.000000e+000  0.000000e+000  0.000000e+000  0.000000e+000  0.000000e+000  0.000000e+000  0.000000e+000  0.000000e+000  0.000000e+000  0.000000e+000  

0.000000e+000  0.000000e+000  0.000000e+000  0.000000e+000  0.000000e+000  0.000000e+000  0.000000e+000  0.000000e+000  0.000000e+000  0.000000e+000  0.000000e+000  
0.000000e+000  0.000000e+000  0.000000e+000  0.000000e+000  0.000000e+000  0.000000e+000  0.000000e+000  0.000000e+000  0.000000e+000  0.000000e+000  0.000000e+000  
0.000000e+000  0.000000e+000  0.000000e+000  0.000000e+000  0.000000e+000  0.000000e+000  0.000000e+000  0.000000e+000  0.000000e+000  0.000000e+000  0.000000e+000  
0.000000e+000  0.000000e+000  0.000000e+000  0.000000e+000  0.000000e+000  0.000000e+000  0.000000e+000  0.000000e+000  0.000000e+000  0.000000e+000  0.000000e+000  
0.000000e+000  0.000000e+000  0.000000e+000  0.000000e+000  0.000000e+000  0.000000e+000  0.000000e+000  0.000000e+000  0.000000e+000  0.000000e+000  0.000000e+000  
0.000000e+000  0.000000e+000  0.000000e+000  0.000000e+000  0.000000e+000  0.000000e+000  0.000000e+000  0.000000e+000  0.000000e+000  0.000000e+000  0.000000e+000  
0.000000e+000  0.000000e+000  0.000000e+000  0.000000e+000  0.000000e+000  0.000000e+000  0.000000e+000  0.000000e+000  0.000000e+000  0.000000e+000  0.000000e+000  
0.000000e+000  0.000000e+000  0.000000e+000  0.000000e+000  0.000000e+000  0.000000e+000  0.000000e+000  0.000000e+000  0.000000e+000  0.000000e+000  0.000000e+000  
0.000000e+000  0.000000e+000  0.000000e+000  0.000000e+000  0.000000e+000  0.000000e+000  0.000000e+000  0.000000e+000  0.000000e+000  0.000000e+000  0.000000e+000  
0.000000e+000  0.000000e+000  0.000000e+000  0.000000e+000  0.000000e+000  0.000000e+000  0.000000e+000  0.000000e+000  0.000000e+000  0.000000e+000  0.000000e+000  
0.000000e+000  0.000000e+000  0.000000e+000  0.000000e+000  0.000000e+000  0.000000e+000  0.000000e+000  0.000000e+000  0.000000e+000  0.000000e+000  0.000000e+000  
0.000000e+000  0.000000e+000  0.000000e+000  0.000000e+000  0.000000e+000  0.000000e+000  0.000000e+000  0.000000e+000  0.000000e+000  0.000000e+000  0.000000e+000  
0.000000e+000  0.000000e+000  0.000000e+000  0.000000e+000  0.000000e+000  0.000000e+000  0.000000e+000  0.000000e+000  0.000000e+000  0.000000e+000  0.000000e+000  
0.000000e+000  0.000000e+000  0.000000e+000  0.000000e+000  0.000000e+000  0.000000e+000  0.000000e+000  0.000000e+000  0.000000e+000  0.000000e+000  0.000000e+000  
0.000000e+000  0.000000e+000  0.000000e+000  0.000000e+000  0.000000e+000  0.000000e+000  0.000000e+000  0.000000e+000  0.000000e+000  0.000000e+000  0.000000e+000  
0.000000e+000  0.000000e+000  0.000000e+000  0.000000e+000  0.000000e+000  0.000000e+000  0.000000e+000  0.000000e+000  0.000000e+000  0.000000e+000  0.000000e+000  
0.000000e+000  0.000000e+000  0.000000e+000  0.000000e+000  0.000000e+000  0.000000e+000  0.000000e+000  0.000000e+000  0.000000e+000  0.000000e+000  0.000000e+000  

0.000000e+000  0.000000e+000  0.000000e+000  0.000000e+000  0.000000e+000  0.000000e+000  0.000000e+000  0.000000e+000  0.000000e+000  0.000000e+000  0.000000e+000  
0.000000e+000  0.000000e+000  0.000000e+000  0.000000e+000  0.000000e+000  0.000000e+000  0.000000e+000  0.000000e+000  0.000000e+000  0.000000e+000  0.000000e+000  
0.000000e+000  0.000000e+000  0.000000e+000  0.000000e+000  0.000000e+000  0.000000e+000  0.000000e+000  0.000000e+000  0.000000e+000  0.000000e+000  0.000000e+000  
0.000000e+000  0.000000e+000  0.000000e+000  0.000000e+000  0.000000e+000  0.000000e+000  0.000000e+000  0.000000e+000  0.000000e+000  0.000000e+000  0.000000e+000  
0.000000e+000  0.000000e+000  0.000000e+000  0.000000e+000  0.000000e+000  0.000000e+000  0.000000e+000  0.000000e+000  0.000000e+000  0.000000e+000  0.000000e+000  
0.000000e+000  0.000000e+000  0.000000e+000  0.000000e+000  0.000000e+000  0.000000e+000  0.000000e+000  0.000000e+000  0.000000e+000  0.000000e+000  0.000000e+000  
0.000000e+000  0.000000e+000  0.000000e+000  0.000000e+000  0.000000e+000  0.000000e+000  0.000000e+000  0.000000e+000  0.000000e+000  0.000000e+000  0.000000e+000  
0.000000e+000  0.000000e+000  0.000000e+000  0.000000e+000  0.000000e+000  0.000000e+000  0.000000e+000  0.000000e+000  0.000000e+000  0.000000e+000  0.000000e+000  
0.000000e+000  0.000000e+000  0.000000e+000  0.000000e+000  0.000000e+000  0.000000e+000  0.000000e+000  0.000000e+000  0.000000e+000  0.000000e+000  0.000000e+000  
0.000000e+000  0.000000e+000  0.000000e+000  0.000000e+000  0.000000e+000  0.000000e+000  0.000000e+000  0.000000e+000  0.000000e+000  0.000000e+000  0.000000e+000  
0.000000e+000  0.000000e+000  0.000000e+000  0.000000e+000  0.000000e+000  0.000000e+000  0.000000e+000  0.000000e+000  0.000000e+000  0.000000e+000  0.000000e+000  
0.000000e+000  0.000000e+000  0.000000e+000  0.000000e+000  0.000000e+000  0.000000e+000  0.000000e+000  0.000000e+000  0.000000e+000  0.000000e+000  0.000000e+000  
0.000000e+000  0.000000e+000  0.000000e+000  0.000000e+000  0.000000e+000  0.000000e+000  0.000000e+000  0.000000e+000  0.000000e+000  0.000000e+000  0.000000e+000  
0.000000e+000  0.000000e+000  0.000000e+000  0.000000e+000  0.000000e+000  0.000000e+000  0.000000e+000  0.000000e+000  0.000000e+000  0.000000e+000  0.000000e+000  
0.000000e+000  0.000000e+000  0.000000e+000  0.000000e+000  0.000000e+000  0.000000e+000  0.000000e+000  0.000000e+000  0.000000e+000  0.000000e+000  0.000000e+000  
0.000000e+000  0.000000e+000  0.000000e+000  0.000000e+000  0.000000e+000  0.000000e+000  0.000000e+000  0.000000e+000  0.000000e+000  0.000000e+000  0.000000e+000  
0.000000e+000  0.000000e+000  0.000000e+000  0.000000e+000  0.000000e+000  0.000000e+000  0.000000e+000  0.000000e+000  0.000000e+000  0.000000e+000  0.000000e+000  

-0.000000e+000  -0.000000e+000  -0.000000e+000  -0.000000e+000  -0.000000e+000  -0.000000e+000  -0.000000e+000  -0.000000e+000  -0.000000e+000  -0.000000e+000  -0.000000e+000  
-0.000000e+000  6.751329e-009  -1.349413e-007  -8.825966e-008  -2.463322e-007  -2.716386e-009  1.451296e-007  6.271151e-008  5.540212e-008  -1.708839e-008  -0.000000e+000  
-0.000000e+000  -7.507886e-008  -1.480424e-007  -2.531178e-007  -4.743258e-007  -0.000000e+000  5.008550e-007  2.076867e-007  -6.745101e-008  1.992740e-007  -0.000000e+000  
-0.000000e+000  -3.710734e-008  -1.866264e-007  -2.189923e-007  -7.490207e-007  -9.827129e-010  7.441366e-007  2.532939e-007  1.832557e-007  6.853512e-008  -0.000000e+000  
-0.000000e+000  -1.206078e-007  -2.495157e-007  -3.887441e-007  -1.229910e-006  2.839376e-009  1.235225e-006  3.434999e-007  3.540537e-007  1.721450e-007  -0.000000e+000  
-0.000000e+000  -6.888333e-007  -1.226730e-006  -1.823699e-006  -4.262260e-006  1.288886e-008  4.254654e-006  1.846799e-006  1.209148e-006  6.329562e-007  -0.000000e+000  
-0.000000e+000  -8.527011e-007  -1.760833e-006  -2.684319e-006  -5.945484e-006  8.276890e-009  5.946028e-006  2.671291e-006  1.791831e-006  8.723355e-007  -0.000000e+000  
-0.000000e+000  -1.003531e-006  -2.049042e-006  -3.143287e-006  -6.895565e-006  -5.324769e-009  6.897962e-006  3.120794e-006  2.105343e-006  1.024573e-006  -0.000000e+000  
-0.000000e+000  -1.138734e-006  -2.160662e-006  -3.272831e-006  -7.203309e-006  -0.000000e+000  7.199665e-006  3.260758e-006  2.207250e-006  1.086240e-006  -0.000000e+000  
-0.000000e+000  -1.003191e-006  -2.102413e-006  -3.126765e-006  -6.900089e-006  -3.186676e-009  6.882784e-006  3.119953e-006  2.096590e-006  1.003646e-006  -0.000000e+000  
-0.000000e+000  -9.613517e-007  -1.763981e-006  -2.649994e-006  -5.956793e-006  4.878802e-009  5.952019e-006  2.705563e-006  1.729090e-006  8.632606e-007  -0.000000e+000  
-0.000000e+000  -6.102957e-007  -1.179011e-006  -1.861051e-006  -4.270696e-006  6.215094e-009  4.262543e-006  1.852038e-006  1.171891e-006  6.043800e-007  -0.000000e+000  
-0.000000e+000  -6.186875e-008  -3.123600e-007  -4.002286e-007  -1.220557e-006  1.991822e-009  1.230502e-006  3.565494e-007  3.256259e-007  1.640074e-007  -0.000000e+000  
-0.000000e+000  -1.402112e-007  -1.276995e-007  -2.334904e-007  -7.338797e-007  -0.000000e+000  7.685625e-007  2.274782e-007  1.590511e-007  9.150432e-008  -0.000000e+000  
-0.000000e+000  -8.419882e-008  -6.096662e-008  -1.744342e-007  -5.182243e-007  -4.651881e-009  4.256010e-007  1.749907e-007  9.426186e-008  1.370864e-007  -0.000000e+000  
-0.000000e+000  -1.126573e-008  -1.575094e-007  -1.156338e-007  -2.547834e-007  -5.056688e-009  2.320849e-007  1.647626e-007  1.112534e-007  1.682631e-008  -0.000000e+000  
-0.000000e+000  -0.000000e+000  -0.000000e+000  -0.000000e+000  -0.000000e+000  -0.000000e+000  -0.000000e+000  -0.000000e+000  -0.000000e+000  -0.000000e+000  -0.000000e+000  

