Port monitor named: Port2_e1.prt

nx        = 3
ny        = 13
nz        = 19

nu        = 11
nv        = 17
iu        = 2
iv        = 2

idir      = 0
dcut      = 5.114300e-001
icut      = 3
type      = 0
frequency = 2.200000e+009

fcutoff   = 1.572048e+009
alpha     = 0.000000e+000
beta      = 3.224961e+001
accuracy  = 1.751782e-010

type          = TE
wave imp.     = 5.386268e+002
wave imp.sig. = 9.229221e-006
line imp.     = 0.000000e+000

ref. port     = 0

-0.000000e+000  -0.000000e+000  -0.000000e+000  -0.000000e+000  -0.000000e+000  -0.000000e+000  -0.000000e+000  -0.000000e+000  -0.000000e+000  -0.000000e+000  -0.000000e+000  
3.135504e+001  3.135504e+001  3.135504e+001  3.135504e+001  3.135504e+001  3.135504e+001  3.135504e+001  3.135504e+001  3.135504e+001  3.135504e+001  -0.000000e+000  
6.260480e+001  6.260480e+001  6.260480e+001  6.260480e+001  6.260480e+001  6.260480e+001  6.260480e+001  6.260480e+001  6.260480e+001  6.260480e+001  -0.000000e+000  
9.364436e+001  9.364436e+001  9.364436e+001  9.364436e+001  9.364435e+001  9.364435e+001  9.364436e+001  9.364436e+001  9.364436e+001  9.364436e+001  -0.000000e+000  
2.287900e+002  2.287900e+002  2.287900e+002  2.287900e+002  2.287900e+002  2.287900e+002  2.287900e+002  2.287900e+002  2.287900e+002  2.287900e+002  -0.000000e+000  
3.589235e+002  3.589235e+002  3.589235e+002  3.589235e+002  3.589235e+002  3.589235e+002  3.589235e+002  3.589235e+002  3.589235e+002  3.589235e+002  -0.000000e+000  
4.601648e+002  4.601648e+002  4.601648e+002  4.601648e+002  4.601647e+002  4.601647e+002  4.601648e+002  4.601648e+002  4.601648e+002  4.601648e+002  -0.000000e+000  
5.243643e+002  5.243643e+002  5.243643e+002  5.243643e+002  5.243643e+002  5.243643e+002  5.243643e+002  5.243643e+002  5.243643e+002  5.243643e+002  -0.000000e+000  
5.463542e+002  5.463542e+002  5.463542e+002  5.463542e+002  5.463541e+002  5.463541e+002  5.463542e+002  5.463542e+002  5.463542e+002  5.463542e+002  -0.000000e+000  
5.243643e+002  5.243643e+002  5.243643e+002  5.243643e+002  5.243643e+002  5.243643e+002  5.243643e+002  5.243643e+002  5.243643e+002  5.243643e+002  -0.000000e+000  
4.601648e+002  4.601648e+002  4.601648e+002  4.601648e+002  4.601647e+002  4.601647e+002  4.601648e+002  4.601648e+002  4.601648e+002  4.601648e+002  -0.000000e+000  
3.589235e+002  3.589235e+002  3.589235e+002  3.589235e+002  3.589235e+002  3.589235e+002  3.589235e+002  3.589235e+002  3.589235e+002  3.589235e+002  -0.000000e+000  
2.287900e+002  2.287900e+002  2.287900e+002  2.287900e+002  2.287900e+002  2.287900e+002  2.287900e+002  2.287900e+002  2.287900e+002  2.287900e+002  -0.000000e+000  
9.364436e+001  9.364436e+001  9.364436e+001  9.364436e+001  9.364435e+001  9.364435e+001  9.364436e+001  9.364436e+001  9.364436e+001  9.364436e+001  -0.000000e+000  
6.260480e+001  6.260480e+001  6.260480e+001  6.260480e+001  6.260480e+001  6.260480e+001  6.260480e+001  6.260480e+001  6.260480e+001  6.260480e+001  -0.000000e+000  
3.135504e+001  3.135504e+001  3.135504e+001  3.135504e+001  3.135504e+001  3.135504e+001  3.135504e+001  3.135504e+001  3.135504e+001  3.135504e+001  -0.000000e+000  
-0.000000e+000  -0.000000e+000  -0.000000e+000  -0.000000e+000  -0.000000e+000  -0.000000e+000  -0.000000e+000  -0.000000e+000  -0.000000e+000  -0.000000e+000  -0.000000e+000  

-0.000000e+000  -6.495372e-007  -1.293856e-006  -1.859527e-006  -1.337701e-006  -0.000000e+000  1.333754e-006  1.857608e-006  1.290868e-006  6.518002e-007  -0.000000e+000  
-0.000000e+000  -6.583698e-007  -1.361679e-006  -2.091304e-006  -1.017365e-006  -0.000000e+000  1.019178e-006  2.090673e-006  1.365844e-006  6.617444e-007  -0.000000e+000  
-0.000000e+000  -6.169795e-007  -1.409324e-006  -2.682311e-006  -3.237410e-007  -0.000000e+000  3.238120e-007  2.687625e-006  1.411832e-006  6.219733e-007  -0.000000e+000  
-0.000000e+000  -3.531343e-008  -1.290002e-007  -3.390339e-007  -2.250996e-006  -0.000000e+000  2.251376e-006  3.392217e-007  1.306213e-007  3.663557e-008  -0.000000e+000  
-0.000000e+000  2.232894e-006  4.578932e-006  7.162687e-006  4.203003e-006  -0.000000e+000  -4.203439e-006  -7.162865e-006  -4.578601e-006  -2.232808e-006  -0.000000e+000  
-0.000000e+000  1.607168e-006  3.209424e-006  4.798086e-006  2.165689e-006  -0.000000e+000  -2.165785e-006  -4.797809e-006  -3.209238e-006  -1.606748e-006  -0.000000e+000  
-0.000000e+000  9.678282e-007  1.932715e-006  2.891374e-006  1.152099e-006  -0.000000e+000  -1.152645e-006  -2.891586e-006  -1.933265e-006  -9.681592e-007  -0.000000e+000  
-0.000000e+000  3.260374e-007  6.509310e-007  9.738820e-007  3.712686e-007  -0.000000e+000  -3.724170e-007  -9.751376e-007  -6.515939e-007  -3.268855e-007  -0.000000e+000  
-0.000000e+000  -3.246625e-007  -6.495797e-007  -9.741704e-007  -3.715234e-007  -0.000000e+000  3.715146e-007  9.742054e-007  6.501455e-007  3.260579e-007  -0.000000e+000  
-0.000000e+000  -9.676903e-007  -1.932680e-006  -2.891374e-006  -1.151138e-006  1.362668e-009  1.153405e-006  2.891743e-006  1.933335e-006  9.684802e-007  -0.000000e+000  
-0.000000e+000  -1.608011e-006  -3.209817e-006  -4.798618e-006  -2.166208e-006  -0.000000e+000  2.165919e-006  4.797327e-006  3.209384e-006  1.607127e-006  -0.000000e+000  
-0.000000e+000  -2.232620e-006  -4.579386e-006  -7.162890e-006  -4.204004e-006  -0.000000e+000  4.203843e-006  7.163301e-006  4.579426e-006  2.232956e-006  -0.000000e+000  
-0.000000e+000  3.525305e-008  1.296738e-007  3.394237e-007  2.250082e-006  -0.000000e+000  -2.250798e-006  -3.382001e-007  -1.295626e-007  -3.516271e-008  -0.000000e+000  
-0.000000e+000  6.220061e-007  1.409077e-006  2.683986e-006  3.205476e-007  -0.000000e+000  -3.255338e-007  -2.685413e-006  -1.405941e-006  -6.201310e-007  -0.000000e+000  
-0.000000e+000  6.597376e-007  1.361891e-006  2.087528e-006  1.016785e-006  -0.000000e+000  -1.016143e-006  -2.086967e-006  -1.363568e-006  -6.573681e-007  -0.000000e+000  
-0.000000e+000  6.505241e-007  1.294611e-006  1.857439e-006  1.337792e-006  -0.000000e+000  -1.335690e-006  -1.857940e-006  -1.290470e-006  -6.487511e-007  -0.000000e+000  
-0.000000e+000  -0.000000e+000  -0.000000e+000  -0.000000e+000  -0.000000e+000  -0.000000e+000  -0.000000e+000  -0.000000e+000  -0.000000e+000  -0.000000e+000  -0.000000e+000  

0.000000e+000  0.000000e+000  0.000000e+000  0.000000e+000  0.000000e+000  0.000000e+000  0.000000e+000  0.000000e+000  0.000000e+000  0.000000e+000  0.000000e+000  
0.000000e+000  0.000000e+000  0.000000e+000  0.000000e+000  0.000000e+000  0.000000e+000  0.000000e+000  0.000000e+000  0.000000e+000  0.000000e+000  0.000000e+000  
0.000000e+000  0.000000e+000  0.000000e+000  0.000000e+000  0.000000e+000  0.000000e+000  0.000000e+000  0.000000e+000  0.000000e+000  0.000000e+000  0.000000e+000  
0.000000e+000  0.000000e+000  0.000000e+000  0.000000e+000  0.000000e+000  0.000000e+000  0.000000e+000  0.000000e+000  0.000000e+000  0.000000e+000  0.000000e+000  
0.000000e+000  0.000000e+000  0.000000e+000  0.000000e+000  0.000000e+000  0.000000e+000  0.000000e+000  0.000000e+000  0.000000e+000  0.000000e+000  0.000000e+000  
0.000000e+000  0.000000e+000  0.000000e+000  0.000000e+000  0.000000e+000  0.000000e+000  0.000000e+000  0.000000e+000  0.000000e+000  0.000000e+000  0.000000e+000  
0.000000e+000  0.000000e+000  0.000000e+000  0.000000e+000  0.000000e+000  0.000000e+000  0.000000e+000  0.000000e+000  0.000000e+000  0.000000e+000  0.000000e+000  
0.000000e+000  0.000000e+000  0.000000e+000  0.000000e+000  0.000000e+000  0.000000e+000  0.000000e+000  0.000000e+000  0.000000e+000  0.000000e+000  0.000000e+000  
0.000000e+000  0.000000e+000  0.000000e+000  0.000000e+000  0.000000e+000  0.000000e+000  0.000000e+000  0.000000e+000  0.000000e+000  0.000000e+000  0.000000e+000  
0.000000e+000  0.000000e+000  0.000000e+000  0.000000e+000  0.000000e+000  0.000000e+000  0.000000e+000  0.000000e+000  0.000000e+000  0.000000e+000  0.000000e+000  
0.000000e+000  0.000000e+000  0.000000e+000  0.000000e+000  0.000000e+000  0.000000e+000  0.000000e+000  0.000000e+000  0.000000e+000  0.000000e+000  0.000000e+000  
0.000000e+000  0.000000e+000  0.000000e+000  0.000000e+000  0.000000e+000  0.000000e+000  0.000000e+000  0.000000e+000  0.000000e+000  0.000000e+000  0.000000e+000  
0.000000e+000  0.000000e+000  0.000000e+000  0.000000e+000  0.000000e+000  0.000000e+000  0.000000e+000  0.000000e+000  0.000000e+000  0.000000e+000  0.000000e+000  
0.000000e+000  0.000000e+000  0.000000e+000  0.000000e+000  0.000000e+000  0.000000e+000  0.000000e+000  0.000000e+000  0.000000e+000  0.000000e+000  0.000000e+000  
0.000000e+000  0.000000e+000  0.000000e+000  0.000000e+000  0.000000e+000  0.000000e+000  0.000000e+000  0.000000e+000  0.000000e+000  0.000000e+000  0.000000e+000  
0.000000e+000  0.000000e+000  0.000000e+000  0.000000e+000  0.000000e+000  0.000000e+000  0.000000e+000  0.000000e+000  0.000000e+000  0.000000e+000  0.000000e+000  
0.000000e+000  0.000000e+000  0.000000e+000  0.000000e+000  0.000000e+000  0.000000e+000  0.000000e+000  0.000000e+000  0.000000e+000  0.000000e+000  0.000000e+000  

0.000000e+000  0.000000e+000  0.000000e+000  0.000000e+000  0.000000e+000  0.000000e+000  0.000000e+000  0.000000e+000  0.000000e+000  0.000000e+000  0.000000e+000  
0.000000e+000  0.000000e+000  0.000000e+000  0.000000e+000  0.000000e+000  0.000000e+000  0.000000e+000  0.000000e+000  0.000000e+000  0.000000e+000  0.000000e+000  
0.000000e+000  0.000000e+000  0.000000e+000  0.000000e+000  0.000000e+000  0.000000e+000  0.000000e+000  0.000000e+000  0.000000e+000  0.000000e+000  0.000000e+000  
0.000000e+000  0.000000e+000  0.000000e+000  0.000000e+000  0.000000e+000  0.000000e+000  0.000000e+000  0.000000e+000  0.000000e+000  0.000000e+000  0.000000e+000  
0.000000e+000  0.000000e+000  0.000000e+000  0.000000e+000  0.000000e+000  0.000000e+000  0.000000e+000  0.000000e+000  0.000000e+000  0.000000e+000  0.000000e+000  
0.000000e+000  0.000000e+000  0.000000e+000  0.000000e+000  0.000000e+000  0.000000e+000  0.000000e+000  0.000000e+000  0.000000e+000  0.000000e+000  0.000000e+000  
0.000000e+000  0.000000e+000  0.000000e+000  0.000000e+000  0.000000e+000  0.000000e+000  0.000000e+000  0.000000e+000  0.000000e+000  0.000000e+000  0.000000e+000  
0.000000e+000  0.000000e+000  0.000000e+000  0.000000e+000  0.000000e+000  0.000000e+000  0.000000e+000  0.000000e+000  0.000000e+000  0.000000e+000  0.000000e+000  
0.000000e+000  0.000000e+000  0.000000e+000  0.000000e+000  0.000000e+000  0.000000e+000  0.000000e+000  0.000000e+000  0.000000e+000  0.000000e+000  0.000000e+000  
0.000000e+000  0.000000e+000  0.000000e+000  0.000000e+000  0.000000e+000  0.000000e+000  0.000000e+000  0.000000e+000  0.000000e+000  0.000000e+000  0.000000e+000  
0.000000e+000  0.000000e+000  0.000000e+000  0.000000e+000  0.000000e+000  0.000000e+000  0.000000e+000  0.000000e+000  0.000000e+000  0.000000e+000  0.000000e+000  
0.000000e+000  0.000000e+000  0.000000e+000  0.000000e+000  0.000000e+000  0.000000e+000  0.000000e+000  0.000000e+000  0.000000e+000  0.000000e+000  0.000000e+000  
0.000000e+000  0.000000e+000  0.000000e+000  0.000000e+000  0.000000e+000  0.000000e+000  0.000000e+000  0.000000e+000  0.000000e+000  0.000000e+000  0.000000e+000  
0.000000e+000  0.000000e+000  0.000000e+000  0.000000e+000  0.000000e+000  0.000000e+000  0.000000e+000  0.000000e+000  0.000000e+000  0.000000e+000  0.000000e+000  
0.000000e+000  0.000000e+000  0.000000e+000  0.000000e+000  0.000000e+000  0.000000e+000  0.000000e+000  0.000000e+000  0.000000e+000  0.000000e+000  0.000000e+000  
0.000000e+000  0.000000e+000  0.000000e+000  0.000000e+000  0.000000e+000  0.000000e+000  0.000000e+000  0.000000e+000  0.000000e+000  0.000000e+000  0.000000e+000  
0.000000e+000  0.000000e+000  0.000000e+000  0.000000e+000  0.000000e+000  0.000000e+000  0.000000e+000  0.000000e+000  0.000000e+000  0.000000e+000  0.000000e+000  

0.000000e+000  0.000000e+000  0.000000e+000  0.000000e+000  0.000000e+000  0.000000e+000  0.000000e+000  0.000000e+000  0.000000e+000  0.000000e+000  0.000000e+000  
0.000000e+000  0.000000e+000  0.000000e+000  0.000000e+000  0.000000e+000  0.000000e+000  0.000000e+000  0.000000e+000  0.000000e+000  0.000000e+000  0.000000e+000  
0.000000e+000  0.000000e+000  0.000000e+000  0.000000e+000  0.000000e+000  0.000000e+000  0.000000e+000  0.000000e+000  0.000000e+000  0.000000e+000  0.000000e+000  
0.000000e+000  0.000000e+000  0.000000e+000  0.000000e+000  0.000000e+000  0.000000e+000  0.000000e+000  0.000000e+000  0.000000e+000  0.000000e+000  0.000000e+000  
0.000000e+000  0.000000e+000  0.000000e+000  0.000000e+000  0.000000e+000  0.000000e+000  0.000000e+000  0.000000e+000  0.000000e+000  0.000000e+000  0.000000e+000  
0.000000e+000  0.000000e+000  0.000000e+000  0.000000e+000  0.000000e+000  0.000000e+000  0.000000e+000  0.000000e+000  0.000000e+000  0.000000e+000  0.000000e+000  
0.000000e+000  0.000000e+000  0.000000e+000  0.000000e+000  0.000000e+000  0.000000e+000  0.000000e+000  0.000000e+000  0.000000e+000  0.000000e+000  0.000000e+000  
0.000000e+000  0.000000e+000  0.000000e+000  0.000000e+000  0.000000e+000  0.000000e+000  0.000000e+000  0.000000e+000  0.000000e+000  0.000000e+000  0.000000e+000  
0.000000e+000  0.000000e+000  0.000000e+000  0.000000e+000  0.000000e+000  0.000000e+000  0.000000e+000  0.000000e+000  0.000000e+000  0.000000e+000  0.000000e+000  
0.000000e+000  0.000000e+000  0.000000e+000  0.000000e+000  0.000000e+000  0.000000e+000  0.000000e+000  0.000000e+000  0.000000e+000  0.000000e+000  0.000000e+000  
0.000000e+000  0.000000e+000  0.000000e+000  0.000000e+000  0.000000e+000  0.000000e+000  0.000000e+000  0.000000e+000  0.000000e+000  0.000000e+000  0.000000e+000  
0.000000e+000  0.000000e+000  0.000000e+000  0.000000e+000  0.000000e+000  0.000000e+000  0.000000e+000  0.000000e+000  0.000000e+000  0.000000e+000  0.000000e+000  
0.000000e+000  0.000000e+000  0.000000e+000  0.000000e+000  0.000000e+000  0.000000e+000  0.000000e+000  0.000000e+000  0.000000e+000  0.000000e+000  0.000000e+000  
0.000000e+000  0.000000e+000  0.000000e+000  0.000000e+000  0.000000e+000  0.000000e+000  0.000000e+000  0.000000e+000  0.000000e+000  0.000000e+000  0.000000e+000  
0.000000e+000  0.000000e+000  0.000000e+000  0.000000e+000  0.000000e+000  0.000000e+000  0.000000e+000  0.000000e+000  0.000000e+000  0.000000e+000  0.000000e+000  
0.000000e+000  0.000000e+000  0.000000e+000  0.000000e+000  0.000000e+000  0.000000e+000  0.000000e+000  0.000000e+000  0.000000e+000  0.000000e+000  0.000000e+000  
0.000000e+000  0.000000e+000  0.000000e+000  0.000000e+000  0.000000e+000  0.000000e+000  0.000000e+000  0.000000e+000  0.000000e+000  0.000000e+000  0.000000e+000  

-0.000000e+000  -0.000000e+000  -0.000000e+000  -0.000000e+000  -0.000000e+000  -0.000000e+000  -0.000000e+000  -0.000000e+000  -0.000000e+000  -0.000000e+000  -0.000000e+000  
-0.000000e+000  6.718155e-009  -1.349150e-007  -8.828880e-008  -2.463210e-007  -2.715290e-009  1.451600e-007  6.272038e-008  5.536590e-008  -1.709558e-008  -0.000000e+000  
-0.000000e+000  -7.506262e-008  -1.480250e-007  -2.531257e-007  -4.743394e-007  -0.000000e+000  5.008177e-007  2.076738e-007  -6.742383e-008  1.992358e-007  -0.000000e+000  
-0.000000e+000  -3.711793e-008  -1.866136e-007  -2.189941e-007  -7.490167e-007  -9.816839e-010  7.441442e-007  2.532986e-007  1.832485e-007  6.854796e-008  -0.000000e+000  
-0.000000e+000  -1.205957e-007  -2.495165e-007  -3.887479e-007  -1.229911e-006  2.840450e-009  1.235224e-006  3.434951e-007  3.540417e-007  1.721781e-007  -0.000000e+000  
-0.000000e+000  -6.888354e-007  -1.226759e-006  -1.823693e-006  -4.262258e-006  1.289083e-008  4.254656e-006  1.846796e-006  1.209156e-006  6.329388e-007  -0.000000e+000  
-0.000000e+000  -8.526728e-007  -1.760838e-006  -2.684320e-006  -5.945483e-006  8.279753e-009  5.946030e-006  2.671298e-006  1.791799e-006  8.723634e-007  -0.000000e+000  
-0.000000e+000  -1.003505e-006  -2.049042e-006  -3.143291e-006  -6.895561e-006  -5.323338e-009  6.897964e-006  3.120796e-006  2.105336e-006  1.024582e-006  -0.000000e+000  
-0.000000e+000  -1.138735e-006  -2.160671e-006  -3.272819e-006  -7.203307e-006  -0.000000e+000  7.199669e-006  3.260759e-006  2.207254e-006  1.086262e-006  -0.000000e+000  
-0.000000e+000  -1.003202e-006  -2.102379e-006  -3.126771e-006  -6.900085e-006  -3.184909e-009  6.882784e-006  3.119964e-006  2.096561e-006  1.003647e-006  -0.000000e+000  
-0.000000e+000  -9.613624e-007  -1.763993e-006  -2.649991e-006  -5.956787e-006  4.882381e-009  5.952022e-006  2.705567e-006  1.729089e-006  8.632356e-007  -0.000000e+000  
-0.000000e+000  -6.102660e-007  -1.179013e-006  -1.861060e-006  -4.270693e-006  6.217421e-009  4.262542e-006  1.852041e-006  1.171912e-006  6.043549e-007  -0.000000e+000  
-0.000000e+000  -6.187367e-008  -3.123121e-007  -4.002372e-007  -1.220559e-006  1.994328e-009  1.230502e-006  3.565416e-007  3.256450e-007  1.640149e-007  -0.000000e+000  
-0.000000e+000  -1.401874e-007  -1.277162e-007  -2.334862e-007  -7.338742e-007  -0.000000e+000  7.685592e-007  2.274648e-007  1.590521e-007  9.149910e-008  -0.000000e+000  
-0.000000e+000  -8.419818e-008  -6.101222e-008  -1.744411e-007  -5.182305e-007  -4.651746e-009  4.256288e-007  1.750102e-007  9.430567e-008  1.370665e-007  -0.000000e+000  
-0.000000e+000  -1.128050e-008  -1.574779e-007  -1.156237e-007  -2.548065e-007  -5.056307e-009  2.320540e-007  1.647565e-007  1.112492e-007  1.683482e-008  -0.000000e+000  
-0.000000e+000  -0.000000e+000  -0.000000e+000  -0.000000e+000  -0.000000e+000  -0.000000e+000  -0.000000e+000  -0.000000e+000  -0.000000e+000  -0.000000e+000  -0.000000e+000  

