Port monitor named: Port1_e1[2.2].prt

nx        = 58
ny        = 15
nz        = 21

nu        = 11
nv        = 17
iu        = 3
iv        = 3

idir      = 0
dcut      = 1.143000e-002
icut      = 1
type      = 0
frequency = 2.200000e+009

fcutoff   = 1.572071e+009
alpha     = 0.000000e+000
beta      = 3.224772e+001
accuracy  = 1.751648e-010

type          = TE
wave imp.     = 5.386583e+002
wave imp.sig. = 9.229761e-006
line imp.     = 0.000000e+000

ref. port     = 0

-0.000000e+000  -0.000000e+000  -0.000000e+000  -0.000000e+000  -0.000000e+000  -0.000000e+000  -0.000000e+000  -0.000000e+000  -0.000000e+000  -0.000000e+000  -0.000000e+000  
3.135596e+001  3.135596e+001  3.135596e+001  3.135596e+001  3.135595e+001  3.135595e+001  3.135596e+001  3.135596e+001  3.135596e+001  3.135596e+001  -0.000000e+000  
6.260663e+001  6.260663e+001  6.260663e+001  6.260663e+001  6.260663e+001  6.260663e+001  6.260663e+001  6.260663e+001  6.260663e+001  6.260663e+001  -0.000000e+000  
9.364710e+001  9.364710e+001  9.364710e+001  9.364710e+001  9.364709e+001  9.364709e+001  9.364710e+001  9.364710e+001  9.364710e+001  9.364710e+001  -0.000000e+000  
2.287967e+002  2.287967e+002  2.287967e+002  2.287967e+002  2.287967e+002  2.287967e+002  2.287967e+002  2.287967e+002  2.287967e+002  2.287967e+002  -0.000000e+000  
3.589340e+002  3.589340e+002  3.589340e+002  3.589340e+002  3.589340e+002  3.589340e+002  3.589340e+002  3.589340e+002  3.589340e+002  3.589340e+002  -0.000000e+000  
4.601782e+002  4.601782e+002  4.601782e+002  4.601782e+002  4.601782e+002  4.601782e+002  4.601782e+002  4.601782e+002  4.601782e+002  4.601782e+002  -0.000000e+000  
5.243796e+002  5.243796e+002  5.243796e+002  5.243796e+002  5.243796e+002  5.243796e+002  5.243796e+002  5.243796e+002  5.243796e+002  5.243796e+002  -0.000000e+000  
5.463702e+002  5.463702e+002  5.463702e+002  5.463702e+002  5.463701e+002  5.463701e+002  5.463702e+002  5.463702e+002  5.463702e+002  5.463702e+002  -0.000000e+000  
5.243796e+002  5.243796e+002  5.243796e+002  5.243796e+002  5.243796e+002  5.243796e+002  5.243796e+002  5.243796e+002  5.243796e+002  5.243796e+002  -0.000000e+000  
4.601782e+002  4.601782e+002  4.601782e+002  4.601782e+002  4.601782e+002  4.601782e+002  4.601782e+002  4.601782e+002  4.601782e+002  4.601782e+002  -0.000000e+000  
3.589340e+002  3.589340e+002  3.589340e+002  3.589340e+002  3.589340e+002  3.589340e+002  3.589340e+002  3.589340e+002  3.589340e+002  3.589340e+002  -0.000000e+000  
2.287967e+002  2.287967e+002  2.287967e+002  2.287967e+002  2.287967e+002  2.287967e+002  2.287967e+002  2.287967e+002  2.287967e+002  2.287967e+002  -0.000000e+000  
9.364710e+001  9.364710e+001  9.364710e+001  9.364710e+001  9.364709e+001  9.364709e+001  9.364710e+001  9.364710e+001  9.364710e+001  9.364710e+001  -0.000000e+000  
6.260663e+001  6.260663e+001  6.260663e+001  6.260663e+001  6.260663e+001  6.260663e+001  6.260663e+001  6.260663e+001  6.260663e+001  6.260663e+001  -0.000000e+000  
3.135596e+001  3.135596e+001  3.135596e+001  3.135596e+001  3.135595e+001  3.135595e+001  3.135596e+001  3.135596e+001  3.135596e+001  3.135596e+001  -0.000000e+000  
-0.000000e+000  -0.000000e+000  -0.000000e+000  -0.000000e+000  -0.000000e+000  -0.000000e+000  -0.000000e+000  -0.000000e+000  -0.000000e+000  -0.000000e+000  -0.000000e+000  

-0.000000e+000  -6.495560e-007  -1.293893e-006  -1.859582e-006  -1.337740e-006  -0.000000e+000  1.333792e-006  1.857662e-006  1.290906e-006  6.518193e-007  -0.000000e+000  
-0.000000e+000  -6.583895e-007  -1.361719e-006  -2.091365e-006  -1.017395e-006  -0.000000e+000  1.019207e-006  2.090734e-006  1.365884e-006  6.617634e-007  -0.000000e+000  
-0.000000e+000  -6.169979e-007  -1.409365e-006  -2.682391e-006  -3.237508e-007  -0.000000e+000  3.238212e-007  2.687704e-006  1.411873e-006  6.219915e-007  -0.000000e+000  
-0.000000e+000  -3.531452e-008  -1.290041e-007  -3.390439e-007  -2.251062e-006  -0.000000e+000  2.251442e-006  3.392314e-007  1.306250e-007  3.663654e-008  -0.000000e+000  
-0.000000e+000  2.232959e-006  4.579066e-006  7.162897e-006  4.203126e-006  -0.000000e+000  -4.203562e-006  -7.163075e-006  -4.578735e-006  -2.232874e-006  -0.000000e+000  
-0.000000e+000  1.607215e-006  3.209518e-006  4.798227e-006  2.165753e-006  -0.000000e+000  -2.165848e-006  -4.797949e-006  -3.209332e-006  -1.606795e-006  -0.000000e+000  
-0.000000e+000  9.678565e-007  1.932772e-006  2.891458e-006  1.152133e-006  -0.000000e+000  -1.152679e-006  -2.891671e-006  -1.933322e-006  -9.681875e-007  -0.000000e+000  
-0.000000e+000  3.260469e-007  6.509501e-007  9.739106e-007  3.712797e-007  -0.000000e+000  -3.724277e-007  -9.751661e-007  -6.516129e-007  -3.268950e-007  -0.000000e+000  
-0.000000e+000  -3.246720e-007  -6.495988e-007  -9.741989e-007  -3.715342e-007  -0.000000e+000  3.715256e-007  9.742341e-007  6.501646e-007  3.260674e-007  -0.000000e+000  
-0.000000e+000  -9.677186e-007  -1.932737e-006  -2.891459e-006  -1.151172e-006  1.362568e-009  1.153438e-006  2.891828e-006  1.933391e-006  9.685085e-007  -0.000000e+000  
-0.000000e+000  -1.608058e-006  -3.209911e-006  -4.798758e-006  -2.166272e-006  -0.000000e+000  2.165982e-006  4.797467e-006  3.209478e-006  1.607174e-006  -0.000000e+000  
-0.000000e+000  -2.232686e-006  -4.579520e-006  -7.163099e-006  -4.204128e-006  -0.000000e+000  4.203965e-006  7.163511e-006  4.579560e-006  2.233021e-006  -0.000000e+000  
-0.000000e+000  3.525415e-008  1.296776e-007  3.394335e-007  2.250148e-006  -0.000000e+000  -2.250864e-006  -3.382102e-007  -1.295664e-007  -3.516380e-008  -0.000000e+000  
-0.000000e+000  6.220239e-007  1.409119e-006  2.684064e-006  3.205571e-007  -0.000000e+000  -3.255435e-007  -2.685492e-006  -1.405982e-006  -6.201495e-007  -0.000000e+000  
-0.000000e+000  6.597570e-007  1.361931e-006  2.087589e-006  1.016814e-006  -0.000000e+000  -1.016173e-006  -2.087028e-006  -1.363607e-006  -6.573877e-007  -0.000000e+000  
-0.000000e+000  6.505433e-007  1.294649e-006  1.857493e-006  1.337831e-006  -0.000000e+000  -1.335730e-006  -1.857994e-006  -1.290508e-006  -6.487701e-007  -0.000000e+000  
-0.000000e+000  -0.000000e+000  -0.000000e+000  -0.000000e+000  -0.000000e+000  -0.000000e+000  -0.000000e+000  -0.000000e+000  -0.000000e+000  -0.000000e+000  -0.000000e+000  

0.000000e+000  0.000000e+000  0.000000e+000  0.000000e+000  0.000000e+000  0.000000e+000  0.000000e+000  0.000000e+000  0.000000e+000  0.000000e+000  0.000000e+000  
0.000000e+000  0.000000e+000  0.000000e+000  0.000000e+000  0.000000e+000  0.000000e+000  0.000000e+000  0.000000e+000  0.000000e+000  0.000000e+000  0.000000e+000  
0.000000e+000  0.000000e+000  0.000000e+000  0.000000e+000  0.000000e+000  0.000000e+000  0.000000e+000  0.000000e+000  0.000000e+000  0.000000e+000  0.000000e+000  
0.000000e+000  0.000000e+000  0.000000e+000  0.000000e+000  0.000000e+000  0.000000e+000  0.000000e+000  0.000000e+000  0.000000e+000  0.000000e+000  0.000000e+000  
0.000000e+000  0.000000e+000  0.000000e+000  0.000000e+000  0.000000e+000  0.000000e+000  0.000000e+000  0.000000e+000  0.000000e+000  0.000000e+000  0.000000e+000  
0.000000e+000  0.000000e+000  0.000000e+000  0.000000e+000  0.000000e+000  0.000000e+000  0.000000e+000  0.000000e+000  0.000000e+000  0.000000e+000  0.000000e+000  
0.000000e+000  0.000000e+000  0.000000e+000  0.000000e+000  0.000000e+000  0.000000e+000  0.000000e+000  0.000000e+000  0.000000e+000  0.000000e+000  0.000000e+000  
0.000000e+000  0.000000e+000  0.000000e+000  0.000000e+000  0.000000e+000  0.000000e+000  0.000000e+000  0.000000e+000  0.000000e+000  0.000000e+000  0.000000e+000  
0.000000e+000  0.000000e+000  0.000000e+000  0.000000e+000  0.000000e+000  0.000000e+000  0.000000e+000  0.000000e+000  0.000000e+000  0.000000e+000  0.000000e+000  
0.000000e+000  0.000000e+000  0.000000e+000  0.000000e+000  0.000000e+000  0.000000e+000  0.000000e+000  0.000000e+000  0.000000e+000  0.000000e+000  0.000000e+000  
0.000000e+000  0.000000e+000  0.000000e+000  0.000000e+000  0.000000e+000  0.000000e+000  0.000000e+000  0.000000e+000  0.000000e+000  0.000000e+000  0.000000e+000  
0.000000e+000  0.000000e+000  0.000000e+000  0.000000e+000  0.000000e+000  0.000000e+000  0.000000e+000  0.000000e+000  0.000000e+000  0.000000e+000  0.000000e+000  
0.000000e+000  0.000000e+000  0.000000e+000  0.000000e+000  0.000000e+000  0.000000e+000  0.000000e+000  0.000000e+000  0.000000e+000  0.000000e+000  0.000000e+000  
0.000000e+000  0.000000e+000  0.000000e+000  0.000000e+000  0.000000e+000  0.000000e+000  0.000000e+000  0.000000e+000  0.000000e+000  0.000000e+000  0.000000e+000  
0.000000e+000  0.000000e+000  0.000000e+000  0.000000e+000  0.000000e+000  0.000000e+000  0.000000e+000  0.000000e+000  0.000000e+000  0.000000e+000  0.000000e+000  
0.000000e+000  0.000000e+000  0.000000e+000  0.000000e+000  0.000000e+000  0.000000e+000  0.000000e+000  0.000000e+000  0.000000e+000  0.000000e+000  0.000000e+000  
0.000000e+000  0.000000e+000  0.000000e+000  0.000000e+000  0.000000e+000  0.000000e+000  0.000000e+000  0.000000e+000  0.000000e+000  0.000000e+000  0.000000e+000  

0.000000e+000  0.000000e+000  0.000000e+000  0.000000e+000  0.000000e+000  0.000000e+000  0.000000e+000  0.000000e+000  0.000000e+000  0.000000e+000  0.000000e+000  
0.000000e+000  0.000000e+000  0.000000e+000  0.000000e+000  0.000000e+000  0.000000e+000  0.000000e+000  0.000000e+000  0.000000e+000  0.000000e+000  0.000000e+000  
0.000000e+000  0.000000e+000  0.000000e+000  0.000000e+000  0.000000e+000  0.000000e+000  0.000000e+000  0.000000e+000  0.000000e+000  0.000000e+000  0.000000e+000  
0.000000e+000  0.000000e+000  0.000000e+000  0.000000e+000  0.000000e+000  0.000000e+000  0.000000e+000  0.000000e+000  0.000000e+000  0.000000e+000  0.000000e+000  
0.000000e+000  0.000000e+000  0.000000e+000  0.000000e+000  0.000000e+000  0.000000e+000  0.000000e+000  0.000000e+000  0.000000e+000  0.000000e+000  0.000000e+000  
0.000000e+000  0.000000e+000  0.000000e+000  0.000000e+000  0.000000e+000  0.000000e+000  0.000000e+000  0.000000e+000  0.000000e+000  0.000000e+000  0.000000e+000  
0.000000e+000  0.000000e+000  0.000000e+000  0.000000e+000  0.000000e+000  0.000000e+000  0.000000e+000  0.000000e+000  0.000000e+000  0.000000e+000  0.000000e+000  
0.000000e+000  0.000000e+000  0.000000e+000  0.000000e+000  0.000000e+000  0.000000e+000  0.000000e+000  0.000000e+000  0.000000e+000  0.000000e+000  0.000000e+000  
0.000000e+000  0.000000e+000  0.000000e+000  0.000000e+000  0.000000e+000  0.000000e+000  0.000000e+000  0.000000e+000  0.000000e+000  0.000000e+000  0.000000e+000  
0.000000e+000  0.000000e+000  0.000000e+000  0.000000e+000  0.000000e+000  0.000000e+000  0.000000e+000  0.000000e+000  0.000000e+000  0.000000e+000  0.000000e+000  
0.000000e+000  0.000000e+000  0.000000e+000  0.000000e+000  0.000000e+000  0.000000e+000  0.000000e+000  0.000000e+000  0.000000e+000  0.000000e+000  0.000000e+000  
0.000000e+000  0.000000e+000  0.000000e+000  0.000000e+000  0.000000e+000  0.000000e+000  0.000000e+000  0.000000e+000  0.000000e+000  0.000000e+000  0.000000e+000  
0.000000e+000  0.000000e+000  0.000000e+000  0.000000e+000  0.000000e+000  0.000000e+000  0.000000e+000  0.000000e+000  0.000000e+000  0.000000e+000  0.000000e+000  
0.000000e+000  0.000000e+000  0.000000e+000  0.000000e+000  0.000000e+000  0.000000e+000  0.000000e+000  0.000000e+000  0.000000e+000  0.000000e+000  0.000000e+000  
0.000000e+000  0.000000e+000  0.000000e+000  0.000000e+000  0.000000e+000  0.000000e+000  0.000000e+000  0.000000e+000  0.000000e+000  0.000000e+000  0.000000e+000  
0.000000e+000  0.000000e+000  0.000000e+000  0.000000e+000  0.000000e+000  0.000000e+000  0.000000e+000  0.000000e+000  0.000000e+000  0.000000e+000  0.000000e+000  
0.000000e+000  0.000000e+000  0.000000e+000  0.000000e+000  0.000000e+000  0.000000e+000  0.000000e+000  0.000000e+000  0.000000e+000  0.000000e+000  0.000000e+000  

0.000000e+000  0.000000e+000  0.000000e+000  0.000000e+000  0.000000e+000  0.000000e+000  0.000000e+000  0.000000e+000  0.000000e+000  0.000000e+000  0.000000e+000  
0.000000e+000  0.000000e+000  0.000000e+000  0.000000e+000  0.000000e+000  0.000000e+000  0.000000e+000  0.000000e+000  0.000000e+000  0.000000e+000  0.000000e+000  
0.000000e+000  0.000000e+000  0.000000e+000  0.000000e+000  0.000000e+000  0.000000e+000  0.000000e+000  0.000000e+000  0.000000e+000  0.000000e+000  0.000000e+000  
0.000000e+000  0.000000e+000  0.000000e+000  0.000000e+000  0.000000e+000  0.000000e+000  0.000000e+000  0.000000e+000  0.000000e+000  0.000000e+000  0.000000e+000  
0.000000e+000  0.000000e+000  0.000000e+000  0.000000e+000  0.000000e+000  0.000000e+000  0.000000e+000  0.000000e+000  0.000000e+000  0.000000e+000  0.000000e+000  
0.000000e+000  0.000000e+000  0.000000e+000  0.000000e+000  0.000000e+000  0.000000e+000  0.000000e+000  0.000000e+000  0.000000e+000  0.000000e+000  0.000000e+000  
0.000000e+000  0.000000e+000  0.000000e+000  0.000000e+000  0.000000e+000  0.000000e+000  0.000000e+000  0.000000e+000  0.000000e+000  0.000000e+000  0.000000e+000  
0.000000e+000  0.000000e+000  0.000000e+000  0.000000e+000  0.000000e+000  0.000000e+000  0.000000e+000  0.000000e+000  0.000000e+000  0.000000e+000  0.000000e+000  
0.000000e+000  0.000000e+000  0.000000e+000  0.000000e+000  0.000000e+000  0.000000e+000  0.000000e+000  0.000000e+000  0.000000e+000  0.000000e+000  0.000000e+000  
0.000000e+000  0.000000e+000  0.000000e+000  0.000000e+000  0.000000e+000  0.000000e+000  0.000000e+000  0.000000e+000  0.000000e+000  0.000000e+000  0.000000e+000  
0.000000e+000  0.000000e+000  0.000000e+000  0.000000e+000  0.000000e+000  0.000000e+000  0.000000e+000  0.000000e+000  0.000000e+000  0.000000e+000  0.000000e+000  
0.000000e+000  0.000000e+000  0.000000e+000  0.000000e+000  0.000000e+000  0.000000e+000  0.000000e+000  0.000000e+000  0.000000e+000  0.000000e+000  0.000000e+000  
0.000000e+000  0.000000e+000  0.000000e+000  0.000000e+000  0.000000e+000  0.000000e+000  0.000000e+000  0.000000e+000  0.000000e+000  0.000000e+000  0.000000e+000  
0.000000e+000  0.000000e+000  0.000000e+000  0.000000e+000  0.000000e+000  0.000000e+000  0.000000e+000  0.000000e+000  0.000000e+000  0.000000e+000  0.000000e+000  
0.000000e+000  0.000000e+000  0.000000e+000  0.000000e+000  0.000000e+000  0.000000e+000  0.000000e+000  0.000000e+000  0.000000e+000  0.000000e+000  0.000000e+000  
0.000000e+000  0.000000e+000  0.000000e+000  0.000000e+000  0.000000e+000  0.000000e+000  0.000000e+000  0.000000e+000  0.000000e+000  0.000000e+000  0.000000e+000  
0.000000e+000  0.000000e+000  0.000000e+000  0.000000e+000  0.000000e+000  0.000000e+000  0.000000e+000  0.000000e+000  0.000000e+000  0.000000e+000  0.000000e+000  

-0.000000e+000  -0.000000e+000  -0.000000e+000  -0.000000e+000  -0.000000e+000  -0.000000e+000  -0.000000e+000  -0.000000e+000  -0.000000e+000  -0.000000e+000  -0.000000e+000  
-0.000000e+000  6.732699e-009  -1.349187e-007  -8.828596e-008  -2.463174e-007  -2.715247e-009  1.451515e-007  6.271229e-008  5.537636e-008  -1.710149e-008  -0.000000e+000  
-0.000000e+000  -7.506494e-008  -1.480199e-007  -2.531140e-007  -4.743232e-007  -0.000000e+000  5.008030e-007  2.076654e-007  -6.743250e-008  1.992299e-007  -0.000000e+000  
-0.000000e+000  -3.712095e-008  -1.866091e-007  -2.189866e-007  -7.489949e-007  -9.813386e-010  7.441220e-007  2.532923e-007  1.832489e-007  6.854213e-008  -0.000000e+000  
-0.000000e+000  -1.205914e-007  -2.495053e-007  -3.887361e-007  -1.229874e-006  2.841153e-009  1.235188e-006  3.434822e-007  3.540340e-007  1.721742e-007  -0.000000e+000  
-0.000000e+000  -6.888162e-007  -1.226719e-006  -1.823637e-006  -4.262133e-006  1.289105e-008  4.254530e-006  1.846742e-006  1.209122e-006  6.329226e-007  -0.000000e+000  
-0.000000e+000  -8.526529e-007  -1.760783e-006  -2.684242e-006  -5.945308e-006  8.280238e-009  5.945856e-006  2.671215e-006  1.791755e-006  8.723315e-007  -0.000000e+000  
-0.000000e+000  -1.003481e-006  -2.048975e-006  -3.143198e-006  -6.895360e-006  -5.323649e-009  6.897762e-006  3.120700e-006  2.105271e-006  1.024555e-006  -0.000000e+000  
-0.000000e+000  -1.138700e-006  -2.160607e-006  -3.272727e-006  -7.203094e-006  -0.000000e+000  7.199458e-006  3.260663e-006  2.207181e-006  1.086230e-006  -0.000000e+000  
-0.000000e+000  -1.003175e-006  -2.102320e-006  -3.126674e-006  -6.899883e-006  -3.184736e-009  6.882585e-006  3.119869e-006  2.096506e-006  1.003621e-006  -0.000000e+000  
-0.000000e+000  -9.613268e-007  -1.763953e-006  -2.649909e-006  -5.956614e-006  4.882309e-009  5.951847e-006  2.705488e-006  1.729039e-006  8.632115e-007  -0.000000e+000  
-0.000000e+000  -6.102545e-007  -1.178982e-006  -1.861001e-006  -4.270569e-006  6.216711e-009  4.262420e-006  1.851985e-006  1.171872e-006  6.043411e-007  -0.000000e+000  
-0.000000e+000  -6.187573e-008  -3.123087e-007  -4.002259e-007  -1.220522e-006  1.993550e-009  1.230467e-006  3.565335e-007  3.256284e-007  1.640171e-007  -0.000000e+000  
-0.000000e+000  -1.401902e-007  -1.277127e-007  -2.334772e-007  -7.338532e-007  -0.000000e+000  7.685391e-007  2.274582e-007  1.590480e-007  9.149913e-008  -0.000000e+000  
-0.000000e+000  -8.419992e-008  -6.100400e-008  -1.744341e-007  -5.182157e-007  -4.651884e-009  4.256099e-007  1.750056e-007  9.429425e-008  1.370689e-007  -0.000000e+000  
-0.000000e+000  -1.127460e-008  -1.574813e-007  -1.156189e-007  -2.547978e-007  -5.056648e-009  2.320481e-007  1.647493e-007  1.112464e-007  1.683218e-008  -0.000000e+000  
-0.000000e+000  -0.000000e+000  -0.000000e+000  -0.000000e+000  -0.000000e+000  -0.000000e+000  -0.000000e+000  -0.000000e+000  -0.000000e+000  -0.000000e+000  -0.000000e+000  

